[meta]
{"program": "genprog-3.0", "problem": {"type": "repair", "name": "uniq", "enclosure": {"1": 0, "2": 0, "3": 0, "4": 0, "5": 0, "6": 5, "7": 6, "9": 5, "10": 9, "11": 9, "12": 11, "13": 11, "14": 9, "15": 9, "17": 9, "18": 5, "19": 18, "20": 18, "21": 18, "23": 18, "24": 5, "25": 5, "26": 25, "27": 25, "29": 0, "30": 29, "31": 29, "32": 31, "33": 31, "34": 29, "35": 0, "36": 0, "37": 36, "38": 36, "39": 0, "40": 39, "41": 39, "42": 39, "43": 42, "44": 42, "45": 42, "46": 39, "47": 39, "48": 47, "49": 47, "50": 47, "51": 47, "52": 51, "53": 51, "54": 51, "55": 54, "56": 54, "57": 54, "58": 51, "59": 51, "60": 59, "62": 47, "63": 47, "64": 0, "65": 64, "66": 64, "67": 66, "69": 64, "70": 69, "71": 69, "72": 64, "73": 64, "74": 64, "75": 0, "76": 0, "78": 0, "79": 78, "80": 78, "81": 78, "83": 0, "85": 83, "86": 0, "87": 0, "88": 0, "89": 0, "90": 0, "91": 0, "92": 0, "93": 0, "94": 0, "95": 94, "96": 94, "97": 94, "98": 94, "99": 98, "101": 94, "102": 94, "103": 94, "104": 103, "105": 103, "106": 0, "107": 106, "108": 106, "109": 0, "110": 0, "111": 0, "112": 0, "113": 0, "114": 113, "115": 113, "116": 113, "117": 116, "119": 113, "120": 119, "121": 120, "122": 120, "123": 122, "125": 119, "126": 113, "127": 126, "129": 127, "131": 129, "133": 131, "134": 126, "135": 0, "136": 135, "137": 135, "138": 135, "139": 138, "140": 139, "143": 135, "144": 0, "145": 0, "146": 0}}, "version": "0.0.2", "seed": 11, "algorithm": {"representation": "patch", "type": "genetic", "name": "ALGORITHM-NAME"}}

[data]
{"generation": 0, "position": 0, "parents": [], "genome": "a(34,41)", "fitness": 5.0}
{"generation": 0, "position": 1, "parents": [], "genome": "a(72,49)", "fitness": 5.0}
{"generation": 0, "position": 2, "parents": [], "genome": "r(34,42)", "fitness": 15.0}
{"generation": 0, "position": 3, "parents": [], "genome": "d(73)", "fitness": 15.0}
{"generation": 0, "position": 4, "parents": [], "genome": "r(34,52)", "fitness": 5.0}
{"generation": 0, "position": 5, "parents": [], "genome": "d(74)", "fitness": 15.0}
{"generation": 0, "position": 6, "parents": [], "genome": "r(69,76)", "fitness": 0.0}
{"generation": 0, "position": 7, "parents": [], "genome": "d(74)", "fitness": 15.0}
{"generation": 0, "position": 8, "parents": [], "genome": "r(65,43)", "fitness": 0.0}
{"generation": 0, "position": 9, "parents": [], "genome": "a(67,69)", "fitness": 5.0}
{"generation": 0, "position": 10, "parents": [], "genome": "d(74)", "fitness": 15.0}
{"generation": 0, "position": 11, "parents": [], "genome": "a(6,63)", "fitness": 5.0}
{"generation": 0, "position": 12, "parents": [], "genome": "r(71,88)", "fitness": 5.0}
{"generation": 0, "position": 13, "parents": [], "genome": "r(69,104)", "fitness": 0.0}
{"generation": 0, "position": 14, "parents": [], "genome": "a(69,88)", "fitness": 5.0}
{"generation": 0, "position": 15, "parents": [], "genome": "a(34,38)", "fitness": 5.0}
{"generation": 0, "position": 16, "parents": [], "genome": "a(73,43)", "fitness": 5.0}
{"generation": 0, "position": 17, "parents": [], "genome": "r(71,105)", "fitness": 5.0}
{"generation": 0, "position": 18, "parents": [], "genome": "d(5)", "fitness": 5.0}
{"generation": 0, "position": 19, "parents": [], "genome": "d(67)", "fitness": 5.0}
{"generation": 0, "position": 20, "parents": [], "genome": "r(35,41)", "fitness": 5.0}
{"generation": 0, "position": 21, "parents": [], "genome": "d(74)", "fitness": 15.0}
{"generation": 0, "position": 22, "parents": [], "genome": "d(65)", "fitness": 0.0}
{"generation": 0, "position": 23, "parents": [], "genome": "a(69,74)", "fitness": 1.0}
{"generation": 0, "position": 24, "parents": [], "genome": "r(74,72)", "fitness": 15.0}
{"generation": 0, "position": 25, "parents": [], "genome": "r(6,91)", "fitness": 15.0}
{"generation": 0, "position": 26, "parents": [], "genome": "a(29,45)", "fitness": 5.0}
{"generation": 0, "position": 27, "parents": [], "genome": "d(6)", "fitness": 0.0}
{"generation": 0, "position": 28, "parents": [], "genome": "r(71,75)", "fitness": 5.0}
{"generation": 0, "position": 29, "parents": [], "genome": "a(65,72)", "fitness": 5.0}
{"generation": 0, "position": 30, "parents": [], "genome": "d(71)", "fitness": 5.0}
{"generation": 0, "position": 31, "parents": [], "genome": "d(65)", "fitness": 0.0}
{"generation": 0, "position": 32, "parents": [], "genome": "d(34)", "fitness": 5.0}
{"generation": 0, "position": 33, "parents": [], "genome": "a(66,104)", "fitness": 0.0}
{"generation": 0, "position": 34, "parents": [], "genome": "a(6,55)", "fitness": 5.0}
{"generation": 0, "position": 35, "parents": [], "genome": "a(72,73)", "fitness": 4.0}
{"generation": 0, "position": 36, "parents": [], "genome": "d(72)", "fitness": 15.0}
{"generation": 0, "position": 37, "parents": [], "genome": "d(69)", "fitness": 0.0}
{"generation": 0, "position": 38, "parents": [], "genome": "a(5,67)", "fitness": 5.0}
{"generation": 0, "position": 39, "parents": [], "genome": "original", "fitness": 5.0}
{"generation": 1, "position": 0, "parents": [12, 23], "genome": "r(71,88) d(65)", "fitness": 0.0}
{"generation": 1, "position": 1, "parents": [12, 23], "genome": "a(69,74) d(73)", "fitness": 11.0}
{"generation": 1, "position": 2, "parents": [12], "genome": "r(71,88) a(6,50)", "fitness": 5.0}
{"generation": 1, "position": 3, "parents": [23], "genome": "a(69,74) r(65,88)", "fitness": 0.0}
{"generation": 1, "position": 4, "parents": [18, 31], "genome": "d(5) r(29,37)", "fitness": 15.0}
{"generation": 1, "position": 5, "parents": [18, 31], "genome": "d(65) r(5,62)", "fitness": 0.0}
{"generation": 1, "position": 6, "parents": [18], "genome": "d(5) r(65,88)", "fitness": 0.0}
{"generation": 1, "position": 7, "parents": [31], "genome": "d(65) d(6)", "fitness": 0.0}
{"generation": 1, "position": 8, "parents": [16], "genome": "a(73,43) d(66)", "fitness": 3.0}
{"generation": 1, "position": 9, "parents": [27], "genome": "d(6) r(64,57)", "fitness": 0.0}
{"generation": 1, "position": 10, "parents": [35, 26], "genome": "a(72,73) d(69)", "fitness": 0.0}
{"generation": 1, "position": 11, "parents": [35, 26], "genome": "a(29,45) d(67)", "fitness": 5.0}
{"generation": 1, "position": 12, "parents": [35], "genome": "a(72,73) d(6)", "fitness": 0.0}
{"generation": 1, "position": 13, "parents": [26], "genome": "a(29,45) d(69)", "fitness": 0.0}
{"generation": 1, "position": 14, "parents": [28, 33], "genome": "r(71,75) r(5,34)", "fitness": 5.0}
{"generation": 1, "position": 15, "parents": [28, 33], "genome": "a(66,104) r(66,63)", "fitness": 0.0}
{"generation": 1, "position": 16, "parents": [28], "genome": "r(71,75) a(35,49)", "fitness": 5.0}
{"generation": 1, "position": 17, "parents": [33], "genome": "a(66,104) r(29,37)", "fitness": 15.0}
{"generation": 1, "position": 18, "parents": [32, 37], "genome": "d(34) a(72,70)", "fitness": 15.0}
{"generation": 1, "position": 19, "parents": [32, 37], "genome": "d(69) d(29)", "fitness": 0.0}
{"generation": 1, "position": 20, "parents": [32], "genome": "d(34) r(73,72)", "fitness": 15.0}
{"generation": 1, "position": 21, "parents": [37], "genome": "d(69) r(73,62)", "fitness": 0.0}
{"generation": 1, "position": 22, "parents": [18], "genome": "d(5) r(64,74)", "fitness": 0.0}
{"generation": 1, "position": 23, "parents": [6], "genome": "r(69,76) r(64,50)", "fitness": 0.0}
{"generation": 1, "position": 24, "parents": [19], "genome": "d(67) a(5,52)", "fitness": 5.0}
{"generation": 1, "position": 25, "parents": [18], "genome": "d(5) d(72)", "fitness": 0.0}
{"generation": 1, "position": 26, "parents": [33, 23], "genome": "a(66,104) d(72)", "fitness": 0.0}
{"generation": 1, "position": 27, "parents": [33, 23], "genome": "a(69,74) r(5,50)", "fitness": 0.0}
{"generation": 1, "position": 28, "parents": [33], "genome": "a(66,104) a(73,69)", "fitness": 0.0}
{"generation": 1, "position": 29, "parents": [23], "genome": "a(69,74) r(35,56)", "fitness": 15.0}
{"generation": 1, "position": 30, "parents": [12], "genome": "r(71,88) a(69,55)", "fitness": 5.0}
{"generation": 1, "position": 31, "parents": [35], "genome": "a(72,73) r(66,90)", "fitness": 3.0}
{"generation": 1, "position": 32, "parents": [15], "genome": "a(34,38) d(65)", "fitness": 0.0}
{"generation": 1, "position": 33, "parents": [26], "genome": "a(29,45) a(69,43)", "fitness": 5.0}
{"generation": 1, "position": 34, "parents": [13], "genome": "r(69,104) r(34,35)", "fitness": 0.0}
{"generation": 1, "position": 35, "parents": [13], "genome": "r(69,104) r(5,58)", "fitness": 0.0}
{"generation": 1, "position": 36, "parents": [1], "genome": "a(72,49) d(66)", "fitness": 3.0}
{"generation": 1, "position": 37, "parents": [9], "genome": "a(67,69) a(34,88)", "fitness": 5.0}
{"generation": 1, "position": 38, "parents": [38, 13], "genome": "a(5,67) r(72,73)", "fitness": 15.0}
{"generation": 1, "position": 39, "parents": [38, 13], "genome": "r(69,104) r(34,29)", "fitness": 0.0}
{"generation": 1, "position": 40, "parents": [38], "genome": "a(5,67) a(71,91)", "fitness": 15.0}
{"generation": 1, "position": 41, "parents": [13], "genome": "r(69,104) r(29,57)", "fitness": 0.0}
{"generation": 1, "position": 42, "parents": [13], "genome": "r(69,104) r(6,105)", "fitness": 0.0}
{"generation": 1, "position": 43, "parents": [33], "genome": "a(66,104) r(5,39)", "fitness": 0.0}
{"generation": 1, "position": 44, "parents": [30], "genome": "d(71) d(34)", "fitness": 5.0}
{"generation": 1, "position": 45, "parents": [29], "genome": "a(65,72) a(34,37)", "fitness": 15.0}
{"generation": 1, "position": 46, "parents": [39], "genome": "a(65,40)", "fitness": 5.0}
{"generation": 1, "position": 47, "parents": [26], "genome": "a(29,45) a(6,34)", "fitness": 5.0}
{"generation": 1, "position": 48, "parents": [27, 28], "genome": "d(6) a(65,66)", "fitness": 0.0}
{"generation": 1, "position": 49, "parents": [27, 28], "genome": "r(71,75) a(65,105)", "fitness": 5.0}
{"generation": 1, "position": 50, "parents": [27], "genome": "d(6) a(29,62)", "fitness": 0.0}
{"generation": 1, "position": 51, "parents": [28], "genome": "r(71,75) a(73,49)", "fitness": 5.0}
{"generation": 1, "position": 52, "parents": [12], "genome": "r(71,88) r(69,90)", "fitness": 0.0}
{"generation": 1, "position": 53, "parents": [19], "genome": "d(67) d(35)", "fitness": 15.0}
{"generation": 1, "position": 54, "parents": [13], "genome": "r(69,104) a(34,105)", "fitness": 0.0}
{"generation": 2, "position": 0, "parents": [16], "genome": "r(71,75) a(35,49) r(66,40)", "fitness": 3.0}
{"generation": 2, "position": 1, "parents": [6], "genome": "d(5) r(65,88) r(71,38)", "fitness": 0.0}
{"generation": 2, "position": 2, "parents": [16], "genome": "r(71,75) a(35,49) d(35)", "fitness": 15.0}
{"generation": 2, "position": 3, "parents": [3], "genome": "a(69,74) r(65,88) a(72,76)", "fitness": 0.0}
{"generation": 2, "position": 4, "parents": [54], "genome": "r(69,104) a(34,105) r(6,42)", "fitness": 15.0}
{"generation": 2, "position": 5, "parents": [3], "genome": "a(69,74) r(65,88) r(66,69)", "fitness": 0.0}
{"generation": 2, "position": 6, "parents": [25], "genome": "d(5) d(72) d(67)", "fitness": 0.0}
{"generation": 2, "position": 7, "parents": [33], "genome": "a(29,45) a(69,43) d(65)", "fitness": 0.0}
{"generation": 2, "position": 8, "parents": [26, 25], "genome": "a(66,104) d(72) d(72) a(71,64)", "fitness": 0.0}
{"generation": 2, "position": 9, "parents": [26, 25], "genome": "d(5) r(69,72)", "fitness": 0.0}
{"generation": 2, "position": 10, "parents": [26], "genome": "a(66,104) d(72) r(29,44)", "fitness": 15.0}
{"generation": 2, "position": 11, "parents": [25], "genome": "d(5) d(72) a(64,44)", "fitness": 0.0}
{"generation": 2, "position": 12, "parents": [26], "genome": "a(66,104) d(72) d(34)", "fitness": 0.0}
{"generation": 2, "position": 13, "parents": [23], "genome": "r(69,76) r(64,50) a(6,57)", "fitness": 0.0}
{"generation": 2, "position": 14, "parents": [4], "genome": "d(5) r(29,37) d(71)", "fitness": 15.0}
{"generation": 2, "position": 15, "parents": [50], "genome": "d(6) a(29,62) r(66,65)", "fitness": 0.0}
{"generation": 2, "position": 16, "parents": [0, 27], "genome": "r(71,88) d(65) r(66,49)", "fitness": 0.0}
{"generation": 2, "position": 17, "parents": [0, 27], "genome": "a(69,74) r(5,50) r(73,38)", "fitness": 0.0}
{"generation": 2, "position": 18, "parents": [0], "genome": "r(71,88) d(65) d(64)", "fitness": 0.0}
{"generation": 2, "position": 19, "parents": [27], "genome": "a(69,74) r(5,50) d(66)", "fitness": 0.0}
{"generation": 2, "position": 20, "parents": [6, 22], "genome": "d(5) r(64,74) a(35,5)", "fitness": 0.0}
{"generation": 2, "position": 21, "parents": [6, 22], "genome": "d(5) r(65,88) a(71,40)", "fitness": 0.0}
{"generation": 2, "position": 22, "parents": [6], "genome": "d(5) r(65,88) d(64)", "fitness": 0.0}
{"generation": 2, "position": 23, "parents": [22], "genome": "d(5) r(64,74) a(35,62)", "fitness": 0.0}
{"generation": 2, "position": 24, "parents": [6, 13], "genome": "d(5) r(65,88) r(64,49)", "fitness": 0.0}
{"generation": 2, "position": 25, "parents": [6, 13], "genome": "a(29,45) d(69) a(73,64)", "fitness": 3.0}
{"generation": 2, "position": 26, "parents": [6], "genome": "d(5) r(65,88) r(35,39)", "fitness": 0.0}
{"generation": 2, "position": 27, "parents": [13], "genome": "a(29,45) d(69) d(74)", "fitness": 0.0}
{"generation": 2, "position": 28, "parents": [32, 19], "genome": "a(34,38) d(65) d(29) a(71,99)", "fitness": 0.0}
{"generation": 2, "position": 29, "parents": [32, 19], "genome": "d(69) d(35)", "fitness": 15.0}
{"generation": 2, "position": 30, "parents": [32], "genome": "a(34,38) d(65) a(66,56)", "fitness": 15.0}
{"generation": 2, "position": 31, "parents": [19], "genome": "d(69) d(29) a(5,71)", "fitness": 0.0}
{"generation": 2, "position": 32, "parents": [3, 49], "genome": "a(69,74) a(65,105) a(67,91)", "fitness": 0.0}
{"generation": 2, "position": 33, "parents": [3, 49], "genome": "r(71,75) r(65,88) a(35,57)", "fitness": 0.0}
{"generation": 2, "position": 34, "parents": [3], "genome": "a(69,74) r(65,88) r(34,99)", "fitness": 0.0}
{"generation": 2, "position": 35, "parents": [49], "genome": "r(71,75) a(65,105) r(34,88)", "fitness": 5.0}
{"generation": 2, "position": 36, "parents": [25, 34], "genome": "d(5) d(72) r(34,35) r(64,67)", "fitness": 0.0}
{"generation": 2, "position": 37, "parents": [25, 34], "genome": "r(69,104) d(72)", "fitness": 0.0}
{"generation": 2, "position": 38, "parents": [25], "genome": "d(5) d(72) a(35,58)", "fitness": 0.0}
{"generation": 2, "position": 39, "parents": [34], "genome": "r(69,104) r(34,35) a(29,88)", "fitness": 0.0}
{"generation": 2, "position": 40, "parents": [41], "genome": "r(69,104) r(29,57) a(72,37)", "fitness": 0.0}
{"generation": 2, "position": 41, "parents": [39], "genome": "r(69,104) r(34,29) d(29)", "fitness": 0.0}
{"generation": 2, "position": 42, "parents": [32, 53], "genome": "a(34,38) a(6,37)", "fitness": 5.0}
{"generation": 2, "position": 43, "parents": [32, 53], "genome": "d(67) d(35) d(65) d(72)", "fitness": 15.0}
{"generation": 2, "position": 44, "parents": [32], "genome": "a(34,38) d(65) d(29)", "fitness": 0.0}
{"generation": 2, "position": 45, "parents": [53], "genome": "d(67) d(35) a(29,99)", "fitness": 15.0}
{"generation": 2, "position": 46, "parents": [22], "genome": "d(5) r(64,74) a(34,55)", "fitness": 0.0}
{"generation": 2, "position": 47, "parents": [9], "genome": "d(6) r(64,57) a(29,91)", "fitness": 0.0}
{"generation": 2, "position": 48, "parents": [11], "genome": "a(29,45) d(67) d(65)", "fitness": 0.0}
{"generation": 2, "position": 49, "parents": [41], "genome": "r(69,104) r(29,57) r(72,104)", "fitness": 0.0}
{"generation": 2, "position": 50, "parents": [10, 36], "genome": "a(72,73) d(69) a(74,37)", "fitness": 15.0}
{"generation": 2, "position": 51, "parents": [10, 36], "genome": "a(72,49) d(66) r(69,40)", "fitness": 0.0}
{"generation": 2, "position": 52, "parents": [10], "genome": "a(72,73) d(69) a(72,69)", "fitness": 5.0}
{"generation": 2, "position": 53, "parents": [36], "genome": "a(72,49) d(66) a(72,69)", "fitness": 3.0}
{"generation": 2, "position": 54, "parents": [27, 22], "genome": "a(69,74) r(5,50) a(72,62)", "fitness": 0.0}
{"generation": 2, "position": 55, "parents": [27, 22], "genome": "d(5) r(64,74) a(35,50)", "fitness": 0.0}
{"generation": 2, "position": 56, "parents": [27], "genome": "a(69,74) r(5,50) d(64)", "fitness": 0.0}
{"generation": 2, "position": 57, "parents": [22], "genome": "d(5) r(64,74) a(34,39)", "fitness": 0.0}
{"generation": 2, "position": 58, "parents": [16], "genome": "r(71,75) a(35,49) a(74,56)", "fitness": 15.0}
{"generation": 3, "position": 0, "parents": [6], "genome": "d(5) d(72) d(67) r(34,35)", "fitness": 0.0}
{"generation": 3, "position": 1, "parents": [20], "genome": "d(5) r(64,74) a(35,5) d(35)", "fitness": 15.0}
{"generation": 3, "position": 2, "parents": [40, 24], "genome": "r(69,104) r(29,57) a(72,37) r(64,49) a(6,59)", "fitness": 0.0}
{"generation": 3, "position": 3, "parents": [40, 24], "genome": "d(5) r(65,88) r(67,66)", "fitness": 0.0}
{"generation": 3, "position": 4, "parents": [40], "genome": "r(69,104) r(29,57) a(72,37) a(35,99)", "fitness": 0.0}
{"generation": 3, "position": 5, "parents": [24], "genome": "d(5) r(65,88) r(64,49) d(35)", "fitness": 0.0}
{"generation": 3, "position": 6, "parents": [3, 33], "genome": "a(69,74) r(71,70)", "fitness": 15.0}
{"generation": 3, "position": 7, "parents": [3, 33], "genome": "r(71,75) r(65,88) a(35,57) r(65,88) a(72,76) a(35,57)", "fitness": 0.0}
{"generation": 3, "position": 8, "parents": [3], "genome": "a(69,74) r(65,88) a(72,76) a(74,63)", "fitness": 0.0}
{"generation": 3, "position": 9, "parents": [33], "genome": "r(71,75) r(65,88) a(35,57) d(73)", "fitness": 0.0}
{"generation": 3, "position": 10, "parents": [40], "genome": "r(69,104) r(29,57) a(72,37) a(65,45)", "fitness": 0.0}
{"generation": 3, "position": 11, "parents": [57], "genome": "d(5) r(64,74) a(34,39) a(29,40)", "fitness": 0.0}
{"generation": 3, "position": 12, "parents": [32, 37], "genome": "a(69,74) d(72) r(29,67)", "fitness": 15.0}
{"generation": 3, "position": 13, "parents": [32, 37], "genome": "r(69,104) a(65,105) a(67,91) d(64)", "fitness": 0.0}
{"generation": 3, "position": 14, "parents": [32], "genome": "a(69,74) a(65,105) a(67,91) d(74)", "fitness": 0.0}
{"generation": 3, "position": 15, "parents": [37], "genome": "r(69,104) d(72) a(65,40)", "fitness": 0.0}
{"generation": 3, "position": 16, "parents": [22, 42], "genome": "d(5) r(65,88) d(64) d(35)", "fitness": 0.0}
{"generation": 3, "position": 17, "parents": [22, 42], "genome": "a(34,38) a(6,37) r(66,65)", "fitness": 3.0}
{"generation": 3, "position": 18, "parents": [22], "genome": "d(5) r(65,88) d(64) r(29,41)", "fitness": 0.0}
{"generation": 3, "position": 19, "parents": [42], "genome": "a(34,38) a(6,37) d(67)", "fitness": 5.0}
{"generation": 3, "position": 20, "parents": [6, 49], "genome": "d(5) d(72) r(72,104) r(35,56)", "fitness": 15.0}
{"generation": 3, "position": 21, "parents": [6, 49], "genome": "r(69,104) r(29,57) d(67) d(72)", "fitness": 0.0}
{"generation": 3, "position": 22, "parents": [6], "genome": "d(5) d(72) d(67) d(74)", "fitness": 15.0}
{"generation": 3, "position": 23, "parents": [49], "genome": "r(69,104) r(29,57) r(72,104) a(6,43)", "fitness": 0.0}
{"generation": 3, "position": 24, "parents": [41, 7], "genome": "r(69,104) r(34,29) d(35)", "fitness": 15.0}
{"generation": 3, "position": 25, "parents": [41, 7], "genome": "a(29,45) a(69,43) d(65) d(29) r(74,90)", "fitness": 0.0}
{"generation": 3, "position": 26, "parents": [41], "genome": "r(69,104) r(34,29) d(29) r(35,40)", "fitness": 0.0}
{"generation": 3, "position": 27, "parents": [7], "genome": "a(29,45) a(69,43) d(65) d(72)", "fitness": 0.0}
{"generation": 3, "position": 28, "parents": [54], "genome": "a(69,74) r(5,50) a(72,62) d(65)", "fitness": 0.0}
{"generation": 3, "position": 29, "parents": [23], "genome": "d(5) r(64,74) a(35,62) r(29,55)", "fitness": 0.0}
{"generation": 3, "position": 30, "parents": [6, 13], "genome": "d(5) d(72) d(67) r(64,50) a(6,57) r(29,35)", "fitness": 0.0}
{"generation": 3, "position": 31, "parents": [6, 13], "genome": "r(69,76) r(66,63)", "fitness": 0.0}
{"generation": 3, "position": 32, "parents": [6], "genome": "d(5) d(72) d(67) d(65)", "fitness": 0.0}
{"generation": 3, "position": 33, "parents": [13], "genome": "r(69,76) r(64,50) a(6,57) a(34,54)", "fitness": 15.0}
{"generation": 3, "position": 34, "parents": [8, 47], "genome": "a(66,104) d(67)", "fitness": 0.0}
{"generation": 3, "position": 35, "parents": [8, 47], "genome": "d(6) r(64,57) a(29,91) d(72) d(72) a(71,64) r(29,36)", "fitness": 0.0}
{"generation": 3, "position": 36, "parents": [8], "genome": "a(66,104) d(72) d(72) a(71,64) a(6,105)", "fitness": 0.0}
{"generation": 3, "position": 37, "parents": [47], "genome": "d(6) r(64,57) a(29,91) a(5,39)", "fitness": 0.0}
{"generation": 3, "position": 38, "parents": [15], "genome": "d(6) a(29,62) r(66,65) d(73)", "fitness": 0.0}
{"generation": 3, "position": 39, "parents": [32], "genome": "a(69,74) a(65,105) a(67,91) a(72,44)", "fitness": 0.0}
{"generation": 3, "position": 40, "parents": [18], "genome": "r(71,88) d(65) d(64) r(35,104)", "fitness": 15.0}
{"generation": 3, "position": 41, "parents": [39], "genome": "r(69,104) r(34,35) a(29,88) d(66)", "fitness": 0.0}
{"generation": 3, "position": 42, "parents": [40], "genome": "r(69,104) r(29,57) a(72,37) a(6,58)", "fitness": 0.0}
{"generation": 3, "position": 43, "parents": [20], "genome": "d(5) r(64,74) a(35,5) r(34,54)", "fitness": 15.0}
{"generation": 3, "position": 44, "parents": [54, 6], "genome": "a(69,74) r(5,50) d(72) d(67) r(35,71)", "fitness": 0.0}
{"generation": 3, "position": 45, "parents": [54, 6], "genome": "d(5) a(72,62) r(74,105)", "fitness": 15.0}
{"generation": 3, "position": 46, "parents": [54], "genome": "a(69,74) r(5,50) a(72,62) r(66,43)", "fitness": 0.0}
{"generation": 3, "position": 47, "parents": [6], "genome": "d(5) d(72) d(67) a(71,71)", "fitness": 0.0}
{"generation": 3, "position": 48, "parents": [49, 36], "genome": "r(69,104) r(29,57) r(72,104) d(72) r(34,35) r(64,67) r(35,63)", "fitness": 0.0}
{"generation": 3, "position": 49, "parents": [49, 36], "genome": "d(5) a(34,44)", "fitness": 15.0}
{"generation": 3, "position": 50, "parents": [49], "genome": "r(69,104) r(29,57) r(72,104) d(67)", "fitness": 0.0}
{"generation": 3, "position": 51, "parents": [36], "genome": "d(5) d(72) r(34,35) r(64,67) d(29)", "fitness": 0.0}
{"generation": 3, "position": 52, "parents": [36], "genome": "d(5) d(72) r(34,35) r(64,67) r(35,54)", "fitness": 15.0}
{"generation": 3, "position": 53, "parents": [27], "genome": "a(29,45) d(69) d(74) r(65,99)", "fitness": 0.0}
{"generation": 3, "position": 54, "parents": [31, 31], "genome": "d(69) d(29) a(5,71) d(67)", "fitness": 0.0}
{"generation": 3, "position": 55, "parents": [31, 31], "genome": "d(69) d(29) a(5,71) a(67,72)", "fitness": 0.0}
{"generation": 3, "position": 56, "parents": [31], "genome": "d(69) d(29) a(5,71) r(66,44)", "fitness": 15.0}
{"generation": 3, "position": 57, "parents": [31], "genome": "d(69) d(29) a(5,71) a(66,37)", "fitness": 15.0}
{"generation": 3, "position": 58, "parents": [19], "genome": "a(69,74) r(5,50) d(66) a(72,72)", "fitness": 0.0}
{"generation": 3, "position": 59, "parents": [7], "genome": "a(29,45) a(69,43) d(65) a(34,54)", "fitness": 15.0}
{"generation": 3, "position": 60, "parents": [54], "genome": "a(69,74) r(5,50) a(72,62) a(67,52)", "fitness": 0.0}
{"generation": 4, "position": 0, "parents": [0, 41], "genome": "d(5) d(72) r(34,35) a(29,88) d(66) d(73)", "fitness": 0.0}
{"generation": 4, "position": 1, "parents": [0, 41], "genome": "r(69,104) d(67) r(34,35) r(72,105)", "fitness": 0.0}
{"generation": 4, "position": 2, "parents": [0], "genome": "d(5) d(72) d(67) r(34,35) d(65)", "fitness": 0.0}
{"generation": 4, "position": 3, "parents": [41], "genome": "r(69,104) r(34,35) a(29,88) d(66) a(65,45)", "fitness": 0.0}
{"generation": 4, "position": 4, "parents": [26, 25], "genome": "r(69,104) r(74,90) d(5)", "fitness": 0.0}
{"generation": 4, "position": 5, "parents": [26, 25], "genome": "a(29,45) a(69,43) d(65) d(29) r(34,29) d(29) r(35,40) a(72,45)", "fitness": 0.0}
{"generation": 4, "position": 6, "parents": [26], "genome": "r(69,104) r(34,29) d(29) r(35,40) d(74)", "fitness": 0.0}
{"generation": 4, "position": 7, "parents": [25], "genome": "a(29,45) a(69,43) d(65) d(29) r(74,90) a(71,104)", "fitness": 0.0}
{"generation": 4, "position": 8, "parents": [16], "genome": "d(5) r(65,88) d(64) d(35) r(34,41)", "fitness": 15.0}
{"generation": 4, "position": 9, "parents": [29], "genome": "d(5) r(64,74) a(35,62) r(29,55) r(35,47)", "fitness": 0.0}
{"generation": 4, "position": 10, "parents": [30], "genome": "d(5) d(72) d(67) r(64,50) a(6,57) r(29,35) d(35)", "fitness": 0.0}
{"generation": 4, "position": 11, "parents": [10], "genome": "r(69,104) r(29,57) a(72,37) a(65,45) d(65)", "fitness": 0.0}
{"generation": 4, "position": 12, "parents": [17], "genome": "a(34,38) a(6,37) r(66,65) a(73,55)", "fitness": 3.0}
{"generation": 4, "position": 13, "parents": [1], "genome": "d(5) r(64,74) a(35,5) d(35) d(29)", "fitness": 0.0}
{"generation": 4, "position": 14, "parents": [16], "genome": "d(5) r(65,88) d(64) d(35) r(34,36)", "fitness": 0.0}
{"generation": 4, "position": 15, "parents": [26], "genome": "r(69,104) r(34,29) d(29) r(35,40) d(65)", "fitness": 0.0}
{"generation": 4, "position": 16, "parents": [61, 10], "genome": "d(5) r(69,72) d(72) a(72,37) a(65,45) a(34,58)", "fitness": 0.0}
{"generation": 4, "position": 17, "parents": [61, 10], "genome": "r(69,104) r(29,57) a(72,99)", "fitness": 0.0}
{"generation": 4, "position": 18, "parents": [61], "genome": "d(5) r(69,72) d(72) a(73,45)", "fitness": 0.0}
{"generation": 4, "position": 19, "parents": [10], "genome": "r(69,104) r(29,57) a(72,37) a(65,45) d(73)", "fitness": 0.0}
{"generation": 4, "position": 20, "parents": [7], "genome": "r(71,75) r(65,88) a(35,57) r(65,88) a(72,76) a(35,57) r(6,52)", "fitness": 0.0}
{"generation": 4, "position": 21, "parents": [54], "genome": "d(69) d(29) a(5,71) d(67) a(66,40)", "fitness": 0.0}
{"generation": 4, "position": 22, "parents": [21, 16], "genome": "r(69,104) r(29,57) a(64,34)", "fitness": 0.0}
{"generation": 4, "position": 23, "parents": [21, 16], "genome": "d(5) r(65,88) d(64) d(35) d(67) d(72) a(29,104)", "fitness": 15.0}
{"generation": 4, "position": 24, "parents": [21], "genome": "r(69,104) r(29,57) d(67) d(72) d(73)", "fitness": 0.0}
{"generation": 4, "position": 25, "parents": [16], "genome": "d(5) r(65,88) d(64) d(35) a(29,88)", "fitness": 0.0}
{"generation": 4, "position": 26, "parents": [30, 54], "genome": "d(5) a(5,71) d(67) d(74)", "fitness": 15.0}
{"generation": 4, "position": 27, "parents": [30, 54], "genome": "d(69) d(29) d(72) d(67) r(64,50) a(6,57) r(29,35) d(6)", "fitness": 0.0}
{"generation": 4, "position": 28, "parents": [30], "genome": "d(5) d(72) d(67) r(64,50) a(6,57) r(29,35) r(35,105)", "fitness": 0.0}
{"generation": 4, "position": 29, "parents": [54], "genome": "d(69) d(29) a(5,71) d(67) r(66,91)", "fitness": 0.0}
{"generation": 4, "position": 30, "parents": [11, 4], "genome": "d(5) a(35,99) r(34,47)", "fitness": 5.0}
{"generation": 4, "position": 31, "parents": [11, 4], "genome": "r(69,104) r(29,57) a(72,37) r(64,74) a(34,39) a(29,40) r(35,71)", "fitness": 0.0}
{"generation": 4, "position": 32, "parents": [11], "genome": "d(5) r(64,74) a(34,39) a(29,40) a(34,54)", "fitness": 15.0}
{"generation": 4, "position": 33, "parents": [4], "genome": "r(69,104) r(29,57) a(72,37) a(35,99) d(74)", "fitness": 0.0}
{"generation": 4, "position": 34, "parents": [16], "genome": "d(5) r(65,88) d(64) d(35) d(29)", "fitness": 0.0}
{"generation": 4, "position": 35, "parents": [11], "genome": "d(5) r(64,74) a(34,39) a(29,40) r(29,46)", "fitness": 0.0}
{"generation": 4, "position": 36, "parents": [8], "genome": "a(69,74) r(65,88) a(72,76) a(74,63) d(74)", "fitness": 0.0}
{"generation": 4, "position": 37, "parents": [36], "genome": "a(66,104) d(72) d(72) a(71,64) a(6,105) a(5,70)", "fitness": 0.0}
{"generation": 4, "position": 38, "parents": [36, 4], "genome": "a(66,104) d(72) d(72) a(71,64) a(6,105) a(72,37) a(35,99) r(5,45)", "fitness": 0.0}
{"generation": 4, "position": 39, "parents": [36, 4], "genome": "r(69,104) r(29,57) r(5,34)", "fitness": 0.0}
{"generation": 4, "position": 40, "parents": [36], "genome": "a(66,104) d(72) d(72) a(71,64) a(6,105) a(66,34)", "fitness": 0.0}
{"generation": 4, "position": 41, "parents": [4], "genome": "r(69,104) r(29,57) a(72,37) a(35,99) r(5,105)", "fitness": 0.0}
{"generation": 4, "position": 42, "parents": [17, 2], "genome": "a(34,38) a(6,59) d(73)", "fitness": 15.0}
{"generation": 4, "position": 43, "parents": [17, 2], "genome": "r(69,104) r(29,57) a(72,37) r(64,49) a(6,37) r(66,65) r(6,52)", "fitness": 15.0}
{"generation": 4, "position": 44, "parents": [17], "genome": "a(34,38) a(6,37) r(66,65) d(34)", "fitness": 3.0}
{"generation": 4, "position": 45, "parents": [2], "genome": "r(69,104) r(29,57) a(72,37) r(64,49) a(6,59) r(6,49)", "fitness": 0.0}
{"generation": 4, "position": 46, "parents": [31], "genome": "r(69,76) r(66,63) d(35)", "fitness": 15.0}
{"generation": 4, "position": 47, "parents": [31], "genome": "r(69,76) r(66,63) a(64,49)", "fitness": 0.0}
{"generation": 4, "position": 48, "parents": [28, 13], "genome": "a(69,74) r(5,50) a(72,62) a(67,91) d(64) a(35,53)", "fitness": 0.0}
{"generation": 4, "position": 49, "parents": [28, 13], "genome": "r(69,104) a(65,105) d(65) a(72,90)", "fitness": 0.0}
{"generation": 4, "position": 50, "parents": [28], "genome": "a(69,74) r(5,50) a(72,62) d(65) d(35)", "fitness": 0.0}
{"generation": 4, "position": 51, "parents": [13], "genome": "r(69,104) a(65,105) a(67,91) d(64) r(6,42)", "fitness": 15.0}
{"generation": 4, "position": 52, "parents": [30], "genome": "d(5) d(72) d(67) r(64,50) a(6,57) r(29,35) d(35)", "fitness": 0.0}
{"generation": 4, "position": 53, "parents": [29], "genome": "d(5) r(64,74) a(35,62) r(29,55) r(35,91)", "fitness": 15.0}
{"generation": 4, "position": 54, "parents": [25], "genome": "a(29,45) a(69,43) d(65) d(29) r(74,90) d(71)", "fitness": 0.0}
{"generation": 4, "position": 55, "parents": [50], "genome": "r(69,104) r(29,57) r(72,104) d(67) a(64,43)", "fitness": 0.0}
{"generation": 4, "position": 56, "parents": [14, 21], "genome": "a(69,74) a(65,105) d(67) d(72) a(66,67)", "fitness": 15.0}
{"generation": 4, "position": 57, "parents": [14, 21], "genome": "r(69,104) r(29,57) a(67,91) d(74) d(66)", "fitness": 0.0}
{"generation": 4, "position": 58, "parents": [14], "genome": "a(69,74) a(65,105) a(67,91) d(74) r(64,70)", "fitness": 15.0}
{"generation": 5, "position": 0, "parents": [37], "genome": "a(66,104) d(72) d(72) a(71,64) a(6,105) a(5,70) d(65)", "fitness": 0.0}
{"generation": 5, "position": 1, "parents": [34], "genome": "d(5) r(65,88) d(64) d(35) d(29)", "fitness": 0.0}
{"generation": 5, "position": 2, "parents": [21, 13], "genome": "d(69) d(29) a(5,71) a(35,5) d(35) d(29) a(66,66)", "fitness": 0.0}
{"generation": 5, "position": 3, "parents": [21, 13], "genome": "d(5) r(64,74) d(67) a(66,40) r(35,63)", "fitness": 0.0}
{"generation": 5, "position": 4, "parents": [21], "genome": "d(69) d(29) a(5,71) d(67) a(66,40) r(64,55)", "fitness": 0.0}
{"generation": 5, "position": 5, "parents": [13], "genome": "d(5) r(64,74) a(35,5) d(35) d(29)", "fitness": 0.0}
{"generation": 5, "position": 6, "parents": [45], "genome": "r(69,104) r(29,57) a(72,37) r(64,49) a(6,59) r(6,49) r(35,54)", "fitness": 15.0}
{"generation": 5, "position": 7, "parents": [39], "genome": "r(69,104) r(29,57) r(5,34) a(67,67)", "fitness": 0.0}
{"generation": 5, "position": 8, "parents": [59], "genome": "r(69,104) r(29,57) d(67) d(72) a(35,34) d(5)", "fitness": 0.0}
{"generation": 5, "position": 9, "parents": [9], "genome": "d(5) r(64,74) a(35,62) r(29,55) r(35,47)", "fitness": 0.0}
{"generation": 5, "position": 10, "parents": [20, 14], "genome": "r(71,75) r(65,88) a(35,57) r(65,88) a(72,76) a(35,57) d(35) r(34,36) r(29,5)", "fitness": 0.0}
{"generation": 5, "position": 11, "parents": [20, 14], "genome": "d(5) r(65,88) d(64) r(6,52) r(35,52)", "fitness": 0.0}
{"generation": 5, "position": 12, "parents": [20], "genome": "r(71,75) r(65,88) a(35,57) r(65,88) a(72,76) a(35,57) r(6,52) r(74,104)", "fitness": 0.0}
{"generation": 5, "position": 13, "parents": [14], "genome": "d(5) r(65,88) d(64) d(35) r(34,36) a(29,88)", "fitness": 0.0}
{"generation": 5, "position": 14, "parents": [25], "genome": "d(5) r(65,88) d(64) d(35) a(29,88) r(29,63)", "fitness": 0.0}
{"generation": 5, "position": 15, "parents": [21], "genome": "d(69) d(29) a(5,71) d(67) a(66,40) r(5,90)", "fitness": 0.0}
{"generation": 5, "position": 16, "parents": [18, 13], "genome": "d(5) r(69,72) a(35,5) d(35) d(29) r(74,50)", "fitness": 0.0}
{"generation": 5, "position": 17, "parents": [18, 13], "genome": "d(5) r(64,74) d(72) a(73,45) a(34,55)", "fitness": 0.0}
{"generation": 5, "position": 18, "parents": [18], "genome": "d(5) r(69,72) d(72) a(73,45) a(67,71)", "fitness": 0.0}
{"generation": 5, "position": 19, "parents": [13], "genome": "d(5) r(64,74) a(35,5) d(35) d(29)", "fitness": 0.0}
{"generation": 5, "position": 20, "parents": [47, 55], "genome": "r(69,76) r(66,63) d(65)", "fitness": 0.0}
{"generation": 5, "position": 21, "parents": [47, 55], "genome": "r(69,104) r(29,57) r(72,104) d(67) a(64,43) a(64,49) d(66)", "fitness": 0.0}
{"generation": 5, "position": 22, "parents": [47], "genome": "r(69,76) r(66,63) a(64,49) d(6)", "fitness": 0.0}
{"generation": 5, "position": 23, "parents": [55], "genome": "r(69,104) r(29,57) r(72,104) d(67) a(64,43) a(64,56)", "fitness": 4.0}
{"generation": 5, "position": 24, "parents": [47, 54], "genome": "r(69,76) r(66,63) d(65) d(29) r(74,90) d(71) r(73,75)", "fitness": 0.0}
{"generation": 5, "position": 25, "parents": [47, 54], "genome": "a(29,45) a(69,43) a(64,49) r(65,55)", "fitness": 0.0}
{"generation": 5, "position": 26, "parents": [47], "genome": "r(69,76) r(66,63) a(64,49) r(64,62)", "fitness": 0.0}
{"generation": 5, "position": 27, "parents": [54], "genome": "a(29,45) a(69,43) d(65) d(29) r(74,90) d(71) d(64)", "fitness": 0.0}
{"generation": 5, "position": 28, "parents": [5, 7], "genome": "a(29,45) a(69,43) d(65) a(71,104) r(67,38)", "fitness": 0.0}
{"generation": 5, "position": 29, "parents": [5, 7], "genome": "a(29,45) a(69,43) d(65) d(29) r(74,90) d(29) r(34,29) d(29) r(35,40) a(72,45) d(6)", "fitness": 0.0}
{"generation": 5, "position": 30, "parents": [5], "genome": "a(29,45) a(69,43) d(65) d(29) r(34,29) d(29) r(35,40) a(72,45) a(66,70)", "fitness": 15.0}
{"generation": 5, "position": 31, "parents": [7], "genome": "a(29,45) a(69,43) d(65) d(29) r(74,90) a(71,104) d(71)", "fitness": 0.0}
{"generation": 5, "position": 32, "parents": [59, 28], "genome": "r(69,104) r(29,57) d(67) d(72) r(64,50) a(6,57) r(29,35) r(35,105) a(5,43)", "fitness": 0.0}
{"generation": 5, "position": 33, "parents": [59, 28], "genome": "d(5) d(72) d(67) a(35,34) d(29)", "fitness": 0.0}
{"generation": 5, "position": 34, "parents": [59], "genome": "r(69,104) r(29,57) d(67) d(72) a(35,34) d(73)", "fitness": 0.0}
{"generation": 5, "position": 35, "parents": [28], "genome": "d(5) d(72) d(67) r(64,50) a(6,57) r(29,35) r(35,105)", "fitness": 0.0}
{"generation": 5, "position": 36, "parents": [25], "genome": "d(5) r(65,88) d(64) d(35) a(29,88) d(34)", "fitness": 0.0}
{"generation": 5, "position": 37, "parents": [4], "genome": "r(69,104) r(74,90) d(5) r(73,65)", "fitness": 0.0}
{"generation": 5, "position": 38, "parents": [57], "genome": "r(69,104) r(29,57) a(67,91) d(74) d(66) d(35)", "fitness": 0.0}
{"generation": 5, "position": 39, "parents": [50], "genome": "a(69,74) r(5,50) a(72,62) d(65) d(35) d(71)", "fitness": 0.0}
{"generation": 5, "position": 40, "parents": [5, 18], "genome": "a(29,45) a(69,43) d(65) d(29) r(34,29) d(29) r(35,40) d(72) a(73,45) a(6,36)", "fitness": 0.0}
{"generation": 5, "position": 41, "parents": [5, 18], "genome": "d(5) r(69,72) a(72,45) r(64,90)", "fitness": 0.0}
{"generation": 5, "position": 42, "parents": [5], "genome": "a(29,45) a(69,43) d(65) d(29) r(34,29) d(29) r(35,40) a(72,45) r(72,88)", "fitness": 0.0}
{"generation": 5, "position": 43, "parents": [18], "genome": "d(5) r(69,72) d(72) a(73,45) d(73)", "fitness": 0.0}
{"generation": 5, "position": 44, "parents": [40, 34], "genome": "a(66,104) d(72) d(72) d(64) d(35) d(29) r(5,44)", "fitness": 15.0}
{"generation": 5, "position": 45, "parents": [40, 34], "genome": "d(5) r(65,88) a(71,64) a(6,105) a(66,34) a(73,91)", "fitness": 5.0}
{"generation": 5, "position": 46, "parents": [40], "genome": "a(66,104) d(72) d(72) a(71,64) a(6,105) a(66,34) d(71)", "fitness": 0.0}
{"generation": 5, "position": 47, "parents": [34], "genome": "d(5) r(65,88) d(64) d(35) d(29)", "fitness": 0.0}
{"generation": 5, "position": 48, "parents": [4, 49], "genome": "r(69,104) a(65,105) d(65) a(72,90) r(5,50)", "fitness": 0.0}
{"generation": 5, "position": 49, "parents": [4, 49], "genome": "r(69,104) r(74,90) d(5) r(65,88)", "fitness": 0.0}
{"generation": 5, "position": 50, "parents": [4], "genome": "r(69,104) r(74,90) d(5) r(72,69)", "fitness": 0.0}
{"generation": 5, "position": 51, "parents": [49], "genome": "r(69,104) a(65,105) d(65) a(72,90) a(29,71)", "fitness": 0.0}
{"generation": 5, "position": 52, "parents": [45], "genome": "r(69,104) r(29,57) a(72,37) r(64,49) a(6,59) r(6,49) d(35)", "fitness": 15.0}
{"generation": 5, "position": 53, "parents": [1], "genome": "r(69,104) d(67) r(34,35) r(72,105) d(5)", "fitness": 0.0}
{"generation": 5, "position": 54, "parents": [3, 41], "genome": "r(69,104) r(34,35) a(29,88) r(5,105) a(73,70)", "fitness": 0.0}
{"generation": 5, "position": 55, "parents": [3, 41], "genome": "r(69,104) r(29,57) a(72,37) a(35,99) d(66) a(65,45) d(65)", "fitness": 0.0}
{"generation": 5, "position": 56, "parents": [3], "genome": "r(69,104) r(34,35) a(29,88) d(66) a(65,45) a(74,63)", "fitness": 0.0}
{"generation": 5, "position": 57, "parents": [41], "genome": "r(69,104) r(29,57) a(72,37) a(35,99) r(5,105) a(35,40)", "fitness": 0.0}
{"generation": 5, "position": 58, "parents": [35], "genome": "d(5) r(64,74) a(34,39) a(29,40) r(29,46) r(35,67)", "fitness": 15.0}
{"generation": 5, "position": 59, "parents": [7], "genome": "a(29,45) a(69,43) d(65) d(29) r(74,90) a(71,104) r(72,56)", "fitness": 0.0}
{"generation": 5, "position": 60, "parents": [25], "genome": "d(5) r(65,88) d(64) d(35) a(29,88) a(34,88)", "fitness": 0.0}
{"generation": 6, "position": 0, "parents": [9], "genome": "d(5) r(64,74) a(35,62) r(29,55) r(35,47)", "fitness": 0.0}
{"generation": 6, "position": 1, "parents": [18], "genome": "d(5) r(69,72) d(72) a(73,45) a(67,71) a(35,91)", "fitness": 4.0}
{"generation": 6, "position": 2, "parents": [26, 31], "genome": "r(69,76) r(66,63) a(64,49) r(64,62) r(74,90) a(71,104) d(71) r(34,55)", "fitness": 0.0}
{"generation": 6, "position": 3, "parents": [26, 31], "genome": "a(29,45) a(69,43) d(65) d(29) r(66,73)", "fitness": 0.0}
{"generation": 6, "position": 4, "parents": [26], "genome": "r(69,76) r(66,63) a(64,49) r(64,62) d(35)", "fitness": 15.0}
{"generation": 6, "position": 5, "parents": [31], "genome": "a(29,45) a(69,43) d(65) d(29) r(74,90) a(71,104) d(71) d(67)", "fitness": 0.0}
{"generation": 6, "position": 6, "parents": [17], "genome": "d(5) r(64,74) d(72) a(73,45) a(34,55) r(34,44)", "fitness": 15.0}
{"generation": 6, "position": 7, "parents": [40], "genome": "a(29,45) a(69,43) d(65) d(29) r(34,29) d(29) r(35,40) d(72) a(73,45) a(6,36) a(67,71)", "fitness": 0.0}
{"generation": 6, "position": 8, "parents": [56], "genome": "r(69,104) r(34,35) a(29,88) d(66) a(65,45) a(74,63) a(64,74)", "fitness": 0.0}
{"generation": 6, "position": 9, "parents": [41], "genome": "d(5) r(69,72) a(72,45) r(64,90) d(29)", "fitness": 0.0}
{"generation": 6, "position": 10, "parents": [59], "genome": "a(29,45) a(69,43) d(65) d(29) r(74,90) a(71,104) r(72,56) d(67)", "fitness": 0.0}
{"generation": 6, "position": 11, "parents": [18], "genome": "d(5) r(69,72) d(72) a(73,45) a(67,71) d(74)", "fitness": 0.0}
{"generation": 6, "position": 12, "parents": [49, 16], "genome": "r(69,104) r(74,90) d(35) d(29) r(74,50) a(67,105)", "fitness": 0.0}
{"generation": 6, "position": 13, "parents": [49, 16], "genome": "d(5) r(69,72) a(35,5) d(5) r(65,88) r(34,105)", "fitness": 0.0}
{"generation": 6, "position": 14, "parents": [49], "genome": "r(69,104) r(74,90) d(5) r(65,88) r(73,52)", "fitness": 0.0}
{"generation": 6, "position": 15, "parents": [16], "genome": "d(5) r(69,72) a(35,5) d(35) d(29) r(74,50) d(72)", "fitness": 0.0}
{"generation": 6, "position": 16, "parents": [19], "genome": "d(5) r(64,74) a(35,5) d(35) d(29)", "fitness": 0.0}
{"generation": 6, "position": 17, "parents": [43], "genome": "d(5) r(69,72) d(72) a(73,45) d(73) a(35,76)", "fitness": 4.0}
{"generation": 6, "position": 18, "parents": [56], "genome": "r(69,104) r(34,35) a(29,88) d(66) a(65,45) a(74,63) d(74)", "fitness": 0.0}
{"generation": 6, "position": 19, "parents": [26], "genome": "r(69,76) r(66,63) a(64,49) r(64,62) a(29,38)", "fitness": 0.0}
{"generation": 6, "position": 20, "parents": [38], "genome": "r(69,104) r(29,57) a(67,91) d(74) d(66) d(35) a(6,42)", "fitness": 15.0}
{"generation": 6, "position": 21, "parents": [20], "genome": "r(69,76) r(66,63) d(65) r(34,35)", "fitness": 0.0}
{"generation": 6, "position": 22, "parents": [18], "genome": "d(5) r(69,72) d(72) a(73,45) a(67,71) a(65,50)", "fitness": 0.0}
{"generation": 6, "position": 23, "parents": [57], "genome": "r(69,104) r(29,57) a(72,37) a(35,99) r(5,105) a(35,40) d(72)", "fitness": 0.0}
{"generation": 6, "position": 24, "parents": [39, 28], "genome": "a(69,74) r(5,50) a(72,62) d(65) a(71,104) r(67,38) r(72,55)", "fitness": 0.0}
{"generation": 6, "position": 25, "parents": [39, 28], "genome": "a(29,45) a(69,43) d(65) d(35) d(71) r(73,62)", "fitness": 15.0}
{"generation": 6, "position": 26, "parents": [39], "genome": "a(69,74) r(5,50) a(72,62) d(65) d(35) d(71) r(69,105)", "fitness": 0.0}
{"generation": 6, "position": 27, "parents": [28], "genome": "a(29,45) a(69,43) d(65) a(71,104) r(67,38) a(64,62)", "fitness": 0.0}
{"generation": 6, "position": 28, "parents": [42, 26], "genome": "a(29,45) a(69,43) d(65) d(29) r(34,29) a(64,49) r(64,62) r(35,71)", "fitness": 0.0}
{"generation": 6, "position": 29, "parents": [42, 26], "genome": "r(69,76) r(66,63) d(29) r(35,40) a(72,45) r(72,88) a(65,76)", "fitness": 0.0}
{"generation": 6, "position": 30, "parents": [42], "genome": "a(29,45) a(69,43) d(65) d(29) r(34,29) d(29) r(35,40) a(72,45) r(72,88) r(67,40)", "fitness": 0.0}
{"generation": 6, "position": 31, "parents": [26], "genome": "r(69,76) r(66,63) a(64,49) r(64,62) r(5,52)", "fitness": 0.0}
{"generation": 6, "position": 32, "parents": [24, 61], "genome": "r(69,76) r(66,63) r(72,69)", "fitness": 0.0}
{"generation": 6, "position": 33, "parents": [24, 61], "genome": "d(5) d(72) d(67) r(34,35) d(65) a(29,43) d(65) d(29) r(74,90) d(71) r(73,75) d(66)", "fitness": 0.0}
{"generation": 6, "position": 34, "parents": [24], "genome": "r(69,76) r(66,63) d(65) d(29) r(74,90) d(71) r(73,75) a(6,39)", "fitness": 0.0}
{"generation": 6, "position": 35, "parents": [61], "genome": "d(5) d(72) d(67) r(34,35) d(65) a(29,43) d(29)", "fitness": 0.0}
{"generation": 6, "position": 36, "parents": [61, 7], "genome": "d(5) d(72) d(67) r(34,35) d(65) a(29,43) r(5,34) a(67,67) r(64,104)", "fitness": 0.0}
{"generation": 6, "position": 37, "parents": [61, 7], "genome": "r(69,104) r(29,57) r(74,90)", "fitness": 0.0}
{"generation": 6, "position": 38, "parents": [61], "genome": "d(5) d(72) d(67) r(34,35) d(65) a(29,43) r(71,67)", "fitness": 0.0}
{"generation": 6, "position": 39, "parents": [7], "genome": "r(69,104) r(29,57) r(5,34) a(67,67) r(74,52)", "fitness": 0.0}
{"generation": 6, "position": 40, "parents": [34], "genome": "r(69,104) r(29,57) d(67) d(72) a(35,34) d(73) d(66)", "fitness": 0.0}
{"generation": 6, "position": 41, "parents": [41], "genome": "d(5) r(69,72) a(72,45) r(64,90) a(35,43)", "fitness": 0.0}
{"generation": 6, "position": 42, "parents": [42], "genome": "a(29,45) a(69,43) d(65) d(29) r(34,29) d(29) r(35,40) a(72,45) r(72,88) r(6,40)", "fitness": 0.0}
{"generation": 6, "position": 43, "parents": [29], "genome": "a(29,45) a(69,43) d(65) d(29) r(74,90) d(29) r(34,29) d(29) r(35,40) a(72,45) d(6) a(5,55)", "fitness": 0.0}
{"generation": 6, "position": 44, "parents": [56, 46], "genome": "r(69,104) r(34,35) a(29,88) d(66) d(72) a(71,64) a(6,105) a(66,34) d(71) d(29)", "fitness": 0.0}
{"generation": 6, "position": 45, "parents": [56, 46], "genome": "a(66,104) d(72) a(65,45) a(74,63) a(5,36)", "fitness": 15.0}
{"generation": 6, "position": 46, "parents": [56], "genome": "r(69,104) r(34,35) a(29,88) d(66) a(65,45) a(74,63) r(29,47)", "fitness": 0.0}
{"generation": 6, "position": 47, "parents": [46], "genome": "a(66,104) d(72) d(72) a(71,64) a(6,105) a(66,34) d(71) r(5,99)", "fitness": 0.0}
{"generation": 6, "position": 48, "parents": [27, 56], "genome": "a(29,45) a(69,43) d(65) d(29) r(74,90) a(74,63) d(71)", "fitness": 0.0}
{"generation": 6, "position": 49, "parents": [27, 56], "genome": "r(69,104) r(34,35) a(29,88) d(66) a(65,45) d(71) d(64) d(35)", "fitness": 0.0}
{"generation": 6, "position": 50, "parents": [27], "genome": "a(29,45) a(69,43) d(65) d(29) r(74,90) d(71) d(64) r(35,55)", "fitness": 0.0}
{"generation": 6, "position": 51, "parents": [56], "genome": "r(69,104) r(34,35) a(29,88) d(66) a(65,45) a(74,63) a(65,64)", "fitness": 5.0}
{"generation": 6, "position": 52, "parents": [13], "genome": "d(5) r(65,88) d(64) d(35) r(34,36) a(29,88) d(29)", "fitness": 0.0}
{"generation": 6, "position": 53, "parents": [14], "genome": "d(5) r(65,88) d(64) d(35) a(29,88) r(29,63)", "fitness": 0.0}
{"generation": 6, "position": 54, "parents": [43, 19], "genome": "d(5) r(69,72) d(72) a(35,5) d(35) d(29) a(65,71)", "fitness": 0.0}
{"generation": 6, "position": 55, "parents": [43, 19], "genome": "d(5) r(64,74) a(73,45) d(73) a(35,50)", "fitness": 0.0}
{"generation": 6, "position": 56, "parents": [43], "genome": "d(5) r(69,72) d(72) a(73,45) d(73) r(74,66)", "fitness": 0.0}
{"generation": 7, "position": 0, "parents": [56], "genome": "d(5) r(69,72) d(72) a(73,45) d(73) r(74,66) a(67,62)", "fitness": 0.0}
{"generation": 7, "position": 1, "parents": [53], "genome": "d(5) r(65,88) d(64) d(35) a(29,88) r(29,63)", "fitness": 0.0}
{"generation": 7, "position": 2, "parents": [8, 52], "genome": "r(69,104) r(34,35) a(29,88) d(66) a(65,45) r(65,88) d(64) d(35) r(34,36) a(29,88) d(29) d(6)", "fitness": 0.0}
{"generation": 7, "position": 3, "parents": [8, 52], "genome": "d(5) a(74,63) a(64,74) a(35,40)", "fitness": 4.0}
{"generation": 7, "position": 4, "parents": [8], "genome": "r(69,104) r(34,35) a(29,88) d(66) a(65,45) a(74,63) a(64,74) d(35)", "fitness": 0.0}
{"generation": 7, "position": 5, "parents": [52], "genome": "d(5) r(65,88) d(64) d(35) r(34,36) a(29,88) d(29)", "fitness": 0.0}
{"generation": 7, "position": 6, "parents": [19, 25], "genome": "r(69,76) r(66,63) d(65) d(35) d(71) r(73,62) r(34,35)", "fitness": 0.0}
{"generation": 7, "position": 7, "parents": [19, 25], "genome": "a(29,45) a(69,43) a(64,49) r(64,62) a(29,38) d(6)", "fitness": 0.0}
{"generation": 7, "position": 8, "parents": [19], "genome": "r(69,76) r(66,63) a(64,49) r(64,62) a(29,38) a(6,57)", "fitness": 0.0}
{"generation": 7, "position": 9, "parents": [25], "genome": "a(29,45) a(69,43) d(65) d(35) d(71) r(73,62) d(64)", "fitness": 15.0}
{"generation": 7, "position": 10, "parents": [36, 35], "genome": "d(5) d(72) d(67) r(34,35) d(65) a(29,43) r(5,34) a(67,67) r(64,104) r(34,35) d(65) a(29,43) d(29) d(35)", "fitness": 0.0}
{"generation": 7, "position": 11, "parents": [36, 35], "genome": "d(5) d(72) d(67) d(71)", "fitness": 0.0}
{"generation": 7, "position": 12, "parents": [36], "genome": "d(5) d(72) d(67) r(34,35) d(65) a(29,43) r(5,34) a(67,67) r(64,104) a(35,58)", "fitness": 0.0}
{"generation": 7, "position": 13, "parents": [35], "genome": "d(5) d(72) d(67) r(34,35) d(65) a(29,43) d(29) d(35)", "fitness": 0.0}
{"generation": 7, "position": 14, "parents": [39, 11], "genome": "r(69,104) d(72) a(73,45) a(67,71) d(74) d(5)", "fitness": 0.0}
{"generation": 7, "position": 15, "parents": [39, 11], "genome": "d(5) r(69,72) r(29,57) r(5,34) a(67,67) r(74,52) d(35)", "fitness": 0.0}
{"generation": 7, "position": 16, "parents": [39], "genome": "r(69,104) r(29,57) r(5,34) a(67,67) r(74,52) a(64,74)", "fitness": 0.0}
{"generation": 7, "position": 17, "parents": [11], "genome": "d(5) r(69,72) d(72) a(73,45) a(67,71) d(74) a(73,71)", "fitness": 0.0}
{"generation": 7, "position": 18, "parents": [43, 48], "genome": "a(29,45) a(69,43) d(65) d(29) r(74,90) d(29) r(34,29) a(69,43) d(65) d(29) r(74,90) a(74,63) d(71) r(6,45)", "fitness": 0.0}
{"generation": 7, "position": 19, "parents": [43, 48], "genome": "a(29,45) d(29) r(35,40) a(72,45) d(6) a(5,55) a(69,75)", "fitness": 0.0}
{"generation": 7, "position": 20, "parents": [43], "genome": "a(29,45) a(69,43) d(65) d(29) r(74,90) d(29) r(34,29) d(29) r(35,40) a(72,45) d(6) a(5,55) r(66,52)", "fitness": 0.0}
{"generation": 7, "position": 21, "parents": [48], "genome": "a(29,45) a(69,43) d(65) d(29) r(74,90) a(74,63) d(71) d(35)", "fitness": 0.0}
{"generation": 7, "position": 22, "parents": [36, 10], "genome": "d(5) d(72) d(67) r(34,35) d(65) a(29,43) r(5,34) d(65) d(29) r(74,90) a(71,104) r(72,56) d(67) d(73)", "fitness": 0.0}
{"generation": 7, "position": 23, "parents": [36, 10], "genome": "a(29,45) a(69,43) a(67,67) r(64,104) d(29)", "fitness": 0.0}
{"generation": 7, "position": 24, "parents": [36], "genome": "d(5) d(72) d(67) r(34,35) d(65) a(29,43) r(5,34) a(67,67) r(64,104) r(35,62)", "fitness": 0.0}
{"generation": 7, "position": 25, "parents": [10], "genome": "a(29,45) a(69,43) d(65) d(29) r(74,90) a(71,104) r(72,56) d(67) a(64,34)", "fitness": 0.0}
{"generation": 7, "position": 26, "parents": [35, 8], "genome": "d(5) d(72) d(67) r(34,35) d(65) a(64,105)", "fitness": 0.0}
{"generation": 7, "position": 27, "parents": [35, 8], "genome": "r(69,104) r(34,35) a(29,88) d(66) a(65,45) a(74,63) a(64,74) a(29,43) d(29) r(73,88)", "fitness": 0.0}
{"generation": 7, "position": 28, "parents": [35], "genome": "d(5) d(72) d(67) r(34,35) d(65) a(29,43) d(29) a(74,45)", "fitness": 0.0}
{"generation": 7, "position": 29, "parents": [8], "genome": "r(69,104) r(34,35) a(29,88) d(66) a(65,45) a(74,63) a(64,74) r(64,69)", "fitness": 0.0}
{"generation": 7, "position": 30, "parents": [5], "genome": "a(29,45) a(69,43) d(65) d(29) r(74,90) a(71,104) d(71) d(67) a(5,52)", "fitness": 0.0}
{"generation": 7, "position": 31, "parents": [2], "genome": "r(69,76) r(66,63) a(64,49) r(64,62) r(74,90) a(71,104) d(71) r(34,55) d(6)", "fitness": 0.0}
{"generation": 7, "position": 32, "parents": [36], "genome": "d(5) d(72) d(67) r(34,35) d(65) a(29,43) r(5,34) a(67,67) r(64,104) a(35,42)", "fitness": 15.0}
{"generation": 7, "position": 33, "parents": [10], "genome": "a(29,45) a(69,43) d(65) d(29) r(74,90) a(71,104) r(72,56) d(67) r(6,36)", "fitness": 0.0}
{"generation": 7, "position": 34, "parents": [47], "genome": "a(66,104) d(72) d(72) a(71,64) a(6,105) a(66,34) d(71) r(5,99) a(73,43)", "fitness": 0.0}
{"generation": 7, "position": 35, "parents": [2], "genome": "r(69,76) r(66,63) a(64,49) r(64,62) r(74,90) a(71,104) d(71) r(34,55) a(29,54)", "fitness": 15.0}
{"generation": 7, "position": 36, "parents": [30, 42], "genome": "a(29,45) r(72,88) r(6,40) d(67)", "fitness": 0.0}
{"generation": 7, "position": 37, "parents": [30, 42], "genome": "a(29,45) a(69,43) d(65) d(29) r(34,29) d(29) r(35,40) a(72,45) a(69,43) d(65) d(29) r(34,29) d(29) r(35,40) a(72,45) r(72,88) r(67,40) d(6)", "fitness": 0.0}
{"generation": 7, "position": 38, "parents": [30], "genome": "a(29,45) a(69,43) d(65) d(29) r(34,29) d(29) r(35,40) a(72,45) r(72,88) r(67,40) r(64,88)", "fitness": 0.0}
{"generation": 7, "position": 39, "parents": [42], "genome": "a(29,45) a(69,43) d(65) d(29) r(34,29) d(29) r(35,40) a(72,45) r(72,88) r(6,40) r(74,69)", "fitness": 0.0}
{"generation": 7, "position": 40, "parents": [18, 49], "genome": "r(69,104) r(34,35) a(29,88) d(66) d(64) d(35) d(5)", "fitness": 0.0}
{"generation": 7, "position": 41, "parents": [18, 49], "genome": "r(69,104) r(34,35) a(29,88) d(66) a(65,45) d(71) a(65,45) a(74,63) d(74) r(6,70)", "fitness": 0.0}
{"generation": 7, "position": 42, "parents": [18], "genome": "r(69,104) r(34,35) a(29,88) d(66) a(65,45) a(74,63) d(74) a(73,75)", "fitness": 0.0}
{"generation": 7, "position": 43, "parents": [49], "genome": "r(69,104) r(34,35) a(29,88) d(66) a(65,45) d(71) d(64) d(35) r(5,50)", "fitness": 0.0}
{"generation": 7, "position": 44, "parents": [13, 17], "genome": "d(5) r(69,72) a(35,5) d(5) r(65,88) r(34,105) r(29,47)", "fitness": 0.0}
{"generation": 7, "position": 45, "parents": [13, 17], "genome": "d(5) r(69,72) d(72) a(73,45) d(73) a(35,76) r(67,75)", "fitness": 4.0}
{"generation": 7, "position": 46, "parents": [13], "genome": "d(5) r(69,72) a(35,5) d(5) r(65,88) r(34,105) r(74,57)", "fitness": 0.0}
{"generation": 7, "position": 47, "parents": [17], "genome": "d(5) r(69,72) d(72) a(73,45) d(73) a(35,76) r(29,49)", "fitness": 4.0}
{"generation": 7, "position": 48, "parents": [53, 5], "genome": "d(5) r(65,88) d(29) r(74,90) a(71,104) d(71) d(67) a(64,52)", "fitness": 0.0}
{"generation": 7, "position": 49, "parents": [53, 5], "genome": "a(29,45) a(69,43) d(65) d(64) d(35) a(29,88) r(29,63) a(5,56)", "fitness": 15.0}
{"generation": 7, "position": 50, "parents": [53], "genome": "d(5) r(65,88) d(64) d(35) a(29,88) r(29,63)", "fitness": 0.0}
{"generation": 7, "position": 51, "parents": [5], "genome": "a(29,45) a(69,43) d(65) d(29) r(74,90) a(71,104) d(71) d(67) r(35,36)", "fitness": 0.0}
{"generation": 7, "position": 52, "parents": [11], "genome": "d(5) r(69,72) d(72) a(73,45) a(67,71) d(74) r(65,74)", "fitness": 0.0}
{"generation": 7, "position": 53, "parents": [28], "genome": "a(29,45) a(69,43) d(65) d(29) r(34,29) a(64,49) r(64,62) r(35,71) a(6,59)", "fitness": 15.0}
{"generation": 7, "position": 54, "parents": [47, 19], "genome": "a(66,104) r(66,63) a(64,49) r(64,62) a(29,38) r(35,46)", "fitness": 0.0}
{"generation": 7, "position": 55, "parents": [47, 19], "genome": "r(69,76) d(72) d(72) a(71,64) a(6,105) a(66,34) d(71) r(5,99) a(67,62)", "fitness": 0.0}
{"generation": 7, "position": 56, "parents": [47], "genome": "a(66,104) d(72) d(72) a(71,64) a(6,105) a(66,34) d(71) r(5,99) a(29,47)", "fitness": 0.0}
{"generation": 7, "position": 57, "parents": [19], "genome": "r(69,76) r(66,63) a(64,49) r(64,62) a(29,38) d(34)", "fitness": 0.0}
{"generation": 7, "position": 58, "parents": [3], "genome": "a(29,45) a(69,43) d(65) d(29) r(66,73) r(73,38)", "fitness": 0.0}
{"generation": 7, "position": 59, "parents": [54], "genome": "d(5) r(69,72) d(72) a(35,5) d(35) d(29) a(65,71) a(65,66)", "fitness": 0.0}
{"generation": 7, "position": 60, "parents": [44, 37], "genome": "r(69,104) r(34,35) a(29,88) d(66) d(72) r(29,57) r(74,90) r(5,44)", "fitness": 15.0}
{"generation": 7, "position": 61, "parents": [44, 37], "genome": "r(69,104) a(71,64) a(6,105) a(66,34) d(71) d(29) d(65)", "fitness": 0.0}
{"generation": 7, "position": 62, "parents": [44], "genome": "r(69,104) r(34,35) a(29,88) d(66) d(72) a(71,64) a(6,105) a(66,34) d(71) d(29) r(6,90)", "fitness": 0.0}
{"generation": 7, "position": 63, "parents": [37], "genome": "r(69,104) r(29,57) r(74,90) r(72,69)", "fitness": 0.0}
{"generation": 7, "position": 64, "parents": [29, 57], "genome": "r(69,76) r(66,63) d(29) r(35,40) a(73,43)", "fitness": 0.0}
{"generation": 7, "position": 65, "parents": [29, 57], "genome": "d(5) r(64,74) a(35,5) d(35) d(29) a(72,45) r(72,88) a(65,76)", "fitness": 0.0}
{"generation": 7, "position": 66, "parents": [29], "genome": "r(69,76) r(66,63) d(29) r(35,40) a(72,45) r(72,88) a(65,76) r(73,52)", "fitness": 0.0}
{"generation": 8, "position": 0, "parents": [4], "genome": "r(69,104) r(34,35) a(29,88) d(66) a(65,45) a(74,63) a(64,74) d(35) r(64,72)", "fitness": 0.0}
{"generation": 8, "position": 1, "parents": [22], "genome": "d(5) d(72) d(67) r(34,35) d(65) a(29,43) r(5,34) d(65) d(29) r(74,90) a(71,104) r(72,56) d(67) d(73) r(66,44)", "fitness": 15.0}
{"generation": 8, "position": 2, "parents": [30], "genome": "a(29,45) a(69,43) d(65) d(29) r(74,90) a(71,104) d(71) d(67) a(5,52) d(64)", "fitness": 0.0}
{"generation": 8, "position": 3, "parents": [20], "genome": "a(29,45) a(69,43) d(65) d(29) r(74,90) d(29) r(34,29) d(29) r(35,40) a(72,45) d(6) a(5,55) r(66,52) d(73)", "fitness": 0.0}
{"generation": 8, "position": 4, "parents": [37, 27], "genome": "a(29,45) a(69,43) d(65) d(29) r(34,29) d(29) r(35,40) a(72,45) a(69,43) d(65) d(29) r(34,29) d(29) r(35,40) r(73,34)", "fitness": 0.0}
{"generation": 8, "position": 5, "parents": [37, 27], "genome": "r(69,104) r(34,35) a(29,88) d(66) a(65,45) a(74,63) a(64,74) a(29,43) d(29) r(73,88) a(72,45) r(72,88) r(67,40) d(6) a(35,104)", "fitness": 0.0}
{"generation": 8, "position": 6, "parents": [37], "genome": "a(29,45) a(69,43) d(65) d(29) r(34,29) d(29) r(35,40) a(72,45) a(69,43) d(65) d(29) r(34,29) d(29) r(35,40) a(72,45) r(72,88) r(67,40) d(6) a(74,64)", "fitness": 0.0}
{"generation": 8, "position": 7, "parents": [27], "genome": "r(69,104) r(34,35) a(29,88) d(66) a(65,45) a(74,63) a(64,74) a(29,43) d(29) r(73,88) a(5,52)", "fitness": 0.0}
{"generation": 8, "position": 8, "parents": [23, 18], "genome": "a(29,45) r(34,29) a(69,43) d(65) d(29) r(74,90) a(74,63) d(71) r(6,45) r(69,64)", "fitness": 0.0}
{"generation": 8, "position": 9, "parents": [23, 18], "genome": "a(29,45) a(69,43) d(65) d(29) r(74,90) d(29) a(69,43) a(67,67) r(64,104) d(29) a(5,5)", "fitness": 0.0}
{"generation": 8, "position": 10, "parents": [23], "genome": "a(29,45) a(69,43) a(67,67) r(64,104) d(29) d(35)", "fitness": 0.0}
{"generation": 8, "position": 11, "parents": [18], "genome": "a(29,45) a(69,43) d(65) d(29) r(74,90) d(29) r(34,29) a(69,43) d(65) d(29) r(74,90) a(74,63) d(71) r(6,45) d(72)", "fitness": 0.0}
{"generation": 8, "position": 12, "parents": [29], "genome": "r(69,104) r(34,35) a(29,88) d(66) a(65,45) a(74,63) a(64,74) r(64,69) a(29,91)", "fitness": 15.0}
{"generation": 8, "position": 13, "parents": [26], "genome": "d(5) d(72) d(67) r(34,35) d(65) a(64,105) r(71,105)", "fitness": 0.0}
{"generation": 8, "position": 14, "parents": [26], "genome": "d(5) d(72) d(67) r(34,35) d(65) a(64,105) r(69,72)", "fitness": 0.0}
{"generation": 8, "position": 15, "parents": [5], "genome": "d(5) r(65,88) d(64) d(35) r(34,36) a(29,88) d(29)", "fitness": 0.0}
{"generation": 8, "position": 16, "parents": [55], "genome": "r(69,76) d(72) d(72) a(71,64) a(6,105) a(66,34) d(71) r(5,99) a(67,62) d(74)", "fitness": 0.0}
{"generation": 8, "position": 17, "parents": [39], "genome": "a(29,45) a(69,43) d(65) d(29) r(34,29) d(29) r(35,40) a(72,45) r(72,88) r(6,40) r(74,69) a(73,99)", "fitness": 0.0}
{"generation": 8, "position": 18, "parents": [51], "genome": "a(29,45) a(69,43) d(65) d(29) r(74,90) a(71,104) d(71) d(67) r(35,36) d(69)", "fitness": 0.0}
{"generation": 8, "position": 19, "parents": [20], "genome": "a(29,45) a(69,43) d(65) d(29) r(74,90) d(29) r(34,29) d(29) r(35,40) a(72,45) d(6) a(5,55) r(66,52) r(5,38)", "fitness": 0.0}
{"generation": 8, "position": 20, "parents": [26], "genome": "d(5) d(72) d(67) r(34,35) d(65) a(64,105) d(71)", "fitness": 0.0}
{"generation": 8, "position": 21, "parents": [33], "genome": "a(29,45) a(69,43) d(65) d(29) r(74,90) a(71,104) r(72,56) d(67) r(6,36) r(73,63)", "fitness": 0.0}
{"generation": 8, "position": 22, "parents": [56], "genome": "a(66,104) d(72) d(72) a(71,64) a(6,105) a(66,34) d(71) r(5,99) a(29,47) d(66)", "fitness": 0.0}
{"generation": 8, "position": 23, "parents": [40], "genome": "r(69,104) r(34,35) a(29,88) d(66) d(64) d(35) d(5) r(29,70)", "fitness": 0.0}
{"generation": 8, "position": 24, "parents": [18, 2], "genome": "a(29,45) a(69,43) d(65) d(29) r(74,90) d(29) r(34,29) a(69,43) d(65) d(29) r(74,90) a(74,63) d(71) r(6,45) d(66) a(65,45) r(65,88) d(64) d(35) r(34,36) a(29,88) d(29) d(6) a(5,44)", "fitness": 0.0}
{"generation": 8, "position": 25, "parents": [18, 2], "genome": "r(69,104) r(34,35) a(29,88) d(72)", "fitness": 0.0}
{"generation": 8, "position": 26, "parents": [18], "genome": "a(29,45) a(69,43) d(65) d(29) r(74,90) d(29) r(34,29) a(69,43) d(65) d(29) r(74,90) a(74,63) d(71) r(6,45) d(64)", "fitness": 0.0}
{"generation": 8, "position": 27, "parents": [2], "genome": "r(69,104) r(34,35) a(29,88) d(66) a(65,45) r(65,88) d(64) d(35) r(34,36) a(29,88) d(29) d(6) r(5,46)", "fitness": 15.0}
{"generation": 8, "position": 28, "parents": [12], "genome": "d(5) d(72) d(67) r(34,35) d(65) a(29,43) r(5,34) a(67,67) r(64,104) a(35,58) r(35,88)", "fitness": 0.0}
{"generation": 8, "position": 29, "parents": [66], "genome": "r(69,76) r(66,63) d(29) r(35,40) a(72,45) r(72,88) a(65,76) r(73,52) d(74)", "fitness": 0.0}
{"generation": 8, "position": 30, "parents": [27], "genome": "r(69,104) r(34,35) a(29,88) d(66) a(65,45) a(74,63) a(64,74) a(29,43) d(29) r(73,88) d(65)", "fitness": 0.0}
{"generation": 8, "position": 31, "parents": [13], "genome": "d(5) d(72) d(67) r(34,35) d(65) a(29,43) d(29) d(35) r(73,63)", "fitness": 0.0}
{"generation": 8, "position": 32, "parents": [25], "genome": "a(29,45) a(69,43) d(65) d(29) r(74,90) a(71,104) r(72,56) d(67) a(64,34) a(66,63)", "fitness": 0.0}
{"generation": 8, "position": 33, "parents": [52], "genome": "d(5) r(69,72) d(72) a(73,45) a(67,71) d(74) r(65,74) a(34,76)", "fitness": 15.0}
{"generation": 8, "position": 34, "parents": [57], "genome": "r(69,76) r(66,63) a(64,49) r(64,62) a(29,38) d(34) a(35,49)", "fitness": 0.0}
{"generation": 8, "position": 35, "parents": [27], "genome": "r(69,104) r(34,35) a(29,88) d(66) a(65,45) a(74,63) a(64,74) a(29,43) d(29) r(73,88) a(65,62)", "fitness": 0.0}
{"generation": 8, "position": 36, "parents": [61, 30], "genome": "r(69,104) a(71,64) a(5,52) a(74,90)", "fitness": 0.0}
{"generation": 8, "position": 37, "parents": [61, 30], "genome": "a(29,45) a(69,43) d(65) d(29) r(74,90) a(71,104) d(71) d(67) a(6,105) a(66,34) d(71) d(29) d(65) r(72,75)", "fitness": 0.0}
{"generation": 8, "position": 38, "parents": [61], "genome": "r(69,104) a(71,64) a(6,105) a(66,34) d(71) d(29) d(65) r(74,49)", "fitness": 0.0}
{"generation": 8, "position": 39, "parents": [30], "genome": "a(29,45) a(69,43) d(65) d(29) r(74,90) a(71,104) d(71) d(67) a(5,52) d(5)", "fitness": 0.0}
{"generation": 8, "position": 40, "parents": [39], "genome": "a(29,45) a(69,43) d(65) d(29) r(34,29) d(29) r(35,40) a(72,45) r(72,88) r(6,40) r(74,69) d(64)", "fitness": 0.0}
{"generation": 8, "position": 41, "parents": [42], "genome": "r(69,104) r(34,35) a(29,88) d(66) a(65,45) a(74,63) d(74) a(73,75) d(5)", "fitness": 0.0}
{"generation": 8, "position": 42, "parents": [57, 65], "genome": "r(69,76) r(66,63) d(35) d(29) a(72,45) r(72,88) a(65,76) r(64,75)", "fitness": 0.0}
{"generation": 8, "position": 43, "parents": [57, 65], "genome": "d(5) r(64,74) a(35,5) a(64,49) r(64,62) a(29,38) d(34) d(29)", "fitness": 0.0}
{"generation": 8, "position": 44, "parents": [57], "genome": "r(69,76) r(66,63) a(64,49) r(64,62) a(29,38) d(34) d(6)", "fitness": 0.0}
{"generation": 8, "position": 45, "parents": [65], "genome": "d(5) r(64,74) a(35,5) d(35) d(29) a(72,45) r(72,88) a(65,76)", "fitness": 0.0}
{"generation": 8, "position": 46, "parents": [7], "genome": "a(29,45) a(69,43) a(64,49) r(64,62) a(29,38) d(6) r(29,105)", "fitness": 0.0}
{"generation": 8, "position": 47, "parents": [67], "genome": "d(5) r(64,74) a(35,5) d(35) d(29)", "fitness": 0.0}
{"generation": 8, "position": 48, "parents": [40], "genome": "r(69,104) r(34,35) a(29,88) d(66) d(64) d(35) d(5) r(29,39)", "fitness": 0.0}
{"generation": 9, "position": 0, "parents": [13], "genome": "d(5) d(72) d(67) r(34,35) d(65) a(64,105) r(71,105) a(69,44)", "fitness": 15.0}
{"generation": 9, "position": 1, "parents": [19], "genome": "a(29,45) a(69,43) d(65) d(29) r(74,90) d(29) r(34,29) d(29) r(35,40) a(72,45) d(6) a(5,55) r(66,52) r(5,38) r(64,76)", "fitness": 0.0}
{"generation": 9, "position": 2, "parents": [13, 45], "genome": "d(5) d(72) d(67) r(34,35) d(65) a(64,105) r(71,105) a(65,76) d(64)", "fitness": 0.0}
{"generation": 9, "position": 3, "parents": [13, 45], "genome": "d(5) r(64,74) a(35,5) d(35) d(29) a(72,45) r(72,88)", "fitness": 0.0}
{"generation": 9, "position": 4, "parents": [13], "genome": "d(5) d(72) d(67) r(34,35) d(65) a(64,105) r(71,105) r(69,56)", "fitness": 15.0}
{"generation": 9, "position": 5, "parents": [45], "genome": "d(5) r(64,74) a(35,5) d(35) d(29) a(72,45) r(72,88) a(65,76)", "fitness": 0.0}
{"generation": 9, "position": 6, "parents": [45], "genome": "d(5) r(64,74) a(35,5) d(35) d(29) a(72,45) r(72,88) a(65,76)", "fitness": 0.0}
{"generation": 9, "position": 7, "parents": [35], "genome": "r(69,104) r(34,35) a(29,88) d(66) a(65,45) a(74,63) a(64,74) a(29,43) d(29) r(73,88) a(65,62) d(72)", "fitness": 0.0}
{"generation": 9, "position": 8, "parents": [40, 12], "genome": "a(29,45) a(69,43) d(65) d(29) r(34,29) d(29) r(35,40) a(72,45) r(72,88) r(6,40) a(64,74) r(64,69) a(29,91) r(5,58)", "fitness": 15.0}
{"generation": 9, "position": 9, "parents": [40, 12], "genome": "r(69,104) r(34,35) a(29,88) d(66) a(65,45) a(74,63) r(74,69) d(64) a(6,47)", "fitness": 0.0}
{"generation": 9, "position": 10, "parents": [40], "genome": "a(29,45) a(69,43) d(65) d(29) r(34,29) d(29) r(35,40) a(72,45) r(72,88) r(6,40) r(74,69) d(64) r(5,52)", "fitness": 0.0}
{"generation": 9, "position": 11, "parents": [12], "genome": "r(69,104) r(34,35) a(29,88) d(66) a(65,45) a(74,63) a(64,74) r(64,69) a(29,91) r(29,38)", "fitness": 15.0}
{"generation": 9, "position": 12, "parents": [10], "genome": "a(29,45) a(69,43) a(67,67) r(64,104) d(29) d(35) d(6)", "fitness": 0.0}
{"generation": 9, "position": 13, "parents": [11], "genome": "a(29,45) a(69,43) d(65) d(29) r(74,90) d(29) r(34,29) a(69,43) d(65) d(29) r(74,90) a(74,63) d(71) r(6,45) d(72) d(35)", "fitness": 0.0}
{"generation": 9, "position": 14, "parents": [35], "genome": "r(69,104) r(34,35) a(29,88) d(66) a(65,45) a(74,63) a(64,74) a(29,43) d(29) r(73,88) a(65,62) d(6)", "fitness": 0.0}
{"generation": 9, "position": 15, "parents": [4], "genome": "a(29,45) a(69,43) d(65) d(29) r(34,29) d(29) r(35,40) a(72,45) a(69,43) d(65) d(29) r(34,29) d(29) r(35,40) r(73,34) d(69)", "fitness": 0.0}
{"generation": 9, "position": 16, "parents": [9], "genome": "a(29,45) a(69,43) d(65) d(29) r(74,90) d(29) a(69,43) a(67,67) r(64,104) d(29) a(5,5) d(35)", "fitness": 0.0}
{"generation": 9, "position": 17, "parents": [13], "genome": "d(5) d(72) d(67) r(34,35) d(65) a(64,105) r(71,105) a(73,56)", "fitness": 15.0}
{"generation": 9, "position": 18, "parents": [5, 11], "genome": "r(69,104) r(34,35) a(29,88) d(66) a(65,45) a(74,63) a(64,74) a(29,43) d(29) r(73,88) a(72,45) r(72,88) r(67,40) d(29) r(74,90) a(74,63) d(71) r(6,45) d(72) d(5)", "fitness": 0.0}
{"generation": 9, "position": 19, "parents": [5, 11], "genome": "a(29,45) a(69,43) d(65) d(29) r(74,90) d(29) r(34,29) a(69,43) d(65) d(6) a(35,104) r(71,75)", "fitness": 0.0}
{"generation": 9, "position": 20, "parents": [5], "genome": "r(69,104) r(34,35) a(29,88) d(66) a(65,45) a(74,63) a(64,74) a(29,43) d(29) r(73,88) a(72,45) r(72,88) r(67,40) d(6) a(35,104) a(65,56)", "fitness": 0.0}
{"generation": 9, "position": 21, "parents": [11], "genome": "a(29,45) a(69,43) d(65) d(29) r(74,90) d(29) r(34,29) a(69,43) d(65) d(29) r(74,90) a(74,63) d(71) r(6,45) d(72) a(64,69)", "fitness": 0.0}
{"generation": 9, "position": 22, "parents": [28, 40], "genome": "d(5) d(72) d(67) r(34,35) d(65) a(29,43) r(5,34) a(67,67) r(34,29) d(29) r(35,40) a(72,45) r(72,88) r(6,40) r(74,69) d(64)", "fitness": 0.0}
{"generation": 9, "position": 23, "parents": [28, 40], "genome": "a(29,45) a(69,43) d(65) d(29) r(64,104) a(35,58) r(35,88) r(6,54)", "fitness": 0.0}
{"generation": 9, "position": 24, "parents": [28], "genome": "d(5) d(72) d(67) r(34,35) d(65) a(29,43) r(5,34) a(67,67) r(64,104) a(35,58) r(35,88) r(29,58)", "fitness": 15.0}
{"generation": 9, "position": 25, "parents": [40], "genome": "a(29,45) a(69,43) d(65) d(29) r(34,29) d(29) r(35,40) a(72,45) r(72,88) r(6,40) r(74,69) d(64) d(5)", "fitness": 0.0}
{"generation": 9, "position": 26, "parents": [22], "genome": "a(66,104) d(72) d(72) a(71,64) a(6,105) a(66,34) d(71) r(5,99) a(29,47) d(66) r(35,43)", "fitness": 0.0}
{"generation": 9, "position": 27, "parents": [9], "genome": "a(29,45) a(69,43) d(65) d(29) r(74,90) d(29) a(69,43) a(67,67) r(64,104) d(29) a(5,5) r(5,37)", "fitness": 15.0}
{"generation": 9, "position": 28, "parents": [30, 0], "genome": "r(69,104) r(34,35) a(29,88) d(66) d(66) a(65,45) a(74,63) a(64,74) d(35) r(64,72) r(6,5)", "fitness": 0.0}
{"generation": 9, "position": 29, "parents": [30, 0], "genome": "r(69,104) r(34,35) a(29,88) a(65,45) a(74,63) a(64,74) a(29,43) d(29) r(73,88) d(65) r(72,73)", "fitness": 0.0}
{"generation": 9, "position": 30, "parents": [30], "genome": "r(69,104) r(34,35) a(29,88) d(66) a(65,45) a(74,63) a(64,74) a(29,43) d(29) r(73,88) d(65) a(64,88)", "fitness": 0.0}
{"generation": 9, "position": 31, "parents": [0], "genome": "r(69,104) r(34,35) a(29,88) d(66) a(65,45) a(74,63) a(64,74) d(35) r(64,72) r(29,88)", "fitness": 0.0}
{"generation": 9, "position": 32, "parents": [31], "genome": "d(5) d(72) d(67) r(34,35) d(65) a(29,43) d(29) d(35) r(73,63) r(74,56)", "fitness": 15.0}
{"generation": 9, "position": 33, "parents": [16], "genome": "r(69,76) d(72) d(72) a(71,64) a(6,105) a(66,34) d(71) r(5,99) a(67,62) d(74) r(34,91)", "fitness": 15.0}
{"generation": 9, "position": 34, "parents": [42], "genome": "r(69,76) r(66,63) d(35) d(29) a(72,45) r(72,88) a(65,76) r(64,75) a(5,50)", "fitness": 0.0}
{"generation": 9, "position": 35, "parents": [47], "genome": "d(5) r(64,74) a(35,5) d(35) d(29)", "fitness": 0.0}
{"generation": 9, "position": 36, "parents": [44], "genome": "r(69,76) r(66,63) a(64,49) r(64,62) a(29,38) d(34) d(6) d(5)", "fitness": 0.0}
{"generation": 9, "position": 37, "parents": [38], "genome": "r(69,104) a(71,64) a(6,105) a(66,34) d(71) d(29) d(65) r(74,49) d(73)", "fitness": 0.0}
{"generation": 9, "position": 38, "parents": [48, 37], "genome": "r(69,104) a(71,104) d(71) d(67) a(6,105) a(66,34) d(71) d(29) d(65) r(72,75) d(64)", "fitness": 0.0}
{"generation": 9, "position": 39, "parents": [48, 37], "genome": "a(29,45) a(69,43) d(65) d(29) r(74,90) r(34,35) a(29,88) d(66) d(64) d(35) d(5) r(29,39)", "fitness": 0.0}
{"generation": 9, "position": 40, "parents": [48], "genome": "r(69,104) r(34,35) a(29,88) d(66) d(64) d(35) d(5) r(29,39)", "fitness": 0.0}
{"generation": 9, "position": 41, "parents": [37], "genome": "a(29,45) a(69,43) d(65) d(29) r(74,90) a(71,104) d(71) d(67) a(6,105) a(66,34) d(71) d(29) d(65) r(72,75) r(66,55)", "fitness": 0.0}
{"generation": 9, "position": 42, "parents": [39], "genome": "a(29,45) a(69,43) d(65) d(29) r(74,90) a(71,104) d(71) d(67) a(5,52) d(5) r(64,50)", "fitness": 0.0}
{"generation": 9, "position": 43, "parents": [28], "genome": "d(5) d(72) d(67) r(34,35) d(65) a(29,43) r(5,34) a(67,67) r(64,104) a(35,58) r(35,88) r(29,55)", "fitness": 15.0}
{"generation": 9, "position": 44, "parents": [0, 14], "genome": "r(69,104) r(34,35) a(29,88) d(66) a(65,45) a(74,63) a(64,74) d(35) d(72) d(67) r(34,35) d(65) a(64,105) r(69,72) r(64,52)", "fitness": 0.0}
{"generation": 9, "position": 45, "parents": [0, 14], "genome": "d(5) r(64,72) r(34,105)", "fitness": 0.0}
{"generation": 9, "position": 46, "parents": [0], "genome": "r(69,104) r(34,35) a(29,88) d(66) a(65,45) a(74,63) a(64,74) d(35) r(64,72) a(5,43)", "fitness": 0.0}
{"generation": 9, "position": 47, "parents": [14], "genome": "d(5) d(72) d(67) r(34,35) d(65) a(64,105) r(69,72) d(66)", "fitness": 0.0}
{"generation": 9, "position": 48, "parents": [8, 0], "genome": "a(29,45) r(34,29) r(34,35) a(29,88) d(66) a(65,45) a(74,63) a(64,74) d(35) r(64,72) d(5)", "fitness": 0.0}
{"generation": 9, "position": 49, "parents": [8, 0], "genome": "r(69,104) a(69,43) d(65) d(29) r(74,90) a(74,63) d(71) r(6,45) r(69,64) a(64,72)", "fitness": 0.0}
{"generation": 9, "position": 50, "parents": [8], "genome": "a(29,45) r(34,29) a(69,43) d(65) d(29) r(74,90) a(74,63) d(71) r(6,45) r(69,64) r(73,91)", "fitness": 0.0}
{"generation": 9, "position": 51, "parents": [0], "genome": "r(69,104) r(34,35) a(29,88) d(66) a(65,45) a(74,63) a(64,74) d(35) r(64,72) a(5,46)", "fitness": 0.0}
{"generation": 9, "position": 52, "parents": [34], "genome": "r(69,76) r(66,63) a(64,49) r(64,62) a(29,38) d(34) a(35,49) a(5,99)", "fitness": 0.0}
{"generation": 9, "position": 53, "parents": [3], "genome": "a(29,45) a(69,43) d(65) d(29) r(74,90) d(29) r(34,29) d(29) r(35,40) a(72,45) d(6) a(5,55) r(66,52) d(73) a(69,50)", "fitness": 0.0}
{"generation": 9, "position": 54, "parents": [47], "genome": "d(5) r(64,74) a(35,5) d(35) d(29)", "fitness": 0.0}
{"generation": 10, "position": 0, "parents": [39], "genome": "a(29,45) a(69,43) d(65) d(29) r(74,90) r(34,35) a(29,88) d(66) d(64) d(35) d(5) r(29,39)", "fitness": 0.0}
{"generation": 10, "position": 1, "parents": [45], "genome": "d(5) r(64,72) r(34,105) a(35,40)", "fitness": 0.0}
{"generation": 10, "position": 2, "parents": [35, 18], "genome": "d(5) r(64,74) a(35,5) a(64,74) a(29,43) d(29) r(73,88) a(72,45) r(72,88) r(67,40) d(29) r(74,90) a(74,63) d(71) r(6,45) d(72) d(5) a(35,56)", "fitness": 0.0}
{"generation": 10, "position": 3, "parents": [35, 18], "genome": "r(69,104) r(34,35) a(29,88) d(66) a(65,45) a(74,63) d(35) d(29) r(65,88)", "fitness": 0.0}
{"generation": 10, "position": 4, "parents": [35], "genome": "d(5) r(64,74) a(35,5) d(35) d(29)", "fitness": 0.0}
{"generation": 10, "position": 5, "parents": [18], "genome": "r(69,104) r(34,35) a(29,88) d(66) a(65,45) a(74,63) a(64,74) a(29,43) d(29) r(73,88) a(72,45) r(72,88) r(67,40) d(29) r(74,90) a(74,63) d(71) r(6,45) d(72) d(5) a(65,91)", "fitness": 0.0}
{"generation": 10, "position": 6, "parents": [51, 37], "genome": "r(69,104) r(34,35) a(29,88) d(66) a(6,105) a(66,34) d(71) d(29) d(65) r(74,49) d(73) r(5,88)", "fitness": 0.0}
{"generation": 10, "position": 7, "parents": [51, 37], "genome": "r(69,104) a(71,64) a(65,45) a(74,63) a(64,74) d(35) r(64,72) a(5,46) a(34,40)", "fitness": 0.0}
{"generation": 10, "position": 8, "parents": [51], "genome": "r(69,104) r(34,35) a(29,88) d(66) a(65,45) a(74,63) a(64,74) d(35) r(64,72) a(5,46) a(6,70)", "fitness": 0.0}
{"generation": 10, "position": 9, "parents": [37], "genome": "r(69,104) a(71,64) a(6,105) a(66,34) d(71) d(29) d(65) r(74,49) d(73) r(67,55)", "fitness": 0.0}
{"generation": 10, "position": 10, "parents": [22], "genome": "d(5) d(72) d(67) r(34,35) d(65) a(29,43) r(5,34) a(67,67) r(34,29) d(29) r(35,40) a(72,45) r(72,88) r(6,40) r(74,69) d(64)", "fitness": 0.0}
{"generation": 10, "position": 11, "parents": [22], "genome": "d(5) d(72) d(67) r(34,35) d(65) a(29,43) r(5,34) a(67,67) r(34,29) d(29) r(35,40) a(72,45) r(72,88) r(6,40) r(74,69) d(64)", "fitness": 0.0}
{"generation": 10, "position": 12, "parents": [23], "genome": "a(29,45) a(69,43) d(65) d(29) r(64,104) a(35,58) r(35,88) r(6,54) a(5,47)", "fitness": 0.0}
{"generation": 10, "position": 13, "parents": [10], "genome": "a(29,45) a(69,43) d(65) d(29) r(34,29) d(29) r(35,40) a(72,45) r(72,88) r(6,40) r(74,69) d(64) r(5,52)", "fitness": 0.0}
{"generation": 10, "position": 14, "parents": [35, 54], "genome": "d(5) r(64,74) a(35,5) d(35) d(29)", "fitness": 0.0}
{"generation": 10, "position": 15, "parents": [35, 54], "genome": "d(5) r(64,74) a(35,5) d(35) d(29)", "fitness": 0.0}
{"generation": 10, "position": 16, "parents": [35], "genome": "d(5) r(64,74) a(35,5) d(35) d(29)", "fitness": 0.0}
{"generation": 10, "position": 17, "parents": [54], "genome": "d(5) r(64,74) a(35,5) d(35) d(29)", "fitness": 0.0}
{"generation": 10, "position": 18, "parents": [26, 35], "genome": "a(66,104) d(72) d(72) a(71,64) a(6,105) a(66,34) d(71) r(5,99) a(29,47) d(66) r(64,74) a(35,5) d(35) d(29)", "fitness": 0.0}
{"generation": 10, "position": 19, "parents": [26, 35], "genome": "d(5) r(35,43) r(72,69)", "fitness": 0.0}
{"generation": 10, "position": 20, "parents": [26], "genome": "a(66,104) d(72) d(72) a(71,64) a(6,105) a(66,34) d(71) r(5,99) a(29,47) d(66) r(35,43) d(34)", "fitness": 0.0}
{"generation": 10, "position": 21, "parents": [35], "genome": "d(5) r(64,74) a(35,5) d(35) d(29)", "fitness": 0.0}
{"generation": 10, "position": 22, "parents": [28, 45], "genome": "r(69,104) r(34,35) a(29,88) d(66) r(64,72) r(34,105) d(6)", "fitness": 0.0}
{"generation": 10, "position": 23, "parents": [28, 45], "genome": "d(5) d(66) a(65,45) a(74,63) a(64,74) d(35) r(64,72) r(6,5) a(29,39)", "fitness": 0.0}
{"generation": 10, "position": 24, "parents": [28], "genome": "r(69,104) r(34,35) a(29,88) d(66) d(66) a(65,45) a(74,63) a(64,74) d(35) r(64,72) r(6,5) d(29)", "fitness": 0.0}
{"generation": 10, "position": 25, "parents": [45], "genome": "d(5) r(64,72) r(34,105) r(35,53)", "fitness": 15.0}
{"generation": 10, "position": 26, "parents": [39, 16], "genome": "a(29,45) a(69,43) d(65) d(29) r(74,90) r(34,35) a(29,88) d(66) d(64) d(35) d(5) r(29,39) a(67,67) r(64,104) d(29) a(5,5) d(35)", "fitness": 0.0}
{"generation": 10, "position": 27, "parents": [39, 16], "genome": "a(29,45) a(69,43) d(65) d(29) r(74,90) d(29) a(69,43) a(35,43)", "fitness": 0.0}
{"generation": 10, "position": 28, "parents": [39], "genome": "a(29,45) a(69,43) d(65) d(29) r(74,90) r(34,35) a(29,88) d(66) d(64) d(35) d(5) r(29,39)", "fitness": 0.0}
{"generation": 10, "position": 29, "parents": [16], "genome": "a(29,45) a(69,43) d(65) d(29) r(74,90) d(29) a(69,43) a(67,67) r(64,104) d(29) a(5,5) d(35) r(5,43)", "fitness": 0.0}
{"generation": 10, "position": 30, "parents": [2], "genome": "d(5) d(72) d(67) r(34,35) d(65) a(64,105) r(71,105) a(65,76) d(64) r(35,47)", "fitness": 0.0}
{"generation": 10, "position": 31, "parents": [41], "genome": "a(29,45) a(69,43) d(65) d(29) r(74,90) a(71,104) d(71) d(67) a(6,105) a(66,34) d(71) d(29) d(65) r(72,75) r(66,55) r(6,38)", "fitness": 0.0}
{"generation": 10, "position": 32, "parents": [48], "genome": "a(29,45) r(34,29) r(34,35) a(29,88) d(66) a(65,45) a(74,63) a(64,74) d(35) r(64,72) d(5) r(29,43)", "fitness": 0.0}
{"generation": 10, "position": 33, "parents": [55], "genome": "a(29,45) a(69,43) d(65) d(29) r(74,90) a(71,104) d(71) d(67) a(5,52) d(64) a(6,46) d(35)", "fitness": 15.0}
{"generation": 10, "position": 34, "parents": [18], "genome": "r(69,104) r(34,35) a(29,88) d(66) a(65,45) a(74,63) a(64,74) a(29,43) d(29) r(73,88) a(72,45) r(72,88) r(67,40) d(29) r(74,90) a(74,63) d(71) r(6,45) d(72) d(5) d(65)", "fitness": 0.0}
{"generation": 10, "position": 35, "parents": [41], "genome": "a(29,45) a(69,43) d(65) d(29) r(74,90) a(71,104) d(71) d(67) a(6,105) a(66,34) d(71) d(29) d(65) r(72,75) r(66,55) a(73,104)", "fitness": 0.0}
{"generation": 10, "position": 36, "parents": [44, 14], "genome": "r(69,104) r(34,35) a(29,88) d(66) a(65,45) d(6) d(64)", "fitness": 0.0}
{"generation": 10, "position": 37, "parents": [44, 14], "genome": "r(69,104) r(34,35) a(29,88) d(66) a(65,45) a(74,63) a(64,74) a(29,43) d(29) r(73,88) a(65,62) a(74,63) a(64,74) d(35) d(72) d(67) r(34,35) d(65) a(64,105) r(69,72) r(64,52) d(6)", "fitness": 0.0}
{"generation": 10, "position": 38, "parents": [44], "genome": "r(69,104) r(34,35) a(29,88) d(66) a(65,45) a(74,63) a(64,74) d(35) d(72) d(67) r(34,35) d(65) a(64,105) r(69,72) r(64,52) d(5)", "fitness": 0.0}
{"generation": 10, "position": 39, "parents": [14], "genome": "r(69,104) r(34,35) a(29,88) d(66) a(65,45) a(74,63) a(64,74) a(29,43) d(29) r(73,88) a(65,62) d(6) a(35,50)", "fitness": 0.0}
{"generation": 10, "position": 40, "parents": [34, 15], "genome": "r(69,76) r(66,63) d(35) d(29) a(72,45) d(73)", "fitness": 0.0}
{"generation": 10, "position": 41, "parents": [34, 15], "genome": "a(29,45) a(69,43) d(65) d(29) r(34,29) d(29) r(35,40) a(72,45) a(69,43) d(65) d(29) r(34,29) d(29) r(35,40) r(73,34) d(69) r(72,88) a(65,76) r(64,75) a(5,50) a(5,38)", "fitness": 0.0}
{"generation": 10, "position": 42, "parents": [34], "genome": "r(69,76) r(66,63) d(35) d(29) a(72,45) r(72,88) a(65,76) r(64,75) a(5,50) d(5)", "fitness": 0.0}
{"generation": 10, "position": 43, "parents": [15], "genome": "a(29,45) a(69,43) d(65) d(29) r(34,29) d(29) r(35,40) a(72,45) a(69,43) d(65) d(29) r(34,29) d(29) r(35,40) r(73,34) d(69) r(74,55)", "fitness": 0.0}
{"generation": 10, "position": 44, "parents": [20], "genome": "r(69,104) r(34,35) a(29,88) d(66) a(65,45) a(74,63) a(64,74) a(29,43) d(29) r(73,88) a(72,45) r(72,88) r(67,40) d(6) a(35,104) a(65,56) r(65,91)", "fitness": 0.0}
{"generation": 10, "position": 45, "parents": [12], "genome": "a(29,45) a(69,43) a(67,67) r(64,104) d(29) d(35) d(6) d(5)", "fitness": 0.0}
{"generation": 10, "position": 46, "parents": [46], "genome": "r(69,104) r(34,35) a(29,88) d(66) a(65,45) a(74,63) a(64,74) d(35) r(64,72) a(5,43) r(29,37)", "fitness": 15.0}
{"generation": 10, "position": 47, "parents": [29], "genome": "r(69,104) r(34,35) a(29,88) a(65,45) a(74,63) a(64,74) a(29,43) d(29) r(73,88) d(65) r(72,73) a(64,67)", "fitness": 0.0}
{"generation": 10, "position": 48, "parents": [21, 51], "genome": "a(29,45) a(69,43) d(65) d(29) r(74,90) d(29) r(34,29) a(69,43) d(65) d(29) r(34,35) a(29,88) d(66) a(65,45) a(74,63) a(64,74) d(35) r(64,72) a(5,46) a(5,51)", "fitness": 0.0}
{"generation": 10, "position": 49, "parents": [21, 51], "genome": "r(69,104) r(74,90) a(74,63) d(71) r(6,45) d(72) a(64,69) r(64,44)", "fitness": 0.0}
{"generation": 10, "position": 50, "parents": [21], "genome": "a(29,45) a(69,43) d(65) d(29) r(74,90) d(29) r(34,29) a(69,43) d(65) d(29) r(74,90) a(74,63) d(71) r(6,45) d(72) a(64,69) a(67,65)", "fitness": 0.0}
{"generation": 10, "position": 51, "parents": [51], "genome": "r(69,104) r(34,35) a(29,88) d(66) a(65,45) a(74,63) a(64,74) d(35) r(64,72) a(5,46) r(29,105)", "fitness": 15.0}
{"generation": 10, "position": 52, "parents": [16], "genome": "a(29,45) a(69,43) d(65) d(29) r(74,90) d(29) a(69,43) a(67,67) r(64,104) d(29) a(5,5) d(35) r(6,58)", "fitness": 0.0}
{"generation": 10, "position": 53, "parents": [25], "genome": "a(29,45) a(69,43) d(65) d(29) r(34,29) d(29) r(35,40) a(72,45) r(72,88) r(6,40) r(74,69) d(64) d(5)", "fitness": 0.0}
{"generation": 10, "position": 54, "parents": [51], "genome": "r(69,104) r(34,35) a(29,88) d(66) a(65,45) a(74,63) a(64,74) d(35) r(64,72) a(5,46) r(5,42)", "fitness": 15.0}
{"generation": 10, "position": 55, "parents": [45], "genome": "d(5) r(64,72) r(34,105) r(35,57)", "fitness": 0.0}
{"generation": 10, "position": 56, "parents": [30, 46], "genome": "r(69,104) r(34,35) a(29,88) d(66) a(65,45) a(74,63) a(64,74) a(29,43) d(29) r(73,88) d(65) a(64,88) a(64,74) d(35) r(64,72) a(5,43) d(5)", "fitness": 0.0}
{"generation": 10, "position": 57, "parents": [30, 46], "genome": "r(69,104) r(34,35) a(29,88) d(66) a(65,45) a(74,63) r(65,91)", "fitness": 0.0}
{"generation": 10, "position": 58, "parents": [30], "genome": "r(69,104) r(34,35) a(29,88) d(66) a(65,45) a(74,63) a(64,74) a(29,43) d(29) r(73,88) d(65) a(64,88) r(64,71)", "fitness": 0.0}