[meta]
{"program": "genprog-3.0", "problem": {"ideal_fitness": "15", "type": "repair", "name": "uniq", "enclosure": {"1": 0, "2": 0, "3": 0, "4": 0, "5": 0, "6": 5, "7": 6, "9": 5, "10": 9, "11": 9, "12": 11, "13": 11, "14": 9, "15": 9, "17": 9, "18": 5, "19": 18, "20": 18, "21": 18, "23": 18, "24": 5, "25": 5, "26": 25, "27": 25, "29": 0, "30": 29, "31": 29, "32": 31, "33": 31, "34": 29, "35": 0, "36": 0, "37": 36, "38": 36, "39": 0, "40": 39, "41": 39, "42": 39, "43": 42, "44": 42, "45": 42, "46": 39, "47": 39, "48": 47, "49": 47, "50": 47, "51": 47, "52": 51, "53": 51, "54": 51, "55": 54, "56": 54, "57": 54, "58": 51, "59": 51, "60": 59, "62": 47, "63": 47, "64": 0, "65": 64, "66": 64, "67": 66, "69": 64, "70": 69, "71": 69, "72": 64, "73": 64, "74": 64, "75": 0, "76": 0, "78": 0, "79": 78, "80": 78, "81": 78, "83": 0, "85": 83, "86": 0, "87": 0, "88": 0, "89": 0, "90": 0, "91": 0, "92": 0, "93": 0, "94": 0, "95": 94, "96": 94, "97": 94, "98": 94, "99": 98, "101": 94, "102": 94, "103": 94, "104": 103, "105": 103, "106": 0, "107": 106, "108": 106, "109": 0, "110": 0, "111": 0, "112": 0, "113": 0, "114": 113, "115": 113, "116": 113, "117": 116, "119": 113, "120": 119, "121": 120, "122": 120, "123": 122, "125": 119, "126": 113, "127": 126, "129": 127, "131": 129, "133": 131, "134": 126, "135": 0, "136": 135, "137": 135, "138": 135, "139": 138, "140": 139, "143": 135, "144": 0, "145": 0, "146": 0}}, "version": "0.0.2", "seed": 19, "algorithm": {"representation": "patch", "type": "genetic", "name": "ALGORITHM-NAME"}}

[data]
{"generation": 0, "position": 0, "parents": [], "genome": "r(35,50)", "fitness": 15.0}
{"generation": 0, "position": 1, "parents": [], "genome": "r(34,70)", "fitness": 0.0}
{"generation": 0, "position": 2, "parents": [], "genome": "a(5,5)", "fitness": 5.0}
{"generation": 0, "position": 3, "parents": [], "genome": "d(69)", "fitness": 0.0}
{"generation": 0, "position": 4, "parents": [], "genome": "r(71,34)", "fitness": 5.0}
{"generation": 0, "position": 5, "parents": [], "genome": "r(74,88)", "fitness": 15.0}
{"generation": 0, "position": 6, "parents": [], "genome": "a(65,70)", "fitness": 15.0}
{"generation": 0, "position": 7, "parents": [], "genome": "a(66,104)", "fitness": 0.0}
{"generation": 0, "position": 8, "parents": [], "genome": "a(69,76)", "fitness": 15.0}
{"generation": 0, "position": 9, "parents": [], "genome": "a(29,53)", "fitness": 5.0}
{"generation": 0, "position": 10, "parents": [], "genome": "a(64,50)", "fitness": 5.0}
{"generation": 0, "position": 11, "parents": [], "genome": "d(29)", "fitness": 5.0}
{"generation": 0, "position": 12, "parents": [], "genome": "r(34,62)", "fitness": 5.0}
{"generation": 0, "position": 13, "parents": [], "genome": "d(66)", "fitness": 3.0}
{"generation": 0, "position": 14, "parents": [], "genome": "d(69)", "fitness": 0.0}
{"generation": 0, "position": 15, "parents": [], "genome": "d(6)", "fitness": 0.0}
{"generation": 0, "position": 16, "parents": [], "genome": "d(69)", "fitness": 0.0}
{"generation": 0, "position": 17, "parents": [], "genome": "r(6,40)", "fitness": 0.0}
{"generation": 0, "position": 18, "parents": [], "genome": "r(71,44)", "fitness": 15.0}
{"generation": 0, "position": 19, "parents": [], "genome": "r(69,70)", "fitness": 15.0}
{"generation": 0, "position": 20, "parents": [], "genome": "d(65)", "fitness": 0.0}
{"generation": 0, "position": 21, "parents": [], "genome": "d(74)", "fitness": 15.0}
{"generation": 0, "position": 22, "parents": [], "genome": "r(29,45)", "fitness": 5.0}
{"generation": 0, "position": 23, "parents": [], "genome": "r(74,45)", "fitness": 15.0}
{"generation": 0, "position": 24, "parents": [], "genome": "d(72)", "fitness": 15.0}
{"generation": 0, "position": 25, "parents": [], "genome": "d(74)", "fitness": 15.0}
{"generation": 0, "position": 26, "parents": [], "genome": "r(72,66)", "fitness": 15.0}
{"generation": 0, "position": 27, "parents": [], "genome": "r(66,76)", "fitness": 0.0}
{"generation": 0, "position": 28, "parents": [], "genome": "a(73,69)", "fitness": 5.0}
{"generation": 0, "position": 29, "parents": [], "genome": "a(74,72)", "fitness": 5.0}
{"generation": 0, "position": 30, "parents": [], "genome": "r(5,34)", "fitness": 5.0}
{"generation": 0, "position": 31, "parents": [], "genome": "r(74,72)", "fitness": 15.0}
{"generation": 0, "position": 32, "parents": [], "genome": "r(34,62)", "fitness": 5.0}
{"generation": 0, "position": 33, "parents": [], "genome": "r(5,71)", "fitness": 5.0}
{"generation": 0, "position": 34, "parents": [], "genome": "r(64,67)", "fitness": 0.0}
{"generation": 0, "position": 35, "parents": [], "genome": "r(5,49)", "fitness": 5.0}
{"generation": 0, "position": 36, "parents": [], "genome": "a(5,105)", "fitness": 5.0}
{"generation": 0, "position": 37, "parents": [], "genome": "r(34,38)", "fitness": 5.0}
{"generation": 0, "position": 38, "parents": [], "genome": "r(67,37)", "fitness": 15.0}
{"generation": 0, "position": 39, "parents": [], "genome": "original", "fitness": 5.0}
{"generation": 1, "position": 0, "parents": [28, 14], "genome": "a(73,69) d(66)", "fitness": 3.0}
{"generation": 1, "position": 1, "parents": [28, 14], "genome": "d(69) r(65,69)", "fitness": 0.0}
{"generation": 1, "position": 2, "parents": [28], "genome": "a(73,69) a(65,104)", "fitness": 0.0}
{"generation": 1, "position": 3, "parents": [14], "genome": "d(69) d(66)", "fitness": 0.0}
{"generation": 1, "position": 4, "parents": [7, 2], "genome": "a(66,104) a(71,72)", "fitness": 0.0}
{"generation": 1, "position": 5, "parents": [7, 2], "genome": "a(5,5) r(72,67)", "fitness": 15.0}
{"generation": 1, "position": 6, "parents": [7], "genome": "a(66,104) r(35,57)", "fitness": 15.0}
{"generation": 1, "position": 7, "parents": [2], "genome": "a(5,5) d(5)", "fitness": 5.0}
{"generation": 1, "position": 8, "parents": [17, 17], "genome": "r(6,40) d(74)", "fitness": 0.0}
{"generation": 1, "position": 9, "parents": [17, 17], "genome": "r(6,40) r(74,88)", "fitness": 0.0}
{"generation": 1, "position": 10, "parents": [17], "genome": "r(6,40) r(71,50)", "fitness": 0.0}
{"generation": 1, "position": 11, "parents": [17], "genome": "r(6,40) d(73)", "fitness": 0.0}
{"generation": 1, "position": 12, "parents": [20], "genome": "d(65) d(69)", "fitness": 0.0}
{"generation": 1, "position": 13, "parents": [2], "genome": "a(5,5) d(72)", "fitness": 15.0}
{"generation": 1, "position": 14, "parents": [2, 20], "genome": "a(5,5) d(71)", "fitness": 5.0}
{"generation": 1, "position": 15, "parents": [2, 20], "genome": "d(65) a(71,57)", "fitness": 0.0}
{"generation": 1, "position": 16, "parents": [2], "genome": "a(5,5) r(35,57)", "fitness": 15.0}
{"generation": 1, "position": 17, "parents": [20], "genome": "d(65) a(71,105)", "fitness": 0.0}
{"generation": 1, "position": 18, "parents": [13], "genome": "d(66) d(69)", "fitness": 0.0}
{"generation": 1, "position": 19, "parents": [14], "genome": "d(69) r(34,104)", "fitness": 15.0}
{"generation": 1, "position": 20, "parents": [29], "genome": "a(74,72) r(66,38)", "fitness": 3.0}
{"generation": 1, "position": 21, "parents": [33], "genome": "r(5,71) d(72)", "fitness": 0.0}
{"generation": 1, "position": 22, "parents": [16, 20], "genome": "d(69) a(66,43)", "fitness": 0.0}
{"generation": 1, "position": 23, "parents": [16, 20], "genome": "d(65) d(35)", "fitness": 15.0}
{"generation": 1, "position": 24, "parents": [16], "genome": "d(69) a(73,38)", "fitness": 0.0}
{"generation": 1, "position": 25, "parents": [20], "genome": "d(65) d(72)", "fitness": 0.0}
{"generation": 1, "position": 26, "parents": [22, 14], "genome": "r(29,45) a(73,38)", "fitness": 5.0}
{"generation": 1, "position": 27, "parents": [22, 14], "genome": "d(69) a(29,37)", "fitness": 15.0}
{"generation": 1, "position": 28, "parents": [22], "genome": "r(29,45) r(67,57)", "fitness": 5.0}
{"generation": 1, "position": 29, "parents": [14], "genome": "d(69) r(65,90)", "fitness": 0.0}
{"generation": 1, "position": 30, "parents": [3, 32], "genome": "d(69) d(67)", "fitness": 0.0}
{"generation": 1, "position": 31, "parents": [3, 32], "genome": "r(34,62) r(64,44)", "fitness": 15.0}
{"generation": 1, "position": 32, "parents": [3], "genome": "d(69) r(74,43)", "fitness": 0.0}
{"generation": 1, "position": 33, "parents": [32], "genome": "r(34,62) a(72,99)", "fitness": 5.0}
{"generation": 1, "position": 34, "parents": [27], "genome": "r(66,76) d(73)", "fitness": 0.0}
{"generation": 1, "position": 35, "parents": [15], "genome": "d(6) d(64)", "fitness": 0.0}
{"generation": 1, "position": 36, "parents": [7], "genome": "a(66,104) d(34)", "fitness": 0.0}
{"generation": 1, "position": 37, "parents": [4], "genome": "r(71,34) a(69,50)", "fitness": 5.0}
{"generation": 1, "position": 38, "parents": [16], "genome": "d(69) d(6)", "fitness": 0.0}
{"generation": 1, "position": 39, "parents": [27], "genome": "r(66,76) d(71)", "fitness": 0.0}
{"generation": 1, "position": 40, "parents": [9, 26], "genome": "a(29,53) a(66,34)", "fitness": 5.0}
{"generation": 1, "position": 41, "parents": [9, 26], "genome": "r(72,66) a(29,41)", "fitness": 15.0}
{"generation": 1, "position": 42, "parents": [9], "genome": "a(29,53) d(67)", "fitness": 5.0}
{"generation": 1, "position": 43, "parents": [26], "genome": "r(72,66) d(34)", "fitness": 15.0}
{"generation": 1, "position": 44, "parents": [1, 3], "genome": "r(34,70) d(71)", "fitness": 0.0}
{"generation": 1, "position": 45, "parents": [1, 3], "genome": "d(69) d(6)", "fitness": 0.0}
{"generation": 1, "position": 46, "parents": [1], "genome": "r(34,70) a(72,104)", "fitness": 0.0}
{"generation": 1, "position": 47, "parents": [3], "genome": "d(69) d(6)", "fitness": 0.0}
{"generation": 1, "position": 48, "parents": [24, 6], "genome": "d(72) a(35,71)", "fitness": 15.0}
{"generation": 1, "position": 49, "parents": [24, 6], "genome": "a(65,70) d(6)", "fitness": 0.0}
{"generation": 1, "position": 50, "parents": [24], "genome": "d(72) a(74,50)", "fitness": 15.0}
{"generation": 1, "position": 51, "parents": [6], "genome": "a(65,70) d(66)", "fitness": 15.0}
{"generation": 1, "position": 52, "parents": [39, 37], "genome": "d(6)", "fitness": 0.0}
{"generation": 1, "position": 53, "parents": [39, 37], "genome": "r(34,38) r(69,50)", "fitness": 0.0}
{"generation": 1, "position": 54, "parents": [39], "genome": "a(5,71)", "fitness": 5.0}
{"generation": 1, "position": 55, "parents": [37], "genome": "r(34,38) a(6,53)", "fitness": 5.0}
{"generation": 1, "position": 56, "parents": [28, 11], "genome": "a(73,69) r(72,65)", "fitness": 15.0}
{"generation": 1, "position": 57, "parents": [28, 11], "genome": "d(29) a(66,99)", "fitness": 5.0}
{"generation": 1, "position": 58, "parents": [28], "genome": "a(73,69) a(69,37)", "fitness": 15.0}
{"generation": 1, "position": 59, "parents": [11], "genome": "d(29) d(72)", "fitness": 15.0}
{"generation": 1, "position": 60, "parents": [20], "genome": "d(65) a(5,39)", "fitness": 0.0}
{"generation": 1, "position": 61, "parents": [14], "genome": "d(69) r(72,105)", "fitness": 0.0}
{"generation": 1, "position": 62, "parents": [17, 33], "genome": "r(6,40) d(5)", "fitness": 5.0}
{"generation": 1, "position": 63, "parents": [17, 33], "genome": "r(5,71) d(74)", "fitness": 15.0}
{"generation": 1, "position": 64, "parents": [17], "genome": "r(6,40) r(73,90)", "fitness": 0.0}
{"generation": 2, "position": 0, "parents": [59], "genome": "d(29) d(72) a(6,38)", "fitness": 15.0}
{"generation": 2, "position": 1, "parents": [61], "genome": "d(69) r(72,105) d(5)", "fitness": 0.0}
{"generation": 2, "position": 2, "parents": [30, 18], "genome": "d(69) d(67) d(34)", "fitness": 0.0}
{"generation": 2, "position": 3, "parents": [30, 18], "genome": "d(66) d(69) a(29,58)", "fitness": 0.0}
{"generation": 2, "position": 4, "parents": [30], "genome": "d(69) d(67) a(6,53)", "fitness": 0.0}
{"generation": 2, "position": 5, "parents": [18], "genome": "d(66) d(69) d(65)", "fitness": 0.0}
{"generation": 2, "position": 6, "parents": [3], "genome": "d(69) d(66) a(35,40)", "fitness": 0.0}
{"generation": 2, "position": 7, "parents": [4], "genome": "a(66,104) a(71,72) r(65,99)", "fitness": 0.0}
{"generation": 2, "position": 8, "parents": [62], "genome": "r(6,40) d(5) r(65,74)", "fitness": 0.0}
{"generation": 2, "position": 9, "parents": [30], "genome": "d(69) d(67) d(66)", "fitness": 0.0}
{"generation": 2, "position": 10, "parents": [55], "genome": "r(34,38) a(6,53) a(5,29)", "fitness": 5.0}
{"generation": 2, "position": 11, "parents": [1], "genome": "d(69) r(65,69) a(72,49)", "fitness": 0.0}
{"generation": 2, "position": 12, "parents": [21], "genome": "r(5,71) d(72) a(29,70)", "fitness": 0.0}
{"generation": 2, "position": 13, "parents": [48], "genome": "d(72) a(35,71) r(6,57)", "fitness": 0.0}
{"generation": 2, "position": 14, "parents": [9], "genome": "r(6,40) r(74,88) r(67,43)", "fitness": 0.0}
{"generation": 2, "position": 15, "parents": [48], "genome": "d(72) a(35,71) a(71,75)", "fitness": 5.0}
{"generation": 2, "position": 16, "parents": [39, 36], "genome": "r(66,76) d(71) d(69)", "fitness": 0.0}
{"generation": 2, "position": 17, "parents": [39, 36], "genome": "a(66,104) d(34) r(64,88)", "fitness": 0.0}
{"generation": 2, "position": 18, "parents": [39], "genome": "r(66,76) d(71) r(29,50)", "fitness": 0.0}
{"generation": 2, "position": 19, "parents": [36], "genome": "a(66,104) d(34) r(35,49)", "fitness": 15.0}
{"generation": 2, "position": 20, "parents": [34], "genome": "r(66,76) d(73) r(6,49)", "fitness": 0.0}
{"generation": 2, "position": 21, "parents": [16], "genome": "a(5,5) r(35,57) a(64,72)", "fitness": 15.0}
{"generation": 2, "position": 22, "parents": [4, 52], "genome": "a(66,104) r(66,52)", "fitness": 0.0}
{"generation": 2, "position": 23, "parents": [4, 52], "genome": "d(6) a(71,72) r(66,104)", "fitness": 0.0}
{"generation": 2, "position": 24, "parents": [4], "genome": "a(66,104) a(71,72) d(74)", "fitness": 0.0}
{"generation": 2, "position": 25, "parents": [52], "genome": "d(6) a(69,55)", "fitness": 0.0}
{"generation": 2, "position": 26, "parents": [23, 57], "genome": "d(65) d(34)", "fitness": 0.0}
{"generation": 2, "position": 27, "parents": [23, 57], "genome": "d(29) a(66,99) d(35) r(74,69)", "fitness": 15.0}
{"generation": 2, "position": 28, "parents": [23], "genome": "d(65) d(35) a(66,56)", "fitness": 15.0}
{"generation": 2, "position": 29, "parents": [57], "genome": "d(29) a(66,99) a(65,104)", "fitness": 0.0}
{"generation": 2, "position": 30, "parents": [38], "genome": "d(69) d(6) a(67,90)", "fitness": 0.0}
{"generation": 2, "position": 31, "parents": [17], "genome": "d(65) a(71,105) d(5)", "fitness": 0.0}
{"generation": 2, "position": 32, "parents": [44, 25], "genome": "r(34,70) d(71) d(72) d(6)", "fitness": 0.0}
{"generation": 2, "position": 33, "parents": [44, 25], "genome": "d(65) r(72,76)", "fitness": 0.0}
{"generation": 2, "position": 34, "parents": [44], "genome": "r(34,70) d(71) d(5)", "fitness": 0.0}
{"generation": 2, "position": 35, "parents": [25], "genome": "d(65) d(72) r(67,73)", "fitness": 0.0}
{"generation": 2, "position": 36, "parents": [34], "genome": "r(66,76) d(73) d(74)", "fitness": 0.0}
{"generation": 2, "position": 37, "parents": [27], "genome": "d(69) a(29,37) r(66,37)", "fitness": 15.0}
{"generation": 2, "position": 38, "parents": [10, 2], "genome": "r(6,40) a(65,104) d(72)", "fitness": 0.0}
{"generation": 2, "position": 39, "parents": [10, 2], "genome": "a(73,69) r(71,50) r(35,29)", "fitness": 15.0}
{"generation": 2, "position": 40, "parents": [10], "genome": "r(6,40) r(71,50) d(69)", "fitness": 0.0}
{"generation": 2, "position": 41, "parents": [2], "genome": "a(73,69) a(65,104) d(35)", "fitness": 15.0}
{"generation": 2, "position": 42, "parents": [44, 47], "genome": "r(34,70) d(6) r(71,52)", "fitness": 0.0}
{"generation": 2, "position": 43, "parents": [44, 47], "genome": "d(69) d(71) d(72)", "fitness": 0.0}
{"generation": 2, "position": 44, "parents": [44], "genome": "r(34,70) d(71) d(65)", "fitness": 0.0}
{"generation": 2, "position": 45, "parents": [47], "genome": "d(69) d(6) a(64,88)", "fitness": 0.0}
{"generation": 2, "position": 46, "parents": [9], "genome": "r(6,40) r(74,88) d(71)", "fitness": 0.0}
{"generation": 2, "position": 47, "parents": [29], "genome": "d(69) r(65,90) r(67,88)", "fitness": 0.0}
{"generation": 2, "position": 48, "parents": [2, 11], "genome": "a(73,69) a(65,104) a(67,75)", "fitness": 0.0}
{"generation": 2, "position": 49, "parents": [2, 11], "genome": "r(6,40) d(73) r(74,104)", "fitness": 0.0}
{"generation": 2, "position": 50, "parents": [2], "genome": "a(73,69) a(65,104) a(71,72)", "fitness": 0.0}
{"generation": 2, "position": 51, "parents": [11], "genome": "r(6,40) d(73) a(29,41)", "fitness": 0.0}
{"generation": 2, "position": 52, "parents": [47], "genome": "d(69) d(6) d(5)", "fitness": 0.0}
{"generation": 2, "position": 53, "parents": [39], "genome": "r(66,76) d(71) a(65,105)", "fitness": 0.0}
{"generation": 2, "position": 54, "parents": [0, 2], "genome": "a(73,69) a(74,90)", "fitness": 5.0}
{"generation": 2, "position": 55, "parents": [0, 2], "genome": "a(73,69) a(65,104) d(66) d(5)", "fitness": 0.0}
{"generation": 2, "position": 56, "parents": [0], "genome": "a(73,69) d(66) r(34,67)", "fitness": 3.0}
{"generation": 3, "position": 0, "parents": [46, 47], "genome": "r(6,40) r(74,88) d(71) r(65,90) r(67,88) r(72,52)", "fitness": 0.0}
{"generation": 3, "position": 1, "parents": [46, 47], "genome": "d(69) d(34)", "fitness": 0.0}
{"generation": 3, "position": 2, "parents": [46], "genome": "r(6,40) r(74,88) d(71) d(64)", "fitness": 0.0}
{"generation": 3, "position": 3, "parents": [47], "genome": "d(69) r(65,90) r(67,88) d(5)", "fitness": 0.0}
{"generation": 3, "position": 4, "parents": [15, 42], "genome": "d(72) a(35,71) d(69)", "fitness": 0.0}
{"generation": 3, "position": 5, "parents": [15, 42], "genome": "r(34,70) d(6) r(71,52) a(71,75) r(67,40)", "fitness": 0.0}
{"generation": 3, "position": 6, "parents": [15], "genome": "d(72) a(35,71) a(71,75) d(66)", "fitness": 3.0}
{"generation": 3, "position": 7, "parents": [42], "genome": "r(34,70) d(6) r(71,52) a(35,104)", "fitness": 0.0}
{"generation": 3, "position": 8, "parents": [26], "genome": "d(65) d(34) r(6,37)", "fitness": 15.0}
{"generation": 3, "position": 9, "parents": [17], "genome": "a(66,104) d(34) r(64,88) a(5,38)", "fitness": 0.0}
{"generation": 3, "position": 10, "parents": [7], "genome": "a(66,104) a(71,72) r(65,99) r(73,52)", "fitness": 0.0}
{"generation": 3, "position": 11, "parents": [34], "genome": "r(34,70) d(71) d(5) r(72,90)", "fitness": 0.0}
{"generation": 3, "position": 12, "parents": [7], "genome": "a(66,104) a(71,72) r(65,99) d(6)", "fitness": 0.0}
{"generation": 3, "position": 13, "parents": [47], "genome": "d(69) r(65,90) r(67,88) d(34)", "fitness": 0.0}
{"generation": 3, "position": 14, "parents": [46], "genome": "r(6,40) r(74,88) d(71) a(5,29)", "fitness": 0.0}
{"generation": 3, "position": 15, "parents": [31], "genome": "d(65) a(71,105) d(5) d(72)", "fitness": 0.0}
{"generation": 3, "position": 16, "parents": [41], "genome": "a(73,69) a(65,104) d(35) a(29,58)", "fitness": 0.0}
{"generation": 3, "position": 17, "parents": [26], "genome": "d(65) d(34) d(74)", "fitness": 0.0}
{"generation": 3, "position": 18, "parents": [1], "genome": "d(69) r(72,105) d(5) a(67,65)", "fitness": 0.0}
{"generation": 3, "position": 19, "parents": [35], "genome": "d(65) d(72) r(67,73) r(6,37)", "fitness": 15.0}
{"generation": 3, "position": 20, "parents": [16], "genome": "r(66,76) d(71) d(69) a(73,49)", "fitness": 0.0}
{"generation": 3, "position": 21, "parents": [20], "genome": "r(66,76) d(73) r(6,49) a(65,67)", "fitness": 0.0}
{"generation": 3, "position": 22, "parents": [47], "genome": "d(69) r(65,90) r(67,88) d(35)", "fitness": 15.0}
{"generation": 3, "position": 23, "parents": [53], "genome": "r(66,76) d(71) a(65,105) r(69,71)", "fitness": 0.0}
{"generation": 3, "position": 24, "parents": [22], "genome": "a(66,104) r(66,52) r(35,37)", "fitness": 15.0}
{"generation": 3, "position": 25, "parents": [49], "genome": "r(6,40) d(73) r(74,104) a(29,35)", "fitness": 0.0}
{"generation": 3, "position": 26, "parents": [51, 22], "genome": "r(6,40) r(35,51)", "fitness": 0.0}
{"generation": 3, "position": 27, "parents": [51, 22], "genome": "a(66,104) r(66,52) d(73) a(29,41) a(65,56)", "fitness": 15.0}
{"generation": 3, "position": 28, "parents": [51], "genome": "r(6,40) d(73) a(29,41) d(35)", "fitness": 0.0}
{"generation": 3, "position": 29, "parents": [22], "genome": "a(66,104) r(66,52) a(71,99)", "fitness": 0.0}
{"generation": 3, "position": 30, "parents": [23], "genome": "d(6) a(71,72) r(66,104) a(64,37)", "fitness": 0.0}
{"generation": 3, "position": 31, "parents": [7], "genome": "a(66,104) a(71,72) r(65,99) r(34,67)", "fitness": 0.0}
{"generation": 3, "position": 32, "parents": [37, 29], "genome": "d(69) a(29,37) r(66,37) r(64,73)", "fitness": 15.0}
{"generation": 3, "position": 33, "parents": [37, 29], "genome": "d(29) a(66,99) a(65,104) a(5,56)", "fitness": 15.0}
{"generation": 3, "position": 34, "parents": [37], "genome": "d(69) a(29,37) r(66,37) a(72,65)", "fitness": 15.0}
{"generation": 3, "position": 35, "parents": [29], "genome": "d(29) a(66,99) a(65,104) d(71)", "fitness": 0.0}
{"generation": 3, "position": 36, "parents": [33, 51], "genome": "d(65) a(29,41) a(72,63)", "fitness": 0.0}
{"generation": 3, "position": 37, "parents": [33, 51], "genome": "r(6,40) d(73) r(72,76) a(64,64)", "fitness": 0.0}
{"generation": 3, "position": 38, "parents": [33], "genome": "d(65) r(72,76) d(74)", "fitness": 0.0}
{"generation": 3, "position": 39, "parents": [51], "genome": "r(6,40) d(73) a(29,41) r(71,55)", "fitness": 0.0}
{"generation": 3, "position": 40, "parents": [38], "genome": "r(6,40) a(65,104) d(72) d(73)", "fitness": 0.0}
{"generation": 3, "position": 41, "parents": [40], "genome": "r(6,40) r(71,50) d(69) a(34,52)", "fitness": 0.0}
{"generation": 3, "position": 42, "parents": [7], "genome": "a(66,104) a(71,72) r(65,99) r(66,45)", "fitness": 0.0}
{"generation": 3, "position": 43, "parents": [1], "genome": "d(69) r(72,105) d(5) d(74)", "fitness": 0.0}
{"generation": 3, "position": 44, "parents": [18, 13], "genome": "r(66,76) d(71) r(29,50) r(6,57) r(69,63)", "fitness": 0.0}
{"generation": 3, "position": 45, "parents": [18, 13], "genome": "d(72) a(35,71) a(29,40)", "fitness": 15.0}
{"generation": 3, "position": 46, "parents": [18], "genome": "r(66,76) d(71) r(29,50) a(65,104)", "fitness": 0.0}
{"generation": 3, "position": 47, "parents": [13], "genome": "d(72) a(35,71) r(6,57) r(69,64)", "fitness": 0.0}
{"generation": 3, "position": 48, "parents": [40, 33], "genome": "r(6,40) r(67,50)", "fitness": 0.0}
{"generation": 3, "position": 49, "parents": [40, 33], "genome": "d(65) r(72,76) r(71,50) d(69) r(34,105)", "fitness": 0.0}
{"generation": 3, "position": 50, "parents": [40], "genome": "r(6,40) r(71,50) d(69) r(5,43)", "fitness": 0.0}
{"generation": 3, "position": 51, "parents": [33], "genome": "d(65) r(72,76) d(29)", "fitness": 0.0}
{"generation": 3, "position": 52, "parents": [41], "genome": "a(73,69) a(65,104) d(35) a(66,74)", "fitness": 15.0}
{"generation": 4, "position": 0, "parents": [14, 51], "genome": "r(6,40) r(74,88) d(71) a(5,29) r(64,90)", "fitness": 0.0}
{"generation": 4, "position": 1, "parents": [14, 51], "genome": "d(65) r(72,76) d(29) r(71,88)", "fitness": 0.0}
{"generation": 4, "position": 2, "parents": [14], "genome": "r(6,40) r(74,88) d(71) a(5,29) a(69,72)", "fitness": 0.0}
{"generation": 4, "position": 3, "parents": [51], "genome": "d(65) r(72,76) d(29) a(5,49)", "fitness": 0.0}
{"generation": 4, "position": 4, "parents": [51, 31], "genome": "d(65) r(72,76) r(34,67) d(35)", "fitness": 15.0}
{"generation": 4, "position": 5, "parents": [51, 31], "genome": "a(66,104) a(71,72) r(65,99) d(29) d(5)", "fitness": 0.0}
{"generation": 4, "position": 6, "parents": [51], "genome": "d(65) r(72,76) d(29) a(71,76)", "fitness": 0.0}
{"generation": 4, "position": 7, "parents": [31], "genome": "a(66,104) a(71,72) r(65,99) r(34,67) d(74)", "fitness": 0.0}
{"generation": 4, "position": 8, "parents": [15, 10], "genome": "d(65) r(65,99) r(73,52) a(74,55)", "fitness": 0.0}
{"generation": 4, "position": 9, "parents": [15, 10], "genome": "a(66,104) a(71,72) a(71,105) d(5) d(72) r(67,88)", "fitness": 0.0}
{"generation": 4, "position": 10, "parents": [15], "genome": "d(65) a(71,105) d(5) d(72) d(64)", "fitness": 0.0}
{"generation": 4, "position": 11, "parents": [10], "genome": "a(66,104) a(71,72) r(65,99) r(73,52) d(72)", "fitness": 0.0}
{"generation": 4, "position": 12, "parents": [30], "genome": "d(6) a(71,72) r(66,104) a(64,37) r(72,69)", "fitness": 0.0}
{"generation": 4, "position": 13, "parents": [3], "genome": "d(69) r(65,90) r(67,88) d(5) a(35,90)", "fitness": 0.0}
{"generation": 4, "position": 14, "parents": [18], "genome": "d(69) r(72,105) d(5) a(67,65) a(64,37)", "fitness": 0.0}
{"generation": 4, "position": 15, "parents": [14], "genome": "r(6,40) r(74,88) d(71) a(5,29) r(69,63)", "fitness": 0.0}
{"generation": 4, "position": 16, "parents": [0, 44], "genome": "r(6,40) r(74,88) r(6,57) r(69,63) a(73,38)", "fitness": 0.0}
{"generation": 4, "position": 17, "parents": [0, 44], "genome": "r(66,76) d(71) r(29,50) d(71) r(65,90) r(67,88) r(72,52) a(69,75)", "fitness": 0.0}
{"generation": 4, "position": 18, "parents": [0], "genome": "r(6,40) r(74,88) d(71) r(65,90) r(67,88) r(72,52) a(34,90)", "fitness": 0.0}
{"generation": 4, "position": 19, "parents": [44], "genome": "r(66,76) d(71) r(29,50) r(6,57) r(69,63) a(64,91)", "fitness": 0.0}
{"generation": 4, "position": 20, "parents": [29, 5], "genome": "a(66,104) r(71,52) a(71,75) r(67,40) d(74)", "fitness": 0.0}
{"generation": 4, "position": 21, "parents": [29, 5], "genome": "r(34,70) d(6) r(66,52) a(71,99) d(5)", "fitness": 0.0}
{"generation": 4, "position": 22, "parents": [29], "genome": "a(66,104) r(66,52) a(71,99) d(5)", "fitness": 0.0}
{"generation": 4, "position": 23, "parents": [5], "genome": "r(34,70) d(6) r(71,52) a(71,75) r(67,40) r(69,75)", "fitness": 0.0}
{"generation": 4, "position": 24, "parents": [5], "genome": "r(34,70) d(6) r(71,52) a(71,75) r(67,40) r(35,63)", "fitness": 0.0}
{"generation": 4, "position": 25, "parents": [23], "genome": "r(66,76) d(71) a(65,105) r(69,71) a(29,58)", "fitness": 0.0}
{"generation": 4, "position": 26, "parents": [37], "genome": "r(6,40) d(73) r(72,76) a(64,64) r(35,34)", "fitness": 0.0}
{"generation": 4, "position": 27, "parents": [40], "genome": "r(6,40) a(65,104) d(72) d(73) d(35)", "fitness": 0.0}
{"generation": 4, "position": 28, "parents": [25], "genome": "r(6,40) d(73) r(74,104) a(29,35) d(67)", "fitness": 0.0}
{"generation": 4, "position": 29, "parents": [23], "genome": "r(66,76) d(71) a(65,105) r(69,71) a(72,71)", "fitness": 0.0}
{"generation": 4, "position": 30, "parents": [9, 1], "genome": "a(66,104) d(34) r(64,88) d(34) a(5,63)", "fitness": 0.0}
{"generation": 4, "position": 31, "parents": [9, 1], "genome": "d(69) a(5,38) r(64,37)", "fitness": 15.0}
{"generation": 4, "position": 32, "parents": [9], "genome": "a(66,104) d(34) r(64,88) a(5,38) a(35,29)", "fitness": 0.0}
{"generation": 4, "position": 33, "parents": [1], "genome": "d(69) d(34) d(6)", "fitness": 0.0}
{"generation": 4, "position": 34, "parents": [49], "genome": "d(65) r(72,76) r(71,50) d(69) r(34,105) r(67,74)", "fitness": 0.0}
{"generation": 4, "position": 35, "parents": [38], "genome": "d(65) r(72,76) d(74) a(34,76)", "fitness": 15.0}
{"generation": 4, "position": 36, "parents": [42], "genome": "a(66,104) a(71,72) r(65,99) r(66,45) r(71,57)", "fitness": 0.0}
{"generation": 4, "position": 37, "parents": [28], "genome": "r(6,40) d(73) a(29,41) d(35) r(64,69)", "fitness": 0.0}
{"generation": 4, "position": 38, "parents": [4, 43], "genome": "d(72) a(35,71) d(5) d(74) a(29,70)", "fitness": 0.0}
{"generation": 4, "position": 39, "parents": [4, 43], "genome": "d(69) r(72,105) d(69) d(74)", "fitness": 0.0}
{"generation": 4, "position": 40, "parents": [4], "genome": "d(72) a(35,71) d(69) d(66)", "fitness": 0.0}
{"generation": 4, "position": 41, "parents": [43], "genome": "d(69) r(72,105) d(5) d(74) d(65)", "fitness": 0.0}
{"generation": 4, "position": 42, "parents": [39], "genome": "r(6,40) d(73) a(29,41) r(71,55) r(35,41)", "fitness": 0.0}
{"generation": 4, "position": 43, "parents": [9], "genome": "a(66,104) d(34) r(64,88) a(5,38) r(6,42)", "fitness": 15.0}
{"generation": 4, "position": 44, "parents": [13], "genome": "d(69) r(65,90) r(67,88) d(34) r(35,38)", "fitness": 15.0}
{"generation": 4, "position": 45, "parents": [47], "genome": "d(72) a(35,71) r(6,57) r(69,64) d(67)", "fitness": 0.0}
{"generation": 4, "position": 46, "parents": [36, 46], "genome": "d(65) a(29,41) r(29,50) a(65,104) d(73)", "fitness": 0.0}
{"generation": 4, "position": 47, "parents": [36, 46], "genome": "r(66,76) d(71) a(72,63) d(65)", "fitness": 0.0}
{"generation": 4, "position": 48, "parents": [36], "genome": "d(65) a(29,41) a(72,63) r(72,37)", "fitness": 15.0}
{"generation": 4, "position": 49, "parents": [46], "genome": "r(66,76) d(71) r(29,50) a(65,104) a(35,45)", "fitness": 0.0}
{"generation": 4, "position": 50, "parents": [43, 25], "genome": "d(69) r(72,105) d(5) r(74,104) a(29,35) r(73,66)", "fitness": 0.0}
{"generation": 4, "position": 51, "parents": [43, 25], "genome": "r(6,40) d(73) d(74) a(66,63)", "fitness": 0.0}
{"generation": 4, "position": 52, "parents": [43], "genome": "d(69) r(72,105) d(5) d(74) r(34,35)", "fitness": 0.0}
{"generation": 4, "position": 53, "parents": [25], "genome": "r(6,40) d(73) r(74,104) a(29,35) a(34,37)", "fitness": 0.0}
{"generation": 4, "position": 54, "parents": [2, 15], "genome": "r(6,40) a(71,105) d(5) d(72) a(35,104)", "fitness": 0.0}
{"generation": 4, "position": 55, "parents": [2, 15], "genome": "d(65) r(74,88) d(71) d(64) r(5,39)", "fitness": 0.0}
{"generation": 4, "position": 56, "parents": [2], "genome": "r(6,40) r(74,88) d(71) d(64) d(29)", "fitness": 0.0}
{"generation": 4, "position": 57, "parents": [15], "genome": "d(65) a(71,105) d(5) d(72) a(29,104)", "fitness": 15.0}
{"generation": 4, "position": 58, "parents": [14, 23], "genome": "r(6,40) r(74,88) a(65,105) r(69,71) d(65)", "fitness": 0.0}
{"generation": 4, "position": 59, "parents": [14, 23], "genome": "r(66,76) d(71) d(71) a(5,29) d(69)", "fitness": 0.0}
{"generation": 4, "position": 60, "parents": [14], "genome": "r(6,40) r(74,88) d(71) a(5,29) a(64,70)", "fitness": 0.0}
{"generation": 5, "position": 0, "parents": [37], "genome": "r(6,40) d(73) a(29,41) d(35) r(64,69) d(5)", "fitness": 15.0}
{"generation": 5, "position": 1, "parents": [48], "genome": "d(65) a(29,41) a(72,63) r(72,37) a(5,46)", "fitness": 15.0}
{"generation": 5, "position": 2, "parents": [47], "genome": "r(66,76) d(71) a(72,63) d(65) r(34,58)", "fitness": 0.0}
{"generation": 5, "position": 3, "parents": [49], "genome": "r(66,76) d(71) r(29,50) a(65,104) a(35,45) d(73)", "fitness": 0.0}
{"generation": 5, "position": 4, "parents": [19, 26], "genome": "r(66,76) d(71) r(29,50) r(72,76) a(64,64) r(35,34) r(6,88)", "fitness": 0.0}
{"generation": 5, "position": 5, "parents": [19, 26], "genome": "r(6,40) d(73) r(6,57) r(69,63) a(64,91) d(65)", "fitness": 0.0}
{"generation": 5, "position": 6, "parents": [19], "genome": "r(66,76) d(71) r(29,50) r(6,57) r(69,63) a(64,91) a(65,43)", "fitness": 0.0}
{"generation": 5, "position": 7, "parents": [26], "genome": "r(6,40) d(73) r(72,76) a(64,64) r(35,34) r(5,56)", "fitness": 15.0}
{"generation": 5, "position": 8, "parents": [22], "genome": "a(66,104) r(66,52) a(71,99) d(5) a(64,43)", "fitness": 0.0}
{"generation": 5, "position": 9, "parents": [21], "genome": "r(34,70) d(6) r(66,52) a(71,99) d(5) d(71)", "fitness": 0.0}
{"generation": 5, "position": 10, "parents": [58, 19], "genome": "r(6,40) r(69,63) a(64,91) d(66)", "fitness": 0.0}
{"generation": 5, "position": 11, "parents": [58, 19], "genome": "r(66,76) d(71) r(29,50) r(6,57) r(74,88) a(65,105) r(69,71) d(65) d(35)", "fitness": 0.0}
{"generation": 5, "position": 12, "parents": [58], "genome": "r(6,40) r(74,88) a(65,105) r(69,71) d(65) r(5,76)", "fitness": 15.0}
{"generation": 5, "position": 13, "parents": [19], "genome": "r(66,76) d(71) r(29,50) r(6,57) r(69,63) a(64,91) r(72,40)", "fitness": 0.0}
{"generation": 5, "position": 14, "parents": [60, 22], "genome": "r(6,40) r(74,88) d(71) a(5,29) r(66,52) a(71,99) d(5) a(72,72)", "fitness": 15.0}
{"generation": 5, "position": 15, "parents": [60, 22], "genome": "a(66,104) a(64,70) a(69,99)", "fitness": 4.0}
{"generation": 5, "position": 16, "parents": [60], "genome": "r(6,40) r(74,88) d(71) a(5,29) a(64,70) d(34)", "fitness": 0.0}
{"generation": 5, "position": 17, "parents": [22], "genome": "a(66,104) r(66,52) a(71,99) d(5) d(65)", "fitness": 0.0}
{"generation": 5, "position": 18, "parents": [27, 34], "genome": "r(6,40) a(65,104) r(72,76) r(71,50) d(69) r(34,105) r(67,74) a(35,88)", "fitness": 0.0}
{"generation": 5, "position": 19, "parents": [27, 34], "genome": "d(65) d(72) d(73) d(35) d(5)", "fitness": 0.0}
{"generation": 5, "position": 20, "parents": [27], "genome": "r(6,40) a(65,104) d(72) d(73) d(35) d(29)", "fitness": 0.0}
{"generation": 5, "position": 21, "parents": [34], "genome": "d(65) r(72,76) r(71,50) d(69) r(34,105) r(67,74) r(5,105)", "fitness": 0.0}
{"generation": 5, "position": 22, "parents": [61], "genome": "r(66,76) d(71) a(65,105) r(69,71) d(72) r(29,105)", "fitness": 0.0}
{"generation": 5, "position": 23, "parents": [16], "genome": "r(6,40) r(74,88) r(6,57) r(69,63) a(73,38) d(35)", "fitness": 0.0}
{"generation": 5, "position": 24, "parents": [30], "genome": "a(66,104) d(34) r(64,88) d(34) a(5,63) a(29,37)", "fitness": 15.0}
{"generation": 5, "position": 25, "parents": [35], "genome": "d(65) r(72,76) d(74) a(34,76) d(35)", "fitness": 15.0}
{"generation": 5, "position": 26, "parents": [30, 45], "genome": "a(66,104) d(34) r(64,88) d(34) a(5,63) r(69,64) d(67) r(5,45)", "fitness": 0.0}
{"generation": 5, "position": 27, "parents": [30, 45], "genome": "d(72) a(35,71) r(6,57) r(66,57)", "fitness": 0.0}
{"generation": 5, "position": 28, "parents": [30], "genome": "a(66,104) d(34) r(64,88) d(34) a(5,63) a(29,47)", "fitness": 0.0}
{"generation": 5, "position": 29, "parents": [45], "genome": "d(72) a(35,71) r(6,57) r(69,64) d(67) a(29,90)", "fitness": 0.0}
{"generation": 5, "position": 30, "parents": [46], "genome": "d(65) a(29,41) r(29,50) a(65,104) d(73) a(69,90)", "fitness": 0.0}
{"generation": 5, "position": 31, "parents": [61], "genome": "r(66,76) d(71) a(65,105) r(69,71) d(72) d(65)", "fitness": 0.0}
{"generation": 5, "position": 32, "parents": [8, 32], "genome": "d(65) r(65,99) a(71,44)", "fitness": 15.0}
{"generation": 5, "position": 33, "parents": [8, 32], "genome": "a(66,104) d(34) r(64,88) a(5,38) a(35,29) r(73,52) a(74,55) a(5,49)", "fitness": 0.0}
{"generation": 5, "position": 34, "parents": [8], "genome": "d(65) r(65,99) r(73,52) a(74,55) a(66,72)", "fitness": 0.0}
{"generation": 5, "position": 35, "parents": [32], "genome": "a(66,104) d(34) r(64,88) a(5,38) a(35,29) a(5,55)", "fitness": 0.0}
{"generation": 5, "position": 36, "parents": [9], "genome": "a(66,104) a(71,72) a(71,105) d(5) d(72) r(67,88) d(69)", "fitness": 0.0}
{"generation": 5, "position": 37, "parents": [32], "genome": "a(66,104) d(34) r(64,88) a(5,38) a(35,29) d(35)", "fitness": 15.0}
{"generation": 5, "position": 38, "parents": [38, 32], "genome": "d(72) a(5,38) a(35,29) a(71,50)", "fitness": 15.0}
{"generation": 5, "position": 39, "parents": [38, 32], "genome": "a(66,104) d(34) r(64,88) a(35,71) d(5) d(74) a(29,70) a(29,5)", "fitness": 0.0}
{"generation": 5, "position": 40, "parents": [38], "genome": "d(72) a(35,71) d(5) d(74) a(29,70) a(29,99)", "fitness": 0.0}
{"generation": 5, "position": 41, "parents": [32], "genome": "a(66,104) d(34) r(64,88) a(5,38) a(35,29) d(6)", "fitness": 0.0}
{"generation": 5, "position": 42, "parents": [29], "genome": "r(66,76) d(71) a(65,105) r(69,71) a(72,71) d(34)", "fitness": 0.0}
{"generation": 5, "position": 43, "parents": [34], "genome": "d(65) r(72,76) r(71,50) d(69) r(34,105) r(67,74) d(74)", "fitness": 0.0}
{"generation": 5, "position": 44, "parents": [20, 10], "genome": "a(66,104) r(71,52) a(71,75) r(73,43)", "fitness": 0.0}
{"generation": 5, "position": 45, "parents": [20, 10], "genome": "d(65) a(71,105) d(5) d(72) d(64) r(67,40) d(74) r(34,46)", "fitness": 0.0}
{"generation": 5, "position": 46, "parents": [20], "genome": "a(66,104) r(71,52) a(71,75) r(67,40) d(74) a(66,75)", "fitness": 0.0}
{"generation": 5, "position": 47, "parents": [10], "genome": "d(65) a(71,105) d(5) d(72) d(64) r(29,39)", "fitness": 0.0}
{"generation": 5, "position": 48, "parents": [2, 23], "genome": "r(6,40) r(74,88) d(71) a(5,29) a(69,72) r(71,52) a(71,75) r(67,40) r(69,75) d(29)", "fitness": 0.0}
{"generation": 5, "position": 49, "parents": [2, 23], "genome": "r(34,70) d(6) r(67,49)", "fitness": 0.0}
{"generation": 5, "position": 50, "parents": [2], "genome": "r(6,40) r(74,88) d(71) a(5,29) a(69,72) a(35,50)", "fitness": 0.0}
{"generation": 5, "position": 51, "parents": [23], "genome": "r(34,70) d(6) r(71,52) a(71,75) r(67,40) r(69,75) d(73)", "fitness": 0.0}
{"generation": 5, "position": 52, "parents": [22], "genome": "a(66,104) r(66,52) a(71,99) d(5) a(74,67)", "fitness": 0.0}
{"generation": 5, "position": 53, "parents": [51], "genome": "r(6,40) d(73) d(74) a(66,63) a(5,41)", "fitness": 0.0}
{"generation": 5, "position": 54, "parents": [40, 50], "genome": "d(72) a(35,71) d(69) d(66) r(73,66) a(5,62)", "fitness": 0.0}
{"generation": 5, "position": 55, "parents": [40, 50], "genome": "d(69) r(72,105) d(5) r(74,104) a(29,35) d(34)", "fitness": 0.0}
{"generation": 5, "position": 56, "parents": [40], "genome": "d(72) a(35,71) d(69) d(66) a(34,29)", "fitness": 0.0}
{"generation": 5, "position": 57, "parents": [50], "genome": "d(69) r(72,105) d(5) r(74,104) a(29,35) r(73,66) d(64)", "fitness": 0.0}
{"generation": 5, "position": 58, "parents": [61], "genome": "r(66,76) d(71) a(65,105) r(69,71) d(72) a(65,75)", "fitness": 0.0}
{"generation": 6, "position": 0, "parents": [58, 56], "genome": "r(66,76) d(71) a(65,105) r(69,71) d(66) a(34,29) d(34)", "fitness": 0.0}
{"generation": 6, "position": 1, "parents": [58, 56], "genome": "d(72) a(35,71) d(69) d(72) a(65,75) a(29,76)", "fitness": 15.0}
{"generation": 6, "position": 2, "parents": [58], "genome": "r(66,76) d(71) a(65,105) r(69,71) d(72) a(65,75) r(5,47)", "fitness": 0.0}
{"generation": 6, "position": 3, "parents": [56], "genome": "d(72) a(35,71) d(69) d(66) a(34,29) a(29,35)", "fitness": 0.0}
{"generation": 6, "position": 4, "parents": [47], "genome": "d(65) a(71,105) d(5) d(72) d(64) r(29,39) a(35,49)", "fitness": 0.0}
{"generation": 6, "position": 5, "parents": [36], "genome": "a(66,104) a(71,72) a(71,105) d(5) d(72) r(67,88) d(69) d(35)", "fitness": 0.0}
{"generation": 6, "position": 6, "parents": [3, 26], "genome": "r(66,76) d(71) r(29,50) a(65,104) r(69,64) d(67) r(5,45) a(65,55)", "fitness": 0.0}
{"generation": 6, "position": 7, "parents": [3, 26], "genome": "a(66,104) d(34) r(64,88) d(34) a(5,63) a(35,45) d(73) d(35)", "fitness": 15.0}
{"generation": 6, "position": 8, "parents": [3], "genome": "r(66,76) d(71) r(29,50) a(65,104) a(35,45) d(73) a(65,55)", "fitness": 0.0}
{"generation": 6, "position": 9, "parents": [26], "genome": "a(66,104) d(34) r(64,88) d(34) a(5,63) r(69,64) d(67) r(5,45) d(35)", "fitness": 0.0}
{"generation": 6, "position": 10, "parents": [42], "genome": "r(66,76) d(71) a(65,105) r(69,71) a(72,71) d(34) d(74)", "fitness": 0.0}
{"generation": 6, "position": 11, "parents": [5], "genome": "r(6,40) d(73) r(6,57) r(69,63) a(64,91) d(65) r(74,44)", "fitness": 0.0}
{"generation": 6, "position": 12, "parents": [46, 13], "genome": "a(66,104) r(71,52) a(71,75) r(67,40) d(74) a(66,75) r(6,57) r(69,63) a(64,91) r(72,40) a(35,99)", "fitness": 0.0}
{"generation": 6, "position": 13, "parents": [46, 13], "genome": "r(66,76) d(71) r(29,50) a(65,76)", "fitness": 0.0}
{"generation": 6, "position": 14, "parents": [46], "genome": "a(66,104) r(71,52) a(71,75) r(67,40) d(74) a(66,75) d(34)", "fitness": 0.0}
{"generation": 6, "position": 15, "parents": [13], "genome": "r(66,76) d(71) r(29,50) r(6,57) r(69,63) a(64,91) r(72,40) d(64)", "fitness": 0.0}
{"generation": 6, "position": 16, "parents": [34, 58], "genome": "d(65) r(69,71) d(72) a(65,75) r(34,5)", "fitness": 0.0}
{"generation": 6, "position": 17, "parents": [34, 58], "genome": "r(66,76) d(71) a(65,105) r(65,99) r(73,52) a(74,55) a(66,72) r(64,56)", "fitness": 15.0}
{"generation": 6, "position": 18, "parents": [34], "genome": "d(65) r(65,99) r(73,52) a(74,55) a(66,72) r(72,69)", "fitness": 0.0}
{"generation": 6, "position": 19, "parents": [58], "genome": "r(66,76) d(71) a(65,105) r(69,71) d(72) a(65,75) d(65)", "fitness": 0.0}
{"generation": 6, "position": 20, "parents": [20], "genome": "r(6,40) a(65,104) d(72) d(73) d(35) d(29) r(67,90)", "fitness": 0.0}
{"generation": 6, "position": 21, "parents": [11], "genome": "r(66,76) d(71) r(29,50) r(6,57) r(74,88) a(65,105) r(69,71) d(65) d(35) d(72)", "fitness": 0.0}
{"generation": 6, "position": 22, "parents": [22], "genome": "r(66,76) d(71) a(65,105) r(69,71) d(72) r(29,105) d(35)", "fitness": 0.0}
{"generation": 6, "position": 23, "parents": [23], "genome": "r(6,40) r(74,88) r(6,57) r(69,63) a(73,38) d(35) r(34,41)", "fitness": 0.0}
{"generation": 6, "position": 24, "parents": [48, 29], "genome": "r(6,40) r(74,88) d(71) a(5,29) a(69,72) r(6,57) r(69,64) d(67) a(29,90) a(5,56)", "fitness": 0.0}
{"generation": 6, "position": 25, "parents": [48, 29], "genome": "d(72) a(35,71) r(71,52) a(71,75) r(67,40) r(69,75) d(29) r(35,47)", "fitness": 0.0}
{"generation": 6, "position": 26, "parents": [48], "genome": "r(6,40) r(74,88) d(71) a(5,29) a(69,72) r(71,52) a(71,75) r(67,40) r(69,75) d(29) d(73)", "fitness": 0.0}
{"generation": 6, "position": 27, "parents": [29], "genome": "d(72) a(35,71) r(6,57) r(69,64) d(67) a(29,90) a(73,55)", "fitness": 0.0}
{"generation": 6, "position": 28, "parents": [13], "genome": "r(66,76) d(71) r(29,50) r(6,57) r(69,63) a(64,91) r(72,40) d(5)", "fitness": 0.0}
{"generation": 6, "position": 29, "parents": [40], "genome": "d(72) a(35,71) d(5) d(74) a(29,70) a(29,99) a(64,44)", "fitness": 0.0}
{"generation": 6, "position": 30, "parents": [6, 48], "genome": "r(66,76) d(71) r(29,50) r(71,52) a(71,75) r(67,40) r(69,75) d(29) a(5,53)", "fitness": 0.0}
{"generation": 6, "position": 31, "parents": [6, 48], "genome": "r(6,40) r(74,88) d(71) a(5,29) a(69,72) r(6,57) r(69,63) a(64,91) a(65,43) r(5,39)", "fitness": 0.0}
{"generation": 6, "position": 32, "parents": [6], "genome": "r(66,76) d(71) r(29,50) r(6,57) r(69,63) a(64,91) a(65,43) r(64,43)", "fitness": 0.0}
{"generation": 6, "position": 33, "parents": [48], "genome": "r(6,40) r(74,88) d(71) a(5,29) a(69,72) r(71,52) a(71,75) r(67,40) r(69,75) d(29) a(64,55)", "fitness": 0.0}
{"generation": 6, "position": 34, "parents": [52, 33], "genome": "a(66,104) r(73,52) a(74,55) a(5,49) d(69)", "fitness": 0.0}
{"generation": 6, "position": 35, "parents": [52, 33], "genome": "a(66,104) d(34) r(64,88) a(5,38) a(35,29) r(66,52) a(71,99) d(5) a(74,67) d(35)", "fitness": 0.0}
{"generation": 6, "position": 36, "parents": [52], "genome": "a(66,104) r(66,52) a(71,99) d(5) a(74,67) a(35,63)", "fitness": 0.0}
{"generation": 6, "position": 37, "parents": [33], "genome": "a(66,104) d(34) r(64,88) a(5,38) a(35,29) r(73,52) a(74,55) a(5,49) d(5)", "fitness": 0.0}
{"generation": 6, "position": 38, "parents": [39], "genome": "a(66,104) d(34) r(64,88) a(35,71) d(5) d(74) a(29,70) a(29,5) a(35,43)", "fitness": 0.0}
{"generation": 6, "position": 39, "parents": [57], "genome": "d(69) r(72,105) d(5) r(74,104) a(29,35) r(73,66) d(64) d(34)", "fitness": 0.0}
{"generation": 6, "position": 40, "parents": [53, 19], "genome": "r(6,40) d(73) d(73) d(35) d(5) a(72,49)", "fitness": 15.0}
{"generation": 6, "position": 41, "parents": [53, 19], "genome": "d(65) d(72) d(74) a(66,63) a(5,41) a(66,74)", "fitness": 0.0}
{"generation": 6, "position": 42, "parents": [53], "genome": "r(6,40) d(73) d(74) a(66,63) a(5,41) r(72,90)", "fitness": 0.0}
{"generation": 6, "position": 43, "parents": [19], "genome": "d(65) d(72) d(73) d(35) d(5) a(67,65)", "fitness": 0.0}
{"generation": 6, "position": 44, "parents": [5], "genome": "r(6,40) d(73) r(6,57) r(69,63) a(64,91) d(65) a(66,104)", "fitness": 0.0}
{"generation": 6, "position": 45, "parents": [33], "genome": "a(66,104) d(34) r(64,88) a(5,38) a(35,29) r(73,52) a(74,55) a(5,49) a(6,40)", "fitness": 0.0}
{"generation": 6, "position": 46, "parents": [32], "genome": "d(65) r(65,99) a(71,44) d(74)", "fitness": 15.0}
{"generation": 6, "position": 47, "parents": [26], "genome": "a(66,104) d(34) r(64,88) d(34) a(5,63) r(69,64) d(67) r(5,45) a(35,34)", "fitness": 0.0}
{"generation": 6, "position": 48, "parents": [3, 30], "genome": "r(66,76) d(71) r(29,50) a(5,36)", "fitness": 0.0}
{"generation": 6, "position": 49, "parents": [3, 30], "genome": "d(65) a(29,41) r(29,50) a(65,104) d(73) a(69,90) a(65,104) a(35,45) d(73) d(74)", "fitness": 0.0}
{"generation": 6, "position": 50, "parents": [3], "genome": "r(66,76) d(71) r(29,50) a(65,104) a(35,45) d(73) r(64,104)", "fitness": 0.0}
{"generation": 6, "position": 51, "parents": [30], "genome": "d(65) a(29,41) r(29,50) a(65,104) d(73) a(69,90) r(6,76)", "fitness": 15.0}
{"generation": 6, "position": 52, "parents": [27], "genome": "d(72) a(35,71) r(6,57) r(66,57) r(74,40)", "fitness": 0.0}
{"generation": 6, "position": 53, "parents": [36], "genome": "a(66,104) a(71,72) a(71,105) d(5) d(72) r(67,88) d(69) r(35,55)", "fitness": 0.0}
{"generation": 6, "position": 54, "parents": [49], "genome": "r(34,70) d(6) r(67,49) d(35)", "fitness": 0.0}
{"generation": 6, "position": 55, "parents": [30], "genome": "d(65) a(29,41) r(29,50) a(65,104) d(73) a(69,90) d(5)", "fitness": 0.0}
{"generation": 6, "position": 56, "parents": [50, 17], "genome": "r(6,40) a(71,99) d(5) d(65) r(74,45)", "fitness": 0.0}
{"generation": 6, "position": 57, "parents": [50, 17], "genome": "a(66,104) r(66,52) r(74,88) d(71) a(5,29) a(69,72) a(35,50) r(35,54)", "fitness": 15.0}
{"generation": 6, "position": 58, "parents": [50], "genome": "r(6,40) r(74,88) d(71) a(5,29) a(69,72) a(35,50) r(5,52)", "fitness": 15.0}
{"generation": 7, "position": 0, "parents": [8], "genome": "r(66,76) d(71) r(29,50) a(65,104) a(35,45) d(73) a(65,55) r(65,69)", "fitness": 0.0}
{"generation": 7, "position": 1, "parents": [34], "genome": "a(66,104) r(73,52) a(74,55) a(5,49) d(69) a(5,67)", "fitness": 0.0}
{"generation": 7, "position": 2, "parents": [8], "genome": "r(66,76) d(71) r(29,50) a(65,104) a(35,45) d(73) a(65,55) r(65,105)", "fitness": 0.0}
{"generation": 7, "position": 3, "parents": [6], "genome": "r(66,76) d(71) r(29,50) a(65,104) r(69,64) d(67) r(5,45) a(65,55) r(74,67)", "fitness": 0.0}
{"generation": 7, "position": 4, "parents": [23, 27], "genome": "r(6,40) r(74,88) r(6,57) a(29,90) a(73,55) r(69,52)", "fitness": 0.0}
{"generation": 7, "position": 5, "parents": [23, 27], "genome": "d(72) a(35,71) r(6,57) r(69,64) d(67) r(69,63) a(73,38) d(35) r(34,41) a(29,38)", "fitness": 0.0}
{"generation": 7, "position": 6, "parents": [23], "genome": "r(6,40) r(74,88) r(6,57) r(69,63) a(73,38) d(35) r(34,41) a(73,104)", "fitness": 0.0}
{"generation": 7, "position": 7, "parents": [27], "genome": "d(72) a(35,71) r(6,57) r(69,64) d(67) a(29,90) a(73,55) a(66,57)", "fitness": 0.0}
{"generation": 7, "position": 8, "parents": [16], "genome": "d(65) r(69,71) d(72) a(65,75) r(34,5) r(73,45)", "fitness": 0.0}
{"generation": 7, "position": 9, "parents": [12], "genome": "a(66,104) r(71,52) a(71,75) r(67,40) d(74) a(66,75) r(6,57) r(69,63) a(64,91) r(72,40) a(35,99) d(34)", "fitness": 0.0}
{"generation": 7, "position": 10, "parents": [36], "genome": "a(66,104) r(66,52) a(71,99) d(5) a(74,67) a(35,63) d(71)", "fitness": 0.0}
{"generation": 7, "position": 11, "parents": [26], "genome": "r(6,40) r(74,88) d(71) a(5,29) a(69,72) r(71,52) a(71,75) r(67,40) r(69,75) d(29) d(73) r(65,105)", "fitness": 0.0}
{"generation": 7, "position": 12, "parents": [26], "genome": "r(6,40) r(74,88) d(71) a(5,29) a(69,72) r(71,52) a(71,75) r(67,40) r(69,75) d(29) d(73) d(65)", "fitness": 0.0}
{"generation": 7, "position": 13, "parents": [18], "genome": "d(65) r(65,99) r(73,52) a(74,55) a(66,72) r(72,69) a(74,71)", "fitness": 0.0}
{"generation": 7, "position": 14, "parents": [36, 22], "genome": "a(66,104) r(66,52) a(71,99) d(71) a(65,105) r(69,71) d(72) r(29,105) d(35) a(73,76)", "fitness": 0.0}
{"generation": 7, "position": 15, "parents": [36, 22], "genome": "r(66,76) d(5) a(74,67) a(35,63) r(72,62)", "fitness": 0.0}
{"generation": 7, "position": 16, "parents": [36], "genome": "a(66,104) r(66,52) a(71,99) d(5) a(74,67) a(35,63) d(72)", "fitness": 0.0}
{"generation": 7, "position": 17, "parents": [22], "genome": "r(66,76) d(71) a(65,105) r(69,71) d(72) r(29,105) d(35) r(65,73)", "fitness": 0.0}
{"generation": 7, "position": 18, "parents": [49, 52], "genome": "d(65) r(74,40) a(66,70)", "fitness": 15.0}
{"generation": 7, "position": 19, "parents": [49, 52], "genome": "d(72) a(35,71) r(6,57) r(66,57) a(29,41) r(29,50) a(65,104) d(73) a(69,90) a(65,104) a(35,45) d(73) d(74) d(71)", "fitness": 0.0}
{"generation": 7, "position": 20, "parents": [49], "genome": "d(65) a(29,41) r(29,50) a(65,104) d(73) a(69,90) a(65,104) a(35,45) d(73) d(74) a(64,71)", "fitness": 0.0}
{"generation": 7, "position": 21, "parents": [52], "genome": "d(72) a(35,71) r(6,57) r(66,57) r(74,40) d(5)", "fitness": 15.0}
{"generation": 7, "position": 22, "parents": [33, 55], "genome": "r(6,40) r(74,88) d(71) a(5,29) a(69,72) r(35,70)", "fitness": 0.0}
{"generation": 7, "position": 23, "parents": [33, 55], "genome": "d(65) a(29,41) r(29,50) a(65,104) d(73) a(69,90) d(5) r(71,52) a(71,75) r(67,40) r(69,75) d(29) a(64,55) a(74,43)", "fitness": 0.0}
{"generation": 7, "position": 24, "parents": [33], "genome": "r(6,40) r(74,88) d(71) a(5,29) a(69,72) r(71,52) a(71,75) r(67,40) r(69,75) d(29) a(64,55) a(65,73)", "fitness": 0.0}
{"generation": 7, "position": 25, "parents": [55], "genome": "d(65) a(29,41) r(29,50) a(65,104) d(73) a(69,90) d(5) r(67,99)", "fitness": 0.0}
{"generation": 7, "position": 26, "parents": [59], "genome": "a(66,104) r(66,52) a(71,99) d(5) d(65) a(69,67) d(34)", "fitness": 0.0}
{"generation": 7, "position": 27, "parents": [9], "genome": "a(66,104) d(34) r(64,88) d(34) a(5,63) r(69,64) d(67) r(5,45) d(35) a(29,49)", "fitness": 0.0}
{"generation": 7, "position": 28, "parents": [49, 55], "genome": "d(65) a(29,41) r(29,50) a(65,104) d(73) a(69,90) a(65,104) a(65,104) d(73) a(69,90) d(5) r(71,40)", "fitness": 0.0}
{"generation": 7, "position": 29, "parents": [49, 55], "genome": "d(65) a(29,41) r(29,50) a(35,45) d(73) d(74) a(72,99)", "fitness": 0.0}
{"generation": 7, "position": 30, "parents": [49], "genome": "d(65) a(29,41) r(29,50) a(65,104) d(73) a(69,90) a(65,104) a(35,45) d(73) d(74) a(67,105)", "fitness": 0.0}
{"generation": 7, "position": 31, "parents": [55], "genome": "d(65) a(29,41) r(29,50) a(65,104) d(73) a(69,90) d(5) d(72)", "fitness": 0.0}
{"generation": 7, "position": 32, "parents": [31], "genome": "r(6,40) r(74,88) d(71) a(5,29) a(69,72) r(6,57) r(69,63) a(64,91) a(65,43) r(5,39) a(66,62)", "fitness": 0.0}
{"generation": 7, "position": 33, "parents": [45], "genome": "a(66,104) d(34) r(64,88) a(5,38) a(35,29) r(73,52) a(74,55) a(5,49) a(6,40) d(5)", "fitness": 0.0}
{"generation": 7, "position": 34, "parents": [22, 5], "genome": "r(66,76) r(67,88) d(69) d(35) d(34)", "fitness": 15.0}
{"generation": 7, "position": 35, "parents": [22, 5], "genome": "a(66,104) a(71,72) a(71,105) d(5) d(72) d(71) a(65,105) r(69,71) d(72) r(29,105) d(35) a(74,64)", "fitness": 0.0}
{"generation": 7, "position": 36, "parents": [22], "genome": "r(66,76) d(71) a(65,105) r(69,71) d(72) r(29,105) d(35) a(64,65)", "fitness": 0.0}
{"generation": 7, "position": 37, "parents": [5], "genome": "a(66,104) a(71,72) a(71,105) d(5) d(72) r(67,88) d(69) d(35) r(65,62)", "fitness": 0.0}
{"generation": 7, "position": 38, "parents": [35, 11], "genome": "a(66,104) d(34) r(64,88) a(5,43)", "fitness": 0.0}
{"generation": 7, "position": 39, "parents": [35, 11], "genome": "r(6,40) d(73) r(6,57) r(69,63) a(64,91) d(65) r(74,44) a(5,38) a(35,29) r(66,52) a(71,99) d(5) a(74,67) d(35) r(34,104)", "fitness": 15.0}
{"generation": 7, "position": 40, "parents": [35], "genome": "a(66,104) d(34) r(64,88) a(5,38) a(35,29) r(66,52) a(71,99) d(5) a(74,67) d(35) a(29,37)", "fitness": 15.0}
{"generation": 7, "position": 41, "parents": [11], "genome": "r(6,40) d(73) r(6,57) r(69,63) a(64,91) d(65) r(74,44) d(34)", "fitness": 0.0}
{"generation": 7, "position": 42, "parents": [43, 2], "genome": "d(65) d(72) a(65,75) r(5,47) a(67,65)", "fitness": 0.0}
{"generation": 7, "position": 43, "parents": [43, 2], "genome": "r(66,76) d(71) a(65,105) r(69,71) d(72) d(73) d(35) d(5) a(67,65) a(65,57)", "fitness": 0.0}
{"generation": 7, "position": 44, "parents": [43], "genome": "d(65) d(72) d(73) d(35) d(5) a(67,65) d(67)", "fitness": 0.0}
{"generation": 7, "position": 45, "parents": [2], "genome": "r(66,76) d(71) a(65,105) r(69,71) d(72) a(65,75) r(5,47) r(65,72)", "fitness": 0.0}
{"generation": 7, "position": 46, "parents": [33], "genome": "r(6,40) r(74,88) d(71) a(5,29) a(69,72) r(71,52) a(71,75) r(67,40) r(69,75) d(29) a(64,55) r(65,91)", "fitness": 0.0}
{"generation": 7, "position": 47, "parents": [0], "genome": "r(66,76) d(71) a(65,105) r(69,71) d(66) a(34,29) d(34) r(64,57)", "fitness": 0.0}
{"generation": 7, "position": 48, "parents": [30, 26], "genome": "r(66,76) d(71) r(29,50) r(71,52) d(29) d(73) r(65,91)", "fitness": 0.0}
{"generation": 7, "position": 49, "parents": [30, 26], "genome": "r(6,40) r(74,88) d(71) a(5,29) a(69,72) r(71,52) a(71,75) r(67,40) r(69,75) a(71,75) r(67,40) r(69,75) d(29) a(5,53) a(35,58)", "fitness": 0.0}
{"generation": 7, "position": 50, "parents": [30], "genome": "r(66,76) d(71) r(29,50) r(71,52) a(71,75) r(67,40) r(69,75) d(29) a(5,53) a(6,50)", "fitness": 0.0}
{"generation": 7, "position": 51, "parents": [26], "genome": "r(6,40) r(74,88) d(71) a(5,29) a(69,72) r(71,52) a(71,75) r(67,40) r(69,75) d(29) d(73) d(72)", "fitness": 0.0}
{"generation": 7, "position": 52, "parents": [28, 26], "genome": "r(66,76) r(64,45)", "fitness": 0.0}
{"generation": 7, "position": 53, "parents": [28, 26], "genome": "r(6,40) r(74,88) d(71) a(5,29) a(69,72) r(71,52) a(71,75) r(67,40) r(69,75) d(29) d(73) d(71) r(29,50) r(6,57) r(69,63) a(64,91) r(72,40) d(5) r(64,75)", "fitness": 0.0}
{"generation": 7, "position": 54, "parents": [28], "genome": "r(66,76) d(71) r(29,50) r(6,57) r(69,63) a(64,91) r(72,40) d(5) d(74)", "fitness": 0.0}
{"generation": 7, "position": 55, "parents": [26], "genome": "r(6,40) r(74,88) d(71) a(5,29) a(69,72) r(71,52) a(71,75) r(67,40) r(69,75) d(29) d(73) a(66,37)", "fitness": 0.0}
{"generation": 7, "position": 56, "parents": [30, 6], "genome": "r(66,76) d(71) r(29,50) r(71,52) a(71,75) a(65,55) a(6,62)", "fitness": 0.0}
{"generation": 7, "position": 57, "parents": [30, 6], "genome": "r(66,76) d(71) r(29,50) a(65,104) r(69,64) d(67) r(5,45) r(67,40) r(69,75) d(29) a(5,53) d(73)", "fitness": 0.0}
{"generation": 7, "position": 58, "parents": [30], "genome": "r(66,76) d(71) r(29,50) r(71,52) a(71,75) r(67,40) r(69,75) d(29) a(5,53) d(6)", "fitness": 0.0}
{"generation": 7, "position": 59, "parents": [6], "genome": "r(66,76) d(71) r(29,50) a(65,104) r(69,64) d(67) r(5,45) a(65,55) d(65)", "fitness": 0.0}
{"generation": 7, "position": 60, "parents": [0], "genome": "r(66,76) d(71) a(65,105) r(69,71) d(66) a(34,29) d(34) r(5,49)", "fitness": 0.0}
{"generation": 8, "position": 0, "parents": [12], "genome": "r(6,40) r(74,88) d(71) a(5,29) a(69,72) r(71,52) a(71,75) r(67,40) r(69,75) d(29) d(73) d(65) d(5)", "fitness": 0.0}
{"generation": 8, "position": 1, "parents": [11], "genome": "r(6,40) r(74,88) d(71) a(5,29) a(69,72) r(71,52) a(71,75) r(67,40) r(69,75) d(29) d(73) r(65,105) d(66)", "fitness": 0.0}
{"generation": 8, "position": 2, "parents": [31], "genome": "d(65) a(29,41) r(29,50) a(65,104) d(73) a(69,90) d(5) d(72) r(35,44)", "fitness": 0.0}
{"generation": 8, "position": 3, "parents": [36], "genome": "r(66,76) d(71) a(65,105) r(69,71) d(72) r(29,105) d(35) a(64,65) a(74,45)", "fitness": 0.0}
{"generation": 8, "position": 4, "parents": [35], "genome": "a(66,104) a(71,72) a(71,105) d(5) d(72) d(71) a(65,105) r(69,71) d(72) r(29,105) d(35) a(74,64) r(66,65)", "fitness": 0.0}
{"generation": 8, "position": 5, "parents": [48], "genome": "r(66,76) d(71) r(29,50) r(71,52) d(29) d(73) r(65,91) d(72)", "fitness": 0.0}
{"generation": 8, "position": 6, "parents": [50], "genome": "r(66,76) d(71) r(29,50) r(71,52) a(71,75) r(67,40) r(69,75) d(29) a(5,53) a(6,50) d(35)", "fitness": 15.0}
{"generation": 8, "position": 7, "parents": [25], "genome": "d(65) a(29,41) r(29,50) a(65,104) d(73) a(69,90) d(5) r(67,99) d(71)", "fitness": 0.0}
{"generation": 8, "position": 8, "parents": [20], "genome": "d(65) a(29,41) r(29,50) a(65,104) d(73) a(69,90) a(65,104) a(35,45) d(73) d(74) a(64,71) r(71,34)", "fitness": 0.0}
{"generation": 8, "position": 9, "parents": [9], "genome": "a(66,104) r(71,52) a(71,75) r(67,40) d(74) a(66,75) r(6,57) r(69,63) a(64,91) r(72,40) a(35,99) d(34) a(66,88)", "fitness": 0.0}
{"generation": 8, "position": 10, "parents": [45], "genome": "r(66,76) d(71) a(65,105) r(69,71) d(72) a(65,75) r(5,47) r(65,72) d(73)", "fitness": 0.0}
{"generation": 8, "position": 11, "parents": [54], "genome": "r(66,76) d(71) r(29,50) r(6,57) r(69,63) a(64,91) r(72,40) d(5) d(74) d(65)", "fitness": 0.0}
{"generation": 8, "position": 12, "parents": [26], "genome": "a(66,104) r(66,52) a(71,99) d(5) d(65) a(69,67) d(34) a(69,104)", "fitness": 0.0}
{"generation": 8, "position": 13, "parents": [59], "genome": "r(66,76) d(71) r(29,50) a(65,104) r(69,64) d(67) r(5,45) a(65,55) d(65) a(35,29)", "fitness": 0.0}
{"generation": 8, "position": 14, "parents": [31, 52], "genome": "d(65) a(29,41) r(29,50) a(65,104) d(73) a(69,90) r(64,45) d(35)", "fitness": 15.0}
{"generation": 8, "position": 15, "parents": [31, 52], "genome": "r(66,76) d(5) d(72) r(29,54)", "fitness": 0.0}
{"generation": 8, "position": 16, "parents": [31], "genome": "d(65) a(29,41) r(29,50) a(65,104) d(73) a(69,90) d(5) d(72) d(71)", "fitness": 0.0}
{"generation": 8, "position": 17, "parents": [52], "genome": "r(66,76) r(64,45) r(29,105)", "fitness": 0.0}
{"generation": 8, "position": 18, "parents": [26, 16], "genome": "a(66,104) r(66,52) a(71,99) d(5) d(65) a(69,67) a(35,63) d(72) a(34,50)", "fitness": 0.0}
{"generation": 8, "position": 19, "parents": [26, 16], "genome": "a(66,104) r(66,52) a(71,99) d(5) a(74,67) d(34) d(64)", "fitness": 0.0}
{"generation": 8, "position": 20, "parents": [26], "genome": "a(66,104) r(66,52) a(71,99) d(5) d(65) a(69,67) d(34) a(29,38)", "fitness": 0.0}
{"generation": 8, "position": 21, "parents": [16], "genome": "a(66,104) r(66,52) a(71,99) d(5) a(74,67) a(35,63) d(72) r(64,75)", "fitness": 0.0}
{"generation": 8, "position": 22, "parents": [45], "genome": "r(66,76) d(71) a(65,105) r(69,71) d(72) a(65,75) r(5,47) r(65,72) a(73,64)", "fitness": 0.0}
{"generation": 8, "position": 23, "parents": [46], "genome": "r(6,40) r(74,88) d(71) a(5,29) a(69,72) r(71,52) a(71,75) r(67,40) r(69,75) d(29) a(64,55) r(65,91) a(35,67)", "fitness": 0.0}
{"generation": 8, "position": 24, "parents": [33, 35], "genome": "a(66,104) d(34) r(64,88) a(5,38) a(71,105) d(5) d(72) d(71) a(65,105) r(69,71) d(72) r(29,105) d(35) a(74,64)", "fitness": 0.0}
{"generation": 8, "position": 25, "parents": [33, 35], "genome": "a(66,104) a(71,72) a(35,29) r(73,52) a(74,55) a(5,49) a(6,40) d(5) d(69)", "fitness": 0.0}
{"generation": 8, "position": 26, "parents": [33], "genome": "a(66,104) d(34) r(64,88) a(5,38) a(35,29) r(73,52) a(74,55) a(5,49) a(6,40) d(5) a(29,53)", "fitness": 0.0}
{"generation": 8, "position": 27, "parents": [35], "genome": "a(66,104) a(71,72) a(71,105) d(5) d(72) d(71) a(65,105) r(69,71) d(72) r(29,105) d(35) a(74,64) r(73,91)", "fitness": 0.0}
{"generation": 8, "position": 28, "parents": [31, 33], "genome": "d(65) a(29,41) r(29,50) a(65,104) a(74,55) a(5,49) a(6,40) d(5) r(67,52)", "fitness": 0.0}
{"generation": 8, "position": 29, "parents": [31, 33], "genome": "a(66,104) d(34) r(64,88) a(5,38) a(35,29) r(73,52) d(73) a(69,90) d(5) d(72) d(29)", "fitness": 0.0}
{"generation": 8, "position": 30, "parents": [31], "genome": "d(65) a(29,41) r(29,50) a(65,104) d(73) a(69,90) d(5) d(72) d(71)", "fitness": 0.0}
{"generation": 8, "position": 31, "parents": [33], "genome": "a(66,104) d(34) r(64,88) a(5,38) a(35,29) r(73,52) a(74,55) a(5,49) a(6,40) d(5) r(29,90)", "fitness": 0.0}
{"generation": 8, "position": 32, "parents": [45, 36], "genome": "r(66,76) d(71) a(65,105) r(69,71) d(72) a(65,75) r(5,47) r(65,72) r(34,42)", "fitness": 0.0}
{"generation": 8, "position": 33, "parents": [45, 36], "genome": "r(66,76) d(71) a(65,105) r(69,71) d(72) r(29,105) d(35) a(64,65) r(65,71)", "fitness": 0.0}
{"generation": 8, "position": 34, "parents": [45], "genome": "r(66,76) d(71) a(65,105) r(69,71) d(72) a(65,75) r(5,47) r(65,72) r(64,104)", "fitness": 0.0}
{"generation": 8, "position": 35, "parents": [36], "genome": "r(66,76) d(71) a(65,105) r(69,71) d(72) r(29,105) d(35) a(64,65) r(5,50)", "fitness": 0.0}
{"generation": 8, "position": 36, "parents": [45, 32], "genome": "r(66,76) d(71) a(65,105) r(69,71) d(72) a(65,75) r(74,88) d(71) a(5,29) a(69,72) r(6,57) r(69,63) a(64,91) a(65,43) r(5,39) a(66,62) d(29)", "fitness": 0.0}
{"generation": 8, "position": 37, "parents": [45, 32], "genome": "r(6,40) r(5,47) r(65,72) r(73,34)", "fitness": 0.0}
{"generation": 8, "position": 38, "parents": [45], "genome": "r(66,76) d(71) a(65,105) r(69,71) d(72) a(65,75) r(5,47) r(65,72) d(74)", "fitness": 0.0}
{"generation": 8, "position": 39, "parents": [32], "genome": "r(6,40) r(74,88) d(71) a(5,29) a(69,72) r(6,57) r(69,63) a(64,91) a(65,43) r(5,39) a(66,62) d(34)", "fitness": 0.0}
{"generation": 8, "position": 40, "parents": [43], "genome": "r(66,76) d(71) a(65,105) r(69,71) d(72) d(73) d(35) d(5) a(67,65) a(65,57) d(34)", "fitness": 0.0}
{"generation": 8, "position": 41, "parents": [43], "genome": "r(66,76) d(71) a(65,105) r(69,71) d(72) d(73) d(35) d(5) a(67,65) a(65,57) r(65,44)", "fitness": 15.0}
{"generation": 8, "position": 42, "parents": [35], "genome": "a(66,104) a(71,72) a(71,105) d(5) d(72) d(71) a(65,105) r(69,71) d(72) r(29,105) d(35) a(74,64) d(74)", "fitness": 0.0}
{"generation": 8, "position": 43, "parents": [16], "genome": "a(66,104) r(66,52) a(71,99) d(5) a(74,67) a(35,63) d(72) r(65,72)", "fitness": 0.0}
{"generation": 8, "position": 44, "parents": [55], "genome": "r(6,40) r(74,88) d(71) a(5,29) a(69,72) r(71,52) a(71,75) r(67,40) r(69,75) d(29) d(73) a(66,37) a(5,41)", "fitness": 0.0}
{"generation": 8, "position": 45, "parents": [38], "genome": "a(66,104) d(34) r(64,88) a(5,43) d(5)", "fitness": 0.0}
{"generation": 8, "position": 46, "parents": [28], "genome": "d(65) a(29,41) r(29,50) a(65,104) d(73) a(69,90) a(65,104) a(65,104) d(73) a(69,90) d(5) r(71,40) a(69,71)", "fitness": 0.0}
{"generation": 8, "position": 47, "parents": [4], "genome": "r(6,40) r(74,88) r(6,57) a(29,90) a(73,55) r(69,52) d(5)", "fitness": 0.0}
{"generation": 8, "position": 48, "parents": [15], "genome": "r(66,76) d(5) a(74,67) a(35,63) r(72,62) a(71,52)", "fitness": 0.0}
{"generation": 8, "position": 49, "parents": [47], "genome": "r(66,76) d(71) a(65,105) r(69,71) d(66) a(34,29) d(34) r(64,57) d(29)", "fitness": 0.0}
{"generation": 8, "position": 50, "parents": [44], "genome": "d(65) d(72) d(73) d(35) d(5) a(67,65) d(67) r(74,49)", "fitness": 15.0}
{"generation": 9, "position": 0, "parents": [9, 51], "genome": "a(66,104) r(71,52) a(65,75) r(34,5) r(73,45) r(64,38) r(35,51)", "fitness": 0.0}
{"generation": 9, "position": 1, "parents": [9, 51], "genome": "d(65) r(69,71) d(72) a(71,75) r(67,40) d(74) a(66,75) r(6,57) r(69,63) a(64,91) r(72,40) a(35,99) d(34) a(66,88) d(29)", "fitness": 0.0}
{"generation": 9, "position": 2, "parents": [9], "genome": "a(66,104) r(71,52) a(71,75) r(67,40) d(74) a(66,75) r(6,57) r(69,63) a(64,91) r(72,40) a(35,99) d(34) a(66,88) r(64,34)", "fitness": 0.0}
{"generation": 9, "position": 3, "parents": [51], "genome": "d(65) r(69,71) d(72) a(65,75) r(34,5) r(73,45) r(64,38) r(35,46)", "fitness": 0.0}
{"generation": 9, "position": 4, "parents": [13], "genome": "r(66,76) d(71) r(29,50) a(65,104) r(69,64) d(67) r(5,45) a(65,55) d(65) a(35,29) d(64)", "fitness": 0.0}
{"generation": 9, "position": 5, "parents": [51], "genome": "d(65) r(69,71) d(72) a(65,75) r(34,5) r(73,45) r(64,38) d(6)", "fitness": 0.0}
{"generation": 9, "position": 6, "parents": [3], "genome": "r(66,76) d(71) a(65,105) r(69,71) d(72) r(29,105) d(35) a(64,65) a(74,45) a(6,39)", "fitness": 0.0}
{"generation": 9, "position": 7, "parents": [49], "genome": "r(66,76) d(71) a(65,105) r(69,71) d(66) a(34,29) d(34) r(64,57) d(29) a(35,29)", "fitness": 0.0}
{"generation": 9, "position": 8, "parents": [33, 2], "genome": "r(66,76) d(71) d(72) r(35,44) r(64,40)", "fitness": 15.0}
{"generation": 9, "position": 9, "parents": [33, 2], "genome": "d(65) a(29,41) r(29,50) a(65,104) d(73) a(69,90) d(5) a(65,105) r(69,71) d(72) r(29,105) d(35) a(64,65) r(65,71) d(66)", "fitness": 0.0}
{"generation": 9, "position": 10, "parents": [33], "genome": "r(66,76) d(71) a(65,105) r(69,71) d(72) r(29,105) d(35) a(64,65) r(65,71) r(74,52)", "fitness": 0.0}
{"generation": 9, "position": 11, "parents": [2], "genome": "d(65) a(29,41) r(29,50) a(65,104) d(73) a(69,90) d(5) d(72) r(35,44) d(64)", "fitness": 15.0}
{"generation": 9, "position": 12, "parents": [39], "genome": "r(6,40) r(74,88) d(71) a(5,29) a(69,72) r(6,57) r(69,63) a(64,91) a(65,43) r(5,39) a(66,62) d(34) d(65)", "fitness": 0.0}
{"generation": 9, "position": 13, "parents": [9], "genome": "a(66,104) r(71,52) a(71,75) r(67,40) d(74) a(66,75) r(6,57) r(69,63) a(64,91) r(72,40) a(35,99) d(34) a(66,88) a(29,105)", "fitness": 0.0}
{"generation": 9, "position": 14, "parents": [31], "genome": "a(66,104) d(34) r(64,88) a(5,38) a(35,29) r(73,52) a(74,55) a(5,49) a(6,40) d(5) r(29,90) r(35,36)", "fitness": 0.0}
{"generation": 9, "position": 15, "parents": [29], "genome": "a(66,104) d(34) r(64,88) a(5,38) a(35,29) r(73,52) d(73) a(69,90) d(5) d(72) d(29) a(35,105)", "fitness": 0.0}
{"generation": 9, "position": 16, "parents": [36, 21], "genome": "r(66,76) d(71) a(65,105) r(69,71) d(72) a(65,75) r(74,88) d(71) a(35,63) d(72) r(64,75) d(34)", "fitness": 0.0}
{"generation": 9, "position": 17, "parents": [36, 21], "genome": "a(66,104) r(66,52) a(71,99) d(5) a(74,67) a(5,29) a(69,72) r(6,57) r(69,63) a(64,91) a(65,43) r(5,39) a(66,62) d(29) r(73,65)", "fitness": 0.0}
{"generation": 9, "position": 18, "parents": [36], "genome": "r(66,76) d(71) a(65,105) r(69,71) d(72) a(65,75) r(74,88) d(71) a(5,29) a(69,72) r(6,57) r(69,63) a(64,91) a(65,43) r(5,39) a(66,62) d(29) a(64,105)", "fitness": 0.0}
{"generation": 9, "position": 19, "parents": [21], "genome": "a(66,104) r(66,52) a(71,99) d(5) a(74,67) a(35,63) d(72) r(64,75) a(29,58)", "fitness": 0.0}
{"generation": 9, "position": 20, "parents": [2], "genome": "d(65) a(29,41) r(29,50) a(65,104) d(73) a(69,90) d(5) d(72) r(35,44) a(64,91)", "fitness": 0.0}
{"generation": 9, "position": 21, "parents": [12], "genome": "a(66,104) r(66,52) a(71,99) d(5) d(65) a(69,67) d(34) a(69,104) d(64)", "fitness": 0.0}
{"generation": 9, "position": 22, "parents": [32, 22], "genome": "r(66,76) d(71) a(65,105) r(69,71) d(72) a(65,75) a(65,75) r(5,47) r(65,72) a(73,64) r(34,29)", "fitness": 0.0}
{"generation": 9, "position": 23, "parents": [32, 22], "genome": "r(66,76) d(71) a(65,105) r(69,71) d(72) r(5,47) r(65,72) r(34,42) d(64)", "fitness": 0.0}
{"generation": 9, "position": 24, "parents": [32], "genome": "r(66,76) d(71) a(65,105) r(69,71) d(72) a(65,75) r(5,47) r(65,72) r(34,42) d(29)", "fitness": 0.0}
{"generation": 9, "position": 25, "parents": [22], "genome": "r(66,76) d(71) a(65,105) r(69,71) d(72) a(65,75) r(5,47) r(65,72) a(73,64) a(64,72)", "fitness": 0.0}
{"generation": 9, "position": 26, "parents": [23, 34], "genome": "r(6,40) r(74,88) d(71) a(5,29) a(69,72) r(71,52) a(71,75) r(67,40) r(69,75) d(29) r(64,104) r(35,76)", "fitness": 0.0}
{"generation": 9, "position": 27, "parents": [23, 34], "genome": "r(66,76) d(71) a(65,105) r(69,71) d(72) a(65,75) r(5,47) r(65,72) a(64,55) r(65,91) a(35,67) r(34,58)", "fitness": 0.0}
{"generation": 9, "position": 28, "parents": [23], "genome": "r(6,40) r(74,88) d(71) a(5,29) a(69,72) r(71,52) a(71,75) r(67,40) r(69,75) d(29) a(64,55) r(65,91) a(35,67) d(73)", "fitness": 0.0}
{"generation": 9, "position": 29, "parents": [34], "genome": "r(66,76) d(71) a(65,105) r(69,71) d(72) a(65,75) r(5,47) r(65,72) r(64,104) d(34)", "fitness": 0.0}
{"generation": 9, "position": 30, "parents": [22], "genome": "r(66,76) d(71) a(65,105) r(69,71) d(72) a(65,75) r(5,47) r(65,72) a(73,64) d(35)", "fitness": 0.0}
{"generation": 9, "position": 31, "parents": [40], "genome": "r(66,76) d(71) a(65,105) r(69,71) d(72) d(73) d(35) d(5) a(67,65) a(65,57) d(34) r(74,105)", "fitness": 0.0}
{"generation": 9, "position": 32, "parents": [42], "genome": "a(66,104) a(71,72) a(71,105) d(5) d(72) d(71) a(65,105) r(69,71) d(72) r(29,105) d(35) a(74,64) d(74) a(64,67)", "fitness": 0.0}
{"generation": 9, "position": 33, "parents": [12], "genome": "a(66,104) r(66,52) a(71,99) d(5) d(65) a(69,67) d(34) a(69,104) d(35)", "fitness": 0.0}
{"generation": 9, "position": 34, "parents": [37], "genome": "r(6,40) r(5,47) r(65,72) r(73,34) a(72,50)", "fitness": 0.0}
{"generation": 9, "position": 35, "parents": [13], "genome": "r(66,76) d(71) r(29,50) a(65,104) r(69,64) d(67) r(5,45) a(65,55) d(65) a(35,29) d(72)", "fitness": 0.0}
{"generation": 9, "position": 36, "parents": [19, 34], "genome": "a(66,104) r(66,52) a(71,99) d(5) a(74,67) r(5,47) r(65,72) r(64,104) d(35)", "fitness": 0.0}
{"generation": 9, "position": 37, "parents": [19, 34], "genome": "r(66,76) d(71) a(65,105) r(69,71) d(72) a(65,75) d(34) d(64) r(35,53)", "fitness": 0.0}
{"generation": 9, "position": 38, "parents": [19], "genome": "a(66,104) r(66,52) a(71,99) d(5) a(74,67) d(34) d(64) d(29)", "fitness": 0.0}
{"generation": 9, "position": 39, "parents": [34], "genome": "r(66,76) d(71) a(65,105) r(69,71) d(72) a(65,75) r(5,47) r(65,72) r(64,104) d(34)", "fitness": 0.0}
{"generation": 9, "position": 40, "parents": [41, 28], "genome": "r(66,76) d(71) a(65,105) r(69,71) d(72) d(73) d(35) d(5) a(67,65) r(67,52) r(65,43)", "fitness": 0.0}
{"generation": 9, "position": 41, "parents": [41, 28], "genome": "d(65) a(29,41) r(29,50) a(65,104) a(74,55) a(5,49) a(6,40) d(5) a(65,57) r(65,44) r(66,67)", "fitness": 0.0}
{"generation": 9, "position": 42, "parents": [41], "genome": "r(66,76) d(71) a(65,105) r(69,71) d(72) d(73) d(35) d(5) a(67,65) a(65,57) r(65,44) a(34,35)", "fitness": 15.0}
{"generation": 9, "position": 43, "parents": [28], "genome": "d(65) a(29,41) r(29,50) a(65,104) a(74,55) a(5,49) a(6,40) d(5) r(67,52) a(74,88)", "fitness": 0.0}
{"generation": 9, "position": 44, "parents": [30], "genome": "d(65) a(29,41) r(29,50) a(65,104) d(73) a(69,90) d(5) d(72) d(71) a(69,65)", "fitness": 0.0}
{"generation": 9, "position": 45, "parents": [4], "genome": "a(66,104) a(71,72) a(71,105) d(5) d(72) d(71) a(65,105) r(69,71) d(72) r(29,105) d(35) a(74,64) r(66,65) r(74,50)", "fitness": 0.0}
{"generation": 9, "position": 46, "parents": [16], "genome": "d(65) a(29,41) r(29,50) a(65,104) d(73) a(69,90) d(5) d(72) d(71) a(74,72)", "fitness": 0.0}
{"generation": 9, "position": 47, "parents": [16], "genome": "d(65) a(29,41) r(29,50) a(65,104) d(73) a(69,90) d(5) d(72) d(71) a(74,105)", "fitness": 0.0}
{"generation": 9, "position": 48, "parents": [18, 44], "genome": "a(66,104) r(66,52) a(71,99) r(69,75) d(29) d(73) a(66,37) a(5,41) d(65)", "fitness": 0.0}
{"generation": 9, "position": 49, "parents": [18, 44], "genome": "r(6,40) r(74,88) d(71) a(5,29) a(69,72) r(71,52) a(71,75) r(67,40) d(5) d(65) a(69,67) a(35,63) d(72) a(34,50) a(35,91)", "fitness": 0.0}
{"generation": 9, "position": 50, "parents": [18], "genome": "a(66,104) r(66,52) a(71,99) d(5) d(65) a(69,67) a(35,63) d(72) a(34,50) r(34,62)", "fitness": 0.0}
{"generation": 9, "position": 51, "parents": [44], "genome": "r(6,40) r(74,88) d(71) a(5,29) a(69,72) r(71,52) a(71,75) r(67,40) r(69,75) d(29) d(73) a(66,37) a(5,41) r(72,88)", "fitness": 0.0}
{"generation": 9, "position": 52, "parents": [7, 46], "genome": "d(65) a(29,41) r(29,50) a(65,104) d(73) a(69,90) d(5) r(67,99) d(71) r(71,40) a(69,71) a(35,43)", "fitness": 0.0}
{"generation": 9, "position": 53, "parents": [7, 46], "genome": "d(65) a(29,41) r(29,50) a(65,104) d(73) a(69,90) a(65,104) a(65,104) d(73) a(69,90) d(5) d(72)", "fitness": 0.0}
{"generation": 9, "position": 54, "parents": [7], "genome": "d(65) a(29,41) r(29,50) a(65,104) d(73) a(69,90) d(5) r(67,99) d(71) r(35,47)", "fitness": 0.0}
{"generation": 9, "position": 55, "parents": [46], "genome": "d(65) a(29,41) r(29,50) a(65,104) d(73) a(69,90) a(65,104) a(65,104) d(73) a(69,90) d(5) r(71,40) a(69,71) r(35,38)", "fitness": 0.0}
{"generation": 9, "position": 56, "parents": [17], "genome": "r(66,76) r(64,45) r(29,105) a(35,70)", "fitness": 0.0}
{"generation": 10, "position": 0, "parents": [46, 41], "genome": "d(65) a(29,41) r(29,50) a(65,104) d(73) a(69,90) d(5) d(72) r(29,50) a(65,104) a(74,55) a(5,49) a(6,40) d(5) a(65,57) r(65,44) r(66,67) r(69,67)", "fitness": 0.0}
{"generation": 10, "position": 1, "parents": [46, 41], "genome": "d(65) a(29,41) d(71) a(74,72) r(64,74)", "fitness": 0.0}
{"generation": 10, "position": 2, "parents": [46], "genome": "d(65) a(29,41) r(29,50) a(65,104) d(73) a(69,90) d(5) d(72) d(71) a(74,72) d(67)", "fitness": 0.0}
{"generation": 10, "position": 3, "parents": [41], "genome": "d(65) a(29,41) r(29,50) a(65,104) a(74,55) a(5,49) a(6,40) d(5) a(65,57) r(65,44) r(66,67) r(71,64)", "fitness": 3.0}
{"generation": 10, "position": 4, "parents": [1], "genome": "d(65) r(69,71) d(72) a(71,75) r(67,40) d(74) a(66,75) r(6,57) r(69,63) a(64,91) r(72,40) a(35,99) d(34) a(66,88) d(29) d(66)", "fitness": 0.0}
{"generation": 10, "position": 5, "parents": [10], "genome": "r(66,76) d(71) a(65,105) r(69,71) d(72) r(29,105) d(35) a(64,65) r(65,71) r(74,52) d(5)", "fitness": 0.0}
{"generation": 10, "position": 6, "parents": [29, 29], "genome": "r(66,76) d(71) a(65,105) r(69,71) d(72) a(65,75) r(5,47) a(65,105) r(69,71) d(72) a(65,75) r(5,47) r(65,72) r(64,104) d(34) d(35)", "fitness": 0.0}
{"generation": 10, "position": 7, "parents": [29, 29], "genome": "r(66,76) d(71) r(65,72) r(64,104) d(34) a(29,104)", "fitness": 15.0}
{"generation": 10, "position": 8, "parents": [29], "genome": "r(66,76) d(71) a(65,105) r(69,71) d(72) a(65,75) r(5,47) r(65,72) r(64,104) d(34) r(35,37)", "fitness": 0.0}
{"generation": 10, "position": 9, "parents": [29], "genome": "r(66,76) d(71) a(65,105) r(69,71) d(72) a(65,75) r(5,47) r(65,72) r(64,104) d(34) a(35,62)", "fitness": 0.0}
{"generation": 10, "position": 10, "parents": [7, 56], "genome": "r(66,76) d(71) a(65,105) r(69,71) d(66) r(29,105) a(35,70) a(74,67)", "fitness": 0.0}
{"generation": 10, "position": 11, "parents": [7, 56], "genome": "r(66,76) r(64,45) a(34,29) d(34) r(64,57) d(29) a(35,29) r(5,105)", "fitness": 0.0}
{"generation": 10, "position": 12, "parents": [7], "genome": "r(66,76) d(71) a(65,105) r(69,71) d(66) a(34,29) d(34) r(64,57) d(29) a(35,29) d(5)", "fitness": 0.0}
{"generation": 10, "position": 13, "parents": [56], "genome": "r(66,76) r(64,45) r(29,105) a(35,70) a(5,71)", "fitness": 0.0}
{"generation": 10, "position": 14, "parents": [41, 9], "genome": "d(65) a(29,41) r(29,50) a(65,104) a(74,55) a(5,49) a(6,40) d(5) a(65,57) r(65,44) r(66,67) r(69,71) d(72) r(29,105) d(35) a(64,65) r(65,71) d(66) r(64,90)", "fitness": 15.0}
{"generation": 10, "position": 15, "parents": [41, 9], "genome": "d(65) a(29,41) r(29,50) a(65,104) d(73) a(69,90) d(5) a(65,105) d(64)", "fitness": 0.0}
{"generation": 10, "position": 16, "parents": [41], "genome": "d(65) a(29,41) r(29,50) a(65,104) a(74,55) a(5,49) a(6,40) d(5) a(65,57) r(65,44) r(66,67) a(64,75)", "fitness": 0.0}
{"generation": 10, "position": 17, "parents": [9], "genome": "d(65) a(29,41) r(29,50) a(65,104) d(73) a(69,90) d(5) a(65,105) r(69,71) d(72) r(29,105) d(35) a(64,65) r(65,71) d(66) a(64,62)", "fitness": 0.0}
{"generation": 10, "position": 18, "parents": [29], "genome": "r(66,76) d(71) a(65,105) r(69,71) d(72) a(65,75) r(5,47) r(65,72) r(64,104) d(34) a(35,76)", "fitness": 15.0}
{"generation": 10, "position": 19, "parents": [23], "genome": "r(66,76) d(71) a(65,105) r(69,71) d(72) r(5,47) r(65,72) r(34,42) d(64) a(35,57)", "fitness": 0.0}
{"generation": 10, "position": 20, "parents": [19, 43], "genome": "a(66,104) r(66,52) a(71,99) d(5) a(74,67) a(35,63) d(72) r(64,75) a(29,58) a(65,104) a(74,55) a(5,49) a(6,40) d(5) r(67,52) a(74,88) r(29,38)", "fitness": 0.0}
{"generation": 10, "position": 21, "parents": [19, 43], "genome": "d(65) a(29,41) r(29,50) d(66)", "fitness": 0.0}
{"generation": 10, "position": 22, "parents": [19], "genome": "a(66,104) r(66,52) a(71,99) d(5) a(74,67) a(35,63) d(72) r(64,75) a(29,58) a(29,91)", "fitness": 15.0}
{"generation": 10, "position": 23, "parents": [43], "genome": "d(65) a(29,41) r(29,50) a(65,104) a(74,55) a(5,49) a(6,40) d(5) r(67,52) a(74,88) r(71,105)", "fitness": 0.0}
{"generation": 10, "position": 24, "parents": [34], "genome": "r(6,40) r(5,47) r(65,72) r(73,34) a(72,50) a(67,34)", "fitness": 0.0}
{"generation": 10, "position": 25, "parents": [26], "genome": "r(6,40) r(74,88) d(71) a(5,29) a(69,72) r(71,52) a(71,75) r(67,40) r(69,75) d(29) r(64,104) r(35,76) r(5,91)", "fitness": 15.0}
{"generation": 10, "position": 26, "parents": [36], "genome": "a(66,104) r(66,52) a(71,99) d(5) a(74,67) r(5,47) r(65,72) r(64,104) d(35) d(29)", "fitness": 0.0}
{"generation": 10, "position": 27, "parents": [29], "genome": "r(66,76) d(71) a(65,105) r(69,71) d(72) a(65,75) r(5,47) r(65,72) r(64,104) d(34) d(35)", "fitness": 0.0}
{"generation": 10, "position": 28, "parents": [57], "genome": "r(6,40) r(74,88) d(71) a(5,29) a(69,72) r(71,52) a(71,75) r(67,40) r(69,75) d(29) d(73) d(65) d(5) d(72) a(66,69)", "fitness": 0.0}
{"generation": 10, "position": 29, "parents": [32], "genome": "a(66,104) a(71,72) a(71,105) d(5) d(72) d(71) a(65,105) r(69,71) d(72) r(29,105) d(35) a(74,64) d(74) a(64,67) a(64,64)", "fitness": 2.0}
{"generation": 10, "position": 30, "parents": [5, 39], "genome": "d(65) r(69,71) d(72) a(65,75) d(34) d(67)", "fitness": 0.0}
{"generation": 10, "position": 31, "parents": [5, 39], "genome": "r(66,76) d(71) a(65,105) r(69,71) d(72) a(65,75) r(5,47) r(65,72) r(64,104) r(34,5) r(73,45) r(64,38) d(6) d(35)", "fitness": 15.0}
{"generation": 10, "position": 32, "parents": [5], "genome": "d(65) r(69,71) d(72) a(65,75) r(34,5) r(73,45) r(64,38) d(6) a(29,46)", "fitness": 0.0}
{"generation": 10, "position": 33, "parents": [39], "genome": "r(66,76) d(71) a(65,105) r(69,71) d(72) a(65,75) r(5,47) r(65,72) r(64,104) d(34) r(35,90)", "fitness": 0.0}
{"generation": 10, "position": 34, "parents": [30], "genome": "r(66,76) d(71) a(65,105) r(69,71) d(72) a(65,75) r(5,47) r(65,72) a(73,64) d(35) d(73)", "fitness": 0.0}
{"generation": 10, "position": 35, "parents": [38], "genome": "a(66,104) r(66,52) a(71,99) d(5) a(74,67) d(34) d(64) d(29) d(35)", "fitness": 0.0}
{"generation": 10, "position": 36, "parents": [19, 17], "genome": "a(66,104) r(66,52) r(69,63) a(64,91) a(65,43) r(5,39) a(66,62) d(29) r(73,65) r(72,62)", "fitness": 0.0}
{"generation": 10, "position": 37, "parents": [19, 17], "genome": "a(66,104) r(66,52) a(71,99) d(5) a(74,67) a(5,29) a(69,72) r(6,57) a(71,99) d(5) a(74,67) a(35,63) d(72) r(64,75) a(29,58) a(34,67)", "fitness": 0.0}
{"generation": 10, "position": 38, "parents": [19], "genome": "a(66,104) r(66,52) a(71,99) d(5) a(74,67) a(35,63) d(72) r(64,75) a(29,58) r(29,40)", "fitness": 0.0}
{"generation": 10, "position": 39, "parents": [17], "genome": "a(66,104) r(66,52) a(71,99) d(5) a(74,67) a(5,29) a(69,72) r(6,57) r(69,63) a(64,91) a(65,43) r(5,39) a(66,62) d(29) r(73,65) r(64,104)", "fitness": 0.0}
{"generation": 10, "position": 40, "parents": [22, 15], "genome": "r(66,76) d(71) d(34) r(64,88) a(5,38) a(35,29) r(73,52) d(73) a(69,90) d(5) d(72) d(29) a(35,105) d(35)", "fitness": 0.0}
{"generation": 10, "position": 41, "parents": [22, 15], "genome": "a(66,104) a(65,105) r(69,71) d(72) a(65,75) a(65,75) r(5,47) r(65,72) a(73,64) r(34,29) a(35,51)", "fitness": 0.0}
{"generation": 10, "position": 42, "parents": [22], "genome": "r(66,76) d(71) a(65,105) r(69,71) d(72) a(65,75) a(65,75) r(5,47) r(65,72) a(73,64) r(34,29) a(64,37)", "fitness": 0.0}
{"generation": 10, "position": 43, "parents": [15], "genome": "a(66,104) d(34) r(64,88) a(5,38) a(35,29) r(73,52) d(73) a(69,90) d(5) d(72) d(29) a(35,105) r(35,46)", "fitness": 15.0}
{"generation": 10, "position": 44, "parents": [48], "genome": "a(66,104) r(66,52) a(71,99) r(69,75) d(29) d(73) a(66,37) a(5,41) d(65) a(74,50)", "fitness": 0.0}
{"generation": 10, "position": 45, "parents": [52], "genome": "d(65) a(29,41) r(29,50) a(65,104) d(73) a(69,90) d(5) r(67,99) d(71) r(71,40) a(69,71) a(35,43) d(72)", "fitness": 0.0}
{"generation": 10, "position": 46, "parents": [37, 36], "genome": "r(66,76) d(71) a(65,105) r(64,104) d(35) a(5,53)", "fitness": 0.0}
{"generation": 10, "position": 47, "parents": [37, 36], "genome": "a(66,104) r(66,52) a(71,99) d(5) a(74,67) r(5,47) r(65,72) r(69,71) d(72) a(65,75) d(34) d(64) r(35,53) r(29,50)", "fitness": 15.0}
{"generation": 10, "position": 48, "parents": [37], "genome": "r(66,76) d(71) a(65,105) r(69,71) d(72) a(65,75) d(34) d(64) r(35,53) d(29)", "fitness": 15.0}
{"generation": 10, "position": 49, "parents": [36], "genome": "a(66,104) r(66,52) a(71,99) d(5) a(74,67) r(5,47) r(65,72) r(64,104) d(35) d(29)", "fitness": 0.0}
{"generation": 10, "position": 50, "parents": [14], "genome": "a(66,104) d(34) r(64,88) a(5,38) a(35,29) r(73,52) a(74,55) a(5,49) a(6,40) d(5) r(29,90) r(35,36)", "fitness": 0.0}
{"generation": 10, "position": 51, "parents": [21], "genome": "a(66,104) r(66,52) a(71,99) d(5) d(65) a(69,67) d(34) a(69,104) d(64) d(29)", "fitness": 0.0}
{"generation": 10, "position": 52, "parents": [2], "genome": "a(66,104) r(71,52) a(71,75) r(67,40) d(74) a(66,75) r(6,57) r(69,63) a(64,91) r(72,40) a(35,99) d(34) a(66,88) r(64,34) d(29)", "fitness": 0.0}
{"generation": 10, "position": 53, "parents": [6], "genome": "r(66,76) d(71) a(65,105) r(69,71) d(72) r(29,105) d(35) a(64,65) a(74,45) a(6,39) d(74)", "fitness": 0.0}
{"generation": 10, "position": 54, "parents": [57, 29], "genome": "r(6,40) r(74,88) d(71) a(5,29) a(69,72) r(71,52) a(71,75) r(67,40) r(69,75) d(29) d(73) d(65) d(5) d(72) a(65,75) r(5,47) r(65,72) r(64,104) d(34) d(35)", "fitness": 0.0}
{"generation": 10, "position": 55, "parents": [57, 29], "genome": "r(66,76) d(71) a(65,105) r(69,71) d(72) r(35,41)", "fitness": 0.0}
{"generation": 10, "position": 56, "parents": [57], "genome": "r(6,40) r(74,88) d(71) a(5,29) a(69,72) r(71,52) a(71,75) r(67,40) r(69,75) d(29) d(73) d(65) d(5) d(72) r(66,75)", "fitness": 0.0}
{"generation": 10, "position": 57, "parents": [29], "genome": "r(66,76) d(71) a(65,105) r(69,71) d(72) a(65,75) r(5,47) r(65,72) r(64,104) d(34) d(35)", "fitness": 0.0}
{"generation": 10, "position": 58, "parents": [55, 44], "genome": "d(65) a(29,41) r(29,50) a(65,104) d(73) a(69,90) a(65,104) a(65,104) d(73) a(69,90) d(5) d(71) a(69,65) r(35,104)", "fitness": 15.0}
{"generation": 10, "position": 59, "parents": [55, 44], "genome": "d(65) a(29,41) r(29,50) a(65,104) d(73) a(69,90) d(5) d(72) r(71,40) a(69,71) r(35,38) a(66,76)", "fitness": 15.0}
{"generation": 10, "position": 60, "parents": [55], "genome": "d(65) a(29,41) r(29,50) a(65,104) d(73) a(69,90) a(65,104) a(65,104) d(73) a(69,90) d(5) r(71,40) a(69,71) r(35,38) a(74,71)", "fitness": 0.0}