[meta]
{"program": "genprog-3.0", "problem": {"type": "repair", "name": "uniq", "enclosure": {"1": 0, "2": 0, "3": 0, "4": 0, "5": 0, "6": 5, "7": 6, "9": 5, "10": 9, "11": 9, "12": 11, "13": 11, "14": 9, "15": 9, "17": 9, "18": 5, "19": 18, "20": 18, "21": 18, "23": 18, "24": 5, "25": 5, "26": 25, "27": 25, "29": 0, "30": 29, "31": 29, "32": 31, "33": 31, "34": 29, "35": 0, "36": 0, "37": 36, "38": 36, "39": 0, "40": 39, "41": 39, "42": 39, "43": 42, "44": 42, "45": 42, "46": 39, "47": 39, "48": 47, "49": 47, "50": 47, "51": 47, "52": 51, "53": 51, "54": 51, "55": 54, "56": 54, "57": 54, "58": 51, "59": 51, "60": 59, "62": 47, "63": 47, "64": 0, "65": 64, "66": 64, "67": 66, "69": 64, "70": 69, "71": 69, "72": 64, "73": 64, "74": 64, "75": 0, "76": 0, "78": 0, "79": 78, "80": 78, "81": 78, "83": 0, "85": 83, "86": 0, "87": 0, "88": 0, "89": 0, "90": 0, "91": 0, "92": 0, "93": 0, "94": 0, "95": 94, "96": 94, "97": 94, "98": 94, "99": 98, "101": 94, "102": 94, "103": 94, "104": 103, "105": 103, "106": 0, "107": 106, "108": 106, "109": 0, "110": 0, "111": 0, "112": 0, "113": 0, "114": 113, "115": 113, "116": 113, "117": 116, "119": 113, "120": 119, "121": 120, "122": 120, "123": 122, "125": 119, "126": 113, "127": 126, "129": 127, "131": 129, "133": 131, "134": 126, "135": 0, "136": 135, "137": 135, "138": 135, "139": 138, "140": 139, "143": 135, "144": 0, "145": 0, "146": 0}}, "version": "0.0.2", "seed": 23, "algorithm": {"representation": "patch", "type": "genetic", "name": "ALGORITHM-NAME"}}

[data]
{"generation": 0, "position": 0, "parents": [], "genome": "r(74,99)", "fitness": 15.0}
{"generation": 0, "position": 1, "parents": [], "genome": "d(71)", "fitness": 5.0}
{"generation": 0, "position": 2, "parents": [], "genome": "d(64)", "fitness": 0.0}
{"generation": 0, "position": 3, "parents": [], "genome": "r(65,56)", "fitness": 15.0}
{"generation": 0, "position": 4, "parents": [], "genome": "d(66)", "fitness": 3.0}
{"generation": 0, "position": 5, "parents": [], "genome": "d(5)", "fitness": 5.0}
{"generation": 0, "position": 6, "parents": [], "genome": "a(34,34)", "fitness": 5.0}
{"generation": 0, "position": 7, "parents": [], "genome": "a(34,40)", "fitness": 5.0}
{"generation": 0, "position": 8, "parents": [], "genome": "d(5)", "fitness": 5.0}
{"generation": 0, "position": 9, "parents": [], "genome": "a(29,62)", "fitness": 5.0}
{"generation": 0, "position": 10, "parents": [], "genome": "d(6)", "fitness": 0.0}
{"generation": 0, "position": 11, "parents": [], "genome": "d(35)", "fitness": 15.0}
{"generation": 0, "position": 12, "parents": [], "genome": "r(34,55)", "fitness": 5.0}
{"generation": 0, "position": 13, "parents": [], "genome": "a(67,72)", "fitness": 5.0}
{"generation": 0, "position": 14, "parents": [], "genome": "a(67,52)", "fitness": 5.0}
{"generation": 0, "position": 15, "parents": [], "genome": "d(29)", "fitness": 5.0}
{"generation": 0, "position": 16, "parents": [], "genome": "d(74)", "fitness": 15.0}
{"generation": 0, "position": 17, "parents": [], "genome": "r(72,49)", "fitness": 15.0}
{"generation": 0, "position": 18, "parents": [], "genome": "d(73)", "fitness": 15.0}
{"generation": 0, "position": 19, "parents": [], "genome": "r(64,40)", "fitness": 0.0}
{"generation": 0, "position": 20, "parents": [], "genome": "a(6,56)", "fitness": 5.0}
{"generation": 0, "position": 21, "parents": [], "genome": "r(5,41)", "fitness": 5.0}
{"generation": 0, "position": 22, "parents": [], "genome": "d(6)", "fitness": 0.0}
{"generation": 0, "position": 23, "parents": [], "genome": "r(66,43)", "fitness": 3.0}
{"generation": 0, "position": 24, "parents": [], "genome": "d(73)", "fitness": 15.0}
{"generation": 0, "position": 25, "parents": [], "genome": "r(6,91)", "fitness": 15.0}
{"generation": 0, "position": 26, "parents": [], "genome": "a(69,50)", "fitness": 5.0}
{"generation": 0, "position": 27, "parents": [], "genome": "d(29)", "fitness": 5.0}
{"generation": 0, "position": 28, "parents": [], "genome": "r(29,38)", "fitness": 5.0}
{"generation": 0, "position": 29, "parents": [], "genome": "a(69,76)", "fitness": 15.0}
{"generation": 0, "position": 30, "parents": [], "genome": "a(35,62)", "fitness": 5.0}
{"generation": 0, "position": 31, "parents": [], "genome": "a(73,43)", "fitness": 5.0}
{"generation": 0, "position": 32, "parents": [], "genome": "d(66)", "fitness": 3.0}
{"generation": 0, "position": 33, "parents": [], "genome": "d(72)", "fitness": 15.0}
{"generation": 0, "position": 34, "parents": [], "genome": "d(65)", "fitness": 0.0}
{"generation": 0, "position": 35, "parents": [], "genome": "r(67,99)", "fitness": 5.0}
{"generation": 0, "position": 36, "parents": [], "genome": "r(35,105)", "fitness": 15.0}
{"generation": 0, "position": 37, "parents": [], "genome": "a(67,50)", "fitness": 5.0}
{"generation": 0, "position": 38, "parents": [], "genome": "d(67)", "fitness": 5.0}
{"generation": 0, "position": 39, "parents": [], "genome": "original", "fitness": 5.0}
{"generation": 1, "position": 0, "parents": [22], "genome": "d(6) d(64)", "fitness": 0.0}
{"generation": 1, "position": 1, "parents": [21], "genome": "r(5,41) r(74,43)", "fitness": 15.0}
{"generation": 1, "position": 2, "parents": [26, 9], "genome": "a(69,50) d(72)", "fitness": 15.0}
{"generation": 1, "position": 3, "parents": [26, 9], "genome": "a(29,62) a(72,76)", "fitness": 15.0}
{"generation": 1, "position": 4, "parents": [26], "genome": "a(69,50) d(65)", "fitness": 0.0}
{"generation": 1, "position": 5, "parents": [9], "genome": "a(29,62) r(64,74)", "fitness": 0.0}
{"generation": 1, "position": 6, "parents": [21, 37], "genome": "r(5,41) r(29,41)", "fitness": 5.0}
{"generation": 1, "position": 7, "parents": [21, 37], "genome": "a(67,50) a(5,39)", "fitness": 5.0}
{"generation": 1, "position": 8, "parents": [21], "genome": "r(5,41) r(34,56)", "fitness": 5.0}
{"generation": 1, "position": 9, "parents": [37], "genome": "a(67,50) d(72)", "fitness": 15.0}
{"generation": 1, "position": 10, "parents": [2], "genome": "d(64) a(6,34)", "fitness": 0.0}
{"generation": 1, "position": 11, "parents": [2], "genome": "d(64) d(34)", "fitness": 0.0}
{"generation": 1, "position": 12, "parents": [17, 5], "genome": "r(72,49) d(73)", "fitness": 15.0}
{"generation": 1, "position": 13, "parents": [17, 5], "genome": "d(5) r(66,38)", "fitness": 3.0}
{"generation": 1, "position": 14, "parents": [17], "genome": "r(72,49) d(69)", "fitness": 0.0}
{"generation": 1, "position": 15, "parents": [5], "genome": "d(5) a(67,34)", "fitness": 5.0}
{"generation": 1, "position": 16, "parents": [21, 15], "genome": "r(5,41) a(73,69)", "fitness": 5.0}
{"generation": 1, "position": 17, "parents": [21, 15], "genome": "d(29) r(71,34)", "fitness": 5.0}
{"generation": 1, "position": 18, "parents": [21], "genome": "r(5,41) a(74,91)", "fitness": 15.0}
{"generation": 1, "position": 19, "parents": [15], "genome": "d(29) r(6,88)", "fitness": 0.0}
{"generation": 1, "position": 20, "parents": [38], "genome": "d(67) r(5,34)", "fitness": 5.0}
{"generation": 1, "position": 21, "parents": [8], "genome": "d(5) d(67)", "fitness": 5.0}
{"generation": 1, "position": 22, "parents": [31], "genome": "a(73,43) d(67)", "fitness": 5.0}
{"generation": 1, "position": 23, "parents": [32], "genome": "d(66) a(71,75)", "fitness": 3.0}
{"generation": 1, "position": 24, "parents": [9, 11], "genome": "a(29,62) r(34,58)", "fitness": 5.0}
{"generation": 1, "position": 25, "parents": [9, 11], "genome": "d(35) d(66)", "fitness": 15.0}
{"generation": 1, "position": 26, "parents": [9], "genome": "a(29,62) d(74)", "fitness": 15.0}
{"generation": 1, "position": 27, "parents": [11], "genome": "d(35) r(5,91)", "fitness": 15.0}
{"generation": 1, "position": 28, "parents": [26], "genome": "a(69,50) d(71)", "fitness": 5.0}
{"generation": 1, "position": 29, "parents": [31], "genome": "a(73,43) r(73,105)", "fitness": 15.0}
{"generation": 1, "position": 30, "parents": [22, 6], "genome": "d(6) r(5,57)", "fitness": 5.0}
{"generation": 1, "position": 31, "parents": [22, 6], "genome": "a(34,34) d(71)", "fitness": 5.0}
{"generation": 1, "position": 32, "parents": [22], "genome": "d(6) a(71,57)", "fitness": 0.0}
{"generation": 1, "position": 33, "parents": [6], "genome": "a(34,34) a(65,91)", "fitness": 0.0}
{"generation": 1, "position": 34, "parents": [21, 8], "genome": "r(5,41) r(67,55)", "fitness": 5.0}
{"generation": 1, "position": 35, "parents": [21, 8], "genome": "d(5) r(67,62)", "fitness": 5.0}
{"generation": 1, "position": 36, "parents": [21], "genome": "r(5,41) a(69,75)", "fitness": 5.0}
{"generation": 1, "position": 37, "parents": [8], "genome": "d(5) a(72,76)", "fitness": 15.0}
{"generation": 1, "position": 38, "parents": [30, 38], "genome": "a(35,62) r(35,70)", "fitness": 0.0}
{"generation": 1, "position": 39, "parents": [30, 38], "genome": "d(67) r(73,88)", "fitness": 15.0}
{"generation": 1, "position": 40, "parents": [30], "genome": "a(35,62) a(67,70)", "fitness": 15.0}
{"generation": 1, "position": 41, "parents": [38], "genome": "d(67) d(71)", "fitness": 5.0}
{"generation": 1, "position": 42, "parents": [2, 19], "genome": "d(64) d(5)", "fitness": 0.0}
{"generation": 1, "position": 43, "parents": [2, 19], "genome": "r(64,40) r(6,40)", "fitness": 0.0}
{"generation": 1, "position": 44, "parents": [2], "genome": "d(64) a(35,29)", "fitness": 0.0}
{"generation": 1, "position": 45, "parents": [19], "genome": "r(64,40) a(6,6)", "fitness": 0.0}
{"generation": 1, "position": 46, "parents": [32, 34], "genome": "d(66) r(34,104)", "fitness": 15.0}
{"generation": 1, "position": 47, "parents": [32, 34], "genome": "d(65) r(74,71)", "fitness": 0.0}
{"generation": 1, "position": 48, "parents": [32], "genome": "d(66) r(73,56)", "fitness": 15.0}
{"generation": 1, "position": 49, "parents": [34], "genome": "d(65) d(5)", "fitness": 0.0}
{"generation": 1, "position": 50, "parents": [39], "genome": "a(6,104)", "fitness": 5.0}
{"generation": 1, "position": 51, "parents": [34], "genome": "d(65) a(66,88)", "fitness": 0.0}
{"generation": 1, "position": 52, "parents": [10, 32], "genome": "d(6) r(5,38)", "fitness": 5.0}
{"generation": 1, "position": 53, "parents": [10, 32], "genome": "d(66) d(5)", "fitness": 3.0}
{"generation": 1, "position": 54, "parents": [10], "genome": "d(6) d(71)", "fitness": 0.0}
{"generation": 1, "position": 55, "parents": [32], "genome": "d(66) a(74,90)", "fitness": 3.0}
{"generation": 1, "position": 56, "parents": [22, 16], "genome": "d(6) d(29)", "fitness": 0.0}
{"generation": 1, "position": 57, "parents": [22, 16], "genome": "d(74) r(72,55)", "fitness": 15.0}
{"generation": 1, "position": 58, "parents": [22], "genome": "d(6) d(34)", "fitness": 0.0}
{"generation": 1, "position": 59, "parents": [16], "genome": "d(74) r(6,71)", "fitness": 0.0}
{"generation": 1, "position": 60, "parents": [39, 20], "genome": "a(73,37)", "fitness": 15.0}
{"generation": 1, "position": 61, "parents": [39, 20], "genome": "a(6,56) a(67,67)", "fitness": 5.0}
{"generation": 1, "position": 62, "parents": [39], "genome": "a(34,45)", "fitness": 5.0}
{"generation": 1, "position": 63, "parents": [20], "genome": "a(6,56) a(71,65)", "fitness": 5.0}
{"generation": 1, "position": 64, "parents": [4], "genome": "d(66) d(64)", "fitness": 0.0}
{"generation": 2, "position": 0, "parents": [26, 19], "genome": "a(29,62) r(6,88) d(74)", "fitness": 0.0}
{"generation": 2, "position": 1, "parents": [26, 19], "genome": "d(29) d(74) r(65,50)", "fitness": 0.0}
{"generation": 2, "position": 2, "parents": [26], "genome": "a(29,62) d(74) d(72)", "fitness": 15.0}
{"generation": 2, "position": 3, "parents": [19], "genome": "d(29) r(6,88) r(5,36)", "fitness": 5.0}
{"generation": 2, "position": 4, "parents": [22], "genome": "a(73,43) d(67) r(72,45)", "fitness": 15.0}
{"generation": 2, "position": 5, "parents": [10], "genome": "d(64) a(6,34) d(35)", "fitness": 15.0}
{"generation": 2, "position": 6, "parents": [6], "genome": "r(5,41) r(29,41) r(67,63)", "fitness": 5.0}
{"generation": 2, "position": 7, "parents": [19], "genome": "d(29) r(6,88) r(72,104)", "fitness": 0.0}
{"generation": 2, "position": 8, "parents": [61], "genome": "a(6,56) a(67,67) d(69)", "fitness": 0.0}
{"generation": 2, "position": 9, "parents": [59], "genome": "d(74) r(6,71) r(5,90)", "fitness": 15.0}
{"generation": 2, "position": 10, "parents": [39, 30], "genome": "d(67) r(73,88) r(5,57) r(34,99)", "fitness": 15.0}
{"generation": 2, "position": 11, "parents": [39, 30], "genome": "d(6) d(67)", "fitness": 0.0}
{"generation": 2, "position": 12, "parents": [39], "genome": "d(67) r(73,88) a(6,62)", "fitness": 15.0}
{"generation": 2, "position": 13, "parents": [30], "genome": "d(6) r(5,57) r(64,45)", "fitness": 0.0}
{"generation": 2, "position": 14, "parents": [22], "genome": "a(73,43) d(67) d(5)", "fitness": 5.0}
{"generation": 2, "position": 15, "parents": [38], "genome": "a(35,62) r(35,70) d(64)", "fitness": 0.0}
{"generation": 2, "position": 16, "parents": [17, 4], "genome": "d(29) r(71,34) d(69)", "fitness": 0.0}
{"generation": 2, "position": 17, "parents": [17, 4], "genome": "a(69,50) d(65) a(74,76)", "fitness": 0.0}
{"generation": 2, "position": 18, "parents": [17], "genome": "d(29) r(71,34) d(73)", "fitness": 15.0}
{"generation": 2, "position": 19, "parents": [4], "genome": "a(69,50) d(65) a(6,105)", "fitness": 0.0}
{"generation": 2, "position": 20, "parents": [61], "genome": "a(6,56) a(67,67) a(73,67)", "fitness": 5.0}
{"generation": 2, "position": 21, "parents": [35], "genome": "d(5) r(67,62) r(35,54)", "fitness": 15.0}
{"generation": 2, "position": 22, "parents": [14], "genome": "r(72,49) d(69) a(34,47)", "fitness": 0.0}
{"generation": 2, "position": 23, "parents": [55], "genome": "d(66) a(74,90) a(5,38)", "fitness": 3.0}
{"generation": 2, "position": 24, "parents": [31], "genome": "a(34,34) d(71) a(34,53)", "fitness": 5.0}
{"generation": 2, "position": 25, "parents": [7], "genome": "a(67,50) a(5,39) a(5,47)", "fitness": 5.0}
{"generation": 2, "position": 26, "parents": [10, 62], "genome": "d(64) r(35,99)", "fitness": 15.0}
{"generation": 2, "position": 27, "parents": [10, 62], "genome": "a(34,45) a(6,34) r(6,43)", "fitness": 0.0}
{"generation": 2, "position": 28, "parents": [10], "genome": "d(64) a(6,34) a(29,104)", "fitness": 15.0}
{"generation": 2, "position": 29, "parents": [62], "genome": "a(34,45) d(6)", "fitness": 0.0}
{"generation": 2, "position": 30, "parents": [31, 32], "genome": "a(34,34) r(74,38)", "fitness": 15.0}
{"generation": 2, "position": 31, "parents": [31, 32], "genome": "d(6) a(71,57) d(71) r(74,75)", "fitness": 0.0}
{"generation": 2, "position": 32, "parents": [31], "genome": "a(34,34) d(71) a(6,34)", "fitness": 5.0}
{"generation": 2, "position": 33, "parents": [32], "genome": "d(6) a(71,57) r(66,40)", "fitness": 0.0}
{"generation": 2, "position": 34, "parents": [29], "genome": "a(73,43) r(73,105) d(34)", "fitness": 15.0}
{"generation": 2, "position": 35, "parents": [64], "genome": "d(66) d(64) r(5,39)", "fitness": 0.0}
{"generation": 2, "position": 36, "parents": [42, 5], "genome": "d(64) r(64,74) r(6,71)", "fitness": 0.0}
{"generation": 2, "position": 37, "parents": [42, 5], "genome": "a(29,62) d(5) r(73,62)", "fitness": 15.0}
{"generation": 2, "position": 38, "parents": [42], "genome": "d(64) d(5) a(34,50)", "fitness": 0.0}
{"generation": 2, "position": 39, "parents": [5], "genome": "a(29,62) r(64,74) d(35)", "fitness": 15.0}
{"generation": 2, "position": 40, "parents": [6], "genome": "r(5,41) r(29,41) r(73,43)", "fitness": 15.0}
{"generation": 2, "position": 41, "parents": [47], "genome": "d(65) r(74,71) r(29,90)", "fitness": 0.0}
{"generation": 2, "position": 42, "parents": [31], "genome": "a(34,34) d(71) r(64,49)", "fitness": 0.0}
{"generation": 2, "position": 43, "parents": [54], "genome": "d(6) d(71) d(73)", "fitness": 0.0}
{"generation": 2, "position": 44, "parents": [49, 59], "genome": "d(65) a(34,46)", "fitness": 0.0}
{"generation": 2, "position": 45, "parents": [49, 59], "genome": "d(74) r(6,71) d(5) r(71,62)", "fitness": 15.0}
{"generation": 2, "position": 46, "parents": [49], "genome": "d(65) d(5) d(66)", "fitness": 0.0}
{"generation": 2, "position": 47, "parents": [59], "genome": "d(74) r(6,71) a(66,66)", "fitness": 0.0}
{"generation": 2, "position": 48, "parents": [32], "genome": "d(6) a(71,57) r(64,62)", "fitness": 0.0}
{"generation": 2, "position": 49, "parents": [38], "genome": "a(35,62) r(35,70) a(5,39)", "fitness": 5.0}
{"generation": 2, "position": 50, "parents": [45, 51], "genome": "r(64,40) r(34,52)", "fitness": 0.0}
{"generation": 2, "position": 51, "parents": [45, 51], "genome": "d(65) a(66,88) a(6,6) r(73,45)", "fitness": 0.0}
{"generation": 2, "position": 52, "parents": [45], "genome": "r(64,40) a(6,6) a(6,39)", "fitness": 0.0}
{"generation": 2, "position": 53, "parents": [51], "genome": "d(65) a(66,88) d(71)", "fitness": 0.0}
{"generation": 2, "position": 54, "parents": [23], "genome": "d(66) a(71,75) r(65,74)", "fitness": 0.0}
{"generation": 3, "position": 0, "parents": [31, 19], "genome": "d(6) a(71,57) d(71) a(6,105) r(67,66)", "fitness": 0.0}
{"generation": 3, "position": 1, "parents": [31, 19], "genome": "a(69,50) d(65) r(74,75) r(64,99)", "fitness": 0.0}
{"generation": 3, "position": 2, "parents": [31], "genome": "d(6) a(71,57) d(71) r(74,75) d(5)", "fitness": 5.0}
{"generation": 3, "position": 3, "parents": [19], "genome": "a(69,50) d(65) a(6,105) d(5)", "fitness": 0.0}
{"generation": 3, "position": 4, "parents": [33], "genome": "d(6) a(71,57) r(66,40) d(74)", "fitness": 0.0}
{"generation": 3, "position": 5, "parents": [50], "genome": "r(64,40) r(34,52) d(5)", "fitness": 0.0}
{"generation": 3, "position": 6, "parents": [8, 53], "genome": "a(6,56) a(67,67) d(69) a(66,88) d(71) d(73)", "fitness": 0.0}
{"generation": 3, "position": 7, "parents": [8, 53], "genome": "d(65) a(35,56)", "fitness": 0.0}
{"generation": 3, "position": 8, "parents": [8], "genome": "a(6,56) a(67,67) d(69) a(5,38)", "fitness": 0.0}
{"generation": 3, "position": 9, "parents": [53], "genome": "d(65) a(66,88) d(71) a(64,63)", "fitness": 0.0}
{"generation": 3, "position": 10, "parents": [35, 43], "genome": "d(66) d(64) d(71) d(73) d(34)", "fitness": 0.0}
{"generation": 3, "position": 11, "parents": [35, 43], "genome": "d(6) r(5,39) r(35,42)", "fitness": 5.0}
{"generation": 3, "position": 12, "parents": [35], "genome": "d(66) d(64) r(5,39) d(29)", "fitness": 0.0}
{"generation": 3, "position": 13, "parents": [43], "genome": "d(6) d(71) d(73) r(72,45)", "fitness": 0.0}
{"generation": 3, "position": 14, "parents": [19], "genome": "a(69,50) d(65) a(6,105) d(6)", "fitness": 0.0}
{"generation": 3, "position": 15, "parents": [47], "genome": "d(74) r(6,71) a(66,66) d(29)", "fitness": 0.0}
{"generation": 3, "position": 16, "parents": [52], "genome": "r(64,40) a(6,6) a(6,39) r(29,56)", "fitness": 15.0}
{"generation": 3, "position": 17, "parents": [47], "genome": "d(74) r(6,71) a(66,66) d(69)", "fitness": 0.0}
{"generation": 3, "position": 18, "parents": [33], "genome": "d(6) a(71,57) r(66,40) d(34)", "fitness": 0.0}
{"generation": 3, "position": 19, "parents": [36], "genome": "d(64) r(64,74) r(6,71) d(35)", "fitness": 0.0}
{"generation": 3, "position": 20, "parents": [52], "genome": "r(64,40) a(6,6) a(6,39) d(35)", "fitness": 0.0}
{"generation": 3, "position": 21, "parents": [23], "genome": "d(66) a(74,90) a(5,38) d(65)", "fitness": 0.0}
{"generation": 3, "position": 22, "parents": [50], "genome": "r(64,40) r(34,52) d(6)", "fitness": 0.0}
{"generation": 3, "position": 23, "parents": [42], "genome": "a(34,34) d(71) r(64,49) r(6,36)", "fitness": 15.0}
{"generation": 3, "position": 24, "parents": [27, 35], "genome": "a(34,45) a(6,34) r(72,44)", "fitness": 15.0}
{"generation": 3, "position": 25, "parents": [27, 35], "genome": "d(66) d(64) r(5,39) r(6,43) a(34,52)", "fitness": 0.0}
{"generation": 3, "position": 26, "parents": [27], "genome": "a(34,45) a(6,34) r(6,43) a(73,43)", "fitness": 0.0}
{"generation": 3, "position": 27, "parents": [35], "genome": "d(66) d(64) r(5,39) r(35,90)", "fitness": 0.0}
{"generation": 3, "position": 28, "parents": [25], "genome": "a(67,50) a(5,39) a(5,47) r(29,40)", "fitness": 5.0}
{"generation": 3, "position": 29, "parents": [35], "genome": "d(66) d(64) r(5,39) r(34,44)", "fitness": 0.0}
{"generation": 3, "position": 30, "parents": [0], "genome": "a(29,62) r(6,88) d(74) r(29,41)", "fitness": 0.0}
{"generation": 3, "position": 31, "parents": [13], "genome": "d(6) r(5,57) r(64,45) d(35)", "fitness": 0.0}
{"generation": 3, "position": 32, "parents": [23, 33], "genome": "d(66) a(74,90) r(66,40) r(69,62)", "fitness": 0.0}
{"generation": 3, "position": 33, "parents": [23, 33], "genome": "d(6) a(71,57) a(5,38) d(34)", "fitness": 0.0}
{"generation": 3, "position": 34, "parents": [23], "genome": "d(66) a(74,90) a(5,38) a(29,58)", "fitness": 3.0}
{"generation": 3, "position": 35, "parents": [33], "genome": "d(6) a(71,57) r(66,40) d(74)", "fitness": 0.0}
{"generation": 3, "position": 36, "parents": [43, 13], "genome": "d(6) r(5,57) r(64,45) a(35,46)", "fitness": 0.0}
{"generation": 3, "position": 37, "parents": [43, 13], "genome": "d(6) d(71) d(73) d(29)", "fitness": 0.0}
{"generation": 3, "position": 38, "parents": [43], "genome": "d(6) d(71) d(73) r(67,62)", "fitness": 0.0}
{"generation": 3, "position": 39, "parents": [13], "genome": "d(6) r(5,57) r(64,45) a(35,49)", "fitness": 0.0}
{"generation": 3, "position": 40, "parents": [48, 7], "genome": "d(6) r(6,88) r(72,104) d(5)", "fitness": 15.0}
{"generation": 3, "position": 41, "parents": [48, 7], "genome": "d(29) a(71,57) r(64,62) d(6)", "fitness": 0.0}
{"generation": 3, "position": 42, "parents": [48], "genome": "d(6) a(71,57) r(64,62) a(29,70)", "fitness": 0.0}
{"generation": 3, "position": 43, "parents": [7], "genome": "d(29) r(6,88) r(72,104) r(67,52)", "fitness": 0.0}
{"generation": 3, "position": 44, "parents": [47, 53], "genome": "d(74) d(71) d(66)", "fitness": 15.0}
{"generation": 3, "position": 45, "parents": [47, 53], "genome": "d(65) a(66,88) r(6,71) a(66,66) r(67,71)", "fitness": 0.0}
{"generation": 3, "position": 46, "parents": [47], "genome": "d(74) r(6,71) a(66,66) d(29)", "fitness": 0.0}
{"generation": 3, "position": 47, "parents": [53], "genome": "d(65) a(66,88) d(71) a(35,88)", "fitness": 0.0}
{"generation": 3, "position": 48, "parents": [9, 33], "genome": "d(74) r(6,71) r(66,40) a(35,35)", "fitness": 0.0}
{"generation": 3, "position": 49, "parents": [9, 33], "genome": "d(6) a(71,57) r(5,90) a(71,50)", "fitness": 5.0}
{"generation": 3, "position": 50, "parents": [9], "genome": "d(74) r(6,71) r(5,90) d(69)", "fitness": 0.0}
{"generation": 3, "position": 51, "parents": [33], "genome": "d(6) a(71,57) r(66,40) r(69,90)", "fitness": 0.0}
{"generation": 3, "position": 52, "parents": [24, 31], "genome": "a(34,34) d(71) a(71,57) d(71) r(74,75) d(35)", "fitness": 15.0}
{"generation": 3, "position": 53, "parents": [24, 31], "genome": "d(6) a(34,53) d(35)", "fitness": 0.0}
{"generation": 3, "position": 54, "parents": [24], "genome": "a(34,34) d(71) a(34,53) r(66,104)", "fitness": 0.0}
{"generation": 3, "position": 55, "parents": [31], "genome": "d(6) a(71,57) d(71) r(74,75) r(35,49)", "fitness": 0.0}
{"generation": 3, "position": 56, "parents": [44, 47], "genome": "d(65) a(66,66) a(66,76)", "fitness": 0.0}
{"generation": 3, "position": 57, "parents": [44, 47], "genome": "d(74) r(6,71) a(34,46) r(5,52)", "fitness": 15.0}
{"generation": 3, "position": 58, "parents": [44], "genome": "d(65) a(34,46) r(64,37)", "fitness": 15.0}
{"generation": 3, "position": 59, "parents": [47], "genome": "d(74) r(6,71) a(66,66) r(65,66)", "fitness": 0.0}
{"generation": 3, "position": 60, "parents": [42], "genome": "a(34,34) d(71) r(64,49) a(6,71)", "fitness": 0.0}
{"generation": 4, "position": 0, "parents": [42], "genome": "d(6) a(71,57) r(64,62) a(29,70) r(5,40)", "fitness": 0.0}
{"generation": 4, "position": 1, "parents": [42], "genome": "d(6) a(71,57) r(64,62) a(29,70) a(29,38)", "fitness": 0.0}
{"generation": 4, "position": 2, "parents": [8, 1], "genome": "a(6,56) a(67,67) d(69) a(5,38) r(64,99) a(35,50)", "fitness": 0.0}
{"generation": 4, "position": 3, "parents": [8, 1], "genome": "a(69,50) d(65) r(74,75) a(34,45)", "fitness": 0.0}
{"generation": 4, "position": 4, "parents": [8], "genome": "a(6,56) a(67,67) d(69) a(5,38) r(35,76)", "fitness": 15.0}
{"generation": 4, "position": 5, "parents": [1], "genome": "a(69,50) d(65) r(74,75) r(64,99) a(6,49)", "fitness": 0.0}
{"generation": 4, "position": 6, "parents": [20], "genome": "r(64,40) a(6,6) a(6,39) d(35) a(34,58)", "fitness": 15.0}
{"generation": 4, "position": 7, "parents": [20], "genome": "r(64,40) a(6,6) a(6,39) d(35) r(29,41)", "fitness": 15.0}
{"generation": 4, "position": 8, "parents": [41, 43], "genome": "d(29) a(71,57) d(6)", "fitness": 0.0}
{"generation": 4, "position": 9, "parents": [41, 43], "genome": "d(29) r(6,88) r(72,104) r(67,52) r(64,62) d(6) d(35)", "fitness": 0.0}
{"generation": 4, "position": 10, "parents": [41], "genome": "d(29) a(71,57) r(64,62) d(6) d(35)", "fitness": 0.0}
{"generation": 4, "position": 11, "parents": [43], "genome": "d(29) r(6,88) r(72,104) r(67,52) r(5,37)", "fitness": 15.0}
{"generation": 4, "position": 12, "parents": [59, 50], "genome": "d(74) r(6,71) d(69) d(65)", "fitness": 0.0}
{"generation": 4, "position": 13, "parents": [59, 50], "genome": "d(74) r(6,71) r(5,90) a(66,66) r(65,66) d(35)", "fitness": 0.0}
{"generation": 4, "position": 14, "parents": [59], "genome": "d(74) r(6,71) a(66,66) r(65,66) r(5,41)", "fitness": 0.0}
{"generation": 4, "position": 15, "parents": [50], "genome": "d(74) r(6,71) r(5,90) d(69) a(67,63)", "fitness": 0.0}
{"generation": 4, "position": 16, "parents": [45, 6], "genome": "d(65) a(66,88) r(6,71) d(69) a(66,88) d(71) d(73) d(35)", "fitness": 0.0}
{"generation": 4, "position": 17, "parents": [45, 6], "genome": "a(6,56) a(67,67) a(66,66) r(67,71) a(64,50)", "fitness": 5.0}
{"generation": 4, "position": 18, "parents": [45], "genome": "d(65) a(66,88) r(6,71) a(66,66) r(67,71) a(66,56)", "fitness": 0.0}
{"generation": 4, "position": 19, "parents": [6], "genome": "a(6,56) a(67,67) d(69) a(66,88) d(71) d(73) d(64)", "fitness": 0.0}
{"generation": 4, "position": 20, "parents": [20, 38], "genome": "r(64,40) a(6,6) r(67,62) a(5,46)", "fitness": 0.0}
{"generation": 4, "position": 21, "parents": [20, 38], "genome": "d(6) d(71) d(73) a(6,39) d(35) r(69,62)", "fitness": 0.0}
{"generation": 4, "position": 22, "parents": [20], "genome": "r(64,40) a(6,6) a(6,39) d(35) r(6,63)", "fitness": 0.0}
{"generation": 4, "position": 23, "parents": [38], "genome": "d(6) d(71) d(73) r(67,62) r(74,44)", "fitness": 0.0}
{"generation": 4, "position": 24, "parents": [55, 45], "genome": "d(6) a(71,57) a(66,88) r(6,71) a(66,66) r(67,71) d(5)", "fitness": 5.0}
{"generation": 4, "position": 25, "parents": [55, 45], "genome": "d(65) d(71) r(74,75) r(35,49) a(73,65)", "fitness": 15.0}
{"generation": 4, "position": 26, "parents": [55], "genome": "d(6) a(71,57) d(71) r(74,75) r(35,49) r(72,49)", "fitness": 0.0}
{"generation": 4, "position": 27, "parents": [45], "genome": "d(65) a(66,88) r(6,71) a(66,66) r(67,71) a(34,41)", "fitness": 0.0}
{"generation": 4, "position": 28, "parents": [56, 9], "genome": "d(65) a(66,66) a(29,42)", "fitness": 15.0}
{"generation": 4, "position": 29, "parents": [56, 9], "genome": "d(65) a(66,88) d(71) a(64,63) a(66,76) d(73)", "fitness": 0.0}
{"generation": 4, "position": 30, "parents": [56], "genome": "d(65) a(66,66) a(66,76) r(72,88)", "fitness": 0.0}
{"generation": 4, "position": 31, "parents": [9], "genome": "d(65) a(66,88) d(71) a(64,63) d(72)", "fitness": 0.0}
{"generation": 4, "position": 32, "parents": [46], "genome": "d(74) r(6,71) a(66,66) d(29) r(5,76)", "fitness": 15.0}
{"generation": 4, "position": 33, "parents": [10], "genome": "d(66) d(64) d(71) d(73) d(34) r(6,47)", "fitness": 0.0}
{"generation": 4, "position": 34, "parents": [50], "genome": "d(74) r(6,71) r(5,90) d(69) r(65,90)", "fitness": 0.0}
{"generation": 4, "position": 35, "parents": [61], "genome": "d(65) a(66,88) a(6,6) r(73,45) a(67,73) d(66)", "fitness": 0.0}
{"generation": 4, "position": 36, "parents": [38], "genome": "d(6) d(71) d(73) r(67,62) a(34,43)", "fitness": 0.0}
{"generation": 4, "position": 37, "parents": [32], "genome": "d(66) a(74,90) r(66,40) r(69,62) d(5)", "fitness": 0.0}
{"generation": 4, "position": 38, "parents": [6], "genome": "a(6,56) a(67,67) d(69) a(66,88) d(71) d(73) a(5,55)", "fitness": 0.0}
{"generation": 4, "position": 39, "parents": [4], "genome": "d(6) a(71,57) r(66,40) d(74) a(73,49)", "fitness": 0.0}
{"generation": 4, "position": 40, "parents": [37], "genome": "d(6) d(71) d(73) d(29) r(5,56)", "fitness": 15.0}
{"generation": 4, "position": 41, "parents": [56], "genome": "d(65) a(66,66) a(66,76) r(69,63)", "fitness": 0.0}
{"generation": 4, "position": 42, "parents": [51, 50], "genome": "d(6) r(5,90) d(69) d(65)", "fitness": 0.0}
{"generation": 4, "position": 43, "parents": [51, 50], "genome": "d(74) r(6,71) a(71,57) r(66,40) r(69,90) r(29,45)", "fitness": 0.0}
{"generation": 4, "position": 44, "parents": [51], "genome": "d(6) a(71,57) r(66,40) r(69,90) r(64,99)", "fitness": 0.0}
{"generation": 4, "position": 45, "parents": [50], "genome": "d(74) r(6,71) r(5,90) d(69) r(72,73)", "fitness": 0.0}
{"generation": 4, "position": 46, "parents": [12], "genome": "d(66) d(64) r(5,39) d(29) a(35,53)", "fitness": 0.0}
{"generation": 4, "position": 47, "parents": [53], "genome": "d(6) a(34,53) d(35) r(74,52)", "fitness": 0.0}
{"generation": 4, "position": 48, "parents": [27, 31], "genome": "d(66) d(69)", "fitness": 0.0}
{"generation": 4, "position": 49, "parents": [27, 31], "genome": "d(6) r(5,57) r(64,45) d(35) d(64) r(5,39) r(35,90) d(34)", "fitness": 0.0}
{"generation": 4, "position": 50, "parents": [27], "genome": "d(66) d(64) r(5,39) r(35,90) r(29,44)", "fitness": 0.0}
{"generation": 4, "position": 51, "parents": [31], "genome": "d(6) r(5,57) r(64,45) d(35) d(29)", "fitness": 0.0}
{"generation": 4, "position": 52, "parents": [42], "genome": "d(6) a(71,57) r(64,62) a(29,70) r(35,55)", "fitness": 0.0}
{"generation": 4, "position": 53, "parents": [13], "genome": "d(6) d(71) d(73) r(72,45) a(5,39)", "fitness": 0.0}
{"generation": 4, "position": 54, "parents": [38, 41], "genome": "d(6) a(71,57) r(64,62) d(6) d(34)", "fitness": 0.0}
{"generation": 4, "position": 55, "parents": [38, 41], "genome": "d(29) d(71) d(73) r(67,62) r(66,38)", "fitness": 15.0}
{"generation": 4, "position": 56, "parents": [38], "genome": "d(6) d(71) d(73) r(67,62) a(74,43)", "fitness": 0.0}
{"generation": 4, "position": 57, "parents": [41], "genome": "d(29) a(71,57) r(64,62) d(6) a(35,50)", "fitness": 0.0}
{"generation": 4, "position": 58, "parents": [51, 21], "genome": "d(6) a(74,90) a(5,38) d(65) r(72,76)", "fitness": 0.0}
{"generation": 4, "position": 59, "parents": [51, 21], "genome": "d(66) a(71,57) r(66,40) r(69,90) d(74)", "fitness": 0.0}
{"generation": 4, "position": 60, "parents": [51], "genome": "d(6) a(71,57) r(66,40) r(69,90) a(72,56)", "fitness": 0.0}
{"generation": 5, "position": 0, "parents": [45], "genome": "d(74) r(6,71) r(5,90) d(69) r(72,73) r(29,58)", "fitness": 0.0}
{"generation": 5, "position": 1, "parents": [36], "genome": "d(6) d(71) d(73) r(67,62) a(34,43) d(5)", "fitness": 15.0}
{"generation": 5, "position": 2, "parents": [54, 9], "genome": "d(6) d(35) d(29)", "fitness": 0.0}
{"generation": 5, "position": 3, "parents": [54, 9], "genome": "d(29) r(6,88) r(72,104) r(67,52) r(64,62) d(6) a(71,57) r(64,62) d(6) d(34) r(5,42)", "fitness": 0.0}
{"generation": 5, "position": 4, "parents": [54], "genome": "d(6) a(71,57) r(64,62) d(6) d(34) r(5,54)", "fitness": 0.0}
{"generation": 5, "position": 5, "parents": [9], "genome": "d(29) r(6,88) r(72,104) r(67,52) r(64,62) d(6) d(35) r(5,54)", "fitness": 15.0}
{"generation": 5, "position": 6, "parents": [47], "genome": "d(6) a(34,53) d(35) r(74,52) r(64,40)", "fitness": 0.0}
{"generation": 5, "position": 7, "parents": [46], "genome": "d(66) d(64) r(5,39) d(29) a(35,53) d(35)", "fitness": 0.0}
{"generation": 5, "position": 8, "parents": [15, 43], "genome": "d(74) r(6,71) r(5,90) d(69) a(67,63) a(71,57) r(66,40) r(69,90) r(29,45) a(73,40)", "fitness": 0.0}
{"generation": 5, "position": 9, "parents": [15, 43], "genome": "d(74) r(6,71) d(29)", "fitness": 0.0}
{"generation": 5, "position": 10, "parents": [15], "genome": "d(74) r(6,71) r(5,90) d(69) a(67,63) r(73,37)", "fitness": 15.0}
{"generation": 5, "position": 11, "parents": [43], "genome": "d(74) r(6,71) a(71,57) r(66,40) r(69,90) r(29,45) d(73)", "fitness": 0.0}
{"generation": 5, "position": 12, "parents": [5], "genome": "a(69,50) d(65) r(74,75) r(64,99) a(6,49) d(6)", "fitness": 0.0}
{"generation": 5, "position": 13, "parents": [58], "genome": "d(6) a(74,90) a(5,38) d(65) r(72,76) a(71,45)", "fitness": 0.0}
{"generation": 5, "position": 14, "parents": [56, 18], "genome": "d(6) d(71) d(73) r(67,62) a(74,43) r(5,57)", "fitness": 15.0}
{"generation": 5, "position": 15, "parents": [56, 18], "genome": "d(65) a(66,88) r(6,71) a(66,66) r(67,71) a(66,56) d(71)", "fitness": 0.0}
{"generation": 5, "position": 16, "parents": [56], "genome": "d(6) d(71) d(73) r(67,62) a(74,43) a(69,90)", "fitness": 0.0}
{"generation": 5, "position": 17, "parents": [18], "genome": "d(65) a(66,88) r(6,71) a(66,66) r(67,71) a(66,56) a(29,50)", "fitness": 0.0}
{"generation": 5, "position": 18, "parents": [27, 34], "genome": "d(65) a(66,88) r(5,90) d(69) r(65,90) a(72,104)", "fitness": 0.0}
{"generation": 5, "position": 19, "parents": [27, 34], "genome": "d(74) r(6,71) r(6,71) a(66,66) r(67,71) a(34,41) a(69,105)", "fitness": 0.0}
{"generation": 5, "position": 20, "parents": [27], "genome": "d(65) a(66,88) r(6,71) a(66,66) r(67,71) a(34,41) r(5,99)", "fitness": 0.0}
{"generation": 5, "position": 21, "parents": [34], "genome": "d(74) r(6,71) r(5,90) d(69) r(65,90) r(72,56)", "fitness": 15.0}
{"generation": 5, "position": 22, "parents": [19], "genome": "a(6,56) a(67,67) d(69) a(66,88) d(71) d(73) d(64) d(35)", "fitness": 15.0}
{"generation": 5, "position": 23, "parents": [39], "genome": "d(6) a(71,57) r(66,40) d(74) a(73,49) a(34,46)", "fitness": 0.0}
{"generation": 5, "position": 24, "parents": [27, 16], "genome": "d(65) a(66,88) d(71) d(73) d(35) d(34)", "fitness": 15.0}
{"generation": 5, "position": 25, "parents": [27, 16], "genome": "d(65) a(66,88) r(6,71) d(69) a(66,88) r(6,71) a(66,66) r(67,71) a(34,41) r(35,36)", "fitness": 0.0}
{"generation": 5, "position": 26, "parents": [27], "genome": "d(65) a(66,88) r(6,71) a(66,66) r(67,71) a(34,41) d(35)", "fitness": 0.0}
{"generation": 5, "position": 27, "parents": [16], "genome": "d(65) a(66,88) r(6,71) d(69) a(66,88) d(71) d(73) d(35) a(67,70)", "fitness": 0.0}
{"generation": 5, "position": 28, "parents": [59, 1], "genome": "d(66) a(71,57) r(64,62) a(29,70) a(29,38) d(29)", "fitness": 0.0}
{"generation": 5, "position": 29, "parents": [59, 1], "genome": "d(6) a(71,57) r(66,40) r(69,90) d(74) r(5,41)", "fitness": 0.0}
{"generation": 5, "position": 30, "parents": [59], "genome": "d(66) a(71,57) r(66,40) r(69,90) d(74) d(35)", "fitness": 15.0}
{"generation": 5, "position": 31, "parents": [1], "genome": "d(6) a(71,57) r(64,62) a(29,70) a(29,38) r(35,58)", "fitness": 0.0}
{"generation": 5, "position": 32, "parents": [58], "genome": "d(6) a(74,90) a(5,38) d(65) r(72,76) a(69,34)", "fitness": 0.0}
{"generation": 5, "position": 33, "parents": [29], "genome": "d(65) a(66,88) d(71) a(64,63) a(66,76) d(73) r(69,43)", "fitness": 0.0}
{"generation": 5, "position": 34, "parents": [29, 38], "genome": "d(65) d(73) a(5,55) a(6,105)", "fitness": 0.0}
{"generation": 5, "position": 35, "parents": [29, 38], "genome": "a(6,56) a(67,67) d(69) a(66,88) d(71) a(66,88) d(71) a(64,63) a(66,76) d(73) d(74)", "fitness": 0.0}
{"generation": 5, "position": 36, "parents": [29], "genome": "d(65) a(66,88) d(71) a(64,63) a(66,76) d(73) r(69,67)", "fitness": 0.0}
{"generation": 5, "position": 37, "parents": [38], "genome": "a(6,56) a(67,67) d(69) a(66,88) d(71) d(73) a(5,55) r(66,90)", "fitness": 0.0}
{"generation": 5, "position": 38, "parents": [26, 8], "genome": "d(6) a(71,57) d(71) r(74,75) r(64,76)", "fitness": 0.0}
{"generation": 5, "position": 39, "parents": [26, 8], "genome": "d(29) a(71,57) d(6) r(35,49) r(72,49) d(69)", "fitness": 0.0}
{"generation": 5, "position": 40, "parents": [26], "genome": "d(6) a(71,57) d(71) r(74,75) r(35,49) r(72,49) r(5,54)", "fitness": 15.0}
{"generation": 5, "position": 41, "parents": [8], "genome": "d(29) a(71,57) d(6) d(73)", "fitness": 0.0}
{"generation": 5, "position": 42, "parents": [23], "genome": "d(6) d(71) d(73) r(67,62) r(74,44) d(64)", "fitness": 0.0}
{"generation": 5, "position": 43, "parents": [20], "genome": "r(64,40) a(6,6) r(67,62) a(5,46) r(6,63)", "fitness": 0.0}
{"generation": 5, "position": 44, "parents": [29, 45], "genome": "d(65) a(66,88) d(71) a(64,63) a(66,76) r(5,90) d(69) r(72,73) a(35,47)", "fitness": 0.0}
{"generation": 5, "position": 45, "parents": [29, 45], "genome": "d(74) r(6,71) d(73) a(72,66)", "fitness": 0.0}
{"generation": 5, "position": 46, "parents": [29], "genome": "d(65) a(66,88) d(71) a(64,63) a(66,76) d(73) d(67)", "fitness": 0.0}
{"generation": 5, "position": 47, "parents": [45], "genome": "d(74) r(6,71) r(5,90) d(69) r(72,73) a(29,62)", "fitness": 0.0}
{"generation": 5, "position": 48, "parents": [18, 20], "genome": "d(65) a(66,88) r(6,71) a(66,66) r(67,71) a(66,56) a(6,6) r(67,62) a(5,46) d(71)", "fitness": 0.0}
{"generation": 5, "position": 49, "parents": [18, 20], "genome": "r(64,40) r(5,104)", "fitness": 15.0}
{"generation": 5, "position": 50, "parents": [18], "genome": "d(65) a(66,88) r(6,71) a(66,66) r(67,71) a(66,56) a(66,65)", "fitness": 0.0}
{"generation": 5, "position": 51, "parents": [20], "genome": "r(64,40) a(6,6) r(67,62) a(5,46) a(6,34)", "fitness": 0.0}
{"generation": 5, "position": 52, "parents": [26, 49], "genome": "d(6) r(35,90) d(34) r(69,57)", "fitness": 0.0}
{"generation": 5, "position": 53, "parents": [26, 49], "genome": "d(6) r(5,57) r(64,45) d(35) d(64) r(5,39) a(71,57) d(71) r(74,75) r(35,49) r(72,49) r(34,63)", "fitness": 0.0}
{"generation": 5, "position": 54, "parents": [26], "genome": "d(6) a(71,57) d(71) r(74,75) r(35,49) r(72,49) d(29)", "fitness": 0.0}
{"generation": 5, "position": 55, "parents": [49], "genome": "d(6) r(5,57) r(64,45) d(35) d(64) r(5,39) r(35,90) d(34) r(29,45)", "fitness": 0.0}
{"generation": 5, "position": 56, "parents": [21, 50], "genome": "d(6) d(71) d(73) a(6,39) d(35) r(69,62) d(72)", "fitness": 0.0}
{"generation": 5, "position": 57, "parents": [21, 50], "genome": "d(66) d(64) r(5,39) r(35,90) r(29,44)", "fitness": 0.0}
{"generation": 5, "position": 58, "parents": [21], "genome": "d(6) d(71) d(73) a(6,39) d(35) r(69,62) a(5,46)", "fitness": 0.0}
{"generation": 5, "position": 59, "parents": [50], "genome": "d(66) d(64) r(5,39) r(35,90) r(29,44)", "fitness": 0.0}
{"generation": 5, "position": 60, "parents": [19, 15], "genome": "a(6,56) a(67,67) d(69) a(66,88) d(71) a(67,63) d(72)", "fitness": 0.0}
{"generation": 5, "position": 61, "parents": [19, 15], "genome": "d(74) r(6,71) r(5,90) d(69) d(73) d(64) a(29,55)", "fitness": 0.0}
{"generation": 5, "position": 62, "parents": [19], "genome": "a(6,56) a(67,67) d(69) a(66,88) d(71) d(73) d(64) a(34,55)", "fitness": 0.0}
{"generation": 5, "position": 63, "parents": [15], "genome": "d(74) r(6,71) r(5,90) d(69) a(67,63) d(65)", "fitness": 0.0}
{"generation": 5, "position": 64, "parents": [36], "genome": "d(6) d(71) d(73) r(67,62) a(34,43) r(66,105)", "fitness": 0.0}
{"generation": 6, "position": 0, "parents": [7, 43], "genome": "d(66) d(64) r(5,39) d(29) a(35,53) d(35) r(6,63)", "fitness": 0.0}
{"generation": 6, "position": 1, "parents": [7, 43], "genome": "r(64,40) a(6,6) r(67,62) a(5,46) a(5,88)", "fitness": 0.0}
{"generation": 6, "position": 2, "parents": [7], "genome": "d(66) d(64) r(5,39) d(29) a(35,53) d(35)", "fitness": 0.0}
{"generation": 6, "position": 3, "parents": [43], "genome": "r(64,40) a(6,6) r(67,62) a(5,46) r(6,63) d(34)", "fitness": 0.0}
{"generation": 6, "position": 4, "parents": [48, 53], "genome": "d(65) a(66,88) r(6,71) a(66,66) r(67,71) a(66,56) r(72,49) r(34,63) d(69)", "fitness": 0.0}
{"generation": 6, "position": 5, "parents": [48, 53], "genome": "d(6) r(5,57) r(64,45) d(35) d(64) r(5,39) a(71,57) d(71) r(74,75) r(35,49) a(6,6) r(67,62) a(5,46) d(71) a(29,63)", "fitness": 0.0}
{"generation": 6, "position": 6, "parents": [48], "genome": "d(65) a(66,88) r(6,71) a(66,66) r(67,71) a(66,56) a(6,6) r(67,62) a(5,46) d(71) r(64,55)", "fitness": 0.0}
{"generation": 6, "position": 7, "parents": [53], "genome": "d(6) r(5,57) r(64,45) d(35) d(64) r(5,39) a(71,57) d(71) r(74,75) r(35,49) r(72,49) r(34,63) d(29)", "fitness": 0.0}
{"generation": 6, "position": 8, "parents": [25, 56], "genome": "d(65) a(66,88) r(6,71) d(69) a(66,88) r(6,71) a(66,66) r(67,71) d(35) r(69,62) d(72) a(66,38)", "fitness": 0.0}
{"generation": 6, "position": 9, "parents": [25, 56], "genome": "d(6) d(71) d(73) a(6,39) a(34,41) r(35,36) a(34,42)", "fitness": 0.0}
{"generation": 6, "position": 10, "parents": [25], "genome": "d(65) a(66,88) r(6,71) d(69) a(66,88) r(6,71) a(66,66) r(67,71) a(34,41) r(35,36) a(72,56)", "fitness": 0.0}
{"generation": 6, "position": 11, "parents": [56], "genome": "d(6) d(71) d(73) a(6,39) d(35) r(69,62) d(72) r(34,88)", "fitness": 0.0}
{"generation": 6, "position": 12, "parents": [17], "genome": "d(65) a(66,88) r(6,71) a(66,66) r(67,71) a(66,56) a(29,50) d(64)", "fitness": 0.0}
{"generation": 6, "position": 13, "parents": [56], "genome": "d(6) d(71) d(73) a(6,39) d(35) r(69,62) d(72) a(65,44)", "fitness": 0.0}
{"generation": 6, "position": 14, "parents": [46, 61], "genome": "d(65) a(66,88) d(69) d(73) d(64) a(29,55) r(6,99)", "fitness": 0.0}
{"generation": 6, "position": 15, "parents": [46, 61], "genome": "d(74) r(6,71) r(5,90) d(71) a(64,63) a(66,76) d(73) d(67) d(69)", "fitness": 0.0}
{"generation": 6, "position": 16, "parents": [46], "genome": "d(65) a(66,88) d(71) a(64,63) a(66,76) d(73) d(67) a(66,49)", "fitness": 0.0}
{"generation": 6, "position": 17, "parents": [61], "genome": "d(74) r(6,71) r(5,90) d(69) d(73) d(64) a(29,55) r(35,90)", "fitness": 0.0}
{"generation": 6, "position": 18, "parents": [37, 25], "genome": "a(6,56) d(69) a(66,88) r(6,71) a(66,66) r(67,71) a(34,41) r(35,36) r(29,55)", "fitness": 15.0}
{"generation": 6, "position": 19, "parents": [37, 25], "genome": "d(65) a(66,88) r(6,71) a(67,67) d(69) a(66,88) d(71) d(73) a(5,55) r(66,90) a(74,62)", "fitness": 0.0}
{"generation": 6, "position": 20, "parents": [37], "genome": "a(6,56) a(67,67) d(69) a(66,88) d(71) d(73) a(5,55) r(66,90) a(6,53)", "fitness": 0.0}
{"generation": 6, "position": 21, "parents": [25], "genome": "d(65) a(66,88) r(6,71) d(69) a(66,88) r(6,71) a(66,66) r(67,71) a(34,41) r(35,36) a(73,105)", "fitness": 0.0}
{"generation": 6, "position": 22, "parents": [12, 3], "genome": "a(69,50) d(65) r(74,75) r(6,88) r(72,104) r(67,52) r(64,62) d(6) a(71,57) r(64,62) d(6) d(34) r(5,42) r(29,47)", "fitness": 0.0}
{"generation": 6, "position": 23, "parents": [12, 3], "genome": "d(29) r(64,99) a(6,49) d(6) r(35,41)", "fitness": 0.0}
{"generation": 6, "position": 24, "parents": [12], "genome": "a(69,50) d(65) r(74,75) r(64,99) a(6,49) d(6) r(5,70)", "fitness": 0.0}
{"generation": 6, "position": 25, "parents": [3], "genome": "d(29) r(6,88) r(72,104) r(67,52) r(64,62) d(6) a(71,57) r(64,62) d(6) d(34) r(5,42) r(35,56)", "fitness": 15.0}
{"generation": 6, "position": 26, "parents": [11], "genome": "d(74) r(6,71) a(71,57) r(66,40) r(69,90) r(29,45) d(73) a(65,99)", "fitness": 0.0}
{"generation": 6, "position": 27, "parents": [54], "genome": "d(6) a(71,57) d(71) r(74,75) r(35,49) r(72,49) d(29) r(64,45)", "fitness": 0.0}
{"generation": 6, "position": 28, "parents": [16, 60], "genome": "d(6) d(71) d(73) r(67,62) a(74,43) a(69,90) a(67,63) d(72) r(74,65)", "fitness": 0.0}
{"generation": 6, "position": 29, "parents": [16, 60], "genome": "a(6,56) a(67,67) d(69) a(66,88) d(71) d(72)", "fitness": 0.0}
{"generation": 6, "position": 30, "parents": [16], "genome": "d(6) d(71) d(73) r(67,62) a(74,43) a(69,90) r(72,37)", "fitness": 0.0}
{"generation": 6, "position": 31, "parents": [60], "genome": "a(6,56) a(67,67) d(69) a(66,88) d(71) a(67,63) d(72) a(6,40)", "fitness": 0.0}
{"generation": 6, "position": 32, "parents": [44], "genome": "d(65) a(66,88) d(71) a(64,63) a(66,76) r(5,90) d(69) r(72,73) a(35,47) d(35)", "fitness": 0.0}
{"generation": 6, "position": 33, "parents": [41], "genome": "d(29) a(71,57) d(6) d(73) a(74,70)", "fitness": 0.0}
{"generation": 6, "position": 34, "parents": [56], "genome": "d(6) d(71) d(73) a(6,39) d(35) r(69,62) d(72) r(64,71)", "fitness": 0.0}
{"generation": 6, "position": 35, "parents": [59], "genome": "d(66) d(64) r(5,39) r(35,90) r(29,44)", "fitness": 0.0}
{"generation": 6, "position": 36, "parents": [61], "genome": "d(74) r(6,71) r(5,90) d(69) d(73) d(64) a(29,55) d(29)", "fitness": 0.0}
{"generation": 6, "position": 37, "parents": [17], "genome": "d(65) a(66,88) r(6,71) a(66,66) r(67,71) a(66,56) a(29,50) d(5)", "fitness": 15.0}
{"generation": 6, "position": 38, "parents": [56], "genome": "d(6) d(71) d(73) a(6,39) d(35) r(69,62) d(72) r(64,38)", "fitness": 0.0}
{"generation": 6, "position": 39, "parents": [55], "genome": "d(6) r(5,57) r(64,45) d(35) d(64) r(5,39) r(35,90) d(34) r(29,45)", "fitness": 0.0}
{"generation": 6, "position": 40, "parents": [64], "genome": "d(6) d(71) d(73) r(67,62) a(34,43) r(66,105) r(5,88)", "fitness": 15.0}
{"generation": 6, "position": 41, "parents": [42], "genome": "d(6) d(71) d(73) r(67,62) r(74,44) d(64) d(34)", "fitness": 0.0}
{"generation": 6, "position": 42, "parents": [58, 2], "genome": "d(6) d(29) d(72)", "fitness": 0.0}
{"generation": 6, "position": 43, "parents": [58, 2], "genome": "d(6) d(35) d(71) d(73) a(6,39) d(35) r(69,62) a(5,46) a(67,104)", "fitness": 0.0}
{"generation": 6, "position": 44, "parents": [58], "genome": "d(6) d(71) d(73) a(6,39) d(35) r(69,62) a(5,46) a(34,5)", "fitness": 0.0}
{"generation": 6, "position": 45, "parents": [2], "genome": "d(6) d(35) d(29) d(72)", "fitness": 0.0}
{"generation": 6, "position": 46, "parents": [19, 36], "genome": "d(74) r(6,71) r(6,71) a(66,66) r(67,71) a(34,41) a(69,105) d(71) a(64,63) a(66,76) d(73) r(69,67) a(34,29)", "fitness": 0.0}
{"generation": 6, "position": 47, "parents": [19, 36], "genome": "d(65) a(66,88) d(6)", "fitness": 0.0}
{"generation": 6, "position": 48, "parents": [19], "genome": "d(74) r(6,71) r(6,71) a(66,66) r(67,71) a(34,41) a(69,105) a(29,70)", "fitness": 0.0}
{"generation": 6, "position": 49, "parents": [36], "genome": "d(65) a(66,88) d(71) a(64,63) a(66,76) d(73) r(69,67) d(5)", "fitness": 0.0}
{"generation": 6, "position": 50, "parents": [51], "genome": "r(64,40) a(6,6) r(67,62) a(5,46) a(6,34) r(6,59)", "fitness": 0.0}
{"generation": 6, "position": 51, "parents": [65], "genome": "d(65) a(66,66) a(66,76) r(69,63) d(6) d(67)", "fitness": 0.0}
{"generation": 6, "position": 52, "parents": [18], "genome": "d(65) a(66,88) r(5,90) d(69) r(65,90) a(72,104) a(72,88)", "fitness": 0.0}
{"generation": 6, "position": 53, "parents": [23], "genome": "d(6) a(71,57) r(66,40) d(74) a(73,49) a(34,46) d(69)", "fitness": 0.0}
{"generation": 6, "position": 54, "parents": [38, 30], "genome": "d(6) a(71,57) a(71,57) r(66,40) r(69,90) d(74) d(35) a(65,52)", "fitness": 0.0}
{"generation": 6, "position": 55, "parents": [38, 30], "genome": "d(66) d(71) r(74,75) r(64,76) d(29)", "fitness": 0.0}
{"generation": 6, "position": 56, "parents": [38], "genome": "d(6) a(71,57) d(71) r(74,75) r(64,76) d(34)", "fitness": 0.0}
{"generation": 6, "position": 57, "parents": [30], "genome": "d(66) a(71,57) r(66,40) r(69,90) d(74) d(35) r(5,50)", "fitness": 0.0}
{"generation": 6, "position": 58, "parents": [24], "genome": "d(65) a(66,88) d(71) d(73) d(35) d(34) a(74,90)", "fitness": 15.0}
{"generation": 7, "position": 0, "parents": [50, 38], "genome": "r(64,40) a(6,6) d(35) r(69,62) d(72) r(64,38) a(29,88)", "fitness": 15.0}
{"generation": 7, "position": 1, "parents": [50, 38], "genome": "d(6) d(71) d(73) a(6,39) r(67,62) a(5,46) a(6,34) r(6,59) r(65,49)", "fitness": 0.0}
{"generation": 7, "position": 2, "parents": [50], "genome": "r(64,40) a(6,6) r(67,62) a(5,46) a(6,34) r(6,59) d(35)", "fitness": 0.0}
{"generation": 7, "position": 3, "parents": [38], "genome": "d(6) d(71) d(73) a(6,39) d(35) r(69,62) d(72) r(64,38) a(5,76)", "fitness": 0.0}
{"generation": 7, "position": 4, "parents": [49], "genome": "d(65) a(66,88) d(71) a(64,63) a(66,76) d(73) r(69,67) d(5) a(34,91)", "fitness": 15.0}
{"generation": 7, "position": 5, "parents": [6], "genome": "d(65) a(66,88) r(6,71) a(66,66) r(67,71) a(66,56) a(6,6) r(67,62) a(5,46) d(71) r(64,55) d(35)", "fitness": 0.0}
{"generation": 7, "position": 6, "parents": [23], "genome": "d(29) r(64,99) a(6,49) d(6) r(35,41) a(5,35)", "fitness": 0.0}
{"generation": 7, "position": 7, "parents": [0], "genome": "d(66) d(64) r(5,39) d(29) a(35,53) d(35) r(6,63)", "fitness": 0.0}
{"generation": 7, "position": 8, "parents": [11], "genome": "d(6) d(71) d(73) a(6,39) d(35) r(69,62) d(72) r(34,88) a(64,74)", "fitness": 0.0}
{"generation": 7, "position": 9, "parents": [12], "genome": "d(65) a(66,88) r(6,71) a(66,66) r(67,71) a(66,56) a(29,50) d(64) a(34,63)", "fitness": 0.0}
{"generation": 7, "position": 10, "parents": [48], "genome": "d(74) r(6,71) r(6,71) a(66,66) r(67,71) a(34,41) a(69,105) a(29,70) d(66)", "fitness": 0.0}
{"generation": 7, "position": 11, "parents": [2], "genome": "d(66) d(64) r(5,39) d(29) a(35,53) d(35)", "fitness": 0.0}
{"generation": 7, "position": 12, "parents": [3], "genome": "r(64,40) a(6,6) r(67,62) a(5,46) r(6,63) d(34) r(29,35)", "fitness": 0.0}
{"generation": 7, "position": 13, "parents": [3], "genome": "r(64,40) a(6,6) r(67,62) a(5,46) r(6,63) d(34) d(29)", "fitness": 0.0}
{"generation": 7, "position": 14, "parents": [4], "genome": "d(65) a(66,88) r(6,71) a(66,66) r(67,71) a(66,56) r(72,49) r(34,63) d(69) r(35,57)", "fitness": 0.0}
{"generation": 7, "position": 15, "parents": [55], "genome": "d(66) d(71) r(74,75) r(64,76) d(29) d(35)", "fitness": 0.0}
{"generation": 7, "position": 16, "parents": [59], "genome": "d(74) r(6,71) r(5,90) d(69) a(67,63) d(65) a(35,57) r(73,34)", "fitness": 0.0}
{"generation": 7, "position": 17, "parents": [7], "genome": "d(6) r(5,57) r(64,45) d(35) d(64) r(5,39) a(71,57) d(71) r(74,75) r(35,49) r(72,49) r(34,63) d(29)", "fitness": 0.0}
{"generation": 7, "position": 18, "parents": [24], "genome": "a(69,50) d(65) r(74,75) r(64,99) a(6,49) d(6) r(5,70) a(29,70)", "fitness": 0.0}
{"generation": 7, "position": 19, "parents": [9], "genome": "d(6) d(71) d(73) a(6,39) a(34,41) r(35,36) a(34,42) r(65,75)", "fitness": 0.0}
{"generation": 7, "position": 20, "parents": [26, 39], "genome": "d(74) r(6,71) a(71,57) r(66,40) r(69,90) r(35,90) d(34) r(29,45) a(64,49)", "fitness": 0.0}
{"generation": 7, "position": 21, "parents": [26, 39], "genome": "d(6) r(5,57) r(64,45) d(35) d(64) r(5,39) r(29,45) d(73) a(65,99)", "fitness": 0.0}
{"generation": 7, "position": 22, "parents": [26], "genome": "d(74) r(6,71) a(71,57) r(66,40) r(69,90) r(29,45) d(73) a(65,99) d(64)", "fitness": 0.0}
{"generation": 7, "position": 23, "parents": [39], "genome": "d(6) r(5,57) r(64,45) d(35) d(64) r(5,39) r(35,90) d(34) r(29,45)", "fitness": 0.0}
{"generation": 7, "position": 24, "parents": [6, 57], "genome": "d(65) a(66,88) r(6,71) a(66,66) r(67,71) a(66,56) a(6,6) r(67,62) a(5,46) a(73,52)", "fitness": 0.0}
{"generation": 7, "position": 25, "parents": [6, 57], "genome": "d(66) a(71,57) r(66,40) r(69,90) d(74) d(35) r(5,50) d(71) r(64,55) a(34,43)", "fitness": 0.0}
{"generation": 7, "position": 26, "parents": [6], "genome": "d(65) a(66,88) r(6,71) a(66,66) r(67,71) a(66,56) a(6,6) r(67,62) a(5,46) d(71) r(64,55) r(29,63)", "fitness": 0.0}
{"generation": 7, "position": 27, "parents": [57], "genome": "d(66) a(71,57) r(66,40) r(69,90) d(74) d(35) r(5,50) d(65)", "fitness": 0.0}
{"generation": 7, "position": 28, "parents": [12, 24], "genome": "d(65) a(66,88) r(6,71) a(66,66) r(67,71) a(66,56) a(29,50) d(64) d(6) r(5,70) r(29,54)", "fitness": 0.0}
{"generation": 7, "position": 29, "parents": [12, 24], "genome": "a(69,50) d(65) r(74,75) r(64,99) a(6,49) d(35)", "fitness": 15.0}
{"generation": 7, "position": 30, "parents": [12], "genome": "d(65) a(66,88) r(6,71) a(66,66) r(67,71) a(66,56) a(29,50) d(64) d(35)", "fitness": 0.0}
{"generation": 7, "position": 31, "parents": [24], "genome": "a(69,50) d(65) r(74,75) r(64,99) a(6,49) d(6) r(5,70) a(35,52)", "fitness": 0.0}
{"generation": 7, "position": 32, "parents": [7, 47], "genome": "d(6) r(5,57) r(64,45) d(35) d(64) r(5,39) a(71,57) d(71) r(74,75) r(35,49) r(72,49) r(34,63) d(29)", "fitness": 0.0}
{"generation": 7, "position": 33, "parents": [7, 47], "genome": "d(65) a(66,88) d(6) r(74,72)", "fitness": 0.0}
{"generation": 7, "position": 34, "parents": [7], "genome": "d(6) r(5,57) r(64,45) d(35) d(64) r(5,39) a(71,57) d(71) r(74,75) r(35,49) r(72,49) r(34,63) d(29)", "fitness": 0.0}
{"generation": 7, "position": 35, "parents": [47], "genome": "d(65) a(66,88) d(6) r(66,76)", "fitness": 0.0}
{"generation": 7, "position": 36, "parents": [42, 21], "genome": "d(6) d(69) a(66,88) r(6,71) a(66,66) r(67,71) a(34,41) r(35,36) a(73,105) r(34,62)", "fitness": 0.0}
{"generation": 7, "position": 37, "parents": [42, 21], "genome": "d(65) a(66,88) r(6,71) d(29) d(72) d(64)", "fitness": 0.0}
{"generation": 7, "position": 38, "parents": [42], "genome": "d(6) d(29) d(72) a(74,63)", "fitness": 0.0}
{"generation": 7, "position": 39, "parents": [21], "genome": "d(65) a(66,88) r(6,71) d(69) a(66,88) r(6,71) a(66,66) r(67,71) a(34,41) r(35,36) a(73,105) d(73)", "fitness": 0.0}
{"generation": 7, "position": 40, "parents": [24, 42], "genome": "a(69,50) d(65) r(74,75) a(5,63)", "fitness": 0.0}
{"generation": 7, "position": 41, "parents": [24, 42], "genome": "d(6) d(29) d(72) r(64,99) a(6,49) d(6) r(5,70) r(35,90)", "fitness": 0.0}
{"generation": 7, "position": 42, "parents": [24], "genome": "a(69,50) d(65) r(74,75) r(64,99) a(6,49) d(6) r(5,70) r(29,91)", "fitness": 0.0}
{"generation": 7, "position": 43, "parents": [42], "genome": "d(6) d(29) d(72) r(66,91)", "fitness": 0.0}
{"generation": 7, "position": 44, "parents": [45, 23], "genome": "d(6) d(35) d(29) d(6) r(35,41) d(73)", "fitness": 0.0}
{"generation": 7, "position": 45, "parents": [45, 23], "genome": "d(29) r(64,99) a(6,49) d(72) r(6,43)", "fitness": 0.0}
{"generation": 7, "position": 46, "parents": [45], "genome": "d(6) d(35) d(29) d(72) a(66,74)", "fitness": 0.0}
{"generation": 7, "position": 47, "parents": [23], "genome": "d(29) r(64,99) a(6,49) d(6) r(35,41) a(5,38)", "fitness": 0.0}
{"generation": 7, "position": 48, "parents": [14], "genome": "d(65) a(66,88) d(69) d(73) d(64) a(29,55) r(6,99) a(5,41)", "fitness": 0.0}
{"generation": 7, "position": 49, "parents": [17], "genome": "d(74) r(6,71) r(5,90) d(69) d(73) d(64) a(29,55) r(35,90) a(34,63)", "fitness": 0.0}
{"generation": 7, "position": 50, "parents": [9], "genome": "d(6) d(71) d(73) a(6,39) a(34,41) r(35,36) a(34,42) d(29)", "fitness": 0.0}
{"generation": 7, "position": 51, "parents": [53], "genome": "d(6) a(71,57) r(66,40) d(74) a(73,49) a(34,46) d(69) r(34,37)", "fitness": 0.0}
{"generation": 7, "position": 52, "parents": [56], "genome": "d(6) a(71,57) d(71) r(74,75) r(64,76) d(34) a(5,105)", "fitness": 0.0}
{"generation": 7, "position": 53, "parents": [1], "genome": "r(64,40) a(6,6) r(67,62) a(5,46) a(5,88) a(29,104)", "fitness": 15.0}
{"generation": 7, "position": 54, "parents": [57, 33], "genome": "d(66) a(71,57) a(71,57) d(6) d(73) a(74,70) a(35,49)", "fitness": 0.0}
{"generation": 7, "position": 55, "parents": [57, 33], "genome": "d(29) r(66,40) r(69,90) d(74) d(35) r(5,50) d(72)", "fitness": 0.0}
{"generation": 7, "position": 56, "parents": [57], "genome": "d(66) a(71,57) r(66,40) r(69,90) d(74) d(35) r(5,50) a(65,55)", "fitness": 0.0}
{"generation": 8, "position": 0, "parents": [31, 13], "genome": "a(69,50) d(65) r(74,75) r(64,99) d(35)", "fitness": 15.0}
{"generation": 8, "position": 1, "parents": [31, 13], "genome": "r(64,40) a(6,6) r(67,62) a(5,46) r(6,63) d(34) d(29) a(6,49) d(6) r(5,70) a(35,52) d(35)", "fitness": 0.0}
{"generation": 8, "position": 2, "parents": [31], "genome": "a(69,50) d(65) r(74,75) r(64,99) a(6,49) d(6) r(5,70) a(35,52) d(29)", "fitness": 0.0}
{"generation": 8, "position": 3, "parents": [13], "genome": "r(64,40) a(6,6) r(67,62) a(5,46) r(6,63) d(34) d(29) r(35,50)", "fitness": 15.0}
{"generation": 8, "position": 4, "parents": [34, 18], "genome": "d(6) r(5,57) r(64,45) d(35) d(64) r(5,39) a(71,57) d(71) a(6,49) d(6) r(5,70) a(29,70) a(34,104)", "fitness": 15.0}
{"generation": 8, "position": 5, "parents": [34, 18], "genome": "a(69,50) d(65) r(74,75) r(64,99) r(74,75) r(35,49) r(72,49) r(34,63) d(29) a(5,54)", "fitness": 15.0}
{"generation": 8, "position": 6, "parents": [34], "genome": "d(6) r(5,57) r(64,45) d(35) d(64) r(5,39) a(71,57) d(71) r(74,75) r(35,49) r(72,49) r(34,63) d(29)", "fitness": 0.0}
{"generation": 8, "position": 7, "parents": [18], "genome": "a(69,50) d(65) r(74,75) r(64,99) a(6,49) d(6) r(5,70) a(29,70) r(29,56)", "fitness": 0.0}
{"generation": 8, "position": 8, "parents": [23, 46], "genome": "d(6) r(5,57) r(64,45) d(29) d(72) a(66,74) d(35)", "fitness": 0.0}
{"generation": 8, "position": 9, "parents": [23, 46], "genome": "d(6) d(35) d(35) d(64) r(5,39) r(35,90) d(34) r(29,45)", "fitness": 0.0}
{"generation": 8, "position": 10, "parents": [23], "genome": "d(6) r(5,57) r(64,45) d(35) d(64) r(5,39) r(35,90) d(34) r(29,45)", "fitness": 0.0}
{"generation": 8, "position": 11, "parents": [46], "genome": "d(6) d(35) d(29) d(72) a(66,74) a(66,55)", "fitness": 0.0}
{"generation": 8, "position": 12, "parents": [47], "genome": "d(29) r(64,99) a(6,49) d(6) r(35,41) a(5,38) d(5)", "fitness": 15.0}
{"generation": 8, "position": 13, "parents": [25], "genome": "d(66) a(71,57) r(66,40) r(69,90) d(74) d(35) r(5,50) d(71) r(64,55) a(34,43) r(29,70)", "fitness": 0.0}
{"generation": 8, "position": 14, "parents": [54, 37], "genome": "d(66) a(71,57) a(71,57) d(6) d(73) a(74,70) d(72) d(64) a(34,57)", "fitness": 0.0}
{"generation": 8, "position": 15, "parents": [54, 37], "genome": "d(65) a(66,88) r(6,71) d(29) a(35,49) r(5,62)", "fitness": 0.0}
{"generation": 8, "position": 16, "parents": [54], "genome": "d(66) a(71,57) a(71,57) d(6) d(73) a(74,70) a(35,49) d(65)", "fitness": 0.0}
{"generation": 8, "position": 17, "parents": [37], "genome": "d(65) a(66,88) r(6,71) d(29) d(72) d(64) r(35,5)", "fitness": 0.0}
{"generation": 8, "position": 18, "parents": [21, 23], "genome": "d(6) r(5,57) r(64,45) d(35) d(64) r(5,39) r(29,45) r(5,39) r(35,90) d(34) r(29,45)", "fitness": 0.0}
{"generation": 8, "position": 19, "parents": [21, 23], "genome": "d(6) r(5,57) r(64,45) d(35) d(64) d(73) a(65,99) a(29,53)", "fitness": 15.0}
{"generation": 8, "position": 20, "parents": [21], "genome": "d(6) r(5,57) r(64,45) d(35) d(64) r(5,39) r(29,45) d(73) a(65,99)", "fitness": 0.0}
{"generation": 8, "position": 21, "parents": [23], "genome": "d(6) r(5,57) r(64,45) d(35) d(64) r(5,39) r(35,90) d(34) r(29,45)", "fitness": 0.0}
{"generation": 8, "position": 22, "parents": [11], "genome": "d(66) d(64) r(5,39) d(29) a(35,53) d(35)", "fitness": 0.0}
{"generation": 8, "position": 23, "parents": [51], "genome": "d(6) a(71,57) r(66,40) d(74) a(73,49) a(34,46) d(69) r(34,37) a(5,52)", "fitness": 0.0}
{"generation": 8, "position": 24, "parents": [49, 26], "genome": "d(74) r(6,71) r(5,90) d(69) r(29,63) d(66)", "fitness": 0.0}
{"generation": 8, "position": 25, "parents": [49, 26], "genome": "d(65) a(66,88) r(6,71) a(66,66) r(67,71) a(66,56) a(6,6) r(67,62) a(5,46) d(71) r(64,55) d(73) d(64) a(29,55) r(35,90) a(34,63) a(5,34)", "fitness": 0.0}
{"generation": 8, "position": 26, "parents": [49], "genome": "d(74) r(6,71) r(5,90) d(69) d(73) d(64) a(29,55) r(35,90) a(34,63) d(29)", "fitness": 0.0}
{"generation": 8, "position": 27, "parents": [26], "genome": "d(65) a(66,88) r(6,71) a(66,66) r(67,71) a(66,56) a(6,6) r(67,62) a(5,46) d(71) r(64,55) r(29,63) d(35)", "fitness": 0.0}
{"generation": 8, "position": 28, "parents": [22], "genome": "d(74) r(6,71) a(71,57) r(66,40) r(69,90) r(29,45) d(73) a(65,99) d(64) r(35,29)", "fitness": 0.0}
{"generation": 8, "position": 29, "parents": [32], "genome": "d(6) r(5,57) r(64,45) d(35) d(64) r(5,39) a(71,57) d(71) r(74,75) r(35,49) r(72,49) r(34,63) d(29)", "fitness": 0.0}
{"generation": 8, "position": 30, "parents": [23, 18], "genome": "d(6) r(5,57) r(64,45) d(35) d(6) r(5,70) a(29,70) a(29,42)", "fitness": 15.0}
{"generation": 8, "position": 31, "parents": [23, 18], "genome": "a(69,50) d(65) r(74,75) r(64,99) a(6,49) d(64) r(5,39) r(35,90) d(34) r(29,45)", "fitness": 0.0}
{"generation": 8, "position": 32, "parents": [23], "genome": "d(6) r(5,57) r(64,45) d(35) d(64) r(5,39) r(35,90) d(34) r(29,45)", "fitness": 0.0}
{"generation": 8, "position": 33, "parents": [18], "genome": "a(69,50) d(65) r(74,75) r(64,99) a(6,49) d(6) r(5,70) a(29,70) a(34,47)", "fitness": 0.0}
{"generation": 8, "position": 34, "parents": [2], "genome": "r(64,40) a(6,6) r(67,62) a(5,46) a(6,34) r(6,59) d(35) a(5,105)", "fitness": 0.0}
{"generation": 8, "position": 35, "parents": [48], "genome": "d(65) a(66,88) d(69) d(73) d(64) a(29,55) r(6,99) a(5,41) r(29,49)", "fitness": 0.0}
{"generation": 8, "position": 36, "parents": [42, 3], "genome": "a(69,50) d(65) r(74,75) r(64,99) a(6,49) d(6) r(5,70) r(29,91) a(5,76) d(35)", "fitness": 0.0}
{"generation": 8, "position": 37, "parents": [42, 3], "genome": "d(6) d(71) d(73) a(6,39) d(35) r(69,62) d(72) r(64,38) a(29,67)", "fitness": 0.0}
{"generation": 8, "position": 38, "parents": [42], "genome": "a(69,50) d(65) r(74,75) r(64,99) a(6,49) d(6) r(5,70) r(29,91) d(35)", "fitness": 0.0}
{"generation": 8, "position": 39, "parents": [3], "genome": "d(6) d(71) d(73) a(6,39) d(35) r(69,62) d(72) r(64,38) a(5,76) a(29,70)", "fitness": 0.0}
{"generation": 8, "position": 40, "parents": [25], "genome": "d(66) a(71,57) r(66,40) r(69,90) d(74) d(35) r(5,50) d(71) r(64,55) a(34,43) a(29,5)", "fitness": 15.0}
{"generation": 8, "position": 41, "parents": [31], "genome": "a(69,50) d(65) r(74,75) r(64,99) a(6,49) d(6) r(5,70) a(35,52) d(34)", "fitness": 0.0}
{"generation": 8, "position": 42, "parents": [31, 17], "genome": "a(69,50) d(65) r(74,75) r(64,99) a(6,49) d(6) r(5,70) a(35,52) d(29) d(35)", "fitness": 0.0}
{"generation": 8, "position": 43, "parents": [31, 17], "genome": "d(6) r(5,57) r(64,45) d(35) d(64) r(5,39) a(71,57) d(71) r(74,75) r(35,49) r(72,49) r(34,63) r(29,104)", "fitness": 15.0}
{"generation": 8, "position": 44, "parents": [31], "genome": "a(69,50) d(65) r(74,75) r(64,99) a(6,49) d(6) r(5,70) a(35,52) d(34)", "fitness": 0.0}
{"generation": 8, "position": 45, "parents": [17], "genome": "d(6) r(5,57) r(64,45) d(35) d(64) r(5,39) a(71,57) d(71) r(74,75) r(35,49) r(72,49) r(34,63) d(29)", "fitness": 0.0}
{"generation": 8, "position": 46, "parents": [3], "genome": "d(6) d(71) d(73) a(6,39) d(35) r(69,62) d(72) r(64,38) a(5,76) a(5,38)", "fitness": 0.0}
{"generation": 8, "position": 47, "parents": [15], "genome": "d(66) d(71) r(74,75) r(64,76) d(29) d(35) a(5,56)", "fitness": 15.0}
{"generation": 8, "position": 48, "parents": [8], "genome": "d(6) d(71) d(73) a(6,39) d(35) r(69,62) d(72) r(34,88) a(64,74) r(74,65)", "fitness": 0.0}
{"generation": 8, "position": 49, "parents": [18], "genome": "a(69,50) d(65) r(74,75) r(64,99) a(6,49) d(6) r(5,70) a(29,70) d(35)", "fitness": 0.0}
{"generation": 8, "position": 50, "parents": [35], "genome": "d(65) a(66,88) d(6) r(66,76) r(69,76)", "fitness": 0.0}
{"generation": 8, "position": 51, "parents": [16], "genome": "d(74) r(6,71) r(5,90) d(69) a(67,63) d(65) a(35,57) r(73,34) r(34,99)", "fitness": 0.0}
{"generation": 8, "position": 52, "parents": [56], "genome": "d(66) a(71,57) r(66,40) r(69,90) d(74) d(35) r(5,50) a(65,55) r(64,49)", "fitness": 0.0}
{"generation": 8, "position": 53, "parents": [9], "genome": "d(65) a(66,88) r(6,71) a(66,66) r(67,71) a(66,56) a(29,50) d(64) a(34,63) r(29,47)", "fitness": 0.0}
{"generation": 8, "position": 54, "parents": [1, 44], "genome": "d(6) d(71) d(73) a(6,39) d(29) d(6) r(35,41) d(73) a(69,69)", "fitness": 0.0}
{"generation": 8, "position": 55, "parents": [1, 44], "genome": "d(6) d(35) r(67,62) a(5,46) a(6,34) r(6,59) r(65,49) a(74,76)", "fitness": 0.0}
{"generation": 8, "position": 56, "parents": [1], "genome": "d(6) d(71) d(73) a(6,39) r(67,62) a(5,46) a(6,34) r(6,59) r(65,49) d(35)", "fitness": 0.0}
{"generation": 8, "position": 57, "parents": [44], "genome": "d(6) d(35) d(29) d(6) r(35,41) d(73) r(71,91)", "fitness": 0.0}
{"generation": 8, "position": 58, "parents": [26, 24], "genome": "d(65) a(66,88) r(6,71) r(67,71) a(66,56) a(6,6) r(67,62) a(5,46) a(73,52) d(71)", "fitness": 0.0}
{"generation": 8, "position": 59, "parents": [26, 24], "genome": "d(65) a(66,88) r(6,71) a(66,66) a(66,66) r(67,71) a(66,56) a(6,6) r(67,62) a(5,46) d(71) r(64,55) r(29,63) d(35)", "fitness": 0.0}
{"generation": 8, "position": 60, "parents": [26], "genome": "d(65) a(66,88) r(6,71) a(66,66) r(67,71) a(66,56) a(6,6) r(67,62) a(5,46) d(71) r(64,55) r(29,63) d(35)", "fitness": 0.0}
{"generation": 9, "position": 0, "parents": [16, 57], "genome": "d(66) a(71,57) a(71,57) d(6) d(29) d(6) r(35,41) d(73) r(71,91) d(72)", "fitness": 0.0}
{"generation": 9, "position": 1, "parents": [16, 57], "genome": "d(6) d(35) d(73) a(74,70) a(35,49) d(65) a(29,53)", "fitness": 0.0}
{"generation": 9, "position": 2, "parents": [16], "genome": "d(66) a(71,57) a(71,57) d(6) d(73) a(74,70) a(35,49) d(65) d(34)", "fitness": 0.0}
{"generation": 9, "position": 3, "parents": [57], "genome": "d(6) d(35) d(29) d(6) r(35,41) d(73) r(71,91) a(5,91)", "fitness": 0.0}
{"generation": 9, "position": 4, "parents": [37], "genome": "d(6) d(71) d(73) a(6,39) d(35) r(69,62) d(72) r(64,38) a(29,67) d(29)", "fitness": 0.0}
{"generation": 9, "position": 5, "parents": [45], "genome": "d(6) r(5,57) r(64,45) d(35) d(64) r(5,39) a(71,57) d(71) r(74,75) r(35,49) r(72,49) r(34,63) d(29)", "fitness": 0.0}
{"generation": 9, "position": 6, "parents": [45, 18], "genome": "d(6) r(5,57) r(64,45) d(35) d(64) r(5,39) a(71,57) d(71) r(74,75) r(35,49) r(72,49) r(34,63) d(64) r(5,39) r(29,45) r(5,39) r(35,90) d(34) r(29,45)", "fitness": 0.0}
{"generation": 9, "position": 7, "parents": [45, 18], "genome": "d(6) r(5,57) r(64,45) d(35) d(29)", "fitness": 0.0}
{"generation": 9, "position": 8, "parents": [45], "genome": "d(6) r(5,57) r(64,45) d(35) d(64) r(5,39) a(71,57) d(71) r(74,75) r(35,49) r(72,49) r(34,63) d(29)", "fitness": 0.0}
{"generation": 9, "position": 9, "parents": [18], "genome": "d(6) r(5,57) r(64,45) d(35) d(64) r(5,39) r(29,45) r(5,39) r(35,90) d(34) r(29,45)", "fitness": 0.0}
{"generation": 9, "position": 10, "parents": [57, 20], "genome": "d(6) r(5,39) r(29,45) d(73) a(65,99) d(65)", "fitness": 0.0}
{"generation": 9, "position": 11, "parents": [57, 20], "genome": "d(6) r(5,57) r(64,45) d(35) d(64) d(35) d(29) d(6) r(35,41) d(73) r(71,91)", "fitness": 0.0}
{"generation": 9, "position": 12, "parents": [57], "genome": "d(6) d(35) d(29) d(6) r(35,41) d(73) r(71,91) d(5)", "fitness": 15.0}
{"generation": 9, "position": 13, "parents": [20], "genome": "d(6) r(5,57) r(64,45) d(35) d(64) r(5,39) r(29,45) d(73) a(65,99)", "fitness": 0.0}
{"generation": 9, "position": 14, "parents": [55], "genome": "d(6) d(35) r(67,62) a(5,46) a(6,34) r(6,59) r(65,49) a(74,76) r(5,63)", "fitness": 15.0}
{"generation": 9, "position": 15, "parents": [60], "genome": "d(65) a(66,88) r(6,71) a(66,66) r(67,71) a(66,56) a(6,6) r(67,62) a(5,46) d(71) r(64,55) r(29,63) d(35) d(5)", "fitness": 15.0}
{"generation": 9, "position": 16, "parents": [8, 42], "genome": "d(6) r(5,57) r(64,45) d(29) d(72) a(66,74) d(6) r(5,70) a(35,52) d(29) d(35)", "fitness": 0.0}
{"generation": 9, "position": 17, "parents": [8, 42], "genome": "a(69,50) d(65) r(74,75) r(64,99) a(6,49) d(35) d(29)", "fitness": 0.0}
{"generation": 9, "position": 18, "parents": [8], "genome": "d(6) r(5,57) r(64,45) d(29) d(72) a(66,74) d(35)", "fitness": 0.0}
{"generation": 9, "position": 19, "parents": [42], "genome": "a(69,50) d(65) r(74,75) r(64,99) a(6,49) d(6) r(5,70) a(35,52) d(29) d(35)", "fitness": 0.0}
{"generation": 9, "position": 20, "parents": [14, 39], "genome": "d(66) a(71,57) a(71,57) d(6) d(73) d(73) a(6,39) d(35) r(69,62) d(72) r(64,38) a(5,76) a(29,70) d(34)", "fitness": 0.0}
{"generation": 9, "position": 21, "parents": [14, 39], "genome": "d(6) d(71) a(74,70) d(72) d(64) a(34,57) a(34,90)", "fitness": 0.0}
{"generation": 9, "position": 22, "parents": [14], "genome": "d(66) a(71,57) a(71,57) d(6) d(73) a(74,70) d(72) d(64) a(34,57) r(29,40)", "fitness": 0.0}
{"generation": 9, "position": 23, "parents": [39], "genome": "d(6) d(71) d(73) a(6,39) d(35) r(69,62) d(72) r(64,38) a(5,76) a(29,70) d(5)", "fitness": 15.0}
{"generation": 9, "position": 24, "parents": [36], "genome": "a(69,50) d(65) r(74,75) r(64,99) a(6,49) d(6) r(5,70) r(29,91) a(5,76) d(35)", "fitness": 0.0}
{"generation": 9, "position": 25, "parents": [49], "genome": "a(69,50) d(65) r(74,75) r(64,99) a(6,49) d(6) r(5,70) a(29,70) d(35) r(29,39)", "fitness": 0.0}
{"generation": 9, "position": 26, "parents": [28], "genome": "d(74) r(6,71) a(71,57) r(66,40) r(69,90) r(29,45) d(73) a(65,99) d(64) r(35,29) a(5,52)", "fitness": 0.0}
{"generation": 9, "position": 27, "parents": [51], "genome": "d(74) r(6,71) r(5,90) d(69) a(67,63) d(65) a(35,57) r(73,34) r(34,99) a(66,105)", "fitness": 0.0}
{"generation": 9, "position": 28, "parents": [20], "genome": "d(6) r(5,57) r(64,45) d(35) d(64) r(5,39) r(29,45) d(73) a(65,99)", "fitness": 0.0}
{"generation": 9, "position": 29, "parents": [55], "genome": "d(6) d(35) r(67,62) a(5,46) a(6,34) r(6,59) r(65,49) a(74,76) r(73,49)", "fitness": 0.0}
{"generation": 9, "position": 30, "parents": [60], "genome": "d(65) a(66,88) r(6,71) a(66,66) r(67,71) a(66,56) a(6,6) r(67,62) a(5,46) d(71) r(64,55) r(29,63) d(35) r(5,35)", "fitness": 0.0}
{"generation": 9, "position": 31, "parents": [51], "genome": "d(74) r(6,71) r(5,90) d(69) a(67,63) d(65) a(35,57) r(73,34) r(34,99) r(67,40)", "fitness": 0.0}
{"generation": 9, "position": 32, "parents": [59], "genome": "d(65) a(66,88) r(6,71) a(66,66) a(66,66) r(67,71) a(66,56) a(6,6) r(67,62) a(5,46) d(71) r(64,55) r(29,63) d(35) d(5)", "fitness": 15.0}
{"generation": 9, "position": 33, "parents": [56], "genome": "d(6) d(71) d(73) a(6,39) r(67,62) a(5,46) a(6,34) r(6,59) r(65,49) d(35) r(66,40)", "fitness": 0.0}
{"generation": 9, "position": 34, "parents": [54], "genome": "d(6) d(71) d(73) a(6,39) d(29) d(6) r(35,41) d(73) a(69,69) d(67)", "fitness": 0.0}
{"generation": 9, "position": 35, "parents": [46], "genome": "d(6) d(71) d(73) a(6,39) d(35) r(69,62) d(72) r(64,38) a(5,76) a(5,38) a(34,56)", "fitness": 0.0}
{"generation": 9, "position": 36, "parents": [13], "genome": "d(66) a(71,57) r(66,40) r(69,90) d(74) d(35) r(5,50) d(71) r(64,55) a(34,43) r(29,70)", "fitness": 0.0}
{"generation": 9, "position": 37, "parents": [2], "genome": "a(69,50) d(65) r(74,75) r(64,99) a(6,49) d(6) r(5,70) a(35,52) d(29) d(35)", "fitness": 0.0}
{"generation": 9, "position": 38, "parents": [54, 31], "genome": "d(6) d(71) r(29,45) a(67,67)", "fitness": 0.0}
{"generation": 9, "position": 39, "parents": [54, 31], "genome": "a(69,50) d(65) r(74,75) r(64,99) a(6,49) d(64) r(5,39) r(35,90) d(34) d(73) a(6,39) d(29) d(6) r(35,41) d(73) a(69,69)", "fitness": 0.0}
{"generation": 9, "position": 40, "parents": [54], "genome": "d(6) d(71) d(73) a(6,39) d(29) d(6) r(35,41) d(73) a(69,69) d(65)", "fitness": 0.0}
{"generation": 9, "position": 41, "parents": [31], "genome": "a(69,50) d(65) r(74,75) r(64,99) a(6,49) d(64) r(5,39) r(35,90) d(34) r(29,45)", "fitness": 0.0}
{"generation": 9, "position": 42, "parents": [59, 59], "genome": "d(65) a(66,88) r(6,71) a(66,66) a(66,66) r(67,71) a(66,56) a(6,6) r(67,62) a(5,46) d(71) r(64,55) r(29,63) r(5,67)", "fitness": 0.0}
{"generation": 9, "position": 43, "parents": [59, 59], "genome": "d(65) a(66,88) r(6,71) a(66,66) a(66,66) r(67,71) a(66,56) a(6,6) r(67,62) a(5,46) d(71) r(64,55) r(29,63) d(35) d(35) d(5)", "fitness": 15.0}
{"generation": 9, "position": 44, "parents": [59], "genome": "d(65) a(66,88) r(6,71) a(66,66) a(66,66) r(67,71) a(66,56) a(6,6) r(67,62) a(5,46) d(71) r(64,55) r(29,63) d(35) r(5,42)", "fitness": 15.0}
{"generation": 9, "position": 45, "parents": [59], "genome": "d(65) a(66,88) r(6,71) a(66,66) a(66,66) r(67,71) a(66,56) a(6,6) r(67,62) a(5,46) d(71) r(64,55) r(29,63) d(35) r(5,44)", "fitness": 15.0}
{"generation": 9, "position": 46, "parents": [26, 12], "genome": "d(74) r(6,71) r(5,90) r(64,99) a(6,49) d(6) r(35,41) a(5,38) d(5) r(34,49)", "fitness": 15.0}
{"generation": 9, "position": 47, "parents": [26, 12], "genome": "d(29) d(69) d(73) d(64) a(29,55) r(35,90) a(34,63) d(29) r(5,44)", "fitness": 15.0}
{"generation": 9, "position": 48, "parents": [26], "genome": "d(74) r(6,71) r(5,90) d(69) d(73) d(64) a(29,55) r(35,90) a(34,63) d(29)", "fitness": 0.0}
{"generation": 9, "position": 49, "parents": [12], "genome": "d(29) r(64,99) a(6,49) d(6) r(35,41) a(5,38) d(5)", "fitness": 15.0}
{"generation": 9, "position": 50, "parents": [28], "genome": "d(74) r(6,71) a(71,57) r(66,40) r(69,90) r(29,45) d(73) a(65,99) d(64) r(35,29) r(5,29)", "fitness": 0.0}
{"generation": 9, "position": 51, "parents": [24], "genome": "d(74) r(6,71) r(5,90) d(69) r(29,63) d(66) r(65,38)", "fitness": 0.0}
{"generation": 9, "position": 52, "parents": [34], "genome": "r(64,40) a(6,6) r(67,62) a(5,46) a(6,34) r(6,59) d(35) a(5,105) d(5)", "fitness": 15.0}
{"generation": 9, "position": 53, "parents": [34], "genome": "r(64,40) a(6,6) r(67,62) a(5,46) a(6,34) r(6,59) d(35) a(5,105) a(5,47)", "fitness": 0.0}
{"generation": 9, "position": 54, "parents": [58], "genome": "d(65) a(66,88) r(6,71) r(67,71) a(66,56) a(6,6) r(67,62) a(5,46) a(73,52) d(71) a(5,88)", "fitness": 0.0}
{"generation": 10, "position": 0, "parents": [27, 2], "genome": "d(74) r(6,71) r(5,90) d(69) a(67,63) d(65) d(6) d(73) a(74,70) a(35,49) d(65) d(34) d(64)", "fitness": 0.0}
{"generation": 10, "position": 1, "parents": [27, 2], "genome": "d(66) a(71,57) a(71,57) a(35,57) r(73,34) r(34,99) a(66,105) r(29,50)", "fitness": 15.0}
{"generation": 10, "position": 2, "parents": [27], "genome": "d(74) r(6,71) r(5,90) d(69) a(67,63) d(65) a(35,57) r(73,34) r(34,99) a(66,105) a(64,73)", "fitness": 0.0}
{"generation": 10, "position": 3, "parents": [2], "genome": "d(66) a(71,57) a(71,57) d(6) d(73) a(74,70) a(35,49) d(65) d(34) a(64,52)", "fitness": 0.0}
{"generation": 10, "position": 4, "parents": [51], "genome": "d(74) r(6,71) r(5,90) d(69) r(29,63) d(66) r(65,38) a(35,45)", "fitness": 0.0}
{"generation": 10, "position": 5, "parents": [38], "genome": "d(6) d(71) r(29,45) a(67,67) r(65,69)", "fitness": 0.0}
{"generation": 10, "position": 6, "parents": [18, 42], "genome": "d(6) r(5,57) r(64,45) d(29) d(72) a(66,56) a(6,6) r(67,62) a(5,46) d(71) r(64,55) r(29,63) r(5,67) a(35,47)", "fitness": 0.0}
{"generation": 10, "position": 7, "parents": [18, 42], "genome": "d(65) a(66,88) r(6,71) a(66,66) a(66,66) r(67,71) a(66,74) d(35) r(29,46)", "fitness": 0.0}
{"generation": 10, "position": 8, "parents": [18], "genome": "d(6) r(5,57) r(64,45) d(29) d(72) a(66,74) d(35)", "fitness": 0.0}
{"generation": 10, "position": 9, "parents": [42], "genome": "d(65) a(66,88) r(6,71) a(66,66) a(66,66) r(67,71) a(66,56) a(6,6) r(67,62) a(5,46) d(71) r(64,55) r(29,63) r(5,67) a(35,76)", "fitness": 15.0}
{"generation": 10, "position": 10, "parents": [8, 54], "genome": "d(6) r(5,57) a(5,88) a(34,55)", "fitness": 5.0}
{"generation": 10, "position": 11, "parents": [8, 54], "genome": "d(65) a(66,88) r(6,71) r(67,71) a(66,56) a(6,6) r(67,62) a(5,46) a(73,52) d(71) r(64,45) d(35) d(64) r(5,39) a(71,57) d(71) r(74,75) r(35,49) r(72,49) r(34,63) d(29)", "fitness": 0.0}
{"generation": 10, "position": 12, "parents": [8], "genome": "d(6) r(5,57) r(64,45) d(35) d(64) r(5,39) a(71,57) d(71) r(74,75) r(35,49) r(72,49) r(34,63) d(29)", "fitness": 0.0}
{"generation": 10, "position": 13, "parents": [54], "genome": "d(65) a(66,88) r(6,71) r(67,71) a(66,56) a(6,6) r(67,62) a(5,46) a(73,52) d(71) a(5,88) d(5)", "fitness": 15.0}
{"generation": 10, "position": 14, "parents": [30, 49], "genome": "d(65) a(66,88) r(6,71) a(66,66) r(67,71) a(66,56) a(6,6) r(67,62) a(69,45)", "fitness": 0.0}
{"generation": 10, "position": 15, "parents": [30, 49], "genome": "d(29) r(64,99) a(6,49) d(6) r(35,41) a(5,38) d(5) a(5,46) d(71) r(64,55) r(29,63) d(35) r(5,35)", "fitness": 15.0}
{"generation": 10, "position": 16, "parents": [30], "genome": "d(65) a(66,88) r(6,71) a(66,66) r(67,71) a(66,56) a(6,6) r(67,62) a(5,46) d(71) r(64,55) r(29,63) d(35) r(5,35)", "fitness": 0.0}
{"generation": 10, "position": 17, "parents": [49], "genome": "d(29) r(64,99) a(6,49) d(6) r(35,41) a(5,38) d(5)", "fitness": 15.0}
{"generation": 10, "position": 18, "parents": [21], "genome": "d(6) d(71) a(74,70) d(72) d(64) a(34,57) a(34,90) r(34,55)", "fitness": 0.0}
{"generation": 10, "position": 19, "parents": [2], "genome": "d(66) a(71,57) a(71,57) d(6) d(73) a(74,70) a(35,49) d(65) d(34) r(5,57)", "fitness": 15.0}
{"generation": 10, "position": 20, "parents": [37], "genome": "a(69,50) d(65) r(74,75) r(64,99) a(6,49) d(6) r(5,70) a(35,52) d(29) d(35)", "fitness": 0.0}
{"generation": 10, "position": 21, "parents": [17], "genome": "a(69,50) d(65) r(74,75) r(64,99) a(6,49) d(35) d(29) a(6,40)", "fitness": 0.0}
{"generation": 10, "position": 22, "parents": [28, 19], "genome": "d(6) r(5,70) a(35,52) d(29) d(35) d(73)", "fitness": 0.0}
{"generation": 10, "position": 23, "parents": [28, 19], "genome": "a(69,50) d(65) r(74,75) r(64,99) a(6,49) d(6) r(5,57) r(64,45) d(35) d(64) r(5,39) r(29,45) d(73) a(65,99)", "fitness": 0.0}
{"generation": 10, "position": 24, "parents": [28], "genome": "d(6) r(5,57) r(64,45) d(35) d(64) r(5,39) r(29,45) d(73) a(65,99)", "fitness": 0.0}
{"generation": 10, "position": 25, "parents": [19], "genome": "a(69,50) d(65) r(74,75) r(64,99) a(6,49) d(6) r(5,70) a(35,52) d(29) d(35)", "fitness": 0.0}
{"generation": 10, "position": 26, "parents": [48, 5], "genome": "d(74) r(6,71) r(5,90) d(69) d(73) r(34,63) d(29) r(67,49)", "fitness": 0.0}
{"generation": 10, "position": 27, "parents": [48, 5], "genome": "d(6) r(5,57) r(64,45) d(35) d(64) r(5,39) a(71,57) d(71) r(74,75) r(35,49) r(72,49) d(64) a(29,55) r(35,90) a(34,63) d(29)", "fitness": 0.0}
{"generation": 10, "position": 28, "parents": [48], "genome": "d(74) r(6,71) r(5,90) d(69) d(73) d(64) a(29,55) r(35,90) a(34,63) d(29)", "fitness": 0.0}
{"generation": 10, "position": 29, "parents": [5], "genome": "d(6) r(5,57) r(64,45) d(35) d(64) r(5,39) a(71,57) d(71) r(74,75) r(35,49) r(72,49) r(34,63) d(29)", "fitness": 0.0}
{"generation": 10, "position": 30, "parents": [18], "genome": "d(6) r(5,57) r(64,45) d(29) d(72) a(66,74) d(35)", "fitness": 0.0}
{"generation": 10, "position": 31, "parents": [9], "genome": "d(6) r(5,57) r(64,45) d(35) d(64) r(5,39) r(29,45) r(5,39) r(35,90) d(34) r(29,45)", "fitness": 0.0}
{"generation": 10, "position": 32, "parents": [37], "genome": "a(69,50) d(65) r(74,75) r(64,99) a(6,49) d(6) r(5,70) a(35,52) d(29) d(35)", "fitness": 0.0}
{"generation": 10, "position": 33, "parents": [20], "genome": "d(66) a(71,57) a(71,57) d(6) d(73) d(73) a(6,39) d(35) r(69,62) d(72) r(64,38) a(5,76) a(29,70) d(34) r(5,55)", "fitness": 15.0}
{"generation": 10, "position": 34, "parents": [24, 28], "genome": "a(69,50) d(65) r(74,75) r(64,99) a(6,49) d(6) r(5,70) r(29,91) a(5,76) r(5,39) r(29,45) d(73) a(65,99) a(35,53)", "fitness": 0.0}
{"generation": 10, "position": 35, "parents": [24, 28], "genome": "d(6) r(5,57) r(64,45) d(35) d(64) d(35) r(29,70)", "fitness": 0.0}
{"generation": 10, "position": 36, "parents": [24], "genome": "a(69,50) d(65) r(74,75) r(64,99) a(6,49) d(6) r(5,70) r(29,91) a(5,76) d(35)", "fitness": 0.0}
{"generation": 10, "position": 37, "parents": [28], "genome": "d(6) r(5,57) r(64,45) d(35) d(64) r(5,39) r(29,45) d(73) a(65,99)", "fitness": 0.0}
{"generation": 10, "position": 38, "parents": [14, 30], "genome": "d(6) d(35) r(67,62) a(5,46) a(6,34) r(6,59) r(65,49) r(67,62) a(5,46) d(71) r(64,55) r(29,63) d(35) r(5,35)", "fitness": 0.0}
{"generation": 10, "position": 39, "parents": [14, 30], "genome": "d(65) a(66,88) r(6,71) a(66,66) r(67,71) a(66,56) a(6,6) a(74,76) r(5,63) a(35,35)", "fitness": 15.0}
{"generation": 10, "position": 40, "parents": [14], "genome": "d(6) d(35) r(67,62) a(5,46) a(6,34) r(6,59) r(65,49) a(74,76) r(5,63) a(72,63)", "fitness": 15.0}
{"generation": 10, "position": 41, "parents": [30], "genome": "d(65) a(66,88) r(6,71) a(66,66) r(67,71) a(66,56) a(6,6) r(67,62) a(5,46) d(71) r(64,55) r(29,63) d(35) r(5,35)", "fitness": 0.0}
{"generation": 10, "position": 42, "parents": [1, 48], "genome": "d(6) d(35) d(73) a(74,70) a(35,49) d(65) d(64) a(29,55) r(35,90) a(34,63) d(29) d(5)", "fitness": 0.0}
{"generation": 10, "position": 43, "parents": [1, 48], "genome": "d(74) r(6,71) r(5,90) d(69) d(73) a(29,53) r(67,45)", "fitness": 0.0}
{"generation": 10, "position": 44, "parents": [1], "genome": "d(6) d(35) d(73) a(74,70) a(35,49) d(65) a(29,53) r(69,37)", "fitness": 0.0}
{"generation": 10, "position": 45, "parents": [48], "genome": "d(74) r(6,71) r(5,90) d(69) d(73) d(64) a(29,55) r(35,90) a(34,63) d(29)", "fitness": 0.0}
{"generation": 10, "position": 46, "parents": [39], "genome": "a(69,50) d(65) r(74,75) r(64,99) a(6,49) d(64) r(5,39) r(35,90) d(34) d(73) a(6,39) d(29) d(6) r(35,41) d(73) a(69,69)", "fitness": 0.0}
{"generation": 10, "position": 47, "parents": [15], "genome": "d(65) a(66,88) r(6,71) a(66,66) r(67,71) a(66,56) a(6,6) r(67,62) a(5,46) d(71) r(64,55) r(29,63) d(35) d(5)", "fitness": 15.0}
{"generation": 10, "position": 48, "parents": [3, 52], "genome": "d(6) a(69,66)", "fitness": 0.0}
{"generation": 10, "position": 49, "parents": [3, 52], "genome": "r(64,40) a(6,6) r(67,62) a(5,46) a(6,34) r(6,59) d(35) a(5,105) d(5) d(35) d(29) d(6) r(35,41) d(73) r(71,91) a(5,91)", "fitness": 15.0}
{"generation": 10, "position": 50, "parents": [3], "genome": "d(6) d(35) d(29) d(6) r(35,41) d(73) r(71,91) a(5,91) r(65,66)", "fitness": 0.0}
{"generation": 10, "position": 51, "parents": [52], "genome": "r(64,40) a(6,6) r(67,62) a(5,46) a(6,34) r(6,59) d(35) a(5,105) d(5) a(34,40)", "fitness": 15.0}
{"generation": 10, "position": 52, "parents": [40, 48], "genome": "d(6) d(71) a(29,55) r(35,90) a(34,63) d(29) d(65)", "fitness": 0.0}
{"generation": 10, "position": 53, "parents": [40, 48], "genome": "d(74) r(6,71) r(5,90) d(69) d(73) d(64) d(73) a(6,39) d(29) d(6) r(35,41) d(73) a(69,69) d(65)", "fitness": 15.0}
{"generation": 10, "position": 54, "parents": [40], "genome": "d(6) d(71) d(73) a(6,39) d(29) d(6) r(35,41) d(73) a(69,69) d(65) d(66)", "fitness": 0.0}
{"generation": 10, "position": 55, "parents": [48], "genome": "d(74) r(6,71) r(5,90) d(69) d(73) d(64) a(29,55) r(35,90) a(34,63) d(29)", "fitness": 0.0}
{"generation": 10, "position": 56, "parents": [34, 41], "genome": "d(6) d(71) d(73) a(6,39) d(29) d(6) r(35,41) d(73) a(69,69) r(64,99) a(6,49) d(64) r(5,39) r(35,90) d(34) r(29,45)", "fitness": 0.0}
{"generation": 10, "position": 57, "parents": [34, 41], "genome": "a(69,50) d(65) r(74,75) d(67) a(5,35)", "fitness": 0.0}
{"generation": 10, "position": 58, "parents": [34], "genome": "d(6) d(71) d(73) a(6,39) d(29) d(6) r(35,41) d(73) a(69,69) d(67) a(72,74)", "fitness": 0.0}
{"generation": 10, "position": 59, "parents": [41], "genome": "a(69,50) d(65) r(74,75) r(64,99) a(6,49) d(64) r(5,39) r(35,90) d(34) r(29,45)", "fitness": 0.0}
{"generation": 10, "position": 60, "parents": [11, 29], "genome": "d(6) r(5,57) r(64,45) d(35) d(64) d(35) d(29) d(6) r(35,41) r(65,49) a(74,76) r(73,49)", "fitness": 0.0}
{"generation": 10, "position": 61, "parents": [11, 29], "genome": "d(6) d(35) r(67,62) a(5,46) a(6,34) r(6,59) d(73) r(71,91) a(34,58)", "fitness": 0.0}
{"generation": 10, "position": 62, "parents": [11], "genome": "d(6) r(5,57) r(64,45) d(35) d(64) d(35) d(29) d(6) r(35,41) d(73) r(71,91)", "fitness": 0.0}
{"generation": 10, "position": 63, "parents": [29], "genome": "d(6) d(35) r(67,62) a(5,46) a(6,34) r(6,59) r(65,49) a(74,76) r(73,49) d(66)", "fitness": 0.0}
{"generation": 10, "position": 64, "parents": [6, 48], "genome": "d(6) r(5,57) r(64,45) d(35) d(64) r(5,39) a(71,57) d(71) r(74,75) r(35,49) r(72,49) r(34,63) d(64) r(5,39) r(29,45) d(73) d(64) a(29,55) r(35,90) a(34,63) d(29)", "fitness": 0.0}
{"generation": 10, "position": 65, "parents": [6, 48], "genome": "d(74) r(6,71) r(5,90) d(69) r(5,39) r(35,90) d(34) r(29,45) d(72)", "fitness": 0.0}
{"generation": 10, "position": 66, "parents": [6], "genome": "d(6) r(5,57) r(64,45) d(35) d(64) r(5,39) a(71,57) d(71) r(74,75) r(35,49) r(72,49) r(34,63) d(64) r(5,39) r(29,45) r(5,39) r(35,90) d(34) r(29,45)", "fitness": 0.0}