[meta]
{"program": "genprog-3.0", "problem": {"ideal_fitness": "15", "type": "repair", "name": "uniq", "enclosure": {"1": 0, "2": 0, "3": 0, "4": 0, "5": 0, "6": 5, "7": 6, "9": 5, "10": 9, "11": 9, "12": 11, "13": 11, "14": 9, "15": 9, "17": 9, "18": 5, "19": 18, "20": 18, "21": 18, "23": 18, "24": 5, "25": 5, "26": 25, "27": 25, "29": 0, "30": 29, "31": 29, "32": 31, "33": 31, "34": 29, "35": 0, "36": 0, "37": 36, "38": 36, "39": 0, "40": 39, "41": 39, "42": 39, "43": 42, "44": 42, "45": 42, "46": 39, "47": 39, "48": 47, "49": 47, "50": 47, "51": 47, "52": 51, "53": 51, "54": 51, "55": 54, "56": 54, "57": 54, "58": 51, "59": 51, "60": 59, "62": 47, "63": 47, "64": 0, "65": 64, "66": 64, "67": 66, "69": 64, "70": 69, "71": 69, "72": 64, "73": 64, "74": 64, "75": 0, "76": 0, "78": 0, "79": 78, "80": 78, "81": 78, "83": 0, "85": 83, "86": 0, "87": 0, "88": 0, "89": 0, "90": 0, "91": 0, "92": 0, "93": 0, "94": 0, "95": 94, "96": 94, "97": 94, "98": 94, "99": 98, "101": 94, "102": 94, "103": 94, "104": 103, "105": 103, "106": 0, "107": 106, "108": 106, "109": 0, "110": 0, "111": 0, "112": 0, "113": 0, "114": 113, "115": 113, "116": 113, "117": 116, "119": 113, "120": 119, "121": 120, "122": 120, "123": 122, "125": 119, "126": 113, "127": 126, "129": 127, "131": 129, "133": 131, "134": 126, "135": 0, "136": 135, "137": 135, "138": 135, "139": 138, "140": 139, "143": 135, "144": 0, "145": 0, "146": 0}}, "version": "0.0.2", "seed": 26, "algorithm": {"representation": "patch", "type": "genetic", "name": "ALGORITHM-NAME"}}

[data]
{"generation": 0, "position": 0, "parents": [], "genome": "a(71,67)", "fitness": 5.0}
{"generation": 0, "position": 1, "parents": [], "genome": "r(29,57)", "fitness": 5.0}
{"generation": 0, "position": 2, "parents": [], "genome": "r(6,91)", "fitness": 15.0}
{"generation": 0, "position": 3, "parents": [], "genome": "r(29,104)", "fitness": 15.0}
{"generation": 0, "position": 4, "parents": [], "genome": "a(6,91)", "fitness": 5.0}
{"generation": 0, "position": 5, "parents": [], "genome": "a(6,29)", "fitness": 5.0}
{"generation": 0, "position": 6, "parents": [], "genome": "r(74,67)", "fitness": 15.0}
{"generation": 0, "position": 7, "parents": [], "genome": "r(69,37)", "fitness": 15.0}
{"generation": 0, "position": 8, "parents": [], "genome": "a(66,45)", "fitness": 5.0}
{"generation": 0, "position": 9, "parents": [], "genome": "r(6,37)", "fitness": 15.0}
{"generation": 0, "position": 10, "parents": [], "genome": "d(72)", "fitness": 15.0}
{"generation": 0, "position": 11, "parents": [], "genome": "d(66)", "fitness": 3.0}
{"generation": 0, "position": 12, "parents": [], "genome": "r(71,57)", "fitness": 5.0}
{"generation": 0, "position": 13, "parents": [], "genome": "r(6,49)", "fitness": 0.0}
{"generation": 0, "position": 14, "parents": [], "genome": "d(65)", "fitness": 0.0}
{"generation": 0, "position": 15, "parents": [], "genome": "d(66)", "fitness": 3.0}
{"generation": 0, "position": 16, "parents": [], "genome": "a(29,29)", "fitness": 5.0}
{"generation": 0, "position": 17, "parents": [], "genome": "d(74)", "fitness": 15.0}
{"generation": 0, "position": 18, "parents": [], "genome": "r(29,62)", "fitness": 5.0}
{"generation": 0, "position": 19, "parents": [], "genome": "a(69,34)", "fitness": 5.0}
{"generation": 0, "position": 20, "parents": [], "genome": "a(6,71)", "fitness": 5.0}
{"generation": 0, "position": 21, "parents": [], "genome": "a(64,50)", "fitness": 5.0}
{"generation": 0, "position": 22, "parents": [], "genome": "d(72)", "fitness": 15.0}
{"generation": 0, "position": 23, "parents": [], "genome": "r(64,71)", "fitness": 0.0}
{"generation": 0, "position": 24, "parents": [], "genome": "a(67,73)", "fitness": 4.0}
{"generation": 0, "position": 25, "parents": [], "genome": "d(69)", "fitness": 0.0}
{"generation": 0, "position": 26, "parents": [], "genome": "a(74,57)", "fitness": 5.0}
{"generation": 0, "position": 27, "parents": [], "genome": "a(6,58)", "fitness": 5.0}
{"generation": 0, "position": 28, "parents": [], "genome": "a(64,73)", "fitness": 5.0}
{"generation": 0, "position": 29, "parents": [], "genome": "r(35,91)", "fitness": 15.0}
{"generation": 0, "position": 30, "parents": [], "genome": "r(34,105)", "fitness": 5.0}
{"generation": 0, "position": 31, "parents": [], "genome": "d(66)", "fitness": 3.0}
{"generation": 0, "position": 32, "parents": [], "genome": "a(71,88)", "fitness": 5.0}
{"generation": 0, "position": 33, "parents": [], "genome": "a(5,34)", "fitness": 5.0}
{"generation": 0, "position": 34, "parents": [], "genome": "d(73)", "fitness": 15.0}
{"generation": 0, "position": 35, "parents": [], "genome": "a(29,40)", "fitness": 5.0}
{"generation": 0, "position": 36, "parents": [], "genome": "a(67,64)", "fitness": 3.0}
{"generation": 0, "position": 37, "parents": [], "genome": "a(71,55)", "fitness": 5.0}
{"generation": 0, "position": 38, "parents": [], "genome": "a(65,49)", "fitness": 5.0}
{"generation": 0, "position": 39, "parents": [], "genome": "original", "fitness": 5.0}
{"generation": 1, "position": 0, "parents": [28], "genome": "a(64,73) a(5,67)", "fitness": 5.0}
{"generation": 1, "position": 1, "parents": [28], "genome": "a(64,73) r(73,45)", "fitness": 15.0}
{"generation": 1, "position": 2, "parents": [36, 16], "genome": "a(67,64) d(71)", "fitness": 3.0}
{"generation": 1, "position": 3, "parents": [36, 16], "genome": "a(29,29) a(6,6)", "fitness": 5.0}
{"generation": 1, "position": 4, "parents": [36], "genome": "a(67,64) r(73,63)", "fitness": 3.0}
{"generation": 1, "position": 5, "parents": [16], "genome": "a(29,29) d(66)", "fitness": 3.0}
{"generation": 1, "position": 6, "parents": [36, 14], "genome": "a(67,64) d(73)", "fitness": 3.0}
{"generation": 1, "position": 7, "parents": [36, 14], "genome": "d(65) r(71,55)", "fitness": 0.0}
{"generation": 1, "position": 8, "parents": [36], "genome": "a(67,64) a(65,104)", "fitness": 0.0}
{"generation": 1, "position": 9, "parents": [14], "genome": "d(65) a(72,43)", "fitness": 0.0}
{"generation": 1, "position": 10, "parents": [21], "genome": "a(64,50) a(74,62)", "fitness": 5.0}
{"generation": 1, "position": 11, "parents": [14], "genome": "d(65) r(72,63)", "fitness": 0.0}
{"generation": 1, "position": 12, "parents": [24], "genome": "a(67,73) d(69)", "fitness": 0.0}
{"generation": 1, "position": 13, "parents": [39], "genome": "a(73,40)", "fitness": 5.0}
{"generation": 1, "position": 14, "parents": [35, 36], "genome": "a(29,40) a(35,54)", "fitness": 5.0}
{"generation": 1, "position": 15, "parents": [35, 36], "genome": "a(67,64) a(35,70)", "fitness": 0.0}
{"generation": 1, "position": 16, "parents": [35], "genome": "a(29,40) d(29)", "fitness": 5.0}
{"generation": 1, "position": 17, "parents": [36], "genome": "a(67,64) r(34,91)", "fitness": 15.0}
{"generation": 1, "position": 18, "parents": [19, 8], "genome": "a(69,34) r(71,72)", "fitness": 5.0}
{"generation": 1, "position": 19, "parents": [19, 8], "genome": "a(66,45) d(74)", "fitness": 15.0}
{"generation": 1, "position": 20, "parents": [19], "genome": "a(69,34) a(6,52)", "fitness": 5.0}
{"generation": 1, "position": 21, "parents": [8], "genome": "a(66,45) a(64,56)", "fitness": 5.0}
{"generation": 1, "position": 22, "parents": [39], "genome": "a(74,55)", "fitness": 5.0}
{"generation": 1, "position": 23, "parents": [15], "genome": "d(66) a(73,104)", "fitness": 15.0}
{"generation": 1, "position": 24, "parents": [13, 9], "genome": "r(6,49) d(5)", "fitness": 5.0}
{"generation": 1, "position": 25, "parents": [13, 9], "genome": "r(6,37) r(29,46)", "fitness": 15.0}
{"generation": 1, "position": 26, "parents": [13], "genome": "r(6,49) d(35)", "fitness": 0.0}
{"generation": 1, "position": 27, "parents": [9], "genome": "r(6,37) a(5,55)", "fitness": 15.0}
{"generation": 1, "position": 28, "parents": [30, 21], "genome": "r(34,105) r(6,70)", "fitness": 0.0}
{"generation": 1, "position": 29, "parents": [30, 21], "genome": "a(64,50) a(64,70)", "fitness": 5.0}
{"generation": 1, "position": 30, "parents": [30], "genome": "r(34,105) a(64,72)", "fitness": 5.0}
{"generation": 1, "position": 31, "parents": [21], "genome": "a(64,50) a(67,70)", "fitness": 15.0}
{"generation": 1, "position": 32, "parents": [5, 11], "genome": "a(6,29) d(74)", "fitness": 15.0}
{"generation": 1, "position": 33, "parents": [5, 11], "genome": "d(66) r(65,62)", "fitness": 0.0}
{"generation": 1, "position": 34, "parents": [5], "genome": "a(6,29) d(65)", "fitness": 0.0}
{"generation": 1, "position": 35, "parents": [11], "genome": "d(66) a(29,50)", "fitness": 3.0}
{"generation": 1, "position": 36, "parents": [4], "genome": "a(6,91) a(29,49)", "fitness": 5.0}
{"generation": 1, "position": 37, "parents": [28], "genome": "a(64,73) a(73,62)", "fitness": 5.0}
{"generation": 1, "position": 38, "parents": [25, 10], "genome": "d(69) a(29,52)", "fitness": 0.0}
{"generation": 1, "position": 39, "parents": [25, 10], "genome": "d(72) d(34)", "fitness": 15.0}
{"generation": 1, "position": 40, "parents": [25], "genome": "d(69) a(29,50)", "fitness": 0.0}
{"generation": 1, "position": 41, "parents": [10], "genome": "d(72) r(29,67)", "fitness": 15.0}
{"generation": 1, "position": 42, "parents": [14], "genome": "d(65) a(69,66)", "fitness": 0.0}
{"generation": 1, "position": 43, "parents": [11], "genome": "d(66) a(29,53)", "fitness": 3.0}
{"generation": 1, "position": 44, "parents": [19], "genome": "a(69,34) r(65,76)", "fitness": 0.0}
{"generation": 1, "position": 45, "parents": [36], "genome": "a(67,64) a(5,53)", "fitness": 3.0}
{"generation": 1, "position": 46, "parents": [13], "genome": "r(6,49) r(5,54)", "fitness": 5.0}
{"generation": 1, "position": 47, "parents": [15], "genome": "d(66) d(69)", "fitness": 0.0}
{"generation": 1, "position": 48, "parents": [23], "genome": "r(64,71) a(5,34)", "fitness": 0.0}
{"generation": 1, "position": 49, "parents": [1], "genome": "r(29,57) a(35,43)", "fitness": 5.0}
{"generation": 1, "position": 50, "parents": [18, 38], "genome": "r(29,62) a(74,37)", "fitness": 15.0}
{"generation": 1, "position": 51, "parents": [18, 38], "genome": "a(65,49) r(64,38)", "fitness": 0.0}
{"generation": 1, "position": 52, "parents": [18], "genome": "r(29,62) r(72,55)", "fitness": 0.0}
{"generation": 1, "position": 53, "parents": [38], "genome": "a(65,49) r(73,37)", "fitness": 15.0}
{"generation": 1, "position": 54, "parents": [38], "genome": "a(65,49) r(71,34)", "fitness": 5.0}
{"generation": 1, "position": 55, "parents": [28], "genome": "a(64,73) r(65,71)", "fitness": 0.0}
{"generation": 1, "position": 56, "parents": [39], "genome": "a(29,36)", "fitness": 15.0}
{"generation": 2, "position": 0, "parents": [51], "genome": "a(65,49) r(64,38) d(5)", "fitness": 0.0}
{"generation": 2, "position": 1, "parents": [15], "genome": "a(67,64) a(35,70) d(66)", "fitness": 0.0}
{"generation": 2, "position": 2, "parents": [55], "genome": "a(64,73) r(65,71) a(71,91)", "fitness": 0.0}
{"generation": 2, "position": 3, "parents": [14], "genome": "a(29,40) a(35,54) d(65)", "fitness": 0.0}
{"generation": 2, "position": 4, "parents": [38, 34], "genome": "d(69) a(29,52) a(72,55)", "fitness": 0.0}
{"generation": 2, "position": 5, "parents": [38, 34], "genome": "a(6,29) d(65) r(71,74)", "fitness": 0.0}
{"generation": 2, "position": 6, "parents": [38], "genome": "d(69) a(29,52) d(65)", "fitness": 0.0}
{"generation": 2, "position": 7, "parents": [34], "genome": "a(6,29) d(65) r(66,69)", "fitness": 0.0}
{"generation": 2, "position": 8, "parents": [49, 3], "genome": "r(29,57) a(35,43) a(6,6) r(71,72)", "fitness": 5.0}
{"generation": 2, "position": 9, "parents": [49, 3], "genome": "a(29,29) a(67,74)", "fitness": 1.0}
{"generation": 2, "position": 10, "parents": [49], "genome": "r(29,57) a(35,43) r(74,72)", "fitness": 15.0}
{"generation": 2, "position": 11, "parents": [3], "genome": "a(29,29) a(6,6) d(35)", "fitness": 15.0}
{"generation": 2, "position": 12, "parents": [6, 38], "genome": "a(67,64) d(73) a(29,52) a(34,40)", "fitness": 3.0}
{"generation": 2, "position": 13, "parents": [6, 38], "genome": "d(69) a(72,50)", "fitness": 0.0}
{"generation": 2, "position": 14, "parents": [6], "genome": "a(67,64) d(73) a(72,64)", "fitness": 3.0}
{"generation": 2, "position": 15, "parents": [38], "genome": "d(69) a(29,52) r(6,34)", "fitness": 0.0}
{"generation": 2, "position": 16, "parents": [24], "genome": "r(6,49) d(5) a(29,41)", "fitness": 5.0}
{"generation": 2, "position": 17, "parents": [25], "genome": "r(6,37) r(29,46) r(35,53)", "fitness": 15.0}
{"generation": 2, "position": 18, "parents": [24], "genome": "r(6,49) d(5) d(72)", "fitness": 0.0}
{"generation": 2, "position": 19, "parents": [35], "genome": "d(66) a(29,50) d(29)", "fitness": 3.0}
{"generation": 2, "position": 20, "parents": [21], "genome": "a(66,45) a(64,56) d(6)", "fitness": 0.0}
{"generation": 2, "position": 21, "parents": [37], "genome": "a(64,73) a(73,62) d(6)", "fitness": 0.0}
{"generation": 2, "position": 22, "parents": [11, 48], "genome": "d(65) r(72,63) a(5,34) d(74)", "fitness": 0.0}
{"generation": 2, "position": 23, "parents": [11, 48], "genome": "r(64,71) a(34,53)", "fitness": 0.0}
{"generation": 2, "position": 24, "parents": [11], "genome": "d(65) r(72,63) d(69)", "fitness": 0.0}
{"generation": 2, "position": 25, "parents": [48], "genome": "r(64,71) a(5,34) a(34,63)", "fitness": 0.0}
{"generation": 2, "position": 26, "parents": [36, 34], "genome": "a(6,91) a(29,49) d(65) a(66,45)", "fitness": 0.0}
{"generation": 2, "position": 27, "parents": [36, 34], "genome": "a(6,29) r(65,69)", "fitness": 0.0}
{"generation": 2, "position": 28, "parents": [36], "genome": "a(6,91) a(29,49) a(35,36)", "fitness": 5.0}
{"generation": 2, "position": 29, "parents": [34], "genome": "a(6,29) d(65) r(73,63)", "fitness": 0.0}
{"generation": 2, "position": 30, "parents": [9, 25], "genome": "d(65) r(29,46) d(64)", "fitness": 0.0}
{"generation": 2, "position": 31, "parents": [9, 25], "genome": "r(6,37) a(72,43) d(66)", "fitness": 15.0}
{"generation": 2, "position": 32, "parents": [9], "genome": "d(65) a(72,43) d(66)", "fitness": 0.0}
{"generation": 2, "position": 33, "parents": [25], "genome": "r(6,37) r(29,46) a(35,91)", "fitness": 15.0}
{"generation": 2, "position": 34, "parents": [44], "genome": "a(69,34) r(65,76) a(6,51)", "fitness": 0.0}
{"generation": 2, "position": 35, "parents": [2], "genome": "a(67,64) d(71) r(74,67)", "fitness": 3.0}
{"generation": 2, "position": 36, "parents": [11, 34], "genome": "d(65) r(72,63) d(65) a(73,65)", "fitness": 15.0}
{"generation": 2, "position": 37, "parents": [11, 34], "genome": "a(6,29) d(69)", "fitness": 0.0}
{"generation": 2, "position": 38, "parents": [11], "genome": "d(65) r(72,63) a(66,62)", "fitness": 0.0}
{"generation": 2, "position": 39, "parents": [34], "genome": "a(6,29) d(65) r(6,42)", "fitness": 15.0}
{"generation": 2, "position": 40, "parents": [16], "genome": "a(29,40) d(29) r(65,37)", "fitness": 15.0}
{"generation": 2, "position": 41, "parents": [13], "genome": "a(73,40) r(6,52)", "fitness": 0.0}
{"generation": 2, "position": 42, "parents": [5, 26], "genome": "a(29,29) d(35) d(6)", "fitness": 0.0}
{"generation": 2, "position": 43, "parents": [5, 26], "genome": "r(6,49) d(66) r(34,51)", "fitness": 0.0}
{"generation": 2, "position": 44, "parents": [5], "genome": "a(29,29) d(66) d(71)", "fitness": 3.0}
{"generation": 2, "position": 45, "parents": [26], "genome": "r(6,49) d(35) d(5)", "fitness": 5.0}
{"generation": 2, "position": 46, "parents": [29], "genome": "a(64,50) a(64,70) r(29,42)", "fitness": 5.0}
{"generation": 2, "position": 47, "parents": [8], "genome": "a(67,64) a(65,104) d(65)", "fitness": 0.0}
{"generation": 2, "position": 48, "parents": [26], "genome": "r(6,49) d(35) d(65)", "fitness": 0.0}
{"generation": 2, "position": 49, "parents": [40], "genome": "d(69) a(29,50) r(67,56)", "fitness": 15.0}
{"generation": 2, "position": 50, "parents": [4], "genome": "a(67,64) r(73,63) r(64,91)", "fitness": 0.0}
{"generation": 2, "position": 51, "parents": [21], "genome": "a(66,45) a(64,56) r(34,47)", "fitness": 5.0}
{"generation": 2, "position": 52, "parents": [6], "genome": "a(67,64) d(73) d(5)", "fitness": 3.0}
{"generation": 2, "position": 53, "parents": [8], "genome": "a(67,64) a(65,104) r(71,62)", "fitness": 0.0}
{"generation": 2, "position": 54, "parents": [42], "genome": "d(65) a(69,66) d(6)", "fitness": 0.0}
{"generation": 3, "position": 0, "parents": [23, 5], "genome": "r(64,71) r(29,58)", "fitness": 0.0}
{"generation": 3, "position": 1, "parents": [23, 5], "genome": "a(6,29) d(65) r(71,74) a(34,53) r(5,67)", "fitness": 0.0}
{"generation": 3, "position": 2, "parents": [23], "genome": "r(64,71) a(34,53) a(6,57)", "fitness": 0.0}
{"generation": 3, "position": 3, "parents": [5], "genome": "a(6,29) d(65) r(71,74) r(29,53)", "fitness": 0.0}
{"generation": 3, "position": 4, "parents": [47, 5], "genome": "a(67,64) a(65,104) d(65) d(65) r(71,74) r(72,71)", "fitness": 0.0}
{"generation": 3, "position": 5, "parents": [47, 5], "genome": "a(6,29) r(72,71)", "fitness": 15.0}
{"generation": 3, "position": 6, "parents": [47], "genome": "a(67,64) a(65,104) d(65) d(66)", "fitness": 0.0}
{"generation": 3, "position": 7, "parents": [5], "genome": "a(6,29) d(65) r(71,74) r(74,70)", "fitness": 0.0}
{"generation": 3, "position": 8, "parents": [15], "genome": "d(69) a(29,52) r(6,34) a(65,91)", "fitness": 0.0}
{"generation": 3, "position": 9, "parents": [19], "genome": "d(66) a(29,50) d(29) a(5,56)", "fitness": 15.0}
{"generation": 3, "position": 10, "parents": [7, 1], "genome": "a(6,29) d(66) r(74,67)", "fitness": 15.0}
{"generation": 3, "position": 11, "parents": [7, 1], "genome": "a(67,64) a(35,70) d(65) r(66,69) r(73,74)", "fitness": 0.0}
{"generation": 3, "position": 12, "parents": [7], "genome": "a(6,29) d(65) r(66,69) a(6,50)", "fitness": 0.0}
{"generation": 3, "position": 13, "parents": [1], "genome": "a(67,64) a(35,70) d(66) r(71,64)", "fitness": 0.0}
{"generation": 3, "position": 14, "parents": [22, 23], "genome": "d(65) d(72)", "fitness": 0.0}
{"generation": 3, "position": 15, "parents": [22, 23], "genome": "r(64,71) a(34,53) r(72,63) a(5,34) d(74) r(5,70)", "fitness": 0.0}
{"generation": 3, "position": 16, "parents": [22], "genome": "d(65) r(72,63) a(5,34) d(74) d(35)", "fitness": 15.0}
{"generation": 3, "position": 17, "parents": [23], "genome": "r(64,71) a(34,53) a(34,90)", "fitness": 0.0}
{"generation": 3, "position": 18, "parents": [23], "genome": "r(64,71) a(34,53) d(5)", "fitness": 0.0}
{"generation": 3, "position": 19, "parents": [18], "genome": "r(6,49) d(5) d(72) r(73,105)", "fitness": 0.0}
{"generation": 3, "position": 20, "parents": [18], "genome": "r(6,49) d(5) d(72) r(73,34)", "fitness": 0.0}
{"generation": 3, "position": 21, "parents": [4], "genome": "d(69) a(29,52) a(72,55) a(73,63)", "fitness": 0.0}
{"generation": 3, "position": 22, "parents": [55, 30], "genome": "a(6,29) r(29,46) d(64) r(35,34)", "fitness": 0.0}
{"generation": 3, "position": 23, "parents": [55, 30], "genome": "d(65) d(65) d(74) d(67)", "fitness": 0.0}
{"generation": 3, "position": 24, "parents": [55], "genome": "a(6,29) d(65) d(74) a(64,40)", "fitness": 0.0}
{"generation": 3, "position": 25, "parents": [30], "genome": "d(65) r(29,46) d(64) r(35,90)", "fitness": 15.0}
{"generation": 3, "position": 26, "parents": [1], "genome": "a(67,64) a(35,70) d(66) r(65,50)", "fitness": 0.0}
{"generation": 3, "position": 27, "parents": [2], "genome": "a(64,73) r(65,71) a(71,91) d(74)", "fitness": 0.0}
{"generation": 3, "position": 28, "parents": [28, 54], "genome": "a(6,91) a(29,49) a(69,66) d(6) a(35,63)", "fitness": 15.0}
{"generation": 3, "position": 29, "parents": [28, 54], "genome": "d(65) a(35,36) a(66,88)", "fitness": 0.0}
{"generation": 3, "position": 30, "parents": [28], "genome": "a(6,91) a(29,49) a(35,36) d(29)", "fitness": 5.0}
{"generation": 3, "position": 31, "parents": [54], "genome": "d(65) a(69,66) d(6) a(72,50)", "fitness": 0.0}
{"generation": 3, "position": 32, "parents": [4, 28], "genome": "d(69) d(5)", "fitness": 0.0}
{"generation": 3, "position": 33, "parents": [4, 28], "genome": "a(6,91) a(29,49) a(35,36) a(29,52) a(72,55) a(71,55)", "fitness": 5.0}
{"generation": 3, "position": 34, "parents": [4], "genome": "d(69) a(29,52) a(72,55) d(66)", "fitness": 0.0}
{"generation": 3, "position": 35, "parents": [28], "genome": "a(6,91) a(29,49) a(35,36) d(64)", "fitness": 0.0}
{"generation": 3, "position": 36, "parents": [53, 5], "genome": "a(67,64) a(65,104) r(64,67)", "fitness": 0.0}
{"generation": 3, "position": 37, "parents": [53, 5], "genome": "a(6,29) d(65) r(71,74) r(71,62) r(64,65)", "fitness": 0.0}
{"generation": 3, "position": 38, "parents": [53], "genome": "a(67,64) a(65,104) r(71,62) a(73,67)", "fitness": 0.0}
{"generation": 3, "position": 39, "parents": [5], "genome": "a(6,29) d(65) r(71,74) d(6)", "fitness": 0.0}
{"generation": 3, "position": 40, "parents": [30], "genome": "d(65) r(29,46) d(64) r(5,51)", "fitness": 0.0}
{"generation": 3, "position": 41, "parents": [20], "genome": "a(66,45) a(64,56) d(6) a(34,38)", "fitness": 0.0}
{"generation": 3, "position": 42, "parents": [37, 48], "genome": "a(6,29) d(69) d(35) d(65) r(74,52)", "fitness": 15.0}
{"generation": 3, "position": 43, "parents": [37, 48], "genome": "r(6,49) r(29,56)", "fitness": 0.0}
{"generation": 3, "position": 44, "parents": [37], "genome": "a(6,29) d(69) a(34,71)", "fitness": 0.0}
{"generation": 3, "position": 45, "parents": [48], "genome": "r(6,49) d(35) d(65) a(69,99)", "fitness": 0.0}
{"generation": 3, "position": 46, "parents": [18, 38], "genome": "r(6,49) a(66,62) d(5)", "fitness": 5.0}
{"generation": 3, "position": 47, "parents": [18, 38], "genome": "d(65) r(72,63) d(5) d(72) d(69)", "fitness": 0.0}
{"generation": 3, "position": 48, "parents": [18], "genome": "r(6,49) d(5) d(72) r(64,75)", "fitness": 0.0}
{"generation": 3, "position": 49, "parents": [38], "genome": "d(65) r(72,63) a(66,62) r(73,105)", "fitness": 0.0}
{"generation": 3, "position": 50, "parents": [20], "genome": "a(66,45) a(64,56) d(6) d(5)", "fitness": 5.0}
{"generation": 3, "position": 51, "parents": [34], "genome": "a(69,34) r(65,76) a(6,51) d(29)", "fitness": 0.0}
{"generation": 3, "position": 52, "parents": [2, 38], "genome": "a(64,73) r(65,71) a(66,62) r(34,5)", "fitness": 0.0}
{"generation": 3, "position": 53, "parents": [2, 38], "genome": "d(65) r(72,63) a(71,91) d(29)", "fitness": 0.0}
{"generation": 3, "position": 54, "parents": [2], "genome": "a(64,73) r(65,71) a(71,91) r(5,52)", "fitness": 0.0}
{"generation": 3, "position": 55, "parents": [38], "genome": "d(65) r(72,63) a(66,62) r(35,99)", "fitness": 15.0}
{"generation": 3, "position": 56, "parents": [45], "genome": "r(6,49) d(35) d(5) a(67,43)", "fitness": 5.0}
{"generation": 3, "position": 57, "parents": [51], "genome": "a(66,45) a(64,56) r(34,47) d(35)", "fitness": 15.0}
{"generation": 3, "position": 58, "parents": [41], "genome": "a(73,40) r(6,52) r(29,36)", "fitness": 0.0}
{"generation": 3, "position": 59, "parents": [7], "genome": "a(6,29) d(65) r(66,69) a(5,51)", "fitness": 0.0}
{"generation": 3, "position": 60, "parents": [50], "genome": "a(67,64) r(73,63) r(64,91) r(6,88)", "fitness": 0.0}
{"generation": 4, "position": 0, "parents": [49], "genome": "d(65) r(72,63) a(66,62) r(73,105) d(66)", "fitness": 0.0}
{"generation": 4, "position": 1, "parents": [11], "genome": "a(67,64) a(35,70) d(65) r(66,69) r(73,74) a(72,40)", "fitness": 0.0}
{"generation": 4, "position": 2, "parents": [31, 22], "genome": "d(65) r(29,104)", "fitness": 15.0}
{"generation": 4, "position": 3, "parents": [31, 22], "genome": "a(6,29) r(29,46) d(64) r(35,34) a(69,66) d(6) a(72,50) r(5,38)", "fitness": 15.0}
{"generation": 4, "position": 4, "parents": [31], "genome": "d(65) a(69,66) d(6) a(72,50) a(66,65)", "fitness": 0.0}
{"generation": 4, "position": 5, "parents": [22], "genome": "a(6,29) r(29,46) d(64) r(35,34) a(5,91)", "fitness": 15.0}
{"generation": 4, "position": 6, "parents": [31, 61], "genome": "d(65) a(69,66) d(6) a(6,51) a(66,104) a(69,75)", "fitness": 0.0}
{"generation": 4, "position": 7, "parents": [31, 61], "genome": "a(69,34) r(65,76) a(72,50) d(73)", "fitness": 0.0}
{"generation": 4, "position": 8, "parents": [31], "genome": "d(65) a(69,66) d(6) a(72,50) d(66)", "fitness": 0.0}
{"generation": 4, "position": 9, "parents": [61], "genome": "a(69,34) r(65,76) a(6,51) a(66,104) r(6,58)", "fitness": 0.0}
{"generation": 4, "position": 10, "parents": [44, 31], "genome": "a(6,29) d(69) d(6) a(72,50) r(64,90)", "fitness": 0.0}
{"generation": 4, "position": 11, "parents": [44, 31], "genome": "d(65) a(69,66) a(34,71) r(73,91)", "fitness": 0.0}
{"generation": 4, "position": 12, "parents": [44], "genome": "a(6,29) d(69) a(34,71) d(29)", "fitness": 0.0}
{"generation": 4, "position": 13, "parents": [31], "genome": "d(65) a(69,66) d(6) a(72,50) a(67,91)", "fitness": 0.0}
{"generation": 4, "position": 14, "parents": [26, 17], "genome": "a(67,64) a(34,53) a(34,90) a(72,64)", "fitness": 3.0}
{"generation": 4, "position": 15, "parents": [26, 17], "genome": "r(64,71) a(35,70) d(66) r(65,50) a(35,47)", "fitness": 0.0}
{"generation": 4, "position": 16, "parents": [26], "genome": "a(67,64) a(35,70) d(66) r(65,50) d(6)", "fitness": 0.0}
{"generation": 4, "position": 17, "parents": [17], "genome": "r(64,71) a(34,53) a(34,90) r(5,71)", "fitness": 0.0}
{"generation": 4, "position": 18, "parents": [38], "genome": "a(67,64) a(65,104) r(71,62) a(73,67) d(34)", "fitness": 0.0}
{"generation": 4, "position": 19, "parents": [50], "genome": "a(66,45) a(64,56) d(6) d(5) d(71)", "fitness": 5.0}
{"generation": 4, "position": 20, "parents": [40], "genome": "d(65) r(29,46) d(64) r(5,51) r(35,91)", "fitness": 0.0}
{"generation": 4, "position": 21, "parents": [49], "genome": "d(65) r(72,63) a(66,62) r(73,105) r(29,49)", "fitness": 0.0}
{"generation": 4, "position": 22, "parents": [7, 38], "genome": "a(6,29) d(65) a(73,67) d(72)", "fitness": 0.0}
{"generation": 4, "position": 23, "parents": [7, 38], "genome": "a(67,64) a(65,104) r(71,62) r(71,74) r(74,70) a(6,99)", "fitness": 0.0}
{"generation": 4, "position": 24, "parents": [7], "genome": "a(6,29) d(65) r(71,74) r(74,70) d(73)", "fitness": 0.0}
{"generation": 4, "position": 25, "parents": [38], "genome": "a(67,64) a(65,104) r(71,62) a(73,67) r(72,104)", "fitness": 0.0}
{"generation": 4, "position": 26, "parents": [2], "genome": "r(64,71) a(34,53) a(6,57) r(29,44)", "fitness": 15.0}
{"generation": 4, "position": 27, "parents": [36], "genome": "a(67,64) a(65,104) r(64,67) d(34)", "fitness": 0.0}
{"generation": 4, "position": 28, "parents": [11, 24], "genome": "a(67,64) a(35,70) d(65) d(74) a(64,40) r(34,39)", "fitness": 5.0}
{"generation": 4, "position": 29, "parents": [11, 24], "genome": "a(6,29) d(65) r(66,69) r(73,74) d(64)", "fitness": 0.0}
{"generation": 4, "position": 30, "parents": [11], "genome": "a(67,64) a(35,70) d(65) r(66,69) r(73,74) a(5,70)", "fitness": 0.0}
{"generation": 4, "position": 31, "parents": [24], "genome": "a(6,29) d(65) d(74) a(64,40) d(35)", "fitness": 15.0}
{"generation": 4, "position": 32, "parents": [26], "genome": "a(67,64) a(35,70) d(66) r(65,50) d(34)", "fitness": 0.0}
{"generation": 4, "position": 33, "parents": [49], "genome": "d(65) r(72,63) a(66,62) r(73,105) r(66,40)", "fitness": 0.0}
{"generation": 4, "position": 34, "parents": [17, 0], "genome": "r(64,71) a(34,53) r(29,58) r(5,62)", "fitness": 0.0}
{"generation": 4, "position": 35, "parents": [17, 0], "genome": "r(64,71) a(34,90) a(29,38)", "fitness": 0.0}
{"generation": 4, "position": 36, "parents": [17], "genome": "r(64,71) a(34,53) a(34,90) r(29,54)", "fitness": 0.0}
{"generation": 4, "position": 37, "parents": [0], "genome": "r(64,71) r(29,58) a(6,46)", "fitness": 0.0}
{"generation": 4, "position": 38, "parents": [48], "genome": "r(6,49) d(5) d(72) r(64,75) d(34)", "fitness": 0.0}
{"generation": 4, "position": 39, "parents": [47], "genome": "d(65) r(72,63) d(5) d(72) d(69) d(64)", "fitness": 0.0}
{"generation": 4, "position": 40, "parents": [37, 11], "genome": "a(6,29) d(65) r(71,74) r(71,62) r(73,74) r(66,76)", "fitness": 0.0}
{"generation": 4, "position": 41, "parents": [37, 11], "genome": "a(67,64) a(35,70) d(65) r(66,69) r(64,65) d(29)", "fitness": 0.0}
{"generation": 4, "position": 42, "parents": [37], "genome": "a(6,29) d(65) r(71,74) r(71,62) r(64,65) a(35,52)", "fitness": 0.0}
{"generation": 4, "position": 43, "parents": [11], "genome": "a(67,64) a(35,70) d(65) r(66,69) r(73,74) d(72)", "fitness": 0.0}
{"generation": 4, "position": 44, "parents": [43], "genome": "r(6,49) r(29,56) r(73,45)", "fitness": 0.0}
{"generation": 4, "position": 45, "parents": [59], "genome": "a(6,29) d(65) r(66,69) a(5,51) a(74,88)", "fitness": 0.0}
{"generation": 4, "position": 46, "parents": [53], "genome": "d(65) r(72,63) a(71,91) d(29) d(64)", "fitness": 0.0}
{"generation": 4, "position": 47, "parents": [61], "genome": "a(69,34) r(65,76) a(6,51) a(66,104) a(29,34)", "fitness": 0.0}
{"generation": 4, "position": 48, "parents": [54], "genome": "a(64,73) r(65,71) a(71,91) r(5,52) a(73,44)", "fitness": 0.0}
{"generation": 4, "position": 49, "parents": [8], "genome": "d(69) a(29,52) r(6,34) a(65,91) a(65,50)", "fitness": 0.0}
{"generation": 4, "position": 50, "parents": [6, 21], "genome": "a(67,64) a(72,55) a(73,63) d(66)", "fitness": 3.0}
{"generation": 4, "position": 51, "parents": [6, 21], "genome": "d(69) a(29,52) a(65,104) d(65) d(66) d(73)", "fitness": 0.0}
{"generation": 4, "position": 52, "parents": [6], "genome": "a(67,64) a(65,104) d(65) d(66) d(6)", "fitness": 0.0}
{"generation": 4, "position": 53, "parents": [21], "genome": "d(69) a(29,52) a(72,55) a(73,63) r(34,5)", "fitness": 0.0}
{"generation": 4, "position": 54, "parents": [20, 4], "genome": "r(6,49) d(5) r(72,71) d(66)", "fitness": 0.0}
{"generation": 4, "position": 55, "parents": [20, 4], "genome": "a(67,64) a(65,104) d(65) d(65) r(71,74) d(72) r(73,34) d(29)", "fitness": 0.0}
{"generation": 4, "position": 56, "parents": [20], "genome": "r(6,49) d(5) d(72) r(73,34) a(69,52)", "fitness": 0.0}
{"generation": 4, "position": 57, "parents": [4], "genome": "a(67,64) a(65,104) d(65) d(65) r(71,74) r(72,71) a(69,76)", "fitness": 0.0}
{"generation": 4, "position": 58, "parents": [26], "genome": "a(67,64) a(35,70) d(66) r(65,50) d(74)", "fitness": 0.0}
{"generation": 5, "position": 0, "parents": [1, 16], "genome": "a(67,64) a(35,70) d(65) r(66,69) r(73,74) r(65,50) d(6) r(72,44)", "fitness": 0.0}
{"generation": 5, "position": 1, "parents": [1, 16], "genome": "a(67,64) a(35,70) d(66) a(72,40) a(72,75)", "fitness": 0.0}
{"generation": 5, "position": 2, "parents": [1], "genome": "a(67,64) a(35,70) d(65) r(66,69) r(73,74) a(72,40) d(74)", "fitness": 0.0}
{"generation": 5, "position": 3, "parents": [16], "genome": "a(67,64) a(35,70) d(66) r(65,50) d(6) a(5,5)", "fitness": 0.0}
{"generation": 5, "position": 4, "parents": [39, 35], "genome": "d(65) r(72,63) d(5) d(72) d(69) a(29,38) r(29,42)", "fitness": 0.0}
{"generation": 5, "position": 5, "parents": [39, 35], "genome": "r(64,71) a(34,90) d(64) r(34,45)", "fitness": 0.0}
{"generation": 5, "position": 6, "parents": [39], "genome": "d(65) r(72,63) d(5) d(72) d(69) d(64) r(29,37)", "fitness": 15.0}
{"generation": 5, "position": 7, "parents": [35], "genome": "r(64,71) a(34,90) a(29,38) d(35)", "fitness": 15.0}
{"generation": 5, "position": 8, "parents": [38, 15], "genome": "r(6,49) d(5) d(72) r(64,75) d(34) d(66) r(65,50) a(35,47) r(35,55)", "fitness": 0.0}
{"generation": 5, "position": 9, "parents": [38, 15], "genome": "r(64,71) a(35,70) d(35)", "fitness": 0.0}
{"generation": 5, "position": 10, "parents": [38], "genome": "r(6,49) d(5) d(72) r(64,75) d(34) r(35,53)", "fitness": 15.0}
{"generation": 5, "position": 11, "parents": [15], "genome": "r(64,71) a(35,70) d(66) r(65,50) a(35,47) a(34,49)", "fitness": 0.0}
{"generation": 5, "position": 12, "parents": [56], "genome": "r(6,49) d(5) d(72) r(73,34) a(69,52) r(74,49)", "fitness": 15.0}
{"generation": 5, "position": 13, "parents": [45], "genome": "a(6,29) d(65) r(66,69) a(5,51) a(74,88) a(6,52)", "fitness": 0.0}
{"generation": 5, "position": 14, "parents": [41], "genome": "a(67,64) a(35,70) d(65) r(66,69) r(64,65) d(29) r(5,47)", "fitness": 0.0}
{"generation": 5, "position": 15, "parents": [20], "genome": "d(65) r(29,46) d(64) r(5,51) r(35,91)", "fitness": 0.0}
{"generation": 5, "position": 16, "parents": [42], "genome": "a(6,29) d(65) r(71,74) r(71,62) r(64,65) a(35,52) r(6,63)", "fitness": 0.0}
{"generation": 5, "position": 17, "parents": [55], "genome": "a(67,64) a(65,104) d(65) d(65) r(71,74) d(72) r(73,34) d(29) r(5,88)", "fitness": 0.0}
{"generation": 5, "position": 18, "parents": [15, 44], "genome": "r(64,71) a(35,70) r(35,67)", "fitness": 0.0}
{"generation": 5, "position": 19, "parents": [15, 44], "genome": "r(6,49) r(29,56) r(73,45) d(66) r(65,50) a(35,47) r(64,75)", "fitness": 0.0}
{"generation": 5, "position": 20, "parents": [15], "genome": "r(64,71) a(35,70) d(66) r(65,50) a(35,47) d(6)", "fitness": 0.0}
{"generation": 5, "position": 21, "parents": [44], "genome": "r(6,49) r(29,56) r(73,45) r(64,88)", "fitness": 0.0}
{"generation": 5, "position": 22, "parents": [0, 37], "genome": "d(65) r(29,58) a(6,46) r(72,56)", "fitness": 15.0}
{"generation": 5, "position": 23, "parents": [0, 37], "genome": "r(64,71) r(72,63) a(66,62) r(73,105) d(66) a(35,53)", "fitness": 0.0}
{"generation": 5, "position": 24, "parents": [0], "genome": "d(65) r(72,63) a(66,62) r(73,105) d(66) d(71)", "fitness": 0.0}
{"generation": 5, "position": 25, "parents": [37], "genome": "r(64,71) r(29,58) a(6,46) d(6)", "fitness": 0.0}
{"generation": 5, "position": 26, "parents": [46], "genome": "d(65) r(72,63) a(71,91) d(29) d(64) d(35)", "fitness": 0.0}
{"generation": 5, "position": 27, "parents": [38], "genome": "r(6,49) d(5) d(72) r(64,75) d(34) r(29,63)", "fitness": 0.0}
{"generation": 5, "position": 28, "parents": [37, 44], "genome": "r(64,71) r(29,58) a(6,46) r(73,45) d(5)", "fitness": 0.0}
{"generation": 5, "position": 29, "parents": [37, 44], "genome": "r(6,49) r(29,56) r(73,45)", "fitness": 0.0}
{"generation": 5, "position": 30, "parents": [37], "genome": "r(64,71) r(29,58) a(6,46) r(5,57)", "fitness": 0.0}
{"generation": 5, "position": 31, "parents": [44], "genome": "r(6,49) r(29,56) r(73,45) d(65)", "fitness": 0.0}
{"generation": 5, "position": 32, "parents": [58, 8], "genome": "a(67,64) a(69,66) d(6) a(72,50) d(66) d(29)", "fitness": 0.0}
{"generation": 5, "position": 33, "parents": [58, 8], "genome": "d(65) a(35,70) d(66) r(65,50) d(74) r(64,55)", "fitness": 0.0}
{"generation": 5, "position": 34, "parents": [58], "genome": "a(67,64) a(35,70) d(66) r(65,50) d(74) a(29,58)", "fitness": 0.0}
{"generation": 5, "position": 35, "parents": [8], "genome": "d(65) a(69,66) d(6) a(72,50) d(66) d(72)", "fitness": 0.0}
{"generation": 5, "position": 36, "parents": [45], "genome": "a(6,29) d(65) r(66,69) a(5,51) a(74,88) d(74)", "fitness": 0.0}
{"generation": 5, "position": 37, "parents": [46], "genome": "d(65) r(72,63) a(71,91) d(29) d(64) d(35)", "fitness": 0.0}
{"generation": 5, "position": 38, "parents": [49], "genome": "d(69) a(29,52) r(6,34) a(65,91) a(65,50) r(65,90)", "fitness": 0.0}
{"generation": 5, "position": 39, "parents": [44], "genome": "r(6,49) r(29,56) r(73,45) r(35,53)", "fitness": 0.0}
{"generation": 5, "position": 40, "parents": [38], "genome": "r(6,49) d(5) d(72) r(64,75) d(34) a(29,53)", "fitness": 0.0}
{"generation": 5, "position": 41, "parents": [33], "genome": "d(65) r(72,63) a(66,62) r(73,105) r(66,40) a(6,54)", "fitness": 0.0}
{"generation": 5, "position": 42, "parents": [42, 20], "genome": "a(6,29) d(65) r(71,74) r(71,62) r(64,65) a(35,52) r(29,46) d(64) r(5,51) r(35,91)", "fitness": 0.0}
{"generation": 5, "position": 43, "parents": [42, 20], "genome": "d(65) r(6,47)", "fitness": 0.0}
{"generation": 5, "position": 44, "parents": [42], "genome": "a(6,29) d(65) r(71,74) r(71,62) r(64,65) a(35,52) a(5,53)", "fitness": 0.0}
{"generation": 5, "position": 45, "parents": [20], "genome": "d(65) r(29,46) d(64) r(5,51) r(35,91)", "fitness": 0.0}
{"generation": 5, "position": 46, "parents": [51], "genome": "d(69) a(29,52) a(65,104) d(65) d(66) d(73) a(35,34)", "fitness": 0.0}
{"generation": 5, "position": 47, "parents": [20], "genome": "d(65) r(29,46) d(64) r(5,51) r(35,91)", "fitness": 0.0}
{"generation": 5, "position": 48, "parents": [46], "genome": "d(65) r(72,63) a(71,91) d(29) d(64) a(5,58)", "fitness": 0.0}
{"generation": 5, "position": 49, "parents": [10], "genome": "a(6,29) d(69) d(6) a(72,50) r(64,90) d(34)", "fitness": 0.0}
{"generation": 5, "position": 50, "parents": [45, 21], "genome": "a(6,29) d(65) r(66,69) r(73,105) r(29,49) a(35,63)", "fitness": 0.0}
{"generation": 5, "position": 51, "parents": [45, 21], "genome": "d(65) r(72,63) a(66,62) a(5,51) a(74,88) r(71,90)", "fitness": 0.0}
{"generation": 5, "position": 52, "parents": [45], "genome": "a(6,29) d(65) r(66,69) a(5,51) a(74,88) a(35,39)", "fitness": 0.0}
{"generation": 5, "position": 53, "parents": [21], "genome": "d(65) r(72,63) a(66,62) r(73,105) r(29,49) a(74,43)", "fitness": 0.0}
{"generation": 5, "position": 54, "parents": [55], "genome": "a(67,64) a(65,104) d(65) d(65) r(71,74) d(72) r(73,34) d(29) a(64,37)", "fitness": 0.0}
{"generation": 5, "position": 55, "parents": [44], "genome": "r(6,49) r(29,56) r(73,45) a(69,63)", "fitness": 0.0}
{"generation": 5, "position": 56, "parents": [42, 17], "genome": "a(6,29) d(65) r(5,71) a(64,52)", "fitness": 0.0}
{"generation": 5, "position": 57, "parents": [42, 17], "genome": "r(64,71) a(34,53) a(34,90) r(71,74) r(71,62) r(64,65) a(35,52) r(6,37)", "fitness": 15.0}
{"generation": 5, "position": 58, "parents": [42], "genome": "a(6,29) d(65) r(71,74) r(71,62) r(64,65) a(35,52) r(5,54)", "fitness": 0.0}
{"generation": 6, "position": 0, "parents": [31, 42], "genome": "r(6,49) r(29,56) r(5,51) r(35,91) r(71,44)", "fitness": 15.0}
{"generation": 6, "position": 1, "parents": [31, 42], "genome": "a(6,29) d(65) r(71,74) r(71,62) r(64,65) a(35,52) r(29,46) d(64) r(73,45) d(65) a(6,57)", "fitness": 0.0}
{"generation": 6, "position": 2, "parents": [31], "genome": "r(6,49) r(29,56) r(73,45) d(65) r(72,44)", "fitness": 0.0}
{"generation": 6, "position": 3, "parents": [42], "genome": "a(6,29) d(65) r(71,74) r(71,62) r(64,65) a(35,52) r(29,46) d(64) r(5,51) r(35,91)", "fitness": 0.0}
{"generation": 6, "position": 4, "parents": [26], "genome": "d(65) r(72,63) a(71,91) d(29) d(64) d(35) a(6,37)", "fitness": 0.0}
{"generation": 6, "position": 5, "parents": [1], "genome": "a(67,64) a(35,70) d(66) a(72,40) a(72,75) a(65,65)", "fitness": 0.0}
{"generation": 6, "position": 6, "parents": [3], "genome": "a(67,64) a(35,70) d(66) r(65,50) d(6) a(5,5) a(35,45)", "fitness": 0.0}
{"generation": 6, "position": 7, "parents": [14], "genome": "a(67,64) a(35,70) d(65) r(66,69) r(64,65) d(29) r(5,47) d(35)", "fitness": 0.0}
{"generation": 6, "position": 8, "parents": [53], "genome": "d(65) r(72,63) a(66,62) r(73,105) r(29,49) a(74,43) r(69,65)", "fitness": 0.0}
{"generation": 6, "position": 9, "parents": [55], "genome": "r(6,49) r(29,56) r(73,45) a(69,63) a(74,76)", "fitness": 0.0}
{"generation": 6, "position": 10, "parents": [42, 9], "genome": "a(6,29) d(65) r(71,74) r(71,62) r(64,65) a(5,50)", "fitness": 0.0}
{"generation": 6, "position": 11, "parents": [42, 9], "genome": "r(64,71) a(35,70) d(35) a(35,52) r(29,46) d(64) r(5,51) r(35,91)", "fitness": 0.0}
{"generation": 6, "position": 12, "parents": [42], "genome": "a(6,29) d(65) r(71,74) r(71,62) r(64,65) a(35,52) r(29,46) d(64) r(5,51) r(35,91)", "fitness": 0.0}
{"generation": 6, "position": 13, "parents": [9], "genome": "r(64,71) a(35,70) d(35) d(5)", "fitness": 0.0}
{"generation": 6, "position": 14, "parents": [58, 39], "genome": "a(6,29) d(65) r(71,74) r(35,53) r(29,58)", "fitness": 0.0}
{"generation": 6, "position": 15, "parents": [58, 39], "genome": "r(6,49) r(29,56) r(73,45) r(71,62) r(64,65) a(35,52) r(5,54) r(35,53)", "fitness": 15.0}
{"generation": 6, "position": 16, "parents": [58], "genome": "a(6,29) d(65) r(71,74) r(71,62) r(64,65) a(35,52) r(5,54) a(34,43)", "fitness": 0.0}
{"generation": 6, "position": 17, "parents": [39], "genome": "r(6,49) r(29,56) r(73,45) r(35,53) a(5,55)", "fitness": 0.0}
{"generation": 6, "position": 18, "parents": [44], "genome": "a(6,29) d(65) r(71,74) r(71,62) r(64,65) a(35,52) a(5,53) r(34,52)", "fitness": 0.0}
{"generation": 6, "position": 19, "parents": [32], "genome": "a(67,64) a(69,66) d(6) a(72,50) d(66) d(29) d(35)", "fitness": 0.0}
{"generation": 6, "position": 20, "parents": [5, 26], "genome": "r(64,71) a(34,90) d(64) r(34,45) d(29) d(64) d(35) d(6)", "fitness": 0.0}
{"generation": 6, "position": 21, "parents": [5, 26], "genome": "d(65) r(72,63) a(71,91) d(74)", "fitness": 0.0}
{"generation": 6, "position": 22, "parents": [5], "genome": "r(64,71) a(34,90) d(64) r(34,45) a(35,49)", "fitness": 0.0}
{"generation": 6, "position": 23, "parents": [26], "genome": "d(65) r(72,63) a(71,91) d(29) d(64) d(35) d(6)", "fitness": 0.0}
{"generation": 6, "position": 24, "parents": [46, 41], "genome": "d(69) a(29,52) a(65,104) d(65) d(66) d(73) a(35,34) r(73,105) r(66,40) a(6,54) d(72)", "fitness": 0.0}
{"generation": 6, "position": 25, "parents": [46, 41], "genome": "d(65) r(72,63) a(66,62) r(74,88)", "fitness": 0.0}
{"generation": 6, "position": 26, "parents": [46], "genome": "d(69) a(29,52) a(65,104) d(65) d(66) d(73) a(35,34) r(35,51)", "fitness": 0.0}
{"generation": 6, "position": 27, "parents": [41], "genome": "d(65) r(72,63) a(66,62) r(73,105) r(66,40) a(6,54) a(69,104)", "fitness": 0.0}
{"generation": 6, "position": 28, "parents": [20, 28], "genome": "r(64,71) a(35,70) d(66) r(65,50) a(35,47) d(6) r(29,58) a(6,46) r(73,45) d(5) d(35)", "fitness": 0.0}
{"generation": 6, "position": 29, "parents": [20, 28], "genome": "r(64,71) r(29,35)", "fitness": 0.0}
{"generation": 6, "position": 30, "parents": [20], "genome": "r(64,71) a(35,70) d(66) r(65,50) a(35,47) d(6) d(5)", "fitness": 0.0}
{"generation": 6, "position": 31, "parents": [28], "genome": "r(64,71) r(29,58) a(6,46) r(73,45) d(5) a(35,52)", "fitness": 0.0}
{"generation": 6, "position": 32, "parents": [14, 4], "genome": "a(67,64) a(35,70) d(65) r(66,69) r(64,65) d(29) d(72) d(69) a(29,38) r(29,42) d(35)", "fitness": 0.0}
{"generation": 6, "position": 33, "parents": [14, 4], "genome": "d(65) r(72,63) d(5) r(5,47) d(67)", "fitness": 0.0}
{"generation": 6, "position": 34, "parents": [14], "genome": "a(67,64) a(35,70) d(65) r(66,69) r(64,65) d(29) r(5,47) a(35,56)", "fitness": 15.0}
{"generation": 6, "position": 35, "parents": [4], "genome": "d(65) r(72,63) d(5) d(72) d(69) a(29,38) r(29,42) a(64,40)", "fitness": 0.0}
{"generation": 6, "position": 36, "parents": [53, 54], "genome": "d(65) r(72,63) a(64,37) a(66,37)", "fitness": 15.0}
{"generation": 6, "position": 37, "parents": [53, 54], "genome": "a(67,64) a(65,104) d(65) d(65) r(71,74) d(72) r(73,34) d(29) a(66,62) r(73,105) r(29,49) a(74,43) d(6)", "fitness": 0.0}
{"generation": 6, "position": 38, "parents": [53], "genome": "d(65) r(72,63) a(66,62) r(73,105) r(29,49) a(74,43) d(6)", "fitness": 0.0}
{"generation": 6, "position": 39, "parents": [54], "genome": "a(67,64) a(65,104) d(65) d(65) r(71,74) d(72) r(73,34) d(29) a(64,37) a(64,38)", "fitness": 0.0}
{"generation": 6, "position": 40, "parents": [37, 33], "genome": "d(65) r(72,63) a(71,91) d(29) a(35,70) d(66) r(65,50) d(74) r(64,55) d(5)", "fitness": 0.0}
{"generation": 6, "position": 41, "parents": [37, 33], "genome": "d(65) d(64) d(35) a(5,46)", "fitness": 0.0}
{"generation": 6, "position": 42, "parents": [37], "genome": "d(65) r(72,63) a(71,91) d(29) d(64) d(35) d(6)", "fitness": 0.0}
{"generation": 6, "position": 43, "parents": [33], "genome": "d(65) a(35,70) d(66) r(65,50) d(74) r(64,55) r(29,53)", "fitness": 0.0}
{"generation": 6, "position": 44, "parents": [20], "genome": "r(64,71) a(35,70) d(66) r(65,50) a(35,47) d(6) r(34,70)", "fitness": 0.0}
{"generation": 6, "position": 45, "parents": [11], "genome": "r(64,71) a(35,70) d(66) r(65,50) a(35,47) a(34,49) r(34,43)", "fitness": 0.0}
{"generation": 6, "position": 46, "parents": [18, 21], "genome": "r(64,71) a(35,70) r(35,67) r(64,88) a(6,50)", "fitness": 0.0}
{"generation": 6, "position": 47, "parents": [18, 21], "genome": "r(6,49) r(29,56) r(73,45) r(5,56)", "fitness": 15.0}
{"generation": 6, "position": 48, "parents": [18], "genome": "r(64,71) a(35,70) r(35,67) d(6)", "fitness": 0.0}
{"generation": 6, "position": 49, "parents": [21], "genome": "r(6,49) r(29,56) r(73,45) r(64,88) d(35)", "fitness": 0.0}
{"generation": 6, "position": 50, "parents": [48], "genome": "d(65) r(72,63) a(71,91) d(29) d(64) a(5,58) a(5,104)", "fitness": 15.0}
{"generation": 6, "position": 51, "parents": [14], "genome": "a(67,64) a(35,70) d(65) r(66,69) r(64,65) d(29) r(5,47) a(35,45)", "fitness": 0.0}
{"generation": 6, "position": 52, "parents": [21, 49], "genome": "r(6,49) r(29,56) r(73,45) r(64,88) r(64,90) d(34) d(35)", "fitness": 0.0}
{"generation": 6, "position": 53, "parents": [21, 49], "genome": "a(6,29) d(69) d(6) a(72,50) a(72,55)", "fitness": 0.0}
{"generation": 6, "position": 54, "parents": [21], "genome": "r(6,49) r(29,56) r(73,45) r(64,88) d(5)", "fitness": 15.0}
{"generation": 6, "position": 55, "parents": [49], "genome": "a(6,29) d(69) d(6) a(72,50) r(64,90) d(34) a(35,76)", "fitness": 0.0}
{"generation": 6, "position": 56, "parents": [2], "genome": "a(67,64) a(35,70) d(65) r(66,69) r(73,74) a(72,40) d(74) r(71,37)", "fitness": 15.0}
{"generation": 6, "position": 57, "parents": [2], "genome": "a(67,64) a(35,70) d(65) r(66,69) r(73,74) a(72,40) d(74) d(71)", "fitness": 0.0}
{"generation": 6, "position": 58, "parents": [42, 47], "genome": "a(6,29) d(65) r(71,74) r(71,62) r(64,65) a(35,52) r(29,46) d(64) r(5,51) r(35,91)", "fitness": 0.0}
{"generation": 6, "position": 59, "parents": [42, 47], "genome": "d(65) r(29,46) d(64) r(5,51) r(35,91)", "fitness": 0.0}
{"generation": 6, "position": 60, "parents": [42], "genome": "a(6,29) d(65) r(71,74) r(71,62) r(64,65) a(35,52) r(29,46) d(64) r(5,51) r(35,91)", "fitness": 0.0}
{"generation": 6, "position": 61, "parents": [47], "genome": "d(65) r(29,46) d(64) r(5,51) r(35,91)", "fitness": 0.0}
{"generation": 6, "position": 62, "parents": [38, 43], "genome": "d(69) a(29,52) r(6,47) d(66)", "fitness": 0.0}
{"generation": 6, "position": 63, "parents": [38, 43], "genome": "d(65) r(6,34) a(65,91) a(65,50) r(65,90) d(69)", "fitness": 0.0}
{"generation": 6, "position": 64, "parents": [38], "genome": "d(69) a(29,52) r(6,34) a(65,91) a(65,50) r(65,90) a(74,52)", "fitness": 0.0}
{"generation": 7, "position": 0, "parents": [4, 48], "genome": "d(65) r(72,63) a(71,91) d(29) d(64) d(35) a(35,70) r(35,67) d(6) r(5,38)", "fitness": 0.0}
{"generation": 7, "position": 1, "parents": [4, 48], "genome": "r(64,71) a(6,37) a(34,39)", "fitness": 0.0}
{"generation": 7, "position": 2, "parents": [4], "genome": "d(65) r(72,63) a(71,91) d(29) d(64) d(35) a(6,37) r(6,44)", "fitness": 15.0}
{"generation": 7, "position": 3, "parents": [48], "genome": "r(64,71) a(35,70) r(35,67) d(6) a(5,37)", "fitness": 0.0}
{"generation": 7, "position": 4, "parents": [2, 37], "genome": "r(6,49) r(29,56) r(73,45) d(65) r(72,44) r(73,105) r(29,49) a(74,43) d(6) r(71,37)", "fitness": 0.0}
{"generation": 7, "position": 5, "parents": [2, 37], "genome": "a(67,64) a(65,104) d(65) d(65) r(71,74) d(72) r(73,34) d(29) a(66,62) d(69)", "fitness": 0.0}
{"generation": 7, "position": 6, "parents": [2], "genome": "r(6,49) r(29,56) r(73,45) d(65) r(72,44) r(64,90)", "fitness": 0.0}
{"generation": 7, "position": 7, "parents": [37], "genome": "a(67,64) a(65,104) d(65) d(65) r(71,74) d(72) r(73,34) d(29) a(66,62) r(73,105) r(29,49) a(74,43) d(6) d(64)", "fitness": 0.0}
{"generation": 7, "position": 8, "parents": [48], "genome": "r(64,71) a(35,70) r(35,67) d(6) r(5,67)", "fitness": 0.0}
{"generation": 7, "position": 9, "parents": [27], "genome": "d(65) r(72,63) a(66,62) r(73,105) r(66,40) a(6,54) a(69,104) d(35)", "fitness": 0.0}
{"generation": 7, "position": 10, "parents": [60], "genome": "a(6,29) d(65) r(71,74) r(71,62) r(64,65) a(35,52) r(29,46) d(64) r(5,51) r(35,91)", "fitness": 0.0}
{"generation": 7, "position": 11, "parents": [48], "genome": "r(64,71) a(35,70) r(35,67) d(6) d(5)", "fitness": 0.0}
{"generation": 7, "position": 12, "parents": [45], "genome": "r(64,71) a(35,70) d(66) r(65,50) a(35,47) a(34,49) r(34,43) r(29,104)", "fitness": 15.0}
{"generation": 7, "position": 13, "parents": [9], "genome": "r(6,49) r(29,56) r(73,45) a(69,63) a(74,76) a(69,99)", "fitness": 0.0}
{"generation": 7, "position": 14, "parents": [58, 11], "genome": "a(6,29) d(65) r(71,74) r(71,62) d(64) r(5,51) r(35,91) r(29,90)", "fitness": 0.0}
{"generation": 7, "position": 15, "parents": [58, 11], "genome": "r(64,71) a(35,70) d(35) a(35,52) r(29,46) r(64,65) a(35,52) r(29,46) d(64) r(5,51) r(35,91)", "fitness": 0.0}
{"generation": 7, "position": 16, "parents": [58], "genome": "a(6,29) d(65) r(71,74) r(71,62) r(64,65) a(35,52) r(29,46) d(64) r(5,51) r(35,91)", "fitness": 0.0}
{"generation": 7, "position": 17, "parents": [11], "genome": "r(64,71) a(35,70) d(35) a(35,52) r(29,46) d(64) r(5,51) r(35,91)", "fitness": 0.0}
{"generation": 7, "position": 18, "parents": [27, 28], "genome": "d(65) r(72,63) a(66,62) r(73,105) r(66,40) a(6,54) a(35,70) d(66) r(65,50) a(35,47) d(6) r(29,58) a(6,46) r(73,45) d(5) d(35) a(69,69)", "fitness": 0.0}
{"generation": 7, "position": 19, "parents": [27, 28], "genome": "r(64,71) a(69,104) a(29,45)", "fitness": 0.0}
{"generation": 7, "position": 20, "parents": [27], "genome": "d(65) r(72,63) a(66,62) r(73,105) r(66,40) a(6,54) a(69,104) a(71,64)", "fitness": 5.0}
{"generation": 7, "position": 21, "parents": [28], "genome": "r(64,71) a(35,70) d(66) r(65,50) a(35,47) d(6) r(29,58) a(6,46) r(73,45) d(5) d(35)", "fitness": 0.0}
{"generation": 7, "position": 22, "parents": [57], "genome": "a(67,64) a(35,70) d(65) r(66,69) r(73,74) a(72,40) d(74) d(71) r(6,105)", "fitness": 0.0}
{"generation": 7, "position": 23, "parents": [28], "genome": "r(64,71) a(35,70) d(66) r(65,50) a(35,47) d(6) r(29,58) a(6,46) r(73,45) d(5) d(35)", "fitness": 0.0}
{"generation": 7, "position": 24, "parents": [51, 39], "genome": "a(67,64) a(35,70) a(64,37) a(64,38) d(73)", "fitness": 0.0}
{"generation": 7, "position": 25, "parents": [51, 39], "genome": "a(67,64) a(65,104) d(65) d(65) r(71,74) d(72) r(73,34) d(29) d(65) r(66,69) r(64,65) d(29) r(5,47) a(35,45) d(35)", "fitness": 0.0}
{"generation": 7, "position": 26, "parents": [51], "genome": "a(67,64) a(35,70) d(65) r(66,69) r(64,65) d(29) r(5,47) a(35,45) d(35)", "fitness": 0.0}
{"generation": 7, "position": 27, "parents": [39], "genome": "a(67,64) a(65,104) d(65) d(65) r(71,74) d(72) r(73,34) d(29) a(64,37) a(64,38) r(69,99)", "fitness": 0.0}
{"generation": 7, "position": 28, "parents": [23], "genome": "d(65) r(72,63) a(71,91) d(29) d(64) d(35) d(6) r(5,41)", "fitness": 15.0}
{"generation": 7, "position": 29, "parents": [14], "genome": "a(6,29) d(65) r(71,74) r(35,53) r(29,58) r(6,34)", "fitness": 0.0}
{"generation": 7, "position": 30, "parents": [33], "genome": "d(65) r(72,63) d(5) r(5,47) d(67) d(73)", "fitness": 0.0}
{"generation": 7, "position": 31, "parents": [25], "genome": "d(65) r(72,63) a(66,62) r(74,88) d(64)", "fitness": 0.0}
{"generation": 7, "position": 32, "parents": [61], "genome": "d(65) r(29,46) d(64) r(5,51) r(35,91)", "fitness": 0.0}
{"generation": 7, "position": 33, "parents": [39], "genome": "a(67,64) a(65,104) d(65) d(65) r(71,74) d(72) r(73,34) d(29) a(64,37) a(64,38) a(5,36)", "fitness": 0.0}
{"generation": 7, "position": 34, "parents": [5, 20], "genome": "a(67,64) d(64) d(35) d(6) a(5,43)", "fitness": 0.0}
{"generation": 7, "position": 35, "parents": [5, 20], "genome": "r(64,71) a(34,90) d(64) r(34,45) d(29) a(35,70) d(66) a(72,40) a(72,75) a(65,65) a(5,40)", "fitness": 0.0}
{"generation": 7, "position": 36, "parents": [5], "genome": "a(67,64) a(35,70) d(66) a(72,40) a(72,75) a(65,65) r(29,90)", "fitness": 0.0}
{"generation": 7, "position": 37, "parents": [20], "genome": "r(64,71) a(34,90) d(64) r(34,45) d(29) d(64) d(35) d(6) a(5,90)", "fitness": 0.0}
{"generation": 7, "position": 38, "parents": [43], "genome": "d(65) a(35,70) d(66) r(65,50) d(74) r(64,55) r(29,53) r(6,99)", "fitness": 0.0}
{"generation": 7, "position": 39, "parents": [42], "genome": "d(65) r(72,63) a(71,91) d(29) d(64) d(35) d(6) d(5)", "fitness": 0.0}
{"generation": 7, "position": 40, "parents": [48, 21], "genome": "r(64,71) a(35,70) a(71,91) d(74) d(5)", "fitness": 0.0}
{"generation": 7, "position": 41, "parents": [48, 21], "genome": "d(65) r(72,63) r(35,67) d(6) d(71)", "fitness": 0.0}
{"generation": 7, "position": 42, "parents": [48], "genome": "r(64,71) a(35,70) r(35,67) d(6) d(29)", "fitness": 0.0}
{"generation": 7, "position": 43, "parents": [21], "genome": "d(65) r(72,63) a(71,91) d(74) d(34)", "fitness": 0.0}
{"generation": 7, "position": 44, "parents": [49], "genome": "r(6,49) r(29,56) r(73,45) r(64,88) d(35) d(5)", "fitness": 15.0}
{"generation": 7, "position": 45, "parents": [11], "genome": "r(64,71) a(35,70) d(35) a(35,52) r(29,46) d(64) r(5,51) r(35,91)", "fitness": 0.0}
{"generation": 7, "position": 46, "parents": [16, 25], "genome": "a(6,29) d(65) r(71,74) r(74,88) d(35)", "fitness": 15.0}
{"generation": 7, "position": 47, "parents": [16, 25], "genome": "d(65) r(72,63) a(66,62) r(71,62) r(64,65) a(35,52) r(5,54) a(34,43) r(35,63)", "fitness": 15.0}
{"generation": 7, "position": 48, "parents": [16], "genome": "a(6,29) d(65) r(71,74) r(71,62) r(64,65) a(35,52) r(5,54) a(34,43) a(34,58)", "fitness": 0.0}
{"generation": 7, "position": 49, "parents": [25], "genome": "d(65) r(72,63) a(66,62) r(74,88) d(6)", "fitness": 0.0}
{"generation": 7, "position": 50, "parents": [60], "genome": "a(6,29) d(65) r(71,74) r(71,62) r(64,65) a(35,52) r(29,46) d(64) r(5,51) r(35,91)", "fitness": 0.0}
{"generation": 7, "position": 51, "parents": [12], "genome": "a(6,29) d(65) r(71,74) r(71,62) r(64,65) a(35,52) r(29,46) d(64) r(5,51) r(35,91)", "fitness": 0.0}
{"generation": 7, "position": 52, "parents": [5], "genome": "a(67,64) a(35,70) d(66) a(72,40) a(72,75) a(65,65) r(34,76)", "fitness": 15.0}
{"generation": 7, "position": 53, "parents": [62], "genome": "d(69) a(29,52) r(6,47) d(66) a(34,50)", "fitness": 0.0}
{"generation": 7, "position": 54, "parents": [4, 48], "genome": "d(65) r(72,63) a(71,91) d(29) a(35,70) r(35,67) d(6) d(64)", "fitness": 0.0}
{"generation": 7, "position": 55, "parents": [4, 48], "genome": "r(64,71) d(64) d(35) a(6,37) a(34,38)", "fitness": 15.0}
{"generation": 7, "position": 56, "parents": [4], "genome": "d(65) r(72,63) a(71,91) d(29) d(64) d(35) a(6,37) d(6)", "fitness": 15.0}
{"generation": 8, "position": 0, "parents": [43, 0], "genome": "d(65) r(72,63) a(71,91) d(74) d(34) d(64) d(35) a(35,70) r(35,67) d(6) r(5,38) d(29)", "fitness": 0.0}
{"generation": 8, "position": 1, "parents": [43, 0], "genome": "d(65) r(72,63) a(71,91) d(29) d(74)", "fitness": 0.0}
{"generation": 8, "position": 2, "parents": [43], "genome": "d(65) r(72,63) a(71,91) d(74) d(34) d(64)", "fitness": 0.0}
{"generation": 8, "position": 3, "parents": [0], "genome": "d(65) r(72,63) a(71,91) d(29) d(64) d(35) a(35,70) r(35,67) d(6) r(5,38)", "fitness": 0.0}
{"generation": 8, "position": 4, "parents": [54], "genome": "d(65) r(72,63) a(71,91) d(29) a(35,70) r(35,67) d(6) d(64) r(5,46)", "fitness": 0.0}
{"generation": 8, "position": 5, "parents": [17], "genome": "r(64,71) a(35,70) d(35) a(35,52) r(29,46) d(64) r(5,51) r(35,91)", "fitness": 0.0}
{"generation": 8, "position": 6, "parents": [31, 46], "genome": "d(65) r(72,63) a(66,62) r(74,88) d(65) r(71,74) r(74,88) d(35) a(5,51)", "fitness": 0.0}
{"generation": 8, "position": 7, "parents": [31, 46], "genome": "a(6,29) d(64) r(6,54)", "fitness": 15.0}
{"generation": 8, "position": 8, "parents": [31], "genome": "d(65) r(72,63) a(66,62) r(74,88) d(64) r(5,104)", "fitness": 15.0}
{"generation": 8, "position": 9, "parents": [46], "genome": "a(6,29) d(65) r(71,74) r(74,88) d(35) d(6)", "fitness": 0.0}
{"generation": 8, "position": 10, "parents": [45, 13], "genome": "r(64,71) a(35,70) d(35) a(35,52) r(29,46) d(64) r(29,56) r(73,45) a(69,63) a(74,76) a(69,99) r(6,29)", "fitness": 0.0}
{"generation": 8, "position": 11, "parents": [45, 13], "genome": "r(6,49) r(5,51) r(35,91) d(34)", "fitness": 5.0}
{"generation": 8, "position": 12, "parents": [45], "genome": "r(64,71) a(35,70) d(35) a(35,52) r(29,46) d(64) r(5,51) r(35,91)", "fitness": 0.0}
{"generation": 8, "position": 13, "parents": [13], "genome": "r(6,49) r(29,56) r(73,45) a(69,63) a(74,76) a(69,99) a(72,66)", "fitness": 0.0}
{"generation": 8, "position": 14, "parents": [39], "genome": "d(65) r(72,63) a(71,91) d(29) d(64) d(35) d(6) d(5)", "fitness": 0.0}
{"generation": 8, "position": 15, "parents": [50], "genome": "a(6,29) d(65) r(71,74) r(71,62) r(64,65) a(35,52) r(29,46) d(64) r(5,51) r(35,91)", "fitness": 0.0}
{"generation": 8, "position": 16, "parents": [53], "genome": "d(69) a(29,52) r(6,47) d(66) a(34,50) r(5,44)", "fitness": 15.0}
{"generation": 8, "position": 17, "parents": [4], "genome": "r(6,49) r(29,56) r(73,45) d(65) r(72,44) r(73,105) r(29,49) a(74,43) d(6) r(71,37) r(64,91)", "fitness": 0.0}
{"generation": 8, "position": 18, "parents": [1], "genome": "r(64,71) a(6,37) a(34,39) r(35,45)", "fitness": 0.0}
{"generation": 8, "position": 19, "parents": [36], "genome": "a(67,64) a(35,70) d(66) a(72,40) a(72,75) a(65,65) r(29,90) r(72,75)", "fitness": 0.0}
{"generation": 8, "position": 20, "parents": [26, 7], "genome": "a(67,64) a(35,70) d(65) r(66,69) r(64,65) d(29) r(5,47) a(35,45) d(29) a(66,62) r(73,105) r(29,49) a(74,43) d(6) d(64) r(35,34)", "fitness": 0.0}
{"generation": 8, "position": 21, "parents": [26, 7], "genome": "a(67,64) a(65,104) d(65) d(65) r(71,74) d(72) r(73,34) d(35) d(66)", "fitness": 15.0}
{"generation": 8, "position": 22, "parents": [26], "genome": "a(67,64) a(35,70) d(65) r(66,69) r(64,65) d(29) r(5,47) a(35,45) d(35)", "fitness": 0.0}
{"generation": 8, "position": 23, "parents": [7], "genome": "a(67,64) a(65,104) d(65) d(65) r(71,74) d(72) r(73,34) d(29) a(66,62) r(73,105) r(29,49) a(74,43) d(6) d(64) r(5,42)", "fitness": 0.0}
{"generation": 8, "position": 24, "parents": [3, 41], "genome": "r(64,71) a(35,70) r(72,63) r(35,67) d(6) d(71) d(34)", "fitness": 0.0}
{"generation": 8, "position": 25, "parents": [3, 41], "genome": "d(65) r(35,67) d(6) a(5,37) a(66,65)", "fitness": 0.0}
{"generation": 8, "position": 26, "parents": [3], "genome": "r(64,71) a(35,70) r(35,67) d(6) a(5,37) r(5,45)", "fitness": 15.0}
{"generation": 8, "position": 27, "parents": [41], "genome": "d(65) r(72,63) r(35,67) d(6) d(71) a(67,40)", "fitness": 0.0}
{"generation": 8, "position": 28, "parents": [42], "genome": "r(64,71) a(35,70) r(35,67) d(6) d(29) r(5,104)", "fitness": 15.0}
{"generation": 8, "position": 29, "parents": [26], "genome": "a(67,64) a(35,70) d(65) r(66,69) r(64,65) d(29) r(5,47) a(35,45) d(35)", "fitness": 0.0}
{"generation": 8, "position": 30, "parents": [34, 50], "genome": "a(67,64) d(64) d(35) d(6) r(71,74) r(71,62) r(64,65) a(35,52) r(29,46) d(64) r(5,51) r(35,91)", "fitness": 0.0}
{"generation": 8, "position": 31, "parents": [34, 50], "genome": "a(6,29) d(65) a(5,43) d(66)", "fitness": 0.0}
{"generation": 8, "position": 32, "parents": [34], "genome": "a(67,64) d(64) d(35) d(6) a(5,43) a(34,105)", "fitness": 0.0}
{"generation": 8, "position": 33, "parents": [50], "genome": "a(6,29) d(65) r(71,74) r(71,62) r(64,65) a(35,52) r(29,46) d(64) r(5,51) r(35,91)", "fitness": 0.0}
{"generation": 8, "position": 34, "parents": [45, 54], "genome": "r(64,71) a(35,70) r(35,67) d(6) d(64) d(5)", "fitness": 0.0}
{"generation": 8, "position": 35, "parents": [45, 54], "genome": "d(65) r(72,63) a(71,91) d(29) a(35,70) d(35) a(35,52) r(29,46) d(64) r(5,51) r(35,91)", "fitness": 0.0}
{"generation": 8, "position": 36, "parents": [45], "genome": "r(64,71) a(35,70) d(35) a(35,52) r(29,46) d(64) r(5,51) r(35,91)", "fitness": 0.0}
{"generation": 8, "position": 37, "parents": [54], "genome": "d(65) r(72,63) a(71,91) d(29) a(35,70) r(35,67) d(6) d(64) a(5,71)", "fitness": 0.0}
{"generation": 8, "position": 38, "parents": [7, 51], "genome": "a(67,64) a(65,104) d(65) d(65) r(71,74) d(72) r(73,34) d(29) a(66,62) r(73,105) r(29,49) a(74,43) r(5,50)", "fitness": 0.0}
{"generation": 8, "position": 39, "parents": [7, 51], "genome": "a(6,29) d(65) r(71,74) r(71,62) r(64,65) a(35,52) r(29,46) d(64) r(5,51) r(35,91) d(6) d(64)", "fitness": 0.0}
{"generation": 8, "position": 40, "parents": [7], "genome": "a(67,64) a(65,104) d(65) d(65) r(71,74) d(72) r(73,34) d(29) a(66,62) r(73,105) r(29,49) a(74,43) d(6) d(64) r(5,53)", "fitness": 0.0}
{"generation": 8, "position": 41, "parents": [51], "genome": "a(6,29) d(65) r(71,74) r(71,62) r(64,65) a(35,52) r(29,46) d(64) r(5,51) r(35,91)", "fitness": 0.0}
{"generation": 8, "position": 42, "parents": [30, 19], "genome": "d(65) r(72,63) a(69,104) a(29,45) d(73)", "fitness": 0.0}
{"generation": 8, "position": 43, "parents": [30, 19], "genome": "r(64,71) d(5) r(5,47) d(67) d(73) a(35,46)", "fitness": 0.0}
{"generation": 8, "position": 44, "parents": [30], "genome": "d(65) r(72,63) d(5) r(5,47) d(67) d(73) a(66,64)", "fitness": 4.0}
{"generation": 8, "position": 45, "parents": [19], "genome": "r(64,71) a(69,104) a(29,45) r(6,38)", "fitness": 0.0}
{"generation": 8, "position": 46, "parents": [25, 53], "genome": "a(67,64) a(65,104) d(65) d(65) r(71,74) d(72) r(73,34) d(29) d(65) r(66,69) d(66) a(34,50) r(74,38)", "fitness": 0.0}
{"generation": 8, "position": 47, "parents": [25, 53], "genome": "d(69) a(29,52) r(6,47) r(64,65) d(29) r(5,47) a(35,45) d(35)", "fitness": 0.0}
{"generation": 8, "position": 48, "parents": [25], "genome": "a(67,64) a(65,104) d(65) d(65) r(71,74) d(72) r(73,34) d(29) d(65) r(66,69) r(64,65) d(29) r(5,47) a(35,45) d(35)", "fitness": 0.0}
{"generation": 8, "position": 49, "parents": [53], "genome": "d(69) a(29,52) r(6,47) d(66) a(34,50) d(72)", "fitness": 0.0}
{"generation": 8, "position": 50, "parents": [43], "genome": "d(65) r(72,63) a(71,91) d(74) d(34) a(35,62)", "fitness": 0.0}
{"generation": 8, "position": 51, "parents": [22], "genome": "a(67,64) a(35,70) d(65) r(66,69) r(73,74) a(72,40) d(74) d(71) r(6,105) d(5)", "fitness": 0.0}
{"generation": 8, "position": 52, "parents": [11], "genome": "r(64,71) a(35,70) r(35,67) d(6) d(5) r(34,54)", "fitness": 15.0}
{"generation": 8, "position": 53, "parents": [31], "genome": "d(65) r(72,63) a(66,62) r(74,88) d(64) d(35)", "fitness": 15.0}
{"generation": 8, "position": 54, "parents": [7], "genome": "a(67,64) a(65,104) d(65) d(65) r(71,74) d(72) r(73,34) d(29) a(66,62) r(73,105) r(29,49) a(74,43) d(6) d(64) r(5,29)", "fitness": 0.0}
{"generation": 8, "position": 55, "parents": [34], "genome": "a(67,64) d(64) d(35) d(6) a(5,43) d(29)", "fitness": 0.0}
{"generation": 8, "position": 56, "parents": [34], "genome": "a(67,64) d(64) d(35) d(6) a(5,43) r(34,44)", "fitness": 0.0}
{"generation": 8, "position": 57, "parents": [6], "genome": "r(6,49) r(29,56) r(73,45) d(65) r(72,44) r(64,90) d(5)", "fitness": 15.0}
{"generation": 8, "position": 58, "parents": [32, 37], "genome": "d(65) r(29,46) d(64) d(64) d(35) d(6) a(5,90) r(5,53)", "fitness": 15.0}
{"generation": 8, "position": 59, "parents": [32, 37], "genome": "r(64,71) a(34,90) d(64) r(34,45) d(29) r(5,51) r(35,91)", "fitness": 0.0}
{"generation": 8, "position": 60, "parents": [32], "genome": "d(65) r(29,46) d(64) r(5,51) r(35,91)", "fitness": 0.0}
{"generation": 9, "position": 0, "parents": [54, 23], "genome": "a(67,64) a(65,104) d(65) d(65) r(71,74) d(72) r(73,34) r(73,105) r(29,49) a(74,43) d(6) d(64) r(5,42) a(35,44)", "fitness": 15.0}
{"generation": 9, "position": 1, "parents": [54, 23], "genome": "a(67,64) a(65,104) d(65) d(65) r(71,74) d(72) r(73,34) d(29) a(66,62) d(29) a(66,62) r(73,105) r(29,49) a(74,43) d(6) d(64) r(5,29) d(35)", "fitness": 0.0}
{"generation": 9, "position": 2, "parents": [54], "genome": "a(67,64) a(65,104) d(65) d(65) r(71,74) d(72) r(73,34) d(29) a(66,62) r(73,105) r(29,49) a(74,43) d(6) d(64) r(5,29) a(35,70)", "fitness": 0.0}
{"generation": 9, "position": 3, "parents": [23], "genome": "a(67,64) a(65,104) d(65) d(65) r(71,74) d(72) r(73,34) d(29) a(66,62) r(73,105) r(29,49) a(74,43) d(6) d(64) r(5,42) d(35)", "fitness": 15.0}
{"generation": 9, "position": 4, "parents": [51], "genome": "a(67,64) a(35,70) d(65) r(66,69) r(73,74) a(72,40) d(74) d(71) r(6,105) d(5) d(72)", "fitness": 0.0}
{"generation": 9, "position": 5, "parents": [24], "genome": "r(64,71) a(35,70) r(72,63) r(35,67) d(6) d(71) d(34) a(29,50)", "fitness": 0.0}
{"generation": 9, "position": 6, "parents": [14, 28], "genome": "d(65) r(72,63) a(71,91) d(29) d(64) d(6) d(29) r(5,104) d(35)", "fitness": 15.0}
{"generation": 9, "position": 7, "parents": [14, 28], "genome": "r(64,71) a(35,70) r(35,67) d(35) d(6) d(5) a(34,44)", "fitness": 15.0}
{"generation": 9, "position": 8, "parents": [14], "genome": "d(65) r(72,63) a(71,91) d(29) d(64) d(35) d(6) d(5)", "fitness": 0.0}
{"generation": 9, "position": 9, "parents": [28], "genome": "r(64,71) a(35,70) r(35,67) d(6) d(29) r(5,104)", "fitness": 15.0}
{"generation": 9, "position": 10, "parents": [47, 61], "genome": "d(69) a(29,52) r(6,47) r(64,65) d(35) d(6) a(5,90) d(5) d(34)", "fitness": 0.0}
{"generation": 9, "position": 11, "parents": [47, 61], "genome": "r(64,71) a(34,90) d(64) r(34,45) d(29) d(64) d(29) r(5,47) a(35,45) d(35)", "fitness": 0.0}
{"generation": 9, "position": 12, "parents": [47], "genome": "d(69) a(29,52) r(6,47) r(64,65) d(29) r(5,47) a(35,45) d(35)", "fitness": 0.0}
{"generation": 9, "position": 13, "parents": [61], "genome": "r(64,71) a(34,90) d(64) r(34,45) d(29) d(64) d(35) d(6) a(5,90) d(5)", "fitness": 0.0}
{"generation": 9, "position": 14, "parents": [58], "genome": "d(65) r(29,46) d(64) d(64) d(35) d(6) a(5,90) r(5,53)", "fitness": 15.0}
{"generation": 9, "position": 15, "parents": [2], "genome": "d(65) r(72,63) a(71,91) d(74) d(34) d(64) a(35,56)", "fitness": 15.0}
{"generation": 9, "position": 16, "parents": [36], "genome": "r(64,71) a(35,70) d(35) a(35,52) r(29,46) d(64) r(5,51) r(35,91)", "fitness": 0.0}
{"generation": 9, "position": 17, "parents": [29], "genome": "a(67,64) a(35,70) d(65) r(66,69) r(64,65) d(29) r(5,47) a(35,45) d(35)", "fitness": 0.0}
{"generation": 9, "position": 18, "parents": [38, 19], "genome": "a(67,64) a(65,104) d(65) d(65) r(71,74) d(72) r(73,34) d(29) a(66,62) r(73,105) r(29,49) a(72,75) a(65,65) r(29,90) r(72,75) a(67,72)", "fitness": 0.0}
{"generation": 9, "position": 19, "parents": [38, 19], "genome": "a(67,64) a(35,70) d(66) a(72,40) a(74,43) r(5,50) a(64,49)", "fitness": 0.0}
{"generation": 9, "position": 20, "parents": [38], "genome": "a(67,64) a(65,104) d(65) d(65) r(71,74) d(72) r(73,34) d(29) a(66,62) r(73,105) r(29,49) a(74,43) r(5,50) d(64)", "fitness": 0.0}
{"generation": 9, "position": 21, "parents": [19], "genome": "a(67,64) a(35,70) d(66) a(72,40) a(72,75) a(65,65) r(29,90) r(72,75) r(5,36)", "fitness": 0.0}
{"generation": 9, "position": 22, "parents": [61, 4], "genome": "r(64,71) a(34,90) d(64) r(34,45) d(29) d(64) r(5,46) a(35,47)", "fitness": 0.0}
{"generation": 9, "position": 23, "parents": [61, 4], "genome": "d(65) r(72,63) a(71,91) d(29) a(35,70) r(35,67) d(6) d(64) d(35) d(6) a(5,90) d(5)", "fitness": 0.0}
{"generation": 9, "position": 24, "parents": [61], "genome": "r(64,71) a(34,90) d(64) r(34,45) d(29) d(64) d(35) d(6) a(5,90) d(5)", "fitness": 0.0}
{"generation": 9, "position": 25, "parents": [4], "genome": "d(65) r(72,63) a(71,91) d(29) a(35,70) r(35,67) d(6) d(64) r(5,46)", "fitness": 0.0}
{"generation": 9, "position": 26, "parents": [34, 6], "genome": "r(64,71) a(35,70) r(35,67) d(6) d(64) d(5) r(74,88) d(65) r(71,74) r(74,88) d(35) a(5,51) a(29,49)", "fitness": 0.0}
{"generation": 9, "position": 27, "parents": [34, 6], "genome": "d(65) r(72,63) a(66,62) d(6)", "fitness": 0.0}
{"generation": 9, "position": 28, "parents": [34], "genome": "r(64,71) a(35,70) r(35,67) d(6) d(64) d(5) a(34,53)", "fitness": 0.0}
{"generation": 9, "position": 29, "parents": [6], "genome": "d(65) r(72,63) a(66,62) r(74,88) d(65) r(71,74) r(74,88) d(35) a(5,51) d(5)", "fitness": 0.0}
{"generation": 9, "position": 30, "parents": [48, 2], "genome": "a(67,64) a(65,104) d(74) d(34) d(64) r(5,40)", "fitness": 0.0}
{"generation": 9, "position": 31, "parents": [48, 2], "genome": "d(65) r(72,63) a(71,91) d(65) d(65) r(71,74) d(72) r(73,34) d(29) d(65) r(66,69) r(64,65) d(29) r(5,47) a(35,45) d(35)", "fitness": 0.0}
{"generation": 9, "position": 32, "parents": [48], "genome": "a(67,64) a(65,104) d(65) d(65) r(71,74) d(72) r(73,34) d(29) d(65) r(66,69) r(64,65) d(29) r(5,47) a(35,45) d(35)", "fitness": 0.0}
{"generation": 9, "position": 33, "parents": [2], "genome": "d(65) r(72,63) a(71,91) d(74) d(34) d(64) d(6)", "fitness": 0.0}
{"generation": 9, "position": 34, "parents": [27, 17], "genome": "d(65) r(72,63) r(72,44) r(73,105) r(29,49) a(74,43) d(6) r(71,37) r(64,91) d(35)", "fitness": 0.0}
{"generation": 9, "position": 35, "parents": [27, 17], "genome": "r(6,49) r(29,56) r(73,45) d(65) r(35,67) d(6) d(71) a(67,40) r(72,74)", "fitness": 0.0}
{"generation": 9, "position": 36, "parents": [27], "genome": "d(65) r(72,63) r(35,67) d(6) d(71) a(67,40) d(5)", "fitness": 0.0}
{"generation": 9, "position": 37, "parents": [17], "genome": "r(6,49) r(29,56) r(73,45) d(65) r(72,44) r(73,105) r(29,49) a(74,43) d(6) r(71,37) r(64,91) r(35,52)", "fitness": 0.0}
{"generation": 9, "position": 38, "parents": [46, 59], "genome": "a(67,64) a(65,104) d(65) d(65) r(71,74) d(72) r(73,34) d(29) d(65) r(66,69) d(66) r(34,45) d(29) r(5,51) r(35,91) a(64,55)", "fitness": 0.0}
{"generation": 9, "position": 39, "parents": [46, 59], "genome": "r(64,71) a(34,90) d(64) a(34,50) r(74,38) d(6)", "fitness": 0.0}
{"generation": 9, "position": 40, "parents": [46], "genome": "a(67,64) a(65,104) d(65) d(65) r(71,74) d(72) r(73,34) d(29) d(65) r(66,69) d(66) a(34,50) r(74,38) d(35)", "fitness": 0.0}
{"generation": 9, "position": 41, "parents": [59], "genome": "r(64,71) a(34,90) d(64) r(34,45) d(29) r(5,51) r(35,91)", "fitness": 0.0}
{"generation": 9, "position": 42, "parents": [17], "genome": "r(6,49) r(29,56) r(73,45) d(65) r(72,44) r(73,105) r(29,49) a(74,43) d(6) r(71,37) r(64,91) a(35,35)", "fitness": 0.0}
{"generation": 9, "position": 43, "parents": [48], "genome": "a(67,64) a(65,104) d(65) d(65) r(71,74) d(72) r(73,34) d(29) d(65) r(66,69) r(64,65) d(29) r(5,47) a(35,45) d(35)", "fitness": 0.0}
{"generation": 9, "position": 44, "parents": [41, 38], "genome": "a(6,29) a(66,62) r(73,105) r(29,49) a(74,43) r(5,50) a(64,45)", "fitness": 15.0}
{"generation": 9, "position": 45, "parents": [41, 38], "genome": "a(67,64) a(65,104) d(65) d(65) r(71,74) d(72) r(73,34) d(29) d(65) r(71,74) r(71,62) r(64,65) a(35,52) r(29,46) d(64) r(5,51) r(35,91)", "fitness": 0.0}
{"generation": 9, "position": 46, "parents": [41], "genome": "a(6,29) d(65) r(71,74) r(71,62) r(64,65) a(35,52) r(29,46) d(64) r(5,51) r(35,91)", "fitness": 0.0}
{"generation": 9, "position": 47, "parents": [38], "genome": "a(67,64) a(65,104) d(65) d(65) r(71,74) d(72) r(73,34) d(29) a(66,62) r(73,105) r(29,49) a(74,43) r(5,50) a(69,90)", "fitness": 0.0}
{"generation": 9, "position": 48, "parents": [30], "genome": "a(67,64) d(64) d(35) d(6) r(71,74) r(71,62) r(64,65) a(35,52) r(29,46) d(64) r(5,51) r(35,91)", "fitness": 0.0}
{"generation": 9, "position": 49, "parents": [5], "genome": "r(64,71) a(35,70) d(35) a(35,52) r(29,46) d(64) r(5,51) r(35,91)", "fitness": 0.0}
{"generation": 9, "position": 50, "parents": [50], "genome": "d(65) r(72,63) a(71,91) d(74) d(34) a(35,62) d(73)", "fitness": 0.0}
{"generation": 9, "position": 51, "parents": [40], "genome": "a(67,64) a(65,104) d(65) d(65) r(71,74) d(72) r(73,34) d(29) a(66,62) r(73,105) r(29,49) a(74,43) d(6) d(64) r(5,53) d(35)", "fitness": 15.0}
{"generation": 9, "position": 52, "parents": [9], "genome": "a(6,29) d(65) r(71,74) r(74,88) d(35) d(6) r(64,50)", "fitness": 0.0}
{"generation": 9, "position": 53, "parents": [27], "genome": "d(65) r(72,63) r(35,67) d(6) d(71) a(67,40) d(69)", "fitness": 0.0}
{"generation": 9, "position": 54, "parents": [55], "genome": "a(67,64) d(64) d(35) d(6) a(5,43) d(29) d(5)", "fitness": 0.0}
{"generation": 9, "position": 55, "parents": [33], "genome": "a(6,29) d(65) r(71,74) r(71,62) r(64,65) a(35,52) r(29,46) d(64) r(5,51) r(35,91)", "fitness": 0.0}
{"generation": 9, "position": 56, "parents": [17, 12], "genome": "r(6,49) r(29,56) r(73,45) d(65) r(72,44) r(73,105) r(29,49) a(74,43) d(6) r(71,37) r(64,91) a(35,70) d(35) a(35,52) r(29,46) d(64) r(5,51) r(35,91)", "fitness": 0.0}
{"generation": 9, "position": 57, "parents": [17, 12], "genome": "r(64,71) r(6,36)", "fitness": 15.0}
{"generation": 9, "position": 58, "parents": [17], "genome": "r(6,49) r(29,56) r(73,45) d(65) r(72,44) r(73,105) r(29,49) a(74,43) d(6) r(71,37) r(64,91) a(5,38)", "fitness": 0.0}
{"generation": 9, "position": 59, "parents": [12], "genome": "r(64,71) a(35,70) d(35) a(35,52) r(29,46) d(64) r(5,51) r(35,91)", "fitness": 0.0}
{"generation": 9, "position": 60, "parents": [27, 21], "genome": "d(65) r(72,63) r(35,67) d(6) d(71) a(67,40) r(69,52)", "fitness": 0.0}
{"generation": 9, "position": 61, "parents": [27, 21], "genome": "a(67,64) a(65,104) d(65) d(65) r(71,74) d(72) r(73,34) d(35) d(66) d(74)", "fitness": 15.0}
{"generation": 9, "position": 62, "parents": [27], "genome": "d(65) r(72,63) r(35,67) d(6) d(71) a(67,40) a(73,44)", "fitness": 0.0}
{"generation": 10, "position": 0, "parents": [25], "genome": "d(65) r(72,63) a(71,91) d(29) a(35,70) r(35,67) d(6) d(64) r(5,46)", "fitness": 0.0}
{"generation": 10, "position": 1, "parents": [62], "genome": "d(65) r(72,63) r(35,67) d(6) d(71) a(67,40) a(73,44) d(69)", "fitness": 0.0}
{"generation": 10, "position": 2, "parents": [49], "genome": "r(64,71) a(35,70) d(35) a(35,52) r(29,46) d(64) r(5,51) r(35,91)", "fitness": 0.0}
{"generation": 10, "position": 3, "parents": [26], "genome": "r(64,71) a(35,70) r(35,67) d(6) d(64) d(5) r(74,88) d(65) r(71,74) r(74,88) d(35) a(5,51) a(29,49) r(29,46)", "fitness": 0.0}
{"generation": 10, "position": 4, "parents": [45], "genome": "a(67,64) a(65,104) d(65) d(65) r(71,74) d(72) r(73,34) d(29) d(65) r(71,74) r(71,62) r(64,65) a(35,52) r(29,46) d(64) r(5,51) r(35,91)", "fitness": 0.0}
{"generation": 10, "position": 5, "parents": [48], "genome": "a(67,64) d(64) d(35) d(6) r(71,74) r(71,62) r(64,65) a(35,52) r(29,46) d(64) r(5,51) r(35,91)", "fitness": 0.0}
{"generation": 10, "position": 6, "parents": [56], "genome": "r(6,49) r(29,56) r(73,45) d(65) r(72,44) r(73,105) r(29,49) a(74,43) d(6) r(71,37) r(64,91) a(35,70) d(35) a(35,52) r(29,46) d(64) r(5,51) r(35,91)", "fitness": 0.0}
{"generation": 10, "position": 7, "parents": [34], "genome": "d(65) r(72,63) r(72,44) r(73,105) r(29,49) a(74,43) d(6) r(71,37) r(64,91) d(35) d(5)", "fitness": 0.0}
{"generation": 10, "position": 8, "parents": [63, 2], "genome": "a(67,64) a(65,104) d(65) d(65) r(71,74) d(72) r(73,34) d(35) d(66) d(64) r(5,29) a(35,70) r(34,57)", "fitness": 0.0}
{"generation": 10, "position": 9, "parents": [63, 2], "genome": "a(67,64) a(65,104) d(65) d(65) r(71,74) d(72) r(73,34) d(29) a(66,62) r(73,105) r(29,49) a(74,43) d(6) r(29,99) a(5,71)", "fitness": 0.0}
{"generation": 10, "position": 10, "parents": [63], "genome": "a(67,64) a(65,104) d(65) d(65) r(71,74) d(72) r(73,34) d(35) d(66) r(29,99) a(5,76)", "fitness": 15.0}
{"generation": 10, "position": 11, "parents": [2], "genome": "a(67,64) a(65,104) d(65) d(65) r(71,74) d(72) r(73,34) d(29) a(66,62) r(73,105) r(29,49) a(74,43) d(6) d(64) r(5,29) a(35,70) r(35,46)", "fitness": 0.0}
{"generation": 10, "position": 12, "parents": [35, 63], "genome": "r(6,49) r(29,56) r(73,45) d(65) r(35,67) d(35) d(66) r(29,99) d(71)", "fitness": 0.0}
{"generation": 10, "position": 13, "parents": [35, 63], "genome": "a(67,64) a(65,104) d(65) d(65) r(71,74) d(72) r(73,34) d(6) d(71) a(67,40) r(72,74) d(64)", "fitness": 0.0}
{"generation": 10, "position": 14, "parents": [35], "genome": "r(6,49) r(29,56) r(73,45) d(65) r(35,67) d(6) d(71) a(67,40) r(72,74) d(64)", "fitness": 0.0}
{"generation": 10, "position": 15, "parents": [63], "genome": "a(67,64) a(65,104) d(65) d(65) r(71,74) d(72) r(73,34) d(35) d(66) r(29,99) a(69,65)", "fitness": 0.0}
{"generation": 10, "position": 16, "parents": [8], "genome": "d(65) r(72,63) a(71,91) d(29) d(64) d(35) d(6) d(5)", "fitness": 0.0}
{"generation": 10, "position": 17, "parents": [26], "genome": "r(64,71) a(35,70) r(35,67) d(6) d(64) d(5) r(74,88) d(65) r(71,74) r(74,88) d(35) a(5,51) a(29,49) a(29,47)", "fitness": 0.0}
{"generation": 10, "position": 18, "parents": [50, 35], "genome": "d(65) r(72,63) a(71,91) d(74) d(34) r(69,52)", "fitness": 0.0}
{"generation": 10, "position": 19, "parents": [50, 35], "genome": "r(6,49) r(29,56) r(73,45) d(65) r(35,67) d(6) d(71) a(67,40) r(72,74) a(35,62) d(73) r(67,52)", "fitness": 0.0}
{"generation": 10, "position": 20, "parents": [50], "genome": "d(65) r(72,63) a(71,91) d(74) d(34) a(35,62) d(73) d(29)", "fitness": 0.0}
{"generation": 10, "position": 21, "parents": [35], "genome": "r(6,49) r(29,56) r(73,45) d(65) r(35,67) d(6) d(71) a(67,40) r(72,74) d(69)", "fitness": 0.0}
{"generation": 10, "position": 22, "parents": [56], "genome": "r(6,49) r(29,56) r(73,45) d(65) r(72,44) r(73,105) r(29,49) a(74,43) d(6) r(71,37) r(64,91) a(35,70) d(35) a(35,52) r(29,46) d(64) r(5,51) r(35,91)", "fitness": 0.0}
{"generation": 10, "position": 23, "parents": [17], "genome": "a(67,64) a(35,70) d(65) r(66,69) r(64,65) d(29) r(5,47) a(35,45) d(35)", "fitness": 0.0}
{"generation": 10, "position": 24, "parents": [60], "genome": "d(65) r(72,63) r(35,67) d(6) d(71) a(67,40) r(69,52) d(5)", "fitness": 0.0}
{"generation": 10, "position": 25, "parents": [31], "genome": "d(65) r(72,63) a(71,91) d(65) d(65) r(71,74) d(72) r(73,34) d(29) d(65) r(66,69) r(64,65) d(29) r(5,47) a(35,45) d(35)", "fitness": 0.0}
{"generation": 10, "position": 26, "parents": [47], "genome": "a(67,64) a(65,104) d(65) d(65) r(71,74) d(72) r(73,34) d(29) a(66,62) r(73,105) r(29,49) a(74,43) r(5,50) a(69,90) a(67,104)", "fitness": 0.0}
{"generation": 10, "position": 27, "parents": [28], "genome": "r(64,71) a(35,70) r(35,67) d(6) d(64) d(5) a(34,53) r(34,70)", "fitness": 0.0}
{"generation": 10, "position": 28, "parents": [42], "genome": "r(6,49) r(29,56) r(73,45) d(65) r(72,44) r(73,105) r(29,49) a(74,43) d(6) r(71,37) r(64,91) a(35,35) r(5,39)", "fitness": 0.0}
{"generation": 10, "position": 29, "parents": [52], "genome": "a(6,29) d(65) r(71,74) r(74,88) d(35) d(6) r(64,50) r(5,45)", "fitness": 0.0}
{"generation": 10, "position": 30, "parents": [48, 27], "genome": "a(67,64) d(64) d(35) d(6) r(71,74) r(71,62) r(64,65) a(35,52) r(29,46) r(72,63) a(66,62) d(6) d(5)", "fitness": 15.0}
{"generation": 10, "position": 31, "parents": [48, 27], "genome": "d(65) d(64) r(5,51) r(35,91) a(29,40)", "fitness": 0.0}
{"generation": 10, "position": 32, "parents": [48], "genome": "a(67,64) d(64) d(35) d(6) r(71,74) r(71,62) r(64,65) a(35,52) r(29,46) d(64) r(5,51) r(35,91)", "fitness": 0.0}
{"generation": 10, "position": 33, "parents": [27], "genome": "d(65) r(72,63) a(66,62) d(6) a(74,91)", "fitness": 0.0}
{"generation": 10, "position": 34, "parents": [41, 55], "genome": "r(64,71) a(34,90) d(64) r(34,45) r(29,46) d(64) r(5,51) r(35,91)", "fitness": 0.0}
{"generation": 10, "position": 35, "parents": [41, 55], "genome": "a(6,29) d(65) r(71,74) r(71,62) r(64,65) a(35,52) d(29) r(5,51) r(35,91)", "fitness": 0.0}
{"generation": 10, "position": 36, "parents": [41], "genome": "r(64,71) a(34,90) d(64) r(34,45) d(29) r(5,51) r(35,91)", "fitness": 0.0}
{"generation": 10, "position": 37, "parents": [55], "genome": "a(6,29) d(65) r(71,74) r(71,62) r(64,65) a(35,52) r(29,46) d(64) r(5,51) r(35,91)", "fitness": 0.0}
{"generation": 10, "position": 38, "parents": [16], "genome": "r(64,71) a(35,70) d(35) a(35,52) r(29,46) d(64) r(5,51) r(35,91)", "fitness": 0.0}
{"generation": 10, "position": 39, "parents": [37], "genome": "r(6,49) r(29,56) r(73,45) d(65) r(72,44) r(73,105) r(29,49) a(74,43) d(6) r(71,37) r(64,91) r(35,52) d(5)", "fitness": 15.0}
{"generation": 10, "position": 40, "parents": [29, 0], "genome": "d(65) r(72,63) a(66,62) r(74,88) d(65) r(71,74) r(74,88) d(72) r(73,34) r(73,105) r(29,49) a(74,43) d(6) d(64) r(5,42) a(35,44) d(35)", "fitness": 15.0}
{"generation": 10, "position": 41, "parents": [29, 0], "genome": "a(67,64) a(65,104) d(65) d(65) r(71,74) d(35) a(5,51) d(5) r(29,62)", "fitness": 0.0}
{"generation": 10, "position": 42, "parents": [29], "genome": "d(65) r(72,63) a(66,62) r(74,88) d(65) r(71,74) r(74,88) d(35) a(5,51) d(5) d(34)", "fitness": 0.0}
{"generation": 10, "position": 43, "parents": [0], "genome": "a(67,64) a(65,104) d(65) d(65) r(71,74) d(72) r(73,34) r(73,105) r(29,49) a(74,43) d(6) d(64) r(5,42) a(35,44) a(35,42)", "fitness": 15.0}
{"generation": 10, "position": 44, "parents": [19, 25], "genome": "a(67,64) r(72,63) a(71,91) d(29) a(35,70) r(35,67) d(6) d(64) r(5,46)", "fitness": 0.0}
{"generation": 10, "position": 45, "parents": [19, 25], "genome": "d(65) a(35,70) d(66) a(72,40) a(74,43) r(5,50) a(64,49) a(72,49)", "fitness": 0.0}
{"generation": 10, "position": 46, "parents": [19], "genome": "a(67,64) a(35,70) d(66) a(72,40) a(74,43) r(5,50) a(64,49) d(73)", "fitness": 0.0}
{"generation": 10, "position": 47, "parents": [25], "genome": "d(65) r(72,63) a(71,91) d(29) a(35,70) r(35,67) d(6) d(64) r(5,46)", "fitness": 0.0}
{"generation": 10, "position": 48, "parents": [19], "genome": "a(67,64) a(35,70) d(66) a(72,40) a(74,43) r(5,50) a(64,49) d(69)", "fitness": 0.0}
{"generation": 10, "position": 49, "parents": [45], "genome": "a(67,64) a(65,104) d(65) d(65) r(71,74) d(72) r(73,34) d(29) d(65) r(71,74) r(71,62) r(64,65) a(35,52) r(29,46) d(64) r(5,51) r(35,91)", "fitness": 0.0}
{"generation": 10, "position": 50, "parents": [44], "genome": "a(6,29) a(66,62) r(73,105) r(29,49) a(74,43) r(5,50) a(64,45) d(74)", "fitness": 15.0}
{"generation": 10, "position": 51, "parents": [43], "genome": "a(67,64) a(65,104) d(65) d(65) r(71,74) d(72) r(73,34) d(29) d(65) r(66,69) r(64,65) d(29) r(5,47) a(35,45) d(35)", "fitness": 0.0}
{"generation": 10, "position": 52, "parents": [2], "genome": "a(67,64) a(65,104) d(65) d(65) r(71,74) d(72) r(73,34) d(29) a(66,62) r(73,105) r(29,49) a(74,43) d(6) d(64) r(5,29) a(35,70) d(35)", "fitness": 0.0}