[meta]
{"program": "genprog-3.0", "problem": {"ideal_fitness": "15", "type": "repair", "name": "uniq", "enclosure": {"1": 0, "2": 0, "3": 0, "4": 0, "5": 0, "6": 5, "7": 6, "9": 5, "10": 9, "11": 9, "12": 11, "13": 11, "14": 9, "15": 9, "17": 9, "18": 5, "19": 18, "20": 18, "21": 18, "23": 18, "24": 5, "25": 5, "26": 25, "27": 25, "29": 0, "30": 29, "31": 29, "32": 31, "33": 31, "34": 29, "35": 0, "36": 0, "37": 36, "38": 36, "39": 0, "40": 39, "41": 39, "42": 39, "43": 42, "44": 42, "45": 42, "46": 39, "47": 39, "48": 47, "49": 47, "50": 47, "51": 47, "52": 51, "53": 51, "54": 51, "55": 54, "56": 54, "57": 54, "58": 51, "59": 51, "60": 59, "62": 47, "63": 47, "64": 0, "65": 64, "66": 64, "67": 66, "69": 64, "70": 69, "71": 69, "72": 64, "73": 64, "74": 64, "75": 0, "76": 0, "78": 0, "79": 78, "80": 78, "81": 78, "83": 0, "85": 83, "86": 0, "87": 0, "88": 0, "89": 0, "90": 0, "91": 0, "92": 0, "93": 0, "94": 0, "95": 94, "96": 94, "97": 94, "98": 94, "99": 98, "101": 94, "102": 94, "103": 94, "104": 103, "105": 103, "106": 0, "107": 106, "108": 106, "109": 0, "110": 0, "111": 0, "112": 0, "113": 0, "114": 113, "115": 113, "116": 113, "117": 116, "119": 113, "120": 119, "121": 120, "122": 120, "123": 122, "125": 119, "126": 113, "127": 126, "129": 127, "131": 129, "133": 131, "134": 126, "135": 0, "136": 135, "137": 135, "138": 135, "139": 138, "140": 139, "143": 135, "144": 0, "145": 0, "146": 0}}, "version": "0.0.2", "seed": 32, "algorithm": {"representation": "patch", "type": "genetic", "name": "ALGORITHM-NAME"}}

[data]
{"generation": 0, "position": 0, "parents": [], "genome": "r(34,36)", "fitness": 15.0}
{"generation": 0, "position": 1, "parents": [], "genome": "a(5,36)", "fitness": 15.0}
{"generation": 0, "position": 2, "parents": [], "genome": "a(66,45)", "fitness": 5.0}
{"generation": 0, "position": 3, "parents": [], "genome": "r(71,91)", "fitness": 15.0}
{"generation": 0, "position": 4, "parents": [], "genome": "a(69,66)", "fitness": 5.0}
{"generation": 0, "position": 5, "parents": [], "genome": "a(29,47)", "fitness": 5.0}
{"generation": 0, "position": 6, "parents": [], "genome": "a(64,75)", "fitness": 5.0}
{"generation": 0, "position": 7, "parents": [], "genome": "r(6,50)", "fitness": 0.0}
{"generation": 0, "position": 8, "parents": [], "genome": "a(72,55)", "fitness": 5.0}
{"generation": 0, "position": 9, "parents": [], "genome": "a(29,55)", "fitness": 5.0}
{"generation": 0, "position": 10, "parents": [], "genome": "d(74)", "fitness": 15.0}
{"generation": 0, "position": 11, "parents": [], "genome": "r(72,37)", "fitness": 15.0}
{"generation": 0, "position": 12, "parents": [], "genome": "r(65,74)", "fitness": 0.0}
{"generation": 0, "position": 13, "parents": [], "genome": "d(66)", "fitness": 3.0}
{"generation": 0, "position": 14, "parents": [], "genome": "r(74,69)", "fitness": 15.0}
{"generation": 0, "position": 15, "parents": [], "genome": "a(35,36)", "fitness": 5.0}
{"generation": 0, "position": 16, "parents": [], "genome": "d(73)", "fitness": 15.0}
{"generation": 0, "position": 17, "parents": [], "genome": "r(74,57)", "fitness": 15.0}
{"generation": 0, "position": 18, "parents": [], "genome": "d(35)", "fitness": 15.0}
{"generation": 0, "position": 19, "parents": [], "genome": "a(74,44)", "fitness": 15.0}
{"generation": 0, "position": 20, "parents": [], "genome": "r(6,91)", "fitness": 15.0}
{"generation": 0, "position": 21, "parents": [], "genome": "d(74)", "fitness": 15.0}
{"generation": 0, "position": 22, "parents": [], "genome": "d(72)", "fitness": 15.0}
{"generation": 0, "position": 23, "parents": [], "genome": "d(66)", "fitness": 3.0}
{"generation": 0, "position": 24, "parents": [], "genome": "a(73,40)", "fitness": 5.0}
{"generation": 0, "position": 25, "parents": [], "genome": "a(72,49)", "fitness": 5.0}
{"generation": 0, "position": 26, "parents": [], "genome": "d(5)", "fitness": 5.0}
{"generation": 0, "position": 27, "parents": [], "genome": "d(71)", "fitness": 5.0}
{"generation": 0, "position": 28, "parents": [], "genome": "r(34,57)", "fitness": 5.0}
{"generation": 0, "position": 29, "parents": [], "genome": "a(35,58)", "fitness": 5.0}
{"generation": 0, "position": 30, "parents": [], "genome": "a(35,58)", "fitness": 5.0}
{"generation": 0, "position": 31, "parents": [], "genome": "d(67)", "fitness": 5.0}
{"generation": 0, "position": 32, "parents": [], "genome": "d(29)", "fitness": 5.0}
{"generation": 0, "position": 33, "parents": [], "genome": "r(71,40)", "fitness": 5.0}
{"generation": 0, "position": 34, "parents": [], "genome": "r(73,72)", "fitness": 15.0}
{"generation": 0, "position": 35, "parents": [], "genome": "r(74,62)", "fitness": 15.0}
{"generation": 0, "position": 36, "parents": [], "genome": "d(35)", "fitness": 15.0}
{"generation": 0, "position": 37, "parents": [], "genome": "d(6)", "fitness": 0.0}
{"generation": 0, "position": 38, "parents": [], "genome": "r(65,52)", "fitness": 0.0}
{"generation": 0, "position": 39, "parents": [], "genome": "original", "fitness": 5.0}
{"generation": 1, "position": 0, "parents": [11], "genome": "r(72,37) a(35,35)", "fitness": 15.0}
{"generation": 1, "position": 1, "parents": [31], "genome": "d(67) d(5)", "fitness": 5.0}
{"generation": 1, "position": 2, "parents": [17, 12], "genome": "r(74,57) r(69,43)", "fitness": 0.0}
{"generation": 1, "position": 3, "parents": [17, 12], "genome": "r(65,74) d(72)", "fitness": 0.0}
{"generation": 1, "position": 4, "parents": [17], "genome": "r(74,57) a(69,75)", "fitness": 5.0}
{"generation": 1, "position": 5, "parents": [12], "genome": "r(65,74) a(74,76)", "fitness": 0.0}
{"generation": 1, "position": 6, "parents": [30, 34], "genome": "a(35,58) r(35,70)", "fitness": 0.0}
{"generation": 1, "position": 7, "parents": [30, 34], "genome": "r(73,72) a(69,52)", "fitness": 15.0}
{"generation": 1, "position": 8, "parents": [30], "genome": "a(35,58) d(5)", "fitness": 5.0}
{"generation": 1, "position": 9, "parents": [34], "genome": "r(73,72) a(35,56)", "fitness": 15.0}
{"generation": 1, "position": 10, "parents": [5, 23], "genome": "a(29,47) r(69,91)", "fitness": 0.0}
{"generation": 1, "position": 11, "parents": [5, 23], "genome": "d(66) d(71)", "fitness": 3.0}
{"generation": 1, "position": 12, "parents": [5], "genome": "a(29,47) d(74)", "fitness": 15.0}
{"generation": 1, "position": 13, "parents": [23], "genome": "d(66) d(5)", "fitness": 3.0}
{"generation": 1, "position": 14, "parents": [0, 33], "genome": "r(34,36) a(65,55)", "fitness": 15.0}
{"generation": 1, "position": 15, "parents": [0, 33], "genome": "r(71,40) d(34)", "fitness": 5.0}
{"generation": 1, "position": 16, "parents": [0], "genome": "r(34,36) d(66)", "fitness": 15.0}
{"generation": 1, "position": 17, "parents": [33], "genome": "r(71,40) d(72)", "fitness": 15.0}
{"generation": 1, "position": 18, "parents": [2, 32], "genome": "a(66,45) r(29,45)", "fitness": 5.0}
{"generation": 1, "position": 19, "parents": [2, 32], "genome": "d(29) r(66,62)", "fitness": 3.0}
{"generation": 1, "position": 20, "parents": [2], "genome": "a(66,45) d(69)", "fitness": 0.0}
{"generation": 1, "position": 21, "parents": [32], "genome": "d(29) a(71,105)", "fitness": 5.0}
{"generation": 1, "position": 22, "parents": [32, 24], "genome": "d(29) d(35)", "fitness": 5.0}
{"generation": 1, "position": 23, "parents": [32, 24], "genome": "a(73,40) d(29)", "fitness": 5.0}
{"generation": 1, "position": 24, "parents": [32], "genome": "d(29) r(5,39)", "fitness": 5.0}
{"generation": 1, "position": 25, "parents": [24], "genome": "a(73,40) r(66,65)", "fitness": 3.0}
{"generation": 1, "position": 26, "parents": [24], "genome": "a(73,40) d(66)", "fitness": 3.0}
{"generation": 1, "position": 27, "parents": [27], "genome": "d(71) a(6,29)", "fitness": 5.0}
{"generation": 1, "position": 28, "parents": [38, 21], "genome": "r(65,52) d(74)", "fitness": 0.0}
{"generation": 1, "position": 29, "parents": [38, 21], "genome": "d(74) d(65)", "fitness": 0.0}
{"generation": 1, "position": 30, "parents": [38], "genome": "r(65,52) r(5,52)", "fitness": 0.0}
{"generation": 1, "position": 31, "parents": [21], "genome": "d(74) d(67)", "fitness": 15.0}
{"generation": 1, "position": 32, "parents": [24], "genome": "a(73,40) d(74)", "fitness": 15.0}
{"generation": 1, "position": 33, "parents": [33], "genome": "r(71,40) a(5,44)", "fitness": 15.0}
{"generation": 1, "position": 34, "parents": [5, 21], "genome": "a(29,47) d(71)", "fitness": 5.0}
{"generation": 1, "position": 35, "parents": [5, 21], "genome": "d(74) a(29,34)", "fitness": 15.0}
{"generation": 1, "position": 36, "parents": [5], "genome": "a(29,47) a(73,37)", "fitness": 15.0}
{"generation": 1, "position": 37, "parents": [21], "genome": "d(74) a(5,62)", "fitness": 15.0}
{"generation": 1, "position": 38, "parents": [24], "genome": "a(73,40) d(69)", "fitness": 0.0}
{"generation": 1, "position": 39, "parents": [29], "genome": "a(35,58) r(74,45)", "fitness": 15.0}
{"generation": 1, "position": 40, "parents": [5, 32], "genome": "a(29,47) d(66)", "fitness": 3.0}
{"generation": 1, "position": 41, "parents": [5, 32], "genome": "d(29) r(66,63)", "fitness": 3.0}
{"generation": 1, "position": 42, "parents": [5], "genome": "a(29,47) d(64)", "fitness": 0.0}
{"generation": 1, "position": 43, "parents": [32], "genome": "d(29) a(64,91)", "fitness": 5.0}
{"generation": 1, "position": 44, "parents": [10], "genome": "d(74) d(66)", "fitness": 15.0}
{"generation": 1, "position": 45, "parents": [26], "genome": "d(5) d(35)", "fitness": 5.0}
{"generation": 1, "position": 46, "parents": [5], "genome": "a(29,47) r(35,99)", "fitness": 15.0}
{"generation": 1, "position": 47, "parents": [7], "genome": "r(6,50) r(71,55)", "fitness": 0.0}
{"generation": 1, "position": 48, "parents": [26], "genome": "d(5) r(67,37)", "fitness": 15.0}
{"generation": 1, "position": 49, "parents": [39], "genome": "a(66,67)", "fitness": 5.0}
{"generation": 1, "position": 50, "parents": [9, 12], "genome": "a(29,55) a(66,71)", "fitness": 5.0}
{"generation": 1, "position": 51, "parents": [9, 12], "genome": "r(65,74) a(35,46)", "fitness": 0.0}
{"generation": 1, "position": 52, "parents": [9], "genome": "a(29,55) a(29,36)", "fitness": 15.0}
{"generation": 1, "position": 53, "parents": [12], "genome": "r(65,74) a(29,38)", "fitness": 0.0}
{"generation": 1, "position": 54, "parents": [5], "genome": "a(29,47) d(66)", "fitness": 3.0}
{"generation": 1, "position": 55, "parents": [5], "genome": "a(29,47) r(35,76)", "fitness": 5.0}
{"generation": 1, "position": 56, "parents": [38, 33], "genome": "r(65,52) r(67,71)", "fitness": 0.0}
{"generation": 1, "position": 57, "parents": [38, 33], "genome": "r(71,40) a(65,75)", "fitness": 5.0}
{"generation": 1, "position": 58, "parents": [38], "genome": "r(65,52) a(73,56)", "fitness": 15.0}
{"generation": 1, "position": 59, "parents": [33], "genome": "r(71,40) r(66,104)", "fitness": 0.0}
{"generation": 1, "position": 60, "parents": [38, 9], "genome": "r(65,52) d(5)", "fitness": 0.0}
{"generation": 1, "position": 61, "parents": [38, 9], "genome": "a(29,55) r(29,49)", "fitness": 5.0}
{"generation": 1, "position": 62, "parents": [38], "genome": "r(65,52) a(64,72)", "fitness": 0.0}
{"generation": 2, "position": 0, "parents": [28], "genome": "r(65,52) d(74) d(67)", "fitness": 0.0}
{"generation": 2, "position": 1, "parents": [51], "genome": "r(65,74) a(35,46) a(71,70)", "fitness": 0.0}
{"generation": 2, "position": 2, "parents": [61], "genome": "a(29,55) r(29,49) r(67,43)", "fitness": 5.0}
{"generation": 2, "position": 3, "parents": [37], "genome": "d(74) a(5,62) d(73)", "fitness": 15.0}
{"generation": 2, "position": 4, "parents": [59], "genome": "r(71,40) r(66,104) a(5,44)", "fitness": 15.0}
{"generation": 2, "position": 5, "parents": [29], "genome": "d(74) d(65) d(6)", "fitness": 0.0}
{"generation": 2, "position": 6, "parents": [56], "genome": "r(65,52) r(67,71) r(5,36)", "fitness": 0.0}
{"generation": 2, "position": 7, "parents": [53], "genome": "r(65,74) a(29,38) d(67)", "fitness": 0.0}
{"generation": 2, "position": 8, "parents": [5, 27], "genome": "r(65,74) a(6,29) d(34)", "fitness": 0.0}
{"generation": 2, "position": 9, "parents": [5, 27], "genome": "d(71) a(74,76) a(35,46)", "fitness": 15.0}
{"generation": 2, "position": 10, "parents": [5], "genome": "r(65,74) a(74,76) d(69)", "fitness": 0.0}
{"generation": 2, "position": 11, "parents": [27], "genome": "d(71) a(6,29) r(29,53)", "fitness": 5.0}
{"generation": 2, "position": 12, "parents": [50], "genome": "a(29,55) a(66,71) a(73,71)", "fitness": 5.0}
{"generation": 2, "position": 13, "parents": [6], "genome": "a(35,58) r(35,70) a(34,54)", "fitness": 0.0}
{"generation": 2, "position": 14, "parents": [47], "genome": "r(6,50) r(71,55) d(34)", "fitness": 0.0}
{"generation": 2, "position": 15, "parents": [53], "genome": "r(65,74) a(29,38) d(72)", "fitness": 0.0}
{"generation": 2, "position": 16, "parents": [23, 40], "genome": "a(73,40) d(66) r(5,105)", "fitness": 3.0}
{"generation": 2, "position": 17, "parents": [23, 40], "genome": "a(29,47) d(29) r(65,105)", "fitness": 0.0}
{"generation": 2, "position": 18, "parents": [23], "genome": "a(73,40) d(29) d(74)", "fitness": 15.0}
{"generation": 2, "position": 19, "parents": [40], "genome": "a(29,47) d(66) r(6,91)", "fitness": 15.0}
{"generation": 2, "position": 20, "parents": [6, 62], "genome": "a(35,58) r(71,37)", "fitness": 15.0}
{"generation": 2, "position": 21, "parents": [6, 62], "genome": "r(65,52) a(64,72) r(35,70) d(71)", "fitness": 0.0}
{"generation": 2, "position": 22, "parents": [6], "genome": "a(35,58) r(35,70) a(29,49)", "fitness": 0.0}
{"generation": 2, "position": 23, "parents": [62], "genome": "r(65,52) a(64,72) d(71)", "fitness": 0.0}
{"generation": 2, "position": 24, "parents": [38], "genome": "a(73,40) d(69) d(72)", "fitness": 0.0}
{"generation": 2, "position": 25, "parents": [60], "genome": "r(65,52) d(5) r(64,67)", "fitness": 0.0}
{"generation": 2, "position": 26, "parents": [1], "genome": "d(67) d(5) a(34,39)", "fitness": 5.0}
{"generation": 2, "position": 27, "parents": [27], "genome": "d(71) a(6,29) d(29)", "fitness": 5.0}
{"generation": 2, "position": 28, "parents": [55, 62], "genome": "a(29,47) a(64,72) a(71,66)", "fitness": 5.0}
{"generation": 2, "position": 29, "parents": [55, 62], "genome": "r(65,52) r(35,76) r(71,65)", "fitness": 15.0}
{"generation": 2, "position": 30, "parents": [55], "genome": "a(29,47) r(35,76) r(65,34)", "fitness": 0.0}
{"generation": 2, "position": 31, "parents": [62], "genome": "r(65,52) a(64,72) r(29,90)", "fitness": 0.0}
{"generation": 2, "position": 32, "parents": [29], "genome": "d(74) d(65) d(6)", "fitness": 0.0}
{"generation": 2, "position": 33, "parents": [22], "genome": "d(29) d(35) r(74,38)", "fitness": 15.0}
{"generation": 2, "position": 34, "parents": [3], "genome": "r(65,74) d(72) a(66,72)", "fitness": 0.0}
{"generation": 2, "position": 35, "parents": [43], "genome": "d(29) a(64,91) d(72)", "fitness": 15.0}
{"generation": 2, "position": 36, "parents": [62, 26], "genome": "r(65,52) a(67,69)", "fitness": 0.0}
{"generation": 2, "position": 37, "parents": [62, 26], "genome": "a(73,40) d(66) a(64,72) a(73,91)", "fitness": 15.0}
{"generation": 2, "position": 38, "parents": [62], "genome": "r(65,52) a(64,72) r(74,44)", "fitness": 15.0}
{"generation": 2, "position": 39, "parents": [26], "genome": "a(73,40) d(66) a(64,40)", "fitness": 3.0}
{"generation": 2, "position": 40, "parents": [53], "genome": "r(65,74) a(29,38) r(66,104)", "fitness": 0.0}
{"generation": 2, "position": 41, "parents": [38], "genome": "a(73,40) d(69) d(34)", "fitness": 0.0}
{"generation": 2, "position": 42, "parents": [57, 59], "genome": "r(71,40) r(66,104) r(72,50)", "fitness": 0.0}
{"generation": 2, "position": 43, "parents": [57, 59], "genome": "r(71,40) a(65,75) r(34,50)", "fitness": 5.0}
{"generation": 2, "position": 44, "parents": [57], "genome": "r(71,40) a(65,75) r(5,51)", "fitness": 5.0}
{"generation": 2, "position": 45, "parents": [59], "genome": "r(71,40) r(66,104) a(69,63)", "fitness": 0.0}
{"generation": 2, "position": 46, "parents": [56], "genome": "r(65,52) r(67,71) a(71,45)", "fitness": 0.0}
{"generation": 2, "position": 47, "parents": [62], "genome": "r(65,52) a(64,72) d(6)", "fitness": 0.0}
{"generation": 2, "position": 48, "parents": [28, 30], "genome": "r(65,52) d(74) d(5)", "fitness": 0.0}
{"generation": 2, "position": 49, "parents": [28, 30], "genome": "r(65,52) r(5,52) a(34,104)", "fitness": 15.0}
{"generation": 2, "position": 50, "parents": [28], "genome": "r(65,52) d(74) d(67)", "fitness": 0.0}
{"generation": 2, "position": 51, "parents": [30], "genome": "r(65,52) r(5,52) d(29)", "fitness": 0.0}
{"generation": 2, "position": 52, "parents": [26, 23], "genome": "a(73,40) r(73,34)", "fitness": 15.0}
{"generation": 2, "position": 53, "parents": [26, 23], "genome": "a(73,40) d(29) d(66) r(72,67)", "fitness": 15.0}
{"generation": 2, "position": 54, "parents": [26], "genome": "a(73,40) d(66) d(73)", "fitness": 15.0}
{"generation": 3, "position": 0, "parents": [39, 32], "genome": "a(73,40) d(65) d(6) r(35,51)", "fitness": 0.0}
{"generation": 3, "position": 1, "parents": [39, 32], "genome": "d(74) d(66) a(64,40) a(64,72)", "fitness": 15.0}
{"generation": 3, "position": 2, "parents": [39], "genome": "a(73,40) d(66) a(64,40) a(73,49)", "fitness": 3.0}
{"generation": 3, "position": 3, "parents": [32], "genome": "d(74) d(65) d(6) d(34)", "fitness": 0.0}
{"generation": 3, "position": 4, "parents": [30], "genome": "a(29,47) r(35,76) r(65,34) d(71)", "fitness": 0.0}
{"generation": 3, "position": 5, "parents": [5], "genome": "d(74) d(65) d(6) r(66,49)", "fitness": 0.0}
{"generation": 3, "position": 6, "parents": [50], "genome": "r(65,52) d(74) d(67) d(71)", "fitness": 0.0}
{"generation": 3, "position": 7, "parents": [22], "genome": "a(35,58) r(35,70) a(29,49) d(69)", "fitness": 0.0}
{"generation": 3, "position": 8, "parents": [55], "genome": "a(73,40) d(29) r(6,43) r(5,45)", "fitness": 5.0}
{"generation": 3, "position": 9, "parents": [5], "genome": "d(74) d(65) d(6) d(69)", "fitness": 0.0}
{"generation": 3, "position": 10, "parents": [40], "genome": "r(65,74) a(29,38) r(66,104) r(69,66)", "fitness": 0.0}
{"generation": 3, "position": 11, "parents": [48], "genome": "r(65,52) d(74) d(5) a(72,62)", "fitness": 0.0}
{"generation": 3, "position": 12, "parents": [54], "genome": "a(73,40) d(66) d(73) a(72,75)", "fitness": 15.0}
{"generation": 3, "position": 13, "parents": [28], "genome": "a(29,47) a(64,72) a(71,66) a(71,55)", "fitness": 5.0}
{"generation": 3, "position": 14, "parents": [24], "genome": "a(73,40) d(69) d(72) a(6,43)", "fitness": 0.0}
{"generation": 3, "position": 15, "parents": [43], "genome": "r(71,40) a(65,75) r(34,50) r(74,99)", "fitness": 5.0}
{"generation": 3, "position": 16, "parents": [27, 45], "genome": "d(71) a(6,29) a(69,63) r(6,44)", "fitness": 15.0}
{"generation": 3, "position": 17, "parents": [27, 45], "genome": "r(71,40) r(66,104) d(29) r(73,90)", "fitness": 0.0}
{"generation": 3, "position": 18, "parents": [27], "genome": "d(71) a(6,29) d(29) a(67,50)", "fitness": 5.0}
{"generation": 3, "position": 19, "parents": [45], "genome": "r(71,40) r(66,104) a(69,63) r(69,99)", "fitness": 0.0}
{"generation": 3, "position": 20, "parents": [27, 7], "genome": "d(71) a(29,38) d(67) a(5,99)", "fitness": 5.0}
{"generation": 3, "position": 21, "parents": [27, 7], "genome": "r(65,74) a(6,29) d(29) a(6,91)", "fitness": 0.0}
{"generation": 3, "position": 22, "parents": [27], "genome": "d(71) a(6,29) d(29) a(64,50)", "fitness": 5.0}
{"generation": 3, "position": 23, "parents": [7], "genome": "r(65,74) a(29,38) d(67) a(34,47)", "fitness": 0.0}
{"generation": 3, "position": 24, "parents": [7, 38], "genome": "r(65,74) a(29,38) r(71,34)", "fitness": 0.0}
{"generation": 3, "position": 25, "parents": [7, 38], "genome": "r(65,52) a(64,72) r(74,44) d(67) r(5,35)", "fitness": 15.0}
{"generation": 3, "position": 26, "parents": [7], "genome": "r(65,74) a(29,38) d(67) r(72,91)", "fitness": 0.0}
{"generation": 3, "position": 27, "parents": [38], "genome": "r(65,52) a(64,72) r(74,44) r(6,39)", "fitness": 15.0}
{"generation": 3, "position": 28, "parents": [48, 12], "genome": "r(65,52) d(74) a(73,71) r(29,45)", "fitness": 0.0}
{"generation": 3, "position": 29, "parents": [48, 12], "genome": "a(29,55) a(66,71) d(5) r(35,105)", "fitness": 5.0}
{"generation": 3, "position": 30, "parents": [48], "genome": "r(65,52) d(74) d(5) r(71,57)", "fitness": 0.0}
{"generation": 3, "position": 31, "parents": [12], "genome": "a(29,55) a(66,71) a(73,71) r(6,71)", "fitness": 0.0}
{"generation": 3, "position": 32, "parents": [11, 11], "genome": "d(71) a(6,29) r(29,53) a(6,29) r(29,53) r(5,34)", "fitness": 5.0}
{"generation": 3, "position": 33, "parents": [11, 11], "genome": "d(71) a(6,43)", "fitness": 5.0}
{"generation": 3, "position": 34, "parents": [11], "genome": "d(71) a(6,29) r(29,53) d(74)", "fitness": 15.0}
{"generation": 3, "position": 35, "parents": [11], "genome": "d(71) a(6,29) r(29,53) a(72,38)", "fitness": 5.0}
{"generation": 3, "position": 36, "parents": [24], "genome": "a(73,40) d(69) d(72) r(5,34)", "fitness": 0.0}
{"generation": 3, "position": 37, "parents": [34], "genome": "r(65,74) d(72) a(66,72) a(34,71)", "fitness": 0.0}
{"generation": 3, "position": 38, "parents": [54], "genome": "a(73,40) d(66) d(73) d(69)", "fitness": 0.0}
{"generation": 3, "position": 39, "parents": [13], "genome": "a(35,58) r(35,70) a(34,54) a(67,52)", "fitness": 0.0}
{"generation": 3, "position": 40, "parents": [14], "genome": "r(6,50) r(71,55) d(34) a(29,88)", "fitness": 0.0}
{"generation": 3, "position": 41, "parents": [21], "genome": "r(65,52) a(64,72) r(35,70) d(71) d(6)", "fitness": 0.0}
{"generation": 3, "position": 42, "parents": [48, 45], "genome": "r(65,52) d(74) d(5) a(35,36)", "fitness": 0.0}
{"generation": 3, "position": 43, "parents": [48, 45], "genome": "r(71,40) r(66,104) a(69,63) a(5,45)", "fitness": 0.0}
{"generation": 3, "position": 44, "parents": [48], "genome": "r(65,52) d(74) d(5) r(73,75)", "fitness": 0.0}
{"generation": 3, "position": 45, "parents": [45], "genome": "r(71,40) r(66,104) a(69,63) a(35,70)", "fitness": 0.0}
{"generation": 3, "position": 46, "parents": [31], "genome": "r(65,52) a(64,72) r(29,90) r(6,38)", "fitness": 0.0}
{"generation": 3, "position": 47, "parents": [31], "genome": "r(65,52) a(64,72) r(29,90) r(66,71)", "fitness": 0.0}
{"generation": 3, "position": 48, "parents": [26, 17], "genome": "d(67) d(29) r(65,105) d(74)", "fitness": 0.0}
{"generation": 3, "position": 49, "parents": [26, 17], "genome": "a(29,47) d(5) a(34,39) d(71)", "fitness": 5.0}
{"generation": 3, "position": 50, "parents": [26], "genome": "d(67) d(5) a(34,39) r(65,73)", "fitness": 0.0}
{"generation": 3, "position": 51, "parents": [17], "genome": "a(29,47) d(29) r(65,105) d(72)", "fitness": 0.0}
{"generation": 3, "position": 52, "parents": [14, 25], "genome": "r(6,50) a(35,88)", "fitness": 0.0}
{"generation": 3, "position": 53, "parents": [14, 25], "genome": "r(65,52) d(5) r(64,67) r(71,55) d(34) a(35,71)", "fitness": 0.0}
{"generation": 3, "position": 54, "parents": [14], "genome": "r(6,50) r(71,55) d(34) a(5,51)", "fitness": 0.0}
{"generation": 3, "position": 55, "parents": [25], "genome": "r(65,52) d(5) r(64,67) d(29)", "fitness": 0.0}
{"generation": 3, "position": 56, "parents": [16, 26], "genome": "a(73,40) d(66) r(5,105) a(34,39) r(34,38)", "fitness": 3.0}
{"generation": 3, "position": 57, "parents": [16, 26], "genome": "d(67) d(5) r(66,74)", "fitness": 0.0}
{"generation": 3, "position": 58, "parents": [16], "genome": "a(73,40) d(66) r(5,105) d(35)", "fitness": 3.0}
{"generation": 4, "position": 0, "parents": [5, 38], "genome": "d(74) d(65) d(6) r(66,49) d(69) r(64,67)", "fitness": 0.0}
{"generation": 4, "position": 1, "parents": [5, 38], "genome": "a(73,40) d(66) d(73) r(29,55)", "fitness": 15.0}
{"generation": 4, "position": 2, "parents": [5], "genome": "d(74) d(65) d(6) r(66,49) a(71,65)", "fitness": 0.0}
{"generation": 4, "position": 3, "parents": [38], "genome": "a(73,40) d(66) d(73) d(69) a(64,67)", "fitness": 0.0}
{"generation": 4, "position": 4, "parents": [39, 29], "genome": "a(35,58) d(5) r(35,105) a(74,90)", "fitness": 15.0}
{"generation": 4, "position": 5, "parents": [39, 29], "genome": "a(29,55) a(66,71) r(35,70) a(34,54) a(67,52) a(65,40)", "fitness": 0.0}
{"generation": 4, "position": 6, "parents": [39], "genome": "a(35,58) r(35,70) a(34,54) a(67,52) r(72,43)", "fitness": 0.0}
{"generation": 4, "position": 7, "parents": [29], "genome": "a(29,55) a(66,71) d(5) r(35,105) a(69,37)", "fitness": 15.0}
{"generation": 4, "position": 8, "parents": [41], "genome": "r(65,52) a(64,72) r(35,70) d(71) d(6) a(67,64)", "fitness": 0.0}
{"generation": 4, "position": 9, "parents": [28], "genome": "r(65,52) d(74) a(73,71) r(29,45) r(73,76)", "fitness": 0.0}
{"generation": 4, "position": 10, "parents": [11, 10], "genome": "r(65,52) a(29,38) r(66,104) r(69,66) a(64,69)", "fitness": 0.0}
{"generation": 4, "position": 11, "parents": [11, 10], "genome": "r(65,74) d(74) d(5) a(72,62) a(71,43)", "fitness": 0.0}
{"generation": 4, "position": 12, "parents": [11], "genome": "r(65,52) d(74) d(5) a(72,62) a(67,74)", "fitness": 0.0}
{"generation": 4, "position": 13, "parents": [10], "genome": "r(65,74) a(29,38) r(66,104) r(69,66) a(72,62)", "fitness": 0.0}
{"generation": 4, "position": 14, "parents": [43], "genome": "r(71,40) r(66,104) a(69,63) a(5,45) d(29)", "fitness": 0.0}
{"generation": 4, "position": 15, "parents": [46], "genome": "r(65,52) a(64,72) r(29,90) r(6,38) d(72)", "fitness": 0.0}
{"generation": 4, "position": 16, "parents": [26], "genome": "r(65,74) a(29,38) d(67) r(72,91) r(6,70)", "fitness": 0.0}
{"generation": 4, "position": 17, "parents": [30], "genome": "r(65,52) d(74) d(5) r(71,57) a(66,90)", "fitness": 0.0}
{"generation": 4, "position": 18, "parents": [43, 28], "genome": "r(71,40) r(66,104) d(74) a(73,71) r(29,45) r(64,52)", "fitness": 0.0}
{"generation": 4, "position": 19, "parents": [43, 28], "genome": "r(65,52) a(69,63) a(5,45) r(6,46)", "fitness": 0.0}
{"generation": 4, "position": 20, "parents": [43], "genome": "r(71,40) r(66,104) a(69,63) a(5,45) a(35,47)", "fitness": 0.0}
{"generation": 4, "position": 21, "parents": [28], "genome": "r(65,52) d(74) a(73,71) r(29,45) r(5,44)", "fitness": 15.0}
{"generation": 4, "position": 22, "parents": [33], "genome": "d(71) a(6,43) a(29,53)", "fitness": 5.0}
{"generation": 4, "position": 23, "parents": [11], "genome": "r(65,52) d(74) d(5) a(72,62) r(67,37)", "fitness": 15.0}
{"generation": 4, "position": 24, "parents": [39], "genome": "a(35,58) r(35,70) a(34,54) a(67,52) a(66,104)", "fitness": 0.0}
{"generation": 4, "position": 25, "parents": [26], "genome": "r(65,74) a(29,38) d(67) r(72,91) a(6,62)", "fitness": 0.0}
{"generation": 4, "position": 26, "parents": [6, 39], "genome": "r(65,52) d(74) d(67) r(35,70) a(34,54) a(67,52) d(66)", "fitness": 0.0}
{"generation": 4, "position": 27, "parents": [6, 39], "genome": "a(35,58) d(71) d(64)", "fitness": 0.0}
{"generation": 4, "position": 28, "parents": [6], "genome": "r(65,52) d(74) d(67) d(71) d(73)", "fitness": 0.0}
{"generation": 4, "position": 29, "parents": [39], "genome": "a(35,58) r(35,70) a(34,54) a(67,52) a(65,44)", "fitness": 0.0}
{"generation": 4, "position": 30, "parents": [11, 26], "genome": "r(65,52) d(74) d(5) a(72,62) d(67) r(72,91) d(29)", "fitness": 0.0}
{"generation": 4, "position": 31, "parents": [11, 26], "genome": "r(65,74) a(29,38) a(5,104)", "fitness": 15.0}
{"generation": 4, "position": 32, "parents": [11], "genome": "r(65,52) d(74) d(5) a(72,62) r(73,88)", "fitness": 0.0}
{"generation": 4, "position": 33, "parents": [26], "genome": "r(65,74) a(29,38) d(67) r(72,91) r(66,45)", "fitness": 0.0}
{"generation": 4, "position": 34, "parents": [36], "genome": "a(73,40) d(69) d(72) r(5,34) d(65)", "fitness": 0.0}
{"generation": 4, "position": 35, "parents": [36], "genome": "a(73,40) d(69) d(72) r(5,34) d(74)", "fitness": 0.0}
{"generation": 4, "position": 36, "parents": [50, 2], "genome": "d(67) d(5) a(34,39) d(64)", "fitness": 0.0}
{"generation": 4, "position": 37, "parents": [50, 2], "genome": "a(73,40) d(66) a(64,40) a(73,49) r(65,73) d(6)", "fitness": 0.0}
{"generation": 4, "position": 38, "parents": [50], "genome": "d(67) d(5) a(34,39) r(65,73) d(69)", "fitness": 0.0}
{"generation": 4, "position": 39, "parents": [2], "genome": "a(73,40) d(66) a(64,40) a(73,49) a(74,72)", "fitness": 3.0}
{"generation": 4, "position": 40, "parents": [43], "genome": "r(71,40) r(66,104) a(69,63) a(5,45) a(5,34)", "fitness": 0.0}
{"generation": 4, "position": 41, "parents": [5], "genome": "d(74) d(65) d(6) r(66,49) d(29)", "fitness": 0.0}
{"generation": 4, "position": 42, "parents": [21], "genome": "r(65,74) a(6,29) d(29) a(6,91) a(66,40)", "fitness": 0.0}
{"generation": 4, "position": 43, "parents": [39], "genome": "a(35,58) r(35,70) a(34,54) a(67,52) r(64,63)", "fitness": 0.0}
{"generation": 4, "position": 44, "parents": [51, 4], "genome": "a(29,47) d(29) a(71,56)", "fitness": 15.0}
{"generation": 4, "position": 45, "parents": [51, 4], "genome": "a(29,47) r(35,76) r(65,34) d(71) r(65,105) d(72) r(73,40)", "fitness": 0.0}
{"generation": 4, "position": 46, "parents": [51], "genome": "a(29,47) d(29) r(65,105) d(72) a(64,75)", "fitness": 0.0}
{"generation": 4, "position": 47, "parents": [4], "genome": "a(29,47) r(35,76) r(65,34) d(71) r(5,71)", "fitness": 0.0}
{"generation": 4, "position": 48, "parents": [37], "genome": "r(65,74) d(72) a(66,72) a(34,71) a(6,35)", "fitness": 0.0}
{"generation": 4, "position": 49, "parents": [31], "genome": "a(29,55) a(66,71) a(73,71) r(6,71) a(74,43)", "fitness": 0.0}
{"generation": 4, "position": 50, "parents": [58, 14], "genome": "a(73,40) d(66) d(72) a(6,43) d(29)", "fitness": 15.0}
{"generation": 4, "position": 51, "parents": [58, 14], "genome": "a(73,40) d(69) r(5,105) d(35) a(29,52)", "fitness": 0.0}
{"generation": 4, "position": 52, "parents": [58], "genome": "a(73,40) d(66) r(5,105) d(35) r(69,71)", "fitness": 0.0}
{"generation": 4, "position": 53, "parents": [14], "genome": "a(73,40) d(69) d(72) a(6,43) a(64,69)", "fitness": 0.0}
{"generation": 4, "position": 54, "parents": [50, 26], "genome": "d(67) d(5) r(72,91) a(35,51)", "fitness": 15.0}
{"generation": 4, "position": 55, "parents": [50, 26], "genome": "r(65,74) a(29,38) d(67) a(34,39) r(65,73) a(66,66)", "fitness": 0.0}
{"generation": 4, "position": 56, "parents": [50], "genome": "d(67) d(5) a(34,39) r(65,73) r(35,76)", "fitness": 0.0}
{"generation": 4, "position": 57, "parents": [26], "genome": "r(65,74) a(29,38) d(67) r(72,91) a(73,52)", "fitness": 0.0}
{"generation": 4, "position": 58, "parents": [4], "genome": "a(29,47) r(35,76) r(65,34) d(71) d(6)", "fitness": 0.0}
{"generation": 5, "position": 0, "parents": [56, 12], "genome": "d(67) d(5) a(34,39) r(65,73) a(67,74) r(35,29)", "fitness": 0.0}
{"generation": 5, "position": 1, "parents": [56, 12], "genome": "r(65,52) d(74) d(5) a(72,62) r(35,76) a(69,104)", "fitness": 15.0}
{"generation": 5, "position": 2, "parents": [56], "genome": "d(67) d(5) a(34,39) r(65,73) r(35,76) r(74,70)", "fitness": 15.0}
{"generation": 5, "position": 3, "parents": [12], "genome": "r(65,52) d(74) d(5) a(72,62) a(67,74) a(64,69)", "fitness": 0.0}
{"generation": 5, "position": 4, "parents": [28, 16], "genome": "r(65,52) r(72,91) r(6,70) d(35)", "fitness": 0.0}
{"generation": 5, "position": 5, "parents": [28, 16], "genome": "r(65,74) a(29,38) d(67) d(74) d(67) d(71) d(73) r(64,67)", "fitness": 0.0}
{"generation": 5, "position": 6, "parents": [28], "genome": "r(65,52) d(74) d(67) d(71) d(73) d(66)", "fitness": 0.0}
{"generation": 5, "position": 7, "parents": [16], "genome": "r(65,74) a(29,38) d(67) r(72,91) r(6,70) a(34,70)", "fitness": 0.0}
{"generation": 5, "position": 8, "parents": [43], "genome": "a(35,58) r(35,70) a(34,54) a(67,52) r(64,63) d(6)", "fitness": 0.0}
{"generation": 5, "position": 9, "parents": [42], "genome": "r(65,74) a(6,29) d(29) a(6,91) a(66,40) r(73,63)", "fitness": 0.0}
{"generation": 5, "position": 10, "parents": [49], "genome": "a(29,55) a(66,71) a(73,71) r(6,71) a(74,43) a(69,44)", "fitness": 0.0}
{"generation": 5, "position": 11, "parents": [41], "genome": "d(74) d(65) d(6) r(66,49) d(29) d(64)", "fitness": 0.0}
{"generation": 5, "position": 12, "parents": [52], "genome": "a(73,40) d(66) r(5,105) d(35) r(69,71) a(34,99)", "fitness": 0.0}
{"generation": 5, "position": 13, "parents": [46], "genome": "a(29,47) d(29) r(65,105) d(72) a(64,75) r(73,66)", "fitness": 0.0}
{"generation": 5, "position": 14, "parents": [28, 15], "genome": "r(65,52) d(74) a(64,72) r(29,90) r(6,38) d(72) d(71)", "fitness": 0.0}
{"generation": 5, "position": 15, "parents": [28, 15], "genome": "r(65,52) d(67) d(71) d(73) a(74,73)", "fitness": 0.0}
{"generation": 5, "position": 16, "parents": [28], "genome": "r(65,52) d(74) d(67) d(71) d(73) r(5,44)", "fitness": 15.0}
{"generation": 5, "position": 17, "parents": [15], "genome": "r(65,52) a(64,72) r(29,90) r(6,38) d(72) r(5,55)", "fitness": 0.0}
{"generation": 5, "position": 18, "parents": [43, 25], "genome": "a(35,58) r(35,70) a(34,54) a(6,62) r(29,70)", "fitness": 0.0}
{"generation": 5, "position": 19, "parents": [43, 25], "genome": "r(65,74) a(29,38) d(67) r(72,91) a(67,52) r(64,63) a(6,6)", "fitness": 0.0}
{"generation": 5, "position": 20, "parents": [43], "genome": "a(35,58) r(35,70) a(34,54) a(67,52) r(64,63) a(5,42)", "fitness": 15.0}
{"generation": 5, "position": 21, "parents": [25], "genome": "r(65,74) a(29,38) d(67) r(72,91) a(6,62) r(29,43)", "fitness": 0.0}
{"generation": 5, "position": 22, "parents": [16, 19], "genome": "r(65,74) a(29,38) d(67) r(72,91) a(71,75)", "fitness": 0.0}
{"generation": 5, "position": 23, "parents": [16, 19], "genome": "r(65,52) a(69,63) a(5,45) r(6,46) r(6,70) r(66,88)", "fitness": 0.0}
{"generation": 5, "position": 24, "parents": [16], "genome": "r(65,74) a(29,38) d(67) r(72,91) r(6,70) r(74,62)", "fitness": 0.0}
{"generation": 5, "position": 25, "parents": [19], "genome": "r(65,52) a(69,63) a(5,45) r(6,46) d(74)", "fitness": 0.0}
{"generation": 5, "position": 26, "parents": [47, 9], "genome": "a(29,47) r(35,76) r(65,34) r(29,45) r(73,76) d(66)", "fitness": 0.0}
{"generation": 5, "position": 27, "parents": [47, 9], "genome": "r(65,52) d(74) a(73,71) d(71) r(5,71) r(73,63)", "fitness": 0.0}
{"generation": 5, "position": 28, "parents": [47], "genome": "a(29,47) r(35,76) r(65,34) d(71) r(5,71) d(64)", "fitness": 0.0}
{"generation": 5, "position": 29, "parents": [9], "genome": "r(65,52) d(74) a(73,71) r(29,45) r(73,76) d(6)", "fitness": 0.0}
{"generation": 5, "position": 30, "parents": [41, 19], "genome": "d(74) d(65) d(6) r(66,49) d(29) r(73,52)", "fitness": 0.0}
{"generation": 5, "position": 31, "parents": [41, 19], "genome": "r(65,52) a(69,63) a(5,45) r(6,46) a(69,37)", "fitness": 0.0}
{"generation": 5, "position": 32, "parents": [41], "genome": "d(74) d(65) d(6) r(66,49) d(29) d(35)", "fitness": 0.0}
{"generation": 5, "position": 33, "parents": [19], "genome": "r(65,52) a(69,63) a(5,45) r(6,46) r(29,34)", "fitness": 0.0}
{"generation": 5, "position": 34, "parents": [2, 52], "genome": "d(74) d(65) d(71)", "fitness": 0.0}
{"generation": 5, "position": 35, "parents": [2, 52], "genome": "a(73,40) d(66) r(5,105) d(35) r(69,71) d(6) r(66,49) a(71,65) d(73)", "fitness": 0.0}
{"generation": 5, "position": 36, "parents": [2], "genome": "d(74) d(65) d(6) r(66,49) a(71,65) r(34,35)", "fitness": 0.0}
{"generation": 5, "position": 37, "parents": [52], "genome": "a(73,40) d(66) r(5,105) d(35) r(69,71) d(73)", "fitness": 0.0}
{"generation": 5, "position": 38, "parents": [10, 55], "genome": "r(65,52) a(29,38) a(74,76)", "fitness": 0.0}
{"generation": 5, "position": 39, "parents": [10, 55], "genome": "r(65,74) a(29,38) d(67) a(34,39) r(65,73) a(66,66) r(66,104) r(69,66) a(64,69) d(6)", "fitness": 0.0}
{"generation": 5, "position": 40, "parents": [10], "genome": "r(65,52) a(29,38) r(66,104) r(69,66) a(64,69) d(5)", "fitness": 0.0}
{"generation": 5, "position": 41, "parents": [55], "genome": "r(65,74) a(29,38) d(67) a(34,39) r(65,73) a(66,66) a(69,74)", "fitness": 0.0}
{"generation": 5, "position": 42, "parents": [17], "genome": "r(65,52) d(74) d(5) r(71,57) a(66,90) r(34,35)", "fitness": 0.0}
{"generation": 5, "position": 43, "parents": [32], "genome": "r(65,52) d(74) d(5) a(72,62) r(73,88) d(35)", "fitness": 0.0}
{"generation": 5, "position": 44, "parents": [29], "genome": "a(35,58) r(35,70) a(34,54) a(67,52) a(65,44) d(74)", "fitness": 0.0}
{"generation": 5, "position": 45, "parents": [0], "genome": "d(74) d(65) d(6) r(66,49) d(69) r(64,67) d(35)", "fitness": 0.0}
{"generation": 5, "position": 46, "parents": [40], "genome": "r(71,40) r(66,104) a(69,63) a(5,45) a(5,34) r(74,73)", "fitness": 0.0}
{"generation": 5, "position": 47, "parents": [2], "genome": "d(74) d(65) d(6) r(66,49) a(71,65) a(35,53)", "fitness": 0.0}
{"generation": 5, "position": 48, "parents": [26, 45], "genome": "r(65,52) d(74) d(67) r(35,70) r(35,76) r(65,34) d(71) r(65,105) d(72) r(73,40) a(29,57)", "fitness": 0.0}
{"generation": 5, "position": 49, "parents": [26, 45], "genome": "a(29,47) a(34,54) a(67,52) d(66) a(73,40)", "fitness": 15.0}
{"generation": 5, "position": 50, "parents": [26], "genome": "r(65,52) d(74) d(67) r(35,70) a(34,54) a(67,52) d(66) r(29,49)", "fitness": 0.0}
{"generation": 5, "position": 51, "parents": [45], "genome": "a(29,47) r(35,76) r(65,34) d(71) r(65,105) d(72) r(73,40) a(34,58)", "fitness": 15.0}
{"generation": 5, "position": 52, "parents": [0, 57], "genome": "d(74) d(65) d(6) r(66,49) d(69) r(64,67) a(73,52) a(34,51)", "fitness": 0.0}
{"generation": 5, "position": 53, "parents": [0, 57], "genome": "r(65,74) a(29,38) d(67) r(72,91) a(5,44)", "fitness": 15.0}
{"generation": 5, "position": 54, "parents": [0], "genome": "d(74) d(65) d(6) r(66,49) d(69) r(64,67) d(35)", "fitness": 0.0}
{"generation": 5, "position": 55, "parents": [57], "genome": "r(65,74) a(29,38) d(67) r(72,91) a(73,52) a(5,41)", "fitness": 0.0}
{"generation": 5, "position": 56, "parents": [51, 53], "genome": "a(73,40) d(72) a(6,43) a(64,69) a(71,72)", "fitness": 5.0}
{"generation": 5, "position": 57, "parents": [51, 53], "genome": "a(73,40) d(69) d(69) r(5,105) d(35) a(29,52) a(66,99)", "fitness": 0.0}
{"generation": 5, "position": 58, "parents": [51], "genome": "a(73,40) d(69) r(5,105) d(35) a(29,52) d(72)", "fitness": 0.0}
{"generation": 5, "position": 59, "parents": [53], "genome": "a(73,40) d(69) d(72) a(6,43) a(64,69) d(74)", "fitness": 0.0}
{"generation": 5, "position": 60, "parents": [33, 0], "genome": "r(65,74) a(29,38) d(67) r(72,91) a(71,64)", "fitness": 1.0}
{"generation": 5, "position": 61, "parents": [33, 0], "genome": "d(74) d(65) d(6) r(66,49) d(69) r(64,67) r(66,45) r(5,57)", "fitness": 0.0}
{"generation": 5, "position": 62, "parents": [33], "genome": "r(65,74) a(29,38) d(67) r(72,91) r(66,45) d(71)", "fitness": 0.0}
{"generation": 5, "position": 63, "parents": [0], "genome": "d(74) d(65) d(6) r(66,49) d(69) r(64,67) r(35,40)", "fitness": 0.0}
{"generation": 5, "position": 64, "parents": [49, 10], "genome": "a(29,55) a(66,71) a(64,69) a(5,46)", "fitness": 5.0}
{"generation": 5, "position": 65, "parents": [49, 10], "genome": "r(65,52) a(29,38) r(66,104) r(69,66) a(73,71) r(6,71) a(74,43) r(5,63)", "fitness": 0.0}
{"generation": 5, "position": 66, "parents": [49], "genome": "a(29,55) a(66,71) a(73,71) r(6,71) a(74,43) d(74)", "fitness": 0.0}
{"generation": 6, "position": 0, "parents": [43], "genome": "r(65,52) d(74) d(5) a(72,62) r(73,88) d(35) d(66)", "fitness": 0.0}
{"generation": 6, "position": 1, "parents": [4], "genome": "r(65,52) r(72,91) r(6,70) d(35) r(73,34)", "fitness": 0.0}
{"generation": 6, "position": 2, "parents": [3, 25], "genome": "r(65,52) d(74) d(5) a(72,62) d(74) r(29,55)", "fitness": 0.0}
{"generation": 6, "position": 3, "parents": [3, 25], "genome": "r(65,52) a(69,63) a(5,45) r(6,46) a(67,74) a(64,69) d(73)", "fitness": 0.0}
{"generation": 6, "position": 4, "parents": [3], "genome": "r(65,52) d(74) d(5) a(72,62) a(67,74) a(64,69) r(64,74)", "fitness": 0.0}
{"generation": 6, "position": 5, "parents": [25], "genome": "r(65,52) a(69,63) a(5,45) r(6,46) d(74) d(66)", "fitness": 0.0}
{"generation": 6, "position": 6, "parents": [32], "genome": "d(74) d(65) d(6) r(66,49) d(29) d(35) a(72,71)", "fitness": 0.0}
{"generation": 6, "position": 7, "parents": [44], "genome": "a(35,58) r(35,70) a(34,54) a(67,52) a(65,44) d(74) a(72,91)", "fitness": 0.0}
{"generation": 6, "position": 8, "parents": [41], "genome": "r(65,74) a(29,38) d(67) a(34,39) r(65,73) a(66,66) a(69,74) r(29,52)", "fitness": 0.0}
{"generation": 6, "position": 9, "parents": [55], "genome": "r(65,74) a(29,38) d(67) r(72,91) a(73,52) a(5,41) a(5,35)", "fitness": 0.0}
{"generation": 6, "position": 10, "parents": [43], "genome": "r(65,52) d(74) d(5) a(72,62) r(73,88) d(35) a(66,71)", "fitness": 0.0}
{"generation": 6, "position": 11, "parents": [33], "genome": "r(65,52) a(69,63) a(5,45) r(6,46) r(29,34) a(35,40)", "fitness": 0.0}
{"generation": 6, "position": 12, "parents": [31], "genome": "r(65,52) a(69,63) a(5,45) r(6,46) a(69,37) a(73,99)", "fitness": 0.0}
{"generation": 6, "position": 13, "parents": [29], "genome": "r(65,52) d(74) a(73,71) r(29,45) r(73,76) d(6) d(66)", "fitness": 0.0}
{"generation": 6, "position": 14, "parents": [61, 42], "genome": "d(74) d(65) d(6) r(66,49) r(34,35) a(72,43)", "fitness": 0.0}
{"generation": 6, "position": 15, "parents": [61, 42], "genome": "r(65,52) d(74) d(5) r(71,57) a(66,90) d(69) r(64,67) r(66,45) r(5,57) a(34,105)", "fitness": 0.0}
{"generation": 6, "position": 16, "parents": [61], "genome": "d(74) d(65) d(6) r(66,49) d(69) r(64,67) r(66,45) r(5,57) d(34)", "fitness": 0.0}
{"generation": 6, "position": 17, "parents": [42], "genome": "r(65,52) d(74) d(5) r(71,57) a(66,90) r(34,35) a(66,104)", "fitness": 0.0}
{"generation": 6, "position": 18, "parents": [30], "genome": "d(74) d(65) d(6) r(66,49) d(29) r(73,52) r(35,57)", "fitness": 0.0}
{"generation": 6, "position": 19, "parents": [45], "genome": "d(74) d(65) d(6) r(66,49) d(69) r(64,67) d(35) a(5,43)", "fitness": 0.0}
{"generation": 6, "position": 20, "parents": [61], "genome": "d(74) d(65) d(6) r(66,49) d(69) r(64,67) r(66,45) r(5,57) a(29,40)", "fitness": 0.0}
{"generation": 6, "position": 21, "parents": [62], "genome": "r(65,74) a(29,38) d(67) r(72,91) r(66,45) d(71) a(69,49)", "fitness": 0.0}
{"generation": 6, "position": 22, "parents": [12, 6], "genome": "a(73,40) d(66) r(5,105) d(71) d(73) d(66) a(74,75)", "fitness": 15.0}
{"generation": 6, "position": 23, "parents": [12, 6], "genome": "r(65,52) d(74) d(67) d(35) r(69,71) a(34,99) d(6)", "fitness": 0.0}
{"generation": 6, "position": 24, "parents": [12], "genome": "a(73,40) d(66) r(5,105) d(35) r(69,71) a(34,99) d(29)", "fitness": 0.0}
{"generation": 6, "position": 25, "parents": [6], "genome": "r(65,52) d(74) d(67) d(71) d(73) d(66) d(34)", "fitness": 0.0}
{"generation": 6, "position": 26, "parents": [58], "genome": "a(73,40) d(69) r(5,105) d(35) a(29,52) d(72) d(29)", "fitness": 0.0}
{"generation": 6, "position": 27, "parents": [42], "genome": "r(65,52) d(74) d(5) r(71,57) a(66,90) r(34,35) d(29)", "fitness": 0.0}
{"generation": 6, "position": 28, "parents": [63], "genome": "d(74) d(65) d(6) r(66,49) d(69) r(64,67) r(35,40) d(5)", "fitness": 0.0}
{"generation": 6, "position": 29, "parents": [57], "genome": "a(73,40) d(69) d(69) r(5,105) d(35) a(29,52) a(66,99) d(73)", "fitness": 0.0}
{"generation": 6, "position": 30, "parents": [20], "genome": "a(35,58) r(35,70) a(34,54) a(67,52) r(64,63) a(5,42) d(6)", "fitness": 0.0}
{"generation": 6, "position": 31, "parents": [15], "genome": "r(65,52) d(67) d(71) d(73) a(74,73) d(69)", "fitness": 0.0}
{"generation": 6, "position": 32, "parents": [7, 21], "genome": "r(65,74) a(29,38) d(67) r(69,91)", "fitness": 0.0}
{"generation": 6, "position": 33, "parents": [7, 21], "genome": "r(65,74) a(29,38) d(67) r(72,91) a(6,62) r(29,43) r(72,91) r(6,70) a(34,70) a(74,64)", "fitness": 0.0}
{"generation": 6, "position": 34, "parents": [7], "genome": "r(65,74) a(29,38) d(67) r(72,91) r(6,70) a(34,70) r(74,34)", "fitness": 0.0}
{"generation": 6, "position": 35, "parents": [21], "genome": "r(65,74) a(29,38) d(67) r(72,91) a(6,62) r(29,43) a(35,5)", "fitness": 0.0}
{"generation": 6, "position": 36, "parents": [7, 6], "genome": "r(65,74) a(29,38) d(67) r(72,91) r(6,70) d(66) a(69,43)", "fitness": 0.0}
{"generation": 6, "position": 37, "parents": [7, 6], "genome": "r(65,52) d(74) d(67) d(71) d(73) a(34,70) r(35,63)", "fitness": 0.0}
{"generation": 6, "position": 38, "parents": [7], "genome": "r(65,74) a(29,38) d(67) r(72,91) r(6,70) a(34,70) r(35,91)", "fitness": 0.0}
{"generation": 6, "position": 39, "parents": [6], "genome": "r(65,52) d(74) d(67) d(71) d(73) d(66) d(69)", "fitness": 0.0}
{"generation": 6, "position": 40, "parents": [26], "genome": "a(29,47) r(35,76) r(65,34) r(29,45) r(73,76) d(66) a(6,57)", "fitness": 0.0}
{"generation": 6, "position": 41, "parents": [38], "genome": "r(65,52) a(29,38) a(74,76) a(67,74)", "fitness": 0.0}
{"generation": 6, "position": 42, "parents": [30, 38], "genome": "d(74) d(65) a(29,38) a(74,76) d(69)", "fitness": 0.0}
{"generation": 6, "position": 43, "parents": [30, 38], "genome": "r(65,52) d(6) r(66,49) d(29) r(73,52) d(71)", "fitness": 0.0}
{"generation": 6, "position": 44, "parents": [30], "genome": "d(74) d(65) d(6) r(66,49) d(29) r(73,52) r(35,29)", "fitness": 0.0}
{"generation": 6, "position": 45, "parents": [38], "genome": "r(65,52) a(29,38) a(74,76) d(66)", "fitness": 0.0}
{"generation": 6, "position": 46, "parents": [65], "genome": "r(65,52) a(29,38) r(66,104) r(69,66) a(73,71) r(6,71) a(74,43) r(5,63) a(74,88)", "fitness": 0.0}
{"generation": 6, "position": 47, "parents": [47], "genome": "d(74) d(65) d(6) r(66,49) a(71,65) a(35,53) r(64,40)", "fitness": 0.0}
{"generation": 6, "position": 48, "parents": [62, 6], "genome": "r(65,74) a(29,38) d(67) r(72,91) d(73) d(66) d(71)", "fitness": 0.0}
{"generation": 6, "position": 49, "parents": [62, 6], "genome": "r(65,52) d(74) d(67) d(71) r(66,45) d(71) a(72,65)", "fitness": 15.0}
{"generation": 6, "position": 50, "parents": [62], "genome": "r(65,74) a(29,38) d(67) r(72,91) r(66,45) d(71) d(35)", "fitness": 15.0}
{"generation": 6, "position": 51, "parents": [6], "genome": "r(65,52) d(74) d(67) d(71) d(73) d(66) r(6,91)", "fitness": 15.0}
{"generation": 6, "position": 52, "parents": [58], "genome": "a(73,40) d(69) r(5,105) d(35) a(29,52) d(72) a(74,56)", "fitness": 0.0}
{"generation": 7, "position": 0, "parents": [26, 43], "genome": "a(73,40) d(69) r(5,105) d(35) a(29,52) d(34)", "fitness": 0.0}
{"generation": 7, "position": 1, "parents": [26, 43], "genome": "r(65,52) d(6) r(66,49) d(29) r(73,52) d(71) d(72) d(29) d(5)", "fitness": 0.0}
{"generation": 7, "position": 2, "parents": [26], "genome": "a(73,40) d(69) r(5,105) d(35) a(29,52) d(72) d(29) a(64,71)", "fitness": 0.0}
{"generation": 7, "position": 3, "parents": [43], "genome": "r(65,52) d(6) r(66,49) d(29) r(73,52) d(71) r(64,105)", "fitness": 0.0}
{"generation": 7, "position": 4, "parents": [36, 13], "genome": "r(65,74) a(29,38) d(67) r(73,76) d(6) d(66) d(5)", "fitness": 0.0}
{"generation": 7, "position": 5, "parents": [36, 13], "genome": "r(65,52) d(74) a(73,71) r(29,45) r(72,91) r(6,70) d(66) a(69,43) a(71,104)", "fitness": 0.0}
{"generation": 7, "position": 6, "parents": [36], "genome": "r(65,74) a(29,38) d(67) r(72,91) r(6,70) d(66) a(69,43) a(74,91)", "fitness": 0.0}
{"generation": 7, "position": 7, "parents": [13], "genome": "r(65,52) d(74) a(73,71) r(29,45) r(73,76) d(6) d(66) r(72,105)", "fitness": 0.0}
{"generation": 7, "position": 8, "parents": [35], "genome": "r(65,74) a(29,38) d(67) r(72,91) a(6,62) r(29,43) a(35,5) a(69,105)", "fitness": 0.0}
{"generation": 7, "position": 9, "parents": [19], "genome": "d(74) d(65) d(6) r(66,49) d(69) r(64,67) d(35) a(5,43) d(29)", "fitness": 0.0}
{"generation": 7, "position": 10, "parents": [44, 21], "genome": "d(74) d(65) d(6) r(66,49) d(29) r(73,52) r(35,29) r(66,45) d(71) a(69,49) r(64,52)", "fitness": 0.0}
{"generation": 7, "position": 11, "parents": [44, 21], "genome": "r(65,74) a(29,38) d(67) r(72,91) a(35,52)", "fitness": 0.0}
{"generation": 7, "position": 12, "parents": [44], "genome": "d(74) d(65) d(6) r(66,49) d(29) r(73,52) r(35,29) a(64,34)", "fitness": 0.0}
{"generation": 7, "position": 13, "parents": [21], "genome": "r(65,74) a(29,38) d(67) r(72,91) r(66,45) d(71) a(69,49) a(35,35)", "fitness": 0.0}
{"generation": 7, "position": 14, "parents": [3], "genome": "r(65,52) a(69,63) a(5,45) r(6,46) a(67,74) a(64,69) d(73) r(66,76)", "fitness": 0.0}
{"generation": 7, "position": 15, "parents": [48], "genome": "r(65,74) a(29,38) d(67) r(72,91) d(73) d(66) d(71) r(6,43)", "fitness": 0.0}
{"generation": 7, "position": 16, "parents": [26], "genome": "a(73,40) d(69) r(5,105) d(35) a(29,52) d(72) d(29) d(73)", "fitness": 0.0}
{"generation": 7, "position": 17, "parents": [17], "genome": "r(65,52) d(74) d(5) r(71,57) a(66,90) r(34,35) a(66,104) r(73,45)", "fitness": 0.0}
{"generation": 7, "position": 18, "parents": [17, 40], "genome": "r(65,52) d(74) d(5) r(71,57) r(35,76) r(65,34) r(29,45) r(73,76) d(66) a(6,57) r(72,55)", "fitness": 15.0}
{"generation": 7, "position": 19, "parents": [17, 40], "genome": "a(29,47) a(66,90) r(34,35) a(66,104) r(64,91)", "fitness": 0.0}
{"generation": 7, "position": 20, "parents": [17], "genome": "r(65,52) d(74) d(5) r(71,57) a(66,90) r(34,35) a(66,104) r(69,37)", "fitness": 0.0}
{"generation": 7, "position": 21, "parents": [40], "genome": "a(29,47) r(35,76) r(65,34) r(29,45) r(73,76) d(66) a(6,57) d(74)", "fitness": 0.0}
{"generation": 7, "position": 22, "parents": [27, 36], "genome": "r(65,52) d(74) d(5) r(71,57) a(66,90) r(34,35) d(29) d(67) r(72,91) r(6,70) d(66) a(69,43) a(64,56)", "fitness": 0.0}
{"generation": 7, "position": 23, "parents": [27, 36], "genome": "r(65,74) a(29,38) d(71)", "fitness": 0.0}
{"generation": 7, "position": 24, "parents": [27], "genome": "r(65,52) d(74) d(5) r(71,57) a(66,90) r(34,35) d(29) r(66,99)", "fitness": 0.0}
{"generation": 7, "position": 25, "parents": [36], "genome": "r(65,74) a(29,38) d(67) r(72,91) r(6,70) d(66) a(69,43) r(29,90)", "fitness": 0.0}
{"generation": 7, "position": 26, "parents": [3, 16], "genome": "r(65,52) a(69,63) a(5,45) r(6,46) r(66,73)", "fitness": 0.0}
{"generation": 7, "position": 27, "parents": [3, 16], "genome": "d(74) d(65) d(6) r(66,49) d(69) r(64,67) r(66,45) r(5,57) d(34) a(67,74) a(64,69) d(73) r(35,40)", "fitness": 0.0}
{"generation": 7, "position": 28, "parents": [3], "genome": "r(65,52) a(69,63) a(5,45) r(6,46) a(67,74) a(64,69) d(73) r(66,64)", "fitness": 0.0}
{"generation": 7, "position": 29, "parents": [16], "genome": "d(74) d(65) d(6) r(66,49) d(69) r(64,67) r(66,45) r(5,57) d(34) r(35,51)", "fitness": 0.0}
{"generation": 7, "position": 30, "parents": [43, 4], "genome": "r(65,52) d(6) r(66,49) d(29) r(64,74) a(5,54)", "fitness": 0.0}
{"generation": 7, "position": 31, "parents": [43, 4], "genome": "r(65,52) d(74) d(5) a(72,62) a(67,74) a(64,69) r(73,52) d(71) a(35,71)", "fitness": 0.0}
{"generation": 7, "position": 32, "parents": [43], "genome": "r(65,52) d(6) r(66,49) d(29) r(73,52) d(71) a(69,75)", "fitness": 0.0}
{"generation": 7, "position": 33, "parents": [4], "genome": "r(65,52) d(74) d(5) a(72,62) a(67,74) a(64,69) r(64,74) d(35)", "fitness": 0.0}
{"generation": 7, "position": 34, "parents": [25], "genome": "r(65,52) d(74) d(67) d(71) d(73) d(66) d(34) r(29,53)", "fitness": 0.0}
{"generation": 7, "position": 35, "parents": [4], "genome": "r(65,52) d(74) d(5) a(72,62) a(67,74) a(64,69) r(64,74) d(35)", "fitness": 0.0}
{"generation": 7, "position": 36, "parents": [20], "genome": "d(74) d(65) d(6) r(66,49) d(69) r(64,67) r(66,45) r(5,57) a(29,40) d(34)", "fitness": 0.0}
{"generation": 7, "position": 37, "parents": [29], "genome": "a(73,40) d(69) d(69) r(5,105) d(35) a(29,52) a(66,99) d(73) d(67)", "fitness": 0.0}
{"generation": 7, "position": 38, "parents": [12, 38], "genome": "r(65,52) a(69,63) a(5,45) r(6,46) a(69,37) a(73,99) a(71,72)", "fitness": 0.0}
{"generation": 7, "position": 39, "parents": [12, 38], "genome": "r(65,74) a(29,38) d(67) r(72,91) r(6,70) a(34,70) r(35,91) a(29,55)", "fitness": 0.0}
{"generation": 7, "position": 40, "parents": [12], "genome": "r(65,52) a(69,63) a(5,45) r(6,46) a(69,37) a(73,99) r(35,34)", "fitness": 0.0}
{"generation": 7, "position": 41, "parents": [38], "genome": "r(65,74) a(29,38) d(67) r(72,91) r(6,70) a(34,70) r(35,91) r(69,67)", "fitness": 0.0}
{"generation": 7, "position": 42, "parents": [17], "genome": "r(65,52) d(74) d(5) r(71,57) a(66,90) r(34,35) a(66,104) a(72,73)", "fitness": 0.0}
{"generation": 7, "position": 43, "parents": [8], "genome": "r(65,74) a(29,38) d(67) a(34,39) r(65,73) a(66,66) a(69,74) r(29,52) a(72,99)", "fitness": 0.0}
{"generation": 7, "position": 44, "parents": [53], "genome": "r(65,52) a(69,63) a(5,45) r(6,46) r(6,70) r(66,88) a(34,46) a(35,63)", "fitness": 0.0}
{"generation": 7, "position": 45, "parents": [36], "genome": "r(65,74) a(29,38) d(67) r(72,91) r(6,70) d(66) a(69,43) d(71)", "fitness": 0.0}
{"generation": 7, "position": 46, "parents": [45], "genome": "r(65,52) a(29,38) a(74,76) d(66) a(74,105)", "fitness": 0.0}
{"generation": 7, "position": 47, "parents": [16], "genome": "d(74) d(65) d(6) r(66,49) d(69) r(64,67) r(66,45) r(5,57) d(34) a(29,42)", "fitness": 0.0}
{"generation": 7, "position": 48, "parents": [2], "genome": "r(65,52) d(74) d(5) a(72,62) d(74) r(29,55) d(72)", "fitness": 0.0}
{"generation": 7, "position": 49, "parents": [31], "genome": "r(65,52) d(67) d(71) d(73) a(74,73) d(69) r(64,49)", "fitness": 0.0}
{"generation": 7, "position": 50, "parents": [19], "genome": "d(74) d(65) d(6) r(66,49) d(69) r(64,67) d(35) a(5,43) d(34)", "fitness": 0.0}
{"generation": 7, "position": 51, "parents": [33], "genome": "r(65,74) a(29,38) d(67) r(72,91) a(6,62) r(29,43) r(72,91) r(6,70) a(34,70) a(74,64) r(35,49)", "fitness": 0.0}
{"generation": 7, "position": 52, "parents": [3, 41], "genome": "r(65,52) a(67,74) r(72,50)", "fitness": 0.0}
{"generation": 7, "position": 53, "parents": [3, 41], "genome": "r(65,52) a(29,38) a(74,76) a(69,63) a(5,45) r(6,46) a(67,74) a(64,69) d(73) r(29,40)", "fitness": 0.0}
{"generation": 7, "position": 54, "parents": [3], "genome": "r(65,52) a(69,63) a(5,45) r(6,46) a(67,74) a(64,69) d(73) d(66)", "fitness": 0.0}
{"generation": 7, "position": 55, "parents": [41], "genome": "r(65,52) a(29,38) a(74,76) a(67,74) d(35)", "fitness": 15.0}
{"generation": 7, "position": 56, "parents": [30], "genome": "a(35,58) r(35,70) a(34,54) a(67,52) r(64,63) a(5,42) d(6) a(34,38)", "fitness": 0.0}
{"generation": 8, "position": 0, "parents": [23, 57], "genome": "r(65,74) a(29,38) r(73,72)", "fitness": 0.0}
{"generation": 8, "position": 1, "parents": [23, 57], "genome": "r(65,74) a(29,38) d(67) r(72,91) a(73,52) a(5,41) a(5,35) r(64,34) d(71) r(6,59)", "fitness": 0.0}
{"generation": 8, "position": 2, "parents": [23], "genome": "r(65,74) a(29,38) d(71) r(73,45)", "fitness": 0.0}
{"generation": 8, "position": 3, "parents": [57], "genome": "r(65,74) a(29,38) d(67) r(72,91) a(73,52) a(5,41) a(5,35) r(64,34) d(5)", "fitness": 0.0}
{"generation": 8, "position": 4, "parents": [52], "genome": "r(65,52) a(67,74) r(72,50) r(5,47)", "fitness": 0.0}
{"generation": 8, "position": 5, "parents": [4], "genome": "r(65,74) a(29,38) d(67) r(73,76) d(6) d(66) d(5) a(72,99)", "fitness": 0.0}
{"generation": 8, "position": 6, "parents": [2], "genome": "a(73,40) d(69) r(5,105) d(35) a(29,52) d(72) d(29) a(64,71) d(74)", "fitness": 0.0}
{"generation": 8, "position": 7, "parents": [8], "genome": "r(65,74) a(29,38) d(67) r(72,91) a(6,62) r(29,43) a(35,5) a(69,105) a(74,70)", "fitness": 0.0}
{"generation": 8, "position": 8, "parents": [53], "genome": "r(65,52) a(29,38) a(74,76) a(69,63) a(5,45) r(6,46) a(67,74) a(64,69) d(73) r(29,40) a(64,105)", "fitness": 0.0}
{"generation": 8, "position": 9, "parents": [30], "genome": "r(65,52) d(6) r(66,49) d(29) r(64,74) a(5,54) r(35,38)", "fitness": 0.0}
{"generation": 8, "position": 10, "parents": [8, 49], "genome": "r(65,74) a(29,38) d(67) r(72,91) a(6,62) r(29,43) d(71) d(73) a(74,73) d(69) r(64,49) a(6,70)", "fitness": 0.0}
{"generation": 8, "position": 11, "parents": [8, 49], "genome": "r(65,52) d(67) a(35,5) a(69,105) a(5,67)", "fitness": 0.0}
{"generation": 8, "position": 12, "parents": [8], "genome": "r(65,74) a(29,38) d(67) r(72,91) a(6,62) r(29,43) a(35,5) a(69,105) d(74)", "fitness": 0.0}
{"generation": 8, "position": 13, "parents": [49], "genome": "r(65,52) d(67) d(71) d(73) a(74,73) d(69) r(64,49) d(29)", "fitness": 0.0}
{"generation": 8, "position": 14, "parents": [0], "genome": "a(73,40) d(69) r(5,105) d(35) a(29,52) d(34) d(73)", "fitness": 0.0}
{"generation": 8, "position": 15, "parents": [39], "genome": "r(65,74) a(29,38) d(67) r(72,91) r(6,70) a(34,70) r(35,91) a(29,55) a(64,104)", "fitness": 0.0}
{"generation": 8, "position": 16, "parents": [45, 9], "genome": "r(65,74) a(29,38) d(67) r(72,91) r(6,70) d(66) a(69,43) d(35) a(5,43) d(29) a(71,49)", "fitness": 0.0}
{"generation": 8, "position": 17, "parents": [45, 9], "genome": "d(74) d(65) d(6) r(66,49) d(69) r(64,67) d(71) a(34,63)", "fitness": 0.0}
{"generation": 8, "position": 18, "parents": [45], "genome": "r(65,74) a(29,38) d(67) r(72,91) r(6,70) d(66) a(69,43) d(71) r(74,105)", "fitness": 0.0}
{"generation": 8, "position": 19, "parents": [9], "genome": "d(74) d(65) d(6) r(66,49) d(69) r(64,67) d(35) a(5,43) d(29) d(5)", "fitness": 0.0}
{"generation": 8, "position": 20, "parents": [4, 28], "genome": "r(65,74) a(29,38) d(67) r(73,76) a(5,45) r(6,46) a(67,74) a(64,69) d(73) r(66,64) r(71,55)", "fitness": 0.0}
{"generation": 8, "position": 21, "parents": [4, 28], "genome": "r(65,52) a(69,63) d(6) d(66) d(5) r(72,49)", "fitness": 0.0}
{"generation": 8, "position": 22, "parents": [4], "genome": "r(65,74) a(29,38) d(67) r(73,76) d(6) d(66) d(5) a(72,34)", "fitness": 0.0}
{"generation": 8, "position": 23, "parents": [28], "genome": "r(65,52) a(69,63) a(5,45) r(6,46) a(67,74) a(64,69) d(73) r(66,64) r(69,44)", "fitness": 0.0}
{"generation": 8, "position": 24, "parents": [19, 7], "genome": "a(29,47) a(66,90) r(34,35) r(72,105) r(64,67)", "fitness": 0.0}
{"generation": 8, "position": 25, "parents": [19, 7], "genome": "r(65,52) d(74) a(73,71) r(29,45) r(73,76) d(6) d(66) a(66,104) r(64,91) d(5)", "fitness": 0.0}
{"generation": 8, "position": 26, "parents": [19], "genome": "a(29,47) a(66,90) r(34,35) a(66,104) r(64,91) a(35,90)", "fitness": 0.0}
{"generation": 8, "position": 27, "parents": [7], "genome": "r(65,52) d(74) a(73,71) r(29,45) r(73,76) d(6) d(66) r(72,105) d(35)", "fitness": 0.0}
{"generation": 8, "position": 28, "parents": [46], "genome": "r(65,52) a(29,38) a(74,76) d(66) a(74,105) a(71,62)", "fitness": 0.0}
{"generation": 8, "position": 29, "parents": [3], "genome": "r(65,52) d(6) r(66,49) d(29) r(73,52) d(71) r(64,105) d(35)", "fitness": 0.0}
{"generation": 8, "position": 30, "parents": [2, 8], "genome": "a(73,40) d(69) r(5,105) d(35) a(29,52) d(72) a(69,105) r(29,39)", "fitness": 0.0}
{"generation": 8, "position": 31, "parents": [2, 8], "genome": "r(65,74) a(29,38) d(67) r(72,91) a(6,62) r(29,43) a(35,5) d(29) a(64,71) r(5,54)", "fitness": 0.0}
{"generation": 8, "position": 32, "parents": [2], "genome": "a(73,40) d(69) r(5,105) d(35) a(29,52) d(72) d(29) a(64,71) d(67)", "fitness": 0.0}
{"generation": 8, "position": 33, "parents": [8], "genome": "r(65,74) a(29,38) d(67) r(72,91) a(6,62) r(29,43) a(35,5) a(69,105) a(71,63)", "fitness": 0.0}
{"generation": 8, "position": 34, "parents": [27, 32], "genome": "d(74) d(65) d(6) r(66,49) d(69) d(71) a(69,75) a(64,99)", "fitness": 0.0}
{"generation": 8, "position": 35, "parents": [27, 32], "genome": "r(65,52) d(6) r(66,49) d(29) r(73,52) r(64,67) r(66,45) r(5,57) d(34) a(67,74) a(64,69) d(73) r(35,40)", "fitness": 0.0}
{"generation": 8, "position": 36, "parents": [27], "genome": "d(74) d(65) d(6) r(66,49) d(69) r(64,67) r(66,45) r(5,57) d(34) a(67,74) a(64,69) d(73) r(35,40) a(29,38)", "fitness": 0.0}
{"generation": 8, "position": 37, "parents": [32], "genome": "r(65,52) d(6) r(66,49) d(29) r(73,52) d(71) a(69,75) r(35,62)", "fitness": 0.0}
{"generation": 8, "position": 38, "parents": [31, 31], "genome": "r(65,52) d(74) d(5) a(64,69) r(73,52) d(71) a(35,71) d(29)", "fitness": 0.0}
{"generation": 8, "position": 39, "parents": [31, 31], "genome": "r(65,52) d(74) d(5) a(72,62) a(67,74) a(72,62) a(67,74) a(64,69) r(73,52) d(71) a(35,71) d(72)", "fitness": 0.0}
{"generation": 8, "position": 40, "parents": [31], "genome": "r(65,52) d(74) d(5) a(72,62) a(67,74) a(64,69) r(73,52) d(71) a(35,71) d(66)", "fitness": 0.0}
{"generation": 8, "position": 41, "parents": [31], "genome": "r(65,52) d(74) d(5) a(72,62) a(67,74) a(64,69) r(73,52) d(71) a(35,71) a(34,44)", "fitness": 15.0}
{"generation": 8, "position": 42, "parents": [49], "genome": "r(65,52) d(67) d(71) d(73) a(74,73) d(69) r(64,49) r(6,5)", "fitness": 0.0}
{"generation": 8, "position": 43, "parents": [41], "genome": "r(65,74) a(29,38) d(67) r(72,91) r(6,70) a(34,70) r(35,91) r(69,67) d(64)", "fitness": 0.0}
{"generation": 8, "position": 44, "parents": [7], "genome": "r(65,52) d(74) a(73,71) r(29,45) r(73,76) d(6) d(66) r(72,105) d(5)", "fitness": 0.0}
{"generation": 8, "position": 45, "parents": [4], "genome": "r(65,74) a(29,38) d(67) r(73,76) d(6) d(66) d(5) r(71,67)", "fitness": 0.0}
{"generation": 8, "position": 46, "parents": [22], "genome": "r(65,52) d(74) d(5) r(71,57) a(66,90) r(34,35) d(29) d(67) r(72,91) r(6,70) d(66) a(69,43) a(64,56) r(35,50)", "fitness": 0.0}
{"generation": 8, "position": 47, "parents": [29], "genome": "d(74) d(65) d(6) r(66,49) d(69) r(64,67) r(66,45) r(5,57) d(34) r(35,51) d(29)", "fitness": 0.0}
{"generation": 8, "position": 48, "parents": [52, 28], "genome": "r(65,52) d(73) r(66,64) a(64,56)", "fitness": 3.0}
{"generation": 8, "position": 49, "parents": [52, 28], "genome": "r(65,52) a(69,63) a(5,45) r(6,46) a(67,74) a(64,69) a(67,74) r(72,50) a(64,67)", "fitness": 0.0}
{"generation": 8, "position": 50, "parents": [52], "genome": "r(65,52) a(67,74) r(72,50) d(29)", "fitness": 0.0}
{"generation": 8, "position": 51, "parents": [28], "genome": "r(65,52) a(69,63) a(5,45) r(6,46) a(67,74) a(64,69) d(73) r(66,64) r(34,41)", "fitness": 0.0}
{"generation": 8, "position": 52, "parents": [39], "genome": "r(65,74) a(29,38) d(67) r(72,91) r(6,70) a(34,70) r(35,91) a(29,55) a(69,56)", "fitness": 0.0}
{"generation": 8, "position": 53, "parents": [30], "genome": "r(65,52) d(6) r(66,49) d(29) r(64,74) a(5,54) r(5,56)", "fitness": 15.0}
{"generation": 8, "position": 54, "parents": [36], "genome": "d(74) d(65) d(6) r(66,49) d(69) r(64,67) r(66,45) r(5,57) a(29,40) d(34) a(29,46)", "fitness": 0.0}
{"generation": 8, "position": 55, "parents": [22], "genome": "r(65,52) d(74) d(5) r(71,57) a(66,90) r(34,35) d(29) d(67) r(72,91) r(6,70) d(66) a(69,43) a(64,56) d(64)", "fitness": 15.0}
{"generation": 8, "position": 56, "parents": [5], "genome": "r(65,52) d(74) a(73,71) r(29,45) r(72,91) r(6,70) d(66) a(69,43) a(71,104) r(69,91)", "fitness": 0.0}
{"generation": 9, "position": 0, "parents": [16, 20], "genome": "r(65,74) a(29,38) d(67) r(72,91) r(6,70) d(66) r(35,40)", "fitness": 0.0}
{"generation": 9, "position": 1, "parents": [16, 20], "genome": "r(65,74) a(29,38) d(67) r(73,76) a(5,45) r(6,46) a(67,74) a(64,69) d(73) r(66,64) r(71,55) a(69,43) d(35) a(5,43) d(29) a(71,49) r(72,69)", "fitness": 0.0}
{"generation": 9, "position": 2, "parents": [16], "genome": "r(65,74) a(29,38) d(67) r(72,91) r(6,70) d(66) a(69,43) d(35) a(5,43) d(29) a(71,49) a(71,40)", "fitness": 0.0}
{"generation": 9, "position": 3, "parents": [20], "genome": "r(65,74) a(29,38) d(67) r(73,76) a(5,45) r(6,46) a(67,74) a(64,69) d(73) r(66,64) r(71,55) r(69,104)", "fitness": 0.0}
{"generation": 9, "position": 4, "parents": [22], "genome": "r(65,74) a(29,38) d(67) r(73,76) d(6) d(66) d(5) a(72,34) a(35,37)", "fitness": 15.0}
{"generation": 9, "position": 5, "parents": [34], "genome": "d(74) d(65) d(6) r(66,49) d(69) d(71) a(69,75) a(64,99) d(64)", "fitness": 0.0}
{"generation": 9, "position": 6, "parents": [40], "genome": "r(65,52) d(74) d(5) a(72,62) a(67,74) a(64,69) r(73,52) d(71) a(35,71) d(66) r(64,76)", "fitness": 0.0}
{"generation": 9, "position": 7, "parents": [20], "genome": "r(65,74) a(29,38) d(67) r(73,76) a(5,45) r(6,46) a(67,74) a(64,69) d(73) r(66,64) r(71,55) r(69,90)", "fitness": 0.0}
{"generation": 9, "position": 8, "parents": [54], "genome": "d(74) d(65) d(6) r(66,49) d(69) r(64,67) r(66,45) r(5,57) a(29,40) d(34) a(29,46) r(29,57)", "fitness": 0.0}
{"generation": 9, "position": 9, "parents": [21], "genome": "r(65,52) a(69,63) d(6) d(66) d(5) r(72,49) d(35)", "fitness": 0.0}
{"generation": 9, "position": 10, "parents": [30, 36], "genome": "a(73,40) d(69) r(64,67) r(66,45) r(5,57) d(34) a(67,74) a(64,69) d(73) r(35,40) a(29,38) d(29)", "fitness": 0.0}
{"generation": 9, "position": 11, "parents": [30, 36], "genome": "d(74) d(65) d(6) r(66,49) d(69) r(5,105) d(35) a(29,52) d(72) a(69,105) r(29,39) d(73)", "fitness": 0.0}
{"generation": 9, "position": 12, "parents": [30], "genome": "a(73,40) d(69) r(5,105) d(35) a(29,52) d(72) a(69,105) r(29,39) a(65,38)", "fitness": 0.0}
{"generation": 9, "position": 13, "parents": [36], "genome": "d(74) d(65) d(6) r(66,49) d(69) r(64,67) r(66,45) r(5,57) d(34) a(67,74) a(64,69) d(73) r(35,40) a(29,38) d(29)", "fitness": 0.0}
{"generation": 9, "position": 14, "parents": [36, 52], "genome": "d(74) d(65) d(6) r(66,49) d(69) r(64,67) r(66,45) r(5,57) r(6,70) a(34,70) r(35,91) a(29,55) a(69,56) r(29,5)", "fitness": 15.0}
{"generation": 9, "position": 15, "parents": [36, 52], "genome": "r(65,74) a(29,38) d(67) r(72,91) d(34) a(67,74) a(64,69) d(73) r(35,40) a(29,38) d(66)", "fitness": 15.0}
{"generation": 9, "position": 16, "parents": [36], "genome": "d(74) d(65) d(6) r(66,49) d(69) r(64,67) r(66,45) r(5,57) d(34) a(67,74) a(64,69) d(73) r(35,40) a(29,38) a(29,5)", "fitness": 15.0}
{"generation": 9, "position": 17, "parents": [52], "genome": "r(65,74) a(29,38) d(67) r(72,91) r(6,70) a(34,70) r(35,91) a(29,55) a(69,56) a(74,104)", "fitness": 0.0}
{"generation": 9, "position": 18, "parents": [52, 26], "genome": "r(65,74) a(29,38) d(67) r(72,91) r(6,70) a(34,70) r(35,91) a(29,55) a(69,56) r(64,91) a(35,90) a(34,56)", "fitness": 0.0}
{"generation": 9, "position": 19, "parents": [52, 26], "genome": "a(29,47) a(66,90) r(34,35) a(66,104) a(74,57)", "fitness": 0.0}
{"generation": 9, "position": 20, "parents": [52], "genome": "r(65,74) a(29,38) d(67) r(72,91) r(6,70) a(34,70) r(35,91) a(29,55) a(69,56) a(29,54)", "fitness": 0.0}
{"generation": 9, "position": 21, "parents": [26], "genome": "a(29,47) a(66,90) r(34,35) a(66,104) r(64,91) a(35,90) a(5,62)", "fitness": 0.0}
{"generation": 9, "position": 22, "parents": [35, 17], "genome": "r(65,52) d(6) r(66,49) d(29) r(73,52) d(71) a(34,63) a(5,58)", "fitness": 0.0}
{"generation": 9, "position": 23, "parents": [35, 17], "genome": "d(74) d(65) d(6) r(66,49) d(69) r(64,67) r(64,67) r(66,45) r(5,57) d(34) a(67,74) a(64,69) d(73) r(35,40) r(29,34)", "fitness": 0.0}
{"generation": 9, "position": 24, "parents": [35], "genome": "r(65,52) d(6) r(66,49) d(29) r(73,52) r(64,67) r(66,45) r(5,57) d(34) a(67,74) a(64,69) d(73) r(35,40)", "fitness": 0.0}
{"generation": 9, "position": 25, "parents": [17], "genome": "d(74) d(65) d(6) r(66,49) d(69) r(64,67) d(71) a(34,63) r(34,56)", "fitness": 0.0}
{"generation": 9, "position": 26, "parents": [7], "genome": "r(65,74) a(29,38) d(67) r(72,91) a(6,62) r(29,43) a(35,5) a(69,105) a(74,70) r(74,91)", "fitness": 0.0}
{"generation": 9, "position": 27, "parents": [25], "genome": "r(65,52) d(74) a(73,71) r(29,45) r(73,76) d(6) d(66) a(66,104) r(64,91) d(5) r(35,5)", "fitness": 0.0}
{"generation": 9, "position": 28, "parents": [28], "genome": "r(65,52) a(29,38) a(74,76) d(66) a(74,105) a(71,62) r(71,40)", "fitness": 0.0}
{"generation": 9, "position": 29, "parents": [47], "genome": "d(74) d(65) d(6) r(66,49) d(69) r(64,67) r(66,45) r(5,57) d(34) r(35,51) d(29)", "fitness": 0.0}
{"generation": 9, "position": 30, "parents": [16, 32], "genome": "r(65,74) a(29,38) d(67) r(72,91) r(6,70) d(66) a(69,43) d(35) a(64,71) d(67) d(64)", "fitness": 0.0}
{"generation": 9, "position": 31, "parents": [16, 32], "genome": "a(73,40) d(69) r(5,105) d(35) a(29,52) d(72) d(29) a(5,43) d(29) a(71,49) d(74)", "fitness": 0.0}
{"generation": 9, "position": 32, "parents": [16], "genome": "r(65,74) a(29,38) d(67) r(72,91) r(6,70) d(66) a(69,43) d(35) a(5,43) d(29) a(71,49) a(73,45)", "fitness": 0.0}
{"generation": 9, "position": 33, "parents": [32], "genome": "a(73,40) d(69) r(5,105) d(35) a(29,52) d(72) d(29) a(64,71) d(67) a(64,74)", "fitness": 0.0}
{"generation": 9, "position": 34, "parents": [45, 36], "genome": "r(65,74) d(65) d(6) r(66,49) d(69) r(64,67) r(66,45) r(5,57) d(34) a(67,74) a(64,69) d(73) r(35,40) a(29,38) r(29,67)", "fitness": 0.0}
{"generation": 9, "position": 35, "parents": [45, 36], "genome": "d(74) a(29,38) d(67) r(73,76) d(6) d(66) d(5) r(71,67) r(65,50)", "fitness": 0.0}
{"generation": 9, "position": 36, "parents": [45], "genome": "r(65,74) a(29,38) d(67) r(73,76) d(6) d(66) d(5) r(71,67) r(72,62)", "fitness": 0.0}
{"generation": 9, "position": 37, "parents": [36], "genome": "d(74) d(65) d(6) r(66,49) d(69) r(64,67) r(66,45) r(5,57) d(34) a(67,74) a(64,69) d(73) r(35,40) a(29,38) r(29,50)", "fitness": 0.0}
{"generation": 9, "position": 38, "parents": [7], "genome": "r(65,74) a(29,38) d(67) r(72,91) a(6,62) r(29,43) a(35,5) a(69,105) a(74,70) a(6,105)", "fitness": 0.0}
{"generation": 9, "position": 39, "parents": [50], "genome": "r(65,52) a(67,74) r(72,50) d(29) r(35,105)", "fitness": 0.0}
{"generation": 9, "position": 40, "parents": [12, 35], "genome": "r(65,74) a(29,38) d(67) d(34) a(67,74) a(64,69) d(73) r(35,40) d(71)", "fitness": 15.0}
{"generation": 9, "position": 41, "parents": [12, 35], "genome": "r(65,52) d(6) r(66,49) d(29) r(73,52) r(64,67) r(66,45) r(5,57) r(72,91) a(6,62) r(29,43) a(35,5) a(69,105) d(74) d(35)", "fitness": 0.0}
{"generation": 9, "position": 42, "parents": [12], "genome": "r(65,74) a(29,38) d(67) r(72,91) a(6,62) r(29,43) a(35,5) a(69,105) d(74) d(5)", "fitness": 0.0}
{"generation": 9, "position": 43, "parents": [35], "genome": "r(65,52) d(6) r(66,49) d(29) r(73,52) r(64,67) r(66,45) r(5,57) d(34) a(67,74) a(64,69) d(73) r(35,40)", "fitness": 0.0}
{"generation": 9, "position": 44, "parents": [25], "genome": "r(65,52) d(74) a(73,71) r(29,45) r(73,76) d(6) d(66) a(66,104) r(64,91) d(5) a(35,43)", "fitness": 0.0}
{"generation": 9, "position": 45, "parents": [13], "genome": "r(65,52) d(67) d(71) d(73) a(74,73) d(69) r(64,49) d(29) r(5,56)", "fitness": 15.0}
{"generation": 9, "position": 46, "parents": [8, 51], "genome": "r(65,52) a(29,38) a(74,76) a(69,63) a(5,45) r(6,46) a(67,74) a(64,69) d(73) r(29,40) a(64,105) a(69,63) a(5,45) r(6,46) a(67,74) a(64,69) d(73) r(66,64) r(34,41) r(35,57)", "fitness": 0.0}
{"generation": 9, "position": 47, "parents": [8, 51], "genome": "r(65,52) d(5)", "fitness": 0.0}
{"generation": 9, "position": 48, "parents": [8], "genome": "r(65,52) a(29,38) a(74,76) a(69,63) a(5,45) r(6,46) a(67,74) a(64,69) d(73) r(29,40) a(64,105) d(74)", "fitness": 0.0}
{"generation": 9, "position": 49, "parents": [51], "genome": "r(65,52) a(69,63) a(5,45) r(6,46) a(67,74) a(64,69) d(73) r(66,64) r(34,41) d(72)", "fitness": 0.0}
{"generation": 9, "position": 50, "parents": [50, 15], "genome": "r(65,52) a(67,74) r(72,50) r(6,70) a(34,70) r(35,91) a(29,55) a(64,104) r(67,71)", "fitness": 0.0}
{"generation": 9, "position": 51, "parents": [50, 15], "genome": "r(65,74) a(29,38) d(67) r(72,91) d(29) a(69,34)", "fitness": 0.0}
{"generation": 9, "position": 52, "parents": [50], "genome": "r(65,52) a(67,74) r(72,50) d(29) r(35,51)", "fitness": 0.0}
{"generation": 9, "position": 53, "parents": [15], "genome": "r(65,74) a(29,38) d(67) r(72,91) r(6,70) a(34,70) r(35,91) a(29,55) a(64,104) r(29,55)", "fitness": 0.0}
{"generation": 9, "position": 54, "parents": [37, 11], "genome": "r(65,52) a(35,5) a(69,105) a(5,67) d(29)", "fitness": 0.0}
{"generation": 9, "position": 55, "parents": [37, 11], "genome": "r(65,52) d(67) d(6) r(66,49) d(29) r(73,52) d(71) a(69,75) r(35,62) a(64,70)", "fitness": 0.0}
{"generation": 9, "position": 56, "parents": [37], "genome": "r(65,52) d(6) r(66,49) d(29) r(73,52) d(71) a(69,75) r(35,62) a(72,38)", "fitness": 0.0}
{"generation": 9, "position": 57, "parents": [11], "genome": "r(65,52) d(67) a(35,5) a(69,105) a(5,67) r(64,88)", "fitness": 0.0}
{"generation": 9, "position": 58, "parents": [11], "genome": "r(65,52) d(67) a(35,5) a(69,105) a(5,67) r(64,55)", "fitness": 0.0}
{"generation": 9, "position": 59, "parents": [26], "genome": "a(29,47) a(66,90) r(34,35) a(66,104) r(64,91) a(35,90) d(29)", "fitness": 0.0}
{"generation": 9, "position": 60, "parents": [3, 37], "genome": "r(65,74) a(29,38) d(67) r(72,91) a(73,52) a(5,41) r(35,62) a(34,99)", "fitness": 0.0}
{"generation": 9, "position": 61, "parents": [3, 37], "genome": "r(65,52) d(6) r(66,49) d(29) r(73,52) d(71) a(69,75) a(5,35) r(64,34) d(5) r(35,91)", "fitness": 15.0}
{"generation": 9, "position": 62, "parents": [3], "genome": "r(65,74) a(29,38) d(67) r(72,91) a(73,52) a(5,41) a(5,35) r(64,34) d(5) d(29)", "fitness": 0.0}
{"generation": 10, "position": 0, "parents": [35, 22], "genome": "d(74) a(29,38) d(67) r(73,76) d(6) d(66) d(5) d(6) r(66,49) d(29) r(73,52) d(71) a(34,63) a(5,58) d(64)", "fitness": 0.0}
{"generation": 10, "position": 1, "parents": [35, 22], "genome": "r(65,52) r(71,67) r(65,50) a(6,58)", "fitness": 0.0}
{"generation": 10, "position": 2, "parents": [35], "genome": "d(74) a(29,38) d(67) r(73,76) d(6) d(66) d(5) r(71,67) r(65,50) a(34,55)", "fitness": 0.0}
{"generation": 10, "position": 3, "parents": [22], "genome": "r(65,52) d(6) r(66,49) d(29) r(73,52) d(71) a(34,63) a(5,58) r(5,58)", "fitness": 0.0}
{"generation": 10, "position": 4, "parents": [38, 23], "genome": "r(65,74) a(29,38) d(67) r(72,91) a(6,62) r(29,43) a(35,5) a(69,105) a(74,70) d(73) r(35,40) r(29,34) d(69)", "fitness": 0.0}
{"generation": 10, "position": 5, "parents": [38, 23], "genome": "d(74) d(65) d(6) r(66,49) d(69) r(64,67) r(64,67) r(66,45) r(5,57) d(34) a(67,74) a(64,69) a(6,105) r(35,36)", "fitness": 0.0}
{"generation": 10, "position": 6, "parents": [38], "genome": "r(65,74) a(29,38) d(67) r(72,91) a(6,62) r(29,43) a(35,5) a(69,105) a(74,70) a(6,105) a(69,52)", "fitness": 0.0}
{"generation": 10, "position": 7, "parents": [23], "genome": "d(74) d(65) d(6) r(66,49) d(69) r(64,67) r(64,67) r(66,45) r(5,57) d(34) a(67,74) a(64,69) d(73) r(35,40) r(29,34)", "fitness": 0.0}
{"generation": 10, "position": 8, "parents": [21], "genome": "a(29,47) a(66,90) r(34,35) a(66,104) r(64,91) a(35,90) a(5,62) a(5,56)", "fitness": 15.0}
{"generation": 10, "position": 9, "parents": [19], "genome": "a(29,47) a(66,90) r(34,35) a(66,104) a(74,57) r(5,67)", "fitness": 0.0}
{"generation": 10, "position": 10, "parents": [63, 8], "genome": "r(65,52) d(6) r(66,49) d(29) r(73,52) d(71) r(64,67)", "fitness": 0.0}
{"generation": 10, "position": 11, "parents": [63, 8], "genome": "d(74) d(65) d(6) r(66,49) d(69) r(64,67) r(66,45) r(5,57) a(29,40) d(34) a(29,46) r(29,57) a(69,75) r(35,62) d(69)", "fitness": 15.0}
{"generation": 10, "position": 12, "parents": [63], "genome": "r(65,52) d(6) r(66,49) d(29) r(73,52) d(71) a(69,75) r(35,62) d(69) r(5,37)", "fitness": 15.0}
{"generation": 10, "position": 13, "parents": [8], "genome": "d(74) d(65) d(6) r(66,49) d(69) r(64,67) r(66,45) r(5,57) a(29,40) d(34) a(29,46) r(29,57) r(35,52)", "fitness": 15.0}
{"generation": 10, "position": 14, "parents": [37, 51], "genome": "d(74) d(65) d(6) r(66,49) d(69) r(64,67) r(66,45) r(5,57) a(69,34) a(29,70)", "fitness": 0.0}
{"generation": 10, "position": 15, "parents": [37, 51], "genome": "r(65,74) a(29,38) d(67) r(72,91) d(29) d(34) a(67,74) a(64,69) d(73) r(35,40) a(29,38) r(29,50) d(71)", "fitness": 0.0}
{"generation": 10, "position": 16, "parents": [37], "genome": "d(74) d(65) d(6) r(66,49) d(69) r(64,67) r(66,45) r(5,57) d(34) a(67,74) a(64,69) d(73) r(35,40) a(29,38) r(29,50)", "fitness": 0.0}
{"generation": 10, "position": 17, "parents": [51], "genome": "r(65,74) a(29,38) d(67) r(72,91) d(29) a(69,34) a(5,53)", "fitness": 0.0}
{"generation": 10, "position": 18, "parents": [1], "genome": "r(65,74) a(29,38) d(67) r(73,76) a(5,45) r(6,46) a(67,74) a(64,69) d(73) r(66,64) r(71,55) a(69,43) d(35) a(5,43) d(29) a(71,49) r(72,69) r(69,63)", "fitness": 0.0}
{"generation": 10, "position": 19, "parents": [63], "genome": "r(65,52) d(6) r(66,49) d(29) r(73,52) d(71) a(69,75) r(35,62) d(69) d(64)", "fitness": 0.0}
{"generation": 10, "position": 20, "parents": [57], "genome": "r(65,52) d(67) a(35,5) a(69,105) a(5,67) r(64,88) a(6,45)", "fitness": 0.0}
{"generation": 10, "position": 21, "parents": [53], "genome": "r(65,74) a(29,38) d(67) r(72,91) r(6,70) a(34,70) r(35,91) a(29,55) a(64,104) r(29,55) a(74,55)", "fitness": 0.0}
{"generation": 10, "position": 22, "parents": [53], "genome": "r(65,74) a(29,38) d(67) r(72,91) r(6,70) a(34,70) r(35,91) a(29,55) a(64,104) r(29,55) r(69,90)", "fitness": 0.0}
{"generation": 10, "position": 23, "parents": [1], "genome": "r(65,74) a(29,38) d(67) r(73,76) a(5,45) r(6,46) a(67,74) a(64,69) d(73) r(66,64) r(71,55) a(69,43) d(35) a(5,43) d(29) a(71,49) r(72,69) d(5)", "fitness": 0.0}
{"generation": 10, "position": 24, "parents": [17], "genome": "r(65,74) a(29,38) d(67) r(72,91) r(6,70) a(34,70) r(35,91) a(29,55) a(69,56) a(74,104) a(34,57)", "fitness": 0.0}
{"generation": 10, "position": 25, "parents": [19], "genome": "a(29,47) a(66,90) r(34,35) a(66,104) a(74,57) r(69,45)", "fitness": 0.0}
{"generation": 10, "position": 26, "parents": [47, 60], "genome": "r(65,52) d(5) a(5,41) r(35,62) a(34,99) a(34,36)", "fitness": 0.0}
{"generation": 10, "position": 27, "parents": [47, 60], "genome": "r(65,74) a(29,38) d(67) r(72,91) a(73,52) a(35,42)", "fitness": 0.0}
{"generation": 10, "position": 28, "parents": [47], "genome": "r(65,52) d(5) a(34,57)", "fitness": 0.0}
{"generation": 10, "position": 29, "parents": [60], "genome": "r(65,74) a(29,38) d(67) r(72,91) a(73,52) a(5,41) r(35,62) a(34,99) d(29)", "fitness": 0.0}
{"generation": 10, "position": 30, "parents": [54, 52], "genome": "r(65,52) a(35,5) r(35,51) a(34,44)", "fitness": 15.0}
{"generation": 10, "position": 31, "parents": [54, 52], "genome": "r(65,52) a(67,74) r(72,50) d(29) a(69,105) a(5,67) d(29) a(5,58)", "fitness": 0.0}
{"generation": 10, "position": 32, "parents": [54], "genome": "r(65,52) a(35,5) a(69,105) a(5,67) d(29) a(66,73)", "fitness": 0.0}
{"generation": 10, "position": 33, "parents": [52], "genome": "r(65,52) a(67,74) r(72,50) d(29) r(35,51) r(73,105)", "fitness": 0.0}
{"generation": 10, "position": 34, "parents": [26], "genome": "r(65,74) a(29,38) d(67) r(72,91) a(6,62) r(29,43) a(35,5) a(69,105) a(74,70) r(74,91) r(5,29)", "fitness": 0.0}
{"generation": 10, "position": 35, "parents": [58], "genome": "r(65,52) d(67) a(35,5) a(69,105) a(5,67) r(64,55) d(5)", "fitness": 0.0}
{"generation": 10, "position": 36, "parents": [3], "genome": "r(65,74) a(29,38) d(67) r(73,76) a(5,45) r(6,46) a(67,74) a(64,69) d(73) r(66,64) r(71,55) r(69,104) a(29,70)", "fitness": 0.0}
{"generation": 10, "position": 37, "parents": [55], "genome": "r(65,52) d(67) d(6) r(66,49) d(29) r(73,52) d(71) a(69,75) r(35,62) a(64,70) d(5)", "fitness": 0.0}
{"generation": 10, "position": 38, "parents": [13], "genome": "d(74) d(65) d(6) r(66,49) d(69) r(64,67) r(66,45) r(5,57) d(34) a(67,74) a(64,69) d(73) r(35,40) a(29,38) d(29)", "fitness": 0.0}
{"generation": 10, "position": 39, "parents": [1], "genome": "r(65,74) a(29,38) d(67) r(73,76) a(5,45) r(6,46) a(67,74) a(64,69) d(73) r(66,64) r(71,55) a(69,43) d(35) a(5,43) d(29) a(71,49) r(72,69) d(5)", "fitness": 0.0}
{"generation": 10, "position": 40, "parents": [44, 15], "genome": "r(65,52) d(74) a(73,71) r(29,45) r(73,76) d(6) d(66) a(66,104) d(73) r(35,40) a(29,38) d(66) r(72,88)", "fitness": 0.0}
{"generation": 10, "position": 41, "parents": [44, 15], "genome": "r(65,74) a(29,38) d(67) r(72,91) d(34) a(67,74) a(64,69) r(64,91) d(5) a(35,43) d(35)", "fitness": 0.0}
{"generation": 10, "position": 42, "parents": [44], "genome": "r(65,52) d(74) a(73,71) r(29,45) r(73,76) d(6) d(66) a(66,104) r(64,91) d(5) a(35,43) d(35)", "fitness": 0.0}
{"generation": 10, "position": 43, "parents": [15], "genome": "r(65,74) a(29,38) d(67) r(72,91) d(34) a(67,74) a(64,69) d(73) r(35,40) a(29,38) d(66) d(6)", "fitness": 0.0}
{"generation": 10, "position": 44, "parents": [2], "genome": "r(65,74) a(29,38) d(67) r(72,91) r(6,70) d(66) a(69,43) d(35) a(5,43) d(29) a(71,49) a(71,40) r(73,75)", "fitness": 0.0}
{"generation": 10, "position": 45, "parents": [34], "genome": "r(65,74) d(65) d(6) r(66,49) d(69) r(64,67) r(66,45) r(5,57) d(34) a(67,74) a(64,69) d(73) r(35,40) a(29,38) r(29,67)", "fitness": 0.0}
{"generation": 10, "position": 46, "parents": [41, 51], "genome": "r(65,52) d(6) a(69,34) a(34,57)", "fitness": 0.0}
{"generation": 10, "position": 47, "parents": [41, 51], "genome": "r(65,74) a(29,38) d(67) r(72,91) d(29) r(66,49) d(29) r(73,52) r(64,67) r(66,45) r(5,57) r(72,91) a(6,62) r(29,43) a(35,5) a(69,105) d(74) d(35)", "fitness": 0.0}
{"generation": 10, "position": 48, "parents": [41], "genome": "r(65,52) d(6) r(66,49) d(29) r(73,52) r(64,67) r(66,45) r(5,57) r(72,91) a(6,62) r(29,43) a(35,5) a(69,105) d(74) d(35)", "fitness": 0.0}
{"generation": 10, "position": 49, "parents": [51], "genome": "r(65,74) a(29,38) d(67) r(72,91) d(29) a(69,34) r(71,76)", "fitness": 0.0}
{"generation": 10, "position": 50, "parents": [30], "genome": "r(65,74) a(29,38) d(67) r(72,91) r(6,70) d(66) a(69,43) d(35) a(64,71) d(67) d(64) d(34)", "fitness": 0.0}
{"generation": 10, "position": 51, "parents": [58], "genome": "r(65,52) d(67) a(35,5) a(69,105) a(5,67) r(64,55) a(5,47)", "fitness": 0.0}
{"generation": 10, "position": 52, "parents": [55, 21], "genome": "r(65,52) a(66,104) r(64,91) a(35,90) a(5,62) a(6,34)", "fitness": 0.0}
{"generation": 10, "position": 53, "parents": [55, 21], "genome": "a(29,47) a(66,90) r(34,35) d(67) d(6) r(66,49) d(29) r(73,52) d(71) a(69,75) r(35,62) a(64,70) r(72,40)", "fitness": 0.0}
{"generation": 10, "position": 54, "parents": [55], "genome": "r(65,52) d(67) d(6) r(66,49) d(29) r(73,52) d(71) a(69,75) r(35,62) a(64,70) a(69,73)", "fitness": 0.0}
{"generation": 10, "position": 55, "parents": [21], "genome": "a(29,47) a(66,90) r(34,35) a(66,104) r(64,91) a(35,90) a(5,62) r(6,46)", "fitness": 0.0}
{"generation": 10, "position": 56, "parents": [0], "genome": "r(65,74) a(29,38) d(67) r(72,91) r(6,70) d(66) r(35,40) a(74,55)", "fitness": 0.0}