[meta]
{"program": "genprog-3.0", "problem": {"ideal_fitness": "15", "type": "repair", "name": "uniq", "enclosure": {"1": 0, "2": 0, "3": 0, "4": 0, "5": 0, "6": 5, "7": 6, "9": 5, "10": 9, "11": 9, "12": 11, "13": 11, "14": 9, "15": 9, "17": 9, "18": 5, "19": 18, "20": 18, "21": 18, "23": 18, "24": 5, "25": 5, "26": 25, "27": 25, "29": 0, "30": 29, "31": 29, "32": 31, "33": 31, "34": 29, "35": 0, "36": 0, "37": 36, "38": 36, "39": 0, "40": 39, "41": 39, "42": 39, "43": 42, "44": 42, "45": 42, "46": 39, "47": 39, "48": 47, "49": 47, "50": 47, "51": 47, "52": 51, "53": 51, "54": 51, "55": 54, "56": 54, "57": 54, "58": 51, "59": 51, "60": 59, "62": 47, "63": 47, "64": 0, "65": 64, "66": 64, "67": 66, "69": 64, "70": 69, "71": 69, "72": 64, "73": 64, "74": 64, "75": 0, "76": 0, "78": 0, "79": 78, "80": 78, "81": 78, "83": 0, "85": 83, "86": 0, "87": 0, "88": 0, "89": 0, "90": 0, "91": 0, "92": 0, "93": 0, "94": 0, "95": 94, "96": 94, "97": 94, "98": 94, "99": 98, "101": 94, "102": 94, "103": 94, "104": 103, "105": 103, "106": 0, "107": 106, "108": 106, "109": 0, "110": 0, "111": 0, "112": 0, "113": 0, "114": 113, "115": 113, "116": 113, "117": 116, "119": 113, "120": 119, "121": 120, "122": 120, "123": 122, "125": 119, "126": 113, "127": 126, "129": 127, "131": 129, "133": 131, "134": 126, "135": 0, "136": 135, "137": 135, "138": 135, "139": 138, "140": 139, "143": 135, "144": 0, "145": 0, "146": 0}}, "version": "0.0.2", "seed": 37, "algorithm": {"representation": "patch", "type": "genetic", "name": "ALGORITHM-NAME"}}

[data]
{"generation": 0, "position": 0, "parents": [], "genome": "r(71,40)", "fitness": 5.0}
{"generation": 0, "position": 1, "parents": [], "genome": "a(5,88)", "fitness": 5.0}
{"generation": 0, "position": 2, "parents": [], "genome": "d(34)", "fitness": 5.0}
{"generation": 0, "position": 3, "parents": [], "genome": "r(67,44)", "fitness": 15.0}
{"generation": 0, "position": 4, "parents": [], "genome": "a(5,88)", "fitness": 5.0}
{"generation": 0, "position": 5, "parents": [], "genome": "d(74)", "fitness": 15.0}
{"generation": 0, "position": 6, "parents": [], "genome": "d(29)", "fitness": 5.0}
{"generation": 0, "position": 7, "parents": [], "genome": "d(34)", "fitness": 5.0}
{"generation": 0, "position": 8, "parents": [], "genome": "a(29,67)", "fitness": 5.0}
{"generation": 0, "position": 9, "parents": [], "genome": "a(64,71)", "fitness": 5.0}
{"generation": 0, "position": 10, "parents": [], "genome": "r(6,55)", "fitness": 0.0}
{"generation": 0, "position": 11, "parents": [], "genome": "d(64)", "fitness": 0.0}
{"generation": 0, "position": 12, "parents": [], "genome": "a(73,43)", "fitness": 5.0}
{"generation": 0, "position": 13, "parents": [], "genome": "d(5)", "fitness": 5.0}
{"generation": 0, "position": 14, "parents": [], "genome": "r(5,44)", "fitness": 15.0}
{"generation": 0, "position": 15, "parents": [], "genome": "a(73,57)", "fitness": 5.0}
{"generation": 0, "position": 16, "parents": [], "genome": "a(66,99)", "fitness": 5.0}
{"generation": 0, "position": 17, "parents": [], "genome": "a(35,90)", "fitness": 5.0}
{"generation": 0, "position": 18, "parents": [], "genome": "a(66,67)", "fitness": 5.0}
{"generation": 0, "position": 19, "parents": [], "genome": "r(67,40)", "fitness": 5.0}
{"generation": 0, "position": 20, "parents": [], "genome": "a(35,41)", "fitness": 5.0}
{"generation": 0, "position": 21, "parents": [], "genome": "d(71)", "fitness": 5.0}
{"generation": 0, "position": 22, "parents": [], "genome": "r(5,55)", "fitness": 5.0}
{"generation": 0, "position": 23, "parents": [], "genome": "r(65,62)", "fitness": 0.0}
{"generation": 0, "position": 24, "parents": [], "genome": "a(74,105)", "fitness": 5.0}
{"generation": 0, "position": 25, "parents": [], "genome": "d(5)", "fitness": 5.0}
{"generation": 0, "position": 26, "parents": [], "genome": "d(34)", "fitness": 5.0}
{"generation": 0, "position": 27, "parents": [], "genome": "d(65)", "fitness": 0.0}
{"generation": 0, "position": 28, "parents": [], "genome": "a(71,56)", "fitness": 15.0}
{"generation": 0, "position": 29, "parents": [], "genome": "r(69,88)", "fitness": 0.0}
{"generation": 0, "position": 30, "parents": [], "genome": "a(66,52)", "fitness": 5.0}
{"generation": 0, "position": 31, "parents": [], "genome": "r(73,65)", "fitness": 15.0}
{"generation": 0, "position": 32, "parents": [], "genome": "a(5,55)", "fitness": 5.0}
{"generation": 0, "position": 33, "parents": [], "genome": "d(72)", "fitness": 15.0}
{"generation": 0, "position": 34, "parents": [], "genome": "d(34)", "fitness": 5.0}
{"generation": 0, "position": 35, "parents": [], "genome": "d(29)", "fitness": 5.0}
{"generation": 0, "position": 36, "parents": [], "genome": "d(66)", "fitness": 3.0}
{"generation": 0, "position": 37, "parents": [], "genome": "a(73,67)", "fitness": 5.0}
{"generation": 0, "position": 38, "parents": [], "genome": "a(73,91)", "fitness": 15.0}
{"generation": 0, "position": 39, "parents": [], "genome": "original", "fitness": 5.0}
{"generation": 1, "position": 0, "parents": [34], "genome": "d(34) r(72,63)", "fitness": 15.0}
{"generation": 1, "position": 1, "parents": [36], "genome": "d(66) a(74,90)", "fitness": 3.0}
{"generation": 1, "position": 2, "parents": [34, 22], "genome": "d(34) a(64,52)", "fitness": 5.0}
{"generation": 1, "position": 3, "parents": [34, 22], "genome": "r(5,55) a(66,43)", "fitness": 5.0}
{"generation": 1, "position": 4, "parents": [34], "genome": "d(34) r(35,54)", "fitness": 15.0}
{"generation": 1, "position": 5, "parents": [22], "genome": "r(5,55) a(71,75)", "fitness": 5.0}
{"generation": 1, "position": 6, "parents": [15, 15], "genome": "a(73,57) r(65,99)", "fitness": 0.0}
{"generation": 1, "position": 7, "parents": [15, 15], "genome": "a(73,57) r(69,88)", "fitness": 0.0}
{"generation": 1, "position": 8, "parents": [15], "genome": "a(73,57) a(6,62)", "fitness": 5.0}
{"generation": 1, "position": 9, "parents": [15], "genome": "a(73,57) d(65)", "fitness": 0.0}
{"generation": 1, "position": 10, "parents": [0, 26], "genome": "r(71,40) a(67,74)", "fitness": 1.0}
{"generation": 1, "position": 11, "parents": [0, 26], "genome": "d(34) d(71)", "fitness": 5.0}
{"generation": 1, "position": 12, "parents": [0], "genome": "r(71,40) r(65,73)", "fitness": 0.0}
{"generation": 1, "position": 13, "parents": [26], "genome": "d(34) d(66)", "fitness": 3.0}
{"generation": 1, "position": 14, "parents": [19], "genome": "r(67,40) r(72,64)", "fitness": 3.0}
{"generation": 1, "position": 15, "parents": [13], "genome": "d(5) r(66,40)", "fitness": 3.0}
{"generation": 1, "position": 16, "parents": [16, 17], "genome": "a(66,99) r(67,74)", "fitness": 1.0}
{"generation": 1, "position": 17, "parents": [16, 17], "genome": "a(35,90) d(6)", "fitness": 0.0}
{"generation": 1, "position": 18, "parents": [16], "genome": "a(66,99) d(69)", "fitness": 0.0}
{"generation": 1, "position": 19, "parents": [17], "genome": "a(35,90) a(73,37)", "fitness": 15.0}
{"generation": 1, "position": 20, "parents": [11, 22], "genome": "d(64) d(35)", "fitness": 15.0}
{"generation": 1, "position": 21, "parents": [11, 22], "genome": "r(5,55) r(67,63)", "fitness": 5.0}
{"generation": 1, "position": 22, "parents": [11], "genome": "d(64) r(6,71)", "fitness": 0.0}
{"generation": 1, "position": 23, "parents": [22], "genome": "r(5,55) a(71,57)", "fitness": 5.0}
{"generation": 1, "position": 24, "parents": [8, 11], "genome": "a(29,67) r(64,69)", "fitness": 0.0}
{"generation": 1, "position": 25, "parents": [8, 11], "genome": "d(64) r(5,63)", "fitness": 0.0}
{"generation": 1, "position": 26, "parents": [8], "genome": "a(29,67) a(35,105)", "fitness": 5.0}
{"generation": 1, "position": 27, "parents": [11], "genome": "d(64) a(29,55)", "fitness": 0.0}
{"generation": 1, "position": 28, "parents": [36, 27], "genome": "d(66) a(72,44)", "fitness": 15.0}
{"generation": 1, "position": 29, "parents": [36, 27], "genome": "d(65) d(72)", "fitness": 0.0}
{"generation": 1, "position": 30, "parents": [36], "genome": "d(66) d(73)", "fitness": 15.0}
{"generation": 1, "position": 31, "parents": [27], "genome": "d(65) a(66,45)", "fitness": 0.0}
{"generation": 1, "position": 32, "parents": [12], "genome": "a(73,43) r(69,37)", "fitness": 15.0}
{"generation": 1, "position": 33, "parents": [25], "genome": "d(5) r(72,52)", "fitness": 0.0}
{"generation": 1, "position": 34, "parents": [38], "genome": "a(73,91) a(64,44)", "fitness": 15.0}
{"generation": 1, "position": 35, "parents": [22], "genome": "r(5,55) r(64,50)", "fitness": 0.0}
{"generation": 1, "position": 36, "parents": [32], "genome": "a(5,55) r(5,105)", "fitness": 5.0}
{"generation": 1, "position": 37, "parents": [0], "genome": "r(71,40) d(72)", "fitness": 15.0}
{"generation": 1, "position": 38, "parents": [19], "genome": "r(67,40) a(65,66)", "fitness": 5.0}
{"generation": 1, "position": 39, "parents": [26], "genome": "d(34) d(29)", "fitness": 5.0}
{"generation": 1, "position": 40, "parents": [26, 25], "genome": "d(34) d(6)", "fitness": 0.0}
{"generation": 1, "position": 41, "parents": [26, 25], "genome": "d(5) a(65,50)", "fitness": 5.0}
{"generation": 1, "position": 42, "parents": [26], "genome": "d(34) d(66)", "fitness": 3.0}
{"generation": 1, "position": 43, "parents": [25], "genome": "d(5) r(73,90)", "fitness": 15.0}
{"generation": 1, "position": 44, "parents": [39], "genome": "r(72,52)", "fitness": 15.0}
{"generation": 1, "position": 45, "parents": [12], "genome": "a(73,43) d(5)", "fitness": 5.0}
{"generation": 1, "position": 46, "parents": [25], "genome": "d(5) a(65,66)", "fitness": 5.0}
{"generation": 1, "position": 47, "parents": [36], "genome": "d(66) d(6)", "fitness": 0.0}
{"generation": 1, "position": 48, "parents": [18, 8], "genome": "a(66,67) d(5)", "fitness": 5.0}
{"generation": 1, "position": 49, "parents": [18, 8], "genome": "a(29,67) d(71)", "fitness": 5.0}
{"generation": 1, "position": 50, "parents": [18], "genome": "a(66,67) a(6,47)", "fitness": 5.0}
{"generation": 1, "position": 51, "parents": [8], "genome": "a(29,67) a(69,34)", "fitness": 5.0}
{"generation": 1, "position": 52, "parents": [7], "genome": "d(34) r(73,52)", "fitness": 15.0}
{"generation": 1, "position": 53, "parents": [34], "genome": "d(34) a(71,64)", "fitness": 3.0}
{"generation": 1, "position": 54, "parents": [9], "genome": "a(64,71) d(29)", "fitness": 5.0}
{"generation": 1, "position": 55, "parents": [21], "genome": "d(71) d(73)", "fitness": 15.0}
{"generation": 1, "position": 56, "parents": [18, 36], "genome": "a(66,67) d(6)", "fitness": 0.0}
{"generation": 1, "position": 57, "parents": [18, 36], "genome": "d(66) d(74)", "fitness": 15.0}
{"generation": 1, "position": 58, "parents": [18], "genome": "a(66,67) r(35,46)", "fitness": 5.0}
{"generation": 2, "position": 0, "parents": [11], "genome": "d(34) d(71) d(65)", "fitness": 0.0}
{"generation": 2, "position": 1, "parents": [24], "genome": "a(29,67) r(64,69) d(5)", "fitness": 0.0}
{"generation": 2, "position": 2, "parents": [1], "genome": "d(66) a(74,90) d(65)", "fitness": 0.0}
{"generation": 2, "position": 3, "parents": [39], "genome": "d(34) d(29) d(5)", "fitness": 5.0}
{"generation": 2, "position": 4, "parents": [47, 5], "genome": "d(66) d(5)", "fitness": 3.0}
{"generation": 2, "position": 5, "parents": [47, 5], "genome": "r(5,55) a(71,75) d(6) d(74)", "fitness": 5.0}
{"generation": 2, "position": 6, "parents": [47], "genome": "d(66) d(6) d(69)", "fitness": 0.0}
{"generation": 2, "position": 7, "parents": [5], "genome": "r(5,55) a(71,75) d(69)", "fitness": 0.0}
{"generation": 2, "position": 8, "parents": [47], "genome": "d(66) d(6) d(35)", "fitness": 0.0}
{"generation": 2, "position": 9, "parents": [9], "genome": "a(73,57) d(65) a(29,51)", "fitness": 0.0}
{"generation": 2, "position": 10, "parents": [21], "genome": "r(5,55) r(67,63) d(35)", "fitness": 5.0}
{"generation": 2, "position": 11, "parents": [7], "genome": "a(73,57) r(69,88) d(6)", "fitness": 0.0}
{"generation": 2, "position": 12, "parents": [25, 41], "genome": "d(64) r(5,63) a(35,47)", "fitness": 0.0}
{"generation": 2, "position": 13, "parents": [25, 41], "genome": "d(5) a(65,50) d(66)", "fitness": 3.0}
{"generation": 2, "position": 14, "parents": [25], "genome": "d(64) r(5,63) r(29,88)", "fitness": 0.0}
{"generation": 2, "position": 15, "parents": [41], "genome": "d(5) a(65,50) r(74,63)", "fitness": 15.0}
{"generation": 2, "position": 16, "parents": [22], "genome": "d(64) r(6,71) d(34)", "fitness": 0.0}
{"generation": 2, "position": 17, "parents": [16], "genome": "a(66,99) r(67,74) r(64,75)", "fitness": 0.0}
{"generation": 2, "position": 18, "parents": [14, 56], "genome": "r(67,40) r(72,64) a(64,55)", "fitness": 3.0}
{"generation": 2, "position": 19, "parents": [14, 56], "genome": "a(66,67) d(6) d(69)", "fitness": 0.0}
{"generation": 2, "position": 20, "parents": [14], "genome": "r(67,40) r(72,64) r(29,104)", "fitness": 15.0}
{"generation": 2, "position": 21, "parents": [56], "genome": "a(66,67) d(6) d(35)", "fitness": 0.0}
{"generation": 2, "position": 22, "parents": [17], "genome": "a(35,90) d(6) r(5,34)", "fitness": 5.0}
{"generation": 2, "position": 23, "parents": [42], "genome": "d(34) d(66) a(71,66)", "fitness": 5.0}
{"generation": 2, "position": 24, "parents": [53], "genome": "d(34) a(71,64) d(5)", "fitness": 3.0}
{"generation": 2, "position": 25, "parents": [50], "genome": "a(66,67) a(6,47) d(69)", "fitness": 0.0}
{"generation": 2, "position": 26, "parents": [12], "genome": "r(71,40) r(65,73) d(64)", "fitness": 0.0}
{"generation": 2, "position": 27, "parents": [38], "genome": "r(67,40) a(65,66) r(74,52)", "fitness": 15.0}
{"generation": 2, "position": 28, "parents": [9, 3], "genome": "a(73,57) a(66,43) r(66,74)", "fitness": 3.0}
{"generation": 2, "position": 29, "parents": [9, 3], "genome": "r(5,55) d(65) d(72)", "fitness": 0.0}
{"generation": 2, "position": 30, "parents": [9], "genome": "a(73,57) d(65) d(74)", "fitness": 0.0}
{"generation": 2, "position": 31, "parents": [3], "genome": "r(5,55) a(66,43) r(29,44)", "fitness": 15.0}
{"generation": 2, "position": 32, "parents": [58], "genome": "a(66,67) r(35,46) r(74,52)", "fitness": 15.0}
{"generation": 2, "position": 33, "parents": [13], "genome": "d(34) d(66) d(65)", "fitness": 0.0}
{"generation": 2, "position": 34, "parents": [48], "genome": "a(66,67) d(5) r(69,38)", "fitness": 0.0}
{"generation": 2, "position": 35, "parents": [12], "genome": "r(71,40) r(65,73) r(72,45)", "fitness": 0.0}
{"generation": 2, "position": 36, "parents": [40, 31], "genome": "d(34) d(6) a(66,45) d(65)", "fitness": 0.0}
{"generation": 2, "position": 37, "parents": [40, 31], "genome": "d(65) r(66,38)", "fitness": 0.0}
{"generation": 2, "position": 38, "parents": [40], "genome": "d(34) d(6) d(5)", "fitness": 5.0}
{"generation": 2, "position": 39, "parents": [31], "genome": "d(65) a(66,45) d(74)", "fitness": 0.0}
{"generation": 2, "position": 40, "parents": [35, 26], "genome": "r(5,55) r(69,73)", "fitness": 0.0}
{"generation": 2, "position": 41, "parents": [35, 26], "genome": "a(29,67) a(35,105) r(64,50) a(29,47)", "fitness": 0.0}
{"generation": 2, "position": 42, "parents": [35], "genome": "r(5,55) r(64,50) d(34)", "fitness": 0.0}
{"generation": 2, "position": 43, "parents": [26], "genome": "a(29,67) a(35,105) a(65,37)", "fitness": 15.0}
{"generation": 2, "position": 44, "parents": [26, 27], "genome": "a(29,67) r(72,49)", "fitness": 15.0}
{"generation": 2, "position": 45, "parents": [26, 27], "genome": "d(64) a(29,55) a(35,105) r(35,43)", "fitness": 15.0}
{"generation": 2, "position": 46, "parents": [26], "genome": "a(29,67) a(35,105) d(67)", "fitness": 5.0}
{"generation": 2, "position": 47, "parents": [27], "genome": "d(64) a(29,55) r(5,41)", "fitness": 0.0}
{"generation": 2, "position": 48, "parents": [36], "genome": "a(5,55) r(5,105) r(74,40)", "fitness": 15.0}
{"generation": 2, "position": 49, "parents": [39], "genome": "d(34) d(29) d(5)", "fitness": 5.0}
{"generation": 2, "position": 50, "parents": [6, 53], "genome": "a(73,57) r(6,55)", "fitness": 0.0}
{"generation": 2, "position": 51, "parents": [6, 53], "genome": "d(34) a(71,64) r(65,99) r(67,56)", "fitness": 15.0}
{"generation": 2, "position": 52, "parents": [6], "genome": "a(73,57) r(65,99) r(34,38)", "fitness": 0.0}
{"generation": 2, "position": 53, "parents": [53], "genome": "d(34) a(71,64) d(64)", "fitness": 0.0}
{"generation": 2, "position": 54, "parents": [3, 5], "genome": "r(5,55) a(66,43) d(74)", "fitness": 15.0}
{"generation": 2, "position": 55, "parents": [3, 5], "genome": "r(5,55) a(71,75) r(72,75)", "fitness": 0.0}
{"generation": 2, "position": 56, "parents": [3], "genome": "r(5,55) a(66,43) r(34,53)", "fitness": 5.0}
{"generation": 3, "position": 0, "parents": [30, 29], "genome": "a(73,57) a(64,105)", "fitness": 5.0}
{"generation": 3, "position": 1, "parents": [30, 29], "genome": "r(5,55) d(65) d(72) d(65) d(74) d(34)", "fitness": 0.0}
{"generation": 3, "position": 2, "parents": [30], "genome": "a(73,57) d(65) d(74) d(64)", "fitness": 0.0}
{"generation": 3, "position": 3, "parents": [29], "genome": "r(5,55) d(65) d(72) d(74)", "fitness": 0.0}
{"generation": 3, "position": 4, "parents": [47], "genome": "d(64) a(29,55) r(5,41) r(34,5)", "fitness": 0.0}
{"generation": 3, "position": 5, "parents": [41], "genome": "a(29,67) a(35,105) r(64,50) a(29,47) a(29,50)", "fitness": 0.0}
{"generation": 3, "position": 6, "parents": [17], "genome": "a(66,99) r(67,74) r(64,75) r(29,67)", "fitness": 0.0}
{"generation": 3, "position": 7, "parents": [21], "genome": "a(66,67) d(6) d(35) d(66)", "fitness": 0.0}
{"generation": 3, "position": 8, "parents": [21], "genome": "a(66,67) d(6) d(35) d(73)", "fitness": 0.0}
{"generation": 3, "position": 9, "parents": [35], "genome": "r(71,40) r(65,73) r(72,45) d(74)", "fitness": 0.0}
{"generation": 3, "position": 10, "parents": [36, 6], "genome": "d(34) d(6) a(66,45) d(6) d(69) r(72,52)", "fitness": 0.0}
{"generation": 3, "position": 11, "parents": [36, 6], "genome": "d(66) d(65) d(29)", "fitness": 0.0}
{"generation": 3, "position": 12, "parents": [36], "genome": "d(34) d(6) a(66,45) d(65) d(67)", "fitness": 0.0}
{"generation": 3, "position": 13, "parents": [6], "genome": "d(66) d(6) d(69) a(65,52)", "fitness": 0.0}
{"generation": 3, "position": 14, "parents": [30, 25], "genome": "a(73,57) d(65) d(74) d(69) r(73,44)", "fitness": 15.0}
{"generation": 3, "position": 15, "parents": [30, 25], "genome": "a(66,67) a(6,47) a(65,62)", "fitness": 5.0}
{"generation": 3, "position": 16, "parents": [30], "genome": "a(73,57) d(65) d(74) r(6,57)", "fitness": 0.0}
{"generation": 3, "position": 17, "parents": [25], "genome": "a(66,67) a(6,47) d(69) d(65)", "fitness": 0.0}
{"generation": 3, "position": 18, "parents": [12, 29], "genome": "d(64) r(5,63) d(72) r(35,99)", "fitness": 0.0}
{"generation": 3, "position": 19, "parents": [12, 29], "genome": "r(5,55) d(65) a(35,47) a(69,62)", "fitness": 0.0}
{"generation": 3, "position": 20, "parents": [12], "genome": "d(64) r(5,63) a(35,47) r(34,53)", "fitness": 0.0}
{"generation": 3, "position": 21, "parents": [29], "genome": "r(5,55) d(65) d(72) d(34)", "fitness": 0.0}
{"generation": 3, "position": 22, "parents": [24, 11], "genome": "d(34) r(69,88) d(6) a(65,37)", "fitness": 0.0}
{"generation": 3, "position": 23, "parents": [24, 11], "genome": "a(73,57) a(71,64) d(5) r(66,72)", "fitness": 3.0}
{"generation": 3, "position": 24, "parents": [24], "genome": "d(34) a(71,64) d(5) d(74)", "fitness": 3.0}
{"generation": 3, "position": 25, "parents": [11], "genome": "a(73,57) r(69,88) d(6) r(64,88)", "fitness": 0.0}
{"generation": 3, "position": 26, "parents": [26], "genome": "r(71,40) r(65,73) d(64) a(29,104)", "fitness": 15.0}
{"generation": 3, "position": 27, "parents": [33], "genome": "d(34) d(66) d(65) r(69,38)", "fitness": 0.0}
{"generation": 3, "position": 28, "parents": [25], "genome": "a(66,67) a(6,47) d(69) a(29,44)", "fitness": 15.0}
{"generation": 3, "position": 29, "parents": [25], "genome": "a(66,67) a(6,47) d(69) r(5,42)", "fitness": 0.0}
{"generation": 3, "position": 30, "parents": [14], "genome": "d(64) r(5,63) r(29,88) r(35,40)", "fitness": 0.0}
{"generation": 3, "position": 31, "parents": [17], "genome": "a(66,99) r(67,74) r(64,75) r(5,52)", "fitness": 0.0}
{"generation": 3, "position": 32, "parents": [10], "genome": "r(5,55) r(67,63) d(35) r(71,65)", "fitness": 5.0}
{"generation": 3, "position": 33, "parents": [16], "genome": "d(64) r(6,71) d(34) r(29,51)", "fitness": 0.0}
{"generation": 3, "position": 34, "parents": [40, 41], "genome": "r(5,55) r(69,73) r(67,57)", "fitness": 0.0}
{"generation": 3, "position": 35, "parents": [40, 41], "genome": "a(29,67) a(35,105) r(64,50) a(29,47) r(34,105)", "fitness": 0.0}
{"generation": 3, "position": 36, "parents": [40], "genome": "r(5,55) r(69,73) d(72)", "fitness": 0.0}
{"generation": 3, "position": 37, "parents": [41], "genome": "a(29,67) a(35,105) r(64,50) a(29,47) d(5)", "fitness": 0.0}
{"generation": 3, "position": 38, "parents": [30, 22], "genome": "a(73,57) d(65) d(6) r(5,34) a(35,39)", "fitness": 0.0}
{"generation": 3, "position": 39, "parents": [30, 22], "genome": "a(35,90) d(74) a(64,105)", "fitness": 15.0}
{"generation": 3, "position": 40, "parents": [30], "genome": "a(73,57) d(65) d(74) r(69,44)", "fitness": 15.0}
{"generation": 3, "position": 41, "parents": [22], "genome": "a(35,90) d(6) r(5,34) a(67,50)", "fitness": 5.0}
{"generation": 3, "position": 42, "parents": [47], "genome": "d(64) a(29,55) r(5,41) d(35)", "fitness": 15.0}
{"generation": 3, "position": 43, "parents": [33], "genome": "d(34) d(66) d(65) d(74)", "fitness": 0.0}
{"generation": 3, "position": 44, "parents": [42], "genome": "r(5,55) r(64,50) d(34) r(35,47)", "fitness": 0.0}
{"generation": 3, "position": 45, "parents": [50], "genome": "a(73,57) r(6,55) d(66)", "fitness": 0.0}
{"generation": 3, "position": 46, "parents": [29], "genome": "r(5,55) d(65) d(72) d(29)", "fitness": 0.0}
{"generation": 3, "position": 47, "parents": [33], "genome": "d(34) d(66) d(65) d(5)", "fitness": 0.0}
{"generation": 3, "position": 48, "parents": [37], "genome": "d(65) r(66,38) a(35,49)", "fitness": 0.0}
{"generation": 3, "position": 49, "parents": [29], "genome": "r(5,55) d(65) d(72) r(73,105)", "fitness": 0.0}
{"generation": 3, "position": 50, "parents": [19], "genome": "a(66,67) d(6) d(69) a(5,63)", "fitness": 0.0}
{"generation": 3, "position": 51, "parents": [11], "genome": "a(73,57) r(69,88) d(6) d(74)", "fitness": 0.0}
{"generation": 3, "position": 52, "parents": [13], "genome": "d(5) a(65,50) d(66) d(29)", "fitness": 3.0}
{"generation": 4, "position": 0, "parents": [14], "genome": "a(73,57) d(65) d(74) d(69) r(73,44) r(67,71)", "fitness": 15.0}
{"generation": 4, "position": 1, "parents": [43], "genome": "d(34) d(66) d(65) d(74) a(71,99)", "fitness": 0.0}
{"generation": 4, "position": 2, "parents": [14, 36], "genome": "a(73,57) d(72) d(29)", "fitness": 15.0}
{"generation": 4, "position": 3, "parents": [14, 36], "genome": "r(5,55) r(69,73) d(65) d(74) d(69) r(73,44) r(72,75)", "fitness": 15.0}
{"generation": 4, "position": 4, "parents": [14], "genome": "a(73,57) d(65) d(74) d(69) r(73,44) r(64,99)", "fitness": 0.0}
{"generation": 4, "position": 5, "parents": [36], "genome": "r(5,55) r(69,73) d(72) d(74)", "fitness": 0.0}
{"generation": 4, "position": 6, "parents": [43, 22], "genome": "d(34) d(6) a(65,37) a(29,105)", "fitness": 0.0}
{"generation": 4, "position": 7, "parents": [43, 22], "genome": "d(34) r(69,88) d(66) d(65) d(74) r(6,99)", "fitness": 0.0}
{"generation": 4, "position": 8, "parents": [43], "genome": "d(34) d(66) d(65) d(74) a(29,56)", "fitness": 15.0}
{"generation": 4, "position": 9, "parents": [22], "genome": "d(34) r(69,88) d(6) a(65,37) r(65,40)", "fitness": 0.0}
{"generation": 4, "position": 10, "parents": [17], "genome": "a(66,67) a(6,47) d(69) d(65) r(67,74)", "fitness": 0.0}
{"generation": 4, "position": 11, "parents": [21], "genome": "r(5,55) d(65) d(72) d(34) d(73)", "fitness": 0.0}
{"generation": 4, "position": 12, "parents": [46], "genome": "r(5,55) d(65) d(72) d(29) a(73,66)", "fitness": 0.0}
{"generation": 4, "position": 13, "parents": [35], "genome": "a(29,67) a(35,105) r(64,50) a(29,47) r(34,105) d(29)", "fitness": 0.0}
{"generation": 4, "position": 14, "parents": [33, 18], "genome": "d(64) r(6,71) d(34) a(5,99)", "fitness": 0.0}
{"generation": 4, "position": 15, "parents": [33, 18], "genome": "d(64) r(5,63) d(72) r(35,99) r(29,51)", "fitness": 0.0}
{"generation": 4, "position": 16, "parents": [33], "genome": "d(64) r(6,71) d(34) r(29,51) r(35,41)", "fitness": 0.0}
{"generation": 4, "position": 17, "parents": [18], "genome": "d(64) r(5,63) d(72) r(35,99) a(29,29)", "fitness": 0.0}
{"generation": 4, "position": 18, "parents": [2], "genome": "a(73,57) d(65) d(74) d(64) d(35)", "fitness": 15.0}
{"generation": 4, "position": 19, "parents": [19], "genome": "r(5,55) d(65) a(35,47) a(69,62) d(72)", "fitness": 0.0}
{"generation": 4, "position": 20, "parents": [43, 33], "genome": "d(34) d(66) d(65) r(69,99)", "fitness": 0.0}
{"generation": 4, "position": 21, "parents": [43, 33], "genome": "d(64) r(6,71) d(34) r(29,51) d(74) r(35,91)", "fitness": 0.0}
{"generation": 4, "position": 22, "parents": [43], "genome": "d(34) d(66) d(65) d(74) d(64)", "fitness": 0.0}
{"generation": 4, "position": 23, "parents": [33], "genome": "d(64) r(6,71) d(34) r(29,51) r(5,45)", "fitness": 0.0}
{"generation": 4, "position": 24, "parents": [37, 52], "genome": "a(29,67) r(35,29)", "fitness": 15.0}
{"generation": 4, "position": 25, "parents": [37, 52], "genome": "d(5) a(65,50) d(66) d(29) a(35,105) r(64,50) a(29,47) d(5) d(35)", "fitness": 0.0}
{"generation": 4, "position": 26, "parents": [37], "genome": "a(29,67) a(35,105) r(64,50) a(29,47) d(5) a(35,41)", "fitness": 0.0}
{"generation": 4, "position": 27, "parents": [52], "genome": "d(5) a(65,50) d(66) d(29) a(65,56)", "fitness": 15.0}
{"generation": 4, "position": 28, "parents": [34], "genome": "r(5,55) r(69,73) r(67,57) a(66,40)", "fitness": 0.0}
{"generation": 4, "position": 29, "parents": [19], "genome": "r(5,55) d(65) a(35,47) a(69,62) r(64,44)", "fitness": 15.0}
{"generation": 4, "position": 30, "parents": [37, 44], "genome": "a(29,67) a(35,105) d(34) r(35,47) a(5,36)", "fitness": 15.0}
{"generation": 4, "position": 31, "parents": [37, 44], "genome": "r(5,55) r(64,50) r(64,50) a(29,47) d(5) d(29)", "fitness": 0.0}
{"generation": 4, "position": 32, "parents": [37], "genome": "a(29,67) a(35,105) r(64,50) a(29,47) d(5) d(35)", "fitness": 0.0}
{"generation": 4, "position": 33, "parents": [44], "genome": "r(5,55) r(64,50) d(34) r(35,47) d(29)", "fitness": 0.0}
{"generation": 4, "position": 34, "parents": [23], "genome": "a(73,57) a(71,64) d(5) r(66,72) r(73,64)", "fitness": 3.0}
{"generation": 4, "position": 35, "parents": [18], "genome": "d(64) r(5,63) d(72) r(35,99) d(34)", "fitness": 0.0}
{"generation": 4, "position": 36, "parents": [44, 11], "genome": "r(5,55) r(64,50) d(34) d(29) a(35,5)", "fitness": 0.0}
{"generation": 4, "position": 37, "parents": [44, 11], "genome": "d(66) d(65) r(35,47) a(71,57)", "fitness": 15.0}
{"generation": 4, "position": 38, "parents": [44], "genome": "r(5,55) r(64,50) d(34) r(35,47) r(29,90)", "fitness": 0.0}
{"generation": 4, "position": 39, "parents": [11], "genome": "d(66) d(65) d(29) r(6,50)", "fitness": 0.0}
{"generation": 4, "position": 40, "parents": [46, 30], "genome": "r(5,55) d(65) d(72) r(35,40) d(67)", "fitness": 0.0}
{"generation": 4, "position": 41, "parents": [46, 30], "genome": "d(64) r(5,63) r(29,88) d(29) a(35,62)", "fitness": 0.0}
{"generation": 4, "position": 42, "parents": [46], "genome": "r(5,55) d(65) d(72) d(29) d(71)", "fitness": 0.0}
{"generation": 4, "position": 43, "parents": [30], "genome": "d(64) r(5,63) r(29,88) r(35,40)", "fitness": 0.0}
{"generation": 4, "position": 44, "parents": [4], "genome": "d(64) a(29,55) r(5,41) r(34,5) r(29,46)", "fitness": 0.0}
{"generation": 4, "position": 45, "parents": [44], "genome": "r(5,55) r(64,50) d(34) r(35,47) a(29,88)", "fitness": 0.0}
{"generation": 4, "position": 46, "parents": [34], "genome": "r(5,55) r(69,73) r(67,57) r(64,38)", "fitness": 0.0}
{"generation": 4, "position": 47, "parents": [48], "genome": "d(65) r(66,38) a(35,49) r(73,52)", "fitness": 0.0}
{"generation": 4, "position": 48, "parents": [6, 5], "genome": "a(66,99) r(67,74) r(64,50) a(29,47) a(29,50) a(6,58)", "fitness": 0.0}
{"generation": 4, "position": 49, "parents": [6, 5], "genome": "a(29,67) a(35,105) r(64,75) r(29,67) d(5)", "fitness": 0.0}
{"generation": 4, "position": 50, "parents": [6], "genome": "a(66,99) r(67,74) r(64,75) r(29,67) d(35)", "fitness": 0.0}
{"generation": 4, "position": 51, "parents": [5], "genome": "a(29,67) a(35,105) r(64,50) a(29,47) a(29,50) d(29)", "fitness": 0.0}
{"generation": 4, "position": 52, "parents": [36], "genome": "r(5,55) r(69,73) d(72) d(64)", "fitness": 0.0}
{"generation": 4, "position": 53, "parents": [41], "genome": "a(35,90) d(6) r(5,34) a(67,50) d(74)", "fitness": 15.0}
{"generation": 4, "position": 54, "parents": [13, 22], "genome": "d(66) d(6) d(69) a(72,74)", "fitness": 0.0}
{"generation": 4, "position": 55, "parents": [13, 22], "genome": "d(34) r(69,88) d(6) a(65,37) a(65,52) d(66)", "fitness": 0.0}
{"generation": 4, "position": 56, "parents": [13], "genome": "d(66) d(6) d(69) a(65,52) a(65,37)", "fitness": 0.0}
{"generation": 4, "position": 57, "parents": [22], "genome": "d(34) r(69,88) d(6) a(65,37) a(74,62)", "fitness": 0.0}
{"generation": 4, "position": 58, "parents": [12, 35], "genome": "d(34) d(6) r(34,105) r(74,76)", "fitness": 0.0}
{"generation": 4, "position": 59, "parents": [12, 35], "genome": "a(29,67) a(35,105) r(64,50) a(29,47) a(66,45) d(65) d(67) a(35,76)", "fitness": 0.0}
{"generation": 4, "position": 60, "parents": [12], "genome": "d(34) d(6) a(66,45) d(65) d(67) d(72)", "fitness": 0.0}
{"generation": 5, "position": 0, "parents": [9, 57], "genome": "d(34) r(69,88) d(6) a(65,37) r(69,88) d(6) a(65,37) a(74,62) r(66,37)", "fitness": 0.0}
{"generation": 5, "position": 1, "parents": [9, 57], "genome": "d(34) r(65,40) r(67,57)", "fitness": 0.0}
{"generation": 5, "position": 2, "parents": [9], "genome": "d(34) r(69,88) d(6) a(65,37) r(65,40) a(74,74)", "fitness": 0.0}
{"generation": 5, "position": 3, "parents": [57], "genome": "d(34) r(69,88) d(6) a(65,37) a(74,62) r(72,74)", "fitness": 0.0}
{"generation": 5, "position": 4, "parents": [13], "genome": "a(29,67) a(35,105) r(64,50) a(29,47) r(34,105) d(29) a(6,90)", "fitness": 0.0}
{"generation": 5, "position": 5, "parents": [41], "genome": "d(64) r(5,63) r(29,88) d(29) a(35,62) d(35)", "fitness": 0.0}
{"generation": 5, "position": 6, "parents": [19], "genome": "r(5,55) d(65) a(35,47) a(69,62) d(72) a(74,76)", "fitness": 0.0}
{"generation": 5, "position": 7, "parents": [43], "genome": "d(64) r(5,63) r(29,88) r(35,40)", "fitness": 0.0}
{"generation": 5, "position": 8, "parents": [41, 56], "genome": "d(64) r(5,63) r(29,88) d(29) a(35,62) d(6) d(69) a(65,52) a(65,37) r(35,104)", "fitness": 15.0}
{"generation": 5, "position": 9, "parents": [41, 56], "genome": "d(66) d(35)", "fitness": 15.0}
{"generation": 5, "position": 10, "parents": [41], "genome": "d(64) r(5,63) r(29,88) d(29) a(35,62) d(35)", "fitness": 0.0}
{"generation": 5, "position": 11, "parents": [56], "genome": "d(66) d(6) d(69) a(65,52) a(65,37) a(5,53)", "fitness": 0.0}
{"generation": 5, "position": 12, "parents": [32], "genome": "a(29,67) a(35,105) r(64,50) a(29,47) d(5) d(35) r(29,38)", "fitness": 0.0}
{"generation": 5, "position": 13, "parents": [23], "genome": "d(64) r(6,71) d(34) r(29,51) r(5,45) r(35,43)", "fitness": 0.0}
{"generation": 5, "position": 14, "parents": [57, 19], "genome": "d(34) r(69,88) d(72) a(73,56)", "fitness": 15.0}
{"generation": 5, "position": 15, "parents": [57, 19], "genome": "r(5,55) d(65) a(35,47) a(69,62) d(6) a(65,37) a(74,62) r(66,40)", "fitness": 0.0}
{"generation": 5, "position": 16, "parents": [57], "genome": "d(34) r(69,88) d(6) a(65,37) a(74,62) d(35)", "fitness": 0.0}
{"generation": 5, "position": 17, "parents": [19], "genome": "r(5,55) d(65) a(35,47) a(69,62) d(72) a(73,56)", "fitness": 15.0}
{"generation": 5, "position": 18, "parents": [1], "genome": "d(34) d(66) d(65) d(74) a(71,99) d(73)", "fitness": 0.0}
{"generation": 5, "position": 19, "parents": [9], "genome": "d(34) r(69,88) d(6) a(65,37) r(65,40) d(66)", "fitness": 0.0}
{"generation": 5, "position": 20, "parents": [39, 10], "genome": "d(66) d(65) d(29) d(69) d(65) r(67,74) d(5)", "fitness": 0.0}
{"generation": 5, "position": 21, "parents": [39, 10], "genome": "a(66,67) a(6,47) r(6,50) a(35,55)", "fitness": 0.0}
{"generation": 5, "position": 22, "parents": [39], "genome": "d(66) d(65) d(29) r(6,50) a(64,75)", "fitness": 0.0}
{"generation": 5, "position": 23, "parents": [10], "genome": "a(66,67) a(6,47) d(69) d(65) r(67,74) a(6,29)", "fitness": 0.0}
{"generation": 5, "position": 24, "parents": [38, 21], "genome": "r(5,55) d(74) r(35,91) d(72)", "fitness": 15.0}
{"generation": 5, "position": 25, "parents": [38, 21], "genome": "d(64) r(6,71) d(34) r(29,51) r(64,50) d(34) r(35,47) r(29,90) d(5)", "fitness": 0.0}
{"generation": 5, "position": 26, "parents": [38], "genome": "r(5,55) r(64,50) d(34) r(35,47) r(29,90)", "fitness": 0.0}
{"generation": 5, "position": 27, "parents": [21], "genome": "d(64) r(6,71) d(34) r(29,51) d(74) r(35,91) a(5,40)", "fitness": 0.0}
{"generation": 5, "position": 28, "parents": [48], "genome": "a(66,99) r(67,74) r(64,50) a(29,47) a(29,50) a(6,58) a(29,45)", "fitness": 0.0}
{"generation": 5, "position": 29, "parents": [57], "genome": "d(34) r(69,88) d(6) a(65,37) a(74,62) d(73)", "fitness": 0.0}
{"generation": 5, "position": 30, "parents": [44, 52], "genome": "d(64) a(29,55) r(5,41) r(69,73) d(72) d(64) d(35)", "fitness": 15.0}
{"generation": 5, "position": 31, "parents": [44, 52], "genome": "r(5,55) r(34,5) r(29,46) a(65,34)", "fitness": 5.0}
{"generation": 5, "position": 32, "parents": [44], "genome": "d(64) a(29,55) r(5,41) r(34,5) r(29,46) a(35,104)", "fitness": 15.0}
{"generation": 5, "position": 33, "parents": [52], "genome": "r(5,55) r(69,73) d(72) d(64) d(34)", "fitness": 0.0}
{"generation": 5, "position": 34, "parents": [55], "genome": "d(34) r(69,88) d(6) a(65,37) a(65,52) d(66) d(5)", "fitness": 15.0}
{"generation": 5, "position": 35, "parents": [14], "genome": "d(64) r(6,71) d(34) a(5,99) r(29,49)", "fitness": 0.0}
{"generation": 5, "position": 36, "parents": [51, 36], "genome": "a(29,67) a(35,105) r(64,50) d(34)", "fitness": 0.0}
{"generation": 5, "position": 37, "parents": [51, 36], "genome": "r(5,55) r(64,50) d(34) d(29) a(35,5) a(29,47) a(29,50) d(29) r(35,58)", "fitness": 15.0}
{"generation": 5, "position": 38, "parents": [51], "genome": "a(29,67) a(35,105) r(64,50) a(29,47) a(29,50) d(29) r(6,42)", "fitness": 0.0}
{"generation": 5, "position": 39, "parents": [36], "genome": "r(5,55) r(64,50) d(34) d(29) a(35,5) r(35,46)", "fitness": 15.0}
{"generation": 5, "position": 40, "parents": [54, 6], "genome": "d(66) d(6) a(29,105) a(69,38)", "fitness": 0.0}
{"generation": 5, "position": 41, "parents": [54, 6], "genome": "d(34) d(6) a(65,37) d(69) a(72,74) a(73,62)", "fitness": 0.0}
{"generation": 5, "position": 42, "parents": [54], "genome": "d(66) d(6) d(69) a(72,74) r(34,56)", "fitness": 0.0}
{"generation": 5, "position": 43, "parents": [6], "genome": "d(34) d(6) a(65,37) a(29,105) d(5)", "fitness": 15.0}
{"generation": 5, "position": 44, "parents": [44], "genome": "d(64) a(29,55) r(5,41) r(34,5) r(29,46) a(35,56)", "fitness": 15.0}
{"generation": 5, "position": 45, "parents": [4], "genome": "a(73,57) d(65) d(74) d(69) r(73,44) r(64,99) d(34)", "fitness": 0.0}
{"generation": 5, "position": 46, "parents": [27, 14], "genome": "d(5) a(65,50) d(66) d(74)", "fitness": 15.0}
{"generation": 5, "position": 47, "parents": [27, 14], "genome": "d(64) r(6,71) d(34) a(5,99) d(29) a(65,56) d(35)", "fitness": 0.0}
{"generation": 5, "position": 48, "parents": [27], "genome": "d(5) a(65,50) d(66) d(29) a(65,56) r(69,44)", "fitness": 15.0}
{"generation": 5, "position": 49, "parents": [14], "genome": "d(64) r(6,71) d(34) a(5,99) d(29)", "fitness": 0.0}
{"generation": 5, "position": 50, "parents": [54, 60], "genome": "d(66) d(6) d(69) a(72,74) d(67) d(72) d(34)", "fitness": 0.0}
{"generation": 5, "position": 51, "parents": [54, 60], "genome": "d(34) d(6) a(66,45) d(65) r(71,49)", "fitness": 0.0}
{"generation": 5, "position": 52, "parents": [54], "genome": "d(66) d(6) d(69) a(72,74) r(29,104)", "fitness": 0.0}
{"generation": 5, "position": 53, "parents": [60], "genome": "d(34) d(6) a(66,45) d(65) d(67) d(72) d(29)", "fitness": 0.0}
{"generation": 5, "position": 54, "parents": [35], "genome": "d(64) r(5,63) d(72) r(35,99) d(34) a(29,38)", "fitness": 0.0}
{"generation": 5, "position": 55, "parents": [36], "genome": "r(5,55) r(64,50) d(34) d(29) a(35,5) r(35,88)", "fitness": 0.0}
{"generation": 5, "position": 56, "parents": [23], "genome": "d(64) r(6,71) d(34) r(29,51) r(5,45) d(35)", "fitness": 0.0}
{"generation": 5, "position": 57, "parents": [1], "genome": "d(34) d(66) d(65) d(74) a(71,99) a(6,49)", "fitness": 0.0}
{"generation": 5, "position": 58, "parents": [28, 54], "genome": "r(5,55) r(69,73) r(67,57) a(66,40) d(6) d(69) a(72,74) d(35)", "fitness": 0.0}
{"generation": 5, "position": 59, "parents": [28, 54], "genome": "d(66) a(34,42)", "fitness": 15.0}
{"generation": 5, "position": 60, "parents": [28], "genome": "r(5,55) r(69,73) r(67,57) a(66,40) a(66,70)", "fitness": 15.0}
{"generation": 6, "position": 0, "parents": [51, 45], "genome": "d(34) d(6) a(66,45) d(65) r(71,49) d(69) r(73,44) r(64,99) d(34) d(35)", "fitness": 0.0}
{"generation": 6, "position": 1, "parents": [51, 45], "genome": "a(73,57) d(65) d(74) d(64)", "fitness": 0.0}
{"generation": 6, "position": 2, "parents": [51], "genome": "d(34) d(6) a(66,45) d(65) r(71,49) r(64,72)", "fitness": 0.0}
{"generation": 6, "position": 3, "parents": [45], "genome": "a(73,57) d(65) d(74) d(69) r(73,44) r(64,99) d(34) d(5)", "fitness": 0.0}
{"generation": 6, "position": 4, "parents": [24, 0], "genome": "r(5,55) d(74) r(35,91) a(65,37) r(69,88) d(6) a(65,37) a(74,62) r(66,37) r(72,70)", "fitness": 15.0}
{"generation": 6, "position": 5, "parents": [24, 0], "genome": "d(34) r(69,88) d(6) d(72) r(5,37)", "fitness": 15.0}
{"generation": 6, "position": 6, "parents": [24], "genome": "r(5,55) d(74) r(35,91) d(72) d(69)", "fitness": 15.0}
{"generation": 6, "position": 7, "parents": [0], "genome": "d(34) r(69,88) d(6) a(65,37) r(69,88) d(6) a(65,37) a(74,62) r(66,37) r(72,62)", "fitness": 0.0}
{"generation": 6, "position": 8, "parents": [59], "genome": "d(66) a(34,42) d(72)", "fitness": 15.0}
{"generation": 6, "position": 9, "parents": [49], "genome": "d(64) r(6,71) d(34) a(5,99) d(29) d(5)", "fitness": 0.0}
{"generation": 6, "position": 10, "parents": [14], "genome": "d(34) r(69,88) d(72) a(73,56) a(64,71)", "fitness": 15.0}
{"generation": 6, "position": 11, "parents": [50], "genome": "d(66) d(6) d(69) a(72,74) d(67) d(72) d(34) d(29)", "fitness": 0.0}
{"generation": 6, "position": 12, "parents": [28], "genome": "a(66,99) r(67,74) r(64,50) a(29,47) a(29,50) a(6,58) a(29,45) d(6)", "fitness": 0.0}
{"generation": 6, "position": 13, "parents": [22], "genome": "d(66) d(65) d(29) r(6,50) a(64,75) r(72,66)", "fitness": 0.0}
{"generation": 6, "position": 14, "parents": [55, 29], "genome": "r(5,55) r(64,50) a(34,54)", "fitness": 0.0}
{"generation": 6, "position": 15, "parents": [55, 29], "genome": "d(34) r(69,88) d(6) a(65,37) a(74,62) d(73) d(34) d(29) a(35,5) r(35,88) d(74)", "fitness": 0.0}
{"generation": 6, "position": 16, "parents": [55], "genome": "r(5,55) r(64,50) d(34) d(29) a(35,5) r(35,88)", "fitness": 0.0}
{"generation": 6, "position": 17, "parents": [29], "genome": "d(34) r(69,88) d(6) a(65,37) a(74,62) d(73) d(66)", "fitness": 0.0}
{"generation": 6, "position": 18, "parents": [3, 7], "genome": "d(34) r(69,88) d(6) a(65,37) a(74,62) r(5,63) r(29,88) r(35,40) r(72,38)", "fitness": 15.0}
{"generation": 6, "position": 19, "parents": [3, 7], "genome": "d(64) r(72,74) r(34,99)", "fitness": 0.0}
{"generation": 6, "position": 20, "parents": [3], "genome": "d(34) r(69,88) d(6) a(65,37) a(74,62) r(72,74) d(66)", "fitness": 0.0}
{"generation": 6, "position": 21, "parents": [7], "genome": "d(64) r(5,63) r(29,88) r(35,40)", "fitness": 0.0}
{"generation": 6, "position": 22, "parents": [33], "genome": "r(5,55) r(69,73) d(72) d(64) d(34) d(35)", "fitness": 0.0}
{"generation": 6, "position": 23, "parents": [7], "genome": "d(64) r(5,63) r(29,88) r(35,40)", "fitness": 0.0}
{"generation": 6, "position": 24, "parents": [61], "genome": "d(66) d(6) d(69) a(72,74) a(74,73) a(65,56)", "fitness": 0.0}
{"generation": 6, "position": 25, "parents": [44], "genome": "d(64) a(29,55) r(5,41) r(34,5) r(29,46) a(35,56) d(35)", "fitness": 15.0}
{"generation": 6, "position": 26, "parents": [2], "genome": "d(34) r(69,88) d(6) a(65,37) r(65,40) a(74,74) a(74,56)", "fitness": 0.0}
{"generation": 6, "position": 27, "parents": [41], "genome": "d(34) d(6) a(65,37) d(69) a(72,74) a(73,62) d(64)", "fitness": 0.0}
{"generation": 6, "position": 28, "parents": [11, 50], "genome": "d(66) d(6) d(69) d(72) d(34) r(64,38)", "fitness": 0.0}
{"generation": 6, "position": 29, "parents": [11, 50], "genome": "d(66) d(6) d(69) a(72,74) d(67) a(65,52) a(65,37) a(5,53) r(35,57)", "fitness": 0.0}
{"generation": 6, "position": 30, "parents": [11], "genome": "d(66) d(6) d(69) a(65,52) a(65,37) a(5,53) r(73,99)", "fitness": 0.0}
{"generation": 6, "position": 31, "parents": [50], "genome": "d(66) d(6) d(69) a(72,74) d(67) d(72) d(34) a(64,88)", "fitness": 0.0}
{"generation": 6, "position": 32, "parents": [7, 0], "genome": "d(64) r(5,63) a(65,37) r(69,88) d(6) a(65,37) a(74,62) r(66,37) r(29,90)", "fitness": 0.0}
{"generation": 6, "position": 33, "parents": [7, 0], "genome": "d(34) r(69,88) d(6) r(29,88) r(35,40) r(5,39)", "fitness": 0.0}
{"generation": 6, "position": 34, "parents": [7], "genome": "d(64) r(5,63) r(29,88) r(35,40)", "fitness": 0.0}
{"generation": 6, "position": 35, "parents": [0], "genome": "d(34) r(69,88) d(6) a(65,37) r(69,88) d(6) a(65,37) a(74,62) r(66,37) a(35,35)", "fitness": 0.0}
{"generation": 6, "position": 36, "parents": [21], "genome": "a(66,67) a(6,47) r(6,50) a(35,55) a(67,63)", "fitness": 0.0}
{"generation": 6, "position": 37, "parents": [36], "genome": "a(29,67) a(35,105) r(64,50) d(34) a(29,54)", "fitness": 15.0}
{"generation": 6, "position": 38, "parents": [27], "genome": "d(64) r(6,71) d(34) r(29,51) d(74) r(35,91) a(5,40) a(5,50)", "fitness": 0.0}
{"generation": 6, "position": 39, "parents": [5], "genome": "d(64) r(5,63) r(29,88) d(29) a(35,62) d(35)", "fitness": 0.0}
{"generation": 6, "position": 40, "parents": [19], "genome": "d(34) r(69,88) d(6) a(65,37) r(65,40) d(66) a(5,70)", "fitness": 0.0}
{"generation": 6, "position": 41, "parents": [5], "genome": "d(64) r(5,63) r(29,88) d(29) a(35,62) d(35)", "fitness": 0.0}
{"generation": 6, "position": 42, "parents": [26], "genome": "r(5,55) r(64,50) d(34) r(35,47) r(29,90)", "fitness": 0.0}
{"generation": 6, "position": 43, "parents": [55], "genome": "r(5,55) r(64,50) d(34) d(29) a(35,5) r(35,88)", "fitness": 0.0}
{"generation": 6, "position": 44, "parents": [13], "genome": "d(64) r(6,71) d(34) r(29,51) r(5,45) r(35,43)", "fitness": 0.0}
{"generation": 6, "position": 45, "parents": [57], "genome": "d(34) d(66) d(65) d(74) a(71,99) a(6,49) a(64,45)", "fitness": 0.0}
{"generation": 6, "position": 46, "parents": [2, 7], "genome": "d(34) r(69,88) r(29,88) r(35,40) d(64)", "fitness": 0.0}
{"generation": 6, "position": 47, "parents": [2, 7], "genome": "d(64) r(5,63) d(6) a(65,37) r(65,40) a(74,74) a(34,42)", "fitness": 0.0}
{"generation": 6, "position": 48, "parents": [2], "genome": "d(34) r(69,88) d(6) a(65,37) r(65,40) a(74,74) a(64,73)", "fitness": 0.0}
{"generation": 6, "position": 49, "parents": [7], "genome": "d(64) r(5,63) r(29,88) r(35,40)", "fitness": 0.0}
{"generation": 6, "position": 50, "parents": [26], "genome": "r(5,55) r(64,50) d(34) r(35,47) r(29,90)", "fitness": 0.0}
{"generation": 6, "position": 51, "parents": [2], "genome": "d(34) r(69,88) d(6) a(65,37) r(65,40) a(74,74) d(67)", "fitness": 0.0}
{"generation": 6, "position": 52, "parents": [38], "genome": "a(29,67) a(35,105) r(64,50) a(29,47) a(29,50) d(29) r(6,42) d(5)", "fitness": 0.0}
{"generation": 7, "position": 0, "parents": [47, 7], "genome": "d(64) r(5,63) d(6) r(69,88) d(6) a(65,37) r(69,88) d(6) a(65,37) a(74,62) r(66,37) r(72,62) a(34,62)", "fitness": 0.0}
{"generation": 7, "position": 1, "parents": [47, 7], "genome": "d(34) a(65,37) r(65,40) a(74,74) a(34,42) r(72,57)", "fitness": 15.0}
{"generation": 7, "position": 2, "parents": [47], "genome": "d(64) r(5,63) d(6) a(65,37) r(65,40) a(74,74) a(34,42) r(29,88)", "fitness": 0.0}
{"generation": 7, "position": 3, "parents": [7], "genome": "d(34) r(69,88) d(6) a(65,37) r(69,88) d(6) a(65,37) a(74,62) r(66,37) r(72,62) r(74,73)", "fitness": 0.0}
{"generation": 7, "position": 4, "parents": [34, 20], "genome": "d(64) r(5,63) r(69,88) d(6) a(65,37) a(74,62) r(72,74) d(66) d(35)", "fitness": 0.0}
{"generation": 7, "position": 5, "parents": [34, 20], "genome": "d(34) r(29,88) r(35,40) d(74)", "fitness": 15.0}
{"generation": 7, "position": 6, "parents": [34], "genome": "d(64) r(5,63) r(29,88) r(35,40)", "fitness": 0.0}
{"generation": 7, "position": 7, "parents": [20], "genome": "d(34) r(69,88) d(6) a(65,37) a(74,62) r(72,74) d(66) r(65,72)", "fitness": 0.0}
{"generation": 7, "position": 8, "parents": [14], "genome": "r(5,55) r(64,50) a(34,54) d(35)", "fitness": 15.0}
{"generation": 7, "position": 9, "parents": [14], "genome": "r(5,55) r(64,50) a(34,54) r(34,91)", "fitness": 15.0}
{"generation": 7, "position": 10, "parents": [42], "genome": "r(5,55) r(64,50) d(34) r(35,47) r(29,90)", "fitness": 0.0}
{"generation": 7, "position": 11, "parents": [24], "genome": "d(66) d(6) d(69) a(72,74) a(74,73) a(65,56) d(74)", "fitness": 0.0}
{"generation": 7, "position": 12, "parents": [53], "genome": "r(5,55) r(69,73) d(72) d(64) d(34) a(35,29) d(29)", "fitness": 0.0}
{"generation": 7, "position": 13, "parents": [13], "genome": "d(66) d(65) d(29) r(6,50) a(64,75) r(72,66) r(73,64)", "fitness": 0.0}
{"generation": 7, "position": 14, "parents": [32, 22], "genome": "d(64) r(5,63) a(65,37) r(69,88) d(6) a(65,37) a(74,62) d(29)", "fitness": 0.0}
{"generation": 7, "position": 15, "parents": [32, 22], "genome": "r(5,55) r(69,73) d(72) d(64) d(34) d(35) r(66,37) r(29,90)", "fitness": 0.0}
{"generation": 7, "position": 16, "parents": [32], "genome": "d(64) r(5,63) a(65,37) r(69,88) d(6) a(65,37) a(74,62) r(66,37) r(29,90) a(35,43)", "fitness": 0.0}
{"generation": 7, "position": 17, "parents": [22], "genome": "r(5,55) r(69,73) d(72) d(64) d(34) d(35) a(29,90)", "fitness": 0.0}
{"generation": 7, "position": 18, "parents": [22, 12], "genome": "r(5,55) r(69,73) d(72) d(64) d(34) d(6) d(29)", "fitness": 0.0}
{"generation": 7, "position": 19, "parents": [22, 12], "genome": "a(66,99) r(67,74) r(64,50) a(29,47) a(29,50) a(6,58) a(29,45) d(35) d(34)", "fitness": 0.0}
{"generation": 7, "position": 20, "parents": [22], "genome": "r(5,55) r(69,73) d(72) d(64) d(34) d(35) d(29)", "fitness": 0.0}
{"generation": 7, "position": 21, "parents": [12], "genome": "a(66,99) r(67,74) r(64,50) a(29,47) a(29,50) a(6,58) a(29,45) d(6) a(29,63)", "fitness": 0.0}
{"generation": 7, "position": 22, "parents": [1], "genome": "a(73,57) d(65) d(74) d(64) a(35,50)", "fitness": 0.0}
{"generation": 7, "position": 23, "parents": [44], "genome": "d(64) r(6,71) d(34) r(29,51) r(5,45) r(35,43)", "fitness": 0.0}
{"generation": 7, "position": 24, "parents": [22, 39], "genome": "r(5,55) r(69,73) d(72) d(64) d(34) r(5,63) r(29,88) d(29) a(35,62) d(35)", "fitness": 0.0}
{"generation": 7, "position": 25, "parents": [22, 39], "genome": "d(64) d(35) a(29,58)", "fitness": 0.0}
{"generation": 7, "position": 26, "parents": [22], "genome": "r(5,55) r(69,73) d(72) d(64) d(34) d(35) d(29)", "fitness": 0.0}
{"generation": 7, "position": 27, "parents": [39], "genome": "d(64) r(5,63) r(29,88) d(29) a(35,62) d(35)", "fitness": 0.0}
{"generation": 7, "position": 28, "parents": [0], "genome": "d(34) d(6) a(66,45) d(65) r(71,49) d(69) r(73,44) r(64,99) d(34) d(35) d(5)", "fitness": 0.0}
{"generation": 7, "position": 29, "parents": [53], "genome": "r(5,55) r(69,73) d(72) d(64) d(34) a(35,29) d(29)", "fitness": 0.0}
{"generation": 7, "position": 30, "parents": [26, 40], "genome": "d(34) r(69,88) d(6) a(65,37) r(65,40) a(74,74) a(74,56) a(5,70) d(72)", "fitness": 0.0}
{"generation": 7, "position": 31, "parents": [26, 40], "genome": "d(34) r(69,88) d(6) a(65,37) r(65,40) d(66) d(64)", "fitness": 0.0}
{"generation": 7, "position": 32, "parents": [26], "genome": "d(34) r(69,88) d(6) a(65,37) r(65,40) a(74,74) a(74,56) d(5)", "fitness": 15.0}
{"generation": 7, "position": 33, "parents": [40], "genome": "d(34) r(69,88) d(6) a(65,37) r(65,40) d(66) a(5,70) r(35,46)", "fitness": 0.0}
{"generation": 7, "position": 34, "parents": [50, 48], "genome": "r(5,55) r(64,50) d(34) r(35,47) r(29,44)", "fitness": 15.0}
{"generation": 7, "position": 35, "parents": [50, 48], "genome": "d(34) r(69,88) d(6) a(65,37) r(65,40) a(74,74) a(64,73) r(29,90) r(72,76)", "fitness": 0.0}
{"generation": 7, "position": 36, "parents": [50], "genome": "r(5,55) r(64,50) d(34) r(35,47) r(29,90)", "fitness": 0.0}
{"generation": 7, "position": 37, "parents": [48], "genome": "d(34) r(69,88) d(6) a(65,37) r(65,40) a(74,74) a(64,73) r(73,44)", "fitness": 0.0}
{"generation": 7, "position": 38, "parents": [40], "genome": "d(34) r(69,88) d(6) a(65,37) r(65,40) d(66) a(5,70) d(5)", "fitness": 0.0}
{"generation": 7, "position": 39, "parents": [28], "genome": "d(66) d(6) d(69) d(72) d(34) r(64,38) d(35)", "fitness": 0.0}
{"generation": 7, "position": 40, "parents": [2, 34], "genome": "d(34) d(6) r(29,88) r(35,40) r(67,56)", "fitness": 0.0}
{"generation": 7, "position": 41, "parents": [2, 34], "genome": "d(64) r(5,63) a(66,45) d(65) r(71,49) r(64,72) d(34)", "fitness": 0.0}
{"generation": 7, "position": 42, "parents": [2], "genome": "d(34) d(6) a(66,45) d(65) r(71,49) r(64,72) d(5)", "fitness": 0.0}
{"generation": 7, "position": 43, "parents": [34], "genome": "d(64) r(5,63) r(29,88) r(35,40)", "fitness": 0.0}
{"generation": 7, "position": 44, "parents": [43], "genome": "r(5,55) r(64,50) d(34) d(29) a(35,5) r(35,88)", "fitness": 0.0}
{"generation": 7, "position": 45, "parents": [32], "genome": "d(64) r(5,63) a(65,37) r(69,88) d(6) a(65,37) a(74,62) r(66,37) r(29,90) d(35)", "fitness": 0.0}
{"generation": 7, "position": 46, "parents": [51, 17], "genome": "d(34) r(69,88) d(6) a(65,37) r(65,40) d(73) d(66) r(74,62)", "fitness": 0.0}
{"generation": 7, "position": 47, "parents": [51, 17], "genome": "d(34) r(69,88) d(6) a(65,37) a(74,62) a(74,74) d(67) d(35)", "fitness": 0.0}
{"generation": 7, "position": 48, "parents": [51], "genome": "d(34) r(69,88) d(6) a(65,37) r(65,40) a(74,74) d(67) a(35,58)", "fitness": 0.0}
{"generation": 7, "position": 49, "parents": [17], "genome": "d(34) r(69,88) d(6) a(65,37) a(74,62) d(73) d(66) r(35,70)", "fitness": 0.0}
{"generation": 7, "position": 50, "parents": [52, 2], "genome": "a(29,67) a(35,105) r(64,50) a(29,47) a(29,50) d(29) r(6,42) d(5) d(65) r(71,49) r(64,72) r(35,88)", "fitness": 0.0}
{"generation": 7, "position": 51, "parents": [52, 2], "genome": "d(34) d(6) a(66,45) r(29,67)", "fitness": 0.0}
{"generation": 7, "position": 52, "parents": [52], "genome": "a(29,67) a(35,105) r(64,50) a(29,47) a(29,50) d(29) r(6,42) d(5) r(35,5)", "fitness": 0.0}
{"generation": 7, "position": 53, "parents": [2], "genome": "d(34) d(6) a(66,45) d(65) r(71,49) r(64,72) d(5)", "fitness": 0.0}
{"generation": 7, "position": 54, "parents": [14], "genome": "r(5,55) r(64,50) a(34,54) a(34,104)", "fitness": 15.0}
{"generation": 7, "position": 55, "parents": [36], "genome": "a(66,67) a(6,47) r(6,50) a(35,55) a(67,63) a(35,49)", "fitness": 0.0}
{"generation": 7, "position": 56, "parents": [47, 27], "genome": "d(64) r(5,63) d(6) a(65,37) a(65,37) d(69) a(72,74) a(73,62) d(64) a(29,67)", "fitness": 0.0}
{"generation": 7, "position": 57, "parents": [47, 27], "genome": "d(34) d(6) r(65,40) a(74,74) a(34,42) r(72,67)", "fitness": 0.0}
{"generation": 7, "position": 58, "parents": [47], "genome": "d(64) r(5,63) d(6) a(65,37) r(65,40) a(74,74) a(34,42) r(34,91)", "fitness": 15.0}
{"generation": 7, "position": 59, "parents": [27], "genome": "d(34) d(6) a(65,37) d(69) a(72,74) a(73,62) d(64) a(5,40)", "fitness": 0.0}
{"generation": 7, "position": 60, "parents": [50, 3], "genome": "r(5,55) r(64,50) d(34) r(35,47) r(29,90) d(34) d(5)", "fitness": 0.0}
{"generation": 7, "position": 61, "parents": [50, 3], "genome": "a(73,57) d(65) d(74) d(69) r(73,44) r(64,99) r(35,45)", "fitness": 15.0}
{"generation": 7, "position": 62, "parents": [50], "genome": "r(5,55) r(64,50) d(34) r(35,47) r(29,90)", "fitness": 0.0}
{"generation": 8, "position": 0, "parents": [45], "genome": "d(64) r(5,63) a(65,37) r(69,88) d(6) a(65,37) a(74,62) r(66,37) r(29,90) d(35)", "fitness": 0.0}
{"generation": 8, "position": 1, "parents": [38], "genome": "d(34) r(69,88) d(6) a(65,37) r(65,40) d(66) a(5,70) d(5) d(72)", "fitness": 0.0}
{"generation": 8, "position": 2, "parents": [55, 27], "genome": "a(66,67) a(6,47) r(6,50) a(35,55) a(67,63) r(5,63) r(29,88) d(29) a(35,62) d(35) d(66)", "fitness": 3.0}
{"generation": 8, "position": 3, "parents": [55, 27], "genome": "d(64) a(35,49) r(34,42)", "fitness": 15.0}
{"generation": 8, "position": 4, "parents": [55], "genome": "a(66,67) a(6,47) r(6,50) a(35,55) a(67,63) a(35,49) d(71)", "fitness": 0.0}
{"generation": 8, "position": 5, "parents": [27], "genome": "d(64) r(5,63) r(29,88) d(29) a(35,62) d(35)", "fitness": 0.0}
{"generation": 8, "position": 6, "parents": [41, 36], "genome": "d(64) r(29,90) r(35,49)", "fitness": 0.0}
{"generation": 8, "position": 7, "parents": [41, 36], "genome": "r(5,55) r(64,50) d(34) r(35,47) r(5,63) a(66,45) d(65) r(71,49) r(64,72) d(34) r(29,90)", "fitness": 0.0}
{"generation": 8, "position": 8, "parents": [41], "genome": "d(64) r(5,63) a(66,45) d(65) r(71,49) r(64,72) d(34) a(35,50)", "fitness": 0.0}
{"generation": 8, "position": 9, "parents": [36], "genome": "r(5,55) r(64,50) d(34) r(35,47) r(29,90)", "fitness": 0.0}
{"generation": 8, "position": 10, "parents": [51, 35], "genome": "d(34) a(65,37) r(65,40) a(74,74) a(64,73) r(29,90) r(72,76) a(69,43)", "fitness": 15.0}
{"generation": 8, "position": 11, "parents": [51, 35], "genome": "d(34) r(69,88) d(6) d(6) a(66,45) r(29,67) r(73,74)", "fitness": 0.0}
{"generation": 8, "position": 12, "parents": [51], "genome": "d(34) d(6) a(66,45) r(29,67) r(73,88)", "fitness": 0.0}
{"generation": 8, "position": 13, "parents": [35], "genome": "d(34) r(69,88) d(6) a(65,37) r(65,40) a(74,74) a(64,73) r(29,90) r(72,76) a(5,91)", "fitness": 0.0}
{"generation": 8, "position": 14, "parents": [42], "genome": "d(34) d(6) a(66,45) d(65) r(71,49) r(64,72) d(5) a(35,34)", "fitness": 0.0}
{"generation": 8, "position": 15, "parents": [35], "genome": "d(34) r(69,88) d(6) a(65,37) r(65,40) a(74,74) a(64,73) r(29,90) r(72,76) r(5,41)", "fitness": 15.0}
{"generation": 8, "position": 16, "parents": [0, 21], "genome": "d(64) r(5,63) d(6) r(69,88) d(6) a(65,37) r(69,88) d(6) a(29,47) a(29,50) a(6,58) a(29,45) d(6) a(29,63) d(35)", "fitness": 0.0}
{"generation": 8, "position": 17, "parents": [0, 21], "genome": "a(66,99) r(67,74) r(64,50) a(65,37) a(74,62) r(66,37) r(72,62) a(34,62) a(5,43)", "fitness": 0.0}
{"generation": 8, "position": 18, "parents": [0], "genome": "d(64) r(5,63) d(6) r(69,88) d(6) a(65,37) r(69,88) d(6) a(65,37) a(74,62) r(66,37) r(72,62) a(34,62) d(35)", "fitness": 0.0}
{"generation": 8, "position": 19, "parents": [21], "genome": "a(66,99) r(67,74) r(64,50) a(29,47) a(29,50) a(6,58) a(29,45) d(6) a(29,63) d(34)", "fitness": 0.0}
{"generation": 8, "position": 20, "parents": [62], "genome": "r(5,55) r(64,50) d(34) r(35,47) r(29,90)", "fitness": 0.0}
{"generation": 8, "position": 21, "parents": [3], "genome": "d(34) r(69,88) d(6) a(65,37) r(69,88) d(6) a(65,37) a(74,62) r(66,37) r(72,62) r(74,73) d(35)", "fitness": 0.0}
{"generation": 8, "position": 22, "parents": [43], "genome": "d(64) r(5,63) r(29,88) r(35,40)", "fitness": 0.0}
{"generation": 8, "position": 23, "parents": [11], "genome": "d(66) d(6) d(69) a(72,74) a(74,73) a(65,56) d(74) r(72,76)", "fitness": 0.0}
{"generation": 8, "position": 24, "parents": [44], "genome": "r(5,55) r(64,50) d(34) d(29) a(35,5) r(35,88)", "fitness": 0.0}
{"generation": 8, "position": 25, "parents": [23], "genome": "d(64) r(6,71) d(34) r(29,51) r(5,45) r(35,43)", "fitness": 0.0}
{"generation": 8, "position": 26, "parents": [35, 21], "genome": "d(34) r(69,88) d(6) d(6) a(29,63) r(66,74)", "fitness": 0.0}
{"generation": 8, "position": 27, "parents": [35, 21], "genome": "a(66,99) r(67,74) r(64,50) a(29,47) a(29,50) a(6,58) a(29,45) a(65,37) r(65,40) a(74,74) a(64,73) r(29,90) r(72,76) a(35,55)", "fitness": 0.0}
{"generation": 8, "position": 28, "parents": [35], "genome": "d(34) r(69,88) d(6) a(65,37) r(65,40) a(74,74) a(64,73) r(29,90) r(72,76) r(67,91)", "fitness": 0.0}
{"generation": 8, "position": 29, "parents": [21], "genome": "a(66,99) r(67,74) r(64,50) a(29,47) a(29,50) a(6,58) a(29,45) d(6) a(29,63) a(29,88)", "fitness": 0.0}
{"generation": 8, "position": 30, "parents": [11], "genome": "d(66) d(6) d(69) a(72,74) a(74,73) a(65,56) d(74) a(65,91)", "fitness": 0.0}
{"generation": 8, "position": 31, "parents": [21], "genome": "a(66,99) r(67,74) r(64,50) a(29,47) a(29,50) a(6,58) a(29,45) d(6) a(29,63) a(5,67)", "fitness": 0.0}
{"generation": 8, "position": 32, "parents": [35, 30], "genome": "d(34) r(69,88) d(6) a(65,37) r(65,40) d(6) a(65,37) r(65,40) a(74,74) a(74,56) a(5,70) d(72) a(67,64)", "fitness": 0.0}
{"generation": 8, "position": 33, "parents": [35, 30], "genome": "d(34) r(69,88) a(74,74) a(64,73) r(29,90) r(72,76) r(65,66)", "fitness": 0.0}
{"generation": 8, "position": 34, "parents": [35], "genome": "d(34) r(69,88) d(6) a(65,37) r(65,40) a(74,74) a(64,73) r(29,90) r(72,76) d(35)", "fitness": 0.0}
{"generation": 8, "position": 35, "parents": [30], "genome": "d(34) r(69,88) d(6) a(65,37) r(65,40) a(74,74) a(74,56) a(5,70) d(72) d(35)", "fitness": 0.0}
{"generation": 8, "position": 36, "parents": [24, 10], "genome": "r(5,55) r(69,73) d(72) d(64) d(34) r(5,63) r(29,88) d(29) a(35,62) a(35,51)", "fitness": 0.0}
{"generation": 8, "position": 37, "parents": [24, 10], "genome": "r(5,55) r(64,50) d(34) r(35,47) r(29,90) d(35)", "fitness": 0.0}
{"generation": 8, "position": 38, "parents": [24], "genome": "r(5,55) r(69,73) d(72) d(64) d(34) r(5,63) r(29,88) d(29) a(35,62) d(35)", "fitness": 0.0}
{"generation": 8, "position": 39, "parents": [10], "genome": "r(5,55) r(64,50) d(34) r(35,47) r(29,90)", "fitness": 0.0}
{"generation": 8, "position": 40, "parents": [60, 15], "genome": "r(5,55) r(64,50) d(34) r(35,47) r(29,90) d(34)", "fitness": 0.0}
{"generation": 8, "position": 41, "parents": [60, 15], "genome": "r(5,55) r(69,73) d(72) d(64) d(34) d(35) r(66,37) r(29,90) d(5)", "fitness": 0.0}
{"generation": 8, "position": 42, "parents": [60], "genome": "r(5,55) r(64,50) d(34) r(35,47) r(29,90) d(34) d(5)", "fitness": 0.0}
{"generation": 8, "position": 43, "parents": [15], "genome": "r(5,55) r(69,73) d(72) d(64) d(34) d(35) r(66,37) r(29,90)", "fitness": 0.0}
{"generation": 8, "position": 44, "parents": [2], "genome": "d(64) r(5,63) d(6) a(65,37) r(65,40) a(74,74) a(34,42) r(29,88) a(35,42)", "fitness": 15.0}
{"generation": 8, "position": 45, "parents": [39], "genome": "d(66) d(6) d(69) d(72) d(34) r(64,38) d(35) a(5,90)", "fitness": 0.0}
{"generation": 8, "position": 46, "parents": [59, 23], "genome": "d(34) d(6) a(65,37) d(69) a(29,62)", "fitness": 0.0}
{"generation": 8, "position": 47, "parents": [59, 23], "genome": "d(64) r(6,71) d(34) r(29,51) r(5,45) r(35,43) a(72,74) a(73,62) d(64) a(5,40)", "fitness": 0.0}
{"generation": 8, "position": 48, "parents": [59], "genome": "d(34) d(6) a(65,37) d(69) a(72,74) a(73,62) d(64) a(5,40) a(35,36)", "fitness": 0.0}
{"generation": 8, "position": 49, "parents": [23], "genome": "d(64) r(6,71) d(34) r(29,51) r(5,45) r(35,43)", "fitness": 0.0}
{"generation": 8, "position": 50, "parents": [21, 13], "genome": "a(66,99) r(67,74) r(64,50) a(29,47) a(29,50) a(6,58) a(29,45) r(72,66) r(73,64) a(5,34)", "fitness": 0.0}
{"generation": 8, "position": 51, "parents": [21, 13], "genome": "d(66) d(65) d(29) r(6,50) a(64,75) d(6) a(29,63) a(72,105)", "fitness": 0.0}
{"generation": 8, "position": 52, "parents": [21], "genome": "a(66,99) r(67,74) r(64,50) a(29,47) a(29,50) a(6,58) a(29,45) d(6) a(29,63) r(5,47)", "fitness": 0.0}
{"generation": 8, "position": 53, "parents": [13], "genome": "d(66) d(65) d(29) r(6,50) a(64,75) r(72,66) r(73,64) a(35,39)", "fitness": 0.0}
{"generation": 8, "position": 54, "parents": [44, 20], "genome": "r(5,55) r(64,50) d(34) d(29) a(35,5) r(35,88) d(72) d(64) d(34) d(35) d(29)", "fitness": 0.0}
{"generation": 8, "position": 55, "parents": [44, 20], "genome": "r(5,55) r(69,73) r(35,63)", "fitness": 0.0}
{"generation": 8, "position": 56, "parents": [44], "genome": "r(5,55) r(64,50) d(34) d(29) a(35,5) r(35,88)", "fitness": 0.0}
{"generation": 8, "position": 57, "parents": [20], "genome": "r(5,55) r(69,73) d(72) d(64) d(34) d(35) d(29)", "fitness": 0.0}
{"generation": 8, "position": 58, "parents": [12], "genome": "r(5,55) r(69,73) d(72) d(64) d(34) a(35,29) d(29) r(35,49)", "fitness": 0.0}
{"generation": 8, "position": 59, "parents": [44], "genome": "r(5,55) r(64,50) d(34) d(29) a(35,5) r(35,88)", "fitness": 0.0}
{"generation": 8, "position": 60, "parents": [35, 57], "genome": "d(34) r(69,88) d(6) r(65,40) a(74,74) a(34,42) r(72,67) d(5)", "fitness": 0.0}
{"generation": 8, "position": 61, "parents": [35, 57], "genome": "d(34) d(6) a(65,37) r(65,40) a(74,74) a(64,73) r(29,90) r(72,76) a(73,57)", "fitness": 0.0}
{"generation": 8, "position": 62, "parents": [35], "genome": "d(34) r(69,88) d(6) a(65,37) r(65,40) a(74,74) a(64,73) r(29,90) r(72,76) r(64,56)", "fitness": 0.0}
{"generation": 9, "position": 0, "parents": [11, 19], "genome": "d(34) r(69,88) d(6) d(6) a(66,45) d(34) a(5,56)", "fitness": 0.0}
{"generation": 9, "position": 1, "parents": [11, 19], "genome": "a(66,99) r(67,74) r(64,50) a(29,47) a(29,50) a(6,58) a(29,45) d(6) a(29,63) r(29,67) r(73,74) r(5,53)", "fitness": 0.0}
{"generation": 9, "position": 2, "parents": [11], "genome": "d(34) r(69,88) d(6) d(6) a(66,45) r(29,67) r(73,74) r(74,104)", "fitness": 0.0}
{"generation": 9, "position": 3, "parents": [19], "genome": "a(66,99) r(67,74) r(64,50) a(29,47) a(29,50) a(6,58) a(29,45) d(6) a(29,63) d(34) d(29)", "fitness": 0.0}
{"generation": 9, "position": 4, "parents": [56], "genome": "r(5,55) r(64,50) d(34) d(29) a(35,5) r(35,88)", "fitness": 0.0}
{"generation": 9, "position": 5, "parents": [17], "genome": "a(66,99) r(67,74) r(64,50) a(65,37) a(74,62) r(66,37) r(72,62) a(34,62) a(5,43) a(29,54)", "fitness": 15.0}
{"generation": 9, "position": 6, "parents": [60], "genome": "d(34) r(69,88) d(6) r(65,40) a(74,74) a(34,42) r(72,67) d(5) r(64,49)", "fitness": 0.0}
{"generation": 9, "position": 7, "parents": [18], "genome": "d(64) r(5,63) d(6) r(69,88) d(6) a(65,37) r(69,88) d(6) a(65,37) a(74,62) r(66,37) r(72,62) a(34,62) d(35) d(29)", "fitness": 0.0}
{"generation": 9, "position": 8, "parents": [50, 55], "genome": "a(66,99) r(67,74) r(35,63) a(65,90)", "fitness": 15.0}
{"generation": 9, "position": 9, "parents": [50, 55], "genome": "r(5,55) r(69,73) r(64,50) a(29,47) a(29,50) a(6,58) a(29,45) r(72,66) r(73,64) a(5,34) a(29,88)", "fitness": 0.0}
{"generation": 9, "position": 10, "parents": [50], "genome": "a(66,99) r(67,74) r(64,50) a(29,47) a(29,50) a(6,58) a(29,45) r(72,66) r(73,64) a(5,34) r(5,63)", "fitness": 0.0}
{"generation": 9, "position": 11, "parents": [55], "genome": "r(5,55) r(69,73) r(35,63) d(29)", "fitness": 0.0}
{"generation": 9, "position": 12, "parents": [52, 20], "genome": "a(66,99) r(67,74) r(64,50) r(35,47) r(29,90) a(5,54)", "fitness": 15.0}
{"generation": 9, "position": 13, "parents": [52, 20], "genome": "r(5,55) r(64,50) d(34) a(29,47) a(29,50) a(6,58) a(29,45) d(6) a(29,63) r(5,47) r(35,99)", "fitness": 0.0}
{"generation": 9, "position": 14, "parents": [52], "genome": "a(66,99) r(67,74) r(64,50) a(29,47) a(29,50) a(6,58) a(29,45) d(6) a(29,63) r(5,47) a(34,63)", "fitness": 0.0}
{"generation": 9, "position": 15, "parents": [20], "genome": "r(5,55) r(64,50) d(34) r(35,47) r(29,90)", "fitness": 0.0}
{"generation": 9, "position": 16, "parents": [11], "genome": "d(34) r(69,88) d(6) d(6) a(66,45) r(29,67) r(73,74) a(66,88)", "fitness": 0.0}
{"generation": 9, "position": 17, "parents": [55], "genome": "r(5,55) r(69,73) r(35,63) a(34,49)", "fitness": 0.0}
{"generation": 9, "position": 18, "parents": [14, 56], "genome": "d(34) d(6) d(29) a(35,5) r(35,88) r(64,88)", "fitness": 0.0}
{"generation": 9, "position": 19, "parents": [14, 56], "genome": "r(5,55) r(64,50) d(34) a(66,45) d(65) r(71,49) r(64,72) d(5) a(35,34) d(29)", "fitness": 0.0}
{"generation": 9, "position": 20, "parents": [14], "genome": "d(34) d(6) a(66,45) d(65) r(71,49) r(64,72) d(5) a(35,34) d(35)", "fitness": 0.0}
{"generation": 9, "position": 21, "parents": [56], "genome": "r(5,55) r(64,50) d(34) d(29) a(35,5) r(35,88)", "fitness": 0.0}
{"generation": 9, "position": 22, "parents": [46], "genome": "d(34) d(6) a(65,37) d(69) a(29,62) a(29,57)", "fitness": 0.0}
{"generation": 9, "position": 23, "parents": [13], "genome": "d(34) r(69,88) d(6) a(65,37) r(65,40) a(74,74) a(64,73) r(29,90) r(72,76) a(5,91) r(74,70)", "fitness": 0.0}
{"generation": 9, "position": 24, "parents": [34], "genome": "d(34) r(69,88) d(6) a(65,37) r(65,40) a(74,74) a(64,73) r(29,90) r(72,76) d(35) r(74,99)", "fitness": 0.0}
{"generation": 9, "position": 25, "parents": [14], "genome": "d(34) d(6) a(66,45) d(65) r(71,49) r(64,72) d(5) a(35,34) r(35,40)", "fitness": 0.0}
{"generation": 9, "position": 26, "parents": [9], "genome": "r(5,55) r(64,50) d(34) r(35,47) r(29,90)", "fitness": 0.0}
{"generation": 9, "position": 27, "parents": [60], "genome": "d(34) r(69,88) d(6) r(65,40) a(74,74) a(34,42) r(72,67) d(5) d(74)", "fitness": 0.0}
{"generation": 9, "position": 28, "parents": [63], "genome": "d(34) d(6) r(65,40) a(74,74) a(34,42) r(72,67) r(64,57) d(29)", "fitness": 0.0}
{"generation": 9, "position": 29, "parents": [39], "genome": "r(5,55) r(64,50) d(34) r(35,47) r(29,90)", "fitness": 0.0}
{"generation": 9, "position": 30, "parents": [0, 4], "genome": "d(64) r(5,63) a(65,37) r(69,88) d(6) a(65,37) a(74,62) a(6,47) r(6,50) a(35,55) a(67,63) a(35,49) d(71) d(29)", "fitness": 0.0}
{"generation": 9, "position": 31, "parents": [0, 4], "genome": "a(66,67) r(66,37) r(29,90) d(35) a(6,52)", "fitness": 15.0}
{"generation": 9, "position": 32, "parents": [0], "genome": "d(64) r(5,63) a(65,37) r(69,88) d(6) a(65,37) a(74,62) r(66,37) r(29,90) d(35)", "fitness": 0.0}
{"generation": 9, "position": 33, "parents": [4], "genome": "a(66,67) a(6,47) r(6,50) a(35,55) a(67,63) a(35,49) d(71) a(29,57)", "fitness": 0.0}
{"generation": 9, "position": 34, "parents": [59, 61], "genome": "r(5,55) r(64,50) d(34) d(6) a(65,37) r(65,40) a(74,74) a(64,73) r(29,90) r(72,76) a(73,57) d(35)", "fitness": 0.0}
{"generation": 9, "position": 35, "parents": [59, 61], "genome": "d(34) d(29) a(35,5) r(35,88) d(69)", "fitness": 0.0}
{"generation": 9, "position": 36, "parents": [59], "genome": "r(5,55) r(64,50) d(34) d(29) a(35,5) r(35,88)", "fitness": 0.0}
{"generation": 9, "position": 37, "parents": [61], "genome": "d(34) d(6) a(65,37) r(65,40) a(74,74) a(64,73) r(29,90) r(72,76) a(73,57) d(69)", "fitness": 0.0}
{"generation": 9, "position": 38, "parents": [6, 26], "genome": "d(64) r(29,90) r(35,49) r(66,74) d(5)", "fitness": 0.0}
{"generation": 9, "position": 39, "parents": [6, 26], "genome": "d(34) r(69,88) d(6) d(6) a(29,63) r(66,104)", "fitness": 0.0}
{"generation": 9, "position": 40, "parents": [6], "genome": "d(64) r(29,90) r(35,49) d(6)", "fitness": 0.0}
{"generation": 9, "position": 41, "parents": [26], "genome": "d(34) r(69,88) d(6) d(6) a(29,63) r(66,74) a(5,5)", "fitness": 0.0}
{"generation": 9, "position": 42, "parents": [21, 55], "genome": "d(34) r(69,88) d(6) a(65,37) r(69,88) d(6) a(65,37) a(74,62) r(66,37) r(72,62) r(74,73) r(35,63) d(5)", "fitness": 15.0}
{"generation": 9, "position": 43, "parents": [21, 55], "genome": "r(5,55) r(69,73) d(35) a(65,71)", "fitness": 0.0}
{"generation": 9, "position": 44, "parents": [21], "genome": "d(34) r(69,88) d(6) a(65,37) r(69,88) d(6) a(65,37) a(74,62) r(66,37) r(72,62) r(74,73) d(35) a(65,75)", "fitness": 0.0}
{"generation": 9, "position": 45, "parents": [55], "genome": "r(5,55) r(69,73) r(35,63) r(73,37)", "fitness": 15.0}
{"generation": 9, "position": 46, "parents": [5, 31], "genome": "d(64) r(5,63) r(29,88) a(5,67) d(35)", "fitness": 0.0}
{"generation": 9, "position": 47, "parents": [5, 31], "genome": "a(66,99) r(67,74) r(64,50) a(29,47) a(29,50) a(6,58) a(29,45) d(6) a(29,63) d(29) a(35,62) d(35) r(5,67)", "fitness": 0.0}
{"generation": 9, "position": 48, "parents": [5], "genome": "d(64) r(5,63) r(29,88) d(29) a(35,62) d(35)", "fitness": 0.0}
{"generation": 9, "position": 49, "parents": [31], "genome": "a(66,99) r(67,74) r(64,50) a(29,47) a(29,50) a(6,58) a(29,45) d(6) a(29,63) a(5,67) r(34,40)", "fitness": 0.0}
{"generation": 9, "position": 50, "parents": [19], "genome": "a(66,99) r(67,74) r(64,50) a(29,47) a(29,50) a(6,58) a(29,45) d(6) a(29,63) d(34) r(29,50)", "fitness": 0.0}
{"generation": 9, "position": 51, "parents": [14], "genome": "d(34) d(6) a(66,45) d(65) r(71,49) r(64,72) d(5) a(35,34) r(29,35)", "fitness": 0.0}
{"generation": 9, "position": 52, "parents": [25], "genome": "d(64) r(6,71) d(34) r(29,51) r(5,45) r(35,43)", "fitness": 0.0}
{"generation": 9, "position": 53, "parents": [27], "genome": "a(66,99) r(67,74) r(64,50) a(29,47) a(29,50) a(6,58) a(29,45) a(65,37) r(65,40) a(74,74) a(64,73) r(29,90) r(72,76) a(35,55) r(35,44)", "fitness": 15.0}
{"generation": 9, "position": 54, "parents": [2, 61], "genome": "a(66,67) a(6,47) r(6,50) a(35,55) a(67,63) r(72,76) a(73,57) r(34,50)", "fitness": 0.0}
{"generation": 9, "position": 55, "parents": [2, 61], "genome": "d(34) d(6) a(65,37) r(65,40) a(74,74) a(64,73) r(29,90) r(5,63) r(29,88) d(29) a(35,62) d(35) d(66) r(71,73)", "fitness": 15.0}
{"generation": 9, "position": 56, "parents": [2], "genome": "a(66,67) a(6,47) r(6,50) a(35,55) a(67,63) r(5,63) r(29,88) d(29) a(35,62) d(35) d(66) a(64,50)", "fitness": 3.0}
{"generation": 9, "position": 57, "parents": [61], "genome": "d(34) d(6) a(65,37) r(65,40) a(74,74) a(64,73) r(29,90) r(72,76) a(73,57) a(66,88)", "fitness": 0.0}
{"generation": 9, "position": 58, "parents": [36], "genome": "r(5,55) r(69,73) d(72) d(64) d(34) r(5,63) r(29,88) d(29) a(35,62) a(35,51) d(35)", "fitness": 0.0}
{"generation": 10, "position": 0, "parents": [0], "genome": "d(34) r(69,88) d(6) d(6) a(66,45) d(34) a(5,56) a(65,75)", "fitness": 0.0}
{"generation": 10, "position": 1, "parents": [46], "genome": "d(64) r(5,63) r(29,88) a(5,67) d(35)", "fitness": 0.0}
{"generation": 10, "position": 2, "parents": [43], "genome": "r(5,55) r(69,73) d(35) a(65,71) a(65,76)", "fitness": 0.0}
{"generation": 10, "position": 3, "parents": [31], "genome": "a(66,67) r(66,37) r(29,90) d(35) a(6,52) a(69,70)", "fitness": 15.0}
{"generation": 10, "position": 4, "parents": [19], "genome": "r(5,55) r(64,50) d(34) a(66,45) d(65) r(71,49) r(64,72) d(5) a(35,34) d(29) d(35)", "fitness": 0.0}
{"generation": 10, "position": 5, "parents": [30], "genome": "d(64) r(5,63) a(65,37) r(69,88) d(6) a(65,37) a(74,62) a(6,47) r(6,50) a(35,55) a(67,63) a(35,49) d(71) d(29) d(35)", "fitness": 0.0}
{"generation": 10, "position": 6, "parents": [47, 44], "genome": "a(66,99) r(67,74) r(64,50) a(29,47) a(29,50) a(6,58) a(29,45) a(65,75) a(29,70)", "fitness": 0.0}
{"generation": 10, "position": 7, "parents": [47, 44], "genome": "d(34) r(69,88) d(6) a(65,37) r(69,88) d(6) a(65,37) a(74,62) r(66,37) r(72,62) r(74,73) d(35) d(6) a(29,63) d(29) a(35,62) d(35) r(5,67) a(65,49)", "fitness": 15.0}
{"generation": 10, "position": 8, "parents": [47], "genome": "a(66,99) r(67,74) r(64,50) a(29,47) a(29,50) a(6,58) a(29,45) d(6) a(29,63) d(29) a(35,62) d(35) r(5,67)", "fitness": 0.0}
{"generation": 10, "position": 9, "parents": [44], "genome": "d(34) r(69,88) d(6) a(65,37) r(69,88) d(6) a(65,37) a(74,62) r(66,37) r(72,62) r(74,73) d(35) a(65,75) r(5,63)", "fitness": 15.0}
{"generation": 10, "position": 10, "parents": [11, 27], "genome": "r(5,55) r(69,73) r(65,40) a(74,74) a(34,42) r(72,67) d(5) d(74) d(73)", "fitness": 0.0}
{"generation": 10, "position": 11, "parents": [11, 27], "genome": "d(34) r(69,88) d(6) r(35,63) d(29) d(64)", "fitness": 0.0}
{"generation": 10, "position": 12, "parents": [11], "genome": "r(5,55) r(69,73) r(35,63) d(29) a(66,52)", "fitness": 0.0}
{"generation": 10, "position": 13, "parents": [27], "genome": "d(34) r(69,88) d(6) r(65,40) a(74,74) a(34,42) r(72,67) d(5) d(74) r(35,38)", "fitness": 0.0}
{"generation": 10, "position": 14, "parents": [14], "genome": "a(66,99) r(67,74) r(64,50) a(29,47) a(29,50) a(6,58) a(29,45) d(6) a(29,63) r(5,47) a(34,63) r(34,44)", "fitness": 0.0}
{"generation": 10, "position": 15, "parents": [51], "genome": "d(34) d(6) a(66,45) d(65) r(71,49) r(64,72) d(5) a(35,34) r(29,35) r(35,39)", "fitness": 0.0}
{"generation": 10, "position": 16, "parents": [47], "genome": "a(66,99) r(67,74) r(64,50) a(29,47) a(29,50) a(6,58) a(29,45) d(6) a(29,63) d(29) a(35,62) d(35) r(5,67)", "fitness": 0.0}
{"generation": 10, "position": 17, "parents": [28], "genome": "d(34) d(6) r(65,40) a(74,74) a(34,42) r(72,67) r(64,57) d(29) a(35,34)", "fitness": 0.0}
{"generation": 10, "position": 18, "parents": [24, 37], "genome": "d(34) r(69,88) d(6) a(65,37) r(65,40) a(74,74) a(64,73) r(29,45)", "fitness": 0.0}
{"generation": 10, "position": 19, "parents": [24, 37], "genome": "d(34) d(6) a(65,37) r(65,40) a(74,74) a(64,73) r(29,90) r(72,76) a(73,57) d(69) r(29,90) r(72,76) d(35) r(74,99) d(64)", "fitness": 0.0}
{"generation": 10, "position": 20, "parents": [24], "genome": "d(34) r(69,88) d(6) a(65,37) r(65,40) a(74,74) a(64,73) r(29,90) r(72,76) d(35) r(74,99) a(5,49)", "fitness": 0.0}
{"generation": 10, "position": 21, "parents": [37], "genome": "d(34) d(6) a(65,37) r(65,40) a(74,74) a(64,73) r(29,90) r(72,76) a(73,57) d(69) r(5,54)", "fitness": 15.0}
{"generation": 10, "position": 22, "parents": [49, 25], "genome": "a(66,99) r(67,74) r(64,50) d(65) r(71,49) r(64,72) d(5) a(35,34) r(35,40) r(29,55)", "fitness": 0.0}
{"generation": 10, "position": 23, "parents": [49, 25], "genome": "d(34) d(6) a(66,45) a(29,47) a(29,50) a(6,58) a(29,45) d(6) a(29,63) a(5,67) r(34,40) a(29,53)", "fitness": 0.0}
{"generation": 10, "position": 24, "parents": [49], "genome": "a(66,99) r(67,74) r(64,50) a(29,47) a(29,50) a(6,58) a(29,45) d(6) a(29,63) a(5,67) r(34,40) d(29)", "fitness": 0.0}
{"generation": 10, "position": 25, "parents": [25], "genome": "d(34) d(6) a(66,45) d(65) r(71,49) r(64,72) d(5) a(35,34) r(35,40) r(29,52)", "fitness": 0.0}
{"generation": 10, "position": 26, "parents": [0, 10], "genome": "d(34) r(69,88) d(6) a(29,45) r(72,66) r(73,64) a(5,34) r(5,63) a(35,37)", "fitness": 3.0}
{"generation": 10, "position": 27, "parents": [0, 10], "genome": "a(66,99) r(67,74) r(64,50) a(29,47) a(29,50) a(6,58) d(6) a(66,45) d(34) a(5,56) d(29)", "fitness": 0.0}
{"generation": 10, "position": 28, "parents": [0], "genome": "d(34) r(69,88) d(6) d(6) a(66,45) d(34) a(5,56) r(64,69)", "fitness": 0.0}
{"generation": 10, "position": 29, "parents": [10], "genome": "a(66,99) r(67,74) r(64,50) a(29,47) a(29,50) a(6,58) a(29,45) r(72,66) r(73,64) a(5,34) r(5,63) d(35)", "fitness": 0.0}
{"generation": 10, "position": 30, "parents": [58], "genome": "r(5,55) r(69,73) d(72) d(64) d(34) r(5,63) r(29,88) d(29) a(35,62) a(35,51) d(35)", "fitness": 0.0}
{"generation": 10, "position": 31, "parents": [33], "genome": "a(66,67) a(6,47) r(6,50) a(35,55) a(67,63) a(35,49) d(71) a(29,57) a(73,75)", "fitness": 0.0}
{"generation": 10, "position": 32, "parents": [28], "genome": "d(34) d(6) r(65,40) a(74,74) a(34,42) r(72,67) r(64,57) d(29) r(5,53)", "fitness": 0.0}
{"generation": 10, "position": 33, "parents": [19], "genome": "r(5,55) r(64,50) d(34) a(66,45) d(65) r(71,49) r(64,72) d(5) a(35,34) d(29) r(35,53)", "fitness": 15.0}
{"generation": 10, "position": 34, "parents": [35], "genome": "d(34) d(29) a(35,5) r(35,88) d(69) r(67,65)", "fitness": 0.0}
{"generation": 10, "position": 35, "parents": [3], "genome": "a(66,99) r(67,74) r(64,50) a(29,47) a(29,50) a(6,58) a(29,45) d(6) a(29,63) d(34) d(29) d(5)", "fitness": 0.0}
{"generation": 10, "position": 36, "parents": [10, 32], "genome": "a(66,99) r(29,90) d(35) d(72)", "fitness": 15.0}
{"generation": 10, "position": 37, "parents": [10, 32], "genome": "d(64) r(5,63) a(65,37) r(69,88) d(6) a(65,37) a(74,62) r(66,37) r(67,74) r(64,50) a(29,47) a(29,50) a(6,58) a(29,45) r(72,66) r(73,64) a(5,34) r(5,63) d(35)", "fitness": 0.0}
{"generation": 10, "position": 38, "parents": [10], "genome": "a(66,99) r(67,74) r(64,50) a(29,47) a(29,50) a(6,58) a(29,45) r(72,66) r(73,64) a(5,34) r(5,63) r(35,76)", "fitness": 0.0}
{"generation": 10, "position": 39, "parents": [32], "genome": "d(64) r(5,63) a(65,37) r(69,88) d(6) a(65,37) a(74,62) r(66,37) r(29,90) d(35)", "fitness": 0.0}
{"generation": 10, "position": 40, "parents": [41], "genome": "d(34) r(69,88) d(6) d(6) a(29,63) r(66,74) a(5,5) a(35,47)", "fitness": 0.0}
{"generation": 10, "position": 41, "parents": [11], "genome": "r(5,55) r(69,73) r(35,63) d(29) r(73,40)", "fitness": 0.0}
{"generation": 10, "position": 42, "parents": [6], "genome": "d(34) r(69,88) d(6) r(65,40) a(74,74) a(34,42) r(72,67) d(5) r(64,49) r(29,55)", "fitness": 0.0}
{"generation": 10, "position": 43, "parents": [14], "genome": "a(66,99) r(67,74) r(64,50) a(29,47) a(29,50) a(6,58) a(29,45) d(6) a(29,63) r(5,47) a(34,63) d(35)", "fitness": 0.0}
{"generation": 10, "position": 44, "parents": [40, 51], "genome": "d(64) r(29,90) r(35,49) r(64,72) d(5) a(35,34) r(29,35)", "fitness": 0.0}
{"generation": 10, "position": 45, "parents": [40, 51], "genome": "d(34) d(6) a(66,45) d(65) r(71,49) d(6) a(35,63)", "fitness": 0.0}
{"generation": 10, "position": 46, "parents": [40], "genome": "d(64) r(29,90) r(35,49) d(6) d(5)", "fitness": 0.0}
{"generation": 10, "position": 47, "parents": [51], "genome": "d(34) d(6) a(66,45) d(65) r(71,49) r(64,72) d(5) a(35,34) r(29,35) r(35,29)", "fitness": 0.0}
{"generation": 10, "position": 48, "parents": [25], "genome": "d(34) d(6) a(66,45) d(65) r(71,49) r(64,72) d(5) a(35,34) r(35,40) a(29,88)", "fitness": 0.0}
{"generation": 10, "position": 49, "parents": [4], "genome": "r(5,55) r(64,50) d(34) d(29) a(35,5) r(35,88)", "fitness": 0.0}
{"generation": 10, "position": 50, "parents": [38, 14], "genome": "d(64) r(29,90) r(35,49) r(66,74) a(29,45) d(6) a(29,63) r(5,47) a(34,63)", "fitness": 0.0}
{"generation": 10, "position": 51, "parents": [38, 14], "genome": "a(66,99) r(67,74) r(64,50) a(29,47) a(29,50) a(6,58) d(5) r(34,50)", "fitness": 0.0}
{"generation": 10, "position": 52, "parents": [38], "genome": "d(64) r(29,90) r(35,49) r(66,74) d(5)", "fitness": 0.0}
{"generation": 10, "position": 53, "parents": [14], "genome": "a(66,99) r(67,74) r(64,50) a(29,47) a(29,50) a(6,58) a(29,45) d(6) a(29,63) r(5,47) a(34,63) a(29,46)", "fitness": 0.0}
{"generation": 10, "position": 54, "parents": [13], "genome": "r(5,55) r(64,50) d(34) a(29,47) a(29,50) a(6,58) a(29,45) d(6) a(29,63) r(5,47) r(35,99) a(29,29)", "fitness": 0.0}