[meta]
{"program": "genprog-3.0", "problem": {"ideal_fitness": "15", "type": "repair", "name": "uniq", "enclosure": {"1": 0, "2": 0, "3": 0, "4": 0, "5": 0, "6": 5, "7": 6, "9": 5, "10": 9, "11": 9, "12": 11, "13": 11, "14": 9, "15": 9, "17": 9, "18": 5, "19": 18, "20": 18, "21": 18, "23": 18, "24": 5, "25": 5, "26": 25, "27": 25, "29": 0, "30": 29, "31": 29, "32": 31, "33": 31, "34": 29, "35": 0, "36": 0, "37": 36, "38": 36, "39": 0, "40": 39, "41": 39, "42": 39, "43": 42, "44": 42, "45": 42, "46": 39, "47": 39, "48": 47, "49": 47, "50": 47, "51": 47, "52": 51, "53": 51, "54": 51, "55": 54, "56": 54, "57": 54, "58": 51, "59": 51, "60": 59, "62": 47, "63": 47, "64": 0, "65": 64, "66": 64, "67": 66, "69": 64, "70": 69, "71": 69, "72": 64, "73": 64, "74": 64, "75": 0, "76": 0, "78": 0, "79": 78, "80": 78, "81": 78, "83": 0, "85": 83, "86": 0, "87": 0, "88": 0, "89": 0, "90": 0, "91": 0, "92": 0, "93": 0, "94": 0, "95": 94, "96": 94, "97": 94, "98": 94, "99": 98, "101": 94, "102": 94, "103": 94, "104": 103, "105": 103, "106": 0, "107": 106, "108": 106, "109": 0, "110": 0, "111": 0, "112": 0, "113": 0, "114": 113, "115": 113, "116": 113, "117": 116, "119": 113, "120": 119, "121": 120, "122": 120, "123": 122, "125": 119, "126": 113, "127": 126, "129": 127, "131": 129, "133": 131, "134": 126, "135": 0, "136": 135, "137": 135, "138": 135, "139": 138, "140": 139, "143": 135, "144": 0, "145": 0, "146": 0}}, "version": "0.0.2", "seed": 5, "algorithm": {"representation": "patch", "type": "genetic", "name": "ALGORITHM-NAME"}}

[data]
{"generation": 0, "position": 0, "parents": [], "genome": "d(74)", "fitness": 15.0}
{"generation": 0, "position": 1, "parents": [], "genome": "d(29)", "fitness": 5.0}
{"generation": 0, "position": 2, "parents": [], "genome": "a(67,71)", "fitness": 5.0}
{"generation": 0, "position": 3, "parents": [], "genome": "a(5,37)", "fitness": 15.0}
{"generation": 0, "position": 4, "parents": [], "genome": "a(74,72)", "fitness": 5.0}
{"generation": 0, "position": 5, "parents": [], "genome": "r(34,57)", "fitness": 5.0}
{"generation": 0, "position": 6, "parents": [], "genome": "d(34)", "fitness": 5.0}
{"generation": 0, "position": 7, "parents": [], "genome": "r(73,43)", "fitness": 15.0}
{"generation": 0, "position": 8, "parents": [], "genome": "r(74,57)", "fitness": 15.0}
{"generation": 0, "position": 9, "parents": [], "genome": "d(35)", "fitness": 15.0}
{"generation": 0, "position": 10, "parents": [], "genome": "a(73,76)", "fitness": 15.0}
{"generation": 0, "position": 11, "parents": [], "genome": "d(6)", "fitness": 0.0}
{"generation": 0, "position": 12, "parents": [], "genome": "a(67,64)", "fitness": 3.0}
{"generation": 0, "position": 13, "parents": [], "genome": "r(74,63)", "fitness": 15.0}
{"generation": 0, "position": 14, "parents": [], "genome": "d(72)", "fitness": 15.0}
{"generation": 0, "position": 15, "parents": [], "genome": "r(74,43)", "fitness": 15.0}
{"generation": 0, "position": 16, "parents": [], "genome": "r(73,57)", "fitness": 15.0}
{"generation": 0, "position": 17, "parents": [], "genome": "r(66,71)", "fitness": 3.0}
{"generation": 0, "position": 18, "parents": [], "genome": "r(5,57)", "fitness": 5.0}
{"generation": 0, "position": 19, "parents": [], "genome": "r(71,63)", "fitness": 5.0}
{"generation": 0, "position": 20, "parents": [], "genome": "a(64,38)", "fitness": 5.0}
{"generation": 0, "position": 21, "parents": [], "genome": "a(73,56)", "fitness": 15.0}
{"generation": 0, "position": 22, "parents": [], "genome": "r(67,91)", "fitness": 0.0}
{"generation": 0, "position": 23, "parents": [], "genome": "r(6,38)", "fitness": 0.0}
{"generation": 0, "position": 24, "parents": [], "genome": "a(74,66)", "fitness": 5.0}
{"generation": 0, "position": 25, "parents": [], "genome": "a(65,74)", "fitness": 1.0}
{"generation": 0, "position": 26, "parents": [], "genome": "a(35,71)", "fitness": 5.0}
{"generation": 0, "position": 27, "parents": [], "genome": "a(71,65)", "fitness": 5.0}
{"generation": 0, "position": 28, "parents": [], "genome": "r(64,34)", "fitness": 0.0}
{"generation": 0, "position": 29, "parents": [], "genome": "d(64)", "fitness": 0.0}
{"generation": 0, "position": 30, "parents": [], "genome": "r(66,44)", "fitness": 15.0}
{"generation": 0, "position": 31, "parents": [], "genome": "d(73)", "fitness": 15.0}
{"generation": 0, "position": 32, "parents": [], "genome": "d(67)", "fitness": 5.0}
{"generation": 0, "position": 33, "parents": [], "genome": "d(66)", "fitness": 3.0}
{"generation": 0, "position": 34, "parents": [], "genome": "r(72,45)", "fitness": 15.0}
{"generation": 0, "position": 35, "parents": [], "genome": "a(72,90)", "fitness": 5.0}
{"generation": 0, "position": 36, "parents": [], "genome": "r(74,62)", "fitness": 15.0}
{"generation": 0, "position": 37, "parents": [], "genome": "a(6,47)", "fitness": 5.0}
{"generation": 0, "position": 38, "parents": [], "genome": "d(74)", "fitness": 15.0}
{"generation": 0, "position": 39, "parents": [], "genome": "original", "fitness": 5.0}
{"generation": 1, "position": 0, "parents": [31, 23], "genome": "d(73) a(69,88)", "fitness": 15.0}
{"generation": 1, "position": 1, "parents": [31, 23], "genome": "r(6,38) r(64,62)", "fitness": 0.0}
{"generation": 1, "position": 2, "parents": [31], "genome": "d(73) a(34,44)", "fitness": 15.0}
{"generation": 1, "position": 3, "parents": [23], "genome": "r(6,38) a(67,71)", "fitness": 0.0}
{"generation": 1, "position": 4, "parents": [26], "genome": "a(35,71) d(64)", "fitness": 0.0}
{"generation": 1, "position": 5, "parents": [33], "genome": "d(66) d(6)", "fitness": 0.0}
{"generation": 1, "position": 6, "parents": [3], "genome": "a(5,37) a(71,70)", "fitness": 15.0}
{"generation": 1, "position": 7, "parents": [25], "genome": "a(65,74) r(69,65)", "fitness": 0.0}
{"generation": 1, "position": 8, "parents": [29], "genome": "d(64) d(6)", "fitness": 0.0}
{"generation": 1, "position": 9, "parents": [21], "genome": "a(73,56) d(69)", "fitness": 15.0}
{"generation": 1, "position": 10, "parents": [11, 20], "genome": "d(6) d(72)", "fitness": 0.0}
{"generation": 1, "position": 11, "parents": [11, 20], "genome": "a(64,38) a(71,73)", "fitness": 4.0}
{"generation": 1, "position": 12, "parents": [11], "genome": "d(6) d(67)", "fitness": 0.0}
{"generation": 1, "position": 13, "parents": [20], "genome": "a(64,38) r(71,65)", "fitness": 5.0}
{"generation": 1, "position": 14, "parents": [25, 4], "genome": "a(65,74) d(35)", "fitness": 15.0}
{"generation": 1, "position": 15, "parents": [25, 4], "genome": "a(74,72) d(66)", "fitness": 3.0}
{"generation": 1, "position": 16, "parents": [25], "genome": "a(65,74) a(6,59)", "fitness": 1.0}
{"generation": 1, "position": 17, "parents": [4], "genome": "a(74,72) a(72,34)", "fitness": 5.0}
{"generation": 1, "position": 18, "parents": [20, 23], "genome": "a(64,38) d(5)", "fitness": 5.0}
{"generation": 1, "position": 19, "parents": [20, 23], "genome": "r(6,38) a(65,38)", "fitness": 0.0}
{"generation": 1, "position": 20, "parents": [20], "genome": "a(64,38) d(67)", "fitness": 5.0}
{"generation": 1, "position": 21, "parents": [23], "genome": "r(6,38) r(67,90)", "fitness": 0.0}
{"generation": 1, "position": 22, "parents": [5], "genome": "r(34,57) a(73,62)", "fitness": 5.0}
{"generation": 1, "position": 23, "parents": [17], "genome": "r(66,71) r(5,41)", "fitness": 3.0}
{"generation": 1, "position": 24, "parents": [6, 12], "genome": "d(34) a(73,72)", "fitness": 5.0}
{"generation": 1, "position": 25, "parents": [6, 12], "genome": "a(67,64) d(6)", "fitness": 0.0}
{"generation": 1, "position": 26, "parents": [6], "genome": "d(34) r(67,69)", "fitness": 5.0}
{"generation": 1, "position": 27, "parents": [12], "genome": "a(67,64) d(71)", "fitness": 3.0}
{"generation": 1, "position": 28, "parents": [20], "genome": "a(64,38) a(67,55)", "fitness": 5.0}
{"generation": 1, "position": 29, "parents": [3], "genome": "a(5,37) d(69)", "fitness": 15.0}
{"generation": 1, "position": 30, "parents": [38], "genome": "d(74) a(34,45)", "fitness": 15.0}
{"generation": 1, "position": 31, "parents": [5], "genome": "r(34,57) r(5,41)", "fitness": 5.0}
{"generation": 1, "position": 32, "parents": [2], "genome": "a(67,71) a(34,39)", "fitness": 5.0}
{"generation": 1, "position": 33, "parents": [39], "genome": "r(72,69)", "fitness": 15.0}
{"generation": 1, "position": 34, "parents": [6], "genome": "d(34) r(72,73)", "fitness": 15.0}
{"generation": 1, "position": 35, "parents": [25], "genome": "a(65,74) a(72,43)", "fitness": 1.0}
{"generation": 1, "position": 36, "parents": [23], "genome": "r(6,38) d(73)", "fitness": 0.0}
{"generation": 1, "position": 37, "parents": [1], "genome": "d(29) a(5,88)", "fitness": 5.0}
{"generation": 1, "position": 38, "parents": [18], "genome": "r(5,57) d(65)", "fitness": 0.0}
{"generation": 1, "position": 39, "parents": [25], "genome": "a(65,74) a(64,49)", "fitness": 1.0}
{"generation": 1, "position": 40, "parents": [25, 24], "genome": "a(65,74) d(73)", "fitness": 11.0}
{"generation": 1, "position": 41, "parents": [25, 24], "genome": "a(74,66) d(71)", "fitness": 5.0}
{"generation": 1, "position": 42, "parents": [25], "genome": "a(65,74) d(65)", "fitness": 0.0}
{"generation": 1, "position": 43, "parents": [24], "genome": "a(74,66) r(64,71)", "fitness": 0.0}
{"generation": 1, "position": 44, "parents": [18, 12], "genome": "r(5,57) r(72,55)", "fitness": 0.0}
{"generation": 1, "position": 45, "parents": [18, 12], "genome": "a(67,64) d(69)", "fitness": 3.0}
{"generation": 1, "position": 46, "parents": [18], "genome": "r(5,57) r(69,62)", "fitness": 0.0}
{"generation": 1, "position": 47, "parents": [12], "genome": "a(67,64) d(74)", "fitness": 3.0}
{"generation": 1, "position": 48, "parents": [37, 25], "genome": "a(6,47) d(65)", "fitness": 0.0}
{"generation": 1, "position": 49, "parents": [37, 25], "genome": "a(65,74) a(67,69)", "fitness": 1.0}
{"generation": 1, "position": 50, "parents": [37], "genome": "a(6,47) d(29)", "fitness": 5.0}
{"generation": 1, "position": 51, "parents": [25], "genome": "a(65,74) r(66,49)", "fitness": 3.0}
{"generation": 1, "position": 52, "parents": [29], "genome": "d(64) r(6,34)", "fitness": 0.0}
{"generation": 1, "position": 53, "parents": [22], "genome": "r(67,91) d(71)", "fitness": 0.0}
{"generation": 1, "position": 54, "parents": [4], "genome": "a(74,72) a(35,70)", "fitness": 0.0}
{"generation": 2, "position": 0, "parents": [1], "genome": "r(6,38) r(64,62) a(5,39)", "fitness": 0.0}
{"generation": 2, "position": 1, "parents": [43], "genome": "a(74,66) r(64,71) d(6)", "fitness": 0.0}
{"generation": 2, "position": 2, "parents": [4, 8], "genome": "a(35,71) d(65)", "fitness": 0.0}
{"generation": 2, "position": 3, "parents": [4, 8], "genome": "d(64) d(6) d(64) a(35,29)", "fitness": 0.0}
{"generation": 2, "position": 4, "parents": [4], "genome": "a(35,71) d(64) r(29,44)", "fitness": 15.0}
{"generation": 2, "position": 5, "parents": [8], "genome": "d(64) d(6) r(34,88)", "fitness": 0.0}
{"generation": 2, "position": 6, "parents": [41], "genome": "a(74,66) d(71) a(74,73)", "fitness": 4.0}
{"generation": 2, "position": 7, "parents": [32], "genome": "a(67,71) a(34,39) r(72,70)", "fitness": 15.0}
{"generation": 2, "position": 8, "parents": [42, 38], "genome": "a(65,74) d(65) a(64,45)", "fitness": 0.0}
{"generation": 2, "position": 9, "parents": [42, 38], "genome": "r(5,57) d(65) a(67,49)", "fitness": 0.0}
{"generation": 2, "position": 10, "parents": [42], "genome": "a(65,74) d(65) d(5)", "fitness": 0.0}
{"generation": 2, "position": 11, "parents": [38], "genome": "r(5,57) d(65) d(35)", "fitness": 0.0}
{"generation": 2, "position": 12, "parents": [20, 45], "genome": "a(64,38) d(67) a(66,49)", "fitness": 5.0}
{"generation": 2, "position": 13, "parents": [20, 45], "genome": "a(67,64) d(69) d(74)", "fitness": 3.0}
{"generation": 2, "position": 14, "parents": [20], "genome": "a(64,38) d(67) a(35,71)", "fitness": 5.0}
{"generation": 2, "position": 15, "parents": [45], "genome": "a(67,64) d(69) a(64,73)", "fitness": 3.0}
{"generation": 2, "position": 16, "parents": [13, 39], "genome": "a(64,38) a(64,49) r(69,34)", "fitness": 0.0}
{"generation": 2, "position": 17, "parents": [13, 39], "genome": "a(65,74) r(71,65) r(67,34)", "fitness": 1.0}
{"generation": 2, "position": 18, "parents": [13], "genome": "a(64,38) r(71,65) d(35)", "fitness": 15.0}
{"generation": 2, "position": 19, "parents": [39], "genome": "a(65,74) a(64,49) d(5)", "fitness": 0.0}
{"generation": 2, "position": 20, "parents": [1, 28], "genome": "r(6,38) a(67,55) a(72,90)", "fitness": 0.0}
{"generation": 2, "position": 21, "parents": [1, 28], "genome": "a(64,38) r(64,62) a(6,6)", "fitness": 0.0}
{"generation": 2, "position": 22, "parents": [1], "genome": "r(6,38) r(64,62) d(5)", "fitness": 0.0}
{"generation": 2, "position": 23, "parents": [28], "genome": "a(64,38) a(67,55) d(5)", "fitness": 5.0}
{"generation": 2, "position": 24, "parents": [3, 5], "genome": "r(6,38) a(67,71) d(6) d(35)", "fitness": 0.0}
{"generation": 2, "position": 25, "parents": [3, 5], "genome": "d(66) r(29,99)", "fitness": 3.0}
{"generation": 2, "position": 26, "parents": [3], "genome": "r(6,38) a(67,71) a(29,58)", "fitness": 0.0}
{"generation": 2, "position": 27, "parents": [5], "genome": "d(66) d(6) d(65)", "fitness": 0.0}
{"generation": 2, "position": 28, "parents": [10, 21], "genome": "d(6) r(73,44)", "fitness": 0.0}
{"generation": 2, "position": 29, "parents": [10, 21], "genome": "r(6,38) r(67,90) d(72) a(71,104)", "fitness": 0.0}
{"generation": 2, "position": 30, "parents": [10], "genome": "d(6) d(72) r(69,66)", "fitness": 0.0}
{"generation": 2, "position": 31, "parents": [21], "genome": "r(6,38) r(67,90) a(35,29)", "fitness": 0.0}
{"generation": 2, "position": 32, "parents": [24], "genome": "d(34) a(73,72) a(66,65)", "fitness": 5.0}
{"generation": 2, "position": 33, "parents": [46], "genome": "r(5,57) r(69,62) a(34,90)", "fitness": 0.0}
{"generation": 2, "position": 34, "parents": [3], "genome": "r(6,38) a(67,71) r(67,70)", "fitness": 0.0}
{"generation": 2, "position": 35, "parents": [33], "genome": "r(72,69) d(64)", "fitness": 0.0}
{"generation": 2, "position": 36, "parents": [45, 48], "genome": "a(67,64) d(69) d(65) d(67)", "fitness": 5.0}
{"generation": 2, "position": 37, "parents": [45, 48], "genome": "a(6,47) r(35,70)", "fitness": 0.0}
{"generation": 2, "position": 38, "parents": [45], "genome": "a(67,64) d(69) d(29)", "fitness": 3.0}
{"generation": 2, "position": 39, "parents": [48], "genome": "a(6,47) d(65) a(74,38)", "fitness": 0.0}
{"generation": 2, "position": 40, "parents": [10], "genome": "d(6) d(72) a(65,104)", "fitness": 0.0}
{"generation": 2, "position": 41, "parents": [12], "genome": "d(6) d(67) d(71)", "fitness": 0.0}
{"generation": 2, "position": 42, "parents": [49, 52], "genome": "a(65,74) a(67,69) r(6,34) d(73)", "fitness": 0.0}
{"generation": 2, "position": 43, "parents": [49, 52], "genome": "d(64) d(5)", "fitness": 0.0}
{"generation": 2, "position": 44, "parents": [49], "genome": "a(65,74) a(67,69) d(73)", "fitness": 11.0}
{"generation": 2, "position": 45, "parents": [52], "genome": "d(64) r(6,34) a(34,39)", "fitness": 0.0}
{"generation": 2, "position": 46, "parents": [1, 35], "genome": "r(6,38) r(64,62) d(34)", "fitness": 0.0}
{"generation": 2, "position": 47, "parents": [1, 35], "genome": "a(65,74) a(72,43) r(35,56)", "fitness": 15.0}
{"generation": 2, "position": 48, "parents": [1], "genome": "r(6,38) r(64,62) d(34)", "fitness": 0.0}
{"generation": 2, "position": 49, "parents": [35], "genome": "a(65,74) a(72,43) d(34)", "fitness": 1.0}
{"generation": 2, "position": 50, "parents": [28], "genome": "a(64,38) a(67,55) d(5)", "fitness": 5.0}
{"generation": 2, "position": 51, "parents": [45], "genome": "a(67,64) d(69) d(5)", "fitness": 3.0}
{"generation": 2, "position": 52, "parents": [23], "genome": "r(66,71) r(5,41) d(65)", "fitness": 0.0}
{"generation": 2, "position": 53, "parents": [25], "genome": "a(67,64) d(6) a(66,99)", "fitness": 0.0}
{"generation": 2, "position": 54, "parents": [47], "genome": "a(67,64) d(74) r(73,71)", "fitness": 3.0}
{"generation": 2, "position": 55, "parents": [12], "genome": "d(6) d(67) d(65)", "fitness": 0.0}
{"generation": 2, "position": 56, "parents": [53], "genome": "r(67,91) d(71) d(34)", "fitness": 0.0}
{"generation": 2, "position": 57, "parents": [48], "genome": "a(6,47) d(65) a(5,91)", "fitness": 15.0}
{"generation": 2, "position": 58, "parents": [46], "genome": "r(5,57) r(69,62) r(35,53)", "fitness": 4.0}
{"generation": 3, "position": 0, "parents": [6], "genome": "a(74,66) d(71) a(74,73) r(6,58)", "fitness": 0.0}
{"generation": 3, "position": 1, "parents": [59], "genome": "r(6,38) a(65,38) d(67) d(5)", "fitness": 5.0}
{"generation": 3, "position": 2, "parents": [31], "genome": "r(6,38) r(67,90) a(35,29) r(72,52)", "fitness": 0.0}
{"generation": 3, "position": 3, "parents": [21], "genome": "a(64,38) r(64,62) a(6,6) r(29,39)", "fitness": 0.0}
{"generation": 3, "position": 4, "parents": [24, 52], "genome": "r(6,38) a(67,71) d(6) d(35) r(5,41) d(65) a(34,44)", "fitness": 0.0}
{"generation": 3, "position": 5, "parents": [24, 52], "genome": "r(66,71) a(35,58)", "fitness": 3.0}
{"generation": 3, "position": 6, "parents": [24], "genome": "r(6,38) a(67,71) d(6) d(35) r(65,104)", "fitness": 0.0}
{"generation": 3, "position": 7, "parents": [52], "genome": "r(66,71) r(5,41) d(65) r(72,99)", "fitness": 0.0}
{"generation": 3, "position": 8, "parents": [21], "genome": "a(64,38) r(64,62) a(6,6) r(35,71)", "fitness": 15.0}
{"generation": 3, "position": 9, "parents": [45], "genome": "d(64) r(6,34) a(34,39) a(35,47)", "fitness": 0.0}
{"generation": 3, "position": 10, "parents": [28], "genome": "d(6) r(73,44) d(72)", "fitness": 0.0}
{"generation": 3, "position": 11, "parents": [27], "genome": "d(66) d(6) d(65) r(29,63)", "fitness": 0.0}
{"generation": 3, "position": 12, "parents": [2], "genome": "a(35,71) d(65) r(6,71)", "fitness": 0.0}
{"generation": 3, "position": 13, "parents": [37], "genome": "a(6,47) r(35,70) r(65,76)", "fitness": 0.0}
{"generation": 3, "position": 14, "parents": [0], "genome": "r(6,38) r(64,62) a(5,39) a(5,76)", "fitness": 0.0}
{"generation": 3, "position": 15, "parents": [56], "genome": "r(67,91) d(71) d(34) d(6)", "fitness": 0.0}
{"generation": 3, "position": 16, "parents": [19], "genome": "a(65,74) a(64,49) d(5) d(65)", "fitness": 0.0}
{"generation": 3, "position": 17, "parents": [29], "genome": "r(6,38) r(67,90) d(72) a(71,104) r(34,5)", "fitness": 0.0}
{"generation": 3, "position": 18, "parents": [8, 39], "genome": "a(65,74) d(65) a(74,38) r(72,69)", "fitness": 0.0}
{"generation": 3, "position": 19, "parents": [8, 39], "genome": "a(6,47) d(65) a(64,45) r(72,67)", "fitness": 0.0}
{"generation": 3, "position": 20, "parents": [8], "genome": "a(65,74) d(65) a(64,45) r(5,105)", "fitness": 0.0}
{"generation": 3, "position": 21, "parents": [39], "genome": "a(6,47) d(65) a(74,38) d(73)", "fitness": 0.0}
{"generation": 3, "position": 22, "parents": [35, 35], "genome": "r(72,69) d(64) d(34)", "fitness": 0.0}
{"generation": 3, "position": 23, "parents": [35, 35], "genome": "r(72,69) d(64) d(34)", "fitness": 0.0}
{"generation": 3, "position": 24, "parents": [35], "genome": "r(72,69) d(64) a(35,38)", "fitness": 0.0}
{"generation": 3, "position": 25, "parents": [35], "genome": "r(72,69) d(64) a(6,50)", "fitness": 0.0}
{"generation": 3, "position": 26, "parents": [30], "genome": "d(6) d(72) r(69,66) a(34,90)", "fitness": 0.0}
{"generation": 3, "position": 27, "parents": [37], "genome": "a(6,47) r(35,70) a(5,39)", "fitness": 5.0}
{"generation": 3, "position": 28, "parents": [55], "genome": "d(6) d(67) d(65) r(66,43)", "fitness": 0.0}
{"generation": 3, "position": 29, "parents": [12], "genome": "a(64,38) d(67) a(66,49) d(74)", "fitness": 15.0}
{"generation": 3, "position": 30, "parents": [22, 48], "genome": "r(6,38) a(29,58)", "fitness": 0.0}
{"generation": 3, "position": 31, "parents": [22, 48], "genome": "r(6,38) r(64,62) d(34) r(64,62) d(5) r(29,91)", "fitness": 15.0}
{"generation": 3, "position": 32, "parents": [22], "genome": "r(6,38) r(64,62) d(5) a(29,47)", "fitness": 0.0}
{"generation": 3, "position": 33, "parents": [48], "genome": "r(6,38) r(64,62) d(34) r(5,63)", "fitness": 0.0}
{"generation": 3, "position": 34, "parents": [29], "genome": "r(6,38) r(67,90) d(72) a(71,104) d(69)", "fitness": 0.0}
{"generation": 3, "position": 35, "parents": [0], "genome": "r(6,38) r(64,62) a(5,39) d(5)", "fitness": 0.0}
{"generation": 3, "position": 36, "parents": [5, 33], "genome": "d(64) d(6) r(34,88) r(35,57)", "fitness": 0.0}
{"generation": 3, "position": 37, "parents": [5, 33], "genome": "r(5,57) r(69,62) a(34,90) d(67)", "fitness": 0.0}
{"generation": 3, "position": 38, "parents": [5], "genome": "d(64) d(6) r(34,88) d(5)", "fitness": 0.0}
{"generation": 3, "position": 39, "parents": [33], "genome": "r(5,57) r(69,62) a(34,90) r(34,39)", "fitness": 0.0}
{"generation": 3, "position": 40, "parents": [41, 27], "genome": "d(6) d(65) a(72,52)", "fitness": 0.0}
{"generation": 3, "position": 41, "parents": [41, 27], "genome": "d(66) d(6) d(67) d(71) r(69,63)", "fitness": 0.0}
{"generation": 3, "position": 42, "parents": [41], "genome": "d(6) d(67) d(71) a(34,67)", "fitness": 0.0}
{"generation": 3, "position": 43, "parents": [27], "genome": "d(66) d(6) d(65) a(64,49)", "fitness": 0.0}
{"generation": 3, "position": 44, "parents": [54, 35], "genome": "a(67,64) d(64) r(29,42)", "fitness": 0.0}
{"generation": 3, "position": 45, "parents": [54, 35], "genome": "r(72,69) d(74) r(73,71) a(64,74)", "fitness": 15.0}
{"generation": 3, "position": 46, "parents": [54], "genome": "a(67,64) d(74) r(73,71) d(67)", "fitness": 3.0}
{"generation": 3, "position": 47, "parents": [35], "genome": "r(72,69) d(64) a(29,71)", "fitness": 0.0}
{"generation": 3, "position": 48, "parents": [33], "genome": "r(5,57) r(69,62) a(34,90) r(34,50)", "fitness": 0.0}
{"generation": 3, "position": 49, "parents": [28], "genome": "d(6) r(73,44) a(66,40)", "fitness": 0.0}
{"generation": 3, "position": 50, "parents": [48, 28], "genome": "r(6,38) r(73,44) r(67,38)", "fitness": 0.0}
{"generation": 3, "position": 51, "parents": [48, 28], "genome": "d(6) r(64,62) d(34) r(29,39)", "fitness": 0.0}
{"generation": 3, "position": 52, "parents": [48], "genome": "r(6,38) r(64,62) d(34) a(35,58)", "fitness": 0.0}
{"generation": 3, "position": 53, "parents": [28], "genome": "d(6) r(73,44) a(67,74)", "fitness": 0.0}
{"generation": 3, "position": 54, "parents": [10, 16], "genome": "a(65,74) d(65) r(69,34) a(5,42)", "fitness": 15.0}
{"generation": 3, "position": 55, "parents": [10, 16], "genome": "a(64,38) a(64,49) d(5) r(71,73)", "fitness": 4.0}
{"generation": 3, "position": 56, "parents": [10], "genome": "a(65,74) d(65) d(5) r(69,72)", "fitness": 0.0}
{"generation": 4, "position": 0, "parents": [0], "genome": "a(74,66) d(71) a(74,73) r(6,58) r(64,63)", "fitness": 0.0}
{"generation": 4, "position": 1, "parents": [47], "genome": "r(72,69) d(64) a(29,71) a(29,42)", "fitness": 15.0}
{"generation": 4, "position": 2, "parents": [24], "genome": "r(72,69) d(64) a(35,38) d(34)", "fitness": 0.0}
{"generation": 4, "position": 3, "parents": [36], "genome": "d(64) d(6) r(34,88) r(35,57) a(5,42)", "fitness": 0.0}
{"generation": 4, "position": 4, "parents": [37], "genome": "r(5,57) r(69,62) a(34,90) d(67) a(29,76)", "fitness": 15.0}
{"generation": 4, "position": 5, "parents": [49], "genome": "d(6) r(73,44) a(66,40) a(29,51)", "fitness": 0.0}
{"generation": 4, "position": 6, "parents": [39], "genome": "r(5,57) r(69,62) a(34,90) r(34,39) d(74)", "fitness": 0.0}
{"generation": 4, "position": 7, "parents": [48], "genome": "r(5,57) r(69,62) a(34,90) r(34,50) r(72,67)", "fitness": 0.0}
{"generation": 4, "position": 8, "parents": [43, 11], "genome": "d(66) d(65) r(29,63) a(71,72)", "fitness": 0.0}
{"generation": 4, "position": 9, "parents": [43, 11], "genome": "d(66) d(6) d(6) d(65) a(64,49) r(64,73)", "fitness": 0.0}
{"generation": 4, "position": 10, "parents": [43], "genome": "d(66) d(6) d(65) a(64,49) d(29)", "fitness": 0.0}
{"generation": 4, "position": 11, "parents": [11], "genome": "d(66) d(6) d(65) r(29,63) r(71,55)", "fitness": 0.0}
{"generation": 4, "position": 12, "parents": [33, 51], "genome": "r(6,38) r(64,62) d(34) r(35,55)", "fitness": 0.0}
{"generation": 4, "position": 13, "parents": [33, 51], "genome": "d(6) r(64,62) d(34) r(29,39) r(5,63) a(35,55)", "fitness": 0.0}
{"generation": 4, "position": 14, "parents": [33], "genome": "r(6,38) r(64,62) d(34) r(5,63) a(29,35)", "fitness": 0.0}
{"generation": 4, "position": 15, "parents": [51], "genome": "d(6) r(64,62) d(34) r(29,39) r(5,43)", "fitness": 0.0}
{"generation": 4, "position": 16, "parents": [39, 18], "genome": "r(5,57) r(69,62) a(34,90) d(65) a(74,38) r(72,69) a(29,43)", "fitness": 0.0}
{"generation": 4, "position": 17, "parents": [39, 18], "genome": "a(65,74) r(34,39) a(74,45)", "fitness": 1.0}
{"generation": 4, "position": 18, "parents": [39], "genome": "r(5,57) r(69,62) a(34,90) r(34,39) a(74,105)", "fitness": 0.0}
{"generation": 4, "position": 19, "parents": [18], "genome": "a(65,74) d(65) a(74,38) r(72,69) d(5)", "fitness": 0.0}
{"generation": 4, "position": 20, "parents": [26], "genome": "d(6) d(72) r(69,66) a(34,90) r(65,72)", "fitness": 0.0}
{"generation": 4, "position": 21, "parents": [13], "genome": "a(6,47) r(35,70) r(65,76) r(71,105)", "fitness": 0.0}
{"generation": 4, "position": 22, "parents": [53, 34], "genome": "d(6) d(72) a(71,104) d(69) d(66)", "fitness": 0.0}
{"generation": 4, "position": 23, "parents": [53, 34], "genome": "r(6,38) r(67,90) r(73,44) a(67,74) d(72)", "fitness": 0.0}
{"generation": 4, "position": 24, "parents": [53], "genome": "d(6) r(73,44) a(67,74) d(65)", "fitness": 0.0}
{"generation": 4, "position": 25, "parents": [34], "genome": "r(6,38) r(67,90) d(72) a(71,104) d(69) a(35,46)", "fitness": 0.0}
{"generation": 4, "position": 26, "parents": [47], "genome": "r(72,69) d(64) a(29,71) r(6,42)", "fitness": 15.0}
{"generation": 4, "position": 27, "parents": [19], "genome": "a(6,47) d(65) a(64,45) r(72,67) r(71,88)", "fitness": 0.0}
{"generation": 4, "position": 28, "parents": [32], "genome": "r(6,38) r(64,62) d(5) a(29,47) r(35,47)", "fitness": 0.0}
{"generation": 4, "position": 29, "parents": [33], "genome": "r(6,38) r(64,62) d(34) r(5,63) a(29,58)", "fitness": 0.0}
{"generation": 4, "position": 30, "parents": [25], "genome": "r(72,69) d(64) a(6,50) a(35,67)", "fitness": 0.0}
{"generation": 4, "position": 31, "parents": [53], "genome": "d(6) r(73,44) a(67,74) r(66,63)", "fitness": 0.0}
{"generation": 4, "position": 32, "parents": [7], "genome": "r(66,71) r(5,41) d(65) r(72,99) r(69,40)", "fitness": 0.0}
{"generation": 4, "position": 33, "parents": [6], "genome": "r(6,38) a(67,71) d(6) d(35) r(65,104) r(69,71)", "fitness": 0.0}
{"generation": 4, "position": 34, "parents": [10, 56], "genome": "d(6) d(5) r(69,72) r(64,69)", "fitness": 0.0}
{"generation": 4, "position": 35, "parents": [10, 56], "genome": "a(65,74) d(65) r(73,44) d(72) r(34,54)", "fitness": 15.0}
{"generation": 4, "position": 36, "parents": [10], "genome": "d(6) r(73,44) d(72) a(74,74)", "fitness": 0.0}
{"generation": 4, "position": 37, "parents": [56], "genome": "a(65,74) d(65) d(5) r(69,72) r(73,104)", "fitness": 0.0}
{"generation": 4, "position": 38, "parents": [16], "genome": "a(65,74) a(64,49) d(5) d(65) a(69,37)", "fitness": 15.0}
{"generation": 4, "position": 39, "parents": [28], "genome": "d(6) d(67) d(65) r(66,43) d(64)", "fitness": 0.0}
{"generation": 4, "position": 40, "parents": [7], "genome": "r(66,71) r(5,41) d(65) r(72,99) a(64,49)", "fitness": 0.0}
{"generation": 4, "position": 41, "parents": [37], "genome": "r(5,57) r(69,62) a(34,90) d(67) d(35)", "fitness": 0.0}
{"generation": 4, "position": 42, "parents": [28], "genome": "d(6) d(67) d(65) r(66,43) d(69)", "fitness": 0.0}
{"generation": 4, "position": 43, "parents": [11], "genome": "d(66) d(6) d(65) r(29,63) r(71,44)", "fitness": 0.0}
{"generation": 4, "position": 44, "parents": [15, 41], "genome": "r(67,91) d(6) d(67) d(71) r(69,63) r(64,88)", "fitness": 0.0}
{"generation": 4, "position": 45, "parents": [15, 41], "genome": "d(66) d(71) d(34) d(6) a(29,49)", "fitness": 0.0}
{"generation": 4, "position": 46, "parents": [15], "genome": "r(67,91) d(71) d(34) d(6) a(64,38)", "fitness": 0.0}
{"generation": 4, "position": 47, "parents": [41], "genome": "d(66) d(6) d(67) d(71) r(69,63) d(29)", "fitness": 0.0}
{"generation": 4, "position": 48, "parents": [39, 52], "genome": "r(5,57) r(69,62) d(34) a(35,58) a(67,55)", "fitness": 0.0}
{"generation": 4, "position": 49, "parents": [39, 52], "genome": "r(6,38) r(64,62) a(34,90) r(34,39) a(35,34)", "fitness": 0.0}
{"generation": 4, "position": 50, "parents": [39], "genome": "r(5,57) r(69,62) a(34,90) r(34,39) d(72)", "fitness": 0.0}
{"generation": 4, "position": 51, "parents": [52], "genome": "r(6,38) r(64,62) d(34) a(35,58) a(35,34)", "fitness": 0.0}
{"generation": 4, "position": 52, "parents": [42], "genome": "d(6) d(67) d(71) a(34,67) r(72,90)", "fitness": 0.0}
{"generation": 5, "position": 0, "parents": [46, 42], "genome": "r(67,91) d(67) d(65) r(66,43) d(69) d(74)", "fitness": 0.0}
{"generation": 5, "position": 1, "parents": [46, 42], "genome": "d(6) d(71) d(34) d(6) a(64,38) a(35,5)", "fitness": 0.0}
{"generation": 5, "position": 2, "parents": [46], "genome": "r(67,91) d(71) d(34) d(6) a(64,38) d(29)", "fitness": 0.0}
{"generation": 5, "position": 3, "parents": [42], "genome": "d(6) d(67) d(65) r(66,43) d(69) r(34,42)", "fitness": 0.0}
{"generation": 5, "position": 4, "parents": [2, 23], "genome": "r(72,69) d(64) a(35,38) r(73,44) a(67,74) d(72) d(6)", "fitness": 0.0}
{"generation": 5, "position": 5, "parents": [2, 23], "genome": "r(6,38) r(67,90) d(34) d(65)", "fitness": 0.0}
{"generation": 5, "position": 6, "parents": [2], "genome": "r(72,69) d(64) a(35,38) d(34) r(35,37)", "fitness": 15.0}
{"generation": 5, "position": 7, "parents": [23], "genome": "r(6,38) r(67,90) r(73,44) a(67,74) d(72) d(34)", "fitness": 0.0}
{"generation": 5, "position": 8, "parents": [27], "genome": "a(6,47) d(65) a(64,45) r(72,67) r(71,88) a(64,105)", "fitness": 0.0}
{"generation": 5, "position": 9, "parents": [33], "genome": "r(6,38) a(67,71) d(6) d(35) r(65,104) r(69,71) d(72)", "fitness": 0.0}
{"generation": 5, "position": 10, "parents": [2, 33], "genome": "r(72,69) d(64) a(35,38) d(34) a(67,71) d(6) d(35) r(65,104) r(69,71) a(29,55)", "fitness": 0.0}
{"generation": 5, "position": 11, "parents": [2, 33], "genome": "r(6,38) a(35,52)", "fitness": 0.0}
{"generation": 5, "position": 12, "parents": [2], "genome": "r(72,69) d(64) a(35,38) d(34) a(35,52)", "fitness": 0.0}
{"generation": 5, "position": 13, "parents": [33], "genome": "r(6,38) a(67,71) d(6) d(35) r(65,104) r(69,71) d(64)", "fitness": 0.0}
{"generation": 5, "position": 14, "parents": [33], "genome": "r(6,38) a(67,71) d(6) d(35) r(65,104) r(69,71) r(67,76)", "fitness": 0.0}
{"generation": 5, "position": 15, "parents": [50], "genome": "r(5,57) r(69,62) a(34,90) r(34,39) d(72) a(74,45)", "fitness": 0.0}
{"generation": 5, "position": 16, "parents": [48, 10], "genome": "r(5,57) r(69,62) d(34) a(35,58) a(67,55) d(29) r(73,90)", "fitness": 0.0}
{"generation": 5, "position": 17, "parents": [48, 10], "genome": "d(66) d(6) d(65) a(64,49) d(73)", "fitness": 0.0}
{"generation": 5, "position": 18, "parents": [48], "genome": "r(5,57) r(69,62) d(34) a(35,58) a(67,55) r(72,70)", "fitness": 15.0}
{"generation": 5, "position": 19, "parents": [10], "genome": "d(66) d(6) d(65) a(64,49) d(29) r(73,105)", "fitness": 0.0}
{"generation": 5, "position": 20, "parents": [33], "genome": "r(6,38) a(67,71) d(6) d(35) r(65,104) r(69,71) r(64,99)", "fitness": 0.0}
{"generation": 5, "position": 21, "parents": [21], "genome": "a(6,47) r(35,70) r(65,76) r(71,105) r(73,90)", "fitness": 0.0}
{"generation": 5, "position": 22, "parents": [7], "genome": "r(5,57) r(69,62) a(34,90) r(34,50) r(72,67) a(29,50)", "fitness": 0.0}
{"generation": 5, "position": 23, "parents": [18], "genome": "r(5,57) r(69,62) a(34,90) r(34,39) a(74,105) a(66,72)", "fitness": 0.0}
{"generation": 5, "position": 24, "parents": [31, 30], "genome": "d(6) r(73,44) a(67,74) r(66,63) d(64) a(6,50) a(35,67) a(29,56)", "fitness": 0.0}
{"generation": 5, "position": 25, "parents": [31, 30], "genome": "r(72,69) a(34,44)", "fitness": 15.0}
{"generation": 5, "position": 26, "parents": [31], "genome": "d(6) r(73,44) a(67,74) r(66,63) r(5,44)", "fitness": 15.0}
{"generation": 5, "position": 27, "parents": [30], "genome": "r(72,69) d(64) a(6,50) a(35,67) a(6,55)", "fitness": 0.0}
{"generation": 5, "position": 28, "parents": [31, 3], "genome": "d(6) r(73,44) a(67,74) r(34,88) r(35,57) a(5,42) d(74)", "fitness": 0.0}
{"generation": 5, "position": 29, "parents": [31, 3], "genome": "d(64) d(6) r(66,63) r(5,71)", "fitness": 0.0}
{"generation": 5, "position": 30, "parents": [31], "genome": "d(6) r(73,44) a(67,74) r(66,63) d(5)", "fitness": 15.0}
{"generation": 5, "position": 31, "parents": [3], "genome": "d(64) d(6) r(34,88) r(35,57) a(5,42) r(29,52)", "fitness": 0.0}
{"generation": 5, "position": 32, "parents": [15], "genome": "d(6) r(64,62) d(34) r(29,39) r(5,43) d(35)", "fitness": 0.0}
{"generation": 5, "position": 33, "parents": [15], "genome": "d(6) r(64,62) d(34) r(29,39) r(5,43) d(35)", "fitness": 0.0}
{"generation": 5, "position": 34, "parents": [31, 6], "genome": "d(6) a(34,90) r(34,39) d(74) d(35)", "fitness": 0.0}
{"generation": 5, "position": 35, "parents": [31, 6], "genome": "r(5,57) r(69,62) r(73,44) a(67,74) r(66,63) r(64,67)", "fitness": 0.0}
{"generation": 5, "position": 36, "parents": [31], "genome": "d(6) r(73,44) a(67,74) r(66,63) d(35)", "fitness": 0.0}
{"generation": 5, "position": 37, "parents": [6], "genome": "r(5,57) r(69,62) a(34,90) r(34,39) d(74) r(64,75)", "fitness": 0.0}
{"generation": 5, "position": 38, "parents": [39], "genome": "d(6) d(67) d(65) r(66,43) d(64) d(34)", "fitness": 0.0}
{"generation": 5, "position": 39, "parents": [51], "genome": "r(6,38) r(64,62) d(34) a(35,58) a(35,34) r(5,54)", "fitness": 0.0}
{"generation": 5, "position": 40, "parents": [8, 40], "genome": "d(66) d(65) r(29,63) a(71,72) d(65) r(72,99) a(64,49) d(71)", "fitness": 0.0}
{"generation": 5, "position": 41, "parents": [8, 40], "genome": "r(66,71) r(5,41) d(71)", "fitness": 3.0}
{"generation": 5, "position": 42, "parents": [8], "genome": "d(66) d(65) r(29,63) a(71,72) r(6,52)", "fitness": 0.0}
{"generation": 5, "position": 43, "parents": [40], "genome": "r(66,71) r(5,41) d(65) r(72,99) a(64,49) a(69,69)", "fitness": 0.0}
{"generation": 5, "position": 44, "parents": [6], "genome": "r(5,57) r(69,62) a(34,90) r(34,39) d(74) a(64,49)", "fitness": 0.0}
{"generation": 5, "position": 45, "parents": [13], "genome": "d(6) r(64,62) d(34) r(29,39) r(5,63) a(35,55) a(35,105)", "fitness": 0.0}
{"generation": 5, "position": 46, "parents": [34, 36], "genome": "d(6) a(74,74) d(72)", "fitness": 0.0}
{"generation": 5, "position": 47, "parents": [34, 36], "genome": "d(6) r(73,44) d(72) d(5) r(69,72) r(64,69) a(35,54)", "fitness": 15.0}
{"generation": 5, "position": 48, "parents": [34], "genome": "d(6) d(5) r(69,72) r(64,69) a(29,43)", "fitness": 0.0}
{"generation": 5, "position": 49, "parents": [36], "genome": "d(6) r(73,44) d(72) a(74,74) d(35)", "fitness": 0.0}
{"generation": 5, "position": 50, "parents": [15], "genome": "d(6) r(64,62) d(34) r(29,39) r(5,43) a(35,39)", "fitness": 0.0}
{"generation": 5, "position": 51, "parents": [0], "genome": "a(74,66) d(71) a(74,73) r(6,58) r(64,63) d(5)", "fitness": 0.0}
{"generation": 5, "position": 52, "parents": [14], "genome": "r(6,38) r(64,62) d(34) r(5,63) a(29,35) d(35)", "fitness": 0.0}
{"generation": 5, "position": 53, "parents": [7], "genome": "r(5,57) r(69,62) a(34,90) r(34,50) r(72,67) a(65,52)", "fitness": 0.0}
{"generation": 5, "position": 54, "parents": [19], "genome": "a(65,74) d(65) a(74,38) r(72,69) d(5) r(73,57)", "fitness": 0.0}
{"generation": 5, "position": 55, "parents": [11], "genome": "d(66) d(6) d(65) r(29,63) r(71,55) a(5,53)", "fitness": 0.0}
{"generation": 5, "position": 56, "parents": [14, 3], "genome": "r(6,38) r(64,62) d(34) a(5,42) d(29)", "fitness": 0.0}
{"generation": 5, "position": 57, "parents": [14, 3], "genome": "d(64) d(6) r(34,88) r(35,57) r(5,63) a(29,35) r(29,99)", "fitness": 0.0}
{"generation": 5, "position": 58, "parents": [14], "genome": "r(6,38) r(64,62) d(34) r(5,63) a(29,35) r(35,47)", "fitness": 0.0}
{"generation": 6, "position": 0, "parents": [40, 57], "genome": "d(66) d(65) r(29,63) a(71,72) d(65) r(29,99) r(72,44)", "fitness": 15.0}
{"generation": 6, "position": 1, "parents": [40, 57], "genome": "d(64) d(6) r(34,88) r(35,57) r(5,63) a(29,35) r(72,99) a(64,49) d(71) a(29,90)", "fitness": 0.0}
{"generation": 6, "position": 2, "parents": [40], "genome": "d(66) d(65) r(29,63) a(71,72) d(65) r(72,99) a(64,49) d(71) r(35,36)", "fitness": 0.0}
{"generation": 6, "position": 3, "parents": [57], "genome": "d(64) d(6) r(34,88) r(35,57) r(5,63) a(29,35) r(29,99)", "fitness": 0.0}
{"generation": 6, "position": 4, "parents": [55], "genome": "d(66) d(6) d(65) r(29,63) r(71,55) a(5,53) r(69,44)", "fitness": 0.0}
{"generation": 6, "position": 5, "parents": [27], "genome": "r(72,69) d(64) a(6,50) a(35,67) a(6,55) r(34,36)", "fitness": 15.0}
{"generation": 6, "position": 6, "parents": [10], "genome": "r(72,69) d(64) a(35,38) d(34) a(67,71) d(6) d(35) r(65,104) r(69,71) a(29,55) a(5,91)", "fitness": 0.0}
{"generation": 6, "position": 7, "parents": [50], "genome": "d(6) r(64,62) d(34) r(29,39) r(5,43) a(35,39) d(35)", "fitness": 0.0}
{"generation": 6, "position": 8, "parents": [5, 32], "genome": "r(6,38) r(5,43) d(35) a(34,67)", "fitness": 5.0}
{"generation": 6, "position": 9, "parents": [5, 32], "genome": "d(6) r(64,62) d(34) r(29,39) r(67,90) d(34) d(65) r(5,38)", "fitness": 0.0}
{"generation": 6, "position": 10, "parents": [5], "genome": "r(6,38) r(67,90) d(34) d(65) d(72)", "fitness": 0.0}
{"generation": 6, "position": 11, "parents": [32], "genome": "d(6) r(64,62) d(34) r(29,39) r(5,43) d(35)", "fitness": 0.0}
{"generation": 6, "position": 12, "parents": [7], "genome": "r(6,38) r(67,90) r(73,44) a(67,74) d(72) d(34) a(71,104)", "fitness": 0.0}
{"generation": 6, "position": 13, "parents": [19], "genome": "d(66) d(6) d(65) a(64,49) d(29) r(73,105) r(64,76)", "fitness": 0.0}
{"generation": 6, "position": 14, "parents": [17, 41], "genome": "d(66) d(6) d(65) d(71) a(5,70)", "fitness": 0.0}
{"generation": 6, "position": 15, "parents": [17, 41], "genome": "r(66,71) r(5,41) a(64,49) d(73) a(29,53)", "fitness": 15.0}
{"generation": 6, "position": 16, "parents": [17], "genome": "d(66) d(6) d(65) a(64,49) d(73) r(74,49)", "fitness": 0.0}
{"generation": 6, "position": 17, "parents": [41], "genome": "r(66,71) r(5,41) d(71) r(74,38)", "fitness": 15.0}
{"generation": 6, "position": 18, "parents": [14, 54], "genome": "r(6,38) a(67,71) d(6) d(35) r(65,104) r(69,71) r(67,76) r(72,69) d(5) r(73,57) r(34,41)", "fitness": 15.0}
{"generation": 6, "position": 19, "parents": [14, 54], "genome": "a(65,74) d(65) a(74,38) a(74,49)", "fitness": 0.0}
{"generation": 6, "position": 20, "parents": [14], "genome": "r(6,38) a(67,71) d(6) d(35) r(65,104) r(69,71) r(67,76) d(74)", "fitness": 0.0}
{"generation": 6, "position": 21, "parents": [54], "genome": "a(65,74) d(65) a(74,38) r(72,69) d(5) r(73,57) a(66,50)", "fitness": 0.0}
{"generation": 6, "position": 22, "parents": [17], "genome": "d(66) d(6) d(65) a(64,49) d(73) a(64,40)", "fitness": 0.0}
{"generation": 6, "position": 23, "parents": [54], "genome": "a(65,74) d(65) a(74,38) r(72,69) d(5) r(73,57) d(66)", "fitness": 0.0}
{"generation": 6, "position": 24, "parents": [35], "genome": "r(5,57) r(69,62) r(73,44) a(67,74) r(66,63) r(64,67) a(34,71)", "fitness": 0.0}
{"generation": 6, "position": 25, "parents": [3], "genome": "d(6) d(67) d(65) r(66,43) d(69) r(34,42) d(29)", "fitness": 0.0}
{"generation": 6, "position": 26, "parents": [39], "genome": "r(6,38) r(64,62) d(34) a(35,58) a(35,34) r(5,54) r(29,62)", "fitness": 0.0}
{"generation": 6, "position": 27, "parents": [22], "genome": "r(5,57) r(69,62) a(34,90) r(34,50) r(72,67) a(29,50) a(29,57)", "fitness": 0.0}
{"generation": 6, "position": 28, "parents": [42, 11], "genome": "d(66) d(65) r(29,63) a(71,72) a(35,52) d(64)", "fitness": 0.0}
{"generation": 6, "position": 29, "parents": [42, 11], "genome": "r(6,38) r(6,52) r(29,47)", "fitness": 0.0}
{"generation": 6, "position": 30, "parents": [42], "genome": "d(66) d(65) r(29,63) a(71,72) r(6,52) d(71)", "fitness": 0.0}
{"generation": 6, "position": 31, "parents": [11], "genome": "r(6,38) a(35,52) a(72,34)", "fitness": 0.0}
{"generation": 6, "position": 32, "parents": [31, 49], "genome": "d(64) d(6) d(72) a(74,74) d(35) r(34,52)", "fitness": 0.0}
{"generation": 6, "position": 33, "parents": [31, 49], "genome": "d(6) r(73,44) r(34,88) r(35,57) a(5,42) r(29,52) a(65,34)", "fitness": 0.0}
{"generation": 6, "position": 34, "parents": [31], "genome": "d(64) d(6) r(34,88) r(35,57) a(5,42) r(29,52) d(5)", "fitness": 15.0}
{"generation": 6, "position": 35, "parents": [49], "genome": "d(6) r(73,44) d(72) a(74,74) d(35) a(74,37)", "fitness": 0.0}
{"generation": 6, "position": 36, "parents": [55], "genome": "d(66) d(6) d(65) r(29,63) r(71,55) a(5,53) a(64,91)", "fitness": 0.0}
{"generation": 6, "position": 37, "parents": [55], "genome": "d(66) d(6) d(65) r(29,63) r(71,55) a(5,53) r(73,64)", "fitness": 0.0}
{"generation": 6, "position": 38, "parents": [37, 35], "genome": "r(5,57) r(69,62) a(34,90) r(66,63) r(64,67) d(34)", "fitness": 0.0}
{"generation": 6, "position": 39, "parents": [37, 35], "genome": "r(5,57) r(69,62) r(73,44) a(67,74) r(34,39) d(74) r(64,75) a(35,43)", "fitness": 0.0}
{"generation": 6, "position": 40, "parents": [37], "genome": "r(5,57) r(69,62) a(34,90) r(34,39) d(74) r(64,75) d(35)", "fitness": 0.0}
{"generation": 6, "position": 41, "parents": [35], "genome": "r(5,57) r(69,62) r(73,44) a(67,74) r(66,63) r(64,67) r(34,57)", "fitness": 0.0}
{"generation": 6, "position": 42, "parents": [44], "genome": "r(5,57) r(69,62) a(34,90) r(34,39) d(74) a(64,49) d(64)", "fitness": 0.0}
{"generation": 6, "position": 43, "parents": [46], "genome": "d(6) a(74,74) d(72) a(34,58)", "fitness": 0.0}
{"generation": 6, "position": 44, "parents": [40, 9], "genome": "d(66) d(35) r(65,104) r(69,71) d(72) d(34)", "fitness": 15.0}
{"generation": 6, "position": 45, "parents": [40, 9], "genome": "r(6,38) a(67,71) d(6) d(65) r(29,63) a(71,72) d(65) r(72,99) a(64,49) d(71) d(64)", "fitness": 0.0}
{"generation": 6, "position": 46, "parents": [40], "genome": "d(66) d(65) r(29,63) a(71,72) d(65) r(72,99) a(64,49) d(71) d(64)", "fitness": 0.0}
{"generation": 6, "position": 47, "parents": [9], "genome": "r(6,38) a(67,71) d(6) d(35) r(65,104) r(69,71) d(72) d(73)", "fitness": 0.0}
{"generation": 6, "position": 48, "parents": [48, 0], "genome": "d(6) d(5) r(69,72) r(64,69) a(29,43) d(65) r(66,43) d(69) d(74) d(29)", "fitness": 0.0}
{"generation": 6, "position": 49, "parents": [48, 0], "genome": "r(67,91) d(67) r(69,73)", "fitness": 0.0}
{"generation": 6, "position": 50, "parents": [48], "genome": "d(6) d(5) r(69,72) r(64,69) a(29,43) a(29,49)", "fitness": 0.0}
{"generation": 6, "position": 51, "parents": [0], "genome": "r(67,91) d(67) d(65) r(66,43) d(69) d(74) r(72,65)", "fitness": 0.0}
{"generation": 6, "position": 52, "parents": [57], "genome": "d(64) d(6) r(34,88) r(35,57) r(5,63) a(29,35) r(29,99)", "fitness": 0.0}
{"generation": 6, "position": 53, "parents": [13], "genome": "r(6,38) a(67,71) d(6) d(35) r(65,104) r(69,71) d(64) d(29)", "fitness": 0.0}
{"generation": 6, "position": 54, "parents": [46], "genome": "d(6) a(74,74) d(72) d(73)", "fitness": 0.0}
{"generation": 6, "position": 55, "parents": [42], "genome": "d(66) d(65) r(29,63) a(71,72) r(6,52) r(64,34)", "fitness": 0.0}
{"generation": 6, "position": 56, "parents": [48], "genome": "d(6) d(5) r(69,72) r(64,69) a(29,43) r(35,105)", "fitness": 0.0}
{"generation": 7, "position": 0, "parents": [46, 21], "genome": "d(66) r(72,99)", "fitness": 15.0}
{"generation": 7, "position": 1, "parents": [46, 21], "genome": "a(65,74) d(65) a(74,38) r(72,69) d(5) r(73,57) a(66,50) d(65) r(29,63) a(71,72) d(65) r(72,99) a(64,49) d(71) d(64) r(35,52)", "fitness": 0.0}
{"generation": 7, "position": 2, "parents": [46], "genome": "d(66) d(65) r(29,63) a(71,72) d(65) r(72,99) a(64,49) d(71) d(64) d(6)", "fitness": 0.0}
{"generation": 7, "position": 3, "parents": [21], "genome": "a(65,74) d(65) a(74,38) r(72,69) d(5) r(73,57) a(66,50) r(64,50)", "fitness": 0.0}
{"generation": 7, "position": 4, "parents": [13, 45], "genome": "d(66) d(6) d(65) a(64,49) d(71) d(64) d(34)", "fitness": 0.0}
{"generation": 7, "position": 5, "parents": [13, 45], "genome": "r(6,38) a(67,71) d(6) d(65) r(29,63) a(71,72) d(65) r(72,99) a(64,49) d(29) r(73,105) r(64,76) d(5)", "fitness": 0.0}
{"generation": 7, "position": 6, "parents": [13], "genome": "d(66) d(6) d(65) a(64,49) d(29) r(73,105) r(64,76) d(35)", "fitness": 0.0}
{"generation": 7, "position": 7, "parents": [45], "genome": "r(6,38) a(67,71) d(6) d(65) r(29,63) a(71,72) d(65) r(72,99) a(64,49) d(71) d(64) a(35,90)", "fitness": 0.0}
{"generation": 7, "position": 8, "parents": [1], "genome": "d(64) d(6) r(34,88) r(35,57) r(5,63) a(29,35) r(72,99) a(64,49) d(71) a(29,90) d(29)", "fitness": 0.0}
{"generation": 7, "position": 9, "parents": [35], "genome": "d(6) r(73,44) d(72) a(74,74) d(35) a(74,37) r(65,91)", "fitness": 0.0}
{"generation": 7, "position": 10, "parents": [30], "genome": "d(66) d(65) r(29,63) a(71,72) r(6,52) d(71) d(64)", "fitness": 0.0}
{"generation": 7, "position": 11, "parents": [10], "genome": "r(6,38) r(67,90) d(34) d(65) d(72) r(66,62)", "fitness": 0.0}
{"generation": 7, "position": 12, "parents": [16, 40], "genome": "d(66) d(6) d(65) d(74)", "fitness": 0.0}
{"generation": 7, "position": 13, "parents": [16, 40], "genome": "r(5,57) r(69,62) a(34,90) r(34,39) d(74) r(64,75) d(35) a(64,49) d(73) r(74,49) a(29,63)", "fitness": 0.0}
{"generation": 7, "position": 14, "parents": [16], "genome": "d(66) d(6) d(65) a(64,49) d(73) r(74,49) d(35)", "fitness": 0.0}
{"generation": 7, "position": 15, "parents": [40], "genome": "r(5,57) r(69,62) a(34,90) r(34,39) d(74) r(64,75) d(35) d(29)", "fitness": 0.0}
{"generation": 7, "position": 16, "parents": [37], "genome": "d(66) d(6) d(65) r(29,63) r(71,55) a(5,53) r(73,64) d(5)", "fitness": 3.0}
{"generation": 7, "position": 17, "parents": [51], "genome": "r(67,91) d(67) d(65) r(66,43) d(69) d(74) r(72,65) d(6)", "fitness": 0.0}
{"generation": 7, "position": 18, "parents": [38], "genome": "r(5,57) r(69,62) a(34,90) r(66,63) r(64,67) d(34) r(29,40)", "fitness": 0.0}
{"generation": 7, "position": 19, "parents": [23], "genome": "a(65,74) d(65) a(74,38) r(72,69) d(5) r(73,57) d(66) a(69,44)", "fitness": 15.0}
{"generation": 7, "position": 20, "parents": [47], "genome": "r(6,38) a(67,71) d(6) d(35) r(65,104) r(69,71) d(72) d(73) d(66)", "fitness": 0.0}
{"generation": 7, "position": 21, "parents": [40], "genome": "r(5,57) r(69,62) a(34,90) r(34,39) d(74) r(64,75) d(35) r(29,37)", "fitness": 15.0}
{"generation": 7, "position": 22, "parents": [13], "genome": "d(66) d(6) d(65) a(64,49) d(29) r(73,105) r(64,76) a(35,62)", "fitness": 0.0}
{"generation": 7, "position": 23, "parents": [38], "genome": "r(5,57) r(69,62) a(34,90) r(66,63) r(64,67) d(34) d(35)", "fitness": 0.0}
{"generation": 7, "position": 24, "parents": [27], "genome": "r(5,57) r(69,62) a(34,90) r(34,50) r(72,67) a(29,50) a(29,57) r(65,34)", "fitness": 0.0}
{"generation": 7, "position": 25, "parents": [38], "genome": "r(5,57) r(69,62) a(34,90) r(66,63) r(64,67) d(34) d(29)", "fitness": 0.0}
{"generation": 7, "position": 26, "parents": [57], "genome": "r(6,38) a(67,71) d(6) d(35) r(65,104) r(69,71) r(67,76) d(66) a(72,71)", "fitness": 0.0}
{"generation": 7, "position": 27, "parents": [57], "genome": "r(6,38) a(67,71) d(6) d(35) r(65,104) r(69,71) r(67,76) d(66) r(34,29)", "fitness": 0.0}
{"generation": 7, "position": 28, "parents": [45, 9], "genome": "r(6,38) r(67,90) d(34) d(65) r(5,38) r(29,51)", "fitness": 0.0}
{"generation": 7, "position": 29, "parents": [45, 9], "genome": "d(6) r(64,62) d(34) r(29,39) a(67,71) d(6) d(65) r(29,63) a(71,72) d(65) r(72,99) a(64,49) d(71) d(64) a(5,52)", "fitness": 0.0}
{"generation": 7, "position": 30, "parents": [45], "genome": "r(6,38) a(67,71) d(6) d(65) r(29,63) a(71,72) d(65) r(72,99) a(64,49) d(71) d(64) r(35,51)", "fitness": 0.0}
{"generation": 7, "position": 31, "parents": [9], "genome": "d(6) r(64,62) d(34) r(29,39) r(67,90) d(34) d(65) r(5,38) r(35,67)", "fitness": 0.0}
{"generation": 7, "position": 32, "parents": [46, 28], "genome": "d(66) r(29,63) a(71,72) a(35,52) d(64) d(5)", "fitness": 0.0}
{"generation": 7, "position": 33, "parents": [46, 28], "genome": "d(66) d(65) d(65) r(29,63) a(71,72) d(65) r(72,99) a(64,49) d(71) d(64) a(35,47)", "fitness": 0.0}
{"generation": 7, "position": 34, "parents": [46], "genome": "d(66) d(65) r(29,63) a(71,72) d(65) r(72,99) a(64,49) d(71) d(64) a(35,42)", "fitness": 15.0}
{"generation": 7, "position": 35, "parents": [28], "genome": "d(66) d(65) r(29,63) a(71,72) a(35,52) d(64) a(6,5)", "fitness": 0.0}
{"generation": 7, "position": 36, "parents": [49, 10], "genome": "r(67,91) d(67) r(69,73) a(65,71)", "fitness": 0.0}
{"generation": 7, "position": 37, "parents": [49, 10], "genome": "r(6,38) r(67,90) d(34) d(65) d(72) a(35,41)", "fitness": 0.0}
{"generation": 7, "position": 38, "parents": [49], "genome": "r(67,91) d(67) r(69,73) a(72,64)", "fitness": 0.0}
{"generation": 7, "position": 39, "parents": [10], "genome": "r(6,38) r(67,90) d(34) d(65) d(72) d(66)", "fitness": 0.0}
{"generation": 7, "position": 40, "parents": [35, 32], "genome": "d(6) r(73,44) d(72) a(74,74) d(35) r(34,52) d(74)", "fitness": 0.0}
{"generation": 7, "position": 41, "parents": [35, 32], "genome": "d(64) d(6) d(72) a(74,74) d(35) a(74,37) d(34)", "fitness": 0.0}
{"generation": 7, "position": 42, "parents": [35], "genome": "d(6) r(73,44) d(72) a(74,74) d(35) a(74,37) r(69,66)", "fitness": 0.0}
{"generation": 7, "position": 43, "parents": [32], "genome": "d(64) d(6) d(72) a(74,74) d(35) r(34,52) a(5,76)", "fitness": 0.0}
{"generation": 7, "position": 44, "parents": [26, 19], "genome": "r(6,38) r(64,62) d(34) a(35,58) a(35,34) r(5,54) r(29,62) a(74,38) a(74,49) a(35,76)", "fitness": 15.0}
{"generation": 7, "position": 45, "parents": [26, 19], "genome": "a(65,74) d(65) a(64,73)", "fitness": 0.0}
{"generation": 7, "position": 46, "parents": [26], "genome": "r(6,38) r(64,62) d(34) a(35,58) a(35,34) r(5,54) r(29,62) a(35,71)", "fitness": 0.0}
{"generation": 7, "position": 47, "parents": [19], "genome": "a(65,74) d(65) a(74,38) a(74,49) a(72,52)", "fitness": 0.0}
{"generation": 7, "position": 48, "parents": [29, 14], "genome": "r(6,38) a(71,104)", "fitness": 0.0}
{"generation": 7, "position": 49, "parents": [29, 14], "genome": "d(66) d(6) d(65) d(71) a(5,70) r(6,52) r(29,47) a(74,71)", "fitness": 0.0}
{"generation": 7, "position": 50, "parents": [29], "genome": "r(6,38) r(6,52) r(29,47) a(35,71)", "fitness": 0.0}
{"generation": 7, "position": 51, "parents": [14], "genome": "d(66) d(6) d(65) d(71) a(5,70) d(35)", "fitness": 0.0}
{"generation": 7, "position": 52, "parents": [47, 27], "genome": "r(6,38) a(67,71) d(6) d(35) r(65,104) r(69,71) d(72) r(69,62) a(34,90) r(34,50) r(72,67) a(29,50) a(29,57) r(64,69)", "fitness": 0.0}
{"generation": 7, "position": 53, "parents": [47, 27], "genome": "r(5,57) d(73) r(64,72)", "fitness": 0.0}
{"generation": 7, "position": 54, "parents": [47], "genome": "r(6,38) a(67,71) d(6) d(35) r(65,104) r(69,71) d(72) d(73) a(29,51)", "fitness": 0.0}
{"generation": 7, "position": 55, "parents": [27], "genome": "r(5,57) r(69,62) a(34,90) r(34,50) r(72,67) a(29,50) a(29,57) a(66,73)", "fitness": 0.0}
{"generation": 7, "position": 56, "parents": [49], "genome": "r(67,91) d(67) r(69,73) r(72,63)", "fitness": 0.0}
{"generation": 7, "position": 57, "parents": [54], "genome": "d(6) a(74,74) d(72) d(73) a(66,55)", "fitness": 0.0}
{"generation": 7, "position": 58, "parents": [20], "genome": "r(6,38) a(67,71) d(6) d(35) r(65,104) r(69,71) r(67,76) d(74) d(5)", "fitness": 0.0}
{"generation": 8, "position": 0, "parents": [18, 22], "genome": "r(5,57) r(69,62) a(34,90) r(66,63) r(64,67) d(34) r(29,40) r(64,76) a(35,62) a(35,54)", "fitness": 15.0}
{"generation": 8, "position": 1, "parents": [18, 22], "genome": "d(66) d(6) d(65) a(64,49) d(29) r(73,105) r(72,38)", "fitness": 0.0}
{"generation": 8, "position": 2, "parents": [18], "genome": "r(5,57) r(69,62) a(34,90) r(66,63) r(64,67) d(34) r(29,40) d(35)", "fitness": 0.0}
{"generation": 8, "position": 3, "parents": [22], "genome": "d(66) d(6) d(65) a(64,49) d(29) r(73,105) r(64,76) a(35,62) r(5,50)", "fitness": 0.0}
{"generation": 8, "position": 4, "parents": [57, 57], "genome": "d(6) a(74,74) d(72) d(73) a(66,55) r(69,76)", "fitness": 0.0}
{"generation": 8, "position": 5, "parents": [57, 57], "genome": "d(6) a(74,74) d(72) d(73) a(66,55) a(35,67)", "fitness": 0.0}
{"generation": 8, "position": 6, "parents": [57], "genome": "d(6) a(74,74) d(72) d(73) a(66,55) a(64,45)", "fitness": 0.0}
{"generation": 8, "position": 7, "parents": [57], "genome": "d(6) a(74,74) d(72) d(73) a(66,55) r(35,44)", "fitness": 0.0}
{"generation": 8, "position": 8, "parents": [52, 35], "genome": "r(6,38) a(67,71) d(6) d(35) r(65,104) r(69,71) d(72) r(69,62) a(34,90) r(34,50) r(72,67) r(66,71)", "fitness": 0.0}
{"generation": 8, "position": 9, "parents": [52, 35], "genome": "d(66) d(65) r(29,63) a(71,72) a(35,52) d(64) a(6,5) a(29,50) a(29,57) r(64,69) a(6,41)", "fitness": 0.0}
{"generation": 8, "position": 10, "parents": [52], "genome": "r(6,38) a(67,71) d(6) d(35) r(65,104) r(69,71) d(72) r(69,62) a(34,90) r(34,50) r(72,67) a(29,50) a(29,57) r(64,69) a(29,105)", "fitness": 0.0}
{"generation": 8, "position": 11, "parents": [35], "genome": "d(66) d(65) r(29,63) a(71,72) a(35,52) d(64) a(6,5) r(6,53)", "fitness": 0.0}
{"generation": 8, "position": 12, "parents": [49], "genome": "d(66) d(6) d(65) d(71) a(5,70) r(6,52) r(29,47) a(74,71) a(64,69)", "fitness": 0.0}
{"generation": 8, "position": 13, "parents": [6], "genome": "d(66) d(6) d(65) a(64,49) d(29) r(73,105) r(64,76) d(35) a(5,38)", "fitness": 0.0}
{"generation": 8, "position": 14, "parents": [22], "genome": "d(66) d(6) d(65) a(64,49) d(29) r(73,105) r(64,76) a(35,62) d(5)", "fitness": 0.0}
{"generation": 8, "position": 15, "parents": [33], "genome": "d(66) d(65) d(65) r(29,63) a(71,72) d(65) r(72,99) a(64,49) d(71) d(64) a(35,47) a(5,53)", "fitness": 0.0}
{"generation": 8, "position": 16, "parents": [26], "genome": "r(6,38) a(67,71) d(6) d(35) r(65,104) r(69,71) r(67,76) d(66) a(72,71) a(73,34)", "fitness": 0.0}
{"generation": 8, "position": 17, "parents": [50], "genome": "r(6,38) r(6,52) r(29,47) a(35,71) a(67,55)", "fitness": 0.0}
{"generation": 8, "position": 18, "parents": [3], "genome": "a(65,74) d(65) a(74,38) r(72,69) d(5) r(73,57) a(66,50) r(64,50) a(35,63)", "fitness": 0.0}
{"generation": 8, "position": 19, "parents": [18], "genome": "r(5,57) r(69,62) a(34,90) r(66,63) r(64,67) d(34) r(29,40) a(35,91)", "fitness": 15.0}
{"generation": 8, "position": 20, "parents": [36, 13], "genome": "r(67,91) d(67) r(69,73) a(65,71) d(66)", "fitness": 0.0}
{"generation": 8, "position": 21, "parents": [36, 13], "genome": "r(5,57) r(69,62) a(34,90) r(34,39) d(74) r(64,75) d(35) a(64,49) d(73) r(74,49) a(29,63) a(29,53)", "fitness": 0.0}
{"generation": 8, "position": 22, "parents": [36], "genome": "r(67,91) d(67) r(69,73) a(65,71) a(65,50)", "fitness": 0.0}
{"generation": 8, "position": 23, "parents": [13], "genome": "r(5,57) r(69,62) a(34,90) r(34,39) d(74) r(64,75) d(35) a(64,49) d(73) r(74,49) a(29,63) d(29)", "fitness": 0.0}
{"generation": 8, "position": 24, "parents": [51], "genome": "d(66) d(6) d(65) d(71) a(5,70) d(35) a(69,105)", "fitness": 0.0}
{"generation": 8, "position": 25, "parents": [36], "genome": "r(67,91) d(67) r(69,73) a(65,71) a(64,76)", "fitness": 0.0}
{"generation": 8, "position": 26, "parents": [47], "genome": "a(65,74) d(65) a(74,38) a(74,49) a(72,52) a(69,69)", "fitness": 0.0}
{"generation": 8, "position": 27, "parents": [15], "genome": "r(5,57) r(69,62) a(34,90) r(34,39) d(74) r(64,75) d(35) d(29)", "fitness": 0.0}
{"generation": 8, "position": 28, "parents": [32, 29], "genome": "d(66) r(29,63) a(71,72) a(35,52) d(64) a(5,52) d(6)", "fitness": 0.0}
{"generation": 8, "position": 29, "parents": [32, 29], "genome": "d(6) r(64,62) d(34) r(29,39) a(67,71) d(6) d(65) r(29,63) a(71,72) d(65) r(72,99) a(64,49) d(71) d(64) d(5) d(35)", "fitness": 0.0}
{"generation": 8, "position": 30, "parents": [32], "genome": "d(66) r(29,63) a(71,72) a(35,52) d(64) d(5) d(35)", "fitness": 0.0}
{"generation": 8, "position": 31, "parents": [29], "genome": "d(6) r(64,62) d(34) r(29,39) a(67,71) d(6) d(65) r(29,63) a(71,72) d(65) r(72,99) a(64,49) d(71) d(64) a(5,52) a(35,88)", "fitness": 0.0}
{"generation": 8, "position": 32, "parents": [45, 48], "genome": "a(65,74) d(65) a(64,73) r(73,43)", "fitness": 0.0}
{"generation": 8, "position": 33, "parents": [45, 48], "genome": "r(6,38) a(71,104) r(71,75)", "fitness": 0.0}
{"generation": 8, "position": 34, "parents": [45], "genome": "a(65,74) d(65) a(64,73) r(73,37)", "fitness": 15.0}
{"generation": 8, "position": 35, "parents": [48], "genome": "r(6,38) a(71,104) r(35,88)", "fitness": 0.0}
{"generation": 8, "position": 36, "parents": [39, 55], "genome": "r(6,38) a(66,57)", "fitness": 0.0}
{"generation": 8, "position": 37, "parents": [39, 55], "genome": "r(5,57) r(69,62) a(34,90) r(34,50) r(72,67) a(29,50) a(29,57) a(66,73) r(67,90) d(34) d(65) d(72) d(66) a(73,71)", "fitness": 0.0}
{"generation": 8, "position": 38, "parents": [39], "genome": "r(6,38) r(67,90) d(34) d(65) d(72) d(66) a(35,55)", "fitness": 0.0}
{"generation": 8, "position": 39, "parents": [55], "genome": "r(5,57) r(69,62) a(34,90) r(34,50) r(72,67) a(29,50) a(29,57) a(66,73) a(74,55)", "fitness": 0.0}
{"generation": 8, "position": 40, "parents": [23, 24], "genome": "r(5,57) r(69,62) a(34,90) r(66,63) r(64,67) d(34) r(72,67) a(29,50) a(29,57) r(65,34) r(29,46)", "fitness": 0.0}
{"generation": 8, "position": 41, "parents": [23, 24], "genome": "r(5,57) r(69,62) a(34,90) r(34,50) d(35) r(74,71)", "fitness": 0.0}
{"generation": 8, "position": 42, "parents": [23], "genome": "r(5,57) r(69,62) a(34,90) r(66,63) r(64,67) d(34) d(35) r(29,50)", "fitness": 0.0}
{"generation": 8, "position": 43, "parents": [24], "genome": "r(5,57) r(69,62) a(34,90) r(34,50) r(72,67) a(29,50) a(29,57) r(65,34) r(29,45)", "fitness": 0.0}
{"generation": 8, "position": 44, "parents": [55], "genome": "r(5,57) r(69,62) a(34,90) r(34,50) r(72,67) a(29,50) a(29,57) a(66,73) d(73)", "fitness": 0.0}
{"generation": 8, "position": 45, "parents": [14], "genome": "d(66) d(6) d(65) a(64,49) d(73) r(74,49) d(35) r(64,38)", "fitness": 0.0}
{"generation": 8, "position": 46, "parents": [59], "genome": "d(6) d(67) d(65) r(66,43) d(69) r(34,42) d(29) a(35,38) r(73,99)", "fitness": 0.0}
{"generation": 8, "position": 47, "parents": [27], "genome": "r(6,38) a(67,71) d(6) d(35) r(65,104) r(69,71) r(67,76) d(66) r(34,29) a(74,69)", "fitness": 0.0}
{"generation": 8, "position": 48, "parents": [47], "genome": "a(65,74) d(65) a(74,38) a(74,49) a(72,52) a(74,62)", "fitness": 0.0}
{"generation": 8, "position": 49, "parents": [33], "genome": "d(66) d(65) d(65) r(29,63) a(71,72) d(65) r(72,99) a(64,49) d(71) d(64) a(35,47) r(35,36)", "fitness": 0.0}
{"generation": 8, "position": 50, "parents": [33, 59], "genome": "d(66) d(65) d(65) r(29,63) a(71,72) d(65) r(72,99) a(64,49) d(71) d(64) d(29) a(35,38) a(6,88)", "fitness": 0.0}
{"generation": 8, "position": 51, "parents": [33, 59], "genome": "d(6) d(67) d(65) r(66,43) d(69) r(34,42) a(35,47) r(5,63)", "fitness": 0.0}
{"generation": 8, "position": 52, "parents": [33], "genome": "d(66) d(65) d(65) r(29,63) a(71,72) d(65) r(72,99) a(64,49) d(71) d(64) a(35,47) a(35,52)", "fitness": 0.0}
{"generation": 8, "position": 53, "parents": [59], "genome": "d(6) d(67) d(65) r(66,43) d(69) r(34,42) d(29) a(35,38) r(73,52)", "fitness": 0.0}
{"generation": 8, "position": 54, "parents": [51, 50], "genome": "d(66) d(6) d(65) d(71) a(5,70) d(35) d(69)", "fitness": 0.0}
{"generation": 8, "position": 55, "parents": [51, 50], "genome": "r(6,38) r(6,52) r(29,47) a(35,71) a(72,72)", "fitness": 0.0}
{"generation": 8, "position": 56, "parents": [51], "genome": "d(66) d(6) d(65) d(71) a(5,70) d(35) a(73,56)", "fitness": 0.0}
{"generation": 8, "position": 57, "parents": [50], "genome": "r(6,38) r(6,52) r(29,47) a(35,71) d(69)", "fitness": 0.0}
{"generation": 8, "position": 58, "parents": [35, 11], "genome": "d(66) d(65) r(29,63) a(71,72) a(35,52) d(64) a(6,5) r(67,90) d(34) d(65) d(72) r(66,62) d(6)", "fitness": 0.0}
{"generation": 8, "position": 59, "parents": [35, 11], "genome": "r(6,38) d(5)", "fitness": 5.0}
{"generation": 8, "position": 60, "parents": [35], "genome": "d(66) d(65) r(29,63) a(71,72) a(35,52) d(64) a(6,5) r(35,90)", "fitness": 0.0}
{"generation": 9, "position": 0, "parents": [29], "genome": "d(6) r(64,62) d(34) r(29,39) a(67,71) d(6) d(65) r(29,63) a(71,72) d(65) r(72,99) a(64,49) d(71) d(64) d(5) d(35)", "fitness": 0.0}
{"generation": 9, "position": 1, "parents": [30], "genome": "d(66) r(29,63) a(71,72) a(35,52) d(64) d(5) d(35)", "fitness": 0.0}
{"generation": 9, "position": 2, "parents": [16], "genome": "r(6,38) a(67,71) d(6) d(35) r(65,104) r(69,71) r(67,76) d(66) a(72,71) a(73,34) a(73,57)", "fitness": 0.0}
{"generation": 9, "position": 3, "parents": [16], "genome": "r(6,38) a(67,71) d(6) d(35) r(65,104) r(69,71) r(67,76) d(66) a(72,71) a(73,34) r(29,63)", "fitness": 0.0}
{"generation": 9, "position": 4, "parents": [38], "genome": "r(6,38) r(67,90) d(34) d(65) d(72) d(66) a(35,55) a(5,53)", "fitness": 0.0}
{"generation": 9, "position": 5, "parents": [9], "genome": "d(66) d(65) r(29,63) a(71,72) a(35,52) d(64) a(6,5) a(29,50) a(29,57) r(64,69) a(6,41) d(5)", "fitness": 0.0}
{"generation": 9, "position": 6, "parents": [48, 58], "genome": "a(65,74) d(65) a(74,38) a(74,49) a(72,52) a(74,62) r(29,63) a(71,72) a(35,52) d(64) a(6,5) r(67,90) d(34) d(65) d(72) r(66,62) d(6) a(5,47)", "fitness": 0.0}
{"generation": 9, "position": 7, "parents": [48, 58], "genome": "d(66) d(65) d(35)", "fitness": 15.0}
{"generation": 9, "position": 8, "parents": [48], "genome": "a(65,74) d(65) a(74,38) a(74,49) a(72,52) a(74,62) d(69)", "fitness": 0.0}
{"generation": 9, "position": 9, "parents": [58], "genome": "d(66) d(65) r(29,63) a(71,72) a(35,52) d(64) a(6,5) r(67,90) d(34) d(65) d(72) r(66,62) d(6) r(5,45)", "fitness": 0.0}
{"generation": 9, "position": 10, "parents": [15, 41], "genome": "d(66) d(65) d(65) r(29,63) a(71,72) d(65) r(72,99) a(64,49) a(34,90) r(34,50) d(35) r(74,71) r(71,104)", "fitness": 0.0}
{"generation": 9, "position": 11, "parents": [15, 41], "genome": "r(5,57) r(69,62) d(71) d(64) a(35,47) a(5,53) d(34)", "fitness": 0.0}
{"generation": 9, "position": 12, "parents": [15], "genome": "d(66) d(65) d(65) r(29,63) a(71,72) d(65) r(72,99) a(64,49) d(71) d(64) a(35,47) a(5,53) r(5,71)", "fitness": 0.0}
{"generation": 9, "position": 13, "parents": [41], "genome": "r(5,57) r(69,62) a(34,90) r(34,50) d(35) r(74,71) a(64,73)", "fitness": 0.0}
{"generation": 9, "position": 14, "parents": [4], "genome": "d(6) a(74,74) d(72) d(73) a(66,55) r(69,76) r(65,56)", "fitness": 0.0}
{"generation": 9, "position": 15, "parents": [24], "genome": "d(66) d(6) d(65) d(71) a(5,70) d(35) a(69,105) d(69)", "fitness": 0.0}
{"generation": 9, "position": 16, "parents": [4], "genome": "d(6) a(74,74) d(72) d(73) a(66,55) r(69,76) r(5,51)", "fitness": 0.0}
{"generation": 9, "position": 17, "parents": [21], "genome": "r(5,57) r(69,62) a(34,90) r(34,39) d(74) r(64,75) d(35) a(64,49) d(73) r(74,49) a(29,63) a(29,53) a(29,49)", "fitness": 0.0}
{"generation": 9, "position": 18, "parents": [46], "genome": "d(6) d(67) d(65) r(66,43) d(69) r(34,42) d(29) a(35,38) r(73,99) a(35,41)", "fitness": 0.0}
{"generation": 9, "position": 19, "parents": [20], "genome": "r(67,91) d(67) r(69,73) a(65,71) d(66) a(34,62)", "fitness": 0.0}
{"generation": 9, "position": 20, "parents": [23], "genome": "r(5,57) r(69,62) a(34,90) r(34,39) d(74) r(64,75) d(35) a(64,49) d(73) r(74,49) a(29,63) d(29)", "fitness": 0.0}
{"generation": 9, "position": 21, "parents": [38], "genome": "r(6,38) r(67,90) d(34) d(65) d(72) d(66) a(35,55) d(69)", "fitness": 0.0}
{"generation": 9, "position": 22, "parents": [53, 23], "genome": "d(6) r(69,62) a(34,90) r(34,39) d(74) r(64,75) d(35) a(64,49) d(73) r(74,49) a(29,63) d(29) r(5,42)", "fitness": 15.0}
{"generation": 9, "position": 23, "parents": [53, 23], "genome": "r(5,57) d(67) d(65) r(66,43) d(69) r(34,42) d(29) a(35,38) r(73,52) d(72)", "fitness": 0.0}
{"generation": 9, "position": 24, "parents": [53], "genome": "d(6) d(67) d(65) r(66,43) d(69) r(34,42) d(29) a(35,38) r(73,52) a(72,74)", "fitness": 0.0}
{"generation": 9, "position": 25, "parents": [23], "genome": "r(5,57) r(69,62) a(34,90) r(34,39) d(74) r(64,75) d(35) a(64,49) d(73) r(74,49) a(29,63) d(29)", "fitness": 0.0}
{"generation": 9, "position": 26, "parents": [18], "genome": "a(65,74) d(65) a(74,38) r(72,69) d(5) r(73,57) a(66,50) r(64,50) a(35,63) d(35)", "fitness": 0.0}
{"generation": 9, "position": 27, "parents": [60], "genome": "d(66) d(65) r(29,63) a(71,72) a(35,52) d(64) a(6,5) r(35,90) r(5,50)", "fitness": 0.0}
{"generation": 9, "position": 28, "parents": [8, 10], "genome": "r(6,38) a(67,71) d(6) d(35) r(65,104) r(69,71) d(72) r(69,62) a(34,90) r(34,50) a(29,105) d(5)", "fitness": 0.0}
{"generation": 9, "position": 29, "parents": [8, 10], "genome": "r(6,38) a(67,71) d(6) d(35) r(65,104) r(69,71) d(72) r(69,62) a(34,90) r(34,50) r(72,67) a(29,50) a(29,57) r(64,69) r(72,67) r(66,71) a(5,34)", "fitness": 0.0}
{"generation": 9, "position": 30, "parents": [8], "genome": "r(6,38) a(67,71) d(6) d(35) r(65,104) r(69,71) d(72) r(69,62) a(34,90) r(34,50) r(72,67) r(66,71) r(29,71)", "fitness": 0.0}
{"generation": 9, "position": 31, "parents": [10], "genome": "r(6,38) a(67,71) d(6) d(35) r(65,104) r(69,71) d(72) r(69,62) a(34,90) r(34,50) r(72,67) a(29,50) a(29,57) r(64,69) a(29,105) a(5,63)", "fitness": 0.0}
{"generation": 9, "position": 32, "parents": [40, 48], "genome": "r(5,57) r(69,62) a(34,90) r(66,63) a(74,38) a(74,49) a(72,52) a(74,62) a(73,62)", "fitness": 0.0}
{"generation": 9, "position": 33, "parents": [40, 48], "genome": "a(65,74) d(65) r(64,67) d(34) r(72,67) a(29,50) a(29,57) r(65,34) r(29,46) d(35)", "fitness": 15.0}
{"generation": 9, "position": 34, "parents": [40], "genome": "r(5,57) r(69,62) a(34,90) r(66,63) r(64,67) d(34) r(72,67) a(29,50) a(29,57) r(65,34) r(29,46) r(35,56)", "fitness": 15.0}
{"generation": 9, "position": 35, "parents": [48], "genome": "a(65,74) d(65) a(74,38) a(74,49) a(72,52) a(74,62) d(73)", "fitness": 0.0}
{"generation": 9, "position": 36, "parents": [20], "genome": "r(67,91) d(67) r(69,73) a(65,71) d(66) a(73,105)", "fitness": 0.0}
{"generation": 9, "position": 37, "parents": [45], "genome": "d(66) d(6) d(65) a(64,49) d(73) r(74,49) d(35) r(64,38) d(34)", "fitness": 0.0}
{"generation": 9, "position": 38, "parents": [51, 61], "genome": "d(6) d(67) d(5) a(29,46)", "fitness": 5.0}
{"generation": 9, "position": 39, "parents": [51, 61], "genome": "r(6,38) r(67,90) d(34) d(65) d(72) r(66,62) d(65) r(66,43) d(69) r(34,42) a(35,47) r(5,63) a(64,52)", "fitness": 0.0}
{"generation": 9, "position": 40, "parents": [51], "genome": "d(6) d(67) d(65) r(66,43) d(69) r(34,42) a(35,47) r(5,63) a(64,70)", "fitness": 0.0}
{"generation": 9, "position": 41, "parents": [61], "genome": "r(6,38) r(67,90) d(34) d(65) d(72) r(66,62) d(5) d(69)", "fitness": 0.0}
{"generation": 9, "position": 42, "parents": [1, 39], "genome": "d(66) d(6) d(65) a(64,49) d(29) r(73,105) r(72,38) a(66,73) a(74,55) a(64,62)", "fitness": 0.0}
{"generation": 9, "position": 43, "parents": [1, 39], "genome": "r(5,57) r(69,62) a(34,90) r(34,50) r(72,67) a(29,50) a(29,57) r(29,105)", "fitness": 0.0}
{"generation": 9, "position": 44, "parents": [1], "genome": "d(66) d(6) d(65) a(64,49) d(29) r(73,105) r(72,38) r(74,70)", "fitness": 0.0}
{"generation": 9, "position": 45, "parents": [39], "genome": "r(5,57) r(69,62) a(34,90) r(34,50) r(72,67) a(29,50) a(29,57) a(66,73) a(74,55) d(74)", "fitness": 0.0}
{"generation": 9, "position": 46, "parents": [50], "genome": "d(66) d(65) d(65) r(29,63) a(71,72) d(65) r(72,99) a(64,49) d(71) d(64) d(29) a(35,38) a(6,88) d(5)", "fitness": 0.0}
{"generation": 9, "position": 47, "parents": [1], "genome": "d(66) d(6) d(65) a(64,49) d(29) r(73,105) r(72,38) a(69,45)", "fitness": 0.0}
{"generation": 9, "position": 48, "parents": [37], "genome": "r(5,57) r(69,62) a(34,90) r(34,50) r(72,67) a(29,50) a(29,57) a(66,73) r(67,90) d(34) d(65) d(72) d(66) a(73,71) r(29,70)", "fitness": 0.0}
{"generation": 9, "position": 49, "parents": [2], "genome": "r(5,57) r(69,62) a(34,90) r(66,63) r(64,67) d(34) r(29,40) d(35)", "fitness": 0.0}
{"generation": 9, "position": 50, "parents": [24, 44], "genome": "d(66) d(6) d(65) d(71) a(5,70) r(69,62) a(34,90) r(34,50) r(72,67) a(29,50) a(29,57) a(66,73) d(73) r(5,43)", "fitness": 0.0}
{"generation": 9, "position": 51, "parents": [24, 44], "genome": "r(5,57) d(35) a(69,105) d(73)", "fitness": 15.0}
{"generation": 9, "position": 52, "parents": [24], "genome": "d(66) d(6) d(65) d(71) a(5,70) d(35) a(69,105) a(5,67)", "fitness": 0.0}
{"generation": 9, "position": 53, "parents": [44], "genome": "r(5,57) r(69,62) a(34,90) r(34,50) r(72,67) a(29,50) a(29,57) a(66,73) d(73) r(64,91)", "fitness": 0.0}
{"generation": 9, "position": 54, "parents": [57], "genome": "r(6,38) r(6,52) r(29,47) a(35,71) d(69) r(35,38)", "fitness": 0.0}
{"generation": 10, "position": 0, "parents": [41, 16], "genome": "r(6,38) r(67,90) d(73) a(66,55) r(69,76) r(5,51) r(64,72)", "fitness": 0.0}
{"generation": 10, "position": 1, "parents": [41, 16], "genome": "d(6) a(74,74) d(72) d(34) d(65) d(72) r(66,62) d(5) d(69) a(35,62)", "fitness": 0.0}
{"generation": 10, "position": 2, "parents": [41], "genome": "r(6,38) r(67,90) d(34) d(65) d(72) r(66,62) d(5) d(69) a(35,51)", "fitness": 0.0}
{"generation": 10, "position": 3, "parents": [16], "genome": "d(6) a(74,74) d(72) d(73) a(66,55) r(69,76) r(5,51) d(66)", "fitness": 0.0}
{"generation": 10, "position": 4, "parents": [17, 8], "genome": "r(5,57) r(69,62) a(34,90) r(34,39) d(74) r(64,75) d(35) a(64,49) d(73) r(74,49) a(74,38) a(74,49) a(72,52) a(74,62) d(69) r(29,71)", "fitness": 0.0}
{"generation": 10, "position": 5, "parents": [17, 8], "genome": "a(65,74) d(65) a(29,63) a(29,53) a(29,49) d(64)", "fitness": 0.0}
{"generation": 10, "position": 6, "parents": [17], "genome": "r(5,57) r(69,62) a(34,90) r(34,39) d(74) r(64,75) d(35) a(64,49) d(73) r(74,49) a(29,63) a(29,53) a(29,49) d(29)", "fitness": 15.0}
{"generation": 10, "position": 7, "parents": [8], "genome": "a(65,74) d(65) a(74,38) a(74,49) a(72,52) a(74,62) d(69) a(67,71)", "fitness": 0.0}
{"generation": 10, "position": 8, "parents": [36], "genome": "r(67,91) d(67) r(69,73) a(65,71) d(66) a(73,105) r(73,37)", "fitness": 15.0}
{"generation": 10, "position": 9, "parents": [13], "genome": "r(5,57) r(69,62) a(34,90) r(34,50) d(35) r(74,71) a(64,73) a(73,76)", "fitness": 0.0}
{"generation": 10, "position": 10, "parents": [2], "genome": "r(6,38) a(67,71) d(6) d(35) r(65,104) r(69,71) r(67,76) d(66) a(72,71) a(73,34) a(73,57) r(5,37)", "fitness": 15.0}
{"generation": 10, "position": 11, "parents": [53], "genome": "r(5,57) r(69,62) a(34,90) r(34,50) r(72,67) a(29,50) a(29,57) a(66,73) d(73) r(64,91) a(29,71)", "fitness": 0.0}
{"generation": 10, "position": 12, "parents": [10, 54], "genome": "d(66) r(29,47) a(35,71) d(69) r(35,38) d(72)", "fitness": 0.0}
{"generation": 10, "position": 13, "parents": [10, 54], "genome": "r(6,38) r(6,52) d(65) d(65) r(29,63) a(71,72) d(65) r(72,99) a(64,49) a(34,90) r(34,50) d(35) r(74,71) r(71,104) d(5)", "fitness": 0.0}
{"generation": 10, "position": 14, "parents": [10], "genome": "d(66) d(65) d(65) r(29,63) a(71,72) d(65) r(72,99) a(64,49) a(34,90) r(34,50) d(35) r(74,71) r(71,104) d(6)", "fitness": 0.0}
{"generation": 10, "position": 15, "parents": [54], "genome": "r(6,38) r(6,52) r(29,47) a(35,71) d(69) r(35,38) d(72)", "fitness": 0.0}
{"generation": 10, "position": 16, "parents": [50, 17], "genome": "d(66) d(6) d(65) d(71) a(5,70) r(69,62) a(34,90) r(34,50) r(72,67) a(29,50) a(29,57) a(66,73) d(73) r(5,43) r(74,49) a(29,63) a(29,53) a(29,49) d(64)", "fitness": 0.0}
{"generation": 10, "position": 17, "parents": [50, 17], "genome": "r(5,57) r(69,62) a(34,90) r(34,39) d(74) r(64,75) d(35) a(64,49) d(73) d(29)", "fitness": 0.0}
{"generation": 10, "position": 18, "parents": [50], "genome": "d(66) d(6) d(65) d(71) a(5,70) r(69,62) a(34,90) r(34,50) r(72,67) a(29,50) a(29,57) a(66,73) d(73) r(5,43) a(35,91)", "fitness": 0.0}
{"generation": 10, "position": 19, "parents": [17], "genome": "r(5,57) r(69,62) a(34,90) r(34,39) d(74) r(64,75) d(35) a(64,49) d(73) r(74,49) a(29,63) a(29,53) a(29,49) a(29,5)", "fitness": 0.0}
{"generation": 10, "position": 20, "parents": [39, 26], "genome": "r(6,38) r(67,90) d(34) d(65) d(72) r(66,62) d(65) a(74,38) r(72,69) d(5) r(73,57) a(66,50) r(64,50) a(35,63) d(35) r(29,40)", "fitness": 0.0}
{"generation": 10, "position": 21, "parents": [39, 26], "genome": "a(65,74) d(65) r(66,43) d(69) r(34,42) a(35,47) r(5,63) a(64,52) r(29,63)", "fitness": 0.0}
{"generation": 10, "position": 22, "parents": [39], "genome": "r(6,38) r(67,90) d(34) d(65) d(72) r(66,62) d(65) r(66,43) d(69) r(34,42) a(35,47) r(5,63) a(64,52) r(73,55)", "fitness": 0.0}
{"generation": 10, "position": 23, "parents": [26], "genome": "a(65,74) d(65) a(74,38) r(72,69) d(5) r(73,57) a(66,50) r(64,50) a(35,63) d(35) d(34)", "fitness": 0.0}
{"generation": 10, "position": 24, "parents": [32, 20], "genome": "r(5,57) r(69,62) a(34,90) r(66,63) a(74,38) a(29,63) d(29) a(65,43)", "fitness": 0.0}
{"generation": 10, "position": 25, "parents": [32, 20], "genome": "r(5,57) r(69,62) a(34,90) r(34,39) d(74) r(64,75) d(35) a(64,49) d(73) r(74,49) a(74,49) a(72,52) a(74,62) a(73,62) a(29,37)", "fitness": 0.0}
{"generation": 10, "position": 26, "parents": [32], "genome": "r(5,57) r(69,62) a(34,90) r(66,63) a(74,38) a(74,49) a(72,52) a(74,62) a(73,62) r(73,40)", "fitness": 0.0}
{"generation": 10, "position": 27, "parents": [20], "genome": "r(5,57) r(69,62) a(34,90) r(34,39) d(74) r(64,75) d(35) a(64,49) d(73) r(74,49) a(29,63) d(29)", "fitness": 0.0}
{"generation": 10, "position": 28, "parents": [28, 8], "genome": "r(6,38) a(67,71) d(6) d(35) r(65,104) r(69,71) d(72) r(69,62) d(69) d(67)", "fitness": 0.0}
{"generation": 10, "position": 29, "parents": [28, 8], "genome": "a(65,74) d(65) a(74,38) a(74,49) a(72,52) a(74,62) a(34,90) r(34,50) a(29,105) d(5) r(71,76)", "fitness": 0.0}
{"generation": 10, "position": 30, "parents": [28], "genome": "r(6,38) a(67,71) d(6) d(35) r(65,104) r(69,71) d(72) r(69,62) a(34,90) r(34,50) a(29,105) d(5) d(73)", "fitness": 0.0}
{"generation": 10, "position": 31, "parents": [8], "genome": "a(65,74) d(65) a(74,38) a(74,49) a(72,52) a(74,62) d(69) d(72)", "fitness": 0.0}
{"generation": 10, "position": 32, "parents": [48], "genome": "r(5,57) r(69,62) a(34,90) r(34,50) r(72,67) a(29,50) a(29,57) a(66,73) r(67,90) d(34) d(65) d(72) d(66) a(73,71) r(29,70) d(74)", "fitness": 0.0}
{"generation": 10, "position": 33, "parents": [36], "genome": "r(67,91) d(67) r(69,73) a(65,71) d(66) a(73,105) a(73,75)", "fitness": 0.0}
{"generation": 10, "position": 34, "parents": [39], "genome": "r(6,38) r(67,90) d(34) d(65) d(72) r(66,62) d(65) r(66,43) d(69) r(34,42) a(35,47) r(5,63) a(64,52) d(74)", "fitness": 0.0}
{"generation": 10, "position": 35, "parents": [14], "genome": "d(6) a(74,74) d(72) d(73) a(66,55) r(69,76) r(65,56) d(64)", "fitness": 0.0}
{"generation": 10, "position": 36, "parents": [52, 17], "genome": "d(66) d(6) d(65) d(35) a(64,49) d(73) r(74,49) a(29,63) a(29,53) a(29,49) r(29,46)", "fitness": 0.0}
{"generation": 10, "position": 37, "parents": [52, 17], "genome": "r(5,57) r(69,62) a(34,90) r(34,39) d(74) r(64,75) d(71) a(5,70) d(35) a(69,105) a(5,67) r(29,46)", "fitness": 15.0}
{"generation": 10, "position": 38, "parents": [52], "genome": "d(66) d(6) d(65) d(71) a(5,70) d(35) a(69,105) a(5,67) d(29)", "fitness": 0.0}
{"generation": 10, "position": 39, "parents": [17], "genome": "r(5,57) r(69,62) a(34,90) r(34,39) d(74) r(64,75) d(35) a(64,49) d(73) r(74,49) a(29,63) a(29,53) a(29,49) d(29)", "fitness": 15.0}
{"generation": 10, "position": 40, "parents": [14], "genome": "d(6) a(74,74) d(72) d(73) a(66,55) r(69,76) r(65,56) d(29)", "fitness": 0.0}
{"generation": 10, "position": 41, "parents": [48], "genome": "r(5,57) r(69,62) a(34,90) r(34,50) r(72,67) a(29,50) a(29,57) a(66,73) r(67,90) d(34) d(65) d(72) d(66) a(73,71) r(29,70) r(35,46)", "fitness": 0.0}
{"generation": 10, "position": 42, "parents": [41], "genome": "r(6,38) r(67,90) d(34) d(65) d(72) r(66,62) d(5) d(69) d(73)", "fitness": 0.0}
{"generation": 10, "position": 43, "parents": [23], "genome": "r(5,57) d(67) d(65) r(66,43) d(69) r(34,42) d(29) a(35,38) r(73,52) d(72) r(64,105)", "fitness": 0.0}
{"generation": 10, "position": 44, "parents": [3], "genome": "r(6,38) a(67,71) d(6) d(35) r(65,104) r(69,71) r(67,76) d(66) a(72,71) a(73,34) r(29,63) d(74)", "fitness": 0.0}
{"generation": 10, "position": 45, "parents": [1], "genome": "d(66) r(29,63) a(71,72) a(35,52) d(64) d(5) d(35)", "fitness": 0.0}
{"generation": 10, "position": 46, "parents": [2], "genome": "r(6,38) a(67,71) d(6) d(35) r(65,104) r(69,71) r(67,76) d(66) a(72,71) a(73,34) a(73,57) r(64,40)", "fitness": 0.0}
{"generation": 10, "position": 47, "parents": [42], "genome": "d(66) d(6) d(65) a(64,49) d(29) r(73,105) r(72,38) a(66,73) a(74,55) a(64,62) r(35,46)", "fitness": 0.0}
{"generation": 10, "position": 48, "parents": [47], "genome": "d(66) d(6) d(65) a(64,49) d(29) r(73,105) r(72,38) a(69,45) a(64,56)", "fitness": 0.0}
{"generation": 10, "position": 49, "parents": [13], "genome": "r(5,57) r(69,62) a(34,90) r(34,50) d(35) r(74,71) a(64,73) r(72,37)", "fitness": 15.0}
{"generation": 10, "position": 50, "parents": [15, 25], "genome": "d(66) d(29) r(71,64)", "fitness": 3.0}
{"generation": 10, "position": 51, "parents": [15, 25], "genome": "r(5,57) r(69,62) a(34,90) r(34,39) d(74) r(64,75) d(35) a(64,49) d(73) r(74,49) a(29,63) d(6) d(65) d(71) a(5,70) d(35) a(69,105) d(69) r(29,55)", "fitness": 0.0}
{"generation": 10, "position": 52, "parents": [15], "genome": "d(66) d(6) d(65) d(71) a(5,70) d(35) a(69,105) d(69) a(72,38)", "fitness": 0.0}
{"generation": 10, "position": 53, "parents": [25], "genome": "r(5,57) r(69,62) a(34,90) r(34,39) d(74) r(64,75) d(35) a(64,49) d(73) r(74,49) a(29,63) d(29)", "fitness": 0.0}
{"generation": 10, "position": 54, "parents": [19, 53], "genome": "r(67,91) d(67) r(69,73) a(65,71) d(66) a(34,62) r(72,67) a(29,50) a(29,57) a(66,73) d(73) r(64,91) d(34)", "fitness": 0.0}
{"generation": 10, "position": 55, "parents": [19, 53], "genome": "r(5,57) r(69,62) a(34,90) r(34,50) d(67)", "fitness": 0.0}
{"generation": 10, "position": 56, "parents": [19], "genome": "r(67,91) d(67) r(69,73) a(65,71) d(66) a(34,62) r(5,43)", "fitness": 0.0}
{"generation": 10, "position": 57, "parents": [53], "genome": "r(5,57) r(69,62) a(34,90) r(34,50) r(72,67) a(29,50) a(29,57) a(66,73) d(73) r(64,91) r(35,67)", "fitness": 0.0}
{"generation": 10, "position": 58, "parents": [41], "genome": "r(6,38) r(67,90) d(34) d(65) d(72) r(66,62) d(5) d(69) r(35,50)", "fitness": 0.0}