[meta]
{"program": "genprog-3.0", "problem": {"ideal_fitness": "12", "type": "repair", "name": "ultrix-look", "enclosure": {"1": 0, "2": 1, "3": 2, "4": 3, "7": 1, "8": 7, "10": 0, "12": 0, "14": 0, "15": 0, "16": 15, "17": 15, "22": 7, "23": 1, "24": 1, "25": 0, "26": 25, "27": 25, "28": 0, "29": 28, "30": 28, "31": 28, "32": 0, "33": 0, "34": 33, "35": 33, "36": 33, "37": 0, "38": 0, "39": 38, "40": 38, "41": 40, "42": 40, "43": 40, "44": 38, "45": 0, "46": 0, "47": 0, "48": 0, "49": 0, "50": 49, "51": 49, "52": 49, "53": 52, "54": 52, "55": 52, "56": 55, "57": 56, "60": 49, "61": 49, "62": 61, "64": 49, "65": 49, "67": 0, "69": 67, "70": 0, "72": 0, "75": 49, "76": 0, "77": 0, "78": 77, "79": 77, "80": 79, "82": 77, "83": 77, "84": 83, "85": 83, "86": 77, "87": 77, "89": 0, "90": 0, "94": 0, "95": 94, "96": 94, "97": 96, "99": 94, "100": 94, "102": 0, "105": 0, "106": 0, "107": 106, "108": 107, "110": 106, "111": 110, "112": 110, "113": 106, "114": 106, "115": 0, "116": 115, "117": 115, "118": 117, "119": 117, "120": 119, "121": 119, "122": 117, "123": 115, "124": 0, "125": 0, "126": 0, "127": 126, "128": 126, "129": 126, "130": 129, "132": 126, "133": 126, "134": 133, "135": 133, "136": 126, "138": 136, "139": 126, "140": 126, "141": 126, "142": 0, "143": 142, "144": 143, "146": 142, "147": 0, "148": 0, "149": 0, "150": 0, "151": 150, "152": 150, "153": 150, "154": 150, "155": 150, "156": 155, "158": 155, "159": 150, "160": 159, "161": 159, "162": 161, "164": 159, "165": 150, "166": 165, "167": 165, "168": 167, "169": 167, "170": 165, "171": 150, "172": 150, "173": 150, "174": 173, "176": 173, "177": 150, "178": 0}}, "version": "0.0.2", "seed": 0, "algorithm": {"representation": "patch", "type": "genetic", "name": "ALGORITHM-NAME"}}

[data]
{"generation": 0, "position": 0, "parents": [], "genome": "a(34,31)", "fitness": 4.0}
{"generation": 0, "position": 1, "parents": [], "genome": "d(32)", "fitness": 0.0}
{"generation": 0, "position": 2, "parents": [], "genome": "d(31)", "fitness": 0.0}
{"generation": 0, "position": 3, "parents": [], "genome": "r(34,112)", "fitness": 4.0}
{"generation": 0, "position": 4, "parents": [], "genome": "r(28,44)", "fitness": 0.0}
{"generation": 0, "position": 5, "parents": [], "genome": "r(34,45)", "fitness": 4.0}
{"generation": 0, "position": 6, "parents": [], "genome": "a(34,78)", "fitness": 4.0}
{"generation": 0, "position": 7, "parents": [], "genome": "a(34,44)", "fitness": 4.0}
{"generation": 0, "position": 8, "parents": [], "genome": "d(3)", "fitness": 12.0}
{"generation": 0, "position": 9, "parents": [], "genome": "a(34,130)", "fitness": 4.0}
{"generation": 0, "position": 10, "parents": [], "genome": "a(34,112)", "fitness": 4.0}
{"generation": 0, "position": 11, "parents": [], "genome": "d(28)", "fitness": 0.0}
{"generation": 0, "position": 12, "parents": [], "genome": "d(25)", "fitness": 4.0}
{"generation": 0, "position": 13, "parents": [], "genome": "d(34)", "fitness": 4.0}
{"generation": 0, "position": 14, "parents": [], "genome": "d(34)", "fitness": 4.0}
{"generation": 0, "position": 15, "parents": [], "genome": "d(34)", "fitness": 4.0}
{"generation": 0, "position": 16, "parents": [], "genome": "d(34)", "fitness": 4.0}
{"generation": 0, "position": 17, "parents": [], "genome": "d(35)", "fitness": 4.0}
{"generation": 0, "position": 18, "parents": [], "genome": "a(33,164)", "fitness": 4.0}
{"generation": 0, "position": 19, "parents": [], "genome": "r(34,112)", "fitness": 4.0}
{"generation": 0, "position": 20, "parents": [], "genome": "r(34,87)", "fitness": 4.0}
{"generation": 0, "position": 21, "parents": [], "genome": "d(34)", "fitness": 4.0}
{"generation": 0, "position": 22, "parents": [], "genome": "d(35)", "fitness": 4.0}
{"generation": 0, "position": 23, "parents": [], "genome": "r(34,97)", "fitness": 4.0}
{"generation": 0, "position": 24, "parents": [], "genome": "a(35,70)", "fitness": 4.0}
{"generation": 0, "position": 25, "parents": [], "genome": "r(35,31)", "fitness": 4.0}
{"generation": 0, "position": 26, "parents": [], "genome": "r(34,36)", "fitness": 4.0}
{"generation": 0, "position": 27, "parents": [], "genome": "d(31)", "fitness": 0.0}
{"generation": 0, "position": 28, "parents": [], "genome": "r(35,170)", "fitness": 4.0}
{"generation": 0, "position": 29, "parents": [], "genome": "r(34,47)", "fitness": 4.0}
{"generation": 0, "position": 30, "parents": [], "genome": "d(31)", "fitness": 0.0}
{"generation": 0, "position": 31, "parents": [], "genome": "d(1)", "fitness": 4.0}
{"generation": 0, "position": 32, "parents": [], "genome": "r(35,148)", "fitness": 4.0}
{"generation": 0, "position": 33, "parents": [], "genome": "d(31)", "fitness": 0.0}
{"generation": 0, "position": 34, "parents": [], "genome": "d(34)", "fitness": 4.0}
{"generation": 0, "position": 35, "parents": [], "genome": "d(34)", "fitness": 4.0}
{"generation": 0, "position": 36, "parents": [], "genome": "r(34,50)", "fitness": 4.0}
{"generation": 0, "position": 37, "parents": [], "genome": "r(34,87)", "fitness": 4.0}
{"generation": 0, "position": 38, "parents": [], "genome": "a(34,33)", "fitness": 4.0}
{"generation": 0, "position": 39, "parents": [], "genome": "original", "fitness": 4.0}
{"generation": 1, "position": 0, "parents": [14, 6], "genome": "d(34) d(35)", "fitness": 4.0}
{"generation": 1, "position": 1, "parents": [14, 6], "genome": "a(34,78) d(25)", "fitness": 4.0}
{"generation": 1, "position": 2, "parents": [14], "genome": "d(34) a(35,51)", "fitness": 4.0}
{"generation": 1, "position": 3, "parents": [6], "genome": "a(34,78) d(31)", "fitness": 0.0}
{"generation": 1, "position": 4, "parents": [26, 22], "genome": "r(34,36) a(33,64)", "fitness": 4.0}
{"generation": 1, "position": 5, "parents": [26, 22], "genome": "d(35) a(34,130)", "fitness": 4.0}
{"generation": 1, "position": 6, "parents": [26], "genome": "r(34,36) d(35)", "fitness": 4.0}
{"generation": 1, "position": 7, "parents": [22], "genome": "d(35) r(25,1)", "fitness": 4.0}
{"generation": 1, "position": 8, "parents": [34], "genome": "d(34) a(33,44)", "fitness": 4.0}
{"generation": 1, "position": 9, "parents": [6], "genome": "a(34,78) a(2,28)", "fitness": 4.0}
{"generation": 1, "position": 10, "parents": [29], "genome": "r(34,47) r(33,108)", "fitness": 4.0}
{"generation": 1, "position": 11, "parents": [39], "genome": "r(28,64)", "fitness": 0.0}
{"generation": 1, "position": 12, "parents": [13], "genome": "d(34) r(25,62)", "fitness": 4.0}
{"generation": 1, "position": 13, "parents": [2], "genome": "d(31) r(35,82)", "fitness": 0.0}
{"generation": 1, "position": 14, "parents": [4], "genome": "r(28,44) a(33,78)", "fitness": 0.0}
{"generation": 1, "position": 15, "parents": [18], "genome": "a(33,164) a(35,138)", "fitness": 4.0}
{"generation": 1, "position": 16, "parents": [15], "genome": "d(34) d(35)", "fitness": 4.0}
{"generation": 1, "position": 17, "parents": [7], "genome": "a(34,44) a(34,54)", "fitness": 4.0}
{"generation": 1, "position": 18, "parents": [33, 14], "genome": "d(31) a(35,170)", "fitness": 0.0}
{"generation": 1, "position": 19, "parents": [33, 14], "genome": "d(34) r(35,83)", "fitness": 4.0}
{"generation": 1, "position": 20, "parents": [33], "genome": "d(31) d(35)", "fitness": 0.0}
{"generation": 1, "position": 21, "parents": [14], "genome": "d(34) d(35)", "fitness": 4.0}
{"generation": 1, "position": 22, "parents": [14, 13], "genome": "d(34) r(27,135)", "fitness": 4.0}
{"generation": 1, "position": 23, "parents": [14, 13], "genome": "d(34) r(35,82)", "fitness": 4.0}
{"generation": 1, "position": 24, "parents": [14], "genome": "d(34) a(31,70)", "fitness": 4.0}
{"generation": 1, "position": 25, "parents": [13], "genome": "d(34) r(3,94)", "fitness": 0.0}
{"generation": 1, "position": 26, "parents": [21], "genome": "d(34) r(35,148)", "fitness": 4.0}
{"generation": 1, "position": 27, "parents": [17], "genome": "d(35) r(25,31)", "fitness": 4.0}
{"generation": 1, "position": 28, "parents": [0], "genome": "a(34,31) a(34,76)", "fitness": 4.0}
{"generation": 1, "position": 29, "parents": [12], "genome": "d(25) a(34,34)", "fitness": 4.0}
{"generation": 1, "position": 30, "parents": [28], "genome": "r(35,170) r(2,164)", "fitness": 0.0}
{"generation": 1, "position": 31, "parents": [15], "genome": "d(34) a(35,64)", "fitness": 4.0}
{"generation": 1, "position": 32, "parents": [13], "genome": "d(34) d(35)", "fitness": 4.0}
{"generation": 1, "position": 33, "parents": [2], "genome": "d(31) a(3,86)", "fitness": 0.0}
{"generation": 1, "position": 34, "parents": [17, 23], "genome": "d(35) r(25,77)", "fitness": 0.0}
{"generation": 1, "position": 35, "parents": [17, 23], "genome": "r(34,97) r(35,158)", "fitness": 4.0}
{"generation": 1, "position": 36, "parents": [17], "genome": "d(35) d(34)", "fitness": 4.0}
{"generation": 1, "position": 37, "parents": [23], "genome": "r(34,97) r(35,28)", "fitness": 4.0}
{"generation": 1, "position": 38, "parents": [12, 33], "genome": "d(25) d(35)", "fitness": 4.0}
{"generation": 1, "position": 39, "parents": [12, 33], "genome": "d(31) a(35,52)", "fitness": 0.0}
{"generation": 1, "position": 40, "parents": [12], "genome": "d(25) a(3,164)", "fitness": 4.0}
{"generation": 1, "position": 41, "parents": [33], "genome": "d(31) r(1,177)", "fitness": 0.0}
{"generation": 1, "position": 42, "parents": [11], "genome": "d(28) r(35,36)", "fitness": 0.0}
{"generation": 1, "position": 43, "parents": [29], "genome": "r(34,47) r(25,77)", "fitness": 0.0}
{"generation": 1, "position": 44, "parents": [27], "genome": "d(31) d(34)", "fitness": 0.0}
{"generation": 1, "position": 45, "parents": [5], "genome": "r(34,45) a(35,38)", "fitness": 4.0}
{"generation": 1, "position": 46, "parents": [21], "genome": "d(34) r(35,64)", "fitness": 4.0}
{"generation": 1, "position": 47, "parents": [11], "genome": "d(28) d(2)", "fitness": 0.0}
{"generation": 1, "position": 48, "parents": [20, 30], "genome": "r(34,87) d(31)", "fitness": 0.0}
{"generation": 1, "position": 49, "parents": [20, 30], "genome": "d(31) a(34,48)", "fitness": 0.0}
{"generation": 1, "position": 50, "parents": [20], "genome": "r(34,87) r(35,37)", "fitness": 4.0}
{"generation": 1, "position": 51, "parents": [30], "genome": "d(31) d(34)", "fitness": 0.0}
{"generation": 1, "position": 52, "parents": [11, 33], "genome": "d(28) r(34,53)", "fitness": 0.0}
{"generation": 1, "position": 53, "parents": [11, 33], "genome": "d(31) r(35,87)", "fitness": 0.0}
{"generation": 1, "position": 54, "parents": [11], "genome": "d(28) r(34,135)", "fitness": 0.0}
{"generation": 2, "position": 0, "parents": [25, 32], "genome": "d(34) d(25)", "fitness": 4.0}
{"generation": 2, "position": 1, "parents": [25, 32], "genome": "d(34) d(35) r(3,94) r(1,54)", "fitness": 4.0}
{"generation": 2, "position": 2, "parents": [25], "genome": "d(34) r(3,94) r(35,135)", "fitness": 0.0}
{"generation": 2, "position": 3, "parents": [32], "genome": "d(34) d(35) d(28)", "fitness": 0.0}
{"generation": 2, "position": 4, "parents": [41], "genome": "d(31) r(1,177) r(35,176)", "fitness": 0.0}
{"generation": 2, "position": 5, "parents": [6], "genome": "r(34,36) d(35) r(28,78)", "fitness": 0.0}
{"generation": 2, "position": 6, "parents": [1], "genome": "a(34,78) d(25) a(35,51)", "fitness": 4.0}
{"generation": 2, "position": 7, "parents": [14], "genome": "r(28,44) a(33,78) d(34)", "fitness": 0.0}
{"generation": 2, "position": 8, "parents": [13], "genome": "d(31) r(35,82) d(34)", "fitness": 0.0}
{"generation": 2, "position": 9, "parents": [33], "genome": "d(31) a(3,86) a(35,170)", "fitness": 0.0}
{"generation": 2, "position": 10, "parents": [43, 50], "genome": "r(34,47) a(35,46)", "fitness": 4.0}
{"generation": 2, "position": 11, "parents": [43, 50], "genome": "r(34,87) r(35,37) r(25,77) r(31,84)", "fitness": 0.0}
{"generation": 2, "position": 12, "parents": [43], "genome": "r(34,47) r(25,77) a(35,27)", "fitness": 0.0}
{"generation": 2, "position": 13, "parents": [50], "genome": "r(34,87) r(35,37) a(2,64)", "fitness": 4.0}
{"generation": 2, "position": 14, "parents": [10, 23], "genome": "r(34,47) d(35)", "fitness": 4.0}
{"generation": 2, "position": 15, "parents": [10, 23], "genome": "d(34) r(35,82) r(33,108) a(2,38)", "fitness": 4.0}
{"generation": 2, "position": 16, "parents": [10], "genome": "r(34,47) r(33,108) d(25)", "fitness": 4.0}
{"generation": 2, "position": 17, "parents": [23], "genome": "d(34) r(35,82) d(32)", "fitness": 0.0}
{"generation": 2, "position": 18, "parents": [49], "genome": "d(31) a(34,48) r(33,49)", "fitness": 0.0}
{"generation": 2, "position": 19, "parents": [43], "genome": "r(34,47) r(25,77) a(1,177)", "fitness": 0.0}
{"generation": 2, "position": 20, "parents": [47, 14], "genome": "d(28) a(33,78) d(34)", "fitness": 0.0}
{"generation": 2, "position": 21, "parents": [47, 14], "genome": "r(28,44) d(2) a(35,134)", "fitness": 0.0}
{"generation": 2, "position": 22, "parents": [47], "genome": "d(28) d(2) a(35,38)", "fitness": 0.0}
{"generation": 2, "position": 23, "parents": [14], "genome": "r(28,44) a(33,78) r(35,138)", "fitness": 0.0}
{"generation": 2, "position": 24, "parents": [20], "genome": "d(31) d(35) a(3,38)", "fitness": 0.0}
{"generation": 2, "position": 25, "parents": [4], "genome": "r(34,36) a(33,64) a(35,64)", "fitness": 4.0}
{"generation": 2, "position": 26, "parents": [38, 49], "genome": "d(25) d(35)", "fitness": 4.0}
{"generation": 2, "position": 27, "parents": [38, 49], "genome": "d(31) a(34,48) d(35) d(3)", "fitness": 12.0}
{"generation": 2, "position": 28, "parents": [38], "genome": "d(25) d(35) a(34,35)", "fitness": 4.0}
{"generation": 2, "position": 29, "parents": [49], "genome": "d(31) a(34,48) r(34,54)", "fitness": 0.0}
{"generation": 2, "position": 30, "parents": [25], "genome": "d(34) r(3,94) r(27,108)", "fitness": 0.0}
{"generation": 2, "position": 31, "parents": [33], "genome": "d(31) a(3,86) r(2,178)", "fitness": 12.0}
{"generation": 2, "position": 32, "parents": [23, 46], "genome": "d(34) r(35,64) a(3,170)", "fitness": 4.0}
{"generation": 2, "position": 33, "parents": [23, 46], "genome": "d(34) r(35,82) a(2,31)", "fitness": 4.0}
{"generation": 2, "position": 34, "parents": [23], "genome": "d(34) r(35,82) a(27,45)", "fitness": 0.0}
{"generation": 2, "position": 35, "parents": [46], "genome": "d(34) r(35,64) r(3,96)", "fitness": 12.0}
{"generation": 2, "position": 36, "parents": [54], "genome": "d(28) r(34,135) a(35,27)", "fitness": 0.0}
{"generation": 2, "position": 37, "parents": [41], "genome": "d(31) r(1,177) r(35,99)", "fitness": 0.0}
{"generation": 2, "position": 38, "parents": [28], "genome": "a(34,31) a(34,76) a(34,99)", "fitness": 4.0}
{"generation": 2, "position": 39, "parents": [54], "genome": "d(28) r(34,135) r(3,158)", "fitness": 12.0}
{"generation": 2, "position": 40, "parents": [42], "genome": "d(28) r(35,36) r(27,37)", "fitness": 0.0}
{"generation": 2, "position": 41, "parents": [13], "genome": "d(31) r(35,82) r(34,36)", "fitness": 0.0}
{"generation": 2, "position": 42, "parents": [4], "genome": "r(34,36) a(33,64) d(27)", "fitness": 4.0}
{"generation": 2, "position": 43, "parents": [41], "genome": "d(31) r(1,177) a(35,50)", "fitness": 0.0}
{"generation": 2, "position": 44, "parents": [40, 18], "genome": "d(25) a(3,164) a(35,170) d(34)", "fitness": 4.0}
{"generation": 2, "position": 45, "parents": [40, 18], "genome": "d(31) d(35)", "fitness": 0.0}
{"generation": 2, "position": 46, "parents": [40], "genome": "d(25) a(3,164) d(28)", "fitness": 0.0}
{"generation": 2, "position": 47, "parents": [18], "genome": "d(31) a(35,170) a(35,25)", "fitness": 0.0}
{"generation": 2, "position": 48, "parents": [4, 27], "genome": "r(34,36) r(25,31) r(35,62)", "fitness": 4.0}
{"generation": 2, "position": 49, "parents": [4, 27], "genome": "d(35) a(33,64) r(31,70)", "fitness": 0.0}
{"generation": 2, "position": 50, "parents": [4], "genome": "r(34,36) a(33,64) a(33,38)", "fitness": 4.0}
{"generation": 2, "position": 51, "parents": [27], "genome": "d(35) r(25,31) d(34)", "fitness": 4.0}
{"generation": 2, "position": 52, "parents": [34, 27], "genome": "d(35) a(34,148)", "fitness": 4.0}
{"generation": 2, "position": 53, "parents": [34, 27], "genome": "d(35) r(25,31) r(25,77) r(34,78)", "fitness": 4.0}
{"generation": 2, "position": 54, "parents": [34], "genome": "d(35) r(25,77) d(34)", "fitness": 0.0}
{"generation": 2, "position": 55, "parents": [27], "genome": "d(35) r(25,31) r(34,83)", "fitness": 4.0}
{"generation": 2, "position": 56, "parents": [3, 0], "genome": "a(34,78) d(35) r(34,62)", "fitness": 4.0}
{"generation": 2, "position": 57, "parents": [3, 0], "genome": "d(34) d(31) a(35,69)", "fitness": 0.0}
{"generation": 2, "position": 58, "parents": [3], "genome": "a(34,78) d(31) a(35,176)", "fitness": 0.0}
{"generation": 3, "position": 0, "parents": [53], "genome": "d(35) r(25,31) r(25,77) r(34,78) a(31,64)", "fitness": 4.0}
{"generation": 3, "position": 1, "parents": [5], "genome": "r(34,36) d(35) r(28,78) r(25,100)", "fitness": 0.0}
{"generation": 3, "position": 2, "parents": [54, 8], "genome": "d(35) r(25,77) d(34) r(35,82) d(34) r(1,108)", "fitness": 0.0}
{"generation": 3, "position": 3, "parents": [54, 8], "genome": "d(31) r(35,46)", "fitness": 0.0}
{"generation": 3, "position": 4, "parents": [54], "genome": "d(35) r(25,77) d(34) d(1)", "fitness": 0.0}
{"generation": 3, "position": 5, "parents": [8], "genome": "d(31) r(35,82) d(34) a(33,105)", "fitness": 0.0}
{"generation": 3, "position": 6, "parents": [22], "genome": "d(28) d(2) a(35,38) r(1,37)", "fitness": 0.0}
{"generation": 3, "position": 7, "parents": [9], "genome": "d(31) a(3,86) a(35,170) d(34)", "fitness": 0.0}
{"generation": 3, "position": 8, "parents": [33], "genome": "d(34) r(35,82) a(2,31) a(25,1)", "fitness": 4.0}
{"generation": 3, "position": 9, "parents": [8], "genome": "d(31) r(35,82) d(34) a(3,51)", "fitness": 0.0}
{"generation": 3, "position": 10, "parents": [13], "genome": "r(34,87) r(35,37) a(2,64) r(33,76)", "fitness": 4.0}
{"generation": 3, "position": 11, "parents": [46], "genome": "d(25) a(3,164) d(28) r(34,37)", "fitness": 0.0}
{"generation": 3, "position": 12, "parents": [30, 11], "genome": "d(34) r(31,84) r(2,25)", "fitness": 12.0}
{"generation": 3, "position": 13, "parents": [30, 11], "genome": "r(34,87) r(35,37) r(25,77) r(3,94) r(27,108) d(1)", "fitness": 0.0}
{"generation": 3, "position": 14, "parents": [30], "genome": "d(34) r(3,94) r(27,108) a(35,69)", "fitness": 0.0}
{"generation": 3, "position": 15, "parents": [11], "genome": "r(34,87) r(35,37) r(25,77) r(31,84) a(32,64)", "fitness": 0.0}
{"generation": 3, "position": 16, "parents": [7], "genome": "r(28,44) a(33,78) d(34) a(35,53)", "fitness": 0.0}
{"generation": 3, "position": 17, "parents": [58], "genome": "a(34,78) d(31) a(35,176) a(32,135)", "fitness": 0.0}
{"generation": 3, "position": 18, "parents": [50, 18], "genome": "r(34,36) a(33,64) a(33,38) a(34,48) r(33,49) d(28)", "fitness": 0.0}
{"generation": 3, "position": 19, "parents": [50, 18], "genome": "d(31) d(34)", "fitness": 0.0}
{"generation": 3, "position": 20, "parents": [50], "genome": "r(34,36) a(33,64) a(33,38) a(35,64)", "fitness": 4.0}
{"generation": 3, "position": 21, "parents": [18], "genome": "d(31) a(34,48) r(33,49) a(1,49)", "fitness": 0.0}
{"generation": 3, "position": 22, "parents": [30, 7], "genome": "d(34) r(3,94) r(27,108) r(35,95)", "fitness": 0.0}
{"generation": 3, "position": 23, "parents": [30, 7], "genome": "r(28,44) a(33,78) d(34) r(35,46)", "fitness": 0.0}
{"generation": 3, "position": 24, "parents": [30], "genome": "d(34) r(3,94) r(27,108) a(35,50)", "fitness": 0.0}
{"generation": 3, "position": 25, "parents": [7], "genome": "r(28,44) a(33,78) d(34) r(2,170)", "fitness": 0.0}
{"generation": 3, "position": 26, "parents": [5, 20], "genome": "r(34,36) d(35) r(28,78) a(33,78) d(34) a(33,82)", "fitness": 0.0}
{"generation": 3, "position": 27, "parents": [5, 20], "genome": "d(28) d(35)", "fitness": 0.0}
{"generation": 3, "position": 28, "parents": [5], "genome": "r(34,36) d(35) r(28,78) r(25,176)", "fitness": 0.0}
{"generation": 3, "position": 29, "parents": [20], "genome": "d(28) a(33,78) d(34) a(32,38)", "fitness": 0.0}
{"generation": 3, "position": 30, "parents": [22], "genome": "d(28) d(2) a(35,38) d(33)", "fitness": 0.0}
{"generation": 3, "position": 31, "parents": [12], "genome": "r(34,47) r(25,77) a(35,27) r(28,47)", "fitness": 0.0}
{"generation": 3, "position": 32, "parents": [7], "genome": "r(28,44) a(33,78) d(34) d(35)", "fitness": 0.0}
{"generation": 3, "position": 33, "parents": [20], "genome": "d(28) a(33,78) d(34) d(27)", "fitness": 0.0}
{"generation": 3, "position": 34, "parents": [52, 18], "genome": "d(35) a(34,148) r(33,49) a(3,25)", "fitness": 4.0}
{"generation": 3, "position": 35, "parents": [52, 18], "genome": "d(31) a(34,48) d(35)", "fitness": 0.0}
{"generation": 3, "position": 36, "parents": [52], "genome": "d(35) a(34,148) d(2)", "fitness": 0.0}
{"generation": 3, "position": 37, "parents": [18], "genome": "d(31) a(34,48) r(33,49) d(25)", "fitness": 0.0}
{"generation": 3, "position": 38, "parents": [2, 1], "genome": "d(34) r(3,94) r(35,135) r(1,54) d(25)", "fitness": 4.0}
{"generation": 3, "position": 39, "parents": [2, 1], "genome": "d(34) d(35) r(3,94) a(27,38)", "fitness": 0.0}
{"generation": 3, "position": 40, "parents": [2], "genome": "d(34) r(3,94) r(35,135) a(33,37)", "fitness": 0.0}
{"generation": 3, "position": 41, "parents": [1], "genome": "d(34) d(35) r(3,94) r(1,54) d(31)", "fitness": 0.0}
{"generation": 3, "position": 42, "parents": [17], "genome": "d(34) r(35,82) d(32) d(3)", "fitness": 12.0}
{"generation": 3, "position": 43, "parents": [29], "genome": "d(31) a(34,48) r(34,54) a(35,108)", "fitness": 0.0}
{"generation": 3, "position": 44, "parents": [36], "genome": "d(28) r(34,135) a(35,27) r(3,69)", "fitness": 12.0}
{"generation": 3, "position": 45, "parents": [19], "genome": "r(34,47) r(25,77) a(1,177) a(1,46)", "fitness": 0.0}
{"generation": 3, "position": 46, "parents": [58, 15], "genome": "a(34,78) d(31) a(35,176) r(33,108) a(2,38) d(27)", "fitness": 0.0}
{"generation": 3, "position": 47, "parents": [58, 15], "genome": "d(34) r(35,82) a(32,57)", "fitness": 4.0}
{"generation": 3, "position": 48, "parents": [58], "genome": "a(34,78) d(31) a(35,176) r(35,164)", "fitness": 0.0}
{"generation": 3, "position": 49, "parents": [15], "genome": "d(34) r(35,82) r(33,108) a(2,38) a(25,135)", "fitness": 4.0}
{"generation": 3, "position": 50, "parents": [40], "genome": "d(28) r(35,36) r(27,37) a(34,36)", "fitness": 0.0}
{"generation": 3, "position": 51, "parents": [3], "genome": "d(34) d(35) d(28) r(3,84)", "fitness": 12.0}
{"generation": 3, "position": 52, "parents": [24], "genome": "d(31) d(35) a(3,38) d(34)", "fitness": 0.0}
{"generation": 3, "position": 53, "parents": [21], "genome": "r(28,44) d(2) a(35,134) d(32)", "fitness": 0.0}
{"generation": 3, "position": 54, "parents": [37], "genome": "d(31) r(1,177) r(35,99) d(34)", "fitness": 0.0}
{"generation": 4, "position": 0, "parents": [5], "genome": "d(31) r(35,82) d(34) a(33,105) r(25,28)", "fitness": 12.0}
{"generation": 4, "position": 1, "parents": [5], "genome": "d(31) r(35,82) d(34) a(33,105) a(1,62)", "fitness": 0.0}
{"generation": 4, "position": 2, "parents": [16], "genome": "r(28,44) a(33,78) d(34) a(35,53) r(25,51)", "fitness": 0.0}
{"generation": 4, "position": 3, "parents": [30], "genome": "d(28) d(2) a(35,38) d(33) a(1,164)", "fitness": 0.0}
{"generation": 4, "position": 4, "parents": [11, 10], "genome": "d(25) a(3,164) d(28) r(35,37) a(2,64) r(33,76) r(32,108)", "fitness": 0.0}
{"generation": 4, "position": 5, "parents": [11, 10], "genome": "r(34,87) r(34,37) r(33,134)", "fitness": 12.0}
{"generation": 4, "position": 6, "parents": [11], "genome": "d(25) a(3,164) d(28) r(34,37) d(35)", "fitness": 0.0}
{"generation": 4, "position": 7, "parents": [10], "genome": "r(34,87) r(35,37) a(2,64) r(33,76) r(28,53)", "fitness": 0.0}
{"generation": 4, "position": 8, "parents": [21, 8], "genome": "d(31) a(2,31) a(25,1) d(28)", "fitness": 0.0}
{"generation": 4, "position": 9, "parents": [21, 8], "genome": "d(34) r(35,82) a(34,48) r(33,49) a(1,49) r(25,57)", "fitness": 0.0}
{"generation": 4, "position": 10, "parents": [21], "genome": "d(31) a(34,48) r(33,49) a(1,49) r(32,50)", "fitness": 0.0}
{"generation": 4, "position": 11, "parents": [8], "genome": "d(34) r(35,82) a(2,31) a(25,1) r(27,32)", "fitness": 4.0}
{"generation": 4, "position": 12, "parents": [21, 27], "genome": "d(31) a(34,48) a(34,178)", "fitness": 12.0}
{"generation": 4, "position": 13, "parents": [21, 27], "genome": "d(28) d(35) r(33,49) a(1,49) r(3,51)", "fitness": 0.0}
{"generation": 4, "position": 14, "parents": [21], "genome": "d(31) a(34,48) r(33,49) a(1,49) r(1,112)", "fitness": 0.0}
{"generation": 4, "position": 15, "parents": [27], "genome": "d(28) d(35) r(34,1)", "fitness": 0.0}
{"generation": 4, "position": 16, "parents": [22], "genome": "d(34) r(3,94) r(27,108) r(35,95) d(31)", "fitness": 0.0}
{"generation": 4, "position": 17, "parents": [3], "genome": "d(31) r(35,46) a(3,158)", "fitness": 0.0}
{"generation": 4, "position": 18, "parents": [21], "genome": "d(31) a(34,48) r(33,49) a(1,49) r(1,80)", "fitness": 0.0}
{"generation": 4, "position": 19, "parents": [15], "genome": "r(34,87) r(35,37) r(25,77) r(31,84) a(32,64) d(28)", "fitness": 0.0}
{"generation": 4, "position": 20, "parents": [41], "genome": "d(34) d(35) r(3,94) r(1,54) d(31) r(32,27)", "fitness": 0.0}
{"generation": 4, "position": 21, "parents": [37], "genome": "d(31) a(34,48) r(33,49) d(25) d(28)", "fitness": 0.0}
{"generation": 4, "position": 22, "parents": [1], "genome": "r(34,36) d(35) r(28,78) r(25,100) r(1,176)", "fitness": 0.0}
{"generation": 4, "position": 23, "parents": [11], "genome": "d(25) a(3,164) d(28) r(34,37) a(35,84)", "fitness": 0.0}
{"generation": 4, "position": 24, "parents": [54, 11], "genome": "d(31) r(1,177) d(27)", "fitness": 0.0}
{"generation": 4, "position": 25, "parents": [54, 11], "genome": "d(25) a(3,164) d(28) r(34,37) r(35,99) d(34) d(33)", "fitness": 0.0}
{"generation": 4, "position": 26, "parents": [54], "genome": "d(31) r(1,177) r(35,99) d(34) a(25,50)", "fitness": 0.0}
{"generation": 4, "position": 27, "parents": [11], "genome": "d(25) a(3,164) d(28) r(34,37) r(35,130)", "fitness": 0.0}
{"generation": 4, "position": 28, "parents": [37], "genome": "d(31) a(34,48) r(33,49) d(25) r(32,57)", "fitness": 0.0}
{"generation": 4, "position": 29, "parents": [25], "genome": "r(28,44) a(33,78) d(34) r(2,170) a(35,33)", "fitness": 0.0}
{"generation": 4, "position": 30, "parents": [39], "genome": "d(34) d(35) r(3,94) a(27,38) r(33,45)", "fitness": 0.0}
{"generation": 4, "position": 31, "parents": [46], "genome": "a(34,78) d(31) a(35,176) r(33,108) a(2,38) d(27) r(28,108)", "fitness": 0.0}
{"generation": 4, "position": 32, "parents": [28, 7], "genome": "r(34,36) a(3,86) a(35,170) d(34) a(25,33)", "fitness": 0.0}
{"generation": 4, "position": 33, "parents": [28, 7], "genome": "d(31) d(35) r(28,78) r(25,176) a(33,28)", "fitness": 0.0}
{"generation": 4, "position": 34, "parents": [28], "genome": "r(34,36) d(35) r(28,78) r(25,176) a(33,97)", "fitness": 0.0}
{"generation": 4, "position": 35, "parents": [7], "genome": "d(31) a(3,86) a(35,170) d(34) a(35,135)", "fitness": 0.0}
{"generation": 4, "position": 36, "parents": [32], "genome": "r(28,44) a(33,78) d(34) d(35) d(33)", "fitness": 0.0}
{"generation": 4, "position": 37, "parents": [3], "genome": "d(31) r(35,46) a(1,25)", "fitness": 0.0}
{"generation": 4, "position": 38, "parents": [32], "genome": "r(28,44) a(33,78) d(34) d(35) d(32)", "fitness": 0.0}
{"generation": 4, "position": 39, "parents": [16], "genome": "r(28,44) a(33,78) d(34) a(35,53) r(35,76)", "fitness": 0.0}
{"generation": 4, "position": 40, "parents": [1], "genome": "r(34,36) d(35) r(28,78) r(25,100) d(2)", "fitness": 0.0}
{"generation": 4, "position": 41, "parents": [27], "genome": "d(28) d(35) r(32,36)", "fitness": 0.0}
{"generation": 4, "position": 42, "parents": [28], "genome": "r(34,36) d(35) r(28,78) r(25,176) r(32,112)", "fitness": 0.0}
{"generation": 4, "position": 43, "parents": [40], "genome": "d(34) r(3,94) r(35,135) a(33,37) d(32)", "fitness": 0.0}
{"generation": 4, "position": 44, "parents": [32, 48], "genome": "r(28,44) a(33,78) d(34) d(35) a(35,176) r(35,164) d(32)", "fitness": 0.0}
{"generation": 4, "position": 45, "parents": [32, 48], "genome": "a(34,78) d(31) a(35,83)", "fitness": 0.0}
{"generation": 4, "position": 46, "parents": [32], "genome": "r(28,44) a(33,78) d(34) d(35) r(2,158)", "fitness": 0.0}
{"generation": 4, "position": 47, "parents": [48], "genome": "a(34,78) d(31) a(35,176) r(35,164) d(3)", "fitness": 12.0}
{"generation": 4, "position": 48, "parents": [10, 45], "genome": "r(34,87) r(35,37) a(2,64) a(1,177) a(1,46) a(33,83)", "fitness": 4.0}
{"generation": 4, "position": 49, "parents": [10, 45], "genome": "r(34,47) r(25,77) r(33,76) r(3,45)", "fitness": 0.0}
{"generation": 4, "position": 50, "parents": [10], "genome": "r(34,87) r(35,37) a(2,64) r(33,76) r(27,47)", "fitness": 0.0}
{"generation": 4, "position": 51, "parents": [45], "genome": "r(34,47) r(25,77) a(1,177) a(1,46) d(35)", "fitness": 0.0}
{"generation": 4, "position": 52, "parents": [38], "genome": "d(34) r(3,94) r(35,135) r(1,54) d(25) r(31,54)", "fitness": 0.0}
{"generation": 5, "position": 0, "parents": [33], "genome": "d(31) d(35) r(28,78) r(25,176) a(33,28) d(33)", "fitness": 0.0}
{"generation": 5, "position": 1, "parents": [41], "genome": "d(28) d(35) r(32,36) d(34)", "fitness": 0.0}
{"generation": 5, "position": 2, "parents": [8], "genome": "d(31) a(2,31) a(25,1) d(28) a(35,34)", "fitness": 0.0}
{"generation": 5, "position": 3, "parents": [13], "genome": "d(28) d(35) r(33,49) a(1,49) r(3,51) d(2)", "fitness": 0.0}
{"generation": 5, "position": 4, "parents": [14, 34], "genome": "d(31) a(34,48) r(25,176) a(33,97) r(2,50)", "fitness": 0.0}
{"generation": 5, "position": 5, "parents": [14, 34], "genome": "r(34,36) d(35) r(28,78) r(33,49) a(1,49) r(1,112) r(25,33)", "fitness": 0.0}
{"generation": 5, "position": 6, "parents": [14], "genome": "d(31) a(34,48) r(33,49) a(1,49) r(1,112) r(25,48)", "fitness": 0.0}
{"generation": 5, "position": 7, "parents": [34], "genome": "r(34,36) d(35) r(28,78) r(25,176) a(33,97) a(3,83)", "fitness": 0.0}
{"generation": 5, "position": 8, "parents": [7, 34], "genome": "r(34,87) r(35,37) a(2,64) r(33,76) a(25,34)", "fitness": 4.0}
{"generation": 5, "position": 9, "parents": [7, 34], "genome": "r(34,36) d(35) r(28,78) r(25,176) a(33,97) r(28,53) a(32,69)", "fitness": 0.0}
{"generation": 5, "position": 10, "parents": [7], "genome": "r(34,87) r(35,37) a(2,64) r(33,76) r(28,53) a(1,44)", "fitness": 0.0}
{"generation": 5, "position": 11, "parents": [34], "genome": "r(34,36) d(35) r(28,78) r(25,176) a(33,97) d(3)", "fitness": 0.0}
{"generation": 5, "position": 12, "parents": [21], "genome": "d(31) a(34,48) r(33,49) d(25) d(28) d(2)", "fitness": 0.0}
{"generation": 5, "position": 13, "parents": [37], "genome": "d(31) r(35,46) a(1,25) d(34)", "fitness": 0.0}
{"generation": 5, "position": 14, "parents": [49, 18], "genome": "r(34,47) a(1,49) r(1,80) a(35,112)", "fitness": 0.0}
{"generation": 5, "position": 15, "parents": [49, 18], "genome": "d(31) a(34,48) r(33,49) r(25,77) r(33,76) r(3,45) a(2,25)", "fitness": 0.0}
{"generation": 5, "position": 16, "parents": [49], "genome": "r(34,47) r(25,77) r(33,76) r(3,45) d(28)", "fitness": 0.0}
{"generation": 5, "position": 17, "parents": [18], "genome": "d(31) a(34,48) r(33,49) a(1,49) r(1,80) r(25,158)", "fitness": 0.0}
{"generation": 5, "position": 18, "parents": [1, 13], "genome": "d(31) r(33,49) a(1,49) r(3,51) a(2,54)", "fitness": 0.0}
{"generation": 5, "position": 19, "parents": [1, 13], "genome": "d(28) d(35) r(35,82) d(34) a(33,105) a(1,62) r(3,69)", "fitness": 12.0}
{"generation": 5, "position": 20, "parents": [1], "genome": "d(31) r(35,82) d(34) a(33,105) a(1,62) a(28,25)", "fitness": 0.0}
{"generation": 5, "position": 21, "parents": [13], "genome": "d(28) d(35) r(33,49) a(1,49) r(3,51) a(27,57)", "fitness": 0.0}
{"generation": 5, "position": 22, "parents": [25, 41], "genome": "d(25) a(3,164) r(32,36) d(3)", "fitness": 0.0}
{"generation": 5, "position": 23, "parents": [25, 41], "genome": "d(28) d(35) d(28) r(34,37) r(35,99) d(34) d(33) d(2)", "fitness": 0.0}
{"generation": 5, "position": 24, "parents": [25], "genome": "d(25) a(3,164) d(28) r(34,37) r(35,99) d(34) d(33) r(2,148)", "fitness": 0.0}
{"generation": 5, "position": 25, "parents": [41], "genome": "d(28) d(35) r(32,36) r(34,69)", "fitness": 0.0}
{"generation": 5, "position": 26, "parents": [46], "genome": "r(28,44) a(33,78) d(34) d(35) r(2,158) d(32)", "fitness": 0.0}
{"generation": 5, "position": 27, "parents": [30], "genome": "d(34) d(35) r(3,94) a(27,38) r(33,45) r(28,83)", "fitness": 0.0}
{"generation": 5, "position": 28, "parents": [15], "genome": "d(28) d(35) r(34,1) r(2,94)", "fitness": 0.0}
{"generation": 5, "position": 29, "parents": [2], "genome": "r(28,44) a(33,78) d(34) a(35,53) r(25,51) d(2)", "fitness": 0.0}
{"generation": 5, "position": 30, "parents": [30, 51], "genome": "d(34) d(35) r(3,94) a(1,177) a(1,46) d(35) a(31,49)", "fitness": 0.0}
{"generation": 5, "position": 31, "parents": [30, 51], "genome": "r(34,47) r(25,77) a(27,38) r(33,45) r(32,99)", "fitness": 0.0}
{"generation": 5, "position": 32, "parents": [30], "genome": "d(34) d(35) r(3,94) a(27,38) r(33,45) d(32)", "fitness": 0.0}
{"generation": 5, "position": 33, "parents": [51], "genome": "r(34,47) r(25,77) a(1,177) a(1,46) d(35) a(3,108)", "fitness": 0.0}
{"generation": 5, "position": 34, "parents": [28], "genome": "d(31) a(34,48) r(33,49) d(25) r(32,57) a(2,130)", "fitness": 0.0}
{"generation": 5, "position": 35, "parents": [51], "genome": "r(34,47) r(25,77) a(1,177) a(1,46) d(35) a(28,25)", "fitness": 0.0}
{"generation": 5, "position": 36, "parents": [29, 45], "genome": "r(28,44) a(33,78) d(34) r(2,170) r(25,100)", "fitness": 0.0}
{"generation": 5, "position": 37, "parents": [29, 45], "genome": "a(34,78) d(31) a(35,83) a(35,33) a(35,80)", "fitness": 0.0}
{"generation": 5, "position": 38, "parents": [29], "genome": "r(28,44) a(33,78) d(34) r(2,170) a(35,33) a(33,48)", "fitness": 0.0}
{"generation": 5, "position": 39, "parents": [45], "genome": "a(34,78) d(31) a(35,83) a(35,70)", "fitness": 0.0}
{"generation": 5, "position": 40, "parents": [9, 40], "genome": "d(34) r(35,82) a(34,48) r(33,49) a(1,49) r(25,57) d(2) d(28)", "fitness": 0.0}
{"generation": 5, "position": 41, "parents": [9, 40], "genome": "r(34,36) d(35) r(28,78) r(25,100) r(33,70)", "fitness": 0.0}
{"generation": 5, "position": 42, "parents": [9], "genome": "d(34) r(35,82) a(34,48) r(33,49) a(1,49) r(25,57) d(3)", "fitness": 0.0}
{"generation": 5, "position": 43, "parents": [40], "genome": "r(34,36) d(35) r(28,78) r(25,100) d(2) a(1,105)", "fitness": 0.0}
{"generation": 5, "position": 44, "parents": [49, 31], "genome": "r(34,47) r(25,77) r(33,76) d(31) a(35,176) r(33,108) a(2,38) d(27) r(28,108) d(3)", "fitness": 0.0}
{"generation": 5, "position": 45, "parents": [49, 31], "genome": "a(34,78) r(3,45) r(35,54)", "fitness": 0.0}
{"generation": 5, "position": 46, "parents": [49], "genome": "r(34,47) r(25,77) r(33,76) r(3,45) r(31,37)", "fitness": 0.0}
{"generation": 5, "position": 47, "parents": [31], "genome": "a(34,78) d(31) a(35,176) r(33,108) a(2,38) d(27) r(28,108) r(2,3)", "fitness": 0.0}
{"generation": 5, "position": 48, "parents": [24, 15], "genome": "d(31) r(1,177) r(34,1) r(35,51)", "fitness": 0.0}
{"generation": 5, "position": 49, "parents": [24, 15], "genome": "d(28) d(35) d(27) a(32,108)", "fitness": 0.0}
{"generation": 5, "position": 50, "parents": [24], "genome": "d(31) r(1,177) d(27) d(34)", "fitness": 0.0}
{"generation": 5, "position": 51, "parents": [15], "genome": "d(28) d(35) r(34,1) d(33)", "fitness": 0.0}
{"generation": 5, "position": 52, "parents": [35], "genome": "d(31) a(3,86) a(35,170) d(34) a(35,135) d(35)", "fitness": 0.0}
{"generation": 5, "position": 53, "parents": [39], "genome": "r(28,44) a(33,78) d(34) a(35,53) r(35,76) d(32)", "fitness": 0.0}
{"generation": 5, "position": 54, "parents": [32, 38], "genome": "r(34,36) d(34) d(35) d(32) a(28,134)", "fitness": 12.0}
{"generation": 5, "position": 55, "parents": [32, 38], "genome": "r(28,44) a(33,78) a(3,86) a(35,170) d(34) a(25,33) r(35,65)", "fitness": 0.0}
{"generation": 5, "position": 56, "parents": [32], "genome": "r(34,36) a(3,86) a(35,170) d(34) a(25,33) a(35,80)", "fitness": 0.0}
{"generation": 5, "position": 57, "parents": [38], "genome": "r(28,44) a(33,78) d(34) d(35) d(32) a(2,54)", "fitness": 0.0}
{"generation": 5, "position": 58, "parents": [10], "genome": "d(31) a(34,48) r(33,49) a(1,49) r(32,50) a(3,55)", "fitness": 0.0}
{"generation": 5, "position": 59, "parents": [24], "genome": "d(31) r(1,177) d(27) a(34,83)", "fitness": 0.0}
{"generation": 5, "position": 60, "parents": [43, 24], "genome": "d(34) d(27) r(35,100)", "fitness": 4.0}
{"generation": 5, "position": 61, "parents": [43, 24], "genome": "d(31) r(1,177) r(3,94) r(35,135) a(33,37) d(32) d(34)", "fitness": 0.0}
{"generation": 5, "position": 62, "parents": [43], "genome": "d(34) r(3,94) r(35,135) a(33,37) d(32) d(1)", "fitness": 0.0}
{"generation": 6, "position": 0, "parents": [16, 41], "genome": "r(34,47) r(25,77) r(28,78) r(25,100) r(33,70) d(32)", "fitness": 0.0}
{"generation": 6, "position": 1, "parents": [16, 41], "genome": "r(34,36) d(35) r(33,76) r(3,45) d(28) r(1,52)", "fitness": 0.0}
{"generation": 6, "position": 2, "parents": [16], "genome": "r(34,47) r(25,77) r(33,76) r(3,45) d(28) a(2,70)", "fitness": 0.0}
{"generation": 6, "position": 3, "parents": [41], "genome": "r(34,36) d(35) r(28,78) r(25,100) r(33,70) d(32)", "fitness": 0.0}
{"generation": 6, "position": 4, "parents": [59], "genome": "d(31) r(1,177) d(27) a(34,83) a(35,52)", "fitness": 0.0}
{"generation": 6, "position": 5, "parents": [41], "genome": "r(34,36) d(35) r(28,78) r(25,100) r(33,70) a(2,87)", "fitness": 0.0}
{"generation": 6, "position": 6, "parents": [6, 7], "genome": "d(31) r(28,78) r(25,176) a(33,97) a(3,83) a(2,134)", "fitness": 0.0}
{"generation": 6, "position": 7, "parents": [6, 7], "genome": "r(34,36) d(35) a(34,48) r(33,49) a(1,49) r(1,112) r(25,48) r(28,77)", "fitness": 0.0}
{"generation": 6, "position": 8, "parents": [6], "genome": "d(31) a(34,48) r(33,49) a(1,49) r(1,112) r(25,48) d(32)", "fitness": 0.0}
{"generation": 6, "position": 9, "parents": [7], "genome": "r(34,36) d(35) r(28,78) r(25,176) a(33,97) a(3,83) r(32,60)", "fitness": 0.0}
{"generation": 6, "position": 10, "parents": [11, 14], "genome": "r(34,36) r(35,164)", "fitness": 4.0}
{"generation": 6, "position": 11, "parents": [11, 14], "genome": "r(34,47) a(1,49) r(1,80) a(35,112) d(35) r(28,78) r(25,176) a(33,97) d(3) d(33)", "fitness": 0.0}
{"generation": 6, "position": 12, "parents": [11], "genome": "r(34,36) d(35) r(28,78) r(25,176) a(33,97) d(3) d(2)", "fitness": 0.0}
{"generation": 6, "position": 13, "parents": [14], "genome": "r(34,47) a(1,49) r(1,80) a(35,112) d(35)", "fitness": 0.0}
{"generation": 6, "position": 14, "parents": [47], "genome": "a(34,78) d(31) a(35,176) r(33,108) a(2,38) d(27) r(28,108) r(2,3) d(1)", "fitness": 0.0}
{"generation": 6, "position": 15, "parents": [29], "genome": "r(28,44) a(33,78) d(34) a(35,53) r(25,51) d(2) d(35)", "fitness": 0.0}
{"generation": 6, "position": 16, "parents": [58, 42], "genome": "d(31) a(34,48) r(33,49) a(1,49) r(32,50) d(2)", "fitness": 0.0}
{"generation": 6, "position": 17, "parents": [58, 42], "genome": "d(34) r(35,82) a(34,48) r(33,49) a(1,49) r(25,57) d(3) a(3,55) d(31)", "fitness": 0.0}
{"generation": 6, "position": 18, "parents": [58], "genome": "d(31) a(34,48) r(33,49) a(1,49) r(32,50) a(3,55) d(28)", "fitness": 0.0}
{"generation": 6, "position": 19, "parents": [42], "genome": "d(34) r(35,82) a(34,48) r(33,49) a(1,49) r(25,57) d(3) r(2,49)", "fitness": 0.0}
{"generation": 6, "position": 20, "parents": [43], "genome": "r(34,36) d(35) r(28,78) r(25,100) d(2) a(1,105) a(32,82)", "fitness": 0.0}
{"generation": 6, "position": 21, "parents": [18], "genome": "d(31) r(33,49) a(1,49) r(3,51) a(2,54) d(25)", "fitness": 0.0}
{"generation": 6, "position": 22, "parents": [16], "genome": "r(34,47) r(25,77) r(33,76) r(3,45) d(28) a(2,105)", "fitness": 0.0}
{"generation": 6, "position": 23, "parents": [38], "genome": "r(28,44) a(33,78) d(34) r(2,170) a(35,33) a(33,48) a(32,80)", "fitness": 0.0}
{"generation": 6, "position": 24, "parents": [30, 63], "genome": "d(34) r(1,177) d(27) d(25) r(35,135)", "fitness": 4.0}
{"generation": 6, "position": 25, "parents": [30, 63], "genome": "d(31) d(35) r(3,94) a(1,177) a(1,46) d(35) a(31,49) a(34,45)", "fitness": 0.0}
{"generation": 6, "position": 26, "parents": [30], "genome": "d(34) d(35) r(3,94) a(1,177) a(1,46) d(35) a(31,49) d(31)", "fitness": 0.0}
{"generation": 6, "position": 27, "parents": [63], "genome": "d(31) r(1,177) d(27) d(25) r(34,27)", "fitness": 0.0}
{"generation": 6, "position": 28, "parents": [45, 36], "genome": "a(34,78) r(2,170) r(25,100) r(33,84)", "fitness": 0.0}
{"generation": 6, "position": 29, "parents": [45, 36], "genome": "r(28,44) a(33,78) d(34) r(3,45) r(35,54) d(1)", "fitness": 0.0}
{"generation": 6, "position": 30, "parents": [45], "genome": "a(34,78) r(3,45) r(35,54) d(25)", "fitness": 0.0}
{"generation": 6, "position": 31, "parents": [36], "genome": "r(28,44) a(33,78) d(34) r(2,170) r(25,100) d(1)", "fitness": 0.0}
{"generation": 6, "position": 32, "parents": [34, 38], "genome": "d(31) a(34,48) r(33,49) d(25) r(32,57) a(2,130) d(34) r(2,170) a(35,33) a(33,48) r(28,60)", "fitness": 0.0}
{"generation": 6, "position": 33, "parents": [34, 38], "genome": "r(28,44) a(33,78) r(35,100)", "fitness": 0.0}
{"generation": 6, "position": 34, "parents": [34], "genome": "d(31) a(34,48) r(33,49) d(25) r(32,57) a(2,130) a(1,54)", "fitness": 0.0}
{"generation": 6, "position": 35, "parents": [38], "genome": "r(28,44) a(33,78) d(34) r(2,170) a(35,33) a(33,48) a(35,69)", "fitness": 0.0}
{"generation": 6, "position": 36, "parents": [1, 47], "genome": "d(28) d(35) r(28,108) r(2,3) d(34)", "fitness": 0.0}
{"generation": 6, "position": 37, "parents": [1, 47], "genome": "a(34,78) d(31) a(35,176) r(33,108) a(2,38) d(27) r(32,36) d(34) d(2)", "fitness": 0.0}
{"generation": 6, "position": 38, "parents": [1], "genome": "d(28) d(35) r(32,36) d(34) a(2,50)", "fitness": 0.0}
{"generation": 6, "position": 39, "parents": [47], "genome": "a(34,78) d(31) a(35,176) r(33,108) a(2,38) d(27) r(28,108) r(2,3) a(32,35)", "fitness": 0.0}
{"generation": 6, "position": 40, "parents": [5, 10], "genome": "r(34,36) d(35) r(28,78) r(33,49) a(1,49) d(32)", "fitness": 0.0}
{"generation": 6, "position": 41, "parents": [5, 10], "genome": "r(34,87) r(35,37) a(2,64) r(33,76) r(28,53) a(1,44) r(1,112) r(25,33) d(32)", "fitness": 0.0}
{"generation": 6, "position": 42, "parents": [5], "genome": "r(34,36) d(35) r(28,78) r(33,49) a(1,49) r(1,112) r(25,33) a(32,44)", "fitness": 0.0}
{"generation": 6, "position": 43, "parents": [10], "genome": "r(34,87) r(35,37) a(2,64) r(33,76) r(28,53) a(1,44) r(27,49)", "fitness": 0.0}
{"generation": 6, "position": 44, "parents": [2, 17], "genome": "d(31) a(2,31) a(25,1) d(28) a(35,34) a(34,48) r(33,49) a(1,49) r(1,80) r(25,158) r(32,84)", "fitness": 0.0}
{"generation": 6, "position": 45, "parents": [2, 17], "genome": "d(31) d(34)", "fitness": 0.0}
{"generation": 6, "position": 46, "parents": [2], "genome": "d(31) a(2,31) a(25,1) d(28) a(35,34) r(27,164)", "fitness": 0.0}
{"generation": 6, "position": 47, "parents": [17], "genome": "d(31) a(34,48) r(33,49) a(1,49) r(1,80) r(25,158) r(32,97)", "fitness": 0.0}
{"generation": 6, "position": 48, "parents": [53, 28], "genome": "r(28,44) a(33,78) d(34) a(35,53) r(35,76) d(32) r(34,1) r(2,94) a(33,112)", "fitness": 0.0}
{"generation": 6, "position": 49, "parents": [53, 28], "genome": "d(28) d(35) a(34,108)", "fitness": 0.0}
{"generation": 6, "position": 50, "parents": [53], "genome": "r(28,44) a(33,78) d(34) a(35,53) r(35,76) d(32) d(3)", "fitness": 12.0}
{"generation": 6, "position": 51, "parents": [28], "genome": "d(28) d(35) r(34,1) r(2,94) r(33,52)", "fitness": 0.0}
{"generation": 6, "position": 52, "parents": [48, 15], "genome": "d(31) r(1,177) r(34,1) r(35,51) r(25,77) r(33,76) r(3,45) a(2,25) d(32)", "fitness": 0.0}
{"generation": 6, "position": 53, "parents": [48, 15], "genome": "d(31) a(34,48) r(33,49) r(27,50)", "fitness": 0.0}
{"generation": 6, "position": 54, "parents": [48], "genome": "d(31) r(1,177) r(34,1) r(35,51) r(32,130)", "fitness": 0.0}
{"generation": 6, "position": 55, "parents": [15], "genome": "d(31) a(34,48) r(33,49) r(25,77) r(33,76) r(3,45) a(2,25) d(1)", "fitness": 0.0}
{"generation": 6, "position": 56, "parents": [51, 53], "genome": "d(28) d(35) r(34,1) d(33) r(35,76) d(32) a(25,87)", "fitness": 0.0}
{"generation": 6, "position": 57, "parents": [51, 53], "genome": "r(28,44) a(33,78) d(34) a(35,53) d(35)", "fitness": 0.0}
{"generation": 6, "position": 58, "parents": [51], "genome": "d(28) d(35) r(34,1) d(33) d(32)", "fitness": 0.0}
{"generation": 6, "position": 59, "parents": [53], "genome": "r(28,44) a(33,78) d(34) a(35,53) r(35,76) d(32) d(1)", "fitness": 0.0}
{"generation": 6, "position": 60, "parents": [22, 37], "genome": "d(25) a(35,83) a(35,33) a(35,80) r(35,82)", "fitness": 4.0}
{"generation": 6, "position": 61, "parents": [22, 37], "genome": "a(34,78) d(31) a(3,164) r(32,36) d(3) a(34,32)", "fitness": 12.0}
{"generation": 6, "position": 62, "parents": [22], "genome": "d(25) a(3,164) r(32,36) d(3) r(34,178)", "fitness": 12.0}
{"generation": 6, "position": 63, "parents": [37], "genome": "a(34,78) d(31) a(35,83) a(35,33) a(35,80) r(34,77)", "fitness": 0.0}
{"generation": 6, "position": 64, "parents": [39], "genome": "a(34,78) d(31) a(35,83) a(35,70) d(35)", "fitness": 0.0}
{"generation": 6, "position": 65, "parents": [32], "genome": "d(34) d(35) r(3,94) a(27,38) r(33,45) d(32) r(31,177)", "fitness": 0.0}
{"generation": 6, "position": 66, "parents": [5], "genome": "r(34,36) d(35) r(28,78) r(33,49) a(1,49) r(1,112) r(25,33) r(32,62)", "fitness": 0.0}
{"generation": 7, "position": 0, "parents": [20, 12], "genome": "r(34,36) d(35) r(28,78) r(25,100) d(2) d(2) a(32,130)", "fitness": 0.0}
{"generation": 7, "position": 1, "parents": [20, 12], "genome": "r(34,36) d(35) r(28,78) r(25,176) a(33,97) d(3) a(1,105) a(32,82) a(32,60)", "fitness": 12.0}
{"generation": 7, "position": 2, "parents": [20], "genome": "r(34,36) d(35) r(28,78) r(25,100) d(2) a(1,105) a(32,82) r(1,80)", "fitness": 12.0}
{"generation": 7, "position": 3, "parents": [12], "genome": "r(34,36) d(35) r(28,78) r(25,176) a(33,97) d(3) d(2) r(33,97)", "fitness": 0.0}
{"generation": 7, "position": 4, "parents": [14, 17], "genome": "a(34,78) d(31) a(35,176) r(33,108) a(34,48) r(33,49) a(1,49) r(25,57) d(3) a(3,55) d(31) a(28,108)", "fitness": 0.0}
{"generation": 7, "position": 5, "parents": [14, 17], "genome": "d(34) r(35,82) a(2,38) d(27) r(28,108) r(2,3) d(1) d(25)", "fitness": 0.0}
{"generation": 7, "position": 6, "parents": [14], "genome": "a(34,78) d(31) a(35,176) r(33,108) a(2,38) d(27) r(28,108) r(2,3) d(1) a(32,112)", "fitness": 0.0}
{"generation": 7, "position": 7, "parents": [17], "genome": "d(34) r(35,82) a(34,48) r(33,49) a(1,49) r(25,57) d(3) a(3,55) d(31) d(1)", "fitness": 0.0}
{"generation": 7, "position": 8, "parents": [58, 0], "genome": "d(28) d(35) r(34,1) d(33) d(32) r(33,70) d(32) a(2,112)", "fitness": 0.0}
{"generation": 7, "position": 9, "parents": [58, 0], "genome": "r(34,47) r(25,77) r(28,78) r(25,100) r(35,38)", "fitness": 0.0}
{"generation": 7, "position": 10, "parents": [58], "genome": "d(28) d(35) r(34,1) d(33) d(32) r(25,33)", "fitness": 0.0}
{"generation": 7, "position": 11, "parents": [0], "genome": "r(34,47) r(25,77) r(28,78) r(25,100) r(33,70) d(32) r(2,3)", "fitness": 0.0}
{"generation": 7, "position": 12, "parents": [9], "genome": "r(34,36) d(35) r(28,78) r(25,176) a(33,97) a(3,83) r(32,60) d(2)", "fitness": 0.0}
{"generation": 7, "position": 13, "parents": [7], "genome": "r(34,36) d(35) a(34,48) r(33,49) a(1,49) r(1,112) r(25,48) r(28,77) d(32)", "fitness": 0.0}
{"generation": 7, "position": 14, "parents": [63, 58], "genome": "a(34,78) d(31) a(35,83) a(35,33) a(35,80) d(33) d(32) r(2,135)", "fitness": 0.0}
{"generation": 7, "position": 15, "parents": [63, 58], "genome": "d(28) d(35) r(34,1) r(34,77) r(1,69)", "fitness": 0.0}
{"generation": 7, "position": 16, "parents": [63], "genome": "a(34,78) d(31) a(35,83) a(35,33) a(35,80) r(34,77) a(3,94)", "fitness": 0.0}
{"generation": 7, "position": 17, "parents": [58], "genome": "d(28) d(35) r(34,1) d(33) d(32) a(3,83)", "fitness": 0.0}
{"generation": 7, "position": 18, "parents": [49, 37], "genome": "d(28) a(34,31)", "fitness": 0.0}
{"generation": 7, "position": 19, "parents": [49, 37], "genome": "a(34,78) d(31) a(35,176) r(33,108) a(2,38) d(27) r(32,36) d(34) d(2) d(35) a(34,108) d(25)", "fitness": 0.0}
{"generation": 7, "position": 20, "parents": [49], "genome": "d(28) d(35) a(34,108) d(34)", "fitness": 0.0}
{"generation": 7, "position": 21, "parents": [37], "genome": "a(34,78) d(31) a(35,176) r(33,108) a(2,38) d(27) r(32,36) d(34) d(2) a(1,176)", "fitness": 0.0}
{"generation": 7, "position": 22, "parents": [29, 54], "genome": "r(28,44) a(33,78) d(34) r(3,45) r(35,51) r(32,130) r(1,176)", "fitness": 0.0}
{"generation": 7, "position": 23, "parents": [29, 54], "genome": "d(31) r(1,177) r(34,1) r(35,54) d(1) d(25)", "fitness": 0.0}
{"generation": 7, "position": 24, "parents": [29], "genome": "r(28,44) a(33,78) d(34) r(3,45) r(35,54) d(1) d(33)", "fitness": 0.0}
{"generation": 7, "position": 25, "parents": [54], "genome": "d(31) r(1,177) r(34,1) r(35,51) r(32,130) a(27,130)", "fitness": 0.0}
{"generation": 7, "position": 26, "parents": [18, 26], "genome": "d(31) a(34,48) r(33,49) a(1,49) r(32,50) a(3,55) d(35) r(3,94) a(1,177) a(1,46) d(35) a(31,49) d(31) r(27,158)", "fitness": 0.0}
{"generation": 7, "position": 27, "parents": [18, 26], "genome": "d(34) d(28) a(35,47)", "fitness": 0.0}
{"generation": 7, "position": 28, "parents": [18], "genome": "d(31) a(34,48) r(33,49) a(1,49) r(32,50) a(3,55) d(28) r(27,25)", "fitness": 0.0}
{"generation": 7, "position": 29, "parents": [26], "genome": "d(34) d(35) r(3,94) a(1,177) a(1,46) d(35) a(31,49) d(31) a(28,25)", "fitness": 0.0}
{"generation": 7, "position": 30, "parents": [15], "genome": "r(28,44) a(33,78) d(34) a(35,53) r(25,51) d(2) d(35) d(1)", "fitness": 0.0}
{"generation": 7, "position": 31, "parents": [28], "genome": "a(34,78) r(2,170) r(25,100) r(33,84) a(1,53)", "fitness": 0.0}
{"generation": 7, "position": 32, "parents": [27, 6], "genome": "d(31) r(1,177) d(27) d(25) r(34,27) a(33,97) a(3,83) a(2,134) a(35,178)", "fitness": 0.0}
{"generation": 7, "position": 33, "parents": [27, 6], "genome": "d(31) r(28,78) r(25,176) d(32)", "fitness": 0.0}
{"generation": 7, "position": 34, "parents": [27], "genome": "d(31) r(1,177) d(27) d(25) r(34,27) d(35)", "fitness": 0.0}
{"generation": 7, "position": 35, "parents": [6], "genome": "d(31) r(28,78) r(25,176) a(33,97) a(3,83) a(2,134) d(34)", "fitness": 0.0}
{"generation": 7, "position": 36, "parents": [34], "genome": "d(31) a(34,48) r(33,49) d(25) r(32,57) a(2,130) a(1,54) r(3,54)", "fitness": 0.0}
{"generation": 7, "position": 37, "parents": [33], "genome": "r(28,44) a(33,78) r(35,100) d(34)", "fitness": 0.0}
{"generation": 7, "position": 38, "parents": [4, 21], "genome": "d(31) r(1,177) r(33,49) a(1,49) r(3,51) a(2,54) d(25) r(32,148)", "fitness": 0.0}
{"generation": 7, "position": 39, "parents": [4, 21], "genome": "d(31) d(27) a(34,83) a(35,52) r(35,33)", "fitness": 0.0}
{"generation": 7, "position": 40, "parents": [4], "genome": "d(31) r(1,177) d(27) a(34,83) a(35,52) d(34)", "fitness": 0.0}
{"generation": 7, "position": 41, "parents": [21], "genome": "d(31) r(33,49) a(1,49) r(3,51) a(2,54) d(25) r(2,54)", "fitness": 0.0}
{"generation": 7, "position": 42, "parents": [66], "genome": "r(34,36) d(35) r(28,78) r(33,49) a(1,49) r(1,112) r(25,33) r(32,62)", "fitness": 0.0}
{"generation": 7, "position": 43, "parents": [18], "genome": "d(31) a(34,48) r(33,49) a(1,49) r(32,50) a(3,55) d(28) r(1,86)", "fitness": 0.0}
{"generation": 7, "position": 44, "parents": [64, 45], "genome": "a(34,78) d(31) a(35,83) d(34) r(27,108)", "fitness": 0.0}
{"generation": 7, "position": 45, "parents": [64, 45], "genome": "d(31) a(35,70) d(35) r(34,64)", "fitness": 0.0}
{"generation": 7, "position": 46, "parents": [64], "genome": "a(34,78) d(31) a(35,83) a(35,70) d(35) a(2,86)", "fitness": 0.0}
{"generation": 7, "position": 47, "parents": [45], "genome": "d(31) d(34) r(33,45)", "fitness": 0.0}
{"generation": 7, "position": 48, "parents": [22, 46], "genome": "r(34,47) r(25,77) r(33,76) r(3,45) d(28) r(27,164) d(2)", "fitness": 0.0}
{"generation": 7, "position": 49, "parents": [22, 46], "genome": "d(31) a(2,31) a(25,1) d(28) a(35,34) a(2,105) r(34,97)", "fitness": 0.0}
{"generation": 7, "position": 50, "parents": [22], "genome": "r(34,47) r(25,77) r(33,76) r(3,45) d(28) a(2,105) r(32,33)", "fitness": 0.0}
{"generation": 7, "position": 51, "parents": [46], "genome": "d(31) a(2,31) a(25,1) d(28) a(35,34) r(27,164) a(2,49)", "fitness": 0.0}
{"generation": 7, "position": 52, "parents": [22, 12], "genome": "r(34,47) r(25,77) r(33,76) a(33,97) d(3) d(2) r(28,170)", "fitness": 0.0}
{"generation": 7, "position": 53, "parents": [22, 12], "genome": "r(34,36) d(35) r(28,78) r(25,176) r(3,45) d(28) a(2,105) a(33,130)", "fitness": 0.0}
{"generation": 7, "position": 54, "parents": [22], "genome": "r(34,47) r(25,77) r(33,76) r(3,45) d(28) a(2,105) a(1,36)", "fitness": 0.0}
{"generation": 7, "position": 55, "parents": [12], "genome": "r(34,36) d(35) r(28,78) r(25,176) a(33,97) d(3) d(2) a(32,100)", "fitness": 0.0}
{"generation": 7, "position": 56, "parents": [40, 13], "genome": "r(34,36) d(35) r(28,78) a(1,49) r(1,80) a(35,112) d(35) a(27,99)", "fitness": 0.0}
{"generation": 7, "position": 57, "parents": [40, 13], "genome": "r(34,47) r(33,49) a(1,49) d(32) r(27,47)", "fitness": 0.0}
{"generation": 7, "position": 58, "parents": [40], "genome": "r(34,36) d(35) r(28,78) r(33,49) a(1,49) d(32) d(27)", "fitness": 0.0}
{"generation": 7, "position": 59, "parents": [13], "genome": "r(34,47) a(1,49) r(1,80) a(35,112) d(35) r(27,57)", "fitness": 0.0}
{"generation": 7, "position": 60, "parents": [25], "genome": "d(31) d(35) r(3,94) a(1,177) a(1,46) d(35) a(31,49) a(34,45) a(28,177)", "fitness": 0.0}
{"generation": 7, "position": 61, "parents": [25], "genome": "d(31) d(35) r(3,94) a(1,177) a(1,46) d(35) a(31,49) a(34,45) d(34)", "fitness": 0.0}
{"generation": 7, "position": 62, "parents": [38, 41], "genome": "d(28) a(1,44) r(1,112) r(25,33) d(32) a(34,177)", "fitness": 0.0}
{"generation": 7, "position": 63, "parents": [38, 41], "genome": "r(34,87) r(35,37) a(2,64) r(33,76) r(28,53) d(35) r(32,36) d(34) a(2,50) a(27,38)", "fitness": 0.0}
{"generation": 7, "position": 64, "parents": [38], "genome": "d(28) d(35) r(32,36) d(34) a(2,50) a(1,65)", "fitness": 0.0}
{"generation": 7, "position": 65, "parents": [41], "genome": "r(34,87) r(35,37) a(2,64) r(33,76) r(28,53) a(1,44) r(1,112) r(25,33) d(32)", "fitness": 0.0}
{"generation": 7, "position": 66, "parents": [67, 4], "genome": "d(34) r(35,82) a(34,48) r(33,49) a(1,49) r(25,57) d(3) a(34,83) a(35,52) r(28,31)", "fitness": 0.0}
{"generation": 7, "position": 67, "parents": [67, 4], "genome": "d(31) r(1,177) d(27) r(32,77) a(34,108)", "fitness": 0.0}
{"generation": 7, "position": 68, "parents": [67], "genome": "d(34) r(35,82) a(34,48) r(33,49) a(1,49) r(25,57) d(3) r(32,77) r(31,49)", "fitness": 0.0}
{"generation": 8, "position": 0, "parents": [35], "genome": "d(31) r(28,78) r(25,176) a(33,97) a(3,83) a(2,134) d(34) a(33,50)", "fitness": 0.0}
{"generation": 8, "position": 1, "parents": [5], "genome": "d(34) r(35,82) a(2,38) d(27) r(28,108) r(2,3) d(1) d(25) d(33)", "fitness": 0.0}
{"generation": 8, "position": 2, "parents": [55], "genome": "r(34,36) d(35) r(28,78) r(25,176) a(33,97) d(3) d(2) a(32,100) r(32,46)", "fitness": 0.0}
{"generation": 8, "position": 3, "parents": [69], "genome": "d(31) r(1,177) d(27) a(34,83) a(35,52) d(34) d(35)", "fitness": 0.0}
{"generation": 8, "position": 4, "parents": [39], "genome": "d(31) d(27) a(34,83) a(35,52) r(35,33) d(3)", "fitness": 12.0}
{"generation": 8, "position": 5, "parents": [17], "genome": "d(28) d(35) r(34,1) d(33) d(32) a(3,83) a(2,158)", "fitness": 0.0}
{"generation": 8, "position": 6, "parents": [47], "genome": "d(31) d(34) r(33,45) r(3,99)", "fitness": 12.0}
{"generation": 8, "position": 7, "parents": [27], "genome": "d(34) d(28) a(35,47) d(33)", "fitness": 0.0}
{"generation": 8, "position": 8, "parents": [8, 62], "genome": "d(28) d(35) r(34,1) d(33) d(32) r(33,70) d(32) d(32) a(34,177) r(2,87)", "fitness": 0.0}
{"generation": 8, "position": 9, "parents": [8, 62], "genome": "d(28) a(1,44) r(1,112) r(25,33) a(2,112) d(34)", "fitness": 0.0}
{"generation": 8, "position": 10, "parents": [8], "genome": "d(28) d(35) r(34,1) d(33) d(32) r(33,70) d(32) a(2,112) d(2)", "fitness": 0.0}
{"generation": 8, "position": 11, "parents": [62], "genome": "d(28) a(1,44) r(1,112) r(25,33) d(32) a(34,177) r(35,80)", "fitness": 0.0}
{"generation": 8, "position": 12, "parents": [50, 18], "genome": "r(34,47) r(25,77) r(33,76) a(2,138)", "fitness": 0.0}
{"generation": 8, "position": 13, "parents": [50, 18], "genome": "d(28) a(34,31) r(3,45) d(28) a(2,105) r(32,33) r(34,164)", "fitness": 0.0}
{"generation": 8, "position": 14, "parents": [50], "genome": "r(34,47) r(25,77) r(33,76) r(3,45) d(28) a(2,105) r(32,33) a(2,57)", "fitness": 0.0}
{"generation": 8, "position": 15, "parents": [18], "genome": "d(28) a(34,31) a(34,48)", "fitness": 0.0}
{"generation": 8, "position": 16, "parents": [50], "genome": "r(34,47) r(25,77) r(33,76) r(3,45) d(28) a(2,105) r(32,33) a(1,105)", "fitness": 0.0}
{"generation": 8, "position": 17, "parents": [69], "genome": "d(31) r(1,177) d(27) a(34,83) a(35,52) d(34) a(25,52)", "fitness": 0.0}
{"generation": 8, "position": 18, "parents": [21, 33], "genome": "a(34,78) d(31) a(35,176) r(33,108) r(28,78) r(25,176) d(32) r(2,27)", "fitness": 0.0}
{"generation": 8, "position": 19, "parents": [21, 33], "genome": "d(31) a(2,38) d(27) r(32,36) d(34) d(2) a(1,176) d(25)", "fitness": 0.0}
{"generation": 8, "position": 20, "parents": [21], "genome": "a(34,78) d(31) a(35,176) r(33,108) a(2,38) d(27) r(32,36) d(34) d(2) a(1,176) d(28)", "fitness": 0.0}
{"generation": 8, "position": 21, "parents": [33], "genome": "d(31) r(28,78) r(25,176) d(32) d(34)", "fitness": 0.0}
{"generation": 8, "position": 22, "parents": [59, 25], "genome": "r(34,47) a(1,49) r(32,130) a(27,130) d(31)", "fitness": 0.0}
{"generation": 8, "position": 23, "parents": [59, 25], "genome": "d(31) r(1,177) r(34,1) r(35,51) r(1,80) a(35,112) d(35) r(27,57) a(28,83)", "fitness": 0.0}
{"generation": 8, "position": 24, "parents": [59], "genome": "r(34,47) a(1,49) r(1,80) a(35,112) d(35) r(27,57) r(25,54)", "fitness": 0.0}
{"generation": 8, "position": 25, "parents": [25], "genome": "d(31) r(1,177) r(34,1) r(35,51) r(32,130) a(27,130) r(27,36)", "fitness": 0.0}
{"generation": 8, "position": 26, "parents": [61, 64], "genome": "d(31) d(35) r(3,94) a(1,65) a(34,170)", "fitness": 0.0}
{"generation": 8, "position": 27, "parents": [61, 64], "genome": "d(28) d(35) r(32,36) d(34) a(2,50) a(1,177) a(1,46) d(35) a(31,49) a(34,45) d(34) r(25,176)", "fitness": 0.0}
{"generation": 8, "position": 28, "parents": [61], "genome": "d(31) d(35) r(3,94) a(1,177) a(1,46) d(35) a(31,49) a(34,45) d(34) d(28)", "fitness": 0.0}
{"generation": 8, "position": 29, "parents": [64], "genome": "d(28) d(35) r(32,36) d(34) a(2,50) a(1,65) r(27,33)", "fitness": 0.0}
{"generation": 8, "position": 30, "parents": [59, 3], "genome": "r(34,47) d(35) r(28,78) r(25,176) a(33,97) d(3) d(2) r(33,97) a(1,70)", "fitness": 0.0}
{"generation": 8, "position": 31, "parents": [59, 3], "genome": "r(34,36) a(1,49) r(1,80) a(35,112) d(35) r(27,57) a(25,100)", "fitness": 0.0}
{"generation": 8, "position": 32, "parents": [59], "genome": "r(34,47) a(1,49) r(1,80) a(35,112) d(35) r(27,57) d(28)", "fitness": 0.0}
{"generation": 8, "position": 33, "parents": [3], "genome": "r(34,36) d(35) r(28,78) r(25,176) a(33,97) d(3) d(2) r(33,97) a(32,76)", "fitness": 0.0}
{"generation": 8, "position": 34, "parents": [17, 20], "genome": "d(28) d(35) r(34,1) d(33) a(34,108) d(34) d(1)", "fitness": 0.0}
{"generation": 8, "position": 35, "parents": [17, 20], "genome": "d(28) d(35) d(32) a(3,83) a(34,38)", "fitness": 0.0}
{"generation": 8, "position": 36, "parents": [17], "genome": "d(28) d(35) r(34,1) d(33) d(32) a(3,83) a(25,25)", "fitness": 0.0}
{"generation": 8, "position": 37, "parents": [20], "genome": "d(28) d(35) a(34,108) d(34) a(33,130)", "fitness": 0.0}
{"generation": 8, "position": 38, "parents": [31], "genome": "a(34,78) r(2,170) r(25,100) r(33,84) a(1,53) d(28)", "fitness": 0.0}
{"generation": 8, "position": 39, "parents": [66], "genome": "d(34) r(35,82) a(34,48) r(33,49) a(1,49) r(25,57) d(3) a(34,83) a(35,52) r(28,31) r(1,76)", "fitness": 0.0}
{"generation": 8, "position": 40, "parents": [4], "genome": "a(34,78) d(31) a(35,176) r(33,108) a(34,48) r(33,49) a(1,49) r(25,57) d(3) a(3,55) d(31) a(28,108) r(2,35)", "fitness": 0.0}
{"generation": 8, "position": 41, "parents": [67], "genome": "d(31) r(1,177) d(27) r(32,77) a(34,108) r(35,49)", "fitness": 0.0}
{"generation": 8, "position": 42, "parents": [62], "genome": "d(28) a(1,44) r(1,112) r(25,33) d(32) a(34,177) d(35)", "fitness": 0.0}
{"generation": 8, "position": 43, "parents": [29], "genome": "d(34) d(35) r(3,94) a(1,177) a(1,46) d(35) a(31,49) d(31) a(28,25) d(33)", "fitness": 0.0}
{"generation": 8, "position": 44, "parents": [58, 48], "genome": "r(34,36) d(35) r(28,78) r(33,49) a(1,49) d(2) a(1,170)", "fitness": 0.0}
{"generation": 8, "position": 45, "parents": [58, 48], "genome": "r(34,47) r(25,77) r(33,76) r(3,45) d(28) r(27,164) d(32) d(27) d(2)", "fitness": 0.0}
{"generation": 8, "position": 46, "parents": [58], "genome": "r(34,36) d(35) r(28,78) r(33,49) a(1,49) d(32) d(27) a(2,51)", "fitness": 0.0}
{"generation": 8, "position": 47, "parents": [48], "genome": "r(34,47) r(25,77) r(33,76) r(3,45) d(28) r(27,164) d(2) r(1,57)", "fitness": 0.0}
{"generation": 8, "position": 48, "parents": [39], "genome": "d(31) d(27) a(34,83) a(35,52) r(35,33) d(34)", "fitness": 0.0}
{"generation": 8, "position": 49, "parents": [45], "genome": "d(31) a(35,70) d(35) r(34,64) a(1,69)", "fitness": 0.0}
{"generation": 8, "position": 50, "parents": [24, 58], "genome": "r(28,44) a(33,78) d(34) r(3,45) r(35,54) d(1) d(33) d(32) d(27) a(25,35)", "fitness": 0.0}
{"generation": 8, "position": 51, "parents": [24, 58], "genome": "r(34,36) d(35) r(28,78) r(33,49) a(1,49) a(2,54)", "fitness": 0.0}
{"generation": 8, "position": 52, "parents": [24], "genome": "r(28,44) a(33,78) d(34) r(3,45) r(35,54) d(1) d(33) a(25,134)", "fitness": 12.0}
{"generation": 8, "position": 53, "parents": [58], "genome": "r(34,36) d(35) r(28,78) r(33,49) a(1,49) d(32) d(27) r(25,77)", "fitness": 0.0}
{"generation": 8, "position": 54, "parents": [30, 12], "genome": "r(28,44) a(33,78) d(34) a(35,53) r(25,51) a(33,97) a(3,83) r(32,60) d(2) a(33,28)", "fitness": 0.0}
{"generation": 8, "position": 55, "parents": [30, 12], "genome": "r(34,36) d(35) r(28,78) r(25,176) d(2) d(35) d(1) a(33,112)", "fitness": 0.0}
{"generation": 8, "position": 56, "parents": [30], "genome": "r(28,44) a(33,78) d(34) a(35,53) r(25,51) d(2) d(35) d(1) r(32,82)", "fitness": 0.0}
{"generation": 8, "position": 57, "parents": [12], "genome": "r(34,36) d(35) r(28,78) r(25,176) a(33,97) a(3,83) r(32,60) d(2) a(1,64)", "fitness": 0.0}
{"generation": 8, "position": 58, "parents": [45], "genome": "d(31) a(35,70) d(35) r(34,64) a(1,33)", "fitness": 0.0}
{"generation": 9, "position": 0, "parents": [39], "genome": "d(34) r(35,82) a(34,48) r(33,49) a(1,49) r(25,57) d(3) a(34,83) a(35,52) r(28,31) r(1,76) d(32)", "fitness": 0.0}
{"generation": 9, "position": 1, "parents": [46], "genome": "r(34,36) d(35) r(28,78) r(33,49) a(1,49) d(32) d(27) a(2,51) d(2)", "fitness": 0.0}
{"generation": 9, "position": 2, "parents": [11], "genome": "d(28) a(1,44) r(1,112) r(25,33) d(32) a(34,177) r(35,80) a(33,86)", "fitness": 0.0}
{"generation": 9, "position": 3, "parents": [49], "genome": "d(31) a(35,70) d(35) r(34,64) a(1,69) d(25)", "fitness": 0.0}
{"generation": 9, "position": 4, "parents": [37], "genome": "d(28) d(35) a(34,108) d(34) a(33,130) r(33,77)", "fitness": 0.0}
{"generation": 9, "position": 5, "parents": [50], "genome": "r(28,44) a(33,78) d(34) r(3,45) r(35,54) d(1) d(33) d(32) d(27) a(25,35) r(25,108)", "fitness": 0.0}
{"generation": 9, "position": 6, "parents": [7, 0], "genome": "d(34) a(33,50) d(31)", "fitness": 0.0}
{"generation": 9, "position": 7, "parents": [7, 0], "genome": "d(31) r(28,78) r(25,176) a(33,97) a(3,83) a(2,134) d(34) d(28) a(35,47) d(33) d(1)", "fitness": 0.0}
{"generation": 9, "position": 8, "parents": [7], "genome": "d(34) d(28) a(35,47) d(33) r(3,178)", "fitness": 12.0}
{"generation": 9, "position": 9, "parents": [0], "genome": "d(31) r(28,78) r(25,176) a(33,97) a(3,83) a(2,134) d(34) a(33,50) d(32)", "fitness": 0.0}
{"generation": 9, "position": 10, "parents": [9], "genome": "d(28) a(1,44) r(1,112) r(25,33) a(2,112) d(34) a(35,51)", "fitness": 0.0}
{"generation": 9, "position": 11, "parents": [57], "genome": "r(34,36) d(35) r(28,78) r(25,176) a(33,97) a(3,83) r(32,60) d(2) a(1,64) a(33,52)", "fitness": 0.0}
{"generation": 9, "position": 12, "parents": [35, 54], "genome": "d(28) d(35) d(32) r(25,51) a(33,97) a(3,83) r(32,60) d(2) a(33,28) a(34,34)", "fitness": 0.0}
{"generation": 9, "position": 13, "parents": [35, 54], "genome": "r(28,44) a(33,78) d(34) a(35,53) a(3,83) a(34,38) a(25,34)", "fitness": 0.0}
{"generation": 9, "position": 14, "parents": [35], "genome": "d(28) d(35) d(32) a(3,83) a(34,38) a(34,50)", "fitness": 0.0}
{"generation": 9, "position": 15, "parents": [54], "genome": "r(28,44) a(33,78) d(34) a(35,53) r(25,51) a(33,97) a(3,83) r(32,60) d(2) a(33,28) r(35,100)", "fitness": 0.0}
{"generation": 9, "position": 16, "parents": [56, 26], "genome": "r(28,44) a(33,78) d(34) a(35,53) r(25,51) d(2) a(34,170) r(35,134)", "fitness": 0.0}
{"generation": 9, "position": 17, "parents": [56, 26], "genome": "d(31) d(35) r(3,94) a(1,65) d(35) d(1) r(32,82) d(34)", "fitness": 0.0}
{"generation": 9, "position": 18, "parents": [56], "genome": "r(28,44) a(33,78) d(34) a(35,53) r(25,51) d(2) d(35) d(1) r(32,82) d(33)", "fitness": 0.0}
{"generation": 9, "position": 19, "parents": [26], "genome": "d(31) d(35) r(3,94) a(1,65) a(34,170) a(34,112)", "fitness": 0.0}
{"generation": 9, "position": 20, "parents": [43, 27], "genome": "d(34) d(35) r(3,94) a(1,177) a(1,46) d(35) a(31,49) d(31) d(35) a(31,49) a(34,45) d(34) r(25,176) a(28,87)", "fitness": 0.0}
{"generation": 9, "position": 21, "parents": [43, 27], "genome": "d(28) d(35) r(32,36) d(34) a(2,50) a(1,177) a(1,46) a(28,25) d(33) d(27)", "fitness": 0.0}
{"generation": 9, "position": 22, "parents": [43], "genome": "d(34) d(35) r(3,94) a(1,177) a(1,46) d(35) a(31,49) d(31) a(28,25) d(33) r(28,65)", "fitness": 0.0}
{"generation": 9, "position": 23, "parents": [27], "genome": "d(28) d(35) r(32,36) d(34) a(2,50) a(1,177) a(1,46) d(35) a(31,49) a(34,45) d(34) r(25,176) d(3)", "fitness": 0.0}
{"generation": 9, "position": 24, "parents": [50], "genome": "r(28,44) a(33,78) d(34) r(3,45) r(35,54) d(1) d(33) d(32) d(27) a(25,35) a(25,69)", "fitness": 0.0}
{"generation": 9, "position": 25, "parents": [57], "genome": "r(34,36) d(35) r(28,78) r(25,176) a(33,97) a(3,83) r(32,60) d(2) a(1,64) d(1)", "fitness": 0.0}
{"generation": 9, "position": 26, "parents": [13], "genome": "d(28) a(34,31) r(3,45) d(28) a(2,105) r(32,33) r(34,164) r(35,34)", "fitness": 0.0}
{"generation": 9, "position": 27, "parents": [3], "genome": "d(31) r(1,177) d(27) a(34,83) a(35,52) d(34) d(35) d(25)", "fitness": 0.0}
{"generation": 9, "position": 28, "parents": [38], "genome": "a(34,78) r(2,170) r(25,100) r(33,84) a(1,53) d(28) d(1)", "fitness": 0.0}
{"generation": 9, "position": 29, "parents": [56], "genome": "r(28,44) a(33,78) d(34) a(35,53) r(25,51) d(2) d(35) d(1) r(32,82) d(33)", "fitness": 0.0}
{"generation": 9, "position": 30, "parents": [24], "genome": "r(34,47) a(1,49) r(1,80) a(35,112) d(35) r(27,57) r(25,54) a(33,33)", "fitness": 0.0}
{"generation": 9, "position": 31, "parents": [24], "genome": "r(34,47) a(1,49) r(1,80) a(35,112) d(35) r(27,57) r(25,54) a(31,28)", "fitness": 0.0}
{"generation": 9, "position": 32, "parents": [50, 10], "genome": "r(28,44) a(33,78) d(34) r(3,45) d(32) r(33,70) d(32) a(2,112) d(2) r(1,99)", "fitness": 0.0}
{"generation": 9, "position": 33, "parents": [50, 10], "genome": "d(28) d(35) r(34,1) d(33) r(35,54) d(1) d(33) d(32) d(27) a(25,35) r(25,78)", "fitness": 0.0}
{"generation": 9, "position": 34, "parents": [50], "genome": "r(28,44) a(33,78) d(34) r(3,45) r(35,54) d(1) d(33) d(32) d(27) a(25,35) a(25,38)", "fitness": 0.0}
{"generation": 9, "position": 35, "parents": [10], "genome": "d(28) d(35) r(34,1) d(33) d(32) r(33,70) d(32) a(2,112) d(2) r(27,35)", "fitness": 0.0}
{"generation": 9, "position": 36, "parents": [18, 11], "genome": "a(34,78) d(31) a(35,176) r(33,108) r(28,78) d(32) a(34,177) r(35,80) r(1,76)", "fitness": 0.0}
{"generation": 9, "position": 37, "parents": [18, 11], "genome": "d(28) a(1,44) r(1,112) r(25,33) r(25,176) d(32) r(2,27) r(34,37)", "fitness": 0.0}
{"generation": 9, "position": 38, "parents": [18], "genome": "a(34,78) d(31) a(35,176) r(33,108) r(28,78) r(25,176) d(32) r(2,27) r(1,60)", "fitness": 0.0}
{"generation": 9, "position": 39, "parents": [11], "genome": "d(28) a(1,44) r(1,112) r(25,33) d(32) a(34,177) r(35,80) a(34,94)", "fitness": 0.0}
{"generation": 9, "position": 40, "parents": [37, 49], "genome": "d(28) r(34,64) a(1,69) d(32)", "fitness": 0.0}
{"generation": 9, "position": 41, "parents": [37, 49], "genome": "d(31) a(35,70) d(35) d(35) a(34,108) d(34) a(33,130) a(28,27)", "fitness": 0.0}
{"generation": 9, "position": 42, "parents": [37], "genome": "d(28) d(35) a(34,108) d(34) a(33,130) a(2,33)", "fitness": 0.0}
{"generation": 9, "position": 43, "parents": [49], "genome": "d(31) a(35,70) d(35) r(34,64) a(1,69) r(33,69)", "fitness": 0.0}
{"generation": 9, "position": 44, "parents": [33], "genome": "r(34,36) d(35) r(28,78) r(25,176) a(33,97) d(3) d(2) r(33,97) a(32,76) a(1,36)", "fitness": 0.0}
{"generation": 9, "position": 45, "parents": [22], "genome": "r(34,47) a(1,49) r(32,130) a(27,130) d(31) d(35)", "fitness": 0.0}
{"generation": 9, "position": 46, "parents": [32], "genome": "r(34,47) a(1,49) r(1,80) a(35,112) d(35) r(27,57) d(28) r(25,52)", "fitness": 0.0}
{"generation": 9, "position": 47, "parents": [14], "genome": "r(34,47) r(25,77) r(33,76) r(3,45) d(28) a(2,105) r(32,33) a(2,57) a(1,54)", "fitness": 0.0}
{"generation": 9, "position": 48, "parents": [45], "genome": "r(34,47) r(25,77) r(33,76) r(3,45) d(28) r(27,164) d(32) d(27) d(2) a(1,1)", "fitness": 0.0}
{"generation": 9, "position": 49, "parents": [28], "genome": "d(31) d(35) r(3,94) a(1,177) a(1,46) d(35) a(31,49) a(34,45) d(34) d(28) r(2,97)", "fitness": 0.0}
{"generation": 9, "position": 50, "parents": [49], "genome": "d(31) a(35,70) d(35) r(34,64) a(1,69) r(33,100)", "fitness": 0.0}
{"generation": 9, "position": 51, "parents": [17], "genome": "d(31) r(1,177) d(27) a(34,83) a(35,52) d(34) a(25,52) r(35,38)", "fitness": 0.0}
{"generation": 9, "position": 52, "parents": [39], "genome": "d(34) r(35,82) a(34,48) r(33,49) a(1,49) r(25,57) d(3) a(34,83) a(35,52) r(28,31) r(1,76) d(32)", "fitness": 0.0}
{"generation": 10, "position": 0, "parents": [9], "genome": "d(31) r(28,78) r(25,176) a(33,97) a(3,83) a(2,134) d(34) a(33,50) d(32) d(35)", "fitness": 0.0}
{"generation": 10, "position": 1, "parents": [6], "genome": "d(34) a(33,50) d(31) a(35,97)", "fitness": 0.0}
{"generation": 10, "position": 2, "parents": [0, 16], "genome": "d(34) r(35,82) a(34,48) r(33,49) a(1,49) r(25,57) d(3) a(33,78) d(34) a(35,53) r(25,51) d(2) a(34,170) r(35,134) r(28,158)", "fitness": 0.0}
{"generation": 10, "position": 3, "parents": [0, 16], "genome": "r(28,44) a(34,83) a(35,52) r(28,31) r(1,76) d(32) d(27)", "fitness": 0.0}
{"generation": 10, "position": 4, "parents": [0], "genome": "d(34) r(35,82) a(34,48) r(33,49) a(1,49) r(25,57) d(3) a(34,83) a(35,52) r(28,31) r(1,76) d(32)", "fitness": 0.0}
{"generation": 10, "position": 5, "parents": [16], "genome": "r(28,44) a(33,78) d(34) a(35,53) r(25,51) d(2) a(34,170) r(35,134) a(1,65)", "fitness": 0.0}
{"generation": 10, "position": 6, "parents": [41], "genome": "d(31) a(35,70) d(35) d(35) a(34,108) d(34) a(33,130) a(28,27) r(27,76)", "fitness": 0.0}
{"generation": 10, "position": 7, "parents": [21], "genome": "d(28) d(35) r(32,36) d(34) a(2,50) a(1,177) a(1,46) a(28,25) d(33) d(27) d(25)", "fitness": 0.0}
{"generation": 10, "position": 8, "parents": [37, 22], "genome": "d(28) a(1,44) r(1,112) r(25,33) r(25,176) d(32) r(2,27) r(34,37) d(33) r(28,65)", "fitness": 0.0}
{"generation": 10, "position": 9, "parents": [37, 22], "genome": "d(34) d(35) r(3,94) a(1,177) a(1,46) d(35) a(31,49) d(31) a(28,25) d(2)", "fitness": 0.0}
{"generation": 10, "position": 10, "parents": [37], "genome": "d(28) a(1,44) r(1,112) r(25,33) r(25,176) d(32) r(2,27) r(34,37) r(35,28)", "fitness": 0.0}
{"generation": 10, "position": 11, "parents": [22], "genome": "d(34) d(35) r(3,94) a(1,177) a(1,46) d(35) a(31,49) d(31) a(28,25) d(33) r(28,65) a(1,70)", "fitness": 0.0}
{"generation": 10, "position": 12, "parents": [26, 34], "genome": "d(28) a(34,31) r(3,45) d(28) d(27) a(25,35) a(25,38) d(1)", "fitness": 0.0}
{"generation": 10, "position": 13, "parents": [26, 34], "genome": "r(28,44) a(33,78) d(34) r(3,45) r(35,54) d(1) d(33) d(32) a(2,105) r(32,33) r(34,164) r(35,34) r(27,62)", "fitness": 0.0}
{"generation": 10, "position": 14, "parents": [26], "genome": "d(28) a(34,31) r(3,45) d(28) a(2,105) r(32,33) r(34,164) r(35,34) d(27)", "fitness": 0.0}
{"generation": 10, "position": 15, "parents": [34], "genome": "r(28,44) a(33,78) d(34) r(3,45) r(35,54) d(1) d(33) d(32) d(27) a(25,35) a(25,38) a(25,130)", "fitness": 0.0}
{"generation": 10, "position": 16, "parents": [31, 11], "genome": "r(34,47) a(1,49) r(1,80) a(35,112) r(28,78) r(25,176) a(33,97) a(3,83) r(32,60) d(2) a(1,64) a(33,52) a(35,57)", "fitness": 0.0}
{"generation": 10, "position": 17, "parents": [31, 11], "genome": "r(34,36) d(35) d(35) r(27,57) r(25,54) a(31,28) r(33,54)", "fitness": 4.0}
{"generation": 10, "position": 18, "parents": [31], "genome": "r(34,47) a(1,49) r(1,80) a(35,112) d(35) r(27,57) r(25,54) a(31,28) a(33,108)", "fitness": 0.0}
{"generation": 10, "position": 19, "parents": [11], "genome": "r(34,36) d(35) r(28,78) r(25,176) a(33,97) a(3,83) r(32,60) d(2) a(1,64) a(33,52) r(1,86)", "fitness": 0.0}
{"generation": 10, "position": 20, "parents": [3], "genome": "d(31) a(35,70) d(35) r(34,64) a(1,69) d(25) r(2,60)", "fitness": 0.0}
{"generation": 10, "position": 21, "parents": [33], "genome": "d(28) d(35) r(34,1) d(33) r(35,54) d(1) d(33) d(32) d(27) a(25,35) r(25,78)", "fitness": 0.0}
{"generation": 10, "position": 22, "parents": [24, 35], "genome": "r(28,44) a(33,78) d(34) r(3,45) d(33) d(32) r(33,70) d(32) a(2,112) d(2) r(27,35) r(1,87)", "fitness": 0.0}
{"generation": 10, "position": 23, "parents": [24, 35], "genome": "d(28) d(35) r(34,1) r(35,54) d(1) d(33) d(32) d(27) a(25,35) a(25,69) r(25,164)", "fitness": 0.0}
{"generation": 10, "position": 24, "parents": [24], "genome": "r(28,44) a(33,78) d(34) r(3,45) r(35,54) d(1) d(33) d(32) d(27) a(25,35) a(25,69) d(25)", "fitness": 0.0}
{"generation": 10, "position": 25, "parents": [35], "genome": "d(28) d(35) r(34,1) d(33) d(32) r(33,70) d(32) a(2,112) d(2) r(27,35) a(1,148)", "fitness": 0.0}
{"generation": 10, "position": 26, "parents": [12], "genome": "d(28) d(35) d(32) r(25,51) a(33,97) a(3,83) r(32,60) d(2) a(33,28) a(34,34) r(33,94)", "fitness": 0.0}
{"generation": 10, "position": 27, "parents": [19], "genome": "d(31) d(35) r(3,94) a(1,65) a(34,170) a(34,112) d(32)", "fitness": 0.0}
{"generation": 10, "position": 28, "parents": [4, 0], "genome": "d(28) d(35) a(34,108) d(34) a(33,130) a(32,76)", "fitness": 0.0}
{"generation": 10, "position": 29, "parents": [4, 0], "genome": "d(34) r(35,82) a(34,48) r(33,49) a(1,49) r(25,57) d(3) a(34,83) a(35,52) r(28,31) r(1,76) d(32) r(33,77)", "fitness": 0.0}
{"generation": 10, "position": 30, "parents": [4], "genome": "d(28) d(35) a(34,108) d(34) a(33,130) r(33,77) d(27)", "fitness": 0.0}
{"generation": 10, "position": 31, "parents": [0], "genome": "d(34) r(35,82) a(34,48) r(33,49) a(1,49) r(25,57) d(3) a(34,83) a(35,52) r(28,31) r(1,76) d(32)", "fitness": 0.0}
{"generation": 10, "position": 32, "parents": [16, 53], "genome": "r(28,44) r(34,1) d(33) d(32) r(33,70) d(32) d(32) a(34,177) r(2,87) d(27) r(25,83)", "fitness": 0.0}
{"generation": 10, "position": 33, "parents": [16, 53], "genome": "d(28) d(35) a(33,78) d(34) a(35,53) r(25,51) d(2) a(34,170) r(35,134) d(32)", "fitness": 0.0}
{"generation": 10, "position": 34, "parents": [16], "genome": "r(28,44) a(33,78) d(34) a(35,53) r(25,51) d(2) a(34,170) r(35,134) d(33)", "fitness": 0.0}
{"generation": 10, "position": 35, "parents": [53], "genome": "d(28) d(35) r(34,1) d(33) d(32) r(33,70) d(32) d(32) a(34,177) r(2,87) d(27) r(25,97)", "fitness": 0.0}
{"generation": 10, "position": 36, "parents": [31, 30], "genome": "r(34,47) a(1,49) r(1,80) a(35,112) d(35) r(27,57) r(25,54) a(35,112) d(35) r(27,57) r(25,54) a(33,33) d(32)", "fitness": 0.0}
{"generation": 10, "position": 37, "parents": [31, 30], "genome": "r(34,47) a(1,49) r(1,80) a(31,28) a(31,76)", "fitness": 0.0}
{"generation": 10, "position": 38, "parents": [31], "genome": "r(34,47) a(1,49) r(1,80) a(35,112) d(35) r(27,57) r(25,54) a(31,28) d(33)", "fitness": 0.0}
{"generation": 10, "position": 39, "parents": [30], "genome": "r(34,47) a(1,49) r(1,80) a(35,112) d(35) r(27,57) r(25,54) a(33,33) r(32,148)", "fitness": 0.0}
{"generation": 10, "position": 40, "parents": [19, 4], "genome": "d(31) d(34) a(33,130) r(33,77) r(2,37)", "fitness": 0.0}
{"generation": 10, "position": 41, "parents": [19, 4], "genome": "d(28) d(35) a(34,108) d(35) r(3,94) a(1,65) a(34,170) a(34,112) a(34,34)", "fitness": 0.0}
{"generation": 10, "position": 42, "parents": [19], "genome": "d(31) d(35) r(3,94) a(1,65) a(34,170) a(34,112) r(33,94)", "fitness": 0.0}
{"generation": 10, "position": 43, "parents": [4], "genome": "d(28) d(35) a(34,108) d(34) a(33,130) r(33,77) a(2,108)", "fitness": 0.0}
{"generation": 10, "position": 44, "parents": [31, 37], "genome": "r(34,47) a(1,49) r(1,80) r(1,112) r(25,33) r(25,176) d(32) r(2,27) r(34,37) r(35,1)", "fitness": 0.0}
{"generation": 10, "position": 45, "parents": [31, 37], "genome": "d(28) a(1,44) a(35,112) d(35) r(27,57) r(25,54) a(31,28) a(34,158)", "fitness": 0.0}
{"generation": 10, "position": 46, "parents": [31], "genome": "r(34,47) a(1,49) r(1,80) a(35,112) d(35) r(27,57) r(25,54) a(31,28) r(32,108)", "fitness": 0.0}
{"generation": 10, "position": 47, "parents": [37], "genome": "d(28) a(1,44) r(1,112) r(25,33) r(25,176) d(32) r(2,27) r(34,37) d(35)", "fitness": 0.0}
{"generation": 10, "position": 48, "parents": [26], "genome": "d(28) a(34,31) r(3,45) d(28) a(2,105) r(32,33) r(34,164) r(35,34) d(33)", "fitness": 0.0}
{"generation": 10, "position": 49, "parents": [33], "genome": "d(28) d(35) r(34,1) d(33) r(35,54) d(1) d(33) d(32) d(27) a(25,35) r(25,78)", "fitness": 0.0}
{"generation": 10, "position": 50, "parents": [41], "genome": "d(31) a(35,70) d(35) d(35) a(34,108) d(34) a(33,130) a(28,27) d(32)", "fitness": 0.0}
{"generation": 10, "position": 51, "parents": [25], "genome": "r(34,36) d(35) r(28,78) r(25,176) a(33,97) a(3,83) r(32,60) d(2) a(1,64) d(1) d(33)", "fitness": 0.0}
{"generation": 10, "position": 52, "parents": [16, 49], "genome": "r(28,44) a(33,78) d(34) a(35,53) r(25,51) a(35,82)", "fitness": 0.0}
{"generation": 10, "position": 53, "parents": [16, 49], "genome": "d(31) d(35) r(3,94) a(1,177) a(1,46) d(35) a(31,49) a(34,45) d(34) d(28) r(2,97) d(2) a(34,170) r(35,134) a(32,108)", "fitness": 0.0}
{"generation": 10, "position": 54, "parents": [16], "genome": "r(28,44) a(33,78) d(34) a(35,53) r(25,51) d(2) a(34,170) r(35,134) r(33,95)", "fitness": 0.0}
{"generation": 10, "position": 55, "parents": [49], "genome": "d(31) d(35) r(3,94) a(1,177) a(1,46) d(35) a(31,49) a(34,45) d(34) d(28) r(2,97) a(27,44)", "fitness": 0.0}
{"generation": 10, "position": 56, "parents": [49], "genome": "d(31) d(35) r(3,94) a(1,177) a(1,46) d(35) a(31,49) a(34,45) d(34) d(28) r(2,97) r(33,70)", "fitness": 0.0}
{"generation": 10, "position": 57, "parents": [39], "genome": "d(28) a(1,44) r(1,112) r(25,33) d(32) a(34,177) r(35,80) a(34,94) r(34,50)", "fitness": 0.0}
{"generation": 10, "position": 58, "parents": [29], "genome": "r(28,44) a(33,78) d(34) a(35,53) r(25,51) d(2) d(35) d(1) r(32,82) d(33)", "fitness": 0.0}
{"generation": 10, "position": 59, "parents": [32], "genome": "r(28,44) a(33,78) d(34) r(3,45) d(32) r(33,70) d(32) a(2,112) d(2) r(1,99) d(25)", "fitness": 0.0}
{"generation": 10, "position": 60, "parents": [48, 45], "genome": "r(34,47) r(32,130) a(27,130) d(31) d(35) r(3,52)", "fitness": 0.0}
{"generation": 10, "position": 61, "parents": [48, 45], "genome": "r(34,47) a(1,49) r(25,77) r(33,76) r(3,45) d(28) r(27,164) d(32) d(27) d(2) a(1,1) a(1,83)", "fitness": 0.0}
{"generation": 10, "position": 62, "parents": [48], "genome": "r(34,47) r(25,77) r(33,76) r(3,45) d(28) r(27,164) d(32) d(27) d(2) a(1,1) r(1,112)", "fitness": 0.0}