[meta]
{"program": "genprog-3.0", "problem": {"ideal_fitness": "12", "type": "repair", "name": "svr-look", "enclosure": {"1": 0, "2": 1, "3": 2, "4": 3, "7": 1, "8": 7, "10": 0, "12": 0, "14": 0, "15": 0, "16": 15, "17": 15, "22": 7, "23": 1, "24": 1, "25": 0, "26": 25, "27": 25, "28": 0, "29": 28, "30": 28, "31": 28, "32": 0, "33": 0, "34": 33, "35": 33, "36": 33, "37": 0, "38": 0, "39": 38, "40": 38, "41": 40, "42": 40, "43": 40, "44": 38, "45": 0, "46": 0, "47": 0, "48": 0, "49": 0, "50": 49, "51": 49, "52": 49, "53": 52, "54": 52, "55": 52, "56": 55, "57": 56, "60": 49, "61": 49, "62": 61, "64": 49, "65": 49, "67": 0, "69": 67, "70": 0, "72": 0, "75": 49, "76": 0, "77": 0, "78": 77, "79": 77, "80": 79, "82": 77, "83": 77, "84": 83, "85": 83, "86": 77, "87": 77, "89": 0, "90": 0, "94": 0, "95": 94, "96": 94, "97": 96, "99": 94, "100": 94, "102": 0, "105": 0, "106": 0, "107": 106, "108": 107, "110": 106, "111": 110, "112": 110, "113": 106, "114": 106, "115": 0, "116": 115, "117": 115, "118": 117, "119": 117, "120": 119, "121": 119, "122": 117, "123": 115, "124": 0, "125": 0, "126": 0, "127": 126, "128": 126, "129": 126, "130": 129, "132": 126, "133": 126, "134": 133, "135": 133, "136": 126, "138": 136, "139": 126, "140": 126, "141": 126, "142": 0, "143": 142, "144": 143, "146": 142, "147": 0, "148": 0, "149": 0, "150": 0, "151": 150, "152": 150, "153": 150, "154": 150, "155": 150, "156": 155, "158": 155, "159": 150, "160": 159, "161": 159, "162": 161, "164": 159, "165": 150, "166": 165, "167": 165, "168": 167, "169": 167, "170": 165, "171": 150, "172": 150, "173": 150, "174": 173, "176": 173, "177": 150, "178": 0}}, "version": "0.0.2", "seed": 1, "algorithm": {"representation": "patch", "type": "genetic", "name": "ALGORITHM-NAME"}}

[data]
{"generation": 0, "position": 0, "parents": [], "genome": "d(2)", "fitness": 0.0}
{"generation": 0, "position": 1, "parents": [], "genome": "d(1)", "fitness": 4.0}
{"generation": 0, "position": 2, "parents": [], "genome": "r(35,38)", "fitness": 4.0}
{"generation": 0, "position": 3, "parents": [], "genome": "r(34,31)", "fitness": 4.0}
{"generation": 0, "position": 4, "parents": [], "genome": "d(31)", "fitness": 0.0}
{"generation": 0, "position": 5, "parents": [], "genome": "d(32)", "fitness": 0.0}
{"generation": 0, "position": 6, "parents": [], "genome": "a(34,46)", "fitness": 4.0}
{"generation": 0, "position": 7, "parents": [], "genome": "a(35,69)", "fitness": 4.0}
{"generation": 0, "position": 8, "parents": [], "genome": "a(34,27)", "fitness": 4.0}
{"generation": 0, "position": 9, "parents": [], "genome": "a(3,44)", "fitness": 4.0}
{"generation": 0, "position": 10, "parents": [], "genome": "a(34,34)", "fitness": 4.0}
{"generation": 0, "position": 11, "parents": [], "genome": "a(27,45)", "fitness": 0.0}
{"generation": 0, "position": 12, "parents": [], "genome": "d(35)", "fitness": 4.0}
{"generation": 0, "position": 13, "parents": [], "genome": "r(35,34)", "fitness": 4.0}
{"generation": 0, "position": 14, "parents": [], "genome": "d(35)", "fitness": 4.0}
{"generation": 0, "position": 15, "parents": [], "genome": "r(35,60)", "fitness": 4.0}
{"generation": 0, "position": 16, "parents": [], "genome": "a(34,44)", "fitness": 4.0}
{"generation": 0, "position": 17, "parents": [], "genome": "d(35)", "fitness": 4.0}
{"generation": 0, "position": 18, "parents": [], "genome": "r(2,69)", "fitness": 0.0}
{"generation": 0, "position": 19, "parents": [], "genome": "r(34,28)", "fitness": 4.0}
{"generation": 0, "position": 20, "parents": [], "genome": "r(27,99)", "fitness": 4.0}
{"generation": 0, "position": 21, "parents": [], "genome": "d(1)", "fitness": 4.0}
{"generation": 0, "position": 22, "parents": [], "genome": "d(33)", "fitness": 4.0}
{"generation": 0, "position": 23, "parents": [], "genome": "d(28)", "fitness": 0.0}
{"generation": 0, "position": 24, "parents": [], "genome": "r(35,178)", "fitness": 4.0}
{"generation": 0, "position": 25, "parents": [], "genome": "a(35,105)", "fitness": 4.0}
{"generation": 0, "position": 26, "parents": [], "genome": "a(27,70)", "fitness": 4.0}
{"generation": 0, "position": 27, "parents": [], "genome": "r(34,51)", "fitness": 4.0}
{"generation": 0, "position": 28, "parents": [], "genome": "d(34)", "fitness": 4.0}
{"generation": 0, "position": 29, "parents": [], "genome": "a(34,65)", "fitness": 4.0}
{"generation": 0, "position": 30, "parents": [], "genome": "a(35,60)", "fitness": 4.0}
{"generation": 0, "position": 31, "parents": [], "genome": "r(3,55)", "fitness": 12.0}
{"generation": 0, "position": 32, "parents": [], "genome": "d(35)", "fitness": 4.0}
{"generation": 0, "position": 33, "parents": [], "genome": "r(1,108)", "fitness": 4.0}
{"generation": 0, "position": 34, "parents": [], "genome": "d(35)", "fitness": 4.0}
{"generation": 0, "position": 35, "parents": [], "genome": "d(32)", "fitness": 0.0}
{"generation": 0, "position": 36, "parents": [], "genome": "r(34,70)", "fitness": 4.0}
{"generation": 0, "position": 37, "parents": [], "genome": "r(35,33)", "fitness": 4.0}
{"generation": 0, "position": 38, "parents": [], "genome": "r(34,148)", "fitness": 4.0}
{"generation": 0, "position": 39, "parents": [], "genome": "original", "fitness": 4.0}
{"generation": 1, "position": 0, "parents": [39], "genome": "r(34,134)", "fitness": 4.0}
{"generation": 1, "position": 1, "parents": [21], "genome": "d(1) r(35,99)", "fitness": 4.0}
{"generation": 1, "position": 2, "parents": [16, 6], "genome": "a(34,44) r(1,86)", "fitness": 4.0}
{"generation": 1, "position": 3, "parents": [16, 6], "genome": "a(34,46) a(35,176)", "fitness": 4.0}
{"generation": 1, "position": 4, "parents": [16], "genome": "a(34,44) r(35,51)", "fitness": 4.0}
{"generation": 1, "position": 5, "parents": [6], "genome": "a(34,46) a(2,60)", "fitness": 4.0}
{"generation": 1, "position": 6, "parents": [5], "genome": "d(32) r(28,27)", "fitness": 0.0}
{"generation": 1, "position": 7, "parents": [9], "genome": "a(3,44) a(32,112)", "fitness": 4.0}
{"generation": 1, "position": 8, "parents": [35, 18], "genome": "d(32) d(1)", "fitness": 0.0}
{"generation": 1, "position": 9, "parents": [35, 18], "genome": "r(2,69) r(34,135)", "fitness": 0.0}
{"generation": 1, "position": 10, "parents": [35], "genome": "d(32) a(35,164)", "fitness": 0.0}
{"generation": 1, "position": 11, "parents": [18], "genome": "r(2,69) a(34,78)", "fitness": 0.0}
{"generation": 1, "position": 12, "parents": [34], "genome": "d(35) r(32,158)", "fitness": 0.0}
{"generation": 1, "position": 13, "parents": [9], "genome": "a(3,44) r(34,1)", "fitness": 4.0}
{"generation": 1, "position": 14, "parents": [13], "genome": "r(35,34) r(28,47)", "fitness": 0.0}
{"generation": 1, "position": 15, "parents": [15], "genome": "r(35,60) d(34)", "fitness": 4.0}
{"generation": 1, "position": 16, "parents": [8, 29], "genome": "a(34,27) a(35,178)", "fitness": 4.0}
{"generation": 1, "position": 17, "parents": [8, 29], "genome": "a(34,65) a(3,82)", "fitness": 4.0}
{"generation": 1, "position": 18, "parents": [8], "genome": "a(34,27) r(25,31)", "fitness": 4.0}
{"generation": 1, "position": 19, "parents": [29], "genome": "a(34,65) r(35,130)", "fitness": 4.0}
{"generation": 1, "position": 20, "parents": [10, 12], "genome": "a(34,34) d(35)", "fitness": 4.0}
{"generation": 1, "position": 21, "parents": [10, 12], "genome": "d(35) d(3)", "fitness": 12.0}
{"generation": 1, "position": 22, "parents": [10], "genome": "a(34,34) d(27)", "fitness": 4.0}
{"generation": 1, "position": 23, "parents": [12], "genome": "d(35) d(3)", "fitness": 12.0}
{"generation": 1, "position": 24, "parents": [36], "genome": "r(34,70) d(35)", "fitness": 4.0}
{"generation": 1, "position": 25, "parents": [13], "genome": "r(35,34) d(34)", "fitness": 4.0}
{"generation": 1, "position": 26, "parents": [20, 13], "genome": "r(27,99) d(35)", "fitness": 4.0}
{"generation": 1, "position": 27, "parents": [20, 13], "genome": "r(35,34) a(34,83)", "fitness": 4.0}
{"generation": 1, "position": 28, "parents": [20], "genome": "r(27,99) a(35,64)", "fitness": 4.0}
{"generation": 1, "position": 29, "parents": [13], "genome": "r(35,34) a(3,60)", "fitness": 4.0}
{"generation": 1, "position": 30, "parents": [39, 36], "genome": "d(35)", "fitness": 4.0}
{"generation": 1, "position": 31, "parents": [39, 36], "genome": "r(34,70) d(35)", "fitness": 4.0}
{"generation": 1, "position": 32, "parents": [39], "genome": "a(3,65)", "fitness": 4.0}
{"generation": 1, "position": 33, "parents": [36], "genome": "r(34,70) d(3)", "fitness": 12.0}
{"generation": 1, "position": 34, "parents": [23], "genome": "d(28) a(35,65)", "fitness": 0.0}
{"generation": 1, "position": 35, "parents": [5], "genome": "d(32) r(34,32)", "fitness": 0.0}
{"generation": 1, "position": 36, "parents": [9, 26], "genome": "a(3,44) d(34)", "fitness": 4.0}
{"generation": 1, "position": 37, "parents": [9, 26], "genome": "a(27,70) a(25,158)", "fitness": 4.0}
{"generation": 1, "position": 38, "parents": [9], "genome": "a(3,44) a(32,135)", "fitness": 4.0}
{"generation": 1, "position": 39, "parents": [26], "genome": "a(27,70) a(34,47)", "fitness": 4.0}
{"generation": 1, "position": 40, "parents": [26, 32], "genome": "a(27,70) r(35,44)", "fitness": 4.0}
{"generation": 1, "position": 41, "parents": [26, 32], "genome": "d(35) r(25,97)", "fitness": 4.0}
{"generation": 1, "position": 42, "parents": [26], "genome": "a(27,70) r(34,83)", "fitness": 4.0}
{"generation": 1, "position": 43, "parents": [32], "genome": "d(35) a(34,70)", "fitness": 4.0}
{"generation": 1, "position": 44, "parents": [18, 5], "genome": "r(2,69) d(35)", "fitness": 0.0}
{"generation": 1, "position": 45, "parents": [18, 5], "genome": "d(32) r(34,52)", "fitness": 0.0}
{"generation": 1, "position": 46, "parents": [18], "genome": "r(2,69) a(32,70)", "fitness": 0.0}
{"generation": 1, "position": 47, "parents": [5], "genome": "d(32) r(35,69)", "fitness": 0.0}
{"generation": 1, "position": 48, "parents": [24], "genome": "r(35,178) d(34)", "fitness": 4.0}
{"generation": 1, "position": 49, "parents": [23], "genome": "d(28) a(3,62)", "fitness": 0.0}
{"generation": 1, "position": 50, "parents": [8, 4], "genome": "a(34,27) a(35,60)", "fitness": 4.0}
{"generation": 1, "position": 51, "parents": [8, 4], "genome": "d(31) d(35)", "fitness": 0.0}
{"generation": 1, "position": 52, "parents": [8], "genome": "a(34,27) a(35,44)", "fitness": 4.0}
{"generation": 1, "position": 53, "parents": [4], "genome": "d(31) a(35,48)", "fitness": 0.0}
{"generation": 1, "position": 54, "parents": [4], "genome": "d(31) r(32,95)", "fitness": 0.0}
{"generation": 1, "position": 55, "parents": [39], "genome": "r(34,83)", "fitness": 4.0}
{"generation": 1, "position": 56, "parents": [37], "genome": "r(35,33) d(33)", "fitness": 4.0}
{"generation": 1, "position": 57, "parents": [36], "genome": "r(34,70) r(2,84)", "fitness": 0.0}
{"generation": 1, "position": 58, "parents": [5, 9], "genome": "d(32) r(3,170)", "fitness": 12.0}
{"generation": 1, "position": 59, "parents": [5, 9], "genome": "a(3,44) d(35)", "fitness": 4.0}
{"generation": 1, "position": 60, "parents": [5], "genome": "d(32) d(35)", "fitness": 0.0}
{"generation": 2, "position": 0, "parents": [15], "genome": "r(35,60) d(34) r(25,54)", "fitness": 4.0}
{"generation": 2, "position": 1, "parents": [51], "genome": "d(31) d(35) r(27,170)", "fitness": 0.0}
{"generation": 2, "position": 2, "parents": [4, 49], "genome": "a(34,44) a(34,36)", "fitness": 4.0}
{"generation": 2, "position": 3, "parents": [4, 49], "genome": "d(28) a(3,62) r(35,51) d(34)", "fitness": 0.0}
{"generation": 2, "position": 4, "parents": [4], "genome": "a(34,44) r(35,51) a(32,36)", "fitness": 4.0}
{"generation": 2, "position": 5, "parents": [49], "genome": "d(28) a(3,62) r(34,135)", "fitness": 0.0}
{"generation": 2, "position": 6, "parents": [55, 57], "genome": "r(34,83) a(35,53)", "fitness": 4.0}
{"generation": 2, "position": 7, "parents": [55, 57], "genome": "r(34,70) r(2,84) a(35,50)", "fitness": 0.0}
{"generation": 2, "position": 8, "parents": [55], "genome": "r(34,83) d(35)", "fitness": 4.0}
{"generation": 2, "position": 9, "parents": [57], "genome": "r(34,70) r(2,84) d(32)", "fitness": 0.0}
{"generation": 2, "position": 10, "parents": [11], "genome": "r(2,69) a(34,78) a(35,94)", "fitness": 0.0}
{"generation": 2, "position": 11, "parents": [61], "genome": "a(3,44) a(34,27) r(34,76)", "fitness": 4.0}
{"generation": 2, "position": 12, "parents": [13], "genome": "a(3,44) r(34,1) d(1)", "fitness": 4.0}
{"generation": 2, "position": 13, "parents": [47], "genome": "d(32) r(35,69) a(28,57)", "fitness": 0.0}
{"generation": 2, "position": 14, "parents": [57, 20], "genome": "r(34,70) r(2,84) d(35)", "fitness": 0.0}
{"generation": 2, "position": 15, "parents": [57, 20], "genome": "a(34,34) d(35) a(25,51)", "fitness": 0.0}
{"generation": 2, "position": 16, "parents": [57], "genome": "r(34,70) r(2,84) d(28)", "fitness": 0.0}
{"generation": 2, "position": 17, "parents": [20], "genome": "a(34,34) d(35) d(28)", "fitness": 0.0}
{"generation": 2, "position": 18, "parents": [4, 29], "genome": "a(34,44) a(3,60) d(32)", "fitness": 0.0}
{"generation": 2, "position": 19, "parents": [4, 29], "genome": "r(35,34) r(35,51) a(3,32)", "fitness": 4.0}
{"generation": 2, "position": 20, "parents": [4], "genome": "a(34,44) r(35,51) d(27)", "fitness": 4.0}
{"generation": 2, "position": 21, "parents": [29], "genome": "r(35,34) a(3,60) a(34,50)", "fitness": 4.0}
{"generation": 2, "position": 22, "parents": [6, 49], "genome": "d(32) r(28,27) r(34,176)", "fitness": 0.0}
{"generation": 2, "position": 23, "parents": [6, 49], "genome": "d(28) a(3,62) d(34)", "fitness": 0.0}
{"generation": 2, "position": 24, "parents": [6], "genome": "d(32) r(28,27) d(35)", "fitness": 0.0}
{"generation": 2, "position": 25, "parents": [49], "genome": "d(28) a(3,62) a(34,94)", "fitness": 0.0}
{"generation": 2, "position": 26, "parents": [14], "genome": "r(35,34) r(28,47) d(34)", "fitness": 0.0}
{"generation": 2, "position": 27, "parents": [48], "genome": "r(35,178) d(34) r(2,80)", "fitness": 0.0}
{"generation": 2, "position": 28, "parents": [11, 25], "genome": "r(2,69) a(34,78) r(34,57)", "fitness": 0.0}
{"generation": 2, "position": 29, "parents": [11, 25], "genome": "r(35,34) d(34) r(1,82)", "fitness": 0.0}
{"generation": 2, "position": 30, "parents": [11], "genome": "r(2,69) a(34,78) d(34)", "fitness": 0.0}
{"generation": 2, "position": 31, "parents": [25], "genome": "r(35,34) d(34) d(1)", "fitness": 4.0}
{"generation": 2, "position": 32, "parents": [12, 30], "genome": "d(35) r(32,158) d(34)", "fitness": 0.0}
{"generation": 2, "position": 33, "parents": [12, 30], "genome": "d(35) a(31,38)", "fitness": 4.0}
{"generation": 2, "position": 34, "parents": [12], "genome": "d(35) r(32,158) a(1,65)", "fitness": 0.0}
{"generation": 2, "position": 35, "parents": [30], "genome": "d(35) d(34)", "fitness": 4.0}
{"generation": 2, "position": 36, "parents": [45, 0], "genome": "d(32) r(34,52) d(33)", "fitness": 0.0}
{"generation": 2, "position": 37, "parents": [45, 0], "genome": "r(34,134) a(35,35)", "fitness": 4.0}
{"generation": 2, "position": 38, "parents": [45], "genome": "d(32) r(34,52) r(35,112)", "fitness": 0.0}
{"generation": 2, "position": 39, "parents": [0], "genome": "r(34,134) d(3)", "fitness": 12.0}
{"generation": 2, "position": 40, "parents": [29], "genome": "r(35,34) a(3,60) r(34,50)", "fitness": 4.0}
{"generation": 2, "position": 41, "parents": [45], "genome": "d(32) r(34,52) d(35)", "fitness": 0.0}
{"generation": 2, "position": 42, "parents": [39], "genome": "a(27,70) a(34,47) d(34)", "fitness": 4.0}
{"generation": 2, "position": 43, "parents": [60], "genome": "d(32) d(35) d(34)", "fitness": 0.0}
{"generation": 2, "position": 44, "parents": [14], "genome": "r(35,34) r(28,47) d(3)", "fitness": 12.0}
{"generation": 2, "position": 45, "parents": [43], "genome": "d(35) a(34,70) d(32)", "fitness": 0.0}
{"generation": 2, "position": 46, "parents": [60, 39], "genome": "d(32) d(35) a(34,82)", "fitness": 0.0}
{"generation": 2, "position": 47, "parents": [60, 39], "genome": "a(27,70) a(34,47) d(32)", "fitness": 0.0}
{"generation": 2, "position": 48, "parents": [60], "genome": "d(32) d(35) a(34,97)", "fitness": 0.0}
{"generation": 2, "position": 49, "parents": [39], "genome": "a(27,70) a(34,47) d(34)", "fitness": 4.0}
{"generation": 2, "position": 50, "parents": [53], "genome": "d(31) a(35,48) a(35,60)", "fitness": 0.0}
{"generation": 2, "position": 51, "parents": [20], "genome": "a(34,34) d(35) r(28,87)", "fitness": 0.0}
{"generation": 2, "position": 52, "parents": [52, 57], "genome": "a(34,27) a(35,44) a(33,86)", "fitness": 4.0}
{"generation": 2, "position": 53, "parents": [52, 57], "genome": "r(34,70) r(2,84) a(35,178)", "fitness": 0.0}
{"generation": 2, "position": 54, "parents": [52], "genome": "a(34,27) a(35,44) r(34,57)", "fitness": 4.0}
{"generation": 2, "position": 55, "parents": [57], "genome": "r(34,70) r(2,84) a(1,148)", "fitness": 0.0}
{"generation": 2, "position": 56, "parents": [61, 36], "genome": "a(3,44) d(34) r(35,99)", "fitness": 4.0}
{"generation": 2, "position": 57, "parents": [61, 36], "genome": "a(3,44) a(34,27) d(35)", "fitness": 4.0}
{"generation": 2, "position": 58, "parents": [61], "genome": "a(3,44) a(34,27) d(1)", "fitness": 4.0}
{"generation": 2, "position": 59, "parents": [36], "genome": "a(3,44) d(34) a(27,177)", "fitness": 4.0}
{"generation": 2, "position": 60, "parents": [13, 11], "genome": "a(3,44) r(34,1) a(34,78) d(35)", "fitness": 4.0}
{"generation": 2, "position": 61, "parents": [13, 11], "genome": "r(2,69) d(35)", "fitness": 0.0}
{"generation": 2, "position": 62, "parents": [13], "genome": "a(3,44) r(34,1) r(27,35)", "fitness": 0.0}
{"generation": 3, "position": 0, "parents": [38, 14], "genome": "d(32) d(35) a(34,70)", "fitness": 0.0}
{"generation": 3, "position": 1, "parents": [38, 14], "genome": "r(34,70) r(2,84) r(34,52) r(35,112) r(25,34)", "fitness": 0.0}
{"generation": 3, "position": 2, "parents": [38], "genome": "d(32) r(34,52) r(35,112) r(3,170)", "fitness": 12.0}
{"generation": 3, "position": 3, "parents": [14], "genome": "r(34,70) r(2,84) d(35) d(33)", "fitness": 0.0}
{"generation": 3, "position": 4, "parents": [9], "genome": "r(34,70) r(2,84) d(32) a(35,69)", "fitness": 0.0}
{"generation": 3, "position": 5, "parents": [13], "genome": "d(32) r(35,69) a(28,57) a(34,100)", "fitness": 0.0}
{"generation": 3, "position": 6, "parents": [5], "genome": "d(28) a(3,62) r(34,135) d(35)", "fitness": 0.0}
{"generation": 3, "position": 7, "parents": [3], "genome": "d(28) a(3,62) r(35,51) d(34) a(1,51)", "fitness": 0.0}
{"generation": 3, "position": 8, "parents": [38], "genome": "d(32) r(34,52) r(35,112) a(28,65)", "fitness": 0.0}
{"generation": 3, "position": 9, "parents": [35], "genome": "d(35) d(34) r(3,80)", "fitness": 12.0}
{"generation": 3, "position": 10, "parents": [9, 38], "genome": "r(34,70) r(2,84) r(35,112) r(32,87)", "fitness": 0.0}
{"generation": 3, "position": 11, "parents": [9, 38], "genome": "d(32) r(34,52) d(32) d(35)", "fitness": 0.0}
{"generation": 3, "position": 12, "parents": [9], "genome": "r(34,70) r(2,84) d(32) a(25,158)", "fitness": 0.0}
{"generation": 3, "position": 13, "parents": [38], "genome": "d(32) r(34,52) r(35,112) r(27,37)", "fitness": 0.0}
{"generation": 3, "position": 14, "parents": [40], "genome": "r(35,34) a(3,60) r(34,50) r(27,44)", "fitness": 4.0}
{"generation": 3, "position": 15, "parents": [26], "genome": "r(35,34) r(28,47) d(34) d(2)", "fitness": 0.0}
{"generation": 3, "position": 16, "parents": [46, 5], "genome": "d(32) d(35) a(34,82) a(3,62) r(34,135) r(3,25)", "fitness": 12.0}
{"generation": 3, "position": 17, "parents": [46, 5], "genome": "d(28) a(35,87)", "fitness": 0.0}
{"generation": 3, "position": 18, "parents": [46], "genome": "d(32) d(35) a(34,82) r(1,46)", "fitness": 0.0}
{"generation": 3, "position": 19, "parents": [5], "genome": "d(28) a(3,62) r(34,135) r(35,94)", "fitness": 0.0}
{"generation": 3, "position": 20, "parents": [41, 22], "genome": "d(32) r(34,52) r(28,27) r(34,176) d(3)", "fitness": 12.0}
{"generation": 3, "position": 21, "parents": [41, 22], "genome": "d(32) d(35) d(34)", "fitness": 0.0}
{"generation": 3, "position": 22, "parents": [41], "genome": "d(32) r(34,52) d(35) d(1)", "fitness": 0.0}
{"generation": 3, "position": 23, "parents": [22], "genome": "d(32) r(28,27) r(34,176) d(35)", "fitness": 0.0}
{"generation": 3, "position": 24, "parents": [10, 32], "genome": "r(2,69) a(34,78) a(35,94) a(28,177)", "fitness": 0.0}
{"generation": 3, "position": 25, "parents": [10, 32], "genome": "d(35) r(32,158) d(34) a(3,53)", "fitness": 0.0}
{"generation": 3, "position": 26, "parents": [10], "genome": "r(2,69) a(34,78) a(35,94) r(35,69)", "fitness": 0.0}
{"generation": 3, "position": 27, "parents": [32], "genome": "d(35) r(32,158) d(34) r(2,54)", "fitness": 0.0}
{"generation": 3, "position": 28, "parents": [61, 19], "genome": "r(2,69) d(35) r(35,51) a(3,32) a(34,47)", "fitness": 0.0}
{"generation": 3, "position": 29, "parents": [61, 19], "genome": "r(35,34) r(34,105)", "fitness": 4.0}
{"generation": 3, "position": 30, "parents": [61], "genome": "r(2,69) d(35) a(32,33)", "fitness": 0.0}
{"generation": 3, "position": 31, "parents": [19], "genome": "r(35,34) r(35,51) a(3,32) a(34,34)", "fitness": 4.0}
{"generation": 3, "position": 32, "parents": [54, 47], "genome": "a(34,27) a(34,47) d(32) d(35)", "fitness": 0.0}
{"generation": 3, "position": 33, "parents": [54, 47], "genome": "a(27,70) a(35,44) r(34,57) a(35,44)", "fitness": 4.0}
{"generation": 3, "position": 34, "parents": [54], "genome": "a(34,27) a(35,44) r(34,57) r(25,60)", "fitness": 0.0}
{"generation": 3, "position": 35, "parents": [47], "genome": "a(27,70) a(34,47) d(32) d(34)", "fitness": 0.0}
{"generation": 3, "position": 36, "parents": [34], "genome": "d(35) r(32,158) a(1,65) d(28)", "fitness": 0.0}
{"generation": 3, "position": 37, "parents": [26], "genome": "r(35,34) r(28,47) d(34) d(25)", "fitness": 0.0}
{"generation": 3, "position": 38, "parents": [48], "genome": "d(32) d(35) a(34,97) r(34,77)", "fitness": 0.0}
{"generation": 3, "position": 39, "parents": [32], "genome": "d(35) r(32,158) d(34) r(25,57)", "fitness": 0.0}
{"generation": 3, "position": 40, "parents": [25, 15], "genome": "d(28) a(25,51) r(25,112)", "fitness": 0.0}
{"generation": 3, "position": 41, "parents": [25, 15], "genome": "a(34,34) d(35) a(3,62) a(34,94) r(31,54)", "fitness": 0.0}
{"generation": 3, "position": 42, "parents": [25], "genome": "d(28) a(3,62) a(34,94) d(35)", "fitness": 0.0}
{"generation": 3, "position": 43, "parents": [15], "genome": "a(34,34) d(35) a(25,51) d(1)", "fitness": 0.0}
{"generation": 3, "position": 44, "parents": [61], "genome": "r(2,69) d(35) d(34)", "fitness": 0.0}
{"generation": 3, "position": 45, "parents": [13], "genome": "d(32) r(35,69) a(28,57) a(28,78)", "fitness": 0.0}
{"generation": 3, "position": 46, "parents": [62, 48], "genome": "a(3,44) r(34,1) d(35)", "fitness": 4.0}
{"generation": 3, "position": 47, "parents": [62, 48], "genome": "d(32) d(35) a(34,97) r(27,35) r(2,105)", "fitness": 12.0}
{"generation": 3, "position": 48, "parents": [62], "genome": "a(3,44) r(34,1) r(27,35) r(2,79)", "fitness": 0.0}
{"generation": 3, "position": 49, "parents": [48], "genome": "d(32) d(35) a(34,97) a(2,84)", "fitness": 0.0}
{"generation": 3, "position": 50, "parents": [61], "genome": "r(2,69) d(35) d(32)", "fitness": 0.0}
{"generation": 3, "position": 51, "parents": [7], "genome": "r(34,70) r(2,84) a(35,50) d(35)", "fitness": 0.0}
{"generation": 3, "position": 52, "parents": [35], "genome": "d(35) d(34) d(33)", "fitness": 4.0}
{"generation": 3, "position": 53, "parents": [3], "genome": "d(28) a(3,62) r(35,51) d(34) a(32,69)", "fitness": 0.0}
{"generation": 3, "position": 54, "parents": [62], "genome": "a(3,44) r(34,1) r(27,35) r(35,33)", "fitness": 0.0}
{"generation": 3, "position": 55, "parents": [33], "genome": "d(35) a(31,38) r(32,64)", "fitness": 0.0}
{"generation": 3, "position": 56, "parents": [53, 9], "genome": "r(34,70) r(2,84) a(35,178) r(2,84) d(32) r(27,135)", "fitness": 0.0}
{"generation": 3, "position": 57, "parents": [53, 9], "genome": "r(34,70) a(35,65)", "fitness": 4.0}
{"generation": 3, "position": 58, "parents": [53], "genome": "r(34,70) r(2,84) a(35,178) d(35)", "fitness": 0.0}
{"generation": 4, "position": 0, "parents": [27, 57], "genome": "d(35) r(32,158) a(35,65) d(34)", "fitness": 0.0}
{"generation": 4, "position": 1, "parents": [27, 57], "genome": "r(34,70) d(34) r(2,54) a(35,64)", "fitness": 0.0}
{"generation": 4, "position": 2, "parents": [27], "genome": "d(35) r(32,158) d(34) r(2,54) d(28)", "fitness": 0.0}
{"generation": 4, "position": 3, "parents": [57], "genome": "r(34,70) a(35,65) a(2,35)", "fitness": 4.0}
{"generation": 4, "position": 4, "parents": [54], "genome": "a(3,44) r(34,1) r(27,35) r(35,33) r(32,99)", "fitness": 0.0}
{"generation": 4, "position": 5, "parents": [6], "genome": "d(28) a(3,62) r(34,135) d(35) r(33,84)", "fitness": 0.0}
{"generation": 4, "position": 6, "parents": [1, 10], "genome": "r(34,70) r(2,84) r(34,52) r(35,112) r(25,34) r(35,112) r(32,87) a(28,105)", "fitness": 0.0}
{"generation": 4, "position": 7, "parents": [1, 10], "genome": "r(34,70) r(2,84) a(35,50)", "fitness": 0.0}
{"generation": 4, "position": 8, "parents": [1], "genome": "r(34,70) r(2,84) r(34,52) r(35,112) r(25,34) r(28,32)", "fitness": 0.0}
{"generation": 4, "position": 9, "parents": [10], "genome": "r(34,70) r(2,84) r(35,112) r(32,87) r(25,31)", "fitness": 0.0}
{"generation": 4, "position": 10, "parents": [42, 10], "genome": "d(28) a(3,62) a(34,94) r(2,84) r(35,112) r(32,87) a(34,87)", "fitness": 0.0}
{"generation": 4, "position": 11, "parents": [42, 10], "genome": "r(34,70) d(35) d(25)", "fitness": 4.0}
{"generation": 4, "position": 12, "parents": [42], "genome": "d(28) a(3,62) a(34,94) d(35) a(34,49)", "fitness": 0.0}
{"generation": 4, "position": 13, "parents": [10], "genome": "r(34,70) r(2,84) r(35,112) r(32,87) r(28,134)", "fitness": 0.0}
{"generation": 4, "position": 14, "parents": [50, 48], "genome": "r(2,69) d(35) r(34,83)", "fitness": 0.0}
{"generation": 4, "position": 15, "parents": [50, 48], "genome": "a(3,44) r(34,1) r(27,35) r(2,79) d(32) a(35,105)", "fitness": 0.0}
{"generation": 4, "position": 16, "parents": [50], "genome": "r(2,69) d(35) d(32) r(1,54)", "fitness": 0.0}
{"generation": 4, "position": 17, "parents": [48], "genome": "a(3,44) r(34,1) r(27,35) r(2,79) d(31)", "fitness": 0.0}
{"generation": 4, "position": 18, "parents": [24], "genome": "r(2,69) a(34,78) a(35,94) a(28,177) r(35,100)", "fitness": 0.0}
{"generation": 4, "position": 19, "parents": [41], "genome": "a(34,34) d(35) a(3,62) a(34,94) r(31,54) d(27)", "fitness": 0.0}
{"generation": 4, "position": 20, "parents": [38], "genome": "d(32) d(35) a(34,97) r(34,77) r(27,84)", "fitness": 0.0}
{"generation": 4, "position": 21, "parents": [38], "genome": "d(32) d(35) a(34,97) r(34,77) d(31)", "fitness": 0.0}
{"generation": 4, "position": 22, "parents": [54], "genome": "a(3,44) r(34,1) r(27,35) r(35,33) a(31,148)", "fitness": 0.0}
{"generation": 4, "position": 23, "parents": [11], "genome": "d(32) r(34,52) d(32) d(35) d(1)", "fitness": 0.0}
{"generation": 4, "position": 24, "parents": [49], "genome": "d(32) d(35) a(34,97) a(2,84) d(34)", "fitness": 0.0}
{"generation": 4, "position": 25, "parents": [49], "genome": "d(32) d(35) a(34,97) a(2,84) d(34)", "fitness": 0.0}
{"generation": 4, "position": 26, "parents": [26, 50], "genome": "r(2,69) a(34,78) a(35,94) a(28,51)", "fitness": 0.0}
{"generation": 4, "position": 27, "parents": [26, 50], "genome": "r(2,69) d(35) d(32) r(35,69) r(34,57)", "fitness": 0.0}
{"generation": 4, "position": 28, "parents": [26], "genome": "r(2,69) a(34,78) a(35,94) r(35,69) d(34)", "fitness": 0.0}
{"generation": 4, "position": 29, "parents": [50], "genome": "r(2,69) d(35) d(32) a(34,87)", "fitness": 0.0}
{"generation": 4, "position": 30, "parents": [42], "genome": "d(28) a(3,62) a(34,94) d(35) d(34)", "fitness": 0.0}
{"generation": 4, "position": 31, "parents": [11], "genome": "d(32) r(34,52) d(32) d(35) d(25)", "fitness": 0.0}
{"generation": 4, "position": 32, "parents": [48, 37], "genome": "a(3,44) r(34,1) r(27,35) d(25) d(33)", "fitness": 4.0}
{"generation": 4, "position": 33, "parents": [48, 37], "genome": "r(35,34) r(28,47) d(34) r(2,79) a(27,69)", "fitness": 0.0}
{"generation": 4, "position": 34, "parents": [48], "genome": "a(3,44) r(34,1) r(27,35) r(2,79) r(31,178)", "fitness": 0.0}
{"generation": 4, "position": 35, "parents": [37], "genome": "r(35,34) r(28,47) d(34) d(25) a(32,82)", "fitness": 0.0}
{"generation": 4, "position": 36, "parents": [21, 21], "genome": "d(32) d(25)", "fitness": 0.0}
{"generation": 4, "position": 37, "parents": [21, 21], "genome": "d(32) d(35) d(34) d(35) d(34) a(33,97)", "fitness": 0.0}
{"generation": 4, "position": 38, "parents": [21], "genome": "d(32) d(35) d(34) a(33,78)", "fitness": 0.0}
{"generation": 4, "position": 39, "parents": [21], "genome": "d(32) d(35) d(34) r(2,84)", "fitness": 0.0}
{"generation": 4, "position": 40, "parents": [27], "genome": "d(35) r(32,158) d(34) r(2,54) r(28,177)", "fitness": 0.0}
{"generation": 4, "position": 41, "parents": [11], "genome": "d(32) r(34,52) d(32) d(35) r(3,84)", "fitness": 12.0}
{"generation": 4, "position": 42, "parents": [56, 45], "genome": "r(34,70) r(2,84) r(35,69) a(28,57) a(28,78) r(31,112)", "fitness": 0.0}
{"generation": 4, "position": 43, "parents": [56, 45], "genome": "d(32) a(35,178) r(2,84) d(32) r(27,135) r(35,138)", "fitness": 0.0}
{"generation": 4, "position": 44, "parents": [56], "genome": "r(34,70) r(2,84) a(35,178) r(2,84) d(32) r(27,135) a(35,176)", "fitness": 0.0}
{"generation": 4, "position": 45, "parents": [45], "genome": "d(32) r(35,69) a(28,57) a(28,78) r(2,60)", "fitness": 0.0}
{"generation": 4, "position": 46, "parents": [25, 13], "genome": "d(35) r(32,158) d(34) r(27,37) d(33)", "fitness": 0.0}
{"generation": 4, "position": 47, "parents": [25, 13], "genome": "d(32) r(34,52) r(35,112) a(3,53) d(33)", "fitness": 0.0}
{"generation": 4, "position": 48, "parents": [25], "genome": "d(35) r(32,158) d(34) a(3,53) d(28)", "fitness": 0.0}
{"generation": 4, "position": 49, "parents": [13], "genome": "d(32) r(34,52) r(35,112) r(27,37) r(25,76)", "fitness": 0.0}
{"generation": 4, "position": 50, "parents": [12, 20], "genome": "r(34,70) r(2,84) d(32) a(25,158) r(28,27) r(34,176) d(3) d(33)", "fitness": 0.0}
{"generation": 4, "position": 51, "parents": [12, 20], "genome": "d(32) r(34,52) a(35,48)", "fitness": 0.0}
{"generation": 4, "position": 52, "parents": [12], "genome": "r(34,70) r(2,84) d(32) a(25,158) d(35)", "fitness": 0.0}
{"generation": 4, "position": 53, "parents": [20], "genome": "d(32) r(34,52) r(28,27) r(34,176) d(3) d(35)", "fitness": 12.0}
{"generation": 4, "position": 54, "parents": [42, 54], "genome": "d(28) a(3,62) a(34,94) r(27,35) r(35,33) r(34,49)", "fitness": 0.0}
{"generation": 4, "position": 55, "parents": [42, 54], "genome": "a(3,44) r(34,1) d(35) r(2,87)", "fitness": 0.0}
{"generation": 4, "position": 56, "parents": [42], "genome": "d(28) a(3,62) a(34,94) d(35) a(34,94)", "fitness": 0.0}
{"generation": 4, "position": 57, "parents": [54], "genome": "a(3,44) r(34,1) r(27,35) r(35,33) r(33,37)", "fitness": 0.0}
{"generation": 4, "position": 58, "parents": [38, 26], "genome": "d(32) d(35) a(34,97) r(34,77) a(34,78) a(35,94) r(35,69) d(27)", "fitness": 0.0}
{"generation": 4, "position": 59, "parents": [38, 26], "genome": "r(2,69) r(1,35)", "fitness": 0.0}
{"generation": 4, "position": 60, "parents": [38], "genome": "d(32) d(35) a(34,97) r(34,77) r(1,27)", "fitness": 0.0}
{"generation": 4, "position": 61, "parents": [26], "genome": "r(2,69) a(34,78) a(35,94) r(35,69) d(1)", "fitness": 4.0}
{"generation": 4, "position": 62, "parents": [15], "genome": "r(35,34) r(28,47) d(34) d(2) r(25,148)", "fitness": 0.0}
{"generation": 5, "position": 0, "parents": [47], "genome": "d(32) r(34,52) r(35,112) a(3,53) d(33) d(25)", "fitness": 0.0}
{"generation": 5, "position": 1, "parents": [59], "genome": "r(2,69) r(1,35) a(35,70)", "fitness": 0.0}
{"generation": 5, "position": 2, "parents": [48], "genome": "d(35) r(32,158) d(34) a(3,53) d(28) r(1,51)", "fitness": 0.0}
{"generation": 5, "position": 3, "parents": [17], "genome": "a(3,44) r(34,1) r(27,35) r(2,79) d(31) a(35,78)", "fitness": 0.0}
{"generation": 5, "position": 4, "parents": [6], "genome": "r(34,70) r(2,84) r(34,52) r(35,112) r(25,34) r(35,112) r(32,87) a(28,105) r(1,135)", "fitness": 12.0}
{"generation": 5, "position": 5, "parents": [10], "genome": "d(28) a(3,62) a(34,94) r(2,84) r(35,112) r(32,87) a(34,87) a(34,32)", "fitness": 0.0}
{"generation": 5, "position": 6, "parents": [34, 22], "genome": "a(3,44) r(34,1) r(27,35) r(28,148)", "fitness": 0.0}
{"generation": 5, "position": 7, "parents": [34, 22], "genome": "a(3,44) r(34,1) r(27,35) r(35,33) a(31,148) r(2,79) r(31,178) a(1,84)", "fitness": 0.0}
{"generation": 5, "position": 8, "parents": [34], "genome": "a(3,44) r(34,1) r(27,35) r(2,79) r(31,178) a(25,31)", "fitness": 0.0}
{"generation": 5, "position": 9, "parents": [22], "genome": "a(3,44) r(34,1) r(27,35) r(35,33) a(31,148) a(28,54)", "fitness": 0.0}
{"generation": 5, "position": 10, "parents": [30], "genome": "d(28) a(3,62) a(34,94) d(35) d(34) d(25)", "fitness": 0.0}
{"generation": 5, "position": 11, "parents": [63], "genome": "d(35) a(31,38) r(32,64) r(1,80) d(34)", "fitness": 0.0}
{"generation": 5, "position": 12, "parents": [48, 17], "genome": "d(35) d(31) a(1,47)", "fitness": 0.0}
{"generation": 5, "position": 13, "parents": [48, 17], "genome": "a(3,44) r(34,1) r(27,35) r(2,79) r(32,158) d(34) a(3,53) d(28) d(25)", "fitness": 0.0}
{"generation": 5, "position": 14, "parents": [48], "genome": "d(35) r(32,158) d(34) a(3,53) d(28) a(25,47)", "fitness": 0.0}
{"generation": 5, "position": 15, "parents": [17], "genome": "a(3,44) r(34,1) r(27,35) r(2,79) d(31) a(35,47)", "fitness": 0.0}
{"generation": 5, "position": 16, "parents": [51, 5], "genome": "d(32) r(34,52) a(35,48) d(35) r(33,84) a(28,64)", "fitness": 0.0}
{"generation": 5, "position": 17, "parents": [51, 5], "genome": "d(28) a(3,62) r(34,135) d(35)", "fitness": 0.0}
{"generation": 5, "position": 18, "parents": [51], "genome": "d(32) r(34,52) a(35,48) d(35)", "fitness": 0.0}
{"generation": 5, "position": 19, "parents": [5], "genome": "d(28) a(3,62) r(34,135) d(35) r(33,84) d(32)", "fitness": 0.0}
{"generation": 5, "position": 20, "parents": [27], "genome": "r(2,69) d(35) d(32) r(35,69) r(34,57) a(28,33)", "fitness": 0.0}
{"generation": 5, "position": 21, "parents": [2], "genome": "d(35) r(32,158) d(34) r(2,54) d(28) r(27,44)", "fitness": 0.0}
{"generation": 5, "position": 22, "parents": [62], "genome": "r(35,34) r(28,47) d(34) d(2) r(25,148) r(33,76)", "fitness": 0.0}
{"generation": 5, "position": 23, "parents": [4], "genome": "a(3,44) r(34,1) r(27,35) r(35,33) r(32,99) d(33)", "fitness": 0.0}
{"generation": 5, "position": 24, "parents": [21, 63], "genome": "d(32) d(35) r(1,80) a(34,105)", "fitness": 12.0}
{"generation": 5, "position": 25, "parents": [21, 63], "genome": "d(35) a(31,38) r(32,64) a(34,97) r(34,77) d(31) a(2,138)", "fitness": 0.0}
{"generation": 5, "position": 26, "parents": [21], "genome": "d(32) d(35) a(34,97) r(34,77) d(31) r(33,47)", "fitness": 0.0}
{"generation": 5, "position": 27, "parents": [63], "genome": "d(35) a(31,38) r(32,64) r(1,80) a(34,25)", "fitness": 0.0}
{"generation": 5, "position": 28, "parents": [38, 19], "genome": "d(32) d(35) d(34) a(33,78) r(2,83)", "fitness": 0.0}
{"generation": 5, "position": 29, "parents": [38, 19], "genome": "a(34,34) d(35) a(3,62) a(34,94) r(31,54) d(27) a(34,176)", "fitness": 0.0}
{"generation": 5, "position": 30, "parents": [38], "genome": "d(32) d(35) d(34) a(33,78) d(28)", "fitness": 0.0}
{"generation": 5, "position": 31, "parents": [19], "genome": "a(34,34) d(35) a(3,62) a(34,94) r(31,54) d(27) d(32)", "fitness": 0.0}
{"generation": 5, "position": 32, "parents": [50, 51], "genome": "r(34,70) r(34,52) a(35,48) d(25)", "fitness": 4.0}
{"generation": 5, "position": 33, "parents": [50, 51], "genome": "d(32) r(2,84) d(32) a(25,158) r(28,27) r(34,176) d(3) d(33) d(27)", "fitness": 0.0}
{"generation": 5, "position": 34, "parents": [50], "genome": "r(34,70) r(2,84) d(32) a(25,158) r(28,27) r(34,176) d(3) d(33) d(1)", "fitness": 0.0}
{"generation": 5, "position": 35, "parents": [51], "genome": "d(32) r(34,52) a(35,48) r(35,69)", "fitness": 0.0}
{"generation": 5, "position": 36, "parents": [48, 56], "genome": "d(35) r(32,158) a(3,62) a(34,94) d(35) a(34,94) a(33,44)", "fitness": 0.0}
{"generation": 5, "position": 37, "parents": [48, 56], "genome": "d(28) d(34) a(3,53) d(28) d(33)", "fitness": 0.0}
{"generation": 5, "position": 38, "parents": [48], "genome": "d(35) r(32,158) d(34) a(3,53) d(28) r(3,64)", "fitness": 0.0}
{"generation": 5, "position": 39, "parents": [56], "genome": "d(28) a(3,62) a(34,94) d(35) a(34,94) d(2)", "fitness": 0.0}
{"generation": 5, "position": 40, "parents": [2, 48], "genome": "d(35) r(32,158) d(34) r(2,54) a(3,53) d(28) a(25,84)", "fitness": 0.0}
{"generation": 5, "position": 41, "parents": [2, 48], "genome": "d(35) r(32,158) d(34) d(28) a(3,96)", "fitness": 0.0}
{"generation": 5, "position": 42, "parents": [2], "genome": "d(35) r(32,158) d(34) r(2,54) d(28) r(33,158)", "fitness": 0.0}
{"generation": 5, "position": 43, "parents": [48], "genome": "d(35) r(32,158) d(34) a(3,53) d(28) a(27,130)", "fitness": 0.0}
{"generation": 5, "position": 44, "parents": [20, 28], "genome": "d(32) d(35) a(34,97) r(34,77) r(27,84) a(34,78) a(35,94) r(35,69) d(34) a(33,108)", "fitness": 0.0}
{"generation": 5, "position": 45, "parents": [20, 28], "genome": "r(2,69) d(34)", "fitness": 0.0}
{"generation": 5, "position": 46, "parents": [20], "genome": "d(32) d(35) a(34,97) r(34,77) r(27,84) r(1,25)", "fitness": 0.0}
{"generation": 5, "position": 47, "parents": [28], "genome": "r(2,69) a(34,78) a(35,94) r(35,69) d(34) d(33)", "fitness": 0.0}
{"generation": 5, "position": 48, "parents": [13, 37], "genome": "r(34,70) r(2,84) r(35,112) r(32,87) r(28,134) d(35) d(34) d(35) d(34) a(33,97) a(25,77)", "fitness": 0.0}
{"generation": 5, "position": 49, "parents": [13, 37], "genome": "d(32) d(25)", "fitness": 0.0}
{"generation": 5, "position": 50, "parents": [13], "genome": "r(34,70) r(2,84) r(35,112) r(32,87) r(28,134) d(33)", "fitness": 0.0}
{"generation": 5, "position": 51, "parents": [37], "genome": "d(32) d(35) d(34) d(35) d(34) a(33,97) r(25,170)", "fitness": 0.0}
{"generation": 5, "position": 52, "parents": [26], "genome": "r(2,69) a(34,78) a(35,94) a(28,51) r(34,158)", "fitness": 0.0}
{"generation": 5, "position": 53, "parents": [21], "genome": "d(32) d(35) a(34,97) r(34,77) d(31) d(25)", "fitness": 0.0}
{"generation": 5, "position": 54, "parents": [5, 30], "genome": "d(28) a(3,62) r(34,135) a(3,62) a(34,94) d(35) d(34) a(32,177)", "fitness": 0.0}
{"generation": 5, "position": 55, "parents": [5, 30], "genome": "d(28) d(35) r(33,84) d(1)", "fitness": 0.0}
{"generation": 5, "position": 56, "parents": [5], "genome": "d(28) a(3,62) r(34,135) d(35) r(33,84) a(32,44)", "fitness": 0.0}
{"generation": 5, "position": 57, "parents": [30], "genome": "d(28) a(3,62) a(34,94) d(35) d(34) r(27,47)", "fitness": 0.0}
{"generation": 5, "position": 58, "parents": [38, 24], "genome": "d(32) a(2,84) d(34) r(35,100)", "fitness": 0.0}
{"generation": 5, "position": 59, "parents": [38, 24], "genome": "d(32) d(35) a(34,97) d(35) d(34) a(33,78) d(3)", "fitness": 12.0}
{"generation": 5, "position": 60, "parents": [38], "genome": "d(32) d(35) d(34) a(33,78) a(28,57)", "fitness": 0.0}
{"generation": 5, "position": 61, "parents": [24], "genome": "d(32) d(35) a(34,97) a(2,84) d(34) r(27,95)", "fitness": 0.0}
{"generation": 5, "position": 62, "parents": [58], "genome": "d(32) d(35) a(34,97) r(34,77) a(34,78) a(35,94) r(35,69) d(27) r(2,82)", "fitness": 0.0}
{"generation": 6, "position": 0, "parents": [51, 17], "genome": "d(32) d(35) r(34,135) d(35) r(33,83)", "fitness": 0.0}
{"generation": 6, "position": 1, "parents": [51, 17], "genome": "d(28) a(3,62) d(34) d(35) d(34) a(33,97) r(25,170) d(3)", "fitness": 0.0}
{"generation": 6, "position": 2, "parents": [51], "genome": "d(32) d(35) d(34) d(35) d(34) a(33,97) r(25,170) a(2,76)", "fitness": 0.0}
{"generation": 6, "position": 3, "parents": [17], "genome": "d(28) a(3,62) r(34,135) d(35) a(32,178)", "fitness": 12.0}
{"generation": 6, "position": 4, "parents": [12, 36], "genome": "d(35) d(31) a(34,94) a(33,44) d(27)", "fitness": 0.0}
{"generation": 6, "position": 5, "parents": [12, 36], "genome": "d(35) r(32,158) a(3,62) a(34,94) d(35) a(1,47) a(3,1)", "fitness": 0.0}
{"generation": 6, "position": 6, "parents": [12], "genome": "d(35) d(31) a(1,47) r(32,176)", "fitness": 0.0}
{"generation": 6, "position": 7, "parents": [36], "genome": "d(35) r(32,158) a(3,62) a(34,94) d(35) a(34,94) a(33,44) r(34,25)", "fitness": 0.0}
{"generation": 6, "position": 8, "parents": [23, 41], "genome": "a(3,44) r(34,1) a(3,96) r(35,84)", "fitness": 4.0}
{"generation": 6, "position": 9, "parents": [23, 41], "genome": "d(35) r(32,158) d(34) d(28) r(27,35) r(35,33) r(32,99) d(33) d(3)", "fitness": 12.0}
{"generation": 6, "position": 10, "parents": [23], "genome": "a(3,44) r(34,1) r(27,35) r(35,33) r(32,99) d(33) a(28,60)", "fitness": 0.0}
{"generation": 6, "position": 11, "parents": [41], "genome": "d(35) r(32,158) d(34) d(28) a(3,96) d(3)", "fitness": 12.0}
{"generation": 6, "position": 12, "parents": [51], "genome": "d(32) d(35) d(34) d(35) d(34) a(33,97) r(25,170) a(28,27)", "fitness": 0.0}
{"generation": 6, "position": 13, "parents": [45], "genome": "r(2,69) d(34) a(35,108)", "fitness": 0.0}
{"generation": 6, "position": 14, "parents": [6, 43], "genome": "a(3,44) r(34,1) r(27,35) r(28,148) d(35)", "fitness": 0.0}
{"generation": 6, "position": 15, "parents": [6, 43], "genome": "d(35) r(32,158) d(34) a(3,53) d(28) a(27,130) r(2,97)", "fitness": 0.0}
{"generation": 6, "position": 16, "parents": [6], "genome": "a(3,44) r(34,1) r(27,35) r(28,148) a(35,105)", "fitness": 0.0}
{"generation": 6, "position": 17, "parents": [43], "genome": "d(35) r(32,158) d(34) a(3,53) d(28) a(27,130) d(2)", "fitness": 0.0}
{"generation": 6, "position": 18, "parents": [52, 35], "genome": "r(2,69) a(34,78) a(35,28)", "fitness": 0.0}
{"generation": 6, "position": 19, "parents": [52, 35], "genome": "d(32) r(34,52) a(35,48) r(35,69) a(35,94) a(28,51) r(34,158) r(2,31)", "fitness": 0.0}
{"generation": 6, "position": 20, "parents": [52], "genome": "r(2,69) a(34,78) a(35,94) a(28,51) r(34,158) d(27)", "fitness": 0.0}
{"generation": 6, "position": 21, "parents": [35], "genome": "d(32) r(34,52) a(35,48) r(35,69) a(31,105)", "fitness": 12.0}
{"generation": 6, "position": 22, "parents": [48, 55], "genome": "r(34,70) r(2,84) r(35,112) r(32,87) r(28,134) d(35) d(34) d(35) d(34) d(35) r(33,84) d(1) d(27)", "fitness": 12.0}
{"generation": 6, "position": 23, "parents": [48, 55], "genome": "d(28) a(33,97) a(25,77) r(35,48)", "fitness": 0.0}
{"generation": 6, "position": 24, "parents": [48], "genome": "r(34,70) r(2,84) r(35,112) r(32,87) r(28,134) d(35) d(34) d(35) d(34) a(33,97) a(25,77) a(1,95)", "fitness": 0.0}
{"generation": 6, "position": 25, "parents": [55], "genome": "d(28) d(35) r(33,84) d(1) r(27,36)", "fitness": 0.0}
{"generation": 6, "position": 26, "parents": [40], "genome": "d(35) r(32,158) d(34) r(2,54) a(3,53) d(28) a(25,84) r(25,178)", "fitness": 0.0}
{"generation": 6, "position": 27, "parents": [12], "genome": "d(35) d(31) a(1,47) d(34)", "fitness": 0.0}
{"generation": 6, "position": 28, "parents": [2, 0], "genome": "d(35) r(32,158) d(34) a(3,53) d(25) d(3)", "fitness": 0.0}
{"generation": 6, "position": 29, "parents": [2, 0], "genome": "d(32) r(34,52) r(35,112) a(3,53) d(33) d(28) r(1,51) r(25,51)", "fitness": 0.0}
{"generation": 6, "position": 30, "parents": [2], "genome": "d(35) r(32,158) d(34) a(3,53) d(28) r(1,51) a(33,76)", "fitness": 0.0}
{"generation": 6, "position": 31, "parents": [0], "genome": "d(32) r(34,52) r(35,112) a(3,53) d(33) d(25) a(3,108)", "fitness": 0.0}
{"generation": 6, "position": 32, "parents": [57], "genome": "d(28) a(3,62) a(34,94) d(35) d(34) r(27,47) r(32,76)", "fitness": 0.0}
{"generation": 6, "position": 33, "parents": [51], "genome": "d(32) d(35) d(34) d(35) d(34) a(33,97) r(25,170) a(28,86)", "fitness": 0.0}
{"generation": 6, "position": 34, "parents": [13], "genome": "a(3,44) r(34,1) r(27,35) r(2,79) r(32,158) d(34) a(3,53) d(28) d(25) a(33,69)", "fitness": 0.0}
{"generation": 6, "position": 35, "parents": [55], "genome": "d(28) d(35) r(33,84) d(1) a(25,105)", "fitness": 12.0}
{"generation": 6, "position": 36, "parents": [55], "genome": "d(28) d(35) r(33,84) d(1) d(25)", "fitness": 0.0}
{"generation": 6, "position": 37, "parents": [28], "genome": "d(32) d(35) d(34) a(33,78) r(2,83) a(1,112)", "fitness": 0.0}
{"generation": 6, "position": 38, "parents": [43, 25], "genome": "d(35) r(32,158) a(34,97) r(34,77) d(31) a(2,138) a(3,178)", "fitness": 0.0}
{"generation": 6, "position": 39, "parents": [43, 25], "genome": "d(35) a(31,38) r(32,64) d(34) a(3,53) d(28) a(27,130) a(27,1)", "fitness": 0.0}
{"generation": 6, "position": 40, "parents": [43], "genome": "d(35) r(32,158) d(34) a(3,53) d(28) a(27,130) r(3,62)", "fitness": 0.0}
{"generation": 6, "position": 41, "parents": [25], "genome": "d(35) a(31,38) r(32,64) a(34,97) r(34,77) d(31) a(2,138) a(3,78)", "fitness": 0.0}
{"generation": 6, "position": 42, "parents": [30], "genome": "d(32) d(35) d(34) a(33,78) d(28) r(25,62)", "fitness": 0.0}
{"generation": 6, "position": 43, "parents": [30], "genome": "d(32) d(35) d(34) a(33,78) d(28) d(3)", "fitness": 12.0}
{"generation": 6, "position": 44, "parents": [26, 1], "genome": "d(32) d(35) a(34,97) r(34,77) r(1,35) a(35,70) d(33)", "fitness": 0.0}
{"generation": 6, "position": 45, "parents": [26, 1], "genome": "r(2,69) d(31) r(33,47) d(27)", "fitness": 0.0}
{"generation": 6, "position": 46, "parents": [26], "genome": "d(32) d(35) a(34,97) r(34,77) d(31) r(33,47) a(2,51)", "fitness": 0.0}
{"generation": 6, "position": 47, "parents": [1], "genome": "r(2,69) r(1,35) a(35,70) r(34,158)", "fitness": 0.0}
{"generation": 6, "position": 48, "parents": [29], "genome": "a(34,34) d(35) a(3,62) a(34,94) r(31,54) d(27) a(34,176) r(34,45)", "fitness": 0.0}
{"generation": 6, "position": 49, "parents": [7], "genome": "a(3,44) r(34,1) r(27,35) r(35,33) a(31,148) r(2,79) r(31,178) a(1,84) a(1,80)", "fitness": 0.0}
{"generation": 6, "position": 50, "parents": [57, 14], "genome": "d(28) a(3,62) d(28) a(25,47) d(34)", "fitness": 0.0}
{"generation": 6, "position": 51, "parents": [57, 14], "genome": "d(35) r(32,158) d(34) a(3,53) a(34,94) d(35) d(34) r(27,47) d(31)", "fitness": 0.0}
{"generation": 6, "position": 52, "parents": [57], "genome": "d(28) a(3,62) a(34,94) d(35) d(34) r(27,47) d(2)", "fitness": 0.0}
{"generation": 6, "position": 53, "parents": [14], "genome": "d(35) r(32,158) d(34) a(3,53) d(28) a(25,47) r(25,134)", "fitness": 12.0}
{"generation": 6, "position": 54, "parents": [0, 46], "genome": "d(32) r(34,52) r(35,112) a(3,53) a(3,76)", "fitness": 0.0}
{"generation": 6, "position": 55, "parents": [0, 46], "genome": "d(32) d(35) a(34,97) r(34,77) r(27,84) r(1,25) d(33) d(25) d(28)", "fitness": 0.0}
{"generation": 6, "position": 56, "parents": [0], "genome": "d(32) r(34,52) r(35,112) a(3,53) d(33) d(25) d(28)", "fitness": 0.0}
{"generation": 6, "position": 57, "parents": [46], "genome": "d(32) d(35) a(34,97) r(34,77) r(27,84) r(1,25) a(28,94)", "fitness": 0.0}
{"generation": 6, "position": 58, "parents": [57], "genome": "d(28) a(3,62) a(34,94) d(35) d(34) r(27,47) d(1)", "fitness": 0.0}
{"generation": 6, "position": 59, "parents": [43], "genome": "d(35) r(32,158) d(34) a(3,53) d(28) a(27,130) d(33)", "fitness": 0.0}
{"generation": 6, "position": 60, "parents": [1], "genome": "r(2,69) r(1,35) a(35,70) d(35)", "fitness": 0.0}
{"generation": 7, "position": 0, "parents": [46], "genome": "d(32) d(35) a(34,97) r(34,77) d(31) r(33,47) a(2,51) d(1)", "fitness": 0.0}
{"generation": 7, "position": 1, "parents": [0], "genome": "d(32) d(35) r(34,135) d(35) r(33,83) d(3)", "fitness": 12.0}
{"generation": 7, "position": 2, "parents": [34, 0], "genome": "a(3,44) r(34,1) r(27,35) r(2,79) r(32,158) r(34,135) d(35) r(33,83) r(31,28)", "fitness": 0.0}
{"generation": 7, "position": 3, "parents": [34, 0], "genome": "d(32) d(35) d(34) a(3,53) d(28) d(25) a(33,69) r(1,45)", "fitness": 0.0}
{"generation": 7, "position": 4, "parents": [34], "genome": "a(3,44) r(34,1) r(27,35) r(2,79) r(32,158) d(34) a(3,53) d(28) d(25) a(33,69) r(35,170)", "fitness": 0.0}
{"generation": 7, "position": 5, "parents": [0], "genome": "d(32) d(35) r(34,135) d(35) r(33,83) a(2,130)", "fitness": 0.0}
{"generation": 7, "position": 6, "parents": [24, 47], "genome": "r(34,70) r(2,84) r(35,112) r(32,87) r(28,134) d(35) d(34) d(35) d(34) a(33,97) a(25,77) a(1,95) r(33,178)", "fitness": 0.0}
{"generation": 7, "position": 7, "parents": [24, 47], "genome": "r(2,69) r(1,35) a(35,70) r(34,158) r(35,84)", "fitness": 0.0}
{"generation": 7, "position": 8, "parents": [24], "genome": "r(34,70) r(2,84) r(35,112) r(32,87) r(28,134) d(35) d(34) d(35) d(34) a(33,97) a(25,77) a(1,95) d(1)", "fitness": 0.0}
{"generation": 7, "position": 9, "parents": [47], "genome": "r(2,69) r(1,35) a(35,70) r(34,158) r(33,52)", "fitness": 0.0}
{"generation": 7, "position": 10, "parents": [59, 4], "genome": "d(35) r(32,158) d(34) a(3,53) d(28) d(27) a(1,148)", "fitness": 0.0}
{"generation": 7, "position": 11, "parents": [59, 4], "genome": "d(35) d(31) a(34,94) a(33,44) a(27,130) d(33) a(28,112)", "fitness": 0.0}
{"generation": 7, "position": 12, "parents": [59], "genome": "d(35) r(32,158) d(34) a(3,53) d(28) a(27,130) d(33) r(27,170)", "fitness": 0.0}
{"generation": 7, "position": 13, "parents": [4], "genome": "d(35) d(31) a(34,94) a(33,44) d(27) d(28)", "fitness": 0.0}
{"generation": 7, "position": 14, "parents": [36], "genome": "d(28) d(35) r(33,84) d(1) d(25) d(32)", "fitness": 0.0}
{"generation": 7, "position": 15, "parents": [20], "genome": "r(2,69) a(34,78) a(35,94) a(28,51) r(34,158) d(27) r(1,36)", "fitness": 0.0}
{"generation": 7, "position": 16, "parents": [49], "genome": "a(3,44) r(34,1) r(27,35) r(35,33) a(31,148) r(2,79) r(31,178) a(1,84) a(1,80) a(1,105)", "fitness": 0.0}
{"generation": 7, "position": 17, "parents": [5], "genome": "d(35) r(32,158) a(3,62) a(34,94) d(35) a(1,47) a(3,1) a(2,177)", "fitness": 0.0}
{"generation": 7, "position": 18, "parents": [47, 24], "genome": "r(2,69) a(33,97) a(25,77) a(1,95) a(35,38)", "fitness": 0.0}
{"generation": 7, "position": 19, "parents": [47, 24], "genome": "r(34,70) r(2,84) r(35,112) r(32,87) r(28,134) d(35) d(34) d(35) d(34) r(1,35) a(35,70) r(34,158) d(27)", "fitness": 0.0}
{"generation": 7, "position": 20, "parents": [47], "genome": "r(2,69) r(1,35) a(35,70) r(34,158) r(35,52)", "fitness": 0.0}
{"generation": 7, "position": 21, "parents": [24], "genome": "r(34,70) r(2,84) r(35,112) r(32,87) r(28,134) d(35) d(34) d(35) d(34) a(33,97) a(25,77) a(1,95) d(25)", "fitness": 0.0}
{"generation": 7, "position": 22, "parents": [37], "genome": "d(32) d(35) d(34) a(33,78) r(2,83) a(1,112) d(27)", "fitness": 0.0}
{"generation": 7, "position": 23, "parents": [44], "genome": "d(32) d(35) a(34,97) r(34,77) r(1,35) a(35,70) d(33) a(28,48)", "fitness": 0.0}
{"generation": 7, "position": 24, "parents": [23], "genome": "d(28) a(33,97) a(25,77) r(35,48) a(34,112)", "fitness": 0.0}
{"generation": 7, "position": 25, "parents": [59], "genome": "d(35) r(32,158) d(34) a(3,53) d(28) a(27,130) d(33) r(2,82)", "fitness": 0.0}
{"generation": 7, "position": 26, "parents": [1], "genome": "d(28) a(3,62) d(34) d(35) d(34) a(33,97) r(25,170) d(3) d(1)", "fitness": 0.0}
{"generation": 7, "position": 27, "parents": [13], "genome": "r(2,69) d(34) a(35,108) d(35)", "fitness": 0.0}
{"generation": 7, "position": 28, "parents": [54], "genome": "d(32) r(34,52) r(35,112) a(3,53) a(3,76) d(31)", "fitness": 0.0}
{"generation": 7, "position": 29, "parents": [18], "genome": "r(2,69) a(34,78) a(35,28) a(35,112)", "fitness": 0.0}
{"generation": 7, "position": 30, "parents": [34, 18], "genome": "a(3,44) r(34,1) r(27,35) r(2,79) a(35,28) d(25)", "fitness": 0.0}
{"generation": 7, "position": 31, "parents": [34, 18], "genome": "r(2,69) a(34,78) r(32,158) d(34) a(3,53) d(28) d(25) a(33,69) r(35,33)", "fitness": 0.0}
{"generation": 7, "position": 32, "parents": [34], "genome": "a(3,44) r(34,1) r(27,35) r(2,79) r(32,158) d(34) a(3,53) d(28) d(25) a(33,69) a(35,84)", "fitness": 0.0}
{"generation": 7, "position": 33, "parents": [18], "genome": "r(2,69) a(34,78) a(35,28) r(25,37)", "fitness": 0.0}
{"generation": 7, "position": 34, "parents": [49], "genome": "a(3,44) r(34,1) r(27,35) r(35,33) a(31,148) r(2,79) r(31,178) a(1,84) a(1,80) d(28)", "fitness": 0.0}
{"generation": 7, "position": 35, "parents": [23], "genome": "d(28) a(33,97) a(25,77) r(35,48) r(34,138)", "fitness": 0.0}
{"generation": 7, "position": 36, "parents": [23, 25], "genome": "d(28) r(35,36)", "fitness": 0.0}
{"generation": 7, "position": 37, "parents": [23, 25], "genome": "d(28) d(35) r(33,84) d(1) r(27,36) a(33,97) a(25,77) r(35,48) d(25)", "fitness": 0.0}
{"generation": 7, "position": 38, "parents": [23], "genome": "d(28) a(33,97) a(25,77) r(35,48) d(34)", "fitness": 0.0}
{"generation": 7, "position": 39, "parents": [25], "genome": "d(28) d(35) r(33,84) d(1) r(27,36) a(25,46)", "fitness": 0.0}
{"generation": 7, "position": 40, "parents": [14, 4], "genome": "a(3,44) r(34,1) r(27,35) r(28,148) d(35) d(33)", "fitness": 0.0}
{"generation": 7, "position": 41, "parents": [14, 4], "genome": "d(35) d(31) a(34,94) a(33,44) d(27) a(34,176)", "fitness": 0.0}
{"generation": 7, "position": 42, "parents": [14], "genome": "a(3,44) r(34,1) r(27,35) r(28,148) d(35) a(3,170)", "fitness": 0.0}
{"generation": 7, "position": 43, "parents": [4], "genome": "d(35) d(31) a(34,94) a(33,44) d(27) d(34)", "fitness": 0.0}
{"generation": 7, "position": 44, "parents": [32, 24], "genome": "d(28) a(3,62) a(34,94) d(35) d(34) r(27,47) a(33,97) a(25,77) a(1,95) a(25,47)", "fitness": 0.0}
{"generation": 7, "position": 45, "parents": [32, 24], "genome": "r(34,70) r(2,84) r(35,112) r(32,87) r(28,134) d(35) d(34) d(35) d(34) r(32,76) d(27)", "fitness": 0.0}
{"generation": 7, "position": 46, "parents": [32], "genome": "d(28) a(3,62) a(34,94) d(35) d(34) r(27,47) r(32,76) d(2)", "fitness": 0.0}
{"generation": 7, "position": 47, "parents": [24], "genome": "r(34,70) r(2,84) r(35,112) r(32,87) r(28,134) d(35) d(34) d(35) d(34) a(33,97) a(25,77) a(1,95) a(33,25)", "fitness": 0.0}
{"generation": 7, "position": 48, "parents": [25], "genome": "d(28) d(35) r(33,84) d(1) r(27,36) a(25,38)", "fitness": 0.0}
{"generation": 7, "position": 49, "parents": [13], "genome": "r(2,69) d(34) a(35,108) a(28,33)", "fitness": 0.0}
{"generation": 7, "position": 50, "parents": [34], "genome": "a(3,44) r(34,1) r(27,35) r(2,79) r(32,158) d(34) a(3,53) d(28) d(25) a(33,69) r(1,99)", "fitness": 0.0}
{"generation": 7, "position": 51, "parents": [15], "genome": "d(35) r(32,158) d(34) a(3,53) d(28) a(27,130) r(2,97) d(1)", "fitness": 0.0}
{"generation": 7, "position": 52, "parents": [49], "genome": "a(3,44) r(34,1) r(27,35) r(35,33) a(31,148) r(2,79) r(31,178) a(1,84) a(1,80) r(33,86)", "fitness": 0.0}
{"generation": 7, "position": 53, "parents": [33], "genome": "d(32) d(35) d(34) d(35) d(34) a(33,97) r(25,170) a(28,86) d(1)", "fitness": 0.0}
{"generation": 7, "position": 54, "parents": [37, 60], "genome": "d(32) d(35) d(33)", "fitness": 0.0}
{"generation": 7, "position": 55, "parents": [37, 60], "genome": "r(2,69) r(1,35) a(35,70) d(35) d(34) a(33,78) r(2,83) a(1,112) r(27,70)", "fitness": 0.0}
{"generation": 7, "position": 56, "parents": [37], "genome": "d(32) d(35) d(34) a(33,78) r(2,83) a(1,112) a(33,97)", "fitness": 0.0}
{"generation": 8, "position": 0, "parents": [42, 9], "genome": "a(3,44) r(34,1) r(27,35) r(28,148) d(35) a(35,70) r(34,158) r(33,52) r(3,27)", "fitness": 12.0}
{"generation": 8, "position": 1, "parents": [42, 9], "genome": "r(2,69) r(1,35) a(3,170) d(35)", "fitness": 0.0}
{"generation": 8, "position": 2, "parents": [42], "genome": "a(3,44) r(34,1) r(27,35) r(28,148) d(35) a(3,170) a(32,100)", "fitness": 0.0}
{"generation": 8, "position": 3, "parents": [9], "genome": "r(2,69) r(1,35) a(35,70) r(34,158) r(33,52) a(25,27)", "fitness": 0.0}
{"generation": 8, "position": 4, "parents": [21], "genome": "r(34,70) r(2,84) r(35,112) r(32,87) r(28,134) d(35) d(34) d(35) d(34) a(33,97) a(25,77) a(1,95) d(25) a(33,86)", "fitness": 0.0}
{"generation": 8, "position": 5, "parents": [34], "genome": "a(3,44) r(34,1) r(27,35) r(35,33) a(31,148) r(2,79) r(31,178) a(1,84) a(1,80) d(28) d(32)", "fitness": 0.0}
{"generation": 8, "position": 6, "parents": [3, 19], "genome": "d(32) d(35) d(34) a(3,53) d(28) d(27) r(25,178)", "fitness": 12.0}
{"generation": 8, "position": 7, "parents": [3, 19], "genome": "r(34,70) r(2,84) r(35,112) r(32,87) r(28,134) d(35) d(34) d(35) d(34) r(1,35) a(35,70) r(34,158) d(25) a(33,69) r(1,45) r(33,112)", "fitness": 0.0}
{"generation": 8, "position": 8, "parents": [3], "genome": "d(32) d(35) d(34) a(3,53) d(28) d(25) a(33,69) r(1,45) r(33,36)", "fitness": 0.0}
{"generation": 8, "position": 9, "parents": [19], "genome": "r(34,70) r(2,84) r(35,112) r(32,87) r(28,134) d(35) d(34) d(35) d(34) r(1,35) a(35,70) r(34,158) d(27) a(33,76)", "fitness": 0.0}
{"generation": 8, "position": 10, "parents": [29, 23], "genome": "r(2,69) a(34,78) r(34,77) r(1,35) a(35,70) d(33) a(28,48) r(25,32)", "fitness": 0.0}
{"generation": 8, "position": 11, "parents": [29, 23], "genome": "d(32) d(35) a(34,97) a(35,28) a(35,112) r(25,52)", "fitness": 0.0}
{"generation": 8, "position": 12, "parents": [29], "genome": "r(2,69) a(34,78) a(35,28) a(35,112) a(25,57)", "fitness": 0.0}
{"generation": 8, "position": 13, "parents": [23], "genome": "d(32) d(35) a(34,97) r(34,77) r(1,35) a(35,70) d(33) a(28,48) r(28,33)", "fitness": 0.0}
{"generation": 8, "position": 14, "parents": [2], "genome": "a(3,44) r(34,1) r(27,35) r(2,79) r(32,158) r(34,135) d(35) r(33,83) r(31,28) a(1,38)", "fitness": 0.0}
{"generation": 8, "position": 15, "parents": [18], "genome": "r(2,69) a(33,97) a(25,77) a(1,95) a(35,38) r(33,60)", "fitness": 0.0}
{"generation": 8, "position": 16, "parents": [10, 26], "genome": "d(35) r(25,170) d(3) d(1) d(32)", "fitness": 0.0}
{"generation": 8, "position": 17, "parents": [10, 26], "genome": "d(28) a(3,62) d(34) d(35) d(34) a(33,97) r(32,158) d(34) a(3,53) d(28) d(27) a(1,148) d(1)", "fitness": 0.0}
{"generation": 8, "position": 18, "parents": [10], "genome": "d(35) r(32,158) d(34) a(3,53) d(28) d(27) a(1,148) a(1,80)", "fitness": 0.0}
{"generation": 8, "position": 19, "parents": [26], "genome": "d(28) a(3,62) d(34) d(35) d(34) a(33,97) r(25,170) d(3) d(1) a(32,170)", "fitness": 0.0}
{"generation": 8, "position": 20, "parents": [5, 14], "genome": "d(32) d(35) r(34,135) d(35) d(1) d(25) d(32) a(28,69)", "fitness": 0.0}
{"generation": 8, "position": 21, "parents": [5, 14], "genome": "d(28) d(35) r(33,84) r(33,83) a(2,130) a(27,80)", "fitness": 0.0}
{"generation": 8, "position": 22, "parents": [5], "genome": "d(32) d(35) r(34,135) d(35) r(33,83) a(2,130) r(27,138)", "fitness": 0.0}
{"generation": 8, "position": 23, "parents": [14], "genome": "d(28) d(35) r(33,84) d(1) d(25) d(32)", "fitness": 0.0}
{"generation": 8, "position": 24, "parents": [14], "genome": "d(28) d(35) r(33,84) d(1) d(25) d(32)", "fitness": 0.0}
{"generation": 8, "position": 25, "parents": [39], "genome": "d(28) d(35) r(33,84) d(1) r(27,36) a(25,46) a(25,95)", "fitness": 0.0}
{"generation": 8, "position": 26, "parents": [24, 20], "genome": "d(28) a(33,97) a(25,77) r(35,52) r(33,86)", "fitness": 0.0}
{"generation": 8, "position": 27, "parents": [24, 20], "genome": "r(2,69) r(1,35) a(35,70) r(34,158) r(35,48) a(34,112) d(33)", "fitness": 0.0}
{"generation": 8, "position": 28, "parents": [24], "genome": "d(28) a(33,97) a(25,77) r(35,48) a(34,112) d(34)", "fitness": 0.0}
{"generation": 8, "position": 29, "parents": [20], "genome": "r(2,69) r(1,35) a(35,70) r(34,158) r(35,52) d(31)", "fitness": 0.0}
{"generation": 8, "position": 30, "parents": [13], "genome": "d(35) d(31) a(34,94) a(33,44) d(27) d(28) r(34,77)", "fitness": 0.0}
{"generation": 8, "position": 31, "parents": [54], "genome": "d(32) d(35) d(33) r(3,47)", "fitness": 0.0}
{"generation": 8, "position": 32, "parents": [18, 13], "genome": "r(2,69) a(33,97) a(25,77) a(1,95) d(27) d(28) r(35,158)", "fitness": 0.0}
{"generation": 8, "position": 33, "parents": [18, 13], "genome": "d(35) d(31) a(34,94) a(33,44) a(35,38) d(34)", "fitness": 0.0}
{"generation": 8, "position": 34, "parents": [18], "genome": "r(2,69) a(33,97) a(25,77) a(1,95) a(35,38) r(34,134)", "fitness": 0.0}
{"generation": 8, "position": 35, "parents": [13], "genome": "d(35) d(31) a(34,94) a(33,44) d(27) d(28) r(32,87)", "fitness": 0.0}
{"generation": 8, "position": 36, "parents": [23], "genome": "d(32) d(35) a(34,97) r(34,77) r(1,35) a(35,70) d(33) a(28,48) r(27,158)", "fitness": 0.0}
{"generation": 8, "position": 37, "parents": [31], "genome": "r(2,69) a(34,78) r(32,158) d(34) a(3,53) d(28) d(25) a(33,69) r(35,33) r(33,65)", "fitness": 0.0}
{"generation": 8, "position": 38, "parents": [34, 49], "genome": "a(3,44) a(28,33) d(35)", "fitness": 0.0}
{"generation": 8, "position": 39, "parents": [34, 49], "genome": "r(2,69) d(34) a(35,108) r(34,1) r(27,35) r(35,33) a(31,148) r(2,79) r(31,178) a(1,84) a(1,80) d(28) r(32,105)", "fitness": 0.0}
{"generation": 8, "position": 40, "parents": [34], "genome": "a(3,44) r(34,1) r(27,35) r(35,33) a(31,148) r(2,79) r(31,178) a(1,84) a(1,80) d(28) d(1)", "fitness": 0.0}
{"generation": 8, "position": 41, "parents": [49], "genome": "r(2,69) d(34) a(35,108) a(28,33) d(35)", "fitness": 0.0}
{"generation": 8, "position": 42, "parents": [10], "genome": "d(35) r(32,158) d(34) a(3,53) d(28) d(27) a(1,148) d(1)", "fitness": 0.0}
{"generation": 8, "position": 43, "parents": [53], "genome": "d(32) d(35) d(34) d(35) d(34) a(33,97) r(25,170) a(28,86) d(1) r(28,82)", "fitness": 0.0}
{"generation": 8, "position": 44, "parents": [29], "genome": "r(2,69) a(34,78) a(35,28) a(35,112) a(33,65)", "fitness": 0.0}
{"generation": 8, "position": 45, "parents": [44], "genome": "d(28) a(3,62) a(34,94) d(35) d(34) r(27,47) a(33,97) a(25,77) a(1,95) a(25,47) a(1,34)", "fitness": 0.0}
{"generation": 8, "position": 46, "parents": [56], "genome": "d(32) d(35) d(34) a(33,78) r(2,83) a(1,112) a(33,97) d(27)", "fitness": 0.0}
{"generation": 8, "position": 47, "parents": [33], "genome": "r(2,69) a(34,78) a(35,28) r(25,37) r(34,108)", "fitness": 0.0}
{"generation": 8, "position": 48, "parents": [46], "genome": "d(28) a(3,62) a(34,94) d(35) d(34) r(27,47) r(32,76) d(2) a(25,97)", "fitness": 0.0}
{"generation": 8, "position": 49, "parents": [30], "genome": "a(3,44) r(34,1) r(27,35) r(2,79) a(35,28) d(25) a(31,87)", "fitness": 0.0}
{"generation": 8, "position": 50, "parents": [25, 35], "genome": "d(35) r(32,158) d(34) a(3,53) d(28) a(27,130) r(34,138) d(33)", "fitness": 0.0}
{"generation": 8, "position": 51, "parents": [25, 35], "genome": "d(28) a(33,97) a(25,77) r(35,48) d(33) r(2,82) d(1)", "fitness": 0.0}
{"generation": 8, "position": 52, "parents": [25], "genome": "d(35) r(32,158) d(34) a(3,53) d(28) a(27,130) d(33) r(2,82) a(27,86)", "fitness": 0.0}
{"generation": 8, "position": 53, "parents": [35], "genome": "d(28) a(33,97) a(25,77) r(35,48) r(34,138) a(32,64)", "fitness": 0.0}
{"generation": 8, "position": 54, "parents": [38], "genome": "d(28) a(33,97) a(25,77) r(35,48) d(34) d(33)", "fitness": 0.0}
{"generation": 8, "position": 55, "parents": [33], "genome": "r(2,69) a(34,78) a(35,28) r(25,37) r(34,86)", "fitness": 0.0}
{"generation": 8, "position": 56, "parents": [48, 3], "genome": "d(28) d(35) r(33,84) d(1) r(27,36) a(25,38) d(25) a(33,69) r(1,45) a(32,37)", "fitness": 0.0}
{"generation": 8, "position": 57, "parents": [48, 3], "genome": "d(32) d(35) d(34) a(3,53) d(28) r(1,105)", "fitness": 12.0}
{"generation": 8, "position": 58, "parents": [48], "genome": "d(28) d(35) r(33,84) d(1) r(27,36) a(25,38) r(25,50)", "fitness": 0.0}
{"generation": 9, "position": 0, "parents": [23, 58], "genome": "d(28) d(35) r(33,84) d(1) d(25) r(27,36) a(25,38) r(25,50) d(32)", "fitness": 0.0}
{"generation": 9, "position": 1, "parents": [23, 58], "genome": "d(28) d(35) r(33,84) d(1) d(32) r(27,54)", "fitness": 0.0}
{"generation": 9, "position": 2, "parents": [23], "genome": "d(28) d(35) r(33,84) d(1) d(25) d(32)", "fitness": 0.0}
{"generation": 9, "position": 3, "parents": [58], "genome": "d(28) d(35) r(33,84) d(1) r(27,36) a(25,38) r(25,50) d(32)", "fitness": 0.0}
{"generation": 9, "position": 4, "parents": [33, 4], "genome": "d(35) d(31) a(34,94) a(33,44) r(32,87) r(28,134) d(35) d(34) d(35) d(34) a(33,97) a(25,77) a(1,95) d(25) a(33,86) a(1,138)", "fitness": 0.0}
{"generation": 9, "position": 5, "parents": [33, 4], "genome": "r(34,70) r(2,84) r(35,112) a(35,38) d(34) d(27)", "fitness": 0.0}
{"generation": 9, "position": 6, "parents": [33], "genome": "d(35) d(31) a(34,94) a(33,44) a(35,38) d(34) a(3,99)", "fitness": 0.0}
{"generation": 9, "position": 7, "parents": [4], "genome": "r(34,70) r(2,84) r(35,112) r(32,87) r(28,134) d(35) d(34) d(35) d(34) a(33,97) a(25,77) a(1,95) d(25) a(33,86) d(33)", "fitness": 0.0}
{"generation": 9, "position": 8, "parents": [1], "genome": "r(2,69) r(1,35) a(3,170) d(35) a(34,134)", "fitness": 0.0}
{"generation": 9, "position": 9, "parents": [13], "genome": "d(32) d(35) a(34,97) r(34,77) r(1,35) a(35,70) d(33) a(28,48) r(28,33) r(27,177)", "fitness": 0.0}
{"generation": 9, "position": 10, "parents": [46], "genome": "d(32) d(35) d(34) a(33,78) r(2,83) a(1,112) a(33,97) d(27) d(1)", "fitness": 0.0}
{"generation": 9, "position": 11, "parents": [37], "genome": "r(2,69) a(34,78) r(32,158) d(34) a(3,53) d(28) d(25) a(33,69) r(35,33) r(33,65) a(1,28)", "fitness": 0.0}
{"generation": 9, "position": 12, "parents": [19], "genome": "d(28) a(3,62) d(34) d(35) d(34) a(33,97) r(25,170) d(3) d(1) a(32,170) a(33,27)", "fitness": 0.0}
{"generation": 9, "position": 13, "parents": [10], "genome": "r(2,69) a(34,78) r(34,77) r(1,35) a(35,70) d(33) a(28,48) r(25,32) a(28,76)", "fitness": 0.0}
{"generation": 9, "position": 14, "parents": [15, 4], "genome": "r(2,69) a(33,97) a(25,77) a(1,95) r(32,87) r(28,134) d(35) d(34) d(35) d(34) a(33,97) a(25,77) a(1,95) d(25) a(33,86) r(1,80)", "fitness": 0.0}
{"generation": 9, "position": 15, "parents": [15, 4], "genome": "r(34,70) r(2,84) r(35,112) a(35,38) r(33,60) r(25,1)", "fitness": 0.0}
{"generation": 9, "position": 16, "parents": [15], "genome": "r(2,69) a(33,97) a(25,77) a(1,95) a(35,38) r(33,60) a(32,112)", "fitness": 0.0}
{"generation": 9, "position": 17, "parents": [4], "genome": "r(34,70) r(2,84) r(35,112) r(32,87) r(28,134) d(35) d(34) d(35) d(34) a(33,97) a(25,77) a(1,95) d(25) a(33,86) d(1)", "fitness": 0.0}
{"generation": 9, "position": 18, "parents": [28], "genome": "d(28) a(33,97) a(25,77) r(35,48) a(34,112) d(34) a(25,83)", "fitness": 0.0}
{"generation": 9, "position": 19, "parents": [55], "genome": "r(2,69) a(34,78) a(35,28) r(25,37) r(34,86) a(31,44)", "fitness": 0.0}
{"generation": 9, "position": 20, "parents": [33], "genome": "d(35) d(31) a(34,94) a(33,44) a(35,38) d(34) d(32)", "fitness": 0.0}
{"generation": 9, "position": 21, "parents": [49], "genome": "a(3,44) r(34,1) r(27,35) r(2,79) a(35,28) d(25) a(31,87) a(31,80)", "fitness": 0.0}
{"generation": 9, "position": 22, "parents": [21, 21], "genome": "d(28) d(35) r(33,84) r(33,83) a(2,130) a(27,80) a(25,47)", "fitness": 0.0}
{"generation": 9, "position": 23, "parents": [21, 21], "genome": "d(28) d(35) r(33,84) r(33,83) a(2,130) a(27,80) d(3)", "fitness": 12.0}
{"generation": 9, "position": 24, "parents": [21], "genome": "d(28) d(35) r(33,84) r(33,83) a(2,130) a(27,80) a(2,62)", "fitness": 0.0}
{"generation": 9, "position": 25, "parents": [21], "genome": "d(28) d(35) r(33,84) r(33,83) a(2,130) a(27,80) a(27,52)", "fitness": 0.0}
{"generation": 9, "position": 26, "parents": [32, 47], "genome": "r(2,69) a(33,97) a(25,77) a(1,95) d(27) d(28) a(35,28) r(25,37) r(34,108) r(35,51)", "fitness": 0.0}
{"generation": 9, "position": 27, "parents": [32, 47], "genome": "r(2,69) a(34,78) r(35,158) r(34,138)", "fitness": 0.0}
{"generation": 9, "position": 28, "parents": [32], "genome": "r(2,69) a(33,97) a(25,77) a(1,95) d(27) d(28) r(35,158) r(34,84)", "fitness": 0.0}
{"generation": 9, "position": 29, "parents": [47], "genome": "r(2,69) a(34,78) a(35,28) r(25,37) r(34,108) r(35,164)", "fitness": 0.0}
{"generation": 9, "position": 30, "parents": [47], "genome": "r(2,69) a(34,78) a(35,28) r(25,37) r(34,108) a(33,44)", "fitness": 0.0}
{"generation": 9, "position": 31, "parents": [5], "genome": "a(3,44) r(34,1) r(27,35) r(35,33) a(31,148) r(2,79) r(31,178) a(1,84) a(1,80) d(28) d(32) a(33,57)", "fitness": 0.0}
{"generation": 9, "position": 32, "parents": [10], "genome": "r(2,69) a(34,78) r(34,77) r(1,35) a(35,70) d(33) a(28,48) r(25,32) r(28,47)", "fitness": 0.0}
{"generation": 9, "position": 33, "parents": [37], "genome": "r(2,69) a(34,78) r(32,158) d(34) a(3,53) d(28) d(25) a(33,69) r(35,33) r(33,65) a(1,60)", "fitness": 0.0}
{"generation": 9, "position": 34, "parents": [45], "genome": "d(28) a(3,62) a(34,94) d(35) d(34) r(27,47) a(33,97) a(25,77) a(1,95) a(25,47) a(1,34) a(1,53)", "fitness": 0.0}
{"generation": 9, "position": 35, "parents": [53], "genome": "d(28) a(33,97) a(25,77) r(35,48) r(34,138) a(32,64) d(3)", "fitness": 12.0}
{"generation": 9, "position": 36, "parents": [10, 20], "genome": "r(2,69) a(34,78) r(34,77) r(1,35) a(35,70) d(33) a(28,48) d(1) d(25) d(32) a(28,69) d(31)", "fitness": 0.0}
{"generation": 9, "position": 37, "parents": [10, 20], "genome": "d(32) d(35) r(34,135) d(35) r(25,32) r(1,37)", "fitness": 0.0}
{"generation": 9, "position": 38, "parents": [10], "genome": "r(2,69) a(34,78) r(34,77) r(1,35) a(35,70) d(33) a(28,48) r(25,32) a(32,54)", "fitness": 0.0}
{"generation": 9, "position": 39, "parents": [20], "genome": "d(32) d(35) r(34,135) d(35) d(1) d(25) d(32) a(28,69) d(33)", "fitness": 0.0}
{"generation": 9, "position": 40, "parents": [4], "genome": "r(34,70) r(2,84) r(35,112) r(32,87) r(28,134) d(35) d(34) d(35) d(34) a(33,97) a(25,77) a(1,95) d(25) a(33,86) a(33,76)", "fitness": 0.0}
{"generation": 9, "position": 41, "parents": [23], "genome": "d(28) d(35) r(33,84) d(1) d(25) d(32)", "fitness": 0.0}
{"generation": 9, "position": 42, "parents": [51, 53], "genome": "d(28) a(33,97) a(25,77) r(35,48) d(33) r(2,82) d(1) r(34,138) a(32,64) a(27,36)", "fitness": 0.0}
{"generation": 9, "position": 43, "parents": [51, 53], "genome": "d(28) a(33,97) a(25,77) r(35,48) r(34,44)", "fitness": 0.0}
{"generation": 9, "position": 44, "parents": [51], "genome": "d(28) a(33,97) a(25,77) r(35,48) d(33) r(2,82) d(1) d(32)", "fitness": 0.0}
{"generation": 9, "position": 45, "parents": [53], "genome": "d(28) a(33,97) a(25,77) r(35,48) r(34,138) a(32,64) d(3)", "fitness": 12.0}
{"generation": 9, "position": 46, "parents": [40], "genome": "a(3,44) r(34,1) r(27,35) r(35,33) a(31,148) r(2,79) r(31,178) a(1,84) a(1,80) d(28) d(1) d(32)", "fitness": 0.0}
{"generation": 9, "position": 47, "parents": [29], "genome": "r(2,69) r(1,35) a(35,70) r(34,158) r(35,52) d(31) a(25,112)", "fitness": 0.0}
{"generation": 9, "position": 48, "parents": [4], "genome": "r(34,70) r(2,84) r(35,112) r(32,87) r(28,134) d(35) d(34) d(35) d(34) a(33,97) a(25,77) a(1,95) d(25) a(33,86) a(1,53)", "fitness": 0.0}
{"generation": 9, "position": 49, "parents": [3], "genome": "r(2,69) r(1,35) a(35,70) r(34,158) r(33,52) a(25,27) r(27,84)", "fitness": 0.0}
{"generation": 9, "position": 50, "parents": [35], "genome": "d(35) d(31) a(34,94) a(33,44) d(27) d(28) r(32,87) d(34)", "fitness": 0.0}
{"generation": 9, "position": 51, "parents": [38], "genome": "a(3,44) a(28,33) d(35) a(28,33)", "fitness": 0.0}
{"generation": 9, "position": 52, "parents": [58, 23], "genome": "d(28) d(35) r(33,84) d(1) d(25) d(32)", "fitness": 0.0}
{"generation": 9, "position": 53, "parents": [58, 23], "genome": "d(28) d(35) r(33,84) d(1) r(27,36) a(25,38) r(25,50) r(32,130)", "fitness": 0.0}
{"generation": 9, "position": 54, "parents": [58], "genome": "d(28) d(35) r(33,84) d(1) r(27,36) a(25,38) r(25,50) d(32)", "fitness": 0.0}
{"generation": 10, "position": 0, "parents": [27, 21], "genome": "r(2,69) a(34,78) r(35,158) r(34,138) r(2,79) a(35,28) d(25) a(31,87) a(31,80) d(1)", "fitness": 4.0}
{"generation": 10, "position": 1, "parents": [27, 21], "genome": "a(3,44) r(34,1) r(27,35) r(35,34)", "fitness": 0.0}
{"generation": 10, "position": 2, "parents": [27], "genome": "r(2,69) a(34,78) r(35,158) r(34,138) a(33,27)", "fitness": 0.0}
{"generation": 10, "position": 3, "parents": [21], "genome": "a(3,44) r(34,1) r(27,35) r(2,79) a(35,28) d(25) a(31,87) a(31,80) a(33,99)", "fitness": 0.0}
{"generation": 10, "position": 4, "parents": [21], "genome": "a(3,44) r(34,1) r(27,35) r(2,79) a(35,28) d(25) a(31,87) a(31,80) d(35)", "fitness": 0.0}
{"generation": 10, "position": 5, "parents": [7], "genome": "r(34,70) r(2,84) r(35,112) r(32,87) r(28,134) d(35) d(34) d(35) d(34) a(33,97) a(25,77) a(1,95) d(25) a(33,86) d(33) d(1)", "fitness": 0.0}
{"generation": 10, "position": 6, "parents": [3], "genome": "d(28) d(35) r(33,84) d(1) r(27,36) a(25,38) r(25,50) d(32)", "fitness": 0.0}
{"generation": 10, "position": 7, "parents": [30], "genome": "r(2,69) a(34,78) a(35,28) r(25,37) r(34,108) a(33,44) d(35)", "fitness": 0.0}
{"generation": 10, "position": 8, "parents": [0, 48], "genome": "d(28) d(35) r(33,84) a(1,95) d(25) a(33,86) a(1,53) d(2)", "fitness": 0.0}
{"generation": 10, "position": 9, "parents": [0, 48], "genome": "r(34,70) r(2,84) r(35,112) r(32,87) r(28,134) d(35) d(34) d(35) d(34) a(33,97) a(25,77) d(1) d(25) r(27,36) a(25,38) r(25,50) d(32) d(33)", "fitness": 0.0}
{"generation": 10, "position": 10, "parents": [0], "genome": "d(28) d(35) r(33,84) d(1) d(25) r(27,36) a(25,38) r(25,50) d(32)", "fitness": 0.0}
{"generation": 10, "position": 11, "parents": [48], "genome": "r(34,70) r(2,84) r(35,112) r(32,87) r(28,134) d(35) d(34) d(35) d(34) a(33,97) a(25,77) a(1,95) d(25) a(33,86) a(1,53) d(33)", "fitness": 0.0}
{"generation": 10, "position": 12, "parents": [50, 4], "genome": "d(35) d(31) a(34,94) a(33,44) d(27) d(28) r(32,87) d(34) d(34) d(35) d(34) a(33,97) a(25,77) a(1,95) d(25) a(33,86) a(1,138) d(2)", "fitness": 0.0}
{"generation": 10, "position": 13, "parents": [50, 4], "genome": "d(35) d(31) a(34,94) a(33,44) r(32,87) r(28,134) d(35) d(34)", "fitness": 12.0}
{"generation": 10, "position": 14, "parents": [50], "genome": "d(35) d(31) a(34,94) a(33,44) d(27) d(28) r(32,87) d(34) a(33,95)", "fitness": 0.0}
{"generation": 10, "position": 15, "parents": [4], "genome": "d(35) d(31) a(34,94) a(33,44) r(32,87) r(28,134) d(35) d(34) d(35) d(34) a(33,97) a(25,77) a(1,95) d(25) a(33,86) a(1,138) d(33)", "fitness": 0.0}
{"generation": 10, "position": 16, "parents": [36, 1], "genome": "r(2,69) a(34,78) r(34,77) r(1,35) a(35,70) d(33) a(28,48) d(1) d(25) d(32) a(28,69) d(31) d(1) d(32) r(27,54) d(28)", "fitness": 0.0}
{"generation": 10, "position": 17, "parents": [36, 1], "genome": "d(28) d(35) r(33,84) d(27)", "fitness": 0.0}
{"generation": 10, "position": 18, "parents": [36], "genome": "r(2,69) a(34,78) r(34,77) r(1,35) a(35,70) d(33) a(28,48) d(1) d(25) d(32) a(28,69) d(31) a(28,34)", "fitness": 0.0}
{"generation": 10, "position": 19, "parents": [1], "genome": "d(28) d(35) r(33,84) d(1) d(32) r(27,54) r(25,134)", "fitness": 12.0}
{"generation": 10, "position": 20, "parents": [27], "genome": "r(2,69) a(34,78) r(35,158) r(34,138) r(31,135)", "fitness": 0.0}
{"generation": 10, "position": 21, "parents": [20], "genome": "d(35) d(31) a(34,94) a(33,44) a(35,38) d(34) d(32) r(33,32)", "fitness": 0.0}
{"generation": 10, "position": 22, "parents": [24, 2], "genome": "d(28) d(35)", "fitness": 0.0}
{"generation": 10, "position": 23, "parents": [24, 2], "genome": "d(28) d(35) r(33,84) d(1) d(25) d(32) d(35) r(33,84) r(33,83) a(2,130) a(27,80) a(2,62)", "fitness": 0.0}
{"generation": 10, "position": 24, "parents": [24], "genome": "d(28) d(35) r(33,84) r(33,83) a(2,130) a(27,80) a(2,62) r(25,177)", "fitness": 0.0}
{"generation": 10, "position": 25, "parents": [2], "genome": "d(28) d(35) r(33,84) d(1) d(25) d(32)", "fitness": 0.0}
{"generation": 10, "position": 26, "parents": [10, 51], "genome": "d(32) d(35) d(34) a(33,78) d(35) a(28,33) a(2,79)", "fitness": 0.0}
{"generation": 10, "position": 27, "parents": [10, 51], "genome": "a(3,44) a(28,33) r(2,83) a(1,112) a(33,97) d(27) d(1) d(35)", "fitness": 0.0}
{"generation": 10, "position": 28, "parents": [10], "genome": "d(32) d(35) d(34) a(33,78) r(2,83) a(1,112) a(33,97) d(27) d(1) d(28)", "fitness": 0.0}
{"generation": 10, "position": 29, "parents": [51], "genome": "a(3,44) a(28,33) d(35) a(28,33) a(31,70)", "fitness": 0.0}
{"generation": 10, "position": 30, "parents": [16, 5], "genome": "r(2,69) a(33,97) a(25,77) a(1,95) a(35,38) r(33,60) a(32,112) d(34) d(27) d(31)", "fitness": 0.0}
{"generation": 10, "position": 31, "parents": [16, 5], "genome": "r(34,70) r(2,84) r(35,112) a(35,38) d(27)", "fitness": 0.0}
{"generation": 10, "position": 32, "parents": [16], "genome": "r(2,69) a(33,97) a(25,77) a(1,95) a(35,38) r(33,60) a(32,112) a(1,108)", "fitness": 0.0}
{"generation": 10, "position": 33, "parents": [5], "genome": "r(34,70) r(2,84) r(35,112) a(35,38) d(34) d(27) d(28)", "fitness": 0.0}
{"generation": 10, "position": 34, "parents": [44, 15], "genome": "d(28) a(33,97) a(25,77) r(35,48) r(25,1) d(34)", "fitness": 0.0}
{"generation": 10, "position": 35, "parents": [44, 15], "genome": "r(34,70) r(2,84) r(35,112) a(35,38) r(33,60) d(33) r(2,82) d(1) d(32) r(31,178)", "fitness": 12.0}
{"generation": 10, "position": 36, "parents": [44], "genome": "d(28) a(33,97) a(25,77) r(35,48) d(33) r(2,82) d(1) d(32) d(25)", "fitness": 0.0}
{"generation": 10, "position": 37, "parents": [15], "genome": "r(34,70) r(2,84) r(35,112) a(35,38) r(33,60) r(25,1) a(28,100)", "fitness": 0.0}
{"generation": 10, "position": 38, "parents": [28, 8], "genome": "r(2,69) a(33,97) a(25,77) a(1,95) d(27) r(1,35) a(3,170) d(35) a(34,134) d(33)", "fitness": 0.0}
{"generation": 10, "position": 39, "parents": [28, 8], "genome": "r(2,69) d(28) r(35,158) r(34,84) r(27,38)", "fitness": 0.0}
{"generation": 10, "position": 40, "parents": [28], "genome": "r(2,69) a(33,97) a(25,77) a(1,95) d(27) d(28) r(35,158) r(34,84) r(32,47)", "fitness": 0.0}
{"generation": 10, "position": 41, "parents": [8], "genome": "r(2,69) r(1,35) a(3,170) d(35) a(34,134) d(34)", "fitness": 0.0}
{"generation": 10, "position": 42, "parents": [33], "genome": "r(2,69) a(34,78) r(32,158) d(34) a(3,53) d(28) d(25) a(33,69) r(35,33) r(33,65) a(1,60) a(1,112)", "fitness": 0.0}
{"generation": 10, "position": 43, "parents": [42], "genome": "d(28) a(33,97) a(25,77) r(35,48) d(33) r(2,82) d(1) r(34,138) a(32,64) a(27,36) d(27)", "fitness": 0.0}
{"generation": 10, "position": 44, "parents": [47, 53], "genome": "r(2,69) r(33,84) d(1) r(27,36) a(25,38) r(25,50) r(32,130) r(31,49)", "fitness": 0.0}
{"generation": 10, "position": 45, "parents": [47, 53], "genome": "d(28) d(35) r(1,35) a(35,70) r(34,158) r(35,52) d(31) a(25,112) r(33,53)", "fitness": 0.0}
{"generation": 10, "position": 46, "parents": [47], "genome": "r(2,69) r(1,35) a(35,70) r(34,158) r(35,52) d(31) a(25,112) r(28,148)", "fitness": 0.0}
{"generation": 10, "position": 47, "parents": [53], "genome": "d(28) d(35) r(33,84) d(1) r(27,36) a(25,38) r(25,50) r(32,130)", "fitness": 0.0}
{"generation": 10, "position": 48, "parents": [28], "genome": "r(2,69) a(33,97) a(25,77) a(1,95) d(27) d(28) r(35,158) r(34,84) r(1,38)", "fitness": 0.0}
{"generation": 10, "position": 49, "parents": [16], "genome": "r(2,69) a(33,97) a(25,77) a(1,95) a(35,38) r(33,60) a(32,112) a(32,35)", "fitness": 0.0}
{"generation": 10, "position": 50, "parents": [55, 27], "genome": "d(28) d(35) a(34,78) r(35,158) r(34,138) a(3,164)", "fitness": 0.0}
{"generation": 10, "position": 51, "parents": [55, 27], "genome": "r(2,69) r(33,84) d(1) d(25) d(32) r(31,57)", "fitness": 0.0}
{"generation": 10, "position": 52, "parents": [55], "genome": "d(28) d(35) r(33,84) d(1) d(25) d(32)", "fitness": 0.0}
{"generation": 10, "position": 53, "parents": [27], "genome": "r(2,69) a(34,78) r(35,158) r(34,138) d(33)", "fitness": 0.0}
{"generation": 10, "position": 54, "parents": [48], "genome": "r(34,70) r(2,84) r(35,112) r(32,87) r(28,134) d(35) d(34) d(35) d(34) a(33,97) a(25,77) a(1,95) d(25) a(33,86) a(1,53) a(1,60)", "fitness": 0.0}
{"generation": 10, "position": 55, "parents": [44], "genome": "d(28) a(33,97) a(25,77) r(35,48) d(33) r(2,82) d(1) d(32) a(27,87)", "fitness": 0.0}
{"generation": 10, "position": 56, "parents": [44], "genome": "d(28) a(33,97) a(25,77) r(35,48) d(33) r(2,82) d(1) d(32) r(27,177)", "fitness": 0.0}
{"generation": 10, "position": 57, "parents": [14], "genome": "r(2,69) a(33,97) a(25,77) a(1,95) r(32,87) r(28,134) d(35) d(34) d(35) d(34) a(33,97) a(25,77) a(1,95) d(25) a(33,86) r(1,80) d(33)", "fitness": 0.0}
{"generation": 10, "position": 58, "parents": [14], "genome": "r(2,69) a(33,97) a(25,77) a(1,95) r(32,87) r(28,134) d(35) d(34) d(35) d(34) a(33,97) a(25,77) a(1,95) d(25) a(33,86) r(1,80) a(33,36)", "fitness": 0.0}
{"generation": 10, "position": 59, "parents": [17], "genome": "r(34,70) r(2,84) r(35,112) r(32,87) r(28,134) d(35) d(34) d(35) d(34) a(33,97) a(25,77) a(1,95) d(25) a(33,86) d(1) r(33,83)", "fitness": 0.0}
{"generation": 10, "position": 60, "parents": [27, 7], "genome": "r(2,69) a(34,78) r(35,158) r(34,138) d(33) a(25,77)", "fitness": 0.0}
{"generation": 10, "position": 61, "parents": [27, 7], "genome": "r(34,70) r(2,84) r(35,112) r(32,87) r(28,134) d(35) d(34) d(35) d(34) a(33,97) a(25,77) a(1,95) d(25) a(33,86) r(33,54)", "fitness": 0.0}
{"generation": 10, "position": 62, "parents": [27], "genome": "r(2,69) a(34,78) r(35,158) r(34,138) a(25,54)", "fitness": 0.0}