[meta]
{"program": "genprog-3.0", "problem": {"ideal_fitness": "12", "type": "repair", "name": "ultrix-look", "enclosure": {"1": 0, "2": 1, "3": 2, "4": 3, "7": 1, "8": 7, "10": 0, "12": 0, "14": 0, "15": 0, "16": 15, "17": 15, "22": 7, "23": 1, "24": 1, "25": 0, "26": 25, "27": 25, "28": 0, "29": 28, "30": 28, "31": 28, "32": 0, "33": 0, "34": 33, "35": 33, "36": 33, "37": 0, "38": 0, "39": 38, "40": 38, "41": 40, "42": 40, "43": 40, "44": 38, "45": 0, "46": 0, "47": 0, "48": 0, "49": 0, "50": 49, "51": 49, "52": 49, "53": 52, "54": 52, "55": 52, "56": 55, "57": 56, "60": 49, "61": 49, "62": 61, "64": 49, "65": 49, "67": 0, "69": 67, "70": 0, "72": 0, "75": 49, "76": 0, "77": 0, "78": 77, "79": 77, "80": 79, "82": 77, "83": 77, "84": 83, "85": 83, "86": 77, "87": 77, "89": 0, "90": 0, "94": 0, "95": 94, "96": 94, "97": 96, "99": 94, "100": 94, "102": 0, "105": 0, "106": 0, "107": 106, "108": 107, "110": 106, "111": 110, "112": 110, "113": 106, "114": 106, "115": 0, "116": 115, "117": 115, "118": 117, "119": 117, "120": 119, "121": 119, "122": 117, "123": 115, "124": 0, "125": 0, "126": 0, "127": 126, "128": 126, "129": 126, "130": 129, "132": 126, "133": 126, "134": 133, "135": 133, "136": 126, "138": 136, "139": 126, "140": 126, "141": 126, "142": 0, "143": 142, "144": 143, "146": 142, "147": 0, "148": 0, "149": 0, "150": 0, "151": 150, "152": 150, "153": 150, "154": 150, "155": 150, "156": 155, "158": 155, "159": 150, "160": 159, "161": 159, "162": 161, "164": 159, "165": 150, "166": 165, "167": 165, "168": 167, "169": 167, "170": 165, "171": 150, "172": 150, "173": 150, "174": 173, "176": 173, "177": 150, "178": 0}}, "version": "0.0.2", "seed": 12, "algorithm": {"representation": "patch", "type": "genetic", "name": "ALGORITHM-NAME"}}

[data]
{"generation": 0, "position": 0, "parents": [], "genome": "r(25,50)", "fitness": 4.0}
{"generation": 0, "position": 1, "parents": [], "genome": "a(27,164)", "fitness": 4.0}
{"generation": 0, "position": 2, "parents": [], "genome": "r(35,64)", "fitness": 4.0}
{"generation": 0, "position": 3, "parents": [], "genome": "a(35,28)", "fitness": 4.0}
{"generation": 0, "position": 4, "parents": [], "genome": "a(35,80)", "fitness": 4.0}
{"generation": 0, "position": 5, "parents": [], "genome": "r(35,44)", "fitness": 4.0}
{"generation": 0, "position": 6, "parents": [], "genome": "a(34,82)", "fitness": 4.0}
{"generation": 0, "position": 7, "parents": [], "genome": "a(34,95)", "fitness": 4.0}
{"generation": 0, "position": 8, "parents": [], "genome": "a(34,112)", "fitness": 4.0}
{"generation": 0, "position": 9, "parents": [], "genome": "r(35,76)", "fitness": 4.0}
{"generation": 0, "position": 10, "parents": [], "genome": "a(35,108)", "fitness": 4.0}
{"generation": 0, "position": 11, "parents": [], "genome": "a(27,94)", "fitness": 0.0}
{"generation": 0, "position": 12, "parents": [], "genome": "d(33)", "fitness": 4.0}
{"generation": 0, "position": 13, "parents": [], "genome": "a(34,47)", "fitness": 4.0}
{"generation": 0, "position": 14, "parents": [], "genome": "r(1,27)", "fitness": 4.0}
{"generation": 0, "position": 15, "parents": [], "genome": "d(35)", "fitness": 4.0}
{"generation": 0, "position": 16, "parents": [], "genome": "r(1,34)", "fitness": 4.0}
{"generation": 0, "position": 17, "parents": [], "genome": "d(34)", "fitness": 4.0}
{"generation": 0, "position": 18, "parents": [], "genome": "a(35,138)", "fitness": 4.0}
{"generation": 0, "position": 19, "parents": [], "genome": "r(34,60)", "fitness": 4.0}
{"generation": 0, "position": 20, "parents": [], "genome": "r(31,83)", "fitness": 0.0}
{"generation": 0, "position": 21, "parents": [], "genome": "d(34)", "fitness": 4.0}
{"generation": 0, "position": 22, "parents": [], "genome": "a(35,32)", "fitness": 4.0}
{"generation": 0, "position": 23, "parents": [], "genome": "d(34)", "fitness": 4.0}
{"generation": 0, "position": 24, "parents": [], "genome": "d(34)", "fitness": 4.0}
{"generation": 0, "position": 25, "parents": [], "genome": "r(35,53)", "fitness": 4.0}
{"generation": 0, "position": 26, "parents": [], "genome": "a(25,86)", "fitness": 4.0}
{"generation": 0, "position": 27, "parents": [], "genome": "a(35,95)", "fitness": 4.0}
{"generation": 0, "position": 28, "parents": [], "genome": "r(35,100)", "fitness": 4.0}
{"generation": 0, "position": 29, "parents": [], "genome": "a(34,32)", "fitness": 4.0}
{"generation": 0, "position": 30, "parents": [], "genome": "a(27,65)", "fitness": 4.0}
{"generation": 0, "position": 31, "parents": [], "genome": "d(33)", "fitness": 4.0}
{"generation": 0, "position": 32, "parents": [], "genome": "r(31,37)", "fitness": 0.0}
{"generation": 0, "position": 33, "parents": [], "genome": "d(28)", "fitness": 0.0}
{"generation": 0, "position": 34, "parents": [], "genome": "r(28,49)", "fitness": 0.0}
{"generation": 0, "position": 35, "parents": [], "genome": "d(3)", "fitness": 12.0}
{"generation": 0, "position": 36, "parents": [], "genome": "a(35,57)", "fitness": 4.0}
{"generation": 0, "position": 37, "parents": [], "genome": "d(34)", "fitness": 4.0}
{"generation": 0, "position": 38, "parents": [], "genome": "a(2,176)", "fitness": 4.0}
{"generation": 0, "position": 39, "parents": [], "genome": "original", "fitness": 4.0}
{"generation": 1, "position": 0, "parents": [20, 23], "genome": "r(31,83) d(34)", "fitness": 0.0}
{"generation": 1, "position": 1, "parents": [20, 23], "genome": "d(34) a(33,148)", "fitness": 0.0}
{"generation": 1, "position": 2, "parents": [20], "genome": "r(31,83) a(34,54)", "fitness": 0.0}
{"generation": 1, "position": 3, "parents": [23], "genome": "d(34) d(31)", "fitness": 0.0}
{"generation": 1, "position": 4, "parents": [24], "genome": "d(34) a(35,134)", "fitness": 4.0}
{"generation": 1, "position": 5, "parents": [22], "genome": "a(35,32) r(35,177)", "fitness": 4.0}
{"generation": 1, "position": 6, "parents": [24], "genome": "d(34) a(35,31)", "fitness": 4.0}
{"generation": 1, "position": 7, "parents": [20], "genome": "r(31,83) r(34,32)", "fitness": 0.0}
{"generation": 1, "position": 8, "parents": [19, 7], "genome": "r(34,60) r(31,86)", "fitness": 0.0}
{"generation": 1, "position": 9, "parents": [19, 7], "genome": "a(34,95) r(35,54)", "fitness": 4.0}
{"generation": 1, "position": 10, "parents": [19], "genome": "r(34,60) a(35,28)", "fitness": 4.0}
{"generation": 1, "position": 11, "parents": [7], "genome": "a(34,95) a(35,54)", "fitness": 4.0}
{"generation": 1, "position": 12, "parents": [21], "genome": "d(34) d(3)", "fitness": 12.0}
{"generation": 1, "position": 13, "parents": [20], "genome": "r(31,83) a(25,57)", "fitness": 0.0}
{"generation": 1, "position": 14, "parents": [14, 16], "genome": "r(1,27) d(32)", "fitness": 0.0}
{"generation": 1, "position": 15, "parents": [14, 16], "genome": "r(1,34) a(35,176)", "fitness": 4.0}
{"generation": 1, "position": 16, "parents": [14], "genome": "r(1,27) a(35,45)", "fitness": 4.0}
{"generation": 1, "position": 17, "parents": [16], "genome": "r(1,34) d(34)", "fitness": 4.0}
{"generation": 1, "position": 18, "parents": [1], "genome": "a(27,164) d(35)", "fitness": 4.0}
{"generation": 1, "position": 19, "parents": [29], "genome": "a(34,32) d(31)", "fitness": 0.0}
{"generation": 1, "position": 20, "parents": [33], "genome": "d(28) r(35,57)", "fitness": 0.0}
{"generation": 1, "position": 21, "parents": [21], "genome": "d(34) r(35,32)", "fitness": 4.0}
{"generation": 1, "position": 22, "parents": [29, 32], "genome": "a(34,32) r(1,60)", "fitness": 0.0}
{"generation": 1, "position": 23, "parents": [29, 32], "genome": "r(31,37) a(32,34)", "fitness": 0.0}
{"generation": 1, "position": 24, "parents": [29], "genome": "a(34,32) r(3,38)", "fitness": 12.0}
{"generation": 1, "position": 25, "parents": [32], "genome": "r(31,37) a(34,57)", "fitness": 0.0}
{"generation": 1, "position": 26, "parents": [2, 15], "genome": "r(35,64) r(27,80)", "fitness": 4.0}
{"generation": 1, "position": 27, "parents": [2, 15], "genome": "d(35) d(25)", "fitness": 4.0}
{"generation": 1, "position": 28, "parents": [2], "genome": "r(35,64) r(32,69)", "fitness": 0.0}
{"generation": 1, "position": 29, "parents": [15], "genome": "d(35) a(34,49)", "fitness": 4.0}
{"generation": 1, "position": 30, "parents": [34], "genome": "r(28,49) a(34,170)", "fitness": 0.0}
{"generation": 1, "position": 31, "parents": [38], "genome": "a(2,176) a(34,99)", "fitness": 4.0}
{"generation": 1, "position": 32, "parents": [6], "genome": "a(34,82) d(2)", "fitness": 0.0}
{"generation": 1, "position": 33, "parents": [6], "genome": "a(34,82) d(3)", "fitness": 12.0}
{"generation": 1, "position": 34, "parents": [27, 18], "genome": "a(35,95) d(35)", "fitness": 4.0}
{"generation": 1, "position": 35, "parents": [27, 18], "genome": "a(35,138) r(27,1)", "fitness": 4.0}
{"generation": 1, "position": 36, "parents": [27], "genome": "a(35,95) d(1)", "fitness": 4.0}
{"generation": 1, "position": 37, "parents": [18], "genome": "a(35,138) a(34,176)", "fitness": 4.0}
{"generation": 1, "position": 38, "parents": [14, 23], "genome": "r(1,27) d(34)", "fitness": 4.0}
{"generation": 1, "position": 39, "parents": [14, 23], "genome": "d(34) a(35,31)", "fitness": 4.0}
{"generation": 1, "position": 40, "parents": [14], "genome": "r(1,27) r(34,82)", "fitness": 4.0}
{"generation": 1, "position": 41, "parents": [23], "genome": "d(34) r(35,34)", "fitness": 4.0}
{"generation": 1, "position": 42, "parents": [5, 9], "genome": "r(35,44) d(34)", "fitness": 4.0}
{"generation": 1, "position": 43, "parents": [5, 9], "genome": "r(35,76) d(32)", "fitness": 0.0}
{"generation": 1, "position": 44, "parents": [5], "genome": "r(35,44) r(34,112)", "fitness": 4.0}
{"generation": 1, "position": 45, "parents": [9], "genome": "r(35,76) d(27)", "fitness": 4.0}
{"generation": 1, "position": 46, "parents": [20, 37], "genome": "r(31,83) r(34,62)", "fitness": 0.0}
{"generation": 1, "position": 47, "parents": [20, 37], "genome": "d(34) a(28,105)", "fitness": 12.0}
{"generation": 1, "position": 48, "parents": [20], "genome": "r(31,83) d(34)", "fitness": 0.0}
{"generation": 1, "position": 49, "parents": [37], "genome": "d(34) d(35)", "fitness": 4.0}
{"generation": 1, "position": 50, "parents": [5, 6], "genome": "r(35,44) a(34,54)", "fitness": 4.0}
{"generation": 1, "position": 51, "parents": [5, 6], "genome": "a(34,82) d(34)", "fitness": 4.0}
{"generation": 1, "position": 52, "parents": [5], "genome": "r(35,44) r(28,82)", "fitness": 0.0}
{"generation": 1, "position": 53, "parents": [6], "genome": "a(34,82) a(27,148)", "fitness": 0.0}
{"generation": 1, "position": 54, "parents": [12], "genome": "d(33) r(27,83)", "fitness": 4.0}
{"generation": 1, "position": 55, "parents": [29], "genome": "a(34,32) d(34)", "fitness": 4.0}
{"generation": 1, "position": 56, "parents": [11], "genome": "a(27,94) d(31)", "fitness": 0.0}
{"generation": 1, "position": 57, "parents": [32], "genome": "r(31,37) a(34,108)", "fitness": 0.0}
{"generation": 1, "position": 58, "parents": [33, 33], "genome": "d(28) r(35,60)", "fitness": 0.0}
{"generation": 1, "position": 59, "parents": [33, 33], "genome": "d(28) r(27,105)", "fitness": 12.0}
{"generation": 1, "position": 60, "parents": [33], "genome": "d(28) a(34,27)", "fitness": 0.0}
{"generation": 2, "position": 0, "parents": [39], "genome": "d(34) a(35,31) r(35,51)", "fitness": 4.0}
{"generation": 2, "position": 1, "parents": [9], "genome": "a(34,95) r(35,54) r(34,134)", "fitness": 4.0}
{"generation": 2, "position": 2, "parents": [50], "genome": "r(35,44) a(34,54) a(2,78)", "fitness": 4.0}
{"generation": 2, "position": 3, "parents": [1], "genome": "d(34) a(33,148) a(25,97)", "fitness": 0.0}
{"generation": 2, "position": 4, "parents": [31, 0], "genome": "a(2,176) d(34) r(28,60)", "fitness": 0.0}
{"generation": 2, "position": 5, "parents": [31, 0], "genome": "r(31,83) a(34,99) a(1,100)", "fitness": 0.0}
{"generation": 2, "position": 6, "parents": [31], "genome": "a(2,176) a(34,99) r(34,36)", "fitness": 4.0}
{"generation": 2, "position": 7, "parents": [0], "genome": "r(31,83) d(34) a(3,176)", "fitness": 0.0}
{"generation": 2, "position": 8, "parents": [45, 25], "genome": "r(35,76) d(27) a(34,57) d(2)", "fitness": 0.0}
{"generation": 2, "position": 9, "parents": [45, 25], "genome": "r(31,37) r(2,53)", "fitness": 0.0}
{"generation": 2, "position": 10, "parents": [45], "genome": "r(35,76) d(27) d(34)", "fitness": 4.0}
{"generation": 2, "position": 11, "parents": [25], "genome": "r(31,37) a(34,57) a(34,99)", "fitness": 0.0}
{"generation": 2, "position": 12, "parents": [14], "genome": "r(1,27) d(32) r(33,64)", "fitness": 0.0}
{"generation": 2, "position": 13, "parents": [15], "genome": "r(1,34) a(35,176) r(34,176)", "fitness": 4.0}
{"generation": 2, "position": 14, "parents": [60, 44], "genome": "d(28) a(34,27) r(34,112) a(35,170)", "fitness": 0.0}
{"generation": 2, "position": 15, "parents": [60, 44], "genome": "r(35,44) a(34,97)", "fitness": 4.0}
{"generation": 2, "position": 16, "parents": [60], "genome": "d(28) a(34,27) r(34,51)", "fitness": 0.0}
{"generation": 2, "position": 17, "parents": [44], "genome": "r(35,44) r(34,112) a(2,177)", "fitness": 4.0}
{"generation": 2, "position": 18, "parents": [43], "genome": "r(35,76) d(32) a(34,86)", "fitness": 0.0}
{"generation": 2, "position": 19, "parents": [48], "genome": "r(31,83) d(34) a(28,36)", "fitness": 0.0}
{"generation": 2, "position": 20, "parents": [0, 19], "genome": "r(31,83) d(34) d(28)", "fitness": 0.0}
{"generation": 2, "position": 21, "parents": [0, 19], "genome": "a(34,32) d(31) r(35,84)", "fitness": 0.0}
{"generation": 2, "position": 22, "parents": [0], "genome": "r(31,83) d(34) d(3)", "fitness": 12.0}
{"generation": 2, "position": 23, "parents": [19], "genome": "a(34,32) d(31) a(34,87)", "fitness": 0.0}
{"generation": 2, "position": 24, "parents": [45, 8], "genome": "r(35,76) r(31,86) r(34,36)", "fitness": 0.0}
{"generation": 2, "position": 25, "parents": [45, 8], "genome": "r(34,60) d(27) a(35,87)", "fitness": 4.0}
{"generation": 2, "position": 26, "parents": [45], "genome": "r(35,76) d(27) r(25,38)", "fitness": 4.0}
{"generation": 2, "position": 27, "parents": [8], "genome": "r(34,60) r(31,86) a(35,86)", "fitness": 0.0}
{"generation": 2, "position": 28, "parents": [35], "genome": "a(35,138) r(27,1) a(3,178)", "fitness": 4.0}
{"generation": 2, "position": 29, "parents": [58], "genome": "d(28) r(35,60) a(2,82)", "fitness": 0.0}
{"generation": 2, "position": 30, "parents": [21, 34], "genome": "d(34) r(35,32) a(28,76)", "fitness": 0.0}
{"generation": 2, "position": 31, "parents": [21, 34], "genome": "a(35,95) d(35) d(34)", "fitness": 4.0}
{"generation": 2, "position": 32, "parents": [21], "genome": "d(34) r(35,32) r(33,82)", "fitness": 4.0}
{"generation": 2, "position": 33, "parents": [34], "genome": "a(35,95) d(35) a(34,48)", "fitness": 4.0}
{"generation": 2, "position": 34, "parents": [8, 38], "genome": "r(34,60) r(31,86) d(28)", "fitness": 0.0}
{"generation": 2, "position": 35, "parents": [8, 38], "genome": "r(1,27) d(34) a(35,46)", "fitness": 4.0}
{"generation": 2, "position": 36, "parents": [8], "genome": "r(34,60) r(31,86) r(35,97)", "fitness": 0.0}
{"generation": 2, "position": 37, "parents": [38], "genome": "r(1,27) d(34) d(31)", "fitness": 0.0}
{"generation": 2, "position": 38, "parents": [56, 46], "genome": "a(27,94) d(31) r(3,34)", "fitness": 12.0}
{"generation": 2, "position": 39, "parents": [56, 46], "genome": "r(31,83) r(34,62) d(35)", "fitness": 0.0}
{"generation": 2, "position": 40, "parents": [56], "genome": "a(27,94) d(31) r(34,178)", "fitness": 0.0}
{"generation": 2, "position": 41, "parents": [46], "genome": "r(31,83) r(34,62) r(1,52)", "fitness": 0.0}
{"generation": 2, "position": 42, "parents": [26], "genome": "r(35,64) r(27,80) r(32,84)", "fitness": 0.0}
{"generation": 2, "position": 43, "parents": [2], "genome": "r(31,83) a(34,54) r(34,31)", "fitness": 0.0}
{"generation": 2, "position": 44, "parents": [19], "genome": "a(34,32) d(31) r(34,148)", "fitness": 0.0}
{"generation": 2, "position": 45, "parents": [45], "genome": "r(35,76) d(27) r(28,51)", "fitness": 0.0}
{"generation": 2, "position": 46, "parents": [16], "genome": "r(1,27) a(35,45) r(27,36)", "fitness": 4.0}
{"generation": 2, "position": 47, "parents": [9], "genome": "a(34,95) r(35,54) d(2)", "fitness": 0.0}
{"generation": 2, "position": 48, "parents": [56, 55], "genome": "a(27,94) d(31) d(34) r(3,32)", "fitness": 12.0}
{"generation": 2, "position": 49, "parents": [56, 55], "genome": "a(34,32) d(1)", "fitness": 4.0}
{"generation": 2, "position": 50, "parents": [56], "genome": "a(27,94) d(31) a(35,50)", "fitness": 0.0}
{"generation": 2, "position": 51, "parents": [55], "genome": "a(34,32) d(34) d(32)", "fitness": 0.0}
{"generation": 2, "position": 52, "parents": [48], "genome": "r(31,83) d(34) d(35)", "fitness": 0.0}
{"generation": 2, "position": 53, "parents": [28], "genome": "r(35,64) r(32,69) d(34)", "fitness": 0.0}
{"generation": 2, "position": 54, "parents": [43], "genome": "r(35,76) d(32) d(34)", "fitness": 0.0}
{"generation": 2, "position": 55, "parents": [23], "genome": "r(31,37) a(32,34) a(34,83)", "fitness": 0.0}
{"generation": 2, "position": 56, "parents": [58, 2], "genome": "d(28) r(35,60) d(32)", "fitness": 0.0}
{"generation": 2, "position": 57, "parents": [58, 2], "genome": "r(31,83) a(34,54) a(34,1)", "fitness": 0.0}
{"generation": 2, "position": 58, "parents": [58], "genome": "d(28) r(35,60) a(34,54)", "fitness": 0.0}
{"generation": 3, "position": 0, "parents": [27], "genome": "r(34,60) r(31,86) a(35,86) d(35)", "fitness": 0.0}
{"generation": 3, "position": 1, "parents": [4], "genome": "a(2,176) d(34) r(28,60) r(33,83)", "fitness": 0.0}
{"generation": 3, "position": 2, "parents": [51, 9], "genome": "a(34,32) d(34) r(2,53) a(28,134)", "fitness": 0.0}
{"generation": 3, "position": 3, "parents": [51, 9], "genome": "r(31,37) d(32) d(34)", "fitness": 0.0}
{"generation": 3, "position": 4, "parents": [51], "genome": "a(34,32) d(34) d(32) a(35,35)", "fitness": 0.0}
{"generation": 3, "position": 5, "parents": [9], "genome": "r(31,37) r(2,53) a(34,36)", "fitness": 0.0}
{"generation": 3, "position": 6, "parents": [59, 29], "genome": "r(31,83) r(35,60) a(2,82) a(25,44)", "fitness": 0.0}
{"generation": 3, "position": 7, "parents": [59, 29], "genome": "d(28) a(34,54) a(33,170) r(1,48)", "fitness": 0.0}
{"generation": 3, "position": 8, "parents": [59], "genome": "r(31,83) a(34,54) a(33,170) d(35)", "fitness": 0.0}
{"generation": 3, "position": 9, "parents": [29], "genome": "d(28) r(35,60) a(2,82) d(34)", "fitness": 0.0}
{"generation": 3, "position": 10, "parents": [15], "genome": "r(35,44) a(34,97) a(3,38)", "fitness": 4.0}
{"generation": 3, "position": 11, "parents": [59], "genome": "r(31,83) a(34,54) a(33,170) d(35)", "fitness": 0.0}
{"generation": 3, "position": 12, "parents": [40], "genome": "a(27,94) d(31) r(34,178) d(35)", "fitness": 0.0}
{"generation": 3, "position": 13, "parents": [24], "genome": "r(35,76) r(31,86) r(34,36) d(32)", "fitness": 0.0}
{"generation": 3, "position": 14, "parents": [41], "genome": "r(31,83) r(34,62) r(1,52) d(35)", "fitness": 0.0}
{"generation": 3, "position": 15, "parents": [23], "genome": "a(34,32) d(31) a(34,87) a(27,53)", "fitness": 0.0}
{"generation": 3, "position": 16, "parents": [9], "genome": "r(31,37) r(2,53) a(35,62)", "fitness": 0.0}
{"generation": 3, "position": 17, "parents": [52], "genome": "r(31,83) d(34) d(35) a(3,95)", "fitness": 0.0}
{"generation": 3, "position": 18, "parents": [17, 12], "genome": "r(35,44) r(34,112) r(32,47)", "fitness": 0.0}
{"generation": 3, "position": 19, "parents": [17, 12], "genome": "r(1,27) d(32) r(33,64) a(2,177) d(31)", "fitness": 0.0}
{"generation": 3, "position": 20, "parents": [17], "genome": "r(35,44) r(34,112) a(2,177) a(28,112)", "fitness": 4.0}
{"generation": 3, "position": 21, "parents": [12], "genome": "r(1,27) d(32) r(33,64) a(28,82)", "fitness": 0.0}
{"generation": 3, "position": 22, "parents": [4, 47], "genome": "a(2,176) d(34) r(28,60) a(35,99)", "fitness": 0.0}
{"generation": 3, "position": 23, "parents": [4, 47], "genome": "a(34,95) r(35,54) d(2) r(33,48)", "fitness": 0.0}
{"generation": 3, "position": 24, "parents": [4], "genome": "a(2,176) d(34) r(28,60) d(35)", "fitness": 0.0}
{"generation": 3, "position": 25, "parents": [47], "genome": "a(34,95) r(35,54) d(2) a(34,36)", "fitness": 0.0}
{"generation": 3, "position": 26, "parents": [42], "genome": "r(35,64) r(27,80) r(32,84) r(1,49)", "fitness": 0.0}
{"generation": 3, "position": 27, "parents": [8], "genome": "r(35,76) d(27) a(34,57) d(2) d(34)", "fitness": 0.0}
{"generation": 3, "position": 28, "parents": [14, 56], "genome": "d(28) r(35,60) d(32) r(3,37)", "fitness": 12.0}
{"generation": 3, "position": 29, "parents": [14, 56], "genome": "d(28) a(34,27) r(34,112) a(35,170) r(3,28)", "fitness": 12.0}
{"generation": 3, "position": 30, "parents": [14], "genome": "d(28) a(34,27) r(34,112) a(35,170) d(35)", "fitness": 0.0}
{"generation": 3, "position": 31, "parents": [56], "genome": "d(28) r(35,60) d(32) d(34)", "fitness": 0.0}
{"generation": 3, "position": 32, "parents": [20], "genome": "r(31,83) d(34) d(28) r(35,50)", "fitness": 0.0}
{"generation": 3, "position": 33, "parents": [54], "genome": "r(35,76) d(32) d(34) r(25,46)", "fitness": 0.0}
{"generation": 3, "position": 34, "parents": [37], "genome": "r(1,27) d(34) d(31) d(35)", "fitness": 0.0}
{"generation": 3, "position": 35, "parents": [43], "genome": "r(31,83) a(34,54) r(34,31) d(28)", "fitness": 0.0}
{"generation": 3, "position": 36, "parents": [37], "genome": "r(1,27) d(34) d(31) r(35,38)", "fitness": 0.0}
{"generation": 3, "position": 37, "parents": [39], "genome": "r(31,83) r(34,62) d(35) r(3,27)", "fitness": 12.0}
{"generation": 3, "position": 38, "parents": [8], "genome": "r(35,76) d(27) a(34,57) d(2) r(34,138)", "fitness": 0.0}
{"generation": 3, "position": 39, "parents": [40], "genome": "a(27,94) d(31) r(34,178) r(35,31)", "fitness": 0.0}
{"generation": 3, "position": 40, "parents": [40], "genome": "a(27,94) d(31) r(34,178) r(35,28)", "fitness": 0.0}
{"generation": 3, "position": 41, "parents": [53], "genome": "r(35,64) r(32,69) d(34) a(25,112)", "fitness": 0.0}
{"generation": 3, "position": 42, "parents": [53, 29], "genome": "r(35,64) r(32,69) a(2,82) d(34)", "fitness": 0.0}
{"generation": 3, "position": 43, "parents": [53, 29], "genome": "d(28) r(35,60) d(34) r(27,134)", "fitness": 12.0}
{"generation": 3, "position": 44, "parents": [53], "genome": "r(35,64) r(32,69) d(34) d(28)", "fitness": 0.0}
{"generation": 3, "position": 45, "parents": [29], "genome": "d(28) r(35,60) a(2,82) r(25,86)", "fitness": 0.0}
{"generation": 3, "position": 46, "parents": [49], "genome": "a(34,32) d(1) d(34)", "fitness": 4.0}
{"generation": 3, "position": 47, "parents": [29], "genome": "d(28) r(35,60) a(2,82) r(33,94)", "fitness": 0.0}
{"generation": 3, "position": 48, "parents": [14, 28], "genome": "d(28) a(34,27) r(34,112) a(35,170) r(27,1) a(3,178) r(35,138)", "fitness": 0.0}
{"generation": 3, "position": 49, "parents": [14, 28], "genome": "a(35,138) d(27)", "fitness": 4.0}
{"generation": 3, "position": 50, "parents": [14], "genome": "d(28) a(34,27) r(34,112) a(35,170) r(2,3)", "fitness": 0.0}
{"generation": 3, "position": 51, "parents": [28], "genome": "a(35,138) r(27,1) a(3,178) r(35,60)", "fitness": 4.0}
{"generation": 3, "position": 52, "parents": [59], "genome": "r(31,83) a(34,54) a(33,170) d(35)", "fitness": 0.0}
{"generation": 4, "position": 0, "parents": [23], "genome": "a(34,95) r(35,54) d(2) r(33,48) r(27,52)", "fitness": 0.0}
{"generation": 4, "position": 1, "parents": [15], "genome": "a(34,32) d(31) a(34,87) a(27,53) d(34)", "fitness": 0.0}
{"generation": 4, "position": 2, "parents": [50], "genome": "d(28) a(34,27) r(34,112) a(35,170) r(2,3) r(35,87)", "fitness": 0.0}
{"generation": 4, "position": 3, "parents": [35], "genome": "r(31,83) a(34,54) r(34,31) d(28) r(25,54)", "fitness": 0.0}
{"generation": 4, "position": 4, "parents": [2], "genome": "a(34,32) d(34) r(2,53) a(28,134) d(35)", "fitness": 0.0}
{"generation": 4, "position": 5, "parents": [50], "genome": "d(28) a(34,27) r(34,112) a(35,170) r(2,3) r(25,87)", "fitness": 0.0}
{"generation": 4, "position": 6, "parents": [39, 32], "genome": "a(27,94) d(31) r(34,178) r(3,46)", "fitness": 12.0}
{"generation": 4, "position": 7, "parents": [39, 32], "genome": "r(31,83) d(34) d(28) r(35,50) r(35,31) r(27,38)", "fitness": 0.0}
{"generation": 4, "position": 8, "parents": [39], "genome": "a(27,94) d(31) r(34,178) r(35,31) r(3,35)", "fitness": 0.0}
{"generation": 4, "position": 9, "parents": [32], "genome": "r(31,83) d(34) d(28) r(35,50) a(2,52)", "fitness": 0.0}
{"generation": 4, "position": 10, "parents": [13], "genome": "r(35,76) r(31,86) r(34,36) d(32) a(25,70)", "fitness": 0.0}
{"generation": 4, "position": 11, "parents": [33], "genome": "r(35,76) d(32) d(34) r(25,46) d(28)", "fitness": 0.0}
{"generation": 4, "position": 12, "parents": [47, 41], "genome": "d(28) r(35,60) a(2,82) r(32,69) d(34) a(25,112) r(2,100)", "fitness": 0.0}
{"generation": 4, "position": 13, "parents": [47, 41], "genome": "r(35,64) r(33,94) d(2)", "fitness": 0.0}
{"generation": 4, "position": 14, "parents": [47], "genome": "d(28) r(35,60) a(2,82) r(33,94) r(27,112)", "fitness": 0.0}
{"generation": 4, "position": 15, "parents": [41], "genome": "r(35,64) r(32,69) d(34) a(25,112) r(33,86)", "fitness": 0.0}
{"generation": 4, "position": 16, "parents": [47, 38], "genome": "d(28) d(2) r(34,138) a(35,52)", "fitness": 0.0}
{"generation": 4, "position": 17, "parents": [47, 38], "genome": "r(35,76) d(27) a(34,57) r(35,60) a(2,82) r(33,94) r(25,112)", "fitness": 4.0}
{"generation": 4, "position": 18, "parents": [47], "genome": "d(28) r(35,60) a(2,82) r(33,94) a(25,176)", "fitness": 0.0}
{"generation": 4, "position": 19, "parents": [38], "genome": "r(35,76) d(27) a(34,57) d(2) r(34,138) a(1,62)", "fitness": 0.0}
{"generation": 4, "position": 20, "parents": [11], "genome": "r(31,83) a(34,54) a(33,170) d(35) d(32)", "fitness": 0.0}
{"generation": 4, "position": 21, "parents": [27], "genome": "r(35,76) d(27) a(34,57) d(2) d(34) a(25,36)", "fitness": 0.0}
{"generation": 4, "position": 22, "parents": [42], "genome": "r(35,64) r(32,69) a(2,82) d(34) d(1)", "fitness": 0.0}
{"generation": 4, "position": 23, "parents": [35], "genome": "r(31,83) a(34,54) r(34,31) d(28) d(2)", "fitness": 0.0}
{"generation": 4, "position": 24, "parents": [4, 12], "genome": "a(34,32) d(34) d(32) a(35,35) d(35) a(2,84)", "fitness": 0.0}
{"generation": 4, "position": 25, "parents": [4, 12], "genome": "a(27,94) d(31) r(34,178) d(35)", "fitness": 0.0}
{"generation": 4, "position": 26, "parents": [4], "genome": "a(34,32) d(34) d(32) a(35,35) d(35)", "fitness": 0.0}
{"generation": 4, "position": 27, "parents": [12], "genome": "a(27,94) d(31) r(34,178) d(35) d(32)", "fitness": 0.0}
{"generation": 4, "position": 28, "parents": [52, 31], "genome": "r(31,83) a(34,54) a(33,170) d(35) d(34)", "fitness": 0.0}
{"generation": 4, "position": 29, "parents": [52, 31], "genome": "d(28) r(35,60) d(32) d(34) d(33)", "fitness": 0.0}
{"generation": 4, "position": 30, "parents": [52], "genome": "r(31,83) a(34,54) a(33,170) d(35) r(34,99)", "fitness": 0.0}
{"generation": 4, "position": 31, "parents": [31], "genome": "d(28) r(35,60) d(32) d(34) a(25,130)", "fitness": 0.0}
{"generation": 4, "position": 32, "parents": [41], "genome": "r(35,64) r(32,69) d(34) a(25,112) r(28,87)", "fitness": 0.0}
{"generation": 4, "position": 33, "parents": [49], "genome": "a(35,138) d(27) a(34,135)", "fitness": 4.0}
{"generation": 4, "position": 34, "parents": [9], "genome": "d(28) r(35,60) a(2,82) d(34) a(25,76)", "fitness": 0.0}
{"generation": 4, "position": 35, "parents": [39], "genome": "a(27,94) d(31) r(34,178) r(35,31) d(25)", "fitness": 12.0}
{"generation": 4, "position": 36, "parents": [42, 32], "genome": "r(35,64) r(32,69) a(2,82) d(34) d(28) r(35,50) a(33,62)", "fitness": 0.0}
{"generation": 4, "position": 37, "parents": [42, 32], "genome": "r(31,83) d(34) d(25)", "fitness": 0.0}
{"generation": 4, "position": 38, "parents": [42], "genome": "r(35,64) r(32,69) a(2,82) d(34) d(27)", "fitness": 0.0}
{"generation": 4, "position": 39, "parents": [32], "genome": "r(31,83) d(34) d(28) r(35,50) a(2,158)", "fitness": 0.0}
{"generation": 4, "position": 40, "parents": [9, 30], "genome": "d(28) r(35,60) a(2,82) d(35) a(32,105)", "fitness": 12.0}
{"generation": 4, "position": 41, "parents": [9, 30], "genome": "d(28) a(34,27) r(34,112) a(35,170) d(34) r(35,28)", "fitness": 0.0}
{"generation": 4, "position": 42, "parents": [9], "genome": "d(28) r(35,60) a(2,82) d(34) d(27)", "fitness": 0.0}
{"generation": 4, "position": 43, "parents": [30], "genome": "d(28) a(34,27) r(34,112) a(35,170) d(35) r(3,44)", "fitness": 12.0}
{"generation": 4, "position": 44, "parents": [34, 33], "genome": "r(1,27) d(34) d(31) d(35) d(34) r(25,46) a(28,177)", "fitness": 0.0}
{"generation": 4, "position": 45, "parents": [34, 33], "genome": "r(35,76) d(32) r(34,31)", "fitness": 0.0}
{"generation": 4, "position": 46, "parents": [34], "genome": "r(1,27) d(34) d(31) d(35) a(25,86)", "fitness": 0.0}
{"generation": 4, "position": 47, "parents": [33], "genome": "r(35,76) d(32) d(34) r(25,46) a(33,51)", "fitness": 0.0}
{"generation": 4, "position": 48, "parents": [48, 44], "genome": "d(28) a(34,70)", "fitness": 0.0}
{"generation": 4, "position": 49, "parents": [48, 44], "genome": "r(35,64) r(32,69) d(34) d(28) a(34,27) r(34,112) a(35,170) r(27,1) a(3,178) r(35,138) a(33,178)", "fitness": 12.0}
{"generation": 4, "position": 50, "parents": [48], "genome": "d(28) a(34,27) r(34,112) a(35,170) r(27,1) a(3,178) r(35,138) r(33,1)", "fitness": 0.0}
{"generation": 4, "position": 51, "parents": [44], "genome": "r(35,64) r(32,69) d(34) d(28) d(27)", "fitness": 0.0}
{"generation": 4, "position": 52, "parents": [41, 6], "genome": "r(35,64) r(32,69) d(34) a(25,112) r(3,52)", "fitness": 0.0}
{"generation": 4, "position": 53, "parents": [41, 6], "genome": "r(31,83) r(35,60) a(2,82) a(25,44) a(34,46)", "fitness": 0.0}
{"generation": 4, "position": 54, "parents": [41], "genome": "r(35,64) r(32,69) d(34) a(25,112) r(1,77)", "fitness": 0.0}
{"generation": 4, "position": 55, "parents": [6], "genome": "r(31,83) r(35,60) a(2,82) a(25,44) d(1)", "fitness": 0.0}
{"generation": 4, "position": 56, "parents": [8, 14], "genome": "r(31,83) a(34,54) r(1,52) d(35) d(32)", "fitness": 0.0}
{"generation": 4, "position": 57, "parents": [8, 14], "genome": "r(31,83) r(34,62) a(33,170) d(35) a(33,84)", "fitness": 0.0}
{"generation": 4, "position": 58, "parents": [8], "genome": "r(31,83) a(34,54) a(33,170) d(35) d(34)", "fitness": 0.0}
{"generation": 4, "position": 59, "parents": [14], "genome": "r(31,83) r(34,62) r(1,52) d(35) d(28)", "fitness": 0.0}
{"generation": 4, "position": 60, "parents": [11, 1], "genome": "r(31,83) a(34,54) d(34) r(28,60) r(33,83) r(2,1)", "fitness": 0.0}
{"generation": 4, "position": 61, "parents": [11, 1], "genome": "a(2,176) a(33,170) d(35) a(34,53)", "fitness": 4.0}
{"generation": 4, "position": 62, "parents": [11], "genome": "r(31,83) a(34,54) a(33,170) d(35) a(34,44)", "fitness": 0.0}
{"generation": 5, "position": 0, "parents": [30], "genome": "r(31,83) a(34,54) a(33,170) d(35) r(34,99) a(32,1)", "fitness": 0.0}
{"generation": 5, "position": 1, "parents": [15], "genome": "r(35,64) r(32,69) d(34) a(25,112) r(33,86) r(1,50)", "fitness": 0.0}
{"generation": 5, "position": 2, "parents": [13], "genome": "r(35,64) r(33,94) d(2) r(27,84)", "fitness": 0.0}
{"generation": 5, "position": 3, "parents": [1], "genome": "a(34,32) d(31) a(34,87) a(27,53) d(34) r(27,34)", "fitness": 0.0}
{"generation": 5, "position": 4, "parents": [8], "genome": "a(27,94) d(31) r(34,178) r(35,31) r(3,35) r(32,34)", "fitness": 0.0}
{"generation": 5, "position": 5, "parents": [9], "genome": "r(31,83) d(34) d(28) r(35,50) a(2,52) r(32,38)", "fitness": 0.0}
{"generation": 5, "position": 6, "parents": [54], "genome": "r(35,64) r(32,69) d(34) a(25,112) r(1,77) a(27,54)", "fitness": 0.0}
{"generation": 5, "position": 7, "parents": [10], "genome": "r(35,76) r(31,86) r(34,36) d(32) a(25,70) a(25,38)", "fitness": 0.0}
{"generation": 5, "position": 8, "parents": [47, 19], "genome": "r(35,76) d(32) d(34) a(34,57) d(2) r(34,138) a(1,62) r(31,48)", "fitness": 0.0}
{"generation": 5, "position": 9, "parents": [47, 19], "genome": "r(35,76) d(27) r(25,46) a(33,51) d(34)", "fitness": 4.0}
{"generation": 5, "position": 10, "parents": [47], "genome": "r(35,76) d(32) d(34) r(25,46) a(33,51) r(3,112)", "fitness": 0.0}
{"generation": 5, "position": 11, "parents": [19], "genome": "r(35,76) d(27) a(34,57) d(2) r(34,138) a(1,62) d(31)", "fitness": 0.0}
{"generation": 5, "position": 12, "parents": [60, 36], "genome": "r(31,83) a(34,54) d(34) r(28,60) r(32,69) a(2,82) d(34) d(28) r(35,50) a(33,62) a(33,82)", "fitness": 0.0}
{"generation": 5, "position": 13, "parents": [60, 36], "genome": "r(35,64) r(33,83) r(2,1) d(1)", "fitness": 4.0}
{"generation": 5, "position": 14, "parents": [60], "genome": "r(31,83) a(34,54) d(34) r(28,60) r(33,83) r(2,1) a(25,94)", "fitness": 0.0}
{"generation": 5, "position": 15, "parents": [36], "genome": "r(35,64) r(32,69) a(2,82) d(34) d(28) r(35,50) a(33,62) d(27)", "fitness": 0.0}
{"generation": 5, "position": 16, "parents": [34], "genome": "d(28) r(35,60) a(2,82) d(34) a(25,76) a(25,64)", "fitness": 0.0}
{"generation": 5, "position": 17, "parents": [41], "genome": "d(28) a(34,27) r(34,112) a(35,170) d(34) r(35,28) a(27,28)", "fitness": 4.0}
{"generation": 5, "position": 18, "parents": [26, 7], "genome": "a(34,32) d(34) r(35,50) r(35,31) r(27,38) a(25,53)", "fitness": 0.0}
{"generation": 5, "position": 19, "parents": [26, 7], "genome": "r(31,83) d(34) d(28) d(32) a(35,35) d(35) d(2)", "fitness": 0.0}
{"generation": 5, "position": 20, "parents": [26], "genome": "a(34,32) d(34) d(32) a(35,35) d(35) r(31,80)", "fitness": 0.0}
{"generation": 5, "position": 21, "parents": [7], "genome": "r(31,83) d(34) d(28) r(35,50) r(35,31) r(27,38) r(2,48)", "fitness": 0.0}
{"generation": 5, "position": 22, "parents": [50, 47], "genome": "d(28) a(34,27) r(34,112) a(35,170) r(27,1) d(32) d(34) r(25,46) a(33,51) d(35)", "fitness": 0.0}
{"generation": 5, "position": 23, "parents": [50, 47], "genome": "r(35,76) a(3,178) r(35,138) r(33,1) d(1)", "fitness": 4.0}
{"generation": 5, "position": 24, "parents": [50], "genome": "d(28) a(34,27) r(34,112) a(35,170) r(27,1) a(3,178) r(35,138) r(33,1) r(32,86)", "fitness": 0.0}
{"generation": 5, "position": 25, "parents": [47], "genome": "r(35,76) d(32) d(34) r(25,46) a(33,51) r(31,138)", "fitness": 0.0}
{"generation": 5, "position": 26, "parents": [12], "genome": "d(28) r(35,60) a(2,82) r(32,69) d(34) a(25,112) r(2,100) d(33)", "fitness": 0.0}
{"generation": 5, "position": 27, "parents": [24], "genome": "a(34,32) d(34) d(32) a(35,35) d(35) a(2,84) r(2,45)", "fitness": 0.0}
{"generation": 5, "position": 28, "parents": [44], "genome": "r(1,27) d(34) d(31) d(35) d(34) r(25,46) a(28,177) r(28,99)", "fitness": 0.0}
{"generation": 5, "position": 29, "parents": [21], "genome": "r(35,76) d(27) a(34,57) d(2) d(34) a(25,36) r(28,99)", "fitness": 0.0}
{"generation": 5, "position": 30, "parents": [54], "genome": "r(35,64) r(32,69) d(34) a(25,112) r(1,77) d(28)", "fitness": 0.0}
{"generation": 5, "position": 31, "parents": [7], "genome": "r(31,83) d(34) d(28) r(35,50) r(35,31) r(27,38) d(2)", "fitness": 0.0}
{"generation": 5, "position": 32, "parents": [41], "genome": "d(28) a(34,27) r(34,112) a(35,170) d(34) r(35,28) r(3,65)", "fitness": 12.0}
{"generation": 5, "position": 33, "parents": [26], "genome": "a(34,32) d(34) d(32) a(35,35) d(35) d(1)", "fitness": 0.0}
{"generation": 5, "position": 34, "parents": [44], "genome": "r(1,27) d(34) d(31) d(35) d(34) r(25,46) a(28,177) d(28)", "fitness": 0.0}
{"generation": 5, "position": 35, "parents": [54], "genome": "r(35,64) r(32,69) d(34) a(25,112) r(1,77) d(33)", "fitness": 0.0}
{"generation": 5, "position": 36, "parents": [48], "genome": "d(28) a(34,70) a(35,80)", "fitness": 0.0}
{"generation": 5, "position": 37, "parents": [7], "genome": "r(31,83) d(34) d(28) r(35,50) r(35,31) r(27,38) r(1,45)", "fitness": 0.0}
{"generation": 5, "position": 38, "parents": [34], "genome": "d(28) r(35,60) a(2,82) d(34) a(25,76) d(2)", "fitness": 0.0}
{"generation": 5, "position": 39, "parents": [42], "genome": "d(28) r(35,60) a(2,82) d(34) d(27) d(1)", "fitness": 0.0}
{"generation": 5, "position": 40, "parents": [5, 56], "genome": "d(28) a(34,27) r(34,112) a(35,170) r(2,3) d(32) a(35,97)", "fitness": 0.0}
{"generation": 5, "position": 41, "parents": [5, 56], "genome": "r(31,83) a(34,54) r(1,52) d(35) r(25,87) d(34)", "fitness": 0.0}
{"generation": 5, "position": 42, "parents": [5], "genome": "d(28) a(34,27) r(34,112) a(35,170) r(2,3) r(25,87) r(35,34)", "fitness": 0.0}
{"generation": 5, "position": 43, "parents": [56], "genome": "r(31,83) a(34,54) r(1,52) d(35) d(32) a(28,176)", "fitness": 0.0}
{"generation": 5, "position": 44, "parents": [1, 45], "genome": "a(34,32) d(31) a(34,87) a(27,53) r(34,31) a(33,31)", "fitness": 0.0}
{"generation": 5, "position": 45, "parents": [1, 45], "genome": "r(35,76) d(32) d(34) r(25,50)", "fitness": 0.0}
{"generation": 5, "position": 46, "parents": [1], "genome": "a(34,32) d(31) a(34,87) a(27,53) d(34) a(2,135)", "fitness": 0.0}
{"generation": 5, "position": 47, "parents": [45], "genome": "r(35,76) d(32) r(34,31) d(25)", "fitness": 0.0}
{"generation": 5, "position": 48, "parents": [27], "genome": "a(27,94) d(31) r(34,178) d(35) d(32) a(33,112)", "fitness": 0.0}
{"generation": 5, "position": 49, "parents": [28], "genome": "r(31,83) a(34,54) a(33,170) d(35) d(34) r(27,86)", "fitness": 0.0}
{"generation": 5, "position": 50, "parents": [19], "genome": "r(35,76) d(27) a(34,57) d(2) r(34,138) a(1,62) r(31,57)", "fitness": 0.0}
{"generation": 6, "position": 0, "parents": [2, 7], "genome": "r(35,64) a(25,70) a(25,38) a(34,77)", "fitness": 4.0}
{"generation": 6, "position": 1, "parents": [2, 7], "genome": "r(35,76) r(31,86) r(34,36) d(32) r(33,94) d(2) r(27,84) a(28,1)", "fitness": 0.0}
{"generation": 6, "position": 2, "parents": [2], "genome": "r(35,64) r(33,94) d(2) r(27,84) a(25,45)", "fitness": 0.0}
{"generation": 6, "position": 3, "parents": [7], "genome": "r(35,76) r(31,86) r(34,36) d(32) a(25,70) a(25,38) d(27)", "fitness": 0.0}
{"generation": 6, "position": 4, "parents": [21, 49], "genome": "r(31,83) d(34) a(33,170) d(35) d(34) r(27,86) d(2)", "fitness": 0.0}
{"generation": 6, "position": 5, "parents": [21, 49], "genome": "r(31,83) a(34,54) d(28) r(35,50) r(35,31) r(27,38) r(2,48) a(34,25)", "fitness": 0.0}
{"generation": 6, "position": 6, "parents": [21], "genome": "r(31,83) d(34) d(28) r(35,50) r(35,31) r(27,38) r(2,48) a(25,100)", "fitness": 0.0}
{"generation": 6, "position": 7, "parents": [49], "genome": "r(31,83) a(34,54) a(33,170) d(35) d(34) r(27,86) d(25)", "fitness": 0.0}
{"generation": 6, "position": 8, "parents": [28, 16], "genome": "r(1,27) d(34) d(31) d(35) d(34) r(25,46) a(28,177) r(28,99) d(32)", "fitness": 0.0}
{"generation": 6, "position": 9, "parents": [28, 16], "genome": "d(28) r(35,60) a(2,82) d(34) a(25,76) a(25,64) d(1)", "fitness": 0.0}
{"generation": 6, "position": 10, "parents": [28], "genome": "r(1,27) d(34) d(31) d(35) d(34) r(25,46) a(28,177) r(28,99) a(32,105)", "fitness": 12.0}
{"generation": 6, "position": 11, "parents": [16], "genome": "d(28) r(35,60) a(2,82) d(34) a(25,76) a(25,64) r(3,70)", "fitness": 0.0}
{"generation": 6, "position": 12, "parents": [50, 11], "genome": "r(35,76) d(27) a(34,57) d(2) r(34,138) a(1,62) d(31) r(25,135)", "fitness": 0.0}
{"generation": 6, "position": 13, "parents": [50, 11], "genome": "r(35,76) d(27) a(34,57) d(2) r(34,138) a(1,62) r(31,57) a(28,49)", "fitness": 0.0}
{"generation": 6, "position": 14, "parents": [50], "genome": "r(35,76) d(27) a(34,57) d(2) r(34,138) a(1,62) r(31,57) a(1,37)", "fitness": 0.0}
{"generation": 6, "position": 15, "parents": [11], "genome": "r(35,76) d(27) a(34,57) d(2) r(34,138) a(1,62) d(31) a(1,25)", "fitness": 0.0}
{"generation": 6, "position": 16, "parents": [21, 46], "genome": "r(31,83) d(34) d(28) r(35,50) r(35,31) a(27,53) d(34) a(2,135) d(25)", "fitness": 0.0}
{"generation": 6, "position": 17, "parents": [21, 46], "genome": "a(34,32) d(31) a(34,87) r(27,38) r(2,48) d(34)", "fitness": 0.0}
{"generation": 6, "position": 18, "parents": [21], "genome": "r(31,83) d(34) d(28) r(35,50) r(35,31) r(27,38) r(2,48) r(32,134)", "fitness": 0.0}
{"generation": 6, "position": 19, "parents": [46], "genome": "a(34,32) d(31) a(34,87) a(27,53) d(34) a(2,135) r(32,31)", "fitness": 0.0}
{"generation": 6, "position": 20, "parents": [39], "genome": "d(28) r(35,60) a(2,82) d(34) d(27) d(1) d(33)", "fitness": 0.0}
{"generation": 6, "position": 21, "parents": [35], "genome": "r(35,64) r(32,69) d(34) a(25,112) r(1,77) d(33) a(31,50)", "fitness": 0.0}
{"generation": 6, "position": 22, "parents": [48, 40], "genome": "a(27,94) d(32) a(35,97) r(31,80)", "fitness": 0.0}
{"generation": 6, "position": 23, "parents": [48, 40], "genome": "d(28) a(34,27) r(34,112) a(35,170) r(2,3) d(31) r(34,178) d(35) d(32) a(33,112) r(25,135)", "fitness": 0.0}
{"generation": 6, "position": 24, "parents": [48], "genome": "a(27,94) d(31) r(34,178) d(35) d(32) a(33,112) r(25,1)", "fitness": 12.0}
{"generation": 6, "position": 25, "parents": [40], "genome": "d(28) a(34,27) r(34,112) a(35,170) r(2,3) d(32) a(35,97) a(35,95)", "fitness": 0.0}
{"generation": 6, "position": 26, "parents": [33], "genome": "a(34,32) d(34) d(32) a(35,35) d(35) d(1) r(25,35)", "fitness": 0.0}
{"generation": 6, "position": 27, "parents": [49], "genome": "r(31,83) a(34,54) a(33,170) d(35) d(34) r(27,86) d(3)", "fitness": 12.0}
{"generation": 6, "position": 28, "parents": [40, 40], "genome": "d(28) a(34,27) a(34,27) r(34,112) a(35,170) r(2,3) d(32) a(35,97) a(35,138)", "fitness": 0.0}
{"generation": 6, "position": 29, "parents": [40, 40], "genome": "d(28) r(34,112) a(35,170) r(2,3) d(32) a(35,97) r(35,52)", "fitness": 0.0}
{"generation": 6, "position": 30, "parents": [40], "genome": "d(28) a(34,27) r(34,112) a(35,170) r(2,3) d(32) a(35,97) d(35)", "fitness": 0.0}
{"generation": 6, "position": 31, "parents": [40], "genome": "d(28) a(34,27) r(34,112) a(35,170) r(2,3) d(32) a(35,97) r(35,33)", "fitness": 0.0}
{"generation": 6, "position": 32, "parents": [8, 24], "genome": "r(35,76) d(32) d(34) a(34,57) d(2) r(35,138) r(33,1) r(32,86) r(1,57)", "fitness": 0.0}
{"generation": 6, "position": 33, "parents": [8, 24], "genome": "d(28) a(34,27) r(34,112) a(35,170) r(27,1) a(3,178) r(34,138) a(1,62) r(31,48) d(35)", "fitness": 0.0}
{"generation": 6, "position": 34, "parents": [8], "genome": "r(35,76) d(32) d(34) a(34,57) d(2) r(34,138) a(1,62) r(31,48) d(28)", "fitness": 0.0}
{"generation": 6, "position": 35, "parents": [24], "genome": "d(28) a(34,27) r(34,112) a(35,170) r(27,1) a(3,178) r(35,138) r(33,1) r(32,86) d(2)", "fitness": 0.0}
{"generation": 6, "position": 36, "parents": [47, 31], "genome": "r(35,76) d(32) d(2) r(34,53)", "fitness": 0.0}
{"generation": 6, "position": 37, "parents": [47, 31], "genome": "r(31,83) d(34) d(28) r(35,50) r(35,31) r(27,38) r(34,31) d(25) d(1)", "fitness": 0.0}
{"generation": 6, "position": 38, "parents": [47], "genome": "r(35,76) d(32) r(34,31) d(25) r(28,87)", "fitness": 0.0}
{"generation": 6, "position": 39, "parents": [31], "genome": "r(31,83) d(34) d(28) r(35,50) r(35,31) r(27,38) d(2) a(33,60)", "fitness": 0.0}
{"generation": 6, "position": 40, "parents": [3], "genome": "a(34,32) d(31) a(34,87) a(27,53) d(34) r(27,34) r(35,34)", "fitness": 0.0}
{"generation": 6, "position": 41, "parents": [6], "genome": "r(35,64) r(32,69) d(34) a(25,112) r(1,77) a(27,54) r(25,80)", "fitness": 0.0}
{"generation": 6, "position": 42, "parents": [42], "genome": "d(28) a(34,27) r(34,112) a(35,170) r(2,3) r(25,87) r(35,34) r(32,86)", "fitness": 0.0}
{"generation": 6, "position": 43, "parents": [20], "genome": "a(34,32) d(34) d(32) a(35,35) d(35) r(31,80) d(25)", "fitness": 0.0}
{"generation": 6, "position": 44, "parents": [43], "genome": "r(31,83) a(34,54) r(1,52) d(35) d(32) a(28,176) d(25)", "fitness": 0.0}
{"generation": 6, "position": 45, "parents": [15], "genome": "r(35,64) r(32,69) a(2,82) d(34) d(28) r(35,50) a(33,62) d(27) a(33,64)", "fitness": 0.0}
{"generation": 6, "position": 46, "parents": [24], "genome": "d(28) a(34,27) r(34,112) a(35,170) r(27,1) a(3,178) r(35,138) r(33,1) r(32,86) d(25)", "fitness": 0.0}
{"generation": 6, "position": 47, "parents": [51], "genome": "r(35,64) r(32,69) d(34) a(25,112) r(1,77) r(33,38) a(25,84)", "fitness": 0.0}
{"generation": 6, "position": 48, "parents": [8], "genome": "r(35,76) d(32) d(34) a(34,57) d(2) r(34,138) a(1,62) r(31,48) d(27)", "fitness": 0.0}
{"generation": 6, "position": 49, "parents": [19], "genome": "r(31,83) d(34) d(28) d(32) a(35,35) d(35) d(2) d(1)", "fitness": 0.0}
{"generation": 6, "position": 50, "parents": [2, 12], "genome": "r(35,64) r(28,60) r(32,69) a(2,82) d(34) d(28) r(35,50) a(33,62) a(33,82) r(1,134)", "fitness": 12.0}
{"generation": 6, "position": 51, "parents": [2, 12], "genome": "r(31,83) a(34,54) d(34) r(33,94) d(2) r(27,84) d(1)", "fitness": 0.0}
{"generation": 6, "position": 52, "parents": [2], "genome": "r(35,64) r(33,94) d(2) r(27,84) d(1)", "fitness": 4.0}
{"generation": 6, "position": 53, "parents": [12], "genome": "r(31,83) a(34,54) d(34) r(28,60) r(32,69) a(2,82) d(34) d(28) r(35,50) a(33,62) a(33,82) r(27,37)", "fitness": 0.0}
{"generation": 6, "position": 54, "parents": [51, 48], "genome": "r(35,64) r(32,69) d(34) a(25,112) r(1,77) r(33,38) d(31) r(34,178) d(35) d(32) a(33,112) r(28,170)", "fitness": 0.0}
{"generation": 6, "position": 55, "parents": [51, 48], "genome": "a(27,94) d(3)", "fitness": 12.0}
{"generation": 6, "position": 56, "parents": [51], "genome": "r(35,64) r(32,69) d(34) a(25,112) r(1,77) r(33,38) r(25,70)", "fitness": 0.0}
{"generation": 6, "position": 57, "parents": [48], "genome": "a(27,94) d(31) r(34,178) d(35) d(32) a(33,112) a(25,46)", "fitness": 0.0}
{"generation": 6, "position": 58, "parents": [43], "genome": "r(31,83) a(34,54) r(1,52) d(35) d(32) a(28,176) a(34,82)", "fitness": 0.0}
{"generation": 6, "position": 59, "parents": [50], "genome": "r(35,76) d(27) a(34,57) d(2) r(34,138) a(1,62) r(31,57) r(32,164)", "fitness": 0.0}
{"generation": 6, "position": 60, "parents": [18, 0], "genome": "a(34,32) r(34,99) a(32,1) a(3,108)", "fitness": 4.0}
{"generation": 6, "position": 61, "parents": [18, 0], "genome": "r(31,83) a(34,54) a(33,170) d(35) d(34) r(35,50) r(35,31) r(27,38) a(25,53) r(28,60)", "fitness": 0.0}
{"generation": 6, "position": 62, "parents": [18], "genome": "a(34,32) d(34) r(35,50) r(35,31) r(27,38) a(25,53) d(2)", "fitness": 0.0}
{"generation": 7, "position": 0, "parents": [41, 32], "genome": "r(35,64) r(32,69) r(34,164)", "fitness": 0.0}
{"generation": 7, "position": 1, "parents": [41, 32], "genome": "r(35,76) d(32) d(34) a(34,57) d(2) r(35,138) r(33,1) r(32,86) r(1,57) d(34) a(25,112) r(1,77) a(27,54) r(25,80) r(28,105)", "fitness": 12.0}
{"generation": 7, "position": 2, "parents": [41], "genome": "r(35,64) r(32,69) d(34) a(25,112) r(1,77) a(27,54) r(25,80) d(31)", "fitness": 0.0}
{"generation": 7, "position": 3, "parents": [32], "genome": "r(35,76) d(32) d(34) a(34,57) d(2) r(35,138) r(33,1) r(32,86) r(1,57) r(25,35)", "fitness": 0.0}
{"generation": 7, "position": 4, "parents": [45], "genome": "r(35,64) r(32,69) a(2,82) d(34) d(28) r(35,50) a(33,62) d(27) a(33,64) a(3,80)", "fitness": 0.0}
{"generation": 7, "position": 5, "parents": [39], "genome": "r(31,83) d(34) d(28) r(35,50) r(35,31) r(27,38) d(2) a(33,60) r(32,86)", "fitness": 0.0}
{"generation": 7, "position": 6, "parents": [22, 32], "genome": "a(27,94) d(32) a(35,97) r(32,86) r(1,57) a(35,80)", "fitness": 0.0}
{"generation": 7, "position": 7, "parents": [22, 32], "genome": "r(35,76) d(32) d(34) a(34,57) d(2) r(35,138) r(33,1) r(31,80) a(25,138)", "fitness": 0.0}
{"generation": 7, "position": 8, "parents": [22], "genome": "a(27,94) d(32) a(35,97) r(31,80) r(34,76)", "fitness": 0.0}
{"generation": 7, "position": 9, "parents": [32], "genome": "r(35,76) d(32) d(34) a(34,57) d(2) r(35,138) r(33,1) r(32,86) r(1,57) d(31)", "fitness": 0.0}
{"generation": 7, "position": 10, "parents": [40], "genome": "a(34,32) d(31) a(34,87) a(27,53) d(34) r(27,34) r(35,34) d(2)", "fitness": 0.0}
{"generation": 7, "position": 11, "parents": [62], "genome": "a(34,32) d(34) r(35,50) r(35,31) r(27,38) a(25,53) d(2) r(28,134)", "fitness": 0.0}
{"generation": 7, "position": 12, "parents": [26], "genome": "a(34,32) d(34) d(32) a(35,35) d(35) d(1) r(25,35) a(33,37)", "fitness": 0.0}
{"generation": 7, "position": 13, "parents": [47], "genome": "r(35,64) r(32,69) d(34) a(25,112) r(1,77) r(33,38) a(25,84) d(28)", "fitness": 0.0}
{"generation": 7, "position": 14, "parents": [41], "genome": "r(35,64) r(32,69) d(34) a(25,112) r(1,77) a(27,54) r(25,80) r(31,108)", "fitness": 0.0}
{"generation": 7, "position": 15, "parents": [49], "genome": "r(31,83) d(34) d(28) d(32) a(35,35) d(35) d(2) d(1) a(33,80)", "fitness": 0.0}
{"generation": 7, "position": 16, "parents": [18], "genome": "r(31,83) d(34) d(28) r(35,50) r(35,31) r(27,38) r(2,48) r(32,134) d(1)", "fitness": 12.0}
{"generation": 7, "position": 17, "parents": [57], "genome": "a(27,94) d(31) r(34,178) d(35) d(32) a(33,112) a(25,46) d(25)", "fitness": 12.0}
{"generation": 7, "position": 18, "parents": [35], "genome": "d(28) a(34,27) r(34,112) a(35,170) r(27,1) a(3,178) r(35,138) r(33,1) r(32,86) d(2) d(25)", "fitness": 0.0}
{"generation": 7, "position": 19, "parents": [31], "genome": "d(28) a(34,27) r(34,112) a(35,170) r(2,3) d(32) a(35,97) r(35,33) r(25,51)", "fitness": 0.0}
{"generation": 7, "position": 20, "parents": [11, 24], "genome": "d(28) r(35,60) a(2,82) d(34) a(25,76) a(25,64) a(33,112) r(25,1) d(1)", "fitness": 0.0}
{"generation": 7, "position": 21, "parents": [11, 24], "genome": "a(27,94) d(31) r(34,178) d(35) d(32) r(3,70) a(27,64)", "fitness": 12.0}
{"generation": 7, "position": 22, "parents": [11], "genome": "d(28) r(35,60) a(2,82) d(34) a(25,76) a(25,64) r(3,70) r(2,34)", "fitness": 0.0}
{"generation": 7, "position": 23, "parents": [24], "genome": "a(27,94) d(31) r(34,178) d(35) d(32) a(33,112) r(25,1) d(2)", "fitness": 0.0}
{"generation": 7, "position": 24, "parents": [19, 1], "genome": "a(34,32) d(31) d(2) r(27,84) a(28,1) a(35,76)", "fitness": 0.0}
{"generation": 7, "position": 25, "parents": [19, 1], "genome": "r(35,76) r(31,86) r(34,36) d(32) r(33,94) a(34,87) a(27,53) d(34) a(2,135) r(32,31) r(28,69)", "fitness": 0.0}
{"generation": 7, "position": 26, "parents": [19], "genome": "a(34,32) d(31) a(34,87) a(27,53) d(34) a(2,135) r(32,31) a(28,80)", "fitness": 0.0}
{"generation": 7, "position": 27, "parents": [1], "genome": "r(35,76) r(31,86) r(34,36) d(32) r(33,94) d(2) r(27,84) a(28,1) a(28,164)", "fitness": 0.0}
{"generation": 7, "position": 28, "parents": [20], "genome": "d(28) r(35,60) a(2,82) d(34) d(27) d(1) d(33) r(32,77)", "fitness": 0.0}
{"generation": 7, "position": 29, "parents": [48], "genome": "r(35,76) d(32) d(34) a(34,57) d(2) r(34,138) a(1,62) r(31,48) d(27) a(33,78)", "fitness": 0.0}
{"generation": 7, "position": 30, "parents": [19], "genome": "a(34,32) d(31) a(34,87) a(27,53) d(34) a(2,135) r(32,31) r(27,76)", "fitness": 0.0}
{"generation": 7, "position": 31, "parents": [16], "genome": "r(31,83) d(34) d(28) r(35,50) r(35,31) a(27,53) d(34) a(2,135) d(25) d(3)", "fitness": 0.0}
{"generation": 7, "position": 32, "parents": [54, 29], "genome": "r(35,64) r(32,69) d(34) d(2)", "fitness": 0.0}
{"generation": 7, "position": 33, "parents": [54, 29], "genome": "d(28) r(34,112) a(35,170) r(2,3) d(32) a(35,97) r(35,52) a(25,112) r(1,77) r(33,38) d(31) r(34,178) d(35) d(32) a(33,112) r(28,170) d(25)", "fitness": 0.0}
{"generation": 7, "position": 34, "parents": [54], "genome": "r(35,64) r(32,69) d(34) a(25,112) r(1,77) r(33,38) d(31) r(34,178) d(35) d(32) a(33,112) r(28,170) d(25)", "fitness": 0.0}
{"generation": 7, "position": 35, "parents": [29], "genome": "d(28) r(34,112) a(35,170) r(2,3) d(32) a(35,97) r(35,52) r(33,47)", "fitness": 0.0}
{"generation": 7, "position": 36, "parents": [49, 23], "genome": "r(31,83) d(34) d(28) d(32) a(35,35) d(35) d(32) a(33,112) r(25,135) r(33,64)", "fitness": 0.0}
{"generation": 7, "position": 37, "parents": [49, 23], "genome": "d(28) a(34,27) r(34,112) a(35,170) r(2,3) d(31) r(34,178) d(35) d(2) d(1) a(33,178)", "fitness": 12.0}
{"generation": 7, "position": 38, "parents": [49], "genome": "r(31,83) d(34) d(28) d(32) a(35,35) d(35) d(2) d(1) a(33,37)", "fitness": 0.0}
{"generation": 7, "position": 39, "parents": [23], "genome": "d(28) a(34,27) r(34,112) a(35,170) r(2,3) d(31) r(34,178) d(35) d(32) a(33,112) r(25,135) d(33)", "fitness": 0.0}
{"generation": 7, "position": 40, "parents": [1, 46], "genome": "r(35,76) r(31,86) r(34,36) d(32) r(33,94) d(2) r(27,84) a(28,1) r(35,138) r(33,1) r(32,86) d(25) r(28,177)", "fitness": 0.0}
{"generation": 7, "position": 41, "parents": [1, 46], "genome": "d(28) a(34,27) r(34,112) a(35,170) r(27,1) a(3,178) d(1)", "fitness": 0.0}
{"generation": 7, "position": 42, "parents": [1], "genome": "r(35,76) r(31,86) r(34,36) d(32) r(33,94) d(2) r(27,84) a(28,1) a(25,176)", "fitness": 0.0}
{"generation": 7, "position": 43, "parents": [46], "genome": "d(28) a(34,27) r(34,112) a(35,170) r(27,1) a(3,178) r(35,138) r(33,1) r(32,86) d(25) r(2,130)", "fitness": 0.0}
{"generation": 7, "position": 44, "parents": [22], "genome": "a(27,94) d(32) a(35,97) r(31,80) r(34,1)", "fitness": 0.0}
{"generation": 7, "position": 45, "parents": [36], "genome": "r(35,76) d(32) d(2) r(34,53) a(25,178)", "fitness": 0.0}
{"generation": 7, "position": 46, "parents": [45, 30], "genome": "r(35,64) r(32,69) a(2,82) d(34) d(28) r(35,50) a(33,62) r(25,95)", "fitness": 0.0}
{"generation": 7, "position": 47, "parents": [45, 30], "genome": "d(28) a(34,27) r(34,112) a(35,170) r(2,3) d(32) a(35,97) d(35) d(27) a(33,64) d(25)", "fitness": 0.0}
{"generation": 7, "position": 48, "parents": [45], "genome": "r(35,64) r(32,69) a(2,82) d(34) d(28) r(35,50) a(33,62) d(27) a(33,64) d(3)", "fitness": 0.0}
{"generation": 7, "position": 49, "parents": [30], "genome": "d(28) a(34,27) r(34,112) a(35,170) r(2,3) d(32) a(35,97) d(35) r(27,48)", "fitness": 0.0}
{"generation": 7, "position": 50, "parents": [18, 42], "genome": "r(31,83) d(34) d(28) r(35,50) a(34,27) r(34,112) a(35,170) r(2,3) r(25,87) r(35,34) r(32,86) r(33,64)", "fitness": 0.0}
{"generation": 7, "position": 51, "parents": [18, 42], "genome": "d(28) r(35,31) r(27,38) r(2,48) r(32,134) d(34)", "fitness": 0.0}
{"generation": 7, "position": 52, "parents": [18], "genome": "r(31,83) d(34) d(28) r(35,50) r(35,31) r(27,38) r(2,48) r(32,134) d(33)", "fitness": 0.0}
{"generation": 7, "position": 53, "parents": [42], "genome": "d(28) a(34,27) r(34,112) a(35,170) r(2,3) r(25,87) r(35,34) r(32,86) d(1)", "fitness": 0.0}
{"generation": 7, "position": 54, "parents": [11, 43], "genome": "d(28) r(35,60) a(2,82) d(34) a(25,76) d(32) a(35,35) d(35) r(31,80) d(25) r(3,50)", "fitness": 0.0}
{"generation": 7, "position": 55, "parents": [11, 43], "genome": "a(34,32) d(34) a(25,64) r(3,70) r(35,47)", "fitness": 12.0}
{"generation": 7, "position": 56, "parents": [11], "genome": "d(28) r(35,60) a(2,82) d(34) a(25,76) a(25,64) r(3,70) r(2,112)", "fitness": 0.0}
{"generation": 7, "position": 57, "parents": [43], "genome": "a(34,32) d(34) d(32) a(35,35) d(35) r(31,80) d(25) a(33,177)", "fitness": 0.0}
{"generation": 7, "position": 58, "parents": [53, 26], "genome": "r(31,83) a(34,54) d(34) r(28,60) r(32,69) a(2,82) d(34) a(35,35) d(35) d(1) r(25,35) a(33,135)", "fitness": 0.0}
{"generation": 7, "position": 59, "parents": [53, 26], "genome": "a(34,32) d(34) d(32) d(28) r(35,50) a(33,62) a(33,82) r(27,37) a(33,78)", "fitness": 0.0}
{"generation": 7, "position": 60, "parents": [53], "genome": "r(31,83) a(34,54) d(34) r(28,60) r(32,69) a(2,82) d(34) d(28) r(35,50) a(33,62) a(33,82) r(27,37) d(1)", "fitness": 0.0}
{"generation": 8, "position": 0, "parents": [46, 27], "genome": "r(35,64) r(32,69) a(2,82) d(34) r(31,86) r(34,36) d(32) r(33,94) d(2) r(27,84) a(28,1) a(28,164) a(1,53)", "fitness": 0.0}
{"generation": 8, "position": 1, "parents": [46, 27], "genome": "r(35,76) d(28) r(35,50) a(33,62) r(25,95) a(34,27)", "fitness": 0.0}
{"generation": 8, "position": 2, "parents": [46], "genome": "r(35,64) r(32,69) a(2,82) d(34) d(28) r(35,50) a(33,62) r(25,95) a(2,55)", "fitness": 0.0}
{"generation": 8, "position": 3, "parents": [27], "genome": "r(35,76) r(31,86) r(34,36) d(32) r(33,94) d(2) r(27,84) a(28,1) a(28,164) d(25)", "fitness": 0.0}
{"generation": 8, "position": 4, "parents": [53, 53], "genome": "d(28) a(34,27) r(34,112) a(35,170) r(2,3) r(25,87) r(35,34) r(32,86) d(1) r(32,86) d(1) d(33)", "fitness": 0.0}
{"generation": 8, "position": 5, "parents": [53, 53], "genome": "d(28) a(34,27) r(34,112) a(35,170) r(2,3) r(25,87) r(35,34) a(33,33)", "fitness": 0.0}
{"generation": 8, "position": 6, "parents": [53], "genome": "d(28) a(34,27) r(34,112) a(35,170) r(2,3) r(25,87) r(35,34) r(32,86) d(1) d(33)", "fitness": 0.0}
{"generation": 8, "position": 7, "parents": [53], "genome": "d(28) a(34,27) r(34,112) a(35,170) r(2,3) r(25,87) r(35,34) r(32,86) d(1) d(33)", "fitness": 0.0}
{"generation": 8, "position": 8, "parents": [15], "genome": "r(31,83) d(34) d(28) d(32) a(35,35) d(35) d(2) d(1) a(33,80) r(27,176)", "fitness": 0.0}
{"generation": 8, "position": 9, "parents": [40], "genome": "r(35,76) r(31,86) r(34,36) d(32) r(33,94) d(2) r(27,84) a(28,1) r(35,138) r(33,1) r(32,86) d(25) r(28,177) a(1,37)", "fitness": 0.0}
{"generation": 8, "position": 10, "parents": [45, 54], "genome": "r(35,76) d(32) d(2) r(34,53) r(35,60) a(2,82) d(34) a(25,76) d(32) a(35,35) d(35) r(31,80) d(25) r(3,50) a(1,83)", "fitness": 0.0}
{"generation": 8, "position": 11, "parents": [45, 54], "genome": "d(28) a(25,178) a(35,95)", "fitness": 12.0}
{"generation": 8, "position": 12, "parents": [45], "genome": "r(35,76) d(32) d(2) r(34,53) a(25,178) d(25)", "fitness": 0.0}
{"generation": 8, "position": 13, "parents": [54], "genome": "d(28) r(35,60) a(2,82) d(34) a(25,76) d(32) a(35,35) d(35) r(31,80) d(25) r(3,50) a(1,49)", "fitness": 0.0}
{"generation": 8, "position": 14, "parents": [50, 8], "genome": "r(31,83) d(34) d(28) r(35,50) a(34,27) r(34,112) a(35,170) r(2,3) a(35,97) r(31,80) r(34,76) a(32,108)", "fitness": 0.0}
{"generation": 8, "position": 15, "parents": [50, 8], "genome": "a(27,94) d(32) r(25,87) r(35,34) r(32,86) r(33,64) d(31)", "fitness": 0.0}
{"generation": 8, "position": 16, "parents": [50], "genome": "r(31,83) d(34) d(28) r(35,50) a(34,27) r(34,112) a(35,170) r(2,3) r(25,87) r(35,34) r(32,86) r(33,64) r(1,86)", "fitness": 0.0}
{"generation": 8, "position": 17, "parents": [8], "genome": "a(27,94) d(32) a(35,97) r(31,80) r(34,76) d(35)", "fitness": 0.0}
{"generation": 8, "position": 18, "parents": [35, 22], "genome": "d(28) r(34,112) a(35,170) r(2,3) d(34) a(25,76) a(25,64) r(3,70) r(2,34) a(35,138)", "fitness": 0.0}
{"generation": 8, "position": 19, "parents": [35, 22], "genome": "d(28) r(35,60) a(2,82) d(32) a(35,97) r(35,52) r(33,47) r(1,33)", "fitness": 0.0}
{"generation": 8, "position": 20, "parents": [35], "genome": "d(28) r(34,112) a(35,170) r(2,3) d(32) a(35,97) r(35,52) r(33,47) d(27)", "fitness": 0.0}
{"generation": 8, "position": 21, "parents": [22], "genome": "d(28) r(35,60) a(2,82) d(34) a(25,76) a(25,64) r(3,70) r(2,34) a(32,178)", "fitness": 0.0}
{"generation": 8, "position": 22, "parents": [61, 57], "genome": "a(34,32) r(31,80) d(25) a(33,177) r(34,87)", "fitness": 0.0}
{"generation": 8, "position": 23, "parents": [61, 57], "genome": "a(34,32) d(34) d(32) a(35,35) d(35) d(34) d(32) a(35,35) d(35) d(1) r(25,35) r(31,47) r(33,52)", "fitness": 0.0}
{"generation": 8, "position": 24, "parents": [61], "genome": "a(34,32) d(34) d(32) a(35,35) d(35) d(1) r(25,35) r(31,47) d(28)", "fitness": 0.0}
{"generation": 8, "position": 25, "parents": [57], "genome": "a(34,32) d(34) d(32) a(35,35) d(35) r(31,80) d(25) a(33,177) r(28,97)", "fitness": 0.0}
{"generation": 8, "position": 26, "parents": [22], "genome": "d(28) r(35,60) a(2,82) d(34) a(25,76) a(25,64) r(3,70) r(2,34) a(1,70)", "fitness": 0.0}
{"generation": 8, "position": 27, "parents": [40], "genome": "r(35,76) r(31,86) r(34,36) d(32) r(33,94) d(2) r(27,84) a(28,1) r(35,138) r(33,1) r(32,86) d(25) r(28,177) a(1,138)", "fitness": 0.0}
{"generation": 8, "position": 28, "parents": [12], "genome": "a(34,32) d(34) d(32) a(35,35) d(35) d(1) r(25,35) a(33,37) d(28)", "fitness": 0.0}
{"generation": 8, "position": 29, "parents": [47], "genome": "d(28) a(34,27) r(34,112) a(35,170) r(2,3) d(32) a(35,97) d(35) d(27) a(33,64) d(25) d(1)", "fitness": 0.0}
{"generation": 8, "position": 30, "parents": [11, 29], "genome": "a(34,32) d(34) r(35,50) a(1,62) r(31,48) d(27) a(33,78) r(2,176)", "fitness": 0.0}
{"generation": 8, "position": 31, "parents": [11, 29], "genome": "r(35,76) d(32) d(34) a(34,57) d(2) r(34,138) r(35,31) r(27,38) a(25,53) d(2) r(28,134) d(25)", "fitness": 0.0}
{"generation": 8, "position": 32, "parents": [11], "genome": "a(34,32) d(34) r(35,50) r(35,31) r(27,38) a(25,53) d(2) r(28,134) d(33)", "fitness": 0.0}
{"generation": 8, "position": 33, "parents": [29], "genome": "r(35,76) d(32) d(34) a(34,57) d(2) r(34,138) a(1,62) r(31,48) d(27) a(33,78) d(25)", "fitness": 0.0}
{"generation": 8, "position": 34, "parents": [26, 26], "genome": "a(34,32) d(31) a(34,87) a(27,53) d(34) a(2,135) r(32,31) d(34) a(2,135) r(32,31) a(28,80) d(33)", "fitness": 0.0}
{"generation": 8, "position": 35, "parents": [26, 26], "genome": "a(34,32) d(31) a(34,87) a(27,53) a(28,80) d(35)", "fitness": 0.0}
{"generation": 8, "position": 36, "parents": [26], "genome": "a(34,32) d(31) a(34,87) a(27,53) d(34) a(2,135) r(32,31) a(28,80) a(35,148)", "fitness": 0.0}
{"generation": 8, "position": 37, "parents": [26], "genome": "a(34,32) d(31) a(34,87) a(27,53) d(34) a(2,135) r(32,31) a(28,80) r(25,170)", "fitness": 0.0}
{"generation": 8, "position": 38, "parents": [54], "genome": "d(28) r(35,60) a(2,82) d(34) a(25,76) d(32) a(35,35) d(35) r(31,80) d(25) r(3,50) a(1,49)", "fitness": 0.0}
{"generation": 8, "position": 39, "parents": [45], "genome": "r(35,76) d(32) d(2) r(34,53) a(25,178) d(27)", "fitness": 0.0}
{"generation": 8, "position": 40, "parents": [35], "genome": "d(28) r(34,112) a(35,170) r(2,3) d(32) a(35,97) r(35,52) r(33,47) a(27,112)", "fitness": 0.0}
{"generation": 8, "position": 41, "parents": [30], "genome": "a(34,32) d(31) a(34,87) a(27,53) d(34) a(2,135) r(32,31) r(27,76) d(35)", "fitness": 0.0}
{"generation": 8, "position": 42, "parents": [0, 1], "genome": "r(35,64) r(32,69) r(33,1) r(32,86) r(1,57) d(34) a(25,112) r(1,77) a(27,54) r(25,80) r(28,105)", "fitness": 12.0}
{"generation": 8, "position": 43, "parents": [0, 1], "genome": "r(35,76) d(32) d(34) a(34,57) d(2) r(35,138) r(34,164) r(28,69)", "fitness": 0.0}
{"generation": 8, "position": 44, "parents": [0], "genome": "r(35,64) r(32,69) r(34,164) d(28)", "fitness": 0.0}
{"generation": 8, "position": 45, "parents": [1], "genome": "r(35,76) d(32) d(34) a(34,57) d(2) r(35,138) r(33,1) r(32,86) r(1,57) d(34) a(25,112) r(1,77) a(27,54) r(25,80) r(28,105)", "fitness": 12.0}
{"generation": 8, "position": 46, "parents": [49, 10], "genome": "d(28) r(35,34) d(2) a(34,65)", "fitness": 0.0}
{"generation": 8, "position": 47, "parents": [49, 10], "genome": "a(34,32) d(31) a(34,87) a(27,53) d(34) r(27,34) a(34,27) r(34,112) a(35,170) r(2,3) d(32) a(35,97) d(35) r(27,48) r(28,83)", "fitness": 0.0}
{"generation": 8, "position": 48, "parents": [49], "genome": "d(28) a(34,27) r(34,112) a(35,170) r(2,3) d(32) a(35,97) d(35) r(27,48) r(1,94)", "fitness": 0.0}
{"generation": 8, "position": 49, "parents": [10], "genome": "a(34,32) d(31) a(34,87) a(27,53) d(34) r(27,34) r(35,34) d(2) a(1,130)", "fitness": 0.0}
{"generation": 8, "position": 50, "parents": [58], "genome": "r(31,83) a(34,54) d(34) r(28,60) r(32,69) a(2,82) d(34) a(35,35) d(35) d(1) r(25,35) a(33,135) r(33,51)", "fitness": 0.0}
{"generation": 8, "position": 51, "parents": [61], "genome": "a(34,32) d(34) d(32) a(35,35) d(35) d(1) r(25,35) r(31,47) d(28)", "fitness": 0.0}
{"generation": 8, "position": 52, "parents": [4], "genome": "r(35,64) r(32,69) a(2,82) d(34) d(28) r(35,50) a(33,62) d(27) a(33,64) a(3,80) a(1,87)", "fitness": 0.0}
{"generation": 8, "position": 53, "parents": [49], "genome": "d(28) a(34,27) r(34,112) a(35,170) r(2,3) d(32) a(35,97) d(35) r(27,48) r(33,86)", "fitness": 0.0}
{"generation": 8, "position": 54, "parents": [22], "genome": "d(28) r(35,60) a(2,82) d(34) a(25,76) a(25,64) r(3,70) r(2,34) r(32,64)", "fitness": 0.0}
{"generation": 8, "position": 55, "parents": [32], "genome": "r(35,64) r(32,69) d(34) d(2) r(27,70)", "fitness": 0.0}
{"generation": 8, "position": 56, "parents": [15, 8], "genome": "r(31,83) d(34) d(28) d(32) a(35,35) r(31,80) r(34,76) a(35,130)", "fitness": 0.0}
{"generation": 8, "position": 57, "parents": [15, 8], "genome": "a(27,94) d(32) a(35,97) d(35) d(2) d(1) a(33,80) d(34)", "fitness": 0.0}
{"generation": 8, "position": 58, "parents": [15], "genome": "r(31,83) d(34) d(28) d(32) a(35,35) d(35) d(2) d(1) a(33,80) r(27,138)", "fitness": 0.0}
{"generation": 8, "position": 59, "parents": [8], "genome": "a(27,94) d(32) a(35,97) r(31,80) r(34,76) d(1)", "fitness": 0.0}
{"generation": 8, "position": 60, "parents": [18, 11], "genome": "d(28) a(34,27) a(27,95)", "fitness": 0.0}
{"generation": 8, "position": 61, "parents": [18, 11], "genome": "a(34,32) d(34) r(35,50) r(35,31) r(27,38) a(25,53) d(2) r(28,134) r(34,112) a(35,170) r(27,1) a(3,178) r(35,138) r(33,1) r(32,86) d(2) d(25) a(1,77)", "fitness": 0.0}
{"generation": 8, "position": 62, "parents": [18], "genome": "d(28) a(34,27) r(34,112) a(35,170) r(27,1) a(3,178) r(35,138) r(33,1) r(32,86) d(2) d(25) d(1)", "fitness": 0.0}
{"generation": 9, "position": 0, "parents": [58, 29], "genome": "r(31,83) d(34) a(34,27) r(34,112) a(35,170) r(2,3) d(32) a(35,97) d(35) d(27) a(33,64) d(25) d(1) d(33)", "fitness": 0.0}
{"generation": 9, "position": 1, "parents": [58, 29], "genome": "d(28) d(28) d(32) a(35,35) d(35) d(2) d(1) a(33,80) r(27,138) d(34)", "fitness": 0.0}
{"generation": 9, "position": 2, "parents": [58], "genome": "r(31,83) d(34) d(28) d(32) a(35,35) d(35) d(2) d(1) a(33,80) r(27,138) a(25,77)", "fitness": 0.0}
{"generation": 9, "position": 3, "parents": [29], "genome": "d(28) a(34,27) r(34,112) a(35,170) r(2,3) d(32) a(35,97) d(35) d(27) a(33,64) d(25) d(1) d(33)", "fitness": 0.0}
{"generation": 9, "position": 4, "parents": [21], "genome": "d(28) r(35,60) a(2,82) d(34) a(25,76) a(25,64) r(3,70) r(2,34) a(32,178) a(32,54)", "fitness": 0.0}
{"generation": 9, "position": 5, "parents": [56], "genome": "r(31,83) d(34) d(28) d(32) a(35,35) r(31,80) r(34,76) a(35,130) r(35,44)", "fitness": 0.0}
{"generation": 9, "position": 6, "parents": [38, 16], "genome": "d(28) r(35,60) a(2,82) d(34) a(25,76) d(32) a(35,35) d(35) r(31,80) d(25) r(3,50) a(1,49) r(35,50) a(34,27) r(34,112) a(35,170) r(2,3) r(25,87) r(35,34) r(32,86) r(33,64) r(1,86)", "fitness": 0.0}
{"generation": 9, "position": 7, "parents": [38, 16], "genome": "r(31,83) d(34) d(28) r(35,46)", "fitness": 0.0}
{"generation": 9, "position": 8, "parents": [38], "genome": "d(28) r(35,60) a(2,82) d(34) a(25,76) d(32) a(35,35) d(35) r(31,80) d(25) r(3,50) a(1,49) a(33,76)", "fitness": 0.0}
{"generation": 9, "position": 9, "parents": [16], "genome": "r(31,83) d(34) d(28) r(35,50) a(34,27) r(34,112) a(35,170) r(2,3) r(25,87) r(35,34) r(32,86) r(33,64) r(1,86)", "fitness": 0.0}
{"generation": 9, "position": 10, "parents": [53], "genome": "d(28) a(34,27) r(34,112) a(35,170) r(2,3) d(32) a(35,97) d(35) r(27,48) r(33,86) a(25,176)", "fitness": 0.0}
{"generation": 9, "position": 11, "parents": [6], "genome": "d(28) a(34,27) r(34,112) a(35,170) r(2,3) r(25,87) r(35,34) r(32,86) d(1) d(33)", "fitness": 0.0}
{"generation": 9, "position": 12, "parents": [27, 34], "genome": "r(35,76) r(31,86) r(34,36) d(32) r(33,94) d(2) r(27,84) a(28,1) r(35,138) r(33,1) r(32,31) d(34) a(2,135) r(32,31) a(28,80) d(33) a(1,83)", "fitness": 0.0}
{"generation": 9, "position": 13, "parents": [27, 34], "genome": "a(34,32) d(31) a(34,87) a(27,53) d(34) a(2,135) r(32,86) d(25) r(28,177) a(1,138) a(35,64)", "fitness": 0.0}
{"generation": 9, "position": 14, "parents": [27], "genome": "r(35,76) r(31,86) r(34,36) d(32) r(33,94) d(2) r(27,84) a(28,1) r(35,138) r(33,1) r(32,86) d(25) r(28,177) a(1,138) d(1)", "fitness": 0.0}
{"generation": 9, "position": 15, "parents": [34], "genome": "a(34,32) d(31) a(34,87) a(27,53) d(34) a(2,135) r(32,31) d(34) a(2,135) r(32,31) a(28,80) d(33) r(2,25)", "fitness": 12.0}
{"generation": 9, "position": 16, "parents": [58], "genome": "r(31,83) d(34) d(28) d(32) a(35,35) d(35) d(2) d(1) a(33,80) r(27,138) a(25,47)", "fitness": 0.0}
{"generation": 9, "position": 17, "parents": [24], "genome": "a(34,32) d(34) d(32) a(35,35) d(35) d(1) r(25,35) r(31,47) d(28) a(33,130)", "fitness": 0.0}
{"generation": 9, "position": 18, "parents": [35], "genome": "a(34,32) d(31) a(34,87) a(27,53) a(28,80) d(35) a(32,44)", "fitness": 0.0}
{"generation": 9, "position": 19, "parents": [15], "genome": "a(27,94) d(32) r(25,87) r(35,34) r(32,86) r(33,64) d(31) r(1,100)", "fitness": 0.0}
{"generation": 9, "position": 20, "parents": [27], "genome": "r(35,76) r(31,86) r(34,36) d(32) r(33,94) d(2) r(27,84) a(28,1) r(35,138) r(33,1) r(32,86) d(25) r(28,177) a(1,138) a(1,99)", "fitness": 0.0}
{"generation": 9, "position": 21, "parents": [21], "genome": "d(28) r(35,60) a(2,82) d(34) a(25,76) a(25,64) r(3,70) r(2,34) a(32,178) a(33,60)", "fitness": 0.0}
{"generation": 9, "position": 22, "parents": [6], "genome": "d(28) a(34,27) r(34,112) a(35,170) r(2,3) r(25,87) r(35,34) r(32,86) d(1) d(33)", "fitness": 0.0}
{"generation": 9, "position": 23, "parents": [61], "genome": "a(34,32) d(34) r(35,50) r(35,31) r(27,38) a(25,53) d(2) r(28,134) r(34,112) a(35,170) r(27,1) a(3,178) r(35,138) r(33,1) r(32,86) d(2) d(25) a(1,77) a(1,99)", "fitness": 0.0}
{"generation": 9, "position": 24, "parents": [31, 10], "genome": "r(35,76) d(32) d(34) a(34,57) d(2) a(2,82) d(34) a(25,76) d(32) a(35,35) d(35) r(31,80) d(25) r(3,50) a(1,83) d(33)", "fitness": 0.0}
{"generation": 9, "position": 25, "parents": [31, 10], "genome": "r(35,76) d(32) d(2) r(34,53) r(35,60) r(34,138) r(35,31) r(27,38) a(25,53) d(2) r(28,134) d(25) d(33)", "fitness": 0.0}
{"generation": 9, "position": 26, "parents": [31], "genome": "r(35,76) d(32) d(34) a(34,57) d(2) r(34,138) r(35,31) r(27,38) a(25,53) d(2) r(28,134) d(25) d(33)", "fitness": 0.0}
{"generation": 9, "position": 27, "parents": [10], "genome": "r(35,76) d(32) d(2) r(34,53) r(35,60) a(2,82) d(34) a(25,76) d(32) a(35,35) d(35) r(31,80) d(25) r(3,50) a(1,83) a(1,1)", "fitness": 0.0}
{"generation": 9, "position": 28, "parents": [17, 63], "genome": "a(27,94) d(32) a(35,97) r(31,80) r(27,38) a(25,53) d(2) r(28,134) r(25,47) a(34,34)", "fitness": 0.0}
{"generation": 9, "position": 29, "parents": [17, 63], "genome": "a(34,32) d(34) r(35,50) r(35,31) r(34,76) d(35) d(25)", "fitness": 4.0}
{"generation": 9, "position": 30, "parents": [17], "genome": "a(27,94) d(32) a(35,97) r(31,80) r(34,76) d(35) r(33,47)", "fitness": 0.0}
{"generation": 9, "position": 31, "parents": [63], "genome": "a(34,32) d(34) r(35,50) r(35,31) r(27,38) a(25,53) d(2) r(28,134) r(25,47) r(33,45)", "fitness": 0.0}
{"generation": 9, "position": 32, "parents": [31], "genome": "r(35,76) d(32) d(34) a(34,57) d(2) r(34,138) r(35,31) r(27,38) a(25,53) d(2) r(28,134) d(25) a(1,158)", "fitness": 0.0}
{"generation": 9, "position": 33, "parents": [60], "genome": "d(28) a(34,27) a(27,95) a(34,82)", "fitness": 0.0}
{"generation": 9, "position": 34, "parents": [5], "genome": "d(28) a(34,27) r(34,112) a(35,170) r(2,3) r(25,87) r(35,34) a(33,33) r(33,47)", "fitness": 0.0}
{"generation": 9, "position": 35, "parents": [14], "genome": "r(31,83) d(34) d(28) r(35,50) a(34,27) r(34,112) a(35,170) r(2,3) a(35,97) r(31,80) r(34,76) a(32,108) r(1,99)", "fitness": 0.0}
{"generation": 9, "position": 36, "parents": [10], "genome": "r(35,76) d(32) d(2) r(34,53) r(35,60) a(2,82) d(34) a(25,76) d(32) a(35,35) d(35) r(31,80) d(25) r(3,50) a(1,83) a(28,46)", "fitness": 0.0}
{"generation": 9, "position": 37, "parents": [20], "genome": "d(28) r(34,112) a(35,170) r(2,3) d(32) a(35,97) r(35,52) r(33,47) d(27) r(1,70)", "fitness": 0.0}
{"generation": 9, "position": 38, "parents": [49, 61], "genome": "a(34,32) d(31) a(34,87) r(34,112) a(35,170) r(27,1) a(3,178) r(35,138) r(33,1) r(32,86) d(2) d(25) a(1,77) d(28)", "fitness": 0.0}
{"generation": 9, "position": 39, "parents": [49, 61], "genome": "a(34,32) d(34) r(35,50) r(35,31) r(27,38) a(25,53) d(2) r(28,134) a(27,53) d(34) r(27,34) r(35,34) d(2) a(1,130) r(25,80)", "fitness": 0.0}
{"generation": 9, "position": 40, "parents": [49], "genome": "a(34,32) d(31) a(34,87) a(27,53) d(34) r(27,34) r(35,34) d(2) a(1,130) d(1)", "fitness": 0.0}
{"generation": 9, "position": 41, "parents": [61], "genome": "a(34,32) d(34) r(35,50) r(35,31) r(27,38) a(25,53) d(2) r(28,134) r(34,112) a(35,170) r(27,1) a(3,178) r(35,138) r(33,1) r(32,86) d(2) d(25) a(1,77) d(1)", "fitness": 0.0}
{"generation": 9, "position": 42, "parents": [18, 44], "genome": "d(28) r(34,112) a(35,170) r(2,3) d(34) a(25,76) r(34,164) d(28) d(1)", "fitness": 0.0}
{"generation": 9, "position": 43, "parents": [18, 44], "genome": "r(35,64) r(32,69) a(25,64) r(3,70) r(2,34) a(35,138) a(34,65)", "fitness": 0.0}
{"generation": 9, "position": 44, "parents": [18], "genome": "d(28) r(34,112) a(35,170) r(2,3) d(34) a(25,76) a(25,64) r(3,70) r(2,34) a(35,138) r(35,36)", "fitness": 0.0}
{"generation": 9, "position": 45, "parents": [44], "genome": "r(35,64) r(32,69) r(34,164) d(28) r(27,100)", "fitness": 0.0}
{"generation": 9, "position": 46, "parents": [3], "genome": "r(35,76) r(31,86) r(34,36) d(32) r(33,94) d(2) r(27,84) a(28,1) a(28,164) d(25) r(1,69)", "fitness": 0.0}
{"generation": 9, "position": 47, "parents": [48], "genome": "d(28) a(34,27) r(34,112) a(35,170) r(2,3) d(32) a(35,97) d(35) r(27,48) r(1,94) a(25,177)", "fitness": 0.0}
{"generation": 9, "position": 48, "parents": [21], "genome": "d(28) r(35,60) a(2,82) d(34) a(25,76) a(25,64) r(3,70) r(2,34) a(32,178) d(32)", "fitness": 0.0}
{"generation": 9, "position": 49, "parents": [1], "genome": "r(35,76) d(28) r(35,50) a(33,62) r(25,95) a(34,27) r(34,87)", "fitness": 0.0}
{"generation": 9, "position": 50, "parents": [26, 52], "genome": "d(28) r(35,60) a(2,82) d(34) a(25,76) a(33,62) d(27) a(33,64) a(3,80) a(1,87) r(33,69)", "fitness": 0.0}
{"generation": 9, "position": 51, "parents": [26, 52], "genome": "r(35,64) r(32,69) a(2,82) d(34) d(28) r(35,50) a(25,64) r(3,70) r(2,34) a(1,70) a(25,45)", "fitness": 0.0}
{"generation": 9, "position": 52, "parents": [26], "genome": "d(28) r(35,60) a(2,82) d(34) a(25,76) a(25,64) r(3,70) r(2,34) a(1,70) a(32,135)", "fitness": 0.0}
{"generation": 9, "position": 53, "parents": [52], "genome": "r(35,64) r(32,69) a(2,82) d(34) d(28) r(35,50) a(33,62) d(27) a(33,64) a(3,80) a(1,87) r(3,53)", "fitness": 0.0}
{"generation": 9, "position": 54, "parents": [55, 37], "genome": "r(35,64) r(32,69) r(32,31) a(28,80) r(25,170) a(34,37)", "fitness": 0.0}
{"generation": 9, "position": 55, "parents": [55, 37], "genome": "a(34,32) d(31) a(34,87) a(27,53) d(34) a(2,135) d(34) d(2) r(27,70) a(32,84)", "fitness": 0.0}
{"generation": 9, "position": 56, "parents": [55], "genome": "r(35,64) r(32,69) d(34) d(2) r(27,70) a(25,52)", "fitness": 0.0}
{"generation": 10, "position": 0, "parents": [6], "genome": "d(28) r(35,60) a(2,82) d(34) a(25,76) d(32) a(35,35) d(35) r(31,80) d(25) r(3,50) a(1,49) r(35,50) a(34,27) r(34,112) a(35,170) r(2,3) r(25,87) r(35,34) r(32,86) r(33,64) r(1,86)", "fitness": 0.0}
{"generation": 10, "position": 1, "parents": [3], "genome": "d(28) a(34,27) r(34,112) a(35,170) r(2,3) d(32) a(35,97) d(35) d(27) a(33,64) d(25) d(1) d(33)", "fitness": 0.0}
{"generation": 10, "position": 2, "parents": [25], "genome": "r(35,76) d(32) d(2) r(34,53) r(35,60) r(34,138) r(35,31) r(27,38) a(25,53) d(2) r(28,134) d(25) d(33) r(1,130)", "fitness": 0.0}
{"generation": 10, "position": 3, "parents": [5], "genome": "r(31,83) d(34) d(28) d(32) a(35,35) r(31,80) r(34,76) a(35,130) r(35,44) r(3,76)", "fitness": 0.0}
{"generation": 10, "position": 4, "parents": [41], "genome": "a(34,32) d(34) r(35,50) r(35,31) r(27,38) a(25,53) d(2) r(28,134) r(34,112) a(35,170) r(27,1) a(3,178) r(35,138) r(33,1) r(32,86) d(2) d(25) a(1,77) d(1)", "fitness": 0.0}
{"generation": 10, "position": 5, "parents": [50], "genome": "d(28) r(35,60) a(2,82) d(34) a(25,76) a(33,62) d(27) a(33,64) a(3,80) a(1,87) r(33,69) d(3)", "fitness": 0.0}
{"generation": 10, "position": 6, "parents": [1, 47], "genome": "d(28) d(28) d(32) a(35,35) d(35) d(2) d(1) a(33,80) r(27,138) d(35) r(27,48) r(1,94) a(25,177) r(34,78)", "fitness": 0.0}
{"generation": 10, "position": 7, "parents": [1, 47], "genome": "d(28) a(34,27) r(34,112) a(35,170) r(2,3) d(32) a(35,97) d(34) r(35,108)", "fitness": 0.0}
{"generation": 10, "position": 8, "parents": [1], "genome": "d(28) d(28) d(32) a(35,35) d(35) d(2) d(1) a(33,80) r(27,138) d(34) d(25)", "fitness": 0.0}
{"generation": 10, "position": 9, "parents": [47], "genome": "d(28) a(34,27) r(34,112) a(35,170) r(2,3) d(32) a(35,97) d(35) r(27,48) r(1,94) a(25,177) a(33,34)", "fitness": 0.0}
{"generation": 10, "position": 10, "parents": [26, 13], "genome": "r(35,76) d(32) d(34) a(2,135) r(32,86) d(25) r(28,177) a(1,138) a(35,64) r(33,158)", "fitness": 0.0}
{"generation": 10, "position": 11, "parents": [26, 13], "genome": "a(34,32) d(31) a(34,87) a(27,53) d(34) a(34,57) d(2) r(34,138) r(35,31) r(27,38) a(25,53) d(2) r(28,134) d(25) d(33) d(1)", "fitness": 0.0}
{"generation": 10, "position": 12, "parents": [26], "genome": "r(35,76) d(32) d(34) a(34,57) d(2) r(34,138) r(35,31) r(27,38) a(25,53) d(2) r(28,134) d(25) d(33) a(1,86)", "fitness": 0.0}
{"generation": 10, "position": 13, "parents": [13], "genome": "a(34,32) d(31) a(34,87) a(27,53) d(34) a(2,135) r(32,86) d(25) r(28,177) a(1,138) a(35,64) r(1,178)", "fitness": 12.0}
{"generation": 10, "position": 14, "parents": [35], "genome": "r(31,83) d(34) d(28) r(35,50) a(34,27) r(34,112) a(35,170) r(2,3) a(35,97) r(31,80) r(34,76) a(32,108) r(1,99) r(32,27)", "fitness": 0.0}
{"generation": 10, "position": 15, "parents": [13], "genome": "a(34,32) d(31) a(34,87) a(27,53) d(34) a(2,135) r(32,86) d(25) r(28,177) a(1,138) a(35,64) a(35,34)", "fitness": 0.0}
{"generation": 10, "position": 16, "parents": [22], "genome": "d(28) a(34,27) r(34,112) a(35,170) r(2,3) r(25,87) r(35,34) r(32,86) d(1) d(33)", "fitness": 0.0}
{"generation": 10, "position": 17, "parents": [40], "genome": "a(34,32) d(31) a(34,87) a(27,53) d(34) r(27,34) r(35,34) d(2) a(1,130) d(1) d(33)", "fitness": 0.0}
{"generation": 10, "position": 18, "parents": [20, 42], "genome": "r(35,76) r(31,86) r(34,36) d(33)", "fitness": 0.0}
{"generation": 10, "position": 19, "parents": [20, 42], "genome": "d(28) r(34,112) a(35,170) r(2,3) d(34) a(25,76) r(34,164) d(28) d(1) d(32) r(33,94) d(2) r(27,84) a(28,1) r(35,138) r(33,1) r(32,86) d(25) r(28,177) a(1,138) a(1,99)", "fitness": 0.0}
{"generation": 10, "position": 20, "parents": [20], "genome": "r(35,76) r(31,86) r(34,36) d(32) r(33,94) d(2) r(27,84) a(28,1) r(35,138) r(33,1) r(32,86) d(25) r(28,177) a(1,138) a(1,99) d(1)", "fitness": 0.0}
{"generation": 10, "position": 21, "parents": [42], "genome": "d(28) r(34,112) a(35,170) r(2,3) d(34) a(25,76) r(34,164) d(28) d(1) r(32,1)", "fitness": 0.0}
{"generation": 10, "position": 22, "parents": [12], "genome": "r(35,76) r(31,86) r(34,36) d(32) r(33,94) d(2) r(27,84) a(28,1) r(35,138) r(33,1) r(32,31) d(34) a(2,135) r(32,31) a(28,80) d(33) a(1,83) a(28,77)", "fitness": 0.0}
{"generation": 10, "position": 23, "parents": [13], "genome": "a(34,32) d(31) a(34,87) a(27,53) d(34) a(2,135) r(32,86) d(25) r(28,177) a(1,138) a(35,64) r(1,99)", "fitness": 0.0}
{"generation": 10, "position": 24, "parents": [40], "genome": "a(34,32) d(31) a(34,87) a(27,53) d(34) r(27,34) r(35,34) d(2) a(1,130) d(1) r(25,158)", "fitness": 0.0}
{"generation": 10, "position": 25, "parents": [57], "genome": "a(34,32) d(31) a(34,87) a(27,53) d(34) a(2,135) r(32,31) a(28,80) r(25,170) a(35,34) r(35,38)", "fitness": 4.0}
{"generation": 10, "position": 26, "parents": [18, 34], "genome": "a(34,32) d(31) a(35,170) r(2,3) r(25,87) r(35,34) a(33,33) r(33,47) d(1)", "fitness": 0.0}
{"generation": 10, "position": 27, "parents": [18, 34], "genome": "d(28) a(34,27) r(34,112) a(34,87) a(27,53) a(28,80) d(35) a(32,44) r(27,108)", "fitness": 0.0}
{"generation": 10, "position": 28, "parents": [18], "genome": "a(34,32) d(31) a(34,87) a(27,53) a(28,80) d(35) a(32,44) a(34,95)", "fitness": 0.0}
{"generation": 10, "position": 29, "parents": [34], "genome": "d(28) a(34,27) r(34,112) a(35,170) r(2,3) r(25,87) r(35,34) a(33,33) r(33,47) d(1)", "fitness": 0.0}
{"generation": 10, "position": 30, "parents": [26, 52], "genome": "r(35,76) d(32) d(34) a(34,57) a(32,135) d(33)", "fitness": 0.0}
{"generation": 10, "position": 31, "parents": [26, 52], "genome": "d(28) r(35,60) a(2,82) d(34) a(25,76) a(25,64) r(3,70) r(2,34) a(1,70) d(2) r(34,138) r(35,31) r(27,38) a(25,53) d(2) r(28,134) d(25) d(33) a(1,32)", "fitness": 0.0}
{"generation": 10, "position": 32, "parents": [26], "genome": "r(35,76) d(32) d(34) a(34,57) d(2) r(34,138) r(35,31) r(27,38) a(25,53) d(2) r(28,134) d(25) d(33) d(1)", "fitness": 0.0}
{"generation": 10, "position": 33, "parents": [52], "genome": "d(28) r(35,60) a(2,82) d(34) a(25,76) a(25,64) r(3,70) r(2,34) a(1,70) a(32,135) a(32,80)", "fitness": 0.0}
{"generation": 10, "position": 34, "parents": [24], "genome": "r(35,76) d(32) d(34) a(34,57) d(2) a(2,82) d(34) a(25,76) d(32) a(35,35) d(35) r(31,80) d(25) r(3,50) a(1,83) d(33) a(28,47)", "fitness": 0.0}
{"generation": 10, "position": 35, "parents": [39], "genome": "a(34,32) d(34) r(35,50) r(35,31) r(27,38) a(25,53) d(2) r(28,134) a(27,53) d(34) r(27,34) r(35,34) d(2) a(1,130) r(25,80) d(32)", "fitness": 0.0}
{"generation": 10, "position": 36, "parents": [18], "genome": "a(34,32) d(31) a(34,87) a(27,53) a(28,80) d(35) a(32,44) d(34)", "fitness": 0.0}
{"generation": 10, "position": 37, "parents": [34], "genome": "d(28) a(34,27) r(34,112) a(35,170) r(2,3) r(25,87) r(35,34) a(33,33) r(33,47) d(1)", "fitness": 0.0}
{"generation": 10, "position": 38, "parents": [17, 21], "genome": "a(34,32) d(34) d(32) a(35,35) d(35) d(1) r(25,35) r(31,47) d(28) a(33,130) a(32,178) a(33,60) a(33,164)", "fitness": 0.0}
{"generation": 10, "position": 39, "parents": [17, 21], "genome": "d(28) r(35,60) a(2,82) d(34) a(25,76) a(25,64) r(3,70) r(2,34) d(32)", "fitness": 0.0}
{"generation": 10, "position": 40, "parents": [17], "genome": "a(34,32) d(34) d(32) a(35,35) d(35) d(1) r(25,35) r(31,47) d(28) a(33,130) d(33)", "fitness": 0.0}
{"generation": 10, "position": 41, "parents": [21], "genome": "d(28) r(35,60) a(2,82) d(34) a(25,76) a(25,64) r(3,70) r(2,34) a(32,178) a(33,60) r(27,36)", "fitness": 0.0}
{"generation": 10, "position": 42, "parents": [6, 14], "genome": "d(28) r(35,60) a(2,82) d(34) a(25,76) d(32) a(35,35) d(35) r(31,80) d(25) r(3,50) a(1,49) r(35,50) a(34,27) r(34,112) a(35,170) r(2,3) r(32,86) d(25) r(28,177) a(1,138) d(1) r(33,158)", "fitness": 0.0}
{"generation": 10, "position": 43, "parents": [6, 14], "genome": "r(35,76) r(31,86) r(34,36) d(32) r(33,94) d(2) r(27,84) a(28,1) r(35,138) r(33,1) r(25,87) r(35,34) r(32,86) r(33,64) r(1,86) a(28,87)", "fitness": 0.0}
{"generation": 10, "position": 44, "parents": [6], "genome": "d(28) r(35,60) a(2,82) d(34) a(25,76) d(32) a(35,35) d(35) r(31,80) d(25) r(3,50) a(1,49) r(35,50) a(34,27) r(34,112) a(35,170) r(2,3) r(25,87) r(35,34) r(32,86) r(33,64) r(1,86)", "fitness": 0.0}
{"generation": 10, "position": 45, "parents": [14], "genome": "r(35,76) r(31,86) r(34,36) d(32) r(33,94) d(2) r(27,84) a(28,1) r(35,138) r(33,1) r(32,86) d(25) r(28,177) a(1,138) d(1)", "fitness": 0.0}
{"generation": 10, "position": 46, "parents": [35], "genome": "r(31,83) d(34) d(28) r(35,50) a(34,27) r(34,112) a(35,170) r(2,3) a(35,97) r(31,80) r(34,76) a(32,108) r(1,99) a(27,60)", "fitness": 0.0}
{"generation": 10, "position": 47, "parents": [27], "genome": "r(35,76) d(32) d(2) r(34,53) r(35,60) a(2,82) d(34) a(25,76) d(32) a(35,35) d(35) r(31,80) d(25) r(3,50) a(1,83) a(1,1) d(33)", "fitness": 0.0}
{"generation": 10, "position": 48, "parents": [1], "genome": "d(28) d(28) d(32) a(35,35) d(35) d(2) d(1) a(33,80) r(27,138) d(34) a(25,35)", "fitness": 0.0}
{"generation": 10, "position": 49, "parents": [52], "genome": "d(28) r(35,60) a(2,82) d(34) a(25,76) a(25,64) r(3,70) r(2,34) a(1,70) a(32,135) d(1)", "fitness": 0.0}
{"generation": 10, "position": 50, "parents": [54], "genome": "r(35,64) r(32,69) r(32,31) a(28,80) r(25,170) a(34,37) d(34)", "fitness": 0.0}
{"generation": 10, "position": 51, "parents": [18], "genome": "a(34,32) d(31) a(34,87) a(27,53) a(28,80) d(35) a(32,44) d(34)", "fitness": 0.0}
{"generation": 10, "position": 52, "parents": [30], "genome": "a(27,94) d(32) a(35,97) r(31,80) r(34,76) d(35) r(33,47) r(2,65)", "fitness": 0.0}