[meta]
{"program": "genprog-3.0", "problem": {"ideal_fitness": "12", "type": "repair", "name": "ultrix-look", "enclosure": {"1": 0, "2": 1, "3": 2, "4": 3, "7": 1, "8": 7, "10": 0, "12": 0, "14": 0, "15": 0, "16": 15, "17": 15, "22": 7, "23": 1, "24": 1, "25": 0, "26": 25, "27": 25, "28": 0, "29": 28, "30": 28, "31": 28, "32": 0, "33": 0, "34": 33, "35": 33, "36": 33, "37": 0, "38": 0, "39": 38, "40": 38, "41": 40, "42": 40, "43": 40, "44": 38, "45": 0, "46": 0, "47": 0, "48": 0, "49": 0, "50": 49, "51": 49, "52": 49, "53": 52, "54": 52, "55": 52, "56": 55, "57": 56, "60": 49, "61": 49, "62": 61, "64": 49, "65": 49, "67": 0, "69": 67, "70": 0, "72": 0, "75": 49, "76": 0, "77": 0, "78": 77, "79": 77, "80": 79, "82": 77, "83": 77, "84": 83, "85": 83, "86": 77, "87": 77, "89": 0, "90": 0, "94": 0, "95": 94, "96": 94, "97": 96, "99": 94, "100": 94, "102": 0, "105": 0, "106": 0, "107": 106, "108": 107, "110": 106, "111": 110, "112": 110, "113": 106, "114": 106, "115": 0, "116": 115, "117": 115, "118": 117, "119": 117, "120": 119, "121": 119, "122": 117, "123": 115, "124": 0, "125": 0, "126": 0, "127": 126, "128": 126, "129": 126, "130": 129, "132": 126, "133": 126, "134": 133, "135": 133, "136": 126, "138": 136, "139": 126, "140": 126, "141": 126, "142": 0, "143": 142, "144": 143, "146": 142, "147": 0, "148": 0, "149": 0, "150": 0, "151": 150, "152": 150, "153": 150, "154": 150, "155": 150, "156": 155, "158": 155, "159": 150, "160": 159, "161": 159, "162": 161, "164": 159, "165": 150, "166": 165, "167": 165, "168": 167, "169": 167, "170": 165, "171": 150, "172": 150, "173": 150, "174": 173, "176": 173, "177": 150, "178": 0}}, "version": "0.0.2", "seed": 15, "algorithm": {"representation": "patch", "type": "genetic", "name": "ALGORITHM-NAME"}}

[data]
{"generation": 0, "position": 0, "parents": [], "genome": "r(35,178)", "fitness": 4.0}
{"generation": 0, "position": 1, "parents": [], "genome": "a(27,177)", "fitness": 4.0}
{"generation": 0, "position": 2, "parents": [], "genome": "d(35)", "fitness": 4.0}
{"generation": 0, "position": 3, "parents": [], "genome": "a(34,138)", "fitness": 4.0}
{"generation": 0, "position": 4, "parents": [], "genome": "r(35,50)", "fitness": 4.0}
{"generation": 0, "position": 5, "parents": [], "genome": "r(34,86)", "fitness": 4.0}
{"generation": 0, "position": 6, "parents": [], "genome": "d(35)", "fitness": 4.0}
{"generation": 0, "position": 7, "parents": [], "genome": "d(35)", "fitness": 4.0}
{"generation": 0, "position": 8, "parents": [], "genome": "a(34,57)", "fitness": 4.0}
{"generation": 0, "position": 9, "parents": [], "genome": "a(34,77)", "fitness": 4.0}
{"generation": 0, "position": 10, "parents": [], "genome": "d(1)", "fitness": 4.0}
{"generation": 0, "position": 11, "parents": [], "genome": "r(34,54)", "fitness": 4.0}
{"generation": 0, "position": 12, "parents": [], "genome": "a(32,76)", "fitness": 4.0}
{"generation": 0, "position": 13, "parents": [], "genome": "a(35,100)", "fitness": 4.0}
{"generation": 0, "position": 14, "parents": [], "genome": "a(34,46)", "fitness": 4.0}
{"generation": 0, "position": 15, "parents": [], "genome": "a(28,44)", "fitness": 4.0}
{"generation": 0, "position": 16, "parents": [], "genome": "a(35,45)", "fitness": 4.0}
{"generation": 0, "position": 17, "parents": [], "genome": "d(34)", "fitness": 4.0}
{"generation": 0, "position": 18, "parents": [], "genome": "d(34)", "fitness": 4.0}
{"generation": 0, "position": 19, "parents": [], "genome": "r(34,108)", "fitness": 4.0}
{"generation": 0, "position": 20, "parents": [], "genome": "a(35,53)", "fitness": 4.0}
{"generation": 0, "position": 21, "parents": [], "genome": "d(35)", "fitness": 4.0}
{"generation": 0, "position": 22, "parents": [], "genome": "d(35)", "fitness": 4.0}
{"generation": 0, "position": 23, "parents": [], "genome": "d(2)", "fitness": 0.0}
{"generation": 0, "position": 24, "parents": [], "genome": "d(27)", "fitness": 4.0}
{"generation": 0, "position": 25, "parents": [], "genome": "a(31,80)", "fitness": 4.0}
{"generation": 0, "position": 26, "parents": [], "genome": "d(32)", "fitness": 0.0}
{"generation": 0, "position": 27, "parents": [], "genome": "a(34,95)", "fitness": 4.0}
{"generation": 0, "position": 28, "parents": [], "genome": "d(35)", "fitness": 4.0}
{"generation": 0, "position": 29, "parents": [], "genome": "d(35)", "fitness": 4.0}
{"generation": 0, "position": 30, "parents": [], "genome": "a(34,97)", "fitness": 4.0}
{"generation": 0, "position": 31, "parents": [], "genome": "d(34)", "fitness": 4.0}
{"generation": 0, "position": 32, "parents": [], "genome": "d(35)", "fitness": 4.0}
{"generation": 0, "position": 33, "parents": [], "genome": "r(34,64)", "fitness": 4.0}
{"generation": 0, "position": 34, "parents": [], "genome": "r(35,38)", "fitness": 4.0}
{"generation": 0, "position": 35, "parents": [], "genome": "a(27,31)", "fitness": 4.0}
{"generation": 0, "position": 36, "parents": [], "genome": "a(34,48)", "fitness": 4.0}
{"generation": 0, "position": 37, "parents": [], "genome": "d(2)", "fitness": 0.0}
{"generation": 0, "position": 38, "parents": [], "genome": "r(2,34)", "fitness": 0.0}
{"generation": 0, "position": 39, "parents": [], "genome": "original", "fitness": 4.0}
{"generation": 1, "position": 0, "parents": [26, 6], "genome": "d(32) a(25,177)", "fitness": 0.0}
{"generation": 1, "position": 1, "parents": [26, 6], "genome": "d(35) r(2,32)", "fitness": 0.0}
{"generation": 1, "position": 2, "parents": [26], "genome": "d(32) a(34,170)", "fitness": 0.0}
{"generation": 1, "position": 3, "parents": [6], "genome": "d(35) a(28,31)", "fitness": 4.0}
{"generation": 1, "position": 4, "parents": [19, 17], "genome": "r(34,108) r(35,95)", "fitness": 4.0}
{"generation": 1, "position": 5, "parents": [19, 17], "genome": "d(34) d(35)", "fitness": 4.0}
{"generation": 1, "position": 6, "parents": [19], "genome": "r(34,108) r(35,1)", "fitness": 4.0}
{"generation": 1, "position": 7, "parents": [17], "genome": "d(34) r(35,78)", "fitness": 4.0}
{"generation": 1, "position": 8, "parents": [23], "genome": "d(2) a(33,60)", "fitness": 0.0}
{"generation": 1, "position": 9, "parents": [26], "genome": "d(32) d(34)", "fitness": 0.0}
{"generation": 1, "position": 10, "parents": [3, 13], "genome": "a(34,138) r(35,51)", "fitness": 4.0}
{"generation": 1, "position": 11, "parents": [3, 13], "genome": "a(35,100) d(3)", "fitness": 12.0}
{"generation": 1, "position": 12, "parents": [3], "genome": "a(34,138) a(34,31)", "fitness": 4.0}
{"generation": 1, "position": 13, "parents": [13], "genome": "a(35,100) r(33,37)", "fitness": 4.0}
{"generation": 1, "position": 14, "parents": [29], "genome": "d(35) r(25,99)", "fitness": 4.0}
{"generation": 1, "position": 15, "parents": [3], "genome": "a(34,138) d(35)", "fitness": 4.0}
{"generation": 1, "position": 16, "parents": [26], "genome": "d(32) d(35)", "fitness": 0.0}
{"generation": 1, "position": 17, "parents": [36], "genome": "a(34,48) r(34,47)", "fitness": 4.0}
{"generation": 1, "position": 18, "parents": [15, 32], "genome": "a(28,44) r(35,62)", "fitness": 4.0}
{"generation": 1, "position": 19, "parents": [15, 32], "genome": "d(35) r(2,130)", "fitness": 0.0}
{"generation": 1, "position": 20, "parents": [15], "genome": "a(28,44) a(34,53)", "fitness": 4.0}
{"generation": 1, "position": 21, "parents": [32], "genome": "d(35) a(34,65)", "fitness": 4.0}
{"generation": 1, "position": 22, "parents": [20], "genome": "a(35,53) d(3)", "fitness": 12.0}
{"generation": 1, "position": 23, "parents": [33], "genome": "r(34,64) r(28,112)", "fitness": 0.0}
{"generation": 1, "position": 24, "parents": [34, 7], "genome": "r(35,38) a(28,105)", "fitness": 12.0}
{"generation": 1, "position": 25, "parents": [34, 7], "genome": "d(35) a(34,48)", "fitness": 4.0}
{"generation": 1, "position": 26, "parents": [34], "genome": "r(35,38) r(34,87)", "fitness": 4.0}
{"generation": 1, "position": 27, "parents": [7], "genome": "d(35) a(34,33)", "fitness": 4.0}
{"generation": 1, "position": 28, "parents": [12, 8], "genome": "a(32,76) a(34,57)", "fitness": 4.0}
{"generation": 1, "position": 29, "parents": [12, 8], "genome": "a(34,57) a(35,178)", "fitness": 4.0}
{"generation": 1, "position": 30, "parents": [12], "genome": "a(32,76) d(35)", "fitness": 4.0}
{"generation": 1, "position": 31, "parents": [8], "genome": "a(34,57) a(34,158)", "fitness": 4.0}
{"generation": 1, "position": 32, "parents": [18, 37], "genome": "d(34) a(35,28)", "fitness": 4.0}
{"generation": 1, "position": 33, "parents": [18, 37], "genome": "d(2) r(34,178)", "fitness": 0.0}
{"generation": 1, "position": 34, "parents": [18], "genome": "d(34) d(35)", "fitness": 4.0}
{"generation": 1, "position": 35, "parents": [37], "genome": "d(2) r(35,36)", "fitness": 0.0}
{"generation": 1, "position": 36, "parents": [14, 16], "genome": "a(34,46) a(34,37)", "fitness": 4.0}
{"generation": 1, "position": 37, "parents": [14, 16], "genome": "a(35,45) a(34,78)", "fitness": 4.0}
{"generation": 1, "position": 38, "parents": [14], "genome": "a(34,46) a(34,25)", "fitness": 4.0}
{"generation": 1, "position": 39, "parents": [16], "genome": "a(35,45) r(31,46)", "fitness": 0.0}
{"generation": 1, "position": 40, "parents": [6], "genome": "d(35) a(31,44)", "fitness": 4.0}
{"generation": 1, "position": 41, "parents": [15], "genome": "a(28,44) a(35,51)", "fitness": 4.0}
{"generation": 1, "position": 42, "parents": [11, 18], "genome": "r(34,54) d(2)", "fitness": 0.0}
{"generation": 1, "position": 43, "parents": [11, 18], "genome": "d(34) d(35)", "fitness": 4.0}
{"generation": 1, "position": 44, "parents": [11], "genome": "r(34,54) a(33,164)", "fitness": 4.0}
{"generation": 1, "position": 45, "parents": [18], "genome": "d(34) r(35,47)", "fitness": 4.0}
{"generation": 1, "position": 46, "parents": [32, 28], "genome": "d(35) d(34)", "fitness": 4.0}
{"generation": 1, "position": 47, "parents": [32, 28], "genome": "d(35) r(34,33)", "fitness": 4.0}
{"generation": 1, "position": 48, "parents": [32], "genome": "d(35) r(34,77)", "fitness": 4.0}
{"generation": 1, "position": 49, "parents": [28], "genome": "d(35) d(25)", "fitness": 4.0}
{"generation": 1, "position": 50, "parents": [23], "genome": "d(2) a(34,99)", "fitness": 0.0}
{"generation": 1, "position": 51, "parents": [20], "genome": "a(35,53) r(33,25)", "fitness": 4.0}
{"generation": 1, "position": 52, "parents": [38, 37], "genome": "r(2,34) d(32)", "fitness": 0.0}
{"generation": 1, "position": 53, "parents": [38, 37], "genome": "d(2) r(34,76)", "fitness": 0.0}
{"generation": 1, "position": 54, "parents": [38], "genome": "r(2,34) r(35,28)", "fitness": 0.0}
{"generation": 1, "position": 55, "parents": [37], "genome": "d(2) d(35)", "fitness": 0.0}
{"generation": 1, "position": 56, "parents": [31, 17], "genome": "d(34) d(35)", "fitness": 4.0}
{"generation": 1, "position": 57, "parents": [31, 17], "genome": "d(34) r(35,94)", "fitness": 4.0}
{"generation": 1, "position": 58, "parents": [31], "genome": "d(34) r(35,28)", "fitness": 4.0}
{"generation": 1, "position": 59, "parents": [17], "genome": "d(34) d(35)", "fitness": 4.0}
{"generation": 1, "position": 60, "parents": [17], "genome": "d(34) r(32,34)", "fitness": 0.0}
{"generation": 1, "position": 61, "parents": [26], "genome": "d(32) a(34,47)", "fitness": 0.0}
{"generation": 1, "position": 62, "parents": [8, 2], "genome": "a(34,57) d(28)", "fitness": 0.0}
{"generation": 1, "position": 63, "parents": [8, 2], "genome": "d(35) r(34,1)", "fitness": 4.0}
{"generation": 1, "position": 64, "parents": [8], "genome": "a(34,57) a(33,28)", "fitness": 4.0}
{"generation": 2, "position": 0, "parents": [18], "genome": "a(28,44) r(35,62) a(2,25)", "fitness": 4.0}
{"generation": 2, "position": 1, "parents": [34], "genome": "d(34) d(35) r(1,100)", "fitness": 4.0}
{"generation": 2, "position": 2, "parents": [33, 30], "genome": "d(2) r(34,178) d(35) d(33)", "fitness": 0.0}
{"generation": 2, "position": 3, "parents": [33, 30], "genome": "a(32,76) d(2)", "fitness": 0.0}
{"generation": 2, "position": 4, "parents": [33], "genome": "d(2) r(34,178) a(35,57)", "fitness": 0.0}
{"generation": 2, "position": 5, "parents": [30], "genome": "a(32,76) d(35) r(34,53)", "fitness": 4.0}
{"generation": 2, "position": 6, "parents": [44], "genome": "r(34,54) a(33,164) a(1,31)", "fitness": 4.0}
{"generation": 2, "position": 7, "parents": [8], "genome": "d(2) a(33,60) a(35,25)", "fitness": 0.0}
{"generation": 2, "position": 8, "parents": [3], "genome": "d(35) a(28,31) a(33,83)", "fitness": 4.0}
{"generation": 2, "position": 9, "parents": [60], "genome": "d(34) r(32,34) r(27,48)", "fitness": 0.0}
{"generation": 2, "position": 10, "parents": [33, 6], "genome": "d(2) r(34,178) r(35,1) r(1,178)", "fitness": 12.0}
{"generation": 2, "position": 11, "parents": [33, 6], "genome": "r(34,108) a(35,31)", "fitness": 4.0}
{"generation": 2, "position": 12, "parents": [33], "genome": "d(2) r(34,178) a(27,95)", "fitness": 0.0}
{"generation": 2, "position": 13, "parents": [6], "genome": "r(34,108) r(35,1) r(28,87)", "fitness": 0.0}
{"generation": 2, "position": 14, "parents": [13, 15], "genome": "a(35,100) r(33,37) a(31,27)", "fitness": 4.0}
{"generation": 2, "position": 15, "parents": [13, 15], "genome": "a(34,138) d(35) d(1)", "fitness": 4.0}
{"generation": 2, "position": 16, "parents": [13], "genome": "a(35,100) r(33,37) a(32,48)", "fitness": 4.0}
{"generation": 2, "position": 17, "parents": [15], "genome": "a(34,138) d(35) a(34,34)", "fitness": 4.0}
{"generation": 2, "position": 18, "parents": [1], "genome": "d(35) r(2,32) r(34,1)", "fitness": 0.0}
{"generation": 2, "position": 19, "parents": [35], "genome": "d(2) r(35,36) a(34,25)", "fitness": 0.0}
{"generation": 2, "position": 20, "parents": [13], "genome": "a(35,100) r(33,37) d(3)", "fitness": 12.0}
{"generation": 2, "position": 21, "parents": [47], "genome": "d(35) r(34,33) d(33)", "fitness": 4.0}
{"generation": 2, "position": 22, "parents": [54, 31], "genome": "r(2,34) a(27,69)", "fitness": 0.0}
{"generation": 2, "position": 23, "parents": [54, 31], "genome": "a(34,57) a(34,158) r(35,28) a(27,130)", "fitness": 4.0}
{"generation": 2, "position": 24, "parents": [54], "genome": "r(2,34) r(35,28) a(34,112)", "fitness": 0.0}
{"generation": 2, "position": 25, "parents": [31], "genome": "a(34,57) a(34,158) d(33)", "fitness": 4.0}
{"generation": 2, "position": 26, "parents": [8, 44], "genome": "d(2) a(35,138)", "fitness": 0.0}
{"generation": 2, "position": 27, "parents": [8, 44], "genome": "r(34,54) a(33,164) a(33,60) r(31,138)", "fitness": 0.0}
{"generation": 2, "position": 28, "parents": [8], "genome": "d(2) a(33,60) a(35,170)", "fitness": 0.0}
{"generation": 2, "position": 29, "parents": [44], "genome": "r(34,54) a(33,164) r(35,47)", "fitness": 4.0}
{"generation": 2, "position": 30, "parents": [3, 5], "genome": "d(35) r(34,44)", "fitness": 4.0}
{"generation": 2, "position": 31, "parents": [3, 5], "genome": "d(34) d(35) a(28,31) a(28,77)", "fitness": 0.0}
{"generation": 2, "position": 32, "parents": [3], "genome": "d(35) a(28,31) a(34,49)", "fitness": 4.0}
{"generation": 2, "position": 33, "parents": [5], "genome": "d(34) d(35) r(2,138)", "fitness": 0.0}
{"generation": 2, "position": 34, "parents": [35], "genome": "d(2) r(35,36) a(27,86)", "fitness": 0.0}
{"generation": 2, "position": 35, "parents": [25], "genome": "d(35) a(34,48) a(34,87)", "fitness": 4.0}
{"generation": 2, "position": 36, "parents": [54], "genome": "r(2,34) r(35,28) a(34,37)", "fitness": 0.0}
{"generation": 2, "position": 37, "parents": [37], "genome": "a(35,45) a(34,78) a(35,31)", "fitness": 4.0}
{"generation": 2, "position": 38, "parents": [45], "genome": "d(34) r(35,47) d(1)", "fitness": 4.0}
{"generation": 2, "position": 39, "parents": [27], "genome": "d(35) a(34,33) d(34)", "fitness": 4.0}
{"generation": 2, "position": 40, "parents": [15], "genome": "a(34,138) d(35) a(3,33)", "fitness": 4.0}
{"generation": 2, "position": 41, "parents": [56], "genome": "d(34) d(35) r(33,57)", "fitness": 4.0}
{"generation": 2, "position": 42, "parents": [45], "genome": "d(34) r(35,47) r(33,158)", "fitness": 4.0}
{"generation": 2, "position": 43, "parents": [8], "genome": "d(2) a(33,60) a(35,47)", "fitness": 0.0}
{"generation": 2, "position": 44, "parents": [0, 49], "genome": "d(32) a(35,70)", "fitness": 0.0}
{"generation": 2, "position": 45, "parents": [0, 49], "genome": "d(35) d(25) a(25,177) r(34,47)", "fitness": 4.0}
{"generation": 2, "position": 46, "parents": [0], "genome": "d(32) a(25,177) d(34)", "fitness": 0.0}
{"generation": 2, "position": 47, "parents": [49], "genome": "d(35) d(25) r(34,134)", "fitness": 4.0}
{"generation": 2, "position": 48, "parents": [9], "genome": "d(32) d(34) a(35,135)", "fitness": 0.0}
{"generation": 2, "position": 49, "parents": [57], "genome": "d(34) r(35,94) a(28,38)", "fitness": 4.0}
{"generation": 2, "position": 50, "parents": [19, 54], "genome": "d(35) r(2,130) r(35,28) d(32)", "fitness": 0.0}
{"generation": 2, "position": 51, "parents": [19, 54], "genome": "r(2,34) d(35)", "fitness": 0.0}
{"generation": 2, "position": 52, "parents": [19], "genome": "d(35) r(2,130) d(34)", "fitness": 0.0}
{"generation": 2, "position": 53, "parents": [54], "genome": "r(2,34) r(35,28) a(34,95)", "fitness": 0.0}
{"generation": 2, "position": 54, "parents": [54, 20], "genome": "r(2,34) r(35,28) d(34)", "fitness": 0.0}
{"generation": 2, "position": 55, "parents": [54, 20], "genome": "a(28,44) a(34,53) a(34,78)", "fitness": 4.0}
{"generation": 2, "position": 56, "parents": [54], "genome": "r(2,34) r(35,28) r(34,28)", "fitness": 0.0}
{"generation": 3, "position": 0, "parents": [48], "genome": "d(32) d(34) a(35,135) a(35,83)", "fitness": 0.0}
{"generation": 3, "position": 1, "parents": [7], "genome": "d(2) a(33,60) a(35,25) d(35)", "fitness": 0.0}
{"generation": 3, "position": 2, "parents": [8, 53], "genome": "d(35) r(25,77)", "fitness": 0.0}
{"generation": 3, "position": 3, "parents": [8, 53], "genome": "r(2,34) r(35,28) a(34,95) a(28,31) a(33,83) d(28)", "fitness": 0.0}
{"generation": 3, "position": 4, "parents": [8], "genome": "d(35) a(28,31) a(33,83) a(34,47)", "fitness": 4.0}
{"generation": 3, "position": 5, "parents": [53], "genome": "r(2,34) r(35,28) a(34,95) r(27,46)", "fitness": 0.0}
{"generation": 3, "position": 6, "parents": [24], "genome": "r(2,34) r(35,28) a(34,112) a(34,49)", "fitness": 0.0}
{"generation": 3, "position": 7, "parents": [12], "genome": "d(2) r(34,178) a(27,95) a(33,1)", "fitness": 0.0}
{"generation": 3, "position": 8, "parents": [53], "genome": "r(2,34) r(35,28) a(34,95) d(31)", "fitness": 0.0}
{"generation": 3, "position": 9, "parents": [9], "genome": "d(34) r(32,34) r(27,48) d(35)", "fitness": 0.0}
{"generation": 3, "position": 10, "parents": [3], "genome": "a(32,76) d(2) r(34,60)", "fitness": 0.0}
{"generation": 3, "position": 11, "parents": [22], "genome": "r(2,34) a(27,69) d(34)", "fitness": 0.0}
{"generation": 3, "position": 12, "parents": [52], "genome": "d(35) r(2,130) d(34) d(27)", "fitness": 0.0}
{"generation": 3, "position": 13, "parents": [30], "genome": "d(35) r(34,44) a(28,45)", "fitness": 0.0}
{"generation": 3, "position": 14, "parents": [4], "genome": "d(2) r(34,178) a(35,57) a(33,78)", "fitness": 0.0}
{"generation": 3, "position": 15, "parents": [24], "genome": "r(2,34) r(35,28) a(34,112) r(34,170)", "fitness": 0.0}
{"generation": 3, "position": 16, "parents": [4, 45], "genome": "d(2) r(34,178) a(35,57) r(34,47) d(35)", "fitness": 0.0}
{"generation": 3, "position": 17, "parents": [4, 45], "genome": "d(35) d(25) a(25,177) a(31,87)", "fitness": 4.0}
{"generation": 3, "position": 18, "parents": [4], "genome": "d(2) r(34,178) a(35,57) r(35,60)", "fitness": 0.0}
{"generation": 3, "position": 19, "parents": [45], "genome": "d(35) d(25) a(25,177) r(34,47) d(31)", "fitness": 0.0}
{"generation": 3, "position": 20, "parents": [15], "genome": "a(34,138) d(35) d(1) a(31,50)", "fitness": 4.0}
{"generation": 3, "position": 21, "parents": [3], "genome": "a(32,76) d(2) d(27)", "fitness": 0.0}
{"generation": 3, "position": 22, "parents": [33], "genome": "d(34) d(35) r(2,138) a(33,70)", "fitness": 0.0}
{"generation": 3, "position": 23, "parents": [52], "genome": "d(35) r(2,130) d(34) a(25,130)", "fitness": 0.0}
{"generation": 3, "position": 24, "parents": [54, 24], "genome": "r(2,34) r(35,28) d(33)", "fitness": 0.0}
{"generation": 3, "position": 25, "parents": [54, 24], "genome": "r(2,34) r(35,28) a(34,112) d(34) r(27,135)", "fitness": 0.0}
{"generation": 3, "position": 26, "parents": [54], "genome": "r(2,34) r(35,28) d(34) a(28,87)", "fitness": 0.0}
{"generation": 3, "position": 27, "parents": [24], "genome": "r(2,34) r(35,28) a(34,112) d(34)", "fitness": 0.0}
{"generation": 3, "position": 28, "parents": [14, 52], "genome": "a(35,100) d(34) a(35,53)", "fitness": 4.0}
{"generation": 3, "position": 29, "parents": [14, 52], "genome": "d(35) r(2,130) r(33,37) a(31,27) d(32)", "fitness": 0.0}
{"generation": 3, "position": 30, "parents": [14], "genome": "a(35,100) r(33,37) a(31,27) r(32,134)", "fitness": 12.0}
{"generation": 3, "position": 31, "parents": [52], "genome": "d(35) r(2,130) d(34) d(33)", "fitness": 0.0}
{"generation": 3, "position": 32, "parents": [55, 13], "genome": "a(28,44) a(34,53) a(34,78) r(28,87) r(34,87)", "fitness": 0.0}
{"generation": 3, "position": 33, "parents": [55, 13], "genome": "r(34,108) r(35,1) a(3,76)", "fitness": 4.0}
{"generation": 3, "position": 34, "parents": [55], "genome": "a(28,44) a(34,53) a(34,78) r(35,170)", "fitness": 4.0}
{"generation": 3, "position": 35, "parents": [13], "genome": "r(34,108) r(35,1) r(28,87) r(33,105)", "fitness": 12.0}
{"generation": 3, "position": 36, "parents": [43], "genome": "d(2) a(33,60) a(35,47) a(35,49)", "fitness": 0.0}
{"generation": 3, "position": 37, "parents": [44], "genome": "d(32) a(35,70) r(34,100)", "fitness": 0.0}
{"generation": 3, "position": 38, "parents": [11], "genome": "r(34,108) a(35,31) d(35)", "fitness": 4.0}
{"generation": 3, "position": 39, "parents": [44], "genome": "d(32) a(35,70) d(27)", "fitness": 0.0}
{"generation": 3, "position": 40, "parents": [19, 44], "genome": "d(2) r(35,36) a(34,25) a(35,70) d(1)", "fitness": 4.0}
{"generation": 3, "position": 41, "parents": [19, 44], "genome": "d(32) r(35,148)", "fitness": 0.0}
{"generation": 3, "position": 42, "parents": [19], "genome": "d(2) r(35,36) a(34,25) a(34,176)", "fitness": 0.0}
{"generation": 3, "position": 43, "parents": [44], "genome": "d(32) a(35,70) r(25,130)", "fitness": 0.0}
{"generation": 3, "position": 44, "parents": [28, 31], "genome": "d(2) a(28,31) a(28,77) d(33)", "fitness": 0.0}
{"generation": 3, "position": 45, "parents": [28, 31], "genome": "d(34) d(35) a(33,60) a(35,170) a(3,31)", "fitness": 4.0}
{"generation": 3, "position": 46, "parents": [28], "genome": "d(2) a(33,60) a(35,170) a(35,170)", "fitness": 0.0}
{"generation": 3, "position": 47, "parents": [31], "genome": "d(34) d(35) a(28,31) a(28,77) d(32)", "fitness": 0.0}
{"generation": 3, "position": 48, "parents": [27], "genome": "r(34,54) a(33,164) a(33,60) r(31,138) a(35,164)", "fitness": 0.0}
{"generation": 3, "position": 49, "parents": [5], "genome": "a(32,76) d(35) r(34,53) d(25)", "fitness": 4.0}
{"generation": 3, "position": 50, "parents": [56], "genome": "r(2,34) r(35,28) r(34,28) d(33)", "fitness": 0.0}
{"generation": 3, "position": 51, "parents": [19], "genome": "d(2) r(35,36) a(34,25) r(27,32)", "fitness": 0.0}
{"generation": 3, "position": 52, "parents": [46, 24], "genome": "d(32) a(25,177) d(34) a(34,112) r(35,86)", "fitness": 0.0}
{"generation": 3, "position": 53, "parents": [46, 24], "genome": "r(2,34) r(35,28) d(25)", "fitness": 0.0}
{"generation": 3, "position": 54, "parents": [46], "genome": "d(32) a(25,177) d(34) a(33,82)", "fitness": 0.0}
{"generation": 4, "position": 0, "parents": [29, 14], "genome": "d(35) r(2,130) r(33,37) a(31,27) d(32) a(33,78) d(27)", "fitness": 0.0}
{"generation": 4, "position": 1, "parents": [29, 14], "genome": "d(2) r(34,178) a(35,57) a(25,97)", "fitness": 0.0}
{"generation": 4, "position": 2, "parents": [29], "genome": "d(35) r(2,130) r(33,37) a(31,27) d(32) r(1,86)", "fitness": 0.0}
{"generation": 4, "position": 3, "parents": [14], "genome": "d(2) r(34,178) a(35,57) a(33,78) d(35)", "fitness": 0.0}
{"generation": 4, "position": 4, "parents": [24, 22], "genome": "r(2,34) d(35) r(2,138) a(33,70) d(28)", "fitness": 0.0}
{"generation": 4, "position": 5, "parents": [24, 22], "genome": "d(34) r(35,28) d(33) a(25,69)", "fitness": 4.0}
{"generation": 4, "position": 6, "parents": [24], "genome": "r(2,34) r(35,28) d(33) d(1)", "fitness": 4.0}
{"generation": 4, "position": 7, "parents": [22], "genome": "d(34) d(35) r(2,138) a(33,70) d(31)", "fitness": 0.0}
{"generation": 4, "position": 8, "parents": [22], "genome": "d(34) d(35) r(2,138) a(33,70) r(31,64)", "fitness": 0.0}
{"generation": 4, "position": 9, "parents": [37], "genome": "d(32) a(35,70) r(34,100) r(31,32)", "fitness": 0.0}
{"generation": 4, "position": 10, "parents": [7], "genome": "d(2) r(34,178) a(27,95) a(33,1) r(27,105)", "fitness": 0.0}
{"generation": 4, "position": 11, "parents": [55], "genome": "r(2,34) r(35,28) a(34,112) a(34,45) d(25)", "fitness": 0.0}
{"generation": 4, "position": 12, "parents": [0, 43], "genome": "d(32) d(34) a(35,135) a(35,105)", "fitness": 0.0}
{"generation": 4, "position": 13, "parents": [0, 43], "genome": "d(32) a(35,70) r(25,130) a(35,83) d(34)", "fitness": 0.0}
{"generation": 4, "position": 14, "parents": [0], "genome": "d(32) d(34) a(35,135) a(35,83) d(31)", "fitness": 0.0}
{"generation": 4, "position": 15, "parents": [43], "genome": "d(32) a(35,70) r(25,130) d(33)", "fitness": 0.0}
{"generation": 4, "position": 16, "parents": [11, 29], "genome": "r(2,34) a(27,69) d(32) d(34)", "fitness": 0.0}
{"generation": 4, "position": 17, "parents": [11, 29], "genome": "d(35) r(2,130) r(33,37) a(31,27) d(34) d(32)", "fitness": 0.0}
{"generation": 4, "position": 18, "parents": [11], "genome": "r(2,34) a(27,69) d(34) d(35)", "fitness": 0.0}
{"generation": 4, "position": 19, "parents": [29], "genome": "d(35) r(2,130) r(33,37) a(31,27) d(32) d(31)", "fitness": 0.0}
{"generation": 4, "position": 20, "parents": [38], "genome": "r(34,108) a(35,31) d(35) a(2,55)", "fitness": 4.0}
{"generation": 4, "position": 21, "parents": [8], "genome": "r(2,34) r(35,28) a(34,95) d(31) d(34)", "fitness": 0.0}
{"generation": 4, "position": 22, "parents": [12, 0], "genome": "d(35) a(35,83) a(34,134)", "fitness": 4.0}
{"generation": 4, "position": 23, "parents": [12, 0], "genome": "d(32) d(34) a(35,135) r(2,130) d(34) d(27) r(25,44)", "fitness": 0.0}
{"generation": 4, "position": 24, "parents": [12], "genome": "d(35) r(2,130) d(34) d(27) a(28,27)", "fitness": 0.0}
{"generation": 4, "position": 25, "parents": [0], "genome": "d(32) d(34) a(35,135) a(35,83) r(35,82)", "fitness": 0.0}
{"generation": 4, "position": 26, "parents": [11, 16], "genome": "r(2,34) r(34,47) d(35) d(1)", "fitness": 4.0}
{"generation": 4, "position": 27, "parents": [11, 16], "genome": "d(2) r(34,178) a(35,57) a(27,69) d(34) r(35,77)", "fitness": 0.0}
{"generation": 4, "position": 28, "parents": [11], "genome": "r(2,34) a(27,69) d(34) d(32)", "fitness": 0.0}
{"generation": 4, "position": 29, "parents": [16], "genome": "d(2) r(34,178) a(35,57) r(34,47) d(35) d(1)", "fitness": 4.0}
{"generation": 4, "position": 30, "parents": [51, 26], "genome": "d(2) r(35,36) a(34,25) r(27,32) r(35,28) d(34) a(28,87) r(28,36)", "fitness": 0.0}
{"generation": 4, "position": 31, "parents": [51, 26], "genome": "r(2,34) d(31)", "fitness": 0.0}
{"generation": 4, "position": 32, "parents": [51], "genome": "d(2) r(35,36) a(34,25) r(27,32) r(34,53)", "fitness": 0.0}
{"generation": 4, "position": 33, "parents": [26], "genome": "r(2,34) r(35,28) d(34) a(28,87) a(27,164)", "fitness": 0.0}
{"generation": 4, "position": 34, "parents": [54], "genome": "d(32) a(25,177) d(34) a(33,82) a(35,112)", "fitness": 0.0}
{"generation": 4, "position": 35, "parents": [13], "genome": "d(35) r(34,44) a(28,45) d(1)", "fitness": 0.0}
{"generation": 4, "position": 36, "parents": [31], "genome": "d(35) r(2,130) d(34) d(33) d(32)", "fitness": 0.0}
{"generation": 4, "position": 37, "parents": [11], "genome": "r(2,34) a(27,69) d(34) d(35)", "fitness": 0.0}
{"generation": 4, "position": 38, "parents": [8], "genome": "r(2,34) r(35,28) a(34,95) d(31) a(32,86)", "fitness": 0.0}
{"generation": 4, "position": 39, "parents": [31], "genome": "d(35) r(2,130) d(34) d(33) d(31)", "fitness": 0.0}
{"generation": 4, "position": 40, "parents": [40, 50], "genome": "d(2) r(35,36) a(34,25) r(34,28) d(33) a(31,77)", "fitness": 0.0}
{"generation": 4, "position": 41, "parents": [40, 50], "genome": "r(2,34) r(35,28) a(35,70) d(1) d(34)", "fitness": 4.0}
{"generation": 4, "position": 42, "parents": [40], "genome": "d(2) r(35,36) a(34,25) a(35,70) d(1) d(33)", "fitness": 4.0}
{"generation": 4, "position": 43, "parents": [50], "genome": "r(2,34) r(35,28) r(34,28) d(33) d(1)", "fitness": 4.0}
{"generation": 4, "position": 44, "parents": [41, 21], "genome": "d(32) r(35,148) r(27,87)", "fitness": 0.0}
{"generation": 4, "position": 45, "parents": [41, 21], "genome": "a(32,76) d(2) d(27) d(1)", "fitness": 4.0}
{"generation": 4, "position": 46, "parents": [41], "genome": "d(32) r(35,148) d(25)", "fitness": 0.0}
{"generation": 4, "position": 47, "parents": [21], "genome": "a(32,76) d(2) d(27) d(34)", "fitness": 0.0}
{"generation": 4, "position": 48, "parents": [8], "genome": "r(2,34) r(35,28) a(34,95) d(31) a(34,99)", "fitness": 0.0}
{"generation": 4, "position": 49, "parents": [3], "genome": "r(2,34) r(35,28) a(34,95) a(28,31) a(33,83) d(28) a(34,100)", "fitness": 0.0}
{"generation": 4, "position": 50, "parents": [10, 54], "genome": "a(32,76) d(2) a(25,177) d(34) a(33,82) r(35,32)", "fitness": 0.0}
{"generation": 4, "position": 51, "parents": [10, 54], "genome": "d(32) r(34,60) a(35,83)", "fitness": 0.0}
{"generation": 4, "position": 52, "parents": [10], "genome": "a(32,76) d(2) r(34,60) a(35,31)", "fitness": 0.0}
{"generation": 4, "position": 53, "parents": [54], "genome": "d(32) a(25,177) d(34) a(33,82) r(25,84)", "fitness": 0.0}
{"generation": 4, "position": 54, "parents": [5, 13], "genome": "r(2,34) r(35,28) a(34,95) r(27,46) d(25)", "fitness": 0.0}
{"generation": 4, "position": 55, "parents": [5, 13], "genome": "d(35) r(34,44) a(28,45) d(27)", "fitness": 0.0}
{"generation": 4, "position": 56, "parents": [5], "genome": "r(2,34) r(35,28) a(34,95) r(27,46) r(34,46)", "fitness": 0.0}
{"generation": 4, "position": 57, "parents": [13], "genome": "d(35) r(34,44) a(28,45) r(1,64)", "fitness": 0.0}
{"generation": 4, "position": 58, "parents": [51, 16], "genome": "d(2) r(35,36) r(34,178) a(35,57) r(34,47) d(35) r(27,178)", "fitness": 0.0}
{"generation": 4, "position": 59, "parents": [51, 16], "genome": "d(2) a(34,25) r(27,32) r(34,130)", "fitness": 0.0}
{"generation": 4, "position": 60, "parents": [51], "genome": "d(2) r(35,36) a(34,25) r(27,32) a(1,82)", "fitness": 0.0}
{"generation": 4, "position": 61, "parents": [16], "genome": "d(2) r(34,178) a(35,57) r(34,47) d(35) a(28,77)", "fitness": 0.0}
{"generation": 4, "position": 62, "parents": [39], "genome": "d(32) a(35,70) d(27) r(34,86)", "fitness": 0.0}
{"generation": 5, "position": 0, "parents": [1, 61], "genome": "d(2) r(34,178) a(35,57) a(25,97) r(34,178) a(35,57) r(34,47) d(35) a(28,77) d(25)", "fitness": 0.0}
{"generation": 5, "position": 1, "parents": [1, 61], "genome": "d(2) a(25,34)", "fitness": 0.0}
{"generation": 5, "position": 2, "parents": [1], "genome": "d(2) r(34,178) a(35,57) a(25,97) a(25,25)", "fitness": 0.0}
{"generation": 5, "position": 3, "parents": [61], "genome": "d(2) r(34,178) a(35,57) r(34,47) d(35) a(28,77) a(31,87)", "fitness": 0.0}
{"generation": 5, "position": 4, "parents": [18], "genome": "r(2,34) a(27,69) d(34) d(35) a(32,44)", "fitness": 0.0}
{"generation": 5, "position": 5, "parents": [12], "genome": "d(32) d(34) a(35,135) a(35,105) r(35,52)", "fitness": 0.0}
{"generation": 5, "position": 6, "parents": [21], "genome": "r(2,34) r(35,28) a(34,95) d(31) d(34) d(25)", "fitness": 0.0}
{"generation": 5, "position": 7, "parents": [13], "genome": "d(32) a(35,70) r(25,130) a(35,83) d(34) r(2,31)", "fitness": 0.0}
{"generation": 5, "position": 8, "parents": [19, 63], "genome": "d(35) r(2,130) r(33,37) a(31,27) d(32) d(31) a(33,70) a(28,105) a(27,108)", "fitness": 0.0}
{"generation": 5, "position": 9, "parents": [19, 63], "genome": "d(34) d(35) r(2,138) a(32,1)", "fitness": 0.0}
{"generation": 5, "position": 10, "parents": [19], "genome": "d(35) r(2,130) r(33,37) a(31,27) d(32) d(31) r(25,37)", "fitness": 0.0}
{"generation": 5, "position": 11, "parents": [63], "genome": "d(34) d(35) r(2,138) a(33,70) a(28,105) r(31,62)", "fitness": 0.0}
{"generation": 5, "position": 12, "parents": [37, 51], "genome": "r(2,34) a(27,69) r(34,60) a(35,83) d(33)", "fitness": 0.0}
{"generation": 5, "position": 13, "parents": [37, 51], "genome": "d(32) d(34) d(35) d(28)", "fitness": 0.0}
{"generation": 5, "position": 14, "parents": [37], "genome": "r(2,34) a(27,69) d(34) d(35) r(32,97)", "fitness": 0.0}
{"generation": 5, "position": 15, "parents": [51], "genome": "d(32) r(34,60) a(35,83) r(35,48)", "fitness": 0.0}
{"generation": 5, "position": 16, "parents": [18], "genome": "r(2,34) a(27,69) d(34) d(35) a(32,112)", "fitness": 0.0}
{"generation": 5, "position": 17, "parents": [7], "genome": "d(34) d(35) r(2,138) a(33,70) d(31) d(28)", "fitness": 0.0}
{"generation": 5, "position": 18, "parents": [47], "genome": "a(32,76) d(2) d(27) d(34) a(35,69)", "fitness": 0.0}
{"generation": 5, "position": 19, "parents": [44], "genome": "d(32) r(35,148) r(27,87) d(34)", "fitness": 0.0}
{"generation": 5, "position": 20, "parents": [63, 3], "genome": "d(34) d(35)", "fitness": 4.0}
{"generation": 5, "position": 21, "parents": [63, 3], "genome": "d(2) r(34,178) a(35,57) a(33,78) d(35) d(35) r(2,138) a(33,70) a(28,105) d(25)", "fitness": 0.0}
{"generation": 5, "position": 22, "parents": [63], "genome": "d(34) d(35) r(2,138) a(33,70) a(28,105) r(31,97)", "fitness": 0.0}
{"generation": 5, "position": 23, "parents": [3], "genome": "d(2) r(34,178) a(35,57) a(33,78) d(35) r(27,25)", "fitness": 0.0}
{"generation": 5, "position": 24, "parents": [27], "genome": "d(2) r(34,178) a(35,57) a(27,69) d(34) r(35,77) d(28)", "fitness": 0.0}
{"generation": 5, "position": 25, "parents": [19], "genome": "d(35) r(2,130) r(33,37) a(31,27) d(32) d(31) a(27,38)", "fitness": 0.0}
{"generation": 5, "position": 26, "parents": [38, 44], "genome": "r(2,34) r(34,135)", "fitness": 0.0}
{"generation": 5, "position": 27, "parents": [38, 44], "genome": "d(32) r(35,148) r(27,87) r(35,28) a(34,95) d(31) a(32,86) d(1)", "fitness": 0.0}
{"generation": 5, "position": 28, "parents": [38], "genome": "r(2,34) r(35,28) a(34,95) d(31) a(32,86) d(28)", "fitness": 0.0}
{"generation": 5, "position": 29, "parents": [44], "genome": "d(32) r(35,148) r(27,87) r(1,60)", "fitness": 0.0}
{"generation": 5, "position": 30, "parents": [16], "genome": "r(2,34) a(27,69) d(32) d(34) a(35,52)", "fitness": 0.0}
{"generation": 5, "position": 31, "parents": [60], "genome": "d(2) r(35,36) a(34,25) r(27,32) a(1,82) d(34)", "fitness": 0.0}
{"generation": 5, "position": 32, "parents": [13, 27], "genome": "d(32) d(35)", "fitness": 0.0}
{"generation": 5, "position": 33, "parents": [13, 27], "genome": "d(2) r(34,178) a(35,57) a(27,69) d(34) r(35,77) a(35,70) r(25,130) a(35,83) d(34) r(32,27)", "fitness": 0.0}
{"generation": 5, "position": 34, "parents": [13], "genome": "d(32) a(35,70) r(25,130) a(35,83) d(34) a(35,87)", "fitness": 0.0}
{"generation": 5, "position": 35, "parents": [27], "genome": "d(2) r(34,178) a(35,57) a(27,69) d(34) r(35,77) a(27,52)", "fitness": 0.0}
{"generation": 5, "position": 36, "parents": [18], "genome": "r(2,34) a(27,69) d(34) d(35) r(32,25)", "fitness": 0.0}
{"generation": 5, "position": 37, "parents": [36], "genome": "d(35) r(2,130) d(34) d(33) d(32) d(28)", "fitness": 0.0}
{"generation": 5, "position": 38, "parents": [34, 50], "genome": "d(32) d(2) a(25,177) d(34) a(33,82) r(35,32) d(25)", "fitness": 0.0}
{"generation": 5, "position": 39, "parents": [34, 50], "genome": "a(32,76) a(25,177) d(34) a(33,82) a(35,112) r(31,164)", "fitness": 0.0}
{"generation": 5, "position": 40, "parents": [34], "genome": "d(32) a(25,177) d(34) a(33,82) a(35,112) a(33,36)", "fitness": 0.0}
{"generation": 5, "position": 41, "parents": [50], "genome": "a(32,76) d(2) a(25,177) d(34) a(33,82) r(35,32) r(1,36)", "fitness": 4.0}
{"generation": 5, "position": 42, "parents": [44, 39], "genome": "d(32) r(35,148) a(27,83)", "fitness": 0.0}
{"generation": 5, "position": 43, "parents": [44, 39], "genome": "d(35) r(2,130) d(34) d(33) d(31) r(27,87) d(1)", "fitness": 0.0}
{"generation": 5, "position": 44, "parents": [44], "genome": "d(32) r(35,148) r(27,87) r(34,78)", "fitness": 0.0}
{"generation": 5, "position": 45, "parents": [39], "genome": "d(35) r(2,130) d(34) d(33) d(31) d(27)", "fitness": 0.0}
{"generation": 5, "position": 46, "parents": [4, 32], "genome": "r(2,34) d(35) r(2,138) a(33,70) d(28) r(34,53) a(25,82)", "fitness": 0.0}
{"generation": 5, "position": 47, "parents": [4, 32], "genome": "d(2) r(35,36) a(34,25) r(27,32) a(25,86)", "fitness": 0.0}
{"generation": 5, "position": 48, "parents": [4], "genome": "r(2,34) d(35) r(2,138) a(33,70) d(28) r(34,158)", "fitness": 0.0}
{"generation": 5, "position": 49, "parents": [32], "genome": "d(2) r(35,36) a(34,25) r(27,32) r(34,53) a(32,60)", "fitness": 0.0}
{"generation": 5, "position": 50, "parents": [36], "genome": "d(35) r(2,130) d(34) d(33) d(32) r(31,176)", "fitness": 0.0}
{"generation": 5, "position": 51, "parents": [33], "genome": "r(2,34) r(35,28) d(34) a(28,87) a(27,164) r(27,105)", "fitness": 0.0}
{"generation": 5, "position": 52, "parents": [29], "genome": "d(2) r(34,178) a(35,57) r(34,47) d(35) d(1) r(27,28)", "fitness": 4.0}
{"generation": 5, "position": 53, "parents": [17], "genome": "d(35) r(2,130) r(33,37) a(31,27) d(34) d(32) d(25)", "fitness": 0.0}
{"generation": 5, "position": 54, "parents": [38], "genome": "r(2,34) r(35,28) a(34,95) d(31) a(32,86) r(34,77)", "fitness": 0.0}
{"generation": 5, "position": 55, "parents": [25], "genome": "d(32) d(34) a(35,135) a(35,83) r(35,82) r(27,87)", "fitness": 0.0}
{"generation": 5, "position": 56, "parents": [8], "genome": "d(34) d(35) r(2,138) a(33,70) r(31,64) a(27,112)", "fitness": 0.0}
{"generation": 6, "position": 0, "parents": [19], "genome": "d(32) r(35,148) r(27,87) d(34) r(28,53)", "fitness": 0.0}
{"generation": 6, "position": 1, "parents": [27], "genome": "d(32) r(35,148) r(27,87) r(35,28) a(34,95) d(31) a(32,86) d(1) r(34,80)", "fitness": 0.0}
{"generation": 6, "position": 2, "parents": [57], "genome": "r(2,34) r(35,28) a(34,112) a(34,45) d(25) r(34,100) r(28,170)", "fitness": 0.0}
{"generation": 6, "position": 3, "parents": [31], "genome": "d(2) r(35,36) a(34,25) r(27,32) a(1,82) d(34) a(31,36)", "fitness": 0.0}
{"generation": 6, "position": 4, "parents": [13], "genome": "d(32) d(34) d(35) d(28) r(33,52)", "fitness": 0.0}
{"generation": 6, "position": 5, "parents": [47], "genome": "d(2) r(35,36) a(34,25) r(27,32) a(25,86) a(34,100)", "fitness": 0.0}
{"generation": 6, "position": 6, "parents": [28], "genome": "r(2,34) r(35,28) a(34,95) d(31) a(32,86) d(28) d(25)", "fitness": 0.0}
{"generation": 6, "position": 7, "parents": [18], "genome": "a(32,76) d(2) d(27) d(34) a(35,69) d(35)", "fitness": 0.0}
{"generation": 6, "position": 8, "parents": [1, 10], "genome": "d(2) a(25,34) r(33,37) a(31,27) d(32) d(31) r(25,37) r(28,69)", "fitness": 0.0}
{"generation": 6, "position": 9, "parents": [1, 10], "genome": "d(35) r(2,130) r(34,57)", "fitness": 0.0}
{"generation": 6, "position": 10, "parents": [1], "genome": "d(2) a(25,34) r(34,86)", "fitness": 0.0}
{"generation": 6, "position": 11, "parents": [10], "genome": "d(35) r(2,130) r(33,37) a(31,27) d(32) d(31) r(25,37) r(1,78)", "fitness": 0.0}
{"generation": 6, "position": 12, "parents": [50], "genome": "d(35) r(2,130) d(34) d(33) d(32) r(31,176) r(25,170)", "fitness": 0.0}
{"generation": 6, "position": 13, "parents": [14], "genome": "r(2,34) a(27,69) d(34) d(35) r(32,97) a(31,36)", "fitness": 0.0}
{"generation": 6, "position": 14, "parents": [55], "genome": "d(32) d(34) a(35,135) a(35,83) r(35,82) r(27,87) r(31,164)", "fitness": 0.0}
{"generation": 6, "position": 15, "parents": [26], "genome": "r(2,34) r(34,135) a(35,177)", "fitness": 0.0}
{"generation": 6, "position": 16, "parents": [37], "genome": "d(35) r(2,130) d(34) d(33) d(32) d(28) d(25)", "fitness": 0.0}
{"generation": 6, "position": 17, "parents": [43], "genome": "d(35) r(2,130) d(34) d(33) d(31) r(27,87) d(1) r(25,100)", "fitness": 0.0}
{"generation": 6, "position": 18, "parents": [24], "genome": "d(2) r(34,178) a(35,57) a(27,69) d(34) r(35,77) d(28) r(33,25)", "fitness": 0.0}
{"generation": 6, "position": 19, "parents": [6], "genome": "r(2,34) r(35,28) a(34,95) d(31) d(34) d(25) d(33)", "fitness": 0.0}
{"generation": 6, "position": 20, "parents": [44], "genome": "d(32) r(35,148) r(27,87) r(34,78) d(3)", "fitness": 12.0}
{"generation": 6, "position": 21, "parents": [12], "genome": "r(2,34) a(27,69) r(34,60) a(35,83) d(33) r(32,27)", "fitness": 0.0}
{"generation": 6, "position": 22, "parents": [29], "genome": "d(32) r(35,148) r(27,87) r(1,60) r(33,176)", "fitness": 0.0}
{"generation": 6, "position": 23, "parents": [12], "genome": "r(2,34) a(27,69) r(34,60) a(35,83) d(33) d(28)", "fitness": 0.0}
{"generation": 6, "position": 24, "parents": [39, 4], "genome": "a(32,76) a(25,177) d(34) a(32,44) r(33,86)", "fitness": 4.0}
{"generation": 6, "position": 25, "parents": [39, 4], "genome": "r(2,34) a(27,69) d(34) d(35) a(33,82) a(35,112) r(31,164) a(33,82)", "fitness": 0.0}
{"generation": 6, "position": 26, "parents": [39], "genome": "a(32,76) a(25,177) d(34) a(33,82) a(35,112) r(31,164) r(27,31)", "fitness": 4.0}
{"generation": 6, "position": 27, "parents": [4], "genome": "r(2,34) a(27,69) d(34) d(35) a(32,44) d(1)", "fitness": 4.0}
{"generation": 6, "position": 28, "parents": [43, 36], "genome": "d(35) r(2,130) d(34) r(25,62)", "fitness": 0.0}
{"generation": 6, "position": 29, "parents": [43, 36], "genome": "r(2,34) a(27,69) d(34) d(35) r(32,25) d(33) d(31) r(27,87) d(1) a(25,49)", "fitness": 0.0}
{"generation": 6, "position": 30, "parents": [43], "genome": "d(35) r(2,130) d(34) d(33) d(31) r(27,87) d(1) d(32)", "fitness": 0.0}
{"generation": 6, "position": 31, "parents": [36], "genome": "r(2,34) a(27,69) d(34) d(35) r(32,25) r(25,100)", "fitness": 0.0}
{"generation": 6, "position": 32, "parents": [5], "genome": "d(32) d(34) a(35,135) a(35,105) r(35,52) a(1,148)", "fitness": 0.0}
{"generation": 6, "position": 33, "parents": [40], "genome": "d(32) a(25,177) d(34) a(33,82) a(35,112) a(33,36) d(35)", "fitness": 0.0}
{"generation": 6, "position": 34, "parents": [15, 39], "genome": "d(32) r(34,60) a(35,112) r(31,164) a(33,77)", "fitness": 0.0}
{"generation": 6, "position": 35, "parents": [15, 39], "genome": "a(32,76) a(25,177) d(34) a(33,82) a(35,83) r(35,48) a(32,178)", "fitness": 12.0}
{"generation": 6, "position": 36, "parents": [15], "genome": "d(32) r(34,60) a(35,83) r(35,48) d(27)", "fitness": 0.0}
{"generation": 6, "position": 37, "parents": [39], "genome": "a(32,76) a(25,177) d(34) a(33,82) a(35,112) r(31,164) r(35,77)", "fitness": 0.0}
{"generation": 6, "position": 38, "parents": [25], "genome": "d(35) r(2,130) r(33,37) a(31,27) d(32) d(31) a(27,38) a(28,50)", "fitness": 0.0}
{"generation": 6, "position": 39, "parents": [34], "genome": "d(32) a(35,70) r(25,130) a(35,83) d(34) a(35,87) r(35,62)", "fitness": 0.0}
{"generation": 6, "position": 40, "parents": [32], "genome": "d(32) d(35) a(34,34)", "fitness": 0.0}
{"generation": 6, "position": 41, "parents": [48], "genome": "r(2,34) d(35) r(2,138) a(33,70) d(28) r(34,158) a(32,1)", "fitness": 0.0}
{"generation": 6, "position": 42, "parents": [14, 48], "genome": "r(2,34) a(27,69) d(34) r(2,138) a(33,70) d(28) r(34,158) d(35)", "fitness": 0.0}
{"generation": 6, "position": 43, "parents": [14, 48], "genome": "r(2,34) d(35) d(35) r(32,97) r(28,170)", "fitness": 0.0}
{"generation": 6, "position": 44, "parents": [14], "genome": "r(2,34) a(27,69) d(34) d(35) r(32,97) r(25,37)", "fitness": 0.0}
{"generation": 6, "position": 45, "parents": [48], "genome": "r(2,34) d(35) r(2,138) a(33,70) d(28) r(34,158) a(25,60)", "fitness": 0.0}
{"generation": 6, "position": 46, "parents": [0, 39], "genome": "d(2) r(34,178) a(35,57) a(25,97) r(34,178) a(35,57) a(33,82) a(35,112) r(31,164) d(35)", "fitness": 0.0}
{"generation": 6, "position": 47, "parents": [0, 39], "genome": "a(32,76) a(25,177) d(34) r(34,47) d(35) a(28,77) d(25) d(2)", "fitness": 0.0}
{"generation": 6, "position": 48, "parents": [0], "genome": "d(2) r(34,178) a(35,57) a(25,97) r(34,178) a(35,57) r(34,47) d(35) a(28,77) d(25) d(32)", "fitness": 0.0}
{"generation": 6, "position": 49, "parents": [39], "genome": "a(32,76) a(25,177) d(34) a(33,82) a(35,112) r(31,164) d(1)", "fitness": 0.0}
{"generation": 6, "position": 50, "parents": [42, 12], "genome": "d(32) r(35,148) a(27,69) r(34,60) a(35,83) d(33) d(1)", "fitness": 0.0}
{"generation": 6, "position": 51, "parents": [42, 12], "genome": "r(2,34) a(27,83) a(34,86)", "fitness": 0.0}
{"generation": 6, "position": 52, "parents": [42], "genome": "d(32) r(35,148) a(27,83) a(34,38)", "fitness": 0.0}
{"generation": 7, "position": 0, "parents": [6, 11], "genome": "r(2,34) r(35,28) a(34,95) d(31) r(33,37) a(31,27) d(32) d(31) r(25,37) r(1,78) r(28,95)", "fitness": 0.0}
{"generation": 7, "position": 1, "parents": [6, 11], "genome": "d(35) r(2,130) a(32,86) d(28) d(25) d(34)", "fitness": 0.0}
{"generation": 7, "position": 2, "parents": [6], "genome": "r(2,34) r(35,28) a(34,95) d(31) a(32,86) d(28) d(25) a(34,27)", "fitness": 0.0}
{"generation": 7, "position": 3, "parents": [11], "genome": "d(35) r(2,130) r(33,37) a(31,27) d(32) d(31) r(25,37) r(1,78) a(28,164)", "fitness": 0.0}
{"generation": 7, "position": 4, "parents": [15], "genome": "r(2,34) r(34,135) a(35,177) a(1,164)", "fitness": 0.0}
{"generation": 7, "position": 5, "parents": [28], "genome": "d(35) r(2,130) d(34) r(25,62) d(31)", "fitness": 0.0}
{"generation": 7, "position": 6, "parents": [39, 52], "genome": "d(32) a(35,70) r(25,130) a(35,83) d(34) r(35,138)", "fitness": 0.0}
{"generation": 7, "position": 7, "parents": [39, 52], "genome": "d(32) r(35,148) a(27,83) a(34,38) a(35,87) r(35,62) a(34,178)", "fitness": 12.0}
{"generation": 7, "position": 8, "parents": [39], "genome": "d(32) a(35,70) r(25,130) a(35,83) d(34) a(35,87) r(35,62) d(1)", "fitness": 0.0}
{"generation": 7, "position": 9, "parents": [52], "genome": "d(32) r(35,148) a(27,83) a(34,38) d(34)", "fitness": 0.0}
{"generation": 7, "position": 10, "parents": [48], "genome": "d(2) r(34,178) a(35,57) a(25,97) r(34,178) a(35,57) r(34,47) d(35) a(28,77) d(25) d(32) r(31,48)", "fitness": 0.0}
{"generation": 7, "position": 11, "parents": [32], "genome": "d(32) d(34) a(35,135) a(35,105) r(35,52) a(1,148) r(28,100)", "fitness": 0.0}
{"generation": 7, "position": 12, "parents": [8], "genome": "d(2) a(25,34) r(33,37) a(31,27) d(32) d(31) r(25,37) r(28,69) a(1,82)", "fitness": 0.0}
{"generation": 7, "position": 13, "parents": [32], "genome": "d(32) d(34) a(35,135) a(35,105) r(35,52) a(1,148) a(1,49)", "fitness": 0.0}
{"generation": 7, "position": 14, "parents": [49], "genome": "a(32,76) a(25,177) d(34) a(33,82) a(35,112) r(31,164) d(1) r(28,33)", "fitness": 0.0}
{"generation": 7, "position": 15, "parents": [37], "genome": "a(32,76) a(25,177) d(34) a(33,82) a(35,112) r(31,164) r(35,77) a(3,37)", "fitness": 0.0}
{"generation": 7, "position": 16, "parents": [48], "genome": "d(2) r(34,178) a(35,57) a(25,97) r(34,178) a(35,57) r(34,47) d(35) a(28,77) d(25) d(32) r(1,45)", "fitness": 0.0}
{"generation": 7, "position": 17, "parents": [40], "genome": "d(32) d(35) a(34,34) r(34,97)", "fitness": 0.0}
{"generation": 7, "position": 18, "parents": [13], "genome": "r(2,34) a(27,69) d(34) d(35) r(32,97) a(31,36) a(28,95)", "fitness": 0.0}
{"generation": 7, "position": 19, "parents": [33], "genome": "d(32) a(25,177) d(34) a(33,82) a(35,112) a(33,36) d(35) a(1,49)", "fitness": 0.0}
{"generation": 7, "position": 20, "parents": [51, 29], "genome": "r(2,34) a(27,83) r(34,27)", "fitness": 0.0}
{"generation": 7, "position": 21, "parents": [51, 29], "genome": "r(2,34) a(27,69) d(34) d(35) r(32,25) d(33) d(31) r(27,87) d(1) a(25,49) a(34,86) r(25,76)", "fitness": 0.0}
{"generation": 7, "position": 22, "parents": [51], "genome": "r(2,34) a(27,83) a(34,86) a(35,57)", "fitness": 0.0}
{"generation": 7, "position": 23, "parents": [29], "genome": "r(2,34) a(27,69) d(34) d(35) r(32,25) d(33) d(31) r(27,87) d(1) a(25,49) r(25,48)", "fitness": 0.0}
{"generation": 7, "position": 24, "parents": [50], "genome": "d(32) r(35,148) a(27,69) r(34,60) a(35,83) d(33) d(1) a(27,95)", "fitness": 0.0}
{"generation": 7, "position": 25, "parents": [29], "genome": "r(2,34) a(27,69) d(34) d(35) r(32,25) d(33) d(31) r(27,87) d(1) a(25,49) a(28,105)", "fitness": 0.0}
{"generation": 7, "position": 26, "parents": [25], "genome": "r(2,34) a(27,69) d(34) d(35) a(33,82) a(35,112) r(31,164) a(33,82) a(25,130)", "fitness": 0.0}
{"generation": 7, "position": 27, "parents": [50], "genome": "d(32) r(35,148) a(27,69) r(34,60) a(35,83) d(33) d(1) a(25,32)", "fitness": 0.0}
{"generation": 7, "position": 28, "parents": [5, 33], "genome": "d(2) r(35,36) a(34,25) r(27,32) a(25,86) a(34,100) a(25,177) d(34) a(33,82) a(35,112) a(33,36) d(35) d(25)", "fitness": 0.0}
{"generation": 7, "position": 29, "parents": [5, 33], "genome": "d(32) a(35,158)", "fitness": 0.0}
{"generation": 7, "position": 30, "parents": [5], "genome": "d(2) r(35,36) a(34,25) r(27,32) a(25,86) a(34,100) r(34,77)", "fitness": 0.0}
{"generation": 7, "position": 31, "parents": [33], "genome": "d(32) a(25,177) d(34) a(33,82) a(35,112) a(33,36) d(35) r(25,84)", "fitness": 0.0}
{"generation": 7, "position": 32, "parents": [48], "genome": "d(2) r(34,178) a(35,57) a(25,97) r(34,178) a(35,57) r(34,47) d(35) a(28,77) d(25) d(32) r(28,105)", "fitness": 0.0}
{"generation": 7, "position": 33, "parents": [16], "genome": "d(35) r(2,130) d(34) d(33) d(32) d(28) d(25) d(1)", "fitness": 0.0}
{"generation": 7, "position": 34, "parents": [19, 36], "genome": "r(2,34) r(35,28) a(34,95) d(31) d(34) d(25) a(35,83) r(35,48) d(27) d(32)", "fitness": 0.0}
{"generation": 7, "position": 35, "parents": [19, 36], "genome": "d(32) r(34,60) d(33) a(31,37)", "fitness": 0.0}
{"generation": 7, "position": 36, "parents": [19], "genome": "r(2,34) r(35,28) a(34,95) d(31) d(34) d(25) d(33) r(28,36)", "fitness": 0.0}
{"generation": 7, "position": 37, "parents": [36], "genome": "d(32) r(34,60) a(35,83) r(35,48) d(27) d(1)", "fitness": 0.0}
{"generation": 7, "position": 38, "parents": [47], "genome": "a(32,76) a(25,177) d(34) r(34,47) d(35) a(28,77) d(25) d(2) d(28)", "fitness": 0.0}
{"generation": 7, "position": 39, "parents": [10], "genome": "d(2) a(25,34) r(34,86) r(35,62)", "fitness": 0.0}
{"generation": 7, "position": 40, "parents": [23], "genome": "r(2,34) a(27,69) r(34,60) a(35,83) d(33) d(28) r(25,47)", "fitness": 0.0}
{"generation": 7, "position": 41, "parents": [10], "genome": "d(2) a(25,34) r(34,86) a(35,33)", "fitness": 0.0}
{"generation": 7, "position": 42, "parents": [2, 53], "genome": "r(2,34) r(35,28) a(34,112) a(34,45) d(25) r(34,60) a(35,83) d(33) a(31,64) r(1,38)", "fitness": 4.0}
{"generation": 7, "position": 43, "parents": [2, 53], "genome": "r(2,34) a(27,69) r(34,100) r(28,170) r(35,57)", "fitness": 0.0}
{"generation": 7, "position": 44, "parents": [2], "genome": "r(2,34) r(35,28) a(34,112) a(34,45) d(25) r(34,100) r(28,170) a(1,50)", "fitness": 0.0}
{"generation": 7, "position": 45, "parents": [53], "genome": "r(2,34) a(27,69) r(34,60) a(35,83) d(33) a(31,64) d(1)", "fitness": 4.0}
{"generation": 7, "position": 46, "parents": [14, 9], "genome": "d(32) d(34) d(35)", "fitness": 0.0}
{"generation": 7, "position": 47, "parents": [14, 9], "genome": "d(35) r(2,130) r(34,57) a(35,135) a(35,83) r(35,82) r(27,87) r(31,164) a(1,1)", "fitness": 0.0}
{"generation": 7, "position": 48, "parents": [14], "genome": "d(32) d(34) a(35,135) a(35,83) r(35,82) r(27,87) r(31,164) a(33,177)", "fitness": 0.0}
{"generation": 7, "position": 49, "parents": [9], "genome": "d(35) r(2,130) r(34,57) r(31,170)", "fitness": 0.0}
{"generation": 7, "position": 50, "parents": [37], "genome": "a(32,76) a(25,177) d(34) a(33,82) a(35,112) r(31,164) r(35,77) r(1,108)", "fitness": 0.0}
{"generation": 7, "position": 51, "parents": [9], "genome": "d(35) r(2,130) r(34,57) d(1)", "fitness": 4.0}
{"generation": 7, "position": 52, "parents": [40, 38], "genome": "d(32) d(35) a(34,34) r(33,37) a(31,27) d(32) d(31) a(27,38) a(28,50) a(25,84)", "fitness": 0.0}
{"generation": 7, "position": 53, "parents": [40, 38], "genome": "d(35) r(2,130) r(28,94)", "fitness": 0.0}
{"generation": 7, "position": 54, "parents": [40], "genome": "d(32) d(35) a(34,34) r(25,35)", "fitness": 0.0}
{"generation": 8, "position": 0, "parents": [51, 10], "genome": "d(35) r(2,130) r(34,57) d(32) r(31,48) d(27)", "fitness": 0.0}
{"generation": 8, "position": 1, "parents": [51, 10], "genome": "d(2) r(34,178) a(35,57) a(25,97) r(34,178) a(35,57) r(34,47) d(35) a(28,77) d(25) d(1) r(28,105)", "fitness": 12.0}
{"generation": 8, "position": 2, "parents": [51], "genome": "d(35) r(2,130) r(34,57) d(1) a(25,95)", "fitness": 0.0}
{"generation": 8, "position": 3, "parents": [10], "genome": "d(2) r(34,178) a(35,57) a(25,97) r(34,178) a(35,57) r(34,47) d(35) a(28,77) d(25) d(32) r(31,48) d(33)", "fitness": 0.0}
{"generation": 8, "position": 4, "parents": [31, 36], "genome": "d(32) a(25,177) d(34) a(33,82) a(35,112) a(34,95) d(31) d(34) d(25) d(33) r(28,36) d(3)", "fitness": 0.0}
{"generation": 8, "position": 5, "parents": [31, 36], "genome": "r(2,34) r(35,28) a(33,36) d(35) r(25,84) a(31,76)", "fitness": 0.0}
{"generation": 8, "position": 6, "parents": [31], "genome": "d(32) a(25,177) d(34) a(33,82) a(35,112) a(33,36) d(35) r(25,84) d(2)", "fitness": 0.0}
{"generation": 8, "position": 7, "parents": [36], "genome": "r(2,34) r(35,28) a(34,95) d(31) d(34) d(25) d(33) r(28,36) d(1)", "fitness": 0.0}
{"generation": 8, "position": 8, "parents": [49, 46], "genome": "d(35) r(2,130) r(27,148)", "fitness": 0.0}
{"generation": 8, "position": 9, "parents": [49, 46], "genome": "d(32) d(34) d(35) r(34,57) r(31,170) r(33,94)", "fitness": 0.0}
{"generation": 8, "position": 10, "parents": [49], "genome": "d(35) r(2,130) r(34,57) r(31,170) a(33,82)", "fitness": 0.0}
{"generation": 8, "position": 11, "parents": [46], "genome": "d(32) d(34) d(35) d(27)", "fitness": 0.0}
{"generation": 8, "position": 12, "parents": [11, 35], "genome": "d(32) d(34) a(35,135) a(35,105) r(35,52) a(1,148) r(28,100) d(33) a(31,37) a(3,49)", "fitness": 0.0}
{"generation": 8, "position": 13, "parents": [11, 35], "genome": "d(32) r(34,60) r(2,87)", "fitness": 0.0}
{"generation": 8, "position": 14, "parents": [11], "genome": "d(32) d(34) a(35,135) a(35,105) r(35,52) a(1,148) r(28,100) a(33,54)", "fitness": 0.0}
{"generation": 8, "position": 15, "parents": [35], "genome": "d(32) r(34,60) d(33) a(31,37) a(25,138)", "fitness": 0.0}
{"generation": 8, "position": 16, "parents": [43, 22], "genome": "r(2,34) a(27,69) r(34,100) r(28,170) a(34,86) a(35,57) r(35,158)", "fitness": 0.0}
{"generation": 8, "position": 17, "parents": [43, 22], "genome": "r(2,34) a(27,83) r(35,57) a(27,70)", "fitness": 0.0}
{"generation": 8, "position": 18, "parents": [43], "genome": "r(2,34) a(27,69) r(34,100) r(28,170) r(35,57) a(25,65)", "fitness": 0.0}
{"generation": 8, "position": 19, "parents": [22], "genome": "r(2,34) a(27,83) a(34,86) a(35,57) a(35,70)", "fitness": 0.0}
{"generation": 8, "position": 20, "parents": [40, 32], "genome": "r(2,34) a(31,52)", "fitness": 0.0}
{"generation": 8, "position": 21, "parents": [40, 32], "genome": "d(2) r(34,178) a(35,57) a(25,97) r(34,178) a(35,57) r(34,47) d(35) a(28,77) d(25) d(32) r(28,105) a(27,69) r(34,60) a(35,83) d(33) d(28) r(25,47) r(1,38)", "fitness": 12.0}
{"generation": 8, "position": 22, "parents": [40], "genome": "r(2,34) a(27,69) r(34,60) a(35,83) d(33) d(28) r(25,47) a(32,62)", "fitness": 0.0}
{"generation": 8, "position": 23, "parents": [32], "genome": "d(2) r(34,178) a(35,57) a(25,97) r(34,178) a(35,57) r(34,47) d(35) a(28,77) d(25) d(32) r(28,105) d(1)", "fitness": 12.0}
{"generation": 8, "position": 24, "parents": [20, 12], "genome": "r(2,34) a(25,34) r(33,37) a(31,27) d(32) d(31) r(25,37) r(28,69) a(1,82) d(1)", "fitness": 0.0}
{"generation": 8, "position": 25, "parents": [20, 12], "genome": "d(2) a(27,83) r(34,27) a(32,82)", "fitness": 0.0}
{"generation": 8, "position": 26, "parents": [20], "genome": "r(2,34) a(27,83) r(34,27) a(35,62)", "fitness": 0.0}
{"generation": 8, "position": 27, "parents": [12], "genome": "d(2) a(25,34) r(33,37) a(31,27) d(32) d(31) r(25,37) r(28,69) a(1,82) a(1,176)", "fitness": 0.0}
{"generation": 8, "position": 28, "parents": [28, 49], "genome": "d(2) r(35,36) a(34,25) r(2,130) r(34,57) r(31,170) a(1,99)", "fitness": 0.0}
{"generation": 8, "position": 29, "parents": [28, 49], "genome": "d(35) r(27,32) a(25,86) a(34,100) a(25,177) d(34) a(33,82) a(35,112) a(33,36) d(35) d(25) a(28,78)", "fitness": 0.0}
{"generation": 8, "position": 30, "parents": [28], "genome": "d(2) r(35,36) a(34,25) r(27,32) a(25,86) a(34,100) a(25,177) d(34) a(33,82) a(35,112) a(33,36) d(35) d(25) d(32)", "fitness": 0.0}
{"generation": 8, "position": 31, "parents": [49], "genome": "d(35) r(2,130) r(34,57) r(31,170) d(1)", "fitness": 0.0}
{"generation": 8, "position": 32, "parents": [15], "genome": "a(32,76) a(25,177) d(34) a(33,82) a(35,112) r(31,164) r(35,77) a(3,37) d(1)", "fitness": 0.0}
{"generation": 8, "position": 33, "parents": [49], "genome": "d(35) r(2,130) r(34,57) r(31,170) a(25,38)", "fitness": 0.0}
{"generation": 8, "position": 34, "parents": [49], "genome": "d(35) r(2,130) r(34,57) r(31,170) a(28,80)", "fitness": 0.0}
{"generation": 8, "position": 35, "parents": [37], "genome": "d(32) r(34,60) a(35,83) r(35,48) d(27) d(1) a(31,64)", "fitness": 0.0}
{"generation": 8, "position": 36, "parents": [4], "genome": "r(2,34) r(34,135) a(35,177) a(1,164) d(35)", "fitness": 0.0}
{"generation": 8, "position": 37, "parents": [33], "genome": "d(35) r(2,130) d(34) d(33) d(32) d(28) d(25) d(1)", "fitness": 0.0}
{"generation": 8, "position": 38, "parents": [11], "genome": "d(32) d(34) a(35,135) a(35,105) r(35,52) a(1,148) r(28,100) a(27,54)", "fitness": 0.0}
{"generation": 8, "position": 39, "parents": [20], "genome": "r(2,34) a(27,83) r(34,27) a(1,83)", "fitness": 0.0}
{"generation": 8, "position": 40, "parents": [17], "genome": "d(32) d(35) a(34,34) r(34,97) d(25)", "fitness": 0.0}
{"generation": 8, "position": 41, "parents": [43], "genome": "r(2,34) a(27,69) r(34,100) r(28,170) r(35,57) a(32,33)", "fitness": 0.0}
{"generation": 8, "position": 42, "parents": [48], "genome": "d(32) d(34) a(35,135) a(35,83) r(35,82) r(27,87) r(31,164) a(33,177) r(25,105)", "fitness": 12.0}
{"generation": 8, "position": 43, "parents": [17], "genome": "d(32) d(35) a(34,34) r(34,97) d(28)", "fitness": 0.0}
{"generation": 8, "position": 44, "parents": [44, 15], "genome": "r(2,34) r(35,28) a(34,112) a(34,45) d(25) r(34,100) r(28,170) a(35,112) r(31,164) r(35,77) a(3,37) r(32,78)", "fitness": 0.0}
{"generation": 8, "position": 45, "parents": [44, 15], "genome": "a(32,76) a(25,177) d(34) a(33,82) a(1,50) r(25,35)", "fitness": 0.0}
{"generation": 8, "position": 46, "parents": [44], "genome": "r(2,34) r(35,28) a(34,112) a(34,45) d(25) r(34,100) r(28,170) a(1,50) r(1,108)", "fitness": 0.0}
{"generation": 8, "position": 47, "parents": [15], "genome": "a(32,76) a(25,177) d(34) a(33,82) a(35,112) r(31,164) r(35,77) a(3,37) d(32)", "fitness": 0.0}
{"generation": 8, "position": 48, "parents": [5, 27], "genome": "d(35) a(35,83) d(33) d(1) a(25,32) r(28,80)", "fitness": 0.0}
{"generation": 8, "position": 49, "parents": [5, 27], "genome": "d(32) r(35,148) a(27,69) r(34,60) r(2,130) d(34) r(25,62) d(31) r(28,44)", "fitness": 0.0}
{"generation": 8, "position": 50, "parents": [5], "genome": "d(35) r(2,130) d(34) r(25,62) d(31) d(28)", "fitness": 0.0}
{"generation": 8, "position": 51, "parents": [27], "genome": "d(32) r(35,148) a(27,69) r(34,60) a(35,83) d(33) d(1) a(25,32) a(27,82)", "fitness": 0.0}
{"generation": 8, "position": 52, "parents": [37, 10], "genome": "d(32) r(34,178) a(35,57) a(25,97) r(34,178) a(35,57) r(34,47) d(35) a(28,77) d(25) d(32) r(31,48) a(33,164)", "fitness": 0.0}
{"generation": 8, "position": 53, "parents": [37, 10], "genome": "d(2) r(34,60) a(35,83) r(35,48) d(27) d(1) d(33)", "fitness": 4.0}
{"generation": 8, "position": 54, "parents": [37], "genome": "d(32) r(34,60) a(35,83) r(35,48) d(27) d(1) a(25,164)", "fitness": 0.0}
{"generation": 8, "position": 55, "parents": [10], "genome": "d(2) r(34,178) a(35,57) a(25,97) r(34,178) a(35,57) r(34,47) d(35) a(28,77) d(25) d(32) r(31,48) a(33,108)", "fitness": 0.0}
{"generation": 8, "position": 56, "parents": [46], "genome": "d(32) d(34) d(35) a(2,44)", "fitness": 0.0}
{"generation": 8, "position": 57, "parents": [46], "genome": "d(32) d(34) d(35) d(31)", "fitness": 0.0}
{"generation": 8, "position": 58, "parents": [9, 13], "genome": "d(32) r(35,148) a(27,83) a(34,38) r(35,52) a(1,148) a(1,49) r(34,44)", "fitness": 0.0}
{"generation": 8, "position": 59, "parents": [9, 13], "genome": "d(32) d(34) a(35,135) a(35,105) d(34) r(31,34)", "fitness": 0.0}
{"generation": 8, "position": 60, "parents": [9], "genome": "d(32) r(35,148) a(27,83) a(34,38) d(34) a(1,94)", "fitness": 0.0}
{"generation": 8, "position": 61, "parents": [13], "genome": "d(32) d(34) a(35,135) a(35,105) r(35,52) a(1,148) a(1,49) d(1)", "fitness": 0.0}
{"generation": 8, "position": 62, "parents": [16], "genome": "d(2) r(34,178) a(35,57) a(25,97) r(34,178) a(35,57) r(34,47) d(35) a(28,77) d(25) d(32) r(1,45) d(33)", "fitness": 0.0}
{"generation": 9, "position": 0, "parents": [59], "genome": "d(32) d(34) a(35,135) a(35,105) d(34) r(31,34) d(35)", "fitness": 12.0}
{"generation": 9, "position": 1, "parents": [31], "genome": "d(35) r(2,130) r(34,57) r(31,170) d(1) d(28)", "fitness": 0.0}
{"generation": 9, "position": 2, "parents": [48], "genome": "d(35) a(35,83) d(33) d(1) a(25,32) r(28,80) d(32)", "fitness": 0.0}
{"generation": 9, "position": 3, "parents": [43], "genome": "d(32) d(35) a(34,34) r(34,97) d(28) a(33,177)", "fitness": 0.0}
{"generation": 9, "position": 4, "parents": [32, 38], "genome": "a(32,76) a(25,177) d(34) a(33,82) a(35,112) a(35,105) r(35,52) a(1,148) r(28,100) a(27,54) a(3,99)", "fitness": 0.0}
{"generation": 9, "position": 5, "parents": [32, 38], "genome": "d(32) d(34) a(35,135) r(31,164) r(35,77) a(3,37) d(1) d(33)", "fitness": 0.0}
{"generation": 9, "position": 6, "parents": [32], "genome": "a(32,76) a(25,177) d(34) a(33,82) a(35,112) r(31,164) r(35,77) a(3,37) d(1) r(28,53)", "fitness": 0.0}
{"generation": 9, "position": 7, "parents": [38], "genome": "d(32) d(34) a(35,135) a(35,105) r(35,52) a(1,148) r(28,100) a(27,54) r(27,34)", "fitness": 0.0}
{"generation": 9, "position": 8, "parents": [62], "genome": "d(2) r(34,178) a(35,57) a(25,97) r(34,178) a(35,57) r(34,47) d(35) a(28,77) d(25) d(32) r(1,45) d(33) r(31,50)", "fitness": 0.0}
{"generation": 9, "position": 9, "parents": [63], "genome": "r(2,34) r(34,135) a(35,177) a(1,164) r(35,134) a(28,50)", "fitness": 0.0}
{"generation": 9, "position": 10, "parents": [18], "genome": "r(2,34) a(27,69) r(34,100) r(28,170) r(35,57) a(25,65) r(1,36)", "fitness": 0.0}
{"generation": 9, "position": 11, "parents": [15], "genome": "d(32) r(34,60) d(33) a(31,37) a(25,138) r(31,36)", "fitness": 0.0}
{"generation": 9, "position": 12, "parents": [59], "genome": "d(32) d(34) a(35,135) a(35,105) d(34) r(31,34) a(25,64)", "fitness": 0.0}
{"generation": 9, "position": 13, "parents": [58], "genome": "d(32) r(35,148) a(27,83) a(34,38) r(35,52) a(1,148) a(1,49) r(34,44) a(31,80)", "fitness": 0.0}
{"generation": 9, "position": 14, "parents": [10, 34], "genome": "d(35) r(2,130) a(28,80) a(27,60)", "fitness": 0.0}
{"generation": 9, "position": 15, "parents": [10, 34], "genome": "d(35) r(2,130) r(34,57) r(31,170) r(34,57) r(31,170) a(33,82) d(25)", "fitness": 0.0}
{"generation": 9, "position": 16, "parents": [10], "genome": "d(35) r(2,130) r(34,57) r(31,170) a(33,82) a(1,84)", "fitness": 0.0}
{"generation": 9, "position": 17, "parents": [34], "genome": "d(35) r(2,130) r(34,57) r(31,170) a(28,80) r(28,46)", "fitness": 0.0}
{"generation": 9, "position": 18, "parents": [18, 20], "genome": "r(2,34) a(27,69) r(34,100) r(28,170) r(33,99)", "fitness": 0.0}
{"generation": 9, "position": 19, "parents": [18, 20], "genome": "r(2,34) a(31,52) r(35,57) a(25,65) r(1,76)", "fitness": 0.0}
{"generation": 9, "position": 20, "parents": [18], "genome": "r(2,34) a(27,69) r(34,100) r(28,170) r(35,57) a(25,65) a(32,65)", "fitness": 0.0}
{"generation": 9, "position": 21, "parents": [20], "genome": "r(2,34) a(31,52) r(34,164)", "fitness": 0.0}
{"generation": 9, "position": 22, "parents": [47, 3], "genome": "a(32,76) a(25,177) a(35,57) a(25,97) r(34,178) a(35,57) r(34,47) d(35) a(28,77) d(25) d(32) r(31,48) d(33) d(3)", "fitness": 0.0}
{"generation": 9, "position": 23, "parents": [47, 3], "genome": "d(2) r(34,178) d(34) a(33,82) a(35,112) r(31,164) r(35,77) a(3,37) d(32) d(28)", "fitness": 0.0}
{"generation": 9, "position": 24, "parents": [47], "genome": "a(32,76) a(25,177) d(34) a(33,82) a(35,112) r(31,164) r(35,77) a(3,37) d(32) d(27)", "fitness": 0.0}
{"generation": 9, "position": 25, "parents": [3], "genome": "d(2) r(34,178) a(35,57) a(25,97) r(34,178) a(35,57) r(34,47) d(35) a(28,77) d(25) d(32) r(31,48) d(33) d(28)", "fitness": 0.0}
{"generation": 9, "position": 26, "parents": [38], "genome": "d(32) d(34) a(35,135) a(35,105) r(35,52) a(1,148) r(28,100) a(27,54) d(27)", "fitness": 0.0}
{"generation": 9, "position": 27, "parents": [59], "genome": "d(32) d(34) a(35,135) a(35,105) d(34) r(31,34) a(33,105)", "fitness": 0.0}
{"generation": 9, "position": 28, "parents": [10, 40], "genome": "d(35) r(2,130) r(27,170)", "fitness": 0.0}
{"generation": 9, "position": 29, "parents": [10, 40], "genome": "d(32) d(35) a(34,34) r(34,97) d(25) r(34,57) r(31,170) a(33,82) d(2)", "fitness": 0.0}
{"generation": 9, "position": 30, "parents": [10], "genome": "d(35) r(2,130) r(34,57) r(31,170) a(33,82) d(25)", "fitness": 0.0}
{"generation": 9, "position": 31, "parents": [40], "genome": "d(32) d(35) a(34,34) r(34,97) d(25) a(2,135)", "fitness": 0.0}
{"generation": 9, "position": 32, "parents": [5], "genome": "r(2,34) r(35,28) a(33,36) d(35) r(25,84) a(31,76) d(34)", "fitness": 0.0}
{"generation": 9, "position": 33, "parents": [24], "genome": "r(2,34) a(25,34) r(33,37) a(31,27) d(32) d(31) r(25,37) r(28,69) a(1,82) d(1)", "fitness": 0.0}
{"generation": 9, "position": 34, "parents": [62, 16], "genome": "d(2) r(34,178) a(35,57) a(25,97) r(34,178) a(35,57) r(34,47) d(35) a(28,77) r(28,170) a(34,86) a(35,57) r(35,158) a(27,47)", "fitness": 0.0}
{"generation": 9, "position": 35, "parents": [62, 16], "genome": "r(2,34) a(27,69) r(34,100) d(25) d(32) r(1,45) d(33) r(28,33)", "fitness": 0.0}
{"generation": 9, "position": 36, "parents": [62], "genome": "d(2) r(34,178) a(35,57) a(25,97) r(34,178) a(35,57) r(34,47) d(35) a(28,77) d(25) d(32) r(1,45) d(33) d(28)", "fitness": 0.0}
{"generation": 9, "position": 37, "parents": [16], "genome": "r(2,34) a(27,69) r(34,100) r(28,170) a(34,86) a(35,57) r(35,158) r(1,76)", "fitness": 0.0}
{"generation": 9, "position": 38, "parents": [26], "genome": "r(2,34) a(27,83) r(34,27) a(35,62) r(35,108)", "fitness": 0.0}
{"generation": 9, "position": 39, "parents": [11], "genome": "d(32) d(34) d(35) d(27) d(2)", "fitness": 0.0}
{"generation": 9, "position": 40, "parents": [30, 60], "genome": "d(2) r(35,36) a(34,25) r(27,32) a(25,86) a(34,100) a(25,177) d(34) a(33,82) d(34) a(1,94) r(32,170)", "fitness": 0.0}
{"generation": 9, "position": 41, "parents": [30, 60], "genome": "d(32) r(35,148) a(27,83) a(34,38) a(35,112) a(33,36) d(35) d(25) d(32) d(1)", "fitness": 0.0}
{"generation": 9, "position": 42, "parents": [30], "genome": "d(2) r(35,36) a(34,25) r(27,32) a(25,86) a(34,100) a(25,177) d(34) a(33,82) a(35,112) a(33,36) d(35) d(25) d(32) d(31)", "fitness": 0.0}
{"generation": 9, "position": 43, "parents": [60], "genome": "d(32) r(35,148) a(27,83) a(34,38) d(34) a(1,94) d(3)", "fitness": 0.0}
{"generation": 9, "position": 44, "parents": [48, 31], "genome": "d(35) a(35,83) d(1) r(34,105)", "fitness": 4.0}
{"generation": 9, "position": 45, "parents": [48, 31], "genome": "d(35) r(2,130) r(34,57) r(31,170) d(33) d(1) a(25,32) r(28,80) d(32)", "fitness": 0.0}
{"generation": 9, "position": 46, "parents": [48], "genome": "d(35) a(35,83) d(33) d(1) a(25,32) r(28,80) a(25,170)", "fitness": 0.0}
{"generation": 9, "position": 47, "parents": [31], "genome": "d(35) r(2,130) r(34,57) r(31,170) d(1) a(27,47)", "fitness": 0.0}
{"generation": 9, "position": 48, "parents": [11, 30], "genome": "d(32) d(34) d(35) d(27) a(34,100) a(25,177) d(34) a(33,82) a(35,112) a(33,36) d(35) d(25) d(32) r(33,83)", "fitness": 0.0}
{"generation": 9, "position": 49, "parents": [11, 30], "genome": "d(2) r(35,36) a(34,25) r(27,32) a(25,86) r(34,51)", "fitness": 0.0}
{"generation": 9, "position": 50, "parents": [11], "genome": "d(32) d(34) d(35) d(27) a(3,76)", "fitness": 0.0}
{"generation": 9, "position": 51, "parents": [30], "genome": "d(2) r(35,36) a(34,25) r(27,32) a(25,86) a(34,100) a(25,177) d(34) a(33,82) a(35,112) a(33,36) d(35) d(25) d(32) d(1)", "fitness": 0.0}
{"generation": 9, "position": 52, "parents": [28], "genome": "d(2) r(35,36) a(34,25) r(2,130) r(34,57) r(31,170) a(1,99) a(25,76)", "fitness": 0.0}
{"generation": 9, "position": 53, "parents": [10], "genome": "d(35) r(2,130) r(34,57) r(31,170) a(33,82) d(25)", "fitness": 0.0}
{"generation": 9, "position": 54, "parents": [47, 7], "genome": "a(32,76) a(25,177) d(34) d(33) r(28,36) d(1) d(32)", "fitness": 0.0}
{"generation": 9, "position": 55, "parents": [47, 7], "genome": "r(2,34) r(35,28) a(34,95) d(31) d(34) d(25) a(33,82) a(35,112) r(31,164) r(35,77) a(3,37) d(32) d(33)", "fitness": 0.0}
{"generation": 9, "position": 56, "parents": [47], "genome": "a(32,76) a(25,177) d(34) a(33,82) a(35,112) r(31,164) r(35,77) a(3,37) d(32) d(25)", "fitness": 0.0}
{"generation": 9, "position": 57, "parents": [7], "genome": "r(2,34) r(35,28) a(34,95) d(31) d(34) d(25) d(33) r(28,36) d(1) d(32)", "fitness": 0.0}
{"generation": 9, "position": 58, "parents": [56, 32], "genome": "d(32) r(35,77) a(3,37) d(1) r(27,80)", "fitness": 0.0}
{"generation": 9, "position": 59, "parents": [56, 32], "genome": "a(32,76) a(25,177) d(34) a(33,82) a(35,112) r(31,164) d(34) d(35) a(2,44) d(25)", "fitness": 0.0}
{"generation": 9, "position": 60, "parents": [56], "genome": "d(32) d(34) d(35) a(2,44) d(28)", "fitness": 0.0}
{"generation": 10, "position": 0, "parents": [9], "genome": "r(2,34) r(34,135) a(35,177) a(1,164) r(35,134) a(28,50) a(31,105)", "fitness": 0.0}
{"generation": 10, "position": 1, "parents": [36], "genome": "d(2) r(34,178) a(35,57) a(25,97) r(34,178) a(35,57) r(34,47) d(35) a(28,77) d(25) d(32) r(1,45) d(33) d(28)", "fitness": 0.0}
{"generation": 10, "position": 2, "parents": [1], "genome": "d(35) r(2,130) r(34,57) r(31,170) d(1) d(28) r(25,32)", "fitness": 0.0}
{"generation": 10, "position": 3, "parents": [9], "genome": "r(2,34) r(34,135) a(35,177) a(1,164) r(35,134) a(28,50) r(33,62)", "fitness": 0.0}
{"generation": 10, "position": 4, "parents": [20, 18], "genome": "r(2,34) a(27,69) r(34,100) r(28,170) r(35,57) a(25,65) a(27,69) r(34,100) r(28,170) r(33,99) r(1,76)", "fitness": 0.0}
{"generation": 10, "position": 5, "parents": [20, 18], "genome": "r(2,34) a(32,65) a(34,177)", "fitness": 0.0}
{"generation": 10, "position": 6, "parents": [20], "genome": "r(2,34) a(27,69) r(34,100) r(28,170) r(35,57) a(25,65) a(32,65) r(25,83)", "fitness": 0.0}
{"generation": 10, "position": 7, "parents": [18], "genome": "r(2,34) a(27,69) r(34,100) r(28,170) r(33,99) a(27,76)", "fitness": 0.0}
{"generation": 10, "position": 8, "parents": [43, 37], "genome": "d(32) r(35,148) a(27,83) r(35,158) r(1,76) a(34,53)", "fitness": 0.0}
{"generation": 10, "position": 9, "parents": [43, 37], "genome": "r(2,34) a(27,69) r(34,100) r(28,170) a(34,86) a(35,57) a(34,38) d(34) a(1,94) d(3) a(35,32)", "fitness": 0.0}
{"generation": 10, "position": 10, "parents": [43], "genome": "d(32) r(35,148) a(27,83) a(34,38) d(34) a(1,94) d(3) d(1)", "fitness": 0.0}
{"generation": 10, "position": 11, "parents": [37], "genome": "r(2,34) a(27,69) r(34,100) r(28,170) a(34,86) a(35,57) r(35,158) r(1,76) d(32)", "fitness": 0.0}
{"generation": 10, "position": 12, "parents": [36, 8], "genome": "d(2) r(34,178) a(35,57) a(25,97) r(34,178) a(35,57) d(33) r(31,50) a(32,77)", "fitness": 0.0}
{"generation": 10, "position": 13, "parents": [36, 8], "genome": "d(2) r(34,178) a(35,57) a(25,97) r(34,178) a(35,57) r(34,47) d(35) a(28,77) d(25) d(32) r(1,45) r(34,47) d(35) a(28,77) d(25) d(32) r(1,45) d(33) d(28)", "fitness": 0.0}
{"generation": 10, "position": 14, "parents": [36], "genome": "d(2) r(34,178) a(35,57) a(25,97) r(34,178) a(35,57) r(34,47) d(35) a(28,77) d(25) d(32) r(1,45) d(33) d(28)", "fitness": 0.0}
{"generation": 10, "position": 15, "parents": [8], "genome": "d(2) r(34,178) a(35,57) a(25,97) r(34,178) a(35,57) r(34,47) d(35) a(28,77) d(25) d(32) r(1,45) d(33) r(31,50) d(28)", "fitness": 0.0}
{"generation": 10, "position": 16, "parents": [41], "genome": "d(32) r(35,148) a(27,83) a(34,38) a(35,112) a(33,36) d(35) d(25) d(32) d(1) r(34,32)", "fitness": 0.0}
{"generation": 10, "position": 17, "parents": [22], "genome": "a(32,76) a(25,177) a(35,57) a(25,97) r(34,178) a(35,57) r(34,47) d(35) a(28,77) d(25) d(32) r(31,48) d(33) d(3) a(1,69)", "fitness": 0.0}
{"generation": 10, "position": 18, "parents": [28], "genome": "d(35) r(2,130) r(27,170) d(34)", "fitness": 0.0}
{"generation": 10, "position": 19, "parents": [11], "genome": "d(32) r(34,60) d(33) a(31,37) a(25,138) r(31,36) a(25,33)", "fitness": 0.0}
{"generation": 10, "position": 20, "parents": [7], "genome": "d(32) d(34) a(35,135) a(35,105) r(35,52) a(1,148) r(28,100) a(27,54) r(27,34) a(3,95)", "fitness": 0.0}
{"generation": 10, "position": 21, "parents": [57], "genome": "r(2,34) r(35,28) a(34,95) d(31) d(34) d(25) d(33) r(28,36) d(1) d(32)", "fitness": 0.0}
{"generation": 10, "position": 22, "parents": [12, 55], "genome": "d(32) d(34) a(35,135) a(35,105) d(34) r(31,34) a(25,64) r(31,164) r(35,77) a(3,37) d(32) d(33) r(27,178)", "fitness": 12.0}
{"generation": 10, "position": 23, "parents": [12, 55], "genome": "r(2,34) r(35,28) a(34,95) d(31) d(34) d(25) a(33,82) a(35,112) a(28,177)", "fitness": 0.0}
{"generation": 10, "position": 24, "parents": [12], "genome": "d(32) d(34) a(35,135) a(35,105) d(34) r(31,34) a(25,64) r(35,87)", "fitness": 12.0}
{"generation": 10, "position": 25, "parents": [55], "genome": "r(2,34) r(35,28) a(34,95) d(31) d(34) d(25) a(33,82) a(35,112) r(31,164) r(35,77) a(3,37) d(32) d(33) a(28,83)", "fitness": 0.0}
{"generation": 10, "position": 26, "parents": [6, 39], "genome": "a(32,76) a(25,177) d(34) a(33,82) a(35,112) r(31,164) r(35,77) a(3,37) d(1) r(28,53) d(33)", "fitness": 0.0}
{"generation": 10, "position": 27, "parents": [6, 39], "genome": "d(32) d(34) d(35) d(27) d(2) a(1,77)", "fitness": 0.0}
{"generation": 10, "position": 28, "parents": [6], "genome": "a(32,76) a(25,177) d(34) a(33,82) a(35,112) r(31,164) r(35,77) a(3,37) d(1) r(28,53) r(25,60)", "fitness": 0.0}
{"generation": 10, "position": 29, "parents": [39], "genome": "d(32) d(34) d(35) d(27) d(2) r(25,51)", "fitness": 0.0}
{"generation": 10, "position": 30, "parents": [22], "genome": "a(32,76) a(25,177) a(35,57) a(25,97) r(34,178) a(35,57) r(34,47) d(35) a(28,77) d(25) d(32) r(31,48) d(33) d(3) d(1)", "fitness": 0.0}
{"generation": 10, "position": 31, "parents": [18], "genome": "r(2,34) a(27,69) r(34,100) r(28,170) r(33,99) r(1,38)", "fitness": 0.0}
{"generation": 10, "position": 32, "parents": [1, 49], "genome": "d(35) r(34,51) r(33,45)", "fitness": 0.0}
{"generation": 10, "position": 33, "parents": [1, 49], "genome": "d(2) r(35,36) a(34,25) r(27,32) a(25,86) r(2,130) r(34,57) r(31,170) d(1) d(28) a(25,78)", "fitness": 0.0}
{"generation": 10, "position": 34, "parents": [1], "genome": "d(35) r(2,130) r(34,57) r(31,170) d(1) d(28) d(25)", "fitness": 0.0}
{"generation": 10, "position": 35, "parents": [49], "genome": "d(2) r(35,36) a(34,25) r(27,32) a(25,86) r(34,51) a(32,62)", "fitness": 0.0}
{"generation": 10, "position": 36, "parents": [25], "genome": "d(2) r(34,178) a(35,57) a(25,97) r(34,178) a(35,57) r(34,47) d(35) a(28,77) d(25) d(32) r(31,48) d(33) d(28) r(1,100)", "fitness": 0.0}
{"generation": 10, "position": 37, "parents": [59], "genome": "a(32,76) a(25,177) d(34) a(33,82) a(35,112) r(31,164) d(34) d(35) a(2,44) d(25) r(32,47)", "fitness": 0.0}
{"generation": 10, "position": 38, "parents": [30, 2], "genome": "d(35) r(2,130) r(28,80) d(32) a(1,86)", "fitness": 0.0}
{"generation": 10, "position": 39, "parents": [30, 2], "genome": "d(35) a(35,83) d(33) d(1) a(25,32) r(34,57) r(31,170) a(33,82) d(25) d(32)", "fitness": 0.0}
{"generation": 10, "position": 40, "parents": [30], "genome": "d(35) r(2,130) r(34,57) r(31,170) a(33,82) d(25) a(33,51)", "fitness": 0.0}
{"generation": 10, "position": 41, "parents": [2], "genome": "d(35) a(35,83) d(33) d(1) a(25,32) r(28,80) d(32) d(27)", "fitness": 0.0}
{"generation": 10, "position": 42, "parents": [2, 61], "genome": "d(35) a(35,83) d(33) a(33,82) a(35,112) r(31,164) r(35,77) a(3,37) d(1) d(28) r(32,84)", "fitness": 0.0}
{"generation": 10, "position": 43, "parents": [2, 61], "genome": "a(32,76) a(25,177) d(34) d(1) a(25,32) r(28,80) d(32) r(35,36)", "fitness": 0.0}
{"generation": 10, "position": 44, "parents": [2], "genome": "d(35) a(35,83) d(33) d(1) a(25,32) r(28,80) d(32) r(25,49)", "fitness": 0.0}
{"generation": 10, "position": 45, "parents": [61], "genome": "a(32,76) a(25,177) d(34) a(33,82) a(35,112) r(31,164) r(35,77) a(3,37) d(1) d(28) d(25)", "fitness": 0.0}
{"generation": 10, "position": 46, "parents": [11], "genome": "d(32) r(34,60) d(33) a(31,37) a(25,138) r(31,36) a(1,99)", "fitness": 0.0}
{"generation": 10, "position": 47, "parents": [59], "genome": "a(32,76) a(25,177) d(34) a(33,82) a(35,112) r(31,164) d(34) d(35) a(2,44) d(25) d(32)", "fitness": 0.0}
{"generation": 10, "position": 48, "parents": [19], "genome": "r(2,34) a(31,52) r(35,57) a(25,65) r(1,76) d(34)", "fitness": 0.0}
{"generation": 10, "position": 49, "parents": [27], "genome": "d(32) d(34) a(35,135) a(35,105) d(34) r(31,34) a(33,105) d(25)", "fitness": 0.0}
{"generation": 10, "position": 50, "parents": [36], "genome": "d(2) r(34,178) a(35,57) a(25,97) r(34,178) a(35,57) r(34,47) d(35) a(28,77) d(25) d(32) r(1,45) d(33) d(28)", "fitness": 0.0}
{"generation": 10, "position": 51, "parents": [4], "genome": "a(32,76) a(25,177) d(34) a(33,82) a(35,112) a(35,105) r(35,52) a(1,148) r(28,100) a(27,54) a(3,99) d(33)", "fitness": 0.0}
{"generation": 10, "position": 52, "parents": [38, 13], "genome": "r(2,34) a(27,83) r(34,27) a(35,62) r(34,44) a(31,80) d(32)", "fitness": 0.0}
{"generation": 10, "position": 53, "parents": [38, 13], "genome": "d(32) r(35,148) a(27,83) a(34,38) r(35,52) a(1,148) a(1,49) r(35,108) d(25)", "fitness": 0.0}
{"generation": 10, "position": 54, "parents": [38], "genome": "r(2,34) a(27,83) r(34,27) a(35,62) r(35,108) d(1)", "fitness": 4.0}
{"generation": 10, "position": 55, "parents": [13], "genome": "d(32) r(35,148) a(27,83) a(34,38) r(35,52) a(1,148) a(1,49) r(34,44) a(31,80) r(25,53)", "fitness": 0.0}
{"generation": 10, "position": 56, "parents": [60, 35], "genome": "d(32) d(34) d(35) a(2,44) d(28) r(34,100) d(25) d(32) r(1,45) d(33) r(28,33)", "fitness": 0.0}
{"generation": 10, "position": 57, "parents": [60, 35], "genome": "r(2,34) a(27,69) d(34)", "fitness": 0.0}
{"generation": 10, "position": 58, "parents": [60], "genome": "d(32) d(34) d(35) a(2,44) d(28) a(33,45)", "fitness": 0.0}