[meta]
{"program": "genprog-3.0", "problem": {"ideal_fitness": "12", "type": "repair", "name": "ultrix-look", "enclosure": {"1": 0, "2": 1, "3": 2, "4": 3, "7": 1, "8": 7, "10": 0, "12": 0, "14": 0, "15": 0, "16": 15, "17": 15, "22": 7, "23": 1, "24": 1, "25": 0, "26": 25, "27": 25, "28": 0, "29": 28, "30": 28, "31": 28, "32": 0, "33": 0, "34": 33, "35": 33, "36": 33, "37": 0, "38": 0, "39": 38, "40": 38, "41": 40, "42": 40, "43": 40, "44": 38, "45": 0, "46": 0, "47": 0, "48": 0, "49": 0, "50": 49, "51": 49, "52": 49, "53": 52, "54": 52, "55": 52, "56": 55, "57": 56, "60": 49, "61": 49, "62": 61, "64": 49, "65": 49, "67": 0, "69": 67, "70": 0, "72": 0, "75": 49, "76": 0, "77": 0, "78": 77, "79": 77, "80": 79, "82": 77, "83": 77, "84": 83, "85": 83, "86": 77, "87": 77, "89": 0, "90": 0, "94": 0, "95": 94, "96": 94, "97": 96, "99": 94, "100": 94, "102": 0, "105": 0, "106": 0, "107": 106, "108": 107, "110": 106, "111": 110, "112": 110, "113": 106, "114": 106, "115": 0, "116": 115, "117": 115, "118": 117, "119": 117, "120": 119, "121": 119, "122": 117, "123": 115, "124": 0, "125": 0, "126": 0, "127": 126, "128": 126, "129": 126, "130": 129, "132": 126, "133": 126, "134": 133, "135": 133, "136": 126, "138": 136, "139": 126, "140": 126, "141": 126, "142": 0, "143": 142, "144": 143, "146": 142, "147": 0, "148": 0, "149": 0, "150": 0, "151": 150, "152": 150, "153": 150, "154": 150, "155": 150, "156": 155, "158": 155, "159": 150, "160": 159, "161": 159, "162": 161, "164": 159, "165": 150, "166": 165, "167": 165, "168": 167, "169": 167, "170": 165, "171": 150, "172": 150, "173": 150, "174": 173, "176": 173, "177": 150, "178": 0}}, "version": "0.0.2", "seed": 19, "algorithm": {"representation": "patch", "type": "genetic", "name": "ALGORITHM-NAME"}}

[data]
{"generation": 0, "position": 0, "parents": [], "genome": "r(35,44)", "fitness": 4.0}
{"generation": 0, "position": 1, "parents": [], "genome": "r(1,49)", "fitness": 0.0}
{"generation": 0, "position": 2, "parents": [], "genome": "a(34,33)", "fitness": 4.0}
{"generation": 0, "position": 3, "parents": [], "genome": "d(34)", "fitness": 4.0}
{"generation": 0, "position": 4, "parents": [], "genome": "r(35,28)", "fitness": 4.0}
{"generation": 0, "position": 5, "parents": [], "genome": "r(31,86)", "fitness": 0.0}
{"generation": 0, "position": 6, "parents": [], "genome": "a(32,37)", "fitness": 4.0}
{"generation": 0, "position": 7, "parents": [], "genome": "a(35,62)", "fitness": 4.0}
{"generation": 0, "position": 8, "parents": [], "genome": "a(34,82)", "fitness": 4.0}
{"generation": 0, "position": 9, "parents": [], "genome": "a(35,76)", "fitness": 4.0}
{"generation": 0, "position": 10, "parents": [], "genome": "a(34,46)", "fitness": 4.0}
{"generation": 0, "position": 11, "parents": [], "genome": "d(35)", "fitness": 4.0}
{"generation": 0, "position": 12, "parents": [], "genome": "r(1,176)", "fitness": 4.0}
{"generation": 0, "position": 13, "parents": [], "genome": "d(35)", "fitness": 4.0}
{"generation": 0, "position": 14, "parents": [], "genome": "d(34)", "fitness": 4.0}
{"generation": 0, "position": 15, "parents": [], "genome": "d(25)", "fitness": 4.0}
{"generation": 0, "position": 16, "parents": [], "genome": "d(34)", "fitness": 4.0}
{"generation": 0, "position": 17, "parents": [], "genome": "r(28,50)", "fitness": 0.0}
{"generation": 0, "position": 18, "parents": [], "genome": "r(35,51)", "fitness": 4.0}
{"generation": 0, "position": 19, "parents": [], "genome": "r(34,164)", "fitness": 4.0}
{"generation": 0, "position": 20, "parents": [], "genome": "d(27)", "fitness": 4.0}
{"generation": 0, "position": 21, "parents": [], "genome": "d(31)", "fitness": 0.0}
{"generation": 0, "position": 22, "parents": [], "genome": "r(2,53)", "fitness": 0.0}
{"generation": 0, "position": 23, "parents": [], "genome": "r(31,45)", "fitness": 0.0}
{"generation": 0, "position": 24, "parents": [], "genome": "d(34)", "fitness": 4.0}
{"generation": 0, "position": 25, "parents": [], "genome": "d(25)", "fitness": 4.0}
{"generation": 0, "position": 26, "parents": [], "genome": "r(34,53)", "fitness": 4.0}
{"generation": 0, "position": 27, "parents": [], "genome": "r(35,77)", "fitness": 4.0}
{"generation": 0, "position": 28, "parents": [], "genome": "a(35,37)", "fitness": 4.0}
{"generation": 0, "position": 29, "parents": [], "genome": "a(35,60)", "fitness": 4.0}
{"generation": 0, "position": 30, "parents": [], "genome": "r(34,148)", "fitness": 4.0}
{"generation": 0, "position": 31, "parents": [], "genome": "r(35,108)", "fitness": 4.0}
{"generation": 0, "position": 32, "parents": [], "genome": "r(3,78)", "fitness": 0.0}
{"generation": 0, "position": 33, "parents": [], "genome": "r(34,76)", "fitness": 4.0}
{"generation": 0, "position": 34, "parents": [], "genome": "r(34,80)", "fitness": 4.0}
{"generation": 0, "position": 35, "parents": [], "genome": "r(34,138)", "fitness": 4.0}
{"generation": 0, "position": 36, "parents": [], "genome": "a(34,80)", "fitness": 4.0}
{"generation": 0, "position": 37, "parents": [], "genome": "r(1,84)", "fitness": 4.0}
{"generation": 0, "position": 38, "parents": [], "genome": "r(28,135)", "fitness": 0.0}
{"generation": 0, "position": 39, "parents": [], "genome": "original", "fitness": 4.0}
{"generation": 1, "position": 0, "parents": [21, 14], "genome": "d(31) d(35)", "fitness": 0.0}
{"generation": 1, "position": 1, "parents": [21, 14], "genome": "d(34) r(32,65)", "fitness": 0.0}
{"generation": 1, "position": 2, "parents": [21], "genome": "d(31) a(27,32)", "fitness": 0.0}
{"generation": 1, "position": 3, "parents": [14], "genome": "d(34) d(35)", "fitness": 4.0}
{"generation": 1, "position": 4, "parents": [0, 2], "genome": "r(35,44) a(34,51)", "fitness": 4.0}
{"generation": 1, "position": 5, "parents": [0, 2], "genome": "a(34,33) r(34,25)", "fitness": 4.0}
{"generation": 1, "position": 6, "parents": [0], "genome": "r(35,44) r(25,36)", "fitness": 4.0}
{"generation": 1, "position": 7, "parents": [2], "genome": "a(34,33) d(34)", "fitness": 4.0}
{"generation": 1, "position": 8, "parents": [17, 17], "genome": "r(28,50) d(25)", "fitness": 0.0}
{"generation": 1, "position": 9, "parents": [17, 17], "genome": "r(28,50) r(25,94)", "fitness": 0.0}
{"generation": 1, "position": 10, "parents": [17], "genome": "r(28,50) r(35,60)", "fitness": 0.0}
{"generation": 1, "position": 11, "parents": [17], "genome": "r(28,50) d(35)", "fitness": 0.0}
{"generation": 1, "position": 12, "parents": [37], "genome": "r(1,84) d(34)", "fitness": 4.0}
{"generation": 1, "position": 13, "parents": [2], "genome": "a(34,33) d(34)", "fitness": 4.0}
{"generation": 1, "position": 14, "parents": [24, 20], "genome": "d(34) d(35)", "fitness": 4.0}
{"generation": 1, "position": 15, "parents": [24, 20], "genome": "d(27) a(35,47)", "fitness": 4.0}
{"generation": 1, "position": 16, "parents": [24], "genome": "d(34) r(35,28)", "fitness": 4.0}
{"generation": 1, "position": 17, "parents": [20], "genome": "d(27) a(35,87)", "fitness": 4.0}
{"generation": 1, "position": 18, "parents": [19], "genome": "r(34,164) d(35)", "fitness": 4.0}
{"generation": 1, "position": 19, "parents": [10], "genome": "a(34,46) r(1,51)", "fitness": 0.0}
{"generation": 1, "position": 20, "parents": [29], "genome": "a(35,60) r(35,27)", "fitness": 4.0}
{"generation": 1, "position": 21, "parents": [32], "genome": "r(3,78) d(34)", "fitness": 0.0}
{"generation": 1, "position": 22, "parents": [16, 23], "genome": "d(34) a(35,83)", "fitness": 4.0}
{"generation": 1, "position": 23, "parents": [16, 23], "genome": "r(31,45) d(35)", "fitness": 0.0}
{"generation": 1, "position": 24, "parents": [16], "genome": "d(34) a(35,158)", "fitness": 4.0}
{"generation": 1, "position": 25, "parents": [23], "genome": "r(31,45) d(34)", "fitness": 0.0}
{"generation": 1, "position": 26, "parents": [22, 14], "genome": "r(2,53) a(35,105)", "fitness": 0.0}
{"generation": 1, "position": 27, "parents": [22, 14], "genome": "d(34) a(2,177)", "fitness": 4.0}
{"generation": 1, "position": 28, "parents": [22], "genome": "r(2,53) r(34,84)", "fitness": 0.0}
{"generation": 1, "position": 29, "parents": [14], "genome": "d(34) r(3,164)", "fitness": 12.0}
{"generation": 1, "position": 30, "parents": [11, 32], "genome": "d(35) d(34)", "fitness": 4.0}
{"generation": 1, "position": 31, "parents": [11, 32], "genome": "r(3,78) r(34,35)", "fitness": 0.0}
{"generation": 1, "position": 32, "parents": [11], "genome": "d(35) r(34,178)", "fitness": 4.0}
{"generation": 1, "position": 33, "parents": [32], "genome": "r(3,78) a(34,100)", "fitness": 0.0}
{"generation": 1, "position": 34, "parents": [27], "genome": "r(35,77) d(28)", "fitness": 0.0}
{"generation": 1, "position": 35, "parents": [15], "genome": "d(25) d(34)", "fitness": 4.0}
{"generation": 1, "position": 36, "parents": [7], "genome": "a(35,62) d(1)", "fitness": 4.0}
{"generation": 1, "position": 37, "parents": [19], "genome": "r(34,164) a(31,31)", "fitness": 4.0}
{"generation": 1, "position": 38, "parents": [33], "genome": "r(34,76) d(35)", "fitness": 4.0}
{"generation": 1, "position": 39, "parents": [27], "genome": "r(35,77) d(34)", "fitness": 4.0}
{"generation": 1, "position": 40, "parents": [6, 5], "genome": "a(32,37) a(35,86)", "fitness": 4.0}
{"generation": 1, "position": 41, "parents": [6, 5], "genome": "r(31,86) a(35,36)", "fitness": 0.0}
{"generation": 1, "position": 42, "parents": [6], "genome": "a(32,37) d(34)", "fitness": 4.0}
{"generation": 1, "position": 43, "parents": [5], "genome": "r(31,86) d(32)", "fitness": 0.0}
{"generation": 1, "position": 44, "parents": [1, 26], "genome": "r(1,49) d(35)", "fitness": 0.0}
{"generation": 1, "position": 45, "parents": [1, 26], "genome": "r(34,53) d(35)", "fitness": 4.0}
{"generation": 1, "position": 46, "parents": [1], "genome": "r(1,49) a(34,82)", "fitness": 0.0}
{"generation": 1, "position": 47, "parents": [26], "genome": "r(34,53) d(35)", "fitness": 4.0}
{"generation": 1, "position": 48, "parents": [24, 6], "genome": "d(34) a(35,46)", "fitness": 4.0}
{"generation": 1, "position": 49, "parents": [24, 6], "genome": "a(32,37) d(33)", "fitness": 4.0}
{"generation": 1, "position": 50, "parents": [24], "genome": "d(34) a(35,105)", "fitness": 4.0}
{"generation": 1, "position": 51, "parents": [6], "genome": "a(32,37) d(35)", "fitness": 4.0}
{"generation": 1, "position": 52, "parents": [24, 38], "genome": "d(34) d(35)", "fitness": 4.0}
{"generation": 1, "position": 53, "parents": [24, 38], "genome": "r(28,135) r(34,69)", "fitness": 0.0}
{"generation": 1, "position": 54, "parents": [24], "genome": "d(34) a(27,84)", "fitness": 4.0}
{"generation": 1, "position": 55, "parents": [38], "genome": "r(28,135) a(33,77)", "fitness": 0.0}
{"generation": 1, "position": 56, "parents": [28, 11], "genome": "a(35,37) r(34,50)", "fitness": 4.0}
{"generation": 1, "position": 57, "parents": [28, 11], "genome": "d(35) a(31,47)", "fitness": 0.0}
{"generation": 1, "position": 58, "parents": [28], "genome": "a(35,37) a(34,108)", "fitness": 4.0}
{"generation": 1, "position": 59, "parents": [11], "genome": "d(35) d(27)", "fitness": 4.0}
{"generation": 1, "position": 60, "parents": [20], "genome": "d(27) a(34,108)", "fitness": 4.0}
{"generation": 1, "position": 61, "parents": [21], "genome": "d(31) r(34,46)", "fitness": 0.0}
{"generation": 1, "position": 62, "parents": [17, 33], "genome": "r(28,50) d(34)", "fitness": 0.0}
{"generation": 1, "position": 63, "parents": [17, 33], "genome": "r(34,76) d(35)", "fitness": 4.0}
{"generation": 1, "position": 64, "parents": [17], "genome": "r(28,50) r(35,64)", "fitness": 0.0}
{"generation": 2, "position": 0, "parents": [59, 61], "genome": "d(35) d(27) d(34)", "fitness": 4.0}
{"generation": 2, "position": 1, "parents": [59, 61], "genome": "d(31) r(34,46) d(35)", "fitness": 0.0}
{"generation": 2, "position": 2, "parents": [59], "genome": "d(35) d(27) a(34,130)", "fitness": 4.0}
{"generation": 2, "position": 3, "parents": [61], "genome": "d(31) r(34,46) r(35,105)", "fitness": 12.0}
{"generation": 2, "position": 4, "parents": [30], "genome": "d(35) d(34) r(28,135)", "fitness": 0.0}
{"generation": 2, "position": 5, "parents": [18], "genome": "r(34,164) d(35) d(27)", "fitness": 4.0}
{"generation": 2, "position": 6, "parents": [59, 1], "genome": "d(35) d(27) r(34,87)", "fitness": 4.0}
{"generation": 2, "position": 7, "parents": [59, 1], "genome": "d(34) r(32,65) d(35)", "fitness": 0.0}
{"generation": 2, "position": 8, "parents": [59], "genome": "d(35) d(27) r(2,135)", "fitness": 0.0}
{"generation": 2, "position": 9, "parents": [1], "genome": "d(34) r(32,65) r(35,32)", "fitness": 4.0}
{"generation": 2, "position": 10, "parents": [62], "genome": "r(28,50) d(34) d(35)", "fitness": 0.0}
{"generation": 2, "position": 11, "parents": [30], "genome": "d(35) d(34) d(1)", "fitness": 4.0}
{"generation": 2, "position": 12, "parents": [55], "genome": "r(28,135) a(33,77) r(34,45)", "fitness": 0.0}
{"generation": 2, "position": 13, "parents": [1], "genome": "d(34) r(32,65) r(2,112)", "fitness": 0.0}
{"generation": 2, "position": 14, "parents": [21], "genome": "r(3,78) d(34) r(35,105)", "fitness": 0.0}
{"generation": 2, "position": 15, "parents": [48], "genome": "d(34) a(35,46) r(35,47)", "fitness": 4.0}
{"generation": 2, "position": 16, "parents": [9], "genome": "r(28,50) r(25,94) r(35,64)", "fitness": 0.0}
{"generation": 2, "position": 17, "parents": [48], "genome": "d(34) a(35,46) a(1,34)", "fitness": 4.0}
{"generation": 2, "position": 18, "parents": [27], "genome": "d(34) a(2,177) a(3,158)", "fitness": 4.0}
{"generation": 2, "position": 19, "parents": [36], "genome": "a(35,62) d(1) r(34,25)", "fitness": 4.0}
{"generation": 2, "position": 20, "parents": [34, 16], "genome": "r(35,77) d(28) a(34,1)", "fitness": 0.0}
{"generation": 2, "position": 21, "parents": [34, 16], "genome": "d(34) r(35,28) a(1,49)", "fitness": 0.0}
{"generation": 2, "position": 22, "parents": [34], "genome": "r(35,77) d(28) r(34,82)", "fitness": 0.0}
{"generation": 2, "position": 23, "parents": [16], "genome": "d(34) r(35,28) a(2,69)", "fitness": 4.0}
{"generation": 2, "position": 24, "parents": [4, 58], "genome": "r(35,44) r(33,148)", "fitness": 0.0}
{"generation": 2, "position": 25, "parents": [4, 58], "genome": "a(35,37) a(34,108) a(34,51) a(34,108)", "fitness": 4.0}
{"generation": 2, "position": 26, "parents": [4], "genome": "r(35,44) a(34,51) r(34,178)", "fitness": 4.0}
{"generation": 2, "position": 27, "parents": [58], "genome": "a(35,37) a(34,108) d(34)", "fitness": 4.0}
{"generation": 2, "position": 28, "parents": [23, 57], "genome": "r(31,45) a(35,50)", "fitness": 0.0}
{"generation": 2, "position": 29, "parents": [23, 57], "genome": "d(35) a(31,47) d(35) r(34,82)", "fitness": 0.0}
{"generation": 2, "position": 30, "parents": [23], "genome": "r(31,45) d(35) a(32,33)", "fitness": 0.0}
{"generation": 2, "position": 31, "parents": [57], "genome": "d(35) a(31,47) d(28)", "fitness": 0.0}
{"generation": 2, "position": 32, "parents": [25], "genome": "r(31,45) d(34) r(3,164)", "fitness": 12.0}
{"generation": 2, "position": 33, "parents": [57], "genome": "d(35) a(31,47) r(28,135)", "fitness": 0.0}
{"generation": 2, "position": 34, "parents": [44, 25], "genome": "r(1,49) d(35) d(34) r(27,1)", "fitness": 0.0}
{"generation": 2, "position": 35, "parents": [44, 25], "genome": "r(31,45) d(2)", "fitness": 0.0}
{"generation": 2, "position": 36, "parents": [44], "genome": "r(1,49) d(35) d(34)", "fitness": 0.0}
{"generation": 2, "position": 37, "parents": [25], "genome": "r(31,45) d(34) r(35,50)", "fitness": 0.0}
{"generation": 2, "position": 38, "parents": [34], "genome": "r(35,77) d(28) a(27,54)", "fitness": 0.0}
{"generation": 2, "position": 39, "parents": [27], "genome": "d(34) a(2,177) d(28)", "fitness": 0.0}
{"generation": 2, "position": 40, "parents": [10, 2], "genome": "r(28,50) a(27,32) a(25,84)", "fitness": 0.0}
{"generation": 2, "position": 41, "parents": [10, 2], "genome": "d(31) r(35,60) r(34,48)", "fitness": 0.0}
{"generation": 2, "position": 42, "parents": [10], "genome": "r(28,50) r(35,60) d(1)", "fitness": 0.0}
{"generation": 2, "position": 43, "parents": [2], "genome": "d(31) a(27,32) a(34,37)", "fitness": 0.0}
{"generation": 2, "position": 44, "parents": [44, 26], "genome": "r(1,49) a(35,105) d(35)", "fitness": 0.0}
{"generation": 2, "position": 45, "parents": [44, 26], "genome": "r(2,53) d(35) r(34,80)", "fitness": 0.0}
{"generation": 2, "position": 46, "parents": [44], "genome": "r(1,49) d(35) a(34,48)", "fitness": 0.0}
{"generation": 2, "position": 47, "parents": [26], "genome": "r(2,53) a(35,105) r(35,84)", "fitness": 0.0}
{"generation": 2, "position": 48, "parents": [9], "genome": "r(28,50) r(25,94) a(35,49)", "fitness": 0.0}
{"generation": 2, "position": 49, "parents": [17], "genome": "d(27) a(35,87) a(35,38)", "fitness": 4.0}
{"generation": 2, "position": 50, "parents": [2, 11], "genome": "d(31) a(27,32) d(34)", "fitness": 0.0}
{"generation": 2, "position": 51, "parents": [2, 11], "genome": "r(28,50) d(35) a(32,80)", "fitness": 0.0}
{"generation": 2, "position": 52, "parents": [2], "genome": "d(31) a(27,32) a(35,83)", "fitness": 0.0}
{"generation": 2, "position": 53, "parents": [11], "genome": "r(28,50) d(35) d(32)", "fitness": 0.0}
{"generation": 2, "position": 54, "parents": [41], "genome": "r(31,86) a(35,36) r(3,82)", "fitness": 0.0}
{"generation": 2, "position": 55, "parents": [39], "genome": "r(35,77) d(34) a(31,130)", "fitness": 4.0}
{"generation": 2, "position": 56, "parents": [0, 2], "genome": "d(31) r(28,94)", "fitness": 0.0}
{"generation": 2, "position": 57, "parents": [0, 2], "genome": "d(31) a(27,32) d(35) a(34,138)", "fitness": 0.0}
{"generation": 2, "position": 58, "parents": [0], "genome": "d(31) d(35) r(34,84)", "fitness": 0.0}
{"generation": 3, "position": 0, "parents": [8, 8], "genome": "d(35) d(27) r(2,135) d(27) r(2,135) d(34)", "fitness": 0.0}
{"generation": 3, "position": 1, "parents": [8, 8], "genome": "d(35) r(34,95)", "fitness": 4.0}
{"generation": 3, "position": 2, "parents": [8], "genome": "d(35) d(27) r(2,135) d(34)", "fitness": 0.0}
{"generation": 3, "position": 3, "parents": [8], "genome": "d(35) d(27) r(2,135) a(1,135)", "fitness": 0.0}
{"generation": 3, "position": 4, "parents": [38], "genome": "r(35,77) d(28) a(27,54) r(34,45)", "fitness": 0.0}
{"generation": 3, "position": 5, "parents": [29], "genome": "d(35) a(31,47) d(35) r(34,82) d(28)", "fitness": 0.0}
{"generation": 3, "position": 6, "parents": [31, 56], "genome": "d(35) a(31,47) r(34,95)", "fitness": 0.0}
{"generation": 3, "position": 7, "parents": [31, 56], "genome": "d(31) r(28,94) d(28) a(2,76)", "fitness": 0.0}
{"generation": 3, "position": 8, "parents": [31], "genome": "d(35) a(31,47) d(28) a(3,78)", "fitness": 0.0}
{"generation": 3, "position": 9, "parents": [56], "genome": "d(31) r(28,94) r(34,47)", "fitness": 0.0}
{"generation": 3, "position": 10, "parents": [38, 26], "genome": "r(35,77) d(28) a(27,54) r(34,178) r(27,34)", "fitness": 12.0}
{"generation": 3, "position": 11, "parents": [38, 26], "genome": "r(35,44) a(34,51) r(3,36)", "fitness": 12.0}
{"generation": 3, "position": 12, "parents": [38], "genome": "r(35,77) d(28) a(27,54) r(34,60)", "fitness": 0.0}
{"generation": 3, "position": 13, "parents": [26], "genome": "r(35,44) a(34,51) r(34,178) d(2)", "fitness": 0.0}
{"generation": 3, "position": 14, "parents": [29, 8], "genome": "d(35) a(31,47) d(35) r(34,82) d(27) r(2,135) a(31,105)", "fitness": 0.0}
{"generation": 3, "position": 15, "parents": [29, 8], "genome": "d(35) a(1,95)", "fitness": 0.0}
{"generation": 3, "position": 16, "parents": [29], "genome": "d(35) a(31,47) d(35) r(34,82) d(33)", "fitness": 0.0}
{"generation": 3, "position": 17, "parents": [8], "genome": "d(35) d(27) r(2,135) a(31,158)", "fitness": 0.0}
{"generation": 3, "position": 18, "parents": [16], "genome": "r(28,50) r(25,94) r(35,64) d(1)", "fitness": 0.0}
{"generation": 3, "position": 19, "parents": [34], "genome": "r(1,49) d(35) d(34) r(27,1) r(25,36)", "fitness": 0.0}
{"generation": 3, "position": 20, "parents": [40], "genome": "r(28,50) a(27,32) a(25,84) d(25)", "fitness": 0.0}
{"generation": 3, "position": 21, "parents": [12], "genome": "r(28,135) a(33,77) r(34,45) a(35,86)", "fitness": 0.0}
{"generation": 3, "position": 22, "parents": [20], "genome": "r(35,77) d(28) a(34,1) r(34,135)", "fitness": 0.0}
{"generation": 3, "position": 23, "parents": [37], "genome": "r(31,45) d(34) r(35,50) d(25)", "fitness": 0.0}
{"generation": 3, "position": 24, "parents": [4, 5], "genome": "d(35) d(27)", "fitness": 4.0}
{"generation": 3, "position": 25, "parents": [4, 5], "genome": "r(34,164) d(35) d(27) d(34) r(28,135) d(1)", "fitness": 0.0}
{"generation": 3, "position": 26, "parents": [4], "genome": "d(35) d(34) r(28,135) a(1,49)", "fitness": 0.0}
{"generation": 3, "position": 27, "parents": [5], "genome": "r(34,164) d(35) d(27) a(25,77)", "fitness": 0.0}
{"generation": 3, "position": 28, "parents": [7, 28], "genome": "d(34) a(35,50) a(35,138)", "fitness": 4.0}
{"generation": 3, "position": 29, "parents": [7, 28], "genome": "r(31,45) r(32,65) d(35) a(34,95)", "fitness": 0.0}
{"generation": 3, "position": 30, "parents": [7], "genome": "d(34) r(32,65) d(35) r(1,65)", "fitness": 0.0}
{"generation": 3, "position": 31, "parents": [28], "genome": "r(31,45) a(35,50) r(27,37)", "fitness": 0.0}
{"generation": 3, "position": 32, "parents": [46, 33], "genome": "r(1,49) r(28,135) a(34,135)", "fitness": 0.0}
{"generation": 3, "position": 33, "parents": [46, 33], "genome": "d(35) a(31,47) d(35) a(34,48) d(34)", "fitness": 0.0}
{"generation": 3, "position": 34, "parents": [46], "genome": "r(1,49) d(35) a(34,48) a(32,38)", "fitness": 0.0}
{"generation": 3, "position": 35, "parents": [33], "genome": "d(35) a(31,47) r(28,135) d(27)", "fitness": 0.0}
{"generation": 3, "position": 36, "parents": [28], "genome": "r(31,45) a(35,50) r(34,32)", "fitness": 0.0}
{"generation": 3, "position": 37, "parents": [37], "genome": "r(31,45) d(34) r(35,50) a(3,35)", "fitness": 0.0}
{"generation": 3, "position": 38, "parents": [28, 9], "genome": "r(31,45) r(35,32) a(34,34)", "fitness": 0.0}
{"generation": 3, "position": 39, "parents": [28, 9], "genome": "d(34) r(32,65) a(35,50) d(35)", "fitness": 0.0}
{"generation": 3, "position": 40, "parents": [28], "genome": "r(31,45) a(35,50) a(34,158)", "fitness": 0.0}
{"generation": 3, "position": 41, "parents": [9], "genome": "d(34) r(32,65) r(35,32) d(27)", "fitness": 4.0}
{"generation": 3, "position": 42, "parents": [9, 7], "genome": "d(34) r(32,65) r(35,32) r(31,49)", "fitness": 0.0}
{"generation": 3, "position": 43, "parents": [9, 7], "genome": "d(34) r(32,65) d(35) r(27,78)", "fitness": 0.0}
{"generation": 3, "position": 44, "parents": [9], "genome": "d(34) r(32,65) r(35,32) d(1)", "fitness": 4.0}
{"generation": 3, "position": 45, "parents": [7], "genome": "d(34) r(32,65) d(35) r(25,46)", "fitness": 0.0}
{"generation": 3, "position": 46, "parents": [28, 35], "genome": "r(31,45) d(28)", "fitness": 0.0}
{"generation": 3, "position": 47, "parents": [28, 35], "genome": "r(31,45) d(2) a(35,50) a(32,48)", "fitness": 0.0}
{"generation": 3, "position": 48, "parents": [28], "genome": "r(31,45) a(35,50) r(33,32)", "fitness": 0.0}
{"generation": 3, "position": 49, "parents": [35], "genome": "r(31,45) d(2) r(34,27)", "fitness": 0.0}
{"generation": 3, "position": 50, "parents": [13], "genome": "d(34) r(32,65) r(2,112) d(27)", "fitness": 0.0}
{"generation": 3, "position": 51, "parents": [56], "genome": "d(31) r(28,94) d(3)", "fitness": 12.0}
{"generation": 3, "position": 52, "parents": [16], "genome": "r(28,50) r(25,94) r(35,64) a(34,32)", "fitness": 0.0}
{"generation": 3, "position": 53, "parents": [6], "genome": "d(35) d(27) r(34,87) d(28)", "fitness": 0.0}
{"generation": 3, "position": 54, "parents": [24, 24], "genome": "r(35,44) a(25,60)", "fitness": 0.0}
{"generation": 3, "position": 55, "parents": [24, 24], "genome": "r(35,44) r(33,148) r(33,148) d(25)", "fitness": 0.0}
{"generation": 3, "position": 56, "parents": [24], "genome": "r(35,44) r(33,148) r(25,1)", "fitness": 0.0}
{"generation": 3, "position": 57, "parents": [24], "genome": "r(35,44) r(33,148) a(1,86)", "fitness": 0.0}
{"generation": 3, "position": 58, "parents": [37, 31], "genome": "r(31,45) d(34) r(35,50) d(28) d(2)", "fitness": 0.0}
{"generation": 3, "position": 59, "parents": [37, 31], "genome": "d(35) a(31,47) d(27)", "fitness": 0.0}
{"generation": 3, "position": 60, "parents": [37], "genome": "r(31,45) d(34) r(35,50) a(3,176)", "fitness": 0.0}
{"generation": 3, "position": 61, "parents": [31], "genome": "d(35) a(31,47) d(28) a(34,77)", "fitness": 0.0}
{"generation": 3, "position": 62, "parents": [21, 31], "genome": "d(34) r(35,28) a(1,49) d(25)", "fitness": 0.0}
{"generation": 3, "position": 63, "parents": [21, 31], "genome": "d(35) a(31,47) d(28) r(34,176)", "fitness": 0.0}
{"generation": 3, "position": 64, "parents": [21], "genome": "d(34) r(35,28) a(1,49) r(3,32)", "fitness": 0.0}
{"generation": 4, "position": 0, "parents": [60, 43], "genome": "r(31,45) r(27,78) d(1)", "fitness": 0.0}
{"generation": 4, "position": 1, "parents": [60, 43], "genome": "d(34) r(32,65) d(35) d(34) r(35,50) a(3,176) r(25,148)", "fitness": 0.0}
{"generation": 4, "position": 2, "parents": [60], "genome": "r(31,45) d(34) r(35,50) a(3,176) d(3)", "fitness": 12.0}
{"generation": 4, "position": 3, "parents": [43], "genome": "d(34) r(32,65) d(35) r(27,78) d(1)", "fitness": 0.0}
{"generation": 4, "position": 4, "parents": [64], "genome": "d(34) r(35,28) a(1,49) r(3,32) a(1,53)", "fitness": 0.0}
{"generation": 4, "position": 5, "parents": [62], "genome": "d(34) r(35,28) a(1,49) d(25) r(2,49)", "fitness": 0.0}
{"generation": 4, "position": 6, "parents": [53], "genome": "d(35) d(27) r(34,87) d(28) r(32,112)", "fitness": 0.0}
{"generation": 4, "position": 7, "parents": [3], "genome": "d(35) d(27) r(2,135) a(1,135) d(33)", "fitness": 0.0}
{"generation": 4, "position": 8, "parents": [42, 26], "genome": "d(34) r(32,65) a(1,49) a(35,52)", "fitness": 0.0}
{"generation": 4, "position": 9, "parents": [42, 26], "genome": "d(35) d(34) r(28,135) r(35,32) r(31,49) r(3,69)", "fitness": 12.0}
{"generation": 4, "position": 10, "parents": [42], "genome": "d(34) r(32,65) r(35,32) r(31,49) d(1)", "fitness": 0.0}
{"generation": 4, "position": 11, "parents": [26], "genome": "d(35) d(34) r(28,135) a(1,49) a(2,35)", "fitness": 0.0}
{"generation": 4, "position": 12, "parents": [23], "genome": "r(31,45) d(34) r(35,50) d(25) d(3)", "fitness": 0.0}
{"generation": 4, "position": 13, "parents": [49], "genome": "r(31,45) d(2) r(34,27) a(33,38)", "fitness": 0.0}
{"generation": 4, "position": 14, "parents": [33], "genome": "d(35) a(31,47) d(35) a(34,48) d(34) r(31,47)", "fitness": 0.0}
{"generation": 4, "position": 15, "parents": [31], "genome": "r(31,45) a(35,50) r(27,37) d(34)", "fitness": 0.0}
{"generation": 4, "position": 16, "parents": [52], "genome": "r(28,50) r(25,94) r(35,64) a(34,32) d(34)", "fitness": 0.0}
{"generation": 4, "position": 17, "parents": [40], "genome": "r(31,45) a(35,50) a(34,158) d(34)", "fitness": 0.0}
{"generation": 4, "position": 18, "parents": [43, 53], "genome": "d(34) d(27) r(34,87) d(28) d(35)", "fitness": 0.0}
{"generation": 4, "position": 19, "parents": [43, 53], "genome": "d(35) r(32,65) d(35) r(27,78) d(2)", "fitness": 0.0}
{"generation": 4, "position": 20, "parents": [43], "genome": "d(34) r(32,65) d(35) r(27,78) d(1)", "fitness": 0.0}
{"generation": 4, "position": 21, "parents": [53], "genome": "d(35) d(27) r(34,87) d(28) r(33,48)", "fitness": 0.0}
{"generation": 4, "position": 22, "parents": [20, 8], "genome": "r(28,50) a(27,32) a(35,108)", "fitness": 0.0}
{"generation": 4, "position": 23, "parents": [20, 8], "genome": "d(35) a(31,47) d(28) a(3,78) a(25,84) d(25) d(2)", "fitness": 0.0}
{"generation": 4, "position": 24, "parents": [20], "genome": "r(28,50) a(27,32) a(25,84) d(25) d(2)", "fitness": 0.0}
{"generation": 4, "position": 25, "parents": [8], "genome": "d(35) a(31,47) d(28) a(3,78) d(34)", "fitness": 0.0}
{"generation": 4, "position": 26, "parents": [6], "genome": "d(35) a(31,47) r(34,95) a(27,38)", "fitness": 0.0}
{"generation": 4, "position": 27, "parents": [13], "genome": "r(35,44) a(34,51) r(34,178) d(2) d(27)", "fitness": 0.0}
{"generation": 4, "position": 28, "parents": [19, 45], "genome": "r(1,49) d(35) d(34) r(27,1) r(25,46) d(28)", "fitness": 0.0}
{"generation": 4, "position": 29, "parents": [19, 45], "genome": "d(34) r(32,65) d(35) r(25,36) a(3,94)", "fitness": 0.0}
{"generation": 4, "position": 30, "parents": [19], "genome": "r(1,49) d(35) d(34) r(27,1) r(25,36) d(33)", "fitness": 0.0}
{"generation": 4, "position": 31, "parents": [45], "genome": "d(34) r(32,65) d(35) r(25,46) a(33,51)", "fitness": 0.0}
{"generation": 4, "position": 32, "parents": [30, 5], "genome": "d(34) r(32,65) d(35) r(1,65) a(31,47) d(35) r(34,82) d(28) r(33,32)", "fitness": 0.0}
{"generation": 4, "position": 33, "parents": [30, 5], "genome": "d(35) d(34)", "fitness": 4.0}
{"generation": 4, "position": 34, "parents": [30], "genome": "d(34) r(32,65) d(35) r(1,65) d(31)", "fitness": 0.0}
{"generation": 4, "position": 35, "parents": [5], "genome": "d(35) a(31,47) d(35) r(34,82) d(28) d(32)", "fitness": 0.0}
{"generation": 4, "position": 36, "parents": [12, 19], "genome": "r(35,77) d(28) a(27,54) r(34,60) r(27,1) r(25,36) a(1,36)", "fitness": 0.0}
{"generation": 4, "position": 37, "parents": [12, 19], "genome": "r(1,49) d(35) d(34) a(25,148)", "fitness": 0.0}
{"generation": 4, "position": 38, "parents": [12], "genome": "r(35,77) d(28) a(27,54) r(34,60) a(25,60)", "fitness": 0.0}
{"generation": 4, "position": 39, "parents": [19], "genome": "r(1,49) d(35) d(34) r(27,1) r(25,36) d(28)", "fitness": 0.0}
{"generation": 4, "position": 40, "parents": [64], "genome": "d(34) r(35,28) a(1,49) r(3,32) a(31,83)", "fitness": 0.0}
{"generation": 4, "position": 41, "parents": [53], "genome": "d(35) d(27) r(34,87) d(28) r(1,84)", "fitness": 0.0}
{"generation": 4, "position": 42, "parents": [56], "genome": "r(35,44) r(33,148) r(25,1) a(32,87)", "fitness": 0.0}
{"generation": 4, "position": 43, "parents": [54], "genome": "r(35,44) a(25,60) r(34,97)", "fitness": 0.0}
{"generation": 4, "position": 44, "parents": [25, 42], "genome": "r(34,164) d(35) d(27) r(32,65) r(35,32) r(31,49) a(1,28)", "fitness": 0.0}
{"generation": 4, "position": 45, "parents": [25, 42], "genome": "d(34) d(34) r(28,135) d(1) a(35,38)", "fitness": 0.0}
{"generation": 4, "position": 46, "parents": [25], "genome": "r(34,164) d(35) d(27) d(34) r(28,135) d(1) r(25,112)", "fitness": 0.0}
{"generation": 4, "position": 47, "parents": [42], "genome": "d(34) r(32,65) r(35,32) r(31,49) d(25)", "fitness": 0.0}
{"generation": 4, "position": 48, "parents": [61], "genome": "d(35) a(31,47) d(28) a(34,77) d(34)", "fitness": 0.0}
{"generation": 4, "position": 49, "parents": [61], "genome": "d(35) a(31,47) d(28) a(34,77) r(33,95)", "fitness": 0.0}
{"generation": 4, "position": 50, "parents": [39], "genome": "d(34) r(32,65) a(35,50) d(35) d(33)", "fitness": 0.0}
{"generation": 4, "position": 51, "parents": [18], "genome": "r(28,50) r(25,94) r(35,64) d(1) d(34)", "fitness": 0.0}
{"generation": 4, "position": 52, "parents": [55], "genome": "r(35,44) r(33,148) r(33,148) d(25) r(1,27)", "fitness": 0.0}
{"generation": 4, "position": 53, "parents": [14], "genome": "d(35) a(31,47) d(35) r(34,82) d(27) r(2,135) a(31,105) a(25,45)", "fitness": 0.0}
{"generation": 4, "position": 54, "parents": [57], "genome": "r(35,44) r(33,148) a(1,86) d(28)", "fitness": 0.0}
{"generation": 5, "position": 0, "parents": [11], "genome": "d(35) d(34) r(28,135) a(1,49) a(2,35) r(1,62)", "fitness": 0.0}
{"generation": 5, "position": 1, "parents": [18], "genome": "d(34) d(27) r(34,87) d(28) d(35) r(32,51)", "fitness": 0.0}
{"generation": 5, "position": 2, "parents": [42], "genome": "r(35,44) r(33,148) r(25,1) a(32,87) r(31,82)", "fitness": 0.0}
{"generation": 5, "position": 3, "parents": [12], "genome": "r(31,45) d(34) r(35,50) d(25) d(3) a(1,36)", "fitness": 0.0}
{"generation": 5, "position": 4, "parents": [45, 12], "genome": "d(34) d(34) r(28,135) d(1) a(35,38) a(32,86)", "fitness": 0.0}
{"generation": 5, "position": 5, "parents": [45, 12], "genome": "r(31,45) d(34) r(35,50) d(25) d(3) a(2,65)", "fitness": 0.0}
{"generation": 5, "position": 6, "parents": [45], "genome": "d(34) d(34) r(28,135) d(1) a(35,38) a(32,35)", "fitness": 0.0}
{"generation": 5, "position": 7, "parents": [12], "genome": "r(31,45) d(34) r(35,50) d(25) d(3) d(28)", "fitness": 0.0}
{"generation": 5, "position": 8, "parents": [37], "genome": "r(1,49) d(35) d(34) a(25,148) r(31,52)", "fitness": 0.0}
{"generation": 5, "position": 9, "parents": [51], "genome": "r(28,50) r(25,94) r(35,64) d(1) d(34) r(33,94)", "fitness": 0.0}
{"generation": 5, "position": 10, "parents": [48, 6], "genome": "d(35) a(31,47) d(28) a(34,77) d(27) r(34,87) d(28) r(32,112) a(25,99)", "fitness": 0.0}
{"generation": 5, "position": 11, "parents": [48, 6], "genome": "d(35) d(34) d(25)", "fitness": 4.0}
{"generation": 5, "position": 12, "parents": [48], "genome": "d(35) a(31,47) d(28) a(34,77) d(34) a(2,96)", "fitness": 0.0}
{"generation": 5, "position": 13, "parents": [6], "genome": "d(35) d(27) r(34,87) d(28) r(32,112) d(2)", "fitness": 0.0}
{"generation": 5, "position": 14, "parents": [1, 40], "genome": "d(34) r(32,65) d(35) d(34) r(35,50) r(3,32) a(31,83) r(31,32)", "fitness": 12.0}
{"generation": 5, "position": 15, "parents": [1, 40], "genome": "d(34) r(35,28) a(1,49) a(3,176) r(25,148) r(3,79)", "fitness": 0.0}
{"generation": 5, "position": 16, "parents": [1], "genome": "d(34) r(32,65) d(35) d(34) r(35,50) a(3,176) r(25,148) a(28,60)", "fitness": 0.0}
{"generation": 5, "position": 17, "parents": [40], "genome": "d(34) r(35,28) a(1,49) r(3,32) a(31,83) d(33)", "fitness": 0.0}
{"generation": 5, "position": 18, "parents": [55, 18], "genome": "d(35) d(27) r(2,135) d(34) r(31,99) d(28) d(35) a(25,86)", "fitness": 0.0}
{"generation": 5, "position": 19, "parents": [55, 18], "genome": "d(34) d(27) r(34,87) d(35)", "fitness": 4.0}
{"generation": 5, "position": 20, "parents": [55], "genome": "d(35) d(27) r(2,135) d(34) r(31,99) d(25)", "fitness": 0.0}
{"generation": 5, "position": 21, "parents": [18], "genome": "d(34) d(27) r(34,87) d(28) d(35) a(32,47)", "fitness": 0.0}
{"generation": 5, "position": 22, "parents": [40, 15], "genome": "d(34) r(35,28) d(34) a(32,1)", "fitness": 4.0}
{"generation": 5, "position": 23, "parents": [40, 15], "genome": "r(31,45) a(35,50) r(27,37) a(1,49) r(3,32) a(31,83) a(34,65)", "fitness": 0.0}
{"generation": 5, "position": 24, "parents": [40], "genome": "d(34) r(35,28) a(1,49) r(3,32) a(31,83) r(33,158)", "fitness": 0.0}
{"generation": 5, "position": 25, "parents": [15], "genome": "r(31,45) a(35,50) r(27,37) d(34) a(25,100)", "fitness": 0.0}
{"generation": 5, "position": 26, "parents": [25], "genome": "d(35) a(31,47) d(28) a(3,78) d(34) a(25,84)", "fitness": 0.0}
{"generation": 5, "position": 27, "parents": [16], "genome": "r(28,50) r(25,94) r(35,64) a(34,32) d(34) r(3,65)", "fitness": 0.0}
{"generation": 5, "position": 28, "parents": [27, 10], "genome": "r(35,44) a(34,51) r(34,178) d(2) d(27) r(32,65) r(35,32) r(31,49) d(1) d(28)", "fitness": 12.0}
{"generation": 5, "position": 29, "parents": [27, 10], "genome": "d(34) d(33)", "fitness": 4.0}
{"generation": 5, "position": 30, "parents": [27], "genome": "r(35,44) a(34,51) r(34,178) d(2) d(27) r(33,51)", "fitness": 0.0}
{"generation": 5, "position": 31, "parents": [10], "genome": "d(34) r(32,65) r(35,32) r(31,49) d(1) r(27,97)", "fitness": 0.0}
{"generation": 5, "position": 32, "parents": [4, 35], "genome": "d(34) r(35,28) a(1,49) r(3,32) r(34,82) d(28) d(32) d(27)", "fitness": 0.0}
{"generation": 5, "position": 33, "parents": [4, 35], "genome": "d(35) a(31,47) d(35) a(1,53) d(34)", "fitness": 0.0}
{"generation": 5, "position": 34, "parents": [4], "genome": "d(34) r(35,28) a(1,49) r(3,32) a(1,53) r(27,31)", "fitness": 0.0}
{"generation": 5, "position": 35, "parents": [35], "genome": "d(35) a(31,47) d(35) r(34,82) d(28) d(32) a(27,52)", "fitness": 0.0}
{"generation": 5, "position": 36, "parents": [12, 28], "genome": "r(31,45) d(34) d(35) d(34) r(27,1) r(25,46) d(28) d(3)", "fitness": 0.0}
{"generation": 5, "position": 37, "parents": [12, 28], "genome": "r(1,49) r(35,50) d(25) d(3) r(34,64)", "fitness": 0.0}
{"generation": 5, "position": 38, "parents": [12], "genome": "r(31,45) d(34) r(35,50) d(25) d(3) r(2,69)", "fitness": 0.0}
{"generation": 5, "position": 39, "parents": [28], "genome": "r(1,49) d(35) d(34) r(27,1) r(25,46) d(28) a(33,70)", "fitness": 0.0}
{"generation": 5, "position": 40, "parents": [27], "genome": "r(35,44) a(34,51) r(34,178) d(2) d(27) r(32,130)", "fitness": 0.0}
{"generation": 5, "position": 41, "parents": [17], "genome": "r(31,45) a(35,50) a(34,158) d(34) a(35,177)", "fitness": 0.0}
{"generation": 5, "position": 42, "parents": [46, 19], "genome": "r(34,164) d(35) d(27) d(35) r(27,78) d(2) d(28)", "fitness": 0.0}
{"generation": 5, "position": 43, "parents": [46, 19], "genome": "d(35) r(32,65) d(34) r(28,135) d(1) r(25,112) a(33,47)", "fitness": 0.0}
{"generation": 5, "position": 44, "parents": [46], "genome": "r(34,164) d(35) d(27) d(34) r(28,135) d(1) r(25,112) r(32,176)", "fitness": 0.0}
{"generation": 5, "position": 45, "parents": [19], "genome": "d(35) r(32,65) d(35) r(27,78) d(2) d(34)", "fitness": 0.0}
{"generation": 5, "position": 46, "parents": [0], "genome": "r(31,45) r(27,78) d(1) r(34,138)", "fitness": 0.0}
{"generation": 5, "position": 47, "parents": [30], "genome": "r(1,49) d(35) d(34) r(27,1) r(25,36) d(33) a(28,54)", "fitness": 0.0}
{"generation": 5, "position": 48, "parents": [4, 10], "genome": "d(34) r(35,28) d(1) r(32,164)", "fitness": 0.0}
{"generation": 5, "position": 49, "parents": [4, 10], "genome": "d(34) r(32,65) r(35,32) r(31,49) a(1,49) r(3,32) a(1,53) r(2,99)", "fitness": 0.0}
{"generation": 5, "position": 50, "parents": [4], "genome": "d(34) r(35,28) a(1,49) r(3,32) a(1,53) d(33)", "fitness": 0.0}
{"generation": 5, "position": 51, "parents": [10], "genome": "d(34) r(32,65) r(35,32) r(31,49) d(1) d(28)", "fitness": 0.0}
{"generation": 5, "position": 52, "parents": [3, 8], "genome": "d(34) r(32,65) a(1,49) a(35,52) d(35)", "fitness": 0.0}
{"generation": 5, "position": 53, "parents": [3, 8], "genome": "d(34) r(32,65) d(35) r(27,78) d(1) d(28)", "fitness": 0.0}
{"generation": 5, "position": 54, "parents": [3], "genome": "d(34) r(32,65) d(35) r(27,78) d(1) a(33,158)", "fitness": 0.0}
{"generation": 5, "position": 55, "parents": [8], "genome": "d(34) r(32,65) a(1,49) a(35,52) d(35)", "fitness": 0.0}
{"generation": 5, "position": 56, "parents": [28], "genome": "r(1,49) d(35) d(34) r(27,1) r(25,46) d(28) r(33,108)", "fitness": 0.0}
{"generation": 5, "position": 57, "parents": [13], "genome": "r(31,45) d(2) r(34,27) a(33,38) d(35)", "fitness": 0.0}
{"generation": 5, "position": 58, "parents": [4, 55], "genome": "d(34) r(35,28) a(1,49) r(3,32) a(1,53) r(31,99) r(1,134)", "fitness": 12.0}
{"generation": 5, "position": 59, "parents": [4, 55], "genome": "d(35) d(27) r(2,135) d(34) r(28,46)", "fitness": 0.0}
{"generation": 5, "position": 60, "parents": [4], "genome": "d(34) r(35,28) a(1,49) r(3,32) a(1,53) r(31,77)", "fitness": 0.0}
{"generation": 5, "position": 61, "parents": [55], "genome": "d(35) d(27) r(2,135) d(34) r(31,99) d(28)", "fitness": 0.0}
{"generation": 5, "position": 62, "parents": [27], "genome": "r(35,44) a(34,51) r(34,178) d(2) d(27) r(31,70)", "fitness": 0.0}
{"generation": 6, "position": 0, "parents": [6, 39], "genome": "d(34) d(34) r(28,135) d(1) d(28) a(33,70) d(33)", "fitness": 0.0}
{"generation": 6, "position": 1, "parents": [6, 39], "genome": "r(1,49) d(35) d(34) r(27,1) r(25,46) a(35,38) a(32,35) a(32,52)", "fitness": 0.0}
{"generation": 6, "position": 2, "parents": [6], "genome": "d(34) d(34) r(28,135) d(1) a(35,38) a(32,35) d(35)", "fitness": 0.0}
{"generation": 6, "position": 3, "parents": [39], "genome": "r(1,49) d(35) d(34) r(27,1) r(25,46) d(28) a(33,70) r(33,53)", "fitness": 0.0}
{"generation": 6, "position": 4, "parents": [23, 3], "genome": "r(31,45) a(35,50) r(27,37) a(1,49) r(3,32) a(31,83) r(35,50) d(25) d(3) a(1,36) a(34,130)", "fitness": 0.0}
{"generation": 6, "position": 5, "parents": [23, 3], "genome": "r(31,45) d(34) a(34,65) a(35,27)", "fitness": 0.0}
{"generation": 6, "position": 6, "parents": [23], "genome": "r(31,45) a(35,50) r(27,37) a(1,49) r(3,32) a(31,83) a(34,65) r(34,28)", "fitness": 0.0}
{"generation": 6, "position": 7, "parents": [3], "genome": "r(31,45) d(34) r(35,50) d(25) d(3) a(1,36) d(1)", "fitness": 0.0}
{"generation": 6, "position": 8, "parents": [59], "genome": "d(35) d(27) r(2,135) d(34) r(28,46) a(32,36)", "fitness": 0.0}
{"generation": 6, "position": 9, "parents": [33], "genome": "d(35) a(31,47) d(35) a(1,53) d(34) d(27)", "fitness": 0.0}
{"generation": 6, "position": 10, "parents": [62, 36], "genome": "r(35,44) d(34) r(27,1) r(25,46) d(28) d(3) r(33,170)", "fitness": 0.0}
{"generation": 6, "position": 11, "parents": [62, 36], "genome": "r(31,45) d(34) d(35) a(34,51) r(34,178) d(2) d(27) r(31,70) d(25)", "fitness": 0.0}
{"generation": 6, "position": 12, "parents": [62], "genome": "r(35,44) a(34,51) r(34,178) d(2) d(27) r(31,70) a(32,69)", "fitness": 0.0}
{"generation": 6, "position": 13, "parents": [36], "genome": "r(31,45) d(34) d(35) d(34) r(27,1) r(25,46) d(28) d(3) a(32,65)", "fitness": 0.0}
{"generation": 6, "position": 14, "parents": [0, 41], "genome": "d(35) d(34) r(28,135) a(1,49) a(2,35) a(35,177) r(32,51)", "fitness": 0.0}
{"generation": 6, "position": 15, "parents": [0, 41], "genome": "r(31,45) a(35,50) a(34,158) d(34) r(1,62) r(35,64)", "fitness": 0.0}
{"generation": 6, "position": 16, "parents": [0], "genome": "d(35) d(34) r(28,135) a(1,49) a(2,35) r(1,62) d(25)", "fitness": 0.0}
{"generation": 6, "position": 17, "parents": [41], "genome": "r(31,45) a(35,50) a(34,158) d(34) a(35,177) d(35)", "fitness": 0.0}
{"generation": 6, "position": 18, "parents": [18, 5], "genome": "d(35) d(27) r(2,135) d(34) r(31,99) d(28) d(35) a(25,86) a(25,164)", "fitness": 0.0}
{"generation": 6, "position": 19, "parents": [18, 5], "genome": "r(31,45) d(34) r(35,50) d(25) d(3) a(2,65) r(33,108)", "fitness": 0.0}
{"generation": 6, "position": 20, "parents": [18], "genome": "d(35) d(27) r(2,135) d(34) r(31,99) d(28) d(35) a(25,86) r(32,76)", "fitness": 0.0}
{"generation": 6, "position": 21, "parents": [5], "genome": "r(31,45) d(34) r(35,50) d(25) d(3) a(2,65) r(2,55)", "fitness": 0.0}
{"generation": 6, "position": 22, "parents": [63, 48], "genome": "r(31,45) d(2) r(32,164) r(35,62)", "fitness": 0.0}
{"generation": 6, "position": 23, "parents": [63, 48], "genome": "d(34) r(35,28) d(1) r(34,27) a(33,38) r(32,178) r(25,62)", "fitness": 12.0}
{"generation": 6, "position": 24, "parents": [63], "genome": "r(31,45) d(2) r(34,27) a(33,38) r(32,178) d(35)", "fitness": 0.0}
{"generation": 6, "position": 25, "parents": [48], "genome": "d(34) r(35,28) d(1) r(32,164) r(27,94)", "fitness": 0.0}
{"generation": 6, "position": 26, "parents": [53, 18], "genome": "d(34) r(32,65) d(35) r(27,78) d(1) r(31,99) d(28) d(35) a(25,86) r(33,138)", "fitness": 0.0}
{"generation": 6, "position": 27, "parents": [53, 18], "genome": "d(35) d(27) r(2,135) d(34) d(28) d(33)", "fitness": 0.0}
{"generation": 6, "position": 28, "parents": [53], "genome": "d(34) r(32,65) d(35) r(27,78) d(1) d(28) r(25,32)", "fitness": 0.0}
{"generation": 6, "position": 29, "parents": [18], "genome": "d(35) d(27) r(2,135) d(34) r(31,99) d(28) d(35) a(25,86) r(32,77)", "fitness": 0.0}
{"generation": 6, "position": 30, "parents": [5, 43], "genome": "r(31,45) d(34) r(35,50) d(25) r(28,135) d(1) r(25,112) a(33,47) d(33)", "fitness": 0.0}
{"generation": 6, "position": 31, "parents": [5, 43], "genome": "d(35) r(32,65) d(34) d(3) a(2,65) d(25)", "fitness": 0.0}
{"generation": 6, "position": 32, "parents": [5], "genome": "r(31,45) d(34) r(35,50) d(25) d(3) a(2,65) d(28)", "fitness": 0.0}
{"generation": 6, "position": 33, "parents": [43], "genome": "d(35) r(32,65) d(34) r(28,135) d(1) r(25,112) a(33,47) r(33,57)", "fitness": 0.0}
{"generation": 6, "position": 34, "parents": [26, 17], "genome": "d(35) a(31,47) d(28) a(3,78) d(34) a(31,83) d(33) a(27,80)", "fitness": 0.0}
{"generation": 6, "position": 35, "parents": [26, 17], "genome": "d(34) r(35,28) a(1,49) r(3,32) a(25,84) d(1)", "fitness": 0.0}
{"generation": 6, "position": 36, "parents": [26], "genome": "d(35) a(31,47) d(28) a(3,78) d(34) a(25,84) r(33,100)", "fitness": 0.0}
{"generation": 6, "position": 37, "parents": [17], "genome": "d(34) r(35,28) a(1,49) r(3,32) a(31,83) d(33) d(28)", "fitness": 0.0}
{"generation": 6, "position": 38, "parents": [59, 51], "genome": "d(35) d(27) r(35,32) r(31,49) d(1) d(28) r(34,64)", "fitness": 0.0}
{"generation": 6, "position": 39, "parents": [59, 51], "genome": "d(34) r(32,65) r(2,135) d(34) r(28,46) d(33)", "fitness": 0.0}
{"generation": 6, "position": 40, "parents": [59], "genome": "d(35) d(27) r(2,135) d(34) r(28,46) r(25,48)", "fitness": 0.0}
{"generation": 6, "position": 41, "parents": [51], "genome": "d(34) r(32,65) r(35,32) r(31,49) d(1) d(28) a(33,177)", "fitness": 0.0}
{"generation": 6, "position": 42, "parents": [41, 57], "genome": "r(31,45) a(35,50) a(34,158) d(34) d(2) r(34,27) a(33,38) d(35) a(1,176)", "fitness": 0.0}
{"generation": 6, "position": 43, "parents": [41, 57], "genome": "r(31,45) a(35,177) a(27,46)", "fitness": 0.0}
{"generation": 6, "position": 44, "parents": [41], "genome": "r(31,45) a(35,50) a(34,158) d(34) a(35,177) r(35,97)", "fitness": 0.0}
{"generation": 6, "position": 45, "parents": [57], "genome": "r(31,45) d(2) r(34,27) a(33,38) d(35) a(25,25)", "fitness": 0.0}
{"generation": 6, "position": 46, "parents": [7, 0], "genome": "r(31,45) d(34) r(35,50) d(25) d(3) r(1,62) a(33,33)", "fitness": 0.0}
{"generation": 6, "position": 47, "parents": [7, 0], "genome": "d(35) d(34) r(28,135) a(1,49) a(2,35) d(28) d(2)", "fitness": 0.0}
{"generation": 6, "position": 48, "parents": [7], "genome": "r(31,45) d(34) r(35,50) d(25) d(3) d(28) r(2,164)", "fitness": 0.0}
{"generation": 6, "position": 49, "parents": [0], "genome": "d(35) d(34) r(28,135) a(1,49) a(2,35) r(1,62) a(32,158)", "fitness": 0.0}
{"generation": 6, "position": 50, "parents": [3, 51], "genome": "r(31,45) d(34) r(35,50) d(25) d(3) r(31,49) d(1) d(28) a(32,34)", "fitness": 0.0}
{"generation": 6, "position": 51, "parents": [3, 51], "genome": "d(34) r(32,65) r(35,32) a(1,36) a(2,105)", "fitness": 4.0}
{"generation": 6, "position": 52, "parents": [3], "genome": "r(31,45) d(34) r(35,50) d(25) d(3) a(1,36) d(1)", "fitness": 0.0}
{"generation": 6, "position": 53, "parents": [51], "genome": "d(34) r(32,65) r(35,32) r(31,49) d(1) d(28) r(33,65)", "fitness": 0.0}
{"generation": 6, "position": 54, "parents": [8, 30], "genome": "r(1,49) a(34,51) r(34,178) d(2) d(27) r(33,51) r(28,94)", "fitness": 0.0}
{"generation": 6, "position": 55, "parents": [8, 30], "genome": "r(35,44) d(35) d(34) a(25,148) r(31,52) r(25,108)", "fitness": 0.0}
{"generation": 6, "position": 56, "parents": [8], "genome": "r(1,49) d(35) d(34) a(25,148) r(31,52) r(25,84)", "fitness": 0.0}
{"generation": 6, "position": 57, "parents": [30], "genome": "r(35,44) a(34,51) r(34,178) d(2) d(27) r(33,51) a(28,164)", "fitness": 0.0}
{"generation": 6, "position": 58, "parents": [44, 21], "genome": "r(34,164) d(35) d(35) a(32,47) d(28)", "fitness": 0.0}
{"generation": 6, "position": 59, "parents": [44, 21], "genome": "d(34) d(27) r(34,87) d(28) d(27) d(34) r(28,135) d(1) r(25,112) r(32,176) d(33)", "fitness": 0.0}
{"generation": 6, "position": 60, "parents": [44], "genome": "r(34,164) d(35) d(27) d(34) r(28,135) d(1) r(25,112) r(32,176) d(33)", "fitness": 0.0}
{"generation": 6, "position": 61, "parents": [21], "genome": "d(34) d(27) r(34,87) d(28) d(35) a(32,47) r(2,52)", "fitness": 0.0}
{"generation": 6, "position": 62, "parents": [15, 26], "genome": "d(34) a(3,78) d(34) a(25,84) a(35,28)", "fitness": 4.0}
{"generation": 6, "position": 63, "parents": [15, 26], "genome": "d(35) a(31,47) d(28) r(35,28) a(1,49) a(3,176) r(25,148) r(3,79) r(34,35)", "fitness": 0.0}
{"generation": 6, "position": 64, "parents": [15], "genome": "d(34) r(35,28) a(1,49) a(3,176) r(25,148) r(3,79) a(31,35)", "fitness": 0.0}
{"generation": 6, "position": 65, "parents": [26], "genome": "d(35) a(31,47) d(28) a(3,78) d(34) a(25,84) r(3,158)", "fitness": 0.0}
{"generation": 6, "position": 66, "parents": [46], "genome": "r(31,45) r(27,78) d(1) r(34,138) a(28,54)", "fitness": 0.0}
{"generation": 6, "position": 67, "parents": [17], "genome": "d(34) r(35,28) a(1,49) r(3,32) a(31,83) d(33) r(27,44)", "fitness": 0.0}
{"generation": 6, "position": 68, "parents": [33], "genome": "d(35) a(31,47) d(35) a(1,53) d(34) r(1,53)", "fitness": 0.0}
{"generation": 6, "position": 69, "parents": [1], "genome": "d(34) d(27) r(34,87) d(28) d(35) r(32,51) r(3,170)", "fitness": 12.0}
{"generation": 6, "position": 70, "parents": [62, 41], "genome": "r(35,44) a(34,51) r(34,178) d(2) d(31)", "fitness": 0.0}
{"generation": 6, "position": 71, "parents": [62, 41], "genome": "r(31,45) a(35,50) a(34,158) d(34) a(35,177) d(27) r(31,70) a(35,28)", "fitness": 0.0}
{"generation": 6, "position": 72, "parents": [62], "genome": "r(35,44) a(34,51) r(34,178) d(2) d(27) r(31,70) a(33,105)", "fitness": 0.0}
{"generation": 7, "position": 0, "parents": [9], "genome": "d(35) a(31,47) d(35) a(1,53) d(34) d(27) d(1)", "fitness": 0.0}
{"generation": 7, "position": 1, "parents": [34], "genome": "d(35) a(31,47) d(28) a(3,78) d(34) a(31,83) d(33) a(27,80) r(1,25)", "fitness": 0.0}
{"generation": 7, "position": 2, "parents": [40, 7], "genome": "d(35) d(27) r(2,135) d(34) a(1,36) d(1) d(32)", "fitness": 0.0}
{"generation": 7, "position": 3, "parents": [40, 7], "genome": "r(31,45) d(34) r(35,50) d(25) d(3) r(28,46) r(25,48) d(2)", "fitness": 0.0}
{"generation": 7, "position": 4, "parents": [40], "genome": "d(35) d(27) r(2,135) d(34) r(28,46) r(25,48) d(1)", "fitness": 0.0}
{"generation": 7, "position": 5, "parents": [7], "genome": "r(31,45) d(34) r(35,50) d(25) d(3) a(1,36) d(1) d(33)", "fitness": 0.0}
{"generation": 7, "position": 6, "parents": [73, 67], "genome": "r(31,45) a(35,50) a(31,83) d(33) r(27,44) r(28,37)", "fitness": 0.0}
{"generation": 7, "position": 7, "parents": [73, 67], "genome": "d(34) r(35,28) a(1,49) r(3,32) a(34,158) d(34) a(35,177) a(35,44) a(32,78)", "fitness": 0.0}
{"generation": 7, "position": 8, "parents": [73], "genome": "r(31,45) a(35,50) a(34,158) d(34) a(35,177) a(35,44) a(35,28)", "fitness": 0.0}
{"generation": 7, "position": 9, "parents": [67], "genome": "d(34) r(35,28) a(1,49) r(3,32) a(31,83) d(33) r(27,44) d(2)", "fitness": 0.0}
{"generation": 7, "position": 10, "parents": [49], "genome": "d(35) d(34) r(28,135) a(1,49) a(2,35) r(1,62) a(32,158) d(27)", "fitness": 0.0}
{"generation": 7, "position": 11, "parents": [9], "genome": "d(35) a(31,47) d(35) a(1,53) d(34) d(27) d(25)", "fitness": 0.0}
{"generation": 7, "position": 12, "parents": [10, 16], "genome": "r(35,44) a(1,49) a(2,35) r(1,62) d(25) r(32,135)", "fitness": 0.0}
{"generation": 7, "position": 13, "parents": [10, 16], "genome": "d(35) d(34) r(28,135) d(34) r(27,1) r(25,46) d(28) d(3) r(33,170) r(1,48)", "fitness": 0.0}
{"generation": 7, "position": 14, "parents": [10], "genome": "r(35,44) d(34) r(27,1) r(25,46) d(28) d(3) r(33,170) a(32,28)", "fitness": 0.0}
{"generation": 7, "position": 15, "parents": [16], "genome": "d(35) d(34) r(28,135) a(1,49) a(2,35) r(1,62) d(25) a(32,135)", "fitness": 0.0}
{"generation": 7, "position": 16, "parents": [11], "genome": "r(31,45) d(34) d(35) a(34,51) r(34,178) d(2) d(27) r(31,70) d(25) a(28,52)", "fitness": 0.0}
{"generation": 7, "position": 17, "parents": [50], "genome": "r(31,45) d(34) r(35,50) d(25) d(3) r(31,49) d(1) d(28) a(32,34) a(32,86)", "fitness": 0.0}
{"generation": 7, "position": 18, "parents": [59], "genome": "d(34) d(27) r(34,87) d(28) d(27) d(34) r(28,135) d(1) r(25,112) r(32,176) d(33)", "fitness": 0.0}
{"generation": 7, "position": 19, "parents": [19], "genome": "r(31,45) d(34) r(35,50) d(25) d(3) a(2,65) r(33,108) a(2,65)", "fitness": 0.0}
{"generation": 7, "position": 20, "parents": [56, 32], "genome": "r(1,49) d(35) d(34) a(25,148) d(25) d(3) a(2,65) d(28) r(32,100)", "fitness": 0.0}
{"generation": 7, "position": 21, "parents": [56, 32], "genome": "r(31,45) d(34) r(35,50) r(31,52) r(25,84) d(32)", "fitness": 0.0}
{"generation": 7, "position": 22, "parents": [56], "genome": "r(1,49) d(35) d(34) a(25,148) r(31,52) r(25,84) r(28,87)", "fitness": 0.0}
{"generation": 7, "position": 23, "parents": [32], "genome": "r(31,45) d(34) r(35,50) d(25) d(3) a(2,65) d(28) a(1,86)", "fitness": 0.0}
{"generation": 7, "position": 24, "parents": [45], "genome": "r(31,45) d(2) r(34,27) a(33,38) d(35) a(25,25) a(1,60)", "fitness": 0.0}
{"generation": 7, "position": 25, "parents": [29], "genome": "d(35) d(27) r(2,135) d(34) r(31,99) d(28) d(35) a(25,86) r(32,77) d(1)", "fitness": 0.0}
{"generation": 7, "position": 26, "parents": [60, 41], "genome": "r(34,164) d(35) d(27) d(34) r(28,135) d(1) r(32,65) r(35,32) r(31,49) d(1) d(28) a(33,177) r(33,84)", "fitness": 0.0}
{"generation": 7, "position": 27, "parents": [60, 41], "genome": "d(34) r(25,112) r(32,176) d(33) d(2)", "fitness": 0.0}
{"generation": 7, "position": 28, "parents": [60], "genome": "r(34,164) d(35) d(27) d(34) r(28,135) d(1) r(25,112) r(32,176) d(33)", "fitness": 0.0}
{"generation": 7, "position": 29, "parents": [41], "genome": "d(34) r(32,65) r(35,32) r(31,49) d(1) d(28) a(33,177) d(25)", "fitness": 0.0}
{"generation": 7, "position": 30, "parents": [52], "genome": "r(31,45) d(34) r(35,50) d(25) d(3) a(1,36) d(1) d(33)", "fitness": 0.0}
{"generation": 7, "position": 31, "parents": [25], "genome": "d(34) r(35,28) d(1) r(32,164) r(27,94) a(31,82)", "fitness": 0.0}
{"generation": 7, "position": 32, "parents": [16], "genome": "d(35) d(34) r(28,135) a(1,49) a(2,35) r(1,62) d(25) a(32,164)", "fitness": 0.0}
{"generation": 7, "position": 33, "parents": [21], "genome": "r(31,45) d(34) r(35,50) d(25) d(3) a(2,65) r(2,55) d(28)", "fitness": 0.0}
{"generation": 7, "position": 34, "parents": [56, 43], "genome": "r(1,49) d(35) d(34) a(25,148) r(31,52) a(35,177) a(27,46) d(32)", "fitness": 0.0}
{"generation": 7, "position": 35, "parents": [56, 43], "genome": "r(31,45) r(25,84) d(3)", "fitness": 0.0}
{"generation": 7, "position": 36, "parents": [56], "genome": "r(1,49) d(35) d(34) a(25,148) r(31,52) r(25,84) r(28,86)", "fitness": 0.0}
{"generation": 7, "position": 37, "parents": [43], "genome": "r(31,45) a(35,177) a(27,46) a(34,53)", "fitness": 0.0}
{"generation": 7, "position": 38, "parents": [72], "genome": "r(35,44) a(34,51) r(34,178) d(2) d(27) r(31,70) a(33,105) a(32,177)", "fitness": 0.0}
{"generation": 7, "position": 39, "parents": [27], "genome": "d(35) d(27) r(2,135) d(34) d(28) d(33) r(32,170)", "fitness": 0.0}
{"generation": 7, "position": 40, "parents": [43], "genome": "r(31,45) a(35,177) a(27,46) d(1)", "fitness": 0.0}
{"generation": 7, "position": 41, "parents": [35], "genome": "d(34) r(35,28) a(1,49) r(3,32) a(25,84) d(1) d(27)", "fitness": 0.0}
{"generation": 7, "position": 42, "parents": [34], "genome": "d(35) a(31,47) d(28) a(3,78) d(34) a(31,83) d(33) a(27,80) a(3,170)", "fitness": 0.0}
{"generation": 7, "position": 43, "parents": [73], "genome": "r(31,45) a(35,50) a(34,158) d(34) a(35,177) a(35,44) r(35,51)", "fitness": 0.0}
{"generation": 7, "position": 44, "parents": [73, 50], "genome": "r(31,45) a(35,50) a(34,158) d(28) a(32,34) r(35,37)", "fitness": 0.0}
{"generation": 7, "position": 45, "parents": [73, 50], "genome": "r(31,45) d(34) r(35,50) d(25) d(3) r(31,49) d(1) d(34) a(35,177) a(35,44) d(32)", "fitness": 0.0}
{"generation": 7, "position": 46, "parents": [73], "genome": "r(31,45) a(35,50) a(34,158) d(34) a(35,177) a(35,44) r(25,36)", "fitness": 0.0}
{"generation": 7, "position": 47, "parents": [50], "genome": "r(31,45) d(34) r(35,50) d(25) d(3) r(31,49) d(1) d(28) a(32,34) r(32,38)", "fitness": 0.0}
{"generation": 7, "position": 48, "parents": [39, 24], "genome": "d(34) r(32,65) r(35,83)", "fitness": 0.0}
{"generation": 7, "position": 49, "parents": [39, 24], "genome": "r(31,45) d(2) r(34,27) a(33,38) r(32,178) d(35) r(2,135) d(34) r(28,46) d(33) a(27,148)", "fitness": 0.0}
{"generation": 7, "position": 50, "parents": [39], "genome": "d(34) r(32,65) r(2,135) d(34) r(28,46) d(33) r(27,31)", "fitness": 0.0}
{"generation": 7, "position": 51, "parents": [24], "genome": "r(31,45) d(2) r(34,27) a(33,38) r(32,178) d(35) d(33)", "fitness": 0.0}
{"generation": 7, "position": 52, "parents": [64, 9], "genome": "d(34) r(35,28) a(1,49) r(28,62)", "fitness": 0.0}
{"generation": 7, "position": 53, "parents": [64, 9], "genome": "d(35) a(31,47) d(35) a(1,53) d(34) d(27) a(3,176) r(25,148) r(3,79) a(31,35) a(1,60)", "fitness": 0.0}
{"generation": 7, "position": 54, "parents": [64], "genome": "d(34) r(35,28) a(1,49) a(3,176) r(25,148) r(3,79) a(31,35) a(2,53)", "fitness": 0.0}
{"generation": 7, "position": 55, "parents": [9], "genome": "d(35) a(31,47) d(35) a(1,53) d(34) d(27) d(32)", "fitness": 0.0}
{"generation": 7, "position": 56, "parents": [26, 72], "genome": "d(34) r(32,65) r(31,70) a(33,105) d(35)", "fitness": 12.0}
{"generation": 7, "position": 57, "parents": [26, 72], "genome": "r(35,44) a(34,51) r(34,178) d(2) d(27) d(35) r(27,78) d(1) r(31,99) d(28) d(35) a(25,86) r(33,138) r(32,62)", "fitness": 0.0}
{"generation": 7, "position": 58, "parents": [26], "genome": "d(34) r(32,65) d(35) r(27,78) d(1) r(31,99) d(28) d(35) a(25,86) r(33,138) d(25)", "fitness": 0.0}
{"generation": 8, "position": 0, "parents": [18], "genome": "d(34) d(27) r(34,87) d(28) d(27) d(34) r(28,135) d(1) r(25,112) r(32,176) d(33)", "fitness": 0.0}
{"generation": 8, "position": 1, "parents": [50], "genome": "d(34) r(32,65) r(2,135) d(34) r(28,46) d(33) r(27,31) a(25,69)", "fitness": 0.0}
{"generation": 8, "position": 2, "parents": [5, 4], "genome": "r(31,45) d(34) r(35,50) d(25) d(3) a(1,36) d(1) d(27) r(2,135) d(34) r(28,46) r(25,48) d(1) r(33,148)", "fitness": 0.0}
{"generation": 8, "position": 3, "parents": [5, 4], "genome": "d(35) d(33) d(25)", "fitness": 4.0}
{"generation": 8, "position": 4, "parents": [5], "genome": "r(31,45) d(34) r(35,50) d(25) d(3) a(1,36) d(1) d(33) r(28,52)", "fitness": 0.0}
{"generation": 8, "position": 5, "parents": [4], "genome": "d(35) d(27) r(2,135) d(34) r(28,46) r(25,48) d(1) r(33,164)", "fitness": 0.0}
{"generation": 8, "position": 6, "parents": [43], "genome": "r(31,45) a(35,50) a(34,158) d(34) a(35,177) a(35,44) r(35,51) d(28)", "fitness": 0.0}
{"generation": 8, "position": 7, "parents": [7], "genome": "d(34) r(35,28) a(1,49) r(3,32) a(34,158) d(34) a(35,177) a(35,44) a(32,78) r(28,80)", "fitness": 0.0}
{"generation": 8, "position": 8, "parents": [10, 54], "genome": "d(35) d(34) r(28,135) a(1,49) a(2,35) a(2,53) d(25)", "fitness": 0.0}
{"generation": 8, "position": 9, "parents": [10, 54], "genome": "d(34) r(35,28) a(1,49) a(3,176) r(25,148) r(3,79) a(31,35) r(1,62) a(32,158) d(27) d(31)", "fitness": 0.0}
{"generation": 8, "position": 10, "parents": [10], "genome": "d(35) d(34) r(28,135) a(1,49) a(2,35) r(1,62) a(32,158) d(27) d(32)", "fitness": 0.0}
{"generation": 8, "position": 11, "parents": [54], "genome": "d(34) r(35,28) a(1,49) a(3,176) r(25,148) r(3,79) a(31,35) a(2,53) a(31,82)", "fitness": 0.0}
{"generation": 8, "position": 12, "parents": [34, 1], "genome": "r(1,49) a(3,78) d(34) a(31,83) d(33) a(27,80) r(1,25) r(27,78)", "fitness": 0.0}
{"generation": 8, "position": 13, "parents": [34, 1], "genome": "d(35) a(31,47) d(28) d(35) d(34) a(25,148) r(31,52) a(35,177) a(27,46) d(32) a(27,62)", "fitness": 0.0}
{"generation": 8, "position": 14, "parents": [34], "genome": "r(1,49) d(35) d(34) a(25,148) r(31,52) a(35,177) a(27,46) d(32) d(25)", "fitness": 0.0}
{"generation": 8, "position": 15, "parents": [1], "genome": "d(35) a(31,47) d(28) a(3,78) d(34) a(31,83) d(33) a(27,80) r(1,25) r(25,95)", "fitness": 0.0}
{"generation": 8, "position": 16, "parents": [38, 50], "genome": "r(35,44) a(34,51) r(34,178) d(2) r(2,135) d(34) r(28,46) d(33) r(27,31) a(1,36)", "fitness": 0.0}
{"generation": 8, "position": 17, "parents": [38, 50], "genome": "d(34) r(32,65) d(27) r(31,70) a(33,105) a(32,177) r(35,57)", "fitness": 12.0}
{"generation": 8, "position": 18, "parents": [38], "genome": "r(35,44) a(34,51) r(34,178) d(2) d(27) r(31,70) a(33,105) a(32,177) d(32)", "fitness": 0.0}
{"generation": 8, "position": 19, "parents": [50], "genome": "d(34) r(32,65) r(2,135) d(34) r(28,46) d(33) r(27,31) d(1)", "fitness": 0.0}
{"generation": 8, "position": 20, "parents": [49], "genome": "r(31,45) d(2) r(34,27) a(33,38) r(32,178) d(35) r(2,135) d(34) r(28,46) d(33) a(27,148) r(27,38)", "fitness": 0.0}
{"generation": 8, "position": 21, "parents": [57], "genome": "r(35,44) a(34,51) r(34,178) d(2) d(27) d(35) r(27,78) d(1) r(31,99) d(28) d(35) a(25,86) r(33,138) r(32,62) d(25)", "fitness": 0.0}
{"generation": 8, "position": 22, "parents": [1], "genome": "d(35) a(31,47) d(28) a(3,78) d(34) a(31,83) d(33) a(27,80) r(1,25) d(27)", "fitness": 0.0}
{"generation": 8, "position": 23, "parents": [0], "genome": "d(35) a(31,47) d(35) a(1,53) d(34) d(27) d(1) a(25,47)", "fitness": 0.0}
{"generation": 8, "position": 24, "parents": [8, 42], "genome": "r(31,45) a(35,50) a(34,158) d(34) a(35,177) a(35,44) d(33) a(27,80) a(3,170) d(3)", "fitness": 12.0}
{"generation": 8, "position": 25, "parents": [8, 42], "genome": "d(35) a(31,47) d(28) a(3,78) d(34) a(31,83) a(35,28) r(25,108)", "fitness": 0.0}
{"generation": 8, "position": 26, "parents": [8], "genome": "r(31,45) a(35,50) a(34,158) d(34) a(35,177) a(35,44) a(35,28) a(35,54)", "fitness": 0.0}
{"generation": 8, "position": 27, "parents": [42], "genome": "d(35) a(31,47) d(28) a(3,78) d(34) a(31,83) d(33) a(27,80) a(3,170) d(2)", "fitness": 0.0}
{"generation": 8, "position": 28, "parents": [38, 21], "genome": "r(35,44) a(34,51) r(34,178) d(2) d(27) r(31,70) r(35,50) r(31,52) r(25,84) d(32) r(33,34)", "fitness": 0.0}
{"generation": 8, "position": 29, "parents": [38, 21], "genome": "r(31,45) d(34) a(33,105) a(32,177) a(27,69)", "fitness": 0.0}
{"generation": 8, "position": 30, "parents": [38], "genome": "r(35,44) a(34,51) r(34,178) d(2) d(27) r(31,70) a(33,105) a(32,177) a(33,105)", "fitness": 0.0}
{"generation": 8, "position": 31, "parents": [21], "genome": "r(31,45) d(34) r(35,50) r(31,52) r(25,84) d(32) r(3,178)", "fitness": 12.0}
{"generation": 8, "position": 32, "parents": [12], "genome": "r(35,44) a(1,49) a(2,35) r(1,62) d(25) r(32,135) d(28)", "fitness": 0.0}
{"generation": 8, "position": 33, "parents": [54], "genome": "d(34) r(35,28) a(1,49) a(3,176) r(25,148) r(3,79) a(31,35) a(2,53) r(28,33)", "fitness": 0.0}
{"generation": 8, "position": 34, "parents": [41], "genome": "d(34) r(35,28) a(1,49) r(3,32) a(25,84) d(1) d(27) a(33,31)", "fitness": 0.0}
{"generation": 8, "position": 35, "parents": [32], "genome": "d(35) d(34) r(28,135) a(1,49) a(2,35) r(1,62) d(25) a(32,164) r(32,37)", "fitness": 0.0}
{"generation": 8, "position": 36, "parents": [24, 39], "genome": "r(31,45) d(2) r(34,27) a(33,38) r(2,135) d(34) d(28) d(33) r(32,170) r(25,177)", "fitness": 0.0}
{"generation": 8, "position": 37, "parents": [24, 39], "genome": "d(35) d(27) d(35) a(25,25) a(1,60) a(25,70)", "fitness": 0.0}
{"generation": 8, "position": 38, "parents": [24], "genome": "r(31,45) d(2) r(34,27) a(33,38) d(35) a(25,25) a(1,60) d(25)", "fitness": 0.0}
{"generation": 8, "position": 39, "parents": [39], "genome": "d(35) d(27) r(2,135) d(34) d(28) d(33) r(32,170) r(25,94)", "fitness": 0.0}
{"generation": 8, "position": 40, "parents": [50], "genome": "d(34) r(32,65) r(2,135) d(34) r(28,46) d(33) r(27,31) a(25,54)", "fitness": 0.0}
{"generation": 8, "position": 41, "parents": [52], "genome": "d(34) r(35,28) a(1,49) r(28,62) r(25,46)", "fitness": 0.0}
{"generation": 8, "position": 42, "parents": [44], "genome": "r(31,45) a(35,50) a(34,158) d(28) a(32,34) r(35,37) r(25,51)", "fitness": 0.0}
{"generation": 8, "position": 43, "parents": [41], "genome": "d(34) r(35,28) a(1,49) r(3,32) a(25,84) d(1) d(27) r(25,99)", "fitness": 0.0}
{"generation": 8, "position": 44, "parents": [52, 22], "genome": "d(34) r(35,28) a(1,49) r(25,84) r(28,87) r(1,54)", "fitness": 0.0}
{"generation": 8, "position": 45, "parents": [52, 22], "genome": "r(1,49) d(35) d(34) a(25,148) r(31,52) r(28,62) d(27)", "fitness": 0.0}
{"generation": 8, "position": 46, "parents": [52], "genome": "d(34) r(35,28) a(1,49) r(28,62) d(3)", "fitness": 0.0}
{"generation": 8, "position": 47, "parents": [22], "genome": "r(1,49) d(35) d(34) a(25,148) r(31,52) r(25,84) r(28,87) r(32,87)", "fitness": 0.0}
{"generation": 8, "position": 48, "parents": [53], "genome": "d(35) a(31,47) d(35) a(1,53) d(34) d(27) a(3,176) r(25,148) r(3,79) a(31,35) a(1,60) d(33)", "fitness": 0.0}
{"generation": 8, "position": 49, "parents": [41], "genome": "d(34) r(35,28) a(1,49) r(3,32) a(25,84) d(1) d(27) d(32)", "fitness": 0.0}
{"generation": 8, "position": 50, "parents": [51], "genome": "r(31,45) d(2) r(34,27) a(33,38) r(32,178) d(35) d(33) d(27)", "fitness": 0.0}
{"generation": 8, "position": 51, "parents": [10], "genome": "d(35) d(34) r(28,135) a(1,49) a(2,35) r(1,62) a(32,158) d(27) a(33,33)", "fitness": 0.0}
{"generation": 8, "position": 52, "parents": [40], "genome": "r(31,45) a(35,177) a(27,46) d(1) r(34,46)", "fitness": 0.0}
{"generation": 8, "position": 53, "parents": [12], "genome": "r(35,44) a(1,49) a(2,35) r(1,62) d(25) r(32,135) r(34,134)", "fitness": 0.0}
{"generation": 8, "position": 54, "parents": [31], "genome": "d(34) r(35,28) d(1) r(32,164) r(27,94) a(31,82) a(28,82)", "fitness": 0.0}
{"generation": 9, "position": 0, "parents": [48], "genome": "d(35) a(31,47) d(35) a(1,53) d(34) d(27) a(3,176) r(25,148) r(3,79) a(31,35) a(1,60) d(33) r(32,112)", "fitness": 0.0}
{"generation": 9, "position": 1, "parents": [7], "genome": "d(34) r(35,28) a(1,49) r(3,32) a(34,158) d(34) a(35,177) a(35,44) a(32,78) r(28,80) r(1,99)", "fitness": 0.0}
{"generation": 9, "position": 2, "parents": [12], "genome": "r(1,49) a(3,78) d(34) a(31,83) d(33) a(27,80) r(1,25) r(27,78) d(25)", "fitness": 0.0}
{"generation": 9, "position": 3, "parents": [54], "genome": "d(34) r(35,28) d(1) r(32,164) r(27,94) a(31,82) a(28,82) d(31)", "fitness": 0.0}
{"generation": 9, "position": 4, "parents": [22], "genome": "d(35) a(31,47) d(28) a(3,78) d(34) a(31,83) d(33) a(27,80) r(1,25) d(27) r(32,130)", "fitness": 0.0}
{"generation": 9, "position": 5, "parents": [26], "genome": "r(31,45) a(35,50) a(34,158) d(34) a(35,177) a(35,44) a(35,28) a(35,54) d(35)", "fitness": 0.0}
{"generation": 9, "position": 6, "parents": [15, 25], "genome": "d(35) a(31,47) d(28) a(3,78) d(34) a(31,83) d(28) a(3,78) d(34) a(31,83) a(35,28) r(25,108) a(1,100)", "fitness": 0.0}
{"generation": 9, "position": 7, "parents": [15, 25], "genome": "d(35) a(31,47) d(33) a(27,80) r(1,25) r(25,95) r(28,82)", "fitness": 0.0}
{"generation": 9, "position": 8, "parents": [15], "genome": "d(35) a(31,47) d(28) a(3,78) d(34) a(31,83) d(33) a(27,80) r(1,25) r(25,95) r(32,99)", "fitness": 0.0}
{"generation": 9, "position": 9, "parents": [25], "genome": "d(35) a(31,47) d(28) a(3,78) d(34) a(31,83) a(35,28) r(25,108) d(33)", "fitness": 0.0}
{"generation": 9, "position": 10, "parents": [1, 6], "genome": "d(34) a(35,44) r(35,51) d(28) a(32,65)", "fitness": 0.0}
{"generation": 9, "position": 11, "parents": [1, 6], "genome": "r(31,45) a(35,50) a(34,158) d(34) a(35,177) r(32,65) r(2,135) d(34) r(28,46) d(33) r(27,31) a(25,69) a(25,148)", "fitness": 0.0}
{"generation": 9, "position": 12, "parents": [1], "genome": "d(34) r(32,65) r(2,135) d(34) r(28,46) d(33) r(27,31) a(25,69) d(25)", "fitness": 0.0}
{"generation": 9, "position": 13, "parents": [6], "genome": "r(31,45) a(35,50) a(34,158) d(34) a(35,177) a(35,44) r(35,51) d(28) r(33,77)", "fitness": 0.0}
{"generation": 9, "position": 14, "parents": [38, 4], "genome": "r(31,45) d(2) r(34,27) a(33,38) d(35) a(25,25) a(1,60) d(25) r(35,50) d(25) d(3) a(1,36) d(1) d(33) r(28,52) r(32,134)", "fitness": 0.0}
{"generation": 9, "position": 15, "parents": [38, 4], "genome": "r(31,45) d(34) r(35,54)", "fitness": 0.0}
{"generation": 9, "position": 16, "parents": [38], "genome": "r(31,45) d(2) r(34,27) a(33,38) d(35) a(25,25) a(1,60) d(25) r(33,70)", "fitness": 0.0}
{"generation": 9, "position": 17, "parents": [4], "genome": "r(31,45) d(34) r(35,50) d(25) d(3) a(1,36) d(1) d(33) r(28,52) a(32,46)", "fitness": 0.0}
{"generation": 9, "position": 18, "parents": [11, 6], "genome": "d(34) r(35,28) a(1,49) a(3,176) r(25,148) a(28,164)", "fitness": 0.0}
{"generation": 9, "position": 19, "parents": [11, 6], "genome": "r(31,45) a(35,50) a(34,158) d(34) a(35,177) a(35,44) r(35,51) d(28) r(3,79) a(31,35) a(2,53) a(31,82) a(25,77)", "fitness": 0.0}
{"generation": 9, "position": 20, "parents": [11], "genome": "d(34) r(35,28) a(1,49) a(3,176) r(25,148) r(3,79) a(31,35) a(2,53) a(31,82) a(2,105)", "fitness": 12.0}
{"generation": 9, "position": 21, "parents": [6], "genome": "r(31,45) a(35,50) a(34,158) d(34) a(35,177) a(35,44) r(35,51) d(28) d(2)", "fitness": 0.0}
{"generation": 9, "position": 22, "parents": [44, 50], "genome": "d(34) r(35,28) d(33) d(27) a(2,112)", "fitness": 4.0}
{"generation": 9, "position": 23, "parents": [44, 50], "genome": "r(31,45) d(2) r(34,27) a(33,38) r(32,178) d(35) a(1,49) r(25,84) r(28,87) r(1,54) d(33)", "fitness": 0.0}
{"generation": 9, "position": 24, "parents": [44], "genome": "d(34) r(35,28) a(1,49) r(25,84) r(28,87) r(1,54) d(32)", "fitness": 0.0}
{"generation": 9, "position": 25, "parents": [50], "genome": "r(31,45) d(2) r(34,27) a(33,38) r(32,178) d(35) d(33) d(27) r(1,46)", "fitness": 0.0}
{"generation": 9, "position": 26, "parents": [20, 4], "genome": "r(31,45) d(2) r(34,27) a(33,38) r(32,178) d(35) r(2,135) d(34) r(28,46) a(1,36) d(1) d(33) r(28,52) r(27,48)", "fitness": 0.0}
{"generation": 9, "position": 27, "parents": [20, 4], "genome": "r(31,45) d(34) r(35,50) d(25) d(3) d(33) a(27,148) r(27,38) r(1,135)", "fitness": 0.0}
{"generation": 9, "position": 28, "parents": [20], "genome": "r(31,45) d(2) r(34,27) a(33,38) r(32,178) d(35) r(2,135) d(34) r(28,46) d(33) a(27,148) r(27,38) a(1,87)", "fitness": 0.0}
{"generation": 9, "position": 29, "parents": [4], "genome": "r(31,45) d(34) r(35,50) d(25) d(3) a(1,36) d(1) d(33) r(28,52) a(32,80)", "fitness": 0.0}
{"generation": 9, "position": 30, "parents": [15, 38], "genome": "d(35) a(31,47) d(28) a(1,60) d(25) d(34)", "fitness": 0.0}
{"generation": 9, "position": 31, "parents": [15, 38], "genome": "r(31,45) d(2) r(34,27) a(33,38) d(35) a(25,25) a(3,78) d(34) a(31,83) d(33) a(27,80) r(1,25) r(25,95) a(32,177)", "fitness": 0.0}
{"generation": 9, "position": 32, "parents": [15], "genome": "d(35) a(31,47) d(28) a(3,78) d(34) a(31,83) d(33) a(27,80) r(1,25) r(25,95) r(32,53)", "fitness": 0.0}
{"generation": 9, "position": 33, "parents": [38], "genome": "r(31,45) d(2) r(34,27) a(33,38) d(35) a(25,25) a(1,60) d(25) d(32)", "fitness": 0.0}
{"generation": 9, "position": 34, "parents": [18, 55], "genome": "r(35,44) a(34,51) r(34,178) d(2) d(27) r(31,70) a(35,177) a(27,46) d(1) r(35,170) a(28,130)", "fitness": 12.0}
{"generation": 9, "position": 35, "parents": [18, 55], "genome": "r(31,45) a(33,105) a(32,177) d(32) d(35)", "fitness": 0.0}
{"generation": 9, "position": 36, "parents": [18], "genome": "r(35,44) a(34,51) r(34,178) d(2) d(27) r(31,70) a(33,105) a(32,177) d(32) r(28,86)", "fitness": 0.0}
{"generation": 9, "position": 37, "parents": [55], "genome": "r(31,45) a(35,177) a(27,46) d(1) r(35,170) d(28)", "fitness": 0.0}
{"generation": 9, "position": 38, "parents": [18, 49], "genome": "r(35,44) a(34,51) r(34,178) d(2) d(27) r(31,70) a(33,105) a(32,177) d(32) a(25,84) d(1) d(27) d(32) d(25)", "fitness": 12.0}
{"generation": 9, "position": 39, "parents": [18, 49], "genome": "d(34) r(35,28) a(1,49) r(3,32) d(33)", "fitness": 0.0}
{"generation": 9, "position": 40, "parents": [18], "genome": "r(35,44) a(34,51) r(34,178) d(2) d(27) r(31,70) a(33,105) a(32,177) d(32) r(25,148)", "fitness": 0.0}
{"generation": 9, "position": 41, "parents": [49], "genome": "d(34) r(35,28) a(1,49) r(3,32) a(25,84) d(1) d(27) d(32) a(33,148)", "fitness": 0.0}
{"generation": 9, "position": 42, "parents": [23], "genome": "d(35) a(31,47) d(35) a(1,53) d(34) d(27) d(1) a(25,47) a(32,177)", "fitness": 0.0}
{"generation": 9, "position": 43, "parents": [33], "genome": "d(34) r(35,28) a(1,49) a(3,176) r(25,148) r(3,79) a(31,35) a(2,53) r(28,33) a(33,50)", "fitness": 0.0}
{"generation": 9, "position": 44, "parents": [28, 47], "genome": "r(35,44) a(34,51) r(34,178) d(2) d(27) r(31,70) r(35,50) r(31,52) r(25,84) r(31,52) r(25,84) r(28,87) r(32,87) r(33,31)", "fitness": 0.0}
{"generation": 9, "position": 45, "parents": [28, 47], "genome": "r(1,49) d(35) d(34) a(25,148) d(32) r(33,34) a(27,86)", "fitness": 0.0}
{"generation": 9, "position": 46, "parents": [28], "genome": "r(35,44) a(34,51) r(34,178) d(2) d(27) r(31,70) r(35,50) r(31,52) r(25,84) d(32) r(33,34) a(1,83)", "fitness": 0.0}
{"generation": 9, "position": 47, "parents": [47], "genome": "r(1,49) d(35) d(34) a(25,148) r(31,52) r(25,84) r(28,87) r(32,87) r(33,148)", "fitness": 0.0}
{"generation": 9, "position": 48, "parents": [36], "genome": "r(31,45) d(2) r(34,27) a(33,38) r(2,135) d(34) d(28) d(33) r(32,170) r(25,177) a(1,135)", "fitness": 0.0}
{"generation": 9, "position": 49, "parents": [33], "genome": "d(34) r(35,28) a(1,49) a(3,176) r(25,148) r(3,79) a(31,35) a(2,53) r(28,33) r(33,138)", "fitness": 0.0}
{"generation": 9, "position": 50, "parents": [45, 53], "genome": "r(1,49) d(25) r(32,135) r(34,134) a(33,130)", "fitness": 0.0}
{"generation": 9, "position": 51, "parents": [45, 53], "genome": "r(35,44) a(1,49) a(2,35) r(1,62) d(35) d(34) a(25,148) r(31,52) r(28,62) d(27) r(32,47)", "fitness": 0.0}
{"generation": 9, "position": 52, "parents": [45], "genome": "r(1,49) d(35) d(34) a(25,148) r(31,52) r(28,62) d(27) a(32,70)", "fitness": 0.0}
{"generation": 9, "position": 53, "parents": [53], "genome": "r(35,44) a(1,49) a(2,35) r(1,62) d(25) r(32,135) r(34,134) d(28)", "fitness": 0.0}
{"generation": 9, "position": 54, "parents": [37, 12], "genome": "d(35) d(27) d(35) a(25,25) a(31,83) d(33) a(27,80) r(1,25) r(27,78) d(31)", "fitness": 0.0}
{"generation": 9, "position": 55, "parents": [37, 12], "genome": "r(1,49) a(3,78) d(34) a(1,60) a(25,70) r(33,82)", "fitness": 0.0}
{"generation": 9, "position": 56, "parents": [37], "genome": "d(35) d(27) d(35) a(25,25) a(1,60) a(25,70) r(28,47)", "fitness": 0.0}
{"generation": 9, "position": 57, "parents": [12], "genome": "r(1,49) a(3,78) d(34) a(31,83) d(33) a(27,80) r(1,25) r(27,78) d(25)", "fitness": 0.0}
{"generation": 9, "position": 58, "parents": [52, 8], "genome": "r(31,45) a(35,177) a(27,46) d(1) a(2,53) d(25) a(34,1)", "fitness": 0.0}
{"generation": 9, "position": 59, "parents": [52, 8], "genome": "d(35) d(34) r(28,135) a(1,49) a(2,35) r(34,46) r(1,78)", "fitness": 0.0}
{"generation": 9, "position": 60, "parents": [52], "genome": "r(31,45) a(35,177) a(27,46) d(1) r(34,46) a(35,158)", "fitness": 0.0}
{"generation": 9, "position": 61, "parents": [8], "genome": "d(35) d(34) r(28,135) a(1,49) a(2,35) a(2,53) d(25) r(2,87)", "fitness": 0.0}
{"generation": 9, "position": 62, "parents": [11], "genome": "d(34) r(35,28) a(1,49) a(3,176) r(25,148) r(3,79) a(31,35) a(2,53) a(31,82) d(28)", "fitness": 0.0}
{"generation": 9, "position": 63, "parents": [34], "genome": "d(34) r(35,28) a(1,49) r(3,32) a(25,84) d(1) d(27) a(33,31) r(28,112)", "fitness": 0.0}
{"generation": 9, "position": 64, "parents": [53, 0], "genome": "r(35,44) a(1,49) a(2,35) r(1,62) d(25) r(32,135) d(27) r(34,87) d(28) d(27) d(34) r(28,135) d(1) r(25,112) r(32,176) d(33)", "fitness": 0.0}
{"generation": 9, "position": 65, "parents": [53, 0], "genome": "d(34) r(34,134) a(28,37)", "fitness": 4.0}
{"generation": 9, "position": 66, "parents": [53], "genome": "r(35,44) a(1,49) a(2,35) r(1,62) d(25) r(32,135) r(34,134) a(28,52)", "fitness": 0.0}
{"generation": 10, "position": 0, "parents": [32], "genome": "d(35) a(31,47) d(28) a(3,78) d(34) a(31,83) d(33) a(27,80) r(1,25) r(25,95) r(32,53)", "fitness": 0.0}
{"generation": 10, "position": 1, "parents": [1], "genome": "d(34) r(35,28) a(1,49) r(3,32) a(34,158) d(34) a(35,177) a(35,44) a(32,78) r(28,80) r(1,99) d(33)", "fitness": 0.0}
{"generation": 10, "position": 2, "parents": [58], "genome": "r(31,45) a(35,177) a(27,46) d(1) a(2,53) d(25) a(34,1) r(35,46)", "fitness": 0.0}
{"generation": 10, "position": 3, "parents": [55], "genome": "r(1,49) a(3,78) d(34) a(1,60) a(25,70) r(33,82) d(32)", "fitness": 0.0}
{"generation": 10, "position": 4, "parents": [50, 48], "genome": "r(1,49) d(25) r(32,135) r(34,27) a(33,38) r(2,135) d(34) d(28) d(33) r(32,170) r(25,177) a(1,135)", "fitness": 0.0}
{"generation": 10, "position": 5, "parents": [50, 48], "genome": "r(31,45) d(2) r(34,134) a(33,130) r(35,82)", "fitness": 0.0}
{"generation": 10, "position": 6, "parents": [50], "genome": "r(1,49) d(25) r(32,135) r(34,134) a(33,130) d(33)", "fitness": 0.0}
{"generation": 10, "position": 7, "parents": [48], "genome": "r(31,45) d(2) r(34,27) a(33,38) r(2,135) d(34) d(28) d(33) r(32,170) r(25,177) a(1,135) a(1,50)", "fitness": 0.0}
{"generation": 10, "position": 8, "parents": [61], "genome": "d(35) d(34) r(28,135) a(1,49) a(2,35) a(2,53) d(25) r(2,87) r(32,138)", "fitness": 0.0}
{"generation": 10, "position": 9, "parents": [43], "genome": "d(34) r(35,28) a(1,49) a(3,176) r(25,148) r(3,79) a(31,35) a(2,53) r(28,33) a(33,50) d(32)", "fitness": 0.0}
{"generation": 10, "position": 10, "parents": [46], "genome": "r(35,44) a(34,51) r(34,178) d(2) d(27) r(31,70) r(35,50) r(31,52) r(25,84) d(32) r(33,34) a(1,83) r(1,46)", "fitness": 0.0}
{"generation": 10, "position": 11, "parents": [41], "genome": "d(34) r(35,28) a(1,49) r(3,32) a(25,84) d(1) d(27) d(32) a(33,148) a(25,32)", "fitness": 0.0}
{"generation": 10, "position": 12, "parents": [14], "genome": "r(31,45) d(2) r(34,27) a(33,38) d(35) a(25,25) a(1,60) d(25) r(35,50) d(25) d(3) a(1,36) d(1) d(33) r(28,52) r(32,134)", "fitness": 0.0}
{"generation": 10, "position": 13, "parents": [12], "genome": "d(34) r(32,65) r(2,135) d(34) r(28,46) d(33) r(27,31) a(25,69) d(25) a(1,94)", "fitness": 0.0}
{"generation": 10, "position": 14, "parents": [7, 9], "genome": "d(35) a(31,47) d(33) a(31,83) a(35,28) r(25,108) d(33) a(31,84)", "fitness": 0.0}
{"generation": 10, "position": 15, "parents": [7, 9], "genome": "d(35) a(31,47) d(28) a(3,78) d(34) a(27,80) r(1,25) r(25,95) r(28,82) a(33,76)", "fitness": 0.0}
{"generation": 10, "position": 16, "parents": [7], "genome": "d(35) a(31,47) d(33) a(27,80) r(1,25) r(25,95) r(28,82) d(32)", "fitness": 0.0}
{"generation": 10, "position": 17, "parents": [9], "genome": "d(35) a(31,47) d(28) a(3,78) d(34) a(31,83) a(35,28) r(25,108) d(33) r(1,94)", "fitness": 0.0}
{"generation": 10, "position": 18, "parents": [46], "genome": "r(35,44) a(34,51) r(34,178) d(2) d(27) r(31,70) r(35,50) r(31,52) r(25,84) d(32) r(33,34) a(1,83) d(28)", "fitness": 0.0}
{"generation": 10, "position": 19, "parents": [37], "genome": "r(31,45) a(35,177) a(27,46) d(1) r(35,170) d(28) a(34,48)", "fitness": 0.0}
{"generation": 10, "position": 20, "parents": [18], "genome": "d(34) r(35,28) a(1,49) a(3,176) r(25,148) a(28,164) r(31,51)", "fitness": 0.0}
{"generation": 10, "position": 21, "parents": [32], "genome": "d(35) a(31,47) d(28) a(3,78) d(34) a(31,83) d(33) a(27,80) r(1,25) r(25,95) r(32,53)", "fitness": 0.0}
{"generation": 10, "position": 22, "parents": [13], "genome": "r(31,45) a(35,50) a(34,158) d(34) a(35,177) a(35,44) r(35,51) d(28) r(33,77) a(32,135)", "fitness": 0.0}
{"generation": 10, "position": 23, "parents": [42], "genome": "d(35) a(31,47) d(35) a(1,53) d(34) d(27) d(1) a(25,47) a(32,177) d(25)", "fitness": 0.0}
{"generation": 10, "position": 24, "parents": [35, 14], "genome": "r(31,45) a(33,105) a(32,177) d(3) a(1,36) d(1) d(33) r(28,52) r(32,134) d(25)", "fitness": 0.0}
{"generation": 10, "position": 25, "parents": [35, 14], "genome": "r(31,45) d(2) r(34,27) a(33,38) d(35) a(25,25) a(1,60) d(25) r(35,50) d(25) d(32) d(35) a(1,82)", "fitness": 0.0}
{"generation": 10, "position": 26, "parents": [35], "genome": "r(31,45) a(33,105) a(32,177) d(32) d(35) d(34)", "fitness": 0.0}
{"generation": 10, "position": 27, "parents": [14], "genome": "r(31,45) d(2) r(34,27) a(33,38) d(35) a(25,25) a(1,60) d(25) r(35,50) d(25) d(3) a(1,36) d(1) d(33) r(28,52) r(32,134)", "fitness": 0.0}
{"generation": 10, "position": 28, "parents": [61, 54], "genome": "d(35) a(27,80) r(1,25) r(27,78) d(31) r(34,38)", "fitness": 0.0}
{"generation": 10, "position": 29, "parents": [61, 54], "genome": "d(35) d(27) d(35) a(25,25) a(31,83) d(33) d(34) r(28,135) a(1,49) a(2,35) a(2,53) d(25) r(2,87) r(32,95)", "fitness": 0.0}
{"generation": 10, "position": 30, "parents": [61], "genome": "d(35) d(34) r(28,135) a(1,49) a(2,35) a(2,53) d(25) r(2,87) r(1,86)", "fitness": 0.0}
{"generation": 10, "position": 31, "parents": [54], "genome": "d(35) d(27) d(35) a(25,25) a(31,83) d(33) a(27,80) r(1,25) r(27,78) d(31) a(25,170)", "fitness": 0.0}
{"generation": 10, "position": 32, "parents": [7], "genome": "d(35) a(31,47) d(33) a(27,80) r(1,25) r(25,95) r(28,82) r(32,100)", "fitness": 0.0}
{"generation": 10, "position": 33, "parents": [7], "genome": "d(35) a(31,47) d(33) a(27,80) r(1,25) r(25,95) r(28,82) a(32,53)", "fitness": 0.0}
{"generation": 10, "position": 34, "parents": [65], "genome": "d(34) r(34,134) a(28,37) a(31,100)", "fitness": 4.0}
{"generation": 10, "position": 35, "parents": [9], "genome": "d(35) a(31,47) d(28) a(3,78) d(34) a(31,83) a(35,28) r(25,108) d(33) a(32,164)", "fitness": 0.0}
{"generation": 10, "position": 36, "parents": [43, 58], "genome": "d(34) r(35,28) a(1,49) a(3,176) r(25,148) r(3,79) a(31,35) a(2,53) d(25) a(34,1) d(31)", "fitness": 0.0}
{"generation": 10, "position": 37, "parents": [43, 58], "genome": "r(31,45) a(35,177) a(27,46) d(1) a(2,53) r(28,33) a(33,50) a(34,52)", "fitness": 0.0}
{"generation": 10, "position": 38, "parents": [43], "genome": "d(34) r(35,28) a(1,49) a(3,176) r(25,148) r(3,79) a(31,35) a(2,53) r(28,33) a(33,50) a(32,25)", "fitness": 0.0}
{"generation": 10, "position": 39, "parents": [58], "genome": "r(31,45) a(35,177) a(27,46) d(1) a(2,53) d(25) a(34,1) r(34,31)", "fitness": 0.0}
{"generation": 10, "position": 40, "parents": [2], "genome": "r(1,49) a(3,78) d(34) a(31,83) d(33) a(27,80) r(1,25) r(27,78) d(25) d(31)", "fitness": 0.0}
{"generation": 10, "position": 41, "parents": [29], "genome": "r(31,45) d(34) r(35,50) d(25) d(3) a(1,36) d(1) d(33) r(28,52) a(32,80) r(32,50)", "fitness": 0.0}
{"generation": 10, "position": 42, "parents": [55, 66], "genome": "r(1,49) a(3,78) d(34) a(1,60) a(25,70) a(2,35) r(1,62) d(25) r(32,135) r(34,134) a(28,52) d(35)", "fitness": 0.0}
{"generation": 10, "position": 43, "parents": [55, 66], "genome": "r(35,44) a(1,49) r(33,82) a(31,78)", "fitness": 0.0}
{"generation": 10, "position": 44, "parents": [55], "genome": "r(1,49) a(3,78) d(34) a(1,60) a(25,70) r(33,82) r(27,178)", "fitness": 0.0}
{"generation": 10, "position": 45, "parents": [66], "genome": "r(35,44) a(1,49) a(2,35) r(1,62) d(25) r(32,135) r(34,134) a(28,52) r(31,76)", "fitness": 0.0}
{"generation": 10, "position": 46, "parents": [60], "genome": "r(31,45) a(35,177) a(27,46) d(1) r(34,46) a(35,158) r(33,64)", "fitness": 0.0}
{"generation": 10, "position": 47, "parents": [9], "genome": "d(35) a(31,47) d(28) a(3,78) d(34) a(31,83) a(35,28) r(25,108) d(33) r(32,97)", "fitness": 0.0}
{"generation": 10, "position": 48, "parents": [26, 63], "genome": "r(31,45) d(2) r(34,27) r(25,69)", "fitness": 0.0}
{"generation": 10, "position": 49, "parents": [26, 63], "genome": "d(34) r(35,28) a(1,49) r(3,32) a(25,84) d(1) d(27) a(33,31) r(28,112) a(33,38) r(32,178) d(35) r(2,135) d(34) r(28,46) a(1,36) d(1) d(33) r(28,52) r(27,48) r(25,65)", "fitness": 0.0}
{"generation": 10, "position": 50, "parents": [26], "genome": "r(31,45) d(2) r(34,27) a(33,38) r(32,178) d(35) r(2,135) d(34) r(28,46) a(1,36) d(1) d(33) r(28,52) r(27,48) a(25,82)", "fitness": 0.0}
{"generation": 10, "position": 51, "parents": [63], "genome": "d(34) r(35,28) a(1,49) r(3,32) a(25,84) d(1) d(27) a(33,31) r(28,112) r(33,138)", "fitness": 0.0}
{"generation": 10, "position": 52, "parents": [55], "genome": "r(1,49) a(3,78) d(34) a(1,60) a(25,70) r(33,82) a(28,69)", "fitness": 0.0}