[meta]
{"program": "genprog-3.0", "problem": {"ideal_fitness": "12", "type": "repair", "name": "ultrix-look", "enclosure": {"1": 0, "2": 1, "3": 2, "4": 3, "7": 1, "8": 7, "10": 0, "12": 0, "14": 0, "15": 0, "16": 15, "17": 15, "22": 7, "23": 1, "24": 1, "25": 0, "26": 25, "27": 25, "28": 0, "29": 28, "30": 28, "31": 28, "32": 0, "33": 0, "34": 33, "35": 33, "36": 33, "37": 0, "38": 0, "39": 38, "40": 38, "41": 40, "42": 40, "43": 40, "44": 38, "45": 0, "46": 0, "47": 0, "48": 0, "49": 0, "50": 49, "51": 49, "52": 49, "53": 52, "54": 52, "55": 52, "56": 55, "57": 56, "60": 49, "61": 49, "62": 61, "64": 49, "65": 49, "67": 0, "69": 67, "70": 0, "72": 0, "75": 49, "76": 0, "77": 0, "78": 77, "79": 77, "80": 79, "82": 77, "83": 77, "84": 83, "85": 83, "86": 77, "87": 77, "89": 0, "90": 0, "94": 0, "95": 94, "96": 94, "97": 96, "99": 94, "100": 94, "102": 0, "105": 0, "106": 0, "107": 106, "108": 107, "110": 106, "111": 110, "112": 110, "113": 106, "114": 106, "115": 0, "116": 115, "117": 115, "118": 117, "119": 117, "120": 119, "121": 119, "122": 117, "123": 115, "124": 0, "125": 0, "126": 0, "127": 126, "128": 126, "129": 126, "130": 129, "132": 126, "133": 126, "134": 133, "135": 133, "136": 126, "138": 136, "139": 126, "140": 126, "141": 126, "142": 0, "143": 142, "144": 143, "146": 142, "147": 0, "148": 0, "149": 0, "150": 0, "151": 150, "152": 150, "153": 150, "154": 150, "155": 150, "156": 155, "158": 155, "159": 150, "160": 159, "161": 159, "162": 161, "164": 159, "165": 150, "166": 165, "167": 165, "168": 167, "169": 167, "170": 165, "171": 150, "172": 150, "173": 150, "174": 173, "176": 173, "177": 150, "178": 0}}, "version": "0.0.2", "seed": 31, "algorithm": {"representation": "patch", "type": "genetic", "name": "ALGORITHM-NAME"}}

[data]
{"generation": 0, "position": 0, "parents": [], "genome": "d(35)", "fitness": 4.0}
{"generation": 0, "position": 1, "parents": [], "genome": "a(34,83)", "fitness": 4.0}
{"generation": 0, "position": 2, "parents": [], "genome": "r(35,57)", "fitness": 4.0}
{"generation": 0, "position": 3, "parents": [], "genome": "a(35,130)", "fitness": 4.0}
{"generation": 0, "position": 4, "parents": [], "genome": "d(34)", "fitness": 4.0}
{"generation": 0, "position": 5, "parents": [], "genome": "a(34,36)", "fitness": 4.0}
{"generation": 0, "position": 6, "parents": [], "genome": "r(34,37)", "fitness": 4.0}
{"generation": 0, "position": 7, "parents": [], "genome": "a(34,1)", "fitness": 4.0}
{"generation": 0, "position": 8, "parents": [], "genome": "a(34,38)", "fitness": 4.0}
{"generation": 0, "position": 9, "parents": [], "genome": "d(35)", "fitness": 4.0}
{"generation": 0, "position": 10, "parents": [], "genome": "r(35,80)", "fitness": 4.0}
{"generation": 0, "position": 11, "parents": [], "genome": "r(34,48)", "fitness": 4.0}
{"generation": 0, "position": 12, "parents": [], "genome": "d(34)", "fitness": 4.0}
{"generation": 0, "position": 13, "parents": [], "genome": "a(28,105)", "fitness": 12.0}
{"generation": 0, "position": 14, "parents": [], "genome": "a(25,105)", "fitness": 12.0}
{"generation": 0, "position": 15, "parents": [], "genome": "a(1,38)", "fitness": 4.0}
{"generation": 0, "position": 16, "parents": [], "genome": "r(33,62)", "fitness": 4.0}
{"generation": 0, "position": 17, "parents": [], "genome": "a(35,99)", "fitness": 4.0}
{"generation": 0, "position": 18, "parents": [], "genome": "a(1,83)", "fitness": 4.0}
{"generation": 0, "position": 19, "parents": [], "genome": "r(34,99)", "fitness": 4.0}
{"generation": 0, "position": 20, "parents": [], "genome": "d(35)", "fitness": 4.0}
{"generation": 0, "position": 21, "parents": [], "genome": "r(35,50)", "fitness": 4.0}
{"generation": 0, "position": 22, "parents": [], "genome": "r(28,176)", "fitness": 0.0}
{"generation": 0, "position": 23, "parents": [], "genome": "d(34)", "fitness": 4.0}
{"generation": 0, "position": 24, "parents": [], "genome": "a(35,164)", "fitness": 4.0}
{"generation": 0, "position": 25, "parents": [], "genome": "a(34,86)", "fitness": 4.0}
{"generation": 0, "position": 26, "parents": [], "genome": "r(35,76)", "fitness": 4.0}
{"generation": 0, "position": 27, "parents": [], "genome": "d(25)", "fitness": 4.0}
{"generation": 0, "position": 28, "parents": [], "genome": "a(35,177)", "fitness": 4.0}
{"generation": 0, "position": 29, "parents": [], "genome": "r(33,69)", "fitness": 4.0}
{"generation": 0, "position": 30, "parents": [], "genome": "d(35)", "fitness": 4.0}
{"generation": 0, "position": 31, "parents": [], "genome": "a(31,176)", "fitness": 4.0}
{"generation": 0, "position": 32, "parents": [], "genome": "r(33,53)", "fitness": 4.0}
{"generation": 0, "position": 33, "parents": [], "genome": "d(3)", "fitness": 12.0}
{"generation": 0, "position": 34, "parents": [], "genome": "a(34,83)", "fitness": 4.0}
{"generation": 0, "position": 35, "parents": [], "genome": "r(35,57)", "fitness": 4.0}
{"generation": 0, "position": 36, "parents": [], "genome": "a(34,32)", "fitness": 4.0}
{"generation": 0, "position": 37, "parents": [], "genome": "a(35,112)", "fitness": 4.0}
{"generation": 0, "position": 38, "parents": [], "genome": "a(33,148)", "fitness": 0.0}
{"generation": 0, "position": 39, "parents": [], "genome": "original", "fitness": 4.0}
{"generation": 1, "position": 0, "parents": [5, 20], "genome": "a(34,36) a(34,65)", "fitness": 4.0}
{"generation": 1, "position": 1, "parents": [5, 20], "genome": "d(35) a(31,135)", "fitness": 4.0}
{"generation": 1, "position": 2, "parents": [5], "genome": "a(34,36) r(35,34)", "fitness": 4.0}
{"generation": 1, "position": 3, "parents": [20], "genome": "d(35) d(34)", "fitness": 4.0}
{"generation": 1, "position": 4, "parents": [7, 15], "genome": "a(34,1) d(35)", "fitness": 4.0}
{"generation": 1, "position": 5, "parents": [7, 15], "genome": "a(1,38) d(34)", "fitness": 4.0}
{"generation": 1, "position": 6, "parents": [7], "genome": "a(34,1) r(34,54)", "fitness": 4.0}
{"generation": 1, "position": 7, "parents": [15], "genome": "a(1,38) r(34,64)", "fitness": 4.0}
{"generation": 1, "position": 8, "parents": [15, 9], "genome": "a(1,38) r(34,32)", "fitness": 4.0}
{"generation": 1, "position": 9, "parents": [15, 9], "genome": "d(35) a(34,76)", "fitness": 4.0}
{"generation": 1, "position": 10, "parents": [15], "genome": "a(1,38) d(1)", "fitness": 4.0}
{"generation": 1, "position": 11, "parents": [9], "genome": "d(35) a(34,50)", "fitness": 4.0}
{"generation": 1, "position": 12, "parents": [37], "genome": "a(35,112) r(34,57)", "fitness": 4.0}
{"generation": 1, "position": 13, "parents": [26], "genome": "r(35,76) d(1)", "fitness": 4.0}
{"generation": 1, "position": 14, "parents": [32, 28], "genome": "r(33,53) r(28,60)", "fitness": 0.0}
{"generation": 1, "position": 15, "parents": [32, 28], "genome": "a(35,177) r(34,105)", "fitness": 4.0}
{"generation": 1, "position": 16, "parents": [32], "genome": "r(33,53) a(2,3)", "fitness": 4.0}
{"generation": 1, "position": 17, "parents": [28], "genome": "a(35,177) r(34,177)", "fitness": 4.0}
{"generation": 1, "position": 18, "parents": [2], "genome": "r(35,57) d(33)", "fitness": 4.0}
{"generation": 1, "position": 19, "parents": [23], "genome": "d(34) r(35,176)", "fitness": 4.0}
{"generation": 1, "position": 20, "parents": [19, 12], "genome": "r(34,99) r(28,47)", "fitness": 0.0}
{"generation": 1, "position": 21, "parents": [19, 12], "genome": "d(34) r(35,108)", "fitness": 4.0}
{"generation": 1, "position": 22, "parents": [19], "genome": "r(34,99) d(35)", "fitness": 4.0}
{"generation": 1, "position": 23, "parents": [12], "genome": "d(34) r(1,54)", "fitness": 4.0}
{"generation": 1, "position": 24, "parents": [27, 25], "genome": "d(25) a(34,158)", "fitness": 4.0}
{"generation": 1, "position": 25, "parents": [27, 25], "genome": "a(34,86) d(34)", "fitness": 4.0}
{"generation": 1, "position": 26, "parents": [27], "genome": "d(25) d(35)", "fitness": 4.0}
{"generation": 1, "position": 27, "parents": [25], "genome": "a(34,86) d(35)", "fitness": 4.0}
{"generation": 1, "position": 28, "parents": [39, 5], "genome": "r(25,47)", "fitness": 0.0}
{"generation": 1, "position": 29, "parents": [39, 5], "genome": "a(34,36) r(34,60)", "fitness": 4.0}
{"generation": 1, "position": 30, "parents": [39], "genome": "a(35,46)", "fitness": 4.0}
{"generation": 1, "position": 31, "parents": [5], "genome": "a(34,36) a(3,62)", "fitness": 4.0}
{"generation": 1, "position": 32, "parents": [22, 25], "genome": "r(28,176) a(34,48)", "fitness": 0.0}
{"generation": 1, "position": 33, "parents": [22, 25], "genome": "a(34,86) r(35,60)", "fitness": 4.0}
{"generation": 1, "position": 34, "parents": [22], "genome": "r(28,176) d(35)", "fitness": 0.0}
{"generation": 1, "position": 35, "parents": [25], "genome": "a(34,86) d(34)", "fitness": 4.0}
{"generation": 1, "position": 36, "parents": [8, 24], "genome": "a(34,38) r(35,134)", "fitness": 4.0}
{"generation": 1, "position": 37, "parents": [8, 24], "genome": "a(35,164) d(34)", "fitness": 4.0}
{"generation": 1, "position": 38, "parents": [8], "genome": "a(34,38) a(3,36)", "fitness": 4.0}
{"generation": 1, "position": 39, "parents": [24], "genome": "a(35,164) d(35)", "fitness": 4.0}
{"generation": 1, "position": 40, "parents": [0, 3], "genome": "d(35) r(34,82)", "fitness": 4.0}
{"generation": 1, "position": 41, "parents": [0, 3], "genome": "a(35,130) d(35)", "fitness": 4.0}
{"generation": 1, "position": 42, "parents": [0], "genome": "d(35) d(31)", "fitness": 0.0}
{"generation": 1, "position": 43, "parents": [3], "genome": "a(35,130) a(35,31)", "fitness": 4.0}
{"generation": 1, "position": 44, "parents": [9, 34], "genome": "d(35) r(34,47)", "fitness": 4.0}
{"generation": 1, "position": 45, "parents": [9, 34], "genome": "a(34,83) a(28,64)", "fitness": 4.0}
{"generation": 1, "position": 46, "parents": [9], "genome": "d(35) a(1,27)", "fitness": 4.0}
{"generation": 1, "position": 47, "parents": [34], "genome": "a(34,83) d(34)", "fitness": 4.0}
{"generation": 1, "position": 48, "parents": [8], "genome": "a(34,38) d(35)", "fitness": 4.0}
{"generation": 1, "position": 49, "parents": [6], "genome": "r(34,37) d(28)", "fitness": 0.0}
{"generation": 1, "position": 50, "parents": [31], "genome": "a(31,176) d(34)", "fitness": 4.0}
{"generation": 1, "position": 51, "parents": [27], "genome": "d(25) r(35,51)", "fitness": 4.0}
{"generation": 1, "position": 52, "parents": [16], "genome": "r(33,62) a(31,27)", "fitness": 4.0}
{"generation": 1, "position": 53, "parents": [32], "genome": "r(33,53) d(32)", "fitness": 0.0}
{"generation": 1, "position": 54, "parents": [7], "genome": "a(34,1) a(34,27)", "fitness": 4.0}
{"generation": 1, "position": 55, "parents": [23], "genome": "d(34) r(35,94)", "fitness": 4.0}
{"generation": 1, "position": 56, "parents": [35, 23], "genome": "r(35,57) d(3)", "fitness": 12.0}
{"generation": 1, "position": 57, "parents": [35, 23], "genome": "d(34) d(35)", "fitness": 4.0}
{"generation": 1, "position": 58, "parents": [35], "genome": "r(35,57) d(3)", "fitness": 12.0}
{"generation": 1, "position": 59, "parents": [23], "genome": "d(34) a(35,87)", "fitness": 4.0}
{"generation": 1, "position": 60, "parents": [21, 8], "genome": "r(35,50) d(34)", "fitness": 4.0}
{"generation": 1, "position": 61, "parents": [21, 8], "genome": "a(34,38) r(35,57)", "fitness": 4.0}
{"generation": 1, "position": 62, "parents": [21], "genome": "r(35,50) r(34,99)", "fitness": 4.0}
{"generation": 1, "position": 63, "parents": [8], "genome": "a(34,38) a(34,80)", "fitness": 4.0}
{"generation": 1, "position": 64, "parents": [1, 16], "genome": "a(34,83) r(31,94)", "fitness": 0.0}
{"generation": 1, "position": 65, "parents": [1, 16], "genome": "r(33,62) d(2)", "fitness": 0.0}
{"generation": 1, "position": 66, "parents": [1], "genome": "a(34,83) r(35,95)", "fitness": 4.0}
{"generation": 2, "position": 0, "parents": [20, 3], "genome": "r(34,99) r(1,57)", "fitness": 4.0}
{"generation": 2, "position": 1, "parents": [20, 3], "genome": "d(35) d(34) r(28,47) a(27,177)", "fitness": 0.0}
{"generation": 2, "position": 2, "parents": [20], "genome": "r(34,99) r(28,47) r(35,100)", "fitness": 0.0}
{"generation": 2, "position": 3, "parents": [3], "genome": "d(35) d(34) r(28,78)", "fitness": 0.0}
{"generation": 2, "position": 4, "parents": [16], "genome": "r(33,53) a(2,3) a(27,170)", "fitness": 4.0}
{"generation": 2, "position": 5, "parents": [6], "genome": "a(34,1) r(34,54) a(3,49)", "fitness": 4.0}
{"generation": 2, "position": 6, "parents": [51], "genome": "d(25) r(35,51) d(34)", "fitness": 4.0}
{"generation": 2, "position": 7, "parents": [6], "genome": "a(34,1) r(34,54) r(28,83)", "fitness": 0.0}
{"generation": 2, "position": 8, "parents": [49], "genome": "r(34,37) d(28) a(2,100)", "fitness": 0.0}
{"generation": 2, "position": 9, "parents": [62], "genome": "r(35,50) r(34,99) d(25)", "fitness": 4.0}
{"generation": 2, "position": 10, "parents": [53, 65], "genome": "r(33,53) r(2,27)", "fitness": 0.0}
{"generation": 2, "position": 11, "parents": [53, 65], "genome": "r(33,62) d(2) d(32) r(31,50)", "fitness": 0.0}
{"generation": 2, "position": 12, "parents": [53], "genome": "r(33,53) d(32) r(2,61)", "fitness": 0.0}
{"generation": 2, "position": 13, "parents": [65], "genome": "r(33,62) d(2) r(32,31)", "fitness": 0.0}
{"generation": 2, "position": 14, "parents": [6], "genome": "a(34,1) r(34,54) d(35)", "fitness": 4.0}
{"generation": 2, "position": 15, "parents": [61], "genome": "a(34,38) r(35,57) a(28,76)", "fitness": 0.0}
{"generation": 2, "position": 16, "parents": [49], "genome": "r(34,37) d(28) d(35)", "fitness": 0.0}
{"generation": 2, "position": 17, "parents": [17], "genome": "a(35,177) r(34,177) a(35,57)", "fitness": 4.0}
{"generation": 2, "position": 18, "parents": [23, 54], "genome": "d(34) a(34,27) r(35,27)", "fitness": 4.0}
{"generation": 2, "position": 19, "parents": [23, 54], "genome": "a(34,1) r(1,54) r(35,97)", "fitness": 4.0}
{"generation": 2, "position": 20, "parents": [23], "genome": "d(34) r(1,54) r(31,138)", "fitness": 0.0}
{"generation": 2, "position": 21, "parents": [54], "genome": "a(34,1) a(34,27) r(35,50)", "fitness": 4.0}
{"generation": 2, "position": 22, "parents": [6], "genome": "a(34,1) r(34,54) r(33,77)", "fitness": 4.0}
{"generation": 2, "position": 23, "parents": [60], "genome": "r(35,50) d(34) a(2,3)", "fitness": 4.0}
{"generation": 2, "position": 24, "parents": [55], "genome": "d(34) r(35,94) r(28,138)", "fitness": 0.0}
{"generation": 2, "position": 25, "parents": [34], "genome": "r(28,176) d(35) a(34,80)", "fitness": 0.0}
{"generation": 2, "position": 26, "parents": [55, 42], "genome": "d(34) r(25,78)", "fitness": 0.0}
{"generation": 2, "position": 27, "parents": [55, 42], "genome": "d(35) d(31) r(35,94) d(25)", "fitness": 0.0}
{"generation": 2, "position": 28, "parents": [55], "genome": "d(34) r(35,94) d(33)", "fitness": 4.0}
{"generation": 2, "position": 29, "parents": [42], "genome": "d(35) d(31) r(34,27)", "fitness": 0.0}
{"generation": 2, "position": 30, "parents": [63, 40], "genome": "a(34,38) a(34,80) a(25,62)", "fitness": 4.0}
{"generation": 2, "position": 31, "parents": [63, 40], "genome": "d(35) r(34,82) a(1,34)", "fitness": 4.0}
{"generation": 2, "position": 32, "parents": [63], "genome": "a(34,38) a(34,80) r(35,65)", "fitness": 4.0}
{"generation": 2, "position": 33, "parents": [40], "genome": "d(35) r(34,82) d(28)", "fitness": 0.0}
{"generation": 2, "position": 34, "parents": [43, 30], "genome": "a(35,130) a(35,31) d(35)", "fitness": 4.0}
{"generation": 2, "position": 35, "parents": [43, 30], "genome": "a(35,46) r(28,47)", "fitness": 0.0}
{"generation": 2, "position": 36, "parents": [43], "genome": "a(35,130) a(35,31) r(2,69)", "fitness": 0.0}
{"generation": 2, "position": 37, "parents": [30], "genome": "a(35,46) a(34,134)", "fitness": 4.0}
{"generation": 2, "position": 38, "parents": [61, 39], "genome": "a(34,38) r(35,57) d(35) d(34)", "fitness": 4.0}
{"generation": 2, "position": 39, "parents": [61, 39], "genome": "a(35,164) d(34)", "fitness": 4.0}
{"generation": 2, "position": 40, "parents": [61], "genome": "a(34,38) r(35,57) d(1)", "fitness": 4.0}
{"generation": 2, "position": 41, "parents": [39], "genome": "a(35,164) d(35) r(34,27)", "fitness": 4.0}
{"generation": 2, "position": 42, "parents": [54], "genome": "a(34,1) a(34,27) a(27,130)", "fitness": 4.0}
{"generation": 2, "position": 43, "parents": [8], "genome": "a(1,38) r(34,32) d(25)", "fitness": 4.0}
{"generation": 2, "position": 44, "parents": [61], "genome": "a(34,38) r(35,57) r(32,97)", "fitness": 0.0}
{"generation": 2, "position": 45, "parents": [32], "genome": "r(28,176) a(34,48) d(2)", "fitness": 0.0}
{"generation": 2, "position": 46, "parents": [40], "genome": "d(35) r(34,82) d(28)", "fitness": 0.0}
{"generation": 2, "position": 47, "parents": [33], "genome": "a(34,86) r(35,60) a(33,178)", "fitness": 12.0}
{"generation": 2, "position": 48, "parents": [0, 36], "genome": "a(34,36) r(35,134) r(34,28)", "fitness": 4.0}
{"generation": 2, "position": 49, "parents": [0, 36], "genome": "a(34,38) a(34,65) a(34,176)", "fitness": 4.0}
{"generation": 2, "position": 50, "parents": [0], "genome": "a(34,36) a(34,65) d(34)", "fitness": 4.0}
{"generation": 2, "position": 51, "parents": [36], "genome": "a(34,38) r(35,134) r(34,57)", "fitness": 4.0}
{"generation": 2, "position": 52, "parents": [38, 35], "genome": "a(34,38) a(3,36) r(35,100)", "fitness": 4.0}
{"generation": 2, "position": 53, "parents": [38, 35], "genome": "a(34,86) d(34) a(2,60)", "fitness": 4.0}
{"generation": 2, "position": 54, "parents": [38], "genome": "a(34,38) a(3,36) r(34,176)", "fitness": 4.0}
{"generation": 2, "position": 55, "parents": [35], "genome": "a(34,86) d(34) a(33,105)", "fitness": 12.0}
{"generation": 2, "position": 56, "parents": [42, 14], "genome": "d(35) r(28,60) r(33,84)", "fitness": 0.0}
{"generation": 2, "position": 57, "parents": [42, 14], "genome": "r(33,53) d(31) a(28,134)", "fitness": 12.0}
{"generation": 2, "position": 58, "parents": [42], "genome": "d(35) d(31) r(34,60)", "fitness": 0.0}
{"generation": 3, "position": 0, "parents": [27], "genome": "d(35) d(31) r(35,94) d(25) r(3,94)", "fitness": 0.0}
{"generation": 3, "position": 1, "parents": [4], "genome": "r(33,53) a(2,3) a(27,170) r(25,138)", "fitness": 4.0}
{"generation": 3, "position": 2, "parents": [13], "genome": "r(33,62) d(2) r(32,31) r(1,53)", "fitness": 0.0}
{"generation": 3, "position": 3, "parents": [15], "genome": "a(34,38) r(35,57) a(28,76) d(34)", "fitness": 0.0}
{"generation": 3, "position": 4, "parents": [42, 11], "genome": "a(34,1) a(34,27) d(34)", "fitness": 4.0}
{"generation": 3, "position": 5, "parents": [42, 11], "genome": "r(33,62) d(2) d(32) r(31,50) a(27,130) a(25,76)", "fitness": 0.0}
{"generation": 3, "position": 6, "parents": [42], "genome": "a(34,1) a(34,27) a(27,130) a(34,60)", "fitness": 4.0}
{"generation": 3, "position": 7, "parents": [11], "genome": "r(33,62) d(2) d(32) r(31,50) r(28,80)", "fitness": 0.0}
{"generation": 3, "position": 8, "parents": [23, 56], "genome": "r(35,50) d(31)", "fitness": 0.0}
{"generation": 3, "position": 9, "parents": [23, 56], "genome": "d(35) r(28,60) r(33,84) d(34) a(2,3) r(1,76)", "fitness": 0.0}
{"generation": 3, "position": 10, "parents": [23], "genome": "r(35,50) d(34) a(2,3) a(27,52)", "fitness": 0.0}
{"generation": 3, "position": 11, "parents": [56], "genome": "d(35) r(28,60) r(33,84) d(27)", "fitness": 0.0}
{"generation": 3, "position": 12, "parents": [15, 26], "genome": "a(34,38) r(34,47)", "fitness": 4.0}
{"generation": 3, "position": 13, "parents": [15, 26], "genome": "d(34) r(25,78) r(35,57) a(28,76) d(28)", "fitness": 0.0}
{"generation": 3, "position": 14, "parents": [15], "genome": "a(34,38) r(35,57) a(28,76) r(1,177)", "fitness": 0.0}
{"generation": 3, "position": 15, "parents": [26], "genome": "d(34) r(25,78) a(35,100)", "fitness": 0.0}
{"generation": 3, "position": 16, "parents": [2], "genome": "r(34,99) r(28,47) r(35,100) r(25,60)", "fitness": 0.0}
{"generation": 3, "position": 17, "parents": [16], "genome": "r(34,37) d(28) d(35) d(3)", "fitness": 12.0}
{"generation": 3, "position": 18, "parents": [10], "genome": "r(33,53) r(2,27) a(31,37)", "fitness": 0.0}
{"generation": 3, "position": 19, "parents": [37], "genome": "a(35,46) a(34,134) a(35,57)", "fitness": 4.0}
{"generation": 3, "position": 20, "parents": [5], "genome": "a(34,1) r(34,54) a(3,49) d(27)", "fitness": 4.0}
{"generation": 3, "position": 21, "parents": [36], "genome": "a(35,130) a(35,31) r(2,69) d(34)", "fitness": 0.0}
{"generation": 3, "position": 22, "parents": [14, 39], "genome": "a(34,1) r(34,54) d(35) d(34) a(2,52)", "fitness": 4.0}
{"generation": 3, "position": 23, "parents": [14, 39], "genome": "a(35,164) d(2)", "fitness": 0.0}
{"generation": 3, "position": 24, "parents": [14], "genome": "a(34,1) r(34,54) d(35) r(3,37)", "fitness": 12.0}
{"generation": 3, "position": 25, "parents": [39], "genome": "a(35,164) d(34) r(35,36)", "fitness": 4.0}
{"generation": 3, "position": 26, "parents": [28], "genome": "d(34) r(35,94) d(33) r(27,176)", "fitness": 4.0}
{"generation": 3, "position": 27, "parents": [26], "genome": "d(34) r(25,78) r(33,177)", "fitness": 0.0}
{"generation": 3, "position": 28, "parents": [26], "genome": "d(34) r(25,78) a(1,83)", "fitness": 0.0}
{"generation": 3, "position": 29, "parents": [1], "genome": "d(35) d(34) r(28,47) a(27,177) d(1)", "fitness": 0.0}
{"generation": 3, "position": 30, "parents": [53], "genome": "a(34,86) d(34) a(2,60) r(35,53)", "fitness": 4.0}
{"generation": 3, "position": 31, "parents": [16], "genome": "r(34,37) d(28) d(35) d(1)", "fitness": 0.0}
{"generation": 3, "position": 32, "parents": [15], "genome": "a(34,38) r(35,57) a(28,76) r(3,96)", "fitness": 12.0}
{"generation": 3, "position": 33, "parents": [9], "genome": "r(35,50) r(34,99) d(25) r(33,36)", "fitness": 4.0}
{"generation": 3, "position": 34, "parents": [15], "genome": "a(34,38) r(35,57) a(28,76) d(34)", "fitness": 0.0}
{"generation": 3, "position": 35, "parents": [11], "genome": "r(33,62) d(2) d(32) r(31,50) r(27,62)", "fitness": 0.0}
{"generation": 3, "position": 36, "parents": [52], "genome": "a(34,38) a(3,36) r(35,100) r(34,44)", "fitness": 4.0}
{"generation": 3, "position": 37, "parents": [26], "genome": "d(34) r(25,78) r(32,46)", "fitness": 0.0}
{"generation": 3, "position": 38, "parents": [45, 22], "genome": "r(28,176) a(34,48) d(2) r(33,77) a(32,99)", "fitness": 0.0}
{"generation": 3, "position": 39, "parents": [45, 22], "genome": "a(34,1) r(34,54) a(1,176)", "fitness": 4.0}
{"generation": 3, "position": 40, "parents": [45], "genome": "r(28,176) a(34,48) d(2) r(34,164)", "fitness": 0.0}
{"generation": 3, "position": 41, "parents": [22], "genome": "a(34,1) r(34,54) r(33,77) d(2)", "fitness": 0.0}
{"generation": 3, "position": 42, "parents": [38], "genome": "a(34,38) r(35,57) d(35) d(34) r(31,138)", "fitness": 0.0}
{"generation": 3, "position": 43, "parents": [58], "genome": "d(35) d(31) r(34,60) r(33,80)", "fitness": 0.0}
{"generation": 3, "position": 44, "parents": [3, 44], "genome": "d(35) r(32,97) a(27,34)", "fitness": 0.0}
{"generation": 3, "position": 45, "parents": [3, 44], "genome": "a(34,38) r(35,57) d(34) r(28,78) r(25,45)", "fitness": 0.0}
{"generation": 3, "position": 46, "parents": [3], "genome": "d(35) d(34) r(28,78) d(3)", "fitness": 12.0}
{"generation": 3, "position": 47, "parents": [44], "genome": "a(34,38) r(35,57) r(32,97) r(34,82)", "fitness": 0.0}
{"generation": 3, "position": 48, "parents": [25, 32], "genome": "r(28,176) d(35) a(34,80) a(34,80) r(35,65) d(2)", "fitness": 0.0}
{"generation": 3, "position": 49, "parents": [25, 32], "genome": "a(34,38) a(35,57)", "fitness": 4.0}
{"generation": 3, "position": 50, "parents": [25], "genome": "r(28,176) d(35) a(34,80) a(1,1)", "fitness": 0.0}
{"generation": 3, "position": 51, "parents": [32], "genome": "a(34,38) a(34,80) r(35,65) r(3,87)", "fitness": 12.0}
{"generation": 3, "position": 52, "parents": [27], "genome": "d(35) d(31) r(35,94) d(25) r(33,100)", "fitness": 0.0}
{"generation": 4, "position": 0, "parents": [18], "genome": "r(33,53) r(2,27) a(31,37) r(27,32)", "fitness": 0.0}
{"generation": 4, "position": 1, "parents": [30], "genome": "a(34,86) d(34) a(2,60) r(35,53) a(25,77)", "fitness": 0.0}
{"generation": 4, "position": 2, "parents": [40], "genome": "r(28,176) a(34,48) d(2) r(34,164) a(35,50)", "fitness": 0.0}
{"generation": 4, "position": 3, "parents": [53], "genome": "d(35) d(34) r(28,78) r(32,27) r(2,148)", "fitness": 0.0}
{"generation": 4, "position": 4, "parents": [42], "genome": "a(34,38) r(35,57) d(35) d(34) r(31,138) a(27,97)", "fitness": 0.0}
{"generation": 4, "position": 5, "parents": [15], "genome": "d(34) r(25,78) a(35,100) a(28,49)", "fitness": 0.0}
{"generation": 4, "position": 6, "parents": [0], "genome": "d(35) d(31) r(35,94) d(25) r(3,94) a(33,177)", "fitness": 0.0}
{"generation": 4, "position": 7, "parents": [40], "genome": "r(28,176) a(34,48) d(2) r(34,164) d(33)", "fitness": 0.0}
{"generation": 4, "position": 8, "parents": [53, 11], "genome": "d(35) d(27) d(34)", "fitness": 4.0}
{"generation": 4, "position": 9, "parents": [53, 11], "genome": "d(35) r(28,60) r(33,84) d(34) r(28,78) r(32,27) d(2)", "fitness": 0.0}
{"generation": 4, "position": 10, "parents": [53], "genome": "d(35) d(34) r(28,78) r(32,27) r(27,28)", "fitness": 0.0}
{"generation": 4, "position": 11, "parents": [11], "genome": "d(35) r(28,60) r(33,84) d(27) a(1,138)", "fitness": 0.0}
{"generation": 4, "position": 12, "parents": [29, 22], "genome": "d(35) d(35) d(34) a(2,52) r(31,80)", "fitness": 0.0}
{"generation": 4, "position": 13, "parents": [29, 22], "genome": "a(34,1) r(34,54) d(34) r(28,47) a(27,177) d(1) a(32,45)", "fitness": 0.0}
{"generation": 4, "position": 14, "parents": [29], "genome": "d(35) d(34) r(28,47) a(27,177) d(1) d(33)", "fitness": 0.0}
{"generation": 4, "position": 15, "parents": [22], "genome": "a(34,1) r(34,54) d(35) d(34) a(2,52) r(31,158)", "fitness": 0.0}
{"generation": 4, "position": 16, "parents": [13], "genome": "d(34) r(25,78) r(35,57) a(28,76) d(28) r(32,170)", "fitness": 0.0}
{"generation": 4, "position": 17, "parents": [25], "genome": "a(35,164) d(34) r(35,36) a(28,78)", "fitness": 0.0}
{"generation": 4, "position": 18, "parents": [37], "genome": "d(34) r(25,78) r(32,46) d(33)", "fitness": 0.0}
{"generation": 4, "position": 19, "parents": [42], "genome": "a(34,38) r(35,57) d(35) d(34) r(31,138) a(25,86)", "fitness": 0.0}
{"generation": 4, "position": 20, "parents": [48], "genome": "r(28,176) d(35) a(34,80) a(34,80) r(35,65) d(2) r(25,135)", "fitness": 0.0}
{"generation": 4, "position": 21, "parents": [53], "genome": "d(35) d(34) r(28,78) r(32,27) a(1,87)", "fitness": 0.0}
{"generation": 4, "position": 22, "parents": [10], "genome": "r(35,50) d(34) a(2,3) a(27,52) d(31)", "fitness": 0.0}
{"generation": 4, "position": 23, "parents": [47], "genome": "a(34,38) r(35,57) r(32,97) r(34,82) a(25,78)", "fitness": 0.0}
{"generation": 4, "position": 24, "parents": [9, 41], "genome": "d(35) r(28,60) r(33,84) d(34) a(2,3) d(2) d(27)", "fitness": 0.0}
{"generation": 4, "position": 25, "parents": [9, 41], "genome": "a(34,1) r(34,54) r(33,77) r(1,76) r(31,78)", "fitness": 0.0}
{"generation": 4, "position": 26, "parents": [9], "genome": "d(35) r(28,60) r(33,84) d(34) a(2,3) r(1,76) d(25)", "fitness": 0.0}
{"generation": 4, "position": 27, "parents": [41], "genome": "a(34,1) r(34,54) r(33,77) d(2) r(31,27)", "fitness": 0.0}
{"generation": 4, "position": 28, "parents": [45], "genome": "a(34,38) r(35,57) d(34) r(28,78) r(25,45) d(2)", "fitness": 0.0}
{"generation": 4, "position": 29, "parents": [43], "genome": "d(35) d(31) r(34,60) r(33,80) d(3)", "fitness": 12.0}
{"generation": 4, "position": 30, "parents": [27, 18], "genome": "d(34) r(25,78) r(28,44)", "fitness": 0.0}
{"generation": 4, "position": 31, "parents": [27, 18], "genome": "r(33,53) r(2,27) a(31,37) r(33,177) a(31,112)", "fitness": 0.0}
{"generation": 4, "position": 32, "parents": [27], "genome": "d(34) r(25,78) r(33,177) r(3,148)", "fitness": 0.0}
{"generation": 4, "position": 33, "parents": [18], "genome": "r(33,53) r(2,27) a(31,37) r(32,46)", "fitness": 0.0}
{"generation": 4, "position": 34, "parents": [15], "genome": "d(34) r(25,78) a(35,100) d(35)", "fitness": 0.0}
{"generation": 4, "position": 35, "parents": [8], "genome": "r(35,50) d(31) d(34)", "fitness": 0.0}
{"generation": 4, "position": 36, "parents": [53, 27], "genome": "d(35) d(34) r(28,78) d(25)", "fitness": 0.0}
{"generation": 4, "position": 37, "parents": [53, 27], "genome": "d(34) r(25,78) r(33,177) r(32,27) a(2,62)", "fitness": 0.0}
{"generation": 4, "position": 38, "parents": [53], "genome": "d(35) d(34) r(28,78) r(32,27) r(33,176)", "fitness": 0.0}
{"generation": 4, "position": 39, "parents": [27], "genome": "d(34) r(25,78) r(33,177) d(2)", "fitness": 0.0}
{"generation": 4, "position": 40, "parents": [19], "genome": "a(35,46) a(34,134) a(35,57) d(34)", "fitness": 4.0}
{"generation": 4, "position": 41, "parents": [50], "genome": "r(28,176) d(35) a(34,80) a(1,1) d(3)", "fitness": 12.0}
{"generation": 4, "position": 42, "parents": [27, 46], "genome": "d(34) d(35)", "fitness": 4.0}
{"generation": 4, "position": 43, "parents": [27, 46], "genome": "d(35) d(34) r(28,78) d(3) r(25,78) r(33,177) a(1,164)", "fitness": 0.0}
{"generation": 4, "position": 44, "parents": [27], "genome": "d(34) r(25,78) r(33,177) d(2)", "fitness": 0.0}
{"generation": 4, "position": 45, "parents": [46], "genome": "d(35) d(34) r(28,78) d(3) d(1)", "fitness": 0.0}
{"generation": 4, "position": 46, "parents": [7], "genome": "r(33,62) d(2) d(32) r(31,50) r(28,80) r(1,164)", "fitness": 0.0}
{"generation": 4, "position": 47, "parents": [9], "genome": "d(35) r(28,60) r(33,84) d(34) a(2,3) r(1,76) r(32,33)", "fitness": 0.0}
{"generation": 4, "position": 48, "parents": [30, 18], "genome": "a(34,86) d(34) a(2,60) r(35,53) r(2,27) a(31,37) d(31)", "fitness": 0.0}
{"generation": 4, "position": 49, "parents": [30, 18], "genome": "r(33,53) d(28)", "fitness": 0.0}
{"generation": 4, "position": 50, "parents": [30], "genome": "a(34,86) d(34) a(2,60) r(35,53) r(27,178)", "fitness": 12.0}
{"generation": 4, "position": 51, "parents": [18], "genome": "r(33,53) r(2,27) a(31,37) r(28,46)", "fitness": 0.0}
{"generation": 4, "position": 52, "parents": [19], "genome": "a(35,46) a(34,134) a(35,57) a(34,100)", "fitness": 4.0}
{"generation": 5, "position": 0, "parents": [15, 49], "genome": "a(34,1) r(34,54) d(35) d(34) a(2,52) d(28) r(32,35)", "fitness": 0.0}
{"generation": 5, "position": 1, "parents": [15, 49], "genome": "r(33,53) r(31,158) d(2)", "fitness": 0.0}
{"generation": 5, "position": 2, "parents": [15], "genome": "a(34,1) r(34,54) d(35) d(34) a(2,52) r(31,158) d(33)", "fitness": 0.0}
{"generation": 5, "position": 3, "parents": [49], "genome": "r(33,53) d(28) a(27,53)", "fitness": 0.0}
{"generation": 5, "position": 4, "parents": [4], "genome": "a(34,38) r(35,57) d(35) d(34) r(31,138) a(27,97) d(28)", "fitness": 0.0}
{"generation": 5, "position": 5, "parents": [4], "genome": "a(34,38) r(35,57) d(35) d(34) r(31,138) a(27,97) a(2,100)", "fitness": 0.0}
{"generation": 5, "position": 6, "parents": [32, 38], "genome": "d(34) r(25,78) r(33,177) r(3,148) r(32,27) r(33,176) a(31,35)", "fitness": 0.0}
{"generation": 5, "position": 7, "parents": [32, 38], "genome": "d(35) d(34) r(28,78) d(27)", "fitness": 0.0}
{"generation": 5, "position": 8, "parents": [32], "genome": "d(34) r(25,78) r(33,177) r(3,148) r(2,61)", "fitness": 0.0}
{"generation": 5, "position": 9, "parents": [38], "genome": "d(35) d(34) r(28,78) r(32,27) r(33,176) r(1,99)", "fitness": 0.0}
{"generation": 5, "position": 10, "parents": [18, 39], "genome": "d(34) r(25,78) r(32,46) a(35,1)", "fitness": 0.0}
{"generation": 5, "position": 11, "parents": [18, 39], "genome": "d(34) r(25,78) r(33,177) d(2) d(33) d(31)", "fitness": 0.0}
{"generation": 5, "position": 12, "parents": [18], "genome": "d(34) r(25,78) r(32,46) d(33) d(2)", "fitness": 0.0}
{"generation": 5, "position": 13, "parents": [39], "genome": "d(34) r(25,78) r(33,177) d(2) a(1,176)", "fitness": 0.0}
{"generation": 5, "position": 14, "parents": [13], "genome": "a(34,1) r(34,54) d(34) r(28,47) a(27,177) d(1) a(32,45) d(33)", "fitness": 0.0}
{"generation": 5, "position": 15, "parents": [6], "genome": "d(35) d(31) r(35,94) d(25) r(3,94) a(33,177) a(34,100)", "fitness": 0.0}
{"generation": 5, "position": 16, "parents": [26], "genome": "d(35) r(28,60) r(33,84) d(34) a(2,3) r(1,76) d(25) a(32,38)", "fitness": 0.0}
{"generation": 5, "position": 17, "parents": [23], "genome": "a(34,38) r(35,57) r(32,97) r(34,82) a(25,78) d(33)", "fitness": 0.0}
{"generation": 5, "position": 18, "parents": [33], "genome": "r(33,53) r(2,27) a(31,37) r(32,46) r(27,34)", "fitness": 0.0}
{"generation": 5, "position": 19, "parents": [7], "genome": "r(28,176) a(34,48) d(2) r(34,164) d(33) a(32,87)", "fitness": 0.0}
{"generation": 5, "position": 20, "parents": [45, 45], "genome": "d(35) d(34) r(28,78) d(34) r(28,78) d(3) d(1) a(25,94)", "fitness": 0.0}
{"generation": 5, "position": 21, "parents": [45, 45], "genome": "d(35) d(3) d(1) d(32)", "fitness": 0.0}
{"generation": 5, "position": 22, "parents": [45], "genome": "d(35) d(34) r(28,78) d(3) d(1) r(25,36)", "fitness": 0.0}
{"generation": 5, "position": 23, "parents": [45], "genome": "d(35) d(34) r(28,78) d(3) d(1) a(32,108)", "fitness": 0.0}
{"generation": 5, "position": 24, "parents": [13], "genome": "a(34,1) r(34,54) d(34) r(28,47) a(27,177) d(1) a(32,45) d(35)", "fitness": 0.0}
{"generation": 5, "position": 25, "parents": [31], "genome": "r(33,53) r(2,27) a(31,37) r(33,177) a(31,112) r(32,170)", "fitness": 0.0}
{"generation": 5, "position": 26, "parents": [4], "genome": "a(34,38) r(35,57) d(35) d(34) r(31,138) a(27,97) a(2,76)", "fitness": 0.0}
{"generation": 5, "position": 27, "parents": [1], "genome": "a(34,86) d(34) a(2,60) r(35,53) a(25,77) a(25,33)", "fitness": 0.0}
{"generation": 5, "position": 28, "parents": [11], "genome": "d(35) r(28,60) r(33,84) d(27) a(1,138) a(1,48)", "fitness": 0.0}
{"generation": 5, "position": 29, "parents": [15], "genome": "a(34,1) r(34,54) d(35) d(34) a(2,52) r(31,158) a(28,32)", "fitness": 0.0}
{"generation": 5, "position": 30, "parents": [26, 25], "genome": "d(35) r(28,60) r(33,77) r(1,76) r(31,78) a(25,76)", "fitness": 0.0}
{"generation": 5, "position": 31, "parents": [26, 25], "genome": "a(34,1) r(34,54) r(33,84) d(34) a(2,3) r(1,76) d(25) d(31)", "fitness": 0.0}
{"generation": 5, "position": 32, "parents": [26], "genome": "d(35) r(28,60) r(33,84) d(34) a(2,3) r(1,76) d(25) a(32,78)", "fitness": 0.0}
{"generation": 5, "position": 33, "parents": [25], "genome": "a(34,1) r(34,54) r(33,77) r(1,76) r(31,78) a(25,34)", "fitness": 0.0}
{"generation": 5, "position": 34, "parents": [45], "genome": "d(35) d(34) r(28,78) d(3) d(1) a(33,84)", "fitness": 0.0}
{"generation": 5, "position": 35, "parents": [25], "genome": "a(34,1) r(34,54) r(33,77) r(1,76) r(31,78) r(28,135)", "fitness": 0.0}
{"generation": 5, "position": 36, "parents": [13], "genome": "a(34,1) r(34,54) d(34) r(28,47) a(27,177) d(1) a(32,45) a(25,54)", "fitness": 0.0}
{"generation": 5, "position": 37, "parents": [16], "genome": "d(34) r(25,78) r(35,57) a(28,76) d(28) r(32,170) r(2,49)", "fitness": 0.0}
{"generation": 5, "position": 38, "parents": [26, 37], "genome": "d(35) r(32,27) a(2,62) r(34,69)", "fitness": 0.0}
{"generation": 5, "position": 39, "parents": [26, 37], "genome": "d(34) r(25,78) r(33,177) r(28,60) r(33,84) d(34) a(2,3) r(1,76) d(25) d(32)", "fitness": 0.0}
{"generation": 5, "position": 40, "parents": [26], "genome": "d(35) r(28,60) r(33,84) d(34) a(2,3) r(1,76) d(25) a(32,70)", "fitness": 0.0}
{"generation": 5, "position": 41, "parents": [37], "genome": "d(34) r(25,78) r(33,177) r(32,27) a(2,62) a(1,82)", "fitness": 0.0}
{"generation": 5, "position": 42, "parents": [16, 46], "genome": "d(34) d(2) d(32) r(31,50) r(28,80) r(1,164) r(33,82)", "fitness": 0.0}
{"generation": 5, "position": 43, "parents": [16, 46], "genome": "r(33,62) r(25,78) r(35,57) a(28,76) d(28) r(32,170) a(1,51)", "fitness": 0.0}
{"generation": 5, "position": 44, "parents": [16], "genome": "d(34) r(25,78) r(35,57) a(28,76) d(28) r(32,170) a(1,60)", "fitness": 0.0}
{"generation": 5, "position": 45, "parents": [46], "genome": "r(33,62) d(2) d(32) r(31,50) r(28,80) r(1,164) a(25,65)", "fitness": 0.0}
{"generation": 5, "position": 46, "parents": [15], "genome": "a(34,1) r(34,54) d(35) d(34) a(2,52) r(31,158) r(1,57)", "fitness": 0.0}
{"generation": 5, "position": 47, "parents": [7], "genome": "r(28,176) a(34,48) d(2) r(34,164) d(33) d(27)", "fitness": 0.0}
{"generation": 5, "position": 48, "parents": [52], "genome": "a(35,46) a(34,134) a(35,57) a(34,100) d(28)", "fitness": 12.0}
{"generation": 5, "position": 49, "parents": [25], "genome": "a(34,1) r(34,54) r(33,77) r(1,76) r(31,78) r(25,97)", "fitness": 0.0}
{"generation": 5, "position": 50, "parents": [38], "genome": "d(35) d(34) r(28,78) r(32,27) r(33,176) a(2,82)", "fitness": 0.0}
{"generation": 5, "position": 51, "parents": [5], "genome": "d(34) r(25,78) a(35,100) a(28,49) a(35,60)", "fitness": 0.0}
{"generation": 5, "position": 52, "parents": [43], "genome": "d(35) d(34) r(28,78) d(3) r(25,78) r(33,177) a(1,164) d(2)", "fitness": 0.0}
{"generation": 6, "position": 0, "parents": [4, 26], "genome": "a(34,38) r(35,57) d(35) d(34) r(31,138) a(27,97) a(2,76) r(1,54)", "fitness": 0.0}
{"generation": 6, "position": 1, "parents": [4, 26], "genome": "a(34,38) r(35,57) d(35) d(34) r(31,138) a(27,97) d(28) a(32,112)", "fitness": 0.0}
{"generation": 6, "position": 2, "parents": [4], "genome": "a(34,38) r(35,57) d(35) d(34) r(31,138) a(27,97) d(28) d(2)", "fitness": 0.0}
{"generation": 6, "position": 3, "parents": [26], "genome": "a(34,38) r(35,57) d(35) d(34) r(31,138) a(27,97) a(2,76) d(32)", "fitness": 0.0}
{"generation": 6, "position": 4, "parents": [6], "genome": "d(34) r(25,78) r(33,177) r(3,148) r(32,27) r(33,176) a(31,35) a(2,108)", "fitness": 0.0}
{"generation": 6, "position": 5, "parents": [8], "genome": "d(34) r(25,78) r(33,177) r(3,148) r(2,61) a(28,50)", "fitness": 0.0}
{"generation": 6, "position": 6, "parents": [18], "genome": "r(33,53) r(2,27) a(31,37) r(32,46) r(27,34) r(31,94)", "fitness": 0.0}
{"generation": 6, "position": 7, "parents": [35], "genome": "a(34,1) r(34,54) r(33,77) r(1,76) r(31,78) r(28,135) r(25,48)", "fitness": 0.0}
{"generation": 6, "position": 8, "parents": [26], "genome": "a(34,38) r(35,57) d(35) d(34) r(31,138) a(27,97) a(2,76) r(1,50)", "fitness": 0.0}
{"generation": 6, "position": 9, "parents": [18], "genome": "r(33,53) r(2,27) a(31,37) r(32,46) r(27,34) a(25,148)", "fitness": 0.0}
{"generation": 6, "position": 10, "parents": [5, 9], "genome": "a(34,38) r(35,57) d(35) r(32,27) r(33,176) r(1,99) r(28,83)", "fitness": 0.0}
{"generation": 6, "position": 11, "parents": [5, 9], "genome": "d(35) d(34) r(28,78) d(34) r(31,138) a(27,97) a(2,100) a(33,64)", "fitness": 0.0}
{"generation": 6, "position": 12, "parents": [5], "genome": "a(34,38) r(35,57) d(35) d(34) r(31,138) a(27,97) a(2,100) r(28,34)", "fitness": 0.0}
{"generation": 6, "position": 13, "parents": [9], "genome": "d(35) d(34) r(28,78) r(32,27) r(33,176) r(1,99) a(27,28)", "fitness": 0.0}
{"generation": 6, "position": 14, "parents": [39], "genome": "d(34) r(25,78) r(33,177) r(28,60) r(33,84) d(34) a(2,3) r(1,76) d(25) d(32)", "fitness": 0.0}
{"generation": 6, "position": 15, "parents": [2], "genome": "a(34,1) r(34,54) d(35) d(34) a(2,52) r(31,158) d(33) r(28,82)", "fitness": 0.0}
{"generation": 6, "position": 16, "parents": [45, 12], "genome": "r(33,62) r(25,78) r(32,46) d(33) d(2) a(31,134)", "fitness": 0.0}
{"generation": 6, "position": 17, "parents": [45, 12], "genome": "d(34) d(2) d(32) r(31,50) r(28,80) r(1,164) a(25,65) r(35,65)", "fitness": 0.0}
{"generation": 6, "position": 18, "parents": [45], "genome": "r(33,62) d(2) d(32) r(31,50) r(28,80) r(1,164) a(25,65) d(27)", "fitness": 0.0}
{"generation": 6, "position": 19, "parents": [12], "genome": "d(34) r(25,78) r(32,46) d(33) d(2) d(28)", "fitness": 0.0}
{"generation": 6, "position": 20, "parents": [32], "genome": "d(35) r(28,60) r(33,84) d(34) a(2,3) r(1,76) d(25) a(32,78) r(32,148)", "fitness": 0.0}
{"generation": 6, "position": 21, "parents": [49], "genome": "a(34,1) r(34,54) r(33,77) r(1,76) r(31,78) r(25,97) d(28)", "fitness": 0.0}
{"generation": 6, "position": 22, "parents": [34], "genome": "d(35) d(34) r(28,78) d(3) d(1) a(33,84) a(27,36)", "fitness": 0.0}
{"generation": 6, "position": 23, "parents": [18], "genome": "r(33,53) r(2,27) a(31,37) r(32,46) r(27,34) d(31)", "fitness": 0.0}
{"generation": 6, "position": 24, "parents": [13], "genome": "d(34) r(25,78) r(33,177) d(2) a(1,176) d(32)", "fitness": 0.0}
{"generation": 6, "position": 25, "parents": [7], "genome": "d(35) d(34) r(28,78) d(27) a(3,25)", "fitness": 0.0}
{"generation": 6, "position": 26, "parents": [24, 52], "genome": "a(34,1) r(34,54) d(34) r(28,47) a(27,177) d(1) a(32,45) d(35) d(3) r(25,78) r(33,177) a(1,164) d(2) r(32,100)", "fitness": 0.0}
{"generation": 6, "position": 27, "parents": [24, 52], "genome": "d(35) d(34) r(28,78) r(1,78)", "fitness": 0.0}
{"generation": 6, "position": 28, "parents": [24], "genome": "a(34,1) r(34,54) d(34) r(28,47) a(27,177) d(1) a(32,45) d(35) r(32,64)", "fitness": 0.0}
{"generation": 6, "position": 29, "parents": [52], "genome": "d(35) d(34) r(28,78) d(3) r(25,78) r(33,177) a(1,164) d(2) d(32)", "fitness": 0.0}
{"generation": 6, "position": 30, "parents": [36], "genome": "a(34,1) r(34,54) d(34) r(28,47) a(27,177) d(1) a(32,45) a(25,54) r(35,69)", "fitness": 0.0}
{"generation": 6, "position": 31, "parents": [15], "genome": "d(35) d(31) r(35,94) d(25) r(3,94) a(33,177) a(34,100) a(34,38)", "fitness": 0.0}
{"generation": 6, "position": 32, "parents": [34, 19], "genome": "d(35) d(34) r(34,164) d(33) a(32,87) a(28,47)", "fitness": 0.0}
{"generation": 6, "position": 33, "parents": [34, 19], "genome": "r(28,176) a(34,48) d(2) r(28,78) d(3) d(1) a(33,84) r(35,130)", "fitness": 0.0}
{"generation": 6, "position": 34, "parents": [34], "genome": "d(35) d(34) r(28,78) d(3) d(1) a(33,84) r(33,57)", "fitness": 0.0}
{"generation": 6, "position": 35, "parents": [19], "genome": "r(28,176) a(34,48) d(2) r(34,164) d(33) a(32,87) r(32,31)", "fitness": 0.0}
{"generation": 6, "position": 36, "parents": [9], "genome": "d(35) d(34) r(28,78) r(32,27) r(33,176) r(1,99) d(25)", "fitness": 0.0}
{"generation": 6, "position": 37, "parents": [49], "genome": "a(34,1) r(34,54) r(33,77) r(1,76) r(31,78) r(25,97) r(28,77)", "fitness": 0.0}
{"generation": 6, "position": 38, "parents": [39], "genome": "d(34) r(25,78) r(33,177) r(28,60) r(33,84) d(34) a(2,3) r(1,76) d(25) d(32)", "fitness": 0.0}
{"generation": 6, "position": 39, "parents": [11], "genome": "d(34) r(25,78) r(33,177) d(2) d(33) d(31) d(28)", "fitness": 0.0}
{"generation": 6, "position": 40, "parents": [9], "genome": "d(35) d(34) r(28,78) r(32,27) r(33,176) r(1,99) a(27,84)", "fitness": 0.0}
{"generation": 6, "position": 41, "parents": [44], "genome": "d(34) r(25,78) r(35,57) a(28,76) d(28) r(32,170) a(1,60) d(3)", "fitness": 0.0}
{"generation": 6, "position": 42, "parents": [36, 47], "genome": "a(34,1) r(34,54) d(34) r(28,47) a(27,177) d(1) d(27) a(35,28)", "fitness": 0.0}
{"generation": 6, "position": 43, "parents": [36, 47], "genome": "r(28,176) a(34,48) d(2) r(34,164) d(33) a(32,45) a(25,54) a(1,50)", "fitness": 0.0}
{"generation": 6, "position": 44, "parents": [36], "genome": "a(34,1) r(34,54) d(34) r(28,47) a(27,177) d(1) a(32,45) a(25,54) d(35)", "fitness": 0.0}
{"generation": 6, "position": 45, "parents": [47], "genome": "r(28,176) a(34,48) d(2) r(34,164) d(33) d(27) r(32,177)", "fitness": 0.0}
{"generation": 6, "position": 46, "parents": [38], "genome": "d(35) r(32,27) a(2,62) r(34,69) d(2)", "fitness": 0.0}
{"generation": 6, "position": 47, "parents": [50], "genome": "d(35) d(34) r(28,78) r(32,27) r(33,176) a(2,82) d(3)", "fitness": 0.0}
{"generation": 6, "position": 48, "parents": [4], "genome": "a(34,38) r(35,57) d(35) d(34) r(31,138) a(27,97) d(28) a(33,45)", "fitness": 0.0}
{"generation": 6, "position": 49, "parents": [9], "genome": "d(35) d(34) r(28,78) r(32,27) r(33,176) r(1,99) d(25)", "fitness": 0.0}
{"generation": 6, "position": 50, "parents": [44, 44], "genome": "d(34) r(25,78) r(35,57) a(28,76) d(28) r(32,170) a(1,60) r(1,27)", "fitness": 0.0}
{"generation": 6, "position": 51, "parents": [44, 44], "genome": "d(34) r(25,78) r(35,57) a(28,76) d(28) r(32,170) a(1,60) a(3,51)", "fitness": 0.0}
{"generation": 6, "position": 52, "parents": [44], "genome": "d(34) r(25,78) r(35,57) a(28,76) d(28) r(32,170) a(1,60) r(1,65)", "fitness": 0.0}
{"generation": 7, "position": 0, "parents": [44, 27], "genome": "a(34,1) r(34,54) d(34) r(28,47) a(27,177) d(1) r(1,78) a(33,97)", "fitness": 0.0}
{"generation": 7, "position": 1, "parents": [44, 27], "genome": "d(35) d(34) r(28,78) a(32,45) a(25,54) d(35) a(33,38)", "fitness": 0.0}
{"generation": 7, "position": 2, "parents": [44], "genome": "a(34,1) r(34,54) d(34) r(28,47) a(27,177) d(1) a(32,45) a(25,54) d(35) r(27,108)", "fitness": 0.0}
{"generation": 7, "position": 3, "parents": [27], "genome": "d(35) d(34) r(28,78) r(1,78) a(25,83)", "fitness": 0.0}
{"generation": 7, "position": 4, "parents": [22], "genome": "d(35) d(34) r(28,78) d(3) d(1) a(33,84) a(27,36) d(33)", "fitness": 0.0}
{"generation": 7, "position": 5, "parents": [7], "genome": "a(34,1) r(34,54) r(33,77) r(1,76) r(31,78) r(28,135) r(25,48) d(32)", "fitness": 0.0}
{"generation": 7, "position": 6, "parents": [39, 48], "genome": "d(34) r(25,78) r(33,177) a(3,61)", "fitness": 0.0}
{"generation": 7, "position": 7, "parents": [39, 48], "genome": "a(34,38) r(35,57) d(35) d(34) r(31,138) a(27,97) d(28) a(33,45) d(2) d(33) d(31) d(28) r(25,76)", "fitness": 0.0}
{"generation": 7, "position": 8, "parents": [39], "genome": "d(34) r(25,78) r(33,177) d(2) d(33) d(31) d(28) r(1,65)", "fitness": 0.0}
{"generation": 7, "position": 9, "parents": [48], "genome": "a(34,38) r(35,57) d(35) d(34) r(31,138) a(27,97) d(28) a(33,45) r(32,47)", "fitness": 0.0}
{"generation": 7, "position": 10, "parents": [48], "genome": "a(34,38) r(35,57) d(35) d(34) r(31,138) a(27,97) d(28) a(33,45) d(1)", "fitness": 0.0}
{"generation": 7, "position": 11, "parents": [11], "genome": "d(35) d(34) r(28,78) d(34) r(31,138) a(27,97) a(2,100) a(33,64) r(32,178)", "fitness": 0.0}
{"generation": 7, "position": 12, "parents": [7], "genome": "a(34,1) r(34,54) r(33,77) r(1,76) r(31,78) r(28,135) r(25,48) a(32,87)", "fitness": 0.0}
{"generation": 7, "position": 13, "parents": [3], "genome": "a(34,38) r(35,57) d(35) d(34) r(31,138) a(27,97) a(2,76) d(32) d(3)", "fitness": 0.0}
{"generation": 7, "position": 14, "parents": [6, 7], "genome": "r(33,53) r(2,27) a(31,37) r(1,158)", "fitness": 4.0}
{"generation": 7, "position": 15, "parents": [6, 7], "genome": "a(34,1) r(34,54) r(33,77) r(1,76) r(31,78) r(28,135) r(25,48) r(32,46) r(27,34) r(31,94)", "fitness": 0.0}
{"generation": 7, "position": 16, "parents": [6], "genome": "r(33,53) r(2,27) a(31,37) r(32,46) r(27,34) r(31,94) d(1)", "fitness": 0.0}
{"generation": 7, "position": 17, "parents": [7], "genome": "a(34,1) r(34,54) r(33,77) r(1,76) r(31,78) r(28,135) r(25,48) d(32)", "fitness": 0.0}
{"generation": 7, "position": 18, "parents": [8], "genome": "a(34,38) r(35,57) d(35) d(34) r(31,138) a(27,97) a(2,76) r(1,50) d(33)", "fitness": 0.0}
{"generation": 7, "position": 19, "parents": [43], "genome": "r(28,176) a(34,48) d(2) r(34,164) d(33) a(32,45) a(25,54) a(1,50) d(1)", "fitness": 0.0}
{"generation": 7, "position": 20, "parents": [3], "genome": "a(34,38) r(35,57) d(35) d(34) r(31,138) a(27,97) a(2,76) d(32) a(25,37)", "fitness": 0.0}
{"generation": 7, "position": 21, "parents": [17], "genome": "d(34) d(2) d(32) r(31,50) r(28,80) r(1,164) a(25,65) r(35,65) d(25)", "fitness": 0.0}
{"generation": 7, "position": 22, "parents": [1, 48], "genome": "a(34,38) r(35,57) d(35) d(34) d(34) r(31,138) a(27,97) d(28) a(33,45) a(25,27)", "fitness": 0.0}
{"generation": 7, "position": 23, "parents": [1, 48], "genome": "a(34,38) r(35,57) d(35) r(31,138) a(27,97) d(28) a(32,112) a(34,135)", "fitness": 0.0}
{"generation": 7, "position": 24, "parents": [1], "genome": "a(34,38) r(35,57) d(35) d(34) r(31,138) a(27,97) d(28) a(32,112) r(33,70)", "fitness": 0.0}
{"generation": 7, "position": 25, "parents": [48], "genome": "a(34,38) r(35,57) d(35) d(34) r(31,138) a(27,97) d(28) a(33,45) r(27,57)", "fitness": 0.0}
{"generation": 7, "position": 26, "parents": [45, 19], "genome": "r(28,176) a(34,48) d(2) r(34,164) d(33) d(27) r(32,46) d(33) d(2) d(28) d(25)", "fitness": 0.0}
{"generation": 7, "position": 27, "parents": [45, 19], "genome": "d(34) r(25,78) r(32,177) d(35)", "fitness": 0.0}
{"generation": 7, "position": 28, "parents": [45], "genome": "r(28,176) a(34,48) d(2) r(34,164) d(33) d(27) r(32,177) a(25,46)", "fitness": 0.0}
{"generation": 7, "position": 29, "parents": [19], "genome": "d(34) r(25,78) r(32,46) d(33) d(2) d(28) d(1)", "fitness": 0.0}
{"generation": 7, "position": 30, "parents": [6, 42], "genome": "r(33,53) r(28,47) a(27,177) d(1) d(27) a(35,28) r(32,134)", "fitness": 0.0}
{"generation": 7, "position": 31, "parents": [6, 42], "genome": "a(34,1) r(34,54) d(34) r(2,27) a(31,37) r(32,46) r(27,34) r(31,94) a(35,176)", "fitness": 0.0}
{"generation": 7, "position": 32, "parents": [6], "genome": "r(33,53) r(2,27) a(31,37) r(32,46) r(27,34) r(31,94) r(28,48)", "fitness": 0.0}
{"generation": 7, "position": 33, "parents": [42], "genome": "a(34,1) r(34,54) d(34) r(28,47) a(27,177) d(1) d(27) a(35,28) d(35)", "fitness": 0.0}
{"generation": 7, "position": 34, "parents": [1], "genome": "a(34,38) r(35,57) d(35) d(34) r(31,138) a(27,97) d(28) a(32,112) r(1,170)", "fitness": 0.0}
{"generation": 7, "position": 35, "parents": [0], "genome": "a(34,38) r(35,57) d(35) d(34) r(31,138) a(27,97) a(2,76) r(1,54) d(28)", "fitness": 0.0}
{"generation": 7, "position": 36, "parents": [36, 38], "genome": "d(35) d(34) r(28,78) r(32,27) d(34) a(2,3) r(1,76) d(25) d(32) r(33,34)", "fitness": 0.0}
{"generation": 7, "position": 37, "parents": [36, 38], "genome": "d(34) r(25,78) r(33,177) r(28,60) r(33,84) r(33,176) r(1,99) d(25) r(32,95)", "fitness": 0.0}
{"generation": 7, "position": 38, "parents": [36], "genome": "d(35) d(34) r(28,78) r(32,27) r(33,176) r(1,99) d(25)", "fitness": 0.0}
{"generation": 7, "position": 39, "parents": [38], "genome": "d(34) r(25,78) r(33,177) r(28,60) r(33,84) d(34) a(2,3) r(1,76) d(25) d(32)", "fitness": 0.0}
{"generation": 7, "position": 40, "parents": [49], "genome": "d(35) d(34) r(28,78) r(32,27) r(33,176) r(1,99) d(25)", "fitness": 0.0}
{"generation": 7, "position": 41, "parents": [51], "genome": "d(34) r(25,78) r(35,57) a(28,76) d(28) r(32,170) a(1,60) a(3,51) d(2)", "fitness": 0.0}
{"generation": 7, "position": 42, "parents": [24], "genome": "d(34) r(25,78) r(33,177) d(2) a(1,176) d(32) a(31,135)", "fitness": 0.0}
{"generation": 7, "position": 43, "parents": [33], "genome": "r(28,176) a(34,48) d(2) r(28,78) d(3) d(1) a(33,84) r(35,130) d(34)", "fitness": 0.0}
{"generation": 7, "position": 44, "parents": [13], "genome": "d(35) d(34) r(28,78) r(32,27) r(33,176) r(1,99) a(27,28) r(27,135)", "fitness": 0.0}
{"generation": 7, "position": 45, "parents": [30], "genome": "a(34,1) r(34,54) d(34) r(28,47) a(27,177) d(1) a(32,45) a(25,54) r(35,69) d(27)", "fitness": 0.0}
{"generation": 7, "position": 46, "parents": [44], "genome": "a(34,1) r(34,54) d(34) r(28,47) a(27,177) d(1) a(32,45) a(25,54) d(35) a(33,69)", "fitness": 0.0}
{"generation": 7, "position": 47, "parents": [4], "genome": "d(34) r(25,78) r(33,177) r(3,148) r(32,27) r(33,176) a(31,35) a(2,108) r(28,34)", "fitness": 0.0}
{"generation": 7, "position": 48, "parents": [1, 53], "genome": "a(34,38) r(35,57) a(1,60) d(33) d(1)", "fitness": 0.0}
{"generation": 7, "position": 49, "parents": [1, 53], "genome": "d(34) r(25,78) r(35,57) a(28,76) d(28) r(32,170) d(35) d(34) r(31,138) a(27,97) d(28) a(32,112) a(33,47)", "fitness": 0.0}
{"generation": 7, "position": 50, "parents": [1], "genome": "a(34,38) r(35,57) d(35) d(34) r(31,138) a(27,97) d(28) a(32,112) r(3,77)", "fitness": 0.0}
{"generation": 7, "position": 51, "parents": [53], "genome": "d(34) r(25,78) r(35,57) a(28,76) d(28) r(32,170) a(1,60) d(33) d(2)", "fitness": 0.0}
{"generation": 7, "position": 52, "parents": [10, 27], "genome": "a(34,38) r(1,78) a(28,44)", "fitness": 0.0}
{"generation": 7, "position": 53, "parents": [10, 27], "genome": "d(35) d(34) r(28,78) r(35,57) d(35) r(32,27) r(33,176) r(1,99) r(28,83) r(27,33)", "fitness": 0.0}
{"generation": 7, "position": 54, "parents": [10], "genome": "a(34,38) r(35,57) d(35) r(32,27) r(33,176) r(1,99) r(28,83) a(25,87)", "fitness": 0.0}
{"generation": 7, "position": 55, "parents": [27], "genome": "d(35) d(34) r(28,78) r(1,78) a(25,84)", "fitness": 0.0}
{"generation": 7, "position": 56, "parents": [21], "genome": "a(34,1) r(34,54) r(33,77) r(1,76) r(31,78) r(25,97) d(28) d(32)", "fitness": 0.0}
{"generation": 8, "position": 0, "parents": [11], "genome": "d(35) d(34) r(28,78) d(34) r(31,138) a(27,97) a(2,100) a(33,64) r(32,178) r(2,78)", "fitness": 0.0}
{"generation": 8, "position": 1, "parents": [2], "genome": "a(34,1) r(34,54) d(34) r(28,47) a(27,177) d(1) a(32,45) a(25,54) d(35) r(27,108) r(33,51)", "fitness": 0.0}
{"generation": 8, "position": 2, "parents": [17, 56], "genome": "a(34,1) r(34,54) r(33,77) r(1,76) r(31,78) r(28,135) r(33,77) r(1,76) r(31,78) r(25,97) d(28) d(32)", "fitness": 0.0}
{"generation": 8, "position": 3, "parents": [17, 56], "genome": "a(34,1) r(34,54) r(25,48) d(32) d(35)", "fitness": 0.0}
{"generation": 8, "position": 4, "parents": [17], "genome": "a(34,1) r(34,54) r(33,77) r(1,76) r(31,78) r(28,135) r(25,48) d(32)", "fitness": 0.0}
{"generation": 8, "position": 5, "parents": [56], "genome": "a(34,1) r(34,54) r(33,77) r(1,76) r(31,78) r(25,97) d(28) d(32)", "fitness": 0.0}
{"generation": 8, "position": 6, "parents": [44, 15], "genome": "d(35) d(34) r(28,78) r(32,27) r(33,176) r(1,99) a(27,28) r(27,135) r(1,76) r(31,78) r(28,135) r(25,48) r(32,46) r(27,34) r(31,94)", "fitness": 0.0}
{"generation": 8, "position": 7, "parents": [44, 15], "genome": "a(34,1) r(34,54) r(33,77) r(1,164)", "fitness": 4.0}
{"generation": 8, "position": 8, "parents": [44], "genome": "d(35) d(34) r(28,78) r(32,27) r(33,176) r(1,99) a(27,28) r(27,135) r(25,35)", "fitness": 0.0}
{"generation": 8, "position": 9, "parents": [15], "genome": "a(34,1) r(34,54) r(33,77) r(1,76) r(31,78) r(28,135) r(25,48) r(32,46) r(27,34) r(31,94)", "fitness": 0.0}
{"generation": 8, "position": 10, "parents": [51], "genome": "d(34) r(25,78) r(35,57) a(28,76) d(28) r(32,170) a(1,60) d(33) d(2) d(1)", "fitness": 0.0}
{"generation": 8, "position": 11, "parents": [18], "genome": "a(34,38) r(35,57) d(35) d(34) r(31,138) a(27,97) a(2,76) r(1,50) d(33) d(25)", "fitness": 0.0}
{"generation": 8, "position": 12, "parents": [17, 33], "genome": "a(34,1) r(34,54) r(33,77) r(1,76) r(31,78) r(28,135) r(34,54) d(34) r(28,47) a(27,177) d(1) d(27) a(35,28) d(35) r(25,54)", "fitness": 0.0}
{"generation": 8, "position": 13, "parents": [17, 33], "genome": "a(34,1) r(25,48) d(32) r(35,62)", "fitness": 0.0}
{"generation": 8, "position": 14, "parents": [17], "genome": "a(34,1) r(34,54) r(33,77) r(1,76) r(31,78) r(28,135) r(25,48) d(32)", "fitness": 0.0}
{"generation": 8, "position": 15, "parents": [33], "genome": "a(34,1) r(34,54) d(34) r(28,47) a(27,177) d(1) d(27) a(35,28) d(35) d(33)", "fitness": 0.0}
{"generation": 8, "position": 16, "parents": [28], "genome": "r(28,176) a(34,48) d(2) r(34,164) d(33) d(27) r(32,177) a(25,46) d(25)", "fitness": 0.0}
{"generation": 8, "position": 17, "parents": [49], "genome": "d(34) r(25,78) r(35,57) a(28,76) d(28) r(32,170) d(35) d(34) r(31,138) a(27,97) d(28) a(32,112) a(33,47) r(1,158)", "fitness": 0.0}
{"generation": 8, "position": 18, "parents": [0], "genome": "a(34,1) r(34,54) d(34) r(28,47) a(27,177) d(1) r(1,78) a(33,97) r(35,87)", "fitness": 0.0}
{"generation": 8, "position": 19, "parents": [49], "genome": "d(34) r(25,78) r(35,57) a(28,76) d(28) r(32,170) d(35) d(34) r(31,138) a(27,97) d(28) a(32,112) a(33,47) d(1)", "fitness": 0.0}
{"generation": 8, "position": 20, "parents": [11], "genome": "d(35) d(34) r(28,78) d(34) r(31,138) a(27,97) a(2,100) a(33,64) r(32,178) r(1,32)", "fitness": 0.0}
{"generation": 8, "position": 21, "parents": [26], "genome": "r(28,176) a(34,48) d(2) r(34,164) d(33) d(27) r(32,46) d(33) d(2) d(28) d(25) a(1,54)", "fitness": 0.0}
{"generation": 8, "position": 22, "parents": [41], "genome": "d(34) r(25,78) r(35,57) a(28,76) d(28) r(32,170) a(1,60) a(3,51) d(2) d(1)", "fitness": 0.0}
{"generation": 8, "position": 23, "parents": [6], "genome": "d(34) r(25,78) r(33,177) a(3,61) d(2)", "fitness": 0.0}
{"generation": 8, "position": 24, "parents": [23, 44], "genome": "a(34,38) r(32,27) r(33,176) r(1,99) a(27,28) r(27,135) r(31,87)", "fitness": 0.0}
{"generation": 8, "position": 25, "parents": [23, 44], "genome": "d(35) d(34) r(28,78) r(35,57) d(35) r(31,138) a(27,97) d(28) a(32,112) a(34,135) a(27,38)", "fitness": 0.0}
{"generation": 8, "position": 26, "parents": [23], "genome": "a(34,38) r(35,57) d(35) r(31,138) a(27,97) d(28) a(32,112) a(34,135) r(25,83)", "fitness": 0.0}
{"generation": 8, "position": 27, "parents": [44], "genome": "d(35) d(34) r(28,78) r(32,27) r(33,176) r(1,99) a(27,28) r(27,135) r(25,37)", "fitness": 0.0}
{"generation": 8, "position": 28, "parents": [22, 21], "genome": "a(34,38) r(35,57) d(35) d(34) d(34) r(31,138) r(31,50) r(28,80) r(1,164) a(25,65) r(35,65) d(25) d(32)", "fitness": 0.0}
{"generation": 8, "position": 29, "parents": [22, 21], "genome": "d(34) d(2) d(32) a(27,97) d(28) a(33,45) a(25,27) d(25)", "fitness": 0.0}
{"generation": 8, "position": 30, "parents": [22], "genome": "a(34,38) r(35,57) d(35) d(34) d(34) r(31,138) a(27,97) d(28) a(33,45) a(25,27) d(25)", "fitness": 0.0}
{"generation": 8, "position": 31, "parents": [21], "genome": "d(34) d(2) d(32) r(31,50) r(28,80) r(1,164) a(25,65) r(35,65) d(25) a(33,148)", "fitness": 0.0}
{"generation": 8, "position": 32, "parents": [10, 50], "genome": "a(34,38) r(35,57) d(35) d(34) r(31,138) a(27,97) d(28) a(32,112) r(3,77) a(27,95)", "fitness": 0.0}
{"generation": 8, "position": 33, "parents": [10, 50], "genome": "a(34,38) r(35,57) d(35) d(34) r(31,138) a(27,97) d(28) a(33,45) d(1) a(32,177)", "fitness": 0.0}
{"generation": 8, "position": 34, "parents": [10], "genome": "a(34,38) r(35,57) d(35) d(34) r(31,138) a(27,97) d(28) a(33,45) d(1) d(25)", "fitness": 0.0}
{"generation": 8, "position": 35, "parents": [50], "genome": "a(34,38) r(35,57) d(35) d(34) r(31,138) a(27,97) d(28) a(32,112) r(3,77) d(33)", "fitness": 0.0}
{"generation": 8, "position": 36, "parents": [8], "genome": "d(34) r(25,78) r(33,177) d(2) d(33) d(31) d(28) r(1,65) d(32)", "fitness": 0.0}
{"generation": 8, "position": 37, "parents": [20], "genome": "a(34,38) r(35,57) d(35) d(34) r(31,138) a(27,97) a(2,76) d(32) a(25,37) a(27,108)", "fitness": 0.0}
{"generation": 8, "position": 38, "parents": [4, 0], "genome": "d(35) d(34) r(28,78) d(3) d(1) a(33,84) r(27,80)", "fitness": 0.0}
{"generation": 8, "position": 39, "parents": [4, 0], "genome": "a(34,1) r(34,54) d(34) r(28,47) a(27,177) d(1) r(1,78) a(33,97) a(27,36) d(33) a(32,178)", "fitness": 0.0}
{"generation": 8, "position": 40, "parents": [4], "genome": "d(35) d(34) r(28,78) d(3) d(1) a(33,84) a(27,36) d(33) r(27,70)", "fitness": 0.0}
{"generation": 8, "position": 41, "parents": [0], "genome": "a(34,1) r(34,54) d(34) r(28,47) a(27,177) d(1) r(1,78) a(33,97) a(35,80)", "fitness": 0.0}
{"generation": 8, "position": 42, "parents": [25], "genome": "a(34,38) r(35,57) d(35) d(34) r(31,138) a(27,97) d(28) a(33,45) r(27,57) a(2,2)", "fitness": 0.0}
{"generation": 8, "position": 43, "parents": [56], "genome": "a(34,1) r(34,54) r(33,77) r(1,76) r(31,78) r(25,97) d(28) d(32)", "fitness": 0.0}
{"generation": 8, "position": 44, "parents": [17, 17], "genome": "a(34,1) r(33,77) r(1,76) r(31,78) r(28,135) r(25,48) d(32)", "fitness": 0.0}
{"generation": 8, "position": 45, "parents": [17, 17], "genome": "a(34,1) r(34,54) r(34,54) r(33,77) r(1,76) r(31,78) r(28,135) r(25,48) d(32)", "fitness": 0.0}
{"generation": 8, "position": 46, "parents": [17], "genome": "a(34,1) r(34,54) r(33,77) r(1,76) r(31,78) r(28,135) r(25,48) d(32)", "fitness": 0.0}
{"generation": 8, "position": 47, "parents": [17], "genome": "a(34,1) r(34,54) r(33,77) r(1,76) r(31,78) r(28,135) r(25,48) d(32)", "fitness": 0.0}
{"generation": 8, "position": 48, "parents": [9], "genome": "a(34,38) r(35,57) d(35) d(34) r(31,138) a(27,97) d(28) a(33,45) r(32,47) a(25,83)", "fitness": 0.0}
{"generation": 8, "position": 49, "parents": [17], "genome": "a(34,1) r(34,54) r(33,77) r(1,76) r(31,78) r(28,135) r(25,48) d(32)", "fitness": 0.0}
{"generation": 8, "position": 50, "parents": [46], "genome": "a(34,1) r(34,54) d(34) r(28,47) a(27,177) d(1) a(32,45) a(25,54) d(35) a(33,69) r(25,46)", "fitness": 0.0}
{"generation": 8, "position": 51, "parents": [51], "genome": "d(34) r(25,78) r(35,57) a(28,76) d(28) r(32,170) a(1,60) d(33) d(2) r(1,158)", "fitness": 0.0}
{"generation": 8, "position": 52, "parents": [15], "genome": "a(34,1) r(34,54) r(33,77) r(1,76) r(31,78) r(28,135) r(25,48) r(32,46) r(27,34) r(31,94)", "fitness": 0.0}
{"generation": 8, "position": 53, "parents": [54], "genome": "a(34,38) r(35,57) d(35) r(32,27) r(33,176) r(1,99) r(28,83) a(25,87) r(27,50)", "fitness": 0.0}
{"generation": 8, "position": 54, "parents": [41, 26], "genome": "d(34) r(25,78) r(35,57) a(28,76) d(28) r(32,170) a(1,60) a(3,51) d(2) d(2) d(28) d(25) a(33,48)", "fitness": 0.0}
{"generation": 8, "position": 55, "parents": [41, 26], "genome": "r(28,176) a(34,48) d(2) r(34,164) d(33) d(27) r(32,46) d(33) a(25,27)", "fitness": 0.0}
{"generation": 8, "position": 56, "parents": [41], "genome": "d(34) r(25,78) r(35,57) a(28,76) d(28) r(32,170) a(1,60) a(3,51) d(2) d(1)", "fitness": 0.0}
{"generation": 9, "position": 0, "parents": [15], "genome": "a(34,1) r(34,54) d(34) r(28,47) a(27,177) d(1) d(27) a(35,28) d(35) d(33) r(25,170)", "fitness": 0.0}
{"generation": 9, "position": 1, "parents": [18], "genome": "a(34,1) r(34,54) d(34) r(28,47) a(27,177) d(1) r(1,78) a(33,97) r(35,87) d(32)", "fitness": 0.0}
{"generation": 9, "position": 2, "parents": [35], "genome": "a(34,38) r(35,57) d(35) d(34) r(31,138) a(27,97) d(28) a(32,112) r(3,77) d(33) d(2)", "fitness": 0.0}
{"generation": 9, "position": 3, "parents": [46], "genome": "a(34,1) r(34,54) r(33,77) r(1,76) r(31,78) r(28,135) r(25,48) d(32)", "fitness": 0.0}
{"generation": 9, "position": 4, "parents": [54], "genome": "d(34) r(25,78) r(35,57) a(28,76) d(28) r(32,170) a(1,60) a(3,51) d(2) d(2) d(28) d(25) a(33,48) d(33)", "fitness": 0.0}
{"generation": 9, "position": 5, "parents": [20], "genome": "d(35) d(34) r(28,78) d(34) r(31,138) a(27,97) a(2,100) a(33,64) r(32,178) r(1,32) d(27)", "fitness": 0.0}
{"generation": 9, "position": 6, "parents": [55], "genome": "r(28,176) a(34,48) d(2) r(34,164) d(33) d(27) r(32,46) d(33) a(25,27) a(1,77)", "fitness": 0.0}
{"generation": 9, "position": 7, "parents": [21], "genome": "r(28,176) a(34,48) d(2) r(34,164) d(33) d(27) r(32,46) d(33) d(2) d(28) d(25) a(1,54) d(1)", "fitness": 0.0}
{"generation": 9, "position": 8, "parents": [51], "genome": "d(34) r(25,78) r(35,57) a(28,76) d(28) r(32,170) a(1,60) d(33) d(2) r(1,158)", "fitness": 0.0}
{"generation": 9, "position": 9, "parents": [38], "genome": "d(35) d(34) r(28,78) d(3) d(1) a(33,84) r(27,80) r(25,86)", "fitness": 0.0}
{"generation": 9, "position": 10, "parents": [6, 56], "genome": "d(35) d(34) r(28,78) r(32,27) r(33,176) a(1,60) a(3,51) d(2) d(1) a(27,82)", "fitness": 0.0}
{"generation": 9, "position": 11, "parents": [6, 56], "genome": "d(34) r(25,78) r(35,57) a(28,76) d(28) r(32,170) r(1,99) a(27,28) r(27,135) r(1,76) r(31,78) r(28,135) r(25,48) r(32,46) r(27,34) r(31,94) a(33,60)", "fitness": 0.0}
{"generation": 9, "position": 12, "parents": [6], "genome": "d(35) d(34) r(28,78) r(32,27) r(33,176) r(1,99) a(27,28) r(27,135) r(1,76) r(31,78) r(28,135) r(25,48) r(32,46) r(27,34) r(31,94)", "fitness": 0.0}
{"generation": 9, "position": 13, "parents": [56], "genome": "d(34) r(25,78) r(35,57) a(28,76) d(28) r(32,170) a(1,60) a(3,51) d(2) d(1) r(33,83)", "fitness": 0.0}
{"generation": 9, "position": 14, "parents": [13], "genome": "a(34,1) r(25,48) d(32) r(35,62) a(34,77)", "fitness": 0.0}
{"generation": 9, "position": 15, "parents": [30], "genome": "a(34,38) r(35,57) d(35) d(34) d(34) r(31,138) a(27,97) d(28) a(33,45) a(25,27) d(25) r(32,148)", "fitness": 0.0}
{"generation": 9, "position": 16, "parents": [52], "genome": "a(34,1) r(34,54) r(33,77) r(1,76) r(31,78) r(28,135) r(25,48) r(32,46) r(27,34) r(31,94)", "fitness": 0.0}
{"generation": 9, "position": 17, "parents": [20], "genome": "d(35) d(34) r(28,78) d(34) r(31,138) a(27,97) a(2,100) a(33,64) r(32,178) r(1,32) a(33,97)", "fitness": 0.0}
{"generation": 9, "position": 18, "parents": [21, 53], "genome": "r(28,176) a(34,48) d(2) r(34,164) d(33) d(27) r(32,46) d(33) d(2) d(35) r(32,27) r(33,176) r(1,99) r(28,83) a(25,87) r(27,50) d(25)", "fitness": 0.0}
{"generation": 9, "position": 19, "parents": [21, 53], "genome": "a(34,38) r(35,57) d(28) d(25) a(1,54) a(34,32)", "fitness": 0.0}
{"generation": 9, "position": 20, "parents": [21], "genome": "r(28,176) a(34,48) d(2) r(34,164) d(33) d(27) r(32,46) d(33) d(2) d(28) d(25) a(1,54) d(1)", "fitness": 0.0}
{"generation": 9, "position": 21, "parents": [53], "genome": "a(34,38) r(35,57) d(35) r(32,27) r(33,176) r(1,99) r(28,83) a(25,87) r(27,50) r(25,86)", "fitness": 0.0}
{"generation": 9, "position": 22, "parents": [0], "genome": "d(35) d(34) r(28,78) d(34) r(31,138) a(27,97) a(2,100) a(33,64) r(32,178) r(2,78) a(1,57)", "fitness": 0.0}
{"generation": 9, "position": 23, "parents": [56], "genome": "d(34) r(25,78) r(35,57) a(28,76) d(28) r(32,170) a(1,60) a(3,51) d(2) d(1) d(33)", "fitness": 0.0}
{"generation": 9, "position": 24, "parents": [19, 11], "genome": "d(34) r(25,78) r(35,57) a(28,76) d(28) r(32,170) d(35) d(34) r(31,138) a(27,97) d(28) a(32,112) r(35,57) d(35) d(34) r(31,138) a(27,97) a(2,76) r(1,50) d(33) d(25)", "fitness": 0.0}
{"generation": 9, "position": 25, "parents": [19, 11], "genome": "a(34,38) a(33,47) d(1) r(35,94)", "fitness": 4.0}
{"generation": 9, "position": 26, "parents": [19], "genome": "d(34) r(25,78) r(35,57) a(28,76) d(28) r(32,170) d(35) d(34) r(31,138) a(27,97) d(28) a(32,112) a(33,47) d(1) r(33,64)", "fitness": 0.0}
{"generation": 9, "position": 27, "parents": [11], "genome": "a(34,38) r(35,57) d(35) d(34) r(31,138) a(27,97) a(2,76) r(1,50) d(33) d(25) a(28,38)", "fitness": 0.0}
{"generation": 9, "position": 28, "parents": [49], "genome": "a(34,1) r(34,54) r(33,77) r(1,76) r(31,78) r(28,135) r(25,48) d(32)", "fitness": 0.0}
{"generation": 9, "position": 29, "parents": [51], "genome": "d(34) r(25,78) r(35,57) a(28,76) d(28) r(32,170) a(1,60) d(33) d(2) r(1,158)", "fitness": 0.0}
{"generation": 9, "position": 30, "parents": [37, 53], "genome": "a(34,38) r(35,57) d(35) d(34) r(31,138) a(27,97) a(2,76) r(28,83) a(25,87) r(27,50) a(32,130)", "fitness": 0.0}
{"generation": 9, "position": 31, "parents": [37, 53], "genome": "a(34,38) r(35,57) d(35) r(32,27) r(33,176) r(1,99) d(32) a(25,37) a(27,108) a(31,35)", "fitness": 0.0}
{"generation": 9, "position": 32, "parents": [37], "genome": "a(34,38) r(35,57) d(35) d(34) r(31,138) a(27,97) a(2,76) d(32) a(25,37) a(27,108) d(2)", "fitness": 0.0}
{"generation": 9, "position": 33, "parents": [53], "genome": "a(34,38) r(35,57) d(35) r(32,27) r(33,176) r(1,99) r(28,83) a(25,87) r(27,50) d(25)", "fitness": 0.0}
{"generation": 9, "position": 34, "parents": [55, 16], "genome": "r(28,176) a(34,48) d(2) d(33) d(27) r(32,177) a(25,46) d(25) r(1,49)", "fitness": 0.0}
{"generation": 9, "position": 35, "parents": [55, 16], "genome": "r(28,176) a(34,48) d(2) r(34,164) r(34,164) d(33) d(27) r(32,46) d(33) a(25,27) r(25,64)", "fitness": 0.0}
{"generation": 9, "position": 36, "parents": [55], "genome": "r(28,176) a(34,48) d(2) r(34,164) d(33) d(27) r(32,46) d(33) a(25,27) a(25,176)", "fitness": 0.0}
{"generation": 9, "position": 37, "parents": [16], "genome": "r(28,176) a(34,48) d(2) r(34,164) d(33) d(27) r(32,177) a(25,46) d(25) r(1,82)", "fitness": 0.0}
{"generation": 9, "position": 38, "parents": [33], "genome": "a(34,38) r(35,57) d(35) d(34) r(31,138) a(27,97) d(28) a(33,45) d(1) a(32,177) r(27,53)", "fitness": 0.0}
{"generation": 9, "position": 39, "parents": [0], "genome": "d(35) d(34) r(28,78) d(34) r(31,138) a(27,97) a(2,100) a(33,64) r(32,178) r(2,78) d(1)", "fitness": 0.0}
{"generation": 9, "position": 40, "parents": [33, 49], "genome": "a(34,38) r(35,57) d(35) d(34) r(31,138) a(27,97) d(28) a(33,45) d(1) r(25,48) d(32) r(33,49)", "fitness": 0.0}
{"generation": 9, "position": 41, "parents": [33, 49], "genome": "a(34,1) r(34,54) r(33,77) r(1,76) r(31,78) r(28,135) a(32,177) d(25)", "fitness": 0.0}
{"generation": 9, "position": 42, "parents": [33], "genome": "a(34,38) r(35,57) d(35) d(34) r(31,138) a(27,97) d(28) a(33,45) d(1) a(32,177) a(33,27)", "fitness": 0.0}
{"generation": 9, "position": 43, "parents": [49], "genome": "a(34,1) r(34,54) r(33,77) r(1,76) r(31,78) r(28,135) r(25,48) d(32)", "fitness": 0.0}
{"generation": 9, "position": 44, "parents": [56], "genome": "d(34) r(25,78) r(35,57) a(28,76) d(28) r(32,170) a(1,60) a(3,51) d(2) d(1) a(33,100)", "fitness": 0.0}
{"generation": 9, "position": 45, "parents": [16], "genome": "r(28,176) a(34,48) d(2) r(34,164) d(33) d(27) r(32,177) a(25,46) d(25) d(1)", "fitness": 0.0}
{"generation": 9, "position": 46, "parents": [56, 57], "genome": "d(34) r(25,78) r(35,57) a(28,76) d(28) r(32,170) a(1,60) a(3,51) d(28) d(25) d(1) a(33,57)", "fitness": 0.0}
{"generation": 9, "position": 47, "parents": [56, 57], "genome": "r(28,176) a(34,48) d(2) r(34,164) d(33) d(27) r(32,46) d(33) d(2) d(2) d(1) d(25)", "fitness": 0.0}
{"generation": 9, "position": 48, "parents": [56], "genome": "d(34) r(25,78) r(35,57) a(28,76) d(28) r(32,170) a(1,60) a(3,51) d(2) d(1) r(33,44)", "fitness": 0.0}
{"generation": 9, "position": 49, "parents": [57], "genome": "r(28,176) a(34,48) d(2) r(34,164) d(33) d(27) r(32,46) d(33) d(2) d(28) d(25) d(1)", "fitness": 0.0}
{"generation": 9, "position": 50, "parents": [29], "genome": "d(34) d(2) d(32) a(27,97) d(28) a(33,45) a(25,27) d(25) a(35,31)", "fitness": 0.0}
{"generation": 9, "position": 51, "parents": [37], "genome": "a(34,38) r(35,57) d(35) d(34) r(31,138) a(27,97) a(2,76) d(32) a(25,37) a(27,108) d(33)", "fitness": 0.0}
{"generation": 9, "position": 52, "parents": [13], "genome": "a(34,1) r(25,48) d(32) r(35,62) d(3)", "fitness": 0.0}
{"generation": 10, "position": 0, "parents": [28, 53], "genome": "a(34,1) r(34,54) r(33,77) r(1,76) r(31,78) r(25,48) d(32) a(28,80)", "fitness": 0.0}
{"generation": 10, "position": 1, "parents": [28, 53], "genome": "a(34,1) r(33,77) r(1,76) r(31,78) r(28,135) r(28,135) r(25,48) d(32)", "fitness": 0.0}
{"generation": 10, "position": 2, "parents": [28], "genome": "a(34,1) r(34,54) r(33,77) r(1,76) r(31,78) r(28,135) r(25,48) d(32)", "fitness": 0.0}
{"generation": 10, "position": 3, "parents": [53], "genome": "a(34,1) r(33,77) r(1,76) r(31,78) r(28,135) r(25,48) d(32)", "fitness": 0.0}
{"generation": 10, "position": 4, "parents": [33], "genome": "a(34,38) r(35,57) d(35) r(32,27) r(33,176) r(1,99) r(28,83) a(25,87) r(27,50) d(25)", "fitness": 0.0}
{"generation": 10, "position": 5, "parents": [36], "genome": "r(28,176) a(34,48) d(2) r(34,164) d(33) d(27) r(32,46) d(33) a(25,27) a(25,176) r(1,32)", "fitness": 0.0}
{"generation": 10, "position": 6, "parents": [2, 43], "genome": "a(34,38) r(34,54) r(33,77) r(1,76) r(31,78) r(28,135) r(25,48) d(32)", "fitness": 0.0}
{"generation": 10, "position": 7, "parents": [2, 43], "genome": "a(34,1) r(35,57) d(35) d(34) r(31,138) a(27,97) d(28) a(32,112) r(3,77) d(33) d(2) r(32,36)", "fitness": 0.0}
{"generation": 10, "position": 8, "parents": [2], "genome": "a(34,38) r(35,57) d(35) d(34) r(31,138) a(27,97) d(28) a(32,112) r(3,77) d(33) d(2) d(25)", "fitness": 0.0}
{"generation": 10, "position": 9, "parents": [43], "genome": "a(34,1) r(34,54) r(33,77) r(1,76) r(31,78) r(28,135) r(25,48) d(32)", "fitness": 0.0}
{"generation": 10, "position": 10, "parents": [38, 20], "genome": "a(34,38) r(35,57) d(35) d(34) r(31,138) a(27,97) d(28) a(33,45) d(1) a(32,177) r(27,53) d(33) d(2) d(28) d(25) a(1,54) d(1) a(32,95)", "fitness": 0.0}
{"generation": 10, "position": 11, "parents": [38, 20], "genome": "r(28,176) a(34,48) d(2) r(34,164) d(33) d(27) r(32,46) r(25,80)", "fitness": 0.0}
{"generation": 10, "position": 12, "parents": [38], "genome": "a(34,38) r(35,57) d(35) d(34) r(31,138) a(27,97) d(28) a(33,45) d(1) a(32,177) r(27,53) a(33,32)", "fitness": 0.0}
{"generation": 10, "position": 13, "parents": [20], "genome": "r(28,176) a(34,48) d(2) r(34,164) d(33) d(27) r(32,46) d(33) d(2) d(28) d(25) a(1,54) d(1)", "fitness": 0.0}
{"generation": 10, "position": 14, "parents": [10, 13], "genome": "d(35) d(34) r(28,78) r(33,83) a(27,82)", "fitness": 0.0}
{"generation": 10, "position": 15, "parents": [10, 13], "genome": "d(34) r(25,78) r(35,57) a(28,76) d(28) r(32,170) a(1,60) a(3,51) d(2) d(1) r(32,27) r(33,176) a(1,60) a(3,51) d(2) d(1) a(27,82)", "fitness": 0.0}
{"generation": 10, "position": 16, "parents": [10], "genome": "d(35) d(34) r(28,78) r(32,27) r(33,176) a(1,60) a(3,51) d(2) d(1) a(27,82) r(27,54)", "fitness": 0.0}
{"generation": 10, "position": 17, "parents": [13], "genome": "d(34) r(25,78) r(35,57) a(28,76) d(28) r(32,170) a(1,60) a(3,51) d(2) d(1) r(33,83)", "fitness": 0.0}
{"generation": 10, "position": 18, "parents": [31], "genome": "a(34,38) r(35,57) d(35) r(32,27) r(33,176) r(1,99) d(32) a(25,37) a(27,108) a(31,35) r(31,1)", "fitness": 0.0}
{"generation": 10, "position": 19, "parents": [24], "genome": "d(34) r(25,78) r(35,57) a(28,76) d(28) r(32,170) d(35) d(34) r(31,138) a(27,97) d(28) a(32,112) r(35,57) d(35) d(34) r(31,138) a(27,97) a(2,76) r(1,50) d(33) d(25)", "fitness": 0.0}
{"generation": 10, "position": 20, "parents": [39, 32], "genome": "d(35) r(35,57) d(35) d(34) r(31,138) a(27,97) a(2,76) d(32) a(25,37) a(27,108) d(2) r(28,35)", "fitness": 0.0}
{"generation": 10, "position": 21, "parents": [39, 32], "genome": "a(34,38) d(34) r(28,78) d(34) r(31,138) a(27,97) a(2,100) a(33,64) r(32,178) r(2,78) d(1) r(33,84)", "fitness": 0.0}
{"generation": 10, "position": 22, "parents": [39], "genome": "d(35) d(34) r(28,78) d(34) r(31,138) a(27,97) a(2,100) a(33,64) r(32,178) r(2,78) d(1) a(27,82)", "fitness": 0.0}
{"generation": 10, "position": 23, "parents": [32], "genome": "a(34,38) r(35,57) d(35) d(34) r(31,138) a(27,97) a(2,76) d(32) a(25,37) a(27,108) d(2) r(25,35)", "fitness": 0.0}
{"generation": 10, "position": 24, "parents": [53], "genome": "a(34,1) r(33,77) r(1,76) r(31,78) r(28,135) r(25,48) d(32)", "fitness": 0.0}
{"generation": 10, "position": 25, "parents": [29], "genome": "d(34) r(25,78) r(35,57) a(28,76) d(28) r(32,170) a(1,60) d(33) d(2) r(1,158)", "fitness": 0.0}
{"generation": 10, "position": 26, "parents": [4, 2], "genome": "d(34) r(25,78) r(35,57) a(28,76) d(28) r(32,170) a(1,60) a(3,51) d(2) d(2) d(28) r(31,138) a(27,97) d(28) a(32,112) r(3,77) d(33) d(2) a(1,97)", "fitness": 0.0}
{"generation": 10, "position": 27, "parents": [4, 2], "genome": "a(34,38) r(35,57) d(35) d(34) d(25) a(33,48) d(33) a(31,158)", "fitness": 4.0}
{"generation": 10, "position": 28, "parents": [4], "genome": "d(34) r(25,78) r(35,57) a(28,76) d(28) r(32,170) a(1,60) a(3,51) d(2) d(2) d(28) d(25) a(33,48) d(33) d(1)", "fitness": 0.0}
{"generation": 10, "position": 29, "parents": [2], "genome": "a(34,38) r(35,57) d(35) d(34) r(31,138) a(27,97) d(28) a(32,112) r(3,77) d(33) d(2) r(32,64)", "fitness": 0.0}
{"generation": 10, "position": 30, "parents": [43], "genome": "a(34,1) r(34,54) r(33,77) r(1,76) r(31,78) r(28,135) r(25,48) d(32)", "fitness": 0.0}
{"generation": 10, "position": 31, "parents": [6], "genome": "r(28,176) a(34,48) d(2) r(34,164) d(33) d(27) r(32,46) d(33) a(25,27) a(1,77) r(25,78)", "fitness": 0.0}
{"generation": 10, "position": 32, "parents": [42, 14], "genome": "a(34,38) r(35,57) d(35) d(34) r(25,48) d(32) r(35,62) a(34,77) d(1)", "fitness": 0.0}
{"generation": 10, "position": 33, "parents": [42, 14], "genome": "a(34,1) r(31,138) a(27,97) d(28) a(33,45) d(1) a(32,177) a(33,27) d(34)", "fitness": 0.0}
{"generation": 10, "position": 34, "parents": [42], "genome": "a(34,38) r(35,57) d(35) d(34) r(31,138) a(27,97) d(28) a(33,45) d(1) a(32,177) a(33,27) a(27,53)", "fitness": 0.0}
{"generation": 10, "position": 35, "parents": [14], "genome": "a(34,1) r(25,48) d(32) r(35,62) a(34,77) d(34)", "fitness": 0.0}
{"generation": 10, "position": 36, "parents": [16], "genome": "a(34,1) r(34,54) r(33,77) r(1,76) r(31,78) r(28,135) r(25,48) r(32,46) r(27,34) r(31,94)", "fitness": 0.0}
{"generation": 10, "position": 37, "parents": [26], "genome": "d(34) r(25,78) r(35,57) a(28,76) d(28) r(32,170) d(35) d(34) r(31,138) a(27,97) d(28) a(32,112) a(33,47) d(1) r(33,64)", "fitness": 0.0}
{"generation": 10, "position": 38, "parents": [49, 1], "genome": "r(28,176) a(34,48) d(2) r(34,164) d(33) d(27) r(32,46) d(33) d(2) a(27,177) d(1) r(1,78) a(33,97) r(35,87) d(32) d(25)", "fitness": 0.0}
{"generation": 10, "position": 39, "parents": [49, 1], "genome": "a(34,1) r(34,54) d(34) r(28,47) d(28) d(25) d(1) r(35,45)", "fitness": 0.0}
{"generation": 10, "position": 40, "parents": [49], "genome": "r(28,176) a(34,48) d(2) r(34,164) d(33) d(27) r(32,46) d(33) d(2) d(28) d(25) d(1)", "fitness": 0.0}
{"generation": 10, "position": 41, "parents": [1], "genome": "a(34,1) r(34,54) d(34) r(28,47) a(27,177) d(1) r(1,78) a(33,97) r(35,87) d(32) r(27,170)", "fitness": 0.0}
{"generation": 10, "position": 42, "parents": [23], "genome": "d(34) r(25,78) r(35,57) a(28,76) d(28) r(32,170) a(1,60) a(3,51) d(2) d(1) d(33)", "fitness": 0.0}
{"generation": 10, "position": 43, "parents": [46], "genome": "d(34) r(25,78) r(35,57) a(28,76) d(28) r(32,170) a(1,60) a(3,51) d(28) d(25) d(1) a(33,57) r(33,28)", "fitness": 0.0}
{"generation": 10, "position": 44, "parents": [46, 31], "genome": "d(34) r(25,78) r(35,57) a(28,76) r(1,99) d(32) a(25,37) a(27,108) a(31,35) r(33,65)", "fitness": 0.0}
{"generation": 10, "position": 45, "parents": [46, 31], "genome": "a(34,38) r(35,57) d(35) r(32,27) r(33,176) d(28) r(32,170) a(1,60) a(3,51) d(28) d(25) d(1) a(33,57)", "fitness": 0.0}
{"generation": 10, "position": 46, "parents": [46], "genome": "d(34) r(25,78) r(35,57) a(28,76) d(28) r(32,170) a(1,60) a(3,51) d(28) d(25) d(1) a(33,57) a(33,27)", "fitness": 0.0}
{"generation": 10, "position": 47, "parents": [31], "genome": "a(34,38) r(35,57) d(35) r(32,27) r(33,176) r(1,99) d(32) a(25,37) a(27,108) a(31,35) r(27,64)", "fitness": 0.0}
{"generation": 10, "position": 48, "parents": [21], "genome": "a(34,38) r(35,57) d(35) r(32,27) r(33,176) r(1,99) r(28,83) a(25,87) r(27,50) r(25,86)", "fitness": 0.0}
{"generation": 10, "position": 49, "parents": [46], "genome": "d(34) r(25,78) r(35,57) a(28,76) d(28) r(32,170) a(1,60) a(3,51) d(28) d(25) d(1) a(33,57) a(33,84)", "fitness": 0.0}
{"generation": 10, "position": 50, "parents": [10, 49], "genome": "d(35) d(34) r(28,78) r(32,27) r(33,176) a(1,60) a(34,48) d(2) r(34,164) d(33) d(27) r(32,46) d(33) d(2) d(28) d(25) d(1)", "fitness": 0.0}
{"generation": 10, "position": 51, "parents": [10, 49], "genome": "r(28,176) a(3,51) d(2) d(1) a(27,82) a(34,108)", "fitness": 0.0}
{"generation": 10, "position": 52, "parents": [10], "genome": "d(35) d(34) r(28,78) r(32,27) r(33,176) a(1,60) a(3,51) d(2) d(1) a(27,82) a(25,130)", "fitness": 0.0}
{"generation": 10, "position": 53, "parents": [49], "genome": "r(28,176) a(34,48) d(2) r(34,164) d(33) d(27) r(32,46) d(33) d(2) d(28) d(25) d(1)", "fitness": 0.0}
{"generation": 10, "position": 54, "parents": [0, 12], "genome": "a(34,1) r(34,54) d(34) r(28,47) a(27,177) d(1) d(27) a(35,28) d(35) d(33) r(32,48)", "fitness": 0.0}
{"generation": 10, "position": 55, "parents": [0, 12], "genome": "d(35) d(34) r(28,78) r(32,27) r(33,176) r(1,99) a(27,28) r(27,135) r(1,76) r(31,78) r(28,135) r(25,48) r(32,46) r(27,34) r(31,94) r(25,170)", "fitness": 0.0}
{"generation": 10, "position": 56, "parents": [0], "genome": "a(34,1) r(34,54) d(34) r(28,47) a(27,177) d(1) d(27) a(35,28) d(35) d(33) r(25,170) d(32)", "fitness": 0.0}
{"generation": 10, "position": 57, "parents": [12], "genome": "d(35) d(34) r(28,78) r(32,27) r(33,176) r(1,99) a(27,28) r(27,135) r(1,76) r(31,78) r(28,135) r(25,48) r(32,46) r(27,34) r(31,94)", "fitness": 0.0}
{"generation": 10, "position": 58, "parents": [16], "genome": "a(34,1) r(34,54) r(33,77) r(1,76) r(31,78) r(28,135) r(25,48) r(32,46) r(27,34) r(31,94)", "fitness": 0.0}
{"generation": 10, "position": 59, "parents": [35], "genome": "r(28,176) a(34,48) d(2) r(34,164) r(34,164) d(33) d(27) r(32,46) d(33) a(25,27) r(25,64) a(1,148)", "fitness": 0.0}
{"generation": 10, "position": 60, "parents": [2], "genome": "a(34,38) r(35,57) d(35) d(34) r(31,138) a(27,97) d(28) a(32,112) r(3,77) d(33) d(2) r(1,87)", "fitness": 0.0}