[meta]
{"program": "genprog-3.0", "problem": {"ideal_fitness": "12", "type": "repair", "name": "ultrix-look", "enclosure": {"1": 0, "2": 1, "3": 2, "4": 3, "7": 1, "8": 7, "10": 0, "12": 0, "14": 0, "15": 0, "16": 15, "17": 15, "22": 7, "23": 1, "24": 1, "25": 0, "26": 25, "27": 25, "28": 0, "29": 28, "30": 28, "31": 28, "32": 0, "33": 0, "34": 33, "35": 33, "36": 33, "37": 0, "38": 0, "39": 38, "40": 38, "41": 40, "42": 40, "43": 40, "44": 38, "45": 0, "46": 0, "47": 0, "48": 0, "49": 0, "50": 49, "51": 49, "52": 49, "53": 52, "54": 52, "55": 52, "56": 55, "57": 56, "60": 49, "61": 49, "62": 61, "64": 49, "65": 49, "67": 0, "69": 67, "70": 0, "72": 0, "75": 49, "76": 0, "77": 0, "78": 77, "79": 77, "80": 79, "82": 77, "83": 77, "84": 83, "85": 83, "86": 77, "87": 77, "89": 0, "90": 0, "94": 0, "95": 94, "96": 94, "97": 96, "99": 94, "100": 94, "102": 0, "105": 0, "106": 0, "107": 106, "108": 107, "110": 106, "111": 110, "112": 110, "113": 106, "114": 106, "115": 0, "116": 115, "117": 115, "118": 117, "119": 117, "120": 119, "121": 119, "122": 117, "123": 115, "124": 0, "125": 0, "126": 0, "127": 126, "128": 126, "129": 126, "130": 129, "132": 126, "133": 126, "134": 133, "135": 133, "136": 126, "138": 136, "139": 126, "140": 126, "141": 126, "142": 0, "143": 142, "144": 143, "146": 142, "147": 0, "148": 0, "149": 0, "150": 0, "151": 150, "152": 150, "153": 150, "154": 150, "155": 150, "156": 155, "158": 155, "159": 150, "160": 159, "161": 159, "162": 161, "164": 159, "165": 150, "166": 165, "167": 165, "168": 167, "169": 167, "170": 165, "171": 150, "172": 150, "173": 150, "174": 173, "176": 173, "177": 150, "178": 0}}, "version": "0.0.2", "seed": 37, "algorithm": {"representation": "patch", "type": "genetic", "name": "ALGORITHM-NAME"}}

[data]
{"generation": 0, "position": 0, "parents": [], "genome": "r(35,138)", "fitness": 4.0}
{"generation": 0, "position": 1, "parents": [], "genome": "a(34,64)", "fitness": 4.0}
{"generation": 0, "position": 2, "parents": [], "genome": "d(1)", "fitness": 4.0}
{"generation": 0, "position": 3, "parents": [], "genome": "r(28,44)", "fitness": 0.0}
{"generation": 0, "position": 4, "parents": [], "genome": "a(34,134)", "fitness": 4.0}
{"generation": 0, "position": 5, "parents": [], "genome": "d(31)", "fitness": 0.0}
{"generation": 0, "position": 6, "parents": [], "genome": "d(35)", "fitness": 4.0}
{"generation": 0, "position": 7, "parents": [], "genome": "d(32)", "fitness": 0.0}
{"generation": 0, "position": 8, "parents": [], "genome": "a(2,158)", "fitness": 4.0}
{"generation": 0, "position": 9, "parents": [], "genome": "a(34,60)", "fitness": 4.0}
{"generation": 0, "position": 10, "parents": [], "genome": "r(28,164)", "fitness": 0.0}
{"generation": 0, "position": 11, "parents": [], "genome": "d(34)", "fitness": 4.0}
{"generation": 0, "position": 12, "parents": [], "genome": "a(35,45)", "fitness": 4.0}
{"generation": 0, "position": 13, "parents": [], "genome": "d(34)", "fitness": 4.0}
{"generation": 0, "position": 14, "parents": [], "genome": "r(34,46)", "fitness": 4.0}
{"generation": 0, "position": 15, "parents": [], "genome": "a(35,1)", "fitness": 4.0}
{"generation": 0, "position": 16, "parents": [], "genome": "a(35,108)", "fitness": 4.0}
{"generation": 0, "position": 17, "parents": [], "genome": "a(35,62)", "fitness": 4.0}
{"generation": 0, "position": 18, "parents": [], "genome": "a(35,38)", "fitness": 4.0}
{"generation": 0, "position": 19, "parents": [], "genome": "r(34,99)", "fitness": 4.0}
{"generation": 0, "position": 20, "parents": [], "genome": "a(35,34)", "fitness": 4.0}
{"generation": 0, "position": 21, "parents": [], "genome": "d(35)", "fitness": 4.0}
{"generation": 0, "position": 22, "parents": [], "genome": "r(34,44)", "fitness": 4.0}
{"generation": 0, "position": 23, "parents": [], "genome": "r(32,108)", "fitness": 0.0}
{"generation": 0, "position": 24, "parents": [], "genome": "a(31,84)", "fitness": 4.0}
{"generation": 0, "position": 25, "parents": [], "genome": "d(34)", "fitness": 4.0}
{"generation": 0, "position": 26, "parents": [], "genome": "d(1)", "fitness": 4.0}
{"generation": 0, "position": 27, "parents": [], "genome": "d(27)", "fitness": 4.0}
{"generation": 0, "position": 28, "parents": [], "genome": "a(35,62)", "fitness": 4.0}
{"generation": 0, "position": 29, "parents": [], "genome": "r(34,82)", "fitness": 4.0}
{"generation": 0, "position": 30, "parents": [], "genome": "a(35,112)", "fitness": 4.0}
{"generation": 0, "position": 31, "parents": [], "genome": "r(35,38)", "fitness": 4.0}
{"generation": 0, "position": 32, "parents": [], "genome": "a(34,50)", "fitness": 4.0}
{"generation": 0, "position": 33, "parents": [], "genome": "d(34)", "fitness": 4.0}
{"generation": 0, "position": 34, "parents": [], "genome": "d(1)", "fitness": 4.0}
{"generation": 0, "position": 35, "parents": [], "genome": "d(35)", "fitness": 4.0}
{"generation": 0, "position": 36, "parents": [], "genome": "d(35)", "fitness": 4.0}
{"generation": 0, "position": 37, "parents": [], "genome": "a(35,37)", "fitness": 4.0}
{"generation": 0, "position": 38, "parents": [], "genome": "a(35,46)", "fitness": 4.0}
{"generation": 0, "position": 39, "parents": [], "genome": "original", "fitness": 4.0}
{"generation": 1, "position": 0, "parents": [5], "genome": "d(31) r(34,76)", "fitness": 0.0}
{"generation": 1, "position": 1, "parents": [36], "genome": "d(35) a(34,45)", "fitness": 4.0}
{"generation": 1, "position": 2, "parents": [38, 31], "genome": "a(35,46) a(34,94)", "fitness": 4.0}
{"generation": 1, "position": 3, "parents": [38, 31], "genome": "r(35,38) a(28,164)", "fitness": 4.0}
{"generation": 1, "position": 4, "parents": [38], "genome": "a(35,46) r(35,176)", "fitness": 4.0}
{"generation": 1, "position": 5, "parents": [31], "genome": "r(35,38) a(34,54)", "fitness": 4.0}
{"generation": 1, "position": 6, "parents": [15, 15], "genome": "a(35,1) r(27,45)", "fitness": 0.0}
{"generation": 1, "position": 7, "parents": [15, 15], "genome": "a(35,1) r(34,77)", "fitness": 4.0}
{"generation": 1, "position": 8, "parents": [15], "genome": "a(35,1) a(25,177)", "fitness": 4.0}
{"generation": 1, "position": 9, "parents": [15], "genome": "a(35,1) d(32)", "fitness": 0.0}
{"generation": 1, "position": 10, "parents": [0, 26], "genome": "r(35,138) a(34,51)", "fitness": 4.0}
{"generation": 1, "position": 11, "parents": [0, 26], "genome": "d(1) d(35)", "fitness": 4.0}
{"generation": 1, "position": 12, "parents": [0], "genome": "r(35,138) r(3,53)", "fitness": 0.0}
{"generation": 1, "position": 13, "parents": [26], "genome": "d(1) d(35)", "fitness": 4.0}
{"generation": 1, "position": 14, "parents": [19], "genome": "r(34,99) r(33,44)", "fitness": 4.0}
{"generation": 1, "position": 15, "parents": [13], "genome": "d(34) r(35,27)", "fitness": 4.0}
{"generation": 1, "position": 16, "parents": [33, 17], "genome": "d(34) r(35,97)", "fitness": 4.0}
{"generation": 1, "position": 17, "parents": [33, 17], "genome": "a(35,62) d(33)", "fitness": 4.0}
{"generation": 1, "position": 18, "parents": [33], "genome": "d(34) d(31)", "fitness": 0.0}
{"generation": 1, "position": 19, "parents": [17], "genome": "a(35,62) a(35,158)", "fitness": 4.0}
{"generation": 1, "position": 20, "parents": [20, 22], "genome": "a(35,34) d(35)", "fitness": 4.0}
{"generation": 1, "position": 21, "parents": [20, 22], "genome": "r(34,44) r(35,36)", "fitness": 4.0}
{"generation": 1, "position": 22, "parents": [20], "genome": "a(35,34) r(25,87)", "fitness": 4.0}
{"generation": 1, "position": 23, "parents": [22], "genome": "r(34,44) a(35,83)", "fitness": 4.0}
{"generation": 1, "position": 24, "parents": [8, 11], "genome": "a(2,158) r(34,84)", "fitness": 4.0}
{"generation": 1, "position": 25, "parents": [8, 11], "genome": "d(34) r(33,108)", "fitness": 4.0}
{"generation": 1, "position": 26, "parents": [8], "genome": "a(2,158) a(35,164)", "fitness": 4.0}
{"generation": 1, "position": 27, "parents": [11], "genome": "d(34) a(35,46)", "fitness": 4.0}
{"generation": 1, "position": 28, "parents": [31, 12], "genome": "r(35,38) a(34,138)", "fitness": 4.0}
{"generation": 1, "position": 29, "parents": [31, 12], "genome": "a(35,45) d(34)", "fitness": 4.0}
{"generation": 1, "position": 30, "parents": [31], "genome": "r(35,38) d(33)", "fitness": 4.0}
{"generation": 1, "position": 31, "parents": [12], "genome": "a(35,45) a(35,87)", "fitness": 4.0}
{"generation": 1, "position": 32, "parents": [12], "genome": "a(35,45) r(34,31)", "fitness": 4.0}
{"generation": 1, "position": 33, "parents": [25], "genome": "d(34) r(28,95)", "fitness": 0.0}
{"generation": 1, "position": 34, "parents": [38], "genome": "a(35,46) a(34,94)", "fitness": 4.0}
{"generation": 1, "position": 35, "parents": [22], "genome": "r(34,44) r(33,44)", "fitness": 4.0}
{"generation": 1, "position": 36, "parents": [38], "genome": "a(35,46) r(34,135)", "fitness": 4.0}
{"generation": 1, "position": 37, "parents": [0], "genome": "r(35,138) d(34)", "fitness": 4.0}
{"generation": 1, "position": 38, "parents": [19], "genome": "r(34,99) a(3,135)", "fitness": 4.0}
{"generation": 1, "position": 39, "parents": [26], "genome": "d(1) d(35)", "fitness": 4.0}
{"generation": 1, "position": 40, "parents": [26, 38], "genome": "d(1) d(28)", "fitness": 0.0}
{"generation": 1, "position": 41, "parents": [26, 38], "genome": "a(35,46) a(34,34)", "fitness": 4.0}
{"generation": 1, "position": 42, "parents": [26], "genome": "d(1) d(35)", "fitness": 4.0}
{"generation": 1, "position": 43, "parents": [38], "genome": "a(35,46) r(35,50)", "fitness": 4.0}
{"generation": 1, "position": 44, "parents": [39], "genome": "r(34,78)", "fitness": 4.0}
{"generation": 1, "position": 45, "parents": [12], "genome": "a(35,45) d(34)", "fitness": 4.0}
{"generation": 1, "position": 46, "parents": [7], "genome": "d(32) a(27,77)", "fitness": 0.0}
{"generation": 1, "position": 47, "parents": [33], "genome": "d(34) d(35)", "fitness": 4.0}
{"generation": 1, "position": 48, "parents": [18, 8], "genome": "a(35,38) d(34)", "fitness": 4.0}
{"generation": 1, "position": 49, "parents": [18, 8], "genome": "a(2,158) d(35)", "fitness": 4.0}
{"generation": 1, "position": 50, "parents": [18], "genome": "a(35,38) a(33,84)", "fitness": 4.0}
{"generation": 1, "position": 51, "parents": [8], "genome": "a(2,158) a(34,52)", "fitness": 4.0}
{"generation": 1, "position": 52, "parents": [3], "genome": "r(28,44) r(35,25)", "fitness": 0.0}
{"generation": 1, "position": 53, "parents": [34], "genome": "d(1) a(35,69)", "fitness": 4.0}
{"generation": 1, "position": 54, "parents": [31], "genome": "r(35,38) d(2)", "fitness": 0.0}
{"generation": 1, "position": 55, "parents": [14], "genome": "r(34,46) d(35)", "fitness": 4.0}
{"generation": 1, "position": 56, "parents": [18, 26], "genome": "a(35,38) d(33)", "fitness": 4.0}
{"generation": 1, "position": 57, "parents": [18, 26], "genome": "d(1) d(35)", "fitness": 4.0}
{"generation": 1, "position": 58, "parents": [18], "genome": "a(35,38) r(35,65)", "fitness": 4.0}
{"generation": 2, "position": 0, "parents": [11], "genome": "d(1) d(35) d(27)", "fitness": 4.0}
{"generation": 2, "position": 1, "parents": [59], "genome": "d(1) a(34,46) d(34)", "fitness": 4.0}
{"generation": 2, "position": 2, "parents": [54], "genome": "r(35,38) d(2) d(32)", "fitness": 0.0}
{"generation": 2, "position": 3, "parents": [39], "genome": "d(1) d(35) d(27)", "fitness": 4.0}
{"generation": 2, "position": 4, "parents": [47, 5], "genome": "d(34) d(27)", "fitness": 4.0}
{"generation": 2, "position": 5, "parents": [47, 5], "genome": "r(35,38) a(34,54) d(35) d(34)", "fitness": 4.0}
{"generation": 2, "position": 6, "parents": [47], "genome": "d(34) d(35) d(28)", "fitness": 0.0}
{"generation": 2, "position": 7, "parents": [5], "genome": "r(35,38) a(34,54) d(34)", "fitness": 4.0}
{"generation": 2, "position": 8, "parents": [3], "genome": "r(35,38) a(28,164) d(25)", "fitness": 4.0}
{"generation": 2, "position": 9, "parents": [9], "genome": "a(35,1) d(32) a(35,44)", "fitness": 0.0}
{"generation": 2, "position": 10, "parents": [21], "genome": "r(34,44) r(35,36) d(31)", "fitness": 0.0}
{"generation": 2, "position": 11, "parents": [7], "genome": "a(35,1) r(34,77) d(35)", "fitness": 4.0}
{"generation": 2, "position": 12, "parents": [25, 41], "genome": "d(34) r(33,108) a(27,49)", "fitness": 0.0}
{"generation": 2, "position": 13, "parents": [25, 41], "genome": "a(35,46) a(34,34) d(35)", "fitness": 4.0}
{"generation": 2, "position": 14, "parents": [25], "genome": "d(34) r(33,108) r(2,134)", "fitness": 12.0}
{"generation": 2, "position": 15, "parents": [41], "genome": "a(35,46) a(34,34) r(33,35)", "fitness": 0.0}
{"generation": 2, "position": 16, "parents": [42], "genome": "d(1) d(35) d(34)", "fitness": 4.0}
{"generation": 2, "position": 17, "parents": [16], "genome": "d(34) r(35,97) r(27,28)", "fitness": 4.0}
{"generation": 2, "position": 18, "parents": [14, 46], "genome": "r(34,99) r(33,44) a(32,37)", "fitness": 4.0}
{"generation": 2, "position": 19, "parents": [14, 46], "genome": "d(32) a(27,77) d(34)", "fitness": 0.0}
{"generation": 2, "position": 20, "parents": [14], "genome": "r(34,99) r(33,44) r(2,130)", "fitness": 0.0}
{"generation": 2, "position": 21, "parents": [46], "genome": "d(32) a(27,77) d(35)", "fitness": 0.0}
{"generation": 2, "position": 22, "parents": [17], "genome": "a(35,62) d(33) r(3,50)", "fitness": 12.0}
{"generation": 2, "position": 23, "parents": [54], "genome": "r(35,38) d(2) a(34,80)", "fitness": 0.0}
{"generation": 2, "position": 24, "parents": [38], "genome": "r(34,99) a(3,135) d(32)", "fitness": 0.0}
{"generation": 2, "position": 25, "parents": [50], "genome": "a(35,38) a(33,84) d(34)", "fitness": 4.0}
{"generation": 2, "position": 26, "parents": [12], "genome": "r(35,138) r(3,53) d(34)", "fitness": 0.0}
{"generation": 2, "position": 27, "parents": [38], "genome": "r(34,99) a(3,135) r(35,97)", "fitness": 4.0}
{"generation": 2, "position": 28, "parents": [9, 3], "genome": "a(35,1) a(28,164) r(35,164)", "fitness": 4.0}
{"generation": 2, "position": 29, "parents": [9, 3], "genome": "r(35,38) d(32) d(3)", "fitness": 12.0}
{"generation": 2, "position": 30, "parents": [9], "genome": "a(35,1) d(32) d(31)", "fitness": 0.0}
{"generation": 2, "position": 31, "parents": [3], "genome": "r(35,38) a(28,164) r(2,64)", "fitness": 0.0}
{"generation": 2, "position": 32, "parents": [58], "genome": "a(35,38) r(35,65) r(34,105)", "fitness": 4.0}
{"generation": 2, "position": 33, "parents": [58], "genome": "a(35,38) r(35,65) d(1)", "fitness": 4.0}
{"generation": 2, "position": 34, "parents": [48], "genome": "a(35,38) d(34) r(25,34)", "fitness": 4.0}
{"generation": 2, "position": 35, "parents": [12], "genome": "r(35,138) r(3,53) r(34,112)", "fitness": 0.0}
{"generation": 2, "position": 36, "parents": [40, 23], "genome": "d(1) d(28) a(35,83) d(32)", "fitness": 0.0}
{"generation": 2, "position": 37, "parents": [40, 23], "genome": "r(34,44) r(35,47)", "fitness": 4.0}
{"generation": 2, "position": 38, "parents": [40], "genome": "d(1) d(28) d(34)", "fitness": 0.0}
{"generation": 2, "position": 39, "parents": [23], "genome": "r(34,44) a(35,83) d(35)", "fitness": 4.0}
{"generation": 2, "position": 40, "parents": [35, 37], "genome": "r(34,44) r(25,47)", "fitness": 0.0}
{"generation": 2, "position": 41, "parents": [35, 37], "genome": "r(35,138) d(34) r(33,44) a(2,99)", "fitness": 4.0}
{"generation": 2, "position": 42, "parents": [35], "genome": "r(34,44) r(33,44) d(3)", "fitness": 12.0}
{"generation": 2, "position": 43, "parents": [37], "genome": "r(35,138) d(34) a(1,95)", "fitness": 0.0}
{"generation": 2, "position": 44, "parents": [57, 48], "genome": "d(1) r(34,178)", "fitness": 4.0}
{"generation": 2, "position": 45, "parents": [57, 48], "genome": "a(35,38) d(34) d(35) r(25,69)", "fitness": 4.0}
{"generation": 2, "position": 46, "parents": [57], "genome": "d(1) d(35) d(34)", "fitness": 4.0}
{"generation": 2, "position": 47, "parents": [48], "genome": "a(35,38) d(34) r(25,134)", "fitness": 12.0}
{"generation": 2, "position": 48, "parents": [36], "genome": "a(35,46) r(34,135) r(35,28)", "fitness": 4.0}
{"generation": 2, "position": 49, "parents": [57], "genome": "d(1) d(35) d(34)", "fitness": 4.0}
{"generation": 2, "position": 50, "parents": [6, 53], "genome": "a(35,1) r(25,32)", "fitness": 4.0}
{"generation": 2, "position": 51, "parents": [6, 53], "genome": "d(1) a(35,69) r(27,45) r(34,84)", "fitness": 0.0}
{"generation": 2, "position": 52, "parents": [6], "genome": "a(35,1) r(27,45) r(1,84)", "fitness": 0.0}
{"generation": 2, "position": 53, "parents": [53], "genome": "d(1) a(35,69) d(34)", "fitness": 4.0}
{"generation": 2, "position": 54, "parents": [3, 5], "genome": "r(35,38) a(28,164) d(34)", "fitness": 4.0}
{"generation": 2, "position": 55, "parents": [3, 5], "genome": "r(35,38) a(34,54) r(34,95)", "fitness": 4.0}
{"generation": 2, "position": 56, "parents": [3], "genome": "r(35,38) a(28,164) r(1,27)", "fitness": 4.0}
{"generation": 3, "position": 0, "parents": [30, 23], "genome": "a(35,1) d(32) d(2) a(34,80) a(35,33)", "fitness": 0.0}
{"generation": 3, "position": 1, "parents": [30, 23], "genome": "r(35,38) d(31) r(34,77)", "fitness": 0.0}
{"generation": 3, "position": 2, "parents": [30], "genome": "a(35,1) d(32) d(31) a(35,83)", "fitness": 0.0}
{"generation": 3, "position": 3, "parents": [23], "genome": "r(35,38) d(2) a(34,80) r(25,108)", "fitness": 0.0}
{"generation": 3, "position": 4, "parents": [51, 41], "genome": "d(1) d(35)", "fitness": 4.0}
{"generation": 3, "position": 5, "parents": [51, 41], "genome": "r(35,138) d(34) r(33,44) a(2,99) a(35,69) r(27,45) r(34,84) d(31)", "fitness": 0.0}
{"generation": 3, "position": 6, "parents": [51], "genome": "d(1) a(35,69) r(27,45) r(34,84) d(35)", "fitness": 0.0}
{"generation": 3, "position": 7, "parents": [41], "genome": "r(35,138) d(34) r(33,44) a(2,99) r(3,84)", "fitness": 12.0}
{"generation": 3, "position": 8, "parents": [17], "genome": "d(34) r(35,97) r(27,28) d(2)", "fitness": 0.0}
{"generation": 3, "position": 9, "parents": [21], "genome": "d(32) a(27,77) d(35) d(34)", "fitness": 0.0}
{"generation": 3, "position": 10, "parents": [15, 20], "genome": "a(35,46) a(34,34) r(33,44) r(2,130) a(1,112)", "fitness": 0.0}
{"generation": 3, "position": 11, "parents": [15, 20], "genome": "r(34,99) r(33,35) r(25,35)", "fitness": 0.0}
{"generation": 3, "position": 12, "parents": [15], "genome": "a(35,46) a(34,34) r(33,35) a(1,99)", "fitness": 0.0}
{"generation": 3, "position": 13, "parents": [20], "genome": "r(34,99) r(33,44) r(2,130) r(28,135)", "fitness": 0.0}
{"generation": 3, "position": 14, "parents": [36, 6], "genome": "d(1) d(28) a(35,83) d(35) d(28) d(34)", "fitness": 0.0}
{"generation": 3, "position": 15, "parents": [36, 6], "genome": "d(34) d(32) r(35,50)", "fitness": 0.0}
{"generation": 3, "position": 16, "parents": [36], "genome": "d(1) d(28) a(35,83) d(32) a(34,80)", "fitness": 0.0}
{"generation": 3, "position": 17, "parents": [6], "genome": "d(34) d(35) d(28) r(1,35)", "fitness": 0.0}
{"generation": 3, "position": 18, "parents": [30], "genome": "a(35,1) d(32) d(31) d(27)", "fitness": 0.0}
{"generation": 3, "position": 19, "parents": [5], "genome": "r(35,38) a(34,54) d(35) d(34) a(1,51)", "fitness": 0.0}
{"generation": 3, "position": 20, "parents": [12, 5], "genome": "d(34) r(33,108) d(35) d(34) r(31,45)", "fitness": 0.0}
{"generation": 3, "position": 21, "parents": [12, 5], "genome": "r(35,38) a(34,54) a(27,49) d(34)", "fitness": 0.0}
{"generation": 3, "position": 22, "parents": [12], "genome": "d(34) r(33,108) a(27,49) r(27,44)", "fitness": 0.0}
{"generation": 3, "position": 23, "parents": [5], "genome": "r(35,38) a(34,54) d(35) d(34) a(2,83)", "fitness": 4.0}
{"generation": 3, "position": 24, "parents": [24, 11], "genome": "r(34,99) r(34,77) d(35) r(32,31)", "fitness": 0.0}
{"generation": 3, "position": 25, "parents": [24, 11], "genome": "a(35,1) a(3,135) d(32) a(2,177)", "fitness": 0.0}
{"generation": 3, "position": 26, "parents": [24], "genome": "r(34,99) a(3,135) d(32) r(33,83)", "fitness": 0.0}
{"generation": 3, "position": 27, "parents": [11], "genome": "a(35,1) r(34,77) d(35) r(1,176)", "fitness": 4.0}
{"generation": 3, "position": 28, "parents": [26], "genome": "r(35,138) r(3,53) d(34) r(27,70)", "fitness": 0.0}
{"generation": 3, "position": 29, "parents": [36], "genome": "d(1) d(28) a(35,83) d(32) r(35,108)", "fitness": 0.0}
{"generation": 3, "position": 30, "parents": [25], "genome": "a(35,38) a(33,84) d(34) r(35,108)", "fitness": 4.0}
{"generation": 3, "position": 31, "parents": [40], "genome": "r(34,44) r(25,47) r(35,158)", "fitness": 0.0}
{"generation": 3, "position": 32, "parents": [10], "genome": "r(34,44) r(35,36) d(31) r(1,95)", "fitness": 0.0}
{"generation": 3, "position": 33, "parents": [26], "genome": "r(35,138) r(3,53) d(34) d(27)", "fitness": 0.0}
{"generation": 3, "position": 34, "parents": [10], "genome": "r(34,44) r(35,36) d(31) d(32)", "fitness": 0.0}
{"generation": 3, "position": 35, "parents": [16], "genome": "d(1) d(35) d(34) a(31,70)", "fitness": 4.0}
{"generation": 3, "position": 36, "parents": [40, 41], "genome": "r(34,44) r(25,47) a(31,53)", "fitness": 0.0}
{"generation": 3, "position": 37, "parents": [40, 41], "genome": "r(35,138) d(34) r(33,44) a(2,99) r(27,70)", "fitness": 4.0}
{"generation": 3, "position": 38, "parents": [40], "genome": "r(34,44) r(25,47) a(35,60)", "fitness": 0.0}
{"generation": 3, "position": 39, "parents": [41], "genome": "r(35,138) d(34) r(33,44) a(2,99) d(28)", "fitness": 0.0}
{"generation": 3, "position": 40, "parents": [30, 15], "genome": "a(35,1) d(32) a(34,34) r(33,35) d(25)", "fitness": 0.0}
{"generation": 3, "position": 41, "parents": [30, 15], "genome": "a(35,46) d(31) r(34,54)", "fitness": 0.0}
{"generation": 3, "position": 42, "parents": [30], "genome": "a(35,1) d(32) d(31) d(35)", "fitness": 0.0}
{"generation": 3, "position": 43, "parents": [15], "genome": "a(35,46) a(34,34) r(33,35) d(2)", "fitness": 0.0}
{"generation": 3, "position": 44, "parents": [50], "genome": "a(35,1) r(25,32) d(1)", "fitness": 4.0}
{"generation": 3, "position": 45, "parents": [35], "genome": "r(35,138) r(3,53) r(34,112) a(31,44)", "fitness": 0.0}
{"generation": 3, "position": 46, "parents": [49], "genome": "d(1) d(35) d(34) r(25,53)", "fitness": 0.0}
{"generation": 3, "position": 47, "parents": [36], "genome": "d(1) d(28) a(35,83) d(32) a(34,38)", "fitness": 0.0}
{"generation": 3, "position": 48, "parents": [24], "genome": "r(34,99) a(3,135) d(32) d(35)", "fitness": 0.0}
{"generation": 3, "position": 49, "parents": [38], "genome": "d(1) d(28) d(34) d(35)", "fitness": 0.0}
{"generation": 3, "position": 50, "parents": [57], "genome": "r(35,38) a(34,54) r(34,45) r(32,97)", "fitness": 0.0}
{"generation": 3, "position": 51, "parents": [31], "genome": "r(35,38) a(28,164) r(2,64) r(34,47)", "fitness": 0.0}
{"generation": 3, "position": 52, "parents": [19], "genome": "d(32) a(27,77) d(34) d(35)", "fitness": 0.0}
{"generation": 3, "position": 53, "parents": [56], "genome": "r(35,38) a(28,164) r(1,27) a(34,83)", "fitness": 4.0}
{"generation": 3, "position": 54, "parents": [43], "genome": "r(35,138) d(34) a(1,95) r(32,170)", "fitness": 0.0}
{"generation": 4, "position": 0, "parents": [26, 15], "genome": "r(34,99) a(3,135) d(32) r(35,50) d(25)", "fitness": 0.0}
{"generation": 4, "position": 1, "parents": [26, 15], "genome": "d(34) d(32) r(33,83) r(31,70)", "fitness": 0.0}
{"generation": 4, "position": 2, "parents": [26], "genome": "r(34,99) a(3,135) d(32) r(33,83) a(31,112)", "fitness": 0.0}
{"generation": 4, "position": 3, "parents": [15], "genome": "d(34) d(32) r(35,50) a(33,87)", "fitness": 0.0}
{"generation": 4, "position": 4, "parents": [1, 46], "genome": "r(35,38) d(31) d(35) d(34) r(25,53) r(33,83)", "fitness": 0.0}
{"generation": 4, "position": 5, "parents": [1, 46], "genome": "d(1) r(34,77) d(33)", "fitness": 4.0}
{"generation": 4, "position": 6, "parents": [1], "genome": "r(35,38) d(31) r(34,77) d(33)", "fitness": 0.0}
{"generation": 4, "position": 7, "parents": [46], "genome": "d(1) d(35) d(34) r(25,53) d(33)", "fitness": 0.0}
{"generation": 4, "position": 8, "parents": [29, 49], "genome": "d(1) d(28) a(35,83) d(32) d(35) d(34)", "fitness": 0.0}
{"generation": 4, "position": 9, "parents": [29, 49], "genome": "d(1) d(28) d(34) r(35,108) r(25,138)", "fitness": 0.0}
{"generation": 4, "position": 10, "parents": [29], "genome": "d(1) d(28) a(35,83) d(32) r(35,108) d(34)", "fitness": 0.0}
{"generation": 4, "position": 11, "parents": [49], "genome": "d(1) d(28) d(34) d(35) a(32,50)", "fitness": 0.0}
{"generation": 4, "position": 12, "parents": [13], "genome": "r(34,99) r(33,44) r(2,130) r(28,135) a(25,36)", "fitness": 0.0}
{"generation": 4, "position": 13, "parents": [29], "genome": "d(1) d(28) a(35,83) d(32) r(35,108) r(25,80)", "fitness": 0.0}
{"generation": 4, "position": 14, "parents": [32, 45], "genome": "r(34,44) r(35,36) r(3,53) r(34,112) a(31,44) r(33,65)", "fitness": 0.0}
{"generation": 4, "position": 15, "parents": [32, 45], "genome": "r(35,138) d(31) r(1,95) d(34)", "fitness": 0.0}
{"generation": 4, "position": 16, "parents": [32], "genome": "r(34,44) r(35,36) d(31) r(1,95) a(32,78)", "fitness": 0.0}
{"generation": 4, "position": 17, "parents": [45], "genome": "r(35,138) r(3,53) r(34,112) a(31,44) d(33)", "fitness": 0.0}
{"generation": 4, "position": 18, "parents": [29], "genome": "d(1) d(28) a(35,83) d(32) r(35,108) r(34,177)", "fitness": 0.0}
{"generation": 4, "position": 19, "parents": [1], "genome": "r(35,38) d(31) r(34,77) a(28,31)", "fitness": 4.0}
{"generation": 4, "position": 20, "parents": [19], "genome": "r(35,38) a(34,54) d(35) d(34) a(1,51) r(27,46)", "fitness": 0.0}
{"generation": 4, "position": 21, "parents": [29], "genome": "d(1) d(28) a(35,83) d(32) r(35,108) r(34,54)", "fitness": 0.0}
{"generation": 4, "position": 22, "parents": [15, 11], "genome": "d(34) d(32) r(35,50) a(28,76)", "fitness": 0.0}
{"generation": 4, "position": 23, "parents": [15, 11], "genome": "r(34,99) r(33,35) r(25,35) d(3)", "fitness": 0.0}
{"generation": 4, "position": 24, "parents": [15], "genome": "d(34) d(32) r(35,50) d(31)", "fitness": 0.0}
{"generation": 4, "position": 25, "parents": [11], "genome": "r(34,99) r(33,35) r(25,35) d(2)", "fitness": 0.0}
{"generation": 4, "position": 26, "parents": [16], "genome": "d(1) d(28) a(35,83) d(32) a(34,80) d(34)", "fitness": 0.0}
{"generation": 4, "position": 27, "parents": [43], "genome": "a(35,46) a(34,34) r(33,35) d(2) d(28)", "fitness": 0.0}
{"generation": 4, "position": 28, "parents": [31, 39], "genome": "r(34,44) r(25,47) r(35,158) d(34) r(33,44) a(2,99) d(28) a(3,77)", "fitness": 0.0}
{"generation": 4, "position": 29, "parents": [31, 39], "genome": "r(35,138) d(34)", "fitness": 4.0}
{"generation": 4, "position": 30, "parents": [31], "genome": "r(34,44) r(25,47) r(35,158) a(3,83)", "fitness": 0.0}
{"generation": 4, "position": 31, "parents": [39], "genome": "r(35,138) d(34) r(33,44) a(2,99) d(28) a(27,49)", "fitness": 0.0}
{"generation": 4, "position": 32, "parents": [36, 24], "genome": "r(34,44) r(25,47) a(31,53) r(34,77) d(35) r(32,31) r(33,49)", "fitness": 0.0}
{"generation": 4, "position": 33, "parents": [36, 24], "genome": "r(34,99) a(35,86)", "fitness": 4.0}
{"generation": 4, "position": 34, "parents": [36], "genome": "r(34,44) r(25,47) a(31,53) d(32)", "fitness": 0.0}
{"generation": 4, "position": 35, "parents": [24], "genome": "r(34,99) r(34,77) d(35) r(32,31) r(2,148)", "fitness": 0.0}
{"generation": 4, "position": 36, "parents": [6, 43], "genome": "d(1) a(35,69) r(27,45) r(34,84) a(34,34) r(33,35) d(2) r(28,100)", "fitness": 0.0}
{"generation": 4, "position": 37, "parents": [6, 43], "genome": "a(35,46) d(35) r(34,49)", "fitness": 4.0}
{"generation": 4, "position": 38, "parents": [6], "genome": "d(1) a(35,69) r(27,45) r(34,84) d(35) d(28)", "fitness": 0.0}
{"generation": 4, "position": 39, "parents": [43], "genome": "a(35,46) a(34,34) r(33,35) d(2) r(32,77)", "fitness": 0.0}
{"generation": 4, "position": 40, "parents": [33], "genome": "r(35,138) r(3,53) d(34) d(27) d(25)", "fitness": 0.0}
{"generation": 4, "position": 41, "parents": [52], "genome": "d(32) a(27,77) d(34) d(35) r(3,55)", "fitness": 12.0}
{"generation": 4, "position": 42, "parents": [26], "genome": "r(34,99) a(3,135) d(32) r(33,83) r(27,47)", "fitness": 0.0}
{"generation": 4, "position": 43, "parents": [45], "genome": "r(35,138) r(3,53) r(34,112) a(31,44) r(33,1)", "fitness": 0.0}
{"generation": 4, "position": 44, "parents": [5], "genome": "r(35,138) d(34) r(33,44) a(2,99) a(35,69) r(27,45) r(34,84) d(31) a(1,80)", "fitness": 0.0}
{"generation": 4, "position": 45, "parents": [25], "genome": "a(35,1) a(3,135) d(32) a(2,177) r(34,148)", "fitness": 0.0}
{"generation": 4, "position": 46, "parents": [28, 54], "genome": "r(35,138) r(34,99)", "fitness": 4.0}
{"generation": 4, "position": 47, "parents": [28, 54], "genome": "r(35,138) d(34) a(1,95) r(32,170) r(3,53) d(34) r(27,70) d(33)", "fitness": 0.0}
{"generation": 4, "position": 48, "parents": [28], "genome": "r(35,138) r(3,53) d(34) r(27,70) a(1,35)", "fitness": 0.0}
{"generation": 4, "position": 49, "parents": [54], "genome": "r(35,138) d(34) a(1,95) r(32,170) a(28,108)", "fitness": 0.0}
{"generation": 4, "position": 50, "parents": [54], "genome": "r(35,138) d(34) a(1,95) r(32,170) d(1)", "fitness": 0.0}
{"generation": 4, "position": 51, "parents": [28], "genome": "r(35,138) r(3,53) d(34) r(27,70) r(31,105)", "fitness": 0.0}
{"generation": 4, "position": 52, "parents": [51], "genome": "r(35,38) a(28,164) r(2,64) r(34,47) r(28,69)", "fitness": 0.0}
{"generation": 4, "position": 53, "parents": [28], "genome": "r(35,138) r(3,53) d(34) r(27,70) r(2,34)", "fitness": 0.0}
{"generation": 4, "position": 54, "parents": [33, 36], "genome": "r(35,138) r(25,47) a(31,53) r(3,65)", "fitness": 0.0}
{"generation": 4, "position": 55, "parents": [33, 36], "genome": "r(34,44) r(3,53) d(34) d(27) d(35)", "fitness": 0.0}
{"generation": 4, "position": 56, "parents": [33], "genome": "r(35,138) r(3,53) d(34) d(27) d(32)", "fitness": 0.0}
{"generation": 4, "position": 57, "parents": [36], "genome": "r(34,44) r(25,47) a(31,53) r(35,164)", "fitness": 0.0}
{"generation": 4, "position": 58, "parents": [16], "genome": "d(1) d(28) a(35,83) d(32) a(34,80) a(34,170)", "fitness": 0.0}
{"generation": 5, "position": 0, "parents": [59, 9], "genome": "r(34,99) d(28) d(34) r(35,108) r(25,138) r(33,78)", "fitness": 0.0}
{"generation": 5, "position": 1, "parents": [59, 9], "genome": "d(1) r(34,77) d(35) r(32,31) d(1) r(27,94)", "fitness": 0.0}
{"generation": 5, "position": 2, "parents": [59], "genome": "r(34,99) r(34,77) d(35) r(32,31) d(1) d(31)", "fitness": 0.0}
{"generation": 5, "position": 3, "parents": [9], "genome": "d(1) d(28) d(34) r(35,108) r(25,138) d(33)", "fitness": 0.0}
{"generation": 5, "position": 4, "parents": [20, 57], "genome": "r(35,38) a(34,54) d(35) d(34) r(35,164) d(25)", "fitness": 4.0}
{"generation": 5, "position": 5, "parents": [20, 57], "genome": "r(34,44) r(25,47) a(31,53) a(1,51) r(27,46) d(35)", "fitness": 0.0}
{"generation": 5, "position": 6, "parents": [20], "genome": "r(35,38) a(34,54) d(35) d(34) a(1,51) r(27,46) d(1)", "fitness": 0.0}
{"generation": 5, "position": 7, "parents": [57], "genome": "r(34,44) r(25,47) a(31,53) r(35,164) a(2,65)", "fitness": 0.0}
{"generation": 5, "position": 8, "parents": [13, 7], "genome": "d(1) d(28) d(33) a(32,170)", "fitness": 0.0}
{"generation": 5, "position": 9, "parents": [13, 7], "genome": "d(1) d(35) d(34) r(25,53) a(35,83) d(32) r(35,108) r(25,80) a(33,54)", "fitness": 0.0}
{"generation": 5, "position": 10, "parents": [13], "genome": "d(1) d(28) a(35,83) d(32) r(35,108) r(25,80) d(34)", "fitness": 0.0}
{"generation": 5, "position": 11, "parents": [7], "genome": "d(1) d(35) d(34) r(25,53) d(33) d(28)", "fitness": 0.0}
{"generation": 5, "position": 12, "parents": [56, 40], "genome": "r(35,138) r(3,53) d(34) d(34) d(27) d(25) a(28,87)", "fitness": 0.0}
{"generation": 5, "position": 13, "parents": [56, 40], "genome": "r(35,138) r(3,53) d(27) d(32) a(25,70)", "fitness": 0.0}
{"generation": 5, "position": 14, "parents": [56], "genome": "r(35,138) r(3,53) d(34) d(27) d(32) d(25)", "fitness": 0.0}
{"generation": 5, "position": 15, "parents": [40], "genome": "r(35,138) r(3,53) d(34) d(27) d(25) d(28)", "fitness": 0.0}
{"generation": 5, "position": 16, "parents": [59, 10], "genome": "r(34,99) d(32) r(35,108) d(34) a(1,94)", "fitness": 0.0}
{"generation": 5, "position": 17, "parents": [59, 10], "genome": "d(1) d(28) a(35,83) r(34,77) d(35) r(32,31) d(1) a(25,44)", "fitness": 0.0}
{"generation": 5, "position": 18, "parents": [59], "genome": "r(34,99) r(34,77) d(35) r(32,31) d(1) d(28)", "fitness": 0.0}
{"generation": 5, "position": 19, "parents": [10], "genome": "d(1) d(28) a(35,83) d(32) r(35,108) d(34) d(27)", "fitness": 0.0}
{"generation": 5, "position": 20, "parents": [50], "genome": "r(35,138) d(34) a(1,95) r(32,170) d(1) r(31,177)", "fitness": 0.0}
{"generation": 5, "position": 21, "parents": [56], "genome": "r(35,138) r(3,53) d(34) d(27) d(32) d(1)", "fitness": 0.0}
{"generation": 5, "position": 22, "parents": [42], "genome": "r(34,99) a(3,135) d(32) r(33,83) r(27,47) r(3,79)", "fitness": 12.0}
{"generation": 5, "position": 23, "parents": [32], "genome": "r(34,44) r(25,47) a(31,53) r(34,77) d(35) r(32,31) r(33,49) r(28,164)", "fitness": 0.0}
{"generation": 5, "position": 24, "parents": [12], "genome": "r(34,99) r(33,44) r(2,130) r(28,135) a(25,36) r(27,62)", "fitness": 0.0}
{"generation": 5, "position": 25, "parents": [26], "genome": "d(1) d(28) a(35,83) d(32) a(34,80) d(34) a(35,87)", "fitness": 0.0}
{"generation": 5, "position": 26, "parents": [21, 40], "genome": "d(1) d(28) a(35,83) d(34) d(27) d(25) a(35,158)", "fitness": 0.0}
{"generation": 5, "position": 27, "parents": [21, 40], "genome": "r(35,138) r(3,53) d(32) r(35,108) r(34,54) r(1,135)", "fitness": 0.0}
{"generation": 5, "position": 28, "parents": [21], "genome": "d(1) d(28) a(35,83) d(32) r(35,108) r(34,54) d(27)", "fitness": 0.0}
{"generation": 5, "position": 29, "parents": [40], "genome": "r(35,138) r(3,53) d(34) d(27) d(25) a(31,100)", "fitness": 0.0}
{"generation": 5, "position": 30, "parents": [1, 35], "genome": "d(34) d(32) r(33,83) r(31,70) r(34,77) d(35) r(32,31) r(2,148) d(1)", "fitness": 0.0}
{"generation": 5, "position": 31, "parents": [1, 35], "genome": "r(34,99) d(35)", "fitness": 4.0}
{"generation": 5, "position": 32, "parents": [1], "genome": "d(34) d(32) r(33,83) r(31,70) d(25)", "fitness": 0.0}
{"generation": 5, "position": 33, "parents": [35], "genome": "r(34,99) r(34,77) d(35) r(32,31) r(2,148) r(28,94)", "fitness": 0.0}
{"generation": 5, "position": 34, "parents": [6, 22], "genome": "r(35,38) d(31) r(34,77) d(32) r(35,50) a(28,76) d(25)", "fitness": 0.0}
{"generation": 5, "position": 35, "parents": [6, 22], "genome": "d(34) d(33) d(1)", "fitness": 4.0}
{"generation": 5, "position": 36, "parents": [6], "genome": "r(35,38) d(31) r(34,77) d(33) r(28,62)", "fitness": 0.0}
{"generation": 5, "position": 37, "parents": [22], "genome": "d(34) d(32) r(35,50) a(28,76) r(2,53)", "fitness": 0.0}
{"generation": 5, "position": 38, "parents": [44, 58], "genome": "r(35,138) d(34) r(33,44) a(2,99) a(35,69) d(28) a(35,83) d(32) a(34,80) a(34,170) d(2)", "fitness": 0.0}
{"generation": 5, "position": 39, "parents": [44, 58], "genome": "d(1) r(27,45) r(34,84) d(31) a(1,80) a(35,31)", "fitness": 0.0}
{"generation": 5, "position": 40, "parents": [44], "genome": "r(35,138) d(34) r(33,44) a(2,99) a(35,69) r(27,45) r(34,84) d(31) a(1,80) r(3,62)", "fitness": 12.0}
{"generation": 5, "position": 41, "parents": [58], "genome": "d(1) d(28) a(35,83) d(32) a(34,80) a(34,170) d(34)", "fitness": 0.0}
{"generation": 5, "position": 42, "parents": [28, 36], "genome": "r(34,44) r(25,47) r(35,158) d(34) r(33,44) a(2,99) r(33,35) d(2) r(28,100) a(1,97)", "fitness": 0.0}
{"generation": 5, "position": 43, "parents": [28, 36], "genome": "d(1) a(35,69) r(27,45) r(34,84) a(34,34) d(28) a(3,77) d(35)", "fitness": 0.0}
{"generation": 5, "position": 44, "parents": [28], "genome": "r(34,44) r(25,47) r(35,158) d(34) r(33,44) a(2,99) d(28) a(3,77) a(1,99)", "fitness": 0.0}
{"generation": 5, "position": 45, "parents": [36], "genome": "d(1) a(35,69) r(27,45) r(34,84) a(34,34) r(33,35) d(2) r(28,100) a(25,170)", "fitness": 0.0}
{"generation": 5, "position": 46, "parents": [52, 23], "genome": "r(35,38) a(28,164) r(2,64) r(34,47) r(25,35) d(3) a(28,62)", "fitness": 0.0}
{"generation": 5, "position": 47, "parents": [52, 23], "genome": "r(34,99) r(33,35) r(28,69) d(25)", "fitness": 0.0}
{"generation": 5, "position": 48, "parents": [52], "genome": "r(35,38) a(28,164) r(2,64) r(34,47) r(28,69) r(32,48)", "fitness": 0.0}
{"generation": 5, "position": 49, "parents": [23], "genome": "r(34,99) r(33,35) r(25,35) d(3) a(1,130)", "fitness": 0.0}
{"generation": 5, "position": 50, "parents": [22, 42], "genome": "d(34) d(32) a(3,135) d(32) r(33,83) r(27,47) r(25,84)", "fitness": 0.0}
{"generation": 5, "position": 51, "parents": [22, 42], "genome": "r(34,99) r(35,50) a(28,76) d(2)", "fitness": 0.0}
{"generation": 5, "position": 52, "parents": [22], "genome": "d(34) d(32) r(35,50) a(28,76) d(3)", "fitness": 12.0}
{"generation": 5, "position": 53, "parents": [42], "genome": "r(34,99) a(3,135) d(32) r(33,83) r(27,47) r(3,130)", "fitness": 12.0}
{"generation": 5, "position": 54, "parents": [20, 11], "genome": "r(35,38) a(34,54) d(35) d(34) d(35) a(32,50) a(2,158)", "fitness": 4.0}
{"generation": 5, "position": 55, "parents": [20, 11], "genome": "d(1) d(28) d(34) a(1,51) r(27,46) a(35,94)", "fitness": 0.0}
{"generation": 5, "position": 56, "parents": [20], "genome": "r(35,38) a(34,54) d(35) d(34) a(1,51) r(27,46) d(32)", "fitness": 0.0}
{"generation": 5, "position": 57, "parents": [11], "genome": "d(1) d(28) d(34) d(35) a(32,50) a(27,34)", "fitness": 0.0}
{"generation": 5, "position": 58, "parents": [39], "genome": "a(35,46) a(34,34) r(33,35) d(2) r(32,77) r(28,25)", "fitness": 0.0}
{"generation": 5, "position": 59, "parents": [47], "genome": "r(35,138) d(34) a(1,95) r(32,170) r(3,53) d(34) r(27,70) d(33) d(1)", "fitness": 0.0}
{"generation": 5, "position": 60, "parents": [7], "genome": "d(1) d(35) d(34) r(25,53) d(33) a(28,108)", "fitness": 0.0}
{"generation": 5, "position": 61, "parents": [42], "genome": "r(34,99) a(3,135) d(32) r(33,83) r(27,47) a(3,100)", "fitness": 0.0}
{"generation": 5, "position": 62, "parents": [23, 9], "genome": "r(34,99) r(35,108) r(25,138) d(31)", "fitness": 0.0}
{"generation": 5, "position": 63, "parents": [23, 9], "genome": "d(1) d(28) d(34) r(33,35) r(25,35) d(3) r(32,100)", "fitness": 0.0}
{"generation": 5, "position": 64, "parents": [23], "genome": "r(34,99) r(33,35) r(25,35) d(3) d(28)", "fitness": 0.0}
{"generation": 5, "position": 65, "parents": [9], "genome": "d(1) d(28) d(34) r(35,108) r(25,138) d(33)", "fitness": 0.0}
{"generation": 5, "position": 66, "parents": [25], "genome": "r(34,99) r(33,35) r(25,35) d(2) d(31)", "fitness": 0.0}
{"generation": 6, "position": 0, "parents": [51], "genome": "r(34,99) r(35,50) a(28,76) d(2) r(25,158)", "fitness": 0.0}
{"generation": 6, "position": 1, "parents": [26], "genome": "d(1) d(28) a(35,83) d(34) d(27) d(25) a(35,158) a(35,60)", "fitness": 0.0}
{"generation": 6, "position": 2, "parents": [34], "genome": "r(35,38) d(31) r(34,77) d(32) r(35,50) a(28,76) d(25) d(28)", "fitness": 0.0}
{"generation": 6, "position": 3, "parents": [32], "genome": "d(34) d(32) r(33,83) r(31,70) d(25) d(3)", "fitness": 0.0}
{"generation": 6, "position": 4, "parents": [19], "genome": "d(1) d(28) a(35,83) d(32) r(35,108) d(34) d(27) a(33,76)", "fitness": 0.0}
{"generation": 6, "position": 5, "parents": [43], "genome": "d(1) a(35,69) r(27,45) r(34,84) a(34,34) d(28) a(3,77) d(35) a(33,34)", "fitness": 0.0}
{"generation": 6, "position": 6, "parents": [43], "genome": "d(1) a(35,69) r(27,45) r(34,84) a(34,34) d(28) a(3,77) d(35) d(33)", "fitness": 0.0}
{"generation": 6, "position": 7, "parents": [38], "genome": "r(35,138) d(34) r(33,44) a(2,99) a(35,69) d(28) a(35,83) d(32) a(34,80) a(34,170) d(2) r(25,70)", "fitness": 0.0}
{"generation": 6, "position": 8, "parents": [51], "genome": "r(34,99) r(35,50) a(28,76) d(2) d(32)", "fitness": 0.0}
{"generation": 6, "position": 9, "parents": [2], "genome": "r(34,99) r(34,77) d(35) r(32,31) d(1) d(31) a(33,94)", "fitness": 0.0}
{"generation": 6, "position": 10, "parents": [46, 4], "genome": "r(35,38) a(28,164) r(2,64) r(35,164) d(25) r(34,27)", "fitness": 0.0}
{"generation": 6, "position": 11, "parents": [46, 4], "genome": "r(35,38) a(34,54) d(35) d(34) r(34,47) r(25,35) d(3) a(28,62) a(28,178)", "fitness": 0.0}
{"generation": 6, "position": 12, "parents": [46], "genome": "r(35,38) a(28,164) r(2,64) r(34,47) r(25,35) d(3) a(28,62) d(28)", "fitness": 0.0}
{"generation": 6, "position": 13, "parents": [4], "genome": "r(35,38) a(34,54) d(35) d(34) r(35,164) d(25) a(1,86)", "fitness": 4.0}
{"generation": 6, "position": 14, "parents": [9], "genome": "d(1) d(35) d(34) r(25,53) a(35,83) d(32) r(35,108) r(25,80) a(33,54) d(28)", "fitness": 0.0}
{"generation": 6, "position": 15, "parents": [32], "genome": "d(34) d(32) r(33,83) r(31,70) d(25) d(1)", "fitness": 0.0}
{"generation": 6, "position": 16, "parents": [25], "genome": "d(1) d(28) a(35,83) d(32) a(34,80) d(34) a(35,87) r(35,164)", "fitness": 0.0}
{"generation": 6, "position": 17, "parents": [51], "genome": "r(34,99) r(35,50) a(28,76) d(2) r(33,178)", "fitness": 0.0}
{"generation": 6, "position": 18, "parents": [64], "genome": "r(34,99) r(33,35) r(25,35) d(3) d(28) r(2,3)", "fitness": 0.0}
{"generation": 6, "position": 19, "parents": [49], "genome": "r(34,99) r(33,35) r(25,35) d(3) a(1,130) r(31,52)", "fitness": 0.0}
{"generation": 6, "position": 20, "parents": [19, 51], "genome": "d(1) d(28) a(28,76) d(2) r(35,48)", "fitness": 0.0}
{"generation": 6, "position": 21, "parents": [19, 51], "genome": "r(34,99) r(35,50) a(35,83) d(32) r(35,108) d(34) d(27) r(25,54)", "fitness": 0.0}
{"generation": 6, "position": 22, "parents": [19], "genome": "d(1) d(28) a(35,83) d(32) r(35,108) d(34) d(27) a(25,48)", "fitness": 0.0}
{"generation": 6, "position": 23, "parents": [51], "genome": "r(34,99) r(35,50) a(28,76) d(2) r(32,46)", "fitness": 0.0}
{"generation": 6, "position": 24, "parents": [29, 11], "genome": "r(35,138) r(3,53) d(34)", "fitness": 0.0}
{"generation": 6, "position": 25, "parents": [29, 11], "genome": "d(1) d(35) d(34) r(25,53) d(33) d(28) d(34) d(27) d(25) a(31,100) d(32)", "fitness": 0.0}
{"generation": 6, "position": 26, "parents": [29], "genome": "r(35,138) r(3,53) d(34) d(27) d(25) a(31,100) d(33)", "fitness": 0.0}
{"generation": 6, "position": 27, "parents": [11], "genome": "d(1) d(35) d(34) r(25,53) d(33) d(28) d(32)", "fitness": 0.0}
{"generation": 6, "position": 28, "parents": [15], "genome": "r(35,138) r(3,53) d(34) d(27) d(25) d(28) a(33,69)", "fitness": 0.0}
{"generation": 6, "position": 29, "parents": [2], "genome": "r(34,99) r(34,77) d(35) r(32,31) d(1) d(31) r(33,77)", "fitness": 0.0}
{"generation": 6, "position": 30, "parents": [59], "genome": "r(35,138) d(34) a(1,95) r(32,170) r(3,53) d(34) r(27,70) d(33) d(1) a(28,48)", "fitness": 0.0}
{"generation": 6, "position": 31, "parents": [21], "genome": "r(35,138) r(3,53) d(34) d(27) d(32) d(1) a(25,46)", "fitness": 0.0}
{"generation": 6, "position": 32, "parents": [58, 64], "genome": "a(35,46) a(34,34) r(33,35) d(2) a(1,51)", "fitness": 0.0}
{"generation": 6, "position": 33, "parents": [58, 64], "genome": "r(34,99) r(33,35) r(25,35) d(3) d(28) r(32,77) r(28,25) d(1)", "fitness": 0.0}
{"generation": 6, "position": 34, "parents": [58], "genome": "a(35,46) a(34,34) r(33,35) d(2) r(32,77) r(28,25) a(1,28)", "fitness": 0.0}
{"generation": 6, "position": 35, "parents": [64], "genome": "r(34,99) r(33,35) r(25,35) d(3) d(28) a(32,44)", "fitness": 0.0}
{"generation": 6, "position": 36, "parents": [55], "genome": "d(1) d(28) d(34) a(1,51) r(27,46) a(35,94) d(35)", "fitness": 0.0}
{"generation": 6, "position": 37, "parents": [45], "genome": "d(1) a(35,69) r(27,45) r(34,84) a(34,34) r(33,35) d(2) r(28,100) a(25,170) r(25,31)", "fitness": 0.0}
{"generation": 6, "position": 38, "parents": [8, 2], "genome": "d(1) d(28) r(34,77) d(35) r(32,31) d(1) d(31) a(27,64)", "fitness": 0.0}
{"generation": 6, "position": 39, "parents": [8, 2], "genome": "r(34,99) d(33) a(32,170) d(25)", "fitness": 4.0}
{"generation": 6, "position": 40, "parents": [8], "genome": "d(1) d(28) d(33) a(32,170) r(27,97)", "fitness": 0.0}
{"generation": 6, "position": 41, "parents": [2], "genome": "r(34,99) r(34,77) d(35) r(32,31) d(1) d(31) d(25)", "fitness": 0.0}
{"generation": 6, "position": 42, "parents": [5], "genome": "r(34,44) r(25,47) a(31,53) a(1,51) r(27,46) d(35) a(2,82)", "fitness": 0.0}
{"generation": 6, "position": 43, "parents": [64], "genome": "r(34,99) r(33,35) r(25,35) d(3) d(28) r(1,158)", "fitness": 0.0}
{"generation": 6, "position": 44, "parents": [41, 6], "genome": "d(1) d(28) a(35,83) d(32) d(34) a(1,51) r(27,46) d(1) r(35,45)", "fitness": 0.0}
{"generation": 6, "position": 45, "parents": [41, 6], "genome": "r(35,38) a(34,54) d(35) a(34,80) a(34,170) d(34) r(31,148)", "fitness": 0.0}
{"generation": 6, "position": 46, "parents": [41], "genome": "d(1) d(28) a(35,83) d(32) a(34,80) a(34,170) d(34) a(35,82)", "fitness": 0.0}
{"generation": 6, "position": 47, "parents": [6], "genome": "r(35,38) a(34,54) d(35) d(34) a(1,51) r(27,46) d(1) a(33,35)", "fitness": 0.0}
{"generation": 6, "position": 48, "parents": [64, 30], "genome": "r(34,99) r(33,35) r(25,35) d(1) a(31,33)", "fitness": 0.0}
{"generation": 6, "position": 49, "parents": [64, 30], "genome": "d(34) d(32) r(33,83) r(31,70) r(34,77) d(35) r(32,31) r(2,148) d(3) d(28) a(1,62)", "fitness": 0.0}
{"generation": 6, "position": 50, "parents": [64], "genome": "r(34,99) r(33,35) r(25,35) d(3) d(28) d(2)", "fitness": 0.0}
{"generation": 6, "position": 51, "parents": [30], "genome": "d(34) d(32) r(33,83) r(31,70) r(34,77) d(35) r(32,31) r(2,148) d(1) d(27)", "fitness": 0.0}
{"generation": 6, "position": 52, "parents": [25], "genome": "d(1) d(28) a(35,83) d(32) a(34,80) d(34) a(35,87) d(35)", "fitness": 0.0}
{"generation": 7, "position": 0, "parents": [46], "genome": "d(1) d(28) a(35,83) d(32) a(34,80) a(34,170) d(34) a(35,82) r(35,53)", "fitness": 0.0}
{"generation": 7, "position": 1, "parents": [37], "genome": "d(1) a(35,69) r(27,45) r(34,84) a(34,34) r(33,35) d(2) r(28,100) a(25,170) r(25,31) r(32,77)", "fitness": 0.0}
{"generation": 7, "position": 2, "parents": [18, 0], "genome": "r(34,99) r(33,35) r(25,35) d(3) d(28) r(2,3) a(28,76) d(2) r(25,158) d(32)", "fitness": 0.0}
{"generation": 7, "position": 3, "parents": [18, 0], "genome": "r(34,99) r(35,50) a(25,36)", "fitness": 4.0}
{"generation": 7, "position": 4, "parents": [18], "genome": "r(34,99) r(33,35) r(25,35) d(3) d(28) r(2,3) d(1)", "fitness": 0.0}
{"generation": 7, "position": 5, "parents": [0], "genome": "r(34,99) r(35,50) a(28,76) d(2) r(25,158) r(33,78)", "fitness": 0.0}
{"generation": 7, "position": 6, "parents": [42, 38], "genome": "r(34,44) r(25,47) a(31,53) a(1,51) r(27,46) d(35) a(2,82) d(28) r(34,77) d(35) r(32,31) d(1) d(31) a(27,64) a(33,52)", "fitness": 0.0}
{"generation": 7, "position": 7, "parents": [42, 38], "genome": "d(1) a(33,176)", "fitness": 4.0}
{"generation": 7, "position": 8, "parents": [42], "genome": "r(34,44) r(25,47) a(31,53) a(1,51) r(27,46) d(35) a(2,82) d(33)", "fitness": 0.0}
{"generation": 7, "position": 9, "parents": [38], "genome": "d(1) d(28) r(34,77) d(35) r(32,31) d(1) d(31) a(27,64) a(25,84)", "fitness": 0.0}
{"generation": 7, "position": 10, "parents": [31, 20], "genome": "r(35,138) r(3,53) d(34) d(27) d(32) r(35,48) r(1,130)", "fitness": 0.0}
{"generation": 7, "position": 11, "parents": [31, 20], "genome": "d(1) d(28) a(28,76) d(2) d(1) a(25,46) r(35,95)", "fitness": 0.0}
{"generation": 7, "position": 12, "parents": [31], "genome": "r(35,138) r(3,53) d(34) d(27) d(32) d(1) a(25,46) a(28,134)", "fitness": 12.0}
{"generation": 7, "position": 13, "parents": [20], "genome": "d(1) d(28) a(28,76) d(2) r(35,48) r(25,60)", "fitness": 0.0}
{"generation": 7, "position": 14, "parents": [51], "genome": "d(34) d(32) r(33,83) r(31,70) r(34,77) d(35) r(32,31) r(2,148) d(1) d(27) r(28,97)", "fitness": 0.0}
{"generation": 7, "position": 15, "parents": [53], "genome": "d(1) r(34,77) d(35) r(32,31) d(1) r(27,94) r(31,100) a(33,57)", "fitness": 0.0}
{"generation": 7, "position": 16, "parents": [37], "genome": "d(1) a(35,69) r(27,45) r(34,84) a(34,34) r(33,35) d(2) r(28,100) a(25,170) r(25,31) a(32,34)", "fitness": 0.0}
{"generation": 7, "position": 17, "parents": [52], "genome": "d(1) d(28) a(35,83) d(32) a(34,80) d(34) a(35,87) d(35) r(33,78)", "fitness": 0.0}
{"generation": 7, "position": 18, "parents": [37, 20], "genome": "d(1) a(35,69) r(27,45) r(34,84) a(34,34) r(33,35) d(2) d(2) r(35,48) r(32,83)", "fitness": 0.0}
{"generation": 7, "position": 19, "parents": [37, 20], "genome": "d(1) d(28) a(28,76) r(28,100) a(25,170) r(25,31) d(34)", "fitness": 4.0}
{"generation": 7, "position": 20, "parents": [37], "genome": "d(1) a(35,69) r(27,45) r(34,84) a(34,34) r(33,35) d(2) r(28,100) a(25,170) r(25,31) r(32,100)", "fitness": 0.0}
{"generation": 7, "position": 21, "parents": [20], "genome": "d(1) d(28) a(28,76) d(2) r(35,48) d(34)", "fitness": 0.0}
{"generation": 7, "position": 22, "parents": [14], "genome": "d(1) d(35) d(34) r(25,53) a(35,83) d(32) r(35,108) r(25,80) a(33,54) d(28) a(33,70)", "fitness": 0.0}
{"generation": 7, "position": 23, "parents": [7], "genome": "r(35,138) d(34) r(33,44) a(2,99) a(35,69) d(28) a(35,83) d(32) a(34,80) a(34,170) d(2) r(25,70) a(1,53)", "fitness": 0.0}
{"generation": 7, "position": 24, "parents": [31, 37], "genome": "r(35,138) r(3,53) a(25,170) r(25,31) d(34)", "fitness": 0.0}
{"generation": 7, "position": 25, "parents": [31, 37], "genome": "d(1) a(35,69) r(27,45) r(34,84) a(34,34) r(33,35) d(2) r(28,100) d(34) d(27) d(32) d(1) a(25,46) r(25,76)", "fitness": 0.0}
{"generation": 7, "position": 26, "parents": [31], "genome": "r(35,138) r(3,53) d(34) d(27) d(32) d(1) a(25,46) a(28,82)", "fitness": 0.0}
{"generation": 7, "position": 27, "parents": [37], "genome": "d(1) a(35,69) r(27,45) r(34,84) a(34,34) r(33,35) d(2) r(28,100) a(25,170) r(25,31) a(32,112)", "fitness": 0.0}
{"generation": 7, "position": 28, "parents": [44], "genome": "d(1) d(28) a(35,83) d(32) d(34) a(1,51) r(27,46) d(1) r(35,45) a(33,176)", "fitness": 0.0}
{"generation": 7, "position": 29, "parents": [30], "genome": "r(35,138) d(34) a(1,95) r(32,170) r(3,53) d(34) r(27,70) d(33) d(1) a(28,48) d(28)", "fitness": 0.0}
{"generation": 7, "position": 30, "parents": [24, 35], "genome": "r(35,138) r(3,53) d(34) r(25,35) d(3) d(28) a(32,44) r(1,47)", "fitness": 0.0}
{"generation": 7, "position": 31, "parents": [24, 35], "genome": "r(34,99) r(33,35) a(3,64)", "fitness": 0.0}
{"generation": 7, "position": 32, "parents": [24], "genome": "r(35,138) r(3,53) d(34) r(27,84)", "fitness": 0.0}
{"generation": 7, "position": 33, "parents": [35], "genome": "r(34,99) r(33,35) r(25,35) d(3) d(28) a(32,44) a(1,95)", "fitness": 0.0}
{"generation": 7, "position": 34, "parents": [1], "genome": "d(1) d(28) a(35,83) d(34) d(27) d(25) a(35,158) a(35,60) a(35,48)", "fitness": 0.0}
{"generation": 7, "position": 35, "parents": [52], "genome": "d(1) d(28) a(35,83) d(32) a(34,80) d(34) a(35,87) d(35) r(25,50)", "fitness": 0.0}
{"generation": 7, "position": 36, "parents": [22, 41], "genome": "d(1) d(28) a(35,83) d(1) d(31) d(25) a(35,27)", "fitness": 0.0}
{"generation": 7, "position": 37, "parents": [22, 41], "genome": "r(34,99) r(34,77) d(35) r(32,31) d(32) r(35,108) d(34) d(27) a(25,48) r(3,138)", "fitness": 12.0}
{"generation": 7, "position": 38, "parents": [22], "genome": "d(1) d(28) a(35,83) d(32) r(35,108) d(34) d(27) a(25,48) r(33,25)", "fitness": 0.0}
{"generation": 7, "position": 39, "parents": [41], "genome": "r(34,99) r(34,77) d(35) r(32,31) d(1) d(31) d(25) a(28,37)", "fitness": 0.0}
{"generation": 7, "position": 40, "parents": [29], "genome": "r(34,99) r(34,77) d(35) r(32,31) d(1) d(31) r(33,77) r(28,37)", "fitness": 0.0}
{"generation": 7, "position": 41, "parents": [12], "genome": "r(35,38) a(28,164) r(2,64) r(34,47) r(25,35) d(3) a(28,62) d(28) r(33,44)", "fitness": 0.0}
{"generation": 7, "position": 42, "parents": [19, 4], "genome": "r(34,99) r(33,35) r(25,35) d(3) d(27) a(33,76) r(28,130)", "fitness": 0.0}
{"generation": 7, "position": 43, "parents": [19, 4], "genome": "d(1) d(28) a(35,83) d(32) r(35,108) d(34) a(1,130) r(31,52) a(33,46)", "fitness": 0.0}
{"generation": 7, "position": 44, "parents": [19], "genome": "r(34,99) r(33,35) r(25,35) d(3) a(1,130) r(31,52) r(28,48)", "fitness": 0.0}
{"generation": 7, "position": 45, "parents": [4], "genome": "d(1) d(28) a(35,83) d(32) r(35,108) d(34) d(27) a(33,76) a(25,77)", "fitness": 0.0}
{"generation": 7, "position": 46, "parents": [18], "genome": "r(34,99) r(33,35) r(25,35) d(3) d(28) r(2,3) a(32,77)", "fitness": 0.0}
{"generation": 7, "position": 47, "parents": [3], "genome": "d(34) d(32) r(33,83) r(31,70) d(25) d(3) d(28)", "fitness": 0.0}
{"generation": 7, "position": 48, "parents": [7, 27], "genome": "r(35,138) d(34) r(33,44) a(2,99) d(33) d(28) d(32) r(1,86)", "fitness": 0.0}
{"generation": 7, "position": 49, "parents": [7, 27], "genome": "d(1) d(35) d(34) r(25,53) a(35,69) d(28) a(35,83) d(32) a(34,80) a(34,170) d(2) r(25,70) r(33,86)", "fitness": 0.0}
{"generation": 7, "position": 50, "parents": [7], "genome": "r(35,138) d(34) r(33,44) a(2,99) a(35,69) d(28) a(35,83) d(32) a(34,80) a(34,170) d(2) r(25,70) d(1)", "fitness": 0.0}
{"generation": 7, "position": 51, "parents": [27], "genome": "d(1) d(35) d(34) r(25,53) d(33) d(28) d(32)", "fitness": 0.0}
{"generation": 7, "position": 52, "parents": [9, 18], "genome": "r(34,99) r(34,77) d(35) r(32,31) d(1) d(31) a(33,94) d(3) d(28) r(2,3) d(27)", "fitness": 0.0}
{"generation": 7, "position": 53, "parents": [9, 18], "genome": "r(34,99) r(33,35) r(25,35) r(3,44)", "fitness": 0.0}
{"generation": 7, "position": 54, "parents": [9], "genome": "r(34,99) r(34,77) d(35) r(32,31) d(1) d(31) a(33,94) a(33,99)", "fitness": 0.0}
{"generation": 7, "position": 55, "parents": [18], "genome": "r(34,99) r(33,35) r(25,35) d(3) d(28) r(2,3) a(32,178)", "fitness": 0.0}
{"generation": 7, "position": 56, "parents": [32], "genome": "a(35,46) a(34,34) r(33,35) d(2) a(1,51) d(27)", "fitness": 0.0}
{"generation": 7, "position": 57, "parents": [14], "genome": "d(1) d(35) d(34) r(25,53) a(35,83) d(32) r(35,108) r(25,80) a(33,54) d(28) r(33,77)", "fitness": 0.0}
{"generation": 7, "position": 58, "parents": [33, 26], "genome": "r(34,99) r(33,35) r(25,35) d(3) d(28) r(32,77) d(33) d(1)", "fitness": 0.0}
{"generation": 7, "position": 59, "parents": [33, 26], "genome": "r(35,138) r(3,53) d(34) d(27) d(25) a(31,100) r(28,25) d(1) a(33,138)", "fitness": 0.0}
{"generation": 7, "position": 60, "parents": [33], "genome": "r(34,99) r(33,35) r(25,35) d(3) d(28) r(32,77) r(28,25) d(1)", "fitness": 0.0}
{"generation": 8, "position": 0, "parents": [6, 60], "genome": "r(34,44) r(25,47) a(31,53) a(1,51) r(27,46) d(35) a(2,82) d(28) r(34,77) d(35) r(32,31) d(1) d(28) r(32,77) r(28,25) d(1) r(33,37)", "fitness": 0.0}
{"generation": 8, "position": 1, "parents": [6, 60], "genome": "r(34,99) r(33,35) r(25,35) d(3) d(31) a(27,64) a(33,52) r(28,38)", "fitness": 0.0}
{"generation": 8, "position": 2, "parents": [6], "genome": "r(34,44) r(25,47) a(31,53) a(1,51) r(27,46) d(35) a(2,82) d(28) r(34,77) d(35) r(32,31) d(1) d(31) a(27,64) a(33,52) r(33,25)", "fitness": 0.0}
{"generation": 8, "position": 3, "parents": [60], "genome": "r(34,99) r(33,35) r(25,35) d(3) d(28) r(32,77) r(28,25) d(1)", "fitness": 0.0}
{"generation": 8, "position": 4, "parents": [44, 46], "genome": "r(34,99) r(33,35) r(25,35) d(3) a(1,130) r(31,52) r(28,48) d(28) r(2,3) a(32,77) d(32)", "fitness": 0.0}
{"generation": 8, "position": 5, "parents": [44, 46], "genome": "r(34,99) r(33,35) r(25,35) d(3) d(2)", "fitness": 0.0}
{"generation": 8, "position": 6, "parents": [44], "genome": "r(34,99) r(33,35) r(25,35) d(3) a(1,130) r(31,52) r(28,48) d(2)", "fitness": 0.0}
{"generation": 8, "position": 7, "parents": [46], "genome": "r(34,99) r(33,35) r(25,35) d(3) d(28) r(2,3) a(32,77) a(32,35)", "fitness": 0.0}
{"generation": 8, "position": 8, "parents": [23], "genome": "r(35,138) d(34) r(33,44) a(2,99) a(35,69) d(28) a(35,83) d(32) a(34,80) a(34,170) d(2) r(25,70) a(1,53) a(1,25)", "fitness": 0.0}
{"generation": 8, "position": 9, "parents": [55], "genome": "r(34,99) r(33,35) r(25,35) d(3) d(28) r(2,3) a(32,178) d(1)", "fitness": 0.0}
{"generation": 8, "position": 10, "parents": [46, 43], "genome": "r(34,99) r(33,35) r(31,52) a(33,46) r(3,46)", "fitness": 12.0}
{"generation": 8, "position": 11, "parents": [46, 43], "genome": "d(1) d(28) a(35,83) d(32) r(35,108) d(34) a(1,130) r(25,35) d(3) d(28) r(2,3) a(32,77) r(33,69)", "fitness": 0.0}
{"generation": 8, "position": 12, "parents": [46], "genome": "r(34,99) r(33,35) r(25,35) d(3) d(28) r(2,3) a(32,77) d(32)", "fitness": 0.0}
{"generation": 8, "position": 13, "parents": [43], "genome": "d(1) d(28) a(35,83) d(32) r(35,108) d(34) a(1,130) r(31,52) a(33,46) r(27,60)", "fitness": 0.0}
{"generation": 8, "position": 14, "parents": [33, 53], "genome": "r(34,99) r(33,35) r(25,35) r(3,44) d(31)", "fitness": 0.0}
{"generation": 8, "position": 15, "parents": [33, 53], "genome": "r(34,99) r(33,35) r(25,35) d(3) d(28) a(32,44) a(1,95) d(2)", "fitness": 0.0}
{"generation": 8, "position": 16, "parents": [33], "genome": "r(34,99) r(33,35) r(25,35) d(3) d(28) a(32,44) a(1,95) r(1,164)", "fitness": 0.0}
{"generation": 8, "position": 17, "parents": [53], "genome": "r(34,99) r(33,35) r(25,35) r(3,44) d(31)", "fitness": 0.0}
{"generation": 8, "position": 18, "parents": [48], "genome": "r(35,138) d(34) r(33,44) a(2,99) d(33) d(28) d(32) r(1,86) a(25,138)", "fitness": 0.0}
{"generation": 8, "position": 19, "parents": [38], "genome": "d(1) d(28) a(35,83) d(32) r(35,108) d(34) d(27) a(25,48) r(33,25) r(25,53)", "fitness": 0.0}
{"generation": 8, "position": 20, "parents": [5], "genome": "r(34,99) r(35,50) a(28,76) d(2) r(25,158) r(33,78) a(32,32)", "fitness": 0.0}
{"generation": 8, "position": 21, "parents": [21], "genome": "d(1) d(28) a(28,76) d(2) r(35,48) d(34) r(27,176)", "fitness": 0.0}
{"generation": 8, "position": 22, "parents": [22, 38], "genome": "d(1) d(35) d(34) r(25,53) a(35,83) d(32) d(34) d(27) a(25,48) r(33,25) r(31,48)", "fitness": 0.0}
{"generation": 8, "position": 23, "parents": [22, 38], "genome": "d(1) d(28) a(35,83) d(32) r(35,108) r(35,108) r(25,80) a(33,54) d(28) a(33,70) r(34,52)", "fitness": 0.0}
{"generation": 8, "position": 24, "parents": [22], "genome": "d(1) d(35) d(34) r(25,53) a(35,83) d(32) r(35,108) r(25,80) a(33,54) d(28) a(33,70) r(33,97)", "fitness": 0.0}
{"generation": 8, "position": 25, "parents": [38], "genome": "d(1) d(28) a(35,83) d(32) r(35,108) d(34) d(27) a(25,48) r(33,25) d(25)", "fitness": 0.0}
{"generation": 8, "position": 26, "parents": [32, 42], "genome": "r(35,138) r(3,53) a(33,76) r(28,130) a(1,69)", "fitness": 0.0}
{"generation": 8, "position": 27, "parents": [32, 42], "genome": "r(34,99) r(33,35) r(25,35) d(3) d(27) d(34) r(27,84) a(2,99)", "fitness": 0.0}
{"generation": 8, "position": 28, "parents": [32], "genome": "r(35,138) r(3,53) d(34) r(27,84) a(2,134)", "fitness": 0.0}
{"generation": 8, "position": 29, "parents": [42], "genome": "r(34,99) r(33,35) r(25,35) d(3) d(27) a(33,76) r(28,130) a(1,164)", "fitness": 0.0}
{"generation": 8, "position": 30, "parents": [40, 61], "genome": "r(34,99) r(34,77) d(35) r(32,31) d(1) d(31) r(33,77) r(28,37) d(34) d(27) d(25) a(31,100) d(33) a(28,100)", "fitness": 0.0}
{"generation": 8, "position": 31, "parents": [40, 61], "genome": "r(35,138) r(3,53) a(34,158)", "fitness": 0.0}
{"generation": 8, "position": 32, "parents": [40], "genome": "r(34,99) r(34,77) d(35) r(32,31) d(1) d(31) r(33,77) r(28,37) a(25,35)", "fitness": 0.0}
{"generation": 8, "position": 33, "parents": [61], "genome": "r(35,138) r(3,53) d(34) d(27) d(25) a(31,100) d(33) a(28,100) r(28,164)", "fitness": 0.0}
{"generation": 8, "position": 34, "parents": [57], "genome": "d(1) d(35) d(34) r(25,53) a(35,83) d(32) r(35,108) r(25,80) a(33,54) d(28) r(33,77)", "fitness": 0.0}
{"generation": 8, "position": 35, "parents": [36], "genome": "d(1) d(28) a(35,83) d(1) d(31) d(25) a(35,27) d(35)", "fitness": 0.0}
{"generation": 8, "position": 36, "parents": [55], "genome": "r(34,99) r(33,35) r(25,35) d(3) d(28) r(2,3) a(32,178) d(1)", "fitness": 0.0}
{"generation": 8, "position": 37, "parents": [56], "genome": "a(35,46) a(34,34) r(33,35) d(2) a(1,51) d(27) d(1)", "fitness": 0.0}
{"generation": 8, "position": 38, "parents": [61], "genome": "r(35,138) r(3,53) d(34) d(27) d(25) a(31,100) d(33) a(28,100) d(31)", "fitness": 0.0}
{"generation": 8, "position": 39, "parents": [39], "genome": "r(34,99) r(34,77) d(35) r(32,31) d(1) d(31) d(25) a(28,37) d(28)", "fitness": 0.0}
{"generation": 8, "position": 40, "parents": [28], "genome": "d(1) d(28) a(35,83) d(32) d(34) a(1,51) r(27,46) d(1) r(35,45) a(33,176) r(33,164)", "fitness": 0.0}
{"generation": 8, "position": 41, "parents": [35], "genome": "d(1) d(28) a(35,83) d(32) a(34,80) d(34) a(35,87) d(35) r(25,50) d(33)", "fitness": 0.0}
{"generation": 8, "position": 42, "parents": [49, 50], "genome": "d(1) d(35) d(34) r(25,53) r(25,70) d(1) a(33,112)", "fitness": 0.0}
{"generation": 8, "position": 43, "parents": [49, 50], "genome": "r(35,138) d(34) r(33,44) a(2,99) a(35,69) d(28) a(35,83) d(32) a(34,80) a(34,170) d(2) a(35,69) d(28) a(35,83) d(32) a(34,80) a(34,170) d(2) r(25,70) r(33,86) r(1,45)", "fitness": 0.0}
{"generation": 8, "position": 44, "parents": [49], "genome": "d(1) d(35) d(34) r(25,53) a(35,69) d(28) a(35,83) d(32) a(34,80) a(34,170) d(2) r(25,70) r(33,86)", "fitness": 0.0}
{"generation": 8, "position": 45, "parents": [50], "genome": "r(35,138) d(34) r(33,44) a(2,99) a(35,69) d(28) a(35,83) d(32) a(34,80) a(34,170) d(2) r(25,70) d(1)", "fitness": 0.0}
{"generation": 8, "position": 46, "parents": [48, 57], "genome": "r(35,138) d(34) r(33,44) a(2,99) d(33) d(28) r(27,31)", "fitness": 4.0}
{"generation": 8, "position": 47, "parents": [48, 57], "genome": "d(1) d(35) d(34) r(25,53) a(35,83) d(32) r(35,108) r(25,80) a(33,54) d(28) r(33,77) d(32) r(1,86)", "fitness": 0.0}
{"generation": 8, "position": 48, "parents": [48], "genome": "r(35,138) d(34) r(33,44) a(2,99) d(33) d(28) d(32) r(1,86) r(27,78)", "fitness": 0.0}
{"generation": 8, "position": 49, "parents": [57], "genome": "d(1) d(35) d(34) r(25,53) a(35,83) d(32) r(35,108) r(25,80) a(33,54) d(28) r(33,77)", "fitness": 0.0}
{"generation": 8, "position": 50, "parents": [28], "genome": "d(1) d(28) a(35,83) d(32) d(34) a(1,51) r(27,46) d(1) r(35,45) a(33,176) r(25,34)", "fitness": 0.0}
{"generation": 8, "position": 51, "parents": [25], "genome": "d(1) a(35,69) r(27,45) r(34,84) a(34,34) r(33,35) d(2) r(28,100) d(34) d(27) d(32) d(1) a(25,46) r(25,76)", "fitness": 0.0}
{"generation": 8, "position": 52, "parents": [48, 34], "genome": "r(35,138) d(34) r(33,44) a(2,99) d(33) d(28) a(35,83) d(34) d(27) d(25) a(35,158) a(35,60) a(35,48) a(3,130)", "fitness": 0.0}
{"generation": 8, "position": 53, "parents": [48, 34], "genome": "d(1) d(28) d(32) r(1,86) r(34,158)", "fitness": 0.0}
{"generation": 8, "position": 54, "parents": [48], "genome": "r(35,138) d(34) r(33,44) a(2,99) d(33) d(28) d(32) r(1,86) d(25)", "fitness": 0.0}
{"generation": 8, "position": 55, "parents": [34], "genome": "d(1) d(28) a(35,83) d(34) d(27) d(25) a(35,158) a(35,60) a(35,48) r(35,130)", "fitness": 0.0}
{"generation": 8, "position": 56, "parents": [22], "genome": "d(1) d(35) d(34) r(25,53) a(35,83) d(32) r(35,108) r(25,80) a(33,54) d(28) a(33,70) a(33,32)", "fitness": 0.0}
{"generation": 8, "position": 57, "parents": [9], "genome": "d(1) d(28) r(34,77) d(35) r(32,31) d(1) d(31) a(27,64) a(25,84) a(33,62)", "fitness": 0.0}
{"generation": 8, "position": 58, "parents": [49], "genome": "d(1) d(35) d(34) r(25,53) a(35,69) d(28) a(35,83) d(32) a(34,80) a(34,170) d(2) r(25,70) r(33,86)", "fitness": 0.0}
{"generation": 9, "position": 0, "parents": [3], "genome": "r(34,99) r(33,35) r(25,35) d(3) d(28) r(32,77) r(28,25) d(1)", "fitness": 0.0}
{"generation": 9, "position": 1, "parents": [34], "genome": "d(1) d(35) d(34) r(25,53) a(35,83) d(32) r(35,108) r(25,80) a(33,54) d(28) r(33,77)", "fitness": 0.0}
{"generation": 9, "position": 2, "parents": [38, 5], "genome": "r(35,138) r(3,53) d(34) d(27) d(2) d(31)", "fitness": 0.0}
{"generation": 9, "position": 3, "parents": [38, 5], "genome": "r(34,99) r(33,35) r(25,35) d(3) d(25) a(31,100) d(33) a(28,100) d(31) a(1,45)", "fitness": 0.0}
{"generation": 9, "position": 4, "parents": [38], "genome": "r(35,138) r(3,53) d(34) d(27) d(25) a(31,100) d(33) a(28,100) d(31) a(1,52)", "fitness": 0.0}
{"generation": 9, "position": 5, "parents": [5], "genome": "r(34,99) r(33,35) r(25,35) d(3) d(2) a(1,48)", "fitness": 0.0}
{"generation": 9, "position": 6, "parents": [21], "genome": "d(1) d(28) a(28,76) d(2) r(35,48) d(34) r(27,176) r(33,86)", "fitness": 0.0}
{"generation": 9, "position": 7, "parents": [54], "genome": "r(35,138) d(34) r(33,44) a(2,99) d(33) d(28) d(32) r(1,86) d(25)", "fitness": 0.0}
{"generation": 9, "position": 8, "parents": [40], "genome": "d(1) d(28) a(35,83) d(32) d(34) a(1,51) r(27,46) d(1) r(35,45) a(33,176) r(33,164) r(25,164)", "fitness": 0.0}
{"generation": 9, "position": 9, "parents": [3], "genome": "r(34,99) r(33,35) r(25,35) d(3) d(28) r(32,77) r(28,25) d(1)", "fitness": 0.0}
{"generation": 9, "position": 10, "parents": [37], "genome": "a(35,46) a(34,34) r(33,35) d(2) a(1,51) d(27) d(1) d(32)", "fitness": 0.0}
{"generation": 9, "position": 11, "parents": [4], "genome": "r(34,99) r(33,35) r(25,35) d(3) a(1,130) r(31,52) r(28,48) d(28) r(2,3) a(32,77) d(32) d(1)", "fitness": 0.0}
{"generation": 9, "position": 12, "parents": [37], "genome": "a(35,46) a(34,34) r(33,35) d(2) a(1,51) d(27) d(1) r(25,45)", "fitness": 0.0}
{"generation": 9, "position": 13, "parents": [7], "genome": "r(34,99) r(33,35) r(25,35) d(3) d(28) r(2,3) a(32,77) a(32,35) r(32,158)", "fitness": 0.0}
{"generation": 9, "position": 14, "parents": [16], "genome": "r(34,99) r(33,35) r(25,35) d(3) d(28) a(32,44) a(1,95) r(1,164) r(32,134)", "fitness": 0.0}
{"generation": 9, "position": 15, "parents": [4], "genome": "r(34,99) r(33,35) r(25,35) d(3) a(1,130) r(31,52) r(28,48) d(28) r(2,3) a(32,77) d(32) r(1,35)", "fitness": 0.0}
{"generation": 9, "position": 16, "parents": [36, 5], "genome": "r(34,99) r(33,35) r(25,35) d(3) d(28) r(2,3) a(32,178) d(1) d(2) a(32,27)", "fitness": 0.0}
{"generation": 9, "position": 17, "parents": [36, 5], "genome": "r(34,99) r(33,35) r(25,35) d(3) a(2,50)", "fitness": 0.0}
{"generation": 9, "position": 18, "parents": [36], "genome": "r(34,99) r(33,35) r(25,35) d(3) d(28) r(2,3) a(32,178) d(1) d(32)", "fitness": 0.0}
{"generation": 9, "position": 19, "parents": [5], "genome": "r(34,99) r(33,35) r(25,35) d(3) d(2) d(1)", "fitness": 0.0}
{"generation": 9, "position": 20, "parents": [43], "genome": "r(35,138) d(34) r(33,44) a(2,99) a(35,69) d(28) a(35,83) d(32) a(34,80) a(34,170) d(2) a(35,69) d(28) a(35,83) d(32) a(34,80) a(34,170) d(2) r(25,70) r(33,86) r(1,45)", "fitness": 0.0}
{"generation": 9, "position": 21, "parents": [37], "genome": "a(35,46) a(34,34) r(33,35) d(2) a(1,51) d(27) d(1) d(28)", "fitness": 0.0}
{"generation": 9, "position": 22, "parents": [26, 14], "genome": "r(35,138) r(3,53) a(33,76) r(28,130) r(25,35) r(3,44) d(31) a(34,112)", "fitness": 0.0}
{"generation": 9, "position": 23, "parents": [26, 14], "genome": "r(34,99) r(33,35) a(1,69) r(28,84)", "fitness": 0.0}
{"generation": 9, "position": 24, "parents": [26], "genome": "r(35,138) r(3,53) a(33,76) r(28,130) a(1,69) r(34,84)", "fitness": 0.0}
{"generation": 9, "position": 25, "parents": [14], "genome": "r(34,99) r(33,35) r(25,35) r(3,44) d(31) a(28,148)", "fitness": 0.0}
{"generation": 9, "position": 26, "parents": [5], "genome": "r(34,99) r(33,35) r(25,35) d(3) d(2) d(32)", "fitness": 0.0}
{"generation": 9, "position": 27, "parents": [28], "genome": "r(35,138) r(3,53) d(34) r(27,84) a(2,134) a(25,70)", "fitness": 0.0}
{"generation": 9, "position": 28, "parents": [30], "genome": "r(34,99) r(34,77) d(35) r(32,31) d(1) d(31) r(33,77) r(28,37) d(34) d(27) d(25) a(31,100) d(33) a(28,100)", "fitness": 0.0}
{"generation": 9, "position": 29, "parents": [52], "genome": "r(35,138) d(34) r(33,44) a(2,99) d(33) d(28) a(35,83) d(34) d(27) d(25) a(35,158) a(35,60) a(35,48) a(3,130) r(32,148)", "fitness": 0.0}
{"generation": 9, "position": 30, "parents": [2, 9], "genome": "r(34,44) r(25,47) a(31,53) a(1,51) r(25,35) d(3) d(28) r(2,3) a(32,178) d(1) a(35,60)", "fitness": 0.0}
{"generation": 9, "position": 31, "parents": [2, 9], "genome": "r(34,99) r(33,35) r(27,46) d(35) a(2,82) d(28) r(34,77) d(35) r(32,31) d(1) d(31) a(27,64) a(33,52) r(33,25) r(25,100)", "fitness": 0.0}
{"generation": 9, "position": 32, "parents": [2], "genome": "r(34,44) r(25,47) a(31,53) a(1,51) r(27,46) d(35) a(2,82) d(28) r(34,77) d(35) r(32,31) d(1) d(31) a(27,64) a(33,52) r(33,25)", "fitness": 0.0}
{"generation": 9, "position": 33, "parents": [9], "genome": "r(34,99) r(33,35) r(25,35) d(3) d(28) r(2,3) a(32,178) d(1) d(32)", "fitness": 0.0}
{"generation": 9, "position": 34, "parents": [44], "genome": "d(1) d(35) d(34) r(25,53) a(35,69) d(28) a(35,83) d(32) a(34,80) a(34,170) d(2) r(25,70) r(33,86)", "fitness": 0.0}
{"generation": 9, "position": 35, "parents": [41], "genome": "d(1) d(28) a(35,83) d(32) a(34,80) d(34) a(35,87) d(35) r(25,50) d(33)", "fitness": 0.0}
{"generation": 9, "position": 36, "parents": [12, 33], "genome": "r(34,99) r(33,35) r(25,35) d(3) d(28) d(32)", "fitness": 0.0}
{"generation": 9, "position": 37, "parents": [12, 33], "genome": "r(35,138) r(3,53) d(34) d(27) d(25) a(31,100) d(33) a(28,100) r(28,164) r(2,3) a(32,77) d(32) d(1)", "fitness": 0.0}
{"generation": 9, "position": 38, "parents": [12], "genome": "r(34,99) r(33,35) r(25,35) d(3) d(28) r(2,3) a(32,77) d(32) a(1,99)", "fitness": 0.0}
{"generation": 9, "position": 39, "parents": [33], "genome": "r(35,138) r(3,53) d(34) d(27) d(25) a(31,100) d(33) a(28,100) r(28,164) a(2,25)", "fitness": 0.0}
{"generation": 9, "position": 40, "parents": [20, 13], "genome": "r(34,99) r(35,50) a(35,83) d(32) r(35,108) d(34) a(1,130) r(31,52) a(33,46) r(27,60) a(28,62)", "fitness": 0.0}
{"generation": 9, "position": 41, "parents": [20, 13], "genome": "d(1) d(28) a(28,76) d(2) r(25,158) r(33,78) a(32,32) d(32)", "fitness": 0.0}
{"generation": 9, "position": 42, "parents": [20], "genome": "r(34,99) r(35,50) a(28,76) d(2) r(25,158) r(33,78) a(32,32) r(1,112)", "fitness": 0.0}
{"generation": 9, "position": 43, "parents": [13], "genome": "d(1) d(28) a(35,83) d(32) r(35,108) d(34) a(1,130) r(31,52) a(33,46) r(27,60) r(33,50)", "fitness": 0.0}
{"generation": 9, "position": 44, "parents": [41, 43], "genome": "d(1) d(28) a(35,83) d(28) a(35,83) d(32) a(34,80) a(34,170) d(2) a(35,69) d(28) a(35,83) d(32) a(34,80) a(34,170) d(2) r(25,70) r(33,86) r(1,45)", "fitness": 0.0}
{"generation": 9, "position": 45, "parents": [41, 43], "genome": "r(35,138) d(34) r(33,44) a(2,99) a(35,69) d(32) a(34,80) d(34) a(35,87) d(35) r(25,50) d(33) d(3)", "fitness": 0.0}
{"generation": 9, "position": 46, "parents": [41], "genome": "d(1) d(28) a(35,83) d(32) a(34,80) d(34) a(35,87) d(35) r(25,50) d(33)", "fitness": 0.0}
{"generation": 9, "position": 47, "parents": [43], "genome": "r(35,138) d(34) r(33,44) a(2,99) a(35,69) d(28) a(35,83) d(32) a(34,80) a(34,170) d(2) a(35,69) d(28) a(35,83) d(32) a(34,80) a(34,170) d(2) r(25,70) r(33,86) r(1,45)", "fitness": 0.0}
{"generation": 9, "position": 48, "parents": [32], "genome": "r(34,99) r(34,77) d(35) r(32,31) d(1) d(31) r(33,77) r(28,37) a(25,35) a(25,32)", "fitness": 0.0}
{"generation": 9, "position": 49, "parents": [0], "genome": "r(34,44) r(25,47) a(31,53) a(1,51) r(27,46) d(35) a(2,82) d(28) r(34,77) d(35) r(32,31) d(1) d(28) r(32,77) r(28,25) d(1) r(33,37)", "fitness": 0.0}
{"generation": 9, "position": 50, "parents": [25], "genome": "d(1) d(28) a(35,83) d(32) r(35,108) d(34) d(27) a(25,48) r(33,25) d(25)", "fitness": 0.0}
{"generation": 9, "position": 51, "parents": [2], "genome": "r(34,44) r(25,47) a(31,53) a(1,51) r(27,46) d(35) a(2,82) d(28) r(34,77) d(35) r(32,31) d(1) d(31) a(27,64) a(33,52) r(33,25)", "fitness": 0.0}
{"generation": 9, "position": 52, "parents": [35], "genome": "d(1) d(28) a(35,83) d(1) d(31) d(25) a(35,27) d(35) r(34,78)", "fitness": 0.0}
{"generation": 10, "position": 0, "parents": [26, 2], "genome": "r(34,99) d(27) d(2) d(31) a(35,164)", "fitness": 0.0}
{"generation": 10, "position": 1, "parents": [26, 2], "genome": "r(35,138) r(3,53) d(34) r(33,35) r(25,35) d(3) d(2) d(32) d(1)", "fitness": 0.0}
{"generation": 10, "position": 2, "parents": [26], "genome": "r(34,99) r(33,35) r(25,35) d(3) d(2) d(32) d(28)", "fitness": 0.0}
{"generation": 10, "position": 3, "parents": [2], "genome": "r(35,138) r(3,53) d(34) d(27) d(2) d(31) d(33)", "fitness": 0.0}
{"generation": 10, "position": 4, "parents": [36, 12], "genome": "r(34,99) r(33,35) r(25,35) d(3) d(28) d(32) d(27) d(1) r(25,45)", "fitness": 0.0}
{"generation": 10, "position": 5, "parents": [36, 12], "genome": "a(35,46) a(34,34) r(33,35) d(2) a(1,51) r(1,48)", "fitness": 0.0}
{"generation": 10, "position": 6, "parents": [36], "genome": "r(34,99) r(33,35) r(25,35) d(3) d(28) d(32) d(1)", "fitness": 0.0}
{"generation": 10, "position": 7, "parents": [12], "genome": "a(35,46) a(34,34) r(33,35) d(2) a(1,51) d(27) d(1) r(25,45) d(32)", "fitness": 0.0}
{"generation": 10, "position": 8, "parents": [4], "genome": "r(35,138) r(3,53) d(34) d(27) d(25) a(31,100) d(33) a(28,100) d(31) a(1,52) r(32,51)", "fitness": 0.0}
{"generation": 10, "position": 9, "parents": [9], "genome": "r(34,99) r(33,35) r(25,35) d(3) d(28) r(32,77) r(28,25) d(1)", "fitness": 0.0}
{"generation": 10, "position": 10, "parents": [47], "genome": "r(35,138) d(34) r(33,44) a(2,99) a(35,69) d(28) a(35,83) d(32) a(34,80) a(34,170) d(2) a(35,69) d(28) a(35,83) d(32) a(34,80) a(34,170) d(2) r(25,70) r(33,86) r(1,45)", "fitness": 0.0}
{"generation": 10, "position": 11, "parents": [51], "genome": "r(34,44) r(25,47) a(31,53) a(1,51) r(27,46) d(35) a(2,82) d(28) r(34,77) d(35) r(32,31) d(1) d(31) a(27,64) a(33,52) r(33,25)", "fitness": 0.0}
{"generation": 10, "position": 12, "parents": [14], "genome": "r(34,99) r(33,35) r(25,35) d(3) d(28) a(32,44) a(1,95) r(1,164) r(32,134)", "fitness": 0.0}
{"generation": 10, "position": 13, "parents": [34], "genome": "d(1) d(35) d(34) r(25,53) a(35,69) d(28) a(35,83) d(32) a(34,80) a(34,170) d(2) r(25,70) r(33,86)", "fitness": 0.0}
{"generation": 10, "position": 14, "parents": [13, 17], "genome": "r(34,99) r(33,35) r(25,35) d(3) d(28) d(3) a(2,50) d(1)", "fitness": 0.0}
{"generation": 10, "position": 15, "parents": [13, 17], "genome": "r(34,99) r(33,35) r(25,35) r(2,3) a(32,77) a(32,35) r(32,158) a(31,38)", "fitness": 0.0}
{"generation": 10, "position": 16, "parents": [13], "genome": "r(34,99) r(33,35) r(25,35) d(3) d(28) r(2,3) a(32,77) a(32,35) r(32,158) r(1,158)", "fitness": 0.0}
{"generation": 10, "position": 17, "parents": [17], "genome": "r(34,99) r(33,35) r(25,35) d(3) a(2,50) d(2)", "fitness": 0.0}
{"generation": 10, "position": 18, "parents": [17], "genome": "r(34,99) r(33,35) r(25,35) d(3) a(2,50) a(31,45)", "fitness": 0.0}
{"generation": 10, "position": 19, "parents": [5], "genome": "r(34,99) r(33,35) r(25,35) d(3) d(2) a(1,48) r(32,82)", "fitness": 0.0}
{"generation": 10, "position": 20, "parents": [42], "genome": "r(34,99) r(35,50) a(28,76) d(2) r(25,158) r(33,78) a(32,32) r(1,112) a(31,64)", "fitness": 0.0}
{"generation": 10, "position": 21, "parents": [48], "genome": "r(34,99) r(34,77) d(35) r(32,31) d(1) d(31) r(33,77) r(28,37) a(25,35) a(25,32) d(25)", "fitness": 0.0}
{"generation": 10, "position": 22, "parents": [24], "genome": "r(35,138) r(3,53) a(33,76) r(28,130) a(1,69) r(34,84) r(25,148)", "fitness": 0.0}
{"generation": 10, "position": 23, "parents": [10], "genome": "a(35,46) a(34,34) r(33,35) d(2) a(1,51) d(27) d(1) d(32) a(28,77)", "fitness": 0.0}
{"generation": 10, "position": 24, "parents": [27], "genome": "r(35,138) r(3,53) d(34) r(27,84) a(2,134) a(25,70) a(33,108)", "fitness": 0.0}
{"generation": 10, "position": 25, "parents": [26], "genome": "r(34,99) r(33,35) r(25,35) d(3) d(2) d(32) d(1)", "fitness": 0.0}
{"generation": 10, "position": 26, "parents": [12, 36], "genome": "a(35,46) a(34,34) d(3) d(28) d(32) r(34,64)", "fitness": 12.0}
{"generation": 10, "position": 27, "parents": [12, 36], "genome": "r(34,99) r(33,35) r(25,35) r(33,35) d(2) a(1,51) d(27) d(1) r(25,45) a(28,46)", "fitness": 0.0}
{"generation": 10, "position": 28, "parents": [12], "genome": "a(35,46) a(34,34) r(33,35) d(2) a(1,51) d(27) d(1) r(25,45) r(32,83)", "fitness": 0.0}
{"generation": 10, "position": 29, "parents": [36], "genome": "r(34,99) r(33,35) r(25,35) d(3) d(28) d(32) r(2,178)", "fitness": 12.0}
{"generation": 10, "position": 30, "parents": [47, 15], "genome": "r(35,138) d(34) r(33,44) a(2,99) a(35,69) d(28) a(35,83) d(32) a(34,80) a(34,170) d(2) a(35,69) d(28) a(35,83) d(32) a(34,80) a(34,170) d(2) r(25,70) r(33,86) r(1,45) r(2,3) a(32,77) d(32) r(1,35)", "fitness": 0.0}
{"generation": 10, "position": 31, "parents": [47, 15], "genome": "r(34,99) r(33,35) r(25,35) d(3) a(1,130) r(31,52) r(28,48) d(28) r(32,178)", "fitness": 0.0}
{"generation": 10, "position": 32, "parents": [47], "genome": "r(35,138) d(34) r(33,44) a(2,99) a(35,69) d(28) a(35,83) d(32) a(34,80) a(34,170) d(2) a(35,69) d(28) a(35,83) d(32) a(34,80) a(34,170) d(2) r(25,70) r(33,86) r(1,45)", "fitness": 0.0}
{"generation": 10, "position": 33, "parents": [15], "genome": "r(34,99) r(33,35) r(25,35) d(3) a(1,130) r(31,52) r(28,48) d(28) r(2,3) a(32,77) d(32) r(1,35)", "fitness": 0.0}
{"generation": 10, "position": 34, "parents": [13, 40], "genome": "r(34,99) r(33,35) r(25,35) d(3) a(35,83) d(32) r(35,108) d(34) a(1,130) r(31,52) a(33,46) r(27,60) a(28,62) r(28,87)", "fitness": 0.0}
{"generation": 10, "position": 35, "parents": [13, 40], "genome": "r(34,99) r(35,50) d(28) r(2,3) a(32,77) a(32,35) r(32,158) d(1)", "fitness": 0.0}
{"generation": 10, "position": 36, "parents": [13], "genome": "r(34,99) r(33,35) r(25,35) d(3) d(28) r(2,3) a(32,77) a(32,35) r(32,158) r(1,35)", "fitness": 0.0}
{"generation": 10, "position": 37, "parents": [40], "genome": "r(34,99) r(35,50) a(35,83) d(32) r(35,108) d(34) a(1,130) r(31,52) a(33,46) r(27,60) a(28,62) a(25,44)", "fitness": 0.0}
{"generation": 10, "position": 38, "parents": [19], "genome": "r(34,99) r(33,35) r(25,35) d(3) d(2) d(1) d(28)", "fitness": 0.0}
{"generation": 10, "position": 39, "parents": [2], "genome": "r(35,138) r(3,53) d(34) d(27) d(2) d(31) d(25)", "fitness": 0.0}
{"generation": 10, "position": 40, "parents": [16, 0], "genome": "r(34,99) r(33,35) r(25,35) d(3) d(28) r(32,77) r(28,25) d(1)", "fitness": 0.0}
{"generation": 10, "position": 41, "parents": [16, 0], "genome": "r(34,99) r(33,35) r(25,35) d(3) d(28) r(2,3) a(32,178) d(1) d(2) a(32,27) r(32,84)", "fitness": 0.0}
{"generation": 10, "position": 42, "parents": [16], "genome": "r(34,99) r(33,35) r(25,35) d(3) d(28) r(2,3) a(32,178) d(1) d(2) a(32,27) a(32,148)", "fitness": 0.0}
{"generation": 10, "position": 43, "parents": [0], "genome": "r(34,99) r(33,35) r(25,35) d(3) d(28) r(32,77) r(28,25) d(1)", "fitness": 0.0}
{"generation": 10, "position": 44, "parents": [7], "genome": "r(35,138) d(34) r(33,44) a(2,99) d(33) d(28) d(32) r(1,86) d(25)", "fitness": 0.0}
{"generation": 10, "position": 45, "parents": [37], "genome": "r(35,138) r(3,53) d(34) d(27) d(25) a(31,100) d(33) a(28,100) r(28,164) r(2,3) a(32,77) d(32) d(1)", "fitness": 0.0}
{"generation": 10, "position": 46, "parents": [49, 7], "genome": "r(34,44) r(25,47) a(31,53) a(1,51) r(27,46) d(35) a(2,82) d(28) r(34,77) d(35) r(32,31) d(1) d(28) r(32,77) r(28,25) d(1) r(33,37) d(28) d(32) r(1,86) d(25)", "fitness": 0.0}
{"generation": 10, "position": 47, "parents": [49, 7], "genome": "r(35,138) d(34) r(33,44) a(2,99) d(33) a(1,138)", "fitness": 4.0}
{"generation": 10, "position": 48, "parents": [49], "genome": "r(34,44) r(25,47) a(31,53) a(1,51) r(27,46) d(35) a(2,82) d(28) r(34,77) d(35) r(32,31) d(1) d(28) r(32,77) r(28,25) d(1) r(33,37)", "fitness": 0.0}
{"generation": 10, "position": 49, "parents": [7], "genome": "r(35,138) d(34) r(33,44) a(2,99) d(33) d(28) d(32) r(1,86) d(25)", "fitness": 0.0}
{"generation": 10, "position": 50, "parents": [9, 31], "genome": "r(34,99) r(32,31) d(1) d(31) a(27,64) a(33,52) r(33,25) r(25,100) a(28,27)", "fitness": 0.0}
{"generation": 10, "position": 51, "parents": [9, 31], "genome": "r(34,99) r(33,35) r(27,46) d(35) a(2,82) d(28) r(34,77) d(35) r(33,35) r(25,35) d(3) d(28) r(32,77) r(28,25) d(1)", "fitness": 0.0}
{"generation": 10, "position": 52, "parents": [9], "genome": "r(34,99) r(33,35) r(25,35) d(3) d(28) r(32,77) r(28,25) d(1)", "fitness": 0.0}
{"generation": 10, "position": 53, "parents": [31], "genome": "r(34,99) r(33,35) r(27,46) d(35) a(2,82) d(28) r(34,77) d(35) r(32,31) d(1) d(31) a(27,64) a(33,52) r(33,25) r(25,100)", "fitness": 0.0}
{"generation": 10, "position": 54, "parents": [31, 3], "genome": "r(34,99) r(33,35) r(27,46) d(35) a(2,82) d(28) r(34,77) d(35) r(32,31) d(1) d(31) a(27,64) a(33,52) r(33,25) a(25,77)", "fitness": 0.0}
{"generation": 10, "position": 55, "parents": [31, 3], "genome": "r(34,99) r(33,35) r(25,35) d(3) d(25) a(31,100) d(33) a(28,100) d(31) a(1,45) r(25,100) d(28)", "fitness": 0.0}
{"generation": 10, "position": 56, "parents": [31], "genome": "r(34,99) r(33,35) r(27,46) d(35) a(2,82) d(28) r(34,77) d(35) r(32,31) d(1) d(31) a(27,64) a(33,52) r(33,25) r(25,100)", "fitness": 0.0}
{"generation": 10, "position": 57, "parents": [3], "genome": "r(34,99) r(33,35) r(25,35) d(3) d(25) a(31,100) d(33) a(28,100) d(31) a(1,45) d(2)", "fitness": 0.0}
{"generation": 10, "position": 58, "parents": [18], "genome": "r(34,99) r(33,35) r(25,35) d(3) d(28) r(2,3) a(32,178) d(1) d(32)", "fitness": 0.0}