[meta]
{"program": "genprog-3.0", "problem": {"ideal_fitness": "12", "type": "repair", "name": "ultrix-look", "enclosure": {"1": 0, "2": 1, "3": 2, "4": 3, "7": 1, "8": 7, "10": 0, "12": 0, "14": 0, "15": 0, "16": 15, "17": 15, "22": 7, "23": 1, "24": 1, "25": 0, "26": 25, "27": 25, "28": 0, "29": 28, "30": 28, "31": 28, "32": 0, "33": 0, "34": 33, "35": 33, "36": 33, "37": 0, "38": 0, "39": 38, "40": 38, "41": 40, "42": 40, "43": 40, "44": 38, "45": 0, "46": 0, "47": 0, "48": 0, "49": 0, "50": 49, "51": 49, "52": 49, "53": 52, "54": 52, "55": 52, "56": 55, "57": 56, "60": 49, "61": 49, "62": 61, "64": 49, "65": 49, "67": 0, "69": 67, "70": 0, "72": 0, "75": 49, "76": 0, "77": 0, "78": 77, "79": 77, "80": 79, "82": 77, "83": 77, "84": 83, "85": 83, "86": 77, "87": 77, "89": 0, "90": 0, "94": 0, "95": 94, "96": 94, "97": 96, "99": 94, "100": 94, "102": 0, "105": 0, "106": 0, "107": 106, "108": 107, "110": 106, "111": 110, "112": 110, "113": 106, "114": 106, "115": 0, "116": 115, "117": 115, "118": 117, "119": 117, "120": 119, "121": 119, "122": 117, "123": 115, "124": 0, "125": 0, "126": 0, "127": 126, "128": 126, "129": 126, "130": 129, "132": 126, "133": 126, "134": 133, "135": 133, "136": 126, "138": 136, "139": 126, "140": 126, "141": 126, "142": 0, "143": 142, "144": 143, "146": 142, "147": 0, "148": 0, "149": 0, "150": 0, "151": 150, "152": 150, "153": 150, "154": 150, "155": 150, "156": 155, "158": 155, "159": 150, "160": 159, "161": 159, "162": 161, "164": 159, "165": 150, "166": 165, "167": 165, "168": 167, "169": 167, "170": 165, "171": 150, "172": 150, "173": 150, "174": 173, "176": 173, "177": 150, "178": 0}}, "version": "0.0.2", "seed": 38, "algorithm": {"representation": "patch", "type": "genetic", "name": "ALGORITHM-NAME"}}

[data]
{"generation": 0, "position": 0, "parents": [], "genome": "a(34,53)", "fitness": 4.0}
{"generation": 0, "position": 1, "parents": [], "genome": "a(35,64)", "fitness": 4.0}
{"generation": 0, "position": 2, "parents": [], "genome": "a(34,108)", "fitness": 4.0}
{"generation": 0, "position": 3, "parents": [], "genome": "a(28,94)", "fitness": 0.0}
{"generation": 0, "position": 4, "parents": [], "genome": "r(35,53)", "fitness": 4.0}
{"generation": 0, "position": 5, "parents": [], "genome": "r(35,164)", "fitness": 4.0}
{"generation": 0, "position": 6, "parents": [], "genome": "a(34,65)", "fitness": 4.0}
{"generation": 0, "position": 7, "parents": [], "genome": "r(34,112)", "fitness": 4.0}
{"generation": 0, "position": 8, "parents": [], "genome": "a(25,51)", "fitness": 0.0}
{"generation": 0, "position": 9, "parents": [], "genome": "a(34,28)", "fitness": 4.0}
{"generation": 0, "position": 10, "parents": [], "genome": "a(2,84)", "fitness": 4.0}
{"generation": 0, "position": 11, "parents": [], "genome": "d(35)", "fitness": 4.0}
{"generation": 0, "position": 12, "parents": [], "genome": "r(34,65)", "fitness": 4.0}
{"generation": 0, "position": 13, "parents": [], "genome": "d(35)", "fitness": 4.0}
{"generation": 0, "position": 14, "parents": [], "genome": "a(35,86)", "fitness": 4.0}
{"generation": 0, "position": 15, "parents": [], "genome": "a(34,112)", "fitness": 4.0}
{"generation": 0, "position": 16, "parents": [], "genome": "d(34)", "fitness": 4.0}
{"generation": 0, "position": 17, "parents": [], "genome": "d(28)", "fitness": 0.0}
{"generation": 0, "position": 18, "parents": [], "genome": "r(34,176)", "fitness": 4.0}
{"generation": 0, "position": 19, "parents": [], "genome": "r(35,138)", "fitness": 4.0}
{"generation": 0, "position": 20, "parents": [], "genome": "r(28,82)", "fitness": 0.0}
{"generation": 0, "position": 21, "parents": [], "genome": "r(34,94)", "fitness": 4.0}
{"generation": 0, "position": 22, "parents": [], "genome": "r(34,70)", "fitness": 4.0}
{"generation": 0, "position": 23, "parents": [], "genome": "r(34,25)", "fitness": 4.0}
{"generation": 0, "position": 24, "parents": [], "genome": "r(34,51)", "fitness": 4.0}
{"generation": 0, "position": 25, "parents": [], "genome": "a(34,84)", "fitness": 4.0}
{"generation": 0, "position": 26, "parents": [], "genome": "a(35,49)", "fitness": 4.0}
{"generation": 0, "position": 27, "parents": [], "genome": "a(35,46)", "fitness": 4.0}
{"generation": 0, "position": 28, "parents": [], "genome": "r(35,82)", "fitness": 4.0}
{"generation": 0, "position": 29, "parents": [], "genome": "d(35)", "fitness": 4.0}
{"generation": 0, "position": 30, "parents": [], "genome": "r(35,70)", "fitness": 4.0}
{"generation": 0, "position": 31, "parents": [], "genome": "d(34)", "fitness": 4.0}
{"generation": 0, "position": 32, "parents": [], "genome": "a(35,36)", "fitness": 4.0}
{"generation": 0, "position": 33, "parents": [], "genome": "d(35)", "fitness": 4.0}
{"generation": 0, "position": 34, "parents": [], "genome": "r(35,86)", "fitness": 4.0}
{"generation": 0, "position": 35, "parents": [], "genome": "d(34)", "fitness": 4.0}
{"generation": 0, "position": 36, "parents": [], "genome": "r(35,44)", "fitness": 4.0}
{"generation": 0, "position": 37, "parents": [], "genome": "d(35)", "fitness": 4.0}
{"generation": 0, "position": 38, "parents": [], "genome": "d(35)", "fitness": 4.0}
{"generation": 0, "position": 39, "parents": [], "genome": "original", "fitness": 4.0}
{"generation": 1, "position": 0, "parents": [20], "genome": "r(28,82) a(35,138)", "fitness": 0.0}
{"generation": 1, "position": 1, "parents": [31], "genome": "d(34) d(3)", "fitness": 12.0}
{"generation": 1, "position": 2, "parents": [4], "genome": "r(35,53) a(34,34)", "fitness": 4.0}
{"generation": 1, "position": 3, "parents": [9], "genome": "a(34,28) d(34)", "fitness": 4.0}
{"generation": 1, "position": 4, "parents": [13, 15], "genome": "d(35) d(34)", "fitness": 4.0}
{"generation": 1, "position": 5, "parents": [13, 15], "genome": "a(34,112) d(35)", "fitness": 4.0}
{"generation": 1, "position": 6, "parents": [13], "genome": "d(35) d(34)", "fitness": 4.0}
{"generation": 1, "position": 7, "parents": [15], "genome": "a(34,112) d(34)", "fitness": 4.0}
{"generation": 1, "position": 8, "parents": [9], "genome": "a(34,28) r(35,164)", "fitness": 4.0}
{"generation": 1, "position": 9, "parents": [25], "genome": "a(34,84) a(34,38)", "fitness": 4.0}
{"generation": 1, "position": 10, "parents": [36, 4], "genome": "r(35,44) a(1,46)", "fitness": 4.0}
{"generation": 1, "position": 11, "parents": [36, 4], "genome": "r(35,53) a(1,99)", "fitness": 4.0}
{"generation": 1, "position": 12, "parents": [36], "genome": "r(35,44) a(34,134)", "fitness": 4.0}
{"generation": 1, "position": 13, "parents": [4], "genome": "r(35,53) d(31)", "fitness": 0.0}
{"generation": 1, "position": 14, "parents": [35, 26], "genome": "d(34) a(35,57)", "fitness": 4.0}
{"generation": 1, "position": 15, "parents": [35, 26], "genome": "a(35,49) a(32,177)", "fitness": 4.0}
{"generation": 1, "position": 16, "parents": [35], "genome": "d(34) r(1,46)", "fitness": 4.0}
{"generation": 1, "position": 17, "parents": [26], "genome": "a(35,49) a(34,64)", "fitness": 4.0}
{"generation": 1, "position": 18, "parents": [20, 3], "genome": "r(28,82) d(35)", "fitness": 0.0}
{"generation": 1, "position": 19, "parents": [20, 3], "genome": "a(28,94) a(34,31)", "fitness": 0.0}
{"generation": 1, "position": 20, "parents": [20], "genome": "r(28,82) r(2,69)", "fitness": 0.0}
{"generation": 1, "position": 21, "parents": [3], "genome": "a(28,94) r(35,44)", "fitness": 0.0}
{"generation": 1, "position": 22, "parents": [1, 33], "genome": "a(35,64) a(34,99)", "fitness": 4.0}
{"generation": 1, "position": 23, "parents": [1, 33], "genome": "d(35) r(34,49)", "fitness": 4.0}
{"generation": 1, "position": 24, "parents": [1], "genome": "a(35,64) r(34,87)", "fitness": 4.0}
{"generation": 1, "position": 25, "parents": [33], "genome": "d(35) d(34)", "fitness": 4.0}
{"generation": 1, "position": 26, "parents": [5], "genome": "r(35,164) r(2,87)", "fitness": 0.0}
{"generation": 1, "position": 27, "parents": [0], "genome": "a(34,53) a(34,31)", "fitness": 4.0}
{"generation": 1, "position": 28, "parents": [20, 39], "genome": "r(28,82) a(2,76)", "fitness": 0.0}
{"generation": 1, "position": 29, "parents": [20, 39], "genome": "a(28,99)", "fitness": 4.0}
{"generation": 1, "position": 30, "parents": [20], "genome": "r(28,82) r(35,28)", "fitness": 0.0}
{"generation": 1, "position": 31, "parents": [39], "genome": "r(25,28)", "fitness": 4.0}
{"generation": 1, "position": 32, "parents": [31, 1], "genome": "d(34) r(3,83)", "fitness": 12.0}
{"generation": 1, "position": 33, "parents": [31, 1], "genome": "a(35,64) r(1,78)", "fitness": 0.0}
{"generation": 1, "position": 34, "parents": [31], "genome": "d(34) d(35)", "fitness": 4.0}
{"generation": 1, "position": 35, "parents": [1], "genome": "a(35,64) r(35,164)", "fitness": 4.0}
{"generation": 1, "position": 36, "parents": [32], "genome": "a(35,36) a(34,45)", "fitness": 4.0}
{"generation": 1, "position": 37, "parents": [34], "genome": "r(35,86) a(27,80)", "fitness": 4.0}
{"generation": 1, "position": 38, "parents": [28, 34], "genome": "r(35,82) d(34)", "fitness": 4.0}
{"generation": 1, "position": 39, "parents": [28, 34], "genome": "r(35,86) r(28,53)", "fitness": 0.0}
{"generation": 1, "position": 40, "parents": [28], "genome": "r(35,82) r(3,51)", "fitness": 0.0}
{"generation": 1, "position": 41, "parents": [34], "genome": "r(35,86) r(31,94)", "fitness": 0.0}
{"generation": 1, "position": 42, "parents": [6], "genome": "a(34,65) d(28)", "fitness": 0.0}
{"generation": 1, "position": 43, "parents": [21], "genome": "r(34,94) d(3)", "fitness": 12.0}
{"generation": 1, "position": 44, "parents": [17, 24], "genome": "d(28) d(35)", "fitness": 0.0}
{"generation": 1, "position": 45, "parents": [17, 24], "genome": "r(34,51) a(35,25)", "fitness": 4.0}
{"generation": 1, "position": 46, "parents": [17], "genome": "d(28) a(34,25)", "fitness": 0.0}
{"generation": 1, "position": 47, "parents": [24], "genome": "r(34,51) d(1)", "fitness": 4.0}
{"generation": 1, "position": 48, "parents": [16], "genome": "d(34) r(35,54)", "fitness": 4.0}
{"generation": 1, "position": 49, "parents": [6], "genome": "a(34,65) a(35,130)", "fitness": 4.0}
{"generation": 1, "position": 50, "parents": [16, 20], "genome": "d(34) a(35,97)", "fitness": 4.0}
{"generation": 1, "position": 51, "parents": [16, 20], "genome": "r(28,82) r(35,97)", "fitness": 0.0}
{"generation": 1, "position": 52, "parents": [16], "genome": "d(34) a(3,97)", "fitness": 4.0}
{"generation": 1, "position": 53, "parents": [20], "genome": "r(28,82) d(1)", "fitness": 0.0}
{"generation": 1, "position": 54, "parents": [3], "genome": "a(28,94) a(31,32)", "fitness": 4.0}
{"generation": 1, "position": 55, "parents": [8], "genome": "a(25,51) d(31)", "fitness": 0.0}
{"generation": 1, "position": 56, "parents": [17], "genome": "d(28) d(34)", "fitness": 0.0}
{"generation": 1, "position": 57, "parents": [6], "genome": "a(34,65) a(35,38)", "fitness": 4.0}
{"generation": 1, "position": 58, "parents": [36], "genome": "r(35,44) d(34)", "fitness": 4.0}
{"generation": 2, "position": 0, "parents": [41, 22], "genome": "r(35,86) a(25,45)", "fitness": 0.0}
{"generation": 2, "position": 1, "parents": [41, 22], "genome": "a(35,64) a(34,99) r(31,94) d(34)", "fitness": 0.0}
{"generation": 2, "position": 2, "parents": [41], "genome": "r(35,86) r(31,94) d(34)", "fitness": 0.0}
{"generation": 2, "position": 3, "parents": [22], "genome": "a(35,64) a(34,99) r(33,108)", "fitness": 4.0}
{"generation": 2, "position": 4, "parents": [9, 28], "genome": "a(34,84) a(2,76) r(35,60)", "fitness": 4.0}
{"generation": 2, "position": 5, "parents": [9, 28], "genome": "r(28,82) a(34,38) r(2,49)", "fitness": 0.0}
{"generation": 2, "position": 6, "parents": [9], "genome": "a(34,84) a(34,38) r(35,33)", "fitness": 4.0}
{"generation": 2, "position": 7, "parents": [28], "genome": "r(28,82) a(2,76) d(35)", "fitness": 0.0}
{"generation": 2, "position": 8, "parents": [26, 55], "genome": "r(35,164) a(34,148)", "fitness": 4.0}
{"generation": 2, "position": 9, "parents": [26, 55], "genome": "a(25,51) d(31) r(2,87) d(35)", "fitness": 0.0}
{"generation": 2, "position": 10, "parents": [26], "genome": "r(35,164) r(2,87) r(34,97)", "fitness": 0.0}
{"generation": 2, "position": 11, "parents": [55], "genome": "a(25,51) d(31) d(27)", "fitness": 0.0}
{"generation": 2, "position": 12, "parents": [51], "genome": "r(28,82) r(35,97) r(27,32)", "fitness": 0.0}
{"generation": 2, "position": 13, "parents": [4], "genome": "d(35) d(34) d(1)", "fitness": 4.0}
{"generation": 2, "position": 14, "parents": [44, 30], "genome": "d(28) d(35) r(35,28) d(27)", "fitness": 0.0}
{"generation": 2, "position": 15, "parents": [44, 30], "genome": "r(28,82) r(34,62)", "fitness": 0.0}
{"generation": 2, "position": 16, "parents": [44], "genome": "d(28) d(35) a(34,86)", "fitness": 0.0}
{"generation": 2, "position": 17, "parents": [30], "genome": "r(28,82) r(35,28) a(34,99)", "fitness": 0.0}
{"generation": 2, "position": 18, "parents": [0, 46], "genome": "r(28,82) a(34,25) r(34,138)", "fitness": 0.0}
{"generation": 2, "position": 19, "parents": [0, 46], "genome": "d(28) a(35,138) a(35,148)", "fitness": 0.0}
{"generation": 2, "position": 20, "parents": [0], "genome": "r(28,82) a(35,138) a(35,100)", "fitness": 0.0}
{"generation": 2, "position": 21, "parents": [46], "genome": "d(28) a(34,25) d(3)", "fitness": 12.0}
{"generation": 2, "position": 22, "parents": [12], "genome": "r(35,44) a(34,134) d(34)", "fitness": 4.0}
{"generation": 2, "position": 23, "parents": [29], "genome": "a(28,99) d(33)", "fitness": 4.0}
{"generation": 2, "position": 24, "parents": [29, 59], "genome": "a(28,99) r(35,105)", "fitness": 4.0}
{"generation": 2, "position": 25, "parents": [29, 59], "genome": "r(34,70) r(25,148) d(33)", "fitness": 0.0}
{"generation": 2, "position": 26, "parents": [29], "genome": "a(28,99) r(35,28)", "fitness": 4.0}
{"generation": 2, "position": 27, "parents": [59], "genome": "r(34,70) r(25,148) a(1,158)", "fitness": 0.0}
{"generation": 2, "position": 28, "parents": [51, 44], "genome": "r(28,82) r(35,69)", "fitness": 0.0}
{"generation": 2, "position": 29, "parents": [51, 44], "genome": "d(28) d(35) r(35,97) r(34,87)", "fitness": 0.0}
{"generation": 2, "position": 30, "parents": [51], "genome": "r(28,82) r(35,97) a(34,36)", "fitness": 0.0}
{"generation": 2, "position": 31, "parents": [44], "genome": "d(28) d(35) a(2,27)", "fitness": 0.0}
{"generation": 2, "position": 32, "parents": [28], "genome": "r(28,82) a(2,76) a(1,36)", "fitness": 0.0}
{"generation": 2, "position": 33, "parents": [20], "genome": "r(28,82) r(2,69) r(34,54)", "fitness": 0.0}
{"generation": 2, "position": 34, "parents": [53, 29], "genome": "r(28,82) d(1) r(34,97)", "fitness": 0.0}
{"generation": 2, "position": 35, "parents": [53, 29], "genome": "a(28,99) r(28,99)", "fitness": 0.0}
{"generation": 2, "position": 36, "parents": [53], "genome": "r(28,82) d(1) a(27,57)", "fitness": 0.0}
{"generation": 2, "position": 37, "parents": [29], "genome": "a(28,99) a(34,86)", "fitness": 4.0}
{"generation": 2, "position": 38, "parents": [34], "genome": "d(34) d(35) r(27,76)", "fitness": 0.0}
{"generation": 2, "position": 39, "parents": [30], "genome": "r(28,82) r(35,28) d(34)", "fitness": 0.0}
{"generation": 2, "position": 40, "parents": [53, 41], "genome": "r(28,82) d(1) r(31,94) d(34)", "fitness": 0.0}
{"generation": 2, "position": 41, "parents": [53, 41], "genome": "r(35,86) a(34,86)", "fitness": 4.0}
{"generation": 2, "position": 42, "parents": [53], "genome": "r(28,82) d(1) a(34,83)", "fitness": 0.0}
{"generation": 2, "position": 43, "parents": [41], "genome": "r(35,86) r(31,94) d(1)", "fitness": 0.0}
{"generation": 2, "position": 44, "parents": [12, 58], "genome": "r(35,44) a(34,134) d(34)", "fitness": 4.0}
{"generation": 2, "position": 45, "parents": [12, 58], "genome": "r(35,44) d(34) a(31,70)", "fitness": 4.0}
{"generation": 2, "position": 46, "parents": [12], "genome": "r(35,44) a(34,134) d(33)", "fitness": 4.0}
{"generation": 2, "position": 47, "parents": [58], "genome": "r(35,44) d(34) d(28)", "fitness": 0.0}
{"generation": 2, "position": 48, "parents": [20], "genome": "r(28,82) r(2,69) r(35,27)", "fitness": 0.0}
{"generation": 2, "position": 49, "parents": [16], "genome": "d(34) r(1,46) r(33,105)", "fitness": 12.0}
{"generation": 2, "position": 50, "parents": [26, 26], "genome": "r(35,164) r(2,87) r(34,33)", "fitness": 0.0}
{"generation": 2, "position": 51, "parents": [26, 26], "genome": "r(35,164) r(2,87) a(25,69)", "fitness": 0.0}
{"generation": 2, "position": 52, "parents": [26], "genome": "r(35,164) r(2,87) r(32,78)", "fitness": 0.0}
{"generation": 2, "position": 53, "parents": [26], "genome": "r(35,164) r(2,87) a(33,77)", "fitness": 0.0}
{"generation": 2, "position": 54, "parents": [40], "genome": "r(35,82) r(3,51) d(34)", "fitness": 0.0}
{"generation": 2, "position": 55, "parents": [56], "genome": "d(28) d(34) r(35,47)", "fitness": 0.0}
{"generation": 2, "position": 56, "parents": [37], "genome": "r(35,86) a(27,80) a(25,148)", "fitness": 0.0}
{"generation": 2, "position": 57, "parents": [0], "genome": "r(28,82) a(35,138) r(32,134)", "fitness": 0.0}
{"generation": 2, "position": 58, "parents": [20], "genome": "r(28,82) r(2,69) a(35,64)", "fitness": 0.0}
{"generation": 2, "position": 59, "parents": [12], "genome": "r(35,44) a(34,134) r(28,135)", "fitness": 12.0}
{"generation": 2, "position": 60, "parents": [39, 47], "genome": "r(35,86) d(1) r(27,48)", "fitness": 0.0}
{"generation": 2, "position": 61, "parents": [39, 47], "genome": "r(34,51) r(28,53) d(27)", "fitness": 0.0}
{"generation": 2, "position": 62, "parents": [39], "genome": "r(35,86) r(28,53) d(34)", "fitness": 0.0}
{"generation": 3, "position": 0, "parents": [60], "genome": "r(35,86) d(1) r(27,48) a(34,112)", "fitness": 0.0}
{"generation": 3, "position": 1, "parents": [42], "genome": "r(28,82) d(1) a(34,83) a(34,44)", "fitness": 0.0}
{"generation": 3, "position": 2, "parents": [62], "genome": "r(35,86) r(28,53) d(34) a(27,27)", "fitness": 0.0}
{"generation": 3, "position": 3, "parents": [30], "genome": "r(28,82) r(35,97) a(34,36) a(34,94)", "fitness": 0.0}
{"generation": 3, "position": 4, "parents": [51, 43], "genome": "r(35,164) r(2,87) d(1) a(34,48)", "fitness": 4.0}
{"generation": 3, "position": 5, "parents": [51, 43], "genome": "r(35,86) r(31,94) a(25,69) a(34,31)", "fitness": 0.0}
{"generation": 3, "position": 6, "parents": [51], "genome": "r(35,164) r(2,87) a(25,69) d(34)", "fitness": 0.0}
{"generation": 3, "position": 7, "parents": [43], "genome": "r(35,86) r(31,94) d(1) a(34,78)", "fitness": 0.0}
{"generation": 3, "position": 8, "parents": [42, 38], "genome": "r(28,82) r(27,76) r(34,112)", "fitness": 0.0}
{"generation": 3, "position": 9, "parents": [42, 38], "genome": "d(34) d(35) d(1) a(34,83) d(32)", "fitness": 0.0}
{"generation": 3, "position": 10, "parents": [42], "genome": "r(28,82) d(1) a(34,83) d(34)", "fitness": 0.0}
{"generation": 3, "position": 11, "parents": [38], "genome": "d(34) d(35) r(27,76) r(25,76)", "fitness": 0.0}
{"generation": 3, "position": 12, "parents": [35, 55], "genome": "a(28,99) r(35,47) r(1,31)", "fitness": 4.0}
{"generation": 3, "position": 13, "parents": [35, 55], "genome": "d(28) d(34) r(28,99) d(35)", "fitness": 0.0}
{"generation": 3, "position": 14, "parents": [35], "genome": "a(28,99) r(28,99) r(34,25)", "fitness": 0.0}
{"generation": 3, "position": 15, "parents": [55], "genome": "d(28) d(34) r(35,47) r(25,78)", "fitness": 0.0}
{"generation": 3, "position": 16, "parents": [53, 45], "genome": "r(35,164) r(2,87) a(33,77) d(34) a(31,70) r(33,97)", "fitness": 0.0}
{"generation": 3, "position": 17, "parents": [53, 45], "genome": "r(35,44) d(34)", "fitness": 4.0}
{"generation": 3, "position": 18, "parents": [53], "genome": "r(35,164) r(2,87) a(33,77) a(27,51)", "fitness": 0.0}
{"generation": 3, "position": 19, "parents": [45], "genome": "r(35,44) d(34) a(31,70) r(28,95)", "fitness": 0.0}
{"generation": 3, "position": 20, "parents": [18, 62], "genome": "r(28,82) r(28,53) d(34) r(3,61)", "fitness": 12.0}
{"generation": 3, "position": 21, "parents": [18, 62], "genome": "r(35,86) a(34,25) r(34,138) r(31,100)", "fitness": 0.0}
{"generation": 3, "position": 22, "parents": [18], "genome": "r(28,82) a(34,25) r(34,138) a(3,36)", "fitness": 0.0}
{"generation": 3, "position": 23, "parents": [62], "genome": "r(35,86) r(28,53) d(34) d(32)", "fitness": 0.0}
{"generation": 3, "position": 24, "parents": [18], "genome": "r(28,82) a(34,25) r(34,138) r(35,28)", "fitness": 0.0}
{"generation": 3, "position": 25, "parents": [31], "genome": "d(28) d(35) a(2,27) a(34,51)", "fitness": 0.0}
{"generation": 3, "position": 26, "parents": [58], "genome": "r(28,82) r(2,69) a(35,64) a(35,65)", "fitness": 0.0}
{"generation": 3, "position": 27, "parents": [19], "genome": "d(28) a(35,138) a(35,148) a(35,134)", "fitness": 0.0}
{"generation": 3, "position": 28, "parents": [36], "genome": "r(28,82) d(1) a(27,57) r(34,95)", "fitness": 0.0}
{"generation": 3, "position": 29, "parents": [32], "genome": "r(28,82) a(2,76) a(1,36) r(34,176)", "fitness": 0.0}
{"generation": 3, "position": 30, "parents": [7], "genome": "r(28,82) a(2,76) d(35) r(34,48)", "fitness": 0.0}
{"generation": 3, "position": 31, "parents": [19], "genome": "d(28) a(35,138) a(35,148) r(1,64)", "fitness": 0.0}
{"generation": 3, "position": 32, "parents": [50], "genome": "r(35,164) r(2,87) r(34,33) a(27,83)", "fitness": 0.0}
{"generation": 3, "position": 33, "parents": [24], "genome": "a(28,99) r(35,105) d(27)", "fitness": 4.0}
{"generation": 3, "position": 34, "parents": [53], "genome": "r(35,164) r(2,87) a(33,77) r(27,65)", "fitness": 0.0}
{"generation": 3, "position": 35, "parents": [30], "genome": "r(28,82) r(35,97) a(34,36) a(34,78)", "fitness": 0.0}
{"generation": 3, "position": 36, "parents": [60, 61], "genome": "r(35,86) d(1) d(27) a(28,135)", "fitness": 4.0}
{"generation": 3, "position": 37, "parents": [60, 61], "genome": "r(34,51) r(28,53) r(27,48) a(35,62)", "fitness": 0.0}
{"generation": 3, "position": 38, "parents": [60], "genome": "r(35,86) d(1) r(27,48) r(34,49)", "fitness": 0.0}
{"generation": 3, "position": 39, "parents": [61], "genome": "r(34,51) r(28,53) d(27) a(33,87)", "fitness": 0.0}
{"generation": 3, "position": 40, "parents": [16, 51], "genome": "d(28) d(35)", "fitness": 0.0}
{"generation": 3, "position": 41, "parents": [16, 51], "genome": "r(35,164) r(2,87) a(25,69) d(35) a(34,86) a(34,176)", "fitness": 0.0}
{"generation": 3, "position": 42, "parents": [16], "genome": "d(28) d(35) a(34,86) a(1,64)", "fitness": 0.0}
{"generation": 3, "position": 43, "parents": [51], "genome": "r(35,164) r(2,87) a(25,69) d(1)", "fitness": 4.0}
{"generation": 3, "position": 44, "parents": [25, 58], "genome": "r(34,70) r(25,148) r(2,69) a(35,64) r(1,70)", "fitness": 0.0}
{"generation": 3, "position": 45, "parents": [25, 58], "genome": "r(28,82) d(33) a(32,52)", "fitness": 0.0}
{"generation": 3, "position": 46, "parents": [25], "genome": "r(34,70) r(25,148) d(33) a(28,35)", "fitness": 0.0}
{"generation": 3, "position": 47, "parents": [58], "genome": "r(28,82) r(2,69) a(35,64) d(34)", "fitness": 0.0}
{"generation": 3, "position": 48, "parents": [2], "genome": "r(35,86) r(31,94) d(34) a(2,25)", "fitness": 0.0}
{"generation": 3, "position": 49, "parents": [63], "genome": "r(34,51) d(1) r(33,47) d(32)", "fitness": 0.0}
{"generation": 3, "position": 50, "parents": [50], "genome": "r(35,164) r(2,87) r(34,33) a(25,158)", "fitness": 0.0}
{"generation": 3, "position": 51, "parents": [1], "genome": "a(35,64) a(34,99) r(31,94) d(34) a(35,31)", "fitness": 0.0}
{"generation": 3, "position": 52, "parents": [42, 23], "genome": "r(28,82) d(1) d(34)", "fitness": 0.0}
{"generation": 3, "position": 53, "parents": [42, 23], "genome": "a(28,99) d(33) a(34,83) d(3)", "fitness": 12.0}
{"generation": 3, "position": 54, "parents": [42], "genome": "r(28,82) d(1) a(34,83) d(35)", "fitness": 0.0}
{"generation": 3, "position": 55, "parents": [23], "genome": "a(28,99) d(33) r(2,45)", "fitness": 0.0}
{"generation": 3, "position": 56, "parents": [52, 1], "genome": "r(35,164) r(2,87) a(34,94)", "fitness": 0.0}
{"generation": 3, "position": 57, "parents": [52, 1], "genome": "a(35,64) a(34,99) r(31,94) d(34) r(32,78) d(25)", "fitness": 0.0}
{"generation": 3, "position": 58, "parents": [52], "genome": "r(35,164) r(2,87) r(32,78) a(34,52)", "fitness": 0.0}
{"generation": 4, "position": 0, "parents": [7, 54], "genome": "r(35,86) r(31,94) d(1) d(35) a(33,54)", "fitness": 0.0}
{"generation": 4, "position": 1, "parents": [7, 54], "genome": "r(28,82) d(1) a(34,83) a(34,78) a(34,31)", "fitness": 0.0}
{"generation": 4, "position": 2, "parents": [7], "genome": "r(35,86) r(31,94) d(1) a(34,78) r(34,108)", "fitness": 0.0}
{"generation": 4, "position": 3, "parents": [54], "genome": "r(28,82) d(1) a(34,83) d(35) d(34)", "fitness": 0.0}
{"generation": 4, "position": 4, "parents": [50], "genome": "r(35,164) r(2,87) r(34,33) a(25,158) r(25,32)", "fitness": 0.0}
{"generation": 4, "position": 5, "parents": [15], "genome": "d(28) d(34) r(35,47) r(25,78) d(32)", "fitness": 0.0}
{"generation": 4, "position": 6, "parents": [7, 3], "genome": "r(35,86) r(31,94) a(34,36) a(34,94) a(34,95)", "fitness": 0.0}
{"generation": 4, "position": 7, "parents": [7, 3], "genome": "r(28,82) r(35,97) d(1) a(34,78) a(32,158)", "fitness": 0.0}
{"generation": 4, "position": 8, "parents": [7], "genome": "r(35,86) r(31,94) d(1) a(34,78) d(34)", "fitness": 0.0}
{"generation": 4, "position": 9, "parents": [3], "genome": "r(28,82) r(35,97) a(34,36) a(34,94) r(34,82)", "fitness": 0.0}
{"generation": 4, "position": 10, "parents": [57, 8], "genome": "a(35,64) a(34,99) r(31,94) d(34) r(32,78) r(1,54)", "fitness": 0.0}
{"generation": 4, "position": 11, "parents": [57, 8], "genome": "r(28,82) r(27,76) r(34,112) d(25) a(35,135)", "fitness": 0.0}
{"generation": 4, "position": 12, "parents": [57], "genome": "a(35,64) a(34,99) r(31,94) d(34) r(32,78) d(25) a(35,48)", "fitness": 0.0}
{"generation": 4, "position": 13, "parents": [8], "genome": "r(28,82) r(27,76) r(34,112) d(25)", "fitness": 0.0}
{"generation": 4, "position": 14, "parents": [35, 27], "genome": "r(28,82) r(35,50)", "fitness": 0.0}
{"generation": 4, "position": 15, "parents": [35, 27], "genome": "d(28) a(35,138) a(35,148) a(35,134) r(35,97) a(34,36) a(34,78) r(34,95)", "fitness": 0.0}
{"generation": 4, "position": 16, "parents": [35], "genome": "r(28,82) r(35,97) a(34,36) a(34,78) r(34,105)", "fitness": 0.0}
{"generation": 4, "position": 17, "parents": [27], "genome": "d(28) a(35,138) a(35,148) a(35,134) a(35,44)", "fitness": 0.0}
{"generation": 4, "position": 18, "parents": [30], "genome": "r(28,82) a(2,76) d(35) r(34,48) d(27)", "fitness": 0.0}
{"generation": 4, "position": 19, "parents": [14], "genome": "a(28,99) r(28,99) r(34,25) a(35,178)", "fitness": 0.0}
{"generation": 4, "position": 20, "parents": [0], "genome": "r(35,86) d(1) r(27,48) a(34,112) r(34,54)", "fitness": 0.0}
{"generation": 4, "position": 21, "parents": [27], "genome": "d(28) a(35,138) a(35,148) a(35,134) a(33,99)", "fitness": 0.0}
{"generation": 4, "position": 22, "parents": [39, 11], "genome": "r(34,51) r(28,53) r(27,76) r(25,76) d(35)", "fitness": 0.0}
{"generation": 4, "position": 23, "parents": [39, 11], "genome": "d(34) d(35) d(27) a(33,87) d(33)", "fitness": 4.0}
{"generation": 4, "position": 24, "parents": [39], "genome": "r(34,51) r(28,53) d(27) a(33,87) d(35)", "fitness": 0.0}
{"generation": 4, "position": 25, "parents": [11], "genome": "d(34) d(35) r(27,76) r(25,76) a(32,36)", "fitness": 0.0}
{"generation": 4, "position": 26, "parents": [13, 3], "genome": "d(28) d(34) r(28,99) d(35) a(34,36) a(34,94) a(2,25)", "fitness": 0.0}
{"generation": 4, "position": 27, "parents": [13, 3], "genome": "r(28,82) r(35,97) d(3)", "fitness": 12.0}
{"generation": 4, "position": 28, "parents": [13], "genome": "d(28) d(34) r(28,99) d(35) d(32)", "fitness": 0.0}
{"generation": 4, "position": 29, "parents": [3], "genome": "r(28,82) r(35,97) a(34,36) a(34,94) r(34,32)", "fitness": 0.0}
{"generation": 4, "position": 30, "parents": [15], "genome": "d(28) d(34) r(35,47) r(25,78) d(1)", "fitness": 0.0}
{"generation": 4, "position": 31, "parents": [32], "genome": "r(35,164) r(2,87) r(34,33) a(27,83) d(28)", "fitness": 0.0}
{"generation": 4, "position": 32, "parents": [26, 39], "genome": "r(28,82) r(2,69) a(33,87) r(27,65)", "fitness": 0.0}
{"generation": 4, "position": 33, "parents": [26, 39], "genome": "r(34,51) r(28,53) d(27) a(35,64) a(35,65) d(3)", "fitness": 12.0}
{"generation": 4, "position": 34, "parents": [26], "genome": "r(28,82) r(2,69) a(35,64) a(35,65) d(32)", "fitness": 0.0}
{"generation": 4, "position": 35, "parents": [39], "genome": "r(34,51) r(28,53) d(27) a(33,87) a(32,28)", "fitness": 0.0}
{"generation": 4, "position": 36, "parents": [29], "genome": "r(28,82) a(2,76) a(1,36) r(34,176) d(35)", "fitness": 0.0}
{"generation": 4, "position": 37, "parents": [14], "genome": "a(28,99) r(28,99) r(34,25) a(35,54)", "fitness": 0.0}
{"generation": 4, "position": 38, "parents": [30, 48], "genome": "r(28,82) a(2,25) d(35)", "fitness": 0.0}
{"generation": 4, "position": 39, "parents": [30, 48], "genome": "r(35,86) r(31,94) d(34) a(2,76) d(35) r(34,48) d(27)", "fitness": 0.0}
{"generation": 4, "position": 40, "parents": [30], "genome": "r(28,82) a(2,76) d(35) r(34,48) r(25,48)", "fitness": 0.0}
{"generation": 4, "position": 41, "parents": [48], "genome": "r(35,86) r(31,94) d(34) a(2,25) a(3,3)", "fitness": 0.0}
{"generation": 4, "position": 42, "parents": [40, 10], "genome": "d(28) r(34,135)", "fitness": 0.0}
{"generation": 4, "position": 43, "parents": [40, 10], "genome": "r(28,82) d(1) a(34,83) d(34) d(35) a(25,38)", "fitness": 0.0}
{"generation": 4, "position": 44, "parents": [40], "genome": "d(28) d(35) r(33,49)", "fitness": 0.0}
{"generation": 4, "position": 45, "parents": [10], "genome": "r(28,82) d(1) a(34,83) d(34) r(35,25)", "fitness": 0.0}
{"generation": 4, "position": 46, "parents": [46, 8], "genome": "r(34,70) r(27,76) r(34,112) a(2,60)", "fitness": 0.0}
{"generation": 4, "position": 47, "parents": [46, 8], "genome": "r(28,82) r(25,148) d(33) a(28,35) r(32,138)", "fitness": 0.0}
{"generation": 4, "position": 48, "parents": [46], "genome": "r(34,70) r(25,148) d(33) a(28,35) d(32)", "fitness": 0.0}
{"generation": 4, "position": 49, "parents": [8], "genome": "r(28,82) r(27,76) r(34,112) a(2,33)", "fitness": 0.0}
{"generation": 4, "position": 50, "parents": [44], "genome": "r(34,70) r(25,148) r(2,69) a(35,64) r(1,70) r(35,70)", "fitness": 0.0}
{"generation": 4, "position": 51, "parents": [52], "genome": "r(28,82) d(1) d(34) r(35,86)", "fitness": 0.0}
{"generation": 4, "position": 52, "parents": [3], "genome": "r(28,82) r(35,97) a(34,36) a(34,94) d(34)", "fitness": 0.0}
{"generation": 4, "position": 53, "parents": [5], "genome": "r(35,86) r(31,94) a(25,69) a(34,31) r(34,33)", "fitness": 0.0}
{"generation": 4, "position": 54, "parents": [38], "genome": "r(35,86) d(1) r(27,48) r(34,49) r(28,47)", "fitness": 0.0}
{"generation": 4, "position": 55, "parents": [35], "genome": "r(28,82) r(35,97) a(34,36) a(34,78) d(34)", "fitness": 0.0}
{"generation": 4, "position": 56, "parents": [18, 11], "genome": "r(35,164) r(2,87) a(33,77) a(34,177)", "fitness": 0.0}
{"generation": 4, "position": 57, "parents": [18, 11], "genome": "d(34) d(35) r(27,76) r(25,76) a(27,51) r(33,60)", "fitness": 0.0}
{"generation": 4, "position": 58, "parents": [18], "genome": "r(35,164) r(2,87) a(33,77) a(27,51) r(1,52)", "fitness": 0.0}
{"generation": 4, "position": 59, "parents": [11], "genome": "d(34) d(35) r(27,76) r(25,76) d(28)", "fitness": 0.0}
{"generation": 4, "position": 60, "parents": [57, 38], "genome": "a(35,64) a(34,99) r(31,94) d(34) r(32,78) d(25) d(1) r(27,48) r(34,49) a(35,48)", "fitness": 0.0}
{"generation": 4, "position": 61, "parents": [57, 38], "genome": "r(35,86) d(34)", "fitness": 4.0}
{"generation": 4, "position": 62, "parents": [57], "genome": "a(35,64) a(34,99) r(31,94) d(34) r(32,78) d(25) r(35,99)", "fitness": 0.0}
{"generation": 5, "position": 0, "parents": [36, 52], "genome": "r(28,82) a(2,76) a(1,36) d(35)", "fitness": 0.0}
{"generation": 5, "position": 1, "parents": [36, 52], "genome": "r(28,82) r(35,97) a(34,36) a(34,94) d(34) r(34,176) d(35) r(32,31)", "fitness": 0.0}
{"generation": 5, "position": 2, "parents": [36], "genome": "r(28,82) a(2,76) a(1,36) r(34,176) d(35) r(2,135)", "fitness": 0.0}
{"generation": 5, "position": 3, "parents": [52], "genome": "r(28,82) r(35,97) a(34,36) a(34,94) d(34) d(2)", "fitness": 0.0}
{"generation": 5, "position": 4, "parents": [15], "genome": "d(28) a(35,138) a(35,148) a(35,134) r(35,97) a(34,36) a(34,78) r(34,95) a(3,52)", "fitness": 0.0}
{"generation": 5, "position": 5, "parents": [62], "genome": "a(35,64) a(34,99) r(31,94) d(34) r(32,78) d(25) r(35,99) a(1,54)", "fitness": 0.0}
{"generation": 5, "position": 6, "parents": [18, 26], "genome": "r(28,82) a(2,76) d(35) r(34,48) d(27) a(34,94) a(2,25) a(25,49)", "fitness": 0.0}
{"generation": 5, "position": 7, "parents": [18, 26], "genome": "d(28) d(34) r(28,99) d(35) a(34,36) r(1,86)", "fitness": 0.0}
{"generation": 5, "position": 8, "parents": [18], "genome": "r(28,82) a(2,76) d(35) r(34,48) d(27) r(33,31)", "fitness": 0.0}
{"generation": 5, "position": 9, "parents": [26], "genome": "d(28) d(34) r(28,99) d(35) a(34,36) a(34,94) a(2,25) d(2)", "fitness": 12.0}
{"generation": 5, "position": 10, "parents": [53, 28], "genome": "r(35,86) r(28,99) d(35) d(32) r(25,87)", "fitness": 0.0}
{"generation": 5, "position": 11, "parents": [53, 28], "genome": "d(28) d(34) r(31,94) a(25,69) a(34,31) r(34,33) r(35,86)", "fitness": 0.0}
{"generation": 5, "position": 12, "parents": [53], "genome": "r(35,86) r(31,94) a(25,69) a(34,31) r(34,33) r(27,49)", "fitness": 0.0}
{"generation": 5, "position": 13, "parents": [28], "genome": "d(28) d(34) r(28,99) d(35) d(32) a(2,105)", "fitness": 0.0}
{"generation": 5, "position": 14, "parents": [22, 19], "genome": "r(34,51) r(28,53) r(27,76) r(25,76) r(34,25) a(35,178) r(1,37)", "fitness": 0.0}
{"generation": 5, "position": 15, "parents": [22, 19], "genome": "a(28,99) r(28,99) d(35) a(34,69)", "fitness": 0.0}
{"generation": 5, "position": 16, "parents": [22], "genome": "r(34,51) r(28,53) r(27,76) r(25,76) d(35) a(33,108)", "fitness": 0.0}
{"generation": 5, "position": 17, "parents": [19], "genome": "a(28,99) r(28,99) r(34,25) a(35,178) d(3)", "fitness": 12.0}
{"generation": 5, "position": 18, "parents": [19], "genome": "a(28,99) r(28,99) r(34,25) a(35,178) r(35,112)", "fitness": 12.0}
{"generation": 5, "position": 19, "parents": [21], "genome": "d(28) a(35,138) a(35,148) a(35,134) a(33,99) a(35,130)", "fitness": 0.0}
{"generation": 5, "position": 20, "parents": [57, 31], "genome": "d(34) a(27,83) d(28) d(35)", "fitness": 0.0}
{"generation": 5, "position": 21, "parents": [57, 31], "genome": "r(35,164) r(2,87) r(34,33) d(35) r(27,76) r(25,76) a(27,51) r(33,60) a(31,65)", "fitness": 0.0}
{"generation": 5, "position": 22, "parents": [57], "genome": "d(34) d(35) r(27,76) r(25,76) a(27,51) r(33,60) d(32)", "fitness": 0.0}
{"generation": 5, "position": 23, "parents": [31], "genome": "r(35,164) r(2,87) r(34,33) a(27,83) d(28) r(33,135)", "fitness": 0.0}
{"generation": 5, "position": 24, "parents": [28], "genome": "d(28) d(34) r(28,99) d(35) d(32) d(1)", "fitness": 0.0}
{"generation": 5, "position": 25, "parents": [46], "genome": "r(34,70) r(27,76) r(34,112) a(2,60) a(25,36)", "fitness": 0.0}
{"generation": 5, "position": 26, "parents": [46, 9], "genome": "r(34,70) r(27,76) r(34,112) a(2,60) r(35,97) a(34,36) a(34,94) r(34,82) a(32,1)", "fitness": 0.0}
{"generation": 5, "position": 27, "parents": [46, 9], "genome": "r(28,82) d(27)", "fitness": 0.0}
{"generation": 5, "position": 28, "parents": [46], "genome": "r(34,70) r(27,76) r(34,112) a(2,60) r(35,46)", "fitness": 0.0}
{"generation": 5, "position": 29, "parents": [9], "genome": "r(28,82) r(35,97) a(34,36) a(34,94) r(34,82) d(2)", "fitness": 0.0}
{"generation": 5, "position": 30, "parents": [50], "genome": "r(34,70) r(25,148) r(2,69) a(35,64) r(1,70) r(35,70) a(33,48)", "fitness": 0.0}
{"generation": 5, "position": 31, "parents": [34], "genome": "r(28,82) r(2,69) a(35,64) a(35,65) d(32) d(27)", "fitness": 0.0}
{"generation": 5, "position": 32, "parents": [21, 53], "genome": "d(28) r(34,177)", "fitness": 0.0}
{"generation": 5, "position": 33, "parents": [21, 53], "genome": "r(35,86) r(31,94) a(25,69) a(34,31) r(34,33) a(35,138) a(35,148) a(35,134) a(33,99) r(25,64)", "fitness": 0.0}
{"generation": 5, "position": 34, "parents": [21], "genome": "d(28) a(35,138) a(35,148) a(35,134) a(33,99) r(34,28)", "fitness": 0.0}
{"generation": 5, "position": 35, "parents": [53], "genome": "r(35,86) r(31,94) a(25,69) a(34,31) r(34,33) a(33,94)", "fitness": 0.0}
{"generation": 5, "position": 36, "parents": [29, 35], "genome": "r(28,82) r(35,97) a(34,36) a(34,94) r(34,32) a(32,28) a(33,82)", "fitness": 0.0}
{"generation": 5, "position": 37, "parents": [29, 35], "genome": "r(34,51) r(28,53) d(27) a(33,87) d(35)", "fitness": 0.0}
{"generation": 5, "position": 38, "parents": [29], "genome": "r(28,82) r(35,97) a(34,36) a(34,94) r(34,32) a(2,97)", "fitness": 0.0}
{"generation": 5, "position": 39, "parents": [35], "genome": "r(34,51) r(28,53) d(27) a(33,87) a(32,28) a(35,47)", "fitness": 0.0}
{"generation": 5, "position": 40, "parents": [53], "genome": "r(35,86) r(31,94) a(25,69) a(34,31) r(34,33) d(25)", "fitness": 0.0}
{"generation": 5, "position": 41, "parents": [0], "genome": "r(35,86) r(31,94) d(1) d(35) a(33,54) a(32,164)", "fitness": 0.0}
{"generation": 5, "position": 42, "parents": [16, 7], "genome": "r(28,82) r(35,97) a(34,36) a(34,78) r(35,97) d(1) a(34,78) a(32,158) r(34,65)", "fitness": 0.0}
{"generation": 5, "position": 43, "parents": [16, 7], "genome": "r(28,82) r(34,105) a(35,54)", "fitness": 0.0}
{"generation": 5, "position": 44, "parents": [16], "genome": "r(28,82) r(35,97) a(34,36) a(34,78) r(34,105) r(33,170)", "fitness": 0.0}
{"generation": 5, "position": 45, "parents": [7], "genome": "r(28,82) r(35,97) d(1) a(34,78) a(32,158) a(34,53)", "fitness": 0.0}
{"generation": 5, "position": 46, "parents": [22], "genome": "r(34,51) r(28,53) r(27,76) r(25,76) d(35) r(32,76)", "fitness": 0.0}
{"generation": 5, "position": 47, "parents": [35], "genome": "r(34,51) r(28,53) d(27) a(33,87) a(32,28) a(2,100)", "fitness": 0.0}
{"generation": 5, "position": 48, "parents": [53, 19], "genome": "r(35,86) r(31,94) a(25,69) a(35,178) r(34,60)", "fitness": 0.0}
{"generation": 5, "position": 49, "parents": [53, 19], "genome": "a(28,99) r(28,99) r(34,25) a(34,31) r(34,33) d(35)", "fitness": 0.0}
{"generation": 5, "position": 50, "parents": [53], "genome": "r(35,86) r(31,94) a(25,69) a(34,31) r(34,33) d(28)", "fitness": 0.0}
{"generation": 5, "position": 51, "parents": [19], "genome": "a(28,99) r(28,99) r(34,25) a(35,178) r(1,48)", "fitness": 0.0}
{"generation": 5, "position": 52, "parents": [1, 56], "genome": "r(28,82) d(1) a(34,83) a(33,77) a(34,177) r(34,38)", "fitness": 0.0}
{"generation": 5, "position": 53, "parents": [1, 56], "genome": "r(35,164) r(2,87) a(34,78) a(34,31) r(34,97)", "fitness": 0.0}
{"generation": 5, "position": 54, "parents": [1], "genome": "r(28,82) d(1) a(34,83) a(34,78) a(34,31) a(35,28)", "fitness": 0.0}
{"generation": 5, "position": 55, "parents": [56], "genome": "r(35,164) r(2,87) a(33,77) a(34,177) r(25,130)", "fitness": 0.0}
{"generation": 5, "position": 56, "parents": [4], "genome": "r(35,164) r(2,87) r(34,33) a(25,158) r(25,32) d(28)", "fitness": 0.0}
{"generation": 5, "position": 57, "parents": [10], "genome": "a(35,64) a(34,99) r(31,94) d(34) r(32,78) r(1,54) d(28)", "fitness": 0.0}
{"generation": 5, "position": 58, "parents": [19], "genome": "a(28,99) r(28,99) r(34,25) a(35,178) a(32,83)", "fitness": 0.0}
{"generation": 5, "position": 59, "parents": [42], "genome": "d(28) r(34,135) r(27,33)", "fitness": 0.0}
{"generation": 5, "position": 60, "parents": [21], "genome": "d(28) a(35,138) a(35,148) a(35,134) a(33,99) r(35,94)", "fitness": 0.0}
{"generation": 6, "position": 0, "parents": [27, 19], "genome": "r(28,82) a(35,138) a(35,148) a(35,134) a(33,99) a(35,130) r(35,34)", "fitness": 0.0}
{"generation": 6, "position": 1, "parents": [27, 19], "genome": "d(28) d(27) a(34,1)", "fitness": 0.0}
{"generation": 6, "position": 2, "parents": [27], "genome": "r(28,82) d(27) d(1)", "fitness": 0.0}
{"generation": 6, "position": 3, "parents": [19], "genome": "d(28) a(35,138) a(35,148) a(35,134) a(33,99) a(35,130) d(34)", "fitness": 0.0}
{"generation": 6, "position": 4, "parents": [7], "genome": "d(28) d(34) r(28,99) d(35) a(34,36) r(1,86) a(27,35)", "fitness": 0.0}
{"generation": 6, "position": 5, "parents": [11], "genome": "d(28) d(34) r(31,94) a(25,69) a(34,31) r(34,33) r(35,86) a(3,77)", "fitness": 0.0}
{"generation": 6, "position": 6, "parents": [31], "genome": "r(28,82) r(2,69) a(35,64) a(35,65) d(32) d(27) r(35,62)", "fitness": 0.0}
{"generation": 6, "position": 7, "parents": [32], "genome": "d(28) r(34,177) a(35,78)", "fitness": 0.0}
{"generation": 6, "position": 8, "parents": [48], "genome": "r(35,86) r(31,94) a(25,69) a(35,178) r(34,60) d(3)", "fitness": 12.0}
{"generation": 6, "position": 9, "parents": [33], "genome": "r(35,86) r(31,94) a(25,69) a(34,31) r(34,33) a(35,138) a(35,148) a(35,134) a(33,99) r(25,64) d(1)", "fitness": 0.0}
{"generation": 6, "position": 10, "parents": [14, 50], "genome": "r(34,51) r(28,53) r(27,76) d(35)", "fitness": 0.0}
{"generation": 6, "position": 11, "parents": [14, 50], "genome": "r(35,86) r(31,94) a(25,69) a(34,31) r(34,33) d(28) r(25,76) r(34,25) a(35,178) r(1,37) a(33,28)", "fitness": 0.0}
{"generation": 6, "position": 12, "parents": [14], "genome": "r(34,51) r(28,53) r(27,76) r(25,76) r(34,25) a(35,178) r(1,37) r(35,70)", "fitness": 0.0}
{"generation": 6, "position": 13, "parents": [50], "genome": "r(35,86) r(31,94) a(25,69) a(34,31) r(34,33) d(28) r(3,55)", "fitness": 12.0}
{"generation": 6, "position": 14, "parents": [27, 59], "genome": "r(28,82) d(27) r(34,135) r(27,33) d(35)", "fitness": 0.0}
{"generation": 6, "position": 15, "parents": [27, 59], "genome": "d(28) r(27,148)", "fitness": 0.0}
{"generation": 6, "position": 16, "parents": [27], "genome": "r(28,82) d(27) r(34,28)", "fitness": 0.0}
{"generation": 6, "position": 17, "parents": [59], "genome": "d(28) r(34,135) r(27,33) r(35,64)", "fitness": 0.0}
{"generation": 6, "position": 18, "parents": [27, 2], "genome": "r(28,82) d(27) r(2,135) d(35)", "fitness": 0.0}
{"generation": 6, "position": 19, "parents": [27, 2], "genome": "r(28,82) a(2,76) a(1,36) r(34,176) d(35) d(25)", "fitness": 0.0}
{"generation": 6, "position": 20, "parents": [27], "genome": "r(28,82) d(27) d(1)", "fitness": 0.0}
{"generation": 6, "position": 21, "parents": [2], "genome": "r(28,82) a(2,76) a(1,36) r(34,176) d(35) r(2,135) d(27)", "fitness": 0.0}
{"generation": 6, "position": 22, "parents": [28], "genome": "r(34,70) r(27,76) r(34,112) a(2,60) r(35,46) d(32)", "fitness": 0.0}
{"generation": 6, "position": 23, "parents": [19], "genome": "d(28) a(35,138) a(35,148) a(35,134) a(33,99) a(35,130) a(35,178)", "fitness": 0.0}
{"generation": 6, "position": 24, "parents": [46], "genome": "r(34,51) r(28,53) r(27,76) r(25,76) d(35) r(32,76) d(2)", "fitness": 0.0}
{"generation": 6, "position": 25, "parents": [10], "genome": "r(35,86) r(28,99) d(35) d(32) r(25,87) a(3,82)", "fitness": 0.0}
{"generation": 6, "position": 26, "parents": [55], "genome": "r(35,164) r(2,87) a(33,77) a(34,177) r(25,130) r(34,87)", "fitness": 0.0}
{"generation": 6, "position": 27, "parents": [6], "genome": "r(28,82) a(2,76) d(35) r(34,48) d(27) a(34,94) a(2,25) a(25,49) a(3,57)", "fitness": 0.0}
{"generation": 6, "position": 28, "parents": [36, 25], "genome": "r(28,82) r(35,97) a(34,36) a(34,94) r(34,32) a(32,28) a(33,82) r(27,76) r(34,112) a(2,60) a(25,36) d(33)", "fitness": 0.0}
{"generation": 6, "position": 29, "parents": [36, 25], "genome": "r(34,70) d(35)", "fitness": 4.0}
{"generation": 6, "position": 30, "parents": [36], "genome": "r(28,82) r(35,97) a(34,36) a(34,94) r(34,32) a(32,28) a(33,82) d(32)", "fitness": 0.0}
{"generation": 6, "position": 31, "parents": [25], "genome": "r(34,70) r(27,76) r(34,112) a(2,60) a(25,36) d(1)", "fitness": 0.0}
{"generation": 6, "position": 32, "parents": [4], "genome": "d(28) a(35,138) a(35,148) a(35,134) r(35,97) a(34,36) a(34,78) r(34,95) a(3,52) r(2,38)", "fitness": 0.0}
{"generation": 6, "position": 33, "parents": [19], "genome": "d(28) a(35,138) a(35,148) a(35,134) a(33,99) a(35,130) d(35)", "fitness": 12.0}
{"generation": 6, "position": 34, "parents": [4, 51], "genome": "d(28) a(35,138) a(35,148) a(35,134) r(28,99) r(34,25) a(35,178) r(1,48) a(35,51)", "fitness": 0.0}
{"generation": 6, "position": 35, "parents": [4, 51], "genome": "a(28,99) r(35,97) a(34,36) a(34,78) r(34,95) a(3,52) r(31,54)", "fitness": 0.0}
{"generation": 6, "position": 36, "parents": [4], "genome": "d(28) a(35,138) a(35,148) a(35,134) r(35,97) a(34,36) a(34,78) r(34,95) a(3,52) a(32,64)", "fitness": 0.0}
{"generation": 6, "position": 37, "parents": [51], "genome": "a(28,99) r(28,99) r(34,25) a(35,178) r(1,48) a(35,62)", "fitness": 0.0}
{"generation": 6, "position": 38, "parents": [22, 38], "genome": "d(34) d(35) r(27,76) r(25,76) r(35,97) a(34,36) a(34,94) r(34,32) a(2,97) d(33)", "fitness": 0.0}
{"generation": 6, "position": 39, "parents": [22, 38], "genome": "r(28,82) a(27,51) r(33,60) d(32) r(27,64)", "fitness": 0.0}
{"generation": 6, "position": 40, "parents": [22], "genome": "d(34) d(35) r(27,76) r(25,76) a(27,51) r(33,60) d(32) r(1,84)", "fitness": 0.0}
{"generation": 6, "position": 41, "parents": [38], "genome": "r(28,82) r(35,97) a(34,36) a(34,94) r(34,32) a(2,97) r(25,176)", "fitness": 0.0}
{"generation": 6, "position": 42, "parents": [51], "genome": "a(28,99) r(28,99) r(34,25) a(35,178) r(1,48) r(35,87)", "fitness": 0.0}
{"generation": 6, "position": 43, "parents": [48], "genome": "r(35,86) r(31,94) a(25,69) a(35,178) r(34,60) d(33)", "fitness": 0.0}
{"generation": 6, "position": 44, "parents": [41, 49], "genome": "r(35,86) r(31,94) d(1) d(35) a(33,54) a(32,164) r(28,99) r(34,25) a(34,31) r(34,33) d(35) r(25,83)", "fitness": 0.0}
{"generation": 6, "position": 45, "parents": [41, 49], "genome": "a(28,99) r(34,44)", "fitness": 4.0}
{"generation": 6, "position": 46, "parents": [41], "genome": "r(35,86) r(31,94) d(1) d(35) a(33,54) a(32,164) a(34,112)", "fitness": 0.0}
{"generation": 6, "position": 47, "parents": [49], "genome": "a(28,99) r(28,99) r(34,25) a(34,31) r(34,33) d(35) d(3)", "fitness": 12.0}
{"generation": 6, "position": 48, "parents": [53], "genome": "r(35,164) r(2,87) a(34,78) a(34,31) r(34,97) r(25,46)", "fitness": 0.0}
{"generation": 6, "position": 49, "parents": [45], "genome": "r(28,82) r(35,97) d(1) a(34,78) a(32,158) a(34,53) d(34)", "fitness": 0.0}
{"generation": 6, "position": 50, "parents": [14], "genome": "r(34,51) r(28,53) r(27,76) r(25,76) r(34,25) a(35,178) r(1,37) r(32,134)", "fitness": 0.0}
{"generation": 6, "position": 51, "parents": [14], "genome": "r(34,51) r(28,53) r(27,76) r(25,76) r(34,25) a(35,178) r(1,37) a(33,31)", "fitness": 0.0}
{"generation": 6, "position": 52, "parents": [10], "genome": "r(35,86) r(28,99) d(35) d(32) r(25,87) r(34,138)", "fitness": 0.0}
{"generation": 6, "position": 53, "parents": [46], "genome": "r(34,51) r(28,53) r(27,76) r(25,76) d(35) r(32,76) d(33)", "fitness": 0.0}
{"generation": 6, "position": 54, "parents": [61, 48], "genome": "r(28,82) r(35,97) a(34,36) a(34,78) a(35,178) r(34,60) r(25,138)", "fitness": 0.0}
{"generation": 6, "position": 55, "parents": [61, 48], "genome": "r(35,86) r(31,94) a(25,69) r(34,105) a(25,54) d(33)", "fitness": 0.0}
{"generation": 6, "position": 56, "parents": [61], "genome": "r(28,82) r(35,97) a(34,36) a(34,78) r(34,105) a(25,54) a(2,2)", "fitness": 0.0}
{"generation": 7, "position": 0, "parents": [30], "genome": "r(28,82) r(35,97) a(34,36) a(34,94) r(34,32) a(32,28) a(33,82) d(32) a(2,82)", "fitness": 0.0}
{"generation": 7, "position": 1, "parents": [48], "genome": "r(35,164) r(2,87) a(34,78) a(34,31) r(34,97) r(25,46) d(33)", "fitness": 0.0}
{"generation": 7, "position": 2, "parents": [53, 7], "genome": "r(34,51) a(35,62)", "fitness": 4.0}
{"generation": 7, "position": 3, "parents": [53, 7], "genome": "d(28) r(34,177) a(35,78) r(28,53) r(27,76) r(25,76) d(35) r(32,76) d(33) r(2,64)", "fitness": 0.0}
{"generation": 7, "position": 4, "parents": [53], "genome": "r(34,51) r(28,53) r(27,76) r(25,76) d(35) r(32,76) d(33) r(3,65)", "fitness": 0.0}
{"generation": 7, "position": 5, "parents": [7], "genome": "d(28) r(34,177) a(35,78) r(35,25)", "fitness": 0.0}
{"generation": 7, "position": 6, "parents": [37], "genome": "a(28,99) r(28,99) r(34,25) a(35,178) r(1,48) a(35,62) r(35,112)", "fitness": 0.0}
{"generation": 7, "position": 7, "parents": [15], "genome": "d(28) r(27,148) a(35,50)", "fitness": 0.0}
{"generation": 7, "position": 8, "parents": [20, 43], "genome": "r(28,82) r(31,94) a(25,69) a(35,178) r(34,60) d(33) r(2,134)", "fitness": 12.0}
{"generation": 7, "position": 9, "parents": [20, 43], "genome": "r(35,86) d(27) d(1) a(34,48)", "fitness": 4.0}
{"generation": 7, "position": 10, "parents": [20], "genome": "r(28,82) d(27) d(1) d(34)", "fitness": 0.0}
{"generation": 7, "position": 11, "parents": [43], "genome": "r(35,86) r(31,94) a(25,69) a(35,178) r(34,60) d(33) d(28)", "fitness": 0.0}
{"generation": 7, "position": 12, "parents": [10, 3], "genome": "r(34,51) r(28,53) r(27,76) a(35,130) d(34) a(35,78)", "fitness": 0.0}
{"generation": 7, "position": 13, "parents": [10, 3], "genome": "d(28) a(35,138) a(35,148) a(35,134) a(33,99) d(35) d(34)", "fitness": 12.0}
{"generation": 7, "position": 14, "parents": [10], "genome": "r(34,51) r(28,53) r(27,76) d(35) a(3,48)", "fitness": 0.0}
{"generation": 7, "position": 15, "parents": [3], "genome": "d(28) a(35,138) a(35,148) a(35,134) a(33,99) a(35,130) d(34) d(35)", "fitness": 12.0}
{"generation": 7, "position": 16, "parents": [20], "genome": "r(28,82) d(27) d(1) d(34)", "fitness": 0.0}
{"generation": 7, "position": 17, "parents": [46], "genome": "r(35,86) r(31,94) d(1) d(35) a(33,54) a(32,164) a(34,112) d(34)", "fitness": 0.0}
{"generation": 7, "position": 18, "parents": [11], "genome": "r(35,86) r(31,94) a(25,69) a(34,31) r(34,33) d(28) r(25,76) r(34,25) a(35,178) r(1,37) a(33,28) d(32)", "fitness": 0.0}
{"generation": 7, "position": 19, "parents": [19], "genome": "r(28,82) a(2,76) a(1,36) r(34,176) d(35) d(25) a(32,97)", "fitness": 0.0}
{"generation": 7, "position": 20, "parents": [11], "genome": "r(35,86) r(31,94) a(25,69) a(34,31) r(34,33) d(28) r(25,76) r(34,25) a(35,178) r(1,37) a(33,28) a(33,1)", "fitness": 0.0}
{"generation": 7, "position": 21, "parents": [18], "genome": "r(28,82) d(27) r(2,135) d(35) d(33)", "fitness": 0.0}
{"generation": 7, "position": 22, "parents": [20, 39], "genome": "r(28,82) d(27) r(2,45)", "fitness": 0.0}
{"generation": 7, "position": 23, "parents": [20, 39], "genome": "r(28,82) a(27,51) r(33,60) d(32) r(27,64) d(1) r(25,82)", "fitness": 0.0}
{"generation": 7, "position": 24, "parents": [20], "genome": "r(28,82) d(27) d(1) d(34)", "fitness": 0.0}
{"generation": 7, "position": 25, "parents": [39], "genome": "r(28,82) a(27,51) r(33,60) d(32) r(27,64) a(1,33)", "fitness": 0.0}
{"generation": 7, "position": 26, "parents": [2], "genome": "r(28,82) d(27) d(1) r(34,69)", "fitness": 0.0}
{"generation": 7, "position": 27, "parents": [40], "genome": "d(34) d(35) r(27,76) r(25,76) a(27,51) r(33,60) d(32) r(1,84) d(31)", "fitness": 0.0}
{"generation": 7, "position": 28, "parents": [31, 9], "genome": "r(34,70) r(27,76) r(34,112) a(2,60) a(25,36) d(1) d(1) a(35,105)", "fitness": 0.0}
{"generation": 7, "position": 29, "parents": [31, 9], "genome": "r(35,86) r(31,94) a(25,69) a(34,31) r(34,33) a(35,138) a(35,148) a(35,134) a(33,99) r(25,64) d(28)", "fitness": 0.0}
{"generation": 7, "position": 30, "parents": [31], "genome": "r(34,70) r(27,76) r(34,112) a(2,60) a(25,36) d(1) a(35,82)", "fitness": 0.0}
{"generation": 7, "position": 31, "parents": [9], "genome": "r(35,86) r(31,94) a(25,69) a(34,31) r(34,33) a(35,138) a(35,148) a(35,134) a(33,99) r(25,64) d(1) d(28)", "fitness": 0.0}
{"generation": 7, "position": 32, "parents": [50, 38], "genome": "r(34,51) r(28,53) r(27,76) r(25,76) r(34,25) a(35,158)", "fitness": 0.0}
{"generation": 7, "position": 33, "parents": [50, 38], "genome": "d(34) d(35) r(27,76) r(25,76) r(35,97) a(34,36) a(34,94) r(34,32) a(2,97) d(33) a(35,178) r(1,37) r(32,134) r(31,77)", "fitness": 0.0}
{"generation": 7, "position": 34, "parents": [50], "genome": "r(34,51) r(28,53) r(27,76) r(25,76) r(34,25) a(35,178) r(1,37) r(32,134) a(35,82)", "fitness": 0.0}
{"generation": 7, "position": 35, "parents": [38], "genome": "d(34) d(35) r(27,76) r(25,76) r(35,97) a(34,36) a(34,94) r(34,32) a(2,97) d(33) r(28,25)", "fitness": 0.0}
{"generation": 7, "position": 36, "parents": [10], "genome": "r(34,51) r(28,53) r(27,76) d(35) r(3,164)", "fitness": 12.0}
{"generation": 7, "position": 37, "parents": [48], "genome": "r(35,164) r(2,87) a(34,78) a(34,31) r(34,97) r(25,46) d(1)", "fitness": 4.0}
{"generation": 7, "position": 38, "parents": [49], "genome": "r(28,82) r(35,97) d(1) a(34,78) a(32,158) a(34,53) d(34) r(32,54)", "fitness": 0.0}
{"generation": 7, "position": 39, "parents": [30], "genome": "r(28,82) r(35,97) a(34,36) a(34,94) r(34,32) a(32,28) a(33,82) d(32) d(1)", "fitness": 0.0}
{"generation": 7, "position": 40, "parents": [24], "genome": "r(34,51) r(28,53) r(27,76) r(25,76) d(35) r(32,76) d(2) a(33,78)", "fitness": 0.0}
{"generation": 7, "position": 41, "parents": [16], "genome": "r(28,82) d(27) r(34,28) a(32,28)", "fitness": 0.0}
{"generation": 7, "position": 42, "parents": [7], "genome": "d(28) r(34,177) a(35,78) r(35,82)", "fitness": 0.0}
{"generation": 7, "position": 43, "parents": [6], "genome": "r(28,82) r(2,69) a(35,64) a(35,65) d(32) d(27) r(35,62) a(34,46)", "fitness": 0.0}
{"generation": 7, "position": 44, "parents": [5, 4], "genome": "d(28) d(34) r(31,94) a(25,69) a(34,31) r(34,33) r(1,86) a(27,35) a(35,94)", "fitness": 0.0}
{"generation": 7, "position": 45, "parents": [5, 4], "genome": "d(28) d(34) r(28,99) d(35) a(34,36) r(35,86) a(3,77) a(32,52)", "fitness": 0.0}
{"generation": 7, "position": 46, "parents": [5], "genome": "d(28) d(34) r(31,94) a(25,69) a(34,31) r(34,33) r(35,86) a(3,77) a(32,87)", "fitness": 0.0}
{"generation": 7, "position": 47, "parents": [4], "genome": "d(28) d(34) r(28,99) d(35) a(34,36) r(1,86) a(27,35) d(27)", "fitness": 0.0}
{"generation": 7, "position": 48, "parents": [52, 10], "genome": "r(35,86) r(28,99) d(35) d(32) r(25,87) r(28,53) r(27,76) d(35) d(34)", "fitness": 0.0}
{"generation": 7, "position": 49, "parents": [52, 10], "genome": "r(34,51) r(34,138) r(1,49)", "fitness": 0.0}
{"generation": 7, "position": 50, "parents": [52], "genome": "r(35,86) r(28,99) d(35) d(32) r(25,87) r(34,138) r(33,148)", "fitness": 0.0}
{"generation": 7, "position": 51, "parents": [10], "genome": "r(34,51) r(28,53) r(27,76) d(35) r(1,80)", "fitness": 0.0}
{"generation": 7, "position": 52, "parents": [18], "genome": "r(28,82) d(27) r(2,135) d(35) a(34,34)", "fitness": 0.0}
{"generation": 7, "position": 53, "parents": [11], "genome": "r(35,86) r(31,94) a(25,69) a(34,31) r(34,33) d(28) r(25,76) r(34,25) a(35,178) r(1,37) a(33,28) r(32,54)", "fitness": 0.0}
{"generation": 7, "position": 54, "parents": [27], "genome": "r(28,82) a(2,76) d(35) r(34,48) d(27) a(34,94) a(2,25) a(25,49) a(3,57) d(1)", "fitness": 0.0}
{"generation": 8, "position": 0, "parents": [37], "genome": "r(35,164) r(2,87) a(34,78) a(34,31) r(34,97) r(25,46) d(1) a(32,164)", "fitness": 4.0}
{"generation": 8, "position": 1, "parents": [40], "genome": "r(34,51) r(28,53) r(27,76) r(25,76) d(35) r(32,76) d(2) a(33,78) r(33,49)", "fitness": 0.0}
{"generation": 8, "position": 2, "parents": [2], "genome": "r(34,51) a(35,62) a(32,77)", "fitness": 4.0}
{"generation": 8, "position": 3, "parents": [52], "genome": "r(28,82) d(27) r(2,135) d(35) a(34,34) r(34,130)", "fitness": 0.0}
{"generation": 8, "position": 4, "parents": [28], "genome": "r(34,70) r(27,76) r(34,112) a(2,60) a(25,36) d(1) d(1) a(35,105) r(35,100)", "fitness": 0.0}
{"generation": 8, "position": 5, "parents": [43], "genome": "r(28,82) r(2,69) a(35,64) a(35,65) d(32) d(27) r(35,62) a(34,46) r(34,65)", "fitness": 0.0}
{"generation": 8, "position": 6, "parents": [47], "genome": "d(28) d(34) r(28,99) d(35) a(34,36) r(1,86) a(27,35) d(27) r(32,50)", "fitness": 0.0}
{"generation": 8, "position": 7, "parents": [6], "genome": "a(28,99) r(28,99) r(34,25) a(35,178) r(1,48) a(35,62) r(35,112) d(27)", "fitness": 0.0}
{"generation": 8, "position": 8, "parents": [39, 20], "genome": "r(28,82) r(35,97) a(34,36) a(34,94) r(34,32) a(32,28) a(33,82) d(32) d(1) a(34,31) r(34,33) d(28) r(25,76) r(34,25) a(35,178) r(1,37) a(33,28) a(33,1) r(33,65)", "fitness": 0.0}
{"generation": 8, "position": 9, "parents": [39, 20], "genome": "r(35,86) r(31,94) a(25,69) a(25,52)", "fitness": 0.0}
{"generation": 8, "position": 10, "parents": [39], "genome": "r(28,82) r(35,97) a(34,36) a(34,94) r(34,32) a(32,28) a(33,82) d(32) d(1) a(27,35)", "fitness": 0.0}
{"generation": 8, "position": 11, "parents": [20], "genome": "r(35,86) r(31,94) a(25,69) a(34,31) r(34,33) d(28) r(25,76) r(34,25) a(35,178) r(1,37) a(33,28) a(33,1) a(33,97)", "fitness": 0.0}
{"generation": 8, "position": 12, "parents": [24], "genome": "r(28,82) d(27) d(1) d(34) r(35,76)", "fitness": 0.0}
{"generation": 8, "position": 13, "parents": [32], "genome": "r(34,51) r(28,53) r(27,76) r(25,76) r(34,25) a(35,158) d(32)", "fitness": 0.0}
{"generation": 8, "position": 14, "parents": [42], "genome": "d(28) r(34,177) a(35,78) r(35,82) a(27,158)", "fitness": 0.0}
{"generation": 8, "position": 15, "parents": [47], "genome": "d(28) d(34) r(28,99) d(35) a(34,36) r(1,86) a(27,35) d(27) r(33,45)", "fitness": 0.0}
{"generation": 8, "position": 16, "parents": [51], "genome": "r(34,51) r(28,53) r(27,76) d(35) r(1,80) d(33)", "fitness": 0.0}
{"generation": 8, "position": 17, "parents": [38], "genome": "r(28,82) r(35,97) d(1) a(34,78) a(32,158) a(34,53) d(34) r(32,54) a(33,27)", "fitness": 0.0}
{"generation": 8, "position": 18, "parents": [27], "genome": "d(34) d(35) r(27,76) r(25,76) a(27,51) r(33,60) d(32) r(1,84) d(31) d(28)", "fitness": 0.0}
{"generation": 8, "position": 19, "parents": [16], "genome": "r(28,82) d(27) d(1) d(34) a(35,47)", "fitness": 0.0}
{"generation": 8, "position": 20, "parents": [32, 44], "genome": "r(34,51) r(1,86) a(27,35) a(35,94) r(35,44)", "fitness": 0.0}
{"generation": 8, "position": 21, "parents": [32, 44], "genome": "d(28) d(34) r(31,94) a(25,69) a(34,31) r(34,33) r(28,53) r(27,76) r(25,76) r(34,25) a(35,158) r(35,105)", "fitness": 0.0}
{"generation": 8, "position": 22, "parents": [32], "genome": "r(34,51) r(28,53) r(27,76) r(25,76) r(34,25) a(35,158) d(33)", "fitness": 0.0}
{"generation": 8, "position": 23, "parents": [44], "genome": "d(28) d(34) r(31,94) a(25,69) a(34,31) r(34,33) r(1,86) a(27,35) a(35,94) r(25,60)", "fitness": 0.0}
{"generation": 8, "position": 24, "parents": [28], "genome": "r(34,70) r(27,76) r(34,112) a(2,60) a(25,36) d(1) d(1) a(35,105) r(35,87)", "fitness": 0.0}
{"generation": 8, "position": 25, "parents": [12], "genome": "r(34,51) r(28,53) r(27,76) a(35,130) d(34) a(35,78) r(1,86)", "fitness": 0.0}
{"generation": 8, "position": 26, "parents": [50, 10], "genome": "r(35,86) r(28,99) d(35) d(32) r(25,87) d(34) d(1)", "fitness": 0.0}
{"generation": 8, "position": 27, "parents": [50, 10], "genome": "r(28,82) d(27) d(1) r(34,138) r(33,148) a(25,44)", "fitness": 0.0}
{"generation": 8, "position": 28, "parents": [50], "genome": "r(35,86) r(28,99) d(35) d(32) r(25,87) r(34,138) r(33,148) d(1)", "fitness": 0.0}
{"generation": 8, "position": 29, "parents": [10], "genome": "r(28,82) d(27) d(1) d(34) r(35,37)", "fitness": 0.0}
{"generation": 8, "position": 30, "parents": [6], "genome": "a(28,99) r(28,99) r(34,25) a(35,178) r(1,48) a(35,62) r(35,112) r(27,50)", "fitness": 0.0}
{"generation": 8, "position": 31, "parents": [46], "genome": "d(28) d(34) r(31,94) a(25,69) a(34,31) r(34,33) r(35,86) a(3,77) a(32,87) d(33)", "fitness": 0.0}
{"generation": 8, "position": 32, "parents": [54, 45], "genome": "r(28,82) a(2,76) d(35) a(34,36) r(35,86) a(3,77) a(32,52) r(34,53)", "fitness": 0.0}
{"generation": 8, "position": 33, "parents": [54, 45], "genome": "d(28) d(34) r(28,99) d(35) r(34,48) d(27) a(34,94) a(2,25) a(25,49) a(3,57) d(1) a(25,100)", "fitness": 0.0}
{"generation": 8, "position": 34, "parents": [54], "genome": "r(28,82) a(2,76) d(35) r(34,48) d(27) a(34,94) a(2,25) a(25,49) a(3,57) d(1) a(25,130)", "fitness": 0.0}
{"generation": 8, "position": 35, "parents": [45], "genome": "d(28) d(34) r(28,99) d(35) a(34,36) r(35,86) a(3,77) a(32,52) r(32,54)", "fitness": 0.0}
{"generation": 8, "position": 36, "parents": [24], "genome": "r(28,82) d(27) d(1) d(34) d(35)", "fitness": 0.0}
{"generation": 8, "position": 37, "parents": [50], "genome": "r(35,86) r(28,99) d(35) d(32) r(25,87) r(34,138) r(33,148) r(1,87)", "fitness": 0.0}
{"generation": 8, "position": 38, "parents": [12, 54], "genome": "r(34,51) r(28,53) r(27,76) a(34,94) a(2,25) a(25,49) a(3,57) d(1) a(35,64)", "fitness": 0.0}
{"generation": 8, "position": 39, "parents": [12, 54], "genome": "r(28,82) a(2,76) d(35) r(34,48) d(27) a(35,130) d(34) a(35,78) r(2,53)", "fitness": 0.0}
{"generation": 8, "position": 40, "parents": [12], "genome": "r(34,51) r(28,53) r(27,76) a(35,130) d(34) a(35,78) d(35)", "fitness": 0.0}
{"generation": 8, "position": 41, "parents": [54], "genome": "r(28,82) a(2,76) d(35) r(34,48) d(27) a(34,94) a(2,25) a(25,49) a(3,57) d(1) r(32,53)", "fitness": 0.0}
{"generation": 8, "position": 42, "parents": [38], "genome": "r(28,82) r(35,97) d(1) a(34,78) a(32,158) a(34,53) d(34) r(32,54) r(27,53)", "fitness": 0.0}
{"generation": 8, "position": 43, "parents": [7], "genome": "d(28) r(27,148) a(35,50) r(34,134)", "fitness": 0.0}
{"generation": 8, "position": 44, "parents": [23, 18], "genome": "r(28,82) a(27,51) r(33,60) a(25,69) a(34,31) r(34,33) d(28) r(25,76) r(34,25) a(35,178) r(1,37) a(33,28) d(32)", "fitness": 0.0}
{"generation": 8, "position": 45, "parents": [23, 18], "genome": "r(35,86) r(31,94) d(32) r(27,64) d(1) r(25,82) d(34)", "fitness": 0.0}
{"generation": 8, "position": 46, "parents": [23], "genome": "r(28,82) a(27,51) r(33,60) d(32) r(27,64) d(1) r(25,82)", "fitness": 0.0}
{"generation": 8, "position": 47, "parents": [18], "genome": "r(35,86) r(31,94) a(25,69) a(34,31) r(34,33) d(28) r(25,76) r(34,25) a(35,178) r(1,37) a(33,28) d(32) a(33,77)", "fitness": 0.0}
{"generation": 8, "position": 48, "parents": [35], "genome": "d(34) d(35) r(27,76) r(25,76) r(35,97) a(34,36) a(34,94) r(34,32) a(2,97) d(33) r(28,25) d(3)", "fitness": 0.0}
{"generation": 8, "position": 49, "parents": [25], "genome": "r(28,82) a(27,51) r(33,60) d(32) r(27,64) a(1,33) r(3,164)", "fitness": 0.0}
{"generation": 8, "position": 50, "parents": [38], "genome": "r(28,82) r(35,97) d(1) a(34,78) a(32,158) a(34,53) d(34) r(32,54) d(33)", "fitness": 0.0}
{"generation": 9, "position": 0, "parents": [29, 25], "genome": "r(28,82) r(35,70)", "fitness": 0.0}
{"generation": 9, "position": 1, "parents": [29, 25], "genome": "r(34,51) r(28,53) r(27,76) a(35,130) d(34) a(35,78) r(1,86) d(27) d(1) d(34) r(35,37) d(33)", "fitness": 0.0}
{"generation": 9, "position": 2, "parents": [29], "genome": "r(28,82) d(27) d(1) d(34) r(35,37) a(33,51)", "fitness": 0.0}
{"generation": 9, "position": 3, "parents": [25], "genome": "r(34,51) r(28,53) r(27,76) a(35,130) d(34) a(35,78) r(1,86) a(32,1)", "fitness": 0.0}
{"generation": 9, "position": 4, "parents": [19], "genome": "r(28,82) d(27) d(1) d(34) a(35,47) d(35)", "fitness": 0.0}
{"generation": 9, "position": 5, "parents": [24], "genome": "r(34,70) r(27,76) r(34,112) a(2,60) a(25,36) d(1) d(1) a(35,105) r(35,87) d(31)", "fitness": 0.0}
{"generation": 9, "position": 6, "parents": [30], "genome": "a(28,99) r(28,99) r(34,25) a(35,178) r(1,48) a(35,62) r(35,112) r(27,50) a(33,76)", "fitness": 0.0}
{"generation": 9, "position": 7, "parents": [19], "genome": "r(28,82) d(27) d(1) d(34) a(35,47) a(32,38)", "fitness": 0.0}
{"generation": 9, "position": 8, "parents": [4], "genome": "r(34,70) r(27,76) r(34,112) a(2,60) a(25,36) d(1) d(1) a(35,105) r(35,100) r(33,54)", "fitness": 0.0}
{"generation": 9, "position": 9, "parents": [8], "genome": "r(28,82) r(35,97) a(34,36) a(34,94) r(34,32) a(32,28) a(33,82) d(32) d(1) a(34,31) r(34,33) d(28) r(25,76) r(34,25) a(35,178) r(1,37) a(33,28) a(33,1) r(33,65)", "fitness": 0.0}
{"generation": 9, "position": 10, "parents": [15, 4], "genome": "d(28) d(34) r(28,99) d(35) a(34,36) r(1,86) a(27,35) d(27) r(33,45) a(32,48)", "fitness": 0.0}
{"generation": 9, "position": 11, "parents": [15, 4], "genome": "r(34,70) r(27,76) r(34,112) a(2,60) a(25,36) d(1) d(1) a(35,105) r(35,100) d(33)", "fitness": 0.0}
{"generation": 9, "position": 12, "parents": [15], "genome": "d(28) d(34) r(28,99) d(35) a(34,36) r(1,86) a(27,35) d(27) r(33,45) a(25,50)", "fitness": 0.0}
{"generation": 9, "position": 13, "parents": [4], "genome": "r(34,70) r(27,76) r(34,112) a(2,60) a(25,36) d(1) d(1) a(35,105) r(35,100) d(32)", "fitness": 0.0}
{"generation": 9, "position": 14, "parents": [14, 41], "genome": "d(28) d(35) r(34,48) d(27) a(34,94) a(2,25) a(25,49) a(3,57) d(1) r(32,53) a(33,80)", "fitness": 0.0}
{"generation": 9, "position": 15, "parents": [14, 41], "genome": "r(28,82) a(2,76) r(34,177) a(35,78) r(35,82) a(27,158) a(2,38)", "fitness": 0.0}
{"generation": 9, "position": 16, "parents": [14], "genome": "d(28) r(34,177) a(35,78) r(35,82) a(27,158) r(3,60)", "fitness": 0.0}
{"generation": 9, "position": 17, "parents": [41], "genome": "r(28,82) a(2,76) d(35) r(34,48) d(27) a(34,94) a(2,25) a(25,49) a(3,57) d(1) r(32,53) a(25,51)", "fitness": 0.0}
{"generation": 9, "position": 18, "parents": [38, 35], "genome": "r(34,51) r(28,53) r(27,76) a(34,94) a(2,25) a(25,49) a(3,57) d(1) a(35,64) a(32,52) r(32,54) d(35)", "fitness": 0.0}
{"generation": 9, "position": 19, "parents": [38, 35], "genome": "d(28) d(34) r(28,99) d(35) a(34,36) r(35,86) a(3,77) d(32)", "fitness": 0.0}
{"generation": 9, "position": 20, "parents": [38], "genome": "r(34,51) r(28,53) r(27,76) a(34,94) a(2,25) a(25,49) a(3,57) d(1) a(35,64) a(35,38)", "fitness": 0.0}
{"generation": 9, "position": 21, "parents": [35], "genome": "d(28) d(34) r(28,99) d(35) a(34,36) r(35,86) a(3,77) a(32,52) r(32,54) a(1,83)", "fitness": 0.0}
{"generation": 9, "position": 22, "parents": [33, 35], "genome": "d(28) d(34) r(28,99) d(35) r(34,48) d(27) a(34,94) a(2,25) a(25,49) a(3,77) a(32,52) r(32,54) r(2,28)", "fitness": 0.0}
{"generation": 9, "position": 23, "parents": [33, 35], "genome": "d(28) d(34) r(28,99) d(35) a(34,36) r(35,86) a(3,57) d(1) a(25,100) d(27)", "fitness": 0.0}
{"generation": 9, "position": 24, "parents": [33], "genome": "d(28) d(34) r(28,99) d(35) r(34,48) d(27) a(34,94) a(2,25) a(25,49) a(3,57) d(1) a(25,100) r(32,112)", "fitness": 0.0}
{"generation": 9, "position": 25, "parents": [35], "genome": "d(28) d(34) r(28,99) d(35) a(34,36) r(35,86) a(3,77) a(32,52) r(32,54) a(33,135)", "fitness": 0.0}
{"generation": 9, "position": 26, "parents": [31], "genome": "d(28) d(34) r(31,94) a(25,69) a(34,31) r(34,33) r(35,86) a(3,77) a(32,87) d(33) d(3)", "fitness": 0.0}
{"generation": 9, "position": 27, "parents": [13], "genome": "r(34,51) r(28,53) r(27,76) r(25,76) r(34,25) a(35,158) d(32) d(35)", "fitness": 0.0}
{"generation": 9, "position": 28, "parents": [21], "genome": "d(28) d(34) r(31,94) a(25,69) a(34,31) r(34,33) r(28,53) r(27,76) r(25,76) r(34,25) a(35,158) r(35,105) r(1,99)", "fitness": 0.0}
{"generation": 9, "position": 29, "parents": [23], "genome": "d(28) d(34) r(31,94) a(25,69) a(34,31) r(34,33) r(1,86) a(27,35) a(35,94) r(25,60) d(35)", "fitness": 0.0}
{"generation": 9, "position": 30, "parents": [18], "genome": "d(34) d(35) r(27,76) r(25,76) a(27,51) r(33,60) d(32) r(1,84) d(31) d(28)", "fitness": 0.0}
{"generation": 9, "position": 31, "parents": [47], "genome": "r(35,86) r(31,94) a(25,69) a(34,31) r(34,33) d(28) r(25,76) r(34,25) a(35,178) r(1,37) a(33,28) d(32) a(33,77) a(33,76)", "fitness": 0.0}
{"generation": 9, "position": 32, "parents": [11], "genome": "r(35,86) r(31,94) a(25,69) a(34,31) r(34,33) d(28) r(25,76) r(34,25) a(35,178) r(1,37) a(33,28) a(33,1) a(33,97) d(32)", "fitness": 0.0}
{"generation": 9, "position": 33, "parents": [47], "genome": "r(35,86) r(31,94) a(25,69) a(34,31) r(34,33) d(28) r(25,76) r(34,25) a(35,178) r(1,37) a(33,28) d(32) a(33,77) d(33)", "fitness": 0.0}
{"generation": 9, "position": 34, "parents": [16], "genome": "r(34,51) r(28,53) r(27,76) d(35) r(1,80) d(33) d(32)", "fitness": 0.0}
{"generation": 9, "position": 35, "parents": [44], "genome": "r(28,82) a(27,51) r(33,60) a(25,69) a(34,31) r(34,33) d(28) r(25,76) r(34,25) a(35,178) r(1,37) a(33,28) d(32)", "fitness": 0.0}
{"generation": 9, "position": 36, "parents": [13], "genome": "r(34,51) r(28,53) r(27,76) r(25,76) r(34,25) a(35,158) d(32) a(35,36)", "fitness": 0.0}
{"generation": 9, "position": 37, "parents": [36], "genome": "r(28,82) d(27) d(1) d(34) d(35) r(25,53)", "fitness": 0.0}
{"generation": 9, "position": 38, "parents": [15], "genome": "d(28) d(34) r(28,99) d(35) a(34,36) r(1,86) a(27,35) d(27) r(33,45) d(25)", "fitness": 0.0}
{"generation": 9, "position": 39, "parents": [25], "genome": "r(34,51) r(28,53) r(27,76) a(35,130) d(34) a(35,78) r(1,86) d(35)", "fitness": 0.0}
{"generation": 9, "position": 40, "parents": [38], "genome": "r(34,51) r(28,53) r(27,76) a(34,94) a(2,25) a(25,49) a(3,57) d(1) a(35,64) d(32)", "fitness": 0.0}
{"generation": 9, "position": 41, "parents": [36], "genome": "r(28,82) d(27) d(1) d(34) d(35) a(25,105)", "fitness": 12.0}
{"generation": 9, "position": 42, "parents": [35, 29], "genome": "d(28) d(34) r(28,99) d(27) d(1) d(34) r(35,37) r(33,46)", "fitness": 0.0}
{"generation": 9, "position": 43, "parents": [35, 29], "genome": "r(28,82) d(35) a(34,36) r(35,86) a(3,77) a(32,52) r(32,54) a(34,86)", "fitness": 0.0}
{"generation": 9, "position": 44, "parents": [35], "genome": "d(28) d(34) r(28,99) d(35) a(34,36) r(35,86) a(3,77) a(32,52) r(32,54) r(3,69)", "fitness": 0.0}
{"generation": 9, "position": 45, "parents": [29], "genome": "r(28,82) d(27) d(1) d(34) r(35,37) a(25,76)", "fitness": 0.0}
{"generation": 9, "position": 46, "parents": [12, 16], "genome": "r(28,82) d(27) d(1) d(34) r(27,76) d(35) r(1,80) d(33) a(32,44)", "fitness": 0.0}
{"generation": 9, "position": 47, "parents": [12, 16], "genome": "r(34,51) r(28,53) r(35,76) r(1,138)", "fitness": 0.0}
{"generation": 9, "position": 48, "parents": [12], "genome": "r(28,82) d(27) d(1) d(34) r(35,76) d(33)", "fitness": 0.0}
{"generation": 9, "position": 49, "parents": [16], "genome": "r(34,51) r(28,53) r(27,76) d(35) r(1,80) d(33) r(32,49)", "fitness": 0.0}
{"generation": 9, "position": 50, "parents": [16], "genome": "r(34,51) r(28,53) r(27,76) d(35) r(1,80) d(33) a(25,94)", "fitness": 0.0}
{"generation": 9, "position": 51, "parents": [24], "genome": "r(34,70) r(27,76) r(34,112) a(2,60) a(25,36) d(1) d(1) a(35,105) r(35,87) a(25,80)", "fitness": 0.0}
{"generation": 9, "position": 52, "parents": [21], "genome": "d(28) d(34) r(31,94) a(25,69) a(34,31) r(34,33) r(28,53) r(27,76) r(25,76) r(34,25) a(35,158) r(35,105) a(3,65)", "fitness": 0.0}
{"generation": 10, "position": 0, "parents": [44, 8], "genome": "d(28) d(34) r(28,99) d(35) a(34,36) r(35,86) a(3,77) r(35,100) r(33,54) r(2,76)", "fitness": 0.0}
{"generation": 10, "position": 1, "parents": [44, 8], "genome": "r(34,70) r(27,76) r(34,112) a(2,60) a(25,36) d(1) d(1) a(35,105) a(32,52) r(32,54) r(3,69) r(35,77)", "fitness": 0.0}
{"generation": 10, "position": 2, "parents": [44], "genome": "d(28) d(34) r(28,99) d(35) a(34,36) r(35,86) a(3,77) a(32,52) r(32,54) r(3,69) a(33,77)", "fitness": 0.0}
{"generation": 10, "position": 3, "parents": [8], "genome": "r(34,70) r(27,76) r(34,112) a(2,60) a(25,36) d(1) d(1) a(35,105) r(35,100) r(33,54) a(25,99)", "fitness": 0.0}
{"generation": 10, "position": 4, "parents": [0], "genome": "r(28,82) r(35,70) d(34)", "fitness": 0.0}
{"generation": 10, "position": 5, "parents": [14], "genome": "d(28) d(35) r(34,48) d(27) a(34,94) a(2,25) a(25,49) a(3,57) d(1) r(32,53) a(33,80) d(25)", "fitness": 0.0}
{"generation": 10, "position": 6, "parents": [8, 5], "genome": "r(34,70) r(27,76) r(34,112) a(2,60) a(25,36) d(1) d(1) a(35,105) r(35,87) d(31) r(33,170)", "fitness": 0.0}
{"generation": 10, "position": 7, "parents": [8, 5], "genome": "r(34,70) r(27,76) r(34,112) a(2,60) a(25,36) d(1) d(1) a(35,105) r(35,100) r(33,54) d(25)", "fitness": 4.0}
{"generation": 10, "position": 8, "parents": [8], "genome": "r(34,70) r(27,76) r(34,112) a(2,60) a(25,36) d(1) d(1) a(35,105) r(35,100) r(33,54) r(31,134)", "fitness": 0.0}
{"generation": 10, "position": 9, "parents": [5], "genome": "r(34,70) r(27,76) r(34,112) a(2,60) a(25,36) d(1) d(1) a(35,105) r(35,87) d(31) d(33)", "fitness": 0.0}
{"generation": 10, "position": 10, "parents": [1], "genome": "r(34,51) r(28,53) r(27,76) a(35,130) d(34) a(35,78) r(1,86) d(27) d(1) d(34) r(35,37) d(33) d(25)", "fitness": 0.0}
{"generation": 10, "position": 11, "parents": [16], "genome": "d(28) r(34,177) a(35,78) r(35,82) a(27,158) r(3,60) r(25,176)", "fitness": 0.0}
{"generation": 10, "position": 12, "parents": [35, 46], "genome": "r(28,82) a(27,51) r(33,60) a(25,69) a(34,31) r(34,33) d(28) r(1,80) d(33) a(32,44) r(27,34)", "fitness": 0.0}
{"generation": 10, "position": 13, "parents": [35, 46], "genome": "r(28,82) d(27) d(1) d(34) r(27,76) d(35) r(25,76) r(34,25) a(35,178) r(1,37) a(33,28) d(32) a(33,25)", "fitness": 0.0}
{"generation": 10, "position": 14, "parents": [35], "genome": "r(28,82) a(27,51) r(33,60) a(25,69) a(34,31) r(34,33) d(28) r(25,76) r(34,25) a(35,178) r(1,37) a(33,28) d(32)", "fitness": 0.0}
{"generation": 10, "position": 15, "parents": [46], "genome": "r(28,82) d(27) d(1) d(34) r(27,76) d(35) r(1,80) d(33) a(32,44) d(25)", "fitness": 0.0}
{"generation": 10, "position": 16, "parents": [2, 7], "genome": "r(28,82) d(27) d(1) d(34) r(35,37) a(32,38) a(32,32)", "fitness": 0.0}
{"generation": 10, "position": 17, "parents": [2, 7], "genome": "r(28,82) d(27) d(1) d(34) a(35,47) a(33,51) r(35,34)", "fitness": 0.0}
{"generation": 10, "position": 18, "parents": [2], "genome": "r(28,82) d(27) d(1) d(34) r(35,37) a(33,51) d(25)", "fitness": 0.0}
{"generation": 10, "position": 19, "parents": [7], "genome": "r(28,82) d(27) d(1) d(34) a(35,47) a(32,38) r(35,50)", "fitness": 0.0}
{"generation": 10, "position": 20, "parents": [4], "genome": "r(28,82) d(27) d(1) d(34) a(35,47) d(35) d(25)", "fitness": 0.0}
{"generation": 10, "position": 21, "parents": [6], "genome": "a(28,99) r(28,99) r(34,25) a(35,178) r(1,48) a(35,62) r(35,112) r(27,50) a(33,76) a(33,83)", "fitness": 0.0}
{"generation": 10, "position": 22, "parents": [31], "genome": "r(35,86) r(31,94) a(25,69) a(34,31) r(34,33) d(28) r(25,76) r(34,25) a(35,178) r(1,37) a(33,28) d(32) a(33,77) a(33,76) d(33)", "fitness": 0.0}
{"generation": 10, "position": 23, "parents": [43], "genome": "r(28,82) d(35) a(34,36) r(35,86) a(3,77) a(32,52) r(32,54) a(34,86) r(1,49)", "fitness": 0.0}
{"generation": 10, "position": 24, "parents": [25, 15], "genome": "d(28) d(34) r(28,99) d(35) a(34,36) r(35,86) a(3,77) a(35,78) r(35,82) a(27,158) a(2,38) a(3,76)", "fitness": 0.0}
{"generation": 10, "position": 25, "parents": [25, 15], "genome": "r(28,82) a(2,76) r(34,177) a(32,52) r(32,54) a(33,135) a(33,49)", "fitness": 0.0}
{"generation": 10, "position": 26, "parents": [25], "genome": "d(28) d(34) r(28,99) d(35) a(34,36) r(35,86) a(3,77) a(32,52) r(32,54) a(33,135) d(2)", "fitness": 0.0}
{"generation": 10, "position": 27, "parents": [15], "genome": "r(28,82) a(2,76) r(34,177) a(35,78) r(35,82) a(27,158) a(2,38) r(32,148)", "fitness": 0.0}
{"generation": 10, "position": 28, "parents": [11, 8], "genome": "r(34,70) r(27,76) r(34,112) a(2,60) a(25,36) d(1) d(1) a(35,105) r(35,100) a(35,105) r(35,100) r(33,54) a(25,105)", "fitness": 0.0}
{"generation": 10, "position": 29, "parents": [11, 8], "genome": "r(34,70) r(27,76) r(34,112) a(2,60) a(25,36) d(1) d(1) d(33) r(28,78)", "fitness": 0.0}
{"generation": 10, "position": 30, "parents": [11], "genome": "r(34,70) r(27,76) r(34,112) a(2,60) a(25,36) d(1) d(1) a(35,105) r(35,100) d(33) r(32,158)", "fitness": 0.0}
{"generation": 10, "position": 31, "parents": [8], "genome": "r(34,70) r(27,76) r(34,112) a(2,60) a(25,36) d(1) d(1) a(35,105) r(35,100) r(33,54) a(31,86)", "fitness": 0.0}
{"generation": 10, "position": 32, "parents": [15], "genome": "r(28,82) a(2,76) r(34,177) a(35,78) r(35,82) a(27,158) a(2,38) r(27,51)", "fitness": 0.0}
{"generation": 10, "position": 33, "parents": [4], "genome": "r(28,82) d(27) d(1) d(34) a(35,47) d(35) a(33,53)", "fitness": 0.0}
{"generation": 10, "position": 34, "parents": [16], "genome": "d(28) r(34,177) a(35,78) r(35,82) a(27,158) r(3,60) d(1)", "fitness": 0.0}
{"generation": 10, "position": 35, "parents": [21], "genome": "d(28) d(34) r(28,99) d(35) a(34,36) r(35,86) a(3,77) a(32,52) r(32,54) a(1,83) r(2,138)", "fitness": 0.0}
{"generation": 10, "position": 36, "parents": [17, 5], "genome": "r(28,82) a(2,76) d(35) r(34,48) d(27) a(34,94) a(2,25) a(25,49) a(3,57) d(1) r(32,53) a(25,51) d(31) d(25)", "fitness": 0.0}
{"generation": 10, "position": 37, "parents": [17, 5], "genome": "r(34,70) r(27,76) r(34,112) a(2,60) a(25,36) d(1) d(1) a(35,105) r(35,87) r(33,52)", "fitness": 0.0}
{"generation": 10, "position": 38, "parents": [17], "genome": "r(28,82) a(2,76) d(35) r(34,48) d(27) a(34,94) a(2,25) a(25,49) a(3,57) d(1) r(32,53) a(25,51) r(25,105)", "fitness": 12.0}
{"generation": 10, "position": 39, "parents": [5], "genome": "r(34,70) r(27,76) r(34,112) a(2,60) a(25,36) d(1) d(1) a(35,105) r(35,87) d(31) d(25)", "fitness": 12.0}
{"generation": 10, "position": 40, "parents": [45, 1], "genome": "r(28,82) d(27) d(1) d(34) r(35,37) d(33) a(25,64)", "fitness": 0.0}
{"generation": 10, "position": 41, "parents": [45, 1], "genome": "r(34,51) r(28,53) r(27,76) a(35,130) d(34) a(35,78) r(1,86) d(27) d(1) d(34) r(35,37) a(25,76) r(33,37)", "fitness": 0.0}
{"generation": 10, "position": 42, "parents": [45], "genome": "r(28,82) d(27) d(1) d(34) r(35,37) a(25,76) d(33)", "fitness": 0.0}
{"generation": 10, "position": 43, "parents": [1], "genome": "r(34,51) r(28,53) r(27,76) a(35,130) d(34) a(35,78) r(1,86) d(27) d(1) d(34) r(35,37) d(33) a(32,65)", "fitness": 0.0}
{"generation": 10, "position": 44, "parents": [48, 50], "genome": "r(28,82) d(27) d(33) a(25,94) d(3)", "fitness": 12.0}
{"generation": 10, "position": 45, "parents": [48, 50], "genome": "r(34,51) r(28,53) r(27,76) d(35) r(1,80) d(1) d(34) r(35,76) d(33) r(25,64)", "fitness": 0.0}
{"generation": 10, "position": 46, "parents": [48], "genome": "r(28,82) d(27) d(1) d(34) r(35,76) d(33) r(32,36)", "fitness": 0.0}
{"generation": 10, "position": 47, "parents": [50], "genome": "r(34,51) r(28,53) r(27,76) d(35) r(1,80) d(33) a(25,94) r(32,105)", "fitness": 0.0}
{"generation": 10, "position": 48, "parents": [51, 15], "genome": "r(34,70) a(35,78) r(35,82) a(27,158) a(2,38) r(33,47)", "fitness": 4.0}
{"generation": 10, "position": 49, "parents": [51, 15], "genome": "r(28,82) a(2,76) r(34,177) r(27,76) r(34,112) a(2,60) a(25,36) d(1) d(1) a(35,105) r(35,87) a(25,80) r(32,94)", "fitness": 0.0}
{"generation": 10, "position": 50, "parents": [51], "genome": "r(34,70) r(27,76) r(34,112) a(2,60) a(25,36) d(1) d(1) a(35,105) r(35,87) a(25,80) r(31,78)", "fitness": 0.0}
{"generation": 10, "position": 51, "parents": [15], "genome": "r(28,82) a(2,76) r(34,177) a(35,78) r(35,82) a(27,158) a(2,38) d(27)", "fitness": 0.0}
{"generation": 10, "position": 52, "parents": [24], "genome": "d(28) d(34) r(28,99) d(35) r(34,48) d(27) a(34,94) a(2,25) a(25,49) a(3,57) d(1) a(25,100) r(32,112) a(33,108)", "fitness": 0.0}
{"generation": 10, "position": 53, "parents": [15], "genome": "r(28,82) a(2,76) r(34,177) a(35,78) r(35,82) a(27,158) a(2,38) a(1,37)", "fitness": 0.0}
{"generation": 10, "position": 54, "parents": [49], "genome": "r(34,51) r(28,53) r(27,76) d(35) r(1,80) d(33) r(32,49) r(25,112)", "fitness": 0.0}
{"generation": 10, "position": 55, "parents": [39], "genome": "r(34,51) r(28,53) r(27,76) a(35,130) d(34) a(35,78) r(1,86) d(35) d(32)", "fitness": 0.0}
{"generation": 10, "position": 56, "parents": [37], "genome": "r(28,82) d(27) d(1) d(34) d(35) r(25,53) d(33)", "fitness": 0.0}
{"generation": 10, "position": 57, "parents": [9], "genome": "r(28,82) r(35,97) a(34,36) a(34,94) r(34,32) a(32,28) a(33,82) d(32) d(1) a(34,31) r(34,33) d(28) r(25,76) r(34,25) a(35,178) r(1,37) a(33,28) a(33,1) r(33,65)", "fitness": 0.0}
{"generation": 10, "position": 58, "parents": [14, 50], "genome": "d(28) d(35) r(34,48) d(27) a(34,94) a(2,25) a(25,49) a(3,57) d(1) r(32,53) a(33,80) r(28,53) r(27,76) d(35) r(1,80) d(33) a(25,94) a(25,47)", "fitness": 0.0}
{"generation": 10, "position": 59, "parents": [14, 50], "genome": "r(34,51) d(35)", "fitness": 4.0}
{"generation": 10, "position": 60, "parents": [14], "genome": "d(28) d(35) r(34,48) d(27) a(34,94) a(2,25) a(25,49) a(3,57) d(1) r(32,53) a(33,80) r(33,135)", "fitness": 0.0}