[meta]
{"program": "genprog-3.0", "problem": {"ideal_fitness": "12", "type": "repair", "name": "ultrix-look", "enclosure": {"1": 0, "2": 1, "3": 2, "4": 3, "7": 1, "8": 7, "10": 0, "12": 0, "14": 0, "15": 0, "16": 15, "17": 15, "22": 7, "23": 1, "24": 1, "25": 0, "26": 25, "27": 25, "28": 0, "29": 28, "30": 28, "31": 28, "32": 0, "33": 0, "34": 33, "35": 33, "36": 33, "37": 0, "38": 0, "39": 38, "40": 38, "41": 40, "42": 40, "43": 40, "44": 38, "45": 0, "46": 0, "47": 0, "48": 0, "49": 0, "50": 49, "51": 49, "52": 49, "53": 52, "54": 52, "55": 52, "56": 55, "57": 56, "60": 49, "61": 49, "62": 61, "64": 49, "65": 49, "67": 0, "69": 67, "70": 0, "72": 0, "75": 49, "76": 0, "77": 0, "78": 77, "79": 77, "80": 79, "82": 77, "83": 77, "84": 83, "85": 83, "86": 77, "87": 77, "89": 0, "90": 0, "94": 0, "95": 94, "96": 94, "97": 96, "99": 94, "100": 94, "102": 0, "105": 0, "106": 0, "107": 106, "108": 107, "110": 106, "111": 110, "112": 110, "113": 106, "114": 106, "115": 0, "116": 115, "117": 115, "118": 117, "119": 117, "120": 119, "121": 119, "122": 117, "123": 115, "124": 0, "125": 0, "126": 0, "127": 126, "128": 126, "129": 126, "130": 129, "132": 126, "133": 126, "134": 133, "135": 133, "136": 126, "138": 136, "139": 126, "140": 126, "141": 126, "142": 0, "143": 142, "144": 143, "146": 142, "147": 0, "148": 0, "149": 0, "150": 0, "151": 150, "152": 150, "153": 150, "154": 150, "155": 150, "156": 155, "158": 155, "159": 150, "160": 159, "161": 159, "162": 161, "164": 159, "165": 150, "166": 165, "167": 165, "168": 167, "169": 167, "170": 165, "171": 150, "172": 150, "173": 150, "174": 173, "176": 173, "177": 150, "178": 0}}, "version": "0.0.2", "seed": 4, "algorithm": {"representation": "patch", "type": "genetic", "name": "ALGORITHM-NAME"}}

[data]
{"generation": 0, "position": 0, "parents": [], "genome": "a(35,176)", "fitness": 4.0}
{"generation": 0, "position": 1, "parents": [], "genome": "a(34,48)", "fitness": 4.0}
{"generation": 0, "position": 2, "parents": [], "genome": "r(35,134)", "fitness": 4.0}
{"generation": 0, "position": 3, "parents": [], "genome": "r(34,57)", "fitness": 4.0}
{"generation": 0, "position": 4, "parents": [], "genome": "r(35,148)", "fitness": 4.0}
{"generation": 0, "position": 5, "parents": [], "genome": "r(28,57)", "fitness": 0.0}
{"generation": 0, "position": 6, "parents": [], "genome": "d(28)", "fitness": 0.0}
{"generation": 0, "position": 7, "parents": [], "genome": "r(35,94)", "fitness": 4.0}
{"generation": 0, "position": 8, "parents": [], "genome": "r(35,77)", "fitness": 4.0}
{"generation": 0, "position": 9, "parents": [], "genome": "a(34,178)", "fitness": 4.0}
{"generation": 0, "position": 10, "parents": [], "genome": "a(34,36)", "fitness": 4.0}
{"generation": 0, "position": 11, "parents": [], "genome": "a(34,134)", "fitness": 4.0}
{"generation": 0, "position": 12, "parents": [], "genome": "d(1)", "fitness": 4.0}
{"generation": 0, "position": 13, "parents": [], "genome": "r(25,100)", "fitness": 4.0}
{"generation": 0, "position": 14, "parents": [], "genome": "d(34)", "fitness": 4.0}
{"generation": 0, "position": 15, "parents": [], "genome": "d(31)", "fitness": 0.0}
{"generation": 0, "position": 16, "parents": [], "genome": "r(34,70)", "fitness": 4.0}
{"generation": 0, "position": 17, "parents": [], "genome": "d(35)", "fitness": 4.0}
{"generation": 0, "position": 18, "parents": [], "genome": "a(34,87)", "fitness": 4.0}
{"generation": 0, "position": 19, "parents": [], "genome": "d(34)", "fitness": 4.0}
{"generation": 0, "position": 20, "parents": [], "genome": "d(34)", "fitness": 4.0}
{"generation": 0, "position": 21, "parents": [], "genome": "d(34)", "fitness": 4.0}
{"generation": 0, "position": 22, "parents": [], "genome": "r(2,112)", "fitness": 0.0}
{"generation": 0, "position": 23, "parents": [], "genome": "a(35,31)", "fitness": 4.0}
{"generation": 0, "position": 24, "parents": [], "genome": "a(32,1)", "fitness": 4.0}
{"generation": 0, "position": 25, "parents": [], "genome": "r(25,54)", "fitness": 4.0}
{"generation": 0, "position": 26, "parents": [], "genome": "d(1)", "fitness": 4.0}
{"generation": 0, "position": 27, "parents": [], "genome": "a(2,36)", "fitness": 4.0}
{"generation": 0, "position": 28, "parents": [], "genome": "r(2,79)", "fitness": 0.0}
{"generation": 0, "position": 29, "parents": [], "genome": "d(35)", "fitness": 4.0}
{"generation": 0, "position": 30, "parents": [], "genome": "d(34)", "fitness": 4.0}
{"generation": 0, "position": 31, "parents": [], "genome": "d(34)", "fitness": 4.0}
{"generation": 0, "position": 32, "parents": [], "genome": "r(31,70)", "fitness": 0.0}
{"generation": 0, "position": 33, "parents": [], "genome": "a(31,77)", "fitness": 0.0}
{"generation": 0, "position": 34, "parents": [], "genome": "r(31,62)", "fitness": 0.0}
{"generation": 0, "position": 35, "parents": [], "genome": "r(33,97)", "fitness": 4.0}
{"generation": 0, "position": 36, "parents": [], "genome": "r(35,178)", "fitness": 4.0}
{"generation": 0, "position": 37, "parents": [], "genome": "r(31,82)", "fitness": 0.0}
{"generation": 0, "position": 38, "parents": [], "genome": "r(35,37)", "fitness": 4.0}
{"generation": 0, "position": 39, "parents": [], "genome": "original", "fitness": 4.0}
{"generation": 1, "position": 0, "parents": [27, 20], "genome": "a(2,36) d(34)", "fitness": 4.0}
{"generation": 1, "position": 1, "parents": [27, 20], "genome": "d(34) d(35)", "fitness": 4.0}
{"generation": 1, "position": 2, "parents": [27], "genome": "a(2,36) d(35)", "fitness": 4.0}
{"generation": 1, "position": 3, "parents": [20], "genome": "d(34) d(35)", "fitness": 4.0}
{"generation": 1, "position": 4, "parents": [1, 15], "genome": "a(34,48) a(35,100)", "fitness": 4.0}
{"generation": 1, "position": 5, "parents": [1, 15], "genome": "d(31) a(25,164)", "fitness": 0.0}
{"generation": 1, "position": 6, "parents": [1], "genome": "a(34,48) r(25,31)", "fitness": 4.0}
{"generation": 1, "position": 7, "parents": [15], "genome": "d(31) d(34)", "fitness": 0.0}
{"generation": 1, "position": 8, "parents": [5], "genome": "r(28,57) r(34,62)", "fitness": 0.0}
{"generation": 1, "position": 9, "parents": [38], "genome": "r(35,37) a(3,33)", "fitness": 4.0}
{"generation": 1, "position": 10, "parents": [35], "genome": "r(33,97) r(25,97)", "fitness": 4.0}
{"generation": 1, "position": 11, "parents": [30], "genome": "d(34) d(35)", "fitness": 4.0}
{"generation": 1, "position": 12, "parents": [28], "genome": "r(2,79) r(34,38)", "fitness": 0.0}
{"generation": 1, "position": 13, "parents": [37], "genome": "r(31,82) d(27)", "fitness": 0.0}
{"generation": 1, "position": 14, "parents": [22], "genome": "r(2,112) r(35,164)", "fitness": 0.0}
{"generation": 1, "position": 15, "parents": [28], "genome": "r(2,79) d(34)", "fitness": 0.0}
{"generation": 1, "position": 16, "parents": [0], "genome": "a(35,176) r(25,112)", "fitness": 4.0}
{"generation": 1, "position": 17, "parents": [4], "genome": "r(35,148) d(27)", "fitness": 4.0}
{"generation": 1, "position": 18, "parents": [1, 37], "genome": "a(34,48) r(34,48)", "fitness": 4.0}
{"generation": 1, "position": 19, "parents": [1, 37], "genome": "r(31,82) d(32)", "fitness": 0.0}
{"generation": 1, "position": 20, "parents": [1], "genome": "a(34,48) r(34,37)", "fitness": 4.0}
{"generation": 1, "position": 21, "parents": [37], "genome": "r(31,82) d(35)", "fitness": 0.0}
{"generation": 1, "position": 22, "parents": [32, 33], "genome": "r(31,70) r(1,37)", "fitness": 0.0}
{"generation": 1, "position": 23, "parents": [32, 33], "genome": "a(31,77) a(34,130)", "fitness": 0.0}
{"generation": 1, "position": 24, "parents": [32], "genome": "r(31,70) r(33,135)", "fitness": 0.0}
{"generation": 1, "position": 25, "parents": [33], "genome": "a(31,77) r(32,25)", "fitness": 0.0}
{"generation": 1, "position": 26, "parents": [34, 37], "genome": "r(31,62) a(34,105)", "fitness": 12.0}
{"generation": 1, "position": 27, "parents": [34, 37], "genome": "r(31,82) r(3,48)", "fitness": 0.0}
{"generation": 1, "position": 28, "parents": [34], "genome": "r(31,62) d(35)", "fitness": 0.0}
{"generation": 1, "position": 29, "parents": [37], "genome": "r(31,82) d(1)", "fitness": 0.0}
{"generation": 1, "position": 30, "parents": [32, 39], "genome": "r(31,70) r(33,135)", "fitness": 0.0}
{"generation": 1, "position": 31, "parents": [32, 39], "genome": "r(34,95)", "fitness": 4.0}
{"generation": 1, "position": 32, "parents": [32], "genome": "r(31,70) a(34,45)", "fitness": 0.0}
{"generation": 1, "position": 33, "parents": [39], "genome": "d(34)", "fitness": 4.0}
{"generation": 1, "position": 34, "parents": [33, 8], "genome": "a(31,77) d(27)", "fitness": 0.0}
{"generation": 1, "position": 35, "parents": [33, 8], "genome": "r(35,77) a(34,84)", "fitness": 4.0}
{"generation": 1, "position": 36, "parents": [33], "genome": "a(31,77) a(34,176)", "fitness": 0.0}
{"generation": 1, "position": 37, "parents": [8], "genome": "r(35,77) a(32,70)", "fitness": 4.0}
{"generation": 1, "position": 38, "parents": [5, 31], "genome": "r(28,57) a(25,38)", "fitness": 0.0}
{"generation": 1, "position": 39, "parents": [5, 31], "genome": "d(34) r(35,48)", "fitness": 4.0}
{"generation": 1, "position": 40, "parents": [5], "genome": "r(28,57) d(34)", "fitness": 0.0}
{"generation": 1, "position": 41, "parents": [31], "genome": "d(34) r(1,130)", "fitness": 4.0}
{"generation": 1, "position": 42, "parents": [5], "genome": "r(28,57) r(35,57)", "fitness": 0.0}
{"generation": 1, "position": 43, "parents": [25], "genome": "r(25,54) r(35,34)", "fitness": 4.0}
{"generation": 1, "position": 44, "parents": [5], "genome": "r(28,57) r(34,64)", "fitness": 0.0}
{"generation": 1, "position": 45, "parents": [7], "genome": "r(35,94) d(31)", "fitness": 0.0}
{"generation": 1, "position": 46, "parents": [36], "genome": "r(35,178) r(34,1)", "fitness": 4.0}
{"generation": 1, "position": 47, "parents": [15], "genome": "d(31) a(32,69)", "fitness": 0.0}
{"generation": 1, "position": 48, "parents": [34], "genome": "r(31,62) r(34,164)", "fitness": 0.0}
{"generation": 1, "position": 49, "parents": [17], "genome": "d(35) r(34,51)", "fitness": 4.0}
{"generation": 1, "position": 50, "parents": [10], "genome": "a(34,36) d(35)", "fitness": 4.0}
{"generation": 1, "position": 51, "parents": [29], "genome": "d(35) a(32,31)", "fitness": 4.0}
{"generation": 1, "position": 52, "parents": [31], "genome": "d(34) d(33)", "fitness": 4.0}
{"generation": 1, "position": 53, "parents": [22], "genome": "r(2,112) r(35,52)", "fitness": 0.0}
{"generation": 1, "position": 54, "parents": [26, 37], "genome": "d(1) a(27,33)", "fitness": 0.0}
{"generation": 1, "position": 55, "parents": [26, 37], "genome": "r(31,82) r(3,176)", "fitness": 12.0}
{"generation": 1, "position": 56, "parents": [26], "genome": "d(1) d(34)", "fitness": 4.0}
{"generation": 2, "position": 0, "parents": [9, 5], "genome": "r(35,37) a(25,164) r(34,176)", "fitness": 4.0}
{"generation": 2, "position": 1, "parents": [9, 5], "genome": "d(31) a(3,33) a(34,95)", "fitness": 0.0}
{"generation": 2, "position": 2, "parents": [9], "genome": "r(35,37) a(3,33) r(2,62)", "fitness": 0.0}
{"generation": 2, "position": 3, "parents": [5], "genome": "d(31) a(25,164) r(35,46)", "fitness": 0.0}
{"generation": 2, "position": 4, "parents": [44, 27], "genome": "r(28,57) a(27,69)", "fitness": 0.0}
{"generation": 2, "position": 5, "parents": [44, 27], "genome": "r(31,82) r(3,48) r(34,64) d(35)", "fitness": 0.0}
{"generation": 2, "position": 6, "parents": [44], "genome": "r(28,57) r(34,64) r(1,34)", "fitness": 0.0}
{"generation": 2, "position": 7, "parents": [27], "genome": "r(31,82) r(3,48) a(35,47)", "fitness": 0.0}
{"generation": 2, "position": 8, "parents": [29], "genome": "r(31,82) d(1) a(34,52)", "fitness": 0.0}
{"generation": 2, "position": 9, "parents": [36], "genome": "a(31,77) a(34,176) d(35)", "fitness": 0.0}
{"generation": 2, "position": 10, "parents": [45], "genome": "r(35,94) d(31) a(32,176)", "fitness": 0.0}
{"generation": 2, "position": 11, "parents": [53], "genome": "r(2,112) r(35,52) a(34,100)", "fitness": 0.0}
{"generation": 2, "position": 12, "parents": [27, 3], "genome": "r(31,82) d(35) d(27)", "fitness": 0.0}
{"generation": 2, "position": 13, "parents": [27, 3], "genome": "d(34) r(3,48) r(35,158)", "fitness": 0.0}
{"generation": 2, "position": 14, "parents": [27], "genome": "r(31,82) r(3,48) a(34,35)", "fitness": 0.0}
{"generation": 2, "position": 15, "parents": [3], "genome": "d(34) d(35) r(2,65)", "fitness": 0.0}
{"generation": 2, "position": 16, "parents": [21, 12], "genome": "r(31,82) a(35,35)", "fitness": 0.0}
{"generation": 2, "position": 17, "parents": [21, 12], "genome": "r(2,79) r(34,38) d(35) r(25,80)", "fitness": 0.0}
{"generation": 2, "position": 18, "parents": [21], "genome": "r(31,82) d(35) r(34,95)", "fitness": 0.0}
{"generation": 2, "position": 19, "parents": [12], "genome": "r(2,79) r(34,38) r(35,70)", "fitness": 0.0}
{"generation": 2, "position": 20, "parents": [12], "genome": "r(2,79) r(34,38) a(33,31)", "fitness": 0.0}
{"generation": 2, "position": 21, "parents": [31], "genome": "r(34,95) d(28)", "fitness": 0.0}
{"generation": 2, "position": 22, "parents": [12, 41], "genome": "r(2,79) r(34,38) d(35)", "fitness": 0.0}
{"generation": 2, "position": 23, "parents": [12, 41], "genome": "d(34) r(1,130) a(35,70)", "fitness": 4.0}
{"generation": 2, "position": 24, "parents": [12], "genome": "r(2,79) r(34,38) r(35,97)", "fitness": 0.0}
{"generation": 2, "position": 25, "parents": [41], "genome": "d(34) r(1,130) a(31,108)", "fitness": 4.0}
{"generation": 2, "position": 26, "parents": [57], "genome": "r(31,82) a(25,46) d(25)", "fitness": 0.0}
{"generation": 2, "position": 27, "parents": [30], "genome": "r(31,70) r(33,135) r(2,34)", "fitness": 0.0}
{"generation": 2, "position": 28, "parents": [37], "genome": "r(35,77) a(32,70) r(34,51)", "fitness": 4.0}
{"generation": 2, "position": 29, "parents": [12], "genome": "r(2,79) r(34,38) r(25,60)", "fitness": 0.0}
{"generation": 2, "position": 30, "parents": [17], "genome": "r(35,148) d(27) a(34,170)", "fitness": 4.0}
{"generation": 2, "position": 31, "parents": [15], "genome": "r(2,79) d(34) a(35,62)", "fitness": 0.0}
{"generation": 2, "position": 32, "parents": [5, 36], "genome": "d(31) a(34,65)", "fitness": 0.0}
{"generation": 2, "position": 33, "parents": [5, 36], "genome": "a(31,77) a(34,176) a(25,164) r(25,134)", "fitness": 12.0}
{"generation": 2, "position": 34, "parents": [5], "genome": "d(31) a(25,164) d(35)", "fitness": 0.0}
{"generation": 2, "position": 35, "parents": [36], "genome": "a(31,77) a(34,176) d(34)", "fitness": 0.0}
{"generation": 2, "position": 36, "parents": [54, 47], "genome": "d(1) a(27,33) d(35)", "fitness": 0.0}
{"generation": 2, "position": 37, "parents": [54, 47], "genome": "d(31) a(32,69) d(2)", "fitness": 0.0}
{"generation": 2, "position": 38, "parents": [54], "genome": "d(1) a(27,33) a(35,36)", "fitness": 0.0}
{"generation": 2, "position": 39, "parents": [47], "genome": "d(31) a(32,69) a(34,25)", "fitness": 0.0}
{"generation": 2, "position": 40, "parents": [29, 6], "genome": "r(31,82) r(25,31) r(34,87)", "fitness": 0.0}
{"generation": 2, "position": 41, "parents": [29, 6], "genome": "a(34,48) d(1) a(25,52)", "fitness": 0.0}
{"generation": 2, "position": 42, "parents": [29], "genome": "r(31,82) d(1) r(35,99)", "fitness": 0.0}
{"generation": 2, "position": 43, "parents": [6], "genome": "a(34,48) r(25,31) a(34,105)", "fitness": 4.0}
{"generation": 2, "position": 44, "parents": [16], "genome": "a(35,176) r(25,112) a(35,86)", "fitness": 4.0}
{"generation": 2, "position": 45, "parents": [29], "genome": "r(31,82) d(1) a(27,108)", "fitness": 0.0}
{"generation": 2, "position": 46, "parents": [13, 44], "genome": "r(31,82) d(27) d(35)", "fitness": 0.0}
{"generation": 2, "position": 47, "parents": [13, 44], "genome": "r(28,57) r(34,64) r(3,134)", "fitness": 12.0}
{"generation": 2, "position": 48, "parents": [13], "genome": "r(31,82) d(27) d(34)", "fitness": 0.0}
{"generation": 2, "position": 49, "parents": [44], "genome": "r(28,57) r(34,64) a(35,51)", "fitness": 0.0}
{"generation": 2, "position": 50, "parents": [30], "genome": "r(31,70) r(33,135) a(3,32)", "fitness": 0.0}
{"generation": 2, "position": 51, "parents": [17], "genome": "r(35,148) d(27) r(34,177)", "fitness": 4.0}
{"generation": 2, "position": 52, "parents": [46], "genome": "r(35,178) r(34,1) a(31,35)", "fitness": 0.0}
{"generation": 2, "position": 53, "parents": [31], "genome": "r(34,95) d(35)", "fitness": 4.0}
{"generation": 2, "position": 54, "parents": [28, 14], "genome": "r(31,62) d(35) r(35,164) d(2)", "fitness": 0.0}
{"generation": 2, "position": 55, "parents": [28, 14], "genome": "r(2,112) a(27,108)", "fitness": 0.0}
{"generation": 2, "position": 56, "parents": [28], "genome": "r(31,62) d(35) a(32,37)", "fitness": 0.0}
{"generation": 2, "position": 57, "parents": [14], "genome": "r(2,112) r(35,164) r(27,48)", "fitness": 0.0}
{"generation": 2, "position": 58, "parents": [25, 48], "genome": "a(31,77) r(32,25) a(35,49)", "fitness": 0.0}
{"generation": 2, "position": 59, "parents": [25, 48], "genome": "r(31,62) r(34,164) r(25,37)", "fitness": 0.0}
{"generation": 2, "position": 60, "parents": [25], "genome": "a(31,77) r(32,25) d(28)", "fitness": 0.0}
{"generation": 3, "position": 0, "parents": [60, 61], "genome": "a(31,77) r(32,25) a(35,84) d(35)", "fitness": 0.0}
{"generation": 3, "position": 1, "parents": [60, 61], "genome": "r(31,62) r(34,164) d(28) d(25)", "fitness": 0.0}
{"generation": 3, "position": 2, "parents": [60], "genome": "a(31,77) r(32,25) d(28) r(1,176)", "fitness": 0.0}
{"generation": 3, "position": 3, "parents": [61], "genome": "r(31,62) r(34,164) a(35,84) d(33)", "fitness": 0.0}
{"generation": 3, "position": 4, "parents": [50, 55], "genome": "r(31,70) a(27,108) d(34)", "fitness": 0.0}
{"generation": 3, "position": 5, "parents": [50, 55], "genome": "r(2,112) r(33,135) a(3,32) d(31)", "fitness": 0.0}
{"generation": 3, "position": 6, "parents": [50], "genome": "r(31,70) r(33,135) a(3,32) d(27)", "fitness": 0.0}
{"generation": 3, "position": 7, "parents": [55], "genome": "r(2,112) a(27,108) d(34)", "fitness": 0.0}
{"generation": 3, "position": 8, "parents": [6, 4], "genome": "r(28,57) r(34,64) a(27,69) d(35)", "fitness": 0.0}
{"generation": 3, "position": 9, "parents": [6, 4], "genome": "r(28,57) r(1,34) r(34,80)", "fitness": 0.0}
{"generation": 3, "position": 10, "parents": [6], "genome": "r(28,57) r(34,64) r(1,34) r(25,50)", "fitness": 0.0}
{"generation": 3, "position": 11, "parents": [4], "genome": "r(28,57) a(27,69) d(1)", "fitness": 0.0}
{"generation": 3, "position": 12, "parents": [13, 39], "genome": "d(34) r(3,48) d(35)", "fitness": 0.0}
{"generation": 3, "position": 13, "parents": [13, 39], "genome": "d(31) a(32,69) a(34,25) r(35,158) d(34)", "fitness": 0.0}
{"generation": 3, "position": 14, "parents": [13], "genome": "d(34) r(3,48) r(35,158) r(33,83)", "fitness": 0.0}
{"generation": 3, "position": 15, "parents": [39], "genome": "d(31) a(32,69) a(34,25) r(34,178)", "fitness": 12.0}
{"generation": 3, "position": 16, "parents": [16], "genome": "r(31,82) a(35,35) a(28,34)", "fitness": 0.0}
{"generation": 3, "position": 17, "parents": [31], "genome": "r(2,79) d(34) a(35,62) r(25,135)", "fitness": 0.0}
{"generation": 3, "position": 18, "parents": [10, 27], "genome": "r(35,94) a(33,54)", "fitness": 4.0}
{"generation": 3, "position": 19, "parents": [10, 27], "genome": "r(31,70) r(33,135) r(2,34) d(31) a(32,176) r(25,76)", "fitness": 0.0}
{"generation": 3, "position": 20, "parents": [10], "genome": "r(35,94) d(31) a(32,176) d(3)", "fitness": 12.0}
{"generation": 3, "position": 21, "parents": [27], "genome": "r(31,70) r(33,135) r(2,34) d(28)", "fitness": 0.0}
{"generation": 3, "position": 22, "parents": [8], "genome": "r(31,82) d(1) a(34,52) a(35,33)", "fitness": 0.0}
{"generation": 3, "position": 23, "parents": [56], "genome": "r(31,62) d(35) a(32,37) d(34)", "fitness": 0.0}
{"generation": 3, "position": 24, "parents": [21], "genome": "r(34,95) d(28) d(35)", "fitness": 0.0}
{"generation": 3, "position": 25, "parents": [49], "genome": "r(28,57) r(34,64) a(35,51) a(35,57)", "fitness": 0.0}
{"generation": 3, "position": 26, "parents": [6], "genome": "r(28,57) r(34,64) r(1,34) d(27)", "fitness": 0.0}
{"generation": 3, "position": 27, "parents": [18], "genome": "r(31,82) d(35) r(34,95) d(3)", "fitness": 12.0}
{"generation": 3, "position": 28, "parents": [42, 4], "genome": "r(31,82) d(32)", "fitness": 0.0}
{"generation": 3, "position": 29, "parents": [42, 4], "genome": "r(28,57) a(27,69) d(1) r(35,99) d(34)", "fitness": 0.0}
{"generation": 3, "position": 30, "parents": [42], "genome": "r(31,82) d(1) r(35,99) d(34)", "fitness": 0.0}
{"generation": 3, "position": 31, "parents": [4], "genome": "r(28,57) a(27,69) a(35,105)", "fitness": 0.0}
{"generation": 3, "position": 32, "parents": [56], "genome": "r(31,62) d(35) a(32,37) r(34,28)", "fitness": 0.0}
{"generation": 3, "position": 33, "parents": [43], "genome": "a(34,48) r(25,31) a(34,105) d(34)", "fitness": 4.0}
{"generation": 3, "position": 34, "parents": [2], "genome": "r(35,37) a(3,33) r(2,62) d(33)", "fitness": 0.0}
{"generation": 3, "position": 35, "parents": [55], "genome": "r(2,112) a(27,108) a(28,70)", "fitness": 0.0}
{"generation": 3, "position": 36, "parents": [11, 31], "genome": "r(2,112) r(35,52) a(34,100) a(35,62) d(34)", "fitness": 0.0}
{"generation": 3, "position": 37, "parents": [11, 31], "genome": "r(2,79) d(34) a(27,99)", "fitness": 0.0}
{"generation": 3, "position": 38, "parents": [11], "genome": "r(2,112) r(35,52) a(34,100) r(32,148)", "fitness": 0.0}
{"generation": 3, "position": 39, "parents": [31], "genome": "r(2,79) d(34) a(35,62) r(35,130)", "fitness": 0.0}
{"generation": 3, "position": 40, "parents": [41], "genome": "a(34,48) d(1) a(25,52) a(33,35)", "fitness": 0.0}
{"generation": 3, "position": 41, "parents": [48], "genome": "r(31,82) d(27) d(34) a(25,50)", "fitness": 0.0}
{"generation": 3, "position": 42, "parents": [26], "genome": "r(31,82) a(25,46) d(25) d(34)", "fitness": 0.0}
{"generation": 3, "position": 43, "parents": [2], "genome": "r(35,37) a(3,33) r(2,62) d(32)", "fitness": 0.0}
{"generation": 3, "position": 44, "parents": [1, 48], "genome": "d(31) a(3,33) d(27) d(34) d(35)", "fitness": 0.0}
{"generation": 3, "position": 45, "parents": [1, 48], "genome": "r(31,82) a(34,95) r(34,46)", "fitness": 0.0}
{"generation": 3, "position": 46, "parents": [1], "genome": "d(31) a(3,33) a(34,95) r(35,52)", "fitness": 0.0}
{"generation": 3, "position": 47, "parents": [48], "genome": "r(31,82) d(27) d(34) d(33)", "fitness": 0.0}
{"generation": 3, "position": 48, "parents": [17, 37], "genome": "r(2,79) r(34,38) d(35) r(25,80) d(2) d(31)", "fitness": 0.0}
{"generation": 3, "position": 49, "parents": [17, 37], "genome": "d(31) a(32,69) r(35,158)", "fitness": 0.0}
{"generation": 3, "position": 50, "parents": [17], "genome": "r(2,79) r(34,38) d(35) r(25,80) r(1,86)", "fitness": 4.0}
{"generation": 3, "position": 51, "parents": [37], "genome": "d(31) a(32,69) d(2) r(35,32)", "fitness": 0.0}
{"generation": 3, "position": 52, "parents": [30, 34], "genome": "r(35,148) d(27) a(34,170) a(1,64)", "fitness": 4.0}
{"generation": 3, "position": 53, "parents": [30, 34], "genome": "d(31) a(25,164) d(35) a(34,45)", "fitness": 0.0}
{"generation": 3, "position": 54, "parents": [30], "genome": "r(35,148) d(27) a(34,170) r(25,70)", "fitness": 4.0}
{"generation": 3, "position": 55, "parents": [34], "genome": "d(31) a(25,164) d(35) r(34,48)", "fitness": 0.0}
{"generation": 3, "position": 56, "parents": [59, 32], "genome": "r(31,62) r(27,100)", "fitness": 0.0}
{"generation": 3, "position": 57, "parents": [59, 32], "genome": "d(31) a(34,65) r(34,164) r(25,37) d(35)", "fitness": 0.0}
{"generation": 3, "position": 58, "parents": [59], "genome": "r(31,62) r(34,164) r(25,37) d(35)", "fitness": 0.0}
{"generation": 3, "position": 59, "parents": [32], "genome": "d(31) a(34,65) d(34)", "fitness": 0.0}
{"generation": 3, "position": 60, "parents": [57, 26], "genome": "r(2,112) r(35,164) r(27,48) a(25,46) d(25) r(34,130)", "fitness": 0.0}
{"generation": 3, "position": 61, "parents": [57, 26], "genome": "r(31,82) a(35,78)", "fitness": 0.0}
{"generation": 3, "position": 62, "parents": [57], "genome": "r(2,112) r(35,164) r(27,48) r(34,178)", "fitness": 0.0}
{"generation": 4, "position": 0, "parents": [39, 36], "genome": "r(2,79) d(34) a(35,62) d(34) d(35)", "fitness": 0.0}
{"generation": 4, "position": 1, "parents": [39, 36], "genome": "r(2,112) r(35,52) a(34,100) a(35,62) r(35,130) r(34,32)", "fitness": 0.0}
{"generation": 4, "position": 2, "parents": [39], "genome": "r(2,79) d(34) a(35,62) r(35,130) d(1)", "fitness": 4.0}
{"generation": 4, "position": 3, "parents": [36], "genome": "r(2,112) r(35,52) a(34,100) a(35,62) d(34) d(32)", "fitness": 0.0}
{"generation": 4, "position": 4, "parents": [60, 39], "genome": "r(2,112) r(35,164) r(27,48) a(25,46) d(25) d(34) a(35,62) r(35,130) d(32)", "fitness": 0.0}
{"generation": 4, "position": 5, "parents": [60, 39], "genome": "r(2,79) r(34,130) r(25,135)", "fitness": 0.0}
{"generation": 4, "position": 6, "parents": [60], "genome": "r(2,112) r(35,164) r(27,48) a(25,46) d(25) r(34,130) r(1,80)", "fitness": 4.0}
{"generation": 4, "position": 7, "parents": [39], "genome": "r(2,79) d(34) a(35,62) r(35,130) r(32,25)", "fitness": 0.0}
{"generation": 4, "position": 8, "parents": [31, 0], "genome": "r(28,57) a(27,69) a(35,84) d(35) d(34)", "fitness": 0.0}
{"generation": 4, "position": 9, "parents": [31, 0], "genome": "a(31,77) r(32,25) a(35,105) r(2,138)", "fitness": 0.0}
{"generation": 4, "position": 10, "parents": [31], "genome": "r(28,57) a(27,69) a(35,105) d(3)", "fitness": 12.0}
{"generation": 4, "position": 11, "parents": [0], "genome": "a(31,77) r(32,25) a(35,84) d(35) d(34)", "fitness": 0.0}
{"generation": 4, "position": 12, "parents": [53], "genome": "d(31) a(25,164) d(35) a(34,45) a(34,45)", "fitness": 0.0}
{"generation": 4, "position": 13, "parents": [13], "genome": "d(31) a(32,69) a(34,25) r(35,158) d(34) a(27,53)", "fitness": 0.0}
{"generation": 4, "position": 14, "parents": [60, 11], "genome": "r(2,112) r(35,164) r(27,48) a(25,46) d(25) a(27,69) d(1) d(34)", "fitness": 4.0}
{"generation": 4, "position": 15, "parents": [60, 11], "genome": "r(28,57) r(34,130) d(35)", "fitness": 0.0}
{"generation": 4, "position": 16, "parents": [60], "genome": "r(2,112) r(35,164) r(27,48) a(25,46) d(25) r(34,130) d(33)", "fitness": 0.0}
{"generation": 4, "position": 17, "parents": [11], "genome": "r(28,57) a(27,69) d(1) r(34,176)", "fitness": 0.0}
{"generation": 4, "position": 18, "parents": [6], "genome": "r(31,70) r(33,135) a(3,32) d(27) d(25)", "fitness": 0.0}
{"generation": 4, "position": 19, "parents": [4], "genome": "r(31,70) a(27,108) d(34) r(3,57)", "fitness": 12.0}
{"generation": 4, "position": 20, "parents": [4, 62], "genome": "r(31,70) r(25,64)", "fitness": 0.0}
{"generation": 4, "position": 21, "parents": [4, 62], "genome": "r(2,112) r(35,164) r(27,48) r(34,178) a(27,108) d(34) a(33,86)", "fitness": 0.0}
{"generation": 4, "position": 22, "parents": [4], "genome": "r(31,70) a(27,108) d(34) a(35,48)", "fitness": 0.0}
{"generation": 4, "position": 23, "parents": [62], "genome": "r(2,112) r(35,164) r(27,48) r(34,178) r(31,95)", "fitness": 0.0}
{"generation": 4, "position": 24, "parents": [57, 5], "genome": "d(31) a(34,65) r(34,164) r(25,37) a(35,108)", "fitness": 0.0}
{"generation": 4, "position": 25, "parents": [57, 5], "genome": "r(2,112) r(33,135) a(3,32) d(31) d(35) d(1)", "fitness": 0.0}
{"generation": 4, "position": 26, "parents": [57], "genome": "d(31) a(34,65) r(34,164) r(25,37) d(35) d(2)", "fitness": 0.0}
{"generation": 4, "position": 27, "parents": [5], "genome": "r(2,112) r(33,135) a(3,32) d(31) a(1,177)", "fitness": 0.0}
{"generation": 4, "position": 28, "parents": [49, 37], "genome": "d(31) a(32,69) a(27,99) d(34)", "fitness": 0.0}
{"generation": 4, "position": 29, "parents": [49, 37], "genome": "r(2,79) d(34) r(35,158) d(25)", "fitness": 0.0}
{"generation": 4, "position": 30, "parents": [49], "genome": "d(31) a(32,69) r(35,158) a(34,45)", "fitness": 0.0}
{"generation": 4, "position": 31, "parents": [37], "genome": "r(2,79) d(34) a(27,99) d(35)", "fitness": 0.0}
{"generation": 4, "position": 32, "parents": [34, 7], "genome": "r(35,37) a(3,33) a(27,108) d(34) a(3,47)", "fitness": 4.0}
{"generation": 4, "position": 33, "parents": [34, 7], "genome": "r(2,112) r(2,62) d(33) a(31,49)", "fitness": 0.0}
{"generation": 4, "position": 34, "parents": [34], "genome": "r(35,37) a(3,33) r(2,62) d(33) d(32)", "fitness": 0.0}
{"generation": 4, "position": 35, "parents": [7], "genome": "r(2,112) a(27,108) d(34) d(33)", "fitness": 0.0}
{"generation": 4, "position": 36, "parents": [62], "genome": "r(2,112) r(35,164) r(27,48) r(34,178) d(1)", "fitness": 0.0}
{"generation": 4, "position": 37, "parents": [19], "genome": "r(31,70) r(33,135) r(2,34) d(31) a(32,176) r(25,76) a(28,86)", "fitness": 0.0}
{"generation": 4, "position": 38, "parents": [41], "genome": "r(31,82) d(27) d(34) a(25,50) d(3)", "fitness": 12.0}
{"generation": 4, "position": 39, "parents": [12], "genome": "d(34) r(3,48) d(35) a(1,97)", "fitness": 0.0}
{"generation": 4, "position": 40, "parents": [23], "genome": "r(31,62) d(35) a(32,37) d(34) a(32,77)", "fitness": 0.0}
{"generation": 4, "position": 41, "parents": [45], "genome": "r(31,82) a(34,95) r(34,46) d(28)", "fitness": 0.0}
{"generation": 4, "position": 42, "parents": [42], "genome": "r(31,82) a(25,46) d(25) d(34) r(28,37)", "fitness": 0.0}
{"generation": 4, "position": 43, "parents": [12], "genome": "d(34) r(3,48) d(35) d(1)", "fitness": 4.0}
{"generation": 4, "position": 44, "parents": [0, 12], "genome": "a(31,77) r(32,25) a(35,84) d(35) r(3,48) d(35) r(34,135)", "fitness": 0.0}
{"generation": 4, "position": 45, "parents": [0, 12], "genome": "d(34) r(35,33)", "fitness": 4.0}
{"generation": 4, "position": 46, "parents": [0], "genome": "a(31,77) r(32,25) a(35,84) d(35) r(25,177)", "fitness": 0.0}
{"generation": 4, "position": 47, "parents": [12], "genome": "d(34) r(3,48) d(35) a(32,54)", "fitness": 0.0}
{"generation": 4, "position": 48, "parents": [5], "genome": "r(2,112) r(33,135) a(3,32) d(31) a(27,25)", "fitness": 0.0}
{"generation": 4, "position": 49, "parents": [32], "genome": "r(31,62) d(35) a(32,37) r(34,28) d(3)", "fitness": 12.0}
{"generation": 4, "position": 50, "parents": [48, 51], "genome": "r(2,79) r(34,38) d(35) r(25,80) d(2) d(31) a(32,105)", "fitness": 0.0}
{"generation": 4, "position": 51, "parents": [48, 51], "genome": "d(31) a(32,69) d(2) r(35,32) d(25)", "fitness": 0.0}
{"generation": 4, "position": 52, "parents": [48], "genome": "r(2,79) r(34,38) d(35) r(25,80) d(2) d(31) d(32)", "fitness": 0.0}
{"generation": 4, "position": 53, "parents": [51], "genome": "d(31) a(32,69) d(2) r(35,32) a(25,36)", "fitness": 0.0}
{"generation": 4, "position": 54, "parents": [57, 19], "genome": "d(31) a(34,65) r(34,164) r(25,37) d(35) r(25,76) a(32,164)", "fitness": 0.0}
{"generation": 4, "position": 55, "parents": [57, 19], "genome": "r(31,70) r(33,135) r(2,34) d(31) a(32,176) a(25,164)", "fitness": 0.0}
{"generation": 4, "position": 56, "parents": [57], "genome": "d(31) a(34,65) r(34,164) r(25,37) d(35) a(2,52)", "fitness": 0.0}
{"generation": 4, "position": 57, "parents": [19], "genome": "r(31,70) r(33,135) r(2,34) d(31) a(32,176) r(25,76) d(1)", "fitness": 0.0}
{"generation": 4, "position": 58, "parents": [4], "genome": "r(31,70) a(27,108) d(34) a(2,38)", "fitness": 0.0}
{"generation": 4, "position": 59, "parents": [26], "genome": "r(28,57) r(34,64) r(1,34) d(27) d(32)", "fitness": 0.0}
{"generation": 4, "position": 60, "parents": [61], "genome": "r(31,82) a(35,78) d(28)", "fitness": 0.0}
{"generation": 5, "position": 0, "parents": [48], "genome": "r(2,112) r(33,135) a(3,32) d(31) a(27,25) d(25)", "fitness": 0.0}
{"generation": 5, "position": 1, "parents": [48], "genome": "r(2,112) r(33,135) a(3,32) d(31) a(27,25) d(27)", "fitness": 0.0}
{"generation": 5, "position": 2, "parents": [40, 23], "genome": "r(31,62) d(35) a(32,37) d(34) a(32,77) r(31,95) r(25,95)", "fitness": 0.0}
{"generation": 5, "position": 3, "parents": [40, 23], "genome": "r(2,112) r(35,164) r(27,48) r(34,178) r(28,148)", "fitness": 0.0}
{"generation": 5, "position": 4, "parents": [40], "genome": "r(31,62) d(35) a(32,37) d(34) a(32,77) d(28)", "fitness": 0.0}
{"generation": 5, "position": 5, "parents": [23], "genome": "r(2,112) r(35,164) r(27,48) r(34,178) r(31,95) r(33,97)", "fitness": 0.0}
{"generation": 5, "position": 6, "parents": [56, 59], "genome": "d(31) a(34,65) r(34,164) r(25,37) r(1,34) d(27) d(32) r(35,60)", "fitness": 0.0}
{"generation": 5, "position": 7, "parents": [56, 59], "genome": "r(28,57) r(34,64) d(35) a(2,52) d(3)", "fitness": 0.0}
{"generation": 5, "position": 8, "parents": [56], "genome": "d(31) a(34,65) r(34,164) r(25,37) d(35) a(2,52) r(3,50)", "fitness": 0.0}
{"generation": 5, "position": 9, "parents": [59], "genome": "r(28,57) r(34,64) r(1,34) d(27) d(32) d(35)", "fitness": 0.0}
{"generation": 5, "position": 10, "parents": [61], "genome": "r(31,82) d(1) r(35,99) d(34) d(28) d(25)", "fitness": 0.0}
{"generation": 5, "position": 11, "parents": [1], "genome": "r(2,112) r(35,52) a(34,100) a(35,62) r(35,130) r(34,32) d(28)", "fitness": 0.0}
{"generation": 5, "position": 12, "parents": [46, 36], "genome": "a(31,77) a(2,99)", "fitness": 0.0}
{"generation": 5, "position": 13, "parents": [46, 36], "genome": "r(2,112) r(35,164) r(27,48) r(34,178) d(1) r(32,25) a(35,84) d(35) r(25,177) a(28,78)", "fitness": 0.0}
{"generation": 5, "position": 14, "parents": [46], "genome": "a(31,77) r(32,25) a(35,84) d(35) r(25,177) a(34,34)", "fitness": 0.0}
{"generation": 5, "position": 15, "parents": [36], "genome": "r(2,112) r(35,164) r(27,48) r(34,178) d(1) a(33,35)", "fitness": 0.0}
{"generation": 5, "position": 16, "parents": [40, 20], "genome": "r(31,62) d(35) a(32,37) d(34) d(33)", "fitness": 0.0}
{"generation": 5, "position": 17, "parents": [40, 20], "genome": "r(31,70) r(25,64) a(32,77) d(32)", "fitness": 0.0}
{"generation": 5, "position": 18, "parents": [40], "genome": "r(31,62) d(35) a(32,37) d(34) a(32,77) r(1,38)", "fitness": 0.0}
{"generation": 5, "position": 19, "parents": [20], "genome": "r(31,70) r(25,64) d(1)", "fitness": 0.0}
{"generation": 5, "position": 20, "parents": [58], "genome": "r(31,70) a(27,108) d(34) a(2,38) r(2,83)", "fitness": 0.0}
{"generation": 5, "position": 21, "parents": [41], "genome": "r(31,82) a(34,95) r(34,46) d(28) a(3,64)", "fitness": 0.0}
{"generation": 5, "position": 22, "parents": [55], "genome": "r(31,70) r(33,135) r(2,34) d(31) a(32,176) a(25,164) r(27,164)", "fitness": 0.0}
{"generation": 5, "position": 23, "parents": [21], "genome": "r(2,112) r(35,164) r(27,48) r(34,178) a(27,108) d(34) a(33,86) r(25,138)", "fitness": 0.0}
{"generation": 5, "position": 24, "parents": [31, 39], "genome": "r(2,79) d(34) r(3,48) d(35) a(1,97) a(1,62)", "fitness": 0.0}
{"generation": 5, "position": 25, "parents": [31, 39], "genome": "d(34) a(27,99) d(35) r(28,158)", "fitness": 0.0}
{"generation": 5, "position": 26, "parents": [31], "genome": "r(2,79) d(34) a(27,99) d(35) a(27,97)", "fitness": 0.0}
{"generation": 5, "position": 27, "parents": [39], "genome": "d(34) r(3,48) d(35) a(1,97) d(32)", "fitness": 0.0}
{"generation": 5, "position": 28, "parents": [46, 1], "genome": "a(31,77) r(32,25) r(35,52) a(34,100) a(35,62) r(35,130) r(34,32) r(25,54)", "fitness": 0.0}
{"generation": 5, "position": 29, "parents": [46, 1], "genome": "r(2,112) a(35,84) d(35) r(25,177) d(34)", "fitness": 0.0}
{"generation": 5, "position": 30, "parents": [46], "genome": "a(31,77) r(32,25) a(35,84) d(35) r(25,177) d(33)", "fitness": 0.0}
{"generation": 5, "position": 31, "parents": [1], "genome": "r(2,112) r(35,52) a(34,100) a(35,62) r(35,130) r(34,32) r(33,69)", "fitness": 0.0}
{"generation": 5, "position": 32, "parents": [5], "genome": "r(2,79) r(34,130) r(25,135) d(35)", "fitness": 0.0}
{"generation": 5, "position": 33, "parents": [26], "genome": "d(31) a(34,65) r(34,164) r(25,37) d(35) d(2) r(28,69)", "fitness": 0.0}
{"generation": 5, "position": 34, "parents": [30, 61], "genome": "d(31) a(32,69) d(1) r(35,99) d(34) d(28) a(33,46)", "fitness": 0.0}
{"generation": 5, "position": 35, "parents": [30, 61], "genome": "r(31,82) r(35,158) a(34,45) a(34,44)", "fitness": 0.0}
{"generation": 5, "position": 36, "parents": [30], "genome": "d(31) a(32,69) r(35,158) a(34,45) d(27)", "fitness": 0.0}
{"generation": 5, "position": 37, "parents": [61], "genome": "r(31,82) d(1) r(35,99) d(34) d(28) d(27)", "fitness": 0.0}
{"generation": 5, "position": 38, "parents": [52, 33], "genome": "r(2,79) r(34,38) a(31,49) a(33,94)", "fitness": 0.0}
{"generation": 5, "position": 39, "parents": [52, 33], "genome": "r(2,112) r(2,62) d(33) d(35) r(25,80) d(2) d(31) d(32) d(28)", "fitness": 0.0}
{"generation": 5, "position": 40, "parents": [52], "genome": "r(2,79) r(34,38) d(35) r(25,80) d(2) d(31) d(32) d(28)", "fitness": 0.0}
{"generation": 5, "position": 41, "parents": [33], "genome": "r(2,112) r(2,62) d(33) a(31,49) d(28)", "fitness": 0.0}
{"generation": 5, "position": 42, "parents": [46, 47], "genome": "a(31,77) r(32,25) d(35) a(32,54) a(3,46)", "fitness": 0.0}
{"generation": 5, "position": 43, "parents": [46, 47], "genome": "d(34) r(3,48) a(35,84) d(35) r(25,177) d(33)", "fitness": 0.0}
{"generation": 5, "position": 44, "parents": [46], "genome": "a(31,77) r(32,25) a(35,84) d(35) r(25,177) a(34,60)", "fitness": 0.0}
{"generation": 5, "position": 45, "parents": [47], "genome": "d(34) r(3,48) d(35) a(32,54) a(32,52)", "fitness": 0.0}
{"generation": 5, "position": 46, "parents": [16, 4], "genome": "r(2,112) r(27,48) a(25,46) d(25) d(34) a(35,62) r(35,130) d(32) a(31,60)", "fitness": 0.0}
{"generation": 5, "position": 47, "parents": [16, 4], "genome": "r(2,112) r(35,164) r(35,164) r(27,48) a(25,46) d(25) r(34,130) d(33) r(32,78)", "fitness": 0.0}
{"generation": 5, "position": 48, "parents": [16], "genome": "r(2,112) r(35,164) r(27,48) a(25,46) d(25) r(34,130) d(33) a(28,65)", "fitness": 0.0}
{"generation": 5, "position": 49, "parents": [4], "genome": "r(2,112) r(35,164) r(27,48) a(25,46) d(25) d(34) a(35,62) r(35,130) d(32) d(28)", "fitness": 0.0}
{"generation": 5, "position": 50, "parents": [22], "genome": "r(31,70) a(27,108) d(34) a(35,48) d(35)", "fitness": 0.0}
{"generation": 5, "position": 51, "parents": [44], "genome": "a(31,77) r(32,25) a(35,84) d(35) r(3,48) d(35) r(34,135) d(1)", "fitness": 0.0}
{"generation": 5, "position": 52, "parents": [53], "genome": "d(31) a(32,69) d(2) r(35,32) a(25,36) a(34,164)", "fitness": 0.0}
{"generation": 5, "position": 53, "parents": [5], "genome": "r(2,79) r(34,130) r(25,135) r(35,105)", "fitness": 0.0}
{"generation": 5, "position": 54, "parents": [33, 21], "genome": "r(2,112) r(2,62) a(27,108) d(34) a(33,86) d(35)", "fitness": 0.0}
{"generation": 5, "position": 55, "parents": [33, 21], "genome": "r(2,112) r(35,164) r(27,48) r(34,178) d(33) a(31,49) a(31,32)", "fitness": 0.0}
{"generation": 5, "position": 56, "parents": [33], "genome": "r(2,112) r(2,62) d(33) a(31,49) a(27,32)", "fitness": 0.0}
{"generation": 5, "position": 57, "parents": [21], "genome": "r(2,112) r(35,164) r(27,48) r(34,178) a(27,108) d(34) a(33,86) a(32,35)", "fitness": 0.0}
{"generation": 5, "position": 58, "parents": [9, 12], "genome": "a(31,77) r(32,25) a(34,45) d(2)", "fitness": 0.0}
{"generation": 5, "position": 59, "parents": [9, 12], "genome": "d(31) a(25,164) d(35) a(34,45) a(35,105) r(2,138) d(32)", "fitness": 0.0}
{"generation": 5, "position": 60, "parents": [9], "genome": "a(31,77) r(32,25) a(35,105) r(2,138) d(25)", "fitness": 0.0}
{"generation": 5, "position": 61, "parents": [12], "genome": "d(31) a(25,164) d(35) a(34,45) a(34,45) r(34,60)", "fitness": 0.0}
{"generation": 5, "position": 62, "parents": [15, 34], "genome": "r(28,57) r(2,53)", "fitness": 0.0}
{"generation": 5, "position": 63, "parents": [15, 34], "genome": "r(35,37) a(3,33) r(2,62) d(33) d(32) r(34,130) d(35) r(28,51)", "fitness": 0.0}
{"generation": 5, "position": 64, "parents": [15], "genome": "r(28,57) r(34,130) d(35) r(2,82)", "fitness": 0.0}
{"generation": 6, "position": 0, "parents": [30, 59], "genome": "a(31,77) r(32,25) a(35,84) d(35) d(35) a(34,45) a(35,105) r(2,138) d(32) a(34,62)", "fitness": 0.0}
{"generation": 6, "position": 1, "parents": [30, 59], "genome": "d(31) a(25,164) r(25,177) d(33) a(28,97)", "fitness": 0.0}
{"generation": 6, "position": 2, "parents": [30], "genome": "a(31,77) r(32,25) a(35,84) d(35) r(25,177) d(33) d(3)", "fitness": 0.0}
{"generation": 6, "position": 3, "parents": [59], "genome": "d(31) a(25,164) d(35) a(34,45) a(35,105) r(2,138) d(32) a(34,178)", "fitness": 0.0}
{"generation": 6, "position": 4, "parents": [22, 42], "genome": "r(31,70) r(33,135) r(2,34) d(31) a(32,54) a(3,46) d(27)", "fitness": 0.0}
{"generation": 6, "position": 5, "parents": [22, 42], "genome": "a(31,77) r(32,25) d(35) a(32,176) a(25,164) r(27,164) r(34,45)", "fitness": 0.0}
{"generation": 6, "position": 6, "parents": [22], "genome": "r(31,70) r(33,135) r(2,34) d(31) a(32,176) a(25,164) r(27,164) a(28,177)", "fitness": 0.0}
{"generation": 6, "position": 7, "parents": [42], "genome": "a(31,77) r(32,25) d(35) a(32,54) a(3,46) d(34)", "fitness": 0.0}
{"generation": 6, "position": 8, "parents": [49, 49], "genome": "r(2,112) r(35,164) r(27,48) a(25,46) d(25) d(34) a(35,62) r(35,130) d(34) a(35,62) r(35,130) d(32) d(28) d(1)", "fitness": 0.0}
{"generation": 6, "position": 9, "parents": [49, 49], "genome": "r(2,112) r(35,164) r(27,48) a(25,46) d(25) d(32) d(28) a(34,130)", "fitness": 0.0}
{"generation": 6, "position": 10, "parents": [49], "genome": "r(2,112) r(35,164) r(27,48) a(25,46) d(25) d(34) a(35,62) r(35,130) d(32) d(28) a(33,46)", "fitness": 0.0}
{"generation": 6, "position": 11, "parents": [49], "genome": "r(2,112) r(35,164) r(27,48) a(25,46) d(25) d(34) a(35,62) r(35,130) d(32) d(28) r(1,65)", "fitness": 0.0}
{"generation": 6, "position": 12, "parents": [6, 5], "genome": "d(31) a(34,65) r(34,164) r(25,37) r(31,95) r(33,97) a(3,94)", "fitness": 0.0}
{"generation": 6, "position": 13, "parents": [6, 5], "genome": "r(2,112) r(35,164) r(27,48) r(34,178) r(1,34) d(27) d(32) r(35,60) a(25,135)", "fitness": 0.0}
{"generation": 6, "position": 14, "parents": [6], "genome": "d(31) a(34,65) r(34,164) r(25,37) r(1,34) d(27) d(32) r(35,60) r(28,50)", "fitness": 0.0}
{"generation": 6, "position": 15, "parents": [5], "genome": "r(2,112) r(35,164) r(27,48) r(34,178) r(31,95) r(33,97) d(32)", "fitness": 0.0}
{"generation": 6, "position": 16, "parents": [33], "genome": "d(31) a(34,65) r(34,164) r(25,37) d(35) d(2) r(28,69) d(1)", "fitness": 0.0}
{"generation": 6, "position": 17, "parents": [51], "genome": "a(31,77) r(32,25) a(35,84) d(35) r(3,48) d(35) r(34,135) d(1) d(28)", "fitness": 0.0}
{"generation": 6, "position": 18, "parents": [56], "genome": "r(2,112) r(2,62) d(33) a(31,49) a(27,32) r(25,80)", "fitness": 0.0}
{"generation": 6, "position": 19, "parents": [48], "genome": "r(2,112) r(35,164) r(27,48) a(25,46) d(25) r(34,130) d(33) a(28,65) r(31,130)", "fitness": 0.0}
{"generation": 6, "position": 20, "parents": [47], "genome": "r(2,112) r(35,164) r(35,164) r(27,48) a(25,46) d(25) r(34,130) d(33) r(32,78) d(31)", "fitness": 0.0}
{"generation": 6, "position": 21, "parents": [53], "genome": "r(2,79) r(34,130) r(25,135) r(35,105) r(1,99)", "fitness": 4.0}
{"generation": 6, "position": 22, "parents": [45], "genome": "d(34) r(3,48) d(35) a(32,54) a(32,52) d(25)", "fitness": 0.0}
{"generation": 6, "position": 23, "parents": [12], "genome": "a(31,77) a(2,99) r(34,48)", "fitness": 0.0}
{"generation": 6, "position": 24, "parents": [64], "genome": "r(28,57) r(34,130) d(35) r(2,82) r(33,1)", "fitness": 0.0}
{"generation": 6, "position": 25, "parents": [25], "genome": "d(34) a(27,99) d(35) r(28,158) r(27,100)", "fitness": 0.0}
{"generation": 6, "position": 26, "parents": [32, 8], "genome": "r(2,79) r(34,130) r(25,135) r(3,50) d(35)", "fitness": 0.0}
{"generation": 6, "position": 27, "parents": [32, 8], "genome": "d(31) a(34,65) r(34,164) r(25,37) d(35) a(2,52) d(35) a(2,170)", "fitness": 0.0}
{"generation": 6, "position": 28, "parents": [32], "genome": "r(2,79) r(34,130) r(25,135) d(35) a(1,25)", "fitness": 0.0}
{"generation": 6, "position": 29, "parents": [8], "genome": "d(31) a(34,65) r(34,164) r(25,37) d(35) a(2,52) r(3,50) d(32)", "fitness": 0.0}
{"generation": 6, "position": 30, "parents": [39, 59], "genome": "r(2,112) r(2,62) d(33) d(35) d(32) r(25,78)", "fitness": 0.0}
{"generation": 6, "position": 31, "parents": [39, 59], "genome": "d(31) a(25,164) d(35) a(34,45) a(35,105) r(2,138) r(25,80) d(2) d(31) d(32) d(28) d(34)", "fitness": 0.0}
{"generation": 6, "position": 32, "parents": [39], "genome": "r(2,112) r(2,62) d(33) d(35) r(25,80) d(2) d(31) d(32) d(28) r(1,177)", "fitness": 0.0}
{"generation": 6, "position": 33, "parents": [59], "genome": "d(31) a(25,164) d(35) a(34,45) a(35,105) r(2,138) d(32) a(27,64)", "fitness": 0.0}
{"generation": 6, "position": 34, "parents": [50], "genome": "r(31,70) a(27,108) d(34) a(35,48) d(35) d(2)", "fitness": 0.0}
{"generation": 6, "position": 35, "parents": [60], "genome": "a(31,77) r(32,25) a(35,105) r(2,138) d(25) d(35)", "fitness": 0.0}
{"generation": 6, "position": 36, "parents": [57], "genome": "r(2,112) r(35,164) r(27,48) r(34,178) a(27,108) d(34) a(33,86) a(32,35) r(25,94)", "fitness": 0.0}
{"generation": 6, "position": 37, "parents": [16], "genome": "r(31,62) d(35) a(32,37) d(34) d(33) r(28,44)", "fitness": 0.0}
{"generation": 6, "position": 38, "parents": [61, 0], "genome": "d(31) a(25,164) d(35) a(34,45) a(34,45) r(34,60) r(33,135) a(3,32) d(31) a(27,25) d(25) a(28,34)", "fitness": 0.0}
{"generation": 6, "position": 39, "parents": [61, 0], "genome": "r(2,112) a(25,70)", "fitness": 0.0}
{"generation": 6, "position": 40, "parents": [61], "genome": "d(31) a(25,164) d(35) a(34,45) a(34,45) r(34,60) a(32,82)", "fitness": 0.0}
{"generation": 6, "position": 41, "parents": [0], "genome": "r(2,112) r(33,135) a(3,32) d(31) a(27,25) d(25) d(1)", "fitness": 0.0}
{"generation": 6, "position": 42, "parents": [14, 31], "genome": "a(31,77) r(32,25) a(35,84) d(35) r(25,177) a(34,34) r(34,32) r(33,69) r(1,178)", "fitness": 12.0}
{"generation": 6, "position": 43, "parents": [14, 31], "genome": "r(2,112) r(35,52) a(34,100) a(35,62) r(35,130) r(34,112)", "fitness": 0.0}
{"generation": 6, "position": 44, "parents": [14], "genome": "a(31,77) r(32,25) a(35,84) d(35) r(25,177) a(34,34) a(31,45)", "fitness": 0.0}
{"generation": 6, "position": 45, "parents": [31], "genome": "r(2,112) r(35,52) a(34,100) a(35,62) r(35,130) r(34,32) r(33,69) a(25,46)", "fitness": 0.0}
{"generation": 6, "position": 46, "parents": [48], "genome": "r(2,112) r(35,164) r(27,48) a(25,46) d(25) r(34,130) d(33) a(28,65) r(32,70)", "fitness": 0.0}
{"generation": 6, "position": 47, "parents": [18], "genome": "r(31,62) d(35) a(32,37) d(34) a(32,77) r(1,38) a(33,76)", "fitness": 0.0}
{"generation": 6, "position": 48, "parents": [14], "genome": "a(31,77) r(32,25) a(35,84) d(35) r(25,177) a(34,34) d(34)", "fitness": 0.0}
{"generation": 6, "position": 49, "parents": [63], "genome": "r(35,37) a(3,33) r(2,62) d(33) d(32) r(34,130) d(35) r(28,51) a(27,48)", "fitness": 0.0}
{"generation": 6, "position": 50, "parents": [14, 58], "genome": "a(31,77) r(32,25) a(35,84) d(35) r(25,177) a(34,34) r(32,25) a(34,45) d(2) a(34,105)", "fitness": 0.0}
{"generation": 6, "position": 51, "parents": [14, 58], "genome": "a(31,77) d(2)", "fitness": 0.0}
{"generation": 6, "position": 52, "parents": [14], "genome": "a(31,77) r(32,25) a(35,84) d(35) r(25,177) a(34,34) a(34,44)", "fitness": 0.0}
{"generation": 6, "position": 53, "parents": [58], "genome": "a(31,77) r(32,25) a(34,45) d(2) a(35,51)", "fitness": 0.0}
{"generation": 6, "position": 54, "parents": [29, 1], "genome": "r(2,112) a(35,84) d(35) r(25,177) d(34) d(27) d(33)", "fitness": 0.0}
{"generation": 6, "position": 55, "parents": [29, 1], "genome": "r(2,112) r(33,135) a(3,32) d(31) a(27,25) d(1)", "fitness": 0.0}
{"generation": 6, "position": 56, "parents": [29], "genome": "r(2,112) a(35,84) d(35) r(25,177) d(34) d(31)", "fitness": 0.0}
{"generation": 6, "position": 57, "parents": [1], "genome": "r(2,112) r(33,135) a(3,32) d(31) a(27,25) d(27) d(32)", "fitness": 0.0}
{"generation": 6, "position": 58, "parents": [23], "genome": "r(2,112) r(35,164) r(27,48) r(34,178) a(27,108) d(34) a(33,86) r(25,138) d(32)", "fitness": 0.0}
{"generation": 7, "position": 0, "parents": [8, 55], "genome": "r(2,112) r(35,164) r(27,48) a(25,46) d(25) d(34) a(35,62) r(35,130) d(34) a(35,62) r(35,130) a(28,38)", "fitness": 0.0}
{"generation": 7, "position": 1, "parents": [8, 55], "genome": "r(2,112) r(33,135) a(3,32) d(31) a(27,25) d(1) d(32) d(28) d(1) d(25)", "fitness": 0.0}
{"generation": 7, "position": 2, "parents": [8], "genome": "r(2,112) r(35,164) r(27,48) a(25,46) d(25) d(34) a(35,62) r(35,130) d(34) a(35,62) r(35,130) d(32) d(28) d(1) d(33)", "fitness": 0.0}
{"generation": 7, "position": 3, "parents": [55], "genome": "r(2,112) r(33,135) a(3,32) d(31) a(27,25) d(1) r(28,76)", "fitness": 0.0}
{"generation": 7, "position": 4, "parents": [51, 30], "genome": "a(31,77) d(32) r(25,78) d(35)", "fitness": 0.0}
{"generation": 7, "position": 5, "parents": [51, 30], "genome": "r(2,112) r(2,62) d(33) d(35) d(2) r(1,112)", "fitness": 4.0}
{"generation": 7, "position": 6, "parents": [51], "genome": "a(31,77) d(2) r(35,80)", "fitness": 0.0}
{"generation": 7, "position": 7, "parents": [30], "genome": "r(2,112) r(2,62) d(33) d(35) d(32) r(25,78) r(28,135)", "fitness": 0.0}
{"generation": 7, "position": 8, "parents": [35], "genome": "a(31,77) r(32,25) a(35,105) r(2,138) d(25) d(35) r(34,170)", "fitness": 0.0}
{"generation": 7, "position": 9, "parents": [14], "genome": "d(31) a(34,65) r(34,164) r(25,37) r(1,34) d(27) d(32) r(35,60) r(28,50) a(33,60)", "fitness": 0.0}
{"generation": 7, "position": 10, "parents": [20], "genome": "r(2,112) r(35,164) r(35,164) r(27,48) a(25,46) d(25) r(34,130) d(33) r(32,78) d(31) r(1,34)", "fitness": 0.0}
{"generation": 7, "position": 11, "parents": [45], "genome": "r(2,112) r(35,52) a(34,100) a(35,62) r(35,130) r(34,32) r(33,69) a(25,46) a(25,33)", "fitness": 0.0}
{"generation": 7, "position": 12, "parents": [30, 44], "genome": "r(2,112) r(2,62) d(33) d(35) a(34,34) a(31,45) d(25)", "fitness": 0.0}
{"generation": 7, "position": 13, "parents": [30, 44], "genome": "a(31,77) r(32,25) a(35,84) d(35) r(25,177) d(32) r(25,78) a(34,95)", "fitness": 0.0}
{"generation": 7, "position": 14, "parents": [30], "genome": "r(2,112) r(2,62) d(33) d(35) d(32) r(25,78) r(1,108)", "fitness": 0.0}
{"generation": 7, "position": 15, "parents": [44], "genome": "a(31,77) r(32,25) a(35,84) d(35) r(25,177) a(34,34) a(31,45) d(33)", "fitness": 0.0}
{"generation": 7, "position": 16, "parents": [4], "genome": "r(31,70) r(33,135) r(2,34) d(31) a(32,54) a(3,46) d(27) a(1,77)", "fitness": 0.0}
{"generation": 7, "position": 17, "parents": [41], "genome": "r(2,112) r(33,135) a(3,32) d(31) a(27,25) d(25) d(1) r(28,48)", "fitness": 0.0}
{"generation": 7, "position": 18, "parents": [23], "genome": "a(31,77) a(2,99) r(34,48) d(3)", "fitness": 12.0}
{"generation": 7, "position": 19, "parents": [22], "genome": "d(34) r(3,48) d(35) a(32,54) a(32,52) d(25) r(28,1)", "fitness": 0.0}
{"generation": 7, "position": 20, "parents": [34, 44], "genome": "r(31,70) a(27,108) d(34) a(31,45) a(27,60)", "fitness": 0.0}
{"generation": 7, "position": 21, "parents": [34, 44], "genome": "a(31,77) r(32,25) a(35,84) d(35) r(25,177) a(34,34) a(35,48) d(35) d(2) a(34,135)", "fitness": 0.0}
{"generation": 7, "position": 22, "parents": [34], "genome": "r(31,70) a(27,108) d(34) a(35,48) d(35) d(2) a(32,78)", "fitness": 0.0}
{"generation": 7, "position": 23, "parents": [44], "genome": "a(31,77) r(32,25) a(35,84) d(35) r(25,177) a(34,34) a(31,45) a(34,48)", "fitness": 0.0}
{"generation": 7, "position": 24, "parents": [12, 1], "genome": "d(31) a(34,65) r(34,164) r(25,37) r(31,95) r(33,97) d(33) a(28,97) r(3,57)", "fitness": 0.0}
{"generation": 7, "position": 25, "parents": [12, 1], "genome": "d(31) a(25,164) r(25,177) a(3,94) a(34,64)", "fitness": 0.0}
{"generation": 7, "position": 26, "parents": [12], "genome": "d(31) a(34,65) r(34,164) r(25,37) r(31,95) r(33,97) a(3,94) r(28,33)", "fitness": 0.0}
{"generation": 7, "position": 27, "parents": [1], "genome": "d(31) a(25,164) r(25,177) d(33) a(28,97) r(32,44)", "fitness": 0.0}
{"generation": 7, "position": 28, "parents": [11], "genome": "r(2,112) r(35,164) r(27,48) a(25,46) d(25) d(34) a(35,62) r(35,130) d(32) d(28) r(1,65) r(33,158)", "fitness": 0.0}
{"generation": 7, "position": 29, "parents": [11], "genome": "r(2,112) r(35,164) r(27,48) a(25,46) d(25) d(34) a(35,62) r(35,130) d(32) d(28) r(1,65) r(33,83)", "fitness": 0.0}
{"generation": 7, "position": 30, "parents": [40], "genome": "d(31) a(25,164) d(35) a(34,45) a(34,45) r(34,60) a(32,82) a(2,97)", "fitness": 0.0}
{"generation": 7, "position": 31, "parents": [7], "genome": "a(31,77) r(32,25) d(35) a(32,54) a(3,46) d(34) d(31)", "fitness": 0.0}
{"generation": 7, "position": 32, "parents": [44, 17], "genome": "a(31,77) r(3,48) d(35) r(34,135) d(1) d(28) d(32)", "fitness": 0.0}
{"generation": 7, "position": 33, "parents": [44, 17], "genome": "a(31,77) r(32,25) a(35,84) d(35) r(32,25) a(35,84) d(35) r(25,177) a(34,34) a(31,45) d(34)", "fitness": 0.0}
{"generation": 7, "position": 34, "parents": [44], "genome": "a(31,77) r(32,25) a(35,84) d(35) r(25,177) a(34,34) a(31,45) a(34,178)", "fitness": 0.0}
{"generation": 7, "position": 35, "parents": [17], "genome": "a(31,77) r(32,25) a(35,84) d(35) r(3,48) d(35) r(34,135) d(1) d(28) r(33,70)", "fitness": 0.0}
{"generation": 7, "position": 36, "parents": [25, 20], "genome": "d(34) a(27,99) r(34,130) d(33) r(32,78) d(31) d(28)", "fitness": 0.0}
{"generation": 7, "position": 37, "parents": [25, 20], "genome": "r(2,112) r(35,164) r(35,164) r(27,48) a(25,46) d(25) d(35) r(28,158) r(27,100) a(34,135)", "fitness": 0.0}
{"generation": 7, "position": 38, "parents": [25], "genome": "d(34) a(27,99) d(35) r(28,158) r(27,100) d(33)", "fitness": 0.0}
{"generation": 7, "position": 39, "parents": [20], "genome": "r(2,112) r(35,164) r(35,164) r(27,48) a(25,46) d(25) r(34,130) d(33) r(32,78) d(31) r(28,35)", "fitness": 0.0}
{"generation": 7, "position": 40, "parents": [44], "genome": "a(31,77) r(32,25) a(35,84) d(35) r(25,177) a(34,34) a(31,45) a(34,32)", "fitness": 0.0}
{"generation": 7, "position": 41, "parents": [33], "genome": "d(31) a(25,164) d(35) a(34,45) a(35,105) r(2,138) d(32) a(27,64) r(28,62)", "fitness": 0.0}
{"generation": 7, "position": 42, "parents": [11, 1], "genome": "r(2,112) r(35,164) r(27,48) a(25,46) d(25) a(34,65)", "fitness": 0.0}
{"generation": 7, "position": 43, "parents": [11, 1], "genome": "d(31) a(25,164) r(25,177) d(33) a(28,97) d(34) a(35,62) r(35,130) d(32) d(28) r(1,65)", "fitness": 0.0}
{"generation": 7, "position": 44, "parents": [11], "genome": "r(2,112) r(35,164) r(27,48) a(25,46) d(25) d(34) a(35,62) r(35,130) d(32) d(28) r(1,65) d(33)", "fitness": 0.0}
{"generation": 7, "position": 45, "parents": [1], "genome": "d(31) a(25,164) r(25,177) d(33) a(28,97) a(32,44)", "fitness": 0.0}
{"generation": 7, "position": 46, "parents": [20, 32], "genome": "r(2,112) r(35,164) r(35,164) r(27,48) a(25,46) d(25) r(1,177) r(34,51)", "fitness": 4.0}
{"generation": 7, "position": 47, "parents": [20, 32], "genome": "r(2,112) r(2,62) d(33) d(35) r(25,80) d(2) d(31) d(32) d(28) r(34,130) d(33) r(32,78) d(31) r(1,33)", "fitness": 0.0}
{"generation": 7, "position": 48, "parents": [20], "genome": "r(2,112) r(35,164) r(35,164) r(27,48) a(25,46) d(25) r(34,130) d(33) r(32,78) d(31) r(28,47)", "fitness": 0.0}
{"generation": 7, "position": 49, "parents": [32], "genome": "r(2,112) r(2,62) d(33) d(35) r(25,80) d(2) d(31) d(32) d(28) r(1,177)", "fitness": 0.0}
{"generation": 7, "position": 50, "parents": [22], "genome": "d(34) r(3,48) d(35) a(32,54) a(32,52) d(25) r(2,105)", "fitness": 12.0}
{"generation": 7, "position": 51, "parents": [6], "genome": "r(31,70) r(33,135) r(2,34) d(31) a(32,176) a(25,164) r(27,164) a(28,177) r(32,57)", "fitness": 0.0}
{"generation": 7, "position": 52, "parents": [46, 30], "genome": "r(2,112) r(35,164) r(27,48) a(25,46) d(32) r(25,78) r(34,130)", "fitness": 0.0}
{"generation": 7, "position": 53, "parents": [46, 30], "genome": "r(2,112) r(2,62) d(33) d(35) d(25) r(34,130) d(33) a(28,65) r(32,70) d(1)", "fitness": 0.0}
{"generation": 7, "position": 54, "parents": [46], "genome": "r(2,112) r(35,164) r(27,48) a(25,46) d(25) r(34,130) d(33) a(28,65) r(32,70) a(31,25)", "fitness": 0.0}
{"generation": 7, "position": 55, "parents": [30], "genome": "r(2,112) r(2,62) d(33) d(35) d(32) r(25,78) d(28)", "fitness": 0.0}
{"generation": 7, "position": 56, "parents": [37], "genome": "r(31,62) d(35) a(32,37) d(34) d(33) r(28,44) r(32,65)", "fitness": 0.0}
{"generation": 7, "position": 57, "parents": [40], "genome": "d(31) a(25,164) d(35) a(34,45) a(34,45) r(34,60) a(32,82) d(2)", "fitness": 0.0}
{"generation": 7, "position": 58, "parents": [36], "genome": "r(2,112) r(35,164) r(27,48) r(34,178) a(27,108) d(34) a(33,86) a(32,35) r(25,94) r(1,28)", "fitness": 0.0}
{"generation": 8, "position": 0, "parents": [25, 8], "genome": "d(31) r(34,170) r(32,99)", "fitness": 0.0}
{"generation": 8, "position": 1, "parents": [25, 8], "genome": "a(31,77) r(32,25) a(35,105) r(2,138) d(25) d(35) a(25,164) r(25,177) a(3,94) a(34,64) a(33,134)", "fitness": 0.0}
{"generation": 8, "position": 2, "parents": [25], "genome": "d(31) a(25,164) r(25,177) a(3,94) a(34,64) r(35,177)", "fitness": 0.0}
{"generation": 8, "position": 3, "parents": [8], "genome": "a(31,77) r(32,25) a(35,105) r(2,138) d(25) d(35) r(34,170) r(31,83)", "fitness": 0.0}
{"generation": 8, "position": 4, "parents": [40, 25], "genome": "a(31,77) r(32,25) a(35,84) d(35) r(25,177) a(34,34) a(31,45) a(34,32) r(25,177) a(3,94) a(34,64) a(28,158)", "fitness": 0.0}
{"generation": 8, "position": 5, "parents": [40, 25], "genome": "d(31) a(25,164) a(34,84)", "fitness": 0.0}
{"generation": 8, "position": 6, "parents": [40], "genome": "a(31,77) r(32,25) a(35,84) d(35) r(25,177) a(34,34) a(31,45) a(34,32) r(34,164)", "fitness": 0.0}
{"generation": 8, "position": 7, "parents": [25], "genome": "d(31) a(25,164) r(25,177) a(3,94) a(34,64) d(34)", "fitness": 0.0}
{"generation": 8, "position": 8, "parents": [25], "genome": "d(31) a(25,164) r(25,177) a(3,94) a(34,64) d(35)", "fitness": 0.0}
{"generation": 8, "position": 9, "parents": [30], "genome": "d(31) a(25,164) d(35) a(34,45) a(34,45) r(34,60) a(32,82) a(2,97) a(27,112)", "fitness": 0.0}
{"generation": 8, "position": 10, "parents": [49, 4], "genome": "r(2,112) r(2,62) d(33) d(35) r(25,80) d(2) r(25,78) d(35) a(1,50)", "fitness": 0.0}
{"generation": 8, "position": 11, "parents": [49, 4], "genome": "a(31,77) d(32) d(31) d(32) d(28) r(1,177) a(34,178)", "fitness": 12.0}
{"generation": 8, "position": 12, "parents": [49], "genome": "r(2,112) r(2,62) d(33) d(35) r(25,80) d(2) d(31) d(32) d(28) r(1,177)", "fitness": 0.0}
{"generation": 8, "position": 13, "parents": [4], "genome": "a(31,77) d(32) r(25,78) d(35) d(2)", "fitness": 0.0}
{"generation": 8, "position": 14, "parents": [25, 48], "genome": "d(31) r(27,48) a(25,46) d(25) r(34,130) d(33) r(32,78) d(31) r(28,47) d(1)", "fitness": 0.0}
{"generation": 8, "position": 15, "parents": [25, 48], "genome": "r(2,112) r(35,164) r(35,164) a(25,164) r(25,177) a(3,94) a(34,64) d(34)", "fitness": 0.0}
{"generation": 8, "position": 16, "parents": [25], "genome": "d(31) a(25,164) r(25,177) a(3,94) a(34,64) d(35)", "fitness": 0.0}
{"generation": 8, "position": 17, "parents": [48], "genome": "r(2,112) r(35,164) r(35,164) r(27,48) a(25,46) d(25) r(34,130) d(33) r(32,78) d(31) r(28,47) r(1,158)", "fitness": 0.0}
{"generation": 8, "position": 18, "parents": [28], "genome": "r(2,112) r(35,164) r(27,48) a(25,46) d(25) d(34) a(35,62) r(35,130) d(32) d(28) r(1,65) r(33,158)", "fitness": 0.0}
{"generation": 8, "position": 19, "parents": [25], "genome": "d(31) a(25,164) r(25,177) a(3,94) a(34,64) d(34)", "fitness": 0.0}
{"generation": 8, "position": 20, "parents": [18, 48], "genome": "a(31,77) a(2,99) r(34,48) r(35,164) r(27,48) a(25,46) d(25) r(34,130) d(33) r(32,78) d(31) r(28,47) d(2)", "fitness": 0.0}
{"generation": 8, "position": 21, "parents": [18, 48], "genome": "r(2,112) r(35,164) d(3) d(34)", "fitness": 0.0}
{"generation": 8, "position": 22, "parents": [18], "genome": "a(31,77) a(2,99) r(34,48) d(3) a(2,99)", "fitness": 12.0}
{"generation": 8, "position": 23, "parents": [48], "genome": "r(2,112) r(35,164) r(35,164) r(27,48) a(25,46) d(25) r(34,130) d(33) r(32,78) d(31) r(28,47) d(1)", "fitness": 0.0}
{"generation": 8, "position": 24, "parents": [53], "genome": "r(2,112) r(2,62) d(33) d(35) d(25) r(34,130) d(33) a(28,65) r(32,70) d(1) d(28)", "fitness": 0.0}
{"generation": 8, "position": 25, "parents": [3], "genome": "r(2,112) r(33,135) a(3,32) d(31) a(27,25) d(1) r(28,76) r(25,78)", "fitness": 0.0}
{"generation": 8, "position": 26, "parents": [39, 42], "genome": "r(2,112) r(35,164) r(35,164) r(27,48) a(25,46) d(25)", "fitness": 0.0}
{"generation": 8, "position": 27, "parents": [39, 42], "genome": "r(2,112) r(35,164) r(27,48) a(25,46) d(25) a(34,65) d(25) r(34,130) d(33) r(32,78) d(31) r(28,35) a(1,97)", "fitness": 0.0}
{"generation": 8, "position": 28, "parents": [39], "genome": "r(2,112) r(35,164) r(35,164) r(27,48) a(25,46) d(25) r(34,130) d(33) r(32,78) d(31) r(28,35) d(1)", "fitness": 0.0}
{"generation": 8, "position": 29, "parents": [42], "genome": "r(2,112) r(35,164) r(27,48) a(25,46) d(25) a(34,65) a(28,158)", "fitness": 0.0}
{"generation": 8, "position": 30, "parents": [45], "genome": "d(31) a(25,164) r(25,177) d(33) a(28,97) a(32,44) a(1,95)", "fitness": 0.0}
{"generation": 8, "position": 31, "parents": [15], "genome": "a(31,77) r(32,25) a(35,84) d(35) r(25,177) a(34,34) a(31,45) d(33) a(31,69)", "fitness": 0.0}
{"generation": 8, "position": 32, "parents": [44, 23], "genome": "r(2,112) r(35,164) r(27,48) a(25,46) a(31,45) a(34,48) d(34)", "fitness": 0.0}
{"generation": 8, "position": 33, "parents": [44, 23], "genome": "a(31,77) r(32,25) a(35,84) d(35) r(25,177) a(34,34) d(25) d(34) a(35,62) r(35,130) d(32) d(28) r(1,65) d(33)", "fitness": 0.0}
{"generation": 8, "position": 34, "parents": [44], "genome": "r(2,112) r(35,164) r(27,48) a(25,46) d(25) d(34) a(35,62) r(35,130) d(32) d(28) r(1,65) d(33)", "fitness": 0.0}
{"generation": 8, "position": 35, "parents": [23], "genome": "a(31,77) r(32,25) a(35,84) d(35) r(25,177) a(34,34) a(31,45) a(34,48) a(31,62)", "fitness": 0.0}
{"generation": 8, "position": 36, "parents": [58, 24], "genome": "r(2,112) r(35,164) r(27,48) r(34,178) a(27,108) d(34) r(34,164) r(25,37) r(31,95) r(33,97) d(33) a(28,97) r(3,57) a(32,65)", "fitness": 0.0}
{"generation": 8, "position": 37, "parents": [58, 24], "genome": "d(31) a(34,65) a(33,86) a(32,35) r(25,94) r(1,28) r(35,130)", "fitness": 0.0}
{"generation": 8, "position": 38, "parents": [58], "genome": "r(2,112) r(35,164) r(27,48) r(34,178) a(27,108) d(34) a(33,86) a(32,35) r(25,94) r(1,28) a(31,36)", "fitness": 0.0}
{"generation": 8, "position": 39, "parents": [24], "genome": "d(31) a(34,65) r(34,164) r(25,37) r(31,95) r(33,97) d(33) a(28,97) r(3,57) a(1,48)", "fitness": 0.0}
{"generation": 8, "position": 40, "parents": [28], "genome": "r(2,112) r(35,164) r(27,48) a(25,46) d(25) d(34) a(35,62) r(35,130) d(32) d(28) r(1,65) r(33,158)", "fitness": 0.0}
{"generation": 8, "position": 41, "parents": [44], "genome": "r(2,112) r(35,164) r(27,48) a(25,46) d(25) d(34) a(35,62) r(35,130) d(32) d(28) r(1,65) d(33)", "fitness": 0.0}
{"generation": 8, "position": 42, "parents": [42], "genome": "r(2,112) r(35,164) r(27,48) a(25,46) d(25) a(34,65) a(34,78)", "fitness": 0.0}
{"generation": 8, "position": 43, "parents": [10], "genome": "r(2,112) r(35,164) r(35,164) r(27,48) a(25,46) d(25) r(34,130) d(33) r(32,78) d(31) r(1,34) d(28)", "fitness": 0.0}
{"generation": 8, "position": 44, "parents": [33], "genome": "a(31,77) r(32,25) a(35,84) d(35) r(32,25) a(35,84) d(35) r(25,177) a(34,34) a(31,45) d(34) d(33)", "fitness": 0.0}
{"generation": 8, "position": 45, "parents": [39], "genome": "r(2,112) r(35,164) r(35,164) r(27,48) a(25,46) d(25) r(34,130) d(33) r(32,78) d(31) r(28,35) r(1,94)", "fitness": 0.0}
{"generation": 8, "position": 46, "parents": [36], "genome": "d(34) a(27,99) r(34,130) d(33) r(32,78) d(31) d(28) a(1,112)", "fitness": 0.0}
{"generation": 8, "position": 47, "parents": [37], "genome": "r(2,112) r(35,164) r(35,164) r(27,48) a(25,46) d(25) d(35) r(28,158) r(27,100) a(34,135) r(34,158)", "fitness": 0.0}
{"generation": 8, "position": 48, "parents": [9, 37], "genome": "d(31) a(34,65) r(34,164) r(25,37) r(28,158) r(27,100) a(34,135) a(35,31)", "fitness": 0.0}
{"generation": 8, "position": 49, "parents": [9, 37], "genome": "r(2,112) r(35,164) r(35,164) r(27,48) a(25,46) d(25) d(35) r(1,34) d(27) d(32) r(35,60) r(28,50) a(33,60) r(34,105)", "fitness": 12.0}
{"generation": 8, "position": 50, "parents": [9], "genome": "d(31) a(34,65) r(34,164) r(25,37) r(1,34) d(27) d(32) r(35,60) r(28,50) a(33,60) d(33)", "fitness": 0.0}
{"generation": 8, "position": 51, "parents": [37], "genome": "r(2,112) r(35,164) r(35,164) r(27,48) a(25,46) d(25) d(35) r(28,158) r(27,100) a(34,135) a(34,97)", "fitness": 0.0}
{"generation": 8, "position": 52, "parents": [49], "genome": "r(2,112) r(2,62) d(33) d(35) r(25,80) d(2) d(31) d(32) d(28) r(1,177)", "fitness": 0.0}
{"generation": 8, "position": 53, "parents": [41], "genome": "d(31) a(25,164) d(35) a(34,45) a(35,105) r(2,138) d(32) a(27,64) r(28,62) a(34,94)", "fitness": 0.0}
{"generation": 8, "position": 54, "parents": [59, 4], "genome": "r(2,112) r(35,164) d(35) a(34,148)", "fitness": 0.0}
{"generation": 8, "position": 55, "parents": [59, 4], "genome": "a(31,77) d(32) r(25,78) r(27,48) a(25,46) d(25) r(34,130) d(33) a(28,65) r(31,130) r(28,148) r(2,112)", "fitness": 0.0}
{"generation": 8, "position": 56, "parents": [59], "genome": "r(2,112) r(35,164) r(27,48) a(25,46) d(25) r(34,130) d(33) a(28,65) r(31,130) r(28,148) r(1,80)", "fitness": 0.0}
{"generation": 8, "position": 57, "parents": [4], "genome": "a(31,77) d(32) r(25,78) d(35) r(34,178)", "fitness": 0.0}
{"generation": 8, "position": 58, "parents": [4, 28], "genome": "a(31,77) d(32) r(25,78) r(27,48) a(25,46) d(25) d(34) a(35,62) r(35,130) d(32) d(28) r(1,65) r(33,158)", "fitness": 0.0}
{"generation": 8, "position": 59, "parents": [4, 28], "genome": "r(2,112) r(35,164) d(35) a(25,27)", "fitness": 0.0}
{"generation": 8, "position": 60, "parents": [4], "genome": "a(31,77) d(32) r(25,78) d(35) a(34,99)", "fitness": 0.0}
{"generation": 9, "position": 0, "parents": [33], "genome": "a(31,77) r(32,25) a(35,84) d(35) r(25,177) a(34,34) d(25) d(34) a(35,62) r(35,130) d(32) d(28) r(1,65) d(33)", "fitness": 0.0}
{"generation": 9, "position": 1, "parents": [1], "genome": "a(31,77) r(32,25) a(35,105) r(2,138) d(25) d(35) a(25,164) r(25,177) a(3,94) a(34,64) a(33,134) r(33,87)", "fitness": 0.0}
{"generation": 9, "position": 2, "parents": [4, 24], "genome": "a(31,77) r(32,25) a(28,65) r(32,70) d(1) d(28) r(35,69)", "fitness": 0.0}
{"generation": 9, "position": 3, "parents": [4, 24], "genome": "r(2,112) r(2,62) d(33) d(35) d(25) r(34,130) d(33) a(35,84) d(35) r(25,177) a(34,34) a(31,45) a(34,32) r(25,177) a(3,94) a(34,64) a(28,158) d(32)", "fitness": 0.0}
{"generation": 9, "position": 4, "parents": [4], "genome": "a(31,77) r(32,25) a(35,84) d(35) r(25,177) a(34,34) a(31,45) a(34,32) r(25,177) a(3,94) a(34,64) a(28,158) a(34,37)", "fitness": 0.0}
{"generation": 9, "position": 5, "parents": [24], "genome": "r(2,112) r(2,62) d(33) d(35) d(25) r(34,130) d(33) a(28,65) r(32,70) d(1) d(28)", "fitness": 0.0}
{"generation": 9, "position": 6, "parents": [39], "genome": "d(31) a(34,65) r(34,164) r(25,37) r(31,95) r(33,97) d(33) a(28,97) r(3,57) a(1,48) d(1)", "fitness": 0.0}
{"generation": 9, "position": 7, "parents": [1], "genome": "a(31,77) r(32,25) a(35,105) r(2,138) d(25) d(35) a(25,164) r(25,177) a(3,94) a(34,64) a(33,134) d(33)", "fitness": 0.0}
{"generation": 9, "position": 8, "parents": [7, 40], "genome": "d(31) a(25,164) r(25,177) a(3,94) d(25) d(34) a(35,62) r(35,130) d(32) d(28) r(1,65) r(33,158)", "fitness": 0.0}
{"generation": 9, "position": 9, "parents": [7, 40], "genome": "r(2,112) r(35,164) r(27,48) a(25,46) a(34,64) d(34) r(31,45)", "fitness": 0.0}
{"generation": 9, "position": 10, "parents": [7], "genome": "d(31) a(25,164) r(25,177) a(3,94) a(34,64) d(34) r(35,32)", "fitness": 0.0}
{"generation": 9, "position": 11, "parents": [40], "genome": "r(2,112) r(35,164) r(27,48) a(25,46) d(25) d(34) a(35,62) r(35,130) d(32) d(28) r(1,65) r(33,158)", "fitness": 0.0}
{"generation": 9, "position": 12, "parents": [44], "genome": "a(31,77) r(32,25) a(35,84) d(35) r(32,25) a(35,84) d(35) r(25,177) a(34,34) a(31,45) d(34) d(33) r(31,36)", "fitness": 0.0}
{"generation": 9, "position": 13, "parents": [32], "genome": "r(2,112) r(35,164) r(27,48) a(25,46) a(31,45) a(34,48) d(34) d(28)", "fitness": 0.0}
{"generation": 9, "position": 14, "parents": [12, 57], "genome": "r(2,112) r(2,62) d(33) d(35) r(25,80) d(2) r(25,78) d(35) r(34,178) r(32,70)", "fitness": 0.0}
{"generation": 9, "position": 15, "parents": [12, 57], "genome": "a(31,77) d(32) d(31) d(32) d(28) r(1,177) a(34,50)", "fitness": 0.0}
{"generation": 9, "position": 16, "parents": [12], "genome": "r(2,112) r(2,62) d(33) d(35) r(25,80) d(2) d(31) d(32) d(28) r(1,177)", "fitness": 0.0}
{"generation": 9, "position": 17, "parents": [57], "genome": "a(31,77) d(32) r(25,78) d(35) r(34,178) d(3)", "fitness": 0.0}
{"generation": 9, "position": 18, "parents": [25, 54], "genome": "r(2,112) r(33,135) d(1)", "fitness": 4.0}
{"generation": 9, "position": 19, "parents": [25, 54], "genome": "r(2,112) r(35,164) d(35) a(34,148) a(3,32) d(31) a(27,25) d(1) r(28,76) r(25,78) a(34,69)", "fitness": 0.0}
{"generation": 9, "position": 20, "parents": [25], "genome": "r(2,112) r(33,135) a(3,32) d(31) a(27,25) d(1) r(28,76) r(25,78) d(32)", "fitness": 0.0}
{"generation": 9, "position": 21, "parents": [54], "genome": "r(2,112) r(35,164) d(35) a(34,148) d(34)", "fitness": 0.0}
{"generation": 9, "position": 22, "parents": [5], "genome": "d(31) a(25,164) a(34,84) r(34,62)", "fitness": 0.0}
{"generation": 9, "position": 23, "parents": [26], "genome": "r(2,112) r(35,164) r(35,164) r(27,48) a(25,46) d(25) r(32,78)", "fitness": 0.0}
{"generation": 9, "position": 24, "parents": [24, 54], "genome": "r(2,112) r(2,62) d(33) d(35) d(25) r(34,130) r(35,164) d(35) a(34,148) r(32,31)", "fitness": 0.0}
{"generation": 9, "position": 25, "parents": [24, 54], "genome": "r(2,112) d(33) a(28,65) r(32,70) d(1) d(28) r(25,177)", "fitness": 0.0}
{"generation": 9, "position": 26, "parents": [24], "genome": "r(2,112) r(2,62) d(33) d(35) d(25) r(34,130) d(33) a(28,65) r(32,70) d(1) d(28)", "fitness": 0.0}
{"generation": 9, "position": 27, "parents": [54], "genome": "r(2,112) r(35,164) d(35) a(34,148) d(1)", "fitness": 4.0}
{"generation": 9, "position": 28, "parents": [35, 14], "genome": "a(31,77) r(32,78) d(31) r(28,47) d(1) a(34,38)", "fitness": 0.0}
{"generation": 9, "position": 29, "parents": [35, 14], "genome": "d(31) r(27,48) a(25,46) d(25) r(34,130) d(33) r(32,25) a(35,84) d(35) r(25,177) a(34,34) a(31,45) a(34,48) a(31,62) r(28,50)", "fitness": 0.0}
{"generation": 9, "position": 30, "parents": [35], "genome": "a(31,77) r(32,25) a(35,84) d(35) r(25,177) a(34,34) a(31,45) a(34,48) a(31,62) d(2)", "fitness": 0.0}
{"generation": 9, "position": 31, "parents": [14], "genome": "d(31) r(27,48) a(25,46) d(25) r(34,130) d(33) r(32,78) d(31) r(28,47) d(1)", "fitness": 0.0}
{"generation": 9, "position": 32, "parents": [28], "genome": "r(2,112) r(35,164) r(35,164) r(27,48) a(25,46) d(25) r(34,130) d(33) r(32,78) d(31) r(28,35) d(1)", "fitness": 0.0}
{"generation": 9, "position": 33, "parents": [32], "genome": "r(2,112) r(35,164) r(27,48) a(25,46) a(31,45) a(34,48) d(34) r(33,1)", "fitness": 0.0}
{"generation": 9, "position": 34, "parents": [9], "genome": "d(31) a(25,164) d(35) a(34,45) a(34,45) r(34,60) a(32,82) a(2,97) a(27,112) d(25)", "fitness": 0.0}
{"generation": 9, "position": 35, "parents": [28], "genome": "r(2,112) r(35,164) r(35,164) r(27,48) a(25,46) d(25) r(34,130) d(33) r(32,78) d(31) r(28,35) d(1)", "fitness": 0.0}
{"generation": 9, "position": 36, "parents": [41], "genome": "r(2,112) r(35,164) r(27,48) a(25,46) d(25) d(34) a(35,62) r(35,130) d(32) d(28) r(1,65) d(33)", "fitness": 0.0}
{"generation": 9, "position": 37, "parents": [29], "genome": "r(2,112) r(35,164) r(27,48) a(25,46) d(25) a(34,65) a(28,158) r(34,45)", "fitness": 0.0}
{"generation": 9, "position": 38, "parents": [13], "genome": "a(31,77) d(32) r(25,78) d(35) d(2) r(31,33)", "fitness": 0.0}
{"generation": 9, "position": 39, "parents": [43], "genome": "r(2,112) r(35,164) r(35,164) r(27,48) a(25,46) d(25) r(34,130) d(33) r(32,78) d(31) r(1,34) d(28)", "fitness": 0.0}
{"generation": 9, "position": 40, "parents": [7], "genome": "d(31) a(25,164) r(25,177) a(3,94) a(34,64) d(34) d(35)", "fitness": 0.0}
{"generation": 9, "position": 41, "parents": [29], "genome": "r(2,112) r(35,164) r(27,48) a(25,46) d(25) a(34,65) a(28,158) r(28,148)", "fitness": 0.0}
{"generation": 9, "position": 42, "parents": [40, 24], "genome": "r(2,112) r(34,130) d(33) a(28,65) r(32,70) d(1) d(28) a(25,57)", "fitness": 0.0}
{"generation": 9, "position": 43, "parents": [40, 24], "genome": "r(2,112) r(2,62) d(33) d(35) d(25) r(35,164) r(27,48) a(25,46) d(25) d(34) a(35,62) r(35,130) d(32) d(28) r(1,65) r(33,158)", "fitness": 0.0}
{"generation": 9, "position": 44, "parents": [40], "genome": "r(2,112) r(35,164) r(27,48) a(25,46) d(25) d(34) a(35,62) r(35,130) d(32) d(28) r(1,65) r(33,158)", "fitness": 0.0}
{"generation": 9, "position": 45, "parents": [24], "genome": "r(2,112) r(2,62) d(33) d(35) d(25) r(34,130) d(33) a(28,65) r(32,70) d(1) d(28)", "fitness": 0.0}
{"generation": 9, "position": 46, "parents": [17], "genome": "r(2,112) r(35,164) r(35,164) r(27,48) a(25,46) d(25) r(34,130) d(33) r(32,78) d(31) r(28,47) r(1,158)", "fitness": 0.0}
{"generation": 9, "position": 47, "parents": [59], "genome": "r(2,112) r(35,164) d(35) a(25,27) r(34,36)", "fitness": 0.0}
{"generation": 9, "position": 48, "parents": [50, 13], "genome": "d(31) a(34,65) r(34,164) r(25,37) r(1,34) d(27) d(32) r(35,60) r(28,50) a(33,60) d(35) d(2) a(33,134)", "fitness": 0.0}
{"generation": 9, "position": 49, "parents": [50, 13], "genome": "a(31,77) d(32) r(25,78) d(33) d(3)", "fitness": 0.0}
{"generation": 9, "position": 50, "parents": [50], "genome": "d(31) a(34,65) r(34,164) r(25,37) r(1,34) d(27) d(32) r(35,60) r(28,50) a(33,60) d(33)", "fitness": 0.0}
{"generation": 9, "position": 51, "parents": [13], "genome": "a(31,77) d(32) r(25,78) d(35) d(2) a(34,1)", "fitness": 0.0}
{"generation": 9, "position": 52, "parents": [40, 24], "genome": "r(2,112) r(35,164) r(27,48) a(25,46) d(25) d(34) a(35,62) r(35,130) r(32,70) d(1) d(28) d(33)", "fitness": 0.0}
{"generation": 9, "position": 53, "parents": [40, 24], "genome": "r(2,112) r(2,62) d(33) d(35) d(25) r(34,130) d(33) a(28,65) d(32) d(28) r(1,65) r(33,158)", "fitness": 0.0}
{"generation": 9, "position": 54, "parents": [40], "genome": "r(2,112) r(35,164) r(27,48) a(25,46) d(25) d(34) a(35,62) r(35,130) d(32) d(28) r(1,65) r(33,158)", "fitness": 0.0}
{"generation": 9, "position": 55, "parents": [24], "genome": "r(2,112) r(2,62) d(33) d(35) d(25) r(34,130) d(33) a(28,65) r(32,70) d(1) d(28)", "fitness": 0.0}
{"generation": 9, "position": 56, "parents": [29], "genome": "r(2,112) r(35,164) r(27,48) a(25,46) d(25) a(34,65) a(28,158) a(34,50)", "fitness": 0.0}
{"generation": 10, "position": 0, "parents": [36], "genome": "r(2,112) r(35,164) r(27,48) a(25,46) d(25) d(34) a(35,62) r(35,130) d(32) d(28) r(1,65) d(33)", "fitness": 0.0}
{"generation": 10, "position": 1, "parents": [38], "genome": "a(31,77) d(32) r(25,78) d(35) d(2) r(31,33) d(34)", "fitness": 0.0}
{"generation": 10, "position": 2, "parents": [49], "genome": "a(31,77) d(32) r(25,78) d(33) d(3) r(31,134)", "fitness": 0.0}
{"generation": 10, "position": 3, "parents": [6], "genome": "d(31) a(34,65) r(34,164) r(25,37) r(31,95) r(33,97) d(33) a(28,97) r(3,57) a(1,48) d(1) a(32,48)", "fitness": 0.0}
{"generation": 10, "position": 4, "parents": [22, 3], "genome": "d(31) a(25,164) a(34,84) r(34,62) a(34,64) a(28,158) d(32) a(35,100)", "fitness": 0.0}
{"generation": 10, "position": 5, "parents": [22, 3], "genome": "r(2,112) r(2,62) d(33) d(35) d(25) r(34,130) d(33) a(35,84) d(35) r(25,177) a(34,34) a(31,45) a(34,32) r(25,177) a(3,94) d(1)", "fitness": 0.0}
{"generation": 10, "position": 6, "parents": [22], "genome": "d(31) a(25,164) a(34,84) r(34,62) a(35,148)", "fitness": 0.0}
{"generation": 10, "position": 7, "parents": [3], "genome": "r(2,112) r(2,62) d(33) d(35) d(25) r(34,130) d(33) a(35,84) d(35) r(25,177) a(34,34) a(31,45) a(34,32) r(25,177) a(3,94) a(34,64) a(28,158) d(32) r(31,99)", "fitness": 0.0}
{"generation": 10, "position": 8, "parents": [49, 8], "genome": "a(31,77) r(1,65) r(33,158) a(32,49)", "fitness": 0.0}
{"generation": 10, "position": 9, "parents": [49, 8], "genome": "d(31) a(25,164) r(25,177) a(3,94) d(25) d(34) a(35,62) r(35,130) d(32) d(28) d(32) r(25,78) d(33) d(3) r(2,76)", "fitness": 0.0}
{"generation": 10, "position": 10, "parents": [49], "genome": "a(31,77) d(32) r(25,78) d(33) d(3) a(1,108)", "fitness": 0.0}
{"generation": 10, "position": 11, "parents": [8], "genome": "d(31) a(25,164) r(25,177) a(3,94) d(25) d(34) a(35,62) r(35,130) d(32) d(28) r(1,65) r(33,158)", "fitness": 0.0}
{"generation": 10, "position": 12, "parents": [1], "genome": "a(31,77) r(32,25) a(35,105) r(2,138) d(25) d(35) a(25,164) r(25,177) a(3,94) a(34,64) a(33,134) r(33,87) a(28,33)", "fitness": 0.0}
{"generation": 10, "position": 13, "parents": [7], "genome": "a(31,77) r(32,25) a(35,105) r(2,138) d(25) d(35) a(25,164) r(25,177) a(3,94) a(34,64) a(33,134) d(33) r(1,108)", "fitness": 0.0}
{"generation": 10, "position": 14, "parents": [4, 41], "genome": "a(31,77) r(32,25) a(35,84) d(35) r(25,177) a(34,34) a(31,45) a(34,32) r(25,177) a(3,94) r(35,164) r(27,48) a(25,46) d(25) a(34,65) a(28,158) r(28,148) d(34)", "fitness": 0.0}
{"generation": 10, "position": 15, "parents": [4, 41], "genome": "r(2,112) a(34,64) a(28,158) a(34,37) a(35,158)", "fitness": 0.0}
{"generation": 10, "position": 16, "parents": [4], "genome": "a(31,77) r(32,25) a(35,84) d(35) r(25,177) a(34,34) a(31,45) a(34,32) r(25,177) a(3,94) a(34,64) a(28,158) a(34,37) d(2)", "fitness": 0.0}
{"generation": 10, "position": 17, "parents": [41], "genome": "r(2,112) r(35,164) r(27,48) a(25,46) d(25) a(34,65) a(28,158) r(28,148) a(1,45)", "fitness": 0.0}
{"generation": 10, "position": 18, "parents": [46, 40], "genome": "r(2,112) r(35,164) r(35,164) r(27,48) a(25,46) d(25) r(34,130) r(25,177) a(3,94) a(34,64) d(34) d(35) r(33,62)", "fitness": 0.0}
{"generation": 10, "position": 19, "parents": [46, 40], "genome": "d(31) a(25,164) d(33) r(32,78) d(31) r(28,47) r(1,158) d(25)", "fitness": 0.0}
{"generation": 10, "position": 20, "parents": [46], "genome": "r(2,112) r(35,164) r(35,164) r(27,48) a(25,46) d(25) r(34,130) d(33) r(32,78) d(31) r(28,47) r(1,158)", "fitness": 0.0}
{"generation": 10, "position": 21, "parents": [40], "genome": "d(31) a(25,164) r(25,177) a(3,94) a(34,64) d(34) d(35) d(3)", "fitness": 0.0}
{"generation": 10, "position": 22, "parents": [48], "genome": "d(31) a(34,65) r(34,164) r(25,37) r(1,34) d(27) d(32) r(35,60) r(28,50) a(33,60) d(35) d(2) a(33,134) a(33,50)", "fitness": 0.0}
{"generation": 10, "position": 23, "parents": [22], "genome": "d(31) a(25,164) a(34,84) r(34,62) r(35,97)", "fitness": 0.0}
{"generation": 10, "position": 24, "parents": [26], "genome": "r(2,112) r(2,62) d(33) d(35) d(25) r(34,130) d(33) a(28,65) r(32,70) d(1) d(28)", "fitness": 0.0}
{"generation": 10, "position": 25, "parents": [32], "genome": "r(2,112) r(35,164) r(35,164) r(27,48) a(25,46) d(25) r(34,130) d(33) r(32,78) d(31) r(28,35) d(1)", "fitness": 0.0}
{"generation": 10, "position": 26, "parents": [49], "genome": "a(31,77) d(32) r(25,78) d(33) d(3) d(2)", "fitness": 0.0}
{"generation": 10, "position": 27, "parents": [29], "genome": "d(31) r(27,48) a(25,46) d(25) r(34,130) d(33) r(32,25) a(35,84) d(35) r(25,177) a(34,34) a(31,45) a(34,48) a(31,62) r(28,50) d(2)", "fitness": 0.0}
{"generation": 10, "position": 28, "parents": [17], "genome": "a(31,77) d(32) r(25,78) d(35) r(34,178) d(3) a(1,46)", "fitness": 0.0}
{"generation": 10, "position": 29, "parents": [30], "genome": "a(31,77) r(32,25) a(35,84) d(35) r(25,177) a(34,34) a(31,45) a(34,48) a(31,62) d(2) d(34)", "fitness": 0.0}
{"generation": 10, "position": 30, "parents": [30, 29], "genome": "a(31,77) a(34,48) a(31,62) r(28,50) a(27,164)", "fitness": 0.0}
{"generation": 10, "position": 31, "parents": [30, 29], "genome": "d(31) r(27,48) a(25,46) d(25) r(34,130) d(33) r(32,25) a(35,84) d(35) r(25,177) a(34,34) a(31,45) r(32,25) a(35,84) d(35) r(25,177) a(34,34) a(31,45) a(34,48) a(31,62) d(2) d(28)", "fitness": 0.0}
{"generation": 10, "position": 32, "parents": [30], "genome": "a(31,77) r(32,25) a(35,84) d(35) r(25,177) a(34,34) a(31,45) a(34,48) a(31,62) d(2) a(33,84)", "fitness": 0.0}
{"generation": 10, "position": 33, "parents": [29], "genome": "d(31) r(27,48) a(25,46) d(25) r(34,130) d(33) r(32,25) a(35,84) d(35) r(25,177) a(34,34) a(31,45) a(34,48) a(31,62) r(28,50) a(2,54)", "fitness": 0.0}
{"generation": 10, "position": 34, "parents": [36, 0], "genome": "r(2,112) r(35,164) r(27,48) a(25,46) d(25) d(33) a(28,52)", "fitness": 0.0}
{"generation": 10, "position": 35, "parents": [36, 0], "genome": "a(31,77) r(32,25) a(35,84) d(35) r(25,177) a(34,34) d(25) d(34) a(35,62) r(35,130) d(32) d(28) r(1,65) d(34) a(35,62) r(35,130) d(32) d(28) r(1,65) d(33)", "fitness": 0.0}
{"generation": 10, "position": 36, "parents": [36], "genome": "r(2,112) r(35,164) r(27,48) a(25,46) d(25) d(34) a(35,62) r(35,130) d(32) d(28) r(1,65) d(33)", "fitness": 0.0}
{"generation": 10, "position": 37, "parents": [0], "genome": "a(31,77) r(32,25) a(35,84) d(35) r(25,177) a(34,34) d(25) d(34) a(35,62) r(35,130) d(32) d(28) r(1,65) d(33)", "fitness": 0.0}
{"generation": 10, "position": 38, "parents": [14], "genome": "r(2,112) r(2,62) d(33) d(35) r(25,80) d(2) r(25,78) d(35) r(34,178) r(32,70) a(31,108)", "fitness": 0.0}
{"generation": 10, "position": 39, "parents": [45], "genome": "r(2,112) r(2,62) d(33) d(35) d(25) r(34,130) d(33) a(28,65) r(32,70) d(1) d(28)", "fitness": 0.0}
{"generation": 10, "position": 40, "parents": [48], "genome": "d(31) a(34,65) r(34,164) r(25,37) r(1,34) d(27) d(32) r(35,60) r(28,50) a(33,60) d(35) d(2) a(33,134) d(33)", "fitness": 12.0}
{"generation": 10, "position": 41, "parents": [35], "genome": "r(2,112) r(35,164) r(35,164) r(27,48) a(25,46) d(25) r(34,130) d(33) r(32,78) d(31) r(28,35) d(1)", "fitness": 0.0}
{"generation": 10, "position": 42, "parents": [23], "genome": "r(2,112) r(35,164) r(35,164) r(27,48) a(25,46) d(25) r(32,78) a(33,177)", "fitness": 0.0}
{"generation": 10, "position": 43, "parents": [5], "genome": "r(2,112) r(2,62) d(33) d(35) d(25) r(34,130) d(33) a(28,65) r(32,70) d(1) d(28)", "fitness": 0.0}
{"generation": 10, "position": 44, "parents": [22], "genome": "d(31) a(25,164) a(34,84) r(34,62) a(33,100)", "fitness": 0.0}
{"generation": 10, "position": 45, "parents": [17], "genome": "a(31,77) d(32) r(25,78) d(35) r(34,178) d(3) d(1)", "fitness": 0.0}
{"generation": 10, "position": 46, "parents": [32], "genome": "r(2,112) r(35,164) r(35,164) r(27,48) a(25,46) d(25) r(34,130) d(33) r(32,78) d(31) r(28,35) d(1)", "fitness": 0.0}
{"generation": 10, "position": 47, "parents": [21], "genome": "r(2,112) r(35,164) d(35) a(34,148) d(34) a(33,105)", "fitness": 0.0}
{"generation": 10, "position": 48, "parents": [17, 0], "genome": "a(31,77) d(32) r(25,78) r(35,130)", "fitness": 0.0}
{"generation": 10, "position": 49, "parents": [17, 0], "genome": "a(31,77) r(32,25) a(35,84) d(35) r(25,177) a(34,34) d(25) d(34) a(35,62) r(35,130) d(32) d(28) r(1,65) d(33) d(35) r(34,178) d(3)", "fitness": 0.0}
{"generation": 10, "position": 50, "parents": [17], "genome": "a(31,77) d(32) r(25,78) d(35) r(34,178) d(3) r(31,108)", "fitness": 0.0}
{"generation": 10, "position": 51, "parents": [0], "genome": "a(31,77) r(32,25) a(35,84) d(35) r(25,177) a(34,34) d(25) d(34) a(35,62) r(35,130) d(32) d(28) r(1,65) d(33)", "fitness": 0.0}
{"generation": 10, "position": 52, "parents": [30], "genome": "a(31,77) r(32,25) a(35,84) d(35) r(25,177) a(34,34) a(31,45) a(34,48) a(31,62) d(2) a(34,134)", "fitness": 0.0}