[meta]
{"program": "genprog-3.0", "problem": {"ideal_fitness": "12", "type": "repair", "name": "svr-look", "enclosure": {"1": 0, "2": 1, "3": 2, "4": 3, "7": 1, "8": 7, "10": 0, "12": 0, "14": 0, "15": 0, "16": 15, "17": 15, "22": 7, "23": 1, "24": 1, "25": 0, "26": 25, "27": 25, "28": 0, "29": 28, "30": 28, "31": 28, "32": 0, "33": 0, "34": 33, "35": 33, "36": 33, "37": 0, "38": 0, "39": 38, "40": 38, "41": 40, "42": 40, "43": 40, "44": 38, "45": 0, "46": 0, "47": 0, "48": 0, "49": 0, "50": 49, "51": 49, "52": 49, "53": 52, "54": 52, "55": 52, "56": 55, "57": 56, "60": 49, "61": 49, "62": 61, "64": 49, "65": 49, "67": 0, "69": 67, "70": 0, "72": 0, "75": 49, "76": 0, "77": 0, "78": 77, "79": 77, "80": 79, "82": 77, "83": 77, "84": 83, "85": 83, "86": 77, "87": 77, "89": 0, "90": 0, "94": 0, "95": 94, "96": 94, "97": 96, "99": 94, "100": 94, "102": 0, "105": 0, "106": 0, "107": 106, "108": 107, "110": 106, "111": 110, "112": 110, "113": 106, "114": 106, "115": 0, "116": 115, "117": 115, "118": 117, "119": 117, "120": 119, "121": 119, "122": 117, "123": 115, "124": 0, "125": 0, "126": 0, "127": 126, "128": 126, "129": 126, "130": 129, "132": 126, "133": 126, "134": 133, "135": 133, "136": 126, "138": 136, "139": 126, "140": 126, "141": 126, "142": 0, "143": 142, "144": 143, "146": 142, "147": 0, "148": 0, "149": 0, "150": 0, "151": 150, "152": 150, "153": 150, "154": 150, "155": 150, "156": 155, "158": 155, "159": 150, "160": 159, "161": 159, "162": 161, "164": 159, "165": 150, "166": 165, "167": 165, "168": 167, "169": 167, "170": 165, "171": 150, "172": 150, "173": 150, "174": 173, "176": 173, "177": 150, "178": 0}}, "version": "0.0.2", "seed": 43, "algorithm": {"representation": "patch", "type": "genetic", "name": "ALGORITHM-NAME"}}

[data]
{"generation": 0, "position": 0, "parents": [], "genome": "d(27)", "fitness": 4.0}
{"generation": 0, "position": 1, "parents": [], "genome": "r(34,51)", "fitness": 4.0}
{"generation": 0, "position": 2, "parents": [], "genome": "a(33,51)", "fitness": 4.0}
{"generation": 0, "position": 3, "parents": [], "genome": "r(34,33)", "fitness": 4.0}
{"generation": 0, "position": 4, "parents": [], "genome": "d(35)", "fitness": 4.0}
{"generation": 0, "position": 5, "parents": [], "genome": "d(33)", "fitness": 4.0}
{"generation": 0, "position": 6, "parents": [], "genome": "d(35)", "fitness": 4.0}
{"generation": 0, "position": 7, "parents": [], "genome": "r(28,36)", "fitness": 0.0}
{"generation": 0, "position": 8, "parents": [], "genome": "a(35,53)", "fitness": 4.0}
{"generation": 0, "position": 9, "parents": [], "genome": "d(34)", "fitness": 4.0}
{"generation": 0, "position": 10, "parents": [], "genome": "r(34,138)", "fitness": 4.0}
{"generation": 0, "position": 11, "parents": [], "genome": "a(34,31)", "fitness": 4.0}
{"generation": 0, "position": 12, "parents": [], "genome": "d(2)", "fitness": 0.0}
{"generation": 0, "position": 13, "parents": [], "genome": "r(34,95)", "fitness": 4.0}
{"generation": 0, "position": 14, "parents": [], "genome": "d(34)", "fitness": 4.0}
{"generation": 0, "position": 15, "parents": [], "genome": "d(35)", "fitness": 4.0}
{"generation": 0, "position": 16, "parents": [], "genome": "d(35)", "fitness": 4.0}
{"generation": 0, "position": 17, "parents": [], "genome": "d(35)", "fitness": 4.0}
{"generation": 0, "position": 18, "parents": [], "genome": "a(1,49)", "fitness": 0.0}
{"generation": 0, "position": 19, "parents": [], "genome": "a(35,164)", "fitness": 4.0}
{"generation": 0, "position": 20, "parents": [], "genome": "a(35,28)", "fitness": 4.0}
{"generation": 0, "position": 21, "parents": [], "genome": "d(35)", "fitness": 4.0}
{"generation": 0, "position": 22, "parents": [], "genome": "a(35,34)", "fitness": 4.0}
{"generation": 0, "position": 23, "parents": [], "genome": "d(3)", "fitness": 12.0}
{"generation": 0, "position": 24, "parents": [], "genome": "r(34,65)", "fitness": 4.0}
{"generation": 0, "position": 25, "parents": [], "genome": "a(35,52)", "fitness": 4.0}
{"generation": 0, "position": 26, "parents": [], "genome": "a(3,176)", "fitness": 4.0}
{"generation": 0, "position": 27, "parents": [], "genome": "r(34,44)", "fitness": 4.0}
{"generation": 0, "position": 28, "parents": [], "genome": "d(34)", "fitness": 4.0}
{"generation": 0, "position": 29, "parents": [], "genome": "a(31,177)", "fitness": 4.0}
{"generation": 0, "position": 30, "parents": [], "genome": "d(35)", "fitness": 4.0}
{"generation": 0, "position": 31, "parents": [], "genome": "d(35)", "fitness": 4.0}
{"generation": 0, "position": 32, "parents": [], "genome": "r(33,130)", "fitness": 4.0}
{"generation": 0, "position": 33, "parents": [], "genome": "d(35)", "fitness": 4.0}
{"generation": 0, "position": 34, "parents": [], "genome": "d(34)", "fitness": 4.0}
{"generation": 0, "position": 35, "parents": [], "genome": "a(32,158)", "fitness": 4.0}
{"generation": 0, "position": 36, "parents": [], "genome": "a(34,83)", "fitness": 4.0}
{"generation": 0, "position": 37, "parents": [], "genome": "d(35)", "fitness": 4.0}
{"generation": 0, "position": 38, "parents": [], "genome": "r(35,57)", "fitness": 4.0}
{"generation": 0, "position": 39, "parents": [], "genome": "original", "fitness": 4.0}
{"generation": 1, "position": 0, "parents": [36, 32], "genome": "a(34,83) d(1)", "fitness": 4.0}
{"generation": 1, "position": 1, "parents": [36, 32], "genome": "r(33,130) d(3)", "fitness": 12.0}
{"generation": 1, "position": 2, "parents": [36], "genome": "a(34,83) a(35,80)", "fitness": 4.0}
{"generation": 1, "position": 3, "parents": [32], "genome": "r(33,130) r(31,112)", "fitness": 0.0}
{"generation": 1, "position": 4, "parents": [11, 21], "genome": "a(34,31) r(35,28)", "fitness": 4.0}
{"generation": 1, "position": 5, "parents": [11, 21], "genome": "d(35) r(1,46)", "fitness": 4.0}
{"generation": 1, "position": 6, "parents": [11], "genome": "a(34,31) d(34)", "fitness": 4.0}
{"generation": 1, "position": 7, "parents": [21], "genome": "d(35) a(34,80)", "fitness": 4.0}
{"generation": 1, "position": 8, "parents": [12, 5], "genome": "d(2) r(25,112)", "fitness": 0.0}
{"generation": 1, "position": 9, "parents": [12, 5], "genome": "d(33) r(31,84)", "fitness": 0.0}
{"generation": 1, "position": 10, "parents": [12], "genome": "d(2) d(35)", "fitness": 0.0}
{"generation": 1, "position": 11, "parents": [5], "genome": "d(33) d(27)", "fitness": 4.0}
{"generation": 1, "position": 12, "parents": [13], "genome": "r(34,95) d(28)", "fitness": 0.0}
{"generation": 1, "position": 13, "parents": [22], "genome": "a(35,34) a(27,170)", "fitness": 4.0}
{"generation": 1, "position": 14, "parents": [21], "genome": "d(35) a(34,170)", "fitness": 4.0}
{"generation": 1, "position": 15, "parents": [2], "genome": "a(33,51) d(31)", "fitness": 0.0}
{"generation": 1, "position": 16, "parents": [39, 36], "genome": "d(34)", "fitness": 4.0}
{"generation": 1, "position": 17, "parents": [39, 36], "genome": "a(34,83) d(34)", "fitness": 4.0}
{"generation": 1, "position": 18, "parents": [39], "genome": "r(33,112)", "fitness": 4.0}
{"generation": 1, "position": 19, "parents": [36], "genome": "a(34,83) d(34)", "fitness": 4.0}
{"generation": 1, "position": 20, "parents": [29, 22], "genome": "a(31,177) r(34,46)", "fitness": 4.0}
{"generation": 1, "position": 21, "parents": [29, 22], "genome": "a(35,34) a(34,105)", "fitness": 4.0}
{"generation": 1, "position": 22, "parents": [29], "genome": "a(31,177) d(27)", "fitness": 4.0}
{"generation": 1, "position": 23, "parents": [22], "genome": "a(35,34) d(35)", "fitness": 4.0}
{"generation": 1, "position": 24, "parents": [27, 1], "genome": "r(34,44) r(3,53)", "fitness": 0.0}
{"generation": 1, "position": 25, "parents": [27, 1], "genome": "r(34,51) r(32,78)", "fitness": 0.0}
{"generation": 1, "position": 26, "parents": [27], "genome": "r(34,44) d(33)", "fitness": 4.0}
{"generation": 1, "position": 27, "parents": [1], "genome": "r(34,51) d(35)", "fitness": 4.0}
{"generation": 1, "position": 28, "parents": [1, 10], "genome": "r(34,51) r(32,36)", "fitness": 0.0}
{"generation": 1, "position": 29, "parents": [1, 10], "genome": "r(34,138) d(27)", "fitness": 4.0}
{"generation": 1, "position": 30, "parents": [1], "genome": "r(34,51) d(35)", "fitness": 4.0}
{"generation": 1, "position": 31, "parents": [10], "genome": "r(34,138) a(2,135)", "fitness": 4.0}
{"generation": 1, "position": 32, "parents": [28], "genome": "d(34) r(3,31)", "fitness": 12.0}
{"generation": 1, "position": 33, "parents": [26], "genome": "a(3,176) a(35,112)", "fitness": 4.0}
{"generation": 1, "position": 34, "parents": [21, 20], "genome": "d(35) r(25,80)", "fitness": 4.0}
{"generation": 1, "position": 35, "parents": [21, 20], "genome": "a(35,28) r(28,32)", "fitness": 0.0}
{"generation": 1, "position": 36, "parents": [21], "genome": "d(35) r(34,170)", "fitness": 4.0}
{"generation": 1, "position": 37, "parents": [20], "genome": "a(35,28) d(35)", "fitness": 4.0}
{"generation": 1, "position": 38, "parents": [12, 16], "genome": "d(2) a(33,34)", "fitness": 0.0}
{"generation": 1, "position": 39, "parents": [12, 16], "genome": "d(35) r(25,64)", "fitness": 4.0}
{"generation": 1, "position": 40, "parents": [12], "genome": "d(2) d(34)", "fitness": 0.0}
{"generation": 1, "position": 41, "parents": [16], "genome": "d(35) d(25)", "fitness": 4.0}
{"generation": 1, "position": 42, "parents": [5, 17], "genome": "d(33) d(28)", "fitness": 0.0}
{"generation": 1, "position": 43, "parents": [5, 17], "genome": "d(35) d(33)", "fitness": 4.0}
{"generation": 1, "position": 44, "parents": [5], "genome": "d(33) a(3,86)", "fitness": 4.0}
{"generation": 1, "position": 45, "parents": [17], "genome": "d(35) d(1)", "fitness": 4.0}
{"generation": 1, "position": 46, "parents": [27, 15], "genome": "r(34,44) r(35,33)", "fitness": 4.0}
{"generation": 1, "position": 47, "parents": [27, 15], "genome": "d(35) r(34,45)", "fitness": 4.0}
{"generation": 1, "position": 48, "parents": [27], "genome": "r(34,44) a(35,69)", "fitness": 4.0}
{"generation": 1, "position": 49, "parents": [15], "genome": "d(35) r(34,77)", "fitness": 4.0}
{"generation": 1, "position": 50, "parents": [3], "genome": "r(34,33) r(35,148)", "fitness": 4.0}
{"generation": 1, "position": 51, "parents": [37], "genome": "d(35) d(28)", "fitness": 0.0}
{"generation": 1, "position": 52, "parents": [36, 3], "genome": "a(34,83) r(35,178)", "fitness": 4.0}
{"generation": 1, "position": 53, "parents": [36, 3], "genome": "r(34,33) r(35,80)", "fitness": 4.0}
{"generation": 1, "position": 54, "parents": [36], "genome": "a(34,83) d(28)", "fitness": 0.0}
{"generation": 1, "position": 55, "parents": [3], "genome": "r(34,33) d(32)", "fitness": 0.0}
{"generation": 1, "position": 56, "parents": [37, 34], "genome": "d(35) a(27,148)", "fitness": 0.0}
{"generation": 1, "position": 57, "parents": [37, 34], "genome": "d(34) r(35,38)", "fitness": 4.0}
{"generation": 1, "position": 58, "parents": [37], "genome": "d(35) d(34)", "fitness": 4.0}
{"generation": 1, "position": 59, "parents": [34], "genome": "d(34) r(1,62)", "fitness": 4.0}
{"generation": 1, "position": 60, "parents": [5], "genome": "d(33) r(28,97)", "fitness": 0.0}
{"generation": 1, "position": 61, "parents": [7], "genome": "r(28,36) r(34,100)", "fitness": 0.0}
{"generation": 1, "position": 62, "parents": [22], "genome": "a(35,34) r(2,82)", "fitness": 0.0}
{"generation": 1, "position": 63, "parents": [2], "genome": "a(33,51) d(31)", "fitness": 0.0}
{"generation": 1, "position": 64, "parents": [33], "genome": "d(35) a(34,65)", "fitness": 4.0}
{"generation": 2, "position": 0, "parents": [48, 62], "genome": "r(34,44) r(33,95)", "fitness": 4.0}
{"generation": 2, "position": 1, "parents": [48, 62], "genome": "a(35,34) r(2,82) a(35,69) r(35,48)", "fitness": 0.0}
{"generation": 2, "position": 2, "parents": [48], "genome": "r(34,44) a(35,69) a(35,49)", "fitness": 4.0}
{"generation": 2, "position": 3, "parents": [62], "genome": "a(35,34) r(2,82) d(32)", "fitness": 0.0}
{"generation": 2, "position": 4, "parents": [12], "genome": "r(34,95) d(28) r(2,77)", "fitness": 0.0}
{"generation": 2, "position": 5, "parents": [18], "genome": "r(33,112) r(28,99)", "fitness": 0.0}
{"generation": 2, "position": 6, "parents": [34, 24], "genome": "d(35) r(25,80) r(3,53) r(34,164)", "fitness": 0.0}
{"generation": 2, "position": 7, "parents": [34, 24], "genome": "r(34,44) r(35,82)", "fitness": 4.0}
{"generation": 2, "position": 8, "parents": [34], "genome": "d(35) r(25,80) a(34,44)", "fitness": 4.0}
{"generation": 2, "position": 9, "parents": [24], "genome": "r(34,44) r(3,53) r(1,108)", "fitness": 4.0}
{"generation": 2, "position": 10, "parents": [39, 46], "genome": "d(35) r(25,64) a(34,112)", "fitness": 4.0}
{"generation": 2, "position": 11, "parents": [39, 46], "genome": "r(34,44) r(35,33) d(1)", "fitness": 4.0}
{"generation": 2, "position": 12, "parents": [39], "genome": "d(35) r(25,64) a(31,77)", "fitness": 0.0}
{"generation": 2, "position": 13, "parents": [46], "genome": "r(34,44) r(35,33) r(25,148)", "fitness": 0.0}
{"generation": 2, "position": 14, "parents": [25], "genome": "r(34,51) r(32,78) r(1,31)", "fitness": 0.0}
{"generation": 2, "position": 15, "parents": [47], "genome": "d(35) r(34,45) r(27,105)", "fitness": 12.0}
{"generation": 2, "position": 16, "parents": [35], "genome": "a(35,28) r(28,32) a(34,76)", "fitness": 0.0}
{"generation": 2, "position": 17, "parents": [35], "genome": "a(35,28) r(28,32) a(25,54)", "fitness": 0.0}
{"generation": 2, "position": 18, "parents": [43], "genome": "d(35) d(33) d(28)", "fitness": 0.0}
{"generation": 2, "position": 19, "parents": [42], "genome": "d(33) d(28) r(25,64)", "fitness": 0.0}
{"generation": 2, "position": 20, "parents": [61, 50], "genome": "r(28,36) d(34)", "fitness": 0.0}
{"generation": 2, "position": 21, "parents": [61, 50], "genome": "r(34,33) r(35,148) r(34,100) a(31,32)", "fitness": 4.0}
{"generation": 2, "position": 22, "parents": [61], "genome": "r(28,36) r(34,100) d(35)", "fitness": 0.0}
{"generation": 2, "position": 23, "parents": [50], "genome": "r(34,33) r(35,148) r(1,47)", "fitness": 0.0}
{"generation": 2, "position": 24, "parents": [40, 28], "genome": "d(2) r(32,36) r(34,176)", "fitness": 0.0}
{"generation": 2, "position": 25, "parents": [40, 28], "genome": "r(34,51) d(34) d(27)", "fitness": 4.0}
{"generation": 2, "position": 26, "parents": [40], "genome": "d(2) d(34) a(35,45)", "fitness": 0.0}
{"generation": 2, "position": 27, "parents": [28], "genome": "r(34,51) r(32,36) r(35,86)", "fitness": 0.0}
{"generation": 2, "position": 28, "parents": [62, 24], "genome": "a(35,34) r(3,53) d(34)", "fitness": 0.0}
{"generation": 2, "position": 29, "parents": [62, 24], "genome": "r(34,44) r(2,82) d(35)", "fitness": 0.0}
{"generation": 2, "position": 30, "parents": [62], "genome": "a(35,34) r(2,82) r(34,170)", "fitness": 0.0}
{"generation": 2, "position": 31, "parents": [24], "genome": "r(34,44) r(3,53) a(32,130)", "fitness": 0.0}
{"generation": 2, "position": 32, "parents": [55, 18], "genome": "r(34,33) d(32) d(35)", "fitness": 0.0}
{"generation": 2, "position": 33, "parents": [55, 18], "genome": "r(33,112) d(2)", "fitness": 0.0}
{"generation": 2, "position": 34, "parents": [55], "genome": "r(34,33) d(32) r(35,37)", "fitness": 0.0}
{"generation": 2, "position": 35, "parents": [18], "genome": "r(33,112) d(3)", "fitness": 12.0}
{"generation": 2, "position": 36, "parents": [40, 24], "genome": "d(2) d(34)", "fitness": 0.0}
{"generation": 2, "position": 37, "parents": [40, 24], "genome": "r(34,44) r(3,53) d(34) a(2,76)", "fitness": 0.0}
{"generation": 2, "position": 38, "parents": [40], "genome": "d(2) d(34) r(33,35)", "fitness": 0.0}
{"generation": 2, "position": 39, "parents": [24], "genome": "r(34,44) r(3,53) d(25)", "fitness": 0.0}
{"generation": 2, "position": 40, "parents": [41, 20], "genome": "d(35) d(25) r(34,46) r(33,80)", "fitness": 4.0}
{"generation": 2, "position": 41, "parents": [41, 20], "genome": "a(31,177) d(25)", "fitness": 4.0}
{"generation": 2, "position": 42, "parents": [41], "genome": "d(35) d(25) d(34)", "fitness": 4.0}
{"generation": 2, "position": 43, "parents": [20], "genome": "a(31,177) r(34,46) a(31,60)", "fitness": 0.0}
{"generation": 2, "position": 44, "parents": [8, 47], "genome": "d(2) r(34,45) d(35)", "fitness": 0.0}
{"generation": 2, "position": 45, "parents": [8, 47], "genome": "d(35) r(25,112) a(1,36)", "fitness": 4.0}
{"generation": 2, "position": 46, "parents": [8], "genome": "d(2) r(25,112) a(34,44)", "fitness": 0.0}
{"generation": 2, "position": 47, "parents": [47], "genome": "d(35) r(34,45) r(25,49)", "fitness": 0.0}
{"generation": 2, "position": 48, "parents": [24], "genome": "r(34,44) r(3,53) r(35,95)", "fitness": 0.0}
{"generation": 2, "position": 49, "parents": [35], "genome": "a(35,28) r(28,32) a(35,170)", "fitness": 0.0}
{"generation": 2, "position": 50, "parents": [42], "genome": "d(33) d(28) d(1)", "fitness": 0.0}
{"generation": 2, "position": 51, "parents": [2], "genome": "a(34,83) a(35,80) d(34)", "fitness": 4.0}
{"generation": 2, "position": 52, "parents": [31, 24], "genome": "r(34,138) a(2,135) r(3,97)", "fitness": 12.0}
{"generation": 2, "position": 53, "parents": [31, 24], "genome": "r(34,44) r(3,53) a(35,86)", "fitness": 0.0}
{"generation": 2, "position": 54, "parents": [31], "genome": "r(34,138) a(2,135) d(35)", "fitness": 4.0}
{"generation": 2, "position": 55, "parents": [24], "genome": "r(34,44) r(3,53) r(33,31)", "fitness": 0.0}
{"generation": 2, "position": 56, "parents": [29, 54], "genome": "r(34,138) r(1,135)", "fitness": 4.0}
{"generation": 2, "position": 57, "parents": [29, 54], "genome": "a(34,83) d(28) d(27) a(35,32)", "fitness": 0.0}
{"generation": 2, "position": 58, "parents": [29], "genome": "r(34,138) d(27) d(35)", "fitness": 4.0}
{"generation": 2, "position": 59, "parents": [54], "genome": "a(34,83) d(28) a(35,47)", "fitness": 0.0}
{"generation": 2, "position": 60, "parents": [25, 52], "genome": "r(34,51) r(35,178) a(25,57)", "fitness": 4.0}
{"generation": 2, "position": 61, "parents": [25, 52], "genome": "a(34,83) r(32,78) r(35,31)", "fitness": 0.0}
{"generation": 2, "position": 62, "parents": [25], "genome": "r(34,51) r(32,78) a(31,51)", "fitness": 0.0}
{"generation": 2, "position": 63, "parents": [52], "genome": "a(34,83) r(35,178) d(33)", "fitness": 4.0}
{"generation": 2, "position": 64, "parents": [62, 60], "genome": "a(35,34) r(2,82) r(28,97) r(35,50)", "fitness": 0.0}
{"generation": 2, "position": 65, "parents": [62, 60], "genome": "d(33) r(27,170)", "fitness": 4.0}
{"generation": 2, "position": 66, "parents": [62], "genome": "a(35,34) r(2,82) d(35)", "fitness": 0.0}
{"generation": 3, "position": 0, "parents": [22, 44], "genome": "r(28,36) r(34,100) d(35) r(34,45) d(35) a(27,158)", "fitness": 0.0}
{"generation": 3, "position": 1, "parents": [22, 44], "genome": "d(2) r(34,100)", "fitness": 0.0}
{"generation": 3, "position": 2, "parents": [22], "genome": "r(28,36) r(34,100) d(35) a(32,27)", "fitness": 0.0}
{"generation": 3, "position": 3, "parents": [44], "genome": "d(2) r(34,45) d(35) d(25)", "fitness": 0.0}
{"generation": 3, "position": 4, "parents": [48, 24], "genome": "r(34,44) r(3,53) r(32,36) r(34,176) a(35,44)", "fitness": 0.0}
{"generation": 3, "position": 5, "parents": [48, 24], "genome": "d(2) r(35,95) d(34)", "fitness": 0.0}
{"generation": 3, "position": 6, "parents": [48], "genome": "r(34,44) r(3,53) r(35,95) a(2,130)", "fitness": 0.0}
{"generation": 3, "position": 7, "parents": [24], "genome": "d(2) r(32,36) r(34,176) a(35,48)", "fitness": 0.0}
{"generation": 3, "position": 8, "parents": [43, 43], "genome": "a(31,177) r(34,46) a(31,60) d(35)", "fitness": 0.0}
{"generation": 3, "position": 9, "parents": [43, 43], "genome": "a(31,177) r(34,46) a(31,60) a(35,158)", "fitness": 0.0}
{"generation": 3, "position": 10, "parents": [43], "genome": "a(31,177) r(34,46) a(31,60) a(2,99)", "fitness": 0.0}
{"generation": 3, "position": 11, "parents": [43], "genome": "a(31,177) r(34,46) a(31,60) r(31,65)", "fitness": 0.0}
{"generation": 3, "position": 12, "parents": [16], "genome": "a(35,28) r(28,32) a(34,76) d(27)", "fitness": 0.0}
{"generation": 3, "position": 13, "parents": [60], "genome": "r(34,51) r(35,178) a(25,57) a(28,44)", "fitness": 4.0}
{"generation": 3, "position": 14, "parents": [59], "genome": "a(34,83) d(28) a(35,47) a(34,51)", "fitness": 0.0}
{"generation": 3, "position": 15, "parents": [18], "genome": "d(35) d(33) d(28) r(32,94)", "fitness": 0.0}
{"generation": 3, "position": 16, "parents": [47], "genome": "d(35) r(34,45) r(25,49) a(33,112)", "fitness": 0.0}
{"generation": 3, "position": 17, "parents": [20], "genome": "r(28,36) d(34) a(35,77)", "fitness": 0.0}
{"generation": 3, "position": 18, "parents": [54], "genome": "r(34,138) a(2,135) d(35) d(28)", "fitness": 0.0}
{"generation": 3, "position": 19, "parents": [1], "genome": "a(35,34) r(2,82) a(35,69) r(35,48) a(34,95)", "fitness": 0.0}
{"generation": 3, "position": 20, "parents": [61], "genome": "a(34,83) r(32,78) r(35,31) d(34)", "fitness": 0.0}
{"generation": 3, "position": 21, "parents": [43], "genome": "a(31,177) r(34,46) a(31,60) r(2,32)", "fitness": 0.0}
{"generation": 3, "position": 22, "parents": [29], "genome": "r(34,44) r(2,82) d(35) d(31)", "fitness": 0.0}
{"generation": 3, "position": 23, "parents": [44], "genome": "d(2) r(34,45) d(35) a(25,46)", "fitness": 0.0}
{"generation": 3, "position": 24, "parents": [14, 23], "genome": "r(34,51) r(35,148) r(1,47) r(31,47)", "fitness": 0.0}
{"generation": 3, "position": 25, "parents": [14, 23], "genome": "r(34,33) r(32,78) r(1,31) r(35,94)", "fitness": 0.0}
{"generation": 3, "position": 26, "parents": [14], "genome": "r(34,51) r(32,78) r(1,31) d(35)", "fitness": 0.0}
{"generation": 3, "position": 27, "parents": [23], "genome": "r(34,33) r(35,148) r(1,47) d(25)", "fitness": 0.0}
{"generation": 3, "position": 28, "parents": [39], "genome": "r(34,44) r(3,53) d(25) r(35,97)", "fitness": 0.0}
{"generation": 3, "position": 29, "parents": [32], "genome": "r(34,33) d(32) d(35) r(2,35)", "fitness": 0.0}
{"generation": 3, "position": 30, "parents": [23, 23], "genome": "r(34,33) r(35,148) r(1,47) r(33,1)", "fitness": 0.0}
{"generation": 3, "position": 31, "parents": [23, 23], "genome": "r(34,33) r(35,148) r(1,47) a(31,31)", "fitness": 0.0}
{"generation": 3, "position": 32, "parents": [23], "genome": "r(34,33) r(35,148) r(1,47) r(28,46)", "fitness": 0.0}
{"generation": 3, "position": 33, "parents": [23], "genome": "r(34,33) r(35,148) r(1,47) r(31,164)", "fitness": 0.0}
{"generation": 3, "position": 34, "parents": [7, 57], "genome": "r(34,44) r(35,82) d(27) a(35,32) d(32)", "fitness": 0.0}
{"generation": 3, "position": 35, "parents": [7, 57], "genome": "a(34,83) d(28) r(35,57)", "fitness": 0.0}
{"generation": 3, "position": 36, "parents": [7], "genome": "r(34,44) r(35,82) d(27)", "fitness": 4.0}
{"generation": 3, "position": 37, "parents": [57], "genome": "a(34,83) d(28) d(27) a(35,32) r(35,170)", "fitness": 0.0}
{"generation": 3, "position": 38, "parents": [55], "genome": "r(34,44) r(3,53) r(33,31) a(1,47)", "fitness": 0.0}
{"generation": 3, "position": 39, "parents": [57], "genome": "a(34,83) d(28) d(27) a(35,32) a(3,56)", "fitness": 0.0}
{"generation": 3, "position": 40, "parents": [39], "genome": "r(34,44) r(3,53) d(25) a(35,78)", "fitness": 0.0}
{"generation": 3, "position": 41, "parents": [17], "genome": "a(35,28) r(28,32) a(25,54) r(2,80)", "fitness": 0.0}
{"generation": 3, "position": 42, "parents": [51, 61], "genome": "a(34,83) a(35,80) a(35,70)", "fitness": 4.0}
{"generation": 3, "position": 43, "parents": [51, 61], "genome": "a(34,83) r(32,78) r(35,31) d(34) a(27,95)", "fitness": 0.0}
{"generation": 3, "position": 44, "parents": [51], "genome": "a(34,83) a(35,80) d(34) r(35,50)", "fitness": 4.0}
{"generation": 3, "position": 45, "parents": [61], "genome": "a(34,83) r(32,78) r(35,31) a(34,33)", "fitness": 0.0}
{"generation": 3, "position": 46, "parents": [43], "genome": "a(31,177) r(34,46) a(31,60) d(33)", "fitness": 0.0}
{"generation": 3, "position": 47, "parents": [23], "genome": "r(34,33) r(35,148) r(1,47) a(33,95)", "fitness": 0.0}
{"generation": 3, "position": 48, "parents": [27, 27], "genome": "r(34,51) r(32,36) r(35,86) r(33,70)", "fitness": 0.0}
{"generation": 3, "position": 49, "parents": [27, 27], "genome": "r(34,51) r(32,36) r(35,86) a(3,178)", "fitness": 0.0}
{"generation": 3, "position": 50, "parents": [27], "genome": "r(34,51) r(32,36) r(35,86) d(3)", "fitness": 12.0}
{"generation": 3, "position": 51, "parents": [27], "genome": "r(34,51) r(32,36) r(35,86) a(33,31)", "fitness": 0.0}
{"generation": 3, "position": 52, "parents": [16], "genome": "a(35,28) r(28,32) a(34,76) d(34)", "fitness": 0.0}
{"generation": 3, "position": 53, "parents": [13], "genome": "r(34,44) r(35,33) r(25,148) a(2,87)", "fitness": 0.0}
{"generation": 3, "position": 54, "parents": [34, 19], "genome": "r(34,33) d(32) r(35,37) d(28) r(25,64) r(1,69)", "fitness": 0.0}
{"generation": 3, "position": 55, "parents": [34, 19], "genome": "d(33) d(1)", "fitness": 4.0}
{"generation": 3, "position": 56, "parents": [34], "genome": "r(34,33) d(32) r(35,37) a(2,108)", "fitness": 0.0}
{"generation": 4, "position": 0, "parents": [29], "genome": "r(34,33) d(32) d(35) r(2,35) d(27)", "fitness": 0.0}
{"generation": 4, "position": 1, "parents": [56], "genome": "r(34,33) d(32) r(35,37) a(2,108) r(25,100)", "fitness": 0.0}
{"generation": 4, "position": 2, "parents": [24, 45], "genome": "r(34,51) r(35,148) r(1,47) r(31,47) r(32,78) r(35,31) a(34,33) d(27)", "fitness": 0.0}
{"generation": 4, "position": 3, "parents": [24, 45], "genome": "a(34,83) r(35,31)", "fitness": 4.0}
{"generation": 4, "position": 4, "parents": [24], "genome": "r(34,51) r(35,148) r(1,47) r(31,47) r(25,94)", "fitness": 0.0}
{"generation": 4, "position": 5, "parents": [45], "genome": "a(34,83) r(32,78) r(35,31) a(34,33) d(28)", "fitness": 0.0}
{"generation": 4, "position": 6, "parents": [10, 11], "genome": "a(31,177) r(34,46) r(34,46) a(31,60) r(31,65) a(25,95)", "fitness": 0.0}
{"generation": 4, "position": 7, "parents": [10, 11], "genome": "a(31,177) a(31,60) a(2,99) r(3,55)", "fitness": 12.0}
{"generation": 4, "position": 8, "parents": [10], "genome": "a(31,177) r(34,46) a(31,60) a(2,99) r(35,84)", "fitness": 0.0}
{"generation": 4, "position": 9, "parents": [11], "genome": "a(31,177) r(34,46) a(31,60) r(31,65) r(35,57)", "fitness": 0.0}
{"generation": 4, "position": 10, "parents": [4], "genome": "r(34,44) r(3,53) r(32,36) r(34,176) a(35,44) d(2)", "fitness": 0.0}
{"generation": 4, "position": 11, "parents": [53], "genome": "r(34,44) r(35,33) r(25,148) a(2,87) d(31)", "fitness": 0.0}
{"generation": 4, "position": 12, "parents": [17], "genome": "r(28,36) d(34) a(35,77) d(3)", "fitness": 12.0}
{"generation": 4, "position": 13, "parents": [43], "genome": "a(34,83) r(32,78) r(35,31) d(34) a(27,95) a(3,60)", "fitness": 0.0}
{"generation": 4, "position": 14, "parents": [25], "genome": "r(34,33) r(32,78) r(1,31) r(35,94) a(31,134)", "fitness": 12.0}
{"generation": 4, "position": 15, "parents": [16], "genome": "d(35) r(34,45) r(25,49) a(33,112) a(2,45)", "fitness": 0.0}
{"generation": 4, "position": 16, "parents": [14], "genome": "a(34,83) d(28) a(35,47) a(34,51) a(34,53)", "fitness": 0.0}
{"generation": 4, "position": 17, "parents": [34], "genome": "r(34,44) r(35,82) d(27) a(35,32) d(32) r(2,86)", "fitness": 0.0}
{"generation": 4, "position": 18, "parents": [47, 45], "genome": "r(34,33) r(32,78) r(35,31) a(34,33) a(3,170)", "fitness": 0.0}
{"generation": 4, "position": 19, "parents": [47, 45], "genome": "a(34,83) r(35,148) r(1,47) a(33,95) r(28,134)", "fitness": 0.0}
{"generation": 4, "position": 20, "parents": [47], "genome": "r(34,33) r(35,148) r(1,47) a(33,95) a(25,95)", "fitness": 0.0}
{"generation": 4, "position": 21, "parents": [45], "genome": "a(34,83) r(32,78) r(35,31) a(34,33) d(34)", "fitness": 0.0}
{"generation": 4, "position": 22, "parents": [40, 3], "genome": "r(34,44) a(35,80)", "fitness": 4.0}
{"generation": 4, "position": 23, "parents": [40, 3], "genome": "d(2) r(34,45) d(35) d(25) r(3,53) d(25) a(35,78) a(33,83)", "fitness": 0.0}
{"generation": 4, "position": 24, "parents": [40], "genome": "r(34,44) r(3,53) d(25) a(35,78) r(31,57)", "fitness": 0.0}
{"generation": 4, "position": 25, "parents": [3], "genome": "d(2) r(34,45) d(35) d(25) a(32,83)", "fitness": 0.0}
{"generation": 4, "position": 26, "parents": [57, 25], "genome": "d(33) r(32,78) r(1,31) r(35,94) a(28,35)", "fitness": 0.0}
{"generation": 4, "position": 27, "parents": [57, 25], "genome": "r(34,33) d(28) r(25,64) r(32,76) r(35,34)", "fitness": 0.0}
{"generation": 4, "position": 28, "parents": [57], "genome": "d(33) d(28) r(25,64) r(32,76) a(1,99)", "fitness": 0.0}
{"generation": 4, "position": 29, "parents": [25], "genome": "r(34,33) r(32,78) r(1,31) r(35,94) a(33,95)", "fitness": 0.0}
{"generation": 4, "position": 30, "parents": [28, 46], "genome": "r(34,44) r(3,53) d(25) a(31,60) d(33) a(28,83)", "fitness": 0.0}
{"generation": 4, "position": 31, "parents": [28, 46], "genome": "a(31,177) r(34,46) r(35,97) r(31,148)", "fitness": 0.0}
{"generation": 4, "position": 32, "parents": [28], "genome": "r(34,44) r(3,53) d(25) r(35,97) a(1,25)", "fitness": 0.0}
{"generation": 4, "position": 33, "parents": [46], "genome": "a(31,177) r(34,46) a(31,60) d(33) r(1,57)", "fitness": 0.0}
{"generation": 4, "position": 34, "parents": [33, 34], "genome": "r(34,33) r(35,148) d(32) d(27)", "fitness": 0.0}
{"generation": 4, "position": 35, "parents": [33, 34], "genome": "r(34,44) r(35,82) d(27) a(35,32) r(1,47) r(31,164) r(32,158)", "fitness": 0.0}
{"generation": 4, "position": 36, "parents": [33], "genome": "r(34,33) r(35,148) r(1,47) r(31,164) a(33,178)", "fitness": 0.0}
{"generation": 4, "position": 37, "parents": [34], "genome": "r(34,44) r(35,82) d(27) a(35,32) d(32) a(25,54)", "fitness": 0.0}
{"generation": 4, "position": 38, "parents": [0], "genome": "r(28,36) r(34,100) d(35) r(34,45) d(35) a(27,158) a(33,76)", "fitness": 0.0}
{"generation": 4, "position": 39, "parents": [9], "genome": "a(31,177) r(34,46) a(31,60) a(35,158) d(32)", "fitness": 0.0}
{"generation": 4, "position": 40, "parents": [53], "genome": "r(34,44) r(35,33) r(25,148) a(2,87) d(31)", "fitness": 0.0}
{"generation": 4, "position": 41, "parents": [54], "genome": "r(34,33) d(32) r(35,37) d(28) r(25,64) r(1,69) r(33,148)", "fitness": 0.0}
{"generation": 4, "position": 42, "parents": [27, 31], "genome": "r(34,33) r(35,148) r(1,47) a(31,31) a(32,32)", "fitness": 0.0}
{"generation": 4, "position": 43, "parents": [27, 31], "genome": "r(34,33) r(35,148) r(1,47) d(25) a(33,51)", "fitness": 0.0}
{"generation": 4, "position": 44, "parents": [27], "genome": "r(34,33) r(35,148) r(1,47) d(25) a(31,37)", "fitness": 0.0}
{"generation": 4, "position": 45, "parents": [31], "genome": "r(34,33) r(35,148) r(1,47) a(31,31) a(32,38)", "fitness": 0.0}
{"generation": 4, "position": 46, "parents": [14, 28], "genome": "a(34,83) d(28) a(35,47) a(34,51) d(25) r(35,97) d(34)", "fitness": 0.0}
{"generation": 4, "position": 47, "parents": [14, 28], "genome": "r(34,44) r(3,53) a(28,54)", "fitness": 0.0}
{"generation": 4, "position": 48, "parents": [14], "genome": "a(34,83) d(28) a(35,47) a(34,51) d(35)", "fitness": 0.0}
{"generation": 4, "position": 49, "parents": [28], "genome": "r(34,44) r(3,53) d(25) r(35,97) d(1)", "fitness": 4.0}
{"generation": 4, "position": 50, "parents": [28, 29], "genome": "r(34,44) r(3,53) d(25) r(35,97) r(2,35) d(32)", "fitness": 0.0}
{"generation": 4, "position": 51, "parents": [28, 29], "genome": "r(34,33) d(32) d(35) r(27,177)", "fitness": 0.0}
{"generation": 4, "position": 52, "parents": [28], "genome": "r(34,44) r(3,53) d(25) r(35,97) d(28)", "fitness": 0.0}
{"generation": 4, "position": 53, "parents": [29], "genome": "r(34,33) d(32) d(35) r(2,35) d(33)", "fitness": 0.0}
{"generation": 4, "position": 54, "parents": [52], "genome": "a(35,28) r(28,32) a(34,76) d(34) a(3,33)", "fitness": 0.0}
{"generation": 4, "position": 55, "parents": [43], "genome": "a(34,83) r(32,78) r(35,31) d(34) a(27,95) a(25,62)", "fitness": 0.0}
{"generation": 4, "position": 56, "parents": [1, 15], "genome": "d(2) r(34,100) d(28) r(32,94) d(35)", "fitness": 0.0}
{"generation": 4, "position": 57, "parents": [1, 15], "genome": "d(35) d(33) d(25)", "fitness": 4.0}
{"generation": 4, "position": 58, "parents": [1], "genome": "d(2) r(34,100) a(35,82)", "fitness": 0.0}
{"generation": 4, "position": 59, "parents": [15], "genome": "d(35) d(33) d(28) r(32,94) d(3)", "fitness": 12.0}
{"generation": 4, "position": 60, "parents": [15, 9], "genome": "d(35) d(33) d(28) r(32,94) a(35,158) a(27,65)", "fitness": 0.0}
{"generation": 4, "position": 61, "parents": [15, 9], "genome": "a(31,177) r(34,46) a(31,60) a(32,32)", "fitness": 0.0}
{"generation": 4, "position": 62, "parents": [15], "genome": "d(35) d(33) d(28) r(32,94) d(1)", "fitness": 0.0}
{"generation": 5, "position": 0, "parents": [20, 18], "genome": "r(34,33) r(35,148) r(1,47) a(34,33) a(3,170) d(27)", "fitness": 0.0}
{"generation": 5, "position": 1, "parents": [20, 18], "genome": "r(34,33) r(32,78) r(35,31) a(33,95) a(25,95) a(3,44)", "fitness": 0.0}
{"generation": 5, "position": 2, "parents": [20], "genome": "r(34,33) r(35,148) r(1,47) a(33,95) a(25,95) r(32,36)", "fitness": 0.0}
{"generation": 5, "position": 3, "parents": [18], "genome": "r(34,33) r(32,78) r(35,31) a(34,33) a(3,170) a(33,95)", "fitness": 0.0}
{"generation": 5, "position": 4, "parents": [34], "genome": "r(34,33) r(35,148) d(32) d(27) d(28)", "fitness": 0.0}
{"generation": 5, "position": 5, "parents": [26], "genome": "d(33) r(32,78) r(1,31) r(35,94) a(28,35) a(31,77)", "fitness": 0.0}
{"generation": 5, "position": 6, "parents": [9], "genome": "a(31,177) r(34,46) a(31,60) r(31,65) r(35,57) r(28,60)", "fitness": 0.0}
{"generation": 5, "position": 7, "parents": [53], "genome": "r(34,33) d(32) d(35) r(2,35) d(33) r(31,176)", "fitness": 0.0}
{"generation": 5, "position": 8, "parents": [6, 2], "genome": "a(31,177) r(1,47) r(31,47) r(32,78) r(35,31) a(34,33) d(27) d(34)", "fitness": 0.0}
{"generation": 5, "position": 9, "parents": [6, 2], "genome": "r(34,51) r(35,148) r(34,46) r(34,46) a(31,60) r(31,65) a(25,95) d(32)", "fitness": 0.0}
{"generation": 5, "position": 10, "parents": [6], "genome": "a(31,177) r(34,46) r(34,46) a(31,60) r(31,65) a(25,95) r(35,51)", "fitness": 0.0}
{"generation": 5, "position": 11, "parents": [2], "genome": "r(34,51) r(35,148) r(1,47) r(31,47) r(32,78) r(35,31) a(34,33) d(27) d(28)", "fitness": 0.0}
{"generation": 5, "position": 12, "parents": [13, 11], "genome": "a(34,83) r(32,78) r(35,31) d(34) d(31) d(3)", "fitness": 12.0}
{"generation": 5, "position": 13, "parents": [13, 11], "genome": "r(34,44) r(35,33) r(25,148) a(2,87) a(27,95) a(3,60) a(28,33)", "fitness": 0.0}
{"generation": 5, "position": 14, "parents": [13], "genome": "a(34,83) r(32,78) r(35,31) d(34) a(27,95) a(3,60) r(33,108)", "fitness": 0.0}
{"generation": 5, "position": 15, "parents": [11], "genome": "r(34,44) r(35,33) r(25,148) a(2,87) d(31) r(2,32)", "fitness": 0.0}
{"generation": 5, "position": 16, "parents": [33], "genome": "a(31,177) r(34,46) a(31,60) d(33) r(1,57) d(32)", "fitness": 0.0}
{"generation": 5, "position": 17, "parents": [61], "genome": "a(31,177) r(34,46) a(31,60) a(32,32) a(35,112)", "fitness": 0.0}
{"generation": 5, "position": 18, "parents": [46], "genome": "a(34,83) d(28) a(35,47) a(34,51) d(25) r(35,97) d(34) a(2,64)", "fitness": 0.0}
{"generation": 5, "position": 19, "parents": [2], "genome": "r(34,51) r(35,148) r(1,47) r(31,47) r(32,78) r(35,31) a(34,33) d(27) d(28)", "fitness": 0.0}
{"generation": 5, "position": 20, "parents": [3, 31], "genome": "a(34,83) r(34,46) r(35,97) r(31,148) d(3)", "fitness": 12.0}
{"generation": 5, "position": 21, "parents": [3, 31], "genome": "a(31,177) r(35,31) a(32,105)", "fitness": 12.0}
{"generation": 5, "position": 22, "parents": [3], "genome": "a(34,83) r(35,31) d(25)", "fitness": 4.0}
{"generation": 5, "position": 23, "parents": [31], "genome": "a(31,177) r(34,46) r(35,97) r(31,148) a(33,37)", "fitness": 0.0}
{"generation": 5, "position": 24, "parents": [62, 47], "genome": "d(35) d(33) d(28) r(32,94) r(3,53) a(28,54) d(27)", "fitness": 0.0}
{"generation": 5, "position": 25, "parents": [62, 47], "genome": "r(34,44) d(1) a(33,178)", "fitness": 12.0}
{"generation": 5, "position": 26, "parents": [62], "genome": "d(35) d(33) d(28) r(32,94) d(1) a(27,84)", "fitness": 0.0}
{"generation": 5, "position": 27, "parents": [47], "genome": "r(34,44) r(3,53) a(28,54) r(35,100)", "fitness": 0.0}
{"generation": 5, "position": 28, "parents": [15], "genome": "d(35) r(34,45) r(25,49) a(33,112) a(2,45) d(3)", "fitness": 0.0}
{"generation": 5, "position": 29, "parents": [55], "genome": "a(34,83) r(32,78) r(35,31) d(34) a(27,95) a(25,62) d(3)", "fitness": 12.0}
{"generation": 5, "position": 30, "parents": [16, 15], "genome": "a(34,83) d(28) a(35,47) a(34,51) a(34,53) d(35)", "fitness": 0.0}
{"generation": 5, "position": 31, "parents": [16, 15], "genome": "d(35) r(34,45) r(25,49) a(33,112) a(2,45) r(32,25)", "fitness": 0.0}
{"generation": 5, "position": 32, "parents": [16], "genome": "a(34,83) d(28) a(35,47) a(34,51) a(34,53) d(35)", "fitness": 0.0}
{"generation": 5, "position": 33, "parents": [15], "genome": "d(35) r(34,45) r(25,49) a(33,112) a(2,45) d(3)", "fitness": 0.0}
{"generation": 5, "position": 34, "parents": [62, 43], "genome": "d(35) d(33) d(28) r(1,47) d(25) a(33,51) r(32,164)", "fitness": 0.0}
{"generation": 5, "position": 35, "parents": [62, 43], "genome": "r(34,33) r(35,148) r(32,94) d(1) d(33)", "fitness": 0.0}
{"generation": 5, "position": 36, "parents": [62], "genome": "d(35) d(33) d(28) r(32,94) d(1) a(25,86)", "fitness": 0.0}
{"generation": 5, "position": 37, "parents": [43], "genome": "r(34,33) r(35,148) r(1,47) d(25) a(33,51) d(32)", "fitness": 0.0}
{"generation": 5, "position": 38, "parents": [15], "genome": "d(35) r(34,45) r(25,49) a(33,112) a(2,45) d(32)", "fitness": 0.0}
{"generation": 5, "position": 39, "parents": [47], "genome": "r(34,44) r(3,53) a(28,54) a(35,57)", "fitness": 0.0}
{"generation": 5, "position": 40, "parents": [37], "genome": "r(34,44) r(35,82) d(27) a(35,32) d(32) a(25,54) r(3,178)", "fitness": 12.0}
{"generation": 5, "position": 41, "parents": [32], "genome": "r(34,44) r(3,53) d(25) r(35,97) a(1,25) r(2,134)", "fitness": 12.0}
{"generation": 5, "position": 42, "parents": [56], "genome": "d(2) r(34,100) d(28) r(32,94) d(35) d(1)", "fitness": 0.0}
{"generation": 5, "position": 43, "parents": [41], "genome": "r(34,33) d(32) r(35,37) d(28) r(25,64) r(1,69) r(33,148)", "fitness": 0.0}
{"generation": 5, "position": 44, "parents": [40], "genome": "r(34,44) r(35,33) r(25,148) a(2,87) d(31) d(33)", "fitness": 0.0}
{"generation": 5, "position": 45, "parents": [58], "genome": "d(2) r(34,100) a(35,82) r(32,38)", "fitness": 0.0}
{"generation": 5, "position": 46, "parents": [13, 55], "genome": "a(34,83) r(32,78) r(35,31) d(34) a(27,95) a(25,62) d(1)", "fitness": 0.0}
{"generation": 5, "position": 47, "parents": [13, 55], "genome": "a(34,83) r(32,78) r(35,31) d(34) a(27,95) a(3,60) a(25,34)", "fitness": 0.0}
{"generation": 5, "position": 48, "parents": [13], "genome": "a(34,83) r(32,78) r(35,31) d(34) a(27,95) a(3,60) r(31,108)", "fitness": 0.0}
{"generation": 5, "position": 49, "parents": [55], "genome": "a(34,83) r(32,78) r(35,31) d(34) a(27,95) a(25,62) a(25,82)", "fitness": 0.0}
{"generation": 5, "position": 50, "parents": [56, 46], "genome": "d(2) r(27,178)", "fitness": 0.0}
{"generation": 5, "position": 51, "parents": [56, 46], "genome": "a(34,83) d(28) a(35,47) a(34,51) d(25) r(35,97) d(34) r(34,100) d(28) r(32,94) d(35) r(33,148)", "fitness": 0.0}
{"generation": 5, "position": 52, "parents": [56], "genome": "d(2) r(34,100) d(28) r(32,94) d(35) a(1,1)", "fitness": 0.0}
{"generation": 5, "position": 53, "parents": [46], "genome": "a(34,83) d(28) a(35,47) a(34,51) d(25) r(35,97) d(34) a(1,60)", "fitness": 0.0}
{"generation": 5, "position": 54, "parents": [17], "genome": "r(34,44) r(35,82) d(27) a(35,32) d(32) r(2,86) d(25)", "fitness": 0.0}
{"generation": 5, "position": 55, "parents": [40], "genome": "r(34,44) r(35,33) r(25,148) a(2,87) d(31) r(33,52)", "fitness": 0.0}
{"generation": 5, "position": 56, "parents": [54, 8], "genome": "a(35,28) r(28,32) a(34,76) d(34) a(3,33) r(35,84) a(27,69)", "fitness": 0.0}
{"generation": 5, "position": 57, "parents": [54, 8], "genome": "a(31,177) r(34,46) a(31,60) a(2,99) d(1)", "fitness": 0.0}
{"generation": 5, "position": 58, "parents": [54], "genome": "a(35,28) r(28,32) a(34,76) d(34) a(3,33) d(35)", "fitness": 0.0}
{"generation": 6, "position": 0, "parents": [24, 1], "genome": "d(35) d(33) d(28) r(32,94) a(25,95) a(3,44) a(1,134)", "fitness": 12.0}
{"generation": 6, "position": 1, "parents": [24, 1], "genome": "r(34,33) r(32,78) r(35,31) a(33,95) r(3,53) a(28,54) d(27) r(33,69)", "fitness": 0.0}
{"generation": 6, "position": 2, "parents": [24], "genome": "d(35) d(33) d(28) r(32,94) r(3,53) a(28,54) d(27) r(25,95)", "fitness": 0.0}
{"generation": 6, "position": 3, "parents": [1], "genome": "r(34,33) r(32,78) r(35,31) a(33,95) a(25,95) a(3,44) r(25,36)", "fitness": 0.0}
{"generation": 6, "position": 4, "parents": [14], "genome": "a(34,83) r(32,78) r(35,31) d(34) a(27,95) a(3,60) r(33,108) a(1,54)", "fitness": 0.0}
{"generation": 6, "position": 5, "parents": [54], "genome": "r(34,44) r(35,82) d(27) a(35,32) d(32) r(2,86) d(25) a(33,135)", "fitness": 0.0}
{"generation": 6, "position": 6, "parents": [27], "genome": "r(34,44) r(3,53) a(28,54) r(35,100) a(25,78)", "fitness": 0.0}
{"generation": 6, "position": 7, "parents": [14], "genome": "a(34,83) r(32,78) r(35,31) d(34) a(27,95) a(3,60) r(33,108) a(27,50)", "fitness": 0.0}
{"generation": 6, "position": 8, "parents": [17, 49], "genome": "a(31,177) r(34,46) a(31,60) a(32,32) a(25,62) a(25,82) r(35,54)", "fitness": 0.0}
{"generation": 6, "position": 9, "parents": [17, 49], "genome": "a(34,83) r(32,78) r(35,31) d(34) a(27,95) a(35,112) r(25,46)", "fitness": 0.0}
{"generation": 6, "position": 10, "parents": [17], "genome": "a(31,177) r(34,46) a(31,60) a(32,32) a(35,112) d(35)", "fitness": 0.0}
{"generation": 6, "position": 11, "parents": [49], "genome": "a(34,83) r(32,78) r(35,31) d(34) a(27,95) a(25,62) a(25,82) a(31,177)", "fitness": 0.0}
{"generation": 6, "position": 12, "parents": [0], "genome": "r(34,33) r(35,148) r(1,47) a(34,33) a(3,170) d(27) d(31)", "fitness": 0.0}
{"generation": 6, "position": 13, "parents": [48], "genome": "a(34,83) r(32,78) r(35,31) d(34) a(27,95) a(3,60) r(31,108) d(27)", "fitness": 0.0}
{"generation": 6, "position": 14, "parents": [10, 44], "genome": "a(31,177) r(34,46) d(33)", "fitness": 4.0}
{"generation": 6, "position": 15, "parents": [10, 44], "genome": "r(34,44) r(35,33) r(25,148) a(2,87) d(31) d(33) r(34,46) a(31,60) r(31,65) a(25,95) r(35,51) a(32,54)", "fitness": 0.0}
{"generation": 6, "position": 16, "parents": [10], "genome": "a(31,177) r(34,46) r(34,46) a(31,60) r(31,65) a(25,95) r(35,51) r(25,83)", "fitness": 0.0}
{"generation": 6, "position": 17, "parents": [44], "genome": "r(34,44) r(35,33) r(25,148) a(2,87) d(31) d(33) d(1)", "fitness": 0.0}
{"generation": 6, "position": 18, "parents": [54], "genome": "r(34,44) r(35,82) d(27) a(35,32) d(32) r(2,86) d(25) r(28,45)", "fitness": 0.0}
{"generation": 6, "position": 19, "parents": [46], "genome": "a(34,83) r(32,78) r(35,31) d(34) a(27,95) a(25,62) d(1) d(33)", "fitness": 0.0}
{"generation": 6, "position": 20, "parents": [57], "genome": "a(31,177) r(34,46) a(31,60) a(2,99) d(1) d(25)", "fitness": 0.0}
{"generation": 6, "position": 21, "parents": [13], "genome": "r(34,44) r(35,33) r(25,148) a(2,87) a(27,95) a(3,60) a(28,33) a(3,62)", "fitness": 0.0}
{"generation": 6, "position": 22, "parents": [45, 58], "genome": "d(2) r(34,100) a(34,76) d(34) a(3,33) d(35) d(28)", "fitness": 0.0}
{"generation": 6, "position": 23, "parents": [45, 58], "genome": "a(35,28) r(28,32) a(35,82) r(32,38) a(3,37)", "fitness": 0.0}
{"generation": 6, "position": 24, "parents": [45], "genome": "d(2) r(34,100) a(35,82) r(32,38) d(33)", "fitness": 0.0}
{"generation": 6, "position": 25, "parents": [58], "genome": "a(35,28) r(28,32) a(34,76) d(34) a(3,33) d(35) a(2,52)", "fitness": 0.0}
{"generation": 6, "position": 26, "parents": [37], "genome": "r(34,33) r(35,148) r(1,47) d(25) a(33,51) d(32) a(31,176)", "fitness": 0.0}
{"generation": 6, "position": 27, "parents": [42], "genome": "d(2) r(34,100) d(28) r(32,94) d(35) d(1) d(27)", "fitness": 0.0}
{"generation": 6, "position": 28, "parents": [13], "genome": "r(34,44) r(35,33) r(25,148) a(2,87) a(27,95) a(3,60) a(28,33) a(31,80)", "fitness": 0.0}
{"generation": 6, "position": 29, "parents": [51], "genome": "a(34,83) d(28) a(35,47) a(34,51) d(25) r(35,97) d(34) r(34,100) d(28) r(32,94) d(35) r(33,148) r(1,49)", "fitness": 0.0}
{"generation": 6, "position": 30, "parents": [58, 56], "genome": "a(35,28) r(28,32) a(34,76) d(34) d(35)", "fitness": 0.0}
{"generation": 6, "position": 31, "parents": [58, 56], "genome": "a(35,28) r(28,32) a(34,76) d(34) a(3,33) r(35,84) a(27,69) a(3,33) d(35) d(32)", "fitness": 0.0}
{"generation": 6, "position": 32, "parents": [58], "genome": "a(35,28) r(28,32) a(34,76) d(34) a(3,33) d(35) d(25)", "fitness": 0.0}
{"generation": 6, "position": 33, "parents": [56], "genome": "a(35,28) r(28,32) a(34,76) d(34) a(3,33) r(35,84) a(27,69) r(3,32)", "fitness": 0.0}
{"generation": 6, "position": 34, "parents": [18, 15], "genome": "a(34,83) d(28) a(35,47) a(34,51) d(25) r(35,97) d(31) r(2,32) r(33,1)", "fitness": 0.0}
{"generation": 6, "position": 35, "parents": [18, 15], "genome": "r(34,44) r(35,33) r(25,148) a(2,87) d(34) a(2,64) a(1,87)", "fitness": 0.0}
{"generation": 6, "position": 36, "parents": [18], "genome": "a(34,83) d(28) a(35,47) a(34,51) d(25) r(35,97) d(34) a(2,64) a(1,28)", "fitness": 4.0}
{"generation": 6, "position": 37, "parents": [15], "genome": "r(34,44) r(35,33) r(25,148) a(2,87) d(31) r(2,32) a(32,95)", "fitness": 0.0}
{"generation": 6, "position": 38, "parents": [1, 27], "genome": "r(34,33) r(32,78) r(35,31) a(33,95) a(25,95) a(28,54) r(35,100) r(1,46)", "fitness": 0.0}
{"generation": 6, "position": 39, "parents": [1, 27], "genome": "r(34,44) r(3,53) a(3,44) d(35)", "fitness": 0.0}
{"generation": 6, "position": 40, "parents": [1], "genome": "r(34,33) r(32,78) r(35,31) a(33,95) a(25,95) a(3,44) r(2,52)", "fitness": 0.0}
{"generation": 6, "position": 41, "parents": [27], "genome": "r(34,44) r(3,53) a(28,54) r(35,100) a(25,46)", "fitness": 0.0}
{"generation": 6, "position": 42, "parents": [32, 27], "genome": "a(34,83) d(28) a(28,54) r(35,100) r(34,105)", "fitness": 12.0}
{"generation": 6, "position": 43, "parents": [32, 27], "genome": "r(34,44) r(3,53) a(35,47) a(34,51) a(34,53) d(35) d(2)", "fitness": 0.0}
{"generation": 6, "position": 44, "parents": [32], "genome": "a(34,83) d(28) a(35,47) a(34,51) a(34,53) d(35) r(34,135)", "fitness": 0.0}
{"generation": 6, "position": 45, "parents": [27], "genome": "r(34,44) r(3,53) a(28,54) r(35,100) a(27,176)", "fitness": 0.0}
{"generation": 6, "position": 46, "parents": [0], "genome": "r(34,33) r(35,148) r(1,47) a(34,33) a(3,170) d(27) a(28,170)", "fitness": 0.0}
{"generation": 6, "position": 47, "parents": [52], "genome": "d(2) r(34,100) d(28) r(32,94) d(35) a(1,1) a(27,60)", "fitness": 0.0}
{"generation": 6, "position": 48, "parents": [56, 11], "genome": "a(35,28) r(28,32) a(34,76) d(34) r(31,47) r(32,78) r(35,31) a(34,33) d(27) d(28) d(33)", "fitness": 0.0}
{"generation": 6, "position": 49, "parents": [56, 11], "genome": "r(34,51) r(35,148) r(1,47) a(3,33) r(35,84) a(27,69) d(28)", "fitness": 0.0}
{"generation": 6, "position": 50, "parents": [56], "genome": "a(35,28) r(28,32) a(34,76) d(34) a(3,33) r(35,84) a(27,69) d(3)", "fitness": 0.0}
{"generation": 6, "position": 51, "parents": [11], "genome": "r(34,51) r(35,148) r(1,47) r(31,47) r(32,78) r(35,31) a(34,33) d(27) d(28) r(25,51)", "fitness": 0.0}
{"generation": 6, "position": 52, "parents": [34, 57], "genome": "d(35) d(33) d(28) r(34,46) a(31,60) a(2,99) d(1) a(25,135)", "fitness": 0.0}
{"generation": 6, "position": 53, "parents": [34, 57], "genome": "a(31,177) r(1,47) d(25) a(33,51) r(32,164) d(35)", "fitness": 0.0}
{"generation": 6, "position": 54, "parents": [34], "genome": "d(35) d(33) d(28) r(1,47) d(25) a(33,51) r(32,164)", "fitness": 0.0}
{"generation": 6, "position": 55, "parents": [57], "genome": "a(31,177) r(34,46) a(31,60) a(2,99) d(1) a(35,80)", "fitness": 0.0}
{"generation": 6, "position": 56, "parents": [1, 53], "genome": "r(34,33) r(32,78) r(35,31) a(33,95) a(25,95) a(3,44) a(1,60) a(27,46)", "fitness": 0.0}
{"generation": 6, "position": 57, "parents": [1, 53], "genome": "a(34,83) d(28) a(35,47) a(34,51) d(25) r(35,97) d(34) d(33)", "fitness": 0.0}
{"generation": 6, "position": 58, "parents": [1], "genome": "r(34,33) r(32,78) r(35,31) a(33,95) a(25,95) a(3,44) d(31)", "fitness": 0.0}
{"generation": 6, "position": 59, "parents": [53], "genome": "a(34,83) d(28) a(35,47) a(34,51) d(25) r(35,97) d(34) a(1,60) a(32,112)", "fitness": 0.0}
{"generation": 6, "position": 60, "parents": [24, 0], "genome": "d(35) d(33) d(28) r(32,94) a(34,33) a(3,170) d(27) a(25,135)", "fitness": 0.0}
{"generation": 6, "position": 61, "parents": [24, 0], "genome": "r(34,33) r(35,148) r(1,47) r(3,53) a(28,54) d(27) r(25,100)", "fitness": 0.0}
{"generation": 6, "position": 62, "parents": [24], "genome": "d(35) d(33) d(28) r(32,94) r(3,53) a(28,54) d(27) d(1)", "fitness": 0.0}
{"generation": 7, "position": 0, "parents": [51, 13], "genome": "r(34,51) r(35,148) r(1,47) r(31,108) d(27) d(33)", "fitness": 0.0}
{"generation": 7, "position": 1, "parents": [51, 13], "genome": "a(34,83) r(32,78) r(35,31) d(34) a(27,95) a(3,60) r(31,47) r(32,78) r(35,31) a(34,33) d(27) d(28) r(25,51) d(2)", "fitness": 0.0}
{"generation": 7, "position": 2, "parents": [51], "genome": "r(34,51) r(35,148) r(1,47) r(31,47) r(32,78) r(35,31) a(34,33) d(27) d(28) r(25,51) r(33,82)", "fitness": 0.0}
{"generation": 7, "position": 3, "parents": [13], "genome": "a(34,83) r(32,78) r(35,31) d(34) a(27,95) a(3,60) r(31,108) d(27) d(28)", "fitness": 0.0}
{"generation": 7, "position": 4, "parents": [46], "genome": "r(34,33) r(35,148) r(1,47) a(34,33) a(3,170) d(27) a(28,170) a(28,138)", "fitness": 0.0}
{"generation": 7, "position": 5, "parents": [32], "genome": "a(35,28) r(28,32) a(34,76) d(34) a(3,33) d(35) d(25) r(1,94)", "fitness": 0.0}
{"generation": 7, "position": 6, "parents": [6, 21], "genome": "r(34,44) r(3,53) a(28,54) r(35,100) a(25,78) a(3,60) a(28,33) a(3,62) d(25)", "fitness": 0.0}
{"generation": 7, "position": 7, "parents": [6, 21], "genome": "r(34,44) r(35,33) r(25,148) a(2,87) a(27,95) d(28)", "fitness": 0.0}
{"generation": 7, "position": 8, "parents": [6], "genome": "r(34,44) r(3,53) a(28,54) r(35,100) a(25,78) r(28,37)", "fitness": 0.0}
{"generation": 7, "position": 9, "parents": [21], "genome": "r(34,44) r(35,33) r(25,148) a(2,87) a(27,95) a(3,60) a(28,33) a(3,62) a(2,36)", "fitness": 0.0}
{"generation": 7, "position": 10, "parents": [63], "genome": "r(34,33) r(35,148) r(1,47) a(34,33) a(3,170) d(27) r(31,47) r(32,80)", "fitness": 0.0}
{"generation": 7, "position": 11, "parents": [31], "genome": "a(35,28) r(28,32) a(34,76) d(34) a(3,33) r(35,84) a(27,69) a(3,33) d(35) d(32) r(2,61)", "fitness": 0.0}
{"generation": 7, "position": 12, "parents": [29, 18], "genome": "a(34,83) d(25) r(28,45) a(35,176)", "fitness": 0.0}
{"generation": 7, "position": 13, "parents": [29, 18], "genome": "r(34,44) r(35,82) d(27) a(35,32) d(32) r(2,86) d(28) a(35,47) a(34,51) d(25) r(35,97) d(34) r(34,100) d(28) r(32,94) d(35) r(33,148) r(1,49)", "fitness": 0.0}
{"generation": 7, "position": 14, "parents": [29], "genome": "a(34,83) d(28) a(35,47) a(34,51) d(25) r(35,97) d(34) r(34,100) d(28) r(32,94) d(35) r(33,148) r(1,49)", "fitness": 0.0}
{"generation": 7, "position": 15, "parents": [18], "genome": "r(34,44) r(35,82) d(27) a(35,32) d(32) r(2,86) d(25) r(28,45) a(1,177)", "fitness": 0.0}
{"generation": 7, "position": 16, "parents": [63, 59], "genome": "r(34,33) r(35,148) r(1,47) a(35,47) a(34,51) d(25) r(35,97) d(34) a(1,60) a(32,112) r(32,135)", "fitness": 0.0}
{"generation": 7, "position": 17, "parents": [63, 59], "genome": "a(34,83) d(28) a(34,33) a(3,170) d(27) r(31,47) a(34,177)", "fitness": 0.0}
{"generation": 7, "position": 18, "parents": [63], "genome": "r(34,33) r(35,148) r(1,47) a(34,33) a(3,170) d(27) r(31,47) a(28,46)", "fitness": 0.0}
{"generation": 7, "position": 19, "parents": [59], "genome": "a(34,83) d(28) a(35,47) a(34,51) d(25) r(35,97) d(34) a(1,60) a(32,112) d(2)", "fitness": 0.0}
{"generation": 7, "position": 20, "parents": [56, 44], "genome": "r(34,33) r(32,78) r(35,31) a(34,51) a(34,53) d(35) r(34,135) r(28,34)", "fitness": 0.0}
{"generation": 7, "position": 21, "parents": [56, 44], "genome": "a(34,83) d(28) a(35,47) a(33,95) a(25,95) a(3,44) a(1,60) a(27,46) d(1)", "fitness": 0.0}
{"generation": 7, "position": 22, "parents": [56], "genome": "r(34,33) r(32,78) r(35,31) a(33,95) a(25,95) a(3,44) a(1,60) a(27,46) r(33,44)", "fitness": 0.0}
{"generation": 7, "position": 23, "parents": [44], "genome": "a(34,83) d(28) a(35,47) a(34,51) a(34,53) d(35) r(34,135) r(25,54)", "fitness": 0.0}
{"generation": 7, "position": 24, "parents": [25, 28], "genome": "a(35,28) a(27,95) a(3,60) a(28,33) a(31,80) a(34,54)", "fitness": 0.0}
{"generation": 7, "position": 25, "parents": [25, 28], "genome": "r(34,44) r(35,33) r(25,148) a(2,87) r(28,32) a(34,76) d(34) a(3,33) d(35) a(2,52) a(3,99)", "fitness": 0.0}
{"generation": 7, "position": 26, "parents": [25], "genome": "a(35,28) r(28,32) a(34,76) d(34) a(3,33) d(35) a(2,52) r(25,34)", "fitness": 0.0}
{"generation": 7, "position": 27, "parents": [28], "genome": "r(34,44) r(35,33) r(25,148) a(2,87) a(27,95) a(3,60) a(28,33) a(31,80) r(32,65)", "fitness": 0.0}
{"generation": 7, "position": 28, "parents": [62, 33], "genome": "d(35) d(33) d(28) r(32,94) r(3,53) a(28,54) r(35,84) a(27,69) r(3,32) r(25,34)", "fitness": 0.0}
{"generation": 7, "position": 29, "parents": [62, 33], "genome": "a(35,28) r(28,32) a(34,76) d(34) a(3,33) d(27) d(1) a(35,36)", "fitness": 0.0}
{"generation": 7, "position": 30, "parents": [62], "genome": "d(35) d(33) d(28) r(32,94) r(3,53) a(28,54) d(27) d(1) r(25,77)", "fitness": 0.0}
{"generation": 7, "position": 31, "parents": [33], "genome": "a(35,28) r(28,32) a(34,76) d(34) a(3,33) r(35,84) a(27,69) r(3,32) a(27,47)", "fitness": 0.0}
{"generation": 7, "position": 32, "parents": [48], "genome": "a(35,28) r(28,32) a(34,76) d(34) r(31,47) r(32,78) r(35,31) a(34,33) d(27) d(28) d(33) r(1,53)", "fitness": 0.0}
{"generation": 7, "position": 33, "parents": [57], "genome": "a(34,83) d(28) a(35,47) a(34,51) d(25) r(35,97) d(34) d(33) r(2,170)", "fitness": 0.0}
{"generation": 7, "position": 34, "parents": [12], "genome": "r(34,33) r(35,148) r(1,47) a(34,33) a(3,170) d(27) d(31) a(33,53)", "fitness": 0.0}
{"generation": 7, "position": 35, "parents": [50], "genome": "a(35,28) r(28,32) a(34,76) d(34) a(3,33) r(35,84) a(27,69) d(3) a(1,178)", "fitness": 0.0}
{"generation": 7, "position": 36, "parents": [5], "genome": "r(34,44) r(35,82) d(27) a(35,32) d(32) r(2,86) d(25) a(33,135) d(33)", "fitness": 0.0}
{"generation": 7, "position": 37, "parents": [43], "genome": "r(34,44) r(3,53) a(35,47) a(34,51) a(34,53) d(35) d(2) r(33,78)", "fitness": 0.0}
{"generation": 7, "position": 38, "parents": [61, 10], "genome": "r(34,33) r(35,148) r(1,47) r(3,53) a(31,60) a(32,32) a(35,112) d(35) d(33)", "fitness": 0.0}
{"generation": 7, "position": 39, "parents": [61, 10], "genome": "a(31,177) r(34,46) a(28,54) d(27) r(25,100) d(1)", "fitness": 4.0}
{"generation": 7, "position": 40, "parents": [61], "genome": "r(34,33) r(35,148) r(1,47) r(3,53) a(28,54) d(27) r(25,100) d(28)", "fitness": 0.0}
{"generation": 7, "position": 41, "parents": [10], "genome": "a(31,177) r(34,46) a(31,60) a(32,32) a(35,112) d(35) a(1,52)", "fitness": 0.0}
{"generation": 7, "position": 42, "parents": [57], "genome": "a(34,83) d(28) a(35,47) a(34,51) d(25) r(35,97) d(34) d(33) r(3,80)", "fitness": 0.0}
{"generation": 7, "position": 43, "parents": [27], "genome": "d(2) r(34,100) d(28) r(32,94) d(35) d(1) d(27) r(33,54)", "fitness": 0.0}
{"generation": 7, "position": 44, "parents": [39], "genome": "r(34,44) r(3,53) a(3,44) d(35) r(31,135)", "fitness": 0.0}
{"generation": 7, "position": 45, "parents": [17], "genome": "r(34,44) r(35,33) r(25,148) a(2,87) d(31) d(33) d(1) a(28,177)", "fitness": 0.0}
{"generation": 7, "position": 46, "parents": [8, 18], "genome": "a(31,177) r(34,46) a(31,60) a(32,32) a(25,62) a(25,82) d(32) r(2,86) d(25) r(28,45) r(35,135)", "fitness": 0.0}
{"generation": 7, "position": 47, "parents": [8, 18], "genome": "r(34,44) r(35,82) d(27) a(35,32) r(35,54) a(31,69)", "fitness": 4.0}
{"generation": 7, "position": 48, "parents": [8], "genome": "a(31,177) r(34,46) a(31,60) a(32,32) a(25,62) a(25,82) r(35,54) a(32,135)", "fitness": 0.0}
{"generation": 7, "position": 49, "parents": [18], "genome": "r(34,44) r(35,82) d(27) a(35,32) d(32) r(2,86) d(25) r(28,45) a(33,148)", "fitness": 0.0}
{"generation": 7, "position": 50, "parents": [26, 10], "genome": "r(34,33) r(35,148) r(1,47) d(25) a(33,51) d(32) a(31,176) r(33,112)", "fitness": 0.0}
{"generation": 7, "position": 51, "parents": [26, 10], "genome": "a(31,177) r(34,46) a(31,60) a(32,32) a(35,112) d(35) a(32,95)", "fitness": 0.0}
{"generation": 7, "position": 52, "parents": [26], "genome": "r(34,33) r(35,148) r(1,47) d(25) a(33,51) d(32) a(31,176) d(28)", "fitness": 0.0}
{"generation": 7, "position": 53, "parents": [10], "genome": "a(31,177) r(34,46) a(31,60) a(32,32) a(35,112) d(35) r(28,60)", "fitness": 0.0}
{"generation": 7, "position": 54, "parents": [13], "genome": "a(34,83) r(32,78) r(35,31) d(34) a(27,95) a(3,60) r(31,108) d(27) a(33,51)", "fitness": 0.0}
{"generation": 7, "position": 55, "parents": [10], "genome": "a(31,177) r(34,46) a(31,60) a(32,32) a(35,112) d(35) d(32)", "fitness": 0.0}
{"generation": 7, "position": 56, "parents": [61, 62], "genome": "r(34,33) r(35,148) r(1,47) r(3,53) a(28,54) r(31,97)", "fitness": 0.0}
{"generation": 7, "position": 57, "parents": [61, 62], "genome": "d(35) d(33) d(28) r(32,94) r(3,53) a(28,54) d(27) d(1) d(27) r(25,100)", "fitness": 0.0}
{"generation": 7, "position": 58, "parents": [61], "genome": "r(34,33) r(35,148) r(1,47) r(3,53) a(28,54) d(27) r(25,100) a(28,170)", "fitness": 0.0}
{"generation": 7, "position": 59, "parents": [62], "genome": "d(35) d(33) d(28) r(32,94) r(3,53) a(28,54) d(27) d(1) r(25,83)", "fitness": 0.0}
{"generation": 7, "position": 60, "parents": [6, 51], "genome": "r(34,44) r(1,47) r(31,47) r(32,78) r(35,31) a(34,33) d(27) d(28) r(25,51) r(33,100)", "fitness": 0.0}
{"generation": 7, "position": 61, "parents": [6, 51], "genome": "r(34,51) r(35,148) r(3,53) a(28,54) r(35,100) a(25,78) d(31)", "fitness": 0.0}
{"generation": 7, "position": 62, "parents": [6], "genome": "r(34,44) r(3,53) a(28,54) r(35,100) a(25,78) d(32)", "fitness": 0.0}
{"generation": 8, "position": 0, "parents": [20, 35], "genome": "r(34,33) r(32,78) a(3,33) r(35,84) a(27,69) d(3) a(1,178) r(2,3)", "fitness": 12.0}
{"generation": 8, "position": 1, "parents": [20, 35], "genome": "a(35,28) r(28,32) a(34,76) d(34) r(35,31) a(34,51) a(34,53) d(35) r(34,135) r(28,34) d(33)", "fitness": 0.0}
{"generation": 8, "position": 2, "parents": [20], "genome": "r(34,33) r(32,78) r(35,31) a(34,51) a(34,53) d(35) r(34,135) r(28,34) r(33,1)", "fitness": 0.0}
{"generation": 8, "position": 3, "parents": [35], "genome": "a(35,28) r(28,32) a(34,76) d(34) a(3,33) r(35,84) a(27,69) d(3) a(1,178) a(32,176)", "fitness": 0.0}
{"generation": 8, "position": 4, "parents": [24], "genome": "a(35,28) a(27,95) a(3,60) a(28,33) a(31,80) a(34,54) r(34,31)", "fitness": 0.0}
{"generation": 8, "position": 5, "parents": [33], "genome": "a(34,83) d(28) a(35,47) a(34,51) d(25) r(35,97) d(34) d(33) r(2,170) d(1)", "fitness": 0.0}
{"generation": 8, "position": 6, "parents": [55], "genome": "a(31,177) r(34,46) a(31,60) a(32,32) a(35,112) d(35) d(32) a(3,48)", "fitness": 0.0}
{"generation": 8, "position": 7, "parents": [26], "genome": "a(35,28) r(28,32) a(34,76) d(34) a(3,33) d(35) a(2,52) r(25,34) r(32,51)", "fitness": 0.0}
{"generation": 8, "position": 8, "parents": [1], "genome": "a(34,83) r(32,78) r(35,31) d(34) a(27,95) a(3,60) r(31,47) r(32,78) r(35,31) a(34,33) d(27) d(28) r(25,51) d(2) a(1,28)", "fitness": 0.0}
{"generation": 8, "position": 9, "parents": [30], "genome": "d(35) d(33) d(28) r(32,94) r(3,53) a(28,54) d(27) d(1) r(25,77)", "fitness": 0.0}
{"generation": 8, "position": 10, "parents": [51, 29], "genome": "a(31,177) r(34,46) a(31,60) a(32,32) a(35,112) r(28,32) a(34,76) d(34) a(3,33) d(27) d(1) a(35,36) r(35,38)", "fitness": 0.0}
{"generation": 8, "position": 11, "parents": [51, 29], "genome": "a(35,28) d(35) a(32,95) d(34)", "fitness": 4.0}
{"generation": 8, "position": 12, "parents": [51], "genome": "a(31,177) r(34,46) a(31,60) a(32,32) a(35,112) d(35) a(32,95) d(27)", "fitness": 0.0}
{"generation": 8, "position": 13, "parents": [29], "genome": "a(35,28) r(28,32) a(34,76) d(34) a(3,33) d(27) d(1) a(35,36) a(35,178)", "fitness": 0.0}
{"generation": 8, "position": 14, "parents": [23], "genome": "a(34,83) d(28) a(35,47) a(34,51) a(34,53) d(35) r(34,135) r(25,54) a(33,105)", "fitness": 0.0}
{"generation": 8, "position": 15, "parents": [8], "genome": "r(34,44) r(3,53) a(28,54) r(35,100) a(25,78) r(28,37) r(33,100)", "fitness": 0.0}
{"generation": 8, "position": 16, "parents": [38], "genome": "r(34,33) r(35,148) r(1,47) r(3,53) a(31,60) a(32,32) a(35,112) d(35) d(33) d(25)", "fitness": 0.0}
{"generation": 8, "position": 17, "parents": [58], "genome": "r(34,33) r(35,148) r(1,47) r(3,53) a(28,54) d(27) r(25,100) a(28,170) d(28)", "fitness": 0.0}
{"generation": 8, "position": 18, "parents": [45, 8], "genome": "r(34,44) r(35,33) r(25,148) a(2,87) a(25,78) r(28,37) r(2,69)", "fitness": 0.0}
{"generation": 8, "position": 19, "parents": [45, 8], "genome": "r(34,44) r(3,53) a(28,54) r(35,100) d(31) d(33) d(1) a(28,177) d(28)", "fitness": 0.0}
{"generation": 8, "position": 20, "parents": [45], "genome": "r(34,44) r(35,33) r(25,148) a(2,87) d(31) d(33) d(1) a(28,177) d(28)", "fitness": 0.0}
{"generation": 8, "position": 21, "parents": [8], "genome": "r(34,44) r(3,53) a(28,54) r(35,100) a(25,78) r(28,37) d(27)", "fitness": 0.0}
{"generation": 8, "position": 22, "parents": [55, 28], "genome": "a(31,177) r(34,46) a(35,49)", "fitness": 4.0}
{"generation": 8, "position": 23, "parents": [55, 28], "genome": "d(35) d(33) d(28) r(32,94) r(3,53) a(28,54) r(35,84) a(27,69) r(3,32) r(25,34) a(31,60) a(32,32) a(35,112) d(35) d(32) d(1)", "fitness": 0.0}
{"generation": 8, "position": 24, "parents": [55], "genome": "a(31,177) r(34,46) a(31,60) a(32,32) a(35,112) d(35) d(32) r(27,49)", "fitness": 0.0}
{"generation": 8, "position": 25, "parents": [28], "genome": "d(35) d(33) d(28) r(32,94) r(3,53) a(28,54) r(35,84) a(27,69) r(3,32) r(25,34) a(2,45)", "fitness": 0.0}
{"generation": 8, "position": 26, "parents": [3, 59], "genome": "a(34,83) r(32,78) r(35,31) d(34) a(27,95) d(28) r(32,94) r(3,53) a(28,54) d(27) d(1) r(25,83) d(33)", "fitness": 0.0}
{"generation": 8, "position": 27, "parents": [3, 59], "genome": "d(35) d(33) a(3,60) r(31,108) d(27) d(28) d(1)", "fitness": 0.0}
{"generation": 8, "position": 28, "parents": [3], "genome": "a(34,83) r(32,78) r(35,31) d(34) a(27,95) a(3,60) r(31,108) d(27) d(28) a(1,80)", "fitness": 0.0}
{"generation": 8, "position": 29, "parents": [59], "genome": "d(35) d(33) d(28) r(32,94) r(3,53) a(28,54) d(27) d(1) r(25,83)", "fitness": 0.0}
{"generation": 8, "position": 30, "parents": [19, 41], "genome": "a(34,83) d(28) a(35,47) a(34,51) d(35) a(1,52) d(34)", "fitness": 0.0}
{"generation": 8, "position": 31, "parents": [19, 41], "genome": "a(31,177) r(34,46) a(31,60) a(32,32) a(35,112) d(25) r(35,97) d(34) a(1,60) a(32,112) d(2) a(31,177)", "fitness": 0.0}
{"generation": 8, "position": 32, "parents": [19], "genome": "a(34,83) d(28) a(35,47) a(34,51) d(25) r(35,97) d(34) a(1,60) a(32,112) d(2) r(1,25)", "fitness": 0.0}
{"generation": 8, "position": 33, "parents": [41], "genome": "a(31,177) r(34,46) a(31,60) a(32,32) a(35,112) d(35) a(1,52) r(2,62)", "fitness": 0.0}
{"generation": 8, "position": 34, "parents": [1, 37], "genome": "a(34,83) r(32,78) r(35,31) d(34) a(27,95) a(3,60) d(2) r(33,78) d(27)", "fitness": 0.0}
{"generation": 8, "position": 35, "parents": [1, 37], "genome": "r(34,44) r(3,53) a(35,47) a(34,51) a(34,53) d(35) r(31,47) r(32,78) r(35,31) a(34,33) d(27) d(28) r(25,51) d(2) a(1,53)", "fitness": 0.0}
{"generation": 8, "position": 36, "parents": [1], "genome": "a(34,83) r(32,78) r(35,31) d(34) a(27,95) a(3,60) r(31,47) r(32,78) r(35,31) a(34,33) d(27) d(28) r(25,51) d(2) r(1,108)", "fitness": 0.0}
{"generation": 8, "position": 37, "parents": [37], "genome": "r(34,44) r(3,53) a(35,47) a(34,51) a(34,53) d(35) d(2) r(33,78) r(27,130)", "fitness": 0.0}
{"generation": 8, "position": 38, "parents": [51], "genome": "a(31,177) r(34,46) a(31,60) a(32,32) a(35,112) d(35) a(32,95) d(27)", "fitness": 0.0}
{"generation": 8, "position": 39, "parents": [11], "genome": "a(35,28) r(28,32) a(34,76) d(34) a(3,33) r(35,84) a(27,69) a(3,33) d(35) d(32) r(2,61) a(1,97)", "fitness": 0.0}
{"generation": 8, "position": 40, "parents": [40, 2], "genome": "r(34,33) r(35,148) r(31,47) r(32,78) r(35,31) a(34,33) d(27) d(28) r(25,51) r(33,82) a(3,86)", "fitness": 0.0}
{"generation": 8, "position": 41, "parents": [40, 2], "genome": "r(34,51) r(35,148) r(1,47) r(1,47) r(3,53) a(28,54) d(27) r(25,100) d(28) d(32)", "fitness": 0.0}
{"generation": 8, "position": 42, "parents": [40], "genome": "r(34,33) r(35,148) r(1,47) r(3,53) a(28,54) d(27) r(25,100) d(28) r(33,130)", "fitness": 0.0}
{"generation": 8, "position": 43, "parents": [2], "genome": "r(34,51) r(35,148) r(1,47) r(31,47) r(32,78) r(35,31) a(34,33) d(27) d(28) r(25,51) r(33,82)", "fitness": 0.0}
{"generation": 8, "position": 44, "parents": [28], "genome": "d(35) d(33) d(28) r(32,94) r(3,53) a(28,54) r(35,84) a(27,69) r(3,32) r(25,34) r(2,60)", "fitness": 0.0}
{"generation": 8, "position": 45, "parents": [23], "genome": "a(34,83) d(28) a(35,47) a(34,51) a(34,53) d(35) r(34,135) r(25,54) d(2)", "fitness": 0.0}
{"generation": 8, "position": 46, "parents": [42, 53], "genome": "a(34,83) d(35) r(28,60) r(34,32)", "fitness": 0.0}
{"generation": 8, "position": 47, "parents": [42, 53], "genome": "a(31,177) r(34,46) a(31,60) a(32,32) a(35,112) d(28) a(35,47) a(34,51) d(25) r(35,97) d(34) d(33) r(3,80) r(1,57)", "fitness": 0.0}
{"generation": 8, "position": 48, "parents": [42], "genome": "a(34,83) d(28) a(35,47) a(34,51) d(25) r(35,97) d(34) d(33) r(3,80) d(1)", "fitness": 0.0}
{"generation": 8, "position": 49, "parents": [53], "genome": "a(31,177) r(34,46) a(31,60) a(32,32) a(35,112) d(35) r(28,60) d(33)", "fitness": 0.0}
{"generation": 8, "position": 50, "parents": [32, 58], "genome": "a(35,28) r(28,32) a(34,76) d(34) r(31,47) r(32,78) r(3,53) a(28,54) d(27) r(25,100) a(28,170) r(1,28)", "fitness": 4.0}
{"generation": 8, "position": 51, "parents": [32, 58], "genome": "r(34,33) r(35,148) r(1,47) r(35,31) a(34,33) d(27) d(28) d(33) r(1,53) d(25)", "fitness": 0.0}
{"generation": 8, "position": 52, "parents": [32], "genome": "a(35,28) r(28,32) a(34,76) d(34) r(31,47) r(32,78) r(35,31) a(34,33) d(27) d(28) d(33) r(1,53) a(25,176)", "fitness": 0.0}
{"generation": 8, "position": 53, "parents": [58], "genome": "r(34,33) r(35,148) r(1,47) r(3,53) a(28,54) d(27) r(25,100) a(28,170) d(33)", "fitness": 0.0}
{"generation": 8, "position": 54, "parents": [20, 14], "genome": "r(34,33) d(34) r(34,100) d(28) r(32,94) d(35) r(33,148) r(1,49) a(25,27)", "fitness": 0.0}
{"generation": 8, "position": 55, "parents": [20, 14], "genome": "a(34,83) d(28) a(35,47) a(34,51) d(25) r(35,97) r(32,78) r(35,31) a(34,51) a(34,53) d(35) r(34,135) r(28,34) a(2,38)", "fitness": 0.0}
{"generation": 8, "position": 56, "parents": [20], "genome": "r(34,33) r(32,78) r(35,31) a(34,51) a(34,53) d(35) r(34,135) r(28,34) r(2,170)", "fitness": 0.0}
{"generation": 8, "position": 57, "parents": [14], "genome": "a(34,83) d(28) a(35,47) a(34,51) d(25) r(35,97) d(34) r(34,100) d(28) r(32,94) d(35) r(33,148) r(1,49)", "fitness": 0.0}
{"generation": 8, "position": 58, "parents": [26, 6], "genome": "a(35,28) r(28,32) a(34,76) a(3,60) a(28,33) a(3,62) d(25) r(35,52)", "fitness": 0.0}
{"generation": 8, "position": 59, "parents": [26, 6], "genome": "r(34,44) r(3,53) a(28,54) r(35,100) a(25,78) d(34) a(3,33) d(35) a(2,52) r(25,34) a(32,64)", "fitness": 0.0}
{"generation": 8, "position": 60, "parents": [26], "genome": "a(35,28) r(28,32) a(34,76) d(34) a(3,33) d(35) a(2,52) r(25,34) d(32)", "fitness": 0.0}
{"generation": 8, "position": 61, "parents": [6], "genome": "r(34,44) r(3,53) a(28,54) r(35,100) a(25,78) a(3,60) a(28,33) a(3,62) d(25) d(28)", "fitness": 0.0}
{"generation": 8, "position": 62, "parents": [24, 16], "genome": "a(35,28) a(27,95) a(1,60) a(32,112) r(32,135) r(34,54)", "fitness": 0.0}
{"generation": 8, "position": 63, "parents": [24, 16], "genome": "r(34,33) r(35,148) r(1,47) a(35,47) a(34,51) d(25) r(35,97) d(34) a(3,60) a(28,33) a(31,80) a(34,54) a(33,62)", "fitness": 0.0}
{"generation": 8, "position": 64, "parents": [24], "genome": "a(35,28) a(27,95) a(3,60) a(28,33) a(31,80) a(34,54) a(35,134)", "fitness": 0.0}
{"generation": 9, "position": 0, "parents": [2, 43], "genome": "r(34,33) r(32,78) r(35,31) a(34,51) r(31,47) r(32,78) r(35,31) a(34,33) d(27) d(28) r(25,51) r(33,82) a(2,32)", "fitness": 0.0}
{"generation": 9, "position": 1, "parents": [2, 43], "genome": "r(34,51) r(35,148) r(1,47) a(34,53) d(35) r(34,135) r(28,34) r(33,1) d(25)", "fitness": 0.0}
{"generation": 9, "position": 2, "parents": [2], "genome": "r(34,33) r(32,78) r(35,31) a(34,51) a(34,53) d(35) r(34,135) r(28,34) r(33,1) r(1,97)", "fitness": 0.0}
{"generation": 9, "position": 3, "parents": [43], "genome": "r(34,51) r(35,148) r(1,47) r(31,47) r(32,78) r(35,31) a(34,33) d(27) d(28) r(25,51) r(33,82)", "fitness": 0.0}
{"generation": 9, "position": 4, "parents": [33], "genome": "a(31,177) r(34,46) a(31,60) a(32,32) a(35,112) d(35) a(1,52) r(2,62) d(1)", "fitness": 0.0}
{"generation": 9, "position": 5, "parents": [35], "genome": "r(34,44) r(3,53) a(35,47) a(34,51) a(34,53) d(35) r(31,47) r(32,78) r(35,31) a(34,33) d(27) d(28) r(25,51) d(2) a(1,53) r(1,82)", "fitness": 0.0}
{"generation": 9, "position": 6, "parents": [59, 42], "genome": "r(34,44) a(28,54) d(27) r(25,100) d(28) r(33,130) a(32,49)", "fitness": 0.0}
{"generation": 9, "position": 7, "parents": [59, 42], "genome": "r(34,33) r(35,148) r(1,47) r(3,53) r(3,53) a(28,54) r(35,100) a(25,78) d(34) a(3,33) d(35) a(2,52) r(25,34) a(32,64) a(31,100)", "fitness": 0.0}
{"generation": 9, "position": 8, "parents": [59], "genome": "r(34,44) r(3,53) a(28,54) r(35,100) a(25,78) d(34) a(3,33) d(35) a(2,52) r(25,34) a(32,64) d(33)", "fitness": 0.0}
{"generation": 9, "position": 9, "parents": [42], "genome": "r(34,33) r(35,148) r(1,47) r(3,53) a(28,54) d(27) r(25,100) d(28) r(33,130) d(32)", "fitness": 0.0}
{"generation": 9, "position": 10, "parents": [57], "genome": "a(34,83) d(28) a(35,47) a(34,51) d(25) r(35,97) d(34) r(34,100) d(28) r(32,94) d(35) r(33,148) r(1,49)", "fitness": 0.0}
{"generation": 9, "position": 11, "parents": [53], "genome": "r(34,33) r(35,148) r(1,47) r(3,53) a(28,54) d(27) r(25,100) a(28,170) d(33) d(31)", "fitness": 0.0}
{"generation": 9, "position": 12, "parents": [49, 8], "genome": "a(31,177) r(34,46) a(31,60) a(32,32) a(35,112) d(35) r(28,60) d(27) d(28) r(25,51) d(2) a(1,28) a(1,158)", "fitness": 0.0}
{"generation": 9, "position": 13, "parents": [49, 8], "genome": "a(34,83) r(32,78) r(35,31) d(34) a(27,95) a(3,60) r(31,47) r(32,78) r(35,31) a(34,33) d(33) d(27)", "fitness": 0.0}
{"generation": 9, "position": 14, "parents": [49], "genome": "a(31,177) r(34,46) a(31,60) a(32,32) a(35,112) d(35) r(28,60) d(33) r(2,134)", "fitness": 12.0}
{"generation": 9, "position": 15, "parents": [8], "genome": "a(34,83) r(32,78) r(35,31) d(34) a(27,95) a(3,60) r(31,47) r(32,78) r(35,31) a(34,33) d(27) d(28) r(25,51) d(2) a(1,28) a(1,54)", "fitness": 0.0}
{"generation": 9, "position": 16, "parents": [9, 27], "genome": "d(35) d(33) r(31,108) d(27) d(28) d(1) d(32)", "fitness": 0.0}
{"generation": 9, "position": 17, "parents": [9, 27], "genome": "d(35) d(33) a(3,60) d(28) r(32,94) r(3,53) a(28,54) d(27) d(1) r(25,77)", "fitness": 0.0}
{"generation": 9, "position": 18, "parents": [9], "genome": "d(35) d(33) d(28) r(32,94) r(3,53) a(28,54) d(27) d(1) r(25,77)", "fitness": 0.0}
{"generation": 9, "position": 19, "parents": [27], "genome": "d(35) d(33) a(3,60) r(31,108) d(27) d(28) d(1) a(25,57)", "fitness": 0.0}
{"generation": 9, "position": 20, "parents": [1, 49], "genome": "a(35,28) r(28,32) a(34,76) d(34) r(35,31) a(34,51) a(32,32) a(35,112) d(35) r(28,60) d(33) d(1)", "fitness": 0.0}
{"generation": 9, "position": 21, "parents": [1, 49], "genome": "a(31,177) r(34,46) a(31,60) a(34,53) d(35) r(34,135) r(28,34) d(33) d(3)", "fitness": 12.0}
{"generation": 9, "position": 22, "parents": [1], "genome": "a(35,28) r(28,32) a(34,76) d(34) r(35,31) a(34,51) a(34,53) d(35) r(34,135) r(28,34) d(33) a(1,80)", "fitness": 0.0}
{"generation": 9, "position": 23, "parents": [49], "genome": "a(31,177) r(34,46) a(31,60) a(32,32) a(35,112) d(35) r(28,60) d(33) r(27,82)", "fitness": 0.0}
{"generation": 9, "position": 24, "parents": [10], "genome": "a(31,177) r(34,46) a(31,60) a(32,32) a(35,112) r(28,32) a(34,76) d(34) a(3,33) d(27) d(1) a(35,36) r(35,38) d(25)", "fitness": 0.0}
{"generation": 9, "position": 25, "parents": [28], "genome": "a(34,83) r(32,78) r(35,31) d(34) a(27,95) a(3,60) r(31,108) d(27) d(28) a(1,80) a(33,178)", "fitness": 0.0}
{"generation": 9, "position": 26, "parents": [33], "genome": "a(31,177) r(34,46) a(31,60) a(32,32) a(35,112) d(35) a(1,52) r(2,62) r(1,178)", "fitness": 12.0}
{"generation": 9, "position": 27, "parents": [13], "genome": "a(35,28) r(28,32) a(34,76) d(34) a(3,33) d(27) d(1) a(35,36) a(35,178) a(35,86)", "fitness": 0.0}
{"generation": 9, "position": 28, "parents": [48], "genome": "a(34,83) d(28) a(35,47) a(34,51) d(25) r(35,97) d(34) d(33) r(3,80) d(1) a(32,164)", "fitness": 0.0}
{"generation": 9, "position": 29, "parents": [58], "genome": "a(35,28) r(28,32) a(34,76) a(3,60) a(28,33) a(3,62) d(25) r(35,52) a(34,70)", "fitness": 0.0}
{"generation": 9, "position": 30, "parents": [36, 6], "genome": "a(34,83) r(32,78) r(35,31) d(34) a(27,95) a(3,60) r(31,47) r(32,78) r(34,46) a(31,60) a(32,32) a(35,112) d(35) d(32) a(3,48) r(28,33)", "fitness": 0.0}
{"generation": 9, "position": 31, "parents": [36, 6], "genome": "a(31,177) r(35,31) a(34,33) d(27) d(28) r(25,51) d(2) r(1,108) d(34)", "fitness": 0.0}
{"generation": 9, "position": 32, "parents": [36], "genome": "a(34,83) r(32,78) r(35,31) d(34) a(27,95) a(3,60) r(31,47) r(32,78) r(35,31) a(34,33) d(27) d(28) r(25,51) d(2) r(1,108) a(33,28)", "fitness": 0.0}
{"generation": 9, "position": 33, "parents": [6], "genome": "a(31,177) r(34,46) a(31,60) a(32,32) a(35,112) d(35) d(32) a(3,48) a(28,65)", "fitness": 0.0}
{"generation": 9, "position": 34, "parents": [62, 52], "genome": "a(35,28) r(31,47) r(32,78) r(35,31) a(34,33) d(27) d(28) d(33) r(1,53) a(25,176) d(25)", "fitness": 0.0}
{"generation": 9, "position": 35, "parents": [62, 52], "genome": "a(35,28) r(28,32) a(34,76) d(34) a(27,95) a(1,60) a(32,112) r(32,135) r(34,54) r(35,45)", "fitness": 0.0}
{"generation": 9, "position": 36, "parents": [62], "genome": "a(35,28) a(27,95) a(1,60) a(32,112) r(32,135) r(34,54) d(35)", "fitness": 0.0}
{"generation": 9, "position": 37, "parents": [52], "genome": "a(35,28) r(28,32) a(34,76) d(34) r(31,47) r(32,78) r(35,31) a(34,33) d(27) d(28) d(33) r(1,53) a(25,176) r(25,62)", "fitness": 0.0}
{"generation": 9, "position": 38, "parents": [56, 8], "genome": "r(34,33) r(32,78) r(35,31) a(34,51) r(32,78) r(35,31) a(34,33) d(27) d(28) r(25,51) d(2) a(1,28) r(33,50)", "fitness": 0.0}
{"generation": 9, "position": 39, "parents": [56, 8], "genome": "a(34,83) r(32,78) r(35,31) d(34) a(27,95) a(3,60) r(31,47) a(34,53) d(35) r(34,135) r(28,34) r(2,170) r(25,52)", "fitness": 0.0}
{"generation": 9, "position": 40, "parents": [56], "genome": "r(34,33) r(32,78) r(35,31) a(34,51) a(34,53) d(35) r(34,135) r(28,34) r(2,170) a(27,158)", "fitness": 0.0}
{"generation": 9, "position": 41, "parents": [8], "genome": "a(34,83) r(32,78) r(35,31) d(34) a(27,95) a(3,60) r(31,47) r(32,78) r(35,31) a(34,33) d(27) d(28) r(25,51) d(2) a(1,28) d(33)", "fitness": 0.0}
{"generation": 9, "position": 42, "parents": [49], "genome": "a(31,177) r(34,46) a(31,60) a(32,32) a(35,112) d(35) r(28,60) d(33) r(32,112)", "fitness": 0.0}
{"generation": 9, "position": 43, "parents": [44], "genome": "d(35) d(33) d(28) r(32,94) r(3,53) a(28,54) r(35,84) a(27,69) r(3,32) r(25,34) r(2,60) a(1,86)", "fitness": 0.0}
{"generation": 9, "position": 44, "parents": [48], "genome": "a(34,83) d(28) a(35,47) a(34,51) d(25) r(35,97) d(34) d(33) r(3,80) d(1) a(32,51)", "fitness": 0.0}
{"generation": 9, "position": 45, "parents": [18], "genome": "r(34,44) r(35,33) r(25,148) a(2,87) a(25,78) r(28,37) r(2,69) r(32,48)", "fitness": 0.0}
{"generation": 9, "position": 46, "parents": [42, 7], "genome": "r(34,33) r(35,148) r(1,47) r(3,53) a(28,54) d(27) a(34,76) d(34) a(3,33) d(35) a(2,52) r(25,34) r(32,51) d(28)", "fitness": 0.0}
{"generation": 9, "position": 47, "parents": [42, 7], "genome": "a(35,28) r(28,32) r(25,100) d(28) r(33,130) d(1)", "fitness": 0.0}
{"generation": 9, "position": 48, "parents": [42], "genome": "r(34,33) r(35,148) r(1,47) r(3,53) a(28,54) d(27) r(25,100) d(28) r(33,130) a(32,46)", "fitness": 0.0}
{"generation": 9, "position": 49, "parents": [7], "genome": "a(35,28) r(28,32) a(34,76) d(34) a(3,33) d(35) a(2,52) r(25,34) r(32,51) a(3,148)", "fitness": 0.0}
{"generation": 9, "position": 50, "parents": [17], "genome": "r(34,33) r(35,148) r(1,47) r(3,53) a(28,54) d(27) r(25,100) a(28,170) d(28) d(33)", "fitness": 0.0}
{"generation": 9, "position": 51, "parents": [48], "genome": "a(34,83) d(28) a(35,47) a(34,51) d(25) r(35,97) d(34) d(33) r(3,80) d(1) d(32)", "fitness": 0.0}
{"generation": 9, "position": 52, "parents": [41], "genome": "r(34,51) r(35,148) r(1,47) r(1,47) r(3,53) a(28,54) d(27) r(25,100) d(28) d(32) d(33)", "fitness": 0.0}
{"generation": 9, "position": 53, "parents": [64], "genome": "a(35,28) a(27,95) a(3,60) a(28,33) a(31,80) a(34,54) a(35,134) r(33,87)", "fitness": 0.0}
{"generation": 9, "position": 54, "parents": [57], "genome": "a(34,83) d(28) a(35,47) a(34,51) d(25) r(35,97) d(34) r(34,100) d(28) r(32,94) d(35) r(33,148) r(1,49)", "fitness": 0.0}
{"generation": 9, "position": 55, "parents": [47], "genome": "a(31,177) r(34,46) a(31,60) a(32,32) a(35,112) d(28) a(35,47) a(34,51) d(25) r(35,97) d(34) d(33) r(3,80) r(1,57) r(32,108)", "fitness": 0.0}
{"generation": 9, "position": 56, "parents": [61], "genome": "r(34,44) r(3,53) a(28,54) r(35,100) a(25,78) a(3,60) a(28,33) a(3,62) d(25) d(28) a(2,83)", "fitness": 0.0}
{"generation": 10, "position": 0, "parents": [48], "genome": "r(34,33) r(35,148) r(1,47) r(3,53) a(28,54) d(27) r(25,100) d(28) r(33,130) a(32,46) d(32)", "fitness": 0.0}
{"generation": 10, "position": 1, "parents": [4], "genome": "a(31,177) r(34,46) a(31,60) a(32,32) a(35,112) d(35) a(1,52) r(2,62) d(1) d(33)", "fitness": 0.0}
{"generation": 10, "position": 2, "parents": [49], "genome": "a(35,28) r(28,32) a(34,76) d(34) a(3,33) d(35) a(2,52) r(25,34) r(32,51) a(3,148) a(1,37)", "fitness": 0.0}
{"generation": 10, "position": 3, "parents": [29], "genome": "a(35,28) r(28,32) a(34,76) a(3,60) a(28,33) a(3,62) d(25) r(35,52) a(34,70) d(2)", "fitness": 0.0}
{"generation": 10, "position": 4, "parents": [3, 4], "genome": "r(34,51) r(35,148) r(1,47) d(1) d(25)", "fitness": 0.0}
{"generation": 10, "position": 5, "parents": [3, 4], "genome": "a(31,177) r(34,46) a(31,60) a(32,32) a(35,112) d(35) a(1,52) r(2,62) r(31,47) r(32,78) r(35,31) a(34,33) d(27) d(28) r(25,51) r(33,82) a(1,80)", "fitness": 0.0}
{"generation": 10, "position": 6, "parents": [3], "genome": "r(34,51) r(35,148) r(1,47) r(31,47) r(32,78) r(35,31) a(34,33) d(27) d(28) r(25,51) r(33,82)", "fitness": 0.0}
{"generation": 10, "position": 7, "parents": [4], "genome": "a(31,177) r(34,46) a(31,60) a(32,32) a(35,112) d(35) a(1,52) r(2,62) d(1) d(33)", "fitness": 0.0}
{"generation": 10, "position": 8, "parents": [42, 32], "genome": "a(31,177) r(34,46) r(35,31) d(34) a(27,95) a(3,60) r(31,47) r(32,78) r(35,31) a(34,33) d(27) d(28) r(25,51) d(2) r(1,108) a(33,28) d(33)", "fitness": 0.0}
{"generation": 10, "position": 9, "parents": [42, 32], "genome": "a(34,83) r(32,78) a(31,60) a(32,32) a(35,112) d(35) r(28,60) d(33) r(32,112) d(3)", "fitness": 12.0}
{"generation": 10, "position": 10, "parents": [42], "genome": "a(31,177) r(34,46) a(31,60) a(32,32) a(35,112) d(35) r(28,60) d(33) r(32,112) d(1)", "fitness": 0.0}
{"generation": 10, "position": 11, "parents": [32], "genome": "a(34,83) r(32,78) r(35,31) d(34) a(27,95) a(3,60) r(31,47) r(32,78) r(35,31) a(34,33) d(27) d(28) r(25,51) d(2) r(1,108) a(33,28) r(33,177)", "fitness": 0.0}
{"generation": 10, "position": 12, "parents": [50], "genome": "r(34,33) r(35,148) r(1,47) r(3,53) a(28,54) d(27) r(25,100) a(28,170) d(28) d(33) a(32,84)", "fitness": 0.0}
{"generation": 10, "position": 13, "parents": [45], "genome": "r(34,44) r(35,33) r(25,148) a(2,87) a(25,78) r(28,37) r(2,69) r(32,48) d(1)", "fitness": 0.0}
{"generation": 10, "position": 14, "parents": [41, 25], "genome": "a(34,83) r(32,78) r(35,31) d(34) a(27,95) a(3,60) r(31,108) d(27) d(28) a(1,80) a(33,178) d(1)", "fitness": 0.0}
{"generation": 10, "position": 15, "parents": [41, 25], "genome": "a(34,83) r(32,78) r(35,31) d(34) a(27,95) a(3,60) r(31,47) r(32,78) r(35,31) a(34,33) d(27) d(28) r(25,51) d(2) a(1,28) d(33) r(1,52)", "fitness": 0.0}
{"generation": 10, "position": 16, "parents": [41], "genome": "a(34,83) r(32,78) r(35,31) d(34) a(27,95) a(3,60) r(31,47) r(32,78) r(35,31) a(34,33) d(27) d(28) r(25,51) d(2) a(1,28) d(33) r(1,49)", "fitness": 0.0}
{"generation": 10, "position": 17, "parents": [25], "genome": "a(34,83) r(32,78) r(35,31) d(34) a(27,95) a(3,60) r(31,108) d(27) d(28) a(1,80) a(33,178) r(25,176)", "fitness": 0.0}
{"generation": 10, "position": 18, "parents": [40, 41], "genome": "r(34,33) r(32,78) r(35,31) a(34,51) a(34,53) d(35) r(34,135) r(28,34) r(2,170) a(27,158) r(35,31) d(34) a(27,95) a(3,60) r(31,47) r(32,78) r(35,31) a(34,33) d(27) d(28) r(25,51) d(2) a(1,28) d(33) d(1)", "fitness": 0.0}
{"generation": 10, "position": 19, "parents": [40, 41], "genome": "a(34,83) r(32,78) r(35,138)", "fitness": 0.0}
{"generation": 10, "position": 20, "parents": [40], "genome": "r(34,33) r(32,78) r(35,31) a(34,51) a(34,53) d(35) r(34,135) r(28,34) r(2,170) a(27,158) r(27,108)", "fitness": 0.0}
{"generation": 10, "position": 21, "parents": [41], "genome": "a(34,83) r(32,78) r(35,31) d(34) a(27,95) a(3,60) r(31,47) r(32,78) r(35,31) a(34,33) d(27) d(28) r(25,51) d(2) a(1,28) d(33) r(1,33)", "fitness": 0.0}
{"generation": 10, "position": 22, "parents": [55, 2], "genome": "a(31,177) r(34,46) a(31,60) a(32,32) a(35,112) d(28) a(35,47) a(34,51) d(25) r(35,97) d(34) d(35) r(34,135) r(28,34) r(33,1) r(1,97) d(32)", "fitness": 0.0}
{"generation": 10, "position": 23, "parents": [55, 2], "genome": "r(34,33) r(32,78) r(35,31) a(34,51) a(34,53) d(33) r(3,80) r(1,57) r(32,108) d(31)", "fitness": 0.0}
{"generation": 10, "position": 24, "parents": [55], "genome": "a(31,177) r(34,46) a(31,60) a(32,32) a(35,112) d(28) a(35,47) a(34,51) d(25) r(35,97) d(34) d(33) r(3,80) r(1,57) r(32,108)", "fitness": 0.0}
{"generation": 10, "position": 25, "parents": [2], "genome": "r(34,33) r(32,78) r(35,31) a(34,51) a(34,53) d(35) r(34,135) r(28,34) r(33,1) r(1,97) d(27)", "fitness": 0.0}
{"generation": 10, "position": 26, "parents": [29, 53], "genome": "a(35,28) r(28,32) a(34,76) a(3,60) a(28,33) a(3,62) d(25) r(35,52) a(34,70) a(28,33) a(31,80) a(34,54) a(35,134) r(33,87) r(32,25)", "fitness": 0.0}
{"generation": 10, "position": 27, "parents": [29, 53], "genome": "a(35,28) a(27,95) a(3,60) r(34,62)", "fitness": 0.0}
{"generation": 10, "position": 28, "parents": [29], "genome": "a(35,28) r(28,32) a(34,76) a(3,60) a(28,33) a(3,62) d(25) r(35,52) a(34,70) d(34)", "fitness": 0.0}
{"generation": 10, "position": 29, "parents": [53], "genome": "a(35,28) a(27,95) a(3,60) a(28,33) a(31,80) a(34,54) a(35,134) r(33,87) d(25)", "fitness": 0.0}
{"generation": 10, "position": 30, "parents": [13, 39], "genome": "a(34,83) r(32,78) r(35,31) d(34) a(27,95) a(3,60) r(31,47) r(32,78) r(35,31) a(34,33) a(1,32)", "fitness": 0.0}
{"generation": 10, "position": 31, "parents": [13, 39], "genome": "a(34,83) r(32,78) r(35,31) d(34) a(27,95) a(3,60) r(31,47) a(34,53) d(35) r(34,135) r(28,34) r(2,170) r(25,52) d(33) d(27) a(1,38)", "fitness": 0.0}
{"generation": 10, "position": 32, "parents": [13], "genome": "a(34,83) r(32,78) r(35,31) d(34) a(27,95) a(3,60) r(31,47) r(32,78) r(35,31) a(34,33) d(33) d(27) r(3,57)", "fitness": 0.0}
{"generation": 10, "position": 33, "parents": [39], "genome": "a(34,83) r(32,78) r(35,31) d(34) a(27,95) a(3,60) r(31,47) a(34,53) d(35) r(34,135) r(28,34) r(2,170) r(25,52) d(1)", "fitness": 0.0}
{"generation": 10, "position": 34, "parents": [18], "genome": "d(35) d(33) d(28) r(32,94) r(3,53) a(28,54) d(27) d(1) r(25,77)", "fitness": 0.0}
{"generation": 10, "position": 35, "parents": [24], "genome": "a(31,177) r(34,46) a(31,60) a(32,32) a(35,112) r(28,32) a(34,76) d(34) a(3,33) d(27) d(1) a(35,36) r(35,38) d(25) r(33,130)", "fitness": 0.0}
{"generation": 10, "position": 36, "parents": [48, 55], "genome": "r(34,33) r(35,148) r(1,47) r(3,53) a(28,54) d(27) r(25,100) d(28) r(33,130) a(32,46) d(28) a(35,47) a(34,51) d(25) r(35,97) d(34) d(33) r(3,80) r(1,57) r(32,108)", "fitness": 0.0}
{"generation": 10, "position": 37, "parents": [48, 55], "genome": "a(31,177) r(34,46) a(31,60) a(32,32) a(35,112) r(2,64)", "fitness": 0.0}
{"generation": 10, "position": 38, "parents": [48], "genome": "r(34,33) r(35,148) r(1,47) r(3,53) a(28,54) d(27) r(25,100) d(28) r(33,130) a(32,46) a(32,112)", "fitness": 0.0}
{"generation": 10, "position": 39, "parents": [55], "genome": "a(31,177) r(34,46) a(31,60) a(32,32) a(35,112) d(28) a(35,47) a(34,51) d(25) r(35,97) d(34) d(33) r(3,80) r(1,57) r(32,108)", "fitness": 0.0}
{"generation": 10, "position": 40, "parents": [8], "genome": "r(34,44) r(3,53) a(28,54) r(35,100) a(25,78) d(34) a(3,33) d(35) a(2,52) r(25,34) a(32,64) d(33) a(31,105)", "fitness": 0.0}
{"generation": 10, "position": 41, "parents": [19], "genome": "d(35) d(33) a(3,60) r(31,108) d(27) d(28) d(1) a(25,57) r(32,28)", "fitness": 0.0}
{"generation": 10, "position": 42, "parents": [31, 43], "genome": "a(31,177) r(35,31) a(34,33) d(27) d(28) r(25,51) d(2) r(35,84) a(27,69) r(3,32) r(25,34) r(2,60) a(1,86) r(34,84)", "fitness": 0.0}
{"generation": 10, "position": 43, "parents": [31, 43], "genome": "d(35) d(33) d(28) r(32,94) r(3,53) a(28,54) r(1,108) d(34) a(27,108)", "fitness": 0.0}
{"generation": 10, "position": 44, "parents": [31], "genome": "a(31,177) r(35,31) a(34,33) d(27) d(28) r(25,51) d(2) r(1,108) d(34) d(32)", "fitness": 0.0}
{"generation": 10, "position": 45, "parents": [43], "genome": "d(35) d(33) d(28) r(32,94) r(3,53) a(28,54) r(35,84) a(27,69) r(3,32) r(25,34) r(2,60) a(1,86) a(1,51)", "fitness": 0.0}
{"generation": 10, "position": 46, "parents": [17], "genome": "d(35) d(33) a(3,60) d(28) r(32,94) r(3,53) a(28,54) d(27) d(1) r(25,77)", "fitness": 0.0}
{"generation": 10, "position": 47, "parents": [20], "genome": "a(35,28) r(28,32) a(34,76) d(34) r(35,31) a(34,51) a(32,32) a(35,112) d(35) r(28,60) d(33) d(1) a(25,44)", "fitness": 0.0}
{"generation": 10, "position": 48, "parents": [50, 6], "genome": "r(34,33) r(35,148) r(1,47) r(3,53) a(28,54) d(27) r(25,100) a(28,170) a(32,49) d(31)", "fitness": 0.0}
{"generation": 10, "position": 49, "parents": [50, 6], "genome": "r(34,44) a(28,54) d(27) r(25,100) d(28) r(33,130) d(28) d(33) a(1,51)", "fitness": 0.0}
{"generation": 10, "position": 50, "parents": [50], "genome": "r(34,33) r(35,148) r(1,47) r(3,53) a(28,54) d(27) r(25,100) a(28,170) d(28) d(33) a(32,170)", "fitness": 0.0}
{"generation": 10, "position": 51, "parents": [6], "genome": "r(34,44) a(28,54) d(27) r(25,100) d(28) r(33,130) a(32,49) a(1,158)", "fitness": 0.0}
{"generation": 10, "position": 52, "parents": [10, 20], "genome": "a(34,83) d(28) a(35,47) a(34,51) a(35,112) d(35) r(28,60) d(33) d(1) a(25,64)", "fitness": 0.0}
{"generation": 10, "position": 53, "parents": [10, 20], "genome": "a(35,28) r(28,32) a(34,76) d(34) r(35,31) a(34,51) a(32,32) d(25) r(35,97) d(34) r(34,100) d(28) r(32,94) d(35) r(33,148) r(1,49)", "fitness": 0.0}
{"generation": 10, "position": 54, "parents": [10], "genome": "a(34,83) d(28) a(35,47) a(34,51) d(25) r(35,97) d(34) r(34,100) d(28) r(32,94) d(35) r(33,148) r(1,49)", "fitness": 0.0}
{"generation": 10, "position": 55, "parents": [20], "genome": "a(35,28) r(28,32) a(34,76) d(34) r(35,31) a(34,51) a(32,32) a(35,112) d(35) r(28,60) d(33) d(1) r(32,27)", "fitness": 0.0}
{"generation": 10, "position": 56, "parents": [0], "genome": "r(34,33) r(32,78) r(35,31) a(34,51) r(31,47) r(32,78) r(35,31) a(34,33) d(27) d(28) r(25,51) r(33,82) a(2,32) a(1,46)", "fitness": 0.0}
{"generation": 10, "position": 57, "parents": [41], "genome": "a(34,83) r(32,78) r(35,31) d(34) a(27,95) a(3,60) r(31,47) r(32,78) r(35,31) a(34,33) d(27) d(28) r(25,51) d(2) a(1,28) d(33) a(1,54)", "fitness": 0.0}
{"generation": 10, "position": 58, "parents": [30], "genome": "a(34,83) r(32,78) r(35,31) d(34) a(27,95) a(3,60) r(31,47) r(32,78) r(34,46) a(31,60) a(32,32) a(35,112) d(35) d(32) a(3,48) r(28,33) d(1)", "fitness": 0.0}
{"generation": 10, "position": 59, "parents": [5], "genome": "r(34,44) r(3,53) a(35,47) a(34,51) a(34,53) d(35) r(31,47) r(32,78) r(35,31) a(34,33) d(27) d(28) r(25,51) d(2) a(1,53) r(1,82) a(33,78)", "fitness": 0.0}
{"generation": 10, "position": 60, "parents": [52], "genome": "r(34,51) r(35,148) r(1,47) r(1,47) r(3,53) a(28,54) d(27) r(25,100) d(28) d(32) d(33)", "fitness": 0.0}