[meta]
{"program": "genprog-3.0", "problem": {"type": "repair", "name": "units", "enclosure": {"1": 0, "2": 0, "3": 0, "4": 3, "5": 4, "6": 4, "7": 4, "8": 4, "9": 3, "10": 0, "11": 0, "12": 11, "13": 11, "14": 0, "15": 0, "16": 15, "17": 15, "18": 15, "19": 15, "20": 0, "21": 0, "22": 0, "23": 0, "24": 0, "25": 0, "26": 0, "28": 26, "29": 0, "31": 29, "32": 0, "33": 0, "34": 0, "35": 0, "37": 35, "38": 0, "39": 0, "40": 39, "41": 40, "43": 39, "45": 43, "46": 39, "47": 0, "48": 0, "50": 48, "52": 50, "53": 0, "54": 0, "56": 0, "58": 56, "59": 0, "60": 0, "61": 0, "62": 0, "64": 0, "65": 0, "67": 0, "68": 0, "69": 0, "70": 0, "71": 0, "72": 71, "73": 72, "75": 71, "76": 71, "77": 71, "78": 0, "79": 78, "80": 78, "81": 78, "82": 78, "83": 82, "84": 83, "86": 82, "87": 82, "88": 82, "89": 78, "90": 0, "91": 0, "92": 0, "93": 92, "94": 93, "95": 93, "96": 92, "97": 96, "98": 96, "99": 96, "100": 92, "101": 100, "102": 100, "103": 92, "104": 92, "105": 0, "106": 105, "107": 105, "108": 0, "109": 0, "110": 0, "111": 0, "112": 111, "113": 112, "115": 111, "116": 111, "117": 0, "118": 0, "119": 118, "120": 118, "121": 0, "122": 0, "123": 0, "124": 0, "126": 0, "127": 126, "128": 126, "129": 126, "130": 126, "131": 126, "132": 126, "133": 126, "134": 0, "135": 134, "136": 134, "137": 0, "138": 137, "139": 137, "141": 0, "142": 0, "143": 0, "145": 0, "146": 0, "147": 0, "148": 0, "149": 148, "150": 149, "151": 149, "152": 149, "153": 152, "154": 153, "156": 152, "157": 152, "158": 149, "159": 149, "160": 149, "161": 160, "162": 161, "164": 160, "165": 160, "166": 148, "167": 166, "168": 167, "170": 167, "171": 166, "172": 148, "173": 148, "174": 0, "175": 0, "176": 175, "177": 175, "178": 177, "180": 175, "181": 175, "182": 181, "183": 181, "184": 181, "185": 184, "187": 181, "188": 181, "189": 181, "190": 189, "192": 189, "193": 175, "194": 193, "195": 193, "197": 193, "198": 175, "199": 0, "200": 0, "201": 200, "202": 201, "204": 200, "205": 0, "206": 205, "207": 205, "208": 207, "210": 207, "211": 205, "212": 0, "213": 0, "214": 0, "215": 0, "216": 0, "217": 0, "218": 217, "219": 217, "220": 217, "221": 220, "223": 217, "224": 217, "225": 217, "226": 225, "227": 225, "228": 0, "229": 0, "230": 0, "231": 0, "232": 231, "233": 232, "235": 231, "236": 231, "237": 231, "238": 231, "239": 231, "240": 231, "241": 231, "242": 231, "243": 231, "244": 231, "245": 231, "246": 231, "247": 231, "248": 231, "249": 231, "250": 231, "251": 231, "252": 231, "253": 0, "254": 0, "255": 0, "256": 0, "257": 0, "258": 257, "259": 258, "260": 258, "261": 258, "262": 258, "263": 262, "264": 263, "266": 262, "268": 266, "269": 262, "270": 262, "271": 262, "272": 258, "273": 257, "274": 257, "275": 257, "276": 257, "277": 0, "278": 277, "279": 278, "280": 279, "281": 280, "284": 278, "286": 277, "287": 0, "289": 287, "290": 0, "291": 0, "292": 291, "293": 292, "294": 293, "297": 291, "298": 291, "299": 291, "300": 291, "301": 291, "303": 301, "304": 291, "305": 304, "306": 304, "307": 304, "308": 304, "309": 304, "311": 309, "312": 304, "313": 304, "314": 304, "315": 304, "316": 315, "317": 316, "319": 315, "320": 315, "321": 304, "323": 304, "324": 0, "325": 0, "326": 0, "327": 0, "328": 0, "330": 328, "331": 0, "332": 0, "333": 0, "334": 0, "335": 0, "337": 335, "338": 0, "339": 0, "340": 339, "341": 340, "343": 339, "344": 339, "346": 344, "347": 346, "349": 347, "350": 346, "351": 339, "352": 351, "353": 352, "355": 353, "356": 352, "357": 352, "358": 351, "359": 339, "360": 0, "361": 360, "362": 360, "364": 0, "365": 0, "367": 0, "368": 0, "369": 0, "370": 369, "371": 369, "372": 371, "373": 371, "374": 373, "376": 0, "377": 376, "378": 377, "379": 377, "380": 379, "381": 379, "382": 377, "384": 377, "385": 376, "386": 0, "387": 386, "388": 386, "390": 386, "391": 0, "392": 391, "393": 391, "394": 0, "396": 394, "397": 396, "398": 396, "399": 398, "400": 398, "401": 396, "402": 396, "403": 396, "404": 403, "405": 404, "406": 405, "409": 403, "410": 403, "411": 396, "412": 411, "413": 411, "414": 396, "415": 396, "416": 0, "417": 0, "418": 0, "419": 418, "420": 418, "421": 0, "422": 421, "423": 421, "424": 421, "425": 424, "427": 421, "428": 0, "429": 428, "430": 428, "431": 0, "432": 431, "433": 431, "434": 431, "435": 0, "436": 0, "437": 0, "438": 0, "439": 438, "440": 438, "441": 438, "442": 0, "443": 0, "444": 443, "445": 444, "446": 444, "447": 444, "448": 443, "449": 443, "450": 0, "451": 0, "452": 0, "453": 0, "454": 453, "455": 454, "457": 453, "458": 453, "459": 453, "460": 0, "461": 460, "462": 460, "463": 0, "464": 0, "465": 0, "466": 465, "467": 465, "468": 0, "469": 0, "470": 469, "471": 469, "472": 0, "473": 0, "474": 473, "475": 473, "477": 0, "478": 0, "479": 0}}, "version": "0.0.2", "seed": 0, "algorithm": {"representation": "patch", "type": "genetic", "name": "ALGORITHM-NAME"}}

[data]
{"generation": 0, "position": 0, "parents": [], "genome": "a(212,154)", "fitness": 5.0}
{"generation": 0, "position": 1, "parents": [], "genome": "d(414)", "fitness": 5.0}
{"generation": 0, "position": 2, "parents": [], "genome": "d(111)", "fitness": 0.0}
{"generation": 0, "position": 3, "parents": [], "genome": "r(228,1)", "fitness": 0.0}
{"generation": 0, "position": 4, "parents": [], "genome": "r(10,11)", "fitness": 0.0}
{"generation": 0, "position": 5, "parents": [], "genome": "r(213,195)", "fitness": 5.0}
{"generation": 0, "position": 6, "parents": [], "genome": "a(286,374)", "fitness": 5.0}
{"generation": 0, "position": 7, "parents": [], "genome": "a(157,214)", "fitness": 2.0}
{"generation": 0, "position": 8, "parents": [], "genome": "d(189)", "fitness": 5.0}
{"generation": 0, "position": 9, "parents": [], "genome": "a(413,210)", "fitness": 5.0}
{"generation": 0, "position": 10, "parents": [], "genome": "a(463,465)", "fitness": 0.0}
{"generation": 0, "position": 11, "parents": [], "genome": "d(276)", "fitness": 5.0}
{"generation": 0, "position": 12, "parents": [], "genome": "d(371)", "fitness": 0.0}
{"generation": 0, "position": 13, "parents": [], "genome": "d(286)", "fitness": 5.0}
{"generation": 0, "position": 14, "parents": [], "genome": "d(213)", "fitness": 5.0}
{"generation": 0, "position": 15, "parents": [], "genome": "d(281)", "fitness": 5.0}
{"generation": 0, "position": 16, "parents": [], "genome": "d(212)", "fitness": 5.0}
{"generation": 0, "position": 17, "parents": [], "genome": "d(214)", "fitness": 5.0}
{"generation": 0, "position": 18, "parents": [], "genome": "a(129,358)", "fitness": 5.0}
{"generation": 0, "position": 19, "parents": [], "genome": "r(355,173)", "fitness": 5.0}
{"generation": 0, "position": 20, "parents": [], "genome": "r(159,276)", "fitness": 5.0}
{"generation": 0, "position": 21, "parents": [], "genome": "d(413)", "fitness": 5.0}
{"generation": 0, "position": 22, "parents": [], "genome": "d(201)", "fitness": 0.0}
{"generation": 0, "position": 23, "parents": [], "genome": "r(226,202)", "fitness": 0.0}
{"generation": 0, "position": 24, "parents": [], "genome": "a(396,387)", "fitness": 1.0}
{"generation": 0, "position": 25, "parents": [], "genome": "r(248,227)", "fitness": 0.0}
{"generation": 0, "position": 26, "parents": [], "genome": "r(330,343)", "fitness": 5.0}
{"generation": 0, "position": 27, "parents": [], "genome": "d(422)", "fitness": 0.0}
{"generation": 0, "position": 28, "parents": [], "genome": "r(110,425)", "fitness": 0.0}
{"generation": 0, "position": 29, "parents": [], "genome": "r(460,465)", "fitness": 0.0}
{"generation": 0, "position": 30, "parents": [], "genome": "d(133)", "fitness": 5.0}
{"generation": 0, "position": 31, "parents": [], "genome": "d(427)", "fitness": 3.0}
{"generation": 0, "position": 32, "parents": [], "genome": "r(230,390)", "fitness": 0.0}
{"generation": 0, "position": 33, "parents": [], "genome": "d(217)", "fitness": 0.0}
{"generation": 0, "position": 34, "parents": [], "genome": "d(212)", "fitness": 5.0}
{"generation": 0, "position": 35, "parents": [], "genome": "d(391)", "fitness": 3.0}
{"generation": 0, "position": 36, "parents": [], "genome": "r(117,272)", "fitness": 0.0}
{"generation": 0, "position": 37, "parents": [], "genome": "r(215,330)", "fitness": 0.0}
{"generation": 0, "position": 38, "parents": [], "genome": "a(21,276)", "fitness": 5.0}
{"generation": 0, "position": 39, "parents": [], "genome": "original", "fitness": 5.0}
{"generation": 1, "position": 0, "parents": [14, 7], "genome": "d(213) d(467)", "fitness": 5.0}
{"generation": 1, "position": 1, "parents": [14, 7], "genome": "a(157,214) d(130)", "fitness": 0.0}
{"generation": 1, "position": 2, "parents": [14], "genome": "d(213) a(471,434)", "fitness": 5.0}
{"generation": 1, "position": 3, "parents": [7], "genome": "a(157,214) d(470)", "fitness": 0.0}
{"generation": 1, "position": 4, "parents": [12, 22], "genome": "d(371) a(19,120)", "fitness": 0.0}
{"generation": 1, "position": 5, "parents": [12, 22], "genome": "d(201) a(212,400)", "fitness": 0.0}
{"generation": 1, "position": 6, "parents": [12], "genome": "d(371) d(471)", "fitness": 0.0}
{"generation": 1, "position": 7, "parents": [22], "genome": "d(201) r(138,393)", "fitness": 0.0}
{"generation": 1, "position": 8, "parents": [34], "genome": "d(212) a(328,236)", "fitness": 5.0}
{"generation": 1, "position": 9, "parents": [31], "genome": "d(427) a(287,347)", "fitness": 0.0}
{"generation": 1, "position": 10, "parents": [29], "genome": "r(460,465) r(199,400)", "fitness": 0.0}
{"generation": 1, "position": 11, "parents": [39], "genome": "r(153,212)", "fitness": 0.0}
{"generation": 1, "position": 12, "parents": [7], "genome": "a(157,214) r(187,467)", "fitness": 0.0}
{"generation": 1, "position": 13, "parents": [2], "genome": "d(111) r(373,172)", "fitness": 0.0}
{"generation": 1, "position": 14, "parents": [4], "genome": "r(10,11) a(174,185)", "fitness": 0.0}
{"generation": 1, "position": 15, "parents": [18], "genome": "a(129,358) a(138,210)", "fitness": 5.0}
{"generation": 1, "position": 16, "parents": [22], "genome": "d(201) d(347)", "fitness": 0.0}
{"generation": 1, "position": 17, "parents": [7], "genome": "a(157,214) a(458,355)", "fitness": 2.0}
{"generation": 1, "position": 18, "parents": [33, 14], "genome": "d(217) a(167,162)", "fitness": 0.0}
{"generation": 1, "position": 19, "parents": [33, 14], "genome": "d(213) r(130,444)", "fitness": 10.0}
{"generation": 1, "position": 20, "parents": [33], "genome": "d(217) d(374)", "fitness": 0.0}
{"generation": 1, "position": 21, "parents": [14], "genome": "d(213) d(337)", "fitness": 5.0}
{"generation": 1, "position": 22, "parents": [14, 37], "genome": "d(213) r(402,412)", "fitness": 5.0}
{"generation": 1, "position": 23, "parents": [14, 37], "genome": "r(215,330) r(373,431)", "fitness": 0.0}
{"generation": 1, "position": 24, "parents": [14], "genome": "d(213) a(298,238)", "fitness": 5.0}
{"generation": 1, "position": 25, "parents": [37], "genome": "r(215,330) r(168,188)", "fitness": 0.0}
{"generation": 1, "position": 26, "parents": [24], "genome": "a(396,387) r(356,172)", "fitness": 0.0}
{"generation": 1, "position": 27, "parents": [28], "genome": "r(110,425) r(138,341)", "fitness": 0.0}
{"generation": 1, "position": 28, "parents": [0], "genome": "a(212,154) a(330,2)", "fitness": 5.0}
{"generation": 1, "position": 29, "parents": [12], "genome": "d(371) a(353,323)", "fitness": 0.0}
{"generation": 1, "position": 30, "parents": [28], "genome": "r(110,425) r(447,228)", "fitness": 0.0}
{"generation": 1, "position": 31, "parents": [31], "genome": "d(427) a(368,41)", "fitness": 3.0}
{"generation": 1, "position": 32, "parents": [8], "genome": "d(189) d(358)", "fitness": 5.0}
{"generation": 1, "position": 33, "parents": [2], "genome": "d(111) a(189,274)", "fitness": 0.0}
{"generation": 1, "position": 34, "parents": [17, 23], "genome": "d(214) r(116,341)", "fitness": 0.0}
{"generation": 1, "position": 35, "parents": [17, 23], "genome": "r(226,202) r(420,41)", "fitness": 0.0}
{"generation": 1, "position": 36, "parents": [17], "genome": "d(214) d(404)", "fitness": 0.0}
{"generation": 1, "position": 37, "parents": [23], "genome": "r(226,202) r(245,326)", "fitness": 0.0}
{"generation": 1, "position": 38, "parents": [12, 12], "genome": "d(371) d(230)", "fitness": 0.0}
{"generation": 1, "position": 39, "parents": [12, 12], "genome": "d(371) a(24,45)", "fitness": 0.0}
{"generation": 1, "position": 40, "parents": [12], "genome": "d(371) a(428,378)", "fitness": 0.0}
{"generation": 1, "position": 41, "parents": [12], "genome": "d(371) r(182,199)", "fitness": 0.0}
{"generation": 1, "position": 42, "parents": [32], "genome": "r(230,390) r(420,185)", "fitness": 0.0}
{"generation": 1, "position": 43, "parents": [29], "genome": "r(460,465) r(416,226)", "fitness": 0.0}
{"generation": 1, "position": 44, "parents": [27], "genome": "d(422) d(286)", "fitness": 0.0}
{"generation": 1, "position": 45, "parents": [5], "genome": "r(213,195) a(450,13)", "fitness": 5.0}
{"generation": 1, "position": 46, "parents": [3], "genome": "r(228,1) r(245,353)", "fitness": 0.0}
{"generation": 1, "position": 47, "parents": [8], "genome": "d(189) d(229)", "fitness": 0.0}
{"generation": 1, "position": 48, "parents": [7, 37], "genome": "a(157,214) d(212)", "fitness": 2.0}
{"generation": 1, "position": 49, "parents": [7, 37], "genome": "r(215,330) a(298,229)", "fitness": 0.0}
{"generation": 1, "position": 50, "parents": [7], "genome": "a(157,214) r(220,434)", "fitness": 0.0}
{"generation": 1, "position": 51, "parents": [37], "genome": "r(215,330) d(143)", "fitness": 0.0}
{"generation": 1, "position": 52, "parents": [11, 23], "genome": "d(276) r(213,406)", "fitness": 5.0}
{"generation": 1, "position": 53, "parents": [11, 23], "genome": "r(226,202) r(399,45)", "fitness": 0.0}
{"generation": 1, "position": 54, "parents": [11], "genome": "d(276) r(359,467)", "fitness": 0.0}
{"generation": 2, "position": 0, "parents": [25, 37], "genome": "r(215,330) d(187)", "fitness": 0.0}
{"generation": 2, "position": 1, "parents": [25, 37], "genome": "r(226,202) r(245,326) r(168,188) r(180,357)", "fitness": 0.0}
{"generation": 2, "position": 2, "parents": [25], "genome": "r(215,330) r(168,188) r(356,41)", "fitness": 0.0}
{"generation": 2, "position": 3, "parents": [37], "genome": "r(226,202) r(245,326) d(397)", "fitness": 0.0}
{"generation": 2, "position": 4, "parents": [41], "genome": "d(371) r(182,199) r(248,136)", "fitness": 0.0}
{"generation": 2, "position": 5, "parents": [6], "genome": "d(371) d(471) r(440,434)", "fitness": 0.0}
{"generation": 2, "position": 6, "parents": [1], "genome": "a(157,214) d(130) a(109,133)", "fitness": 0.0}
{"generation": 2, "position": 7, "parents": [14], "genome": "r(10,11) a(174,185) d(171)", "fitness": 0.0}
{"generation": 2, "position": 8, "parents": [4], "genome": "d(371) a(19,120) d(143)", "fitness": 0.0}
{"generation": 2, "position": 9, "parents": [33], "genome": "d(111) a(189,274) a(278,462)", "fitness": 0.0}
{"generation": 2, "position": 10, "parents": [43, 50], "genome": "r(460,465) a(210,1)", "fitness": 0.0}
{"generation": 2, "position": 11, "parents": [43, 50], "genome": "a(157,214) r(220,434) r(416,226) r(132,20)", "fitness": 0.0}
{"generation": 2, "position": 12, "parents": [43], "genome": "r(460,465) r(416,226) a(373,368)", "fitness": 0.0}
{"generation": 2, "position": 13, "parents": [50], "genome": "a(157,214) r(220,434) a(461,466)", "fitness": 0.0}
{"generation": 2, "position": 14, "parents": [10, 23], "genome": "r(460,465) d(129)", "fitness": 0.0}
{"generation": 2, "position": 15, "parents": [10, 23], "genome": "r(215,330) r(373,431) r(199,400) a(380,355)", "fitness": 0.0}
{"generation": 2, "position": 16, "parents": [10], "genome": "r(460,465) r(199,400) d(420)", "fitness": 0.0}
{"generation": 2, "position": 17, "parents": [23], "genome": "r(215,330) r(373,431) d(392)", "fitness": 0.0}
{"generation": 2, "position": 18, "parents": [49], "genome": "r(215,330) a(298,229) r(166,330)", "fitness": 0.0}
{"generation": 2, "position": 19, "parents": [1], "genome": "a(157,214) d(130) a(239,358)", "fitness": 0.0}
{"generation": 2, "position": 20, "parents": [47, 14], "genome": "d(189) a(174,185) d(338)", "fitness": 5.0}
{"generation": 2, "position": 21, "parents": [47, 14], "genome": "r(10,11) d(229) a(461,221)", "fitness": 0.0}
{"generation": 2, "position": 22, "parents": [47], "genome": "d(189) d(229) a(9,448)", "fitness": 10.0}
{"generation": 2, "position": 23, "parents": [14], "genome": "r(10,11) a(174,185) r(214,425)", "fitness": 0.0}
{"generation": 2, "position": 24, "parents": [20], "genome": "d(217) d(374) a(216,439)", "fitness": 0.0}
{"generation": 2, "position": 25, "parents": [4], "genome": "d(371) a(19,120) a(24,221)", "fitness": 0.0}
{"generation": 2, "position": 26, "parents": [38, 49], "genome": "d(371) d(362)", "fitness": 0.0}
{"generation": 2, "position": 27, "parents": [38, 49], "genome": "r(215,330) a(298,229) d(230) d(385)", "fitness": 0.0}
{"generation": 2, "position": 28, "parents": [38], "genome": "d(371) d(230) a(236,289)", "fitness": 0.0}
{"generation": 2, "position": 29, "parents": [49], "genome": "r(215,330) a(298,229) r(213,52)", "fitness": 0.0}
{"generation": 2, "position": 30, "parents": [25], "genome": "r(215,330) r(168,188) r(449,381)", "fitness": 0.0}
{"generation": 2, "position": 31, "parents": [33], "genome": "d(111) a(189,274) r(469,133)", "fitness": 0.0}
{"generation": 2, "position": 32, "parents": [23, 46], "genome": "r(215,330) r(245,353) a(332,251)", "fitness": 0.0}
{"generation": 2, "position": 33, "parents": [23, 46], "genome": "r(228,1) r(373,431) a(240,441)", "fitness": 0.0}
{"generation": 2, "position": 34, "parents": [23], "genome": "r(215,330) r(373,431) a(241,286)", "fitness": 0.0}
{"generation": 2, "position": 35, "parents": [46], "genome": "r(228,1) r(245,353) r(213,175)", "fitness": 0.0}
{"generation": 2, "position": 36, "parents": [54], "genome": "d(276) r(359,467) a(240,242)", "fitness": 0.0}
{"generation": 2, "position": 37, "parents": [41], "genome": "d(371) r(182,199) r(253,351)", "fitness": 0.0}
{"generation": 2, "position": 38, "parents": [40], "genome": "d(371) a(428,378) a(241,231)", "fitness": 0.0}
{"generation": 2, "position": 39, "parents": [54], "genome": "d(276) r(359,467) r(400,462)", "fitness": 0.0}
{"generation": 2, "position": 40, "parents": [42], "genome": "r(230,390) r(420,185) r(237,301)", "fitness": 0.0}
{"generation": 2, "position": 41, "parents": [13], "genome": "d(111) r(373,172) r(245,231)", "fitness": 0.0}
{"generation": 2, "position": 42, "parents": [4], "genome": "d(371) a(19,120) d(213)", "fitness": 0.0}
{"generation": 2, "position": 43, "parents": [41], "genome": "d(371) r(182,199) a(214,272)", "fitness": 0.0}
{"generation": 2, "position": 44, "parents": [40, 1], "genome": "d(371) a(428,378) d(130) d(195)", "fitness": 0.0}
{"generation": 2, "position": 45, "parents": [40, 1], "genome": "a(157,214) d(223)", "fitness": 0.0}
{"generation": 2, "position": 46, "parents": [40], "genome": "d(371) a(428,378) d(119)", "fitness": 0.0}
{"generation": 2, "position": 47, "parents": [1], "genome": "a(157,214) d(130) a(396,120)", "fitness": 0.0}
{"generation": 2, "position": 48, "parents": [4, 27], "genome": "d(371) r(138,341) r(360,347)", "fitness": 0.0}
{"generation": 2, "position": 49, "parents": [4, 27], "genome": "r(110,425) a(19,120) r(252,275)", "fitness": 0.0}
{"generation": 2, "position": 50, "parents": [4], "genome": "d(371) a(19,120) a(349,28)", "fitness": 0.0}
{"generation": 2, "position": 51, "parents": [27], "genome": "r(110,425) r(138,341) d(355)", "fitness": 0.0}
{"generation": 2, "position": 52, "parents": [34, 27], "genome": "d(214) a(413,381)", "fitness": 5.0}
{"generation": 2, "position": 53, "parents": [34, 27], "genome": "r(110,425) r(138,341) r(116,341) r(297,22)", "fitness": 10.0}
{"generation": 2, "position": 54, "parents": [34], "genome": "d(214) r(116,341) d(353)", "fitness": 0.0}
{"generation": 2, "position": 55, "parents": [27], "genome": "r(110,425) r(138,341) r(194,200)", "fitness": 0.0}
{"generation": 2, "position": 56, "parents": [3, 46], "genome": "a(157,214) r(245,353) r(360,41)", "fitness": 0.0}
{"generation": 2, "position": 57, "parents": [3, 46], "genome": "r(228,1) d(470) a(200,154)", "fitness": 0.0}
{"generation": 2, "position": 58, "parents": [3], "genome": "a(157,214) d(470) a(210,22)", "fitness": 0.0}
{"generation": 3, "position": 0, "parents": [28], "genome": "d(371) d(230) a(236,289) d(369)", "fitness": 0.0}
{"generation": 3, "position": 1, "parents": [5], "genome": "d(371) d(471) r(440,434) d(212)", "fitness": 0.0}
{"generation": 3, "position": 2, "parents": [1, 13], "genome": "r(226,202) r(245,326) r(168,188) a(461,466) r(465,362)", "fitness": 0.0}
{"generation": 3, "position": 3, "parents": [1, 13], "genome": "a(157,214) r(220,434) r(180,357) r(248,471)", "fitness": 0.0}
{"generation": 3, "position": 4, "parents": [1], "genome": "r(226,202) r(245,326) r(168,188) r(180,357) d(235)", "fitness": 0.0}
{"generation": 3, "position": 5, "parents": [13], "genome": "a(157,214) r(220,434) a(461,466) a(337,113)", "fitness": 0.0}
{"generation": 3, "position": 6, "parents": [46, 39], "genome": "d(371) a(428,378) r(359,467) r(400,462) r(459,473)", "fitness": 0.0}
{"generation": 3, "position": 7, "parents": [46, 39], "genome": "d(276) d(119) d(117)", "fitness": 0.0}
{"generation": 3, "position": 8, "parents": [46], "genome": "d(371) a(428,378) d(119) a(351,385)", "fitness": 0.0}
{"generation": 3, "position": 9, "parents": [39], "genome": "d(276) r(359,467) r(400,462) a(213,441)", "fitness": 0.0}
{"generation": 3, "position": 10, "parents": [33], "genome": "r(228,1) r(373,431) a(240,441) r(130,227)", "fitness": 0.0}
{"generation": 3, "position": 11, "parents": [8], "genome": "d(371) a(19,120) d(143) r(225,447)", "fitness": 0.0}
{"generation": 3, "position": 12, "parents": [13], "genome": "a(157,214) r(220,434) a(461,466) r(324,227)", "fitness": 0.0}
{"generation": 3, "position": 13, "parents": [46], "genome": "d(371) a(428,378) d(119) d(429)", "fitness": 0.0}
{"generation": 3, "position": 14, "parents": [30], "genome": "r(215,330) r(168,188) r(449,381) a(298,21)", "fitness": 0.0}
{"generation": 3, "position": 15, "parents": [10], "genome": "r(460,465) a(210,1) a(338,185)", "fitness": 0.0}
{"generation": 3, "position": 16, "parents": [7, 48], "genome": "r(10,11) a(278,351)", "fitness": 0.0}
{"generation": 3, "position": 17, "parents": [7, 48], "genome": "d(371) r(138,341) r(360,347) a(174,185) d(171) a(205,337)", "fitness": 0.0}
{"generation": 3, "position": 18, "parents": [7], "genome": "r(10,11) a(174,185) d(171) d(376)", "fitness": 0.0}
{"generation": 3, "position": 19, "parents": [48], "genome": "d(371) r(138,341) r(360,347) d(137)", "fitness": 0.0}
{"generation": 3, "position": 20, "parents": [50], "genome": "d(371) a(19,120) a(349,28) a(167,434)", "fitness": 0.0}
{"generation": 3, "position": 21, "parents": [18], "genome": "r(215,330) a(298,229) r(166,330) a(414,427)", "fitness": 0.0}
{"generation": 3, "position": 22, "parents": [31, 7], "genome": "d(111) a(189,274) d(171) r(118,185)", "fitness": 0.0}
{"generation": 3, "position": 23, "parents": [31, 7], "genome": "r(10,11) a(174,185) r(469,133) r(397,2)", "fitness": 0.0}
{"generation": 3, "position": 24, "parents": [31], "genome": "d(111) a(189,274) r(469,133) a(110,274)", "fitness": 0.0}
{"generation": 3, "position": 25, "parents": [7], "genome": "r(10,11) a(174,185) d(171) r(447,154)", "fitness": 0.0}
{"generation": 3, "position": 26, "parents": [5, 1], "genome": "d(371) d(471) r(440,434) r(245,326) r(168,188) r(180,357) a(14,294)", "fitness": 0.0}
{"generation": 3, "position": 27, "parents": [5, 1], "genome": "r(226,202) d(470)", "fitness": 0.0}
{"generation": 3, "position": 28, "parents": [5], "genome": "d(371) d(471) r(440,434) r(9,113)", "fitness": 0.0}
{"generation": 3, "position": 29, "parents": [1], "genome": "r(226,202) r(245,326) r(168,188) r(180,357) a(403,31)", "fitness": 0.0}
{"generation": 3, "position": 30, "parents": [42], "genome": "d(371) a(19,120) d(213) d(294)", "fitness": 0.0}
{"generation": 3, "position": 31, "parents": [12], "genome": "r(460,465) r(416,226) a(373,368) r(213,151)", "fitness": 0.0}
{"generation": 3, "position": 32, "parents": [28], "genome": "d(371) d(230) a(236,289) d(390)", "fitness": 0.0}
{"generation": 3, "position": 33, "parents": [18], "genome": "r(215,330) a(298,229) r(166,330) d(213)", "fitness": 0.0}
{"generation": 3, "position": 34, "parents": [35, 26], "genome": "r(228,1) r(245,353) d(362) a(213,28)", "fitness": 0.0}
{"generation": 3, "position": 35, "parents": [35, 26], "genome": "d(371) r(213,175) d(210)", "fitness": 0.0}
{"generation": 3, "position": 36, "parents": [35], "genome": "r(228,1) r(245,353) r(213,175) d(290)", "fitness": 0.0}
{"generation": 3, "position": 37, "parents": [26], "genome": "d(371) d(362) d(214)", "fitness": 0.0}
{"generation": 3, "position": 38, "parents": [2, 1], "genome": "r(215,330) r(168,188) r(356,41) r(180,357) d(210)", "fitness": 0.0}
{"generation": 3, "position": 39, "parents": [2, 1], "genome": "r(226,202) r(245,326) r(168,188) a(212,415)", "fitness": 0.0}
{"generation": 3, "position": 40, "parents": [2], "genome": "r(215,330) r(168,188) r(356,41) a(153,136)", "fitness": 0.0}
{"generation": 3, "position": 41, "parents": [1], "genome": "r(226,202) r(245,326) r(168,188) r(180,357) d(252)", "fitness": 0.0}
{"generation": 3, "position": 42, "parents": [17], "genome": "r(215,330) r(373,431) d(392) d(475)", "fitness": 0.0}
{"generation": 3, "position": 43, "parents": [29], "genome": "r(215,330) a(298,229) r(213,52) a(337,120)", "fitness": 0.0}
{"generation": 3, "position": 44, "parents": [36], "genome": "d(276) r(359,467) a(240,242) r(160,168)", "fitness": 0.0}
{"generation": 3, "position": 45, "parents": [35], "genome": "r(228,1) r(245,353) r(213,175) a(386,415)", "fitness": 0.0}
{"generation": 3, "position": 46, "parents": [58, 15], "genome": "a(157,214) d(470) a(210,22) r(199,400) a(380,355) d(417)", "fitness": 0.0}
{"generation": 3, "position": 47, "parents": [58, 15], "genome": "r(215,330) r(373,431) a(328,353)", "fitness": 0.0}
{"generation": 3, "position": 48, "parents": [58], "genome": "a(157,214) d(470) a(210,22) r(113,110)", "fitness": 0.0}
{"generation": 3, "position": 49, "parents": [15], "genome": "r(215,330) r(373,431) r(199,400) a(380,355) a(128,28)", "fitness": 0.0}
{"generation": 3, "position": 50, "parents": [40], "genome": "r(230,390) r(420,185) r(237,301) a(9,228)", "fitness": 0.0}
{"generation": 3, "position": 51, "parents": [48], "genome": "d(371) r(138,341) r(360,347) r(332,252)", "fitness": 0.0}
{"generation": 3, "position": 52, "parents": [24], "genome": "d(217) d(374) a(216,439) d(214)", "fitness": 0.0}
{"generation": 3, "position": 53, "parents": [21], "genome": "r(10,11) d(229) a(461,221) d(275)", "fitness": 0.0}
{"generation": 3, "position": 54, "parents": [35], "genome": "r(228,1) r(245,353) r(213,175) d(9)", "fitness": 0.0}
{"generation": 4, "position": 0, "parents": [5], "genome": "a(157,214) r(220,434) a(461,466) a(337,113) r(390,221)", "fitness": 0.0}
{"generation": 4, "position": 1, "parents": [5], "genome": "a(157,214) r(220,434) a(461,466) a(337,113) a(189,177)", "fitness": 0.0}
{"generation": 4, "position": 2, "parents": [16], "genome": "r(10,11) a(278,351) r(161,174)", "fitness": 0.0}
{"generation": 4, "position": 3, "parents": [30], "genome": "d(371) a(19,120) d(213) d(294) a(180,467)", "fitness": 0.0}
{"generation": 4, "position": 4, "parents": [11, 10], "genome": "d(371) a(19,120) d(143) r(373,431) a(240,441) r(130,227) r(134,197)", "fitness": 0.0}
{"generation": 4, "position": 5, "parents": [11, 10], "genome": "r(228,1) r(225,447) r(117,197)", "fitness": 0.0}
{"generation": 4, "position": 6, "parents": [11], "genome": "d(371) a(19,120) d(143) r(225,447) d(441)", "fitness": 0.0}
{"generation": 4, "position": 7, "parents": [10], "genome": "r(228,1) r(373,431) a(240,441) r(130,227) r(294,445)", "fitness": 0.0}
{"generation": 4, "position": 8, "parents": [21, 8], "genome": "r(215,330) d(119) a(351,385) d(254)", "fitness": 0.0}
{"generation": 4, "position": 9, "parents": [21, 8], "genome": "d(371) a(428,378) a(298,229) r(166,330) a(414,427) r(214,330)", "fitness": 0.0}
{"generation": 4, "position": 10, "parents": [21], "genome": "r(215,330) a(298,229) r(166,330) a(414,427) r(142,154)", "fitness": 10.0}
{"generation": 4, "position": 11, "parents": [8], "genome": "d(371) a(428,378) d(119) a(351,385) r(416,409)", "fitness": 0.0}
{"generation": 4, "position": 12, "parents": [21, 27], "genome": "r(215,330) a(298,229) a(242,444)", "fitness": 0.0}
{"generation": 4, "position": 13, "parents": [21, 27], "genome": "r(226,202) d(470) r(166,330) a(414,427) r(227,192)", "fitness": 0.0}
{"generation": 4, "position": 14, "parents": [21], "genome": "r(215,330) a(298,229) r(166,330) a(414,427) r(182,147)", "fitness": 0.0}
{"generation": 4, "position": 15, "parents": [27], "genome": "r(226,202) d(470) r(25,29)", "fitness": 0.0}
{"generation": 4, "position": 16, "parents": [22], "genome": "d(111) a(189,274) d(171) r(118,185) d(331)", "fitness": 0.0}
{"generation": 4, "position": 17, "parents": [3], "genome": "a(157,214) r(220,434) r(180,357) r(248,471) a(385,392)", "fitness": 0.0}
{"generation": 4, "position": 18, "parents": [21], "genome": "r(215,330) a(298,229) r(166,330) a(414,427) r(386,401)", "fitness": 0.0}
{"generation": 4, "position": 19, "parents": [15], "genome": "r(460,465) a(210,1) a(338,185) d(133)", "fitness": 0.0}
{"generation": 4, "position": 20, "parents": [41], "genome": "r(226,202) r(245,326) r(168,188) r(180,357) d(252) r(145,205)", "fitness": 0.0}
{"generation": 4, "position": 21, "parents": [37], "genome": "d(371) d(362) d(214) d(156)", "fitness": 0.0}
{"generation": 4, "position": 22, "parents": [1], "genome": "d(371) d(471) r(440,434) d(212) r(419,446)", "fitness": 0.0}
{"generation": 4, "position": 23, "parents": [11], "genome": "d(371) a(19,120) d(143) r(225,447) a(133,210)", "fitness": 0.0}
{"generation": 4, "position": 24, "parents": [54, 11], "genome": "r(228,1) r(245,353) d(425)", "fitness": 0.0}
{"generation": 4, "position": 25, "parents": [54, 11], "genome": "d(371) a(19,120) d(143) r(225,447) r(213,175) d(9) d(450)", "fitness": 0.0}
{"generation": 4, "position": 26, "parents": [54], "genome": "r(228,1) r(245,353) r(213,175) d(9) a(455,467)", "fitness": 0.0}
{"generation": 4, "position": 27, "parents": [11], "genome": "d(371) a(19,120) d(143) r(225,447) r(367,358)", "fitness": 0.0}
{"generation": 4, "position": 28, "parents": [37], "genome": "d(371) d(362) d(214) r(215,45)", "fitness": 0.0}
{"generation": 4, "position": 29, "parents": [25], "genome": "r(10,11) a(174,185) d(171) r(447,154) a(442,172)", "fitness": 0.0}
{"generation": 4, "position": 30, "parents": [39], "genome": "r(226,202) r(245,326) r(168,188) a(212,415) r(250,226)", "fitness": 0.0}
{"generation": 4, "position": 31, "parents": [46], "genome": "a(157,214) d(470) a(210,22) r(199,400) a(380,355) d(417) r(250,221)", "fitness": 0.0}
{"generation": 4, "position": 32, "parents": [28, 51], "genome": "d(371) r(138,341) r(360,347) r(332,252) a(157,415)", "fitness": 0.0}
{"generation": 4, "position": 33, "parents": [28, 51], "genome": "d(371) d(471) r(440,434) r(9,113) a(178,447)", "fitness": 0.0}
{"generation": 4, "position": 34, "parents": [28], "genome": "d(371) d(471) r(440,434) r(9,113) a(470,162)", "fitness": 0.0}
{"generation": 4, "position": 35, "parents": [51], "genome": "d(371) r(138,341) r(360,347) r(332,252) a(257,294)", "fitness": 0.0}
{"generation": 4, "position": 36, "parents": [32], "genome": "d(371) d(230) a(236,289) d(390) d(273)", "fitness": 0.0}
{"generation": 4, "position": 37, "parents": [3], "genome": "a(157,214) r(220,434) r(180,357) r(248,471) a(239,343)", "fitness": 0.0}
{"generation": 4, "position": 38, "parents": [32], "genome": "d(371) d(230) a(236,289) d(390) d(117)", "fitness": 0.0}
{"generation": 4, "position": 39, "parents": [16], "genome": "r(10,11) a(278,351) r(158,286)", "fitness": 0.0}
{"generation": 4, "position": 40, "parents": [1], "genome": "d(371) d(471) r(440,434) d(212) d(240)", "fitness": 0.0}
{"generation": 4, "position": 41, "parents": [27], "genome": "r(226,202) d(470) r(21,447)", "fitness": 0.0}
{"generation": 4, "position": 42, "parents": [0], "genome": "d(371) d(230) a(236,289) d(369) r(338,331)", "fitness": 0.0}
{"generation": 4, "position": 43, "parents": [40], "genome": "r(215,330) r(168,188) r(356,41) a(153,136) d(332)", "fitness": 0.0}
{"generation": 4, "position": 44, "parents": [32, 55], "genome": "d(371) d(230) a(236,289) d(390) a(240,441) r(130,445) d(404)", "fitness": 0.0}
{"generation": 4, "position": 45, "parents": [32, 55], "genome": "r(228,1) r(373,431) a(443,31)", "fitness": 0.0}
{"generation": 4, "position": 46, "parents": [32], "genome": "d(371) d(230) a(236,289) d(390) r(287,328)", "fitness": 0.0}
{"generation": 4, "position": 47, "parents": [55], "genome": "r(228,1) r(373,431) a(240,441) r(130,445) d(425)", "fitness": 0.0}
{"generation": 4, "position": 48, "parents": [10, 45], "genome": "r(228,1) r(373,431) a(240,441) r(213,175) a(386,415) a(128,447)", "fitness": 0.0}
{"generation": 4, "position": 49, "parents": [10, 45], "genome": "r(228,1) r(245,353) r(130,227) r(161,52)", "fitness": 0.0}
{"generation": 4, "position": 50, "parents": [10], "genome": "r(228,1) r(373,431) a(240,441) r(130,227) r(418,397)", "fitness": 0.0}
{"generation": 4, "position": 51, "parents": [45], "genome": "r(228,1) r(245,353) r(213,175) a(386,415) d(120)", "fitness": 0.0}
{"generation": 4, "position": 52, "parents": [38], "genome": "r(215,330) r(168,188) r(356,41) r(180,357) d(210) r(11,434)", "fitness": 0.0}
{"generation": 5, "position": 0, "parents": [33], "genome": "d(371) d(471) r(440,434) r(9,113) a(178,447) d(22)", "fitness": 0.0}
{"generation": 5, "position": 1, "parents": [41], "genome": "r(226,202) d(470) r(21,447) a(280,287)", "fitness": 0.0}
{"generation": 5, "position": 2, "parents": [8, 13], "genome": "r(215,330) a(414,427) r(227,192) a(378,394)", "fitness": 0.0}
{"generation": 5, "position": 3, "parents": [8, 13], "genome": "r(226,202) d(470) r(166,330) d(119) a(351,385) d(254) a(431,434)", "fitness": 0.0}
{"generation": 5, "position": 4, "parents": [8], "genome": "r(215,330) d(119) a(351,385) d(254) r(457,355)", "fitness": 0.0}
{"generation": 5, "position": 5, "parents": [13], "genome": "r(226,202) d(470) r(166,330) a(414,427) r(227,192) r(243,173)", "fitness": 0.0}
{"generation": 5, "position": 6, "parents": [14], "genome": "r(215,330) a(298,229) r(166,330) a(414,427) r(182,147) r(356,231)", "fitness": 0.0}
{"generation": 5, "position": 7, "parents": [34], "genome": "d(371) d(471) r(440,434) r(9,113) a(470,162) d(468)", "fitness": 0.0}
{"generation": 5, "position": 8, "parents": [7, 34], "genome": "r(228,1) r(9,113) a(470,162) d(417)", "fitness": 0.0}
{"generation": 5, "position": 9, "parents": [7, 34], "genome": "d(371) d(471) r(440,434) r(373,431) a(240,441) r(130,227) r(294,445) a(388,9)", "fitness": 0.0}
{"generation": 5, "position": 10, "parents": [7], "genome": "r(228,1) r(373,431) a(240,441) r(130,227) r(294,445) d(238)", "fitness": 0.0}
{"generation": 5, "position": 11, "parents": [34], "genome": "d(371) d(471) r(440,434) r(9,113) a(470,162) r(115,123)", "fitness": 0.0}
{"generation": 5, "position": 12, "parents": [21, 37], "genome": "d(371) d(362) r(248,471) a(239,343) r(210,178)", "fitness": 0.0}
{"generation": 5, "position": 13, "parents": [21, 37], "genome": "a(157,214) r(220,434) r(180,357) d(214) d(156) r(139,228)", "fitness": 0.0}
{"generation": 5, "position": 14, "parents": [21], "genome": "d(371) d(362) d(214) d(156) a(143,303)", "fitness": 0.0}
{"generation": 5, "position": 15, "parents": [37], "genome": "a(157,214) r(220,434) r(180,357) r(248,471) a(239,343) a(399,467)", "fitness": 0.0}
{"generation": 5, "position": 16, "parents": [49], "genome": "r(228,1) r(245,353) r(130,227) r(161,52) a(254,252)", "fitness": 0.0}
{"generation": 5, "position": 17, "parents": [18], "genome": "r(215,330) a(298,229) r(166,330) a(414,427) r(386,401) a(452,341)", "fitness": 0.0}
{"generation": 5, "position": 18, "parents": [1], "genome": "a(157,214) r(220,434) a(461,466) a(337,113) a(189,177) d(181)", "fitness": 0.0}
{"generation": 5, "position": 19, "parents": [13], "genome": "r(226,202) d(470) r(166,330) a(414,427) r(227,192) d(210)", "fitness": 0.0}
{"generation": 5, "position": 20, "parents": [25, 41], "genome": "d(371) a(19,120) d(143) d(470) r(21,447) d(119)", "fitness": 0.0}
{"generation": 5, "position": 21, "parents": [25, 41], "genome": "r(226,202) r(225,447) r(213,175) d(9) d(450) a(210,362)", "fitness": 0.0}
{"generation": 5, "position": 22, "parents": [25], "genome": "d(371) a(19,120) d(143) r(225,447) r(213,175) d(9) d(450) a(287,226)", "fitness": 0.0}
{"generation": 5, "position": 23, "parents": [41], "genome": "r(226,202) d(470) r(21,447) d(432)", "fitness": 0.0}
{"generation": 5, "position": 24, "parents": [46], "genome": "d(371) d(230) a(236,289) d(390) r(287,328) r(240,384)", "fitness": 0.0}
{"generation": 5, "position": 25, "parents": [30], "genome": "r(226,202) r(245,326) r(168,188) a(212,415) r(250,226) a(178,153)", "fitness": 0.0}
{"generation": 5, "position": 26, "parents": [15], "genome": "r(226,202) d(470) r(25,29) r(392,368)", "fitness": 0.0}
{"generation": 5, "position": 27, "parents": [2], "genome": "r(10,11) a(278,351) r(161,174) a(422,192)", "fitness": 0.0}
{"generation": 5, "position": 28, "parents": [30], "genome": "r(226,202) r(245,326) r(168,188) a(212,415) r(250,226) a(175,187)", "fitness": 0.0}
{"generation": 5, "position": 29, "parents": [51], "genome": "r(228,1) r(245,353) r(213,175) a(386,415) d(120) d(444)", "fitness": 0.0}
{"generation": 5, "position": 30, "parents": [28], "genome": "d(371) d(362) d(214) r(215,45) d(177)", "fitness": 0.0}
{"generation": 5, "position": 31, "parents": [51], "genome": "r(228,1) r(245,353) r(213,175) a(386,415) d(120) r(112,362)", "fitness": 0.0}
{"generation": 5, "position": 32, "parents": [29, 45], "genome": "r(10,11) a(174,185) d(171) r(447,154) a(442,172) a(443,31) r(338,289)", "fitness": 0.0}
{"generation": 5, "position": 33, "parents": [29, 45], "genome": "r(228,1) r(373,431) d(243)", "fitness": 0.0}
{"generation": 5, "position": 34, "parents": [29], "genome": "r(10,11) a(174,185) d(171) r(447,154) a(442,172) r(387,368)", "fitness": 0.0}
{"generation": 5, "position": 35, "parents": [45], "genome": "r(228,1) r(373,431) a(443,31) r(290,291)", "fitness": 0.0}
{"generation": 5, "position": 36, "parents": [11, 5], "genome": "d(371) a(428,378) d(119) a(351,385) r(225,447) r(117,197) d(229)", "fitness": 0.0}
{"generation": 5, "position": 37, "parents": [11, 5], "genome": "r(228,1) r(416,409) a(210,420)", "fitness": 0.0}
{"generation": 5, "position": 38, "parents": [11], "genome": "d(371) a(428,378) d(119) a(351,385) r(416,409) r(137,139)", "fitness": 0.0}
{"generation": 5, "position": 39, "parents": [5], "genome": "r(228,1) r(225,447) r(117,197) d(332)", "fitness": 0.0}
{"generation": 5, "position": 40, "parents": [49, 31], "genome": "r(228,1) r(245,353) r(130,227) d(470) a(210,22) r(199,400) a(380,355) d(417) r(250,221) a(225,272)", "fitness": 0.0}
{"generation": 5, "position": 41, "parents": [49, 31], "genome": "a(157,214) r(161,52) a(178,289)", "fitness": 0.0}
{"generation": 5, "position": 42, "parents": [49], "genome": "r(228,1) r(245,353) r(130,227) r(161,52) a(361,361)", "fitness": 0.0}
{"generation": 5, "position": 43, "parents": [31], "genome": "a(157,214) d(470) a(210,22) r(199,400) a(380,355) d(417) r(250,221) r(143,337)", "fitness": 0.0}
{"generation": 5, "position": 44, "parents": [24, 15], "genome": "r(228,1) r(245,353) r(25,29) a(210,178)", "fitness": 0.0}
{"generation": 5, "position": 45, "parents": [24, 15], "genome": "r(226,202) d(470) d(425) a(402,303)", "fitness": 0.0}
{"generation": 5, "position": 46, "parents": [24], "genome": "r(228,1) r(245,353) d(425) a(210,208)", "fitness": 0.0}
{"generation": 5, "position": 47, "parents": [15], "genome": "r(226,202) d(470) r(25,29) d(214)", "fitness": 0.0}
{"generation": 5, "position": 48, "parents": [35], "genome": "d(371) r(138,341) r(360,347) r(332,252) a(257,294) r(341,237)", "fitness": 0.0}
{"generation": 5, "position": 49, "parents": [39], "genome": "r(10,11) a(278,351) r(158,286) d(227)", "fitness": 0.0}
{"generation": 5, "position": 50, "parents": [32, 38], "genome": "d(371) a(236,289) d(390) d(117) a(279,20)", "fitness": 0.0}
{"generation": 5, "position": 51, "parents": [32, 38], "genome": "d(371) d(230) r(138,341) r(360,347) r(332,252) a(157,415) d(212)", "fitness": 0.0}
{"generation": 5, "position": 52, "parents": [32], "genome": "d(371) r(138,341) r(360,347) r(332,252) a(157,415) r(164,274)", "fitness": 0.0}
{"generation": 5, "position": 53, "parents": [38], "genome": "d(371) d(230) a(236,289) d(390) d(117) r(197,13)", "fitness": 0.0}
{"generation": 5, "position": 54, "parents": [45], "genome": "r(228,1) r(373,431) a(443,31) r(380,20)", "fitness": 0.0}
{"generation": 5, "position": 55, "parents": [24], "genome": "r(228,1) r(245,353) d(425) r(162,156)", "fitness": 0.0}
{"generation": 5, "position": 56, "parents": [43, 24], "genome": "r(215,330) d(425) a(124,142)", "fitness": 0.0}
{"generation": 5, "position": 57, "parents": [43, 24], "genome": "r(228,1) r(245,353) r(168,188) r(356,41) a(153,136) d(332) d(328)", "fitness": 0.0}
{"generation": 5, "position": 58, "parents": [43], "genome": "r(215,330) r(168,188) r(356,41) a(153,136) d(332) d(197)", "fitness": 0.0}
{"generation": 6, "position": 0, "parents": [2], "genome": "r(215,330) a(414,427) r(227,192) a(378,394) a(304,37)", "fitness": 0.0}
{"generation": 6, "position": 1, "parents": [18], "genome": "a(157,214) r(220,434) a(461,466) a(337,113) a(189,177) d(181) r(404,358)", "fitness": 0.0}
{"generation": 6, "position": 2, "parents": [1], "genome": "r(226,202) d(470) r(21,447) a(280,287) a(376,403)", "fitness": 0.0}
{"generation": 6, "position": 3, "parents": [30], "genome": "d(371) d(362) d(214) r(215,45) d(177) r(236,455)", "fitness": 0.0}
{"generation": 6, "position": 4, "parents": [5, 9], "genome": "r(226,202) d(470) d(192)", "fitness": 0.0}
{"generation": 6, "position": 5, "parents": [5, 9], "genome": "d(371) d(471) r(440,434) r(373,431) a(240,441) r(130,227) r(294,445) a(388,9) r(166,330) a(414,427) r(227,192) r(243,173) r(434,386)", "fitness": 0.0}
{"generation": 6, "position": 6, "parents": [5], "genome": "r(226,202) d(470) r(166,330) a(414,427) r(227,192) r(243,173) d(148)", "fitness": 0.0}
{"generation": 6, "position": 7, "parents": [9], "genome": "d(371) d(471) r(440,434) r(373,431) a(240,441) r(130,227) r(294,445) a(388,9) a(451,463)", "fitness": 0.0}
{"generation": 6, "position": 8, "parents": [7], "genome": "d(371) d(471) r(440,434) r(9,113) a(470,162) d(468) a(341,20)", "fitness": 0.0}
{"generation": 6, "position": 9, "parents": [59], "genome": "r(228,1) r(245,353) d(425) d(339) a(20,449)", "fitness": 0.0}
{"generation": 6, "position": 10, "parents": [52, 12], "genome": "d(371) r(138,341) r(360,347) r(332,252) a(157,415) d(362) r(248,471) a(239,343) r(210,178) d(172)", "fitness": 0.0}
{"generation": 6, "position": 11, "parents": [52, 12], "genome": "d(371) r(164,274) a(210,385)", "fitness": 0.0}
{"generation": 6, "position": 12, "parents": [52], "genome": "d(371) r(138,341) r(360,347) r(332,252) a(157,415) r(164,274) r(387,139)", "fitness": 0.0}
{"generation": 6, "position": 13, "parents": [12], "genome": "d(371) d(362) r(248,471) a(239,343) r(210,178) d(218)", "fitness": 0.0}
{"generation": 6, "position": 14, "parents": [34], "genome": "r(10,11) a(174,185) d(171) r(447,154) a(442,172) r(387,368) r(463,385)", "fitness": 0.0}
{"generation": 6, "position": 15, "parents": [36], "genome": "d(371) a(428,378) d(119) a(351,385) r(225,447) r(117,197) d(229) a(160,173)", "fitness": 0.0}
{"generation": 6, "position": 16, "parents": [50, 8], "genome": "d(371) a(168,198)", "fitness": 0.0}
{"generation": 6, "position": 17, "parents": [50, 8], "genome": "r(228,1) r(9,113) a(470,162) d(417) a(236,289) d(390) d(117) a(279,20) d(472)", "fitness": 0.0}
{"generation": 6, "position": 18, "parents": [50], "genome": "d(371) a(236,289) d(390) d(117) a(279,20) d(210)", "fitness": 0.0}
{"generation": 6, "position": 19, "parents": [8], "genome": "r(228,1) r(9,113) a(470,162) d(417) r(291,19)", "fitness": 0.0}
{"generation": 6, "position": 20, "parents": [4, 12], "genome": "r(215,330) d(119) a(351,385) r(248,471) a(239,343) r(210,178) a(349,441)", "fitness": 0.0}
{"generation": 6, "position": 21, "parents": [4, 12], "genome": "d(371) d(362) d(254) r(457,355) d(241)", "fitness": 0.0}
{"generation": 6, "position": 22, "parents": [4], "genome": "r(215,330) d(119) a(351,385) d(254) r(457,355) r(133,122)", "fitness": 0.0}
{"generation": 6, "position": 23, "parents": [12], "genome": "d(371) d(362) r(248,471) a(239,343) r(210,178) a(448,28)", "fitness": 0.0}
{"generation": 6, "position": 24, "parents": [16], "genome": "r(228,1) r(245,353) r(130,227) r(161,52) a(254,252) r(418,303)", "fitness": 0.0}
{"generation": 6, "position": 25, "parents": [43], "genome": "a(157,214) d(470) a(210,22) r(199,400) a(380,355) d(417) r(250,221) r(143,337) a(121,185)", "fitness": 0.0}
{"generation": 6, "position": 26, "parents": [56, 58], "genome": "r(215,330) d(425) a(124,142) d(197) a(410,367)", "fitness": 0.0}
{"generation": 6, "position": 27, "parents": [56, 58], "genome": "r(215,330) r(168,188) r(356,41) a(153,136) d(332) r(210,385)", "fitness": 0.0}
{"generation": 6, "position": 28, "parents": [56], "genome": "r(215,330) d(425) a(124,142) d(167)", "fitness": 0.0}
{"generation": 6, "position": 29, "parents": [58], "genome": "r(215,330) r(168,188) r(356,41) a(153,136) d(332) d(197) a(213,393)", "fitness": 0.0}
{"generation": 6, "position": 30, "parents": [53], "genome": "d(371) d(230) a(236,289) d(390) d(117) r(197,13) r(218,273)", "fitness": 0.0}
{"generation": 6, "position": 31, "parents": [15], "genome": "a(157,214) r(220,434) r(180,357) r(248,471) a(239,343) a(399,467) r(210,41)", "fitness": 0.0}
{"generation": 6, "position": 32, "parents": [47, 12], "genome": "r(226,202) r(248,471) a(239,343) r(210,178) d(175)", "fitness": 0.0}
{"generation": 6, "position": 33, "parents": [47, 12], "genome": "d(371) d(362) d(470) r(25,29) d(214) a(427,202)", "fitness": 0.0}
{"generation": 6, "position": 34, "parents": [47], "genome": "r(226,202) d(470) r(25,29) d(214) a(135,449)", "fitness": 0.0}
{"generation": 6, "position": 35, "parents": [12], "genome": "d(371) d(362) r(248,471) a(239,343) r(210,178) d(129)", "fitness": 0.0}
{"generation": 6, "position": 36, "parents": [14, 54], "genome": "d(371) d(362) r(373,431) a(443,31) r(380,20) d(394)", "fitness": 0.0}
{"generation": 6, "position": 37, "parents": [14, 54], "genome": "r(228,1) d(214) d(156) a(143,303) r(213,156)", "fitness": 0.0}
{"generation": 6, "position": 38, "parents": [14], "genome": "d(371) d(362) d(214) d(156) a(143,303) a(249,41)", "fitness": 0.0}
{"generation": 6, "position": 39, "parents": [54], "genome": "r(228,1) r(373,431) a(443,31) r(380,20) a(134,118)", "fitness": 0.0}
{"generation": 6, "position": 40, "parents": [59, 57], "genome": "r(228,1) r(245,353) d(425) d(339) r(245,353) r(168,188) r(356,41) a(153,136) d(332) d(328) a(159,381)", "fitness": 0.0}
{"generation": 6, "position": 41, "parents": [59, 57], "genome": "r(228,1) r(467,406)", "fitness": 0.0}
{"generation": 6, "position": 42, "parents": [59], "genome": "r(228,1) r(245,353) d(425) d(339) r(422,446)", "fitness": 0.0}
{"generation": 6, "position": 43, "parents": [57], "genome": "r(228,1) r(245,353) r(168,188) r(356,41) a(153,136) d(332) d(328) d(469)", "fitness": 0.0}
{"generation": 6, "position": 44, "parents": [25], "genome": "r(226,202) r(245,326) r(168,188) a(212,415) r(250,226) a(178,153) a(447,357)", "fitness": 0.0}
{"generation": 6, "position": 45, "parents": [29], "genome": "r(228,1) r(245,353) r(213,175) a(386,415) d(120) d(444) r(156,441)", "fitness": 0.0}
{"generation": 6, "position": 46, "parents": [53, 35], "genome": "d(371) d(230) r(290,291) r(255,241)", "fitness": 0.0}
{"generation": 6, "position": 47, "parents": [53, 35], "genome": "r(228,1) r(373,431) a(443,31) a(236,289) d(390) d(117) r(197,13) a(249,471)", "fitness": 0.0}
{"generation": 6, "position": 48, "parents": [53], "genome": "d(371) d(230) a(236,289) d(390) d(117) r(197,13) a(123,350)", "fitness": 0.0}
{"generation": 6, "position": 49, "parents": [35], "genome": "r(228,1) r(373,431) a(443,31) r(290,291) a(194,467)", "fitness": 0.0}
{"generation": 6, "position": 50, "parents": [43], "genome": "a(157,214) d(470) a(210,22) r(199,400) a(380,355) d(417) r(250,221) r(143,337) r(411,406)", "fitness": 0.0}
{"generation": 6, "position": 51, "parents": [19], "genome": "r(226,202) d(470) r(166,330) a(414,427) r(227,192) d(210) d(213)", "fitness": 0.0}
{"generation": 6, "position": 52, "parents": [6, 35], "genome": "r(215,330) a(298,229) r(166,330) a(443,31) r(290,291) a(218,52)", "fitness": 0.0}
{"generation": 6, "position": 53, "parents": [6, 35], "genome": "r(228,1) r(373,431) a(414,427) r(182,147) r(356,231) a(242,255)", "fitness": 0.0}
{"generation": 6, "position": 54, "parents": [6], "genome": "r(215,330) a(298,229) r(166,330) a(414,427) r(182,147) r(356,231) d(214)", "fitness": 0.0}
{"generation": 6, "position": 55, "parents": [35], "genome": "r(228,1) r(373,431) a(443,31) r(290,291) r(435,281)", "fitness": 0.0}
{"generation": 6, "position": 56, "parents": [54, 43], "genome": "r(228,1) r(373,431) a(443,31) r(380,20) a(210,22) r(199,400) a(380,355) d(417) r(250,221) r(143,337) a(403,323)", "fitness": 0.0}
{"generation": 6, "position": 57, "parents": [54, 43], "genome": "a(157,214) d(470) d(210)", "fitness": 0.0}
{"generation": 6, "position": 58, "parents": [54], "genome": "r(228,1) r(373,431) a(443,31) r(380,20) d(181)", "fitness": 0.0}
{"generation": 6, "position": 59, "parents": [43], "genome": "a(157,214) d(470) a(210,22) r(199,400) a(380,355) d(417) r(250,221) r(143,337) d(427)", "fitness": 0.0}
{"generation": 6, "position": 60, "parents": [25], "genome": "r(226,202) r(245,326) r(168,188) a(212,415) r(250,226) a(178,153) r(117,350)", "fitness": 0.0}
{"generation": 7, "position": 0, "parents": [50], "genome": "a(157,214) d(470) a(210,22) r(199,400) a(380,355) d(417) r(250,221) r(143,337) r(411,406) a(255,244)", "fitness": 0.0}
{"generation": 7, "position": 1, "parents": [20], "genome": "r(215,330) d(119) a(351,385) r(248,471) a(239,343) r(210,178) a(349,441) a(138,210)", "fitness": 0.0}
{"generation": 7, "position": 2, "parents": [38, 50], "genome": "d(371) d(362) d(214) d(156) a(143,303) a(380,355) d(417) r(250,221) r(143,337) r(411,406) r(328,253)", "fitness": 0.0}
{"generation": 7, "position": 3, "parents": [38, 50], "genome": "a(157,214) d(470) a(210,22) r(199,400) a(249,41) r(146,272)", "fitness": 0.0}
{"generation": 7, "position": 4, "parents": [38], "genome": "d(371) d(362) d(214) d(156) a(143,303) a(249,41) a(414,432)", "fitness": 0.0}
{"generation": 7, "position": 5, "parents": [50], "genome": "a(157,214) d(470) a(210,22) r(199,400) a(380,355) d(417) r(250,221) r(143,337) r(411,406) a(349,233)", "fitness": 0.0}
{"generation": 7, "position": 6, "parents": [45, 14], "genome": "r(228,1) a(442,172) r(387,368) r(463,385) r(157,206)", "fitness": 0.0}
{"generation": 7, "position": 7, "parents": [45, 14], "genome": "r(10,11) a(174,185) d(171) r(447,154) r(245,353) r(213,175) a(386,415) d(120) d(444) r(156,441) a(212,45)", "fitness": 0.0}
{"generation": 7, "position": 8, "parents": [45], "genome": "r(228,1) r(245,353) r(213,175) a(386,415) d(120) d(444) r(156,441) a(14,23)", "fitness": 0.0}
{"generation": 7, "position": 9, "parents": [14], "genome": "r(10,11) a(174,185) d(171) r(447,154) a(442,172) r(387,368) r(463,385) a(199,181)", "fitness": 0.0}
{"generation": 7, "position": 10, "parents": [36], "genome": "d(371) d(362) r(373,431) a(443,31) r(380,20) d(394) a(470,355)", "fitness": 0.0}
{"generation": 7, "position": 11, "parents": [29], "genome": "r(215,330) r(168,188) r(356,41) a(153,136) d(332) d(197) a(213,393) d(246)", "fitness": 0.0}
{"generation": 7, "position": 12, "parents": [28, 44], "genome": "r(215,330) d(425) a(124,142) d(167) r(245,326) r(168,188) a(212,415) r(250,226) a(178,153) a(447,357) r(388,274)", "fitness": 0.0}
{"generation": 7, "position": 13, "parents": [28, 44], "genome": "r(226,202) a(123,135)", "fitness": 0.0}
{"generation": 7, "position": 14, "parents": [28], "genome": "r(215,330) d(425) a(124,142) d(167) d(145)", "fitness": 0.0}
{"generation": 7, "position": 15, "parents": [44], "genome": "r(226,202) r(245,326) r(168,188) a(212,415) r(250,226) a(178,153) a(447,357) a(183,21)", "fitness": 0.0}
{"generation": 7, "position": 16, "parents": [50, 32], "genome": "a(157,214) d(470) a(210,22) r(199,400) r(248,471) a(239,343) r(210,178) d(175) a(255,445)", "fitness": 0.0}
{"generation": 7, "position": 17, "parents": [50, 32], "genome": "r(226,202) a(380,355) d(417) r(250,221) r(143,337) r(411,406) a(472,453)", "fitness": 0.0}
{"generation": 7, "position": 18, "parents": [50], "genome": "a(157,214) d(470) a(210,22) r(199,400) a(380,355) d(417) r(250,221) r(143,337) r(411,406) a(131,127)", "fitness": 0.0}
{"generation": 7, "position": 19, "parents": [32], "genome": "r(226,202) r(248,471) a(239,343) r(210,178) d(175) a(217,120)", "fitness": 0.0}
{"generation": 7, "position": 20, "parents": [43, 14], "genome": "r(228,1) r(245,353) r(168,188) a(442,172) r(387,368) r(463,385) r(135,384)", "fitness": 0.0}
{"generation": 7, "position": 21, "parents": [43, 14], "genome": "r(10,11) a(174,185) d(171) r(447,154) r(356,41) a(153,136) d(332) d(328) d(469) r(454,362)", "fitness": 0.0}
{"generation": 7, "position": 22, "parents": [43], "genome": "r(228,1) r(245,353) r(168,188) r(356,41) a(153,136) d(332) d(328) d(469) r(118,123)", "fitness": 0.0}
{"generation": 7, "position": 23, "parents": [14], "genome": "r(10,11) a(174,185) d(171) r(447,154) a(442,172) r(387,368) r(463,385) a(418,281)", "fitness": 0.0}
{"generation": 7, "position": 24, "parents": [56, 38], "genome": "r(228,1) r(373,431) a(443,31) r(380,20) a(210,22) r(199,400) a(380,355) a(143,303) a(249,41) r(254,162)", "fitness": 0.0}
{"generation": 7, "position": 25, "parents": [56, 38], "genome": "d(371) d(362) d(214) d(156) d(417) r(250,221) r(143,337) a(403,323) d(193)", "fitness": 0.0}
{"generation": 7, "position": 26, "parents": [56], "genome": "r(228,1) r(373,431) a(443,31) r(380,20) a(210,22) r(199,400) a(380,355) d(417) r(250,221) r(143,337) a(403,323) r(183,208)", "fitness": 0.0}
{"generation": 7, "position": 27, "parents": [38], "genome": "d(371) d(362) d(214) d(156) a(143,303) a(249,41) d(470)", "fitness": 0.0}
{"generation": 7, "position": 28, "parents": [55], "genome": "r(228,1) r(373,431) a(443,31) r(290,291) r(435,281) r(405,226)", "fitness": 0.0}
{"generation": 7, "position": 29, "parents": [3], "genome": "d(371) d(362) d(214) r(215,45) d(177) r(236,455) d(273)", "fitness": 0.0}
{"generation": 7, "position": 30, "parents": [15, 23], "genome": "d(371) a(428,378) d(119) a(351,385) r(248,471) a(239,343) r(210,178) a(448,28) r(275,173)", "fitness": 0.0}
{"generation": 7, "position": 31, "parents": [15, 23], "genome": "d(371) d(362) r(225,447) r(117,197) d(229) a(160,173) d(399)", "fitness": 0.0}
{"generation": 7, "position": 32, "parents": [15], "genome": "d(371) a(428,378) d(119) a(351,385) r(225,447) r(117,197) d(229) a(160,173) r(164,52)", "fitness": 0.0}
{"generation": 7, "position": 33, "parents": [23], "genome": "d(371) d(362) r(248,471) a(239,343) r(210,178) a(448,28) r(212,20)", "fitness": 0.0}
{"generation": 7, "position": 34, "parents": [2], "genome": "r(226,202) d(470) r(21,447) a(280,287) a(376,403) d(214)", "fitness": 0.0}
{"generation": 7, "position": 35, "parents": [35], "genome": "d(371) d(362) r(248,471) a(239,343) r(210,178) d(129) a(337,339)", "fitness": 0.0}
{"generation": 7, "position": 36, "parents": [1], "genome": "a(157,214) r(220,434) a(461,466) a(337,113) a(189,177) d(181) r(404,358) d(212)", "fitness": 0.0}
{"generation": 7, "position": 37, "parents": [57], "genome": "a(157,214) d(470) d(210) d(214)", "fitness": 0.0}
{"generation": 7, "position": 38, "parents": [48], "genome": "d(371) d(230) a(236,289) d(390) d(117) r(197,13) a(123,350) r(325,462)", "fitness": 0.0}
{"generation": 7, "position": 39, "parents": [47], "genome": "r(228,1) r(373,431) a(443,31) a(236,289) d(390) d(117) r(197,13) a(249,471) a(127,341)", "fitness": 0.0}
{"generation": 7, "position": 40, "parents": [51], "genome": "r(226,202) d(470) r(166,330) a(414,427) r(227,192) d(210) d(213) r(207,393)", "fitness": 0.0}
{"generation": 7, "position": 41, "parents": [18], "genome": "d(371) a(236,289) d(390) d(117) a(279,20) d(210) a(357,252)", "fitness": 0.0}
{"generation": 7, "position": 42, "parents": [58], "genome": "r(228,1) r(373,431) a(443,31) r(380,20) d(181) r(212,185)", "fitness": 0.0}
{"generation": 7, "position": 43, "parents": [28], "genome": "r(215,330) d(425) a(124,142) d(167) d(351)", "fitness": 0.0}
{"generation": 7, "position": 44, "parents": [20, 53], "genome": "r(215,330) d(119) a(351,385) r(373,431) a(414,427) r(182,147) r(356,231) a(242,255) d(213)", "fitness": 0.0}
{"generation": 7, "position": 45, "parents": [20, 53], "genome": "r(228,1) r(248,471) a(239,343) r(210,178) a(349,441) d(188)", "fitness": 0.0}
{"generation": 7, "position": 46, "parents": [20], "genome": "r(215,330) d(119) a(351,385) r(248,471) a(239,343) r(210,178) a(349,441) a(165,446)", "fitness": 0.0}
{"generation": 7, "position": 47, "parents": [53], "genome": "r(228,1) r(373,431) a(414,427) r(182,147) r(356,231) a(242,255) r(173,471)", "fitness": 0.0}
{"generation": 7, "position": 48, "parents": [17, 24], "genome": "r(228,1) r(9,113) a(470,162) d(417) r(245,353) r(130,227) r(161,52) a(254,252) r(418,303) a(225,273)", "fitness": 0.0}
{"generation": 7, "position": 49, "parents": [17, 24], "genome": "r(228,1) a(236,289) d(390) d(117) a(279,20) d(472) a(176,145)", "fitness": 0.0}
{"generation": 7, "position": 50, "parents": [17], "genome": "r(228,1) r(9,113) a(470,162) d(417) a(236,289) d(390) d(117) a(279,20) d(472) a(207,303)", "fitness": 0.0}
{"generation": 7, "position": 51, "parents": [24], "genome": "r(228,1) r(245,353) r(130,227) r(161,52) a(254,252) r(418,303) d(233)", "fitness": 0.0}
{"generation": 7, "position": 52, "parents": [61], "genome": "r(226,202) r(245,326) r(168,188) a(212,415) r(250,226) a(175,187) a(410,390) d(249)", "fitness": 0.0}
{"generation": 7, "position": 53, "parents": [13], "genome": "d(371) d(362) r(248,471) a(239,343) r(210,178) d(218) d(228)", "fitness": 0.0}
{"generation": 7, "position": 54, "parents": [55], "genome": "r(228,1) r(373,431) a(443,31) r(290,291) r(435,281) r(325,258)", "fitness": 0.0}
{"generation": 7, "position": 55, "parents": [26], "genome": "r(215,330) d(425) a(124,142) d(197) a(410,367) r(158,390)", "fitness": 0.0}
{"generation": 7, "position": 56, "parents": [14, 58], "genome": "r(10,11) a(174,185) d(171) r(447,154) a(384,390)", "fitness": 0.0}
{"generation": 7, "position": 57, "parents": [14, 58], "genome": "r(228,1) r(373,431) a(443,31) r(380,20) d(181) a(442,172) r(387,368) r(463,385) a(458,393)", "fitness": 0.0}
{"generation": 7, "position": 58, "parents": [14], "genome": "r(10,11) a(174,185) d(171) r(447,154) a(442,172) r(387,368) r(463,385) r(473,45)", "fitness": 0.0}
{"generation": 8, "position": 0, "parents": [38], "genome": "d(371) d(230) a(236,289) d(390) d(117) r(197,13) a(123,350) r(325,462) d(214)", "fitness": 0.0}
{"generation": 8, "position": 1, "parents": [40], "genome": "r(226,202) d(470) r(166,330) a(414,427) r(227,192) d(210) d(213) r(207,393) a(187,174)", "fitness": 0.0}
{"generation": 8, "position": 2, "parents": [31], "genome": "d(371) d(362) r(225,447) r(117,197) d(229) a(160,173) d(399) a(438,462)", "fitness": 0.0}
{"generation": 8, "position": 3, "parents": [35], "genome": "d(371) d(362) r(248,471) a(239,343) r(210,178) d(129) a(337,339) a(404,214)", "fitness": 0.0}
{"generation": 8, "position": 4, "parents": [43, 2], "genome": "r(215,330) d(425) a(143,303) a(380,355) d(417) r(250,221) r(143,337) r(411,406) r(328,253) a(452,460)", "fitness": 0.0}
{"generation": 8, "position": 5, "parents": [43, 2], "genome": "d(371) d(362) d(214) d(156) a(124,142) d(167) d(351) r(185,281)", "fitness": 0.0}
{"generation": 8, "position": 6, "parents": [43], "genome": "r(215,330) d(425) a(124,142) d(167) d(351) a(123,390)", "fitness": 0.0}
{"generation": 8, "position": 7, "parents": [2], "genome": "d(371) d(362) d(214) d(156) a(143,303) a(380,355) d(417) r(250,221) r(143,337) r(411,406) r(328,253) a(210,381)", "fitness": 0.0}
{"generation": 8, "position": 8, "parents": [48, 32], "genome": "r(228,1) r(9,113) a(470,162) d(417) r(245,353) r(130,227) r(161,52) a(254,252) r(418,303) a(351,385) r(225,447) r(117,197) d(229) a(160,173) r(164,52) r(212,120)", "fitness": 0.0}
{"generation": 8, "position": 9, "parents": [48, 32], "genome": "d(371) a(428,378) d(119) a(225,273) d(174)", "fitness": 0.0}
{"generation": 8, "position": 10, "parents": [48], "genome": "r(228,1) r(9,113) a(470,162) d(417) r(245,353) r(130,227) r(161,52) a(254,252) r(418,303) a(225,273) a(330,221)", "fitness": 0.0}
{"generation": 8, "position": 11, "parents": [32], "genome": "d(371) a(428,378) d(119) a(351,385) r(225,447) r(117,197) d(229) a(160,173) r(164,52) a(118,171)", "fitness": 0.0}
{"generation": 8, "position": 12, "parents": [49, 1], "genome": "r(228,1) a(236,289) a(349,441) a(138,210) d(182)", "fitness": 0.0}
{"generation": 8, "position": 13, "parents": [49, 1], "genome": "r(215,330) d(119) a(351,385) r(248,471) a(239,343) r(210,178) d(390) d(117) a(279,20) d(472) a(176,145) r(146,207)", "fitness": 0.0}
{"generation": 8, "position": 14, "parents": [49], "genome": "r(228,1) a(236,289) d(390) d(117) a(279,20) d(472) a(176,145) d(290)", "fitness": 0.0}
{"generation": 8, "position": 15, "parents": [1], "genome": "r(215,330) d(119) a(351,385) r(248,471) a(239,343) r(210,178) a(349,441) a(138,210) a(461,463)", "fitness": 0.0}
{"generation": 8, "position": 16, "parents": [55, 40], "genome": "r(215,330) d(425) a(124,142) r(227,192) d(210) d(213) r(207,393) a(390,475)", "fitness": 0.0}
{"generation": 8, "position": 17, "parents": [55, 40], "genome": "r(226,202) d(470) r(166,330) a(414,427) d(197) a(410,367) r(158,390) d(437)", "fitness": 0.0}
{"generation": 8, "position": 18, "parents": [55], "genome": "r(215,330) d(425) a(124,142) d(197) a(410,367) r(158,390) r(461,468)", "fitness": 0.0}
{"generation": 8, "position": 19, "parents": [40], "genome": "r(226,202) d(470) r(166,330) a(414,427) r(227,192) d(210) d(213) r(207,393) a(113,281)", "fitness": 0.0}
{"generation": 8, "position": 20, "parents": [27, 32], "genome": "d(371) d(362) d(214) d(156) a(143,303) a(249,41) d(470) r(117,197) d(229) a(160,173) r(164,52) d(392)", "fitness": 0.0}
{"generation": 8, "position": 21, "parents": [27, 32], "genome": "d(371) a(428,378) d(119) a(351,385) r(225,447) r(214,52)", "fitness": 0.0}
{"generation": 8, "position": 22, "parents": [27], "genome": "d(371) d(362) d(214) d(156) a(143,303) a(249,41) d(470) d(429)", "fitness": 0.0}
{"generation": 8, "position": 23, "parents": [32], "genome": "d(371) a(428,378) d(119) a(351,385) r(225,447) r(117,197) d(229) a(160,173) r(164,52) a(382,369)", "fitness": 0.0}
{"generation": 8, "position": 24, "parents": [11, 56], "genome": "r(215,330) r(168,188) r(447,154) a(384,390) a(149,446)", "fitness": 0.0}
{"generation": 8, "position": 25, "parents": [11, 56], "genome": "r(10,11) a(174,185) d(171) r(356,41) a(153,136) d(332) d(197) a(213,393) d(246) r(437,275)", "fitness": 0.0}
{"generation": 8, "position": 26, "parents": [11], "genome": "r(215,330) r(168,188) r(356,41) a(153,136) d(332) d(197) a(213,393) d(246) r(210,406)", "fitness": 0.0}
{"generation": 8, "position": 27, "parents": [56], "genome": "r(10,11) a(174,185) d(171) r(447,154) a(384,390) r(214,206)", "fitness": 0.0}
{"generation": 8, "position": 28, "parents": [34], "genome": "r(226,202) d(470) r(21,447) a(280,287) a(376,403) d(214) r(335,384)", "fitness": 0.0}
{"generation": 8, "position": 29, "parents": [58], "genome": "r(10,11) a(174,185) d(171) r(447,154) a(442,172) r(387,368) r(463,385) r(473,45) a(414,402)", "fitness": 0.0}
{"generation": 8, "position": 30, "parents": [50, 48], "genome": "r(228,1) r(9,113) a(470,162) d(417) r(245,353) r(130,227) r(161,52) a(254,252) r(418,303) a(225,273) r(143,272)", "fitness": 0.0}
{"generation": 8, "position": 31, "parents": [50, 48], "genome": "r(228,1) r(9,113) a(470,162) d(417) a(236,289) d(390) d(117) a(279,20) d(472) a(207,303) r(230,393)", "fitness": 0.0}
{"generation": 8, "position": 32, "parents": [50], "genome": "r(228,1) r(9,113) a(470,162) d(417) a(236,289) d(390) d(117) a(279,20) d(472) a(207,303) r(184,176)", "fitness": 0.0}
{"generation": 8, "position": 33, "parents": [48], "genome": "r(228,1) r(9,113) a(470,162) d(417) r(245,353) r(130,227) r(161,52) a(254,252) r(418,303) a(225,273) a(212,413)", "fitness": 0.0}
{"generation": 8, "position": 34, "parents": [3, 59], "genome": "a(157,214) d(470) a(210,22) r(199,400) a(249,41) r(146,272) r(373,431) a(443,31) r(380,20) d(181) d(212) r(201,41)", "fitness": 0.0}
{"generation": 8, "position": 35, "parents": [3, 59], "genome": "r(228,1) d(473)", "fitness": 0.0}
{"generation": 8, "position": 36, "parents": [3], "genome": "a(157,214) d(470) a(210,22) r(199,400) a(249,41) r(146,272) d(171)", "fitness": 0.0}
{"generation": 8, "position": 37, "parents": [59], "genome": "r(228,1) r(373,431) a(443,31) r(380,20) d(181) d(212) a(121,162)", "fitness": 0.0}
{"generation": 8, "position": 38, "parents": [55, 25], "genome": "r(215,330) d(425) a(124,142) d(193) a(420,436)", "fitness": 0.0}
{"generation": 8, "position": 39, "parents": [55, 25], "genome": "d(371) d(362) d(214) d(156) d(417) r(250,221) r(143,337) a(403,323) d(197) a(410,367) r(158,390) r(177,113)", "fitness": 0.0}
{"generation": 8, "position": 40, "parents": [55], "genome": "r(215,330) d(425) a(124,142) d(197) a(410,367) r(158,390) d(272)", "fitness": 0.0}
{"generation": 8, "position": 41, "parents": [25], "genome": "d(371) d(362) d(214) d(156) d(417) r(250,221) r(143,337) a(403,323) d(193) a(162,381)", "fitness": 0.0}
{"generation": 8, "position": 42, "parents": [38], "genome": "d(371) d(230) a(236,289) d(390) d(117) r(197,13) a(123,350) r(325,462) d(228)", "fitness": 0.0}
{"generation": 8, "position": 43, "parents": [6], "genome": "r(228,1) a(442,172) r(387,368) r(463,385) r(157,206) r(25,227)", "fitness": 0.0}
{"generation": 8, "position": 44, "parents": [48, 19], "genome": "r(228,1) r(9,113) a(470,162) d(417) r(245,353) d(412)", "fitness": 0.0}
{"generation": 8, "position": 45, "parents": [48, 19], "genome": "r(226,202) r(248,471) a(239,343) r(210,178) d(175) a(217,120) r(130,227) r(161,52) a(254,252) r(418,303) a(225,273) r(279,300)", "fitness": 0.0}
{"generation": 8, "position": 46, "parents": [48], "genome": "r(228,1) r(9,113) a(470,162) d(417) r(245,353) r(130,227) r(161,52) a(254,252) r(418,303) a(225,273) r(223,400)", "fitness": 0.0}
{"generation": 8, "position": 47, "parents": [19], "genome": "r(226,202) r(248,471) a(239,343) r(210,178) d(175) a(217,120) d(219)", "fitness": 0.0}
{"generation": 8, "position": 48, "parents": [21], "genome": "r(10,11) a(174,185) d(171) r(447,154) r(356,41) a(153,136) d(332) d(328) d(469) r(454,362) d(183)", "fitness": 0.0}
{"generation": 8, "position": 49, "parents": [42], "genome": "r(228,1) r(373,431) a(443,31) r(380,20) d(181) r(212,185) d(467)", "fitness": 0.0}
{"generation": 8, "position": 50, "parents": [9, 40], "genome": "r(10,11) a(174,185) d(470) r(166,330) a(414,427) r(227,192) d(210) d(213) r(207,393) r(334,351)", "fitness": 0.0}
{"generation": 8, "position": 51, "parents": [9, 40], "genome": "r(226,202) d(171) r(447,154) a(442,172) r(387,368) r(463,385) a(199,181) a(349,172)", "fitness": 0.0}
{"generation": 8, "position": 52, "parents": [9], "genome": "r(10,11) a(174,185) d(171) r(447,154) a(442,172) r(387,368) r(463,385) a(199,181) d(220)", "fitness": 0.0}
{"generation": 8, "position": 53, "parents": [40], "genome": "r(226,202) d(470) r(166,330) a(414,427) r(227,192) d(210) d(213) r(207,393) d(183)", "fitness": 0.0}
{"generation": 8, "position": 54, "parents": [32, 53], "genome": "d(371) a(428,378) d(119) a(351,385) r(225,447) r(117,197) d(229) a(160,173) r(164,52) r(210,178) d(218) d(228) r(223,294)", "fitness": 0.0}
{"generation": 8, "position": 55, "parents": [32, 53], "genome": "d(371) d(362) r(248,471) a(239,343) r(118,37)", "fitness": 0.0}
{"generation": 8, "position": 56, "parents": [32], "genome": "d(371) a(428,378) d(119) a(351,385) r(225,447) r(117,197) d(229) a(160,173) r(164,52) d(206)", "fitness": 0.0}
{"generation": 8, "position": 57, "parents": [53], "genome": "d(371) d(362) r(248,471) a(239,343) r(210,178) d(218) d(228) r(473,197)", "fitness": 0.0}
{"generation": 8, "position": 58, "parents": [49, 3], "genome": "r(228,1) a(236,289) d(390) d(117) r(146,272) r(197,41)", "fitness": 0.0}
{"generation": 8, "position": 59, "parents": [49, 3], "genome": "a(157,214) d(470) a(210,22) r(199,400) a(249,41) a(279,20) d(472) a(176,145) d(213)", "fitness": 0.0}
{"generation": 8, "position": 60, "parents": [49], "genome": "r(228,1) a(236,289) d(390) d(117) a(279,20) d(472) a(176,145) r(214,276)", "fitness": 0.0}
{"generation": 8, "position": 61, "parents": [3], "genome": "a(157,214) d(470) a(210,22) r(199,400) a(249,41) r(146,272) a(377,52)", "fitness": 0.0}
{"generation": 8, "position": 62, "parents": [51], "genome": "r(228,1) r(245,353) r(130,227) r(161,52) a(254,252) r(418,303) d(233) d(387)", "fitness": 0.0}
{"generation": 8, "position": 63, "parents": [46], "genome": "r(215,330) d(119) a(351,385) r(248,471) a(239,343) r(210,178) a(349,441) a(165,446) a(301,253)", "fitness": 0.0}
{"generation": 8, "position": 64, "parents": [15, 17], "genome": "r(226,202) r(411,406) a(472,453) r(168,19)", "fitness": 0.0}
{"generation": 8, "position": 65, "parents": [15, 17], "genome": "r(226,202) a(380,355) d(417) r(250,221) r(143,337) r(245,326) r(168,188) a(212,415) r(250,226) a(178,153) a(447,357) a(183,21) d(326)", "fitness": 0.0}
{"generation": 8, "position": 66, "parents": [15], "genome": "r(226,202) r(245,326) r(168,188) a(212,415) r(250,226) a(178,153) a(447,357) a(183,21) r(303,297)", "fitness": 0.0}
{"generation": 9, "position": 0, "parents": [52, 49], "genome": "r(10,11) a(174,185) d(171) r(447,154) a(442,172) r(387,368) r(380,20) d(181) r(212,185) d(467) a(118,444)", "fitness": 0.0}
{"generation": 9, "position": 1, "parents": [52, 49], "genome": "r(228,1) r(373,431) a(443,31) r(463,385) a(199,181) d(220) a(219,289)", "fitness": 0.0}
{"generation": 9, "position": 2, "parents": [52], "genome": "r(10,11) a(174,185) d(171) r(447,154) a(442,172) r(387,368) r(463,385) a(199,181) d(220) r(250,240)", "fitness": 0.0}
{"generation": 9, "position": 3, "parents": [49], "genome": "r(228,1) r(373,431) a(443,31) r(380,20) d(181) r(212,185) d(467) a(276,257)", "fitness": 0.0}
{"generation": 9, "position": 4, "parents": [31, 37], "genome": "r(228,1) r(9,113) a(470,162) d(417) a(236,289) d(390) d(117) a(279,20) d(212) a(121,162) a(400,402)", "fitness": 0.0}
{"generation": 9, "position": 5, "parents": [31, 37], "genome": "r(228,1) r(373,431) a(443,31) r(380,20) d(181) d(472) a(207,303) r(230,393) a(291,231)", "fitness": 0.0}
{"generation": 9, "position": 6, "parents": [31], "genome": "r(228,1) r(9,113) a(470,162) d(417) a(236,289) d(390) d(117) a(279,20) d(472) a(207,303) r(230,393) r(15,41)", "fitness": 0.0}
{"generation": 9, "position": 7, "parents": [37], "genome": "r(228,1) r(373,431) a(443,31) r(380,20) d(181) d(212) a(121,162) a(455,52)", "fitness": 0.0}
{"generation": 9, "position": 8, "parents": [26], "genome": "r(215,330) r(168,188) r(356,41) a(153,136) d(332) d(197) a(213,393) d(246) r(210,406) r(164,294)", "fitness": 0.0}
{"generation": 9, "position": 9, "parents": [24], "genome": "r(215,330) r(168,188) r(447,154) a(384,390) a(149,446) d(351)", "fitness": 0.0}
{"generation": 9, "position": 10, "parents": [40, 34], "genome": "r(215,330) d(425) a(124,142) d(197) a(410,367) r(158,390) r(146,272) r(373,431) a(443,31) r(380,20) d(181) d(212) r(201,41) r(213,425)", "fitness": 0.0}
{"generation": 9, "position": 11, "parents": [40, 34], "genome": "a(157,214) d(470) a(210,22) r(199,400) a(249,41) d(272) a(448,337)", "fitness": 0.0}
{"generation": 9, "position": 12, "parents": [40], "genome": "r(215,330) d(425) a(124,142) d(197) a(410,367) r(158,390) d(272) r(428,431)", "fitness": 0.0}
{"generation": 9, "position": 13, "parents": [34], "genome": "a(157,214) d(470) a(210,22) r(199,400) a(249,41) r(146,272) r(373,431) a(443,31) r(380,20) d(181) d(212) r(201,41) r(117,131)", "fitness": 0.0}
{"generation": 9, "position": 14, "parents": [24], "genome": "r(215,330) r(168,188) r(447,154) a(384,390) a(149,446) a(213,208)", "fitness": 0.0}
{"generation": 9, "position": 15, "parents": [12], "genome": "r(228,1) a(236,289) a(349,441) a(138,210) d(182) r(425,173)", "fitness": 0.0}
{"generation": 9, "position": 16, "parents": [63], "genome": "r(215,330) d(119) a(351,385) r(248,471) a(239,343) r(210,178) a(349,441) a(165,446) a(301,253) r(3,47)", "fitness": 0.0}
{"generation": 9, "position": 17, "parents": [27], "genome": "r(10,11) a(174,185) d(171) r(447,154) a(384,390) r(214,206) a(198,19)", "fitness": 0.0}
{"generation": 9, "position": 18, "parents": [40, 18], "genome": "r(215,330) d(425) a(124,142) d(197) a(410,367) r(158,390) r(461,468) d(337)", "fitness": 0.0}
{"generation": 9, "position": 19, "parents": [40, 18], "genome": "r(215,330) d(425) a(124,142) d(197) a(410,367) r(158,390) d(272) a(258,277)", "fitness": 0.0}
{"generation": 9, "position": 20, "parents": [40], "genome": "r(215,330) d(425) a(124,142) d(197) a(410,367) r(158,390) d(272) a(412,286)", "fitness": 0.0}
{"generation": 9, "position": 21, "parents": [18], "genome": "r(215,330) d(425) a(124,142) d(197) a(410,367) r(158,390) r(461,468) r(216,202)", "fitness": 0.0}
{"generation": 9, "position": 22, "parents": [47, 10], "genome": "r(226,202) r(9,113) a(470,162) d(417) r(245,353) r(130,227) r(161,52) a(254,252) r(418,303) a(225,273) a(330,221) r(201,193)", "fitness": 0.0}
{"generation": 9, "position": 23, "parents": [47, 10], "genome": "r(228,1) r(248,471) a(239,343) r(210,178) d(175) a(217,120) d(219) r(127,130)", "fitness": 0.0}
{"generation": 9, "position": 24, "parents": [47], "genome": "r(226,202) r(248,471) a(239,343) r(210,178) d(175) a(217,120) d(219) a(13,154)", "fitness": 0.0}
{"generation": 9, "position": 25, "parents": [10], "genome": "r(228,1) r(9,113) a(470,162) d(417) r(245,353) r(130,227) r(161,52) a(254,252) r(418,303) a(225,273) a(330,221) r(22,41)", "fitness": 0.0}
{"generation": 9, "position": 26, "parents": [42], "genome": "d(371) d(230) a(236,289) d(390) d(117) r(197,13) a(123,350) r(325,462) d(228) r(455,415)", "fitness": 0.0}
{"generation": 9, "position": 27, "parents": [40], "genome": "r(215,330) d(425) a(124,142) d(197) a(410,367) r(158,390) d(272) d(212)", "fitness": 0.0}
{"generation": 9, "position": 28, "parents": [49, 44], "genome": "r(228,1) r(373,431) a(443,31) r(380,20) d(181) r(212,185) r(22,413)", "fitness": 0.0}
{"generation": 9, "position": 29, "parents": [49, 44], "genome": "r(228,1) r(9,113) a(470,162) d(417) r(245,353) d(412) d(467) d(428)", "fitness": 0.0}
{"generation": 9, "position": 30, "parents": [49], "genome": "r(228,1) r(373,431) a(443,31) r(380,20) d(181) r(212,185) d(467) d(419)", "fitness": 0.0}
{"generation": 9, "position": 31, "parents": [44], "genome": "r(228,1) r(9,113) a(470,162) d(417) r(245,353) d(412) a(158,441)", "fitness": 0.0}
{"generation": 9, "position": 32, "parents": [48, 49], "genome": "r(10,11) a(174,185) d(171) r(447,154) r(373,431) a(443,31) r(380,20) d(181) r(212,185) d(467) a(332,350)", "fitness": 0.0}
{"generation": 9, "position": 33, "parents": [48, 49], "genome": "r(228,1) r(356,41) a(153,136) d(332) d(328) d(469) r(454,362) d(183) d(188)", "fitness": 0.0}
{"generation": 9, "position": 34, "parents": [48], "genome": "r(10,11) a(174,185) d(171) r(447,154) r(356,41) a(153,136) d(332) d(328) d(469) r(454,362) d(183) r(250,445)", "fitness": 0.0}
{"generation": 9, "position": 35, "parents": [49], "genome": "r(228,1) r(373,431) a(443,31) r(380,20) d(181) r(212,185) d(467) r(145,158)", "fitness": 0.0}
{"generation": 9, "position": 36, "parents": [15, 32], "genome": "r(215,330) d(119) a(351,385) r(248,471) a(239,343) r(184,176) d(358)", "fitness": 0.0}
{"generation": 9, "position": 37, "parents": [15, 32], "genome": "r(228,1) r(9,113) a(470,162) d(417) a(236,289) d(390) d(117) a(279,20) d(472) a(207,303) r(210,178) a(349,441) a(138,210) a(461,463) d(219)", "fitness": 0.0}
{"generation": 9, "position": 38, "parents": [15], "genome": "r(215,330) d(119) a(351,385) r(248,471) a(239,343) r(210,178) a(349,441) a(138,210) a(461,463) d(146)", "fitness": 0.0}
{"generation": 9, "position": 39, "parents": [32], "genome": "r(228,1) r(9,113) a(470,162) d(417) a(236,289) d(390) d(117) a(279,20) d(472) a(207,303) r(184,176) r(387,330)", "fitness": 0.0}
{"generation": 9, "position": 40, "parents": [59], "genome": "a(157,214) d(470) a(210,22) r(199,400) a(249,41) a(279,20) d(472) a(176,145) d(213) a(231,242)", "fitness": 0.0}
{"generation": 9, "position": 41, "parents": [49], "genome": "r(228,1) r(373,431) a(443,31) r(380,20) d(181) r(212,185) d(467) d(298)", "fitness": 10.0}
{"generation": 9, "position": 42, "parents": [19, 43], "genome": "r(226,202) d(470) r(166,330) a(414,427) r(227,192) d(210) d(213) r(207,393) r(253,231)", "fitness": 0.0}
{"generation": 9, "position": 43, "parents": [19, 43], "genome": "r(228,1) a(442,172) r(387,368) r(463,385) r(157,206) r(25,227) a(113,281) r(184,207)", "fitness": 0.0}
{"generation": 9, "position": 44, "parents": [19], "genome": "r(226,202) d(470) r(166,330) a(414,427) r(227,192) d(210) d(213) r(207,393) a(113,281) r(143,22)", "fitness": 0.0}
{"generation": 9, "position": 45, "parents": [43], "genome": "r(228,1) a(442,172) r(387,368) r(463,385) r(157,206) r(25,227) r(229,178)", "fitness": 0.0}
{"generation": 9, "position": 46, "parents": [54], "genome": "d(371) a(428,378) d(119) a(351,385) r(225,447) r(117,197) d(229) a(160,173) r(164,52) r(210,178) d(218) d(228) r(223,294) r(24,19)", "fitness": 0.0}
{"generation": 9, "position": 47, "parents": [19], "genome": "r(226,202) d(470) r(166,330) a(414,427) r(227,192) d(210) d(213) r(207,393) a(113,281) r(151,147)", "fitness": 0.0}
{"generation": 9, "position": 48, "parents": [50], "genome": "r(10,11) a(174,185) d(470) r(166,330) a(414,427) r(227,192) d(210) d(213) r(207,393) r(334,351) a(297,238)", "fitness": 0.0}
{"generation": 9, "position": 49, "parents": [59], "genome": "a(157,214) d(470) a(210,22) r(199,400) a(249,41) a(279,20) d(472) a(176,145) d(213) d(224)", "fitness": 0.0}
{"generation": 9, "position": 50, "parents": [43, 31], "genome": "r(228,1) a(442,172) r(387,368) a(279,20) d(472) a(207,303) r(230,393) r(304,1)", "fitness": 0.0}
{"generation": 9, "position": 51, "parents": [43, 31], "genome": "r(228,1) r(9,113) a(470,162) d(417) a(236,289) d(390) d(117) r(463,385) r(157,206) r(25,227) d(291)", "fitness": 0.0}
{"generation": 9, "position": 52, "parents": [43], "genome": "r(228,1) a(442,172) r(387,368) r(463,385) r(157,206) r(25,227) a(195,272)", "fitness": 0.0}
{"generation": 9, "position": 53, "parents": [31], "genome": "r(228,1) r(9,113) a(470,162) d(417) a(236,289) d(390) d(117) a(279,20) d(472) a(207,303) r(230,393) r(341,289)", "fitness": 0.0}
{"generation": 9, "position": 54, "parents": [13], "genome": "r(215,330) d(119) a(351,385) r(248,471) a(239,343) r(210,178) d(390) d(117) a(279,20) d(472) a(176,145) r(146,207) d(418)", "fitness": 0.0}
{"generation": 9, "position": 55, "parents": [12], "genome": "r(228,1) a(236,289) a(349,441) a(138,210) d(182) d(298)", "fitness": 0.0}
{"generation": 9, "position": 56, "parents": [16], "genome": "r(215,330) d(425) a(124,142) r(227,192) d(210) d(213) r(207,393) a(390,475) d(369)", "fitness": 0.0}
{"generation": 9, "position": 57, "parents": [25], "genome": "r(10,11) a(174,185) d(171) r(356,41) a(153,136) d(332) d(197) a(213,393) d(246) r(437,275) d(212)", "fitness": 0.0}
{"generation": 9, "position": 58, "parents": [30, 44], "genome": "r(228,1) r(9,113) a(470,162) d(417) r(245,353) r(130,227) d(412) d(183)", "fitness": 0.0}
{"generation": 9, "position": 59, "parents": [30, 44], "genome": "r(228,1) r(9,113) a(470,162) d(417) r(245,353) r(161,52) a(254,252) r(418,303) a(225,273) r(143,272) d(226)", "fitness": 0.0}
{"generation": 9, "position": 60, "parents": [30], "genome": "r(228,1) r(9,113) a(470,162) d(417) r(245,353) r(130,227) r(161,52) a(254,252) r(418,303) a(225,273) r(143,272) d(339)", "fitness": 0.0}
{"generation": 10, "position": 0, "parents": [40], "genome": "a(157,214) d(470) a(210,22) r(199,400) a(249,41) a(279,20) d(472) a(176,145) d(213) a(231,242) d(471)", "fitness": 0.0}
{"generation": 10, "position": 1, "parents": [19], "genome": "r(215,330) d(425) a(124,142) d(197) a(410,367) r(158,390) d(272) a(258,277) r(424,154)", "fitness": 0.0}
{"generation": 10, "position": 2, "parents": [1, 7], "genome": "r(228,1) r(373,431) a(443,31) r(463,385) a(199,181) d(220) a(121,162) a(455,52) d(275)", "fitness": 0.0}
{"generation": 10, "position": 3, "parents": [1, 7], "genome": "r(228,1) r(373,431) a(443,31) r(380,20) d(181) d(212) a(219,289) d(230)", "fitness": 0.0}
{"generation": 10, "position": 4, "parents": [1], "genome": "r(228,1) r(373,431) a(443,31) r(463,385) a(199,181) d(220) a(219,289) a(232,299)", "fitness": 0.0}
{"generation": 10, "position": 5, "parents": [7], "genome": "r(228,1) r(373,431) a(443,31) r(380,20) d(181) d(212) a(121,162) a(455,52) r(323,120)", "fitness": 0.0}
{"generation": 10, "position": 6, "parents": [47, 17], "genome": "r(226,202) d(470) r(166,330) a(414,427) r(214,206) a(198,19) r(332,120)", "fitness": 0.0}
{"generation": 10, "position": 7, "parents": [47, 17], "genome": "r(10,11) a(174,185) d(171) r(447,154) a(384,390) r(227,192) d(210) d(213) r(207,393) a(113,281) r(151,147) r(121,445)", "fitness": 0.0}
{"generation": 10, "position": 8, "parents": [47], "genome": "r(226,202) d(470) r(166,330) a(414,427) r(227,192) d(210) d(213) r(207,393) a(113,281) r(151,147) r(377,441)", "fitness": 0.0}
{"generation": 10, "position": 9, "parents": [17], "genome": "r(10,11) a(174,185) d(171) r(447,154) a(384,390) r(214,206) a(198,19) a(421,173)", "fitness": 0.0}
{"generation": 10, "position": 10, "parents": [61, 5], "genome": "r(228,1) r(9,113) a(470,162) d(417) a(291,231) r(380,406)", "fitness": 0.0}
{"generation": 10, "position": 11, "parents": [61, 5], "genome": "r(228,1) r(373,431) a(443,31) r(380,20) d(181) d(472) a(207,303) r(230,393) r(245,353) d(412) a(205,21) d(385)", "fitness": 0.0}
{"generation": 10, "position": 12, "parents": [61], "genome": "r(228,1) r(9,113) a(470,162) d(417) r(245,353) d(412) a(205,21) a(214,415)", "fitness": 0.0}
{"generation": 10, "position": 13, "parents": [5], "genome": "r(228,1) r(373,431) a(443,31) r(380,20) d(181) d(472) a(207,303) r(230,393) a(291,231) d(237)", "fitness": 0.0}
{"generation": 10, "position": 14, "parents": [7], "genome": "r(228,1) r(373,431) a(443,31) r(380,20) d(181) d(212) a(121,162) a(455,52) d(274)", "fitness": 0.0}
{"generation": 10, "position": 15, "parents": [39], "genome": "r(228,1) r(9,113) a(470,162) d(417) a(236,289) d(390) d(117) a(279,20) d(472) a(207,303) r(184,176) r(387,330) d(197)", "fitness": 0.0}
{"generation": 10, "position": 16, "parents": [13, 18], "genome": "a(157,214) d(470) a(210,22) r(199,400) a(249,41) r(146,272) r(373,431) a(443,31) r(380,20) d(181) d(212) d(337) a(1,19)", "fitness": 0.0}
{"generation": 10, "position": 17, "parents": [13, 18], "genome": "r(215,330) d(425) a(124,142) d(197) a(410,367) r(158,390) r(461,468) r(201,41) r(117,131) d(214)", "fitness": 0.0}
{"generation": 10, "position": 18, "parents": [13], "genome": "a(157,214) d(470) a(210,22) r(199,400) a(249,41) r(146,272) r(373,431) a(443,31) r(380,20) d(181) d(212) r(201,41) r(117,131) d(225)", "fitness": 0.0}
{"generation": 10, "position": 19, "parents": [18], "genome": "r(215,330) d(425) a(124,142) d(197) a(410,367) r(158,390) r(461,468) d(337) r(417,227)", "fitness": 0.0}
{"generation": 10, "position": 20, "parents": [61], "genome": "r(228,1) r(9,113) a(470,162) d(417) r(245,353) d(412) a(205,21) d(303)", "fitness": 0.0}
{"generation": 10, "position": 21, "parents": [21], "genome": "r(215,330) d(425) a(124,142) d(197) a(410,367) r(158,390) r(461,468) r(216,202) d(355)", "fitness": 0.0}
{"generation": 10, "position": 22, "parents": [2, 21], "genome": "r(10,11) d(197) a(410,367) r(158,390) r(461,468) r(216,202) a(214,149)", "fitness": 0.0}
{"generation": 10, "position": 23, "parents": [2, 21], "genome": "r(215,330) d(425) a(124,142) a(174,185) d(171) r(447,154) a(442,172) r(387,368) r(463,385) a(199,181) d(220) r(250,240) d(120)", "fitness": 0.0}
{"generation": 10, "position": 24, "parents": [2], "genome": "r(10,11) a(174,185) d(171) r(447,154) a(442,172) r(387,368) r(463,385) a(199,181) d(220) r(250,240) r(280,300)", "fitness": 0.0}
{"generation": 10, "position": 25, "parents": [21], "genome": "r(215,330) d(425) a(124,142) d(197) a(410,367) r(158,390) r(461,468) r(216,202) a(116,323)", "fitness": 0.0}
{"generation": 10, "position": 26, "parents": [5], "genome": "r(228,1) r(373,431) a(443,31) r(380,20) d(181) d(472) a(207,303) r(230,393) a(291,231) r(164,390)", "fitness": 0.0}
{"generation": 10, "position": 27, "parents": [60], "genome": "r(228,1) r(9,113) a(470,162) d(417) r(245,353) r(130,227) r(161,52) a(254,252) r(418,303) a(225,273) r(143,272) d(339) d(386)", "fitness": 0.0}
{"generation": 10, "position": 28, "parents": [49, 27], "genome": "a(157,214) a(416,171)", "fitness": 2.0}
{"generation": 10, "position": 29, "parents": [49, 27], "genome": "r(215,330) d(425) a(124,142) d(197) a(410,367) r(158,390) d(272) d(212) d(470) a(210,22) r(199,400) a(249,41) a(279,20) d(472) a(176,145) d(213) d(224) r(148,212)", "fitness": 0.0}
{"generation": 10, "position": 30, "parents": [49], "genome": "a(157,214) d(470) a(210,22) r(199,400) a(249,41) a(279,20) d(472) a(176,145) d(213) d(224) d(201)", "fitness": 0.0}
{"generation": 10, "position": 31, "parents": [27], "genome": "r(215,330) d(425) a(124,142) d(197) a(410,367) r(158,390) d(272) d(212) d(138)", "fitness": 0.0}
{"generation": 10, "position": 32, "parents": [55], "genome": "r(228,1) a(236,289) a(349,441) a(138,210) d(182) d(298) r(212,207)", "fitness": 0.0}
{"generation": 10, "position": 33, "parents": [3], "genome": "r(228,1) r(373,431) a(443,31) r(380,20) d(181) r(212,185) d(467) a(276,257) a(15,133)", "fitness": 0.0}
{"generation": 10, "position": 34, "parents": [51, 7], "genome": "r(228,1) r(9,113) a(470,162) d(417) a(236,289) d(390) d(117) r(463,385) r(157,206) r(373,431) a(443,31) r(380,20) d(181) d(212) a(121,162) a(455,52) d(452)", "fitness": 0.0}
{"generation": 10, "position": 35, "parents": [51, 7], "genome": "r(228,1) r(25,227) d(291) r(212,156)", "fitness": 0.0}
{"generation": 10, "position": 36, "parents": [51], "genome": "r(228,1) r(9,113) a(470,162) d(417) a(236,289) d(390) d(117) r(463,385) r(157,206) r(25,227) d(291) d(212)", "fitness": 0.0}
{"generation": 10, "position": 37, "parents": [7], "genome": "r(228,1) r(373,431) a(443,31) r(380,20) d(181) d(212) a(121,162) a(455,52) a(357,29)", "fitness": 0.0}
{"generation": 10, "position": 38, "parents": [19, 30], "genome": "r(215,330) d(425) a(124,142) d(197) a(410,367) r(158,390) d(272) a(258,277) r(373,431) a(443,31) r(380,20) d(181) r(212,185) d(467) d(419) a(341,279)", "fitness": 0.0}
{"generation": 10, "position": 39, "parents": [19, 30], "genome": "r(228,1) r(436,41)", "fitness": 0.0}
{"generation": 10, "position": 40, "parents": [19], "genome": "r(215,330) d(425) a(124,142) d(197) a(410,367) r(158,390) d(272) a(258,277) a(214,171)", "fitness": 0.0}
{"generation": 10, "position": 41, "parents": [30], "genome": "r(228,1) r(373,431) a(443,31) r(380,20) d(181) r(212,185) d(467) d(419) r(243,441)", "fitness": 0.0}
{"generation": 10, "position": 42, "parents": [20], "genome": "r(215,330) d(425) a(124,142) d(197) a(410,367) r(158,390) d(272) a(412,286) r(256,393)", "fitness": 0.0}
{"generation": 10, "position": 43, "parents": [21], "genome": "r(215,330) d(425) a(124,142) d(197) a(410,367) r(158,390) r(461,468) r(216,202) r(239,237)", "fitness": 0.0}
{"generation": 10, "position": 44, "parents": [54, 40], "genome": "r(215,330) d(119) a(351,385) r(248,471) a(239,343) r(210,178) d(470) a(210,22) r(199,400) a(249,41) a(279,20) d(472) a(176,145) d(213) a(231,242) r(251,331)", "fitness": 0.0}
{"generation": 10, "position": 45, "parents": [54, 40], "genome": "a(157,214) d(390) d(117) a(279,20) d(472) a(176,145) r(146,207) d(418) d(214)", "fitness": 0.0}
{"generation": 10, "position": 46, "parents": [54], "genome": "r(215,330) d(119) a(351,385) r(248,471) a(239,343) r(210,178) d(390) d(117) a(279,20) d(472) a(176,145) r(146,207) d(418) a(226,223)", "fitness": 0.0}
{"generation": 10, "position": 47, "parents": [40], "genome": "a(157,214) d(470) a(210,22) r(199,400) a(249,41) a(279,20) d(472) a(176,145) d(213) a(231,242) r(149,150)", "fitness": 0.0}
{"generation": 10, "position": 48, "parents": [8, 30], "genome": "r(215,330) r(168,188) r(356,41) a(153,136) d(429)", "fitness": 0.0}
{"generation": 10, "position": 49, "parents": [8, 30], "genome": "r(228,1) r(373,431) a(443,31) r(380,20) d(181) r(212,185) d(467) d(419) d(332) d(197) a(213,393) d(246) r(210,406) r(164,294) a(244,346)", "fitness": 0.0}
{"generation": 10, "position": 50, "parents": [8], "genome": "r(215,330) r(168,188) r(356,41) a(153,136) d(332) d(197) a(213,393) d(246) r(210,406) r(164,294) d(206)", "fitness": 0.0}
{"generation": 10, "position": 51, "parents": [30], "genome": "r(228,1) r(373,431) a(443,31) r(380,20) d(181) r(212,185) d(467) d(419) r(291,247)", "fitness": 10.0}
{"generation": 10, "position": 52, "parents": [42, 29], "genome": "r(226,202) d(470) r(166,330) a(414,427) d(428) d(458)", "fitness": 0.0}
{"generation": 10, "position": 53, "parents": [42, 29], "genome": "r(228,1) r(9,113) a(470,162) d(417) r(245,353) d(412) d(467) r(227,192) d(210) d(213) r(207,393) r(253,231) d(410)", "fitness": 0.0}
{"generation": 10, "position": 54, "parents": [42], "genome": "r(226,202) d(470) r(166,330) a(414,427) r(227,192) d(210) d(213) r(207,393) r(253,231) r(390,272)", "fitness": 0.0}
{"generation": 10, "position": 55, "parents": [29], "genome": "r(228,1) r(9,113) a(470,162) d(417) r(245,353) d(412) d(467) d(428) d(246)", "fitness": 0.0}
{"generation": 10, "position": 56, "parents": [54, 57], "genome": "r(215,330) d(119) a(351,385) r(248,471) a(239,343) r(210,178) r(356,41) a(153,136) d(332) d(197) a(213,393) d(246) r(437,275) d(212) a(243,276)", "fitness": 0.0}
{"generation": 10, "position": 57, "parents": [54, 57], "genome": "r(10,11) a(174,185) d(171) d(390) d(117) a(279,20) d(472) a(176,145) r(146,207) d(418) d(450)", "fitness": 0.0}
{"generation": 10, "position": 58, "parents": [54], "genome": "r(215,330) d(119) a(351,385) r(248,471) a(239,343) r(210,178) d(390) d(117) a(279,20) d(472) a(176,145) r(146,207) d(418) r(412,37)", "fitness": 0.0}
{"generation": 10, "position": 59, "parents": [57], "genome": "r(10,11) a(174,185) d(171) r(356,41) a(153,136) d(332) d(197) a(213,393) d(246) r(437,275) d(212) r(373,9)", "fitness": 0.0}
{"generation": 10, "position": 60, "parents": [15], "genome": "r(228,1) a(236,289) a(349,441) a(138,210) d(182) r(425,173) a(250,400)", "fitness": 0.0}
{"generation": 10, "position": 61, "parents": [19], "genome": "r(215,330) d(425) a(124,142) d(197) a(410,367) r(158,390) d(272) a(258,277) r(116,350)", "fitness": 0.0}
{"generation": 10, "position": 62, "parents": [8, 31], "genome": "r(215,330) r(168,188) r(356,41) a(153,136) d(332) d(197) a(213,393) d(246) r(245,353) d(412) a(158,441) a(158,173)", "fitness": 0.0}
{"generation": 10, "position": 63, "parents": [8, 31], "genome": "r(228,1) r(9,113) a(470,162) d(417) r(210,406) r(164,294) r(154,28)", "fitness": 0.0}
{"generation": 10, "position": 64, "parents": [8], "genome": "r(215,330) r(168,188) r(356,41) a(153,136) d(332) d(197) a(213,393) d(246) r(210,406) r(164,294) a(413,436)", "fitness": 0.0}