[meta]
{"program": "genprog-3.0", "problem": {"ideal_fitness": "15", "type": "repair", "name": "units", "enclosure": {"1": 0, "2": 0, "3": 0, "4": 3, "5": 4, "6": 4, "7": 4, "8": 4, "9": 3, "10": 0, "11": 0, "12": 11, "13": 11, "14": 0, "15": 0, "16": 15, "17": 15, "18": 15, "19": 15, "20": 0, "21": 0, "22": 0, "23": 0, "24": 0, "25": 0, "26": 0, "28": 26, "29": 0, "31": 29, "32": 0, "33": 0, "34": 0, "35": 0, "37": 35, "38": 0, "39": 0, "40": 39, "41": 40, "43": 39, "45": 43, "46": 39, "47": 0, "48": 0, "50": 48, "52": 50, "53": 0, "54": 0, "56": 0, "58": 56, "59": 0, "60": 0, "61": 0, "62": 0, "64": 0, "65": 0, "67": 0, "68": 0, "69": 0, "70": 0, "71": 0, "72": 71, "73": 72, "75": 71, "76": 71, "77": 71, "78": 0, "79": 78, "80": 78, "81": 78, "82": 78, "83": 82, "84": 83, "86": 82, "87": 82, "88": 82, "89": 78, "90": 0, "91": 0, "92": 0, "93": 92, "94": 93, "95": 93, "96": 92, "97": 96, "98": 96, "99": 96, "100": 92, "101": 100, "102": 100, "103": 92, "104": 92, "105": 0, "106": 105, "107": 105, "108": 0, "109": 0, "110": 0, "111": 0, "112": 111, "113": 112, "115": 111, "116": 111, "117": 0, "118": 0, "119": 118, "120": 118, "121": 0, "122": 0, "123": 0, "124": 0, "126": 0, "127": 126, "128": 126, "129": 126, "130": 126, "131": 126, "132": 126, "133": 126, "134": 0, "135": 134, "136": 134, "137": 0, "138": 137, "139": 137, "141": 0, "142": 0, "143": 0, "145": 0, "146": 0, "147": 0, "148": 0, "149": 148, "150": 149, "151": 149, "152": 149, "153": 152, "154": 153, "156": 152, "157": 152, "158": 149, "159": 149, "160": 149, "161": 160, "162": 161, "164": 160, "165": 160, "166": 148, "167": 166, "168": 167, "170": 167, "171": 166, "172": 148, "173": 148, "174": 0, "175": 0, "176": 175, "177": 175, "178": 177, "180": 175, "181": 175, "182": 181, "183": 181, "184": 181, "185": 184, "187": 181, "188": 181, "189": 181, "190": 189, "192": 189, "193": 175, "194": 193, "195": 193, "197": 193, "198": 175, "199": 0, "200": 0, "201": 200, "202": 201, "204": 200, "205": 0, "206": 205, "207": 205, "208": 207, "210": 207, "211": 205, "212": 0, "213": 0, "214": 0, "215": 0, "216": 0, "217": 0, "218": 217, "219": 217, "220": 217, "221": 220, "223": 217, "224": 217, "225": 217, "226": 225, "227": 225, "228": 0, "229": 0, "230": 0, "231": 0, "232": 231, "233": 232, "235": 231, "236": 231, "237": 231, "238": 231, "239": 231, "240": 231, "241": 231, "242": 231, "243": 231, "244": 231, "245": 231, "246": 231, "247": 231, "248": 231, "249": 231, "250": 231, "251": 231, "252": 231, "253": 0, "254": 0, "255": 0, "256": 0, "257": 0, "258": 257, "259": 258, "260": 258, "261": 258, "262": 258, "263": 262, "264": 263, "266": 262, "268": 266, "269": 262, "270": 262, "271": 262, "272": 258, "273": 257, "274": 257, "275": 257, "276": 257, "277": 0, "278": 277, "279": 278, "280": 279, "281": 280, "284": 278, "286": 277, "287": 0, "289": 287, "290": 0, "291": 0, "292": 291, "293": 292, "294": 293, "297": 291, "298": 291, "299": 291, "300": 291, "301": 291, "303": 301, "304": 291, "305": 304, "306": 304, "307": 304, "308": 304, "309": 304, "311": 309, "312": 304, "313": 304, "314": 304, "315": 304, "316": 315, "317": 316, "319": 315, "320": 315, "321": 304, "323": 304, "324": 0, "325": 0, "326": 0, "327": 0, "328": 0, "330": 328, "331": 0, "332": 0, "333": 0, "334": 0, "335": 0, "337": 335, "338": 0, "339": 0, "340": 339, "341": 340, "343": 339, "344": 339, "346": 344, "347": 346, "349": 347, "350": 346, "351": 339, "352": 351, "353": 352, "355": 353, "356": 352, "357": 352, "358": 351, "359": 339, "360": 0, "361": 360, "362": 360, "364": 0, "365": 0, "367": 0, "368": 0, "369": 0, "370": 369, "371": 369, "372": 371, "373": 371, "374": 373, "376": 0, "377": 376, "378": 377, "379": 377, "380": 379, "381": 379, "382": 377, "384": 377, "385": 376, "386": 0, "387": 386, "388": 386, "390": 386, "391": 0, "392": 391, "393": 391, "394": 0, "396": 394, "397": 396, "398": 396, "399": 398, "400": 398, "401": 396, "402": 396, "403": 396, "404": 403, "405": 404, "406": 405, "409": 403, "410": 403, "411": 396, "412": 411, "413": 411, "414": 396, "415": 396, "416": 0, "417": 0, "418": 0, "419": 418, "420": 418, "421": 0, "422": 421, "423": 421, "424": 421, "425": 424, "427": 421, "428": 0, "429": 428, "430": 428, "431": 0, "432": 431, "433": 431, "434": 431, "435": 0, "436": 0, "437": 0, "438": 0, "439": 438, "440": 438, "441": 438, "442": 0, "443": 0, "444": 443, "445": 444, "446": 444, "447": 444, "448": 443, "449": 443, "450": 0, "451": 0, "452": 0, "453": 0, "454": 453, "455": 454, "457": 453, "458": 453, "459": 453, "460": 0, "461": 460, "462": 460, "463": 0, "464": 0, "465": 0, "466": 465, "467": 465, "468": 0, "469": 0, "470": 469, "471": 469, "472": 0, "473": 0, "474": 473, "475": 473, "477": 0, "478": 0, "479": 0}}, "version": "0.0.2", "seed": 15, "algorithm": {"representation": "patch", "type": "genetic", "name": "ALGORITHM-NAME"}}

[data]
{"generation": 0, "position": 0, "parents": [], "genome": "r(223,446)", "fitness": 10.0}
{"generation": 0, "position": 1, "parents": [], "genome": "a(475,393)", "fitness": 5.0}
{"generation": 0, "position": 2, "parents": [], "genome": "d(442)", "fitness": 0.0}
{"generation": 0, "position": 3, "parents": [], "genome": "a(135,286)", "fitness": 5.0}
{"generation": 0, "position": 4, "parents": [], "genome": "r(356,247)", "fitness": 5.0}
{"generation": 0, "position": 5, "parents": [], "genome": "r(213,158)", "fitness": 5.0}
{"generation": 0, "position": 6, "parents": [], "genome": "d(240)", "fitness": 0.0}
{"generation": 0, "position": 7, "parents": [], "genome": "d(24)", "fitness": 0.0}
{"generation": 0, "position": 8, "parents": [], "genome": "a(419,29)", "fitness": 0.0}
{"generation": 0, "position": 9, "parents": [], "genome": "a(297,229)", "fitness": 0.0}
{"generation": 0, "position": 10, "parents": [], "genome": "d(464)", "fitness": 0.0}
{"generation": 0, "position": 11, "parents": [], "genome": "r(242,344)", "fitness": 0.0}
{"generation": 0, "position": 12, "parents": [], "genome": "a(216,228)", "fitness": 0.0}
{"generation": 0, "position": 13, "parents": [], "genome": "a(327,284)", "fitness": 0.0}
{"generation": 0, "position": 14, "parents": [], "genome": "a(213,13)", "fitness": 5.0}
{"generation": 0, "position": 15, "parents": [], "genome": "a(387,377)", "fitness": 0.0}
{"generation": 0, "position": 16, "parents": [], "genome": "a(393,368)", "fitness": 5.0}
{"generation": 0, "position": 17, "parents": [], "genome": "d(213)", "fitness": 5.0}
{"generation": 0, "position": 18, "parents": [], "genome": "d(416)", "fitness": 0.0}
{"generation": 0, "position": 19, "parents": [], "genome": "r(326,248)", "fitness": 5.0}
{"generation": 0, "position": 20, "parents": [], "genome": "a(457,415)", "fitness": 5.0}
{"generation": 0, "position": 21, "parents": [], "genome": "d(346)", "fitness": 5.0}
{"generation": 0, "position": 22, "parents": [], "genome": "d(146)", "fitness": 0.0}
{"generation": 0, "position": 23, "parents": [], "genome": "d(253)", "fitness": 0.0}
{"generation": 0, "position": 24, "parents": [], "genome": "d(429)", "fitness": 5.0}
{"generation": 0, "position": 25, "parents": [], "genome": "a(111,275)", "fitness": 0.0}
{"generation": 0, "position": 26, "parents": [], "genome": "d(425)", "fitness": 5.0}
{"generation": 0, "position": 27, "parents": [], "genome": "a(228,455)", "fitness": 5.0}
{"generation": 0, "position": 28, "parents": [], "genome": "d(399)", "fitness": 5.0}
{"generation": 0, "position": 29, "parents": [], "genome": "d(210)", "fitness": 5.0}
{"generation": 0, "position": 30, "parents": [], "genome": "a(418,441)", "fitness": 5.0}
{"generation": 0, "position": 31, "parents": [], "genome": "d(213)", "fitness": 5.0}
{"generation": 0, "position": 32, "parents": [], "genome": "d(214)", "fitness": 5.0}
{"generation": 0, "position": 33, "parents": [], "genome": "r(460,272)", "fitness": 5.0}
{"generation": 0, "position": 34, "parents": [], "genome": "r(380,419)", "fitness": 3.0}
{"generation": 0, "position": 35, "parents": [], "genome": "a(246,425)", "fitness": 5.0}
{"generation": 0, "position": 36, "parents": [], "genome": "a(213,393)", "fitness": 5.0}
{"generation": 0, "position": 37, "parents": [], "genome": "d(115)", "fitness": 0.0}
{"generation": 0, "position": 38, "parents": [], "genome": "r(469,276)", "fitness": 0.0}
{"generation": 0, "position": 39, "parents": [], "genome": "original", "fitness": 5.0}
{"generation": 1, "position": 0, "parents": [26, 6], "genome": "d(425) a(333,251)", "fitness": 0.0}
{"generation": 1, "position": 1, "parents": [26, 6], "genome": "d(240) r(115,118)", "fitness": 0.0}
{"generation": 1, "position": 2, "parents": [26], "genome": "d(425) a(242,229)", "fitness": 0.0}
{"generation": 1, "position": 3, "parents": [6], "genome": "d(240) a(420,431)", "fitness": 0.0}
{"generation": 1, "position": 4, "parents": [19, 17], "genome": "r(326,248) r(220,228)", "fitness": 0.0}
{"generation": 1, "position": 5, "parents": [19, 17], "genome": "d(213) d(11)", "fitness": 5.0}
{"generation": 1, "position": 6, "parents": [19], "genome": "r(326,248) r(250,340)", "fitness": 0.0}
{"generation": 1, "position": 7, "parents": [17], "genome": "d(213) r(210,178)", "fitness": 5.0}
{"generation": 1, "position": 8, "parents": [25], "genome": "a(111,275) a(294,229)", "fitness": 0.0}
{"generation": 1, "position": 9, "parents": [25], "genome": "a(111,275) d(286)", "fitness": 0.0}
{"generation": 1, "position": 10, "parents": [18, 13], "genome": "d(416) r(406,294)", "fitness": 0.0}
{"generation": 1, "position": 11, "parents": [18, 13], "genome": "a(327,284) d(378)", "fitness": 0.0}
{"generation": 1, "position": 12, "parents": [18], "genome": "d(416) a(251,19)", "fitness": 0.0}
{"generation": 1, "position": 13, "parents": [13], "genome": "a(327,284) r(397,435)", "fitness": 0.0}
{"generation": 1, "position": 14, "parents": [29], "genome": "d(210) r(471,202)", "fitness": 5.0}
{"generation": 1, "position": 15, "parents": [3], "genome": "a(135,286) d(223)", "fitness": 0.0}
{"generation": 1, "position": 16, "parents": [35], "genome": "a(246,425) d(360)", "fitness": 5.0}
{"generation": 1, "position": 17, "parents": [36], "genome": "a(213,393) r(215,185)", "fitness": 0.0}
{"generation": 1, "position": 18, "parents": [15, 6], "genome": "a(387,377) r(373,462)", "fitness": 0.0}
{"generation": 1, "position": 19, "parents": [15, 6], "genome": "d(240) r(149,425)", "fitness": 0.0}
{"generation": 1, "position": 20, "parents": [15], "genome": "a(387,377) a(135,197)", "fitness": 0.0}
{"generation": 1, "position": 21, "parents": [6], "genome": "d(240) a(416,173)", "fitness": 0.0}
{"generation": 1, "position": 22, "parents": [20], "genome": "a(457,415) d(465)", "fitness": 0.0}
{"generation": 1, "position": 23, "parents": [33], "genome": "r(460,272) r(357,192)", "fitness": 5.0}
{"generation": 1, "position": 24, "parents": [6, 7], "genome": "d(240) a(473,173)", "fitness": 0.0}
{"generation": 1, "position": 25, "parents": [6, 7], "genome": "d(24) a(417,409)", "fitness": 0.0}
{"generation": 1, "position": 26, "parents": [6], "genome": "d(240) r(338,31)", "fitness": 0.0}
{"generation": 1, "position": 27, "parents": [7], "genome": "d(24) a(10,192)", "fitness": 0.0}
{"generation": 1, "position": 28, "parents": [12, 8], "genome": "a(216,228) a(227,227)", "fitness": 0.0}
{"generation": 1, "position": 29, "parents": [12, 8], "genome": "a(419,29) a(156,133)", "fitness": 0.0}
{"generation": 1, "position": 30, "parents": [12], "genome": "a(216,228) d(393)", "fitness": 0.0}
{"generation": 1, "position": 31, "parents": [8], "genome": "a(419,29) a(122,390)", "fitness": 0.0}
{"generation": 1, "position": 32, "parents": [18, 37], "genome": "d(416) a(13,24)", "fitness": 0.0}
{"generation": 1, "position": 33, "parents": [18, 37], "genome": "d(115) r(194,210)", "fitness": 0.0}
{"generation": 1, "position": 34, "parents": [18], "genome": "d(416) d(397)", "fitness": 0.0}
{"generation": 1, "position": 35, "parents": [37], "genome": "d(115) r(109,52)", "fitness": 0.0}
{"generation": 1, "position": 36, "parents": [6, 12], "genome": "d(240) a(402,422)", "fitness": 0.0}
{"generation": 1, "position": 37, "parents": [6, 12], "genome": "a(216,228) a(463,289)", "fitness": 0.0}
{"generation": 1, "position": 38, "parents": [6], "genome": "d(240) a(247,45)", "fitness": 0.0}
{"generation": 1, "position": 39, "parents": [12], "genome": "a(216,228) r(206,200)", "fitness": 0.0}
{"generation": 1, "position": 40, "parents": [6], "genome": "d(240) a(368,2)", "fitness": 0.0}
{"generation": 1, "position": 41, "parents": [15], "genome": "a(387,377) a(461,470)", "fitness": 0.0}
{"generation": 1, "position": 42, "parents": [11, 18], "genome": "r(242,344) d(290)", "fitness": 0.0}
{"generation": 1, "position": 43, "parents": [11, 18], "genome": "d(416) d(174)", "fitness": 0.0}
{"generation": 1, "position": 44, "parents": [11], "genome": "r(242,344) a(208,200)", "fitness": 0.0}
{"generation": 1, "position": 45, "parents": [18], "genome": "d(416) r(397,420)", "fitness": 0.0}
{"generation": 1, "position": 46, "parents": [32, 12], "genome": "d(214) d(458)", "fitness": 0.0}
{"generation": 1, "position": 47, "parents": [32, 12], "genome": "a(216,228) r(397,399)", "fitness": 0.0}
{"generation": 1, "position": 48, "parents": [32], "genome": "d(214) r(212,29)", "fitness": 0.0}
{"generation": 1, "position": 49, "parents": [12], "genome": "a(216,228) d(471)", "fitness": 0.0}
{"generation": 1, "position": 50, "parents": [23], "genome": "d(253) a(241,178)", "fitness": 0.0}
{"generation": 1, "position": 51, "parents": [20], "genome": "a(457,415) r(294,120)", "fitness": 5.0}
{"generation": 1, "position": 52, "parents": [18, 37], "genome": "d(416) d(275)", "fitness": 0.0}
{"generation": 1, "position": 53, "parents": [18, 37], "genome": "d(115) r(297,52)", "fitness": 0.0}
{"generation": 1, "position": 54, "parents": [18], "genome": "d(416) r(410,289)", "fitness": 0.0}
{"generation": 1, "position": 55, "parents": [37], "genome": "d(115) d(406)", "fitness": 0.0}
{"generation": 1, "position": 56, "parents": [31, 17], "genome": "d(213) d(14)", "fitness": 0.0}
{"generation": 1, "position": 57, "parents": [31, 17], "genome": "d(213) r(214,425)", "fitness": 5.0}
{"generation": 1, "position": 58, "parents": [31], "genome": "d(213) r(352,384)", "fitness": 5.0}
{"generation": 1, "position": 59, "parents": [17], "genome": "d(213) d(233)", "fitness": 5.0}
{"generation": 1, "position": 60, "parents": [17], "genome": "d(213) r(1,357)", "fitness": 5.0}
{"generation": 1, "position": 61, "parents": [17], "genome": "d(213) a(454,470)", "fitness": 0.0}
{"generation": 1, "position": 62, "parents": [8, 2], "genome": "a(419,29) d(387)", "fitness": 0.0}
{"generation": 1, "position": 63, "parents": [8, 2], "genome": "d(442) r(10,446)", "fitness": 10.0}
{"generation": 1, "position": 64, "parents": [8], "genome": "a(419,29) a(352,239)", "fitness": 0.0}
{"generation": 2, "position": 0, "parents": [18], "genome": "a(387,377) r(373,462) a(198,146)", "fitness": 0.0}
{"generation": 2, "position": 1, "parents": [34], "genome": "d(416) d(397) r(141,455)", "fitness": 0.0}
{"generation": 2, "position": 2, "parents": [33, 30], "genome": "d(115) r(194,210) d(393) d(109)", "fitness": 0.0}
{"generation": 2, "position": 3, "parents": [33, 30], "genome": "a(216,228) d(229)", "fitness": 0.0}
{"generation": 2, "position": 4, "parents": [33], "genome": "d(115) r(194,210) a(210,149)", "fitness": 0.0}
{"generation": 2, "position": 5, "parents": [30], "genome": "a(216,228) d(393) r(200,213)", "fitness": 0.0}
{"generation": 2, "position": 6, "parents": [44], "genome": "r(242,344) a(208,200) a(188,441)", "fitness": 0.0}
{"generation": 2, "position": 7, "parents": [8], "genome": "a(111,275) a(294,229) a(248,441)", "fitness": 0.0}
{"generation": 2, "position": 8, "parents": [3], "genome": "d(240) a(420,431) a(210,445)", "fitness": 0.0}
{"generation": 2, "position": 9, "parents": [25], "genome": "d(24) a(417,409) r(437,275)", "fitness": 0.0}
{"generation": 2, "position": 10, "parents": [33, 6], "genome": "d(115) r(194,210) r(250,340) r(15,358)", "fitness": 0.0}
{"generation": 2, "position": 11, "parents": [33, 6], "genome": "r(326,248) a(277,226)", "fitness": 0.0}
{"generation": 2, "position": 12, "parents": [33], "genome": "d(115) r(194,210) a(195,150)", "fitness": 0.0}
{"generation": 2, "position": 13, "parents": [6], "genome": "r(326,248) r(250,340) r(417,275)", "fitness": 0.0}
{"generation": 2, "position": 14, "parents": [13, 15], "genome": "a(327,284) r(397,435) a(390,391)", "fitness": 0.0}
{"generation": 2, "position": 15, "parents": [13, 15], "genome": "a(135,286) d(223) d(272)", "fitness": 0.0}
{"generation": 2, "position": 16, "parents": [13], "genome": "a(327,284) r(397,435) a(243,258)", "fitness": 0.0}
{"generation": 2, "position": 17, "parents": [15], "genome": "a(135,286) d(223) a(162,445)", "fitness": 0.0}
{"generation": 2, "position": 18, "parents": [49], "genome": "a(216,228) d(471) r(280,340)", "fitness": 0.0}
{"generation": 2, "position": 19, "parents": [35], "genome": "d(115) r(109,52) a(143,357)", "fitness": 0.0}
{"generation": 2, "position": 20, "parents": [13], "genome": "a(327,284) r(397,435) d(21)", "fitness": 0.0}
{"generation": 2, "position": 21, "parents": [47], "genome": "a(216,228) r(397,399) d(23)", "fitness": 0.0}
{"generation": 2, "position": 22, "parents": [4, 31], "genome": "r(326,248) a(385,445)", "fitness": 0.0}
{"generation": 2, "position": 23, "parents": [4, 31], "genome": "a(419,29) a(122,390) r(220,228) a(231,136)", "fitness": 0.0}
{"generation": 2, "position": 24, "parents": [4], "genome": "r(326,248) r(220,228) a(440,358)", "fitness": 0.0}
{"generation": 2, "position": 25, "parents": [31], "genome": "a(419,29) a(122,390) d(350)", "fitness": 0.0}
{"generation": 2, "position": 26, "parents": [8, 44], "genome": "a(111,275) a(112,124)", "fitness": 0.0}
{"generation": 2, "position": 27, "parents": [8, 44], "genome": "r(242,344) a(208,200) a(294,229) r(274,360)", "fitness": 0.0}
{"generation": 2, "position": 28, "parents": [8], "genome": "a(111,275) a(294,229) a(401,387)", "fitness": 0.0}
{"generation": 2, "position": 29, "parents": [44], "genome": "r(242,344) a(208,200) r(401,400)", "fitness": 0.0}
{"generation": 2, "position": 30, "parents": [22, 49], "genome": "a(457,415) r(214,168)", "fitness": 5.0}
{"generation": 2, "position": 31, "parents": [22, 49], "genome": "a(216,228) d(471) d(465) a(397,385)", "fitness": 0.0}
{"generation": 2, "position": 32, "parents": [22], "genome": "a(457,415) d(465) a(167,228)", "fitness": 0.0}
{"generation": 2, "position": 33, "parents": [49], "genome": "a(216,228) d(471) r(112,214)", "fitness": 0.0}
{"generation": 2, "position": 34, "parents": [35], "genome": "d(115) r(109,52) a(323,245)", "fitness": 0.0}
{"generation": 2, "position": 35, "parents": [25], "genome": "d(24) a(417,409) a(247,251)", "fitness": 0.0}
{"generation": 2, "position": 36, "parents": [22], "genome": "a(457,415) d(465) a(251,45)", "fitness": 0.0}
{"generation": 2, "position": 37, "parents": [37], "genome": "a(216,228) a(463,289) a(118,9)", "fitness": 0.0}
{"generation": 2, "position": 38, "parents": [24], "genome": "d(240) a(473,173) d(459)", "fitness": 0.0}
{"generation": 2, "position": 39, "parents": [27], "genome": "d(24) a(10,192) d(273)", "fitness": 0.0}
{"generation": 2, "position": 40, "parents": [15], "genome": "a(135,286) d(223) a(15,50)", "fitness": 0.0}
{"generation": 2, "position": 41, "parents": [56], "genome": "d(213) d(14) r(356,360)", "fitness": 0.0}
{"generation": 2, "position": 42, "parents": [45], "genome": "d(416) r(397,420) r(273,226)", "fitness": 0.0}
{"generation": 2, "position": 43, "parents": [65], "genome": "d(442) d(213) a(373,192)", "fitness": 0.0}
{"generation": 2, "position": 44, "parents": [0, 49], "genome": "d(425) a(210,185)", "fitness": 5.0}
{"generation": 2, "position": 45, "parents": [0, 49], "genome": "a(216,228) d(471) a(333,251) r(330,52)", "fitness": 0.0}
{"generation": 2, "position": 46, "parents": [0], "genome": "d(425) a(333,251) d(359)", "fitness": 0.0}
{"generation": 2, "position": 47, "parents": [49], "genome": "a(216,228) d(471) r(213,187)", "fitness": 0.0}
{"generation": 2, "position": 48, "parents": [9], "genome": "a(111,275) d(286) a(390,214)", "fitness": 0.0}
{"generation": 2, "position": 49, "parents": [57], "genome": "d(213) r(214,425) a(325,37)", "fitness": 5.0}
{"generation": 2, "position": 50, "parents": [19, 54], "genome": "d(240) r(149,425) r(410,289) d(204)", "fitness": 0.0}
{"generation": 2, "position": 51, "parents": [19, 54], "genome": "d(416) d(151)", "fitness": 0.0}
{"generation": 2, "position": 52, "parents": [19], "genome": "d(240) r(149,425) d(355)", "fitness": 0.0}
{"generation": 2, "position": 53, "parents": [54], "genome": "d(416) r(410,289) a(274,337)", "fitness": 0.0}
{"generation": 2, "position": 54, "parents": [13, 20], "genome": "a(327,284) r(397,435) d(280)", "fitness": 0.0}
{"generation": 2, "position": 55, "parents": [13, 20], "genome": "a(387,377) a(135,197) a(355,19)", "fitness": 0.0}
{"generation": 2, "position": 56, "parents": [13], "genome": "a(327,284) r(397,435) r(328,441)", "fitness": 0.0}
{"generation": 3, "position": 0, "parents": [40, 1], "genome": "a(135,286) a(134,127)", "fitness": 5.0}
{"generation": 3, "position": 1, "parents": [40, 1], "genome": "d(416) d(397) r(141,455) d(223) a(15,50) a(357,420)", "fitness": 0.0}
{"generation": 3, "position": 2, "parents": [40], "genome": "a(135,286) d(223) a(15,50) a(194,165)", "fitness": 0.0}
{"generation": 3, "position": 3, "parents": [1], "genome": "d(416) d(397) r(141,455) r(328,247)", "fitness": 0.0}
{"generation": 3, "position": 4, "parents": [8], "genome": "d(240) a(420,431) a(210,445) a(243,178)", "fitness": 0.0}
{"generation": 3, "position": 5, "parents": [32], "genome": "a(457,415) d(465) a(167,228) r(448,139)", "fitness": 0.0}
{"generation": 3, "position": 6, "parents": [24], "genome": "r(326,248) r(220,228) a(440,358) a(244,1)", "fitness": 0.0}
{"generation": 3, "position": 7, "parents": [12], "genome": "d(115) r(194,210) a(195,150) a(172,139)", "fitness": 0.0}
{"generation": 3, "position": 8, "parents": [53], "genome": "d(416) r(410,289) a(274,337) d(253)", "fitness": 0.0}
{"generation": 3, "position": 9, "parents": [9], "genome": "d(24) a(417,409) r(437,275) d(184)", "fitness": 0.0}
{"generation": 3, "position": 10, "parents": [3, 22], "genome": "a(216,228) a(385,445) r(213,31)", "fitness": 0.0}
{"generation": 3, "position": 11, "parents": [3, 22], "genome": "r(326,248) d(229) d(382)", "fitness": 0.0}
{"generation": 3, "position": 12, "parents": [3], "genome": "a(216,228) d(229) d(157)", "fitness": 0.0}
{"generation": 3, "position": 13, "parents": [22], "genome": "r(326,248) a(385,445) a(184,154)", "fitness": 0.0}
{"generation": 3, "position": 14, "parents": [32], "genome": "a(457,415) d(465) a(167,228) a(279,136)", "fitness": 0.0}
{"generation": 3, "position": 15, "parents": [42], "genome": "d(416) r(397,420) r(273,226) r(369,423)", "fitness": 0.0}
{"generation": 3, "position": 16, "parents": [4, 15], "genome": "d(115) r(194,210) a(210,149) d(396)", "fitness": 0.0}
{"generation": 3, "position": 17, "parents": [4, 15], "genome": "a(135,286) d(223) d(272) a(230,275)", "fitness": 0.0}
{"generation": 3, "position": 18, "parents": [4], "genome": "d(115) r(194,210) a(210,149) r(331,236)", "fitness": 0.0}
{"generation": 3, "position": 19, "parents": [15], "genome": "a(135,286) d(223) d(272) d(473)", "fitness": 0.0}
{"generation": 3, "position": 20, "parents": [4], "genome": "d(115) r(194,210) a(210,149) a(461,154)", "fitness": 0.0}
{"generation": 3, "position": 21, "parents": [45], "genome": "a(216,228) d(471) a(333,251) r(330,52) d(216)", "fitness": 0.0}
{"generation": 3, "position": 22, "parents": [15], "genome": "a(135,286) d(223) d(272) a(236,425)", "fitness": 0.0}
{"generation": 3, "position": 23, "parents": [42], "genome": "d(416) r(397,420) r(273,226) a(214,206)", "fitness": 0.0}
{"generation": 3, "position": 24, "parents": [33, 52], "genome": "a(216,228) d(471) r(112,214) d(355) d(223)", "fitness": 0.0}
{"generation": 3, "position": 25, "parents": [33, 52], "genome": "d(240) r(149,425) r(243,362)", "fitness": 0.0}
{"generation": 3, "position": 26, "parents": [33], "genome": "a(216,228) d(471) r(112,214) a(120,192)", "fitness": 0.0}
{"generation": 3, "position": 27, "parents": [52], "genome": "d(240) r(149,425) d(355) d(443)", "fitness": 0.0}
{"generation": 3, "position": 28, "parents": [16], "genome": "a(327,284) r(397,435) a(243,258) a(11,32)", "fitness": 0.0}
{"generation": 3, "position": 29, "parents": [10], "genome": "d(115) r(194,210) r(250,340) r(15,358) d(143)", "fitness": 0.0}
{"generation": 3, "position": 30, "parents": [14, 52], "genome": "a(327,284) r(397,435) r(149,425) d(355) r(328,361)", "fitness": 0.0}
{"generation": 3, "position": 31, "parents": [14, 52], "genome": "d(240) a(390,391) d(284)", "fitness": 0.0}
{"generation": 3, "position": 32, "parents": [14], "genome": "a(327,284) r(397,435) a(390,391) r(297,255)", "fitness": 0.0}
{"generation": 3, "position": 33, "parents": [52], "genome": "d(240) r(149,425) d(355) a(213,445)", "fitness": 0.0}
{"generation": 3, "position": 34, "parents": [55, 13], "genome": "a(387,377) a(135,197) r(250,340) r(417,275) r(351,172)", "fitness": 0.0}
{"generation": 3, "position": 35, "parents": [55, 13], "genome": "r(326,248) a(355,19) r(217,139)", "fitness": 0.0}
{"generation": 3, "position": 36, "parents": [55], "genome": "a(387,377) a(135,197) a(355,19) a(410,446)", "fitness": 0.0}
{"generation": 3, "position": 37, "parents": [13], "genome": "r(326,248) r(250,340) r(417,275) r(237,1)", "fitness": 0.0}
{"generation": 3, "position": 38, "parents": [43], "genome": "d(442) d(213) a(373,192) d(214)", "fitness": 0.0}
{"generation": 3, "position": 39, "parents": [30], "genome": "a(457,415) r(214,168) d(425)", "fitness": 5.0}
{"generation": 3, "position": 40, "parents": [11], "genome": "r(326,248) a(277,226) d(15)", "fitness": 0.0}
{"generation": 3, "position": 41, "parents": [17], "genome": "a(135,286) d(223) a(162,445) r(362,341)", "fitness": 0.0}
{"generation": 3, "position": 42, "parents": [19], "genome": "d(115) r(109,52) a(143,357) a(458,171)", "fitness": 0.0}
{"generation": 3, "position": 43, "parents": [49], "genome": "d(213) r(214,425) a(325,37) r(130,357)", "fitness": 0.0}
{"generation": 3, "position": 44, "parents": [45, 31], "genome": "a(216,228) d(409)", "fitness": 0.0}
{"generation": 3, "position": 45, "parents": [45, 31], "genome": "a(216,228) d(471) d(465) a(397,385) d(471) a(333,251) r(330,52) a(213,381)", "fitness": 0.0}
{"generation": 3, "position": 46, "parents": [45], "genome": "a(216,228) d(471) a(333,251) r(330,52) a(198,148)", "fitness": 0.0}
{"generation": 3, "position": 47, "parents": [31], "genome": "a(216,228) d(471) d(465) a(397,385) d(430)", "fitness": 0.0}
{"generation": 3, "position": 48, "parents": [27], "genome": "r(242,344) a(208,200) a(294,229) r(274,360) a(471,413)", "fitness": 0.0}
{"generation": 3, "position": 49, "parents": [10], "genome": "d(115) r(194,210) r(250,340) r(15,358) d(214)", "fitness": 0.0}
{"generation": 3, "position": 50, "parents": [56], "genome": "a(327,284) r(397,435) r(328,441) d(470)", "fitness": 0.0}
{"generation": 3, "position": 51, "parents": [29], "genome": "r(242,344) a(208,200) r(401,400) r(3,52)", "fitness": 0.0}
{"generation": 3, "position": 52, "parents": [46, 35], "genome": "d(425) a(333,251) d(359) a(247,251) r(398,294)", "fitness": 0.0}
{"generation": 3, "position": 53, "parents": [46, 35], "genome": "d(24) a(417,409) d(240)", "fitness": 0.0}
{"generation": 3, "position": 54, "parents": [46], "genome": "d(425) a(333,251) d(359) a(357,246)", "fitness": 0.0}
{"generation": 4, "position": 0, "parents": [29, 14], "genome": "d(115) r(194,210) r(250,340) d(465) a(167,228) a(279,136) a(165,178)", "fitness": 0.0}
{"generation": 4, "position": 1, "parents": [29, 14], "genome": "a(457,415) r(15,358) d(143) r(244,246)", "fitness": 0.0}
{"generation": 4, "position": 2, "parents": [29], "genome": "d(115) r(194,210) r(250,340) r(15,358) d(143) d(398)", "fitness": 0.0}
{"generation": 4, "position": 3, "parents": [14], "genome": "a(457,415) d(465) a(167,228) a(279,136) r(165,29)", "fitness": 0.0}
{"generation": 4, "position": 4, "parents": [24], "genome": "a(216,228) d(471) r(112,214) d(355) d(223) r(353,294)", "fitness": 0.0}
{"generation": 4, "position": 5, "parents": [22], "genome": "a(135,286) d(223) d(272) a(236,425) d(187)", "fitness": 0.0}
{"generation": 4, "position": 6, "parents": [22, 37], "genome": "a(135,286) d(223) d(272) a(236,425) r(250,340) r(417,275) r(237,1) a(142,439)", "fitness": 0.0}
{"generation": 4, "position": 7, "parents": [22, 37], "genome": "r(326,248) r(248,139)", "fitness": 0.0}
{"generation": 4, "position": 8, "parents": [22], "genome": "a(135,286) d(223) d(272) a(236,425) r(334,22)", "fitness": 0.0}
{"generation": 4, "position": 9, "parents": [37], "genome": "r(326,248) r(250,340) r(417,275) r(237,1) r(159,195)", "fitness": 0.0}
{"generation": 4, "position": 10, "parents": [7], "genome": "d(115) r(194,210) a(195,150) a(172,139) d(442)", "fitness": 0.0}
{"generation": 4, "position": 11, "parents": [55], "genome": "d(24) a(417,409) a(247,251) a(213,13) a(223,374)", "fitness": 0.0}
{"generation": 4, "position": 12, "parents": [1, 43], "genome": "d(416) d(397) r(130,357) d(237)", "fitness": 0.0}
{"generation": 4, "position": 13, "parents": [1, 43], "genome": "d(213) r(214,425) a(325,37) r(141,455) d(223) a(15,50) a(357,420) d(212)", "fitness": 0.0}
{"generation": 4, "position": 14, "parents": [1], "genome": "d(416) d(397) r(141,455) d(223) a(15,50) a(357,420) d(350)", "fitness": 0.0}
{"generation": 4, "position": 15, "parents": [43], "genome": "d(213) r(214,425) a(325,37) r(130,357) d(22)", "fitness": 0.0}
{"generation": 4, "position": 16, "parents": [11], "genome": "r(326,248) d(229) d(382) d(187)", "fitness": 0.0}
{"generation": 4, "position": 17, "parents": [29], "genome": "d(115) r(194,210) r(250,340) r(15,358) d(143) d(210)", "fitness": 0.0}
{"generation": 4, "position": 18, "parents": [38], "genome": "d(442) d(213) a(373,192) d(214) d(116)", "fitness": 0.0}
{"generation": 4, "position": 19, "parents": [33], "genome": "d(240) r(149,425) d(355) a(213,445) a(368,471)", "fitness": 0.0}
{"generation": 4, "position": 20, "parents": [12, 50], "genome": "a(216,228) d(229) d(157) r(328,441) d(470) d(390)", "fitness": 0.0}
{"generation": 4, "position": 21, "parents": [12, 50], "genome": "a(327,284) r(397,435) a(174,159)", "fitness": 0.0}
{"generation": 4, "position": 22, "parents": [12], "genome": "a(216,228) d(229) d(157) r(382,133)", "fitness": 0.0}
{"generation": 4, "position": 23, "parents": [50], "genome": "a(327,284) r(397,435) r(328,441) d(470) a(212,337)", "fitness": 0.0}
{"generation": 4, "position": 24, "parents": [11], "genome": "r(326,248) d(229) d(382) r(207,146)", "fitness": 0.0}
{"generation": 4, "position": 25, "parents": [34], "genome": "a(387,377) a(135,197) r(250,340) r(417,275) r(351,172) d(195)", "fitness": 0.0}
{"generation": 4, "position": 26, "parents": [51, 26], "genome": "r(242,344) a(208,200) r(401,400) r(3,52) r(112,214) a(120,192) r(210,159)", "fitness": 0.0}
{"generation": 4, "position": 27, "parents": [51, 26], "genome": "a(216,228) d(471) d(121)", "fitness": 0.0}
{"generation": 4, "position": 28, "parents": [51], "genome": "r(242,344) a(208,200) r(401,400) r(3,52) d(444)", "fitness": 0.0}
{"generation": 4, "position": 29, "parents": [26], "genome": "a(216,228) d(471) r(112,214) a(120,192) r(325,228)", "fitness": 0.0}
{"generation": 4, "position": 30, "parents": [54, 13], "genome": "d(425) a(333,251) a(385,445) a(184,154) d(396)", "fitness": 0.0}
{"generation": 4, "position": 31, "parents": [54, 13], "genome": "r(326,248) d(359) a(357,246) r(450,221)", "fitness": 0.0}
{"generation": 4, "position": 32, "parents": [54], "genome": "d(425) a(333,251) d(359) a(357,246) a(212,475)", "fitness": 0.0}
{"generation": 4, "position": 33, "parents": [13], "genome": "r(326,248) a(385,445) a(184,154) a(359,13)", "fitness": 0.0}
{"generation": 4, "position": 34, "parents": [31, 11], "genome": "d(240) a(390,391) d(284) d(229) d(382) d(428)", "fitness": 0.0}
{"generation": 4, "position": 35, "parents": [31, 11], "genome": "r(326,248) d(213)", "fitness": 5.0}
{"generation": 4, "position": 36, "parents": [31], "genome": "d(240) a(390,391) d(284) d(298)", "fitness": 0.0}
{"generation": 4, "position": 37, "parents": [11], "genome": "r(326,248) d(229) d(382) a(428,379)", "fitness": 0.0}
{"generation": 4, "position": 38, "parents": [8], "genome": "d(416) r(410,289) a(274,337) d(253) d(451)", "fitness": 0.0}
{"generation": 4, "position": 39, "parents": [31], "genome": "d(240) a(390,391) d(284) a(115,52)", "fitness": 0.0}
{"generation": 4, "position": 40, "parents": [40, 50], "genome": "r(326,248) a(277,226) d(15) d(351)", "fitness": 0.0}
{"generation": 4, "position": 41, "parents": [40, 50], "genome": "a(327,284) r(397,435) r(328,441) d(470) d(110)", "fitness": 0.0}
{"generation": 4, "position": 42, "parents": [40], "genome": "r(326,248) a(277,226) d(15) d(258)", "fitness": 0.0}
{"generation": 4, "position": 43, "parents": [50], "genome": "a(327,284) r(397,435) r(328,441) d(470) r(159,276)", "fitness": 0.0}
{"generation": 4, "position": 44, "parents": [41, 21], "genome": "a(135,286) d(223) a(162,445) a(333,251) r(330,52) d(216) d(386)", "fitness": 0.0}
{"generation": 4, "position": 45, "parents": [41, 21], "genome": "a(216,228) d(471) r(362,341) d(223)", "fitness": 0.0}
{"generation": 4, "position": 46, "parents": [41], "genome": "a(135,286) d(223) a(162,445) r(362,341) d(235)", "fitness": 0.0}
{"generation": 4, "position": 47, "parents": [21], "genome": "a(216,228) d(471) a(333,251) r(330,52) d(216) a(377,471)", "fitness": 0.0}
{"generation": 4, "position": 48, "parents": [8], "genome": "d(416) r(410,289) a(274,337) d(253) a(250,2)", "fitness": 0.0}
{"generation": 4, "position": 49, "parents": [3], "genome": "d(416) d(397) r(141,455) r(328,247) r(469,449)", "fitness": 0.0}
{"generation": 4, "position": 50, "parents": [38, 54], "genome": "d(442) d(213) a(373,192) a(333,251) d(359) a(357,246) a(132,2)", "fitness": 0.0}
{"generation": 4, "position": 51, "parents": [38, 54], "genome": "d(425) d(214) a(210,13)", "fitness": 5.0}
{"generation": 4, "position": 52, "parents": [38], "genome": "d(442) d(213) a(373,192) d(214) r(328,406)", "fitness": 0.0}
{"generation": 4, "position": 53, "parents": [54], "genome": "d(425) a(333,251) d(359) a(357,246) d(173)", "fitness": 0.0}
{"generation": 4, "position": 54, "parents": [5, 13], "genome": "a(457,415) d(330)", "fitness": 5.0}
{"generation": 4, "position": 55, "parents": [5, 13], "genome": "r(326,248) a(385,445) a(184,154) d(465) a(167,228) r(448,139) r(23,381)", "fitness": 0.0}
{"generation": 4, "position": 56, "parents": [5], "genome": "a(457,415) d(465) a(167,228) r(448,139) r(189,182)", "fitness": 0.0}
{"generation": 4, "position": 57, "parents": [13], "genome": "r(326,248) a(385,445) a(184,154) r(150,157)", "fitness": 0.0}
{"generation": 4, "position": 58, "parents": [51, 16], "genome": "r(242,344) a(208,200) r(194,210) a(210,149) d(396) r(423,384)", "fitness": 0.0}
{"generation": 4, "position": 59, "parents": [51, 16], "genome": "d(115) r(401,400) r(3,52) a(15,374)", "fitness": 0.0}
{"generation": 4, "position": 60, "parents": [51], "genome": "r(242,344) a(208,200) r(401,400) r(3,52) a(367,367)", "fitness": 0.0}
{"generation": 4, "position": 61, "parents": [16], "genome": "d(115) r(194,210) a(210,149) d(396) r(281,340)", "fitness": 0.0}
{"generation": 4, "position": 62, "parents": [38], "genome": "d(442) d(213) a(373,192) d(214) a(441,133)", "fitness": 0.0}
{"generation": 5, "position": 0, "parents": [23], "genome": "a(327,284) r(397,435) r(328,441) d(470) a(212,337) r(193,446)", "fitness": 10.0}
{"generation": 5, "position": 1, "parents": [22], "genome": "a(216,228) d(229) d(157) r(382,133) d(248)", "fitness": 0.0}
{"generation": 5, "position": 2, "parents": [16, 62], "genome": "r(326,248) d(229) d(382) d(187) d(213) a(373,192) d(214) a(441,133) d(210)", "fitness": 0.0}
{"generation": 5, "position": 3, "parents": [16, 62], "genome": "d(442) d(448)", "fitness": 0.0}
{"generation": 5, "position": 4, "parents": [16], "genome": "r(326,248) d(229) d(382) d(187) a(188,281)", "fitness": 0.0}
{"generation": 5, "position": 5, "parents": [62], "genome": "d(442) d(213) a(373,192) d(214) a(441,133) r(228,441)", "fitness": 0.0}
{"generation": 5, "position": 6, "parents": [41], "genome": "a(327,284) r(397,435) r(328,441) d(470) d(110) a(206,303)", "fitness": 0.0}
{"generation": 5, "position": 7, "parents": [57], "genome": "r(326,248) a(385,445) a(184,154) r(150,157) d(232)", "fitness": 0.0}
{"generation": 5, "position": 8, "parents": [47, 17], "genome": "a(216,228) r(194,210) r(250,340) r(15,358) d(143) d(210) r(362,346)", "fitness": 0.0}
{"generation": 5, "position": 9, "parents": [47, 17], "genome": "d(115) d(471) a(333,251) r(330,52) d(216) a(377,471) a(25,178)", "fitness": 0.0}
{"generation": 5, "position": 10, "parents": [47], "genome": "a(216,228) d(471) a(333,251) r(330,52) d(216) a(377,471) r(199,165)", "fitness": 0.0}
{"generation": 5, "position": 11, "parents": [17], "genome": "d(115) r(194,210) r(250,340) r(15,358) d(143) d(210) r(297,289)", "fitness": 0.0}
{"generation": 5, "position": 12, "parents": [15], "genome": "d(213) r(214,425) a(325,37) r(130,357) d(22) a(325,413)", "fitness": 0.0}
{"generation": 5, "position": 13, "parents": [38], "genome": "d(416) r(410,289) a(274,337) d(253) d(451) r(212,355)", "fitness": 0.0}
{"generation": 5, "position": 14, "parents": [30, 15], "genome": "d(425) a(333,251) a(385,445) a(184,154) d(396) r(130,357) d(22) d(378)", "fitness": 0.0}
{"generation": 5, "position": 15, "parents": [30, 15], "genome": "d(213) r(214,425) a(325,37) d(113)", "fitness": 5.0}
{"generation": 5, "position": 16, "parents": [30], "genome": "d(425) a(333,251) a(385,445) a(184,154) d(396) r(239,292)", "fitness": 0.0}
{"generation": 5, "position": 17, "parents": [15], "genome": "d(213) r(214,425) a(325,37) r(130,357) d(22) a(210,29)", "fitness": 0.0}
{"generation": 5, "position": 18, "parents": [9, 31], "genome": "r(326,248) r(250,340) r(450,221) d(241)", "fitness": 0.0}
{"generation": 5, "position": 19, "parents": [9, 31], "genome": "r(326,248) d(359) a(357,246) r(417,275) r(237,1) r(159,195) d(388)", "fitness": 0.0}
{"generation": 5, "position": 20, "parents": [9], "genome": "r(326,248) r(250,340) r(417,275) r(237,1) r(159,195) r(212,180)", "fitness": 0.0}
{"generation": 5, "position": 21, "parents": [31], "genome": "r(326,248) d(359) a(357,246) r(450,221) a(174,226)", "fitness": 0.0}
{"generation": 5, "position": 22, "parents": [44], "genome": "a(135,286) d(223) a(162,445) a(333,251) r(330,52) d(216) d(386) a(127,455)", "fitness": 0.0}
{"generation": 5, "position": 23, "parents": [4], "genome": "a(216,228) d(471) r(112,214) d(355) d(223) r(353,294) r(225,303)", "fitness": 0.0}
{"generation": 5, "position": 24, "parents": [41, 13], "genome": "a(327,284) r(397,435) r(328,441) d(458)", "fitness": 0.0}
{"generation": 5, "position": 25, "parents": [41, 13], "genome": "d(213) r(214,425) a(325,37) r(141,455) d(223) a(15,50) a(357,420) d(212) d(470) d(110) d(245)", "fitness": 0.0}
{"generation": 5, "position": 26, "parents": [41], "genome": "a(327,284) r(397,435) r(328,441) d(470) d(110) r(212,205)", "fitness": 0.0}
{"generation": 5, "position": 27, "parents": [13], "genome": "d(213) r(214,425) a(325,37) r(141,455) d(223) a(15,50) a(357,420) d(212) a(430,113)", "fitness": 0.0}
{"generation": 5, "position": 28, "parents": [17, 0], "genome": "d(115) r(194,210) r(194,210) r(250,340) d(465) a(167,228) a(279,136) a(165,178) r(168,183)", "fitness": 0.0}
{"generation": 5, "position": 29, "parents": [17, 0], "genome": "d(115) r(250,340) r(15,358) d(143) d(210) a(195,20)", "fitness": 0.0}
{"generation": 5, "position": 30, "parents": [17], "genome": "d(115) r(194,210) r(250,340) r(15,358) d(143) d(210) d(382)", "fitness": 0.0}
{"generation": 5, "position": 31, "parents": [0], "genome": "d(115) r(194,210) r(250,340) d(465) a(167,228) a(279,136) a(165,178) r(409,221)", "fitness": 0.0}
{"generation": 5, "position": 32, "parents": [41], "genome": "a(327,284) r(397,435) r(328,441) d(470) d(110) d(174)", "fitness": 0.0}
{"generation": 5, "position": 33, "parents": [41], "genome": "a(327,284) r(397,435) r(328,441) d(470) d(110) a(451,461)", "fitness": 0.0}
{"generation": 5, "position": 34, "parents": [18], "genome": "d(442) d(213) a(373,192) d(214) d(116) a(455,210)", "fitness": 0.0}
{"generation": 5, "position": 35, "parents": [24], "genome": "r(326,248) d(229) d(382) r(207,146) r(214,303)", "fitness": 0.0}
{"generation": 5, "position": 36, "parents": [23, 10], "genome": "a(327,284) a(213,212)", "fitness": 0.0}
{"generation": 5, "position": 37, "parents": [23, 10], "genome": "d(115) r(194,210) a(195,150) a(172,139) d(442) r(397,435) r(328,441) d(470) a(212,337) r(210,29)", "fitness": 0.0}
{"generation": 5, "position": 38, "parents": [23], "genome": "a(327,284) r(397,435) r(328,441) d(470) a(212,337) r(281,258)", "fitness": 0.0}
{"generation": 5, "position": 39, "parents": [10], "genome": "d(115) r(194,210) a(195,150) a(172,139) d(442) r(213,228)", "fitness": 0.0}
{"generation": 5, "position": 40, "parents": [29], "genome": "a(216,228) d(471) r(112,214) a(120,192) r(325,228) d(347)", "fitness": 0.0}
{"generation": 5, "position": 41, "parents": [36], "genome": "d(240) a(390,391) d(284) d(298) r(436,384)", "fitness": 0.0}
{"generation": 5, "position": 42, "parents": [60, 3], "genome": "r(242,344) a(208,200) r(401,400) r(334,337)", "fitness": 0.0}
{"generation": 5, "position": 43, "parents": [60, 3], "genome": "a(457,415) d(465) a(167,228) a(279,136) r(165,29) r(3,52) a(367,367) a(432,19)", "fitness": 0.0}
{"generation": 5, "position": 44, "parents": [60], "genome": "r(242,344) a(208,200) r(401,400) r(3,52) a(367,367) r(167,133)", "fitness": 0.0}
{"generation": 5, "position": 45, "parents": [3], "genome": "a(457,415) d(465) a(167,228) a(279,136) r(165,29) a(475,468)", "fitness": 0.0}
{"generation": 5, "position": 46, "parents": [48, 29], "genome": "d(416) a(396,192)", "fitness": 0.0}
{"generation": 5, "position": 47, "parents": [48, 29], "genome": "a(216,228) d(471) r(112,214) a(120,192) r(325,228) r(410,289) a(274,337) d(253) a(250,2) r(225,22)", "fitness": 0.0}
{"generation": 5, "position": 48, "parents": [48], "genome": "d(416) r(410,289) a(274,337) d(253) a(250,2) d(213)", "fitness": 0.0}
{"generation": 5, "position": 49, "parents": [29], "genome": "a(216,228) d(471) r(112,214) a(120,192) r(325,228) a(188,303)", "fitness": 0.0}
{"generation": 5, "position": 50, "parents": [58, 26], "genome": "r(242,344) a(208,200) a(208,200) r(401,400) r(3,52) r(112,214) a(120,192) r(210,159) d(157)", "fitness": 0.0}
{"generation": 5, "position": 51, "parents": [58, 26], "genome": "r(242,344) r(194,210) a(210,149) d(396) r(423,384) a(164,139)", "fitness": 0.0}
{"generation": 5, "position": 52, "parents": [58], "genome": "r(242,344) a(208,200) r(194,210) a(210,149) d(396) r(423,384) r(250,300)", "fitness": 0.0}
{"generation": 5, "position": 53, "parents": [26], "genome": "r(242,344) a(208,200) r(401,400) r(3,52) r(112,214) a(120,192) r(210,159) r(236,381)", "fitness": 0.0}
{"generation": 5, "position": 54, "parents": [42, 60], "genome": "r(326,248) a(277,226) d(15) d(258) r(3,52) a(367,367) a(232,226)", "fitness": 0.0}
{"generation": 5, "position": 55, "parents": [42, 60], "genome": "r(242,344) a(208,200) r(401,400) r(466,461)", "fitness": 0.0}
{"generation": 5, "position": 56, "parents": [42], "genome": "r(326,248) a(277,226) d(15) d(258) a(463,2)", "fitness": 0.0}
{"generation": 5, "position": 57, "parents": [60], "genome": "r(242,344) a(208,200) r(401,400) r(3,52) a(367,367) a(357,284)", "fitness": 0.0}
{"generation": 5, "position": 58, "parents": [24, 1], "genome": "r(326,248) r(15,358) d(143) r(244,246) a(432,31)", "fitness": 0.0}
{"generation": 5, "position": 59, "parents": [24, 1], "genome": "a(457,415) d(229) d(382) r(207,146) a(304,231)", "fitness": 0.0}
{"generation": 5, "position": 60, "parents": [24], "genome": "r(326,248) d(229) d(382) r(207,146) r(455,385)", "fitness": 0.0}
{"generation": 5, "position": 61, "parents": [1], "genome": "a(457,415) r(15,358) d(143) r(244,246) r(214,120)", "fitness": 0.0}
{"generation": 5, "position": 62, "parents": [16], "genome": "r(326,248) d(229) d(382) d(187) d(441)", "fitness": 0.0}
{"generation": 6, "position": 0, "parents": [55, 3], "genome": "r(242,344) a(208,200) d(448) r(137,21)", "fitness": 0.0}
{"generation": 6, "position": 1, "parents": [55, 3], "genome": "d(442) r(401,400) r(466,461) d(121)", "fitness": 0.0}
{"generation": 6, "position": 2, "parents": [55], "genome": "r(242,344) a(208,200) r(401,400) r(466,461) d(230)", "fitness": 0.0}
{"generation": 6, "position": 3, "parents": [3], "genome": "d(442) d(448) a(405,273)", "fitness": 0.0}
{"generation": 6, "position": 4, "parents": [49, 50], "genome": "a(216,228) d(471) r(112,214) a(120,192) r(210,159) d(157) r(150,471)", "fitness": 0.0}
{"generation": 6, "position": 5, "parents": [49, 50], "genome": "r(242,344) a(208,200) a(208,200) r(401,400) r(3,52) r(112,214) a(120,192) r(325,228) a(188,303) a(231,441)", "fitness": 0.0}
{"generation": 6, "position": 6, "parents": [49], "genome": "a(216,228) d(471) r(112,214) a(120,192) r(325,228) a(188,303) d(359)", "fitness": 0.0}
{"generation": 6, "position": 7, "parents": [50], "genome": "r(242,344) a(208,200) a(208,200) r(401,400) r(3,52) r(112,214) a(120,192) r(210,159) d(157) a(380,387)", "fitness": 0.0}
{"generation": 6, "position": 8, "parents": [1], "genome": "a(216,228) d(229) d(157) r(382,133) d(248) r(243,133)", "fitness": 0.0}
{"generation": 6, "position": 9, "parents": [10], "genome": "a(216,228) d(471) a(333,251) r(330,52) d(216) a(377,471) r(199,165) d(213)", "fitness": 0.0}
{"generation": 6, "position": 10, "parents": [62], "genome": "r(326,248) d(229) d(382) d(187) d(441) a(423,471)", "fitness": 0.0}
{"generation": 6, "position": 11, "parents": [61], "genome": "a(457,415) r(15,358) d(143) r(244,246) r(214,120) r(290,185)", "fitness": 0.0}
{"generation": 6, "position": 12, "parents": [2, 32], "genome": "r(326,248) d(229) d(382) d(187) d(213) r(397,435) r(328,441) d(470) d(110) d(174) r(212,174)", "fitness": 0.0}
{"generation": 6, "position": 13, "parents": [2, 32], "genome": "a(327,284) a(373,192) d(214) a(441,133) d(210) r(463,29)", "fitness": 0.0}
{"generation": 6, "position": 14, "parents": [2], "genome": "r(326,248) d(229) d(382) d(187) d(213) a(373,192) d(214) a(441,133) d(210) d(165)", "fitness": 0.0}
{"generation": 6, "position": 15, "parents": [32], "genome": "a(327,284) r(397,435) r(328,441) d(470) d(110) d(174) d(165)", "fitness": 0.0}
{"generation": 6, "position": 16, "parents": [36], "genome": "a(327,284) a(213,212) r(121,9)", "fitness": 0.0}
{"generation": 6, "position": 17, "parents": [30], "genome": "d(115) r(194,210) r(250,340) r(15,358) d(143) d(210) d(382) a(214,150)", "fitness": 0.0}
{"generation": 6, "position": 18, "parents": [11, 38], "genome": "d(115) r(194,210) r(250,340) r(15,358) d(143) a(326,113)", "fitness": 0.0}
{"generation": 6, "position": 19, "parents": [11, 38], "genome": "a(327,284) r(397,435) r(328,441) d(470) a(212,337) r(281,258) d(210) r(297,289) a(117,330)", "fitness": 0.0}
{"generation": 6, "position": 20, "parents": [11], "genome": "d(115) r(194,210) r(250,340) r(15,358) d(143) d(210) r(297,289) a(373,421)", "fitness": 0.0}
{"generation": 6, "position": 21, "parents": [38], "genome": "a(327,284) r(397,435) r(328,441) d(470) a(212,337) r(281,258) a(463,451)", "fitness": 0.0}
{"generation": 6, "position": 22, "parents": [29, 8], "genome": "d(115) r(250,340) r(15,358) d(143) d(210) r(250,340) r(15,358) d(143) d(210) r(362,346) r(454,350)", "fitness": 0.0}
{"generation": 6, "position": 23, "parents": [29, 8], "genome": "a(216,228) r(194,210) a(195,20) d(213)", "fitness": 0.0}
{"generation": 6, "position": 24, "parents": [29], "genome": "d(115) r(250,340) r(15,358) d(143) d(210) a(195,20) r(112,1)", "fitness": 0.0}
{"generation": 6, "position": 25, "parents": [8], "genome": "a(216,228) r(194,210) r(250,340) r(15,358) d(143) d(210) r(362,346) d(238)", "fitness": 0.0}
{"generation": 6, "position": 26, "parents": [33], "genome": "a(327,284) r(397,435) r(328,441) d(470) d(110) a(451,461) d(133)", "fitness": 0.0}
{"generation": 6, "position": 27, "parents": [49], "genome": "a(216,228) d(471) r(112,214) a(120,192) r(325,228) a(188,303) a(210,150)", "fitness": 0.0}
{"generation": 6, "position": 28, "parents": [33, 31], "genome": "a(327,284) a(279,136) a(165,178) r(409,221) a(401,398)", "fitness": 0.0}
{"generation": 6, "position": 29, "parents": [33, 31], "genome": "d(115) r(194,210) r(250,340) d(465) a(167,228) r(397,435) r(328,441) d(470) d(110) a(451,461) r(172,192)", "fitness": 0.0}
{"generation": 6, "position": 30, "parents": [33], "genome": "a(327,284) r(397,435) r(328,441) d(470) d(110) a(451,461) r(286,113)", "fitness": 0.0}
{"generation": 6, "position": 31, "parents": [31], "genome": "d(115) r(194,210) r(250,340) d(465) a(167,228) a(279,136) a(165,178) r(409,221) r(178,159)", "fitness": 0.0}
{"generation": 6, "position": 32, "parents": [61], "genome": "a(457,415) r(15,358) d(143) r(244,246) r(214,120) a(275,19)", "fitness": 0.0}
{"generation": 6, "position": 33, "parents": [4], "genome": "r(326,248) d(229) d(382) d(187) a(188,281) a(441,226)", "fitness": 0.0}
{"generation": 6, "position": 34, "parents": [57], "genome": "r(242,344) a(208,200) r(401,400) r(3,52) a(367,367) a(357,284) d(138)", "fitness": 0.0}
{"generation": 6, "position": 35, "parents": [63], "genome": "d(213) r(214,425) a(325,37) r(130,357) d(22) r(121,136) r(323,406)", "fitness": 0.0}
{"generation": 6, "position": 36, "parents": [10], "genome": "a(216,228) d(471) a(333,251) r(330,52) d(216) a(377,471) r(199,165) a(470,226)", "fitness": 0.0}
{"generation": 6, "position": 37, "parents": [46], "genome": "d(416) a(396,192) d(134)", "fitness": 0.0}
{"generation": 6, "position": 38, "parents": [14], "genome": "d(425) a(333,251) a(385,445) a(184,154) d(396) r(130,357) d(22) d(378) r(174,146)", "fitness": 0.0}
{"generation": 6, "position": 39, "parents": [55], "genome": "r(242,344) a(208,200) r(401,400) r(466,461) d(2)", "fitness": 0.0}
{"generation": 6, "position": 40, "parents": [58], "genome": "r(326,248) r(15,358) d(143) r(244,246) a(432,31) r(194,177)", "fitness": 0.0}
{"generation": 6, "position": 41, "parents": [22], "genome": "a(135,286) d(223) a(162,445) a(333,251) r(330,52) d(216) d(386) a(127,455) r(466,350)", "fitness": 0.0}
{"generation": 6, "position": 42, "parents": [36, 32], "genome": "a(327,284) a(213,212) d(470) d(110) d(174) d(392)", "fitness": 0.0}
{"generation": 6, "position": 43, "parents": [36, 32], "genome": "a(327,284) r(397,435) r(328,441) d(394)", "fitness": 0.0}
{"generation": 6, "position": 44, "parents": [36], "genome": "a(327,284) a(213,212) a(202,149)", "fitness": 0.0}
{"generation": 6, "position": 45, "parents": [32], "genome": "a(327,284) r(397,435) r(328,441) d(470) d(110) d(174) r(198,173)", "fitness": 0.0}
{"generation": 6, "position": 46, "parents": [42], "genome": "r(242,344) a(208,200) r(401,400) r(334,337) r(210,113)", "fitness": 0.0}
{"generation": 6, "position": 47, "parents": [17], "genome": "d(213) r(214,425) a(325,37) r(130,357) d(22) a(210,29) d(338)", "fitness": 0.0}
{"generation": 6, "position": 48, "parents": [50], "genome": "r(242,344) a(208,200) a(208,200) r(401,400) r(3,52) r(112,214) a(120,192) r(210,159) d(157) r(187,31)", "fitness": 0.0}
{"generation": 6, "position": 49, "parents": [29], "genome": "d(115) r(250,340) r(15,358) d(143) d(210) a(195,20) r(20,447)", "fitness": 0.0}
{"generation": 6, "position": 50, "parents": [45, 43], "genome": "a(457,415) d(465) a(167,228) a(279,136) r(165,29) r(3,52) a(367,367) a(432,19) a(422,448)", "fitness": 0.0}
{"generation": 6, "position": 51, "parents": [45, 43], "genome": "a(457,415) d(465) a(167,228) a(279,136) r(165,29) a(475,468) a(414,448)", "fitness": 0.0}
{"generation": 6, "position": 52, "parents": [45], "genome": "a(457,415) d(465) a(167,228) a(279,136) r(165,29) a(475,468) d(397)", "fitness": 0.0}
{"generation": 6, "position": 53, "parents": [43], "genome": "a(457,415) d(465) a(167,228) a(279,136) r(165,29) r(3,52) a(367,367) a(432,19) r(272,374)", "fitness": 0.0}
{"generation": 6, "position": 54, "parents": [32, 63], "genome": "a(327,284) r(397,435) r(130,357) d(22) r(121,136) a(447,37)", "fitness": 0.0}
{"generation": 6, "position": 55, "parents": [32, 63], "genome": "d(213) r(214,425) a(325,37) r(328,441) d(470) d(110) d(174) d(455)", "fitness": 0.0}
{"generation": 6, "position": 56, "parents": [32], "genome": "a(327,284) r(397,435) r(328,441) d(470) d(110) d(174) r(284,274)", "fitness": 0.0}
{"generation": 7, "position": 0, "parents": [14], "genome": "r(326,248) d(229) d(382) d(187) d(213) a(373,192) d(214) a(441,133) d(210) d(165) r(341,274)", "fitness": 0.0}
{"generation": 7, "position": 1, "parents": [8], "genome": "a(216,228) d(229) d(157) r(382,133) d(248) r(243,133) a(214,150)", "fitness": 0.0}
{"generation": 7, "position": 2, "parents": [10], "genome": "r(326,248) d(229) d(382) d(187) d(441) a(423,471) d(195)", "fitness": 0.0}
{"generation": 7, "position": 3, "parents": [22], "genome": "d(115) r(250,340) r(15,358) d(143) d(210) r(250,340) r(15,358) d(143) d(210) r(362,346) r(454,350) r(415,52)", "fitness": 0.0}
{"generation": 7, "position": 4, "parents": [17], "genome": "d(115) r(194,210) r(250,340) r(15,358) d(143) d(210) d(382) a(214,150) d(367)", "fitness": 0.0}
{"generation": 7, "position": 5, "parents": [46], "genome": "r(242,344) a(208,200) r(401,400) r(334,337) r(210,113) a(214,150)", "fitness": 0.0}
{"generation": 7, "position": 6, "parents": [19, 33], "genome": "a(327,284) r(397,435) r(328,441) d(382) d(187) a(188,281) a(441,226) d(428)", "fitness": 0.0}
{"generation": 7, "position": 7, "parents": [19, 33], "genome": "r(326,248) d(229) d(470) a(212,337) r(281,258) d(210) r(297,289) a(117,330) r(280,400)", "fitness": 0.0}
{"generation": 7, "position": 8, "parents": [19], "genome": "a(327,284) r(397,435) r(328,441) d(470) a(212,337) r(281,258) d(210) r(297,289) a(117,330) d(371)", "fitness": 0.0}
{"generation": 7, "position": 9, "parents": [33], "genome": "r(326,248) d(229) d(382) d(187) a(188,281) a(441,226) r(199,274)", "fitness": 0.0}
{"generation": 7, "position": 10, "parents": [17], "genome": "d(115) r(194,210) r(250,340) r(15,358) d(143) d(210) d(382) a(214,150) r(113,154)", "fitness": 0.0}
{"generation": 7, "position": 11, "parents": [2], "genome": "r(242,344) a(208,200) r(401,400) r(466,461) d(230) r(253,291)", "fitness": 0.0}
{"generation": 7, "position": 12, "parents": [11, 7], "genome": "a(457,415) r(15,358) a(210,212)", "fitness": 5.0}
{"generation": 7, "position": 13, "parents": [11, 7], "genome": "r(242,344) a(208,200) a(208,200) r(401,400) r(3,52) r(112,214) a(120,192) r(210,159) d(157) a(380,387) d(143) r(244,246) r(214,120) r(290,185) a(212,303)", "fitness": 0.0}
{"generation": 7, "position": 14, "parents": [11], "genome": "a(457,415) r(15,358) d(143) r(244,246) r(214,120) r(290,185) r(463,294)", "fitness": 0.0}
{"generation": 7, "position": 15, "parents": [7], "genome": "r(242,344) a(208,200) a(208,200) r(401,400) r(3,52) r(112,214) a(120,192) r(210,159) d(157) a(380,387) d(387)", "fitness": 0.0}
{"generation": 7, "position": 16, "parents": [28, 14], "genome": "a(327,284) a(279,136) a(165,178) d(382) d(187) d(213) a(373,192) d(214) a(441,133) d(210) d(165) d(24)", "fitness": 0.0}
{"generation": 7, "position": 17, "parents": [28, 14], "genome": "r(326,248) d(229) r(409,221) a(401,398) r(433,435)", "fitness": 0.0}
{"generation": 7, "position": 18, "parents": [28], "genome": "a(327,284) a(279,136) a(165,178) r(409,221) a(401,398) r(210,208)", "fitness": 0.0}
{"generation": 7, "position": 19, "parents": [14], "genome": "r(326,248) d(229) d(382) d(187) d(213) a(373,192) d(214) a(441,133) d(210) d(165) r(25,462)", "fitness": 0.0}
{"generation": 7, "position": 20, "parents": [6, 49], "genome": "a(216,228) d(471) r(112,214) r(20,447) d(230)", "fitness": 0.0}
{"generation": 7, "position": 21, "parents": [6, 49], "genome": "d(115) r(250,340) r(15,358) d(143) d(210) a(195,20) a(120,192) r(325,228) a(188,303) d(359) a(213,281)", "fitness": 0.0}
{"generation": 7, "position": 22, "parents": [6], "genome": "a(216,228) d(471) r(112,214) a(120,192) r(325,228) a(188,303) d(359) r(132,446)", "fitness": 0.0}
{"generation": 7, "position": 23, "parents": [49], "genome": "d(115) r(250,340) r(15,358) d(143) d(210) a(195,20) r(20,447) r(251,243)", "fitness": 0.0}
{"generation": 7, "position": 24, "parents": [56], "genome": "a(327,284) r(397,435) r(328,441) d(470) d(110) d(174) r(284,274) a(299,352)", "fitness": 0.0}
{"generation": 7, "position": 25, "parents": [2], "genome": "r(242,344) a(208,200) r(401,400) r(466,461) d(230) a(406,214)", "fitness": 0.0}
{"generation": 7, "position": 26, "parents": [41, 29], "genome": "a(135,286) d(223) a(162,445) a(333,251) d(465) a(167,228) r(397,435) r(328,441) d(470) d(110) a(451,461) r(172,192) d(435)", "fitness": 0.0}
{"generation": 7, "position": 27, "parents": [41, 29], "genome": "d(115) r(194,210) r(250,340) r(330,52) d(216) d(386) a(127,455) r(466,350) a(193,200)", "fitness": 0.0}
{"generation": 7, "position": 28, "parents": [41], "genome": "a(135,286) d(223) a(162,445) a(333,251) r(330,52) d(216) d(386) a(127,455) r(466,350) r(162,447)", "fitness": 0.0}
{"generation": 7, "position": 29, "parents": [29], "genome": "d(115) r(194,210) r(250,340) d(465) a(167,228) r(397,435) r(328,441) d(470) d(110) a(451,461) r(172,192) r(390,214)", "fitness": 0.0}
{"generation": 7, "position": 30, "parents": [8], "genome": "a(216,228) d(229) d(157) r(382,133) d(248) r(243,133) r(184,357)", "fitness": 0.0}
{"generation": 7, "position": 31, "parents": [50], "genome": "a(457,415) d(465) a(167,228) a(279,136) r(165,29) r(3,52) a(367,367) a(432,19) a(422,448) d(247)", "fitness": 0.0}
{"generation": 7, "position": 32, "parents": [16, 13], "genome": "a(327,284) a(441,133) d(210) r(463,29) r(418,402)", "fitness": 0.0}
{"generation": 7, "position": 33, "parents": [16, 13], "genome": "a(327,284) a(373,192) d(214) a(213,212) r(121,9) a(136,20)", "fitness": 0.0}
{"generation": 7, "position": 34, "parents": [16], "genome": "a(327,284) a(213,212) r(121,9) r(148,164)", "fitness": 0.0}
{"generation": 7, "position": 35, "parents": [13], "genome": "a(327,284) a(373,192) d(214) a(441,133) d(210) r(463,29) a(447,447)", "fitness": 0.0}
{"generation": 7, "position": 36, "parents": [51], "genome": "a(457,415) d(465) a(167,228) a(279,136) r(165,29) a(475,468) a(414,448) r(158,434)", "fitness": 0.0}
{"generation": 7, "position": 37, "parents": [25], "genome": "a(216,228) r(194,210) r(250,340) r(15,358) d(143) d(210) r(362,346) d(238) a(193,165)", "fitness": 0.0}
{"generation": 7, "position": 38, "parents": [50], "genome": "a(457,415) d(465) a(167,228) a(279,136) r(165,29) r(3,52) a(367,367) a(432,19) a(422,448) d(138)", "fitness": 0.0}
{"generation": 7, "position": 39, "parents": [8], "genome": "a(216,228) d(229) d(157) r(382,133) d(248) r(243,133) a(301,448)", "fitness": 0.0}
{"generation": 7, "position": 40, "parents": [45, 53], "genome": "a(327,284) r(397,435) r(328,441) d(470) d(110) d(174) r(198,173) r(272,374) d(257)", "fitness": 0.0}
{"generation": 7, "position": 41, "parents": [45, 53], "genome": "a(457,415) d(465) a(167,228) a(279,136) r(165,29) r(3,52) a(367,367) a(432,19) d(436)", "fitness": 0.0}
{"generation": 7, "position": 42, "parents": [45], "genome": "a(327,284) r(397,435) r(328,441) d(470) d(110) d(174) r(198,173) a(344,276)", "fitness": 0.0}
{"generation": 7, "position": 43, "parents": [53], "genome": "a(457,415) d(465) a(167,228) a(279,136) r(165,29) r(3,52) a(367,367) a(432,19) r(272,374) d(416)", "fitness": 0.0}
{"generation": 7, "position": 44, "parents": [17, 47], "genome": "d(115) r(194,210) r(250,340) r(15,358) d(143) d(210) d(382) r(130,357) d(22) a(210,29) d(338) r(221,219)", "fitness": 0.0}
{"generation": 7, "position": 45, "parents": [17, 47], "genome": "d(213) r(214,425) a(325,37) a(214,150) d(455)", "fitness": 5.0}
{"generation": 7, "position": 46, "parents": [17], "genome": "d(115) r(194,210) r(250,340) r(15,358) d(143) d(210) d(382) a(214,150) r(462,2)", "fitness": 0.0}
{"generation": 7, "position": 47, "parents": [47], "genome": "d(213) r(214,425) a(325,37) r(130,357) d(22) a(210,29) d(338) a(448,273)", "fitness": 0.0}
{"generation": 7, "position": 48, "parents": [45, 23], "genome": "a(327,284) r(397,435) r(328,441) d(470) d(110) d(174) r(198,173) a(327,330)", "fitness": 0.0}
{"generation": 7, "position": 49, "parents": [45, 23], "genome": "a(216,228) r(194,210) a(195,20) d(213) a(1,38)", "fitness": 0.0}
{"generation": 7, "position": 50, "parents": [45], "genome": "a(327,284) r(397,435) r(328,441) d(470) d(110) d(174) r(198,173) d(149)", "fitness": 0.0}
{"generation": 7, "position": 51, "parents": [23], "genome": "a(216,228) r(194,210) a(195,20) d(213) d(469)", "fitness": 0.0}
{"generation": 7, "position": 52, "parents": [18, 39], "genome": "d(115) r(194,210) r(401,400) r(466,461) d(2) r(212,120)", "fitness": 0.0}
{"generation": 7, "position": 53, "parents": [18, 39], "genome": "r(242,344) a(208,200) r(250,340) r(15,358) d(143) a(326,113) d(188)", "fitness": 0.0}
{"generation": 7, "position": 54, "parents": [18], "genome": "d(115) r(194,210) r(250,340) r(15,358) d(143) a(326,113) a(150,158)", "fitness": 0.0}
{"generation": 7, "position": 55, "parents": [39], "genome": "r(242,344) a(208,200) r(401,400) r(466,461) d(2) r(213,172)", "fitness": 0.0}
{"generation": 7, "position": 56, "parents": [13, 8], "genome": "a(327,284) a(373,192) d(214) r(382,133) d(248) r(243,133) d(153)", "fitness": 0.0}
{"generation": 7, "position": 57, "parents": [13, 8], "genome": "a(216,228) d(229) d(157) a(441,133) d(210) r(463,29) d(460)", "fitness": 0.0}
{"generation": 7, "position": 58, "parents": [13], "genome": "a(327,284) a(373,192) d(214) a(441,133) d(210) r(463,29) d(24)", "fitness": 0.0}
{"generation": 7, "position": 59, "parents": [8], "genome": "a(216,228) d(229) d(157) r(382,133) d(248) r(243,133) r(213,152)", "fitness": 0.0}
{"generation": 7, "position": 60, "parents": [31], "genome": "d(115) r(194,210) r(250,340) d(465) a(167,228) a(279,136) a(165,178) r(409,221) r(178,159) d(2)", "fitness": 0.0}
{"generation": 8, "position": 0, "parents": [16, 57], "genome": "a(327,284) a(279,136) a(165,178) d(382) d(187) d(229) d(157) a(441,133) d(210) r(463,29) d(460) d(335)", "fitness": 0.0}
{"generation": 8, "position": 1, "parents": [16, 57], "genome": "a(216,228) d(213) a(373,192) d(214) a(441,133) d(210) d(165) d(24) a(368,21)", "fitness": 0.0}
{"generation": 8, "position": 2, "parents": [16], "genome": "a(327,284) a(279,136) a(165,178) d(382) d(187) d(213) a(373,192) d(214) a(441,133) d(210) d(165) d(24) d(127)", "fitness": 0.0}
{"generation": 8, "position": 3, "parents": [57], "genome": "a(216,228) d(229) d(157) a(441,133) d(210) r(463,29) d(460) a(214,207)", "fitness": 0.0}
{"generation": 8, "position": 4, "parents": [22], "genome": "a(216,228) d(471) r(112,214) a(120,192) r(325,228) a(188,303) d(359) r(132,446) d(414)", "fitness": 0.0}
{"generation": 8, "position": 5, "parents": [24], "genome": "a(327,284) r(397,435) r(328,441) d(470) d(110) d(174) r(284,274) a(299,352) a(412,330)", "fitness": 0.0}
{"generation": 8, "position": 6, "parents": [36, 17], "genome": "a(457,415) d(465) d(333)", "fitness": 0.0}
{"generation": 8, "position": 7, "parents": [36, 17], "genome": "r(326,248) d(229) r(409,221) a(401,398) r(433,435) a(167,228) a(279,136) r(165,29) a(475,468) a(414,448) r(158,434) r(188,174)", "fitness": 0.0}
{"generation": 8, "position": 8, "parents": [36], "genome": "a(457,415) d(465) a(167,228) a(279,136) r(165,29) a(475,468) a(414,448) r(158,434) a(136,21)", "fitness": 0.0}
{"generation": 8, "position": 9, "parents": [17], "genome": "r(326,248) d(229) r(409,221) a(401,398) r(433,435) r(367,330)", "fitness": 0.0}
{"generation": 8, "position": 10, "parents": [18], "genome": "a(327,284) a(279,136) a(165,178) r(409,221) a(401,398) r(210,208) a(442,202)", "fitness": 0.0}
{"generation": 8, "position": 11, "parents": [47], "genome": "d(213) r(214,425) a(325,37) r(130,357) d(22) a(210,29) d(338) a(448,273) d(194)", "fitness": 0.0}
{"generation": 8, "position": 12, "parents": [59], "genome": "a(216,228) d(229) d(157) r(382,133) d(248) r(243,133) r(213,152) r(118,323)", "fitness": 0.0}
{"generation": 8, "position": 13, "parents": [5], "genome": "r(242,344) a(208,200) r(401,400) r(334,337) r(210,113) a(214,150) d(214)", "fitness": 0.0}
{"generation": 8, "position": 14, "parents": [55, 18], "genome": "r(242,344) a(208,200) r(401,400) r(466,461) d(212)", "fitness": 0.0}
{"generation": 8, "position": 15, "parents": [55, 18], "genome": "a(327,284) a(279,136) a(165,178) r(409,221) a(401,398) r(210,208) d(2) r(213,172) d(198)", "fitness": 0.0}
{"generation": 8, "position": 16, "parents": [55], "genome": "r(242,344) a(208,200) r(401,400) r(466,461) d(2) r(213,172) a(171,393)", "fitness": 0.0}
{"generation": 8, "position": 17, "parents": [18], "genome": "a(327,284) a(279,136) a(165,178) r(409,221) a(401,398) r(210,208) a(356,331)", "fitness": 0.0}
{"generation": 8, "position": 18, "parents": [22], "genome": "a(216,228) d(471) r(112,214) a(120,192) r(325,228) a(188,303) d(359) r(132,446) r(385,379)", "fitness": 0.0}
{"generation": 8, "position": 19, "parents": [55], "genome": "r(242,344) a(208,200) r(401,400) r(466,461) d(2) r(213,172) a(326,356)", "fitness": 0.0}
{"generation": 8, "position": 20, "parents": [4], "genome": "d(115) r(194,210) r(250,340) r(15,358) d(143) d(210) d(382) a(214,150) d(367) a(187,1)", "fitness": 0.0}
{"generation": 8, "position": 21, "parents": [14], "genome": "a(457,415) r(15,358) d(143) r(244,246) r(214,120) r(290,185) r(463,294) a(175,192)", "fitness": 0.0}
{"generation": 8, "position": 22, "parents": [29, 58], "genome": "d(115) r(194,210) r(250,340) d(24) a(215,185)", "fitness": 0.0}
{"generation": 8, "position": 23, "parents": [29, 58], "genome": "a(327,284) a(373,192) d(214) a(441,133) d(210) r(463,29) d(465) a(167,228) r(397,435) r(328,441) d(470) d(110) a(451,461) r(172,192) r(390,214) d(403)", "fitness": 0.0}
{"generation": 8, "position": 24, "parents": [29], "genome": "d(115) r(194,210) r(250,340) d(465) a(167,228) r(397,435) r(328,441) d(470) d(110) a(451,461) r(172,192) r(390,214) d(13)", "fitness": 0.0}
{"generation": 8, "position": 25, "parents": [58], "genome": "a(327,284) a(373,192) d(214) a(441,133) d(210) r(463,29) d(24) a(220,172)", "fitness": 0.0}
{"generation": 8, "position": 26, "parents": [50, 40], "genome": "a(327,284) r(397,435) r(397,435) r(328,441) d(470) d(110) d(174) r(198,173) r(272,374) d(257) a(355,227)", "fitness": 0.0}
{"generation": 8, "position": 27, "parents": [50, 40], "genome": "a(327,284) r(328,441) d(470) d(110) d(174) r(198,173) d(149) r(131,303)", "fitness": 0.0}
{"generation": 8, "position": 28, "parents": [50], "genome": "a(327,284) r(397,435) r(328,441) d(470) d(110) d(174) r(198,173) d(149) r(214,183)", "fitness": 0.0}
{"generation": 8, "position": 29, "parents": [40], "genome": "a(327,284) r(397,435) r(328,441) d(470) d(110) d(174) r(198,173) r(272,374) d(257) a(117,37)", "fitness": 0.0}
{"generation": 8, "position": 30, "parents": [32, 13], "genome": "a(327,284) a(441,133) d(210) a(208,200) r(401,400) r(3,52) r(112,214) a(120,192) r(210,159) d(157) a(380,387) d(143) r(244,246) r(214,120) r(290,185) a(212,303) a(386,178)", "fitness": 0.0}
{"generation": 8, "position": 31, "parents": [32, 13], "genome": "r(242,344) a(208,200) r(463,29) r(418,402) d(343)", "fitness": 0.0}
{"generation": 8, "position": 32, "parents": [32], "genome": "a(327,284) a(441,133) d(210) r(463,29) r(418,402) a(279,455)", "fitness": 0.0}
{"generation": 8, "position": 33, "parents": [13], "genome": "r(242,344) a(208,200) a(208,200) r(401,400) r(3,52) r(112,214) a(120,192) r(210,159) d(157) a(380,387) d(143) r(244,246) r(214,120) r(290,185) a(212,303) d(379)", "fitness": 0.0}
{"generation": 8, "position": 34, "parents": [30, 42], "genome": "a(216,228) r(198,173) a(344,276) a(404,2)", "fitness": 0.0}
{"generation": 8, "position": 35, "parents": [30, 42], "genome": "a(327,284) r(397,435) r(328,441) d(470) d(110) d(174) d(229) d(157) r(382,133) d(248) r(243,133) r(184,357) a(304,331)", "fitness": 0.0}
{"generation": 8, "position": 36, "parents": [30], "genome": "a(216,228) d(229) d(157) r(382,133) d(248) r(243,133) r(184,357) d(224)", "fitness": 0.0}
{"generation": 8, "position": 37, "parents": [42], "genome": "a(327,284) r(397,435) r(328,441) d(470) d(110) d(174) r(198,173) a(344,276) d(221)", "fitness": 0.0}
{"generation": 8, "position": 38, "parents": [22], "genome": "a(216,228) d(471) r(112,214) a(120,192) r(325,228) a(188,303) d(359) r(132,446) d(232)", "fitness": 0.0}
{"generation": 8, "position": 39, "parents": [38], "genome": "a(457,415) d(465) a(167,228) a(279,136) r(165,29) r(3,52) a(367,367) a(432,19) a(422,448) d(138) a(207,171)", "fitness": 0.0}
{"generation": 8, "position": 40, "parents": [42, 31], "genome": "a(327,284) r(397,435) r(328,441) a(167,228) a(279,136) r(165,29) r(3,52) a(367,367) a(432,19) a(422,448) d(247) r(148,415)", "fitness": 0.0}
{"generation": 8, "position": 41, "parents": [42, 31], "genome": "a(457,415) d(465) d(470) d(110) d(174) r(198,173) a(344,276) a(214,148)", "fitness": 0.0}
{"generation": 8, "position": 42, "parents": [42], "genome": "a(327,284) r(397,435) r(328,441) d(470) d(110) d(174) r(198,173) a(344,276) r(127,289)", "fitness": 0.0}
{"generation": 8, "position": 43, "parents": [31], "genome": "a(457,415) d(465) a(167,228) a(279,136) r(165,29) r(3,52) a(367,367) a(432,19) a(422,448) d(247) a(400,303)", "fitness": 0.0}
{"generation": 8, "position": 44, "parents": [20], "genome": "a(216,228) d(471) r(112,214) r(20,447) d(230) r(165,228)", "fitness": 0.0}
{"generation": 8, "position": 45, "parents": [56], "genome": "a(327,284) a(373,192) d(214) r(382,133) d(248) r(243,133) d(153) a(289,245)", "fitness": 0.0}
{"generation": 8, "position": 46, "parents": [33], "genome": "a(327,284) a(373,192) d(214) a(213,212) r(121,9) a(136,20) r(355,154)", "fitness": 0.0}
{"generation": 8, "position": 47, "parents": [42], "genome": "a(327,284) r(397,435) r(328,441) d(470) d(110) d(174) r(198,173) a(344,276) d(388)", "fitness": 0.0}
{"generation": 8, "position": 48, "parents": [38, 50], "genome": "a(457,415) d(465) a(167,228) a(279,136) r(198,173) d(149) r(401,19)", "fitness": 0.0}
{"generation": 8, "position": 49, "parents": [38, 50], "genome": "a(327,284) r(397,435) r(328,441) d(470) d(110) d(174) r(165,29) r(3,52) a(367,367) a(432,19) a(422,448) d(138) d(441)", "fitness": 0.0}
{"generation": 8, "position": 50, "parents": [38], "genome": "a(457,415) d(465) a(167,228) a(279,136) r(165,29) r(3,52) a(367,367) a(432,19) a(422,448) d(138) d(195)", "fitness": 0.0}
{"generation": 8, "position": 51, "parents": [50], "genome": "a(327,284) r(397,435) r(328,441) d(470) d(110) d(174) r(198,173) d(149) a(147,188)", "fitness": 0.0}
{"generation": 8, "position": 52, "parents": [0], "genome": "r(326,248) d(229) d(382) d(187) d(213) a(373,192) d(214) a(441,133) d(210) d(165) r(341,274) r(466,226)", "fitness": 0.0}
{"generation": 8, "position": 53, "parents": [54], "genome": "d(115) r(194,210) r(250,340) r(15,358) d(143) a(326,113) a(150,158) r(174,182)", "fitness": 0.0}
{"generation": 8, "position": 54, "parents": [52], "genome": "d(115) r(194,210) r(401,400) r(466,461) d(2) r(212,120) d(228)", "fitness": 0.0}
{"generation": 8, "position": 55, "parents": [32], "genome": "a(327,284) a(441,133) d(210) r(463,29) r(418,402) d(394)", "fitness": 0.0}
{"generation": 8, "position": 56, "parents": [54], "genome": "d(115) r(194,210) r(250,340) r(15,358) d(143) a(326,113) a(150,158) r(249,300)", "fitness": 0.0}
{"generation": 9, "position": 0, "parents": [9], "genome": "r(326,248) d(229) r(409,221) a(401,398) r(433,435) r(367,330) a(398,417)", "fitness": 0.0}
{"generation": 9, "position": 1, "parents": [46], "genome": "a(327,284) a(373,192) d(214) a(213,212) r(121,9) a(136,20) r(355,154) r(115,444)", "fitness": 10.0}
{"generation": 9, "position": 2, "parents": [50, 16], "genome": "a(457,415) d(465) a(208,200) r(401,400) r(466,461) d(2) r(213,172) a(171,393) a(462,136)", "fitness": 0.0}
{"generation": 9, "position": 3, "parents": [50, 16], "genome": "r(242,344) a(167,228) a(279,136) r(165,29) r(3,52) a(367,367) a(432,19) a(422,448) d(138) d(195) a(326,244)", "fitness": 0.0}
{"generation": 9, "position": 4, "parents": [50], "genome": "a(457,415) d(465) a(167,228) a(279,136) r(165,29) r(3,52) a(367,367) a(432,19) a(422,448) d(138) d(195) r(128,303)", "fitness": 0.0}
{"generation": 9, "position": 5, "parents": [16], "genome": "r(242,344) a(208,200) r(401,400) r(466,461) d(2) r(213,172) a(171,393) d(344)", "fitness": 0.0}
{"generation": 9, "position": 6, "parents": [7, 35], "genome": "r(326,248) d(229) r(409,221) a(401,398) r(328,441) d(470) d(110) d(174) d(229) d(157) r(382,133) d(248) r(243,133) r(184,357) a(304,331) d(23)", "fitness": 0.0}
{"generation": 9, "position": 7, "parents": [7, 35], "genome": "a(327,284) r(397,435) r(433,435) a(167,228) a(279,136) r(165,29) a(475,468) a(414,448) r(158,434) r(188,174) a(24,439)", "fitness": 0.0}
{"generation": 9, "position": 8, "parents": [7], "genome": "r(326,248) d(229) r(409,221) a(401,398) r(433,435) a(167,228) a(279,136) r(165,29) a(475,468) a(414,448) r(158,434) r(188,174) r(385,414)", "fitness": 0.0}
{"generation": 9, "position": 9, "parents": [35], "genome": "a(327,284) r(397,435) r(328,441) d(470) d(110) d(174) d(229) d(157) r(382,133) d(248) r(243,133) r(184,357) a(304,331) d(213)", "fitness": 0.0}
{"generation": 9, "position": 10, "parents": [52, 36], "genome": "r(326,248) d(229) d(382) d(187) d(213) a(373,192) d(214) a(441,133) d(210) d(165) r(341,274) r(382,133) d(248) r(243,133) r(184,357) d(224) a(439,1)", "fitness": 0.0}
{"generation": 9, "position": 11, "parents": [52, 36], "genome": "a(216,228) d(229) d(157) r(466,226) d(214)", "fitness": 0.0}
{"generation": 9, "position": 12, "parents": [52], "genome": "r(326,248) d(229) d(382) d(187) d(213) a(373,192) d(214) a(441,133) d(210) d(165) r(341,274) r(466,226) r(199,357)", "fitness": 0.0}
{"generation": 9, "position": 13, "parents": [36], "genome": "a(216,228) d(229) d(157) r(382,133) d(248) r(243,133) r(184,357) d(224) r(430,28)", "fitness": 0.0}
{"generation": 9, "position": 14, "parents": [33, 28], "genome": "r(242,344) a(208,200) a(208,200) r(401,400) r(3,52) r(328,441) d(470) d(110) d(174) r(198,173) d(149) r(214,183) a(300,393)", "fitness": 0.0}
{"generation": 9, "position": 15, "parents": [33, 28], "genome": "a(327,284) r(397,435) r(112,214) a(120,192) r(210,159) d(157) a(380,387) d(143) r(244,246) r(214,120) r(290,185) a(212,303) d(379) a(352,324)", "fitness": 0.0}
{"generation": 9, "position": 16, "parents": [33], "genome": "r(242,344) a(208,200) a(208,200) r(401,400) r(3,52) r(112,214) a(120,192) r(210,159) d(157) a(380,387) d(143) r(244,246) r(214,120) r(290,185) a(212,303) d(379) a(132,289)", "fitness": 0.0}
{"generation": 9, "position": 17, "parents": [28], "genome": "a(327,284) r(397,435) r(328,441) d(470) d(110) d(174) r(198,173) d(149) r(214,183) r(361,255)", "fitness": 0.0}
{"generation": 9, "position": 18, "parents": [25], "genome": "a(327,284) a(373,192) d(214) a(441,133) d(210) r(463,29) d(24) a(220,172) d(143)", "fitness": 0.0}
{"generation": 9, "position": 19, "parents": [11], "genome": "d(213) r(214,425) a(325,37) r(130,357) d(22) a(210,29) d(338) a(448,273) d(194) d(136)", "fitness": 0.0}
{"generation": 9, "position": 20, "parents": [3], "genome": "a(216,228) d(229) d(157) a(441,133) d(210) r(463,29) d(460) a(214,207) a(277,281)", "fitness": 0.0}
{"generation": 9, "position": 21, "parents": [26], "genome": "a(327,284) r(397,435) r(397,435) r(328,441) d(470) d(110) d(174) r(198,173) r(272,374) d(257) a(355,227) d(355)", "fitness": 0.0}
{"generation": 9, "position": 22, "parents": [47], "genome": "a(327,284) r(397,435) r(328,441) d(470) d(110) d(174) r(198,173) a(344,276) d(388) a(349,325)", "fitness": 0.0}
{"generation": 9, "position": 23, "parents": [2], "genome": "a(327,284) a(279,136) a(165,178) d(382) d(187) d(213) a(373,192) d(214) a(441,133) d(210) d(165) d(24) d(127) a(462,400)", "fitness": 0.0}
{"generation": 9, "position": 24, "parents": [36, 31], "genome": "a(216,228) d(229) d(157) r(382,133) d(248) r(463,29) r(418,402) d(343) a(344,9)", "fitness": 0.0}
{"generation": 9, "position": 25, "parents": [36, 31], "genome": "r(242,344) a(208,200) r(243,133) r(184,357) d(224) a(376,382)", "fitness": 0.0}
{"generation": 9, "position": 26, "parents": [36], "genome": "a(216,228) d(229) d(157) r(382,133) d(248) r(243,133) r(184,357) d(224) r(151,413)", "fitness": 0.0}
{"generation": 9, "position": 27, "parents": [31], "genome": "r(242,344) a(208,200) r(463,29) r(418,402) d(343) d(412)", "fitness": 0.0}
{"generation": 9, "position": 28, "parents": [52], "genome": "r(326,248) d(229) d(382) d(187) d(213) a(373,192) d(214) a(441,133) d(210) d(165) r(341,274) r(466,226) a(465,475)", "fitness": 0.0}
{"generation": 9, "position": 29, "parents": [23], "genome": "a(327,284) a(373,192) d(214) a(441,133) d(210) r(463,29) d(465) a(167,228) r(397,435) r(328,441) d(470) d(110) a(451,461) r(172,192) r(390,214) d(403) a(213,273)", "fitness": 0.0}
{"generation": 9, "position": 30, "parents": [53, 40], "genome": "d(115) r(194,210) r(250,340) r(15,358) d(143) a(326,113) a(150,158) a(367,367) a(432,19) a(422,448) d(247) r(148,415) a(219,439)", "fitness": 0.0}
{"generation": 9, "position": 31, "parents": [53, 40], "genome": "a(327,284) r(397,435) r(328,441) a(167,228) a(279,136) r(165,29) r(3,52) r(174,182) a(341,230)", "fitness": 0.0}
{"generation": 9, "position": 32, "parents": [53], "genome": "d(115) r(194,210) r(250,340) r(15,358) d(143) a(326,113) a(150,158) r(174,182) a(119,21)", "fitness": 0.0}
{"generation": 9, "position": 33, "parents": [40], "genome": "a(327,284) r(397,435) r(328,441) a(167,228) a(279,136) r(165,29) r(3,52) a(367,367) a(432,19) a(422,448) d(247) r(148,415) a(386,420)", "fitness": 0.0}
{"generation": 9, "position": 34, "parents": [30, 43], "genome": "a(327,284) a(441,133) d(210) a(208,200) r(3,52) a(367,367) a(432,19) a(422,448) d(247) a(400,303) r(353,238)", "fitness": 0.0}
{"generation": 9, "position": 35, "parents": [30, 43], "genome": "a(457,415) d(465) a(167,228) a(279,136) r(165,29) r(401,400) r(3,52) r(112,214) a(120,192) r(210,159) d(157) a(380,387) d(143) r(244,246) r(214,120) r(290,185) a(212,303) a(386,178) r(398,392)", "fitness": 0.0}
{"generation": 9, "position": 36, "parents": [30], "genome": "a(327,284) a(441,133) d(210) a(208,200) r(401,400) r(3,52) r(112,214) a(120,192) r(210,159) d(157) a(380,387) d(143) r(244,246) r(214,120) r(290,185) a(212,303) a(386,178) r(118,272)", "fitness": 0.0}
{"generation": 9, "position": 37, "parents": [43], "genome": "a(457,415) d(465) a(167,228) a(279,136) r(165,29) r(3,52) a(367,367) a(432,19) a(422,448) d(247) a(400,303) a(423,330)", "fitness": 0.0}
{"generation": 9, "position": 38, "parents": [19, 32], "genome": "r(242,344) a(208,200) a(279,455) a(276,254)", "fitness": 0.0}
{"generation": 9, "position": 39, "parents": [19, 32], "genome": "a(327,284) a(441,133) d(210) r(463,29) r(418,402) r(401,400) r(466,461) d(2) r(213,172) a(326,356) a(233,327)", "fitness": 0.0}
{"generation": 9, "position": 40, "parents": [19], "genome": "r(242,344) a(208,200) r(401,400) r(466,461) d(2) r(213,172) a(326,356) r(406,133)", "fitness": 0.0}
{"generation": 9, "position": 41, "parents": [32], "genome": "a(327,284) a(441,133) d(210) r(463,29) r(418,402) a(279,455) d(185)", "fitness": 0.0}
{"generation": 9, "position": 42, "parents": [48], "genome": "a(457,415) d(465) a(167,228) a(279,136) r(198,173) d(149) r(401,19) a(473,374)", "fitness": 0.0}
{"generation": 9, "position": 43, "parents": [20], "genome": "d(115) r(194,210) r(250,340) r(15,358) d(143) d(210) d(382) a(214,150) d(367) a(187,1) a(402,432)", "fitness": 0.0}
{"generation": 9, "position": 44, "parents": [26], "genome": "a(327,284) r(397,435) r(397,435) r(328,441) d(470) d(110) d(174) r(198,173) r(272,374) d(257) a(355,227) d(112)", "fitness": 0.0}
{"generation": 9, "position": 45, "parents": [55], "genome": "a(327,284) a(441,133) d(210) r(463,29) r(418,402) d(394) a(358,246)", "fitness": 0.0}
{"generation": 9, "position": 46, "parents": [11], "genome": "d(213) r(214,425) a(325,37) r(130,357) d(22) a(210,29) d(338) a(448,273) d(194) a(159,2)", "fitness": 0.0}
{"generation": 9, "position": 47, "parents": [46], "genome": "a(327,284) a(373,192) d(214) a(213,212) r(121,9) a(136,20) r(355,154) a(168,22)", "fitness": 0.0}
{"generation": 9, "position": 48, "parents": [34, 48], "genome": "a(216,228) r(198,173) a(344,276) r(20,21)", "fitness": 0.0}
{"generation": 9, "position": 49, "parents": [34, 48], "genome": "a(457,415) d(465) a(167,228) a(279,136) r(198,173) d(149) r(401,19) a(404,2) a(245,172)", "fitness": 0.0}
{"generation": 9, "position": 50, "parents": [34], "genome": "a(216,228) r(198,173) a(344,276) a(404,2) r(213,455)", "fitness": 0.0}
{"generation": 9, "position": 51, "parents": [48], "genome": "a(457,415) d(465) a(167,228) a(279,136) r(198,173) d(149) r(401,19) d(337)", "fitness": 0.0}
{"generation": 9, "position": 52, "parents": [12, 56], "genome": "a(216,228) d(229) d(157) r(382,133) a(150,158) r(249,300) r(146,214)", "fitness": 0.0}
{"generation": 9, "position": 53, "parents": [12, 56], "genome": "d(115) r(194,210) r(250,340) r(15,358) d(143) a(326,113) d(248) r(243,133) r(213,152) r(118,323) r(472,294)", "fitness": 0.0}
{"generation": 9, "position": 54, "parents": [12], "genome": "a(216,228) d(229) d(157) r(382,133) d(248) r(243,133) r(213,152) r(118,323) a(240,173)", "fitness": 0.0}
{"generation": 9, "position": 55, "parents": [56], "genome": "d(115) r(194,210) r(250,340) r(15,358) d(143) a(326,113) a(150,158) r(249,300) r(324,52)", "fitness": 0.0}
{"generation": 9, "position": 56, "parents": [46, 5], "genome": "a(327,284) a(373,192) r(284,274) a(299,352) a(412,330) a(137,444)", "fitness": 0.0}
{"generation": 9, "position": 57, "parents": [46, 5], "genome": "a(327,284) r(397,435) r(328,441) d(470) d(110) d(174) d(214) a(213,212) r(121,9) a(136,20) r(355,154) a(177,413)", "fitness": 0.0}
{"generation": 9, "position": 58, "parents": [46], "genome": "a(327,284) a(373,192) d(214) a(213,212) r(121,9) a(136,20) r(355,154) r(392,420)", "fitness": 0.0}
{"generation": 9, "position": 59, "parents": [5], "genome": "a(327,284) r(397,435) r(328,441) d(470) d(110) d(174) r(284,274) a(299,352) a(412,330) d(434)", "fitness": 0.0}
{"generation": 9, "position": 60, "parents": [37, 28], "genome": "a(327,284) r(397,435) r(328,441) d(470) a(403,1)", "fitness": 0.0}
{"generation": 9, "position": 61, "parents": [37, 28], "genome": "a(327,284) r(397,435) r(328,441) d(470) d(110) d(174) r(198,173) d(149) r(214,183) d(110) d(174) r(198,173) a(344,276) d(221) r(240,284)", "fitness": 0.0}
{"generation": 9, "position": 62, "parents": [37], "genome": "a(327,284) r(397,435) r(328,441) d(470) d(110) d(174) r(198,173) a(344,276) d(221) d(166)", "fitness": 0.0}
{"generation": 10, "position": 0, "parents": [21], "genome": "a(327,284) r(397,435) r(397,435) r(328,441) d(470) d(110) d(174) r(198,173) r(272,374) d(257) a(355,227) d(355) r(277,291)", "fitness": 0.0}
{"generation": 10, "position": 1, "parents": [62], "genome": "a(327,284) r(397,435) r(328,441) d(470) d(110) d(174) r(198,173) a(344,276) d(221) d(166) a(212,400)", "fitness": 0.0}
{"generation": 10, "position": 2, "parents": [47, 12], "genome": "a(327,284) a(373,192) d(214) a(213,212) r(121,9) a(136,20) r(457,441)", "fitness": 0.0}
{"generation": 10, "position": 3, "parents": [47, 12], "genome": "r(326,248) d(229) d(382) d(187) d(213) a(373,192) d(214) a(441,133) d(210) d(165) r(341,274) r(466,226) r(199,357) r(355,154) a(168,22) a(340,251)", "fitness": 0.0}
{"generation": 10, "position": 4, "parents": [47], "genome": "a(327,284) a(373,192) d(214) a(213,212) r(121,9) a(136,20) r(355,154) a(168,22) d(113)", "fitness": 0.0}
{"generation": 10, "position": 5, "parents": [12], "genome": "r(326,248) d(229) d(382) d(187) d(213) a(373,192) d(214) a(441,133) d(210) d(165) r(341,274) r(466,226) r(199,357) d(280)", "fitness": 0.0}
{"generation": 10, "position": 6, "parents": [19], "genome": "d(213) r(214,425) a(325,37) r(130,357) d(22) a(210,29) d(338) a(448,273) d(194) d(136) a(251,449)", "fitness": 0.0}
{"generation": 10, "position": 7, "parents": [28], "genome": "r(326,248) d(229) d(382) d(187) d(213) a(373,192) d(214) a(441,133) d(210) d(165) r(341,274) r(466,226) a(465,475) r(15,475)", "fitness": 0.0}
{"generation": 10, "position": 8, "parents": [62, 18], "genome": "a(327,284) r(397,435) r(328,441) d(470) d(210) r(463,29) d(24) a(220,172) d(143) a(241,252)", "fitness": 0.0}
{"generation": 10, "position": 9, "parents": [62, 18], "genome": "a(327,284) a(373,192) d(214) a(441,133) d(110) d(174) r(198,173) a(344,276) d(221) d(166) a(353,255)", "fitness": 0.0}
{"generation": 10, "position": 10, "parents": [62], "genome": "a(327,284) r(397,435) r(328,441) d(470) d(110) d(174) r(198,173) a(344,276) d(221) d(166) a(398,274)", "fitness": 0.0}
{"generation": 10, "position": 11, "parents": [18], "genome": "a(327,284) a(373,192) d(214) a(441,133) d(210) r(463,29) d(24) a(220,172) d(143) r(299,279)", "fitness": 0.0}
{"generation": 10, "position": 12, "parents": [53, 43], "genome": "d(115) r(194,210) a(402,432) a(405,349)", "fitness": 0.0}
{"generation": 10, "position": 13, "parents": [53, 43], "genome": "d(115) r(194,210) r(250,340) r(15,358) d(143) d(210) d(382) a(214,150) d(367) a(187,1) r(250,340) r(15,358) d(143) a(326,113) d(248) r(243,133) r(213,152) r(118,323) r(472,294) r(451,2)", "fitness": 0.0}
{"generation": 10, "position": 14, "parents": [53], "genome": "d(115) r(194,210) r(250,340) r(15,358) d(143) a(326,113) d(248) r(243,133) r(213,152) r(118,323) r(472,294) r(418,420)", "fitness": 0.0}
{"generation": 10, "position": 15, "parents": [43], "genome": "d(115) r(194,210) r(250,340) r(15,358) d(143) d(210) d(382) a(214,150) d(367) a(187,1) a(402,432) r(158,22)", "fitness": 0.0}
{"generation": 10, "position": 16, "parents": [54], "genome": "a(216,228) d(229) d(157) r(382,133) d(248) r(243,133) r(213,152) r(118,323) a(240,173) a(156,175)", "fitness": 0.0}
{"generation": 10, "position": 17, "parents": [52], "genome": "a(216,228) d(229) d(157) r(382,133) a(150,158) r(249,300) r(146,214) a(178,162)", "fitness": 0.0}
{"generation": 10, "position": 18, "parents": [26, 8], "genome": "a(216,228) d(229) d(157) r(382,133) d(248) r(243,133) r(184,357) d(224) a(475,468) a(414,448) r(158,434) r(188,174) r(385,414) d(411)", "fitness": 0.0}
{"generation": 10, "position": 19, "parents": [26, 8], "genome": "r(326,248) d(229) r(409,221) a(401,398) r(433,435) a(167,228) a(279,136) r(165,29) r(151,413) r(214,41)", "fitness": 0.0}
{"generation": 10, "position": 20, "parents": [26], "genome": "a(216,228) d(229) d(157) r(382,133) d(248) r(243,133) r(184,357) d(224) r(151,413) r(212,113)", "fitness": 0.0}
{"generation": 10, "position": 21, "parents": [8], "genome": "r(326,248) d(229) r(409,221) a(401,398) r(433,435) a(167,228) a(279,136) r(165,29) a(475,468) a(414,448) r(158,434) r(188,174) r(385,414) r(472,286)", "fitness": 0.0}
{"generation": 10, "position": 22, "parents": [37], "genome": "a(457,415) d(465) a(167,228) a(279,136) r(165,29) r(3,52) a(367,367) a(432,19) a(422,448) d(247) a(400,303) a(423,330) d(469)", "fitness": 0.0}
{"generation": 10, "position": 23, "parents": [18], "genome": "a(327,284) a(373,192) d(214) a(441,133) d(210) r(463,29) d(24) a(220,172) d(143) d(223)", "fitness": 0.0}
{"generation": 10, "position": 24, "parents": [22, 32], "genome": "a(327,284) r(397,435) r(328,441) r(250,340) r(15,358) d(143) a(326,113) a(150,158) r(174,182) a(119,21) r(301,197)", "fitness": 0.0}
{"generation": 10, "position": 25, "parents": [22, 32], "genome": "d(115) r(194,210) d(470) d(110) d(174) r(198,173) a(344,276) d(388) a(349,325) r(433,467)", "fitness": 0.0}
{"generation": 10, "position": 26, "parents": [22], "genome": "a(327,284) r(397,435) r(328,441) d(470) d(110) d(174) r(198,173) a(344,276) d(388) a(349,325) r(19,445)", "fitness": 0.0}
{"generation": 10, "position": 27, "parents": [32], "genome": "d(115) r(194,210) r(250,340) r(15,358) d(143) a(326,113) a(150,158) r(174,182) a(119,21) d(427)", "fitness": 0.0}
{"generation": 10, "position": 28, "parents": [33, 37], "genome": "a(327,284) r(165,29) r(3,52) a(367,367) a(432,19) a(422,448) d(247) a(400,303) a(423,330) d(425)", "fitness": 0.0}
{"generation": 10, "position": 29, "parents": [33, 37], "genome": "a(457,415) d(465) a(167,228) a(279,136) r(397,435) r(328,441) a(167,228) a(279,136) r(165,29) r(3,52) a(367,367) a(432,19) a(422,448) d(247) r(148,415) a(386,420) a(462,214)", "fitness": 0.0}
{"generation": 10, "position": 30, "parents": [33], "genome": "a(327,284) r(397,435) r(328,441) a(167,228) a(279,136) r(165,29) r(3,52) a(367,367) a(432,19) a(422,448) d(247) r(148,415) a(386,420) a(335,400)", "fitness": 0.0}
{"generation": 10, "position": 31, "parents": [37], "genome": "a(457,415) d(465) a(167,228) a(279,136) r(165,29) r(3,52) a(367,367) a(432,19) a(422,448) d(247) a(400,303) a(423,330) r(200,167)", "fitness": 0.0}
{"generation": 10, "position": 32, "parents": [6], "genome": "r(326,248) d(229) r(409,221) a(401,398) r(328,441) d(470) d(110) d(174) d(229) d(157) r(382,133) d(248) r(243,133) r(184,357) a(304,331) d(23) d(332)", "fitness": 0.0}
{"generation": 10, "position": 33, "parents": [57], "genome": "a(327,284) r(397,435) r(328,441) d(470) d(110) d(174) d(214) a(213,212) r(121,9) a(136,20) r(355,154) a(177,413) d(251)", "fitness": 0.0}
{"generation": 10, "position": 34, "parents": [62], "genome": "a(327,284) r(397,435) r(328,441) d(470) d(110) d(174) r(198,173) a(344,276) d(221) d(166) d(210)", "fitness": 0.0}
{"generation": 10, "position": 35, "parents": [32], "genome": "d(115) r(194,210) r(250,340) r(15,358) d(143) a(326,113) a(150,158) r(174,182) a(119,21) r(427,37)", "fitness": 0.0}
{"generation": 10, "position": 36, "parents": [11], "genome": "a(216,228) d(229) d(157) r(466,226) d(214) a(124,286)", "fitness": 0.0}
{"generation": 10, "position": 37, "parents": [11], "genome": "a(216,228) d(229) d(157) r(466,226) d(214) r(146,462)", "fitness": 0.0}
{"generation": 10, "position": 38, "parents": [44, 59], "genome": "a(327,284) r(397,435) r(397,435) r(328,441) d(470) d(110) d(174) r(198,173) d(434) r(298,28)", "fitness": 0.0}
{"generation": 10, "position": 39, "parents": [44, 59], "genome": "a(327,284) r(397,435) r(328,441) d(470) d(110) d(174) r(284,274) a(299,352) a(412,330) r(272,374) d(257) a(355,227) d(112) a(362,228)", "fitness": 0.0}
{"generation": 10, "position": 40, "parents": [44], "genome": "a(327,284) r(397,435) r(397,435) r(328,441) d(470) d(110) d(174) r(198,173) r(272,374) d(257) a(355,227) d(112) r(213,303)", "fitness": 0.0}
{"generation": 10, "position": 41, "parents": [59], "genome": "a(327,284) r(397,435) r(328,441) d(470) d(110) d(174) r(284,274) a(299,352) a(412,330) d(434) a(400,397)", "fitness": 0.0}
{"generation": 10, "position": 42, "parents": [24, 27], "genome": "a(216,228) d(229) d(157) r(382,133) d(248) r(463,29) r(418,402) d(343) a(344,9) a(208,200) r(463,29) r(418,402) d(343) d(412) d(386)", "fitness": 0.0}
{"generation": 10, "position": 43, "parents": [24, 27], "genome": "r(242,344) r(324,335)", "fitness": 0.0}
{"generation": 10, "position": 44, "parents": [24], "genome": "a(216,228) d(229) d(157) r(382,133) d(248) r(463,29) r(418,402) d(343) a(344,9) a(454,197)", "fitness": 0.0}
{"generation": 10, "position": 45, "parents": [27], "genome": "r(242,344) a(208,200) r(463,29) r(418,402) d(343) d(412) r(230,333)", "fitness": 0.0}
{"generation": 10, "position": 46, "parents": [10, 32], "genome": "r(326,248) d(229) d(382) d(187) d(213) a(373,192) d(214) a(441,133) d(210) d(165) r(194,210) r(250,340) r(15,358) d(143) a(326,113) a(150,158) r(174,182) a(119,21) r(159,420)", "fitness": 0.0}
{"generation": 10, "position": 47, "parents": [10, 32], "genome": "d(115) r(341,274) r(382,133) d(248) r(243,133) r(184,357) d(224) a(439,1) r(439,406)", "fitness": 0.0}
{"generation": 10, "position": 48, "parents": [10], "genome": "r(326,248) d(229) d(382) d(187) d(213) a(373,192) d(214) a(441,133) d(210) d(165) r(341,274) r(382,133) d(248) r(243,133) r(184,357) d(224) a(439,1) r(454,441)", "fitness": 0.0}
{"generation": 10, "position": 49, "parents": [32], "genome": "d(115) r(194,210) r(250,340) r(15,358) d(143) a(326,113) a(150,158) r(174,182) a(119,21) d(399)", "fitness": 0.0}
{"generation": 10, "position": 50, "parents": [62], "genome": "a(327,284) r(397,435) r(328,441) d(470) d(110) d(174) r(198,173) a(344,276) d(221) d(166) r(158,148)", "fitness": 0.0}
{"generation": 10, "position": 51, "parents": [59], "genome": "a(327,284) r(397,435) r(328,441) d(470) d(110) d(174) r(284,274) a(299,352) a(412,330) d(434) r(402,400)", "fitness": 0.0}
{"generation": 10, "position": 52, "parents": [57], "genome": "a(327,284) r(397,435) r(328,441) d(470) d(110) d(174) d(214) a(213,212) r(121,9) a(136,20) r(355,154) a(177,413) d(212)", "fitness": 0.0}
{"generation": 10, "position": 53, "parents": [22], "genome": "a(327,284) r(397,435) r(328,441) d(470) d(110) d(174) r(198,173) a(344,276) d(388) a(349,325) r(377,272)", "fitness": 0.0}
{"generation": 10, "position": 54, "parents": [42], "genome": "a(457,415) d(465) a(167,228) a(279,136) r(198,173) d(149) r(401,19) a(473,374) r(458,172)", "fitness": 0.0}
{"generation": 10, "position": 55, "parents": [22], "genome": "a(327,284) r(397,435) r(328,441) d(470) d(110) d(174) r(198,173) a(344,276) d(388) a(349,325) r(236,324)", "fitness": 0.0}
{"generation": 10, "position": 56, "parents": [51, 23], "genome": "a(457,415) d(465) a(167,228) a(279,136) r(198,173) d(149) r(401,19) d(187) d(213) a(373,192) d(214) a(441,133) d(210) d(165) d(24) d(127) a(462,400) d(327)", "fitness": 0.0}
{"generation": 10, "position": 57, "parents": [51, 23], "genome": "a(327,284) a(279,136) a(165,178) d(382) d(337) a(212,1)", "fitness": 0.0}
{"generation": 10, "position": 58, "parents": [51], "genome": "a(457,415) d(465) a(167,228) a(279,136) r(198,173) d(149) r(401,19) d(337) d(373)", "fitness": 0.0}