[meta]
{"program": "genprog-3.0", "problem": {"type": "repair", "name": "units", "enclosure": {"1": 0, "2": 0, "3": 0, "4": 3, "5": 4, "6": 4, "7": 4, "8": 4, "9": 3, "10": 0, "11": 0, "12": 11, "13": 11, "14": 0, "15": 0, "16": 15, "17": 15, "18": 15, "19": 15, "20": 0, "21": 0, "22": 0, "23": 0, "24": 0, "25": 0, "26": 0, "28": 26, "29": 0, "31": 29, "32": 0, "33": 0, "34": 0, "35": 0, "37": 35, "38": 0, "39": 0, "40": 39, "41": 40, "43": 39, "45": 43, "46": 39, "47": 0, "48": 0, "50": 48, "52": 50, "53": 0, "54": 0, "56": 0, "58": 56, "59": 0, "60": 0, "61": 0, "62": 0, "64": 0, "65": 0, "67": 0, "68": 0, "69": 0, "70": 0, "71": 0, "72": 71, "73": 72, "75": 71, "76": 71, "77": 71, "78": 0, "79": 78, "80": 78, "81": 78, "82": 78, "83": 82, "84": 83, "86": 82, "87": 82, "88": 82, "89": 78, "90": 0, "91": 0, "92": 0, "93": 92, "94": 93, "95": 93, "96": 92, "97": 96, "98": 96, "99": 96, "100": 92, "101": 100, "102": 100, "103": 92, "104": 92, "105": 0, "106": 105, "107": 105, "108": 0, "109": 0, "110": 0, "111": 0, "112": 111, "113": 112, "115": 111, "116": 111, "117": 0, "118": 0, "119": 118, "120": 118, "121": 0, "122": 0, "123": 0, "124": 0, "126": 0, "127": 126, "128": 126, "129": 126, "130": 126, "131": 126, "132": 126, "133": 126, "134": 0, "135": 134, "136": 134, "137": 0, "138": 137, "139": 137, "141": 0, "142": 0, "143": 0, "145": 0, "146": 0, "147": 0, "148": 0, "149": 148, "150": 149, "151": 149, "152": 149, "153": 152, "154": 153, "156": 152, "157": 152, "158": 149, "159": 149, "160": 149, "161": 160, "162": 161, "164": 160, "165": 160, "166": 148, "167": 166, "168": 167, "170": 167, "171": 166, "172": 148, "173": 148, "174": 0, "175": 0, "176": 175, "177": 175, "178": 177, "180": 175, "181": 175, "182": 181, "183": 181, "184": 181, "185": 184, "187": 181, "188": 181, "189": 181, "190": 189, "192": 189, "193": 175, "194": 193, "195": 193, "197": 193, "198": 175, "199": 0, "200": 0, "201": 200, "202": 201, "204": 200, "205": 0, "206": 205, "207": 205, "208": 207, "210": 207, "211": 205, "212": 0, "213": 0, "214": 0, "215": 0, "216": 0, "217": 0, "218": 217, "219": 217, "220": 217, "221": 220, "223": 217, "224": 217, "225": 217, "226": 225, "227": 225, "228": 0, "229": 0, "230": 0, "231": 0, "232": 231, "233": 232, "235": 231, "236": 231, "237": 231, "238": 231, "239": 231, "240": 231, "241": 231, "242": 231, "243": 231, "244": 231, "245": 231, "246": 231, "247": 231, "248": 231, "249": 231, "250": 231, "251": 231, "252": 231, "253": 0, "254": 0, "255": 0, "256": 0, "257": 0, "258": 257, "259": 258, "260": 258, "261": 258, "262": 258, "263": 262, "264": 263, "266": 262, "268": 266, "269": 262, "270": 262, "271": 262, "272": 258, "273": 257, "274": 257, "275": 257, "276": 257, "277": 0, "278": 277, "279": 278, "280": 279, "281": 280, "284": 278, "286": 277, "287": 0, "289": 287, "290": 0, "291": 0, "292": 291, "293": 292, "294": 293, "297": 291, "298": 291, "299": 291, "300": 291, "301": 291, "303": 301, "304": 291, "305": 304, "306": 304, "307": 304, "308": 304, "309": 304, "311": 309, "312": 304, "313": 304, "314": 304, "315": 304, "316": 315, "317": 316, "319": 315, "320": 315, "321": 304, "323": 304, "324": 0, "325": 0, "326": 0, "327": 0, "328": 0, "330": 328, "331": 0, "332": 0, "333": 0, "334": 0, "335": 0, "337": 335, "338": 0, "339": 0, "340": 339, "341": 340, "343": 339, "344": 339, "346": 344, "347": 346, "349": 347, "350": 346, "351": 339, "352": 351, "353": 352, "355": 353, "356": 352, "357": 352, "358": 351, "359": 339, "360": 0, "361": 360, "362": 360, "364": 0, "365": 0, "367": 0, "368": 0, "369": 0, "370": 369, "371": 369, "372": 371, "373": 371, "374": 373, "376": 0, "377": 376, "378": 377, "379": 377, "380": 379, "381": 379, "382": 377, "384": 377, "385": 376, "386": 0, "387": 386, "388": 386, "390": 386, "391": 0, "392": 391, "393": 391, "394": 0, "396": 394, "397": 396, "398": 396, "399": 398, "400": 398, "401": 396, "402": 396, "403": 396, "404": 403, "405": 404, "406": 405, "409": 403, "410": 403, "411": 396, "412": 411, "413": 411, "414": 396, "415": 396, "416": 0, "417": 0, "418": 0, "419": 418, "420": 418, "421": 0, "422": 421, "423": 421, "424": 421, "425": 424, "427": 421, "428": 0, "429": 428, "430": 428, "431": 0, "432": 431, "433": 431, "434": 431, "435": 0, "436": 0, "437": 0, "438": 0, "439": 438, "440": 438, "441": 438, "442": 0, "443": 0, "444": 443, "445": 444, "446": 444, "447": 444, "448": 443, "449": 443, "450": 0, "451": 0, "452": 0, "453": 0, "454": 453, "455": 454, "457": 453, "458": 453, "459": 453, "460": 0, "461": 460, "462": 460, "463": 0, "464": 0, "465": 0, "466": 465, "467": 465, "468": 0, "469": 0, "470": 469, "471": 469, "472": 0, "473": 0, "474": 473, "475": 473, "477": 0, "478": 0, "479": 0}}, "version": "0.0.2", "seed": 18, "algorithm": {"representation": "patch", "type": "genetic", "name": "ALGORITHM-NAME"}}

[data]
{"generation": 0, "position": 0, "parents": [], "genome": "r(124,400)", "fitness": 0.0}
{"generation": 0, "position": 1, "parents": [], "genome": "a(386,429)", "fitness": 2.0}
{"generation": 0, "position": 2, "parents": [], "genome": "a(433,381)", "fitness": 5.0}
{"generation": 0, "position": 3, "parents": [], "genome": "r(475,400)", "fitness": 5.0}
{"generation": 0, "position": 4, "parents": [], "genome": "r(212,294)", "fitness": 5.0}
{"generation": 0, "position": 5, "parents": [], "genome": "r(214,150)", "fitness": 5.0}
{"generation": 0, "position": 6, "parents": [], "genome": "r(214,133)", "fitness": 5.0}
{"generation": 0, "position": 7, "parents": [], "genome": "a(201,272)", "fitness": 5.0}
{"generation": 0, "position": 8, "parents": [], "genome": "d(115)", "fitness": 0.0}
{"generation": 0, "position": 9, "parents": [], "genome": "r(202,176)", "fitness": 0.0}
{"generation": 0, "position": 10, "parents": [], "genome": "d(212)", "fitness": 5.0}
{"generation": 0, "position": 11, "parents": [], "genome": "d(273)", "fitness": 5.0}
{"generation": 0, "position": 12, "parents": [], "genome": "r(422,425)", "fitness": 0.0}
{"generation": 0, "position": 13, "parents": [], "genome": "r(382,273)", "fitness": 0.0}
{"generation": 0, "position": 14, "parents": [], "genome": "d(447)", "fitness": 5.0}
{"generation": 0, "position": 15, "parents": [], "genome": "a(396,439)", "fitness": 5.0}
{"generation": 0, "position": 16, "parents": [], "genome": "d(238)", "fitness": 0.0}
{"generation": 0, "position": 17, "parents": [], "genome": "a(128,171)", "fitness": 5.0}
{"generation": 0, "position": 18, "parents": [], "genome": "r(423,162)", "fitness": 0.0}
{"generation": 0, "position": 19, "parents": [], "genome": "a(253,359)", "fitness": 5.0}
{"generation": 0, "position": 20, "parents": [], "genome": "d(249)", "fitness": 0.0}
{"generation": 0, "position": 21, "parents": [], "genome": "r(335,332)", "fitness": 5.0}
{"generation": 0, "position": 22, "parents": [], "genome": "d(328)", "fitness": 5.0}
{"generation": 0, "position": 23, "parents": [], "genome": "r(9,23)", "fitness": 5.0}
{"generation": 0, "position": 24, "parents": [], "genome": "a(419,357)", "fitness": 5.0}
{"generation": 0, "position": 25, "parents": [], "genome": "a(240,448)", "fitness": 0.0}
{"generation": 0, "position": 26, "parents": [], "genome": "d(188)", "fitness": 0.0}
{"generation": 0, "position": 27, "parents": [], "genome": "r(399,1)", "fitness": 5.0}
{"generation": 0, "position": 28, "parents": [], "genome": "d(404)", "fitness": 0.0}
{"generation": 0, "position": 29, "parents": [], "genome": "a(464,286)", "fitness": 5.0}
{"generation": 0, "position": 30, "parents": [], "genome": "a(254,2)", "fitness": 5.0}
{"generation": 0, "position": 31, "parents": [], "genome": "r(118,294)", "fitness": 0.0}
{"generation": 0, "position": 32, "parents": [], "genome": "a(377,425)", "fitness": 5.0}
{"generation": 0, "position": 33, "parents": [], "genome": "a(352,136)", "fitness": 5.0}
{"generation": 0, "position": 34, "parents": [], "genome": "r(325,244)", "fitness": 0.0}
{"generation": 0, "position": 35, "parents": [], "genome": "a(226,171)", "fitness": 5.0}
{"generation": 0, "position": 36, "parents": [], "genome": "a(223,286)", "fitness": 5.0}
{"generation": 0, "position": 37, "parents": [], "genome": "d(410)", "fitness": 0.0}
{"generation": 0, "position": 38, "parents": [], "genome": "a(340,359)", "fitness": 5.0}
{"generation": 0, "position": 39, "parents": [], "genome": "original", "fitness": 5.0}
{"generation": 1, "position": 0, "parents": [8, 3], "genome": "d(115) d(460)", "fitness": 0.0}
{"generation": 1, "position": 1, "parents": [8, 3], "genome": "r(475,400) d(214)", "fitness": 5.0}
{"generation": 1, "position": 2, "parents": [8], "genome": "d(115) a(214,471)", "fitness": 0.0}
{"generation": 1, "position": 3, "parents": [3], "genome": "r(475,400) d(212)", "fitness": 5.0}
{"generation": 1, "position": 4, "parents": [31], "genome": "r(118,294) r(274,362)", "fitness": 0.0}
{"generation": 1, "position": 5, "parents": [26], "genome": "d(188) r(235,351)", "fitness": 0.0}
{"generation": 1, "position": 6, "parents": [13], "genome": "r(382,273) r(146,221)", "fitness": 0.0}
{"generation": 1, "position": 7, "parents": [0], "genome": "r(124,400) a(134,28)", "fitness": 0.0}
{"generation": 1, "position": 8, "parents": [18, 25], "genome": "r(423,162) r(177,206)", "fitness": 0.0}
{"generation": 1, "position": 9, "parents": [18, 25], "genome": "a(240,448) r(243,462)", "fitness": 0.0}
{"generation": 1, "position": 10, "parents": [18], "genome": "r(423,162) r(362,235)", "fitness": 0.0}
{"generation": 1, "position": 11, "parents": [25], "genome": "a(240,448) r(201,189)", "fitness": 0.0}
{"generation": 1, "position": 12, "parents": [35, 18], "genome": "a(226,171) a(214,19)", "fitness": 5.0}
{"generation": 1, "position": 13, "parents": [35, 18], "genome": "r(423,162) a(210,178)", "fitness": 0.0}
{"generation": 1, "position": 14, "parents": [35], "genome": "a(226,171) a(421,396)", "fitness": 5.0}
{"generation": 1, "position": 15, "parents": [18], "genome": "r(423,162) d(434)", "fitness": 0.0}
{"generation": 1, "position": 16, "parents": [15], "genome": "a(396,439) r(213,212)", "fitness": 5.0}
{"generation": 1, "position": 17, "parents": [32], "genome": "a(377,425) d(250)", "fitness": 0.0}
{"generation": 1, "position": 18, "parents": [20], "genome": "d(249) r(231,241)", "fitness": 0.0}
{"generation": 1, "position": 19, "parents": [26], "genome": "d(188) d(396)", "fitness": 0.0}
{"generation": 1, "position": 20, "parents": [34, 29], "genome": "r(325,244) d(202)", "fitness": 0.0}
{"generation": 1, "position": 21, "parents": [34, 29], "genome": "a(464,286) d(291)", "fitness": 0.0}
{"generation": 1, "position": 22, "parents": [34], "genome": "r(325,244) a(168,166)", "fitness": 0.0}
{"generation": 1, "position": 23, "parents": [29], "genome": "a(464,286) r(371,433)", "fitness": 0.0}
{"generation": 1, "position": 24, "parents": [28], "genome": "d(404) r(453,439)", "fitness": 0.0}
{"generation": 1, "position": 25, "parents": [30], "genome": "a(254,2) d(453)", "fitness": 5.0}
{"generation": 1, "position": 26, "parents": [26], "genome": "d(188) a(138,406)", "fitness": 0.0}
{"generation": 1, "position": 27, "parents": [12], "genome": "r(422,425) r(22,341)", "fitness": 0.0}
{"generation": 1, "position": 28, "parents": [26], "genome": "d(188) r(206,162)", "fitness": 0.0}
{"generation": 1, "position": 29, "parents": [0], "genome": "r(124,400) d(298)", "fitness": 0.0}
{"generation": 1, "position": 30, "parents": [10], "genome": "d(212) r(131,135)", "fitness": 0.0}
{"generation": 1, "position": 31, "parents": [4], "genome": "r(212,294) r(466,434)", "fitness": 0.0}
{"generation": 1, "position": 32, "parents": [8, 22], "genome": "d(115) a(393,384)", "fitness": 0.0}
{"generation": 1, "position": 33, "parents": [8, 22], "genome": "d(328) a(358,352)", "fitness": 0.0}
{"generation": 1, "position": 34, "parents": [8], "genome": "d(115) a(421,427)", "fitness": 0.0}
{"generation": 1, "position": 35, "parents": [22], "genome": "d(328) a(409,387)", "fitness": 5.0}
{"generation": 1, "position": 36, "parents": [37], "genome": "d(410) a(210,384)", "fitness": 0.0}
{"generation": 1, "position": 37, "parents": [34], "genome": "r(325,244) d(452)", "fitness": 0.0}
{"generation": 1, "position": 38, "parents": [22, 11], "genome": "d(328) d(444)", "fitness": 0.0}
{"generation": 1, "position": 39, "parents": [22, 11], "genome": "d(273) d(238)", "fitness": 0.0}
{"generation": 1, "position": 40, "parents": [22], "genome": "d(328) a(181,445)", "fitness": 0.0}
{"generation": 1, "position": 41, "parents": [11], "genome": "d(273) a(219,439)", "fitness": 5.0}
{"generation": 1, "position": 42, "parents": [20, 18], "genome": "d(249) d(175)", "fitness": 0.0}
{"generation": 1, "position": 43, "parents": [20, 18], "genome": "r(423,162) a(242,381)", "fitness": 0.0}
{"generation": 1, "position": 44, "parents": [20], "genome": "d(249) a(180,385)", "fitness": 0.0}
{"generation": 1, "position": 45, "parents": [18], "genome": "r(423,162) d(403)", "fitness": 0.0}
{"generation": 1, "position": 46, "parents": [9], "genome": "r(202,176) d(135)", "fitness": 0.0}
{"generation": 1, "position": 47, "parents": [15], "genome": "a(396,439) r(423,113)", "fitness": 0.0}
{"generation": 1, "position": 48, "parents": [34], "genome": "r(325,244) r(400,367)", "fitness": 0.0}
{"generation": 1, "position": 49, "parents": [22], "genome": "d(328) r(358,45)", "fitness": 5.0}
{"generation": 1, "position": 50, "parents": [18], "genome": "r(423,162) r(298,400)", "fitness": 0.0}
{"generation": 1, "position": 51, "parents": [0], "genome": "r(124,400) r(330,291)", "fitness": 0.0}
{"generation": 1, "position": 52, "parents": [15, 13], "genome": "a(396,439) a(208,358)", "fitness": 5.0}
{"generation": 1, "position": 53, "parents": [15, 13], "genome": "r(382,273) a(257,357)", "fitness": 0.0}
{"generation": 1, "position": 54, "parents": [15], "genome": "a(396,439) d(162)", "fitness": 5.0}
{"generation": 2, "position": 0, "parents": [48, 44], "genome": "r(325,244) a(454,281)", "fitness": 0.0}
{"generation": 2, "position": 1, "parents": [48, 44], "genome": "d(249) a(180,385) r(400,367) a(213,182)", "fitness": 0.0}
{"generation": 2, "position": 2, "parents": [48], "genome": "r(325,244) r(400,367) r(210,303)", "fitness": 0.0}
{"generation": 2, "position": 3, "parents": [44], "genome": "d(249) a(180,385) d(20)", "fitness": 0.0}
{"generation": 2, "position": 4, "parents": [22, 48], "genome": "r(325,244) d(173)", "fitness": 0.0}
{"generation": 2, "position": 5, "parents": [22, 48], "genome": "r(325,244) r(400,367) a(168,166) r(212,178)", "fitness": 0.0}
{"generation": 2, "position": 6, "parents": [22], "genome": "r(325,244) a(168,166) a(333,52)", "fitness": 0.0}
{"generation": 2, "position": 7, "parents": [48], "genome": "r(325,244) r(400,367) d(462)", "fitness": 0.0}
{"generation": 2, "position": 8, "parents": [13, 45], "genome": "r(423,162) a(210,178) a(276,20)", "fitness": 0.0}
{"generation": 2, "position": 9, "parents": [13, 45], "genome": "r(423,162) d(403) r(229,303)", "fitness": 0.0}
{"generation": 2, "position": 10, "parents": [13], "genome": "r(423,162) a(210,178) r(425,428)", "fitness": 0.0}
{"generation": 2, "position": 11, "parents": [45], "genome": "r(423,162) d(403) a(242,303)", "fitness": 0.0}
{"generation": 2, "position": 12, "parents": [11, 13], "genome": "a(240,448) r(201,189) a(210,178) d(124)", "fitness": 0.0}
{"generation": 2, "position": 13, "parents": [11, 13], "genome": "r(423,162) a(182,146)", "fitness": 0.0}
{"generation": 2, "position": 14, "parents": [11], "genome": "a(240,448) r(201,189) d(212)", "fitness": 0.0}
{"generation": 2, "position": 15, "parents": [13], "genome": "r(423,162) a(210,178) d(463)", "fitness": 0.0}
{"generation": 2, "position": 16, "parents": [44, 47], "genome": "d(249) a(180,385) d(223)", "fitness": 0.0}
{"generation": 2, "position": 17, "parents": [44, 47], "genome": "a(396,439) r(423,113) d(156)", "fitness": 0.0}
{"generation": 2, "position": 18, "parents": [44], "genome": "d(249) a(180,385) a(443,273)", "fitness": 0.0}
{"generation": 2, "position": 19, "parents": [47], "genome": "a(396,439) r(423,113) d(153)", "fitness": 0.0}
{"generation": 2, "position": 20, "parents": [22], "genome": "r(325,244) a(168,166) r(324,362)", "fitness": 0.0}
{"generation": 2, "position": 21, "parents": [51], "genome": "r(124,400) r(330,291) a(272,350)", "fitness": 0.0}
{"generation": 2, "position": 22, "parents": [28, 18], "genome": "d(188) r(206,162) r(231,241) d(391)", "fitness": 0.0}
{"generation": 2, "position": 23, "parents": [28, 18], "genome": "d(249) a(227,374)", "fitness": 0.0}
{"generation": 2, "position": 24, "parents": [28], "genome": "d(188) r(206,162) a(292,330)", "fitness": 0.0}
{"generation": 2, "position": 25, "parents": [18], "genome": "d(249) r(231,241) d(324)", "fitness": 0.0}
{"generation": 2, "position": 26, "parents": [10, 21], "genome": "r(423,162) d(291) d(213)", "fitness": 0.0}
{"generation": 2, "position": 27, "parents": [10, 21], "genome": "a(464,286) r(362,235) d(174)", "fitness": 0.0}
{"generation": 2, "position": 28, "parents": [10], "genome": "r(423,162) r(362,235) a(324,255)", "fitness": 0.0}
{"generation": 2, "position": 29, "parents": [21], "genome": "a(464,286) d(291) d(398)", "fitness": 0.0}
{"generation": 2, "position": 30, "parents": [28], "genome": "d(188) r(206,162) r(324,287)", "fitness": 0.0}
{"generation": 2, "position": 31, "parents": [53], "genome": "r(382,273) a(257,357) d(385)", "fitness": 0.0}
{"generation": 2, "position": 32, "parents": [6], "genome": "r(382,273) r(146,221) a(249,287)", "fitness": 0.0}
{"generation": 2, "position": 33, "parents": [51], "genome": "r(124,400) r(330,291) d(132)", "fitness": 0.0}
{"generation": 2, "position": 34, "parents": [18], "genome": "d(249) r(231,241) d(422)", "fitness": 0.0}
{"generation": 2, "position": 35, "parents": [34], "genome": "d(115) a(421,427) d(351)", "fitness": 0.0}
{"generation": 2, "position": 36, "parents": [31, 2], "genome": "r(212,294) a(214,471) d(122)", "fitness": 0.0}
{"generation": 2, "position": 37, "parents": [31, 2], "genome": "d(115) r(466,434) r(278,362)", "fitness": 0.0}
{"generation": 2, "position": 38, "parents": [31], "genome": "r(212,294) r(466,434) a(232,420)", "fitness": 0.0}
{"generation": 2, "position": 39, "parents": [2], "genome": "d(115) a(214,471) a(448,274)", "fitness": 0.0}
{"generation": 2, "position": 40, "parents": [48, 7], "genome": "r(325,244) r(400,367) a(134,28) d(451)", "fitness": 0.0}
{"generation": 2, "position": 41, "parents": [48, 7], "genome": "r(124,400) d(132)", "fitness": 0.0}
{"generation": 2, "position": 42, "parents": [48], "genome": "r(325,244) r(400,367) d(230)", "fitness": 0.0}
{"generation": 2, "position": 43, "parents": [7], "genome": "r(124,400) a(134,28) a(378,289)", "fitness": 0.0}
{"generation": 2, "position": 44, "parents": [24, 33], "genome": "d(404) r(453,439) a(358,352) a(340,441)", "fitness": 0.0}
{"generation": 2, "position": 45, "parents": [24, 33], "genome": "d(328) r(178,192)", "fitness": 5.0}
{"generation": 2, "position": 46, "parents": [24], "genome": "d(404) r(453,439) a(210,145)", "fitness": 0.0}
{"generation": 2, "position": 47, "parents": [33], "genome": "d(328) a(358,352) d(287)", "fitness": 0.0}
{"generation": 2, "position": 48, "parents": [30, 48], "genome": "d(212) r(400,367) r(423,396)", "fitness": 0.0}
{"generation": 2, "position": 49, "parents": [30, 48], "genome": "r(325,244) r(131,135) d(118)", "fitness": 0.0}
{"generation": 2, "position": 50, "parents": [30], "genome": "d(212) r(131,135) r(444,439)", "fitness": 0.0}
{"generation": 2, "position": 51, "parents": [48], "genome": "r(325,244) r(400,367) a(175,206)", "fitness": 0.0}
{"generation": 2, "position": 52, "parents": [7, 15], "genome": "r(124,400) a(134,28) r(332,445)", "fitness": 0.0}
{"generation": 2, "position": 53, "parents": [7, 15], "genome": "r(423,162) d(434) r(145,160)", "fitness": 0.0}
{"generation": 2, "position": 54, "parents": [7], "genome": "r(124,400) a(134,28) d(294)", "fitness": 0.0}
{"generation": 2, "position": 55, "parents": [15], "genome": "r(423,162) d(434) a(236,278)", "fitness": 0.0}
{"generation": 2, "position": 56, "parents": [40], "genome": "d(328) a(181,445) r(171,29)", "fitness": 0.0}
{"generation": 2, "position": 57, "parents": [47], "genome": "a(396,439) r(423,113) r(454,451)", "fitness": 0.0}
{"generation": 2, "position": 58, "parents": [11, 28], "genome": "a(240,448) r(206,162) d(298)", "fitness": 0.0}
{"generation": 2, "position": 59, "parents": [11, 28], "genome": "d(188) r(201,189) a(403,330)", "fitness": 0.0}
{"generation": 2, "position": 60, "parents": [11], "genome": "a(240,448) r(201,189) a(174,178)", "fitness": 0.0}
{"generation": 2, "position": 61, "parents": [28], "genome": "d(188) r(206,162) a(287,247)", "fitness": 0.0}
{"generation": 2, "position": 62, "parents": [55, 33], "genome": "r(382,273) a(358,352) r(475,139)", "fitness": 0.0}
{"generation": 2, "position": 63, "parents": [55, 33], "genome": "d(328) a(335,471) a(136,124)", "fitness": 0.0}
{"generation": 2, "position": 64, "parents": [55], "genome": "r(382,273) a(335,471) d(202)", "fitness": 0.0}
{"generation": 2, "position": 65, "parents": [33], "genome": "d(328) a(358,352) d(435)", "fitness": 0.0}
{"generation": 2, "position": 66, "parents": [2, 11], "genome": "d(115) a(214,471) r(201,189) d(11)", "fitness": 0.0}
{"generation": 2, "position": 67, "parents": [2, 11], "genome": "a(240,448) d(286)", "fitness": 0.0}
{"generation": 2, "position": 68, "parents": [2], "genome": "d(115) a(214,471) r(116,337)", "fitness": 0.0}
{"generation": 3, "position": 0, "parents": [27], "genome": "a(464,286) r(362,235) d(174) r(11,202)", "fitness": 0.0}
{"generation": 3, "position": 1, "parents": [37], "genome": "d(115) r(466,434) r(278,362) d(290)", "fitness": 0.0}
{"generation": 3, "position": 2, "parents": [44], "genome": "d(404) r(453,439) a(358,352) a(340,441) d(212)", "fitness": 0.0}
{"generation": 3, "position": 3, "parents": [34], "genome": "d(249) r(231,241) d(422) a(338,256)", "fitness": 0.0}
{"generation": 3, "position": 4, "parents": [20], "genome": "r(325,244) a(168,166) r(324,362) d(415)", "fitness": 0.0}
{"generation": 3, "position": 5, "parents": [27], "genome": "a(464,286) r(362,235) d(174) d(368)", "fitness": 0.0}
{"generation": 3, "position": 6, "parents": [24, 69], "genome": "d(188) r(206,162) a(292,330) r(201,189) r(212,152) r(281,227)", "fitness": 0.0}
{"generation": 3, "position": 7, "parents": [24, 69], "genome": "a(240,448) d(216)", "fitness": 0.0}
{"generation": 3, "position": 8, "parents": [24], "genome": "d(188) r(206,162) a(292,330) a(416,2)", "fitness": 0.0}
{"generation": 3, "position": 9, "parents": [69], "genome": "a(240,448) r(201,189) r(212,152) r(129,448)", "fitness": 0.0}
{"generation": 3, "position": 10, "parents": [22], "genome": "d(188) r(206,162) r(231,241) d(391) r(213,445)", "fitness": 0.0}
{"generation": 3, "position": 11, "parents": [28], "genome": "r(423,162) r(362,235) a(324,255) r(403,136)", "fitness": 0.0}
{"generation": 3, "position": 12, "parents": [25, 16], "genome": "d(249) r(231,241) d(213)", "fitness": 0.0}
{"generation": 3, "position": 13, "parents": [25, 16], "genome": "d(249) a(180,385) d(223) d(324) d(212)", "fitness": 0.0}
{"generation": 3, "position": 14, "parents": [25], "genome": "d(249) r(231,241) d(324) a(162,400)", "fitness": 0.0}
{"generation": 3, "position": 15, "parents": [16], "genome": "d(249) a(180,385) d(223) d(131)", "fitness": 0.0}
{"generation": 3, "position": 16, "parents": [10, 44], "genome": "r(423,162) a(210,178) r(425,428) r(453,439) a(358,352) a(340,441) a(122,441)", "fitness": 0.0}
{"generation": 3, "position": 17, "parents": [10, 44], "genome": "d(404) d(14)", "fitness": 0.0}
{"generation": 3, "position": 18, "parents": [10], "genome": "r(423,162) a(210,178) r(425,428) r(374,373)", "fitness": 0.0}
{"generation": 3, "position": 19, "parents": [44], "genome": "d(404) r(453,439) a(358,352) a(340,441) d(214)", "fitness": 0.0}
{"generation": 3, "position": 20, "parents": [59], "genome": "d(188) r(201,189) a(403,330) d(206)", "fitness": 0.0}
{"generation": 3, "position": 21, "parents": [11], "genome": "r(423,162) d(403) a(242,303) a(412,382)", "fitness": 0.0}
{"generation": 3, "position": 22, "parents": [7, 27], "genome": "r(325,244) r(400,367) d(462) r(235,294)", "fitness": 0.0}
{"generation": 3, "position": 23, "parents": [7, 27], "genome": "a(464,286) r(362,235) d(174) r(19,276)", "fitness": 0.0}
{"generation": 3, "position": 24, "parents": [7], "genome": "r(325,244) r(400,367) d(462) r(452,289)", "fitness": 0.0}
{"generation": 3, "position": 25, "parents": [27], "genome": "a(464,286) r(362,235) d(174) d(405)", "fitness": 0.0}
{"generation": 3, "position": 26, "parents": [59, 23], "genome": "d(188) r(201,189) d(427)", "fitness": 0.0}
{"generation": 3, "position": 27, "parents": [59, 23], "genome": "d(249) a(227,374) a(403,330) a(394,185)", "fitness": 0.0}
{"generation": 3, "position": 28, "parents": [59], "genome": "d(188) r(201,189) a(403,330) d(214)", "fitness": 0.0}
{"generation": 3, "position": 29, "parents": [23], "genome": "d(249) a(227,374) a(449,385)", "fitness": 0.0}
{"generation": 3, "position": 30, "parents": [2], "genome": "r(325,244) r(400,367) r(210,303) a(134,447)", "fitness": 0.0}
{"generation": 3, "position": 31, "parents": [16], "genome": "d(249) a(180,385) d(223) r(185,289)", "fitness": 0.0}
{"generation": 3, "position": 32, "parents": [56, 62], "genome": "d(328) a(181,445) d(205)", "fitness": 0.0}
{"generation": 3, "position": 33, "parents": [56, 62], "genome": "r(382,273) a(358,352) r(475,139) r(171,29) a(160,406)", "fitness": 0.0}
{"generation": 3, "position": 34, "parents": [56], "genome": "d(328) a(181,445) r(171,29) d(13)", "fitness": 0.0}
{"generation": 3, "position": 35, "parents": [62], "genome": "r(382,273) a(358,352) r(475,139) d(168)", "fitness": 0.0}
{"generation": 3, "position": 36, "parents": [57], "genome": "a(396,439) r(423,113) r(454,451) d(214)", "fitness": 0.0}
{"generation": 3, "position": 37, "parents": [4], "genome": "r(325,244) d(173) a(184,187)", "fitness": 0.0}
{"generation": 3, "position": 38, "parents": [47, 66], "genome": "d(328) a(358,352) d(11) r(398,275)", "fitness": 0.0}
{"generation": 3, "position": 39, "parents": [47, 66], "genome": "d(115) a(214,471) r(201,189) d(287) d(416)", "fitness": 0.0}
{"generation": 3, "position": 40, "parents": [47], "genome": "d(328) a(358,352) d(287) d(449)", "fitness": 0.0}
{"generation": 3, "position": 41, "parents": [66], "genome": "d(115) a(214,471) r(201,189) d(11) a(213,52)", "fitness": 0.0}
{"generation": 3, "position": 42, "parents": [34], "genome": "d(249) r(231,241) d(422) a(150,171)", "fitness": 0.0}
{"generation": 3, "position": 43, "parents": [43], "genome": "r(124,400) a(134,28) a(378,289) a(358,293)", "fitness": 0.0}
{"generation": 3, "position": 44, "parents": [29], "genome": "a(464,286) d(291) d(398) d(214)", "fitness": 0.0}
{"generation": 3, "position": 45, "parents": [44], "genome": "d(404) r(453,439) a(358,352) a(340,441) d(380)", "fitness": 0.0}
{"generation": 3, "position": 46, "parents": [32, 31], "genome": "r(382,273) r(146,221) d(385) a(440,197)", "fitness": 0.0}
{"generation": 3, "position": 47, "parents": [32, 31], "genome": "r(382,273) a(257,357) a(249,287) a(9,120)", "fitness": 0.0}
{"generation": 3, "position": 48, "parents": [32], "genome": "r(382,273) r(146,221) a(249,287) a(24,13)", "fitness": 0.0}
{"generation": 3, "position": 49, "parents": [31], "genome": "r(382,273) a(257,357) d(385) a(368,378)", "fitness": 0.0}
{"generation": 3, "position": 50, "parents": [50], "genome": "d(212) r(131,135) r(444,439) d(116)", "fitness": 0.0}
{"generation": 3, "position": 51, "parents": [23], "genome": "d(249) a(227,374) a(199,462)", "fitness": 0.0}
{"generation": 3, "position": 52, "parents": [28], "genome": "r(423,162) r(362,235) a(324,255) r(427,419)", "fitness": 0.0}
{"generation": 3, "position": 53, "parents": [56], "genome": "d(328) a(181,445) r(171,29) a(462,9)", "fitness": 0.0}
{"generation": 3, "position": 54, "parents": [65], "genome": "d(328) a(358,352) d(435) a(201,151)", "fitness": 0.0}
{"generation": 4, "position": 0, "parents": [2], "genome": "d(404) r(453,439) a(358,352) a(340,441) d(212) a(368,401)", "fitness": 0.0}
{"generation": 4, "position": 1, "parents": [47], "genome": "r(382,273) a(257,357) a(249,287) a(9,120) a(468,133)", "fitness": 0.0}
{"generation": 4, "position": 2, "parents": [28, 32], "genome": "d(188) r(201,189) a(403,330) d(214) d(147)", "fitness": 0.0}
{"generation": 4, "position": 3, "parents": [28, 32], "genome": "d(328) a(181,445) d(205) d(291)", "fitness": 0.0}
{"generation": 4, "position": 4, "parents": [28], "genome": "d(188) r(201,189) a(403,330) d(214) r(238,360)", "fitness": 0.0}
{"generation": 4, "position": 5, "parents": [32], "genome": "d(328) a(181,445) d(205) a(272,462)", "fitness": 0.0}
{"generation": 4, "position": 6, "parents": [38, 16], "genome": "d(328) a(358,352) a(210,178) r(425,428) r(453,439) a(358,352) a(340,441) a(122,441) r(22,37)", "fitness": 0.0}
{"generation": 4, "position": 7, "parents": [38, 16], "genome": "r(423,162) d(11) r(398,275) a(197,272)", "fitness": 0.0}
{"generation": 4, "position": 8, "parents": [38], "genome": "d(328) a(358,352) d(11) r(398,275) a(428,273)", "fitness": 0.0}
{"generation": 4, "position": 9, "parents": [16], "genome": "r(423,162) a(210,178) r(425,428) r(453,439) a(358,352) a(340,441) a(122,441) d(146)", "fitness": 0.0}
{"generation": 4, "position": 10, "parents": [26, 45], "genome": "d(188) r(201,189) a(358,352) a(340,441) d(380) a(14,50)", "fitness": 0.0}
{"generation": 4, "position": 11, "parents": [26, 45], "genome": "d(404) r(453,439) d(427) a(332,235)", "fitness": 0.0}
{"generation": 4, "position": 12, "parents": [26], "genome": "d(188) r(201,189) d(427) r(164,21)", "fitness": 0.0}
{"generation": 4, "position": 13, "parents": [45], "genome": "d(404) r(453,439) a(358,352) a(340,441) d(380) a(213,154)", "fitness": 0.0}
{"generation": 4, "position": 14, "parents": [4, 31], "genome": "r(325,244) a(421,139)", "fitness": 0.0}
{"generation": 4, "position": 15, "parents": [4, 31], "genome": "d(249) a(180,385) d(223) r(185,289) a(168,166) r(324,362) d(415) r(204,413)", "fitness": 0.0}
{"generation": 4, "position": 16, "parents": [4], "genome": "r(325,244) a(168,166) r(324,362) d(415) r(398,409)", "fitness": 0.0}
{"generation": 4, "position": 17, "parents": [31], "genome": "d(249) a(180,385) d(223) r(185,289) a(464,400)", "fitness": 0.0}
{"generation": 4, "position": 18, "parents": [7, 0], "genome": "a(240,448) r(362,235) d(174) r(11,202) d(238)", "fitness": 0.0}
{"generation": 4, "position": 19, "parents": [7, 0], "genome": "a(464,286) d(216) a(213,374)", "fitness": 0.0}
{"generation": 4, "position": 20, "parents": [7], "genome": "a(240,448) d(216) d(274)", "fitness": 0.0}
{"generation": 4, "position": 21, "parents": [0], "genome": "a(464,286) r(362,235) d(174) r(11,202) d(158)", "fitness": 0.0}
{"generation": 4, "position": 22, "parents": [5], "genome": "a(464,286) r(362,235) d(174) d(368) d(276)", "fitness": 0.0}
{"generation": 4, "position": 23, "parents": [36], "genome": "a(396,439) r(423,113) r(454,451) d(214) a(118,138)", "fitness": 0.0}
{"generation": 4, "position": 24, "parents": [24, 0], "genome": "r(325,244) r(400,367) d(462) r(452,289) r(14,349)", "fitness": 0.0}
{"generation": 4, "position": 25, "parents": [24, 0], "genome": "a(464,286) r(362,235) d(174) r(11,202) a(437,275)", "fitness": 0.0}
{"generation": 4, "position": 26, "parents": [24], "genome": "r(325,244) r(400,367) d(462) r(452,289) d(188)", "fitness": 0.0}
{"generation": 4, "position": 27, "parents": [0], "genome": "a(464,286) r(362,235) d(174) r(11,202) d(463)", "fitness": 0.0}
{"generation": 4, "position": 28, "parents": [38], "genome": "d(328) a(358,352) d(11) r(398,275) a(410,358)", "fitness": 0.0}
{"generation": 4, "position": 29, "parents": [51], "genome": "d(249) a(227,374) a(199,462) r(390,402)", "fitness": 0.0}
{"generation": 4, "position": 30, "parents": [13, 19], "genome": "d(249) a(180,385) d(223) r(453,439) a(358,352) a(340,441) d(214) a(253,286)", "fitness": 0.0}
{"generation": 4, "position": 31, "parents": [13, 19], "genome": "d(404) d(324) d(212) a(221,41)", "fitness": 0.0}
{"generation": 4, "position": 32, "parents": [13], "genome": "d(249) a(180,385) d(223) d(324) d(212) d(279)", "fitness": 0.0}
{"generation": 4, "position": 33, "parents": [19], "genome": "d(404) r(453,439) a(358,352) a(340,441) d(214) d(208)", "fitness": 0.0}
{"generation": 4, "position": 34, "parents": [30, 2], "genome": "r(325,244) r(400,367) r(210,303) a(134,447) r(453,439) a(358,352) a(340,441) d(212) a(214,41)", "fitness": 0.0}
{"generation": 4, "position": 35, "parents": [30, 2], "genome": "d(404) r(303,172)", "fitness": 0.0}
{"generation": 4, "position": 36, "parents": [30], "genome": "r(325,244) r(400,367) r(210,303) a(134,447) r(371,398)", "fitness": 0.0}
{"generation": 4, "position": 37, "parents": [2], "genome": "d(404) r(453,439) a(358,352) a(340,441) d(212) r(139,37)", "fitness": 0.0}
{"generation": 4, "position": 38, "parents": [53, 18], "genome": "d(328) a(181,445) r(171,29) r(425,428) r(374,373) a(214,357)", "fitness": 0.0}
{"generation": 4, "position": 39, "parents": [53, 18], "genome": "r(423,162) a(210,178) a(462,9) d(430)", "fitness": 0.0}
{"generation": 4, "position": 40, "parents": [53], "genome": "d(328) a(181,445) r(171,29) a(462,9) r(162,349)", "fitness": 0.0}
{"generation": 4, "position": 41, "parents": [18], "genome": "r(423,162) a(210,178) r(425,428) r(374,373) d(368)", "fitness": 0.0}
{"generation": 4, "position": 42, "parents": [29], "genome": "d(249) a(227,374) a(449,385) r(187,233)", "fitness": 0.0}
{"generation": 4, "position": 43, "parents": [28], "genome": "d(188) r(201,189) a(403,330) d(214) d(227)", "fitness": 0.0}
{"generation": 4, "position": 44, "parents": [52, 31], "genome": "r(423,162) d(223) r(185,289) a(460,272)", "fitness": 0.0}
{"generation": 4, "position": 45, "parents": [52, 31], "genome": "d(249) a(180,385) r(362,235) a(324,255) r(427,419) d(237)", "fitness": 0.0}
{"generation": 4, "position": 46, "parents": [52], "genome": "r(423,162) r(362,235) a(324,255) r(427,419) a(294,178)", "fitness": 0.0}
{"generation": 4, "position": 47, "parents": [31], "genome": "d(249) a(180,385) d(223) r(185,289) d(13)", "fitness": 0.0}
{"generation": 4, "position": 48, "parents": [0], "genome": "a(464,286) r(362,235) d(174) r(11,202) r(214,289)", "fitness": 0.0}
{"generation": 4, "position": 49, "parents": [54], "genome": "d(328) a(358,352) d(435) a(201,151) a(213,37)", "fitness": 0.0}
{"generation": 4, "position": 50, "parents": [46], "genome": "r(382,273) r(146,221) d(385) a(440,197) d(467)", "fitness": 0.0}
{"generation": 4, "position": 51, "parents": [6], "genome": "d(188) r(206,162) a(292,330) r(201,189) r(212,152) r(281,227) a(242,292)", "fitness": 0.0}
{"generation": 4, "position": 52, "parents": [36, 5], "genome": "a(396,439) r(423,113) r(454,451) r(362,235) d(174) d(368) d(124)", "fitness": 0.0}
{"generation": 4, "position": 53, "parents": [36, 5], "genome": "a(464,286) d(214) a(233,251)", "fitness": 0.0}
{"generation": 4, "position": 54, "parents": [36], "genome": "a(396,439) r(423,113) r(454,451) d(214) r(353,332)", "fitness": 0.0}
{"generation": 4, "position": 55, "parents": [5], "genome": "a(464,286) r(362,235) d(174) d(368) a(213,274)", "fitness": 0.0}
{"generation": 4, "position": 56, "parents": [5], "genome": "a(464,286) r(362,235) d(174) d(368) a(213,159)", "fitness": 0.0}
{"generation": 4, "position": 57, "parents": [24], "genome": "r(325,244) r(400,367) d(462) r(452,289) d(330)", "fitness": 0.0}
{"generation": 4, "position": 58, "parents": [38, 19], "genome": "d(328) a(358,352) d(11) r(398,275) a(358,352) a(340,441) d(214) a(10,434)", "fitness": 0.0}
{"generation": 4, "position": 59, "parents": [38, 19], "genome": "d(404) r(453,439) a(216,276)", "fitness": 0.0}
{"generation": 4, "position": 60, "parents": [38], "genome": "d(328) a(358,352) d(11) r(398,275) a(465,471)", "fitness": 0.0}
{"generation": 4, "position": 61, "parents": [19], "genome": "d(404) r(453,439) a(358,352) a(340,441) d(214) r(136,455)", "fitness": 0.0}
{"generation": 4, "position": 62, "parents": [50], "genome": "d(212) r(131,135) r(444,439) d(116) d(183)", "fitness": 0.0}
{"generation": 5, "position": 0, "parents": [27], "genome": "a(464,286) r(362,235) d(174) r(11,202) d(463) d(287)", "fitness": 0.0}
{"generation": 5, "position": 1, "parents": [25], "genome": "a(464,286) r(362,235) d(174) r(11,202) a(437,275) d(223)", "fitness": 0.0}
{"generation": 5, "position": 2, "parents": [27], "genome": "a(464,286) r(362,235) d(174) r(11,202) d(463) a(216,45)", "fitness": 0.0}
{"generation": 5, "position": 3, "parents": [19], "genome": "a(464,286) d(216) a(213,374) d(448)", "fitness": 0.0}
{"generation": 5, "position": 4, "parents": [17], "genome": "d(249) a(180,385) d(223) r(185,289) a(464,400) a(13,185)", "fitness": 0.0}
{"generation": 5, "position": 5, "parents": [14], "genome": "r(325,244) a(421,139) a(212,221)", "fitness": 0.0}
{"generation": 5, "position": 6, "parents": [32, 36], "genome": "d(249) a(180,385) d(223) d(324) d(212) r(120,323)", "fitness": 0.0}
{"generation": 5, "position": 7, "parents": [32, 36], "genome": "r(325,244) r(400,367) r(210,303) a(134,447) r(371,398) d(279) d(254)", "fitness": 0.0}
{"generation": 5, "position": 8, "parents": [32], "genome": "d(249) a(180,385) d(223) d(324) d(212) d(279) d(202)", "fitness": 0.0}
{"generation": 5, "position": 9, "parents": [36], "genome": "r(325,244) r(400,367) r(210,303) a(134,447) r(371,398) a(344,245)", "fitness": 0.0}
{"generation": 5, "position": 10, "parents": [29], "genome": "d(249) a(227,374) a(199,462) r(390,402) r(337,239)", "fitness": 0.0}
{"generation": 5, "position": 11, "parents": [29], "genome": "d(249) a(227,374) a(199,462) r(390,402) r(212,357)", "fitness": 0.0}
{"generation": 5, "position": 12, "parents": [18], "genome": "a(240,448) r(362,235) d(174) r(11,202) d(238) d(396)", "fitness": 0.0}
{"generation": 5, "position": 13, "parents": [4], "genome": "d(188) r(201,189) a(403,330) d(214) r(238,360) a(465,330)", "fitness": 0.0}
{"generation": 5, "position": 14, "parents": [21], "genome": "a(464,286) r(362,235) d(174) r(11,202) d(158) a(392,402)", "fitness": 0.0}
{"generation": 5, "position": 15, "parents": [0], "genome": "d(404) r(453,439) a(358,352) a(340,441) d(212) a(368,401) d(403)", "fitness": 0.0}
{"generation": 5, "position": 16, "parents": [23], "genome": "a(396,439) r(423,113) r(454,451) d(214) a(118,138) a(212,393)", "fitness": 0.0}
{"generation": 5, "position": 17, "parents": [47], "genome": "d(249) a(180,385) d(223) r(185,289) d(13) d(141)", "fitness": 0.0}
{"generation": 5, "position": 18, "parents": [22, 34], "genome": "a(464,286) r(362,235) d(174) r(358,1)", "fitness": 0.0}
{"generation": 5, "position": 19, "parents": [22, 34], "genome": "r(325,244) r(400,367) r(210,303) a(134,447) r(453,439) a(358,352) a(340,441) d(212) a(214,41) d(368) d(276) r(214,202)", "fitness": 0.0}
{"generation": 5, "position": 20, "parents": [22], "genome": "a(464,286) r(362,235) d(174) d(368) d(276) r(414,403)", "fitness": 0.0}
{"generation": 5, "position": 21, "parents": [34], "genome": "r(325,244) r(400,367) r(210,303) a(134,447) r(453,439) a(358,352) a(340,441) d(212) a(214,41) r(171,29)", "fitness": 0.0}
{"generation": 5, "position": 22, "parents": [33], "genome": "d(404) r(453,439) a(358,352) a(340,441) d(214) d(208) a(120,420)", "fitness": 0.0}
{"generation": 5, "position": 23, "parents": [53], "genome": "a(464,286) d(214) a(233,251) r(216,467)", "fitness": 0.0}
{"generation": 5, "position": 24, "parents": [33, 49], "genome": "d(404) r(453,439) a(358,352) a(340,441) d(214) d(208) d(435) a(201,151) a(213,37) a(346,360)", "fitness": 0.0}
{"generation": 5, "position": 25, "parents": [33, 49], "genome": "d(328) a(358,352) r(150,28)", "fitness": 0.0}
{"generation": 5, "position": 26, "parents": [33], "genome": "d(404) r(453,439) a(358,352) a(340,441) d(214) d(208) r(185,467)", "fitness": 0.0}
{"generation": 5, "position": 27, "parents": [49], "genome": "d(328) a(358,352) d(435) a(201,151) a(213,37) a(425,380)", "fitness": 0.0}
{"generation": 5, "position": 28, "parents": [63, 19], "genome": "d(115) d(216) a(213,374) r(425,202)", "fitness": 0.0}
{"generation": 5, "position": 29, "parents": [63, 19], "genome": "a(464,286) a(214,471) r(201,189) d(287) d(416) r(472,227) d(444)", "fitness": 0.0}
{"generation": 5, "position": 30, "parents": [63], "genome": "d(115) a(214,471) r(201,189) d(287) d(416) r(472,227) r(276,286)", "fitness": 0.0}
{"generation": 5, "position": 31, "parents": [19], "genome": "a(464,286) d(216) a(213,374) r(384,475)", "fitness": 0.0}
{"generation": 5, "position": 32, "parents": [62, 16], "genome": "d(212) a(447,273)", "fitness": 0.0}
{"generation": 5, "position": 33, "parents": [62, 16], "genome": "r(325,244) a(168,166) r(324,362) d(415) r(398,409) r(131,135) r(444,439) d(116) d(183) r(213,188)", "fitness": 0.0}
{"generation": 5, "position": 34, "parents": [62], "genome": "d(212) r(131,135) r(444,439) d(116) d(183) r(205,139)", "fitness": 0.0}
{"generation": 5, "position": 35, "parents": [16], "genome": "r(325,244) a(168,166) r(324,362) d(415) r(398,409) a(199,166)", "fitness": 0.0}
{"generation": 5, "position": 36, "parents": [63, 49], "genome": "d(115) a(213,37) d(172)", "fitness": 0.0}
{"generation": 5, "position": 37, "parents": [63, 49], "genome": "d(328) a(358,352) d(435) a(201,151) a(214,471) r(201,189) d(287) d(416) r(472,227) d(434)", "fitness": 0.0}
{"generation": 5, "position": 38, "parents": [63], "genome": "d(115) a(214,471) r(201,189) d(287) d(416) r(472,227) a(173,358)", "fitness": 0.0}
{"generation": 5, "position": 39, "parents": [49], "genome": "d(328) a(358,352) d(435) a(201,151) a(213,37) d(464)", "fitness": 0.0}
{"generation": 5, "position": 40, "parents": [28, 19], "genome": "d(328) a(358,352) d(376)", "fitness": 0.0}
{"generation": 5, "position": 41, "parents": [28, 19], "genome": "a(464,286) d(216) a(213,374) d(11) r(398,275) a(410,358) d(467)", "fitness": 0.0}
{"generation": 5, "position": 42, "parents": [28], "genome": "d(328) a(358,352) d(11) r(398,275) a(410,358) d(229)", "fitness": 0.0}
{"generation": 5, "position": 43, "parents": [19], "genome": "a(464,286) d(216) a(213,374) d(292)", "fitness": 0.0}
{"generation": 5, "position": 44, "parents": [52, 4], "genome": "a(396,439) d(214) r(238,360) a(350,41)", "fitness": 0.0}
{"generation": 5, "position": 45, "parents": [52, 4], "genome": "d(188) r(201,189) a(403,330) r(423,113) r(454,451) r(362,235) d(174) d(368) d(124) d(112)", "fitness": 0.0}
{"generation": 5, "position": 46, "parents": [52], "genome": "a(396,439) r(423,113) r(454,451) r(362,235) d(174) d(368) d(124) a(215,22)", "fitness": 0.0}
{"generation": 5, "position": 47, "parents": [4], "genome": "d(188) r(201,189) a(403,330) d(214) r(238,360) d(254)", "fitness": 0.0}
{"generation": 5, "position": 48, "parents": [47, 31], "genome": "d(249) a(180,385) d(223) r(130,381)", "fitness": 0.0}
{"generation": 5, "position": 49, "parents": [47, 31], "genome": "d(404) d(324) d(212) a(221,41) r(185,289) d(13) a(387,417)", "fitness": 0.0}
{"generation": 5, "position": 50, "parents": [47], "genome": "d(249) a(180,385) d(223) r(185,289) d(13) a(425,420)", "fitness": 0.0}
{"generation": 5, "position": 51, "parents": [31], "genome": "d(404) d(324) d(212) a(221,41) a(20,357)", "fitness": 0.0}
{"generation": 5, "position": 52, "parents": [49], "genome": "d(328) a(358,352) d(435) a(201,151) a(213,37) a(420,357)", "fitness": 0.0}
{"generation": 5, "position": 53, "parents": [24], "genome": "r(325,244) r(400,367) d(462) r(452,289) r(14,349) a(455,45)", "fitness": 0.0}
{"generation": 5, "position": 54, "parents": [40], "genome": "d(328) a(181,445) r(171,29) a(462,9) r(162,349) r(221,415)", "fitness": 0.0}
{"generation": 5, "position": 55, "parents": [33], "genome": "d(404) r(453,439) a(358,352) a(340,441) d(214) d(208) r(178,19)", "fitness": 0.0}
{"generation": 5, "position": 56, "parents": [14], "genome": "r(325,244) a(421,139) a(468,29)", "fitness": 0.0}
{"generation": 6, "position": 0, "parents": [26, 36], "genome": "d(404) r(453,439) a(358,352) a(340,441) d(214) d(208) r(185,467) a(213,37) d(172) a(434,397)", "fitness": 0.0}
{"generation": 6, "position": 1, "parents": [26, 36], "genome": "d(115) r(10,48)", "fitness": 0.0}
{"generation": 6, "position": 2, "parents": [26], "genome": "d(404) r(453,439) a(358,352) a(340,441) d(214) d(208) r(185,467) a(212,146)", "fitness": 0.0}
{"generation": 6, "position": 3, "parents": [36], "genome": "d(115) a(213,37) d(172) d(230)", "fitness": 0.0}
{"generation": 6, "position": 4, "parents": [19, 32], "genome": "r(325,244) r(400,367) d(272)", "fitness": 0.0}
{"generation": 6, "position": 5, "parents": [19, 32], "genome": "d(212) a(447,273) r(210,303) a(134,447) r(453,439) a(358,352) a(340,441) d(212) a(214,41) d(368) d(276) r(214,202) r(15,226)", "fitness": 0.0}
{"generation": 6, "position": 6, "parents": [19], "genome": "r(325,244) r(400,367) r(210,303) a(134,447) r(453,439) a(358,352) a(340,441) d(212) a(214,41) d(368) d(276) r(214,202) a(429,226)", "fitness": 0.0}
{"generation": 6, "position": 7, "parents": [32], "genome": "d(212) a(447,273) r(419,22)", "fitness": 0.0}
{"generation": 6, "position": 8, "parents": [30], "genome": "d(115) a(214,471) r(201,189) d(287) d(416) r(472,227) r(276,286) a(453,172)", "fitness": 0.0}
{"generation": 6, "position": 9, "parents": [15], "genome": "d(404) r(453,439) a(358,352) a(340,441) d(212) a(368,401) d(403) r(465,415)", "fitness": 0.0}
{"generation": 6, "position": 10, "parents": [26], "genome": "d(404) r(453,439) a(358,352) a(340,441) d(214) d(208) r(185,467) d(413)", "fitness": 0.0}
{"generation": 6, "position": 11, "parents": [43], "genome": "a(464,286) d(216) a(213,374) d(292) a(214,139)", "fitness": 0.0}
{"generation": 6, "position": 12, "parents": [42, 38], "genome": "d(328) a(358,352) d(11) r(398,275) a(410,358) a(173,358) r(331,242)", "fitness": 0.0}
{"generation": 6, "position": 13, "parents": [42, 38], "genome": "d(115) a(214,471) r(201,189) d(287) d(416) r(472,227) d(229) r(343,52)", "fitness": 0.0}
{"generation": 6, "position": 14, "parents": [42], "genome": "d(328) a(358,352) d(11) r(398,275) a(410,358) d(229) d(158)", "fitness": 0.0}
{"generation": 6, "position": 15, "parents": [38], "genome": "d(115) a(214,471) r(201,189) d(287) d(416) r(472,227) a(173,358) r(208,167)", "fitness": 0.0}
{"generation": 6, "position": 16, "parents": [22], "genome": "d(404) r(453,439) a(358,352) a(340,441) d(214) d(208) a(120,420) d(417)", "fitness": 0.0}
{"generation": 6, "position": 17, "parents": [24], "genome": "d(404) r(453,439) a(358,352) a(340,441) d(214) d(208) d(435) a(201,151) a(213,37) a(346,360) a(213,330)", "fitness": 0.0}
{"generation": 6, "position": 18, "parents": [41], "genome": "a(464,286) d(216) a(213,374) d(11) r(398,275) a(410,358) d(467) r(25,233)", "fitness": 0.0}
{"generation": 6, "position": 19, "parents": [3], "genome": "a(464,286) d(216) a(213,374) d(448) d(394)", "fitness": 0.0}
{"generation": 6, "position": 20, "parents": [51], "genome": "d(404) d(324) d(212) a(221,41) a(20,357) d(378)", "fitness": 0.0}
{"generation": 6, "position": 21, "parents": [29], "genome": "a(464,286) a(214,471) r(201,189) d(287) d(416) r(472,227) d(444) a(118,29)", "fitness": 0.0}
{"generation": 6, "position": 22, "parents": [45, 11], "genome": "d(188) r(201,189) a(403,330) r(423,113) r(454,451) r(362,235) r(390,402) r(212,357) r(161,228)", "fitness": 0.0}
{"generation": 6, "position": 23, "parents": [45, 11], "genome": "d(249) a(227,374) a(199,462) d(174) d(368) d(124) d(112) d(281)", "fitness": 0.0}
{"generation": 6, "position": 24, "parents": [45], "genome": "d(188) r(201,189) a(403,330) r(423,113) r(454,451) r(362,235) d(174) d(368) d(124) d(112) r(151,29)", "fitness": 0.0}
{"generation": 6, "position": 25, "parents": [11], "genome": "d(249) a(227,374) a(199,462) r(390,402) r(212,357) d(300)", "fitness": 0.0}
{"generation": 6, "position": 26, "parents": [32], "genome": "d(212) a(447,273) a(390,173)", "fitness": 0.0}
{"generation": 6, "position": 27, "parents": [10], "genome": "d(249) a(227,374) a(199,462) r(390,402) r(337,239) d(291)", "fitness": 0.0}
{"generation": 6, "position": 28, "parents": [13], "genome": "d(188) r(201,189) a(403,330) d(214) r(238,360) a(465,330) a(351,232)", "fitness": 0.0}
{"generation": 6, "position": 29, "parents": [38], "genome": "d(115) a(214,471) r(201,189) d(287) d(416) r(472,227) a(173,358) d(452)", "fitness": 0.0}
{"generation": 6, "position": 30, "parents": [18], "genome": "a(464,286) r(362,235) d(174) r(358,1) r(403,425)", "fitness": 0.0}
{"generation": 6, "position": 31, "parents": [51], "genome": "d(404) d(324) d(212) a(221,41) a(20,357) r(398,31)", "fitness": 0.0}
{"generation": 6, "position": 32, "parents": [22, 5], "genome": "d(404) r(453,439) a(358,352) a(340,441) d(214) a(421,139) a(212,221) d(286)", "fitness": 0.0}
{"generation": 6, "position": 33, "parents": [22, 5], "genome": "r(325,244) d(208) a(120,420) d(214)", "fitness": 0.0}
{"generation": 6, "position": 34, "parents": [22], "genome": "d(404) r(453,439) a(358,352) a(340,441) d(214) d(208) a(120,420) d(146)", "fitness": 0.0}
{"generation": 6, "position": 35, "parents": [5], "genome": "r(325,244) a(421,139) a(212,221) d(24)", "fitness": 0.0}
{"generation": 6, "position": 36, "parents": [20], "genome": "a(464,286) r(362,235) d(174) d(368) d(276) r(414,403) d(253)", "fitness": 0.0}
{"generation": 6, "position": 37, "parents": [15], "genome": "d(404) r(453,439) a(358,352) a(340,441) d(212) a(368,401) d(403) r(112,275)", "fitness": 0.0}
{"generation": 6, "position": 38, "parents": [28], "genome": "d(115) d(216) a(213,374) r(425,202) d(128)", "fitness": 0.0}
{"generation": 6, "position": 39, "parents": [29], "genome": "a(464,286) a(214,471) r(201,189) d(287) d(416) r(472,227) d(444) a(422,445)", "fitness": 0.0}
{"generation": 6, "position": 40, "parents": [7], "genome": "r(325,244) r(400,367) r(210,303) a(134,447) r(371,398) d(279) d(254) r(467,31)", "fitness": 0.0}
{"generation": 6, "position": 41, "parents": [48], "genome": "d(249) a(180,385) d(223) r(130,381) a(1,9)", "fitness": 0.0}
{"generation": 6, "position": 42, "parents": [29, 27], "genome": "a(464,286) a(214,471) r(201,189) d(287) d(416) r(472,227) d(444) a(358,352) d(435) a(201,151) a(213,37) a(425,380) a(247,351)", "fitness": 0.0}
{"generation": 6, "position": 43, "parents": [29, 27], "genome": "d(328) r(137,202)", "fitness": 0.0}
{"generation": 6, "position": 44, "parents": [29], "genome": "a(464,286) a(214,471) r(201,189) d(287) d(416) r(472,227) d(444) d(400)", "fitness": 0.0}
{"generation": 6, "position": 45, "parents": [27], "genome": "d(328) a(358,352) d(435) a(201,151) a(213,37) a(425,380) d(225)", "fitness": 0.0}
{"generation": 6, "position": 46, "parents": [36, 47], "genome": "d(115) a(213,37) d(172) a(394,475)", "fitness": 0.0}
{"generation": 6, "position": 47, "parents": [36, 47], "genome": "d(188) r(201,189) a(403,330) d(214) r(238,360) d(254) a(388,425)", "fitness": 0.0}
{"generation": 6, "position": 48, "parents": [36], "genome": "d(115) a(213,37) d(172) a(230,253)", "fitness": 0.0}
{"generation": 6, "position": 49, "parents": [47], "genome": "d(188) r(201,189) a(403,330) d(214) r(238,360) d(254) r(377,388)", "fitness": 0.0}
{"generation": 6, "position": 50, "parents": [30], "genome": "d(115) a(214,471) r(201,189) d(287) d(416) r(472,227) r(276,286) r(421,384)", "fitness": 0.0}
{"generation": 6, "position": 51, "parents": [39], "genome": "d(328) a(358,352) d(435) a(201,151) a(213,37) d(464) d(19)", "fitness": 0.0}
{"generation": 6, "position": 52, "parents": [23], "genome": "a(464,286) d(214) a(233,251) r(216,467) a(327,247)", "fitness": 0.0}
{"generation": 7, "position": 0, "parents": [41, 46], "genome": "d(249) a(394,475) d(213)", "fitness": 5.0}
{"generation": 7, "position": 1, "parents": [41, 46], "genome": "d(115) a(213,37) d(172) a(180,385) d(223) r(130,381) a(1,9) r(384,133)", "fitness": 0.0}
{"generation": 7, "position": 2, "parents": [41], "genome": "d(249) a(180,385) d(223) r(130,381) a(1,9) a(202,120)", "fitness": 0.0}
{"generation": 7, "position": 3, "parents": [46], "genome": "d(115) a(213,37) d(172) a(394,475) a(399,416)", "fitness": 0.0}
{"generation": 7, "position": 4, "parents": [37, 42], "genome": "d(404) r(453,439) a(358,352) a(340,441) d(212) a(201,151) a(213,37) a(425,380) a(247,351) a(277,400)", "fitness": 0.0}
{"generation": 7, "position": 5, "parents": [37, 42], "genome": "a(464,286) a(214,471) r(201,189) d(287) d(416) r(472,227) d(444) a(358,352) d(435) a(368,401) d(403) r(112,275) a(248,341)", "fitness": 0.0}
{"generation": 7, "position": 6, "parents": [37], "genome": "d(404) r(453,439) a(358,352) a(340,441) d(212) a(368,401) d(403) r(112,275) r(293,254)", "fitness": 0.0}
{"generation": 7, "position": 7, "parents": [42], "genome": "a(464,286) a(214,471) r(201,189) d(287) d(416) r(472,227) d(444) a(358,352) d(435) a(201,151) a(213,37) a(425,380) a(247,351) r(448,381)", "fitness": 0.0}
{"generation": 7, "position": 8, "parents": [34], "genome": "d(404) r(453,439) a(358,352) a(340,441) d(214) d(208) a(120,420) d(146) a(390,202)", "fitness": 0.0}
{"generation": 7, "position": 9, "parents": [14], "genome": "d(328) a(358,352) d(11) r(398,275) a(410,358) d(229) d(158) r(176,153)", "fitness": 0.0}
{"generation": 7, "position": 10, "parents": [32, 38], "genome": "d(404) r(453,439) a(358,352) a(340,441) d(214) a(421,139) a(212,221) d(286) d(216) a(213,374) r(425,202) d(128) d(119)", "fitness": 0.0}
{"generation": 7, "position": 11, "parents": [32, 38], "genome": "d(115) d(210)", "fitness": 0.0}
{"generation": 7, "position": 12, "parents": [32], "genome": "d(404) r(453,439) a(358,352) a(340,441) d(214) a(421,139) a(212,221) d(286) a(184,28)", "fitness": 0.0}
{"generation": 7, "position": 13, "parents": [38], "genome": "d(115) d(216) a(213,374) r(425,202) d(128) a(462,434)", "fitness": 0.0}
{"generation": 7, "position": 14, "parents": [47, 5], "genome": "d(188) r(201,189) a(403,330) d(214) r(238,360) d(254) a(388,425) d(368) d(276) r(214,202) r(15,226) d(374)", "fitness": 0.0}
{"generation": 7, "position": 15, "parents": [47, 5], "genome": "d(212) a(447,273) r(210,303) a(134,447) r(453,439) a(358,352) a(340,441) d(212) a(214,41) r(326,400)", "fitness": 0.0}
{"generation": 7, "position": 16, "parents": [47], "genome": "d(188) r(201,189) a(403,330) d(214) r(238,360) d(254) a(388,425) a(390,341)", "fitness": 0.0}
{"generation": 7, "position": 17, "parents": [5], "genome": "d(212) a(447,273) r(210,303) a(134,447) r(453,439) a(358,352) a(340,441) d(212) a(214,41) d(368) d(276) r(214,202) r(15,226) d(339)", "fitness": 0.0}
{"generation": 7, "position": 18, "parents": [3, 33], "genome": "d(115) a(120,420) d(214) r(447,323)", "fitness": 0.0}
{"generation": 7, "position": 19, "parents": [3, 33], "genome": "r(325,244) d(208) a(213,37) d(172) d(230) r(210,187)", "fitness": 0.0}
{"generation": 7, "position": 20, "parents": [3], "genome": "d(115) a(213,37) d(172) d(230) a(275,235)", "fitness": 0.0}
{"generation": 7, "position": 21, "parents": [33], "genome": "r(325,244) d(208) a(120,420) d(214) d(274)", "fitness": 0.0}
{"generation": 7, "position": 22, "parents": [16, 35], "genome": "d(404) r(453,439) a(358,352) a(340,441) d(214) d(208) d(330)", "fitness": 0.0}
{"generation": 7, "position": 23, "parents": [16, 35], "genome": "r(325,244) a(421,139) a(212,221) d(24) a(120,420) d(417) r(172,420)", "fitness": 0.0}
{"generation": 7, "position": 24, "parents": [16], "genome": "d(404) r(453,439) a(358,352) a(340,441) d(214) d(208) a(120,420) d(417) d(127)", "fitness": 0.0}
{"generation": 7, "position": 25, "parents": [35], "genome": "r(325,244) a(421,139) a(212,221) d(24) d(454)", "fitness": 0.0}
{"generation": 7, "position": 26, "parents": [18, 15], "genome": "a(464,286) d(416) r(472,227) a(173,358) r(208,167) r(287,462)", "fitness": 0.0}
{"generation": 7, "position": 27, "parents": [18, 15], "genome": "d(115) a(214,471) r(201,189) d(287) d(216) a(213,374) d(11) r(398,275) a(410,358) d(467) r(25,233) d(411)", "fitness": 0.0}
{"generation": 7, "position": 28, "parents": [18], "genome": "a(464,286) d(216) a(213,374) d(11) r(398,275) a(410,358) d(467) r(25,233) a(435,358)", "fitness": 0.0}
{"generation": 7, "position": 29, "parents": [15], "genome": "d(115) a(214,471) r(201,189) d(287) d(416) r(472,227) a(173,358) r(208,167) r(439,406)", "fitness": 0.0}
{"generation": 7, "position": 30, "parents": [33, 41], "genome": "r(325,244) r(130,381) a(1,9) a(9,228)", "fitness": 10.0}
{"generation": 7, "position": 31, "parents": [33, 41], "genome": "d(249) a(180,385) d(223) d(208) a(120,420) d(214) r(287,250)", "fitness": 0.0}
{"generation": 7, "position": 32, "parents": [33], "genome": "r(325,244) d(208) a(120,420) d(214) d(385)", "fitness": 0.0}
{"generation": 7, "position": 33, "parents": [41], "genome": "d(249) a(180,385) d(223) r(130,381) a(1,9) d(273)", "fitness": 0.0}
{"generation": 7, "position": 34, "parents": [36], "genome": "a(464,286) r(362,235) d(174) d(368) d(276) r(414,403) d(253) d(346)", "fitness": 0.0}
{"generation": 7, "position": 35, "parents": [4], "genome": "r(325,244) r(400,367) d(272) r(3,23)", "fitness": 0.0}
{"generation": 7, "position": 36, "parents": [44], "genome": "a(464,286) a(214,471) r(201,189) d(287) d(416) r(472,227) d(444) d(400) a(181,467)", "fitness": 0.0}
{"generation": 7, "position": 37, "parents": [2], "genome": "d(404) r(453,439) a(358,352) a(340,441) d(214) d(208) r(185,467) a(212,146) r(374,421)", "fitness": 0.0}
{"generation": 7, "position": 38, "parents": [37, 41], "genome": "d(404) r(453,439) a(1,9) r(471,286)", "fitness": 0.0}
{"generation": 7, "position": 39, "parents": [37, 41], "genome": "d(249) a(180,385) d(223) r(130,381) a(358,352) a(340,441) d(212) a(368,401) d(403) r(112,275) d(304)", "fitness": 0.0}
{"generation": 7, "position": 40, "parents": [37], "genome": "d(404) r(453,439) a(358,352) a(340,441) d(212) a(368,401) d(403) r(112,275) r(237,381)", "fitness": 0.0}
{"generation": 7, "position": 41, "parents": [41], "genome": "d(249) a(180,385) d(223) r(130,381) a(1,9) d(420)", "fitness": 0.0}
{"generation": 7, "position": 42, "parents": [43, 14], "genome": "d(328) a(358,352) d(11) r(398,275) a(410,358) d(229) d(158) a(134,273)", "fitness": 0.0}
{"generation": 7, "position": 43, "parents": [43, 14], "genome": "d(328) r(137,202) a(463,185)", "fitness": 0.0}
{"generation": 7, "position": 44, "parents": [43], "genome": "d(328) r(137,202) r(424,154)", "fitness": 0.0}
{"generation": 7, "position": 45, "parents": [14], "genome": "d(328) a(358,352) d(11) r(398,275) a(410,358) d(229) d(158) r(405,388)", "fitness": 0.0}
{"generation": 7, "position": 46, "parents": [39, 20], "genome": "a(464,286) a(214,471) r(201,189) d(287) d(416) d(378) d(141)", "fitness": 0.0}
{"generation": 7, "position": 47, "parents": [39, 20], "genome": "d(404) d(324) d(212) a(221,41) a(20,357) r(472,227) d(444) a(422,445) r(14,462)", "fitness": 0.0}
{"generation": 7, "position": 48, "parents": [39], "genome": "a(464,286) a(214,471) r(201,189) d(287) d(416) r(472,227) d(444) a(422,445) r(230,221)", "fitness": 0.0}
{"generation": 7, "position": 49, "parents": [20], "genome": "d(404) d(324) d(212) a(221,41) a(20,357) d(378) r(162,385)", "fitness": 0.0}
{"generation": 7, "position": 50, "parents": [10], "genome": "d(404) r(453,439) a(358,352) a(340,441) d(214) d(208) r(185,467) d(413) a(14,226)", "fitness": 0.0}
{"generation": 7, "position": 51, "parents": [13], "genome": "d(115) a(214,471) r(201,189) d(287) d(416) r(472,227) d(229) r(343,52) a(334,289)", "fitness": 0.0}
{"generation": 7, "position": 52, "parents": [5, 3], "genome": "d(212) a(447,273) r(210,303) a(134,447) r(453,439) a(358,352) a(340,441) d(212) a(214,41) d(368) d(276) r(214,202) r(15,226) d(119)", "fitness": 0.0}
{"generation": 7, "position": 53, "parents": [5, 3], "genome": "d(115) a(213,37) d(172) d(230) a(451,31)", "fitness": 0.0}
{"generation": 7, "position": 54, "parents": [5], "genome": "d(212) a(447,273) r(210,303) a(134,447) r(453,439) a(358,352) a(340,441) d(212) a(214,41) d(368) d(276) r(214,202) r(15,226) d(230)", "fitness": 0.0}
{"generation": 7, "position": 55, "parents": [3], "genome": "d(115) a(213,37) d(172) d(230) d(15)", "fitness": 0.0}
{"generation": 7, "position": 56, "parents": [6, 7], "genome": "r(325,244) r(400,367) r(210,303) a(134,447) r(453,439) a(358,352) a(340,441) d(212) a(214,41) d(368) d(276) r(214,202) a(249,252)", "fitness": 0.0}
{"generation": 7, "position": 57, "parents": [6, 7], "genome": "d(212) a(447,273) r(419,22) a(429,226) r(304,240)", "fitness": 0.0}
{"generation": 7, "position": 58, "parents": [6], "genome": "r(325,244) r(400,367) r(210,303) a(134,447) r(453,439) a(358,352) a(340,441) d(212) a(214,41) d(368) d(276) r(214,202) a(429,226) a(213,205)", "fitness": 0.0}
{"generation": 7, "position": 59, "parents": [7], "genome": "d(212) a(447,273) r(419,22) d(290)", "fitness": 0.0}
{"generation": 7, "position": 60, "parents": [20], "genome": "d(404) d(324) d(212) a(221,41) a(20,357) d(378) a(435,471)", "fitness": 0.0}
{"generation": 7, "position": 61, "parents": [41], "genome": "d(249) a(180,385) d(223) r(130,381) a(1,9) d(175)", "fitness": 0.0}
{"generation": 7, "position": 62, "parents": [49, 26], "genome": "d(188) r(201,189) a(403,330) d(214) r(238,360) a(447,273) a(390,173) d(192)", "fitness": 0.0}
{"generation": 7, "position": 63, "parents": [49, 26], "genome": "d(212) d(254) r(377,388) r(370,13)", "fitness": 0.0}
{"generation": 7, "position": 64, "parents": [49], "genome": "d(188) r(201,189) a(403,330) d(214) r(238,360) d(254) r(377,388) a(167,183)", "fitness": 0.0}
{"generation": 7, "position": 65, "parents": [26], "genome": "d(212) a(447,273) a(390,173) a(153,462)", "fitness": 0.0}
{"generation": 7, "position": 66, "parents": [48], "genome": "d(115) a(213,37) d(172) a(230,253) r(3,133)", "fitness": 0.0}
{"generation": 8, "position": 0, "parents": [59, 47], "genome": "d(212) a(447,273) r(419,22) r(472,227) d(444) a(422,445) r(14,462) a(415,415)", "fitness": 0.0}
{"generation": 8, "position": 1, "parents": [59, 47], "genome": "d(404) d(324) d(212) a(221,41) a(20,357) d(290) a(167,323)", "fitness": 0.0}
{"generation": 8, "position": 2, "parents": [59], "genome": "d(212) a(447,273) r(419,22) d(290) d(274)", "fitness": 0.0}
{"generation": 8, "position": 3, "parents": [47], "genome": "d(404) d(324) d(212) a(221,41) a(20,357) r(472,227) d(444) a(422,445) r(14,462) d(328)", "fitness": 0.0}
{"generation": 8, "position": 4, "parents": [13], "genome": "d(115) d(216) a(213,374) r(425,202) d(128) a(462,434) a(150,274)", "fitness": 0.0}
{"generation": 8, "position": 5, "parents": [53], "genome": "d(115) a(213,37) d(172) d(230) a(451,31) r(284,231)", "fitness": 0.0}
{"generation": 8, "position": 6, "parents": [19, 47], "genome": "r(325,244) d(208) a(213,37) d(172) d(230) r(210,187) a(422,445) r(14,462) d(299)", "fitness": 0.0}
{"generation": 8, "position": 7, "parents": [19, 47], "genome": "d(404) d(324) d(212) a(221,41) a(20,357) r(472,227) d(444) d(210)", "fitness": 0.0}
{"generation": 8, "position": 8, "parents": [19], "genome": "r(325,244) d(208) a(213,37) d(172) d(230) r(210,187) a(137,227)", "fitness": 0.0}
{"generation": 8, "position": 9, "parents": [47], "genome": "d(404) d(324) d(212) a(221,41) a(20,357) r(472,227) d(444) a(422,445) r(14,462) r(237,330)", "fitness": 0.0}
{"generation": 8, "position": 10, "parents": [37, 2], "genome": "d(404) r(453,439) a(358,352) a(340,441) d(214) d(208) a(210,439)", "fitness": 0.0}
{"generation": 8, "position": 11, "parents": [37, 2], "genome": "d(249) a(180,385) d(223) r(130,381) a(1,9) a(202,120) r(185,467) a(212,146) r(374,421) r(425,31)", "fitness": 0.0}
{"generation": 8, "position": 12, "parents": [37], "genome": "d(404) r(453,439) a(358,352) a(340,441) d(214) d(208) r(185,467) a(212,146) r(374,421) d(188)", "fitness": 0.0}
{"generation": 8, "position": 13, "parents": [2], "genome": "d(249) a(180,385) d(223) r(130,381) a(1,9) a(202,120) a(286,330)", "fitness": 0.0}
{"generation": 8, "position": 14, "parents": [20], "genome": "d(115) a(213,37) d(172) d(230) a(275,235) d(460)", "fitness": 0.0}
{"generation": 8, "position": 15, "parents": [59], "genome": "d(212) a(447,273) r(419,22) d(290) d(204)", "fitness": 0.0}
{"generation": 8, "position": 16, "parents": [32], "genome": "r(325,244) d(208) a(120,420) d(214) d(385) r(455,330)", "fitness": 0.0}
{"generation": 8, "position": 17, "parents": [44], "genome": "d(328) r(137,202) r(424,154) r(182,1)", "fitness": 0.0}
{"generation": 8, "position": 18, "parents": [62, 38], "genome": "d(188) r(201,189) a(403,330) d(214) r(238,360) a(447,273) r(453,439) a(1,9) r(471,286) d(328)", "fitness": 0.0}
{"generation": 8, "position": 19, "parents": [62, 38], "genome": "d(404) a(390,173) d(192) a(238,291)", "fitness": 0.0}
{"generation": 8, "position": 20, "parents": [62], "genome": "d(188) r(201,189) a(403,330) d(214) r(238,360) a(447,273) a(390,173) d(192) r(274,247)", "fitness": 0.0}
{"generation": 8, "position": 21, "parents": [38], "genome": "d(404) r(453,439) a(1,9) r(471,286) a(473,475)", "fitness": 0.0}
{"generation": 8, "position": 22, "parents": [65], "genome": "d(212) a(447,273) a(390,173) a(153,462) r(459,467)", "fitness": 0.0}
{"generation": 8, "position": 23, "parents": [29], "genome": "d(115) a(214,471) r(201,189) d(287) d(416) r(472,227) a(173,358) r(208,167) r(439,406) a(2,22)", "fitness": 0.0}
{"generation": 8, "position": 24, "parents": [22, 41], "genome": "d(404) r(453,439) a(358,352) a(1,9) d(420) r(199,178)", "fitness": 0.0}
{"generation": 8, "position": 25, "parents": [22, 41], "genome": "d(249) a(180,385) d(223) r(130,381) a(340,441) d(214) d(208) d(330) r(213,45)", "fitness": 0.0}
{"generation": 8, "position": 26, "parents": [22], "genome": "d(404) r(453,439) a(358,352) a(340,441) d(214) d(208) d(330) a(411,136)", "fitness": 0.0}
{"generation": 8, "position": 27, "parents": [41], "genome": "d(249) a(180,385) d(223) r(130,381) a(1,9) d(420) r(434,358)", "fitness": 0.0}
{"generation": 8, "position": 28, "parents": [59, 6], "genome": "d(212) r(293,254) r(416,294)", "fitness": 0.0}
{"generation": 8, "position": 29, "parents": [59, 6], "genome": "d(404) r(453,439) a(358,352) a(340,441) d(212) a(368,401) d(403) r(112,275) a(447,273) r(419,22) d(290) a(435,136)", "fitness": 0.0}
{"generation": 8, "position": 30, "parents": [59], "genome": "d(212) a(447,273) r(419,22) d(290) d(252)", "fitness": 0.0}
{"generation": 8, "position": 31, "parents": [6], "genome": "d(404) r(453,439) a(358,352) a(340,441) d(212) a(368,401) d(403) r(112,275) r(293,254) a(164,165)", "fitness": 0.0}
{"generation": 8, "position": 32, "parents": [51, 57], "genome": "d(115) a(214,471) r(201,189) d(287) a(429,226) r(304,240) a(109,330)", "fitness": 0.0}
{"generation": 8, "position": 33, "parents": [51, 57], "genome": "d(212) a(447,273) r(419,22) d(416) r(472,227) d(229) r(343,52) a(334,289) a(415,386)", "fitness": 0.0}
{"generation": 8, "position": 34, "parents": [51], "genome": "d(115) a(214,471) r(201,189) d(287) d(416) r(472,227) d(229) r(343,52) a(334,289) a(382,416)", "fitness": 0.0}
{"generation": 8, "position": 35, "parents": [57], "genome": "d(212) a(447,273) r(419,22) a(429,226) r(304,240) d(115)", "fitness": 0.0}
{"generation": 8, "position": 36, "parents": [35, 22], "genome": "r(325,244) r(400,367) d(272) d(208) d(330) r(3,303)", "fitness": 0.0}
{"generation": 8, "position": 37, "parents": [35, 22], "genome": "d(404) r(453,439) a(358,352) a(340,441) d(214) r(3,23) r(188,45)", "fitness": 0.0}
{"generation": 8, "position": 38, "parents": [35], "genome": "r(325,244) r(400,367) d(272) r(3,23) d(220)", "fitness": 0.0}
{"generation": 8, "position": 39, "parents": [22], "genome": "d(404) r(453,439) a(358,352) a(340,441) d(214) d(208) d(330) d(216)", "fitness": 0.0}
{"generation": 8, "position": 40, "parents": [40], "genome": "d(404) r(453,439) a(358,352) a(340,441) d(212) a(368,401) d(403) r(112,275) r(237,381) a(292,251)", "fitness": 0.0}
{"generation": 8, "position": 41, "parents": [66], "genome": "d(115) a(213,37) d(172) a(230,253) r(3,133) a(116,110)", "fitness": 0.0}
{"generation": 8, "position": 42, "parents": [11, 48], "genome": "d(115) d(416) r(472,227) d(444) a(422,445) r(230,221) d(341)", "fitness": 0.0}
{"generation": 8, "position": 43, "parents": [11, 48], "genome": "a(464,286) a(214,471) r(201,189) d(287) d(210) r(293,444)", "fitness": 0.0}
{"generation": 8, "position": 44, "parents": [11], "genome": "d(115) d(210) r(337,455)", "fitness": 0.0}
{"generation": 8, "position": 45, "parents": [48], "genome": "a(464,286) a(214,471) r(201,189) d(287) d(416) r(472,227) d(444) a(422,445) r(230,221) r(367,385)", "fitness": 0.0}
{"generation": 8, "position": 46, "parents": [45, 43], "genome": "d(328) a(358,352) d(11) a(463,185) a(331,247)", "fitness": 0.0}
{"generation": 8, "position": 47, "parents": [45, 43], "genome": "d(328) r(137,202) r(398,275) a(410,358) d(229) d(158) r(405,388) d(210)", "fitness": 0.0}
{"generation": 8, "position": 48, "parents": [45], "genome": "d(328) a(358,352) d(11) r(398,275) a(410,358) d(229) d(158) r(405,388) r(423,380)", "fitness": 0.0}
{"generation": 8, "position": 49, "parents": [43], "genome": "d(328) r(137,202) a(463,185) a(204,194)", "fitness": 0.0}
{"generation": 8, "position": 50, "parents": [5], "genome": "a(464,286) a(214,471) r(201,189) d(287) d(416) r(472,227) d(444) a(358,352) d(435) a(368,401) d(403) r(112,275) a(248,341) r(120,129)", "fitness": 0.0}
{"generation": 8, "position": 51, "parents": [51], "genome": "d(115) a(214,471) r(201,189) d(287) d(416) r(472,227) d(229) r(343,52) a(334,289) d(397)", "fitness": 0.0}
{"generation": 8, "position": 52, "parents": [22, 42], "genome": "d(404) r(453,439) d(11) r(398,275) a(410,358) d(229) d(158) a(134,273) r(194,455)", "fitness": 0.0}
{"generation": 8, "position": 53, "parents": [22, 42], "genome": "d(328) a(358,352) a(358,352) a(340,441) d(214) d(208) d(330) a(352,250)", "fitness": 0.0}
{"generation": 8, "position": 54, "parents": [22], "genome": "d(404) r(453,439) a(358,352) a(340,441) d(214) d(208) d(330) r(415,411)", "fitness": 0.0}
{"generation": 8, "position": 55, "parents": [42], "genome": "d(328) a(358,352) d(11) r(398,275) a(410,358) d(229) d(158) a(134,273) a(210,406)", "fitness": 0.0}
{"generation": 8, "position": 56, "parents": [57], "genome": "d(212) a(447,273) r(419,22) a(429,226) r(304,240) d(411)", "fitness": 0.0}
{"generation": 8, "position": 57, "parents": [19], "genome": "r(325,244) d(208) a(213,37) d(172) d(230) r(210,187) r(213,181)", "fitness": 0.0}
{"generation": 8, "position": 58, "parents": [64, 43], "genome": "d(188) r(201,189) a(403,330) d(214) r(238,360) d(254) r(137,202) a(463,185) r(247,185)", "fitness": 0.0}
{"generation": 8, "position": 59, "parents": [64, 43], "genome": "d(328) r(377,388) a(167,183) d(277)", "fitness": 0.0}
{"generation": 8, "position": 60, "parents": [64], "genome": "d(188) r(201,189) a(403,330) d(214) r(238,360) d(254) r(377,388) a(167,183) r(166,303)", "fitness": 0.0}
{"generation": 8, "position": 61, "parents": [43], "genome": "d(328) r(137,202) a(463,185) a(470,228)", "fitness": 0.0}
{"generation": 8, "position": 62, "parents": [16, 25], "genome": "d(188) r(201,189) a(403,330) d(214) r(238,360) a(421,139) a(212,221) d(24) d(454) d(137)", "fitness": 0.0}
{"generation": 8, "position": 63, "parents": [16, 25], "genome": "r(325,244) d(254) a(388,425) a(390,341) r(242,338)", "fitness": 0.0}
{"generation": 8, "position": 64, "parents": [16], "genome": "d(188) r(201,189) a(403,330) d(214) r(238,360) d(254) a(388,425) a(390,341) a(422,227)", "fitness": 0.0}
{"generation": 9, "position": 0, "parents": [49], "genome": "d(328) r(137,202) a(463,185) a(204,194) d(297)", "fitness": 0.0}
{"generation": 9, "position": 1, "parents": [55], "genome": "d(328) a(358,352) d(11) r(398,275) a(410,358) d(229) d(158) a(134,273) a(210,406) a(143,434)", "fitness": 0.0}
{"generation": 9, "position": 2, "parents": [1, 25], "genome": "d(404) d(324) d(212) a(221,41) a(20,357) d(330) r(213,45) a(167,151)", "fitness": 0.0}
{"generation": 9, "position": 3, "parents": [1, 25], "genome": "d(249) a(180,385) d(223) r(130,381) a(340,441) d(214) d(208) d(290) a(167,323) r(423,178)", "fitness": 0.0}
{"generation": 9, "position": 4, "parents": [1], "genome": "d(404) d(324) d(212) a(221,41) a(20,357) d(290) a(167,323) r(173,475)", "fitness": 0.0}
{"generation": 9, "position": 5, "parents": [25], "genome": "d(249) a(180,385) d(223) r(130,381) a(340,441) d(214) d(208) d(330) r(213,45) a(210,357)", "fitness": 0.0}
{"generation": 9, "position": 6, "parents": [25], "genome": "d(249) a(180,385) d(223) r(130,381) a(340,441) d(214) d(208) d(330) r(213,45) r(428,447)", "fitness": 0.0}
{"generation": 9, "position": 7, "parents": [15], "genome": "d(212) a(447,273) r(419,22) d(290) d(204) r(202,171)", "fitness": 0.0}
{"generation": 9, "position": 8, "parents": [26, 64], "genome": "d(404) a(422,227) d(387)", "fitness": 0.0}
{"generation": 9, "position": 9, "parents": [26, 64], "genome": "d(188) r(201,189) a(403,330) d(214) r(238,360) d(254) a(388,425) a(390,341) r(453,439) a(358,352) a(340,441) d(214) d(208) d(330) a(411,136) r(277,276)", "fitness": 0.0}
{"generation": 9, "position": 10, "parents": [26], "genome": "d(404) r(453,439) a(358,352) a(340,441) d(214) d(208) d(330) a(411,136) a(369,413)", "fitness": 0.0}
{"generation": 9, "position": 11, "parents": [64], "genome": "d(188) r(201,189) a(403,330) d(214) r(238,360) d(254) a(388,425) a(390,341) a(422,227) d(204)", "fitness": 0.0}
{"generation": 9, "position": 12, "parents": [57, 48], "genome": "r(325,244) r(368,413)", "fitness": 0.0}
{"generation": 9, "position": 13, "parents": [57, 48], "genome": "d(328) a(358,352) d(11) r(398,275) a(410,358) d(229) d(158) r(405,388) r(423,380) d(208) a(213,37) d(172) d(230) r(210,187) r(213,181) a(397,13)", "fitness": 0.0}
{"generation": 9, "position": 14, "parents": [57], "genome": "r(325,244) d(208) a(213,37) d(172) d(230) r(210,187) r(213,181) r(409,162)", "fitness": 0.0}
{"generation": 9, "position": 15, "parents": [48], "genome": "d(328) a(358,352) d(11) r(398,275) a(410,358) d(229) d(158) r(405,388) r(423,380) r(212,172)", "fitness": 0.0}
{"generation": 9, "position": 16, "parents": [4, 28], "genome": "d(115) d(216) r(293,254) r(416,294) d(161)", "fitness": 0.0}
{"generation": 9, "position": 17, "parents": [4, 28], "genome": "d(212) a(213,374) r(425,202) d(128) a(462,434) a(150,274) d(193)", "fitness": 0.0}
{"generation": 9, "position": 18, "parents": [4], "genome": "d(115) d(216) a(213,374) r(425,202) d(128) a(462,434) a(150,274) r(340,237)", "fitness": 0.0}
{"generation": 9, "position": 19, "parents": [28], "genome": "d(212) r(293,254) r(416,294) r(450,28)", "fitness": 0.0}
{"generation": 9, "position": 20, "parents": [39], "genome": "d(404) r(453,439) a(358,352) a(340,441) d(214) d(208) d(330) d(216) a(166,193)", "fitness": 0.0}
{"generation": 9, "position": 21, "parents": [28], "genome": "d(212) r(293,254) r(416,294) d(213)", "fitness": 0.0}
{"generation": 9, "position": 22, "parents": [24, 11], "genome": "d(404) r(185,467) a(212,146) r(374,421) r(425,31) d(439)", "fitness": 0.0}
{"generation": 9, "position": 23, "parents": [24, 11], "genome": "d(249) a(180,385) d(223) r(130,381) a(1,9) a(202,120) r(453,439) a(358,352) a(1,9) d(420) r(199,178) r(142,420)", "fitness": 0.0}
{"generation": 9, "position": 24, "parents": [24], "genome": "d(404) r(453,439) a(358,352) a(1,9) d(420) r(199,178) d(243)", "fitness": 0.0}
{"generation": 9, "position": 25, "parents": [11], "genome": "d(249) a(180,385) d(223) r(130,381) a(1,9) a(202,120) r(185,467) a(212,146) r(374,421) r(425,31) d(194)", "fitness": 0.0}
{"generation": 9, "position": 26, "parents": [45, 18], "genome": "a(464,286) a(214,471) r(201,189) d(287) d(416) r(472,227) d(444) a(422,445) r(230,221) r(201,189) a(403,330) d(214) r(238,360) a(447,273) r(453,439) a(1,9) r(471,286) d(328) d(298)", "fitness": 0.0}
{"generation": 9, "position": 27, "parents": [45, 18], "genome": "d(188) r(367,385) d(112)", "fitness": 0.0}
{"generation": 9, "position": 28, "parents": [45], "genome": "a(464,286) a(214,471) r(201,189) d(287) d(416) r(472,227) d(444) a(422,445) r(230,221) r(367,385) a(411,20)", "fitness": 0.0}
{"generation": 9, "position": 29, "parents": [18], "genome": "d(188) r(201,189) a(403,330) d(214) r(238,360) a(447,273) r(453,439) a(1,9) r(471,286) d(328) d(213)", "fitness": 0.0}
{"generation": 9, "position": 30, "parents": [53], "genome": "d(328) a(358,352) a(358,352) a(340,441) d(214) d(208) d(330) a(352,250) r(242,338)", "fitness": 0.0}
{"generation": 9, "position": 31, "parents": [57], "genome": "r(325,244) d(208) a(213,37) d(172) d(230) r(210,187) r(213,181) a(195,13)", "fitness": 0.0}
{"generation": 9, "position": 32, "parents": [36], "genome": "r(325,244) r(400,367) d(272) d(208) d(330) r(3,303) d(423)", "fitness": 0.0}
{"generation": 9, "position": 33, "parents": [37], "genome": "d(404) r(453,439) a(358,352) a(340,441) d(214) r(3,23) r(188,45) a(390,202)", "fitness": 0.0}
{"generation": 9, "position": 34, "parents": [55, 3], "genome": "d(328) a(358,352) d(11) r(398,275) d(212) a(221,41) a(20,357) r(472,227) d(444) a(422,445) r(14,462) d(328) d(248)", "fitness": 0.0}
{"generation": 9, "position": 35, "parents": [55, 3], "genome": "d(404) d(324) a(410,358) d(229) d(158) a(134,273) a(210,406) a(189,204)", "fitness": 0.0}
{"generation": 9, "position": 36, "parents": [55], "genome": "d(328) a(358,352) d(11) r(398,275) a(410,358) d(229) d(158) a(134,273) a(210,406) d(346)", "fitness": 0.0}
{"generation": 9, "position": 37, "parents": [3], "genome": "d(404) d(324) d(212) a(221,41) a(20,357) r(472,227) d(444) a(422,445) r(14,462) d(328) r(214,449)", "fitness": 0.0}
{"generation": 9, "position": 38, "parents": [7, 26], "genome": "d(404) d(324) d(212) a(221,41) a(20,357) d(208) d(330) a(411,136) r(205,199)", "fitness": 0.0}
{"generation": 9, "position": 39, "parents": [7, 26], "genome": "d(404) r(453,439) a(358,352) a(340,441) d(214) r(472,227) d(444) d(210) d(162)", "fitness": 0.0}
{"generation": 9, "position": 40, "parents": [7], "genome": "d(404) d(324) d(212) a(221,41) a(20,357) r(472,227) d(444) d(210) d(459)", "fitness": 0.0}
{"generation": 9, "position": 41, "parents": [26], "genome": "d(404) r(453,439) a(358,352) a(340,441) d(214) d(208) d(330) a(411,136) a(387,20)", "fitness": 0.0}
{"generation": 9, "position": 42, "parents": [56, 18], "genome": "d(212) a(447,273) d(328) r(333,113)", "fitness": 0.0}
{"generation": 9, "position": 43, "parents": [56, 18], "genome": "d(188) r(201,189) a(403,330) d(214) r(238,360) a(447,273) r(453,439) a(1,9) r(471,286) r(419,22) a(429,226) r(304,240) d(411) r(241,287)", "fitness": 0.0}
{"generation": 9, "position": 44, "parents": [56], "genome": "d(212) a(447,273) r(419,22) a(429,226) r(304,240) d(411) r(171,136)", "fitness": 0.0}
{"generation": 9, "position": 45, "parents": [18], "genome": "d(188) r(201,189) a(403,330) d(214) r(238,360) a(447,273) r(453,439) a(1,9) r(471,286) d(328) a(20,20)", "fitness": 0.0}
{"generation": 9, "position": 46, "parents": [28, 22], "genome": "d(212) r(293,254) a(153,462) r(459,467) a(156,475)", "fitness": 0.0}
{"generation": 9, "position": 47, "parents": [28, 22], "genome": "d(212) a(447,273) a(390,173) r(416,294) r(388,392)", "fitness": 0.0}
{"generation": 9, "position": 48, "parents": [28], "genome": "d(212) r(293,254) r(416,294) a(213,358)", "fitness": 0.0}
{"generation": 9, "position": 49, "parents": [22], "genome": "d(212) a(447,273) a(390,173) a(153,462) r(459,467) r(436,274)", "fitness": 0.0}
{"generation": 9, "position": 50, "parents": [44], "genome": "d(115) d(210) r(337,455) d(417)", "fitness": 0.0}
{"generation": 9, "position": 51, "parents": [29], "genome": "d(404) r(453,439) a(358,352) a(340,441) d(212) a(368,401) d(403) r(112,275) a(447,273) r(419,22) d(290) a(435,136) d(358)", "fitness": 0.0}
{"generation": 9, "position": 52, "parents": [20], "genome": "d(188) r(201,189) a(403,330) d(214) r(238,360) a(447,273) a(390,173) d(192) r(274,247) d(116)", "fitness": 0.0}
{"generation": 9, "position": 53, "parents": [63], "genome": "r(325,244) d(254) a(388,425) a(390,341) r(242,338) a(214,390)", "fitness": 0.0}
{"generation": 9, "position": 54, "parents": [61, 41], "genome": "d(328) r(137,202) d(172) a(230,253) r(3,133) a(116,110) d(257)", "fitness": 0.0}
{"generation": 9, "position": 55, "parents": [61, 41], "genome": "d(115) a(213,37) a(463,185) a(470,228) r(386,13)", "fitness": 0.0}
{"generation": 9, "position": 56, "parents": [61], "genome": "d(328) r(137,202) a(463,185) a(470,228) a(412,432)", "fitness": 0.0}
{"generation": 9, "position": 57, "parents": [41], "genome": "d(115) a(213,37) d(172) a(230,253) r(3,133) a(116,110) r(379,422)", "fitness": 0.0}
{"generation": 9, "position": 58, "parents": [46], "genome": "d(328) a(358,352) d(11) a(463,185) a(331,247) r(226,219)", "fitness": 0.0}
{"generation": 9, "position": 59, "parents": [56], "genome": "d(212) a(447,273) r(419,22) a(429,226) r(304,240) d(411) a(221,357)", "fitness": 0.0}
{"generation": 9, "position": 60, "parents": [43, 57], "genome": "a(464,286) a(214,471) r(201,189) d(287) d(210) a(352,28)", "fitness": 0.0}
{"generation": 9, "position": 61, "parents": [43, 57], "genome": "r(325,244) d(208) a(213,37) d(172) d(230) r(210,187) r(213,181) r(293,444) a(142,138)", "fitness": 0.0}
{"generation": 9, "position": 62, "parents": [43], "genome": "a(464,286) a(214,471) r(201,189) d(287) d(210) r(293,444) r(301,324)", "fitness": 0.0}
{"generation": 10, "position": 0, "parents": [38], "genome": "d(404) d(324) d(212) a(221,41) a(20,357) d(208) d(330) a(411,136) r(205,199) d(214)", "fitness": 0.0}
{"generation": 10, "position": 1, "parents": [22], "genome": "d(404) r(185,467) a(212,146) r(374,421) r(425,31) d(439) a(146,147)", "fitness": 0.0}
{"generation": 10, "position": 2, "parents": [58], "genome": "d(328) a(358,352) d(11) a(463,185) a(331,247) r(226,219) r(247,338)", "fitness": 0.0}
{"generation": 10, "position": 3, "parents": [1], "genome": "d(328) a(358,352) d(11) r(398,275) a(410,358) d(229) d(158) a(134,273) a(210,406) a(143,434) r(232,173)", "fitness": 0.0}
{"generation": 10, "position": 4, "parents": [18], "genome": "d(115) d(216) a(213,374) r(425,202) d(128) a(462,434) a(150,274) r(340,237) r(124,131)", "fitness": 0.0}
{"generation": 10, "position": 5, "parents": [46], "genome": "d(212) r(293,254) a(153,462) r(459,467) a(156,475) r(300,20)", "fitness": 0.0}
{"generation": 10, "position": 6, "parents": [2, 37], "genome": "d(404) d(324) d(212) a(221,41) a(20,357) d(330) r(213,45) a(422,445) r(14,462) d(328) r(214,449) a(148,202)", "fitness": 0.0}
{"generation": 10, "position": 7, "parents": [2, 37], "genome": "d(404) d(324) d(212) a(221,41) a(20,357) r(472,227) d(444) a(167,151) d(172)", "fitness": 0.0}
{"generation": 10, "position": 8, "parents": [2], "genome": "d(404) d(324) d(212) a(221,41) a(20,357) d(330) r(213,45) a(167,151) d(298)", "fitness": 0.0}
{"generation": 10, "position": 9, "parents": [37], "genome": "d(404) d(324) d(212) a(221,41) a(20,357) r(472,227) d(444) a(422,445) r(14,462) d(328) r(214,449) a(200,165)", "fitness": 0.0}
{"generation": 10, "position": 10, "parents": [20], "genome": "d(404) r(453,439) a(358,352) a(340,441) d(214) d(208) d(330) d(216) a(166,193) r(473,464)", "fitness": 0.0}
{"generation": 10, "position": 11, "parents": [45], "genome": "d(188) r(201,189) a(403,330) d(214) r(238,360) a(447,273) r(453,439) a(1,9) r(471,286) d(328) a(20,20) r(143,439)", "fitness": 0.0}
{"generation": 10, "position": 12, "parents": [21, 22], "genome": "d(212) r(293,254) r(416,294) r(374,421) r(425,31) d(439) a(161,199)", "fitness": 0.0}
{"generation": 10, "position": 13, "parents": [21, 22], "genome": "d(404) r(185,467) a(212,146) d(213) r(115,294)", "fitness": 0.0}
{"generation": 10, "position": 14, "parents": [21], "genome": "d(212) r(293,254) r(416,294) d(213) d(223)", "fitness": 0.0}
{"generation": 10, "position": 15, "parents": [22], "genome": "d(404) r(185,467) a(212,146) r(374,421) r(425,31) d(439) r(398,1)", "fitness": 0.0}
{"generation": 10, "position": 16, "parents": [19], "genome": "d(212) r(293,254) r(416,294) r(450,28) a(300,272)", "fitness": 0.0}
{"generation": 10, "position": 17, "parents": [34], "genome": "d(328) a(358,352) d(11) r(398,275) d(212) a(221,41) a(20,357) r(472,227) d(444) a(422,445) r(14,462) d(328) d(248) a(349,446)", "fitness": 0.0}
{"generation": 10, "position": 18, "parents": [34], "genome": "d(328) a(358,352) d(11) r(398,275) d(212) a(221,41) a(20,357) r(472,227) d(444) a(422,445) r(14,462) d(328) d(248) r(15,139)", "fitness": 0.0}
{"generation": 10, "position": 19, "parents": [52], "genome": "d(188) r(201,189) a(403,330) d(214) r(238,360) a(447,273) a(390,173) d(192) r(274,247) d(116) a(459,214)", "fitness": 0.0}
{"generation": 10, "position": 20, "parents": [0], "genome": "d(328) r(137,202) a(463,185) a(204,194) d(297) r(10,471)", "fitness": 0.0}
{"generation": 10, "position": 21, "parents": [41], "genome": "d(404) r(453,439) a(358,352) a(340,441) d(214) d(208) d(330) a(411,136) a(387,20) a(212,120)", "fitness": 0.0}
{"generation": 10, "position": 22, "parents": [43, 13], "genome": "d(188) r(201,189) a(403,330) d(214) r(238,360) a(447,273) r(453,439) a(1,9) r(471,286) r(419,22) a(429,226) r(304,240) d(411) r(212,156)", "fitness": 0.0}
{"generation": 10, "position": 23, "parents": [43, 13], "genome": "d(328) a(358,352) d(11) r(398,275) a(410,358) d(229) d(158) r(405,388) r(423,380) d(208) a(213,37) d(172) d(230) r(210,187) r(213,181) a(397,13) r(241,287) a(143,228)", "fitness": 0.0}
{"generation": 10, "position": 24, "parents": [43], "genome": "d(188) r(201,189) a(403,330) d(214) r(238,360) a(447,273) r(453,439) a(1,9) r(471,286) r(419,22) a(429,226) r(304,240) d(411) r(241,287) d(444)", "fitness": 0.0}
{"generation": 10, "position": 25, "parents": [13], "genome": "d(328) a(358,352) d(11) r(398,275) a(410,358) d(229) d(158) r(405,388) r(423,380) d(208) a(213,37) d(172) d(230) r(210,187) r(213,181) a(397,13) d(138)", "fitness": 0.0}
{"generation": 10, "position": 26, "parents": [10, 35], "genome": "d(404) r(453,439) a(358,352) a(340,441) d(214) d(229) d(158) a(134,273) a(210,406) a(189,204) a(212,330)", "fitness": 0.0}
{"generation": 10, "position": 27, "parents": [10, 35], "genome": "d(404) d(324) a(410,358) d(208) d(330) a(411,136) a(369,413) d(134)", "fitness": 0.0}
{"generation": 10, "position": 28, "parents": [10], "genome": "d(404) r(453,439) a(358,352) a(340,441) d(214) d(208) d(330) a(411,136) a(369,413) a(202,153)", "fitness": 0.0}
{"generation": 10, "position": 29, "parents": [35], "genome": "d(404) d(324) a(410,358) d(229) d(158) a(134,273) a(210,406) a(189,204) a(443,13)", "fitness": 0.0}
{"generation": 10, "position": 30, "parents": [47, 47], "genome": "d(212) a(447,273) a(390,173) r(416,294) r(416,294) r(388,392) r(251,154)", "fitness": 0.0}
{"generation": 10, "position": 31, "parents": [47, 47], "genome": "d(212) a(447,273) a(390,173) r(388,392) d(228)", "fitness": 0.0}
{"generation": 10, "position": 32, "parents": [47], "genome": "d(212) a(447,273) a(390,173) r(416,294) r(388,392) r(157,337)", "fitness": 0.0}
{"generation": 10, "position": 33, "parents": [47], "genome": "d(212) a(447,273) a(390,173) r(416,294) r(388,392) d(217)", "fitness": 0.0}
{"generation": 10, "position": 34, "parents": [52], "genome": "d(188) r(201,189) a(403,330) d(214) r(238,360) a(447,273) a(390,173) d(192) r(274,247) d(116) a(357,28)", "fitness": 0.0}
{"generation": 10, "position": 35, "parents": [40], "genome": "d(404) d(324) d(212) a(221,41) a(20,357) r(472,227) d(444) d(210) d(459) d(214)", "fitness": 0.0}
{"generation": 10, "position": 36, "parents": [57], "genome": "d(115) a(213,37) d(172) a(230,253) r(3,133) a(116,110) r(379,422) d(212)", "fitness": 0.0}
{"generation": 10, "position": 37, "parents": [5], "genome": "d(249) a(180,385) d(223) r(130,381) a(340,441) d(214) d(208) d(330) r(213,45) a(210,357) r(115,127)", "fitness": 0.0}
{"generation": 10, "position": 38, "parents": [27, 6], "genome": "d(188) r(367,385) a(340,441) d(214) d(208) d(330) r(213,45) r(428,447) r(210,374)", "fitness": 0.0}
{"generation": 10, "position": 39, "parents": [27, 6], "genome": "d(249) a(180,385) d(223) r(130,381) d(112) d(218)", "fitness": 0.0}
{"generation": 10, "position": 40, "parents": [27], "genome": "d(188) r(367,385) d(112) d(162)", "fitness": 0.0}
{"generation": 10, "position": 41, "parents": [6], "genome": "d(249) a(180,385) d(223) r(130,381) a(340,441) d(214) d(208) d(330) r(213,45) r(428,447) d(437)", "fitness": 0.0}
{"generation": 10, "position": 42, "parents": [44, 34], "genome": "d(212) a(447,273) r(419,22) r(398,275) d(212) a(221,41) a(20,357) r(472,227) d(444) a(422,445) r(14,462) d(328) d(248) r(326,214)", "fitness": 0.0}
{"generation": 10, "position": 43, "parents": [44, 34], "genome": "d(328) a(358,352) d(11) a(429,226) r(304,240) d(411) r(171,136) r(438,374)", "fitness": 0.0}
{"generation": 10, "position": 44, "parents": [44], "genome": "d(212) a(447,273) r(419,22) a(429,226) r(304,240) d(411) r(171,136) d(255)", "fitness": 0.0}
{"generation": 10, "position": 45, "parents": [34], "genome": "d(328) a(358,352) d(11) r(398,275) d(212) a(221,41) a(20,357) r(472,227) d(444) a(422,445) r(14,462) d(328) d(248) r(461,31)", "fitness": 0.0}
{"generation": 10, "position": 46, "parents": [41, 17], "genome": "d(404) r(453,439) a(358,352) a(340,441) d(214) d(208) d(330) a(411,136) a(387,20) d(193) d(449)", "fitness": 0.0}
{"generation": 10, "position": 47, "parents": [41, 17], "genome": "d(212) a(213,374) r(425,202) d(128) a(462,434) a(150,274) a(351,281)", "fitness": 0.0}
{"generation": 10, "position": 48, "parents": [41], "genome": "d(404) r(453,439) a(358,352) a(340,441) d(214) d(208) d(330) a(411,136) a(387,20) r(340,361)", "fitness": 0.0}
{"generation": 10, "position": 49, "parents": [17], "genome": "d(212) a(213,374) r(425,202) d(128) a(462,434) a(150,274) d(193) d(3)", "fitness": 0.0}
{"generation": 10, "position": 50, "parents": [47, 33], "genome": "d(212) a(447,273) a(390,173) a(340,441) d(214) r(3,23) r(188,45) a(390,202) a(253,113)", "fitness": 0.0}
{"generation": 10, "position": 51, "parents": [47, 33], "genome": "d(404) r(453,439) a(358,352) r(416,294) r(388,392) r(434,455)", "fitness": 0.0}
{"generation": 10, "position": 52, "parents": [47], "genome": "d(212) a(447,273) a(390,173) r(416,294) r(388,392) r(172,200)", "fitness": 0.0}
{"generation": 10, "position": 53, "parents": [33], "genome": "d(404) r(453,439) a(358,352) a(340,441) d(214) r(3,23) r(188,45) a(390,202) r(344,340)", "fitness": 0.0}
{"generation": 10, "position": 54, "parents": [46], "genome": "d(212) r(293,254) a(153,462) r(459,467) a(156,475) r(213,210)", "fitness": 0.0}
{"generation": 10, "position": 55, "parents": [18], "genome": "d(115) d(216) a(213,374) r(425,202) d(128) a(462,434) a(150,274) r(340,237) r(400,467)", "fitness": 0.0}
{"generation": 10, "position": 56, "parents": [29], "genome": "d(188) r(201,189) a(403,330) d(214) r(238,360) a(447,273) r(453,439) a(1,9) r(471,286) d(328) d(213) r(145,173)", "fitness": 0.0}