[meta]
{"program": "genprog-3.0", "problem": {"ideal_fitness": "15", "type": "repair", "name": "units", "enclosure": {"1": 0, "2": 0, "3": 0, "4": 3, "5": 4, "6": 4, "7": 4, "8": 4, "9": 3, "10": 0, "11": 0, "12": 11, "13": 11, "14": 0, "15": 0, "16": 15, "17": 15, "18": 15, "19": 15, "20": 0, "21": 0, "22": 0, "23": 0, "24": 0, "25": 0, "26": 0, "28": 26, "29": 0, "31": 29, "32": 0, "33": 0, "34": 0, "35": 0, "37": 35, "38": 0, "39": 0, "40": 39, "41": 40, "43": 39, "45": 43, "46": 39, "47": 0, "48": 0, "50": 48, "52": 50, "53": 0, "54": 0, "56": 0, "58": 56, "59": 0, "60": 0, "61": 0, "62": 0, "64": 0, "65": 0, "67": 0, "68": 0, "69": 0, "70": 0, "71": 0, "72": 71, "73": 72, "75": 71, "76": 71, "77": 71, "78": 0, "79": 78, "80": 78, "81": 78, "82": 78, "83": 82, "84": 83, "86": 82, "87": 82, "88": 82, "89": 78, "90": 0, "91": 0, "92": 0, "93": 92, "94": 93, "95": 93, "96": 92, "97": 96, "98": 96, "99": 96, "100": 92, "101": 100, "102": 100, "103": 92, "104": 92, "105": 0, "106": 105, "107": 105, "108": 0, "109": 0, "110": 0, "111": 0, "112": 111, "113": 112, "115": 111, "116": 111, "117": 0, "118": 0, "119": 118, "120": 118, "121": 0, "122": 0, "123": 0, "124": 0, "126": 0, "127": 126, "128": 126, "129": 126, "130": 126, "131": 126, "132": 126, "133": 126, "134": 0, "135": 134, "136": 134, "137": 0, "138": 137, "139": 137, "141": 0, "142": 0, "143": 0, "145": 0, "146": 0, "147": 0, "148": 0, "149": 148, "150": 149, "151": 149, "152": 149, "153": 152, "154": 153, "156": 152, "157": 152, "158": 149, "159": 149, "160": 149, "161": 160, "162": 161, "164": 160, "165": 160, "166": 148, "167": 166, "168": 167, "170": 167, "171": 166, "172": 148, "173": 148, "174": 0, "175": 0, "176": 175, "177": 175, "178": 177, "180": 175, "181": 175, "182": 181, "183": 181, "184": 181, "185": 184, "187": 181, "188": 181, "189": 181, "190": 189, "192": 189, "193": 175, "194": 193, "195": 193, "197": 193, "198": 175, "199": 0, "200": 0, "201": 200, "202": 201, "204": 200, "205": 0, "206": 205, "207": 205, "208": 207, "210": 207, "211": 205, "212": 0, "213": 0, "214": 0, "215": 0, "216": 0, "217": 0, "218": 217, "219": 217, "220": 217, "221": 220, "223": 217, "224": 217, "225": 217, "226": 225, "227": 225, "228": 0, "229": 0, "230": 0, "231": 0, "232": 231, "233": 232, "235": 231, "236": 231, "237": 231, "238": 231, "239": 231, "240": 231, "241": 231, "242": 231, "243": 231, "244": 231, "245": 231, "246": 231, "247": 231, "248": 231, "249": 231, "250": 231, "251": 231, "252": 231, "253": 0, "254": 0, "255": 0, "256": 0, "257": 0, "258": 257, "259": 258, "260": 258, "261": 258, "262": 258, "263": 262, "264": 263, "266": 262, "268": 266, "269": 262, "270": 262, "271": 262, "272": 258, "273": 257, "274": 257, "275": 257, "276": 257, "277": 0, "278": 277, "279": 278, "280": 279, "281": 280, "284": 278, "286": 277, "287": 0, "289": 287, "290": 0, "291": 0, "292": 291, "293": 292, "294": 293, "297": 291, "298": 291, "299": 291, "300": 291, "301": 291, "303": 301, "304": 291, "305": 304, "306": 304, "307": 304, "308": 304, "309": 304, "311": 309, "312": 304, "313": 304, "314": 304, "315": 304, "316": 315, "317": 316, "319": 315, "320": 315, "321": 304, "323": 304, "324": 0, "325": 0, "326": 0, "327": 0, "328": 0, "330": 328, "331": 0, "332": 0, "333": 0, "334": 0, "335": 0, "337": 335, "338": 0, "339": 0, "340": 339, "341": 340, "343": 339, "344": 339, "346": 344, "347": 346, "349": 347, "350": 346, "351": 339, "352": 351, "353": 352, "355": 353, "356": 352, "357": 352, "358": 351, "359": 339, "360": 0, "361": 360, "362": 360, "364": 0, "365": 0, "367": 0, "368": 0, "369": 0, "370": 369, "371": 369, "372": 371, "373": 371, "374": 373, "376": 0, "377": 376, "378": 377, "379": 377, "380": 379, "381": 379, "382": 377, "384": 377, "385": 376, "386": 0, "387": 386, "388": 386, "390": 386, "391": 0, "392": 391, "393": 391, "394": 0, "396": 394, "397": 396, "398": 396, "399": 398, "400": 398, "401": 396, "402": 396, "403": 396, "404": 403, "405": 404, "406": 405, "409": 403, "410": 403, "411": 396, "412": 411, "413": 411, "414": 396, "415": 396, "416": 0, "417": 0, "418": 0, "419": 418, "420": 418, "421": 0, "422": 421, "423": 421, "424": 421, "425": 424, "427": 421, "428": 0, "429": 428, "430": 428, "431": 0, "432": 431, "433": 431, "434": 431, "435": 0, "436": 0, "437": 0, "438": 0, "439": 438, "440": 438, "441": 438, "442": 0, "443": 0, "444": 443, "445": 444, "446": 444, "447": 444, "448": 443, "449": 443, "450": 0, "451": 0, "452": 0, "453": 0, "454": 453, "455": 454, "457": 453, "458": 453, "459": 453, "460": 0, "461": 460, "462": 460, "463": 0, "464": 0, "465": 0, "466": 465, "467": 465, "468": 0, "469": 0, "470": 469, "471": 469, "472": 0, "473": 0, "474": 473, "475": 473, "477": 0, "478": 0, "479": 0}}, "version": "0.0.2", "seed": 33, "algorithm": {"representation": "patch", "type": "genetic", "name": "ALGORITHM-NAME"}}

[data]
{"generation": 0, "position": 0, "parents": [], "genome": "a(213,273)", "fitness": 15.0}
{"generation": 0, "position": 1, "parents": [], "genome": "d(143)", "fitness": 0.0}
{"generation": 0, "position": 2, "parents": [], "genome": "a(396,376)", "fitness": 5.0}
{"generation": 0, "position": 3, "parents": [], "genome": "r(411,28)", "fitness": 5.0}
{"generation": 0, "position": 4, "parents": [], "genome": "r(406,178)", "fitness": 5.0}
{"generation": 0, "position": 5, "parents": [], "genome": "a(470,139)", "fitness": 5.0}
{"generation": 0, "position": 6, "parents": [], "genome": "a(471,113)", "fitness": 5.0}
{"generation": 0, "position": 7, "parents": [], "genome": "a(210,413)", "fitness": 5.0}
{"generation": 0, "position": 8, "parents": [], "genome": "a(146,145)", "fitness": 5.0}
{"generation": 0, "position": 9, "parents": [], "genome": "r(463,462)", "fitness": 0.0}
{"generation": 0, "position": 10, "parents": [], "genome": "r(206,182)", "fitness": 0.0}
{"generation": 0, "position": 11, "parents": [], "genome": "d(21)", "fitness": 0.0}
{"generation": 0, "position": 12, "parents": [], "genome": "d(162)", "fitness": 5.0}
{"generation": 0, "position": 13, "parents": [], "genome": "a(277,332)", "fitness": 5.0}
{"generation": 0, "position": 14, "parents": [], "genome": "d(22)", "fitness": 5.0}
{"generation": 0, "position": 15, "parents": [], "genome": "a(224,31)", "fitness": 5.0}
{"generation": 0, "position": 16, "parents": [], "genome": "d(137)", "fitness": 0.0}
{"generation": 0, "position": 17, "parents": [], "genome": "a(129,358)", "fitness": 5.0}
{"generation": 0, "position": 18, "parents": [], "genome": "r(416,22)", "fitness": 0.0}
{"generation": 0, "position": 19, "parents": [], "genome": "a(431,341)", "fitness": 5.0}
{"generation": 0, "position": 20, "parents": [], "genome": "r(210,159)", "fitness": 5.0}
{"generation": 0, "position": 21, "parents": [], "genome": "d(232)", "fitness": 0.0}
{"generation": 0, "position": 22, "parents": [], "genome": "a(393,386)", "fitness": 0.0}
{"generation": 0, "position": 23, "parents": [], "genome": "r(121,202)", "fitness": 0.0}
{"generation": 0, "position": 24, "parents": [], "genome": "r(346,254)", "fitness": 0.0}
{"generation": 0, "position": 25, "parents": [], "genome": "a(255,221)", "fitness": 5.0}
{"generation": 0, "position": 26, "parents": [], "genome": "a(429,378)", "fitness": 5.0}
{"generation": 0, "position": 27, "parents": [], "genome": "d(244)", "fitness": 0.0}
{"generation": 0, "position": 28, "parents": [], "genome": "d(154)", "fitness": 5.0}
{"generation": 0, "position": 29, "parents": [], "genome": "a(133,197)", "fitness": 5.0}
{"generation": 0, "position": 30, "parents": [], "genome": "r(20,471)", "fitness": 5.0}
{"generation": 0, "position": 31, "parents": [], "genome": "r(460,185)", "fitness": 5.0}
{"generation": 0, "position": 32, "parents": [], "genome": "a(431,380)", "fitness": 5.0}
{"generation": 0, "position": 33, "parents": [], "genome": "r(124,115)", "fitness": 0.0}
{"generation": 0, "position": 34, "parents": [], "genome": "r(255,339)", "fitness": 0.0}
{"generation": 0, "position": 35, "parents": [], "genome": "a(218,41)", "fitness": 5.0}
{"generation": 0, "position": 36, "parents": [], "genome": "a(346,235)", "fitness": 5.0}
{"generation": 0, "position": 37, "parents": [], "genome": "a(326,445)", "fitness": 0.0}
{"generation": 0, "position": 38, "parents": [], "genome": "r(109,276)", "fitness": 0.0}
{"generation": 0, "position": 39, "parents": [], "genome": "original", "fitness": 5.0}
{"generation": 1, "position": 0, "parents": [2, 30], "genome": "a(396,376) r(188,289)", "fitness": 0.0}
{"generation": 1, "position": 1, "parents": [2, 30], "genome": "r(20,471) a(117,471)", "fitness": 5.0}
{"generation": 1, "position": 2, "parents": [2], "genome": "a(396,376) d(424)", "fitness": 0.0}
{"generation": 1, "position": 3, "parents": [30], "genome": "r(20,471) a(175,167)", "fitness": 0.0}
{"generation": 1, "position": 4, "parents": [18], "genome": "r(416,22) a(145,154)", "fitness": 0.0}
{"generation": 1, "position": 5, "parents": [24], "genome": "r(346,254) r(204,446)", "fitness": 10.0}
{"generation": 1, "position": 6, "parents": [23], "genome": "r(121,202) r(378,411)", "fitness": 0.0}
{"generation": 1, "position": 7, "parents": [17], "genome": "a(129,358) a(444,443)", "fitness": 5.0}
{"generation": 1, "position": 8, "parents": [24, 30], "genome": "r(346,254) d(25)", "fitness": 0.0}
{"generation": 1, "position": 9, "parents": [24, 30], "genome": "r(20,471) a(341,229)", "fitness": 0.0}
{"generation": 1, "position": 10, "parents": [24], "genome": "r(346,254) d(455)", "fitness": 0.0}
{"generation": 1, "position": 11, "parents": [30], "genome": "r(20,471) d(156)", "fitness": 5.0}
{"generation": 1, "position": 12, "parents": [27, 17], "genome": "d(244) a(123,444)", "fitness": 10.0}
{"generation": 1, "position": 13, "parents": [27, 17], "genome": "a(129,358) a(237,277)", "fitness": 0.0}
{"generation": 1, "position": 14, "parents": [27], "genome": "d(244) r(252,325)", "fitness": 0.0}
{"generation": 1, "position": 15, "parents": [17], "genome": "a(129,358) d(352)", "fitness": 5.0}
{"generation": 1, "position": 16, "parents": [26, 17], "genome": "a(429,378) a(151,294)", "fitness": 5.0}
{"generation": 1, "position": 17, "parents": [26, 17], "genome": "a(129,358) a(231,253)", "fitness": 5.0}
{"generation": 1, "position": 18, "parents": [26], "genome": "a(429,378) r(220,289)", "fitness": 0.0}
{"generation": 1, "position": 19, "parents": [17], "genome": "a(129,358) a(386,303)", "fitness": 5.0}
{"generation": 1, "position": 20, "parents": [14, 24], "genome": "d(22) r(213,445)", "fitness": 5.0}
{"generation": 1, "position": 21, "parents": [14, 24], "genome": "r(346,254) d(369)", "fitness": 0.0}
{"generation": 1, "position": 22, "parents": [14], "genome": "d(22) a(212,165)", "fitness": 5.0}
{"generation": 1, "position": 23, "parents": [24], "genome": "r(346,254) r(143,446)", "fitness": 10.0}
{"generation": 1, "position": 24, "parents": [33, 5], "genome": "r(124,115) a(373,376)", "fitness": 0.0}
{"generation": 1, "position": 25, "parents": [33, 5], "genome": "a(470,139) r(243,249)", "fitness": 0.0}
{"generation": 1, "position": 26, "parents": [33], "genome": "r(124,115) a(367,202)", "fitness": 0.0}
{"generation": 1, "position": 27, "parents": [5], "genome": "a(470,139) r(355,447)", "fitness": 5.0}
{"generation": 1, "position": 28, "parents": [23, 34], "genome": "r(121,202) r(207,37)", "fitness": 0.0}
{"generation": 1, "position": 29, "parents": [23, 34], "genome": "r(255,339) d(403)", "fitness": 0.0}
{"generation": 1, "position": 30, "parents": [23], "genome": "r(121,202) d(324)", "fitness": 0.0}
{"generation": 1, "position": 31, "parents": [34], "genome": "r(255,339) r(180,173)", "fitness": 0.0}
{"generation": 1, "position": 32, "parents": [32], "genome": "a(431,380) d(123)", "fitness": 0.0}
{"generation": 1, "position": 33, "parents": [7], "genome": "a(210,413) a(356,448)", "fitness": 0.0}
{"generation": 1, "position": 34, "parents": [24], "genome": "r(346,254) r(210,341)", "fitness": 0.0}
{"generation": 1, "position": 35, "parents": [24], "genome": "r(346,254) r(212,173)", "fitness": 2.0}
{"generation": 1, "position": 36, "parents": [37], "genome": "a(326,445) r(213,182)", "fitness": 0.0}
{"generation": 1, "position": 37, "parents": [37], "genome": "a(326,445) r(148,180)", "fitness": 0.0}
{"generation": 1, "position": 38, "parents": [38], "genome": "r(109,276) r(386,286)", "fitness": 0.0}
{"generation": 1, "position": 39, "parents": [28], "genome": "d(154) r(159,357)", "fitness": 5.0}
{"generation": 1, "position": 40, "parents": [17, 11], "genome": "a(129,358) r(385,409)", "fitness": 5.0}
{"generation": 1, "position": 41, "parents": [17, 11], "genome": "d(21) r(210,384)", "fitness": 0.0}
{"generation": 1, "position": 42, "parents": [17], "genome": "a(129,358) r(451,461)", "fitness": 0.0}
{"generation": 1, "position": 43, "parents": [11], "genome": "d(21) a(385,154)", "fitness": 0.0}
{"generation": 1, "position": 44, "parents": [24], "genome": "r(346,254) r(328,339)", "fitness": 0.0}
{"generation": 1, "position": 45, "parents": [19], "genome": "a(431,341) a(193,158)", "fitness": 0.0}
{"generation": 1, "position": 46, "parents": [18], "genome": "r(416,22) d(254)", "fitness": 0.0}
{"generation": 1, "position": 47, "parents": [13], "genome": "a(277,332) r(297,252)", "fitness": 0.0}
{"generation": 1, "position": 48, "parents": [24, 39], "genome": "r(346,254) a(355,324)", "fitness": 0.0}
{"generation": 1, "position": 49, "parents": [24, 39], "genome": "d(198)", "fitness": 0.0}
{"generation": 1, "position": 50, "parents": [24], "genome": "r(346,254) r(369,162)", "fitness": 0.0}
{"generation": 1, "position": 51, "parents": [39], "genome": "a(338,171)", "fitness": 5.0}
{"generation": 1, "position": 52, "parents": [11], "genome": "d(21) a(118,275)", "fitness": 0.0}
{"generation": 1, "position": 53, "parents": [33], "genome": "r(124,115) d(188)", "fitness": 0.0}
{"generation": 1, "position": 54, "parents": [16, 21], "genome": "d(137) r(131,447)", "fitness": 0.0}
{"generation": 1, "position": 55, "parents": [16, 21], "genome": "d(232) a(332,415)", "fitness": 0.0}
{"generation": 1, "position": 56, "parents": [16], "genome": "d(137) r(223,434)", "fitness": 0.0}
{"generation": 1, "position": 57, "parents": [21], "genome": "d(232) a(413,471)", "fitness": 0.0}
{"generation": 1, "position": 58, "parents": [34, 27], "genome": "r(255,339) d(147)", "fitness": 0.0}
{"generation": 1, "position": 59, "parents": [34, 27], "genome": "d(244) r(421,444)", "fitness": 10.0}
{"generation": 1, "position": 60, "parents": [34], "genome": "r(255,339) a(351,13)", "fitness": 0.0}
{"generation": 2, "position": 0, "parents": [41, 57], "genome": "d(21) r(210,384) a(214,303)", "fitness": 0.0}
{"generation": 2, "position": 1, "parents": [41, 57], "genome": "d(232) a(413,471) a(182,201)", "fitness": 0.0}
{"generation": 2, "position": 2, "parents": [41], "genome": "d(21) r(210,384) r(139,37)", "fitness": 0.0}
{"generation": 2, "position": 3, "parents": [57], "genome": "d(232) a(413,471) d(427)", "fitness": 0.0}
{"generation": 2, "position": 4, "parents": [42], "genome": "a(129,358) r(451,461) a(386,330)", "fitness": 0.0}
{"generation": 2, "position": 5, "parents": [52], "genome": "d(21) a(118,275) r(272,406)", "fitness": 0.0}
{"generation": 2, "position": 6, "parents": [45, 3], "genome": "a(431,341) a(217,341)", "fitness": 5.0}
{"generation": 2, "position": 7, "parents": [45, 3], "genome": "r(20,471) a(175,167) a(193,158) r(429,210)", "fitness": 0.0}
{"generation": 2, "position": 8, "parents": [45], "genome": "a(431,341) a(193,158) d(421)", "fitness": 0.0}
{"generation": 2, "position": 9, "parents": [3], "genome": "r(20,471) a(175,167) a(21,14)", "fitness": 0.0}
{"generation": 2, "position": 10, "parents": [34], "genome": "r(346,254) r(210,341) r(20,420)", "fitness": 0.0}
{"generation": 2, "position": 11, "parents": [44], "genome": "r(346,254) r(328,339) r(373,349)", "fitness": 0.0}
{"generation": 2, "position": 12, "parents": [32], "genome": "a(431,380) d(123) r(299,349)", "fitness": 0.0}
{"generation": 2, "position": 13, "parents": [18], "genome": "a(429,378) r(220,289) a(10,48)", "fitness": 0.0}
{"generation": 2, "position": 14, "parents": [37], "genome": "a(326,445) r(148,180) a(444,406)", "fitness": 0.0}
{"generation": 2, "position": 15, "parents": [28], "genome": "r(121,202) r(207,37) a(157,168)", "fitness": 0.0}
{"generation": 2, "position": 16, "parents": [42, 48], "genome": "a(129,358) a(457,420)", "fitness": 5.0}
{"generation": 2, "position": 17, "parents": [42, 48], "genome": "r(346,254) a(355,324) r(451,461) d(394)", "fitness": 0.0}
{"generation": 2, "position": 18, "parents": [42], "genome": "a(129,358) r(451,461) r(166,45)", "fitness": 0.0}
{"generation": 2, "position": 19, "parents": [48], "genome": "r(346,254) a(355,324) a(242,197)", "fitness": 0.0}
{"generation": 2, "position": 20, "parents": [38, 6], "genome": "r(109,276) r(386,286) r(378,411) d(404)", "fitness": 0.0}
{"generation": 2, "position": 21, "parents": [38, 6], "genome": "r(121,202) r(15,35)", "fitness": 0.0}
{"generation": 2, "position": 22, "parents": [38], "genome": "r(109,276) r(386,286) d(236)", "fitness": 0.0}
{"generation": 2, "position": 23, "parents": [6], "genome": "r(121,202) r(378,411) d(455)", "fitness": 0.0}
{"generation": 2, "position": 24, "parents": [28], "genome": "r(121,202) r(207,37) d(212)", "fitness": 0.0}
{"generation": 2, "position": 25, "parents": [21], "genome": "r(346,254) d(369) r(119,162)", "fitness": 0.0}
{"generation": 2, "position": 26, "parents": [46], "genome": "r(416,22) d(254) a(14,20)", "fitness": 0.0}
{"generation": 2, "position": 27, "parents": [42], "genome": "a(129,358) r(451,461) d(391)", "fitness": 0.0}
{"generation": 2, "position": 28, "parents": [57], "genome": "d(232) a(413,471) r(139,31)", "fitness": 0.0}
{"generation": 2, "position": 29, "parents": [28], "genome": "r(121,202) r(207,37) r(227,446)", "fitness": 10.0}
{"generation": 2, "position": 30, "parents": [30, 30], "genome": "r(121,202) d(324) a(398,381)", "fitness": 0.0}
{"generation": 2, "position": 31, "parents": [30, 30], "genome": "r(121,202) d(324) d(215)", "fitness": 0.0}
{"generation": 2, "position": 32, "parents": [30], "genome": "r(121,202) d(324) d(134)", "fitness": 0.0}
{"generation": 2, "position": 33, "parents": [30], "genome": "r(121,202) d(324) r(358,357)", "fitness": 0.0}
{"generation": 2, "position": 34, "parents": [48, 6], "genome": "r(346,254) a(355,324) r(378,411) r(469,455)", "fitness": 0.0}
{"generation": 2, "position": 35, "parents": [48, 6], "genome": "r(121,202) r(240,154)", "fitness": 0.0}
{"generation": 2, "position": 36, "parents": [48], "genome": "r(346,254) a(355,324) r(292,52)", "fitness": 0.0}
{"generation": 2, "position": 37, "parents": [6], "genome": "r(121,202) r(378,411) d(405)", "fitness": 0.0}
{"generation": 2, "position": 38, "parents": [7], "genome": "a(129,358) a(444,443) d(213)", "fitness": 5.0}
{"generation": 2, "position": 39, "parents": [50], "genome": "r(346,254) r(369,162) d(353)", "fitness": 0.0}
{"generation": 2, "position": 40, "parents": [46, 20], "genome": "r(416,22) r(392,420)", "fitness": 0.0}
{"generation": 2, "position": 41, "parents": [46, 20], "genome": "d(22) r(213,445) d(254) a(151,362)", "fitness": 5.0}
{"generation": 2, "position": 42, "parents": [46], "genome": "r(416,22) d(254) a(384,41)", "fitness": 0.0}
{"generation": 2, "position": 43, "parents": [20], "genome": "d(22) r(213,445) r(359,344)", "fitness": 0.0}
{"generation": 2, "position": 44, "parents": [61], "genome": "d(244) d(275) d(324)", "fitness": 0.0}
{"generation": 2, "position": 45, "parents": [54], "genome": "d(137) r(131,447) r(335,455)", "fitness": 0.0}
{"generation": 2, "position": 46, "parents": [57, 44], "genome": "d(232) a(413,471) r(455,355)", "fitness": 0.0}
{"generation": 2, "position": 47, "parents": [57, 44], "genome": "r(346,254) r(328,339) r(392,2)", "fitness": 0.0}
{"generation": 2, "position": 48, "parents": [57], "genome": "d(232) a(413,471) r(147,413)", "fitness": 0.0}
{"generation": 2, "position": 49, "parents": [44], "genome": "r(346,254) r(328,339) r(385,433)", "fitness": 0.0}
{"generation": 2, "position": 50, "parents": [43, 39], "genome": "d(21) a(113,138)", "fitness": 0.0}
{"generation": 2, "position": 51, "parents": [43, 39], "genome": "d(154) r(159,357) a(385,154) d(119)", "fitness": 0.0}
{"generation": 2, "position": 52, "parents": [43], "genome": "d(21) a(385,154) r(165,145)", "fitness": 0.0}
{"generation": 2, "position": 53, "parents": [39], "genome": "d(154) r(159,357) r(346,238)", "fitness": 5.0}
{"generation": 2, "position": 54, "parents": [61, 31], "genome": "d(244) r(180,173) d(168)", "fitness": 0.0}
{"generation": 2, "position": 55, "parents": [61, 31], "genome": "r(255,339) d(275) a(195,29)", "fitness": 0.0}
{"generation": 2, "position": 56, "parents": [61], "genome": "d(244) d(275) r(214,206)", "fitness": 0.0}
{"generation": 2, "position": 57, "parents": [31], "genome": "r(255,339) r(180,173) d(377)", "fitness": 0.0}
{"generation": 2, "position": 58, "parents": [45, 46], "genome": "a(431,341) a(193,158) d(254) d(25)", "fitness": 0.0}
{"generation": 2, "position": 59, "parents": [45, 46], "genome": "r(416,22) r(452,341)", "fitness": 0.0}
{"generation": 2, "position": 60, "parents": [45], "genome": "a(431,341) a(193,158) r(212,159)", "fitness": 0.0}
{"generation": 3, "position": 0, "parents": [61], "genome": "r(416,22) d(254) a(214,447) d(214)", "fitness": 0.0}
{"generation": 3, "position": 1, "parents": [12], "genome": "a(431,380) d(123) r(299,349) a(276,31)", "fitness": 0.0}
{"generation": 3, "position": 2, "parents": [28], "genome": "d(232) a(413,471) r(139,31) a(145,147)", "fitness": 0.0}
{"generation": 3, "position": 3, "parents": [42], "genome": "r(416,22) d(254) a(384,41) a(229,249)", "fitness": 0.0}
{"generation": 3, "position": 4, "parents": [59, 30], "genome": "r(416,22) r(452,341) d(324) a(398,381) d(160)", "fitness": 0.0}
{"generation": 3, "position": 5, "parents": [59, 30], "genome": "r(121,202) a(448,227)", "fitness": 0.0}
{"generation": 3, "position": 6, "parents": [59], "genome": "r(416,22) r(452,341) r(218,413)", "fitness": 0.0}
{"generation": 3, "position": 7, "parents": [30], "genome": "r(121,202) d(324) a(398,381) a(212,273)", "fitness": 0.0}
{"generation": 3, "position": 8, "parents": [50, 54], "genome": "d(21) a(113,138) d(168) d(403)", "fitness": 0.0}
{"generation": 3, "position": 9, "parents": [50, 54], "genome": "d(244) r(180,173) r(455,452)", "fitness": 0.0}
{"generation": 3, "position": 10, "parents": [50], "genome": "d(21) a(113,138) a(176,434)", "fitness": 0.0}
{"generation": 3, "position": 11, "parents": [54], "genome": "d(244) r(180,173) d(168) r(379,45)", "fitness": 0.0}
{"generation": 3, "position": 12, "parents": [36], "genome": "r(346,254) a(355,324) r(292,52) r(391,416)", "fitness": 0.0}
{"generation": 3, "position": 13, "parents": [61], "genome": "r(416,22) d(254) a(214,447) r(427,388)", "fitness": 0.0}
{"generation": 3, "position": 14, "parents": [52, 10], "genome": "d(21) r(210,341) r(20,420) a(180,441)", "fitness": 0.0}
{"generation": 3, "position": 15, "parents": [52, 10], "genome": "r(346,254) a(385,154) r(165,145) d(214)", "fitness": 0.0}
{"generation": 3, "position": 16, "parents": [52], "genome": "d(21) a(385,154) r(165,145) r(193,9)", "fitness": 0.0}
{"generation": 3, "position": 17, "parents": [10], "genome": "r(346,254) r(210,341) r(20,420) r(237,439)", "fitness": 0.0}
{"generation": 3, "position": 18, "parents": [23], "genome": "r(121,202) r(378,411) d(455) a(286,359)", "fitness": 0.0}
{"generation": 3, "position": 19, "parents": [51], "genome": "d(154) r(159,357) a(385,154) d(119) d(178)", "fitness": 0.0}
{"generation": 3, "position": 20, "parents": [24, 19], "genome": "r(121,202) r(207,37) d(212) r(461,385)", "fitness": 0.0}
{"generation": 3, "position": 21, "parents": [24, 19], "genome": "r(346,254) a(355,324) a(242,197) a(171,145)", "fitness": 0.0}
{"generation": 3, "position": 22, "parents": [24], "genome": "r(121,202) r(207,37) d(212) d(410)", "fitness": 0.0}
{"generation": 3, "position": 23, "parents": [19], "genome": "r(346,254) a(355,324) a(242,197) d(249)", "fitness": 0.0}
{"generation": 3, "position": 24, "parents": [46, 22], "genome": "d(232) a(413,471) r(328,286)", "fitness": 0.0}
{"generation": 3, "position": 25, "parents": [46, 22], "genome": "r(109,276) r(386,286) d(236) r(455,355) a(138,52)", "fitness": 0.0}
{"generation": 3, "position": 26, "parents": [46], "genome": "d(232) a(413,471) r(455,355) a(280,361)", "fitness": 0.0}
{"generation": 3, "position": 27, "parents": [22], "genome": "r(109,276) r(386,286) d(236) r(148,200)", "fitness": 0.0}
{"generation": 3, "position": 28, "parents": [56], "genome": "d(244) d(275) r(214,206) r(240,280)", "fitness": 0.0}
{"generation": 3, "position": 29, "parents": [50], "genome": "d(21) a(113,138) r(423,421)", "fitness": 0.0}
{"generation": 3, "position": 30, "parents": [46], "genome": "d(232) a(413,471) r(455,355) d(120)", "fitness": 0.0}
{"generation": 3, "position": 31, "parents": [59], "genome": "r(416,22) r(452,341) d(459)", "fitness": 0.0}
{"generation": 3, "position": 32, "parents": [9], "genome": "r(20,471) a(175,167) a(21,14) a(162,393)", "fitness": 0.0}
{"generation": 3, "position": 33, "parents": [22], "genome": "r(109,276) r(386,286) d(236) a(180,184)", "fitness": 0.0}
{"generation": 3, "position": 34, "parents": [13, 1], "genome": "a(429,378) r(220,289) a(10,48) a(413,471) a(182,201) a(156,281)", "fitness": 0.0}
{"generation": 3, "position": 35, "parents": [13, 1], "genome": "d(232) d(242)", "fitness": 0.0}
{"generation": 3, "position": 36, "parents": [13], "genome": "a(429,378) r(220,289) a(10,48) r(397,20)", "fitness": 0.0}
{"generation": 3, "position": 37, "parents": [1], "genome": "d(232) a(413,471) a(182,201) a(458,462)", "fitness": 0.0}
{"generation": 3, "position": 38, "parents": [32, 31], "genome": "r(121,202) d(324) d(324) d(215) r(356,361)", "fitness": 0.0}
{"generation": 3, "position": 39, "parents": [32, 31], "genome": "r(121,202) d(134) d(192)", "fitness": 0.0}
{"generation": 3, "position": 40, "parents": [32], "genome": "r(121,202) d(324) d(134) a(284,227)", "fitness": 0.0}
{"generation": 3, "position": 41, "parents": [31], "genome": "r(121,202) d(324) d(215) a(195,9)", "fitness": 0.0}
{"generation": 3, "position": 42, "parents": [54], "genome": "d(244) r(180,173) d(168) r(413,154)", "fitness": 0.0}
{"generation": 3, "position": 43, "parents": [58], "genome": "a(431,341) a(193,158) d(254) d(25) d(2)", "fitness": 0.0}
{"generation": 3, "position": 44, "parents": [49], "genome": "r(346,254) r(328,339) r(385,433) r(116,120)", "fitness": 0.0}
{"generation": 3, "position": 45, "parents": [1], "genome": "d(232) a(413,471) a(182,201) d(459)", "fitness": 0.0}
{"generation": 3, "position": 46, "parents": [45], "genome": "d(137) r(131,447) r(335,455) d(158)", "fitness": 0.0}
{"generation": 3, "position": 47, "parents": [2], "genome": "d(21) r(210,384) r(139,37) r(334,235)", "fitness": 0.0}
{"generation": 3, "position": 48, "parents": [20], "genome": "r(109,276) r(386,286) r(378,411) d(404) a(434,197)", "fitness": 0.0}
{"generation": 3, "position": 49, "parents": [60], "genome": "a(431,341) a(193,158) r(212,159) a(199,362)", "fitness": 0.0}
{"generation": 3, "position": 50, "parents": [30, 48], "genome": "r(121,202) d(324) a(213,185)", "fitness": 0.0}
{"generation": 3, "position": 51, "parents": [30, 48], "genome": "d(232) a(413,471) r(147,413) a(398,381) r(212,162)", "fitness": 0.0}
{"generation": 3, "position": 52, "parents": [30], "genome": "r(121,202) d(324) a(398,381) r(257,341)", "fitness": 0.0}
{"generation": 3, "position": 53, "parents": [48], "genome": "d(232) a(413,471) r(147,413) a(111,117)", "fitness": 0.0}
{"generation": 3, "position": 54, "parents": [28, 1], "genome": "d(232) a(413,471) r(139,31) a(182,201) r(241,2)", "fitness": 0.0}
{"generation": 3, "position": 55, "parents": [28, 1], "genome": "d(232) a(413,471) d(135)", "fitness": 0.0}
{"generation": 3, "position": 56, "parents": [28], "genome": "d(232) a(413,471) r(139,31) r(386,448)", "fitness": 0.0}
{"generation": 4, "position": 0, "parents": [54, 42], "genome": "d(232) a(413,471) r(413,154) r(289,243)", "fitness": 0.0}
{"generation": 4, "position": 1, "parents": [54, 42], "genome": "d(244) r(180,173) d(168) r(139,31) a(182,201) r(241,2) d(135)", "fitness": 0.0}
{"generation": 4, "position": 2, "parents": [54], "genome": "d(232) a(413,471) r(139,31) a(182,201) r(241,2) r(356,374)", "fitness": 0.0}
{"generation": 4, "position": 3, "parents": [42], "genome": "d(244) r(180,173) d(168) r(413,154) a(448,475)", "fitness": 0.0}
{"generation": 4, "position": 4, "parents": [57, 56], "genome": "d(232) a(413,471) a(413,471) r(139,31) r(386,448) r(20,47)", "fitness": 0.0}
{"generation": 4, "position": 5, "parents": [57, 56], "genome": "d(232) a(182,201) r(424,350) d(440)", "fitness": 0.0}
{"generation": 4, "position": 6, "parents": [57], "genome": "d(232) a(413,471) a(182,201) r(424,350) d(444)", "fitness": 0.0}
{"generation": 4, "position": 7, "parents": [56], "genome": "d(232) a(413,471) r(139,31) r(386,448) a(238,304)", "fitness": 0.0}
{"generation": 4, "position": 8, "parents": [56], "genome": "d(232) a(413,471) r(139,31) r(386,448) r(210,276)", "fitness": 0.0}
{"generation": 4, "position": 9, "parents": [0], "genome": "r(416,22) d(254) a(214,447) d(214) a(404,425)", "fitness": 0.0}
{"generation": 4, "position": 10, "parents": [27, 2], "genome": "r(109,276) r(386,286) a(429,399)", "fitness": 0.0}
{"generation": 4, "position": 11, "parents": [27, 2], "genome": "d(232) a(413,471) r(139,31) a(145,147) d(236) r(148,200) a(418,421)", "fitness": 0.0}
{"generation": 4, "position": 12, "parents": [27], "genome": "r(109,276) r(386,286) d(236) r(148,200) r(293,475)", "fitness": 0.0}
{"generation": 4, "position": 13, "parents": [2], "genome": "d(232) a(413,471) r(139,31) a(145,147) a(210,289)", "fitness": 0.0}
{"generation": 4, "position": 14, "parents": [8], "genome": "d(21) a(113,138) d(168) d(403) r(367,378)", "fitness": 0.0}
{"generation": 4, "position": 15, "parents": [18], "genome": "r(121,202) r(378,411) d(455) a(286,359) d(401)", "fitness": 0.0}
{"generation": 4, "position": 16, "parents": [5], "genome": "r(121,202) a(448,227) r(467,294)", "fitness": 0.0}
{"generation": 4, "position": 17, "parents": [16], "genome": "d(21) a(385,154) r(165,145) r(193,9) r(20,385)", "fitness": 0.0}
{"generation": 4, "position": 18, "parents": [4, 30], "genome": "r(416,22) r(452,341) d(324) a(398,381) d(160) d(120) r(109,349)", "fitness": 0.0}
{"generation": 4, "position": 19, "parents": [4, 30], "genome": "d(232) a(413,471) r(455,355) a(141,350)", "fitness": 0.0}
{"generation": 4, "position": 20, "parents": [4], "genome": "r(416,22) r(452,341) d(324) a(398,381) d(160) a(123,214)", "fitness": 0.0}
{"generation": 4, "position": 21, "parents": [30], "genome": "d(232) a(413,471) r(455,355) d(120) d(177)", "fitness": 0.0}
{"generation": 4, "position": 22, "parents": [40, 12], "genome": "r(121,202) d(324) d(134) a(284,227) r(292,52) r(391,416) a(147,475)", "fitness": 0.0}
{"generation": 4, "position": 23, "parents": [40, 12], "genome": "r(346,254) a(355,324) r(212,462)", "fitness": 2.0}
{"generation": 4, "position": 24, "parents": [40], "genome": "r(121,202) d(324) d(134) a(284,227) r(350,45)", "fitness": 0.0}
{"generation": 4, "position": 25, "parents": [12], "genome": "r(346,254) a(355,324) r(292,52) r(391,416) r(25,47)", "fitness": 0.0}
{"generation": 4, "position": 26, "parents": [21, 42], "genome": "r(346,254) a(355,324) a(242,197) a(171,145) d(473)", "fitness": 0.0}
{"generation": 4, "position": 27, "parents": [21, 42], "genome": "d(244) r(180,173) d(168) r(413,154) r(292,258)", "fitness": 0.0}
{"generation": 4, "position": 28, "parents": [21], "genome": "r(346,254) a(355,324) a(242,197) a(171,145) a(205,171)", "fitness": 0.0}
{"generation": 4, "position": 29, "parents": [42], "genome": "d(244) r(180,173) d(168) r(413,154) a(370,29)", "fitness": 0.0}
{"generation": 4, "position": 30, "parents": [11], "genome": "d(244) r(180,173) d(168) r(379,45) r(221,1)", "fitness": 0.0}
{"generation": 4, "position": 31, "parents": [28], "genome": "d(244) d(275) r(214,206) r(240,280) a(447,228)", "fitness": 0.0}
{"generation": 4, "position": 32, "parents": [43, 17], "genome": "a(431,341) a(193,158) d(254) r(185,286)", "fitness": 0.0}
{"generation": 4, "position": 33, "parents": [43, 17], "genome": "r(346,254) r(210,341) r(20,420) r(237,439) d(25) d(2) r(335,406)", "fitness": 0.0}
{"generation": 4, "position": 34, "parents": [43], "genome": "a(431,341) a(193,158) d(254) d(25) d(2) d(127)", "fitness": 0.0}
{"generation": 4, "position": 35, "parents": [17], "genome": "r(346,254) r(210,341) r(20,420) r(237,439) r(156,204)", "fitness": 0.0}
{"generation": 4, "position": 36, "parents": [1, 51], "genome": "a(431,380) r(142,123)", "fitness": 10.0}
{"generation": 4, "position": 37, "parents": [1, 51], "genome": "d(232) a(413,471) r(147,413) a(398,381) r(212,162) d(123) r(299,349) a(276,31) d(439)", "fitness": 0.0}
{"generation": 4, "position": 38, "parents": [1], "genome": "a(431,380) d(123) r(299,349) a(276,31) r(184,113)", "fitness": 0.0}
{"generation": 4, "position": 39, "parents": [51], "genome": "d(232) a(413,471) r(147,413) a(398,381) r(212,162) d(134)", "fitness": 0.0}
{"generation": 4, "position": 40, "parents": [52, 42], "genome": "r(121,202) d(168) r(413,154) r(253,324)", "fitness": 0.0}
{"generation": 4, "position": 41, "parents": [52, 42], "genome": "d(244) r(180,173) d(324) a(398,381) r(257,341) r(439,374)", "fitness": 0.0}
{"generation": 4, "position": 42, "parents": [52], "genome": "r(121,202) d(324) a(398,381) r(257,341) a(3,210)", "fitness": 0.0}
{"generation": 4, "position": 43, "parents": [42], "genome": "d(244) r(180,173) d(168) r(413,154) r(384,415)", "fitness": 0.0}
{"generation": 4, "position": 44, "parents": [8], "genome": "d(21) a(113,138) d(168) d(403) d(367)", "fitness": 0.0}
{"generation": 4, "position": 45, "parents": [0], "genome": "r(416,22) d(254) a(214,447) d(214) d(387)", "fitness": 0.0}
{"generation": 4, "position": 46, "parents": [27], "genome": "r(109,276) r(386,286) d(236) r(148,200) d(15)", "fitness": 0.0}
{"generation": 4, "position": 47, "parents": [19], "genome": "d(154) r(159,357) a(385,154) d(119) d(178) d(346)", "fitness": 0.0}
{"generation": 4, "position": 48, "parents": [47, 8], "genome": "d(21) r(210,384) r(151,173)", "fitness": 0.0}
{"generation": 4, "position": 49, "parents": [47, 8], "genome": "d(21) a(113,138) d(168) d(403) r(139,37) r(334,235) a(384,369)", "fitness": 0.0}
{"generation": 4, "position": 50, "parents": [47], "genome": "d(21) r(210,384) r(139,37) r(334,235) a(344,439)", "fitness": 0.0}
{"generation": 4, "position": 51, "parents": [8], "genome": "d(21) a(113,138) d(168) d(403) a(205,146)", "fitness": 0.0}
{"generation": 4, "position": 52, "parents": [22, 26], "genome": "r(121,202) r(207,37) a(280,361) r(176,212)", "fitness": 0.0}
{"generation": 4, "position": 53, "parents": [22, 26], "genome": "d(232) a(413,471) r(455,355) d(212) d(410) d(188)", "fitness": 0.0}
{"generation": 4, "position": 54, "parents": [22], "genome": "r(121,202) r(207,37) d(212) d(410) a(332,330)", "fitness": 0.0}
{"generation": 4, "position": 55, "parents": [26], "genome": "d(232) a(413,471) r(455,355) a(280,361) r(418,162)", "fitness": 0.0}
{"generation": 4, "position": 56, "parents": [5, 32], "genome": "r(121,202) a(448,227) a(175,167) a(21,14) a(162,393) a(213,226)", "fitness": 0.0}
{"generation": 4, "position": 57, "parents": [5, 32], "genome": "r(20,471) a(135,214)", "fitness": 0.0}
{"generation": 4, "position": 58, "parents": [5], "genome": "r(121,202) a(448,227) r(402,52)", "fitness": 0.0}
{"generation": 4, "position": 59, "parents": [32], "genome": "r(20,471) a(175,167) a(21,14) a(162,393) d(376)", "fitness": 0.0}
{"generation": 4, "position": 60, "parents": [1, 5], "genome": "a(431,380) d(123) r(299,349) a(276,31) a(448,227) a(284,272)", "fitness": 0.0}
{"generation": 4, "position": 61, "parents": [1, 5], "genome": "r(121,202) d(23)", "fitness": 0.0}
{"generation": 4, "position": 62, "parents": [1], "genome": "a(431,380) d(123) r(299,349) a(276,31) a(171,455)", "fitness": 0.0}
{"generation": 4, "position": 63, "parents": [5], "genome": "r(121,202) a(448,227) r(472,233)", "fitness": 0.0}
{"generation": 4, "position": 64, "parents": [2], "genome": "d(232) a(413,471) r(139,31) a(145,147) r(367,120)", "fitness": 0.0}
{"generation": 5, "position": 0, "parents": [6], "genome": "d(232) a(413,471) a(182,201) r(424,350) d(444) r(355,192)", "fitness": 0.0}
{"generation": 5, "position": 1, "parents": [15], "genome": "r(121,202) r(378,411) d(455) a(286,359) d(401) r(438,202)", "fitness": 0.0}
{"generation": 5, "position": 2, "parents": [0, 20], "genome": "d(232) a(413,471) r(413,154) r(289,243) r(452,341) d(324) a(398,381) d(160) a(123,214) d(212)", "fitness": 0.0}
{"generation": 5, "position": 3, "parents": [0, 20], "genome": "r(416,22) d(431)", "fitness": 0.0}
{"generation": 5, "position": 4, "parents": [0], "genome": "d(232) a(413,471) r(413,154) r(289,243) r(226,29)", "fitness": 0.0}
{"generation": 5, "position": 5, "parents": [20], "genome": "r(416,22) r(452,341) d(324) a(398,381) d(160) a(123,214) r(299,333)", "fitness": 0.0}
{"generation": 5, "position": 6, "parents": [62, 11], "genome": "a(431,380) d(123) r(299,349) a(276,31) a(413,471) r(139,31) a(145,147) d(236) r(148,200) a(418,421) r(253,294)", "fitness": 0.0}
{"generation": 5, "position": 7, "parents": [62, 11], "genome": "d(232) a(171,455) d(212)", "fitness": 0.0}
{"generation": 5, "position": 8, "parents": [62], "genome": "a(431,380) d(123) r(299,349) a(276,31) a(171,455) r(223,439)", "fitness": 0.0}
{"generation": 5, "position": 9, "parents": [11], "genome": "d(232) a(413,471) r(139,31) a(145,147) d(236) r(148,200) a(418,421) a(128,121)", "fitness": 0.0}
{"generation": 5, "position": 10, "parents": [25], "genome": "r(346,254) a(355,324) r(292,52) r(391,416) r(25,47) d(455)", "fitness": 0.0}
{"generation": 5, "position": 11, "parents": [29], "genome": "d(244) r(180,173) d(168) r(413,154) a(370,29) a(417,173)", "fitness": 0.0}
{"generation": 5, "position": 12, "parents": [27, 43], "genome": "d(244) r(384,415) d(229)", "fitness": 0.0}
{"generation": 5, "position": 13, "parents": [27, 43], "genome": "d(244) r(180,173) d(168) r(413,154) r(180,173) d(168) r(413,154) r(292,258) a(272,273)", "fitness": 0.0}
{"generation": 5, "position": 14, "parents": [27], "genome": "d(244) r(180,173) d(168) r(413,154) r(292,258) d(439)", "fitness": 0.0}
{"generation": 5, "position": 15, "parents": [43], "genome": "d(244) r(180,173) d(168) r(413,154) r(384,415) a(291,343)", "fitness": 0.0}
{"generation": 5, "position": 16, "parents": [61, 12], "genome": "r(121,202) d(23) d(236) r(148,200) r(293,475) r(454,350)", "fitness": 0.0}
{"generation": 5, "position": 17, "parents": [61, 12], "genome": "r(109,276) r(386,286) d(122)", "fitness": 0.0}
{"generation": 5, "position": 18, "parents": [61], "genome": "r(121,202) d(23) r(213,205)", "fitness": 0.0}
{"generation": 5, "position": 19, "parents": [12], "genome": "r(109,276) r(386,286) d(236) r(148,200) r(293,475) d(176)", "fitness": 0.0}
{"generation": 5, "position": 20, "parents": [11, 17], "genome": "d(232) a(413,471) r(139,31) a(385,154) r(165,145) r(193,9) r(20,385) a(15,162)", "fitness": 0.0}
{"generation": 5, "position": 21, "parents": [11, 17], "genome": "d(21) a(145,147) d(236) r(148,200) a(418,421) r(15,48)", "fitness": 0.0}
{"generation": 5, "position": 22, "parents": [11], "genome": "d(232) a(413,471) r(139,31) a(145,147) d(236) r(148,200) a(418,421) a(418,28)", "fitness": 0.0}
{"generation": 5, "position": 23, "parents": [17], "genome": "d(21) a(385,154) r(165,145) r(193,9) r(20,385) a(427,28)", "fitness": 0.0}
{"generation": 5, "position": 24, "parents": [12, 26], "genome": "r(109,276) r(386,286) d(236) r(148,200) d(473) a(343,446)", "fitness": 0.0}
{"generation": 5, "position": 25, "parents": [12, 26], "genome": "r(346,254) a(355,324) a(242,197) a(171,145) r(293,475) r(132,172)", "fitness": 0.0}
{"generation": 5, "position": 26, "parents": [12], "genome": "r(109,276) r(386,286) d(236) r(148,200) r(293,475) d(213)", "fitness": 0.0}
{"generation": 5, "position": 27, "parents": [26], "genome": "r(346,254) a(355,324) a(242,197) a(171,145) d(473) d(227)", "fitness": 0.0}
{"generation": 5, "position": 28, "parents": [16, 29], "genome": "r(121,202) a(448,227) d(168) r(413,154) a(370,29) a(437,233)", "fitness": 0.0}
{"generation": 5, "position": 29, "parents": [16, 29], "genome": "d(244) r(180,173) r(467,294) d(195)", "fitness": 0.0}
{"generation": 5, "position": 30, "parents": [16], "genome": "r(121,202) a(448,227) r(467,294) d(217)", "fitness": 0.0}
{"generation": 5, "position": 31, "parents": [29], "genome": "d(244) r(180,173) d(168) r(413,154) a(370,29) d(344)", "fitness": 0.0}
{"generation": 5, "position": 32, "parents": [17, 34], "genome": "d(21) d(2) d(127) d(255)", "fitness": 0.0}
{"generation": 5, "position": 33, "parents": [17, 34], "genome": "a(431,341) a(193,158) d(254) d(25) a(385,154) r(165,145) r(193,9) r(20,385) r(157,161)", "fitness": 0.0}
{"generation": 5, "position": 34, "parents": [17], "genome": "d(21) a(385,154) r(165,145) r(193,9) r(20,385) d(368)", "fitness": 0.0}
{"generation": 5, "position": 35, "parents": [34], "genome": "a(431,341) a(193,158) d(254) d(25) d(2) d(127) r(110,119)", "fitness": 0.0}
{"generation": 5, "position": 36, "parents": [43, 32], "genome": "d(244) a(132,136)", "fitness": 0.0}
{"generation": 5, "position": 37, "parents": [43, 32], "genome": "a(431,341) a(193,158) d(254) r(185,286) r(180,173) d(168) r(413,154) r(384,415) a(430,398)", "fitness": 0.0}
{"generation": 5, "position": 38, "parents": [43], "genome": "d(244) r(180,173) d(168) r(413,154) r(384,415) r(442,462)", "fitness": 0.0}
{"generation": 5, "position": 39, "parents": [32], "genome": "a(431,341) a(193,158) d(254) r(185,286) d(370)", "fitness": 0.0}
{"generation": 5, "position": 40, "parents": [25], "genome": "r(346,254) a(355,324) r(292,52) r(391,416) r(25,47) r(394,52)", "fitness": 0.0}
{"generation": 5, "position": 41, "parents": [20], "genome": "r(416,22) r(452,341) d(324) a(398,381) d(160) a(123,214) a(273,227)", "fitness": 0.0}
{"generation": 5, "position": 42, "parents": [58, 40], "genome": "r(121,202) r(413,154) r(253,324) a(249,210)", "fitness": 0.0}
{"generation": 5, "position": 43, "parents": [58, 40], "genome": "r(121,202) d(168) a(448,227) r(402,52) a(333,237)", "fitness": 0.0}
{"generation": 5, "position": 44, "parents": [58], "genome": "r(121,202) a(448,227) r(402,52) d(226)", "fitness": 0.0}
{"generation": 5, "position": 45, "parents": [40], "genome": "r(121,202) d(168) r(413,154) r(253,324) r(473,294)", "fitness": 0.0}
{"generation": 5, "position": 46, "parents": [61, 30], "genome": "r(121,202) d(23) r(379,45) r(221,1) a(403,434)", "fitness": 0.0}
{"generation": 5, "position": 47, "parents": [61, 30], "genome": "d(244) r(180,173) d(168) r(390,444)", "fitness": 0.0}
{"generation": 5, "position": 48, "parents": [61], "genome": "r(121,202) d(23) a(212,151)", "fitness": 0.0}
{"generation": 5, "position": 49, "parents": [30], "genome": "d(244) r(180,173) d(168) r(379,45) r(221,1) r(202,178)", "fitness": 0.0}
{"generation": 5, "position": 50, "parents": [7], "genome": "d(232) a(413,471) r(139,31) r(386,448) a(238,304) d(465)", "fitness": 0.0}
{"generation": 5, "position": 51, "parents": [44], "genome": "d(21) a(113,138) d(168) d(403) d(367) a(255,360)", "fitness": 0.0}
{"generation": 5, "position": 52, "parents": [54, 58], "genome": "r(121,202) r(207,37) r(402,52) a(215,215)", "fitness": 0.0}
{"generation": 5, "position": 53, "parents": [54, 58], "genome": "r(121,202) a(448,227) d(212) d(410) a(332,330) r(386,429)", "fitness": 0.0}
{"generation": 5, "position": 54, "parents": [54], "genome": "r(121,202) r(207,37) d(212) d(410) a(332,330) a(300,45)", "fitness": 0.0}
{"generation": 5, "position": 55, "parents": [58], "genome": "r(121,202) a(448,227) r(402,52) r(440,413)", "fitness": 0.0}
{"generation": 5, "position": 56, "parents": [10], "genome": "r(109,276) r(386,286) a(429,399) d(439)", "fitness": 0.0}
{"generation": 5, "position": 57, "parents": [20], "genome": "r(416,22) r(452,341) d(324) a(398,381) d(160) a(123,214) d(15)", "fitness": 0.0}
{"generation": 5, "position": 58, "parents": [5], "genome": "d(232) a(182,201) r(424,350) d(440) r(423,9)", "fitness": 0.0}
{"generation": 5, "position": 59, "parents": [42], "genome": "r(121,202) d(324) a(398,381) r(257,341) a(3,210) d(231)", "fitness": 0.0}
{"generation": 5, "position": 60, "parents": [12], "genome": "r(109,276) r(386,286) d(236) r(148,200) r(293,475) r(237,251)", "fitness": 0.0}
{"generation": 5, "position": 61, "parents": [62], "genome": "a(431,380) d(123) r(299,349) a(276,31) a(171,455) r(185,113)", "fitness": 0.0}
{"generation": 5, "position": 62, "parents": [29], "genome": "d(244) r(180,173) d(168) r(413,154) a(370,29) a(3,185)", "fitness": 0.0}
{"generation": 6, "position": 0, "parents": [24, 32], "genome": "r(109,276) r(386,286) d(236) r(148,200) d(255) d(443)", "fitness": 0.0}
{"generation": 6, "position": 1, "parents": [24, 32], "genome": "d(21) d(2) d(127) d(473) a(343,446) d(414)", "fitness": 0.0}
{"generation": 6, "position": 2, "parents": [24], "genome": "r(109,276) r(386,286) d(236) r(148,200) d(473) a(343,446) a(431,178)", "fitness": 0.0}
{"generation": 6, "position": 3, "parents": [32], "genome": "d(21) d(2) d(127) d(255) a(458,457)", "fitness": 0.0}
{"generation": 6, "position": 4, "parents": [19, 37], "genome": "r(109,276) r(386,286) d(236) a(193,158) d(254) r(185,286) r(180,173) d(168) r(413,154) r(384,415) a(430,398) d(274)", "fitness": 0.0}
{"generation": 6, "position": 5, "parents": [19, 37], "genome": "a(431,341) r(148,200) r(293,475) d(176) r(290,210)", "fitness": 0.0}
{"generation": 6, "position": 6, "parents": [19], "genome": "r(109,276) r(386,286) d(236) r(148,200) r(293,475) d(176) a(210,208)", "fitness": 0.0}
{"generation": 6, "position": 7, "parents": [37], "genome": "a(431,341) a(193,158) d(254) r(185,286) r(180,173) d(168) r(413,154) r(384,415) a(430,398) r(378,369)", "fitness": 0.0}
{"generation": 6, "position": 8, "parents": [56, 20], "genome": "r(109,276) r(386,286) a(429,399) a(385,154) r(165,145) r(193,9) r(20,385) a(15,162) a(424,20)", "fitness": 0.0}
{"generation": 6, "position": 9, "parents": [56, 20], "genome": "d(232) a(413,471) r(139,31) d(439) r(402,431)", "fitness": 0.0}
{"generation": 6, "position": 10, "parents": [56], "genome": "r(109,276) r(386,286) a(429,399) d(439) d(458)", "fitness": 0.0}
{"generation": 6, "position": 11, "parents": [20], "genome": "d(232) a(413,471) r(139,31) a(385,154) r(165,145) r(193,9) r(20,385) a(15,162) a(403,227)", "fitness": 0.0}
{"generation": 6, "position": 12, "parents": [46], "genome": "r(121,202) d(23) r(379,45) r(221,1) a(403,434) d(433)", "fitness": 0.0}
{"generation": 6, "position": 13, "parents": [63], "genome": "d(244) r(180,173) d(168) r(413,154) r(384,415) r(202,273) a(210,294)", "fitness": 0.0}
{"generation": 6, "position": 14, "parents": [43, 31], "genome": "r(121,202) d(168) a(448,227) d(344) d(279)", "fitness": 0.0}
{"generation": 6, "position": 15, "parents": [43, 31], "genome": "d(244) r(180,173) d(168) r(413,154) a(370,29) r(402,52) a(333,237) r(212,467)", "fitness": 0.0}
{"generation": 6, "position": 16, "parents": [43], "genome": "r(121,202) d(168) a(448,227) r(402,52) a(333,237) r(162,193)", "fitness": 0.0}
{"generation": 6, "position": 17, "parents": [31], "genome": "d(244) r(180,173) d(168) r(413,154) a(370,29) d(344) d(216)", "fitness": 0.0}
{"generation": 6, "position": 18, "parents": [5], "genome": "r(416,22) r(452,341) d(324) a(398,381) d(160) a(123,214) r(299,333) d(293)", "fitness": 0.0}
{"generation": 6, "position": 19, "parents": [1], "genome": "r(121,202) r(378,411) d(455) a(286,359) d(401) r(438,202) r(291,359)", "fitness": 0.0}
{"generation": 6, "position": 20, "parents": [31, 44], "genome": "d(244) r(180,173) d(168) r(413,154) a(370,29) d(344) d(226) a(472,281)", "fitness": 0.0}
{"generation": 6, "position": 21, "parents": [31, 44], "genome": "r(121,202) a(448,227) r(402,52) a(248,245)", "fitness": 0.0}
{"generation": 6, "position": 22, "parents": [31], "genome": "d(244) r(180,173) d(168) r(413,154) a(370,29) d(344) a(277,246)", "fitness": 0.0}
{"generation": 6, "position": 23, "parents": [44], "genome": "r(121,202) a(448,227) r(402,52) d(226) d(258)", "fitness": 0.0}
{"generation": 6, "position": 24, "parents": [60], "genome": "r(109,276) r(386,286) d(236) r(148,200) r(293,475) r(237,251) d(252)", "fitness": 0.0}
{"generation": 6, "position": 25, "parents": [0], "genome": "d(232) a(413,471) a(182,201) r(424,350) d(444) r(355,192) r(115,384)", "fitness": 0.0}
{"generation": 6, "position": 26, "parents": [1, 19], "genome": "r(121,202) r(378,411) d(455) r(148,200) r(293,475) d(176) a(304,357)", "fitness": 0.0}
{"generation": 6, "position": 27, "parents": [1, 19], "genome": "r(109,276) r(386,286) d(236) a(286,359) d(401) r(438,202) d(473)", "fitness": 0.0}
{"generation": 6, "position": 28, "parents": [1], "genome": "r(121,202) r(378,411) d(455) a(286,359) d(401) r(438,202) d(240)", "fitness": 0.0}
{"generation": 6, "position": 29, "parents": [19], "genome": "r(109,276) r(386,286) d(236) r(148,200) r(293,475) d(176) a(422,436)", "fitness": 0.0}
{"generation": 6, "position": 30, "parents": [28], "genome": "r(121,202) a(448,227) d(168) r(413,154) a(370,29) a(437,233) d(158)", "fitness": 0.0}
{"generation": 6, "position": 31, "parents": [33], "genome": "a(431,341) a(193,158) d(254) d(25) a(385,154) r(165,145) r(193,9) r(20,385) r(157,161) a(344,355)", "fitness": 0.0}
{"generation": 6, "position": 32, "parents": [16], "genome": "r(121,202) d(23) d(236) r(148,200) r(293,475) r(454,350) r(127,413)", "fitness": 0.0}
{"generation": 6, "position": 33, "parents": [63], "genome": "d(244) r(180,173) d(168) r(413,154) r(384,415) r(202,273) d(399)", "fitness": 0.0}
{"generation": 6, "position": 34, "parents": [9], "genome": "d(232) a(413,471) r(139,31) a(145,147) d(236) r(148,200) a(418,421) a(128,121) a(217,420)", "fitness": 0.0}
{"generation": 6, "position": 35, "parents": [34], "genome": "d(21) a(385,154) r(165,145) r(193,9) r(20,385) d(368) a(373,432)", "fitness": 0.0}
{"generation": 6, "position": 36, "parents": [6], "genome": "a(431,380) d(123) r(299,349) a(276,31) a(413,471) r(139,31) a(145,147) d(236) r(148,200) a(418,421) r(253,294) r(141,115)", "fitness": 0.0}
{"generation": 6, "position": 37, "parents": [6], "genome": "a(431,380) d(123) r(299,349) a(276,31) a(413,471) r(139,31) a(145,147) d(236) r(148,200) a(418,421) r(253,294) a(218,221)", "fitness": 0.0}
{"generation": 6, "position": 38, "parents": [14], "genome": "d(244) r(180,173) d(168) r(413,154) r(292,258) d(439) a(457,289)", "fitness": 0.0}
{"generation": 6, "position": 39, "parents": [20], "genome": "d(232) a(413,471) r(139,31) a(385,154) r(165,145) r(193,9) r(20,385) a(15,162) d(137)", "fitness": 0.0}
{"generation": 6, "position": 40, "parents": [31, 55], "genome": "d(244) r(180,173) d(168) r(440,413) d(416)", "fitness": 0.0}
{"generation": 6, "position": 41, "parents": [31, 55], "genome": "r(121,202) a(448,227) r(402,52) r(413,154) a(370,29) d(344) d(164)", "fitness": 0.0}
{"generation": 6, "position": 42, "parents": [31], "genome": "d(244) r(180,173) d(168) r(413,154) a(370,29) d(344) d(384)", "fitness": 0.0}
{"generation": 6, "position": 43, "parents": [55], "genome": "r(121,202) a(448,227) r(402,52) r(440,413) d(212)", "fitness": 0.0}
{"generation": 6, "position": 44, "parents": [2, 23], "genome": "d(232) a(413,471) r(413,154) r(289,243) r(452,341) d(324) a(398,381) d(160) a(123,214) a(385,154) r(165,145) r(193,9) r(20,385) a(427,28) a(435,202)", "fitness": 0.0}
{"generation": 6, "position": 45, "parents": [2, 23], "genome": "d(21) d(212) a(242,253)", "fitness": 0.0}
{"generation": 6, "position": 46, "parents": [2], "genome": "d(232) a(413,471) r(413,154) r(289,243) r(452,341) d(324) a(398,381) d(160) a(123,214) d(212) a(422,378)", "fitness": 0.0}
{"generation": 6, "position": 47, "parents": [23], "genome": "d(21) a(385,154) r(165,145) r(193,9) r(20,385) a(427,28) d(210)", "fitness": 0.0}
{"generation": 6, "position": 48, "parents": [19], "genome": "r(109,276) r(386,286) d(236) r(148,200) r(293,475) d(176) a(451,281)", "fitness": 0.0}
{"generation": 6, "position": 49, "parents": [17], "genome": "r(109,276) r(386,286) d(122) a(194,149)", "fitness": 0.0}
{"generation": 6, "position": 50, "parents": [37, 54], "genome": "a(431,341) a(193,158) d(254) r(185,286) r(180,173) d(168) r(413,154) d(410) a(332,330) a(300,45) a(384,386)", "fitness": 0.0}
{"generation": 6, "position": 51, "parents": [37, 54], "genome": "r(121,202) r(207,37) d(212) r(384,415) a(430,398) d(280)", "fitness": 0.0}
{"generation": 6, "position": 52, "parents": [37], "genome": "a(431,341) a(193,158) d(254) r(185,286) r(180,173) d(168) r(413,154) r(384,415) a(430,398) a(212,194)", "fitness": 0.0}
{"generation": 6, "position": 53, "parents": [54], "genome": "r(121,202) r(207,37) d(212) d(410) a(332,330) a(300,45) a(187,194)", "fitness": 0.0}
{"generation": 6, "position": 54, "parents": [5, 49], "genome": "r(416,22) r(452,341) d(324) a(398,381) d(168) r(379,45) r(221,1) r(202,178) r(183,151)", "fitness": 0.0}
{"generation": 6, "position": 55, "parents": [5, 49], "genome": "d(244) r(180,173) d(160) a(123,214) r(299,333) r(229,455)", "fitness": 0.0}
{"generation": 6, "position": 56, "parents": [5], "genome": "r(416,22) r(452,341) d(324) a(398,381) d(160) a(123,214) r(299,333) a(388,396)", "fitness": 0.0}
{"generation": 6, "position": 57, "parents": [49], "genome": "d(244) r(180,173) d(168) r(379,45) r(221,1) r(202,178) r(210,289)", "fitness": 0.0}
{"generation": 6, "position": 58, "parents": [3], "genome": "r(416,22) d(431) a(227,341)", "fitness": 0.0}
{"generation": 7, "position": 0, "parents": [53, 2], "genome": "r(121,202) r(207,37) d(212) d(410) a(332,330) d(473) a(343,446) a(431,178) r(178,139)", "fitness": 10.0}
{"generation": 7, "position": 1, "parents": [53, 2], "genome": "r(109,276) r(386,286) d(236) r(148,200) a(300,45) a(187,194) r(252,45)", "fitness": 0.0}
{"generation": 7, "position": 2, "parents": [53], "genome": "r(121,202) r(207,37) d(212) d(410) a(332,330) a(300,45) a(187,194) d(444)", "fitness": 0.0}
{"generation": 7, "position": 3, "parents": [2], "genome": "r(109,276) r(386,286) d(236) r(148,200) d(473) a(343,446) a(431,178) a(210,136)", "fitness": 0.0}
{"generation": 7, "position": 4, "parents": [29, 34], "genome": "r(109,276) r(386,286) d(236) r(148,200) r(293,475) d(176) a(422,436) a(145,147) d(236) r(148,200) a(418,421) a(128,121) a(217,420) r(11,393)", "fitness": 0.0}
{"generation": 7, "position": 5, "parents": [29, 34], "genome": "d(232) a(413,471) r(139,31) d(379)", "fitness": 0.0}
{"generation": 7, "position": 6, "parents": [29], "genome": "r(109,276) r(386,286) d(236) r(148,200) r(293,475) d(176) a(422,436) d(214)", "fitness": 0.0}
{"generation": 7, "position": 7, "parents": [34], "genome": "d(232) a(413,471) r(139,31) a(145,147) d(236) r(148,200) a(418,421) a(128,121) a(217,420) r(388,323)", "fitness": 0.0}
{"generation": 7, "position": 8, "parents": [13, 6], "genome": "d(244) d(236) r(148,200) r(293,475) d(176) a(210,208) r(464,415)", "fitness": 0.0}
{"generation": 7, "position": 9, "parents": [13, 6], "genome": "r(109,276) r(386,286) r(180,173) d(168) r(413,154) r(384,415) r(202,273) a(210,294) d(324)", "fitness": 0.0}
{"generation": 7, "position": 10, "parents": [13], "genome": "d(244) r(180,173) d(168) r(413,154) r(384,415) r(202,273) a(210,294) a(281,324)", "fitness": 0.0}
{"generation": 7, "position": 11, "parents": [6], "genome": "r(109,276) r(386,286) d(236) r(148,200) r(293,475) d(176) a(210,208) d(402)", "fitness": 0.0}
{"generation": 7, "position": 12, "parents": [31, 38], "genome": "a(431,341) a(193,158) d(254) d(25) a(385,154) r(165,145) r(193,9) d(168) r(413,154) r(292,258) d(439) a(457,289) r(472,466)", "fitness": 0.0}
{"generation": 7, "position": 13, "parents": [31, 38], "genome": "d(244) r(180,173) r(20,385) r(157,161) a(344,355) a(367,398)", "fitness": 0.0}
{"generation": 7, "position": 14, "parents": [31], "genome": "a(431,341) a(193,158) d(254) d(25) a(385,154) r(165,145) r(193,9) r(20,385) r(157,161) a(344,355) d(177)", "fitness": 0.0}
{"generation": 7, "position": 15, "parents": [38], "genome": "d(244) r(180,173) d(168) r(413,154) r(292,258) d(439) a(457,289) r(353,413)", "fitness": 0.0}
{"generation": 7, "position": 16, "parents": [58], "genome": "r(416,22) d(431) a(227,341) r(214,281)", "fitness": 0.0}
{"generation": 7, "position": 17, "parents": [41], "genome": "r(121,202) a(448,227) r(402,52) r(413,154) a(370,29) d(344) d(164) a(409,446)", "fitness": 0.0}
{"generation": 7, "position": 18, "parents": [14, 21], "genome": "r(121,202) d(168) r(402,52) a(248,245) r(352,252)", "fitness": 0.0}
{"generation": 7, "position": 19, "parents": [14, 21], "genome": "r(121,202) a(448,227) a(448,227) d(344) d(279) r(156,400)", "fitness": 0.0}
{"generation": 7, "position": 20, "parents": [14], "genome": "r(121,202) d(168) a(448,227) d(344) d(279) a(189,31)", "fitness": 0.0}
{"generation": 7, "position": 21, "parents": [21], "genome": "r(121,202) a(448,227) r(402,52) a(248,245) r(406,392)", "fitness": 0.0}
{"generation": 7, "position": 22, "parents": [23, 33], "genome": "r(121,202) a(448,227) r(384,415) r(202,273) d(399) d(417)", "fitness": 0.0}
{"generation": 7, "position": 23, "parents": [23, 33], "genome": "d(244) r(180,173) d(168) r(413,154) r(402,52) d(226) d(258) d(187)", "fitness": 0.0}
{"generation": 7, "position": 24, "parents": [23], "genome": "r(121,202) a(448,227) r(402,52) d(226) d(258) r(425,392)", "fitness": 0.0}
{"generation": 7, "position": 25, "parents": [33], "genome": "d(244) r(180,173) d(168) r(413,154) r(384,415) r(202,273) d(399) d(213)", "fitness": 0.0}
{"generation": 7, "position": 26, "parents": [12], "genome": "r(121,202) d(23) r(379,45) r(221,1) a(403,434) d(433) a(145,113)", "fitness": 0.0}
{"generation": 7, "position": 27, "parents": [44], "genome": "d(232) a(413,471) r(413,154) r(289,243) r(452,341) d(324) a(398,381) d(160) a(123,214) a(385,154) r(165,145) r(193,9) r(20,385) a(427,28) a(435,202) a(323,300)", "fitness": 0.0}
{"generation": 7, "position": 28, "parents": [1], "genome": "d(21) d(2) d(127) d(473) a(343,446) d(414) r(384,370)", "fitness": 0.0}
{"generation": 7, "position": 29, "parents": [43], "genome": "r(121,202) a(448,227) r(402,52) r(440,413) d(212) d(19)", "fitness": 0.0}
{"generation": 7, "position": 30, "parents": [1, 59], "genome": "d(21) d(2) d(127) d(473) a(343,446) a(448,227) r(467,294) d(217) d(133) a(437,450)", "fitness": 0.0}
{"generation": 7, "position": 31, "parents": [1, 59], "genome": "r(121,202) d(414) r(471,173)", "fitness": 0.0}
{"generation": 7, "position": 32, "parents": [1], "genome": "d(21) d(2) d(127) d(473) a(343,446) d(414) a(200,162)", "fitness": 0.0}
{"generation": 7, "position": 33, "parents": [59], "genome": "r(121,202) a(448,227) r(467,294) d(217) d(133) r(373,197)", "fitness": 0.0}
{"generation": 7, "position": 34, "parents": [40, 53], "genome": "d(244) r(180,173) d(168) r(440,413) d(416) d(410) a(332,330) a(300,45) a(187,194) d(387)", "fitness": 0.0}
{"generation": 7, "position": 35, "parents": [40, 53], "genome": "r(121,202) r(207,37) d(212) d(286)", "fitness": 0.0}
{"generation": 7, "position": 36, "parents": [40], "genome": "d(244) r(180,173) d(168) r(440,413) d(416) d(250)", "fitness": 0.0}
{"generation": 7, "position": 37, "parents": [53], "genome": "r(121,202) r(207,37) d(212) d(410) a(332,330) a(300,45) a(187,194) r(109,362)", "fitness": 0.0}
{"generation": 7, "position": 38, "parents": [32], "genome": "r(121,202) d(23) d(236) r(148,200) r(293,475) r(454,350) r(127,413) d(435)", "fitness": 0.0}
{"generation": 7, "position": 39, "parents": [16], "genome": "r(121,202) d(168) a(448,227) r(402,52) a(333,237) r(162,193) d(468)", "fitness": 0.0}
{"generation": 7, "position": 40, "parents": [47], "genome": "d(21) a(385,154) r(165,145) r(193,9) r(20,385) a(427,28) d(210) a(429,272)", "fitness": 0.0}
{"generation": 7, "position": 41, "parents": [2], "genome": "r(109,276) r(386,286) d(236) r(148,200) d(473) a(343,446) a(431,178) r(181,350)", "fitness": 0.0}
{"generation": 7, "position": 42, "parents": [14, 25], "genome": "r(121,202) d(168) a(448,227) a(182,201) r(424,350) d(444) r(355,192) r(115,384) d(220)", "fitness": 0.0}
{"generation": 7, "position": 43, "parents": [14, 25], "genome": "d(232) a(413,471) d(344) d(279) d(242)", "fitness": 0.0}
{"generation": 7, "position": 44, "parents": [14], "genome": "r(121,202) d(168) a(448,227) d(344) d(279) r(194,197)", "fitness": 0.0}
{"generation": 7, "position": 45, "parents": [25], "genome": "d(232) a(413,471) a(182,201) r(424,350) d(444) r(355,192) r(115,384) d(239)", "fitness": 0.0}
{"generation": 7, "position": 46, "parents": [39], "genome": "d(232) a(413,471) r(139,31) a(385,154) r(165,145) r(193,9) r(20,385) a(15,162) d(137) r(403,382)", "fitness": 0.0}
{"generation": 7, "position": 47, "parents": [35], "genome": "d(21) a(385,154) r(165,145) r(193,9) r(20,385) d(368) a(373,432) r(238,335)", "fitness": 0.0}
{"generation": 7, "position": 48, "parents": [41, 13], "genome": "r(121,202) a(448,227) r(402,52) r(413,154) a(370,29) d(344) r(188,208)", "fitness": 0.0}
{"generation": 7, "position": 49, "parents": [41, 13], "genome": "d(244) r(180,173) d(168) r(413,154) r(384,415) r(202,273) a(210,294) d(164) r(350,293)", "fitness": 0.0}
{"generation": 7, "position": 50, "parents": [41], "genome": "r(121,202) a(448,227) r(402,52) r(413,154) a(370,29) d(344) d(164) a(210,1)", "fitness": 0.0}
{"generation": 7, "position": 51, "parents": [13], "genome": "d(244) r(180,173) d(168) r(413,154) r(384,415) r(202,273) a(210,294) r(109,275)", "fitness": 0.0}
{"generation": 7, "position": 52, "parents": [58, 13], "genome": "r(416,22) d(201)", "fitness": 0.0}
{"generation": 7, "position": 53, "parents": [58, 13], "genome": "d(244) r(180,173) d(168) r(413,154) r(384,415) r(202,273) a(210,294) d(431) a(227,341) a(198,227)", "fitness": 0.0}
{"generation": 7, "position": 54, "parents": [58], "genome": "r(416,22) d(431) a(227,341) d(212)", "fitness": 0.0}
{"generation": 7, "position": 55, "parents": [13], "genome": "d(244) r(180,173) d(168) r(413,154) r(384,415) r(202,273) a(210,294) r(206,471)", "fitness": 0.0}
{"generation": 7, "position": 56, "parents": [42, 28], "genome": "d(244) r(180,173) d(168) r(413,154) r(378,411) d(455) a(286,359) d(401) r(438,202) d(240) a(369,357)", "fitness": 0.0}
{"generation": 7, "position": 57, "parents": [42, 28], "genome": "r(121,202) a(370,29) d(344) d(384) r(421,392)", "fitness": 0.0}
{"generation": 7, "position": 58, "parents": [42], "genome": "d(244) r(180,173) d(168) r(413,154) a(370,29) d(344) d(384) r(148,357)", "fitness": 0.0}
{"generation": 7, "position": 59, "parents": [28], "genome": "r(121,202) r(378,411) d(455) a(286,359) d(401) r(438,202) d(240) d(109)", "fitness": 0.0}
{"generation": 7, "position": 60, "parents": [18], "genome": "r(416,22) r(452,341) d(324) a(398,381) d(160) a(123,214) r(299,333) d(293) r(134,141)", "fitness": 0.0}
{"generation": 7, "position": 61, "parents": [12], "genome": "r(121,202) d(23) r(379,45) r(221,1) a(403,434) d(433) a(390,274)", "fitness": 0.0}
{"generation": 7, "position": 62, "parents": [8], "genome": "r(109,276) r(386,286) a(429,399) a(385,154) r(165,145) r(193,9) r(20,385) a(15,162) a(424,20) d(210)", "fitness": 0.0}
{"generation": 8, "position": 0, "parents": [46, 33], "genome": "d(232) r(373,197) d(11)", "fitness": 0.0}
{"generation": 8, "position": 1, "parents": [46, 33], "genome": "r(121,202) a(448,227) r(467,294) d(217) d(133) a(413,471) r(139,31) a(385,154) r(165,145) r(193,9) r(20,385) a(15,162) d(137) r(403,382) r(433,448)", "fitness": 0.0}
{"generation": 8, "position": 2, "parents": [46], "genome": "d(232) a(413,471) r(139,31) a(385,154) r(165,145) r(193,9) r(20,385) a(15,162) d(137) r(403,382) r(210,195)", "fitness": 0.0}
{"generation": 8, "position": 3, "parents": [33], "genome": "r(121,202) a(448,227) r(467,294) d(217) d(133) r(373,197) r(402,133)", "fitness": 0.0}
{"generation": 8, "position": 4, "parents": [26, 13], "genome": "r(121,202) d(23) r(379,45) r(221,1) a(403,434) d(433) a(164,425)", "fitness": 0.0}
{"generation": 8, "position": 5, "parents": [26, 13], "genome": "d(244) r(180,173) r(20,385) r(157,161) a(344,355) a(367,398) a(145,113) a(442,154)", "fitness": 0.0}
{"generation": 8, "position": 6, "parents": [26], "genome": "r(121,202) d(23) r(379,45) r(221,1) a(403,434) d(433) a(145,113) r(294,298)", "fitness": 0.0}
{"generation": 8, "position": 7, "parents": [13], "genome": "d(244) r(180,173) r(20,385) r(157,161) a(344,355) a(367,398) a(198,202)", "fitness": 0.0}
{"generation": 8, "position": 8, "parents": [43], "genome": "d(232) a(413,471) d(344) d(279) d(242) d(210)", "fitness": 0.0}
{"generation": 8, "position": 9, "parents": [16], "genome": "r(416,22) d(431) a(227,341) r(214,281) r(440,29)", "fitness": 0.0}
{"generation": 8, "position": 10, "parents": [11], "genome": "r(109,276) r(386,286) d(236) r(148,200) r(293,475) d(176) a(210,208) d(402) a(22,276)", "fitness": 0.0}
{"generation": 8, "position": 11, "parents": [44], "genome": "r(121,202) d(168) a(448,227) d(344) d(279) r(194,197) r(183,150)", "fitness": 0.0}
{"generation": 8, "position": 12, "parents": [55, 29], "genome": "d(244) r(180,173) d(168) d(212) d(19) a(406,276)", "fitness": 0.0}
{"generation": 8, "position": 13, "parents": [55, 29], "genome": "r(121,202) a(448,227) r(402,52) r(440,413) r(413,154) r(384,415) r(202,273) a(210,294) r(206,471) a(123,19)", "fitness": 0.0}
{"generation": 8, "position": 14, "parents": [55], "genome": "d(244) r(180,173) d(168) r(413,154) r(384,415) r(202,273) a(210,294) r(206,471) d(376)", "fitness": 0.0}
{"generation": 8, "position": 15, "parents": [29], "genome": "r(121,202) a(448,227) r(402,52) r(440,413) d(212) d(19) a(154,159)", "fitness": 0.0}
{"generation": 8, "position": 16, "parents": [50], "genome": "r(121,202) a(448,227) r(402,52) r(413,154) a(370,29) d(344) d(164) a(210,1) d(278)", "fitness": 0.0}
{"generation": 8, "position": 17, "parents": [31], "genome": "r(121,202) d(414) r(471,173) a(461,465)", "fitness": 0.0}
{"generation": 8, "position": 18, "parents": [34], "genome": "d(244) r(180,173) d(168) r(440,413) d(416) d(410) a(332,330) a(300,45) a(187,194) d(387) d(210)", "fitness": 0.0}
{"generation": 8, "position": 19, "parents": [7], "genome": "d(232) a(413,471) r(139,31) a(145,147) d(236) r(148,200) a(418,421) a(128,121) a(217,420) r(388,323) a(213,31)", "fitness": 0.0}
{"generation": 8, "position": 20, "parents": [53], "genome": "d(244) r(180,173) d(168) r(413,154) r(384,415) r(202,273) a(210,294) d(431) a(227,341) a(198,227) r(463,323)", "fitness": 0.0}
{"generation": 8, "position": 21, "parents": [62], "genome": "r(109,276) r(386,286) a(429,399) a(385,154) r(165,145) r(193,9) r(20,385) a(15,162) a(424,20) d(210) a(173,172)", "fitness": 0.0}
{"generation": 8, "position": 22, "parents": [22, 11], "genome": "r(121,202) a(448,227) r(384,415) r(202,273) d(399) r(148,200) r(293,475) d(176) a(210,208) d(402) d(214)", "fitness": 0.0}
{"generation": 8, "position": 23, "parents": [22, 11], "genome": "r(109,276) r(386,286) d(236) d(417) d(249)", "fitness": 0.0}
{"generation": 8, "position": 24, "parents": [22], "genome": "r(121,202) a(448,227) r(384,415) r(202,273) d(399) d(417) a(291,327)", "fitness": 0.0}
{"generation": 8, "position": 25, "parents": [11], "genome": "r(109,276) r(386,286) d(236) r(148,200) r(293,475) d(176) a(210,208) d(402) r(226,171)", "fitness": 0.0}
{"generation": 8, "position": 26, "parents": [30, 8], "genome": "d(21) d(2) a(210,208) r(464,415) a(356,301)", "fitness": 0.0}
{"generation": 8, "position": 27, "parents": [30, 8], "genome": "d(244) d(236) r(148,200) r(293,475) d(176) d(127) d(473) a(343,446) a(448,227) r(467,294) d(217) d(133) a(437,450) a(14,358)", "fitness": 0.0}
{"generation": 8, "position": 28, "parents": [30], "genome": "d(21) d(2) d(127) d(473) a(343,446) a(448,227) r(467,294) d(217) d(133) a(437,450) d(181)", "fitness": 0.0}
{"generation": 8, "position": 29, "parents": [8], "genome": "d(244) d(236) r(148,200) r(293,475) d(176) a(210,208) r(464,415) r(421,289)", "fitness": 0.0}
{"generation": 8, "position": 30, "parents": [54], "genome": "r(416,22) d(431) a(227,341) d(212) r(298,272)", "fitness": 0.0}
{"generation": 8, "position": 31, "parents": [13], "genome": "d(244) r(180,173) r(20,385) r(157,161) a(344,355) a(367,398) r(324,243)", "fitness": 0.0}
{"generation": 8, "position": 32, "parents": [19, 14], "genome": "r(121,202) a(448,227) a(448,227) d(344) r(157,161) a(344,355) d(177) a(197,228)", "fitness": 0.0}
{"generation": 8, "position": 33, "parents": [19, 14], "genome": "a(431,341) a(193,158) d(254) d(25) a(385,154) r(165,145) r(193,9) r(20,385) d(279) r(156,400) d(212)", "fitness": 0.0}
{"generation": 8, "position": 34, "parents": [19], "genome": "r(121,202) a(448,227) a(448,227) d(344) d(279) r(156,400) r(115,130)", "fitness": 0.0}
{"generation": 8, "position": 35, "parents": [14], "genome": "a(431,341) a(193,158) d(254) d(25) a(385,154) r(165,145) r(193,9) r(20,385) r(157,161) a(344,355) d(177) r(116,349)", "fitness": 0.0}
{"generation": 8, "position": 36, "parents": [26], "genome": "r(121,202) d(23) r(379,45) r(221,1) a(403,434) d(433) a(145,113) d(370)", "fitness": 0.0}
{"generation": 8, "position": 37, "parents": [3], "genome": "r(109,276) r(386,286) d(236) r(148,200) d(473) a(343,446) a(431,178) a(210,136) d(351)", "fitness": 0.0}
{"generation": 8, "position": 38, "parents": [21], "genome": "r(121,202) a(448,227) r(402,52) a(248,245) r(406,392) a(473,449)", "fitness": 0.0}
{"generation": 8, "position": 39, "parents": [44], "genome": "r(121,202) d(168) a(448,227) d(344) d(279) r(194,197) d(471)", "fitness": 0.0}
{"generation": 8, "position": 40, "parents": [9, 37], "genome": "r(109,276) r(207,37) d(212) d(410) a(332,330) a(300,45) a(187,194) r(109,362) d(287)", "fitness": 0.0}
{"generation": 8, "position": 41, "parents": [9, 37], "genome": "r(121,202) r(386,286) r(180,173) d(168) r(413,154) r(384,415) r(202,273) a(210,294) d(324) r(256,237)", "fitness": 0.0}
{"generation": 8, "position": 42, "parents": [9], "genome": "r(109,276) r(386,286) r(180,173) d(168) r(413,154) r(384,415) r(202,273) a(210,294) d(324) r(242,327)", "fitness": 0.0}
{"generation": 8, "position": 43, "parents": [37], "genome": "r(121,202) r(207,37) d(212) d(410) a(332,330) a(300,45) a(187,194) r(109,362) a(241,325)", "fitness": 0.0}
{"generation": 8, "position": 44, "parents": [5], "genome": "d(232) a(413,471) r(139,31) d(379) a(328,294)", "fitness": 0.0}
{"generation": 8, "position": 45, "parents": [52], "genome": "r(416,22) d(201) r(153,189)", "fitness": 0.0}
{"generation": 8, "position": 46, "parents": [18], "genome": "r(121,202) d(168) r(402,52) a(248,245) r(352,252) a(129,173)", "fitness": 0.0}
{"generation": 8, "position": 47, "parents": [14], "genome": "a(431,341) a(193,158) d(254) d(25) a(385,154) r(165,145) r(193,9) r(20,385) r(157,161) a(344,355) d(177) d(151)", "fitness": 0.0}
{"generation": 8, "position": 48, "parents": [47], "genome": "d(21) a(385,154) r(165,145) r(193,9) r(20,385) d(368) a(373,432) r(238,335) r(213,294)", "fitness": 0.0}
{"generation": 8, "position": 49, "parents": [23], "genome": "d(244) r(180,173) d(168) r(413,154) r(402,52) d(226) d(258) d(187) a(237,244)", "fitness": 0.0}
{"generation": 8, "position": 50, "parents": [9, 39], "genome": "r(109,276) r(386,286) d(468) a(215,400)", "fitness": 0.0}
{"generation": 8, "position": 51, "parents": [9, 39], "genome": "r(121,202) d(168) a(448,227) r(402,52) a(333,237) r(162,193) r(180,173) d(168) r(413,154) r(384,415) r(202,273) a(210,294) d(324) a(134,349)", "fitness": 0.0}
{"generation": 8, "position": 52, "parents": [9], "genome": "r(109,276) r(386,286) r(180,173) d(168) r(413,154) r(384,415) r(202,273) a(210,294) d(324) d(149)", "fitness": 0.0}
{"generation": 8, "position": 53, "parents": [39], "genome": "r(121,202) d(168) a(448,227) r(402,52) a(333,237) r(162,193) d(468) a(224,120)", "fitness": 0.0}
{"generation": 8, "position": 54, "parents": [38], "genome": "r(121,202) d(23) d(236) r(148,200) r(293,475) r(454,350) r(127,413) d(435) d(212)", "fitness": 0.0}
{"generation": 9, "position": 0, "parents": [45], "genome": "r(416,22) d(201) r(153,189) a(15,226)", "fitness": 0.0}
{"generation": 9, "position": 1, "parents": [42], "genome": "r(109,276) r(386,286) r(180,173) d(168) r(413,154) r(384,415) r(202,273) a(210,294) d(324) r(242,327) a(466,451)", "fitness": 0.0}
{"generation": 9, "position": 2, "parents": [33, 49], "genome": "a(431,341) a(193,158) d(254) d(25) a(385,154) r(165,145) r(193,9) r(20,385) d(279) r(156,400) r(180,173) d(168) r(413,154) r(402,52) d(226) d(258) d(187) a(237,244) a(444,446)", "fitness": 0.0}
{"generation": 9, "position": 3, "parents": [33, 49], "genome": "d(244) d(212) a(289,258)", "fitness": 5.0}
{"generation": 9, "position": 4, "parents": [33], "genome": "a(431,341) a(193,158) d(254) d(25) a(385,154) r(165,145) r(193,9) r(20,385) d(279) r(156,400) d(212) a(113,227)", "fitness": 0.0}
{"generation": 9, "position": 5, "parents": [49], "genome": "d(244) r(180,173) d(168) r(413,154) r(402,52) d(226) d(258) d(187) a(237,244) a(276,291)", "fitness": 0.0}
{"generation": 9, "position": 6, "parents": [44], "genome": "d(232) a(413,471) r(139,31) d(379) a(328,294) a(328,331)", "fitness": 0.0}
{"generation": 9, "position": 7, "parents": [11], "genome": "r(121,202) d(168) a(448,227) d(344) d(279) r(194,197) r(183,150) a(116,142)", "fitness": 0.0}
{"generation": 9, "position": 8, "parents": [34, 55], "genome": "r(121,202) a(200,162) d(233) r(213,45)", "fitness": 0.0}
{"generation": 9, "position": 9, "parents": [34, 55], "genome": "d(21) d(2) d(127) d(473) a(343,446) d(414) a(448,227) a(448,227) d(344) d(279) r(156,400) r(115,130) d(291)", "fitness": 0.0}
{"generation": 9, "position": 10, "parents": [34], "genome": "r(121,202) a(448,227) a(448,227) d(344) d(279) r(156,400) r(115,130) d(22)", "fitness": 0.0}
{"generation": 9, "position": 11, "parents": [55], "genome": "d(21) d(2) d(127) d(473) a(343,446) d(414) a(200,162) d(233) d(218)", "fitness": 0.0}
{"generation": 9, "position": 12, "parents": [3, 37], "genome": "r(121,202) a(448,227) r(467,294) r(148,200) d(473) a(343,446) a(431,178) a(210,136) d(351) r(185,420)", "fitness": 0.0}
{"generation": 9, "position": 13, "parents": [3, 37], "genome": "r(109,276) r(386,286) d(236) d(217) d(133) r(373,197) r(402,133) r(242,355)", "fitness": 0.0}
{"generation": 9, "position": 14, "parents": [3], "genome": "r(121,202) a(448,227) r(467,294) d(217) d(133) r(373,197) r(402,133) a(424,414)", "fitness": 0.0}
{"generation": 9, "position": 15, "parents": [37], "genome": "r(109,276) r(386,286) d(236) r(148,200) d(473) a(343,446) a(431,178) a(210,136) d(351) d(300)", "fitness": 0.0}
{"generation": 9, "position": 16, "parents": [35], "genome": "a(431,341) a(193,158) d(254) d(25) a(385,154) r(165,145) r(193,9) r(20,385) r(157,161) a(344,355) d(177) r(116,349) d(119)", "fitness": 0.0}
{"generation": 9, "position": 17, "parents": [11], "genome": "r(121,202) d(168) a(448,227) d(344) d(279) r(194,197) r(183,150) a(120,31)", "fitness": 0.0}
{"generation": 9, "position": 18, "parents": [5], "genome": "d(244) r(180,173) r(20,385) r(157,161) a(344,355) a(367,398) a(145,113) a(442,154) d(337)", "fitness": 0.0}
{"generation": 9, "position": 19, "parents": [30], "genome": "r(416,22) d(431) a(227,341) d(212) r(298,272) a(430,422)", "fitness": 0.0}
{"generation": 9, "position": 20, "parents": [12, 1], "genome": "d(244) a(385,154) r(165,145) r(193,9) r(20,385) a(15,162) d(137) r(403,382) r(433,448) d(248)", "fitness": 0.0}
{"generation": 9, "position": 21, "parents": [12, 1], "genome": "r(121,202) a(448,227) r(467,294) d(217) d(133) a(413,471) r(139,31) r(180,173) d(168) d(212) d(19) a(406,276) r(432,20)", "fitness": 0.0}
{"generation": 9, "position": 22, "parents": [12], "genome": "d(244) r(180,173) d(168) d(212) d(19) a(406,276) a(172,447)", "fitness": 0.0}
{"generation": 9, "position": 23, "parents": [1], "genome": "r(121,202) a(448,227) r(467,294) d(217) d(133) a(413,471) r(139,31) a(385,154) r(165,145) r(193,9) r(20,385) a(15,162) d(137) r(403,382) r(433,448) r(325,154)", "fitness": 0.0}
{"generation": 9, "position": 24, "parents": [33], "genome": "a(431,341) a(193,158) d(254) d(25) a(385,154) r(165,145) r(193,9) r(20,385) d(279) r(156,400) d(212) d(10)", "fitness": 0.0}
{"generation": 9, "position": 25, "parents": [24], "genome": "r(121,202) a(448,227) r(384,415) r(202,273) d(399) d(417) a(291,327) a(453,470)", "fitness": 0.0}
{"generation": 9, "position": 26, "parents": [14, 49], "genome": "d(244) r(180,173) d(168) r(413,154) r(384,415) r(202,273) a(210,294) r(206,471) r(189,227)", "fitness": 0.0}
{"generation": 9, "position": 27, "parents": [14, 49], "genome": "d(244) r(180,173) d(168) r(413,154) r(402,52) d(226) d(258) d(187) a(237,244) d(376) d(157)", "fitness": 0.0}
{"generation": 9, "position": 28, "parents": [14], "genome": "d(244) r(180,173) d(168) r(413,154) r(384,415) r(202,273) a(210,294) r(206,471) d(376) d(401)", "fitness": 0.0}
{"generation": 9, "position": 29, "parents": [49], "genome": "d(244) r(180,173) d(168) r(413,154) r(402,52) d(226) d(258) d(187) a(237,244) a(177,158)", "fitness": 0.0}
{"generation": 9, "position": 30, "parents": [47], "genome": "a(431,341) a(193,158) d(254) d(25) a(385,154) r(165,145) r(193,9) r(20,385) r(157,161) a(344,355) d(177) d(151) r(22,15)", "fitness": 0.0}
{"generation": 9, "position": 31, "parents": [23], "genome": "r(109,276) r(386,286) d(236) d(417) d(249) d(214)", "fitness": 0.0}
{"generation": 9, "position": 32, "parents": [2, 19], "genome": "d(232) a(413,471) r(139,31) a(385,154) r(165,145) r(193,9) d(428)", "fitness": 0.0}
{"generation": 9, "position": 33, "parents": [2, 19], "genome": "d(232) a(413,471) r(139,31) a(145,147) d(236) r(148,200) a(418,421) a(128,121) a(217,420) r(388,323) a(213,31) r(20,385) a(15,162) d(137) r(403,382) r(210,195) d(411)", "fitness": 0.0}
{"generation": 9, "position": 34, "parents": [2], "genome": "d(232) a(413,471) r(139,31) a(385,154) r(165,145) r(193,9) r(20,385) a(15,162) d(137) r(403,382) r(210,195) d(453)", "fitness": 0.0}
{"generation": 9, "position": 35, "parents": [19], "genome": "d(232) a(413,471) r(139,31) a(145,147) d(236) r(148,200) a(418,421) a(128,121) a(217,420) r(388,323) a(213,31) a(454,463)", "fitness": 0.0}
{"generation": 9, "position": 36, "parents": [21], "genome": "r(109,276) r(386,286) a(429,399) a(385,154) r(165,145) r(193,9) r(20,385) a(15,162) a(424,20) d(210) a(173,172) a(130,178)", "fitness": 0.0}
{"generation": 9, "position": 37, "parents": [4], "genome": "r(121,202) d(23) r(379,45) r(221,1) a(403,434) d(433) a(164,425) d(113)", "fitness": 0.0}
{"generation": 9, "position": 38, "parents": [7], "genome": "d(244) r(180,173) r(20,385) r(157,161) a(344,355) a(367,398) a(198,202) a(334,344)", "fitness": 0.0}
{"generation": 9, "position": 39, "parents": [38], "genome": "r(121,202) a(448,227) r(402,52) a(248,245) r(406,392) a(473,449) r(455,221)", "fitness": 0.0}
{"generation": 9, "position": 40, "parents": [50, 26], "genome": "r(109,276) r(386,286) r(464,415) a(356,301) r(217,471)", "fitness": 0.0}
{"generation": 9, "position": 41, "parents": [50, 26], "genome": "d(21) d(2) a(210,208) d(468) a(215,400) a(284,250)", "fitness": 0.0}
{"generation": 9, "position": 42, "parents": [50], "genome": "r(109,276) r(386,286) d(468) a(215,400) a(121,9)", "fitness": 0.0}
{"generation": 9, "position": 43, "parents": [26], "genome": "d(21) d(2) a(210,208) r(464,415) a(356,301) d(373)", "fitness": 0.0}
{"generation": 9, "position": 44, "parents": [13, 8], "genome": "r(121,202) a(448,227) r(402,52) r(440,413) r(413,154) r(384,415) r(202,273) a(210,294) r(206,471) a(123,19) d(242) d(210) r(2,272)", "fitness": 0.0}
{"generation": 9, "position": 45, "parents": [13, 8], "genome": "d(232) a(413,471) d(344) d(279) a(437,449)", "fitness": 0.0}
{"generation": 9, "position": 46, "parents": [13], "genome": "r(121,202) a(448,227) r(402,52) r(440,413) r(413,154) r(384,415) r(202,273) a(210,294) r(206,471) a(123,19) d(193)", "fitness": 0.0}
{"generation": 9, "position": 47, "parents": [8], "genome": "d(232) a(413,471) d(344) d(279) d(242) d(210) r(440,1)", "fitness": 0.0}
{"generation": 9, "position": 48, "parents": [2], "genome": "d(232) a(413,471) r(139,31) a(385,154) r(165,145) r(193,9) r(20,385) a(15,162) d(137) r(403,382) r(210,195) d(214)", "fitness": 0.0}
{"generation": 9, "position": 49, "parents": [22], "genome": "r(121,202) a(448,227) r(384,415) r(202,273) d(399) r(148,200) r(293,475) d(176) a(210,208) d(402) d(214) a(189,195)", "fitness": 0.0}
{"generation": 9, "position": 50, "parents": [7], "genome": "d(244) r(180,173) r(20,385) r(157,161) a(344,355) a(367,398) a(198,202) r(214,471)", "fitness": 0.0}
{"generation": 9, "position": 51, "parents": [26], "genome": "d(21) d(2) a(210,208) r(464,415) a(356,301) d(433)", "fitness": 0.0}
{"generation": 9, "position": 52, "parents": [32, 31], "genome": "r(121,202) a(448,227) a(448,227) d(344) r(157,161) a(367,398) r(324,243) a(367,226)", "fitness": 0.0}
{"generation": 9, "position": 53, "parents": [32, 31], "genome": "d(244) r(180,173) r(20,385) r(157,161) a(344,355) a(344,355) d(177) a(197,228) r(197,455)", "fitness": 0.0}
{"generation": 9, "position": 54, "parents": [32], "genome": "r(121,202) a(448,227) a(448,227) d(344) r(157,161) a(344,355) d(177) a(197,228) r(243,326)", "fitness": 0.0}
{"generation": 9, "position": 55, "parents": [31], "genome": "d(244) r(180,173) r(20,385) r(157,161) a(344,355) a(367,398) r(324,243) d(22)", "fitness": 0.0}
{"generation": 9, "position": 56, "parents": [31, 40], "genome": "d(244) r(180,173) r(20,385) d(410) a(332,330) a(300,45) a(187,194) r(109,362) d(287) a(443,390)", "fitness": 0.0}
{"generation": 9, "position": 57, "parents": [31, 40], "genome": "r(109,276) r(207,37) d(212) r(157,161) a(344,355) a(367,398) r(324,243) d(323)", "fitness": 0.0}
{"generation": 9, "position": 58, "parents": [31], "genome": "d(244) r(180,173) r(20,385) r(157,161) a(344,355) a(367,398) r(324,243) d(397)", "fitness": 0.0}
{"generation": 10, "position": 0, "parents": [53, 8], "genome": "d(244) r(180,173) r(20,385) r(157,161) a(344,355) a(344,355) d(177) a(197,228) r(197,455) r(213,45) a(300,273)", "fitness": 0.0}
{"generation": 10, "position": 1, "parents": [53, 8], "genome": "r(121,202) a(200,162) d(233) a(25,20)", "fitness": 0.0}
{"generation": 10, "position": 2, "parents": [53], "genome": "d(244) r(180,173) r(20,385) r(157,161) a(344,355) a(344,355) d(177) a(197,228) r(197,455) d(210)", "fitness": 0.0}
{"generation": 10, "position": 3, "parents": [8], "genome": "r(121,202) a(200,162) d(233) r(213,45) a(187,197)", "fitness": 0.0}
{"generation": 10, "position": 4, "parents": [0, 0], "genome": "r(416,22) d(201) r(153,189) a(15,226) a(164,362)", "fitness": 0.0}
{"generation": 10, "position": 5, "parents": [0, 0], "genome": "r(416,22) d(201) r(153,189) a(15,226) d(405)", "fitness": 0.0}
{"generation": 10, "position": 6, "parents": [0], "genome": "r(416,22) d(201) r(153,189) a(15,226) a(335,339)", "fitness": 0.0}
{"generation": 10, "position": 7, "parents": [0], "genome": "r(416,22) d(201) r(153,189) a(15,226) a(134,434)", "fitness": 0.0}
{"generation": 10, "position": 8, "parents": [38, 29], "genome": "d(244) r(180,173) r(20,385) r(157,161) a(344,355) a(367,398) a(198,202) a(177,158) r(338,448)", "fitness": 0.0}
{"generation": 10, "position": 9, "parents": [38, 29], "genome": "d(244) r(180,173) d(168) r(413,154) r(402,52) d(226) d(258) d(187) a(237,244) a(334,344) d(423)", "fitness": 0.0}
{"generation": 10, "position": 10, "parents": [38], "genome": "d(244) r(180,173) r(20,385) r(157,161) a(344,355) a(367,398) a(198,202) a(334,344) r(121,447)", "fitness": 0.0}
{"generation": 10, "position": 11, "parents": [29], "genome": "d(244) r(180,173) d(168) r(413,154) r(402,52) d(226) d(258) d(187) a(237,244) a(177,158) r(335,448)", "fitness": 0.0}
{"generation": 10, "position": 12, "parents": [17], "genome": "r(121,202) d(168) a(448,227) d(344) d(279) r(194,197) r(183,150) a(120,31) r(323,247)", "fitness": 0.0}
{"generation": 10, "position": 13, "parents": [58], "genome": "d(244) r(180,173) r(20,385) r(157,161) a(344,355) a(367,398) r(324,243) d(397) a(455,330)", "fitness": 0.0}
{"generation": 10, "position": 14, "parents": [42], "genome": "r(109,276) r(386,286) d(468) a(215,400) a(121,9) a(466,2)", "fitness": 0.0}
{"generation": 10, "position": 15, "parents": [55], "genome": "d(244) r(180,173) r(20,385) r(157,161) a(344,355) a(367,398) r(324,243) d(22) a(455,226)", "fitness": 0.0}
{"generation": 10, "position": 16, "parents": [56], "genome": "d(244) r(180,173) r(20,385) d(410) a(332,330) a(300,45) a(187,194) r(109,362) d(287) a(443,390) a(25,154)", "fitness": 0.0}
{"generation": 10, "position": 17, "parents": [9], "genome": "d(21) d(2) d(127) d(473) a(343,446) d(414) a(448,227) a(448,227) d(344) d(279) r(156,400) r(115,130) d(291) a(207,160)", "fitness": 0.0}
{"generation": 10, "position": 18, "parents": [49], "genome": "r(121,202) a(448,227) r(384,415) r(202,273) d(399) r(148,200) r(293,475) d(176) a(210,208) d(402) d(214) a(189,195) d(212)", "fitness": 0.0}
{"generation": 10, "position": 19, "parents": [20], "genome": "d(244) a(385,154) r(165,145) r(193,9) r(20,385) a(15,162) d(137) r(403,382) r(433,448) d(248) r(300,277)", "fitness": 0.0}
{"generation": 10, "position": 20, "parents": [30, 13], "genome": "a(431,341) a(193,158) d(254) d(25) a(385,154) r(402,133) r(242,355) a(20,330)", "fitness": 0.0}
{"generation": 10, "position": 21, "parents": [30, 13], "genome": "r(109,276) r(386,286) d(236) d(217) d(133) r(373,197) r(165,145) r(193,9) r(20,385) r(157,161) a(344,355) d(177) d(151) r(22,15) d(248)", "fitness": 0.0}
{"generation": 10, "position": 22, "parents": [30], "genome": "a(431,341) a(193,158) d(254) d(25) a(385,154) r(165,145) r(193,9) r(20,385) r(157,161) a(344,355) d(177) d(151) r(22,15) r(168,202)", "fitness": 0.0}
{"generation": 10, "position": 23, "parents": [13], "genome": "r(109,276) r(386,286) d(236) d(217) d(133) r(373,197) r(402,133) r(242,355) r(210,384)", "fitness": 0.0}
{"generation": 10, "position": 24, "parents": [1, 6], "genome": "r(109,276) r(386,286) a(466,420)", "fitness": 0.0}
{"generation": 10, "position": 25, "parents": [1, 6], "genome": "d(232) a(413,471) r(139,31) d(379) a(328,294) a(328,331) r(180,173) d(168) r(413,154) r(384,415) r(202,273) a(210,294) d(324) r(242,327) a(466,451) a(338,333)", "fitness": 0.0}
{"generation": 10, "position": 26, "parents": [1], "genome": "r(109,276) r(386,286) r(180,173) d(168) r(413,154) r(384,415) r(202,273) a(210,294) d(324) r(242,327) a(466,451) a(231,291)", "fitness": 0.0}
{"generation": 10, "position": 27, "parents": [6], "genome": "d(232) a(413,471) r(139,31) d(379) a(328,294) a(328,331) r(453,286)", "fitness": 0.0}
{"generation": 10, "position": 28, "parents": [38], "genome": "d(244) r(180,173) r(20,385) r(157,161) a(344,355) a(367,398) a(198,202) a(334,344) r(9,53)", "fitness": 0.0}
{"generation": 10, "position": 29, "parents": [11], "genome": "d(21) d(2) d(127) d(473) a(343,446) d(414) a(200,162) d(233) d(218) r(361,446)", "fitness": 0.0}
{"generation": 10, "position": 30, "parents": [22], "genome": "d(244) r(180,173) d(168) d(212) d(19) a(406,276) a(172,447) r(272,359)", "fitness": 0.0}
{"generation": 10, "position": 31, "parents": [8], "genome": "r(121,202) a(200,162) d(233) r(213,45) d(206)", "fitness": 0.0}
{"generation": 10, "position": 32, "parents": [47], "genome": "d(232) a(413,471) d(344) d(279) d(242) d(210) r(440,1) r(176,158)", "fitness": 0.0}
{"generation": 10, "position": 33, "parents": [33], "genome": "d(232) a(413,471) r(139,31) a(145,147) d(236) r(148,200) a(418,421) a(128,121) a(217,420) r(388,323) a(213,31) r(20,385) a(15,162) d(137) r(403,382) r(210,195) d(411) r(286,241)", "fitness": 0.0}
{"generation": 10, "position": 34, "parents": [53], "genome": "d(244) r(180,173) r(20,385) r(157,161) a(344,355) a(344,355) d(177) a(197,228) r(197,455) a(212,467)", "fitness": 0.0}
{"generation": 10, "position": 35, "parents": [4], "genome": "a(431,341) a(193,158) d(254) d(25) a(385,154) r(165,145) r(193,9) r(20,385) d(279) r(156,400) d(212) a(113,227) a(274,254)", "fitness": 0.0}
{"generation": 10, "position": 36, "parents": [37, 21], "genome": "r(121,202) d(23) a(406,276) r(432,20) d(324)", "fitness": 0.0}
{"generation": 10, "position": 37, "parents": [37, 21], "genome": "r(121,202) a(448,227) r(467,294) d(217) d(133) a(413,471) r(139,31) r(180,173) d(168) d(212) d(19) r(379,45) r(221,1) a(403,434) d(433) a(164,425) d(113) a(193,441)", "fitness": 0.0}
{"generation": 10, "position": 38, "parents": [37], "genome": "r(121,202) d(23) r(379,45) r(221,1) a(403,434) d(433) a(164,425) d(113) d(21)", "fitness": 0.0}
{"generation": 10, "position": 39, "parents": [21], "genome": "r(121,202) a(448,227) r(467,294) d(217) d(133) a(413,471) r(139,31) r(180,173) d(168) d(212) d(19) a(406,276) r(432,20) a(200,205)", "fitness": 0.0}
{"generation": 10, "position": 40, "parents": [59, 56], "genome": "r(109,276) r(207,37) d(212) d(410) a(332,330) a(300,45) a(187,194) r(109,362) d(287) r(370,447) r(180,173) r(20,385) d(410) a(332,330) a(300,45) a(187,194) r(109,362) d(287) a(443,390) r(347,242)", "fitness": 0.0}
{"generation": 10, "position": 41, "parents": [59, 56], "genome": "d(244) a(291,31)", "fitness": 0.0}
{"generation": 10, "position": 42, "parents": [59], "genome": "r(109,276) r(207,37) d(212) d(410) a(332,330) a(300,45) a(187,194) r(109,362) d(287) r(370,447) a(433,394)", "fitness": 0.0}
{"generation": 10, "position": 43, "parents": [56], "genome": "d(244) r(180,173) r(20,385) d(410) a(332,330) a(300,45) a(187,194) r(109,362) d(287) a(443,390) a(401,434)", "fitness": 0.0}
{"generation": 10, "position": 44, "parents": [4], "genome": "a(431,341) a(193,158) d(254) d(25) a(385,154) r(165,145) r(193,9) r(20,385) d(279) r(156,400) d(212) a(113,227) a(297,390)", "fitness": 0.0}
{"generation": 10, "position": 45, "parents": [20], "genome": "d(244) a(385,154) r(165,145) r(193,9) r(20,385) a(15,162) d(137) r(403,382) r(433,448) d(248) r(168,1)", "fitness": 0.0}
{"generation": 10, "position": 46, "parents": [19, 54], "genome": "r(416,22) d(431) a(227,341) d(177) a(197,228) r(243,326) d(277)", "fitness": 0.0}
{"generation": 10, "position": 47, "parents": [19, 54], "genome": "r(121,202) a(448,227) a(448,227) d(344) r(157,161) a(344,355) d(212) r(298,272) a(430,422) a(164,166)", "fitness": 0.0}
{"generation": 10, "position": 48, "parents": [19], "genome": "r(416,22) d(431) a(227,341) d(212) r(298,272) a(430,422) a(214,385)", "fitness": 0.0}
{"generation": 10, "position": 49, "parents": [54], "genome": "r(121,202) a(448,227) a(448,227) d(344) r(157,161) a(344,355) d(177) a(197,228) r(243,326) a(219,41)", "fitness": 0.0}
{"generation": 10, "position": 50, "parents": [37], "genome": "r(121,202) d(23) r(379,45) r(221,1) a(403,434) d(433) a(164,425) d(113) r(218,341)", "fitness": 0.0}
{"generation": 10, "position": 51, "parents": [52], "genome": "r(121,202) a(448,227) a(448,227) d(344) r(157,161) a(367,398) r(324,243) a(367,226) r(392,386)", "fitness": 0.0}
{"generation": 10, "position": 52, "parents": [51, 58], "genome": "d(21) d(397) a(146,425)", "fitness": 0.0}
{"generation": 10, "position": 53, "parents": [51, 58], "genome": "d(244) r(180,173) r(20,385) r(157,161) a(344,355) a(367,398) r(324,243) d(2) a(210,208) r(464,415) a(356,301) d(433) a(303,120)", "fitness": 0.0}
{"generation": 10, "position": 54, "parents": [51], "genome": "d(21) d(2) a(210,208) r(464,415) a(356,301) d(433) r(431,429)", "fitness": 0.0}
{"generation": 10, "position": 55, "parents": [58], "genome": "d(244) r(180,173) r(20,385) r(157,161) a(344,355) a(367,398) r(324,243) d(397) a(475,171)", "fitness": 0.0}
{"generation": 10, "position": 56, "parents": [14], "genome": "r(121,202) a(448,227) r(467,294) d(217) d(133) r(373,197) r(402,133) a(424,414) r(453,447)", "fitness": 0.0}