[meta]
{"program": "genprog-3.0", "problem": {"ideal_fitness": "15", "type": "repair", "name": "units", "enclosure": {"1": 0, "2": 0, "3": 0, "4": 3, "5": 4, "6": 4, "7": 4, "8": 4, "9": 3, "10": 0, "11": 0, "12": 11, "13": 11, "14": 0, "15": 0, "16": 15, "17": 15, "18": 15, "19": 15, "20": 0, "21": 0, "22": 0, "23": 0, "24": 0, "25": 0, "26": 0, "28": 26, "29": 0, "31": 29, "32": 0, "33": 0, "34": 0, "35": 0, "37": 35, "38": 0, "39": 0, "40": 39, "41": 40, "43": 39, "45": 43, "46": 39, "47": 0, "48": 0, "50": 48, "52": 50, "53": 0, "54": 0, "56": 0, "58": 56, "59": 0, "60": 0, "61": 0, "62": 0, "64": 0, "65": 0, "67": 0, "68": 0, "69": 0, "70": 0, "71": 0, "72": 71, "73": 72, "75": 71, "76": 71, "77": 71, "78": 0, "79": 78, "80": 78, "81": 78, "82": 78, "83": 82, "84": 83, "86": 82, "87": 82, "88": 82, "89": 78, "90": 0, "91": 0, "92": 0, "93": 92, "94": 93, "95": 93, "96": 92, "97": 96, "98": 96, "99": 96, "100": 92, "101": 100, "102": 100, "103": 92, "104": 92, "105": 0, "106": 105, "107": 105, "108": 0, "109": 0, "110": 0, "111": 0, "112": 111, "113": 112, "115": 111, "116": 111, "117": 0, "118": 0, "119": 118, "120": 118, "121": 0, "122": 0, "123": 0, "124": 0, "126": 0, "127": 126, "128": 126, "129": 126, "130": 126, "131": 126, "132": 126, "133": 126, "134": 0, "135": 134, "136": 134, "137": 0, "138": 137, "139": 137, "141": 0, "142": 0, "143": 0, "145": 0, "146": 0, "147": 0, "148": 0, "149": 148, "150": 149, "151": 149, "152": 149, "153": 152, "154": 153, "156": 152, "157": 152, "158": 149, "159": 149, "160": 149, "161": 160, "162": 161, "164": 160, "165": 160, "166": 148, "167": 166, "168": 167, "170": 167, "171": 166, "172": 148, "173": 148, "174": 0, "175": 0, "176": 175, "177": 175, "178": 177, "180": 175, "181": 175, "182": 181, "183": 181, "184": 181, "185": 184, "187": 181, "188": 181, "189": 181, "190": 189, "192": 189, "193": 175, "194": 193, "195": 193, "197": 193, "198": 175, "199": 0, "200": 0, "201": 200, "202": 201, "204": 200, "205": 0, "206": 205, "207": 205, "208": 207, "210": 207, "211": 205, "212": 0, "213": 0, "214": 0, "215": 0, "216": 0, "217": 0, "218": 217, "219": 217, "220": 217, "221": 220, "223": 217, "224": 217, "225": 217, "226": 225, "227": 225, "228": 0, "229": 0, "230": 0, "231": 0, "232": 231, "233": 232, "235": 231, "236": 231, "237": 231, "238": 231, "239": 231, "240": 231, "241": 231, "242": 231, "243": 231, "244": 231, "245": 231, "246": 231, "247": 231, "248": 231, "249": 231, "250": 231, "251": 231, "252": 231, "253": 0, "254": 0, "255": 0, "256": 0, "257": 0, "258": 257, "259": 258, "260": 258, "261": 258, "262": 258, "263": 262, "264": 263, "266": 262, "268": 266, "269": 262, "270": 262, "271": 262, "272": 258, "273": 257, "274": 257, "275": 257, "276": 257, "277": 0, "278": 277, "279": 278, "280": 279, "281": 280, "284": 278, "286": 277, "287": 0, "289": 287, "290": 0, "291": 0, "292": 291, "293": 292, "294": 293, "297": 291, "298": 291, "299": 291, "300": 291, "301": 291, "303": 301, "304": 291, "305": 304, "306": 304, "307": 304, "308": 304, "309": 304, "311": 309, "312": 304, "313": 304, "314": 304, "315": 304, "316": 315, "317": 316, "319": 315, "320": 315, "321": 304, "323": 304, "324": 0, "325": 0, "326": 0, "327": 0, "328": 0, "330": 328, "331": 0, "332": 0, "333": 0, "334": 0, "335": 0, "337": 335, "338": 0, "339": 0, "340": 339, "341": 340, "343": 339, "344": 339, "346": 344, "347": 346, "349": 347, "350": 346, "351": 339, "352": 351, "353": 352, "355": 353, "356": 352, "357": 352, "358": 351, "359": 339, "360": 0, "361": 360, "362": 360, "364": 0, "365": 0, "367": 0, "368": 0, "369": 0, "370": 369, "371": 369, "372": 371, "373": 371, "374": 373, "376": 0, "377": 376, "378": 377, "379": 377, "380": 379, "381": 379, "382": 377, "384": 377, "385": 376, "386": 0, "387": 386, "388": 386, "390": 386, "391": 0, "392": 391, "393": 391, "394": 0, "396": 394, "397": 396, "398": 396, "399": 398, "400": 398, "401": 396, "402": 396, "403": 396, "404": 403, "405": 404, "406": 405, "409": 403, "410": 403, "411": 396, "412": 411, "413": 411, "414": 396, "415": 396, "416": 0, "417": 0, "418": 0, "419": 418, "420": 418, "421": 0, "422": 421, "423": 421, "424": 421, "425": 424, "427": 421, "428": 0, "429": 428, "430": 428, "431": 0, "432": 431, "433": 431, "434": 431, "435": 0, "436": 0, "437": 0, "438": 0, "439": 438, "440": 438, "441": 438, "442": 0, "443": 0, "444": 443, "445": 444, "446": 444, "447": 444, "448": 443, "449": 443, "450": 0, "451": 0, "452": 0, "453": 0, "454": 453, "455": 454, "457": 453, "458": 453, "459": 453, "460": 0, "461": 460, "462": 460, "463": 0, "464": 0, "465": 0, "466": 465, "467": 465, "468": 0, "469": 0, "470": 469, "471": 469, "472": 0, "473": 0, "474": 473, "475": 473, "477": 0, "478": 0, "479": 0}}, "version": "0.0.2", "seed": 40, "algorithm": {"representation": "patch", "type": "genetic", "name": "ALGORITHM-NAME"}}

[data]
{"generation": 0, "position": 0, "parents": [], "genome": "a(235,45)", "fitness": 5.0}
{"generation": 0, "position": 1, "parents": [], "genome": "a(205,212)", "fitness": 5.0}
{"generation": 0, "position": 2, "parents": [], "genome": "a(213,145)", "fitness": 5.0}
{"generation": 0, "position": 3, "parents": [], "genome": "r(245,292)", "fitness": 5.0}
{"generation": 0, "position": 4, "parents": [], "genome": "d(138)", "fitness": 0.0}
{"generation": 0, "position": 5, "parents": [], "genome": "r(401,447)", "fitness": 0.0}
{"generation": 0, "position": 6, "parents": [], "genome": "d(242)", "fitness": 0.0}
{"generation": 0, "position": 7, "parents": [], "genome": "d(171)", "fitness": 5.0}
{"generation": 0, "position": 8, "parents": [], "genome": "a(355,252)", "fitness": 5.0}
{"generation": 0, "position": 9, "parents": [], "genome": "a(401,444)", "fitness": 5.0}
{"generation": 0, "position": 10, "parents": [], "genome": "d(224)", "fitness": 0.0}
{"generation": 0, "position": 11, "parents": [], "genome": "a(455,349)", "fitness": 5.0}
{"generation": 0, "position": 12, "parents": [], "genome": "d(202)", "fitness": 5.0}
{"generation": 0, "position": 13, "parents": [], "genome": "a(188,362)", "fitness": 5.0}
{"generation": 0, "position": 14, "parents": [], "genome": "r(442,221)", "fitness": 0.0}
{"generation": 0, "position": 15, "parents": [], "genome": "r(470,434)", "fitness": 0.0}
{"generation": 0, "position": 16, "parents": [], "genome": "a(475,453)", "fitness": 5.0}
{"generation": 0, "position": 17, "parents": [], "genome": "d(355)", "fitness": 5.0}
{"generation": 0, "position": 18, "parents": [], "genome": "d(9)", "fitness": 5.0}
{"generation": 0, "position": 19, "parents": [], "genome": "r(182,187)", "fitness": 0.0}
{"generation": 0, "position": 20, "parents": [], "genome": "r(224,275)", "fitness": 0.0}
{"generation": 0, "position": 21, "parents": [], "genome": "r(212,21)", "fitness": 15.0}
{"generation": 0, "position": 22, "parents": [], "genome": "r(252,237)", "fitness": 0.0}
{"generation": 0, "position": 23, "parents": [], "genome": "a(145,358)", "fitness": 5.0}
{"generation": 0, "position": 24, "parents": [], "genome": "r(405,439)", "fitness": 5.0}
{"generation": 0, "position": 25, "parents": [], "genome": "a(453,472)", "fitness": 5.0}
{"generation": 0, "position": 26, "parents": [], "genome": "r(110,393)", "fitness": 0.0}
{"generation": 0, "position": 27, "parents": [], "genome": "d(451)", "fitness": 0.0}
{"generation": 0, "position": 28, "parents": [], "genome": "a(301,172)", "fitness": 0.0}
{"generation": 0, "position": 29, "parents": [], "genome": "d(214)", "fitness": 5.0}
{"generation": 0, "position": 30, "parents": [], "genome": "r(444,227)", "fitness": 0.0}
{"generation": 0, "position": 31, "parents": [], "genome": "d(298)", "fitness": 0.0}
{"generation": 0, "position": 32, "parents": [], "genome": "d(154)", "fitness": 5.0}
{"generation": 0, "position": 33, "parents": [], "genome": "a(156,201)", "fitness": 0.0}
{"generation": 0, "position": 34, "parents": [], "genome": "a(112,154)", "fitness": 5.0}
{"generation": 0, "position": 35, "parents": [], "genome": "r(406,414)", "fitness": 5.0}
{"generation": 0, "position": 36, "parents": [], "genome": "r(380,433)", "fitness": 0.0}
{"generation": 0, "position": 37, "parents": [], "genome": "d(280)", "fitness": 5.0}
{"generation": 0, "position": 38, "parents": [], "genome": "a(397,273)", "fitness": 0.0}
{"generation": 0, "position": 39, "parents": [], "genome": "original", "fitness": 5.0}
{"generation": 1, "position": 0, "parents": [38], "genome": "a(397,273) r(202,194)", "fitness": 0.0}
{"generation": 1, "position": 1, "parents": [0], "genome": "a(235,45) a(333,255)", "fitness": 0.0}
{"generation": 1, "position": 2, "parents": [3], "genome": "r(245,292) d(355)", "fitness": 5.0}
{"generation": 1, "position": 3, "parents": [33], "genome": "a(156,201) r(180,147)", "fitness": 0.0}
{"generation": 1, "position": 4, "parents": [4, 38], "genome": "d(138) r(176,471)", "fitness": 0.0}
{"generation": 1, "position": 5, "parents": [4, 38], "genome": "a(397,273) d(129)", "fitness": 0.0}
{"generation": 1, "position": 6, "parents": [4], "genome": "d(138) d(244)", "fitness": 0.0}
{"generation": 1, "position": 7, "parents": [38], "genome": "a(397,273) r(338,400)", "fitness": 0.0}
{"generation": 1, "position": 8, "parents": [1], "genome": "a(205,212) d(223)", "fitness": 0.0}
{"generation": 1, "position": 9, "parents": [14], "genome": "r(442,221) d(214)", "fitness": 0.0}
{"generation": 1, "position": 10, "parents": [15, 9], "genome": "r(470,434) r(148,425)", "fitness": 0.0}
{"generation": 1, "position": 11, "parents": [15, 9], "genome": "a(401,444) r(359,467)", "fitness": 0.0}
{"generation": 1, "position": 12, "parents": [15], "genome": "r(470,434) d(397)", "fitness": 0.0}
{"generation": 1, "position": 13, "parents": [9], "genome": "a(401,444) a(432,432)", "fitness": 4.0}
{"generation": 1, "position": 14, "parents": [36], "genome": "r(380,433) r(396,350)", "fitness": 0.0}
{"generation": 1, "position": 15, "parents": [32], "genome": "d(154) d(139)", "fitness": 5.0}
{"generation": 1, "position": 16, "parents": [4, 35], "genome": "d(138) a(449,448)", "fitness": 10.0}
{"generation": 1, "position": 17, "parents": [4, 35], "genome": "r(406,414) d(240)", "fitness": 0.0}
{"generation": 1, "position": 18, "parents": [4], "genome": "d(138) d(301)", "fitness": 0.0}
{"generation": 1, "position": 19, "parents": [35], "genome": "r(406,414) a(216,218)", "fitness": 5.0}
{"generation": 1, "position": 20, "parents": [0, 32], "genome": "a(235,45) r(226,172)", "fitness": 0.0}
{"generation": 1, "position": 21, "parents": [0, 32], "genome": "d(154) d(136)", "fitness": 5.0}
{"generation": 1, "position": 22, "parents": [0], "genome": "a(235,45) d(210)", "fitness": 5.0}
{"generation": 1, "position": 23, "parents": [32], "genome": "d(154) a(189,174)", "fitness": 0.0}
{"generation": 1, "position": 24, "parents": [39, 1], "genome": "a(373,439)", "fitness": 5.0}
{"generation": 1, "position": 25, "parents": [39, 1], "genome": "a(205,212) d(431)", "fitness": 0.0}
{"generation": 1, "position": 26, "parents": [39], "genome": "d(119)", "fitness": 0.0}
{"generation": 1, "position": 27, "parents": [1], "genome": "a(205,212) a(23,276)", "fitness": 5.0}
{"generation": 1, "position": 28, "parents": [35], "genome": "r(406,414) a(403,226)", "fitness": 5.0}
{"generation": 1, "position": 29, "parents": [36], "genome": "r(380,433) r(227,224)", "fitness": 0.0}
{"generation": 1, "position": 30, "parents": [11], "genome": "a(455,349) a(175,150)", "fitness": 2.0}
{"generation": 1, "position": 31, "parents": [19], "genome": "r(182,187) d(384)", "fitness": 0.0}
{"generation": 1, "position": 32, "parents": [32], "genome": "d(154) r(177,159)", "fitness": 0.0}
{"generation": 1, "position": 33, "parents": [16], "genome": "a(475,453) r(183,198)", "fitness": 0.0}
{"generation": 1, "position": 34, "parents": [27, 1], "genome": "d(451) r(350,294)", "fitness": 0.0}
{"generation": 1, "position": 35, "parents": [27, 1], "genome": "a(205,212) r(147,145)", "fitness": 0.0}
{"generation": 1, "position": 36, "parents": [27], "genome": "d(451) d(22)", "fitness": 0.0}
{"generation": 1, "position": 37, "parents": [1], "genome": "a(205,212) d(250)", "fitness": 0.0}
{"generation": 1, "position": 38, "parents": [32, 4], "genome": "d(154) d(214)", "fitness": 5.0}
{"generation": 1, "position": 39, "parents": [32, 4], "genome": "d(138) a(172,180)", "fitness": 0.0}
{"generation": 1, "position": 40, "parents": [32], "genome": "d(154) d(213)", "fitness": 5.0}
{"generation": 1, "position": 41, "parents": [4], "genome": "d(138) r(421,185)", "fitness": 0.0}
{"generation": 1, "position": 42, "parents": [13, 12], "genome": "a(188,362) r(200,434)", "fitness": 0.0}
{"generation": 1, "position": 43, "parents": [13, 12], "genome": "d(202) a(344,343)", "fitness": 5.0}
{"generation": 1, "position": 44, "parents": [13], "genome": "a(188,362) a(241,243)", "fitness": 0.0}
{"generation": 1, "position": 45, "parents": [12], "genome": "d(202) a(299,301)", "fitness": 0.0}
{"generation": 1, "position": 46, "parents": [31], "genome": "d(298) a(421,403)", "fitness": 0.0}
{"generation": 1, "position": 47, "parents": [33], "genome": "a(156,201) r(284,346)", "fitness": 0.0}
{"generation": 1, "position": 48, "parents": [9, 5], "genome": "a(401,444) d(146)", "fitness": 0.0}
{"generation": 1, "position": 49, "parents": [9, 5], "genome": "r(401,447) d(150)", "fitness": 0.0}
{"generation": 1, "position": 50, "parents": [9], "genome": "a(401,444) r(402,358)", "fitness": 0.0}
{"generation": 1, "position": 51, "parents": [5], "genome": "r(401,447) d(256)", "fitness": 0.0}
{"generation": 1, "position": 52, "parents": [17, 38], "genome": "d(355) r(440,444)", "fitness": 10.0}
{"generation": 1, "position": 53, "parents": [17, 38], "genome": "a(397,273) r(434,413)", "fitness": 0.0}
{"generation": 1, "position": 54, "parents": [17], "genome": "d(355) r(411,357)", "fitness": 5.0}
{"generation": 1, "position": 55, "parents": [38], "genome": "a(397,273) r(213,31)", "fitness": 0.0}
{"generation": 1, "position": 56, "parents": [30], "genome": "r(444,227) a(333,326)", "fitness": 0.0}
{"generation": 1, "position": 57, "parents": [28], "genome": "a(301,172) a(213,176)", "fitness": 0.0}
{"generation": 1, "position": 58, "parents": [6], "genome": "d(242) r(391,448)", "fitness": 0.0}
{"generation": 2, "position": 0, "parents": [51, 6], "genome": "r(401,447) d(256) d(244) d(213)", "fitness": 0.0}
{"generation": 2, "position": 1, "parents": [51, 6], "genome": "d(138) a(377,416)", "fitness": 0.0}
{"generation": 2, "position": 2, "parents": [51], "genome": "r(401,447) d(256) a(242,362)", "fitness": 0.0}
{"generation": 2, "position": 3, "parents": [6], "genome": "d(138) d(244) r(351,289)", "fitness": 0.0}
{"generation": 2, "position": 4, "parents": [32], "genome": "d(154) r(177,159) r(241,178)", "fitness": 0.0}
{"generation": 2, "position": 5, "parents": [46], "genome": "d(298) a(421,403) a(453,31)", "fitness": 0.0}
{"generation": 2, "position": 6, "parents": [5, 46], "genome": "a(397,273) d(129) a(421,403) a(152,149)", "fitness": 0.0}
{"generation": 2, "position": 7, "parents": [5, 46], "genome": "d(298) d(219)", "fitness": 0.0}
{"generation": 2, "position": 8, "parents": [5], "genome": "a(397,273) d(129) d(178)", "fitness": 0.0}
{"generation": 2, "position": 9, "parents": [46], "genome": "d(298) a(421,403) a(214,192)", "fitness": 0.0}
{"generation": 2, "position": 10, "parents": [50], "genome": "a(401,444) r(402,358) a(399,409)", "fitness": 0.0}
{"generation": 2, "position": 11, "parents": [32], "genome": "d(154) r(177,159) d(471)", "fitness": 0.0}
{"generation": 2, "position": 12, "parents": [49], "genome": "r(401,447) d(150) d(362)", "fitness": 0.0}
{"generation": 2, "position": 13, "parents": [42], "genome": "a(188,362) r(200,434) r(424,371)", "fitness": 0.0}
{"generation": 2, "position": 14, "parents": [12], "genome": "r(470,434) d(397) a(250,257)", "fitness": 0.0}
{"generation": 2, "position": 15, "parents": [39], "genome": "d(138) a(172,180) r(245,291)", "fitness": 0.0}
{"generation": 2, "position": 16, "parents": [25, 35], "genome": "a(205,212) a(439,448)", "fitness": 0.0}
{"generation": 2, "position": 17, "parents": [25, 35], "genome": "a(205,212) r(147,145) d(431) a(299,136)", "fitness": 0.0}
{"generation": 2, "position": 18, "parents": [25], "genome": "a(205,212) d(431) r(274,210)", "fitness": 0.0}
{"generation": 2, "position": 19, "parents": [35], "genome": "a(205,212) r(147,145) r(146,168)", "fitness": 0.0}
{"generation": 2, "position": 20, "parents": [22, 17], "genome": "a(235,45) d(210) d(240) r(343,327)", "fitness": 0.0}
{"generation": 2, "position": 21, "parents": [22, 17], "genome": "r(406,414) r(248,20)", "fitness": 0.0}
{"generation": 2, "position": 22, "parents": [22], "genome": "a(235,45) d(210) r(241,290)", "fitness": 0.0}
{"generation": 2, "position": 23, "parents": [17], "genome": "r(406,414) d(240) r(137,122)", "fitness": 0.0}
{"generation": 2, "position": 24, "parents": [31], "genome": "r(182,187) d(384) d(333)", "fitness": 0.0}
{"generation": 2, "position": 25, "parents": [25], "genome": "a(205,212) d(431) a(2,385)", "fitness": 0.0}
{"generation": 2, "position": 26, "parents": [42], "genome": "a(188,362) r(200,434) a(330,31)", "fitness": 0.0}
{"generation": 2, "position": 27, "parents": [0], "genome": "a(397,273) r(202,194) a(396,374)", "fitness": 0.0}
{"generation": 2, "position": 28, "parents": [34, 45], "genome": "d(451) r(350,294) a(299,301) d(323)", "fitness": 0.0}
{"generation": 2, "position": 29, "parents": [34, 45], "genome": "d(202) r(212,188)", "fitness": 5.0}
{"generation": 2, "position": 30, "parents": [34], "genome": "d(451) r(350,294) r(217,219)", "fitness": 0.0}
{"generation": 2, "position": 31, "parents": [45], "genome": "d(202) a(299,301) a(414,20)", "fitness": 0.0}
{"generation": 2, "position": 32, "parents": [3], "genome": "a(156,201) r(180,147) d(440)", "fitness": 0.0}
{"generation": 2, "position": 33, "parents": [7], "genome": "a(397,273) r(338,400) d(280)", "fitness": 0.0}
{"generation": 2, "position": 34, "parents": [40], "genome": "d(154) d(213) r(152,139)", "fitness": 5.0}
{"generation": 2, "position": 35, "parents": [23], "genome": "d(154) a(189,174) r(328,325)", "fitness": 0.0}
{"generation": 2, "position": 36, "parents": [31], "genome": "r(182,187) d(384) a(357,248)", "fitness": 0.0}
{"generation": 2, "position": 37, "parents": [46], "genome": "d(298) a(421,403) a(138,406)", "fitness": 0.0}
{"generation": 2, "position": 38, "parents": [50, 48], "genome": "a(401,444) r(402,358) d(146) a(214,194)", "fitness": 0.0}
{"generation": 2, "position": 39, "parents": [50, 48], "genome": "a(401,444) r(212,390)", "fitness": 5.0}
{"generation": 2, "position": 40, "parents": [50], "genome": "a(401,444) r(402,358) d(115)", "fitness": 0.0}
{"generation": 2, "position": 41, "parents": [48], "genome": "a(401,444) d(146) a(453,192)", "fitness": 0.0}
{"generation": 2, "position": 42, "parents": [48, 35], "genome": "a(401,444) d(146) d(428)", "fitness": 0.0}
{"generation": 2, "position": 43, "parents": [48, 35], "genome": "a(205,212) r(147,145) r(367,401)", "fitness": 0.0}
{"generation": 2, "position": 44, "parents": [48], "genome": "a(401,444) d(146) r(397,41)", "fitness": 0.0}
{"generation": 2, "position": 45, "parents": [35], "genome": "a(205,212) r(147,145) r(412,323)", "fitness": 0.0}
{"generation": 2, "position": 46, "parents": [26], "genome": "d(119) r(115,173)", "fitness": 0.0}
{"generation": 2, "position": 47, "parents": [47], "genome": "a(156,201) r(284,346) a(185,228)", "fitness": 0.0}
{"generation": 2, "position": 48, "parents": [19, 37], "genome": "r(406,414) a(216,218) d(250) a(172,147)", "fitness": 0.0}
{"generation": 2, "position": 49, "parents": [19, 37], "genome": "a(205,212) a(349,462)", "fitness": 5.0}
{"generation": 2, "position": 50, "parents": [19], "genome": "r(406,414) a(216,218) r(216,139)", "fitness": 0.0}
{"generation": 2, "position": 51, "parents": [37], "genome": "a(205,212) d(250) d(172)", "fitness": 0.0}
{"generation": 2, "position": 52, "parents": [28], "genome": "r(406,414) a(403,226) a(434,445)", "fitness": 0.0}
{"generation": 2, "position": 53, "parents": [15], "genome": "d(154) d(139) r(181,176)", "fitness": 0.0}
{"generation": 2, "position": 54, "parents": [53], "genome": "a(397,273) r(434,413) r(213,202)", "fitness": 0.0}
{"generation": 3, "position": 0, "parents": [7, 47], "genome": "d(298) r(284,346) a(185,228) d(137)", "fitness": 0.0}
{"generation": 3, "position": 1, "parents": [7, 47], "genome": "a(156,201) d(219) d(180)", "fitness": 0.0}
{"generation": 3, "position": 2, "parents": [7], "genome": "d(298) d(219) r(334,393)", "fitness": 0.0}
{"generation": 3, "position": 3, "parents": [47], "genome": "a(156,201) r(284,346) a(185,228) a(472,471)", "fitness": 0.0}
{"generation": 3, "position": 4, "parents": [31, 25], "genome": "d(202) a(299,301) a(371,467)", "fitness": 0.0}
{"generation": 3, "position": 5, "parents": [31, 25], "genome": "a(205,212) d(431) a(2,385) a(414,20) d(461)", "fitness": 0.0}
{"generation": 3, "position": 6, "parents": [31], "genome": "d(202) a(299,301) a(414,20) d(442)", "fitness": 0.0}
{"generation": 3, "position": 7, "parents": [25], "genome": "a(205,212) d(431) a(2,385) a(112,130)", "fitness": 0.0}
{"generation": 3, "position": 8, "parents": [40], "genome": "a(401,444) r(402,358) d(115) d(207)", "fitness": 0.0}
{"generation": 3, "position": 9, "parents": [40], "genome": "a(401,444) r(402,358) d(115) r(468,173)", "fitness": 0.0}
{"generation": 3, "position": 10, "parents": [26, 35], "genome": "a(188,362) r(200,434) a(330,31) r(328,325) r(430,428)", "fitness": 0.0}
{"generation": 3, "position": 11, "parents": [26, 35], "genome": "d(154) a(189,174) a(325,251)", "fitness": 0.0}
{"generation": 3, "position": 12, "parents": [26], "genome": "a(188,362) r(200,434) a(330,31) a(120,385)", "fitness": 0.0}
{"generation": 3, "position": 13, "parents": [35], "genome": "d(154) a(189,174) r(328,325) r(453,452)", "fitness": 0.0}
{"generation": 3, "position": 14, "parents": [46, 10], "genome": "d(119) r(402,358) a(399,409) r(397,136)", "fitness": 0.0}
{"generation": 3, "position": 15, "parents": [46, 10], "genome": "a(401,444) r(115,173) r(462,273)", "fitness": 0.0}
{"generation": 3, "position": 16, "parents": [46], "genome": "d(119) r(115,173) r(149,187)", "fitness": 0.0}
{"generation": 3, "position": 17, "parents": [10], "genome": "a(401,444) r(402,358) a(399,409) d(428)", "fitness": 0.0}
{"generation": 3, "position": 18, "parents": [47], "genome": "a(156,201) r(284,346) a(185,228) a(214,29)", "fitness": 0.0}
{"generation": 3, "position": 19, "parents": [19], "genome": "a(205,212) r(147,145) r(146,168) a(223,178)", "fitness": 0.0}
{"generation": 3, "position": 20, "parents": [23], "genome": "r(406,414) d(240) r(137,122) a(13,50)", "fitness": 0.0}
{"generation": 3, "position": 21, "parents": [28], "genome": "d(451) r(350,294) a(299,301) d(323) r(184,41)", "fitness": 0.0}
{"generation": 3, "position": 22, "parents": [36], "genome": "r(182,187) d(384) a(357,248) a(300,357)", "fitness": 0.0}
{"generation": 3, "position": 23, "parents": [11], "genome": "d(154) r(177,159) d(471) a(394,274)", "fitness": 0.0}
{"generation": 3, "position": 24, "parents": [6], "genome": "a(397,273) d(129) a(421,403) a(152,149) d(244)", "fitness": 0.0}
{"generation": 3, "position": 25, "parents": [21], "genome": "r(406,414) r(248,20) d(229)", "fitness": 0.0}
{"generation": 3, "position": 26, "parents": [26, 9], "genome": "a(188,362) r(200,434) a(330,31) a(421,403) a(214,192) r(410,2)", "fitness": 0.0}
{"generation": 3, "position": 27, "parents": [26, 9], "genome": "d(298) r(411,22)", "fitness": 0.0}
{"generation": 3, "position": 28, "parents": [26], "genome": "a(188,362) r(200,434) a(330,31) a(275,393)", "fitness": 0.0}
{"generation": 3, "position": 29, "parents": [9], "genome": "d(298) a(421,403) a(214,192) a(119,37)", "fitness": 0.0}
{"generation": 3, "position": 30, "parents": [33], "genome": "a(397,273) r(338,400) d(280) a(212,272)", "fitness": 0.0}
{"generation": 3, "position": 31, "parents": [7], "genome": "d(298) d(219) r(214,400)", "fitness": 0.0}
{"generation": 3, "position": 32, "parents": [40, 36], "genome": "a(401,444) r(402,358) r(210,199)", "fitness": 0.0}
{"generation": 3, "position": 33, "parents": [40, 36], "genome": "r(182,187) d(384) a(357,248) d(115) a(212,175)", "fitness": 0.0}
{"generation": 3, "position": 34, "parents": [40], "genome": "a(401,444) r(402,358) d(115) r(210,166)", "fitness": 0.0}
{"generation": 3, "position": 35, "parents": [36], "genome": "r(182,187) d(384) a(357,248) d(349)", "fitness": 0.0}
{"generation": 3, "position": 36, "parents": [18, 2], "genome": "a(205,212) d(431) r(274,210) a(242,362) r(157,151)", "fitness": 0.0}
{"generation": 3, "position": 37, "parents": [18, 2], "genome": "r(401,447) d(256) d(352)", "fitness": 0.0}
{"generation": 3, "position": 38, "parents": [18], "genome": "a(205,212) d(431) r(274,210) d(253)", "fitness": 0.0}
{"generation": 3, "position": 39, "parents": [2], "genome": "r(401,447) d(256) a(242,362) d(1)", "fitness": 0.0}
{"generation": 3, "position": 40, "parents": [20], "genome": "a(235,45) d(210) d(240) r(343,327) d(416)", "fitness": 0.0}
{"generation": 3, "position": 41, "parents": [20], "genome": "a(235,45) d(210) d(240) r(343,327) a(274,291)", "fitness": 0.0}
{"generation": 3, "position": 42, "parents": [47], "genome": "a(156,201) r(284,346) a(185,228) d(370)", "fitness": 0.0}
{"generation": 3, "position": 43, "parents": [15], "genome": "d(138) a(172,180) r(245,291) a(350,292)", "fitness": 0.0}
{"generation": 3, "position": 44, "parents": [4], "genome": "d(154) r(177,159) r(241,178) r(382,370)", "fitness": 0.0}
{"generation": 3, "position": 45, "parents": [1], "genome": "d(138) a(377,416) d(230)", "fitness": 0.0}
{"generation": 3, "position": 46, "parents": [16, 27], "genome": "a(205,212) r(202,194) a(396,374) r(325,230)", "fitness": 0.0}
{"generation": 3, "position": 47, "parents": [16, 27], "genome": "a(397,273) a(439,448) r(340,41)", "fitness": 0.0}
{"generation": 3, "position": 48, "parents": [16], "genome": "a(205,212) a(439,448) a(292,255)", "fitness": 0.0}
{"generation": 3, "position": 49, "parents": [27], "genome": "a(397,273) r(202,194) a(396,374) r(212,172)", "fitness": 0.0}
{"generation": 3, "position": 50, "parents": [1], "genome": "d(138) a(377,416) r(240,250)", "fitness": 0.0}
{"generation": 3, "position": 51, "parents": [31], "genome": "d(202) a(299,301) a(414,20) r(164,149)", "fitness": 0.0}
{"generation": 3, "position": 52, "parents": [37], "genome": "d(298) a(421,403) a(138,406) d(181)", "fitness": 0.0}
{"generation": 3, "position": 53, "parents": [54], "genome": "a(397,273) r(434,413) r(213,202) r(11,35)", "fitness": 0.0}
{"generation": 3, "position": 54, "parents": [48, 17], "genome": "r(406,414) a(299,136) r(376,385)", "fitness": 0.0}
{"generation": 3, "position": 55, "parents": [48, 17], "genome": "a(205,212) r(147,145) d(431) a(216,218) d(250) a(172,147) a(447,374)", "fitness": 0.0}
{"generation": 3, "position": 56, "parents": [48], "genome": "r(406,414) a(216,218) d(250) a(172,147) d(21)", "fitness": 0.0}
{"generation": 4, "position": 0, "parents": [4], "genome": "d(202) a(299,301) a(371,467) d(384)", "fitness": 0.0}
{"generation": 4, "position": 1, "parents": [33], "genome": "r(182,187) d(384) a(357,248) d(115) a(212,175) r(391,113)", "fitness": 0.0}
{"generation": 4, "position": 2, "parents": [26, 45], "genome": "a(188,362) a(357,346)", "fitness": 0.0}
{"generation": 4, "position": 3, "parents": [26, 45], "genome": "d(138) a(377,416) d(230) r(200,434) a(330,31) a(421,403) a(214,192) r(410,2) r(418,394)", "fitness": 0.0}
{"generation": 4, "position": 4, "parents": [26], "genome": "a(188,362) r(200,434) a(330,31) a(421,403) a(214,192) r(410,2) a(15,214)", "fitness": 0.0}
{"generation": 4, "position": 5, "parents": [45], "genome": "d(138) a(377,416) d(230) d(2)", "fitness": 0.0}
{"generation": 4, "position": 6, "parents": [7], "genome": "a(205,212) d(431) a(2,385) a(112,130) r(428,20)", "fitness": 0.0}
{"generation": 4, "position": 7, "parents": [53], "genome": "a(397,273) r(434,413) r(213,202) r(11,35) a(162,133)", "fitness": 0.0}
{"generation": 4, "position": 8, "parents": [54], "genome": "r(406,414) a(299,136) r(376,385) r(133,172)", "fitness": 0.0}
{"generation": 4, "position": 9, "parents": [49], "genome": "a(397,273) r(202,194) a(396,374) r(212,172) r(221,374)", "fitness": 0.0}
{"generation": 4, "position": 10, "parents": [18], "genome": "a(156,201) r(284,346) a(185,228) a(214,29) r(213,9)", "fitness": 0.0}
{"generation": 4, "position": 11, "parents": [33], "genome": "r(182,187) d(384) a(357,248) d(115) a(212,175) r(22,185)", "fitness": 0.0}
{"generation": 4, "position": 12, "parents": [10, 4], "genome": "a(188,362) r(200,434) a(330,31) a(371,467) r(409,21)", "fitness": 0.0}
{"generation": 4, "position": 13, "parents": [10, 4], "genome": "d(202) a(299,301) r(328,325) r(430,428) r(208,200)", "fitness": 0.0}
{"generation": 4, "position": 14, "parents": [10], "genome": "a(188,362) r(200,434) a(330,31) r(328,325) r(430,428) r(344,232)", "fitness": 0.0}
{"generation": 4, "position": 15, "parents": [4], "genome": "d(202) a(299,301) a(371,467) a(176,177)", "fitness": 0.0}
{"generation": 4, "position": 16, "parents": [16, 31], "genome": "d(119) d(219) r(214,400) a(340,233)", "fitness": 0.0}
{"generation": 4, "position": 17, "parents": [16, 31], "genome": "d(298) r(115,173) r(149,187) r(341,277)", "fitness": 0.0}
{"generation": 4, "position": 18, "parents": [16], "genome": "d(119) r(115,173) r(149,187) a(397,431)", "fitness": 0.0}
{"generation": 4, "position": 19, "parents": [31], "genome": "d(298) d(219) r(214,400) d(419)", "fitness": 0.0}
{"generation": 4, "position": 20, "parents": [51, 54], "genome": "d(202) a(299,301) a(299,136) r(376,385) r(184,189)", "fitness": 0.0}
{"generation": 4, "position": 21, "parents": [51, 54], "genome": "r(406,414) a(414,20) r(164,149) d(448)", "fitness": 0.0}
{"generation": 4, "position": 22, "parents": [51], "genome": "d(202) a(299,301) a(414,20) r(164,149) a(340,37)", "fitness": 0.0}
{"generation": 4, "position": 23, "parents": [54], "genome": "r(406,414) a(299,136) r(376,385) a(116,178)", "fitness": 0.0}
{"generation": 4, "position": 24, "parents": [54], "genome": "r(406,414) a(299,136) r(376,385) r(200,164)", "fitness": 0.0}
{"generation": 4, "position": 25, "parents": [45], "genome": "d(138) a(377,416) d(230) a(110,446)", "fitness": 10.0}
{"generation": 4, "position": 26, "parents": [6, 55], "genome": "d(202) a(299,301) a(414,20) d(250) a(172,147) a(447,374) r(197,330)", "fitness": 0.0}
{"generation": 4, "position": 27, "parents": [6, 55], "genome": "a(205,212) r(147,145) d(431) a(216,218) d(442) a(204,181)", "fitness": 0.0}
{"generation": 4, "position": 28, "parents": [6], "genome": "d(202) a(299,301) a(414,20) d(442) a(258,374)", "fitness": 0.0}
{"generation": 4, "position": 29, "parents": [55], "genome": "a(205,212) r(147,145) d(431) a(216,218) d(250) a(172,147) a(447,374) d(394)", "fitness": 0.0}
{"generation": 4, "position": 30, "parents": [48, 42], "genome": "a(205,212) a(439,448) r(284,346) a(185,228) d(370) r(351,384)", "fitness": 0.0}
{"generation": 4, "position": 31, "parents": [48, 42], "genome": "a(156,201) a(292,255) d(398)", "fitness": 0.0}
{"generation": 4, "position": 32, "parents": [48], "genome": "a(205,212) a(439,448) a(292,255) a(213,381)", "fitness": 0.0}
{"generation": 4, "position": 33, "parents": [42], "genome": "a(156,201) r(284,346) a(185,228) d(370) d(380)", "fitness": 0.0}
{"generation": 4, "position": 34, "parents": [49], "genome": "a(397,273) r(202,194) a(396,374) r(212,172) r(159,199)", "fitness": 0.0}
{"generation": 4, "position": 35, "parents": [21], "genome": "d(451) r(350,294) a(299,301) d(323) r(184,41) a(409,139)", "fitness": 0.0}
{"generation": 4, "position": 36, "parents": [51], "genome": "d(202) a(299,301) a(414,20) r(164,149) a(239,229)", "fitness": 0.0}
{"generation": 4, "position": 37, "parents": [0], "genome": "d(298) r(284,346) a(185,228) d(137) d(393)", "fitness": 0.0}
{"generation": 4, "position": 38, "parents": [48], "genome": "a(205,212) a(439,448) a(292,255) d(435)", "fitness": 0.0}
{"generation": 4, "position": 39, "parents": [35], "genome": "r(182,187) d(384) a(357,248) d(349) r(246,289)", "fitness": 0.0}
{"generation": 4, "position": 40, "parents": [11], "genome": "d(154) a(189,174) a(325,251) d(455)", "fitness": 0.0}
{"generation": 4, "position": 41, "parents": [11], "genome": "d(154) a(189,174) a(325,251) d(232)", "fitness": 0.0}
{"generation": 4, "position": 42, "parents": [6], "genome": "d(202) a(299,301) a(414,20) d(442) r(387,20)", "fitness": 0.0}
{"generation": 4, "position": 43, "parents": [18], "genome": "a(156,201) r(284,346) a(185,228) a(214,29) d(212)", "fitness": 0.0}
{"generation": 4, "position": 44, "parents": [55], "genome": "a(205,212) r(147,145) d(431) a(216,218) d(250) a(172,147) a(447,374) a(242,19)", "fitness": 0.0}
{"generation": 4, "position": 45, "parents": [52], "genome": "d(298) a(421,403) a(138,406) d(181) r(206,455)", "fitness": 0.0}
{"generation": 4, "position": 46, "parents": [55], "genome": "a(205,212) r(147,145) d(431) a(216,218) d(250) a(172,147) a(447,374) d(441)", "fitness": 0.0}
{"generation": 4, "position": 47, "parents": [11], "genome": "d(154) a(189,174) a(325,251) a(183,173)", "fitness": 0.0}
{"generation": 4, "position": 48, "parents": [8, 48], "genome": "a(401,444) d(325)", "fitness": 0.0}
{"generation": 4, "position": 49, "parents": [8, 48], "genome": "a(205,212) a(439,448) a(292,255) r(402,358) d(115) d(207) d(214)", "fitness": 0.0}
{"generation": 4, "position": 50, "parents": [8], "genome": "a(401,444) r(402,358) d(115) d(207) r(294,287)", "fitness": 0.0}
{"generation": 4, "position": 51, "parents": [48], "genome": "a(205,212) a(439,448) a(292,255) d(162)", "fitness": 0.0}
{"generation": 4, "position": 52, "parents": [33, 37], "genome": "r(182,187) d(384) d(352) r(327,303)", "fitness": 0.0}
{"generation": 4, "position": 53, "parents": [33, 37], "genome": "r(401,447) d(256) a(357,248) d(115) a(212,175) a(416,448)", "fitness": 0.0}
{"generation": 4, "position": 54, "parents": [33], "genome": "r(182,187) d(384) a(357,248) d(115) a(212,175) d(343)", "fitness": 0.0}
{"generation": 5, "position": 0, "parents": [1, 47], "genome": "r(182,187) d(384) a(357,248) d(115) a(189,174) a(325,251) a(183,173) r(386,419)", "fitness": 0.0}
{"generation": 5, "position": 1, "parents": [1, 47], "genome": "d(154) a(212,175) r(391,113) d(388)", "fitness": 0.0}
{"generation": 5, "position": 2, "parents": [1], "genome": "r(182,187) d(384) a(357,248) d(115) a(212,175) r(391,113) a(454,28)", "fitness": 0.0}
{"generation": 5, "position": 3, "parents": [47], "genome": "d(154) a(189,174) a(325,251) a(183,173) d(210)", "fitness": 0.0}
{"generation": 5, "position": 4, "parents": [24, 12], "genome": "r(406,414) a(299,136) r(376,385) r(409,21) d(9)", "fitness": 0.0}
{"generation": 5, "position": 5, "parents": [24, 12], "genome": "a(188,362) r(200,434) a(330,31) a(371,467) r(200,164) a(355,467)", "fitness": 0.0}
{"generation": 5, "position": 6, "parents": [24], "genome": "r(406,414) a(299,136) r(376,385) r(200,164) a(221,390)", "fitness": 0.0}
{"generation": 5, "position": 7, "parents": [12], "genome": "a(188,362) r(200,434) a(330,31) a(371,467) r(409,21) d(275)", "fitness": 0.0}
{"generation": 5, "position": 8, "parents": [35, 27], "genome": "d(451) r(350,294) a(299,301) d(323) r(147,145) d(431) a(216,218) d(442) a(204,181) r(216,45)", "fitness": 0.0}
{"generation": 5, "position": 9, "parents": [35, 27], "genome": "a(205,212) r(184,41) a(409,139) d(250)", "fitness": 0.0}
{"generation": 5, "position": 10, "parents": [35], "genome": "d(451) r(350,294) a(299,301) d(323) r(184,41) a(409,139) r(411,449)", "fitness": 0.0}
{"generation": 5, "position": 11, "parents": [27], "genome": "a(205,212) r(147,145) d(431) a(216,218) d(442) a(204,181) a(177,183)", "fitness": 0.0}
{"generation": 5, "position": 12, "parents": [45, 43], "genome": "d(298) a(421,403) a(138,406) d(181) r(206,455) r(284,346) a(185,228) a(214,29) d(212) a(175,187)", "fitness": 0.0}
{"generation": 5, "position": 13, "parents": [45, 43], "genome": "a(156,201) d(214)", "fitness": 0.0}
{"generation": 5, "position": 14, "parents": [45], "genome": "d(298) a(421,403) a(138,406) d(181) r(206,455) d(232)", "fitness": 0.0}
{"generation": 5, "position": 15, "parents": [43], "genome": "a(156,201) r(284,346) a(185,228) a(214,29) d(212) d(123)", "fitness": 0.0}
{"generation": 5, "position": 16, "parents": [26], "genome": "d(202) a(299,301) a(414,20) d(250) a(172,147) a(447,374) r(197,330) a(355,277)", "fitness": 0.0}
{"generation": 5, "position": 17, "parents": [51], "genome": "a(205,212) a(439,448) a(292,255) d(162) a(289,343)", "fitness": 0.0}
{"generation": 5, "position": 18, "parents": [1, 7], "genome": "r(182,187) a(162,133) a(143,192)", "fitness": 0.0}
{"generation": 5, "position": 19, "parents": [1, 7], "genome": "a(397,273) r(434,413) r(213,202) r(11,35) d(384) a(357,248) d(115) a(212,175) r(391,113) d(451)", "fitness": 0.0}
{"generation": 5, "position": 20, "parents": [1], "genome": "r(182,187) d(384) a(357,248) d(115) a(212,175) r(391,113) d(327)", "fitness": 0.0}
{"generation": 5, "position": 21, "parents": [7], "genome": "a(397,273) r(434,413) r(213,202) r(11,35) a(162,133) r(292,244)", "fitness": 0.0}
{"generation": 5, "position": 22, "parents": [28, 54], "genome": "d(202) a(299,301) a(414,20) d(442) a(357,248) d(115) a(212,175) d(343) d(344)", "fitness": 0.0}
{"generation": 5, "position": 23, "parents": [28, 54], "genome": "r(182,187) d(384) a(258,374) r(451,473)", "fitness": 0.0}
{"generation": 5, "position": 24, "parents": [28], "genome": "d(202) a(299,301) a(414,20) d(442) a(258,374) r(393,228)", "fitness": 0.0}
{"generation": 5, "position": 25, "parents": [54], "genome": "r(182,187) d(384) a(357,248) d(115) a(212,175) d(343) d(214)", "fitness": 0.0}
{"generation": 5, "position": 26, "parents": [53], "genome": "r(401,447) d(256) a(357,248) d(115) a(212,175) a(416,448) a(227,447)", "fitness": 0.0}
{"generation": 5, "position": 27, "parents": [36], "genome": "d(202) a(299,301) a(414,20) r(164,149) a(239,229) d(25)", "fitness": 0.0}
{"generation": 5, "position": 28, "parents": [48, 0], "genome": "a(401,444) d(343)", "fitness": 5.0}
{"generation": 5, "position": 29, "parents": [48, 0], "genome": "d(202) a(299,301) a(371,467) d(384) d(325) r(130,119)", "fitness": 0.0}
{"generation": 5, "position": 30, "parents": [48], "genome": "a(401,444) d(325) a(148,445)", "fitness": 0.0}
{"generation": 5, "position": 31, "parents": [0], "genome": "d(202) a(299,301) a(371,467) d(384) r(343,300)", "fitness": 0.0}
{"generation": 5, "position": 32, "parents": [27], "genome": "a(205,212) r(147,145) d(431) a(216,218) d(442) a(204,181) d(110)", "fitness": 0.0}
{"generation": 5, "position": 33, "parents": [50], "genome": "a(401,444) r(402,358) d(115) d(207) r(294,287) d(143)", "fitness": 0.0}
{"generation": 5, "position": 34, "parents": [26, 41], "genome": "d(202) a(299,301) a(414,20) d(250) a(172,147) a(447,374) r(197,330) d(232) r(444,120)", "fitness": 0.0}
{"generation": 5, "position": 35, "parents": [26, 41], "genome": "d(154) a(189,174) a(325,251) d(240)", "fitness": 0.0}
{"generation": 5, "position": 36, "parents": [26], "genome": "d(202) a(299,301) a(414,20) d(250) a(172,147) a(447,374) r(197,330) d(416)", "fitness": 0.0}
{"generation": 5, "position": 37, "parents": [41], "genome": "d(154) a(189,174) a(325,251) d(232) r(292,37)", "fitness": 0.0}
{"generation": 5, "position": 38, "parents": [54], "genome": "r(182,187) d(384) a(357,248) d(115) a(212,175) d(343) a(183,471)", "fitness": 0.0}
{"generation": 5, "position": 39, "parents": [8], "genome": "r(406,414) a(299,136) r(376,385) r(133,172) r(213,274)", "fitness": 0.0}
{"generation": 5, "position": 40, "parents": [16], "genome": "d(119) d(219) r(214,400) a(340,233) a(177,226)", "fitness": 0.0}
{"generation": 5, "position": 41, "parents": [27], "genome": "a(205,212) r(147,145) d(431) a(216,218) d(442) a(204,181) r(180,164)", "fitness": 0.0}
{"generation": 5, "position": 42, "parents": [16, 18], "genome": "d(119) a(387,323)", "fitness": 0.0}
{"generation": 5, "position": 43, "parents": [16, 18], "genome": "d(119) r(115,173) r(149,187) a(397,431) d(219) r(214,400) a(340,233) d(137)", "fitness": 0.0}
{"generation": 5, "position": 44, "parents": [16], "genome": "d(119) d(219) r(214,400) a(340,233) a(226,415)", "fitness": 0.0}
{"generation": 5, "position": 45, "parents": [18], "genome": "d(119) r(115,173) r(149,187) a(397,431) r(130,117)", "fitness": 0.0}
{"generation": 5, "position": 46, "parents": [1, 34], "genome": "r(182,187) d(384) a(357,248) r(159,199) d(412)", "fitness": 0.0}
{"generation": 5, "position": 47, "parents": [1, 34], "genome": "a(397,273) r(202,194) a(396,374) r(212,172) d(115) a(212,175) r(391,113) r(297,294)", "fitness": 0.0}
{"generation": 5, "position": 48, "parents": [1], "genome": "r(182,187) d(384) a(357,248) d(115) a(212,175) r(391,113) a(10,3)", "fitness": 0.0}
{"generation": 5, "position": 49, "parents": [34], "genome": "a(397,273) r(202,194) a(396,374) r(212,172) r(159,199) a(303,294)", "fitness": 0.0}
{"generation": 5, "position": 50, "parents": [7], "genome": "a(397,273) r(434,413) r(213,202) r(11,35) a(162,133) r(173,175)", "fitness": 0.0}
{"generation": 5, "position": 51, "parents": [19], "genome": "d(298) d(219) r(214,400) d(419) r(436,274)", "fitness": 0.0}
{"generation": 5, "position": 52, "parents": [43, 22], "genome": "a(156,201) r(284,346) a(185,228) a(340,37) r(341,355)", "fitness": 0.0}
{"generation": 5, "position": 53, "parents": [43, 22], "genome": "d(202) a(299,301) a(414,20) r(164,149) a(214,29) d(212) a(327,384)", "fitness": 0.0}
{"generation": 5, "position": 54, "parents": [43], "genome": "a(156,201) r(284,346) a(185,228) a(214,29) d(212) a(346,304)", "fitness": 0.0}
{"generation": 5, "position": 55, "parents": [22], "genome": "d(202) a(299,301) a(414,20) r(164,149) a(340,37) d(212)", "fitness": 0.0}
{"generation": 5, "position": 56, "parents": [31, 20], "genome": "a(156,201) a(299,301) a(299,136) r(376,385) r(184,189) r(213,357)", "fitness": 0.0}
{"generation": 5, "position": 57, "parents": [31, 20], "genome": "d(202) a(292,255) d(398) a(13,46)", "fitness": 0.0}
{"generation": 5, "position": 58, "parents": [31], "genome": "a(156,201) a(292,255) d(398) d(174)", "fitness": 0.0}
{"generation": 5, "position": 59, "parents": [20], "genome": "d(202) a(299,301) a(299,136) r(376,385) r(184,189) d(323)", "fitness": 0.0}
{"generation": 5, "position": 60, "parents": [31], "genome": "a(156,201) a(292,255) d(398) d(257)", "fitness": 0.0}
{"generation": 5, "position": 61, "parents": [15], "genome": "d(202) a(299,301) a(371,467) a(176,177) r(424,31)", "fitness": 0.0}
{"generation": 5, "position": 62, "parents": [27, 22], "genome": "a(205,212) r(147,145) d(431) a(340,37) r(247,240)", "fitness": 0.0}
{"generation": 5, "position": 63, "parents": [27, 22], "genome": "d(202) a(299,301) a(414,20) r(164,149) a(216,218) d(442) a(204,181) r(167,22)", "fitness": 0.0}
{"generation": 5, "position": 64, "parents": [27], "genome": "a(205,212) r(147,145) d(431) a(216,218) d(442) a(204,181) d(294)", "fitness": 0.0}
{"generation": 6, "position": 0, "parents": [0, 42], "genome": "r(182,187) a(387,323) d(358)", "fitness": 0.0}
{"generation": 6, "position": 1, "parents": [0, 42], "genome": "d(119) d(384) a(357,248) d(115) a(189,174) a(325,251) a(183,173) r(386,419) d(362)", "fitness": 0.0}
{"generation": 6, "position": 2, "parents": [0], "genome": "r(182,187) d(384) a(357,248) d(115) a(189,174) a(325,251) a(183,173) r(386,419) d(441)", "fitness": 0.0}
{"generation": 6, "position": 3, "parents": [42], "genome": "d(119) a(387,323) r(187,406)", "fitness": 0.0}
{"generation": 6, "position": 4, "parents": [41], "genome": "a(205,212) r(147,145) d(431) a(216,218) d(442) a(204,181) r(180,164) r(158,175)", "fitness": 0.0}
{"generation": 6, "position": 5, "parents": [38], "genome": "r(182,187) d(384) a(357,248) d(115) a(212,175) d(343) a(183,471) r(194,207)", "fitness": 0.0}
{"generation": 6, "position": 6, "parents": [4, 33], "genome": "r(406,414) a(299,136) r(376,385) r(409,21) r(402,358) d(115) d(207) r(294,287) d(143) a(193,147)", "fitness": 0.0}
{"generation": 6, "position": 7, "parents": [4, 33], "genome": "a(401,444) d(9) a(181,212)", "fitness": 5.0}
{"generation": 6, "position": 8, "parents": [4], "genome": "r(406,414) a(299,136) r(376,385) r(409,21) d(9) d(248)", "fitness": 0.0}
{"generation": 6, "position": 9, "parents": [33], "genome": "a(401,444) r(402,358) d(115) d(207) r(294,287) d(143) r(301,356)", "fitness": 0.0}
{"generation": 6, "position": 10, "parents": [39, 32], "genome": "r(406,414) a(299,136) r(376,385) r(133,172) r(213,274) d(442) a(204,181) d(110) d(212)", "fitness": 0.0}
{"generation": 6, "position": 11, "parents": [39, 32], "genome": "a(205,212) r(147,145) d(431) a(216,218) a(290,349)", "fitness": 0.0}
{"generation": 6, "position": 12, "parents": [39], "genome": "r(406,414) a(299,136) r(376,385) r(133,172) r(213,274) r(359,232)", "fitness": 0.0}
{"generation": 6, "position": 13, "parents": [32], "genome": "a(205,212) r(147,145) d(431) a(216,218) d(442) a(204,181) d(110) d(465)", "fitness": 0.0}
{"generation": 6, "position": 14, "parents": [6, 31], "genome": "r(406,414) a(299,136) r(376,385) r(200,164) a(221,390) d(384) r(343,300) d(238)", "fitness": 0.0}
{"generation": 6, "position": 15, "parents": [6, 31], "genome": "d(202) a(299,301) a(371,467) r(221,462)", "fitness": 0.0}
{"generation": 6, "position": 16, "parents": [6], "genome": "r(406,414) a(299,136) r(376,385) r(200,164) a(221,390) d(299)", "fitness": 0.0}
{"generation": 6, "position": 17, "parents": [31], "genome": "d(202) a(299,301) a(371,467) d(384) r(343,300) r(370,471)", "fitness": 0.0}
{"generation": 6, "position": 18, "parents": [9, 11], "genome": "a(205,212) r(147,145) d(431) a(216,218) d(442) a(204,181) a(177,183) a(369,52)", "fitness": 0.0}
{"generation": 6, "position": 19, "parents": [9, 11], "genome": "a(205,212) r(184,41) a(409,139) d(250) r(401,19)", "fitness": 0.0}
{"generation": 6, "position": 20, "parents": [9], "genome": "a(205,212) r(184,41) a(409,139) d(250) d(166)", "fitness": 0.0}
{"generation": 6, "position": 21, "parents": [11], "genome": "a(205,212) r(147,145) d(431) a(216,218) d(442) a(204,181) a(177,183) a(277,441)", "fitness": 0.0}
{"generation": 6, "position": 22, "parents": [23], "genome": "r(182,187) d(384) a(258,374) r(451,473) a(213,206)", "fitness": 0.0}
{"generation": 6, "position": 23, "parents": [62], "genome": "a(205,212) r(147,145) d(431) a(340,37) r(247,240) d(194)", "fitness": 0.0}
{"generation": 6, "position": 24, "parents": [48], "genome": "r(182,187) d(384) a(357,248) d(115) a(212,175) r(391,113) a(10,3) r(235,385)", "fitness": 0.0}
{"generation": 6, "position": 25, "parents": [29], "genome": "d(202) a(299,301) a(371,467) d(384) d(325) r(130,119) d(214)", "fitness": 0.0}
{"generation": 6, "position": 26, "parents": [4], "genome": "r(406,414) a(299,136) r(376,385) r(409,21) d(9) d(439)", "fitness": 0.0}
{"generation": 6, "position": 27, "parents": [53], "genome": "d(202) a(299,301) a(414,20) r(164,149) a(214,29) d(212) a(327,384) d(425)", "fitness": 0.0}
{"generation": 6, "position": 28, "parents": [49, 37], "genome": "a(397,273) r(202,194) a(396,374) r(212,172) r(159,199) a(189,174) a(325,251) d(232) r(292,37) a(244,242)", "fitness": 0.0}
{"generation": 6, "position": 29, "parents": [49, 37], "genome": "d(154) a(303,294) d(224)", "fitness": 0.0}
{"generation": 6, "position": 30, "parents": [49], "genome": "a(397,273) r(202,194) a(396,374) r(212,172) r(159,199) a(303,294) r(255,9)", "fitness": 0.0}
{"generation": 6, "position": 31, "parents": [37], "genome": "d(154) a(189,174) a(325,251) d(232) r(292,37) d(244)", "fitness": 0.0}
{"generation": 6, "position": 32, "parents": [29, 17], "genome": "d(202) a(299,301) r(297,300)", "fitness": 0.0}
{"generation": 6, "position": 33, "parents": [29, 17], "genome": "a(205,212) a(439,448) a(292,255) d(162) a(289,343) a(371,467) d(384) d(325) r(130,119) a(219,171)", "fitness": 0.0}
{"generation": 6, "position": 34, "parents": [29], "genome": "d(202) a(299,301) a(371,467) d(384) d(325) r(130,119) a(124,281)", "fitness": 0.0}
{"generation": 6, "position": 35, "parents": [17], "genome": "a(205,212) a(439,448) a(292,255) d(162) a(289,343) d(216)", "fitness": 0.0}
{"generation": 6, "position": 36, "parents": [34], "genome": "d(202) a(299,301) a(414,20) d(250) a(172,147) a(447,374) r(197,330) d(232) r(444,120) a(9,10)", "fitness": 0.0}
{"generation": 6, "position": 37, "parents": [63], "genome": "d(202) a(299,301) a(414,20) r(164,149) a(216,218) d(442) a(204,181) r(167,22) d(119)", "fitness": 0.0}
{"generation": 6, "position": 38, "parents": [51, 19], "genome": "d(298) d(219) r(437,303)", "fitness": 0.0}
{"generation": 6, "position": 39, "parents": [51, 19], "genome": "a(397,273) r(434,413) r(213,202) r(11,35) d(384) a(357,248) d(115) a(212,175) r(391,113) d(451) r(214,400) d(419) r(436,274) r(324,162)", "fitness": 0.0}
{"generation": 6, "position": 40, "parents": [51], "genome": "d(298) d(219) r(214,400) d(419) r(436,274) r(463,458)", "fitness": 0.0}
{"generation": 6, "position": 41, "parents": [19], "genome": "a(397,273) r(434,413) r(213,202) r(11,35) d(384) a(357,248) d(115) a(212,175) r(391,113) d(451) a(129,385)", "fitness": 0.0}
{"generation": 6, "position": 42, "parents": [20, 49], "genome": "r(182,187) d(384) a(357,248) d(115) a(212,175) a(349,359)", "fitness": 0.0}
{"generation": 6, "position": 43, "parents": [20, 49], "genome": "a(397,273) r(202,194) a(396,374) r(212,172) r(159,199) a(303,294) r(391,113) d(327) a(200,154)", "fitness": 0.0}
{"generation": 6, "position": 44, "parents": [20], "genome": "r(182,187) d(384) a(357,248) d(115) a(212,175) r(391,113) d(327) d(427)", "fitness": 0.0}
{"generation": 6, "position": 45, "parents": [49], "genome": "a(397,273) r(202,194) a(396,374) r(212,172) r(159,199) a(303,294) d(444)", "fitness": 0.0}
{"generation": 6, "position": 46, "parents": [51, 27], "genome": "d(298) d(219) r(214,400) d(419) d(224)", "fitness": 0.0}
{"generation": 6, "position": 47, "parents": [51, 27], "genome": "d(202) a(299,301) a(414,20) r(164,149) a(239,229) d(25) r(436,274) a(357,299)", "fitness": 0.0}
{"generation": 6, "position": 48, "parents": [51], "genome": "d(298) d(219) r(214,400) d(419) r(436,274) a(338,202)", "fitness": 0.0}
{"generation": 6, "position": 49, "parents": [27], "genome": "d(202) a(299,301) a(414,20) r(164,149) a(239,229) d(25) a(119,173)", "fitness": 0.0}
{"generation": 6, "position": 50, "parents": [47, 21], "genome": "a(397,273) r(202,194) a(396,374) r(11,35) a(162,133) r(292,244) r(117,467)", "fitness": 0.0}
{"generation": 6, "position": 51, "parents": [47, 21], "genome": "a(397,273) r(434,413) r(213,202) r(212,172) d(115) a(212,175) r(391,113) r(297,294) d(353)", "fitness": 0.0}
{"generation": 6, "position": 52, "parents": [47], "genome": "a(397,273) r(202,194) a(396,374) r(212,172) d(115) a(212,175) r(391,113) r(297,294) d(143)", "fitness": 0.0}
{"generation": 6, "position": 53, "parents": [21], "genome": "a(397,273) r(434,413) r(213,202) r(11,35) a(162,133) r(292,244) r(356,325)", "fitness": 0.0}
{"generation": 6, "position": 54, "parents": [46], "genome": "r(182,187) d(384) a(357,248) r(159,199) d(412) a(355,275)", "fitness": 0.0}
{"generation": 6, "position": 55, "parents": [21], "genome": "a(397,273) r(434,413) r(213,202) r(11,35) a(162,133) r(292,244) a(111,45)", "fitness": 0.0}
{"generation": 6, "position": 56, "parents": [53, 47], "genome": "d(202) a(299,301) a(414,20) r(164,149) a(214,29) d(212) r(212,172) d(115) a(212,175) r(391,113) r(297,294) d(249)", "fitness": 0.0}
{"generation": 6, "position": 57, "parents": [53, 47], "genome": "a(397,273) r(202,194) a(396,374) a(327,384) r(175,188)", "fitness": 0.0}
{"generation": 6, "position": 58, "parents": [53], "genome": "d(202) a(299,301) a(414,20) r(164,149) a(214,29) d(212) a(327,384) a(142,286)", "fitness": 0.0}
{"generation": 6, "position": 59, "parents": [47], "genome": "a(397,273) r(202,194) a(396,374) r(212,172) d(115) a(212,175) r(391,113) r(297,294) a(119,138)", "fitness": 0.0}
{"generation": 6, "position": 60, "parents": [52], "genome": "a(156,201) r(284,346) a(185,228) a(340,37) r(341,355) a(132,350)", "fitness": 0.0}
{"generation": 6, "position": 61, "parents": [6], "genome": "r(406,414) a(299,136) r(376,385) r(200,164) a(221,390) r(215,475)", "fitness": 0.0}
{"generation": 6, "position": 62, "parents": [32], "genome": "a(205,212) r(147,145) d(431) a(216,218) d(442) a(204,181) d(110) d(250)", "fitness": 0.0}
{"generation": 7, "position": 0, "parents": [24], "genome": "r(182,187) d(384) a(357,248) d(115) a(212,175) r(391,113) a(10,3) r(235,385) d(357)", "fitness": 0.0}
{"generation": 7, "position": 1, "parents": [27], "genome": "d(202) a(299,301) a(414,20) r(164,149) a(214,29) d(212) a(327,384) d(425) d(253)", "fitness": 0.0}
{"generation": 7, "position": 2, "parents": [11], "genome": "a(205,212) r(147,145) d(431) a(216,218) a(290,349) a(357,444)", "fitness": 0.0}
{"generation": 7, "position": 3, "parents": [44], "genome": "r(182,187) d(384) a(357,248) d(115) a(212,175) r(391,113) d(327) d(427) r(11,400)", "fitness": 0.0}
{"generation": 7, "position": 4, "parents": [51, 33], "genome": "a(397,273) r(434,413) r(213,202) r(212,172) d(115) a(219,171) a(350,210)", "fitness": 0.0}
{"generation": 7, "position": 5, "parents": [51, 33], "genome": "a(205,212) a(439,448) a(292,255) d(162) a(289,343) a(371,467) d(384) d(325) r(130,119) a(212,175) r(391,113) r(297,294) d(353) r(451,202)", "fitness": 0.0}
{"generation": 7, "position": 6, "parents": [51], "genome": "a(397,273) r(434,413) r(213,202) r(212,172) d(115) a(212,175) r(391,113) r(297,294) d(353) r(23,462)", "fitness": 0.0}
{"generation": 7, "position": 7, "parents": [33], "genome": "a(205,212) a(439,448) a(292,255) d(162) a(289,343) a(371,467) d(384) d(325) r(130,119) a(219,171) r(337,406)", "fitness": 0.0}
{"generation": 7, "position": 8, "parents": [56, 15], "genome": "d(202) a(299,301) a(414,20) r(164,149) d(180)", "fitness": 0.0}
{"generation": 7, "position": 9, "parents": [56, 15], "genome": "d(202) a(299,301) a(371,467) r(221,462) a(214,29) d(212) r(212,172) d(115) a(212,175) r(391,113) r(297,294) d(249) r(357,228)", "fitness": 0.0}
{"generation": 7, "position": 10, "parents": [56], "genome": "d(202) a(299,301) a(414,20) r(164,149) a(214,29) d(212) r(212,172) d(115) a(212,175) r(391,113) r(297,294) d(249) r(156,462)", "fitness": 0.0}
{"generation": 7, "position": 11, "parents": [15], "genome": "d(202) a(299,301) a(371,467) r(221,462) d(252)", "fitness": 0.0}
{"generation": 7, "position": 12, "parents": [17], "genome": "d(202) a(299,301) a(371,467) d(384) r(343,300) r(370,471) d(463)", "fitness": 0.0}
{"generation": 7, "position": 13, "parents": [47], "genome": "d(202) a(299,301) a(414,20) r(164,149) a(239,229) d(25) r(436,274) a(357,299) d(402)", "fitness": 0.0}
{"generation": 7, "position": 14, "parents": [25], "genome": "d(202) a(299,301) a(371,467) d(384) d(325) r(130,119) d(214) d(116)", "fitness": 0.0}
{"generation": 7, "position": 15, "parents": [29], "genome": "d(154) a(303,294) d(224) d(468)", "fitness": 0.0}
{"generation": 7, "position": 16, "parents": [13, 30], "genome": "a(205,212) r(147,145) r(244,275)", "fitness": 0.0}
{"generation": 7, "position": 17, "parents": [13, 30], "genome": "a(397,273) r(202,194) a(396,374) r(212,172) r(159,199) a(303,294) r(255,9) d(431) a(216,218) d(442) a(204,181) d(110) d(465) d(187)", "fitness": 0.0}
{"generation": 7, "position": 18, "parents": [13], "genome": "a(205,212) r(147,145) d(431) a(216,218) d(442) a(204,181) d(110) d(465) r(415,396)", "fitness": 0.0}
{"generation": 7, "position": 19, "parents": [30], "genome": "a(397,273) r(202,194) a(396,374) r(212,172) r(159,199) a(303,294) r(255,9) d(133)", "fitness": 0.0}
{"generation": 7, "position": 20, "parents": [47, 61], "genome": "d(202) a(299,301) r(215,475) r(467,415)", "fitness": 0.0}
{"generation": 7, "position": 21, "parents": [47, 61], "genome": "r(406,414) a(299,136) r(376,385) r(200,164) a(221,390) a(414,20) r(164,149) a(239,229) d(25) r(436,274) a(357,299) r(194,323)", "fitness": 0.0}
{"generation": 7, "position": 22, "parents": [47], "genome": "d(202) a(299,301) a(414,20) r(164,149) a(239,229) d(25) r(436,274) a(357,299) a(145,330)", "fitness": 0.0}
{"generation": 7, "position": 23, "parents": [61], "genome": "r(406,414) a(299,136) r(376,385) r(200,164) a(221,390) r(215,475) a(326,247)", "fitness": 0.0}
{"generation": 7, "position": 24, "parents": [36, 21], "genome": "d(202) a(299,301) a(414,20) d(250) a(172,147) a(447,374) r(197,330) d(232) r(444,120) a(9,10) a(216,218) d(442) a(204,181) a(177,183) a(277,441) r(24,210)", "fitness": 0.0}
{"generation": 7, "position": 25, "parents": [36, 21], "genome": "a(205,212) r(147,145) d(431) r(237,326)", "fitness": 0.0}
{"generation": 7, "position": 26, "parents": [36], "genome": "d(202) a(299,301) a(414,20) d(250) a(172,147) a(447,374) r(197,330) d(232) r(444,120) a(9,10) a(238,113)", "fitness": 0.0}
{"generation": 7, "position": 27, "parents": [21], "genome": "a(205,212) r(147,145) d(431) a(216,218) d(442) a(204,181) a(177,183) a(277,441) a(235,291)", "fitness": 0.0}
{"generation": 7, "position": 28, "parents": [51], "genome": "a(397,273) r(434,413) r(213,202) r(212,172) d(115) a(212,175) r(391,113) r(297,294) d(353) a(331,323)", "fitness": 0.0}
{"generation": 7, "position": 29, "parents": [21], "genome": "a(205,212) r(147,145) d(431) a(216,218) d(442) a(204,181) a(177,183) a(277,441) r(227,233)", "fitness": 0.0}
{"generation": 7, "position": 30, "parents": [56, 45], "genome": "d(202) a(303,294) d(444) a(162,157)", "fitness": 0.0}
{"generation": 7, "position": 31, "parents": [56, 45], "genome": "a(397,273) r(202,194) a(396,374) r(212,172) r(159,199) a(299,301) a(414,20) r(164,149) a(214,29) d(212) r(212,172) d(115) a(212,175) r(391,113) r(297,294) d(249) d(435)", "fitness": 0.0}
{"generation": 7, "position": 32, "parents": [56], "genome": "d(202) a(299,301) a(414,20) r(164,149) a(214,29) d(212) r(212,172) d(115) a(212,175) r(391,113) r(297,294) d(249) d(227)", "fitness": 0.0}
{"generation": 7, "position": 33, "parents": [45], "genome": "a(397,273) r(202,194) a(396,374) r(212,172) r(159,199) a(303,294) d(444) a(168,444)", "fitness": 0.0}
{"generation": 7, "position": 34, "parents": [22, 31], "genome": "r(182,187) d(384) a(258,374) a(325,251) d(232) r(292,37) d(244) r(214,420)", "fitness": 0.0}
{"generation": 7, "position": 35, "parents": [22, 31], "genome": "d(154) a(189,174) r(451,473) a(213,206) a(415,455)", "fitness": 0.0}
{"generation": 7, "position": 36, "parents": [22], "genome": "r(182,187) d(384) a(258,374) r(451,473) a(213,206) r(251,257)", "fitness": 0.0}
{"generation": 7, "position": 37, "parents": [31], "genome": "d(154) a(189,174) a(325,251) d(232) r(292,37) d(244) a(174,212)", "fitness": 0.0}
{"generation": 7, "position": 38, "parents": [8], "genome": "r(406,414) a(299,136) r(376,385) r(409,21) d(9) d(248) r(194,393)", "fitness": 0.0}
{"generation": 7, "position": 39, "parents": [43], "genome": "a(397,273) r(202,194) a(396,374) r(212,172) r(159,199) a(303,294) r(391,113) d(327) a(200,154) r(400,362)", "fitness": 0.0}
{"generation": 7, "position": 40, "parents": [46, 16], "genome": "d(298) d(219) r(214,400) d(419) d(224) r(376,385) r(200,164) a(221,390) d(299) a(337,439)", "fitness": 0.0}
{"generation": 7, "position": 41, "parents": [46, 16], "genome": "r(406,414) a(299,136) d(414)", "fitness": 5.0}
{"generation": 7, "position": 42, "parents": [46], "genome": "d(298) d(219) r(214,400) d(419) d(224) a(255,349)", "fitness": 0.0}
{"generation": 7, "position": 43, "parents": [16], "genome": "r(406,414) a(299,136) r(376,385) r(200,164) a(221,390) d(299) a(195,187)", "fitness": 0.0}
{"generation": 7, "position": 44, "parents": [54, 32], "genome": "r(182,187) d(384) a(299,301) r(297,300) d(212)", "fitness": 0.0}
{"generation": 7, "position": 45, "parents": [54, 32], "genome": "d(202) a(357,248) r(159,199) d(412) a(355,275) r(253,304)", "fitness": 0.0}
{"generation": 7, "position": 46, "parents": [54], "genome": "r(182,187) d(384) a(357,248) r(159,199) d(412) a(355,275) r(239,359)", "fitness": 0.0}
{"generation": 7, "position": 47, "parents": [32], "genome": "d(202) a(299,301) r(297,300) r(154,448)", "fitness": 0.0}
{"generation": 7, "position": 48, "parents": [13, 39], "genome": "a(205,212) r(147,145) d(431) a(216,218) d(442) r(434,413) r(213,202) r(11,35) d(384) a(357,248) d(115) a(212,175) r(391,113) d(451) r(214,400) d(419) r(436,274) r(324,162) a(412,396)", "fitness": 0.0}
{"generation": 7, "position": 49, "parents": [13, 39], "genome": "a(397,273) a(204,181) d(110) d(465) d(161)", "fitness": 0.0}
{"generation": 7, "position": 50, "parents": [13], "genome": "a(205,212) r(147,145) d(431) a(216,218) d(442) a(204,181) d(110) d(465) r(137,390)", "fitness": 0.0}
{"generation": 7, "position": 51, "parents": [39], "genome": "a(397,273) r(434,413) r(213,202) r(11,35) d(384) a(357,248) d(115) a(212,175) r(391,113) d(451) r(214,400) d(419) r(436,274) r(324,162) d(277)", "fitness": 0.0}
{"generation": 7, "position": 52, "parents": [49], "genome": "d(202) a(299,301) a(414,20) r(164,149) a(239,229) d(25) a(119,173) a(437,385)", "fitness": 0.0}
{"generation": 7, "position": 53, "parents": [33], "genome": "a(205,212) a(439,448) a(292,255) d(162) a(289,343) a(371,467) d(384) d(325) r(130,119) a(219,171) d(347)", "fitness": 0.0}
{"generation": 7, "position": 54, "parents": [30, 15], "genome": "a(397,273) r(202,194) a(396,374) r(280,339)", "fitness": 0.0}
{"generation": 7, "position": 55, "parents": [30, 15], "genome": "d(202) a(299,301) a(371,467) r(221,462) r(212,172) r(159,199) a(303,294) r(255,9) r(109,228)", "fitness": 0.0}
{"generation": 7, "position": 56, "parents": [30], "genome": "a(397,273) r(202,194) a(396,374) r(212,172) r(159,199) a(303,294) r(255,9) a(396,162)", "fitness": 0.0}
{"generation": 7, "position": 57, "parents": [15], "genome": "d(202) a(299,301) a(371,467) r(221,462) d(442)", "fitness": 0.0}
{"generation": 7, "position": 58, "parents": [31], "genome": "d(154) a(189,174) a(325,251) d(232) r(292,37) d(244) r(214,198)", "fitness": 0.0}
{"generation": 7, "position": 59, "parents": [6], "genome": "r(406,414) a(299,136) r(376,385) r(409,21) r(402,358) d(115) d(207) r(294,287) d(143) a(193,147) r(391,139)", "fitness": 0.0}
{"generation": 7, "position": 60, "parents": [10, 11], "genome": "r(406,414) a(299,136) r(147,145) d(431) a(216,218) a(290,349) a(239,178)", "fitness": 0.0}
{"generation": 7, "position": 61, "parents": [10, 11], "genome": "a(205,212) r(376,385) r(133,172) r(213,274) d(442) a(204,181) d(110) d(212) a(225,415)", "fitness": 0.0}
{"generation": 7, "position": 62, "parents": [10], "genome": "r(406,414) a(299,136) r(376,385) r(133,172) r(213,274) d(442) a(204,181) d(110) d(212) r(237,29)", "fitness": 0.0}
{"generation": 8, "position": 0, "parents": [31, 60], "genome": "a(397,273) r(202,194) a(396,374) a(299,136) r(147,145) d(431) a(216,218) a(290,349) a(239,178) r(213,204)", "fitness": 0.0}
{"generation": 8, "position": 1, "parents": [31, 60], "genome": "r(406,414) r(212,172) r(159,199) a(299,301) a(414,20) r(164,149) a(214,29) d(212) r(212,172) d(115) a(212,175) r(391,113) r(297,294) d(249) d(435) a(412,1)", "fitness": 0.0}
{"generation": 8, "position": 2, "parents": [31], "genome": "a(397,273) r(202,194) a(396,374) r(212,172) r(159,199) a(299,301) a(414,20) r(164,149) a(214,29) d(212) r(212,172) d(115) a(212,175) r(391,113) r(297,294) d(249) d(435) a(433,462)", "fitness": 0.0}
{"generation": 8, "position": 3, "parents": [60], "genome": "r(406,414) a(299,136) r(147,145) d(431) a(216,218) a(290,349) a(239,178) d(157)", "fitness": 0.0}
{"generation": 8, "position": 4, "parents": [24], "genome": "d(202) a(299,301) a(414,20) d(250) a(172,147) a(447,374) r(197,330) d(232) r(444,120) a(9,10) a(216,218) d(442) a(204,181) a(177,183) a(277,441) r(24,210) a(1,2)", "fitness": 0.0}
{"generation": 8, "position": 5, "parents": [13], "genome": "d(202) a(299,301) a(414,20) r(164,149) a(239,229) d(25) r(436,274) a(357,299) d(402) a(237,255)", "fitness": 0.0}
{"generation": 8, "position": 6, "parents": [24, 50], "genome": "d(202) a(299,301) a(414,20) d(250) a(172,147) a(447,374) r(197,330) d(232) r(444,120) a(9,10) a(216,218) d(110) d(465) r(137,390) d(337)", "fitness": 0.0}
{"generation": 8, "position": 7, "parents": [24, 50], "genome": "a(205,212) r(147,145) d(431) a(216,218) d(442) a(204,181) d(442) a(204,181) a(177,183) a(277,441) r(24,210) r(215,289)", "fitness": 0.0}
{"generation": 8, "position": 8, "parents": [24], "genome": "d(202) a(299,301) a(414,20) d(250) a(172,147) a(447,374) r(197,330) d(232) r(444,120) a(9,10) a(216,218) d(442) a(204,181) a(177,183) a(277,441) r(24,210) r(2,133)", "fitness": 0.0}
{"generation": 8, "position": 9, "parents": [50], "genome": "a(205,212) r(147,145) d(431) a(216,218) d(442) a(204,181) d(110) d(465) r(137,390) d(238)", "fitness": 0.0}
{"generation": 8, "position": 10, "parents": [5, 40], "genome": "a(205,212) a(439,448) a(292,255) d(162) r(200,164) a(221,390) d(299) a(337,439) r(251,214)", "fitness": 0.0}
{"generation": 8, "position": 11, "parents": [5, 40], "genome": "d(298) d(219) r(214,400) d(419) d(224) r(376,385) a(289,343) a(371,467) d(384) d(325) r(130,119) a(212,175) r(391,113) r(297,294) d(353) r(451,202) d(328)", "fitness": 0.0}
{"generation": 8, "position": 12, "parents": [5], "genome": "a(205,212) a(439,448) a(292,255) d(162) a(289,343) a(371,467) d(384) d(325) r(130,119) a(212,175) r(391,113) r(297,294) d(353) r(451,202) d(323)", "fitness": 0.0}
{"generation": 8, "position": 13, "parents": [40], "genome": "d(298) d(219) r(214,400) d(419) d(224) r(376,385) r(200,164) a(221,390) d(299) a(337,439) a(210,337)", "fitness": 0.0}
{"generation": 8, "position": 14, "parents": [51, 19], "genome": "a(397,273) r(434,413) r(213,202) r(11,35) d(384) a(357,248) d(115) a(212,175) r(391,113) d(451) r(214,400) d(419) d(133) a(212,272)", "fitness": 0.0}
{"generation": 8, "position": 15, "parents": [51, 19], "genome": "a(397,273) r(202,194) a(396,374) r(212,172) r(159,199) a(303,294) r(255,9) r(436,274) r(324,162) d(277) a(388,45)", "fitness": 0.0}
{"generation": 8, "position": 16, "parents": [51], "genome": "a(397,273) r(434,413) r(213,202) r(11,35) d(384) a(357,248) d(115) a(212,175) r(391,113) d(451) r(214,400) d(419) r(436,274) r(324,162) d(277) d(158)", "fitness": 0.0}
{"generation": 8, "position": 17, "parents": [19], "genome": "a(397,273) r(202,194) a(396,374) r(212,172) r(159,199) a(303,294) r(255,9) d(133) a(398,447)", "fitness": 0.0}
{"generation": 8, "position": 18, "parents": [35], "genome": "d(154) a(189,174) r(451,473) a(213,206) a(415,455) r(425,432)", "fitness": 0.0}
{"generation": 8, "position": 19, "parents": [33], "genome": "a(397,273) r(202,194) a(396,374) r(212,172) r(159,199) a(303,294) d(444) a(168,444) r(448,120)", "fitness": 0.0}
{"generation": 8, "position": 20, "parents": [58, 24], "genome": "d(154) a(189,174) a(325,251) d(232) a(299,301) a(414,20) d(250) a(172,147) a(447,374) r(197,330) d(232) r(444,120) a(9,10) a(216,218) d(442) a(204,181) a(177,183) a(277,441) r(24,210) a(226,19)", "fitness": 0.0}
{"generation": 8, "position": 21, "parents": [58, 24], "genome": "d(202) r(292,37) d(244) r(214,198) r(324,238)", "fitness": 0.0}
{"generation": 8, "position": 22, "parents": [58], "genome": "d(154) a(189,174) a(325,251) d(232) r(292,37) d(244) r(214,198) d(471)", "fitness": 0.0}
{"generation": 8, "position": 23, "parents": [24], "genome": "d(202) a(299,301) a(414,20) d(250) a(172,147) a(447,374) r(197,330) d(232) r(444,120) a(9,10) a(216,218) d(442) a(204,181) a(177,183) a(277,441) r(24,210) a(421,172)", "fitness": 0.0}
{"generation": 8, "position": 24, "parents": [8], "genome": "d(202) a(299,301) a(414,20) r(164,149) d(180) a(253,393)", "fitness": 0.0}
{"generation": 8, "position": 25, "parents": [12], "genome": "d(202) a(299,301) a(371,467) d(384) r(343,300) r(370,471) d(463) a(208,294)", "fitness": 0.0}
{"generation": 8, "position": 26, "parents": [50, 57], "genome": "a(205,212) r(147,145) a(371,467) r(221,462) d(442) r(472,289)", "fitness": 0.0}
{"generation": 8, "position": 27, "parents": [50, 57], "genome": "d(202) a(299,301) d(431) a(216,218) d(442) a(204,181) d(110) d(465) r(137,390) r(156,162)", "fitness": 0.0}
{"generation": 8, "position": 28, "parents": [50], "genome": "a(205,212) r(147,145) d(431) a(216,218) d(442) a(204,181) d(110) d(465) r(137,390) a(255,246)", "fitness": 0.0}
{"generation": 8, "position": 29, "parents": [57], "genome": "d(202) a(299,301) a(371,467) r(221,462) d(442) a(148,286)", "fitness": 0.0}
{"generation": 8, "position": 30, "parents": [52, 34], "genome": "d(202) a(299,301) d(384) a(258,374) a(325,251) d(232) r(292,37) d(244) r(214,420) r(212,420)", "fitness": 0.0}
{"generation": 8, "position": 31, "parents": [52, 34], "genome": "r(182,187) a(414,20) r(164,149) a(239,229) d(25) a(119,173) a(437,385) d(1)", "fitness": 0.0}
{"generation": 8, "position": 32, "parents": [52], "genome": "d(202) a(299,301) a(414,20) r(164,149) a(239,229) d(25) a(119,173) a(437,385) a(19,226)", "fitness": 0.0}
{"generation": 8, "position": 33, "parents": [34], "genome": "r(182,187) d(384) a(258,374) a(325,251) d(232) r(292,37) d(244) r(214,420) d(180)", "fitness": 0.0}
{"generation": 8, "position": 34, "parents": [34], "genome": "r(182,187) d(384) a(258,374) a(325,251) d(232) r(292,37) d(244) r(214,420) a(219,439)", "fitness": 0.0}
{"generation": 8, "position": 35, "parents": [51], "genome": "a(397,273) r(434,413) r(213,202) r(11,35) d(384) a(357,248) d(115) a(212,175) r(391,113) d(451) r(214,400) d(419) r(436,274) r(324,162) d(277) d(212)", "fitness": 0.0}
{"generation": 8, "position": 36, "parents": [62], "genome": "r(406,414) a(299,136) r(376,385) r(133,172) r(213,274) d(442) a(204,181) d(110) d(212) r(237,29) d(118)", "fitness": 0.0}
{"generation": 8, "position": 37, "parents": [50], "genome": "a(205,212) r(147,145) d(431) a(216,218) d(442) a(204,181) d(110) d(465) r(137,390) a(391,185)", "fitness": 0.0}
{"generation": 8, "position": 38, "parents": [18], "genome": "a(205,212) r(147,145) d(431) a(216,218) d(442) a(204,181) d(110) d(465) r(415,396) d(404)", "fitness": 0.0}
{"generation": 8, "position": 39, "parents": [10], "genome": "d(202) a(299,301) a(414,20) r(164,149) a(214,29) d(212) r(212,172) d(115) a(212,175) r(391,113) r(297,294) d(249) r(156,462) a(241,289)", "fitness": 0.0}
{"generation": 8, "position": 40, "parents": [51], "genome": "a(397,273) r(434,413) r(213,202) r(11,35) d(384) a(357,248) d(115) a(212,175) r(391,113) d(451) r(214,400) d(419) r(436,274) r(324,162) d(277) r(432,396)", "fitness": 0.0}
{"generation": 8, "position": 41, "parents": [40], "genome": "d(298) d(219) r(214,400) d(419) d(224) r(376,385) r(200,164) a(221,390) d(299) a(337,439) d(352)", "fitness": 0.0}
{"generation": 8, "position": 42, "parents": [22], "genome": "d(202) a(299,301) a(414,20) r(164,149) a(239,229) d(25) r(436,274) a(357,299) a(145,330) r(425,449)", "fitness": 0.0}
{"generation": 8, "position": 43, "parents": [36], "genome": "r(182,187) d(384) a(258,374) r(451,473) a(213,206) r(251,257) a(279,28)", "fitness": 0.0}
{"generation": 8, "position": 44, "parents": [7, 63], "genome": "a(205,212) a(439,448) a(292,255) d(162) a(289,343) a(371,467) a(216,218) a(290,349) r(9,341) a(299,133)", "fitness": 0.0}
{"generation": 8, "position": 45, "parents": [7, 63], "genome": "a(205,212) r(147,145) d(431) d(384) d(325) r(130,119) a(219,171) r(337,406) a(2,467)", "fitness": 0.0}
{"generation": 8, "position": 46, "parents": [7], "genome": "a(205,212) a(439,448) a(292,255) d(162) a(289,343) a(371,467) d(384) d(325) r(130,119) a(219,171) r(337,406) r(297,415)", "fitness": 0.0}
{"generation": 8, "position": 47, "parents": [63], "genome": "a(205,212) r(147,145) d(431) a(216,218) a(290,349) r(9,341) a(136,1)", "fitness": 0.0}
{"generation": 8, "position": 48, "parents": [29], "genome": "a(205,212) r(147,145) d(431) a(216,218) d(442) a(204,181) a(177,183) a(277,441) r(227,233) d(455)", "fitness": 0.0}
{"generation": 8, "position": 49, "parents": [18], "genome": "a(205,212) r(147,145) d(431) a(216,218) d(442) a(204,181) d(110) d(465) r(415,396) r(286,462)", "fitness": 0.0}
{"generation": 8, "position": 50, "parents": [33], "genome": "a(397,273) r(202,194) a(396,374) r(212,172) r(159,199) a(303,294) d(444) a(168,444) a(217,21)", "fitness": 0.0}
{"generation": 8, "position": 51, "parents": [27], "genome": "a(205,212) r(147,145) d(431) a(216,218) d(442) a(204,181) a(177,183) a(277,441) a(235,291) r(380,447)", "fitness": 0.0}
{"generation": 8, "position": 52, "parents": [52, 26], "genome": "d(202) a(299,301) a(414,20) d(232) r(444,120) a(9,10) a(238,113) a(327,351)", "fitness": 0.0}
{"generation": 8, "position": 53, "parents": [52, 26], "genome": "d(202) a(299,301) a(414,20) d(250) a(172,147) a(447,374) r(197,330) r(164,149) a(239,229) d(25) a(119,173) a(437,385) a(351,393)", "fitness": 0.0}
{"generation": 8, "position": 54, "parents": [52], "genome": "d(202) a(299,301) a(414,20) r(164,149) a(239,229) d(25) a(119,173) a(437,385) r(334,278)", "fitness": 0.0}
{"generation": 8, "position": 55, "parents": [26], "genome": "d(202) a(299,301) a(414,20) d(250) a(172,147) a(447,374) r(197,330) d(232) r(444,120) a(9,10) a(238,113) a(278,257)", "fitness": 0.0}
{"generation": 8, "position": 56, "parents": [25, 0], "genome": "a(205,212) r(147,145) d(431) d(115) a(212,175) r(391,113) a(10,3) r(235,385) d(357) r(218,362)", "fitness": 0.0}
{"generation": 8, "position": 57, "parents": [25, 0], "genome": "r(182,187) d(384) a(357,248) r(237,326) a(393,202)", "fitness": 0.0}
{"generation": 8, "position": 58, "parents": [25], "genome": "a(205,212) r(147,145) d(431) r(237,326) a(356,362)", "fitness": 0.0}
{"generation": 9, "position": 0, "parents": [18, 4], "genome": "d(154) a(189,174) r(451,473) a(213,206) a(1,2) r(290,230)", "fitness": 0.0}
{"generation": 9, "position": 1, "parents": [18, 4], "genome": "d(202) a(299,301) a(414,20) d(250) a(172,147) a(447,374) r(197,330) d(232) r(444,120) a(9,10) a(216,218) d(442) a(204,181) a(177,183) a(277,441) r(24,210) a(415,455) r(425,432) a(1,475)", "fitness": 0.0}
{"generation": 9, "position": 2, "parents": [18], "genome": "d(154) a(189,174) r(451,473) a(213,206) a(415,455) r(425,432) d(246)", "fitness": 0.0}
{"generation": 9, "position": 3, "parents": [4], "genome": "d(202) a(299,301) a(414,20) d(250) a(172,147) a(447,374) r(197,330) d(232) r(444,120) a(9,10) a(216,218) d(442) a(204,181) a(177,183) a(277,441) r(24,210) a(1,2) r(303,2)", "fitness": 0.0}
{"generation": 9, "position": 4, "parents": [36], "genome": "r(406,414) a(299,136) r(376,385) r(133,172) r(213,274) d(442) a(204,181) d(110) d(212) r(237,29) d(118) d(414)", "fitness": 0.0}
{"generation": 9, "position": 5, "parents": [10], "genome": "a(205,212) a(439,448) a(292,255) d(162) r(200,164) a(221,390) d(299) a(337,439) r(251,214) a(237,244)", "fitness": 0.0}
{"generation": 9, "position": 6, "parents": [19, 55], "genome": "a(397,273) r(202,194) a(396,374) r(212,172) a(299,301) a(414,20) d(250) a(172,147) a(447,374) r(197,330) d(232) r(444,120) a(9,10) a(238,113) a(278,257) r(470,1)", "fitness": 0.0}
{"generation": 9, "position": 7, "parents": [19, 55], "genome": "d(202) r(159,199) a(303,294) d(444) a(168,444) r(448,120) d(219)", "fitness": 0.0}
{"generation": 9, "position": 8, "parents": [19], "genome": "a(397,273) r(202,194) a(396,374) r(212,172) r(159,199) a(303,294) d(444) a(168,444) r(448,120) d(280)", "fitness": 0.0}
{"generation": 9, "position": 9, "parents": [55], "genome": "d(202) a(299,301) a(414,20) d(250) a(172,147) a(447,374) r(197,330) d(232) r(444,120) a(9,10) a(238,113) a(278,257) r(218,162)", "fitness": 0.0}
{"generation": 9, "position": 10, "parents": [17], "genome": "a(397,273) r(202,194) a(396,374) r(212,172) r(159,199) a(303,294) r(255,9) d(133) a(398,447) d(118)", "fitness": 0.0}
{"generation": 9, "position": 11, "parents": [29], "genome": "d(202) a(299,301) a(371,467) r(221,462) d(442) a(148,286) a(214,400)", "fitness": 0.0}
{"generation": 9, "position": 12, "parents": [41], "genome": "d(298) d(219) r(214,400) d(419) d(224) r(376,385) r(200,164) a(221,390) d(299) a(337,439) d(352) d(421)", "fitness": 0.0}
{"generation": 9, "position": 13, "parents": [6], "genome": "d(202) a(299,301) a(414,20) d(250) a(172,147) a(447,374) r(197,330) d(232) r(444,120) a(9,10) a(216,218) d(110) d(465) r(137,390) d(337) a(213,2)", "fitness": 0.0}
{"generation": 9, "position": 14, "parents": [32, 52], "genome": "d(202) r(444,120) a(9,10) a(238,113) a(327,351) d(390)", "fitness": 0.0}
{"generation": 9, "position": 15, "parents": [32, 52], "genome": "d(202) a(299,301) a(414,20) d(232) a(299,301) a(414,20) r(164,149) a(239,229) d(25) a(119,173) a(437,385) a(19,226) d(402)", "fitness": 0.0}
{"generation": 9, "position": 16, "parents": [32], "genome": "d(202) a(299,301) a(414,20) r(164,149) a(239,229) d(25) a(119,173) a(437,385) a(19,226) a(212,357)", "fitness": 0.0}
{"generation": 9, "position": 17, "parents": [52], "genome": "d(202) a(299,301) a(414,20) d(232) r(444,120) a(9,10) a(238,113) a(327,351) a(212,420)", "fitness": 0.0}
{"generation": 9, "position": 18, "parents": [37, 33], "genome": "a(205,212) r(147,145) d(431) r(292,37) d(244) r(214,420) d(180) r(358,136)", "fitness": 0.0}
{"generation": 9, "position": 19, "parents": [37, 33], "genome": "r(182,187) d(384) a(258,374) a(325,251) d(232) a(216,218) d(442) a(204,181) d(110) d(465) r(137,390) a(391,185) a(398,423)", "fitness": 0.0}
{"generation": 9, "position": 20, "parents": [37], "genome": "a(205,212) r(147,145) d(431) a(216,218) d(442) a(204,181) d(110) d(465) r(137,390) a(391,185) a(213,447)", "fitness": 0.0}
{"generation": 9, "position": 21, "parents": [33], "genome": "r(182,187) d(384) a(258,374) a(325,251) d(232) r(292,37) d(244) r(214,420) d(180) a(436,391)", "fitness": 0.0}
{"generation": 9, "position": 22, "parents": [40, 7], "genome": "a(397,273) r(434,413) r(213,202) r(11,35) d(384) a(357,248) d(115) a(212,175) r(391,113) d(451) r(214,400) d(419) a(216,218) d(442) a(204,181) d(442) a(204,181) a(177,183) a(277,441) r(24,210) r(215,289) a(200,2)", "fitness": 0.0}
{"generation": 9, "position": 23, "parents": [40, 7], "genome": "a(205,212) r(147,145) d(431) r(436,274) r(324,162) d(277) r(432,396) a(119,381)", "fitness": 0.0}
{"generation": 9, "position": 24, "parents": [40], "genome": "a(397,273) r(434,413) r(213,202) r(11,35) d(384) a(357,248) d(115) a(212,175) r(391,113) d(451) r(214,400) d(419) r(436,274) r(324,162) d(277) r(432,396) r(185,148)", "fitness": 0.0}
{"generation": 9, "position": 25, "parents": [7], "genome": "a(205,212) r(147,145) d(431) a(216,218) d(442) a(204,181) d(442) a(204,181) a(177,183) a(277,441) r(24,210) r(215,289) r(380,396)", "fitness": 0.0}
{"generation": 9, "position": 26, "parents": [3], "genome": "r(406,414) a(299,136) r(147,145) d(431) a(216,218) a(290,349) a(239,178) d(157) r(462,276)", "fitness": 0.0}
{"generation": 9, "position": 27, "parents": [5], "genome": "d(202) a(299,301) a(414,20) r(164,149) a(239,229) d(25) r(436,274) a(357,299) d(402) a(237,255) a(10,471)", "fitness": 0.0}
{"generation": 9, "position": 28, "parents": [10], "genome": "a(205,212) a(439,448) a(292,255) d(162) r(200,164) a(221,390) d(299) a(337,439) r(251,214) d(475)", "fitness": 0.0}
{"generation": 9, "position": 29, "parents": [52], "genome": "d(202) a(299,301) a(414,20) d(232) r(444,120) a(9,10) a(238,113) a(327,351) r(137,294)", "fitness": 0.0}
{"generation": 9, "position": 30, "parents": [48, 46], "genome": "a(205,212) r(147,145) d(431) a(216,218) d(442) a(204,181) a(177,183) a(277,441) r(227,233) d(455) a(273,172)", "fitness": 0.0}
{"generation": 9, "position": 31, "parents": [48, 46], "genome": "a(205,212) a(439,448) a(292,255) d(162) a(289,343) a(371,467) d(384) d(325) r(130,119) a(219,171) r(337,406) r(297,415) r(244,20)", "fitness": 0.0}
{"generation": 9, "position": 32, "parents": [48], "genome": "a(205,212) r(147,145) d(431) a(216,218) d(442) a(204,181) a(177,183) a(277,441) r(227,233) d(455) a(127,129)", "fitness": 0.0}
{"generation": 9, "position": 33, "parents": [46], "genome": "a(205,212) a(439,448) a(292,255) d(162) a(289,343) a(371,467) d(384) d(325) r(130,119) a(219,171) r(337,406) r(297,415) a(213,147)", "fitness": 0.0}
{"generation": 9, "position": 34, "parents": [16], "genome": "a(397,273) r(434,413) r(213,202) r(11,35) d(384) a(357,248) d(115) a(212,175) r(391,113) d(451) r(214,400) d(419) r(436,274) r(324,162) d(277) d(158) a(448,185)", "fitness": 0.0}
{"generation": 9, "position": 35, "parents": [58], "genome": "a(205,212) r(147,145) d(431) r(237,326) a(356,362) a(400,275)", "fitness": 0.0}
{"generation": 9, "position": 36, "parents": [51, 21], "genome": "a(205,212) r(147,145) d(431) a(216,218) d(442) a(204,181) a(177,183) r(292,37) d(244) r(214,198) r(324,238) r(435,330)", "fitness": 0.0}
{"generation": 9, "position": 37, "parents": [51, 21], "genome": "d(202) a(277,441) a(235,291) r(380,447) r(399,294)", "fitness": 0.0}
{"generation": 9, "position": 38, "parents": [51], "genome": "a(205,212) r(147,145) d(431) a(216,218) d(442) a(204,181) a(177,183) a(277,441) a(235,291) r(380,447) r(327,350)", "fitness": 0.0}
{"generation": 9, "position": 39, "parents": [21], "genome": "d(202) r(292,37) d(244) r(214,198) r(324,238) r(241,384)", "fitness": 0.0}
{"generation": 9, "position": 40, "parents": [45, 9], "genome": "a(205,212) r(147,145) d(431) d(384) d(431) a(216,218) d(442) a(204,181) d(110) d(465) r(137,390) d(238) a(443,171)", "fitness": 0.0}
{"generation": 9, "position": 41, "parents": [45, 9], "genome": "a(205,212) r(147,145) d(325) r(130,119) a(219,171) r(337,406) a(2,467) a(226,413)", "fitness": 0.0}
{"generation": 9, "position": 42, "parents": [45], "genome": "a(205,212) r(147,145) d(431) d(384) d(325) r(130,119) a(219,171) r(337,406) a(2,467) a(172,52)", "fitness": 0.0}
{"generation": 9, "position": 43, "parents": [9], "genome": "a(205,212) r(147,145) d(431) a(216,218) d(442) a(204,181) d(110) d(465) r(137,390) d(238) d(223)", "fitness": 0.0}
{"generation": 9, "position": 44, "parents": [54, 16], "genome": "d(202) r(391,113) d(451) r(214,400) d(419) r(436,274) r(324,162) d(277) d(158) a(274,173)", "fitness": 0.0}
{"generation": 9, "position": 45, "parents": [54, 16], "genome": "a(397,273) r(434,413) r(213,202) r(11,35) d(384) a(357,248) d(115) a(212,175) a(299,301) a(414,20) r(164,149) a(239,229) d(25) a(119,173) a(437,385) r(334,278) a(404,381)", "fitness": 0.0}
{"generation": 9, "position": 46, "parents": [54], "genome": "d(202) a(299,301) a(414,20) r(164,149) a(239,229) d(25) a(119,173) a(437,385) r(334,278) a(131,281)", "fitness": 0.0}
{"generation": 9, "position": 47, "parents": [16], "genome": "a(397,273) r(434,413) r(213,202) r(11,35) d(384) a(357,248) d(115) a(212,175) r(391,113) d(451) r(214,400) d(419) r(436,274) r(324,162) d(277) d(158) d(238)", "fitness": 0.0}
{"generation": 9, "position": 48, "parents": [21], "genome": "d(202) r(292,37) d(244) r(214,198) r(324,238) r(119,385)", "fitness": 0.0}
{"generation": 9, "position": 49, "parents": [9], "genome": "a(205,212) r(147,145) d(431) a(216,218) d(442) a(204,181) d(110) d(465) r(137,390) d(238) a(180,471)", "fitness": 0.0}
{"generation": 9, "position": 50, "parents": [20], "genome": "d(154) a(189,174) a(325,251) d(232) a(299,301) a(414,20) d(250) a(172,147) a(447,374) r(197,330) d(232) r(444,120) a(9,10) a(216,218) d(442) a(204,181) a(177,183) a(277,441) r(24,210) a(226,19) d(380)", "fitness": 0.0}
{"generation": 9, "position": 51, "parents": [37], "genome": "a(205,212) r(147,145) d(431) a(216,218) d(442) a(204,181) d(110) d(465) r(137,390) a(391,185) r(213,374)", "fitness": 0.0}
{"generation": 9, "position": 52, "parents": [12], "genome": "a(205,212) a(439,448) a(292,255) d(162) a(289,343) a(371,467) d(384) d(325) r(130,119) a(212,175) r(391,113) r(297,294) d(353) r(451,202) d(323) d(401)", "fitness": 0.0}
{"generation": 9, "position": 53, "parents": [2], "genome": "a(397,273) r(202,194) a(396,374) r(212,172) r(159,199) a(299,301) a(414,20) r(164,149) a(214,29) d(212) r(212,172) d(115) a(212,175) r(391,113) r(297,294) d(249) d(435) a(433,462) d(214)", "fitness": 0.0}
{"generation": 9, "position": 54, "parents": [20, 14], "genome": "d(154) a(189,174) a(325,251) d(232) a(299,301) a(414,20) d(250) a(172,147) a(447,374) r(197,330) d(232) r(444,120) a(9,10) a(216,218) d(442) a(204,181) a(177,183) a(277,441) r(24,210) a(226,19) d(115) a(212,175) r(391,113) d(451) r(214,400) d(419) d(133) a(212,272) d(207)", "fitness": 0.0}
{"generation": 9, "position": 55, "parents": [20, 14], "genome": "a(397,273) r(434,413) r(213,202) r(11,35) d(384) a(357,248) d(416)", "fitness": 0.0}
{"generation": 9, "position": 56, "parents": [20], "genome": "d(154) a(189,174) a(325,251) d(232) a(299,301) a(414,20) d(250) a(172,147) a(447,374) r(197,330) d(232) r(444,120) a(9,10) a(216,218) d(442) a(204,181) a(177,183) a(277,441) r(24,210) a(226,19) d(208)", "fitness": 0.0}
{"generation": 9, "position": 57, "parents": [14], "genome": "a(397,273) r(434,413) r(213,202) r(11,35) d(384) a(357,248) d(115) a(212,175) r(391,113) d(451) r(214,400) d(419) d(133) a(212,272) d(25)", "fitness": 0.0}
{"generation": 9, "position": 58, "parents": [22, 9], "genome": "d(154) a(189,174) a(325,251) d(232) r(292,37) d(244) r(214,198) d(471) d(442) a(204,181) d(110) d(465) r(137,390) d(238) d(152)", "fitness": 0.0}
{"generation": 9, "position": 59, "parents": [22, 9], "genome": "a(205,212) r(147,145) d(431) a(216,218) a(117,31)", "fitness": 0.0}
{"generation": 9, "position": 60, "parents": [22], "genome": "d(154) a(189,174) a(325,251) d(232) r(292,37) d(244) r(214,198) d(471) a(224,216)", "fitness": 0.0}
{"generation": 10, "position": 0, "parents": [23], "genome": "a(205,212) r(147,145) d(431) r(436,274) r(324,162) d(277) r(432,396) a(119,381) a(289,244)", "fitness": 0.0}
{"generation": 10, "position": 1, "parents": [10], "genome": "a(397,273) r(202,194) a(396,374) r(212,172) r(159,199) a(303,294) r(255,9) d(133) a(398,447) d(118) r(256,352)", "fitness": 0.0}
{"generation": 10, "position": 2, "parents": [39], "genome": "d(202) r(292,37) d(244) r(214,198) r(324,238) r(241,384) a(253,252)", "fitness": 0.0}
{"generation": 10, "position": 3, "parents": [19], "genome": "r(182,187) d(384) a(258,374) a(325,251) d(232) a(216,218) d(442) a(204,181) d(110) d(465) r(137,390) a(391,185) a(398,423) r(431,391)", "fitness": 0.0}
{"generation": 10, "position": 4, "parents": [29, 61], "genome": "d(202) a(299,301) a(414,20) d(232) r(444,120) a(9,10) a(238,113) a(213,330)", "fitness": 0.0}
{"generation": 10, "position": 5, "parents": [29, 61], "genome": "a(205,212) r(147,145) d(431) a(216,218) d(442) a(204,181) d(110) d(465) r(137,390) d(238) a(346,173) a(327,351) r(137,294) r(154,202)", "fitness": 0.0}
{"generation": 10, "position": 6, "parents": [29], "genome": "d(202) a(299,301) a(414,20) d(232) r(444,120) a(9,10) a(238,113) a(327,351) r(137,294) d(393)", "fitness": 0.0}
{"generation": 10, "position": 7, "parents": [61], "genome": "a(205,212) r(147,145) d(431) a(216,218) d(442) a(204,181) d(110) d(465) r(137,390) d(238) a(346,173) r(130,127)", "fitness": 0.0}
{"generation": 10, "position": 8, "parents": [31], "genome": "a(205,212) a(439,448) a(292,255) d(162) a(289,343) a(371,467) d(384) d(325) r(130,119) a(219,171) r(337,406) r(297,415) r(244,20) d(473)", "fitness": 0.0}
{"generation": 10, "position": 9, "parents": [30], "genome": "a(205,212) r(147,145) d(431) a(216,218) d(442) a(204,181) a(177,183) a(277,441) r(227,233) d(455) a(273,172) r(212,149)", "fitness": 0.0}
{"generation": 10, "position": 10, "parents": [9, 1], "genome": "d(202) a(299,301) a(414,20) d(250) a(172,147) a(447,374) a(172,147) a(447,374) r(197,330) d(232) r(444,120) a(9,10) a(216,218) d(442) a(204,181) a(177,183) a(277,441) r(24,210) a(415,455) r(425,432) a(1,475) d(1)", "fitness": 0.0}
{"generation": 10, "position": 11, "parents": [9, 1], "genome": "d(202) a(299,301) a(414,20) d(250) r(197,330) d(232) r(444,120) a(9,10) a(238,113) a(278,257) r(218,162) a(290,258)", "fitness": 0.0}
{"generation": 10, "position": 12, "parents": [9], "genome": "d(202) a(299,301) a(414,20) d(250) a(172,147) a(447,374) r(197,330) d(232) r(444,120) a(9,10) a(238,113) a(278,257) r(218,162) a(413,467)", "fitness": 0.0}
{"generation": 10, "position": 13, "parents": [1], "genome": "d(202) a(299,301) a(414,20) d(250) a(172,147) a(447,374) r(197,330) d(232) r(444,120) a(9,10) a(216,218) d(442) a(204,181) a(177,183) a(277,441) r(24,210) a(415,455) r(425,432) a(1,475) a(473,390)", "fitness": 0.0}
{"generation": 10, "position": 14, "parents": [59, 56], "genome": "a(205,212) r(147,145) a(226,19) d(208) a(469,469)", "fitness": 0.0}
{"generation": 10, "position": 15, "parents": [59, 56], "genome": "d(154) a(189,174) a(325,251) d(232) a(299,301) a(414,20) d(250) a(172,147) a(447,374) r(197,330) d(232) r(444,120) a(9,10) a(216,218) d(442) a(204,181) a(177,183) a(277,441) r(24,210) d(431) a(216,218) a(117,31) a(136,275)", "fitness": 0.0}
{"generation": 10, "position": 16, "parents": [59], "genome": "a(205,212) r(147,145) d(431) a(216,218) a(117,31) a(208,168)", "fitness": 0.0}
{"generation": 10, "position": 17, "parents": [56], "genome": "d(154) a(189,174) a(325,251) d(232) a(299,301) a(414,20) d(250) a(172,147) a(447,374) r(197,330) d(232) r(444,120) a(9,10) a(216,218) d(442) a(204,181) a(177,183) a(277,441) r(24,210) a(226,19) d(208) d(390)", "fitness": 0.0}
{"generation": 10, "position": 18, "parents": [24, 23], "genome": "a(397,273) r(434,413) r(213,202) r(11,35) d(384) a(357,248) d(115) a(212,175) r(391,113) d(451) r(214,400) d(419) r(436,274) r(324,162) d(277) r(147,145) d(431) r(436,274) r(324,162) d(277) r(432,396) a(119,381) a(168,415)", "fitness": 0.0}
{"generation": 10, "position": 19, "parents": [24, 23], "genome": "a(205,212) r(432,396) r(185,148) d(202)", "fitness": 0.0}
{"generation": 10, "position": 20, "parents": [24], "genome": "a(397,273) r(434,413) r(213,202) r(11,35) d(384) a(357,248) d(115) a(212,175) r(391,113) d(451) r(214,400) d(419) r(436,274) r(324,162) d(277) r(432,396) r(185,148) d(471)", "fitness": 0.0}
{"generation": 10, "position": 21, "parents": [23], "genome": "a(205,212) r(147,145) d(431) r(436,274) r(324,162) d(277) r(432,396) a(119,381) d(340)", "fitness": 0.0}
{"generation": 10, "position": 22, "parents": [1], "genome": "d(202) a(299,301) a(414,20) d(250) a(172,147) a(447,374) r(197,330) d(232) r(444,120) a(9,10) a(216,218) d(442) a(204,181) a(177,183) a(277,441) r(24,210) a(415,455) r(425,432) a(1,475) d(402)", "fitness": 0.0}
{"generation": 10, "position": 23, "parents": [8], "genome": "a(397,273) r(202,194) a(396,374) r(212,172) r(159,199) a(303,294) d(444) a(168,444) r(448,120) d(280) r(374,289)", "fitness": 0.0}
{"generation": 10, "position": 24, "parents": [7, 1], "genome": "d(202) r(159,199) a(303,294) d(444) a(168,444) r(448,120) a(415,455) r(425,432) a(1,475) r(188,276)", "fitness": 0.0}
{"generation": 10, "position": 25, "parents": [7, 1], "genome": "d(202) a(299,301) a(414,20) d(250) a(172,147) a(447,374) r(197,330) d(232) r(444,120) a(9,10) a(216,218) d(442) a(204,181) a(177,183) a(277,441) r(24,210) d(219) a(323,355)", "fitness": 0.0}
{"generation": 10, "position": 26, "parents": [7], "genome": "d(202) r(159,199) a(303,294) d(444) a(168,444) r(448,120) d(219) d(210)", "fitness": 0.0}
{"generation": 10, "position": 27, "parents": [1], "genome": "d(202) a(299,301) a(414,20) d(250) a(172,147) a(447,374) r(197,330) d(232) r(444,120) a(9,10) a(216,218) d(442) a(204,181) a(177,183) a(277,441) r(24,210) a(415,455) r(425,432) a(1,475) a(465,197)", "fitness": 0.0}
{"generation": 10, "position": 28, "parents": [41, 26], "genome": "a(205,212) r(147,145) d(325) r(130,119) a(219,171) r(337,406) a(2,467) a(226,413) r(147,145) d(431) a(216,218) a(290,349) a(239,178) d(157) r(462,276) d(289)", "fitness": 0.0}
{"generation": 10, "position": 29, "parents": [41, 26], "genome": "r(406,414) a(299,136) a(463,37)", "fitness": 5.0}
{"generation": 10, "position": 30, "parents": [41], "genome": "a(205,212) r(147,145) d(325) r(130,119) a(219,171) r(337,406) a(2,467) a(226,413) d(212)", "fitness": 0.0}
{"generation": 10, "position": 31, "parents": [26], "genome": "r(406,414) a(299,136) r(147,145) d(431) a(216,218) a(290,349) a(239,178) d(157) r(462,276) a(173,275)", "fitness": 0.0}
{"generation": 10, "position": 32, "parents": [57, 53], "genome": "a(397,273) r(434,413) r(213,202) r(11,35) d(384) a(357,248) d(115) a(212,175) a(299,301) a(414,20) r(164,149) a(214,29) d(212) r(212,172) d(115) a(212,175) r(391,113) r(297,294) d(249) d(435) a(433,462) d(214) d(358)", "fitness": 0.0}
{"generation": 10, "position": 33, "parents": [57, 53], "genome": "a(397,273) r(202,194) a(396,374) r(212,172) r(159,199) r(391,113) d(451) r(214,400) d(419) d(133) a(212,272) d(25) d(117)", "fitness": 0.0}
{"generation": 10, "position": 34, "parents": [57], "genome": "a(397,273) r(434,413) r(213,202) r(11,35) d(384) a(357,248) d(115) a(212,175) r(391,113) d(451) r(214,400) d(419) d(133) a(212,272) d(25) r(159,210)", "fitness": 0.0}
{"generation": 10, "position": 35, "parents": [53], "genome": "a(397,273) r(202,194) a(396,374) r(212,172) r(159,199) a(299,301) a(414,20) r(164,149) a(214,29) d(212) r(212,172) d(115) a(212,175) r(391,113) r(297,294) d(249) d(435) a(433,462) d(214) a(233,133)", "fitness": 0.0}
{"generation": 10, "position": 36, "parents": [15, 19], "genome": "d(202) a(299,301) a(414,20) d(232) a(299,301) a(216,218) d(442) a(204,181) d(110) d(465) r(137,390) a(391,185) a(398,423) r(21,53)", "fitness": 0.0}
{"generation": 10, "position": 37, "parents": [15, 19], "genome": "r(182,187) d(384) a(258,374) a(325,251) d(232) a(414,20) r(164,149) a(239,229) d(25) a(119,173) a(437,385) a(19,226) d(402) r(212,147)", "fitness": 0.0}
{"generation": 10, "position": 38, "parents": [15], "genome": "d(202) a(299,301) a(414,20) d(232) a(299,301) a(414,20) r(164,149) a(239,229) d(25) a(119,173) a(437,385) a(19,226) d(402) r(353,420)", "fitness": 0.0}
{"generation": 10, "position": 39, "parents": [19], "genome": "r(182,187) d(384) a(258,374) a(325,251) d(232) a(216,218) d(442) a(204,181) d(110) d(465) r(137,390) a(391,185) a(398,423) a(333,413)", "fitness": 0.0}
{"generation": 10, "position": 40, "parents": [15, 11], "genome": "d(202) a(299,301) a(414,20) d(232) a(299,301) a(414,20) r(164,149) a(239,229) d(25) a(457,1)", "fitness": 0.0}
{"generation": 10, "position": 41, "parents": [15, 11], "genome": "d(202) a(299,301) a(371,467) r(221,462) d(442) a(148,286) a(214,400) a(119,173) a(437,385) a(19,226) d(402) a(201,358)", "fitness": 0.0}
{"generation": 10, "position": 42, "parents": [15], "genome": "d(202) a(299,301) a(414,20) d(232) a(299,301) a(414,20) r(164,149) a(239,229) d(25) a(119,173) a(437,385) a(19,226) d(402) d(399)", "fitness": 0.0}
{"generation": 10, "position": 43, "parents": [11], "genome": "d(202) a(299,301) a(371,467) r(221,462) d(442) a(148,286) a(214,400) r(423,409)", "fitness": 0.0}
{"generation": 10, "position": 44, "parents": [41], "genome": "a(205,212) r(147,145) d(325) r(130,119) a(219,171) r(337,406) a(2,467) a(226,413) r(402,172)", "fitness": 0.0}
{"generation": 10, "position": 45, "parents": [47], "genome": "a(397,273) r(434,413) r(213,202) r(11,35) d(384) a(357,248) d(115) a(212,175) r(391,113) d(451) r(214,400) d(419) r(436,274) r(324,162) d(277) d(158) d(238) d(1)", "fitness": 0.0}
{"generation": 10, "position": 46, "parents": [40], "genome": "a(205,212) r(147,145) d(431) d(384) d(431) a(216,218) d(442) a(204,181) d(110) d(465) r(137,390) d(238) a(443,171) a(330,21)", "fitness": 0.0}
{"generation": 10, "position": 47, "parents": [26], "genome": "r(406,414) a(299,136) r(147,145) d(431) a(216,218) a(290,349) a(239,178) d(157) r(462,276) a(419,136)", "fitness": 0.0}
{"generation": 10, "position": 48, "parents": [20], "genome": "a(205,212) r(147,145) d(431) a(216,218) d(442) a(204,181) d(110) d(465) r(137,390) a(391,185) a(213,447) r(333,253)", "fitness": 0.0}
{"generation": 10, "position": 49, "parents": [32], "genome": "a(205,212) r(147,145) d(431) a(216,218) d(442) a(204,181) a(177,183) a(277,441) r(227,233) d(455) a(127,129) a(219,446)", "fitness": 0.0}
{"generation": 10, "position": 50, "parents": [24], "genome": "a(397,273) r(434,413) r(213,202) r(11,35) d(384) a(357,248) d(115) a(212,175) r(391,113) d(451) r(214,400) d(419) r(436,274) r(324,162) d(277) r(432,396) r(185,148) r(199,323)", "fitness": 0.0}
{"generation": 10, "position": 51, "parents": [41], "genome": "a(205,212) r(147,145) d(325) r(130,119) a(219,171) r(337,406) a(2,467) a(226,413) r(385,430)", "fitness": 0.0}
{"generation": 10, "position": 52, "parents": [11], "genome": "d(202) a(299,301) a(371,467) r(221,462) d(442) a(148,286) a(214,400) d(11)", "fitness": 0.0}
{"generation": 10, "position": 53, "parents": [47], "genome": "a(397,273) r(434,413) r(213,202) r(11,35) d(384) a(357,248) d(115) a(212,175) r(391,113) d(451) r(214,400) d(419) r(436,274) r(324,162) d(277) d(158) d(238) a(449,162)", "fitness": 0.0}
{"generation": 10, "position": 54, "parents": [54, 38], "genome": "d(154) a(189,174) a(325,251) d(232) a(299,301) a(414,20) d(250) a(172,147) a(447,374) r(197,330) d(232) r(444,120) a(9,10) a(216,218) d(442) a(204,181) a(177,183) a(277,441) r(24,210) a(226,19) d(115) a(212,175) r(391,113) d(451) r(380,447) r(327,350) d(325)", "fitness": 0.0}
{"generation": 10, "position": 55, "parents": [54, 38], "genome": "a(205,212) r(147,145) d(431) a(216,218) d(442) a(204,181) a(177,183) a(277,441) a(235,291) r(214,400) d(419) d(133) a(212,272) d(207) a(212,205)", "fitness": 0.0}
{"generation": 10, "position": 56, "parents": [54], "genome": "d(154) a(189,174) a(325,251) d(232) a(299,301) a(414,20) d(250) a(172,147) a(447,374) r(197,330) d(232) r(444,120) a(9,10) a(216,218) d(442) a(204,181) a(177,183) a(277,441) r(24,210) a(226,19) d(115) a(212,175) r(391,113) d(451) r(214,400) d(419) d(133) a(212,272) d(207) d(298)", "fitness": 0.0}
{"generation": 10, "position": 57, "parents": [38], "genome": "a(205,212) r(147,145) d(431) a(216,218) d(442) a(204,181) a(177,183) a(277,441) a(235,291) r(380,447) r(327,350) d(219)", "fitness": 0.0}
{"generation": 10, "position": 58, "parents": [13], "genome": "d(202) a(299,301) a(414,20) d(250) a(172,147) a(447,374) r(197,330) d(232) r(444,120) a(9,10) a(216,218) d(110) d(465) r(137,390) d(337) a(213,2) r(111,276)", "fitness": 0.0}