[meta]
{"program": "genprog-3.0", "problem": {"ideal_fitness": "12", "type": "repair", "name": "ultrix-look", "enclosure": {"1": 0, "2": 0, "3": 0, "4": 0, "5": 0, "6": 5, "7": 6, "8": 7, "11": 5, "12": 11, "14": 0, "16": 0, "18": 0, "19": 0, "20": 19, "21": 19, "26": 11, "27": 5, "28": 5, "29": 0, "30": 29, "31": 29, "32": 0, "33": 32, "34": 32, "35": 32, "36": 0, "37": 0, "38": 37, "39": 37, "40": 37, "41": 0, "42": 0, "43": 0, "44": 0, "45": 0, "46": 45, "47": 45, "48": 45, "49": 48, "50": 48, "51": 48, "52": 51, "53": 52, "56": 45, "57": 45, "58": 57, "60": 45, "61": 45, "63": 0, "65": 63, "66": 0, "68": 0, "71": 45, "72": 0, "73": 0, "74": 73, "75": 73, "76": 75, "78": 73, "79": 73, "80": 79, "81": 79, "82": 73, "83": 73, "85": 0, "86": 0, "90": 0, "91": 90, "92": 90, "93": 92, "95": 90, "96": 90, "98": 0, "101": 0, "102": 0, "103": 102, "104": 103, "106": 102, "107": 106, "108": 106, "109": 102, "110": 102, "111": 0, "112": 111, "113": 111, "114": 113, "115": 113, "116": 115, "117": 115, "118": 113, "119": 111, "120": 0, "121": 0, "122": 121, "123": 121, "124": 123, "125": 123, "126": 121, "128": 126, "129": 121, "130": 121, "131": 121, "132": 0, "133": 0, "134": 0, "135": 134, "136": 134, "137": 134, "138": 134, "139": 134, "140": 139, "142": 139, "143": 142, "145": 142, "146": 134, "147": 146, "148": 146, "149": 148, "150": 148, "151": 148, "152": 151, "154": 146, "155": 134, "156": 155, "157": 155, "158": 157, "159": 157, "160": 155, "161": 134, "162": 134, "163": 0}}, "version": "0.0.2", "seed": 1, "algorithm": {"representation": "patch", "type": "genetic", "name": "ALGORITHM-NAME"}}

[data]
{"generation": 0, "position": 0, "parents": [], "genome": "d(29)", "fitness": 4.0}
{"generation": 0, "position": 1, "parents": [], "genome": "d(36)", "fitness": 0.0}
{"generation": 0, "position": 2, "parents": [], "genome": "r(38,47)", "fitness": 4.0}
{"generation": 0, "position": 3, "parents": [], "genome": "r(39,73)", "fitness": 4.0}
{"generation": 0, "position": 4, "parents": [], "genome": "d(38)", "fitness": 4.0}
{"generation": 0, "position": 5, "parents": [], "genome": "d(5)", "fitness": 4.0}
{"generation": 0, "position": 6, "parents": [], "genome": "a(39,49)", "fitness": 4.0}
{"generation": 0, "position": 7, "parents": [], "genome": "a(38,108)", "fitness": 4.0}
{"generation": 0, "position": 8, "parents": [], "genome": "a(39,35)", "fitness": 4.0}
{"generation": 0, "position": 9, "parents": [], "genome": "a(32,35)", "fitness": 4.0}
{"generation": 0, "position": 10, "parents": [], "genome": "a(39,37)", "fitness": 4.0}
{"generation": 0, "position": 11, "parents": [], "genome": "a(39,46)", "fitness": 4.0}
{"generation": 0, "position": 12, "parents": [], "genome": "d(38)", "fitness": 4.0}
{"generation": 0, "position": 13, "parents": [], "genome": "r(38,124)", "fitness": 4.0}
{"generation": 0, "position": 14, "parents": [], "genome": "d(37)", "fitness": 4.0}
{"generation": 0, "position": 15, "parents": [], "genome": "r(38,79)", "fitness": 4.0}
{"generation": 0, "position": 16, "parents": [], "genome": "a(39,154)", "fitness": 4.0}
{"generation": 0, "position": 17, "parents": [], "genome": "d(38)", "fitness": 4.0}
{"generation": 0, "position": 18, "parents": [], "genome": "r(29,65)", "fitness": 4.0}
{"generation": 0, "position": 19, "parents": [], "genome": "r(39,31)", "fitness": 4.0}
{"generation": 0, "position": 20, "parents": [], "genome": "r(39,47)", "fitness": 4.0}
{"generation": 0, "position": 21, "parents": [], "genome": "d(36)", "fitness": 0.0}
{"generation": 0, "position": 22, "parents": [], "genome": "d(6)", "fitness": 0.0}
{"generation": 0, "position": 23, "parents": [], "genome": "d(31)", "fitness": 4.0}
{"generation": 0, "position": 24, "parents": [], "genome": "r(38,108)", "fitness": 4.0}
{"generation": 0, "position": 25, "parents": [], "genome": "a(37,46)", "fitness": 4.0}
{"generation": 0, "position": 26, "parents": [], "genome": "a(39,91)", "fitness": 4.0}
{"generation": 0, "position": 27, "parents": [], "genome": "r(39,43)", "fitness": 4.0}
{"generation": 0, "position": 28, "parents": [], "genome": "d(39)", "fitness": 4.0}
{"generation": 0, "position": 29, "parents": [], "genome": "a(39,48)", "fitness": 4.0}
{"generation": 0, "position": 30, "parents": [], "genome": "a(38,101)", "fitness": 4.0}
{"generation": 0, "position": 31, "parents": [], "genome": "r(32,5)", "fitness": 0.0}
{"generation": 0, "position": 32, "parents": [], "genome": "d(38)", "fitness": 4.0}
{"generation": 0, "position": 33, "parents": [], "genome": "r(36,39)", "fitness": 0.0}
{"generation": 0, "position": 34, "parents": [], "genome": "d(38)", "fitness": 4.0}
{"generation": 0, "position": 35, "parents": [], "genome": "d(5)", "fitness": 4.0}
{"generation": 0, "position": 36, "parents": [], "genome": "r(39,42)", "fitness": 4.0}
{"generation": 0, "position": 37, "parents": [], "genome": "r(38,101)", "fitness": 4.0}
{"generation": 0, "position": 38, "parents": [], "genome": "r(39,42)", "fitness": 4.0}
{"generation": 0, "position": 39, "parents": [], "genome": "original", "fitness": 4.0}
{"generation": 1, "position": 0, "parents": [39], "genome": "r(39,66)", "fitness": 4.0}
{"generation": 1, "position": 1, "parents": [21], "genome": "d(36) r(38,104)", "fitness": 0.0}
{"generation": 1, "position": 2, "parents": [16, 21], "genome": "a(39,154) r(36,39)", "fitness": 0.0}
{"generation": 1, "position": 3, "parents": [16, 21], "genome": "d(36) a(38,163)", "fitness": 12.0}
{"generation": 1, "position": 4, "parents": [16], "genome": "a(39,154) r(37,49)", "fitness": 4.0}
{"generation": 1, "position": 5, "parents": [21], "genome": "d(36) a(29,76)", "fitness": 0.0}
{"generation": 1, "position": 6, "parents": [1], "genome": "d(36) r(31,83)", "fitness": 0.0}
{"generation": 1, "position": 7, "parents": [33], "genome": "r(36,39) a(39,41)", "fitness": 0.0}
{"generation": 1, "position": 8, "parents": [6, 21], "genome": "a(39,49) d(36)", "fitness": 0.0}
{"generation": 1, "position": 9, "parents": [6, 21], "genome": "d(36) r(39,46)", "fitness": 0.0}
{"generation": 1, "position": 10, "parents": [6], "genome": "a(39,49) a(38,44)", "fitness": 4.0}
{"generation": 1, "position": 11, "parents": [21], "genome": "d(36) a(31,90)", "fitness": 0.0}
{"generation": 1, "position": 12, "parents": [34], "genome": "d(38) r(5,125)", "fitness": 4.0}
{"generation": 1, "position": 13, "parents": [9], "genome": "a(32,35) r(39,31)", "fitness": 4.0}
{"generation": 1, "position": 14, "parents": [13], "genome": "r(38,124) r(31,72)", "fitness": 0.0}
{"generation": 1, "position": 15, "parents": [33], "genome": "r(36,39) d(38)", "fitness": 0.0}
{"generation": 1, "position": 16, "parents": [8, 31], "genome": "a(39,35) a(38,50)", "fitness": 4.0}
{"generation": 1, "position": 17, "parents": [8, 31], "genome": "r(32,5) a(5,45)", "fitness": 0.0}
{"generation": 1, "position": 18, "parents": [8], "genome": "a(39,35) r(38,78)", "fitness": 4.0}
{"generation": 1, "position": 19, "parents": [31], "genome": "r(32,5) r(38,101)", "fitness": 12.0}
{"generation": 1, "position": 20, "parents": [10, 12], "genome": "a(39,37) d(38)", "fitness": 4.0}
{"generation": 1, "position": 21, "parents": [10, 12], "genome": "d(38) d(32)", "fitness": 0.0}
{"generation": 1, "position": 22, "parents": [10], "genome": "a(39,37) d(39)", "fitness": 4.0}
{"generation": 1, "position": 23, "parents": [12], "genome": "d(38) d(32)", "fitness": 0.0}
{"generation": 1, "position": 24, "parents": [36], "genome": "r(39,42) d(38)", "fitness": 4.0}
{"generation": 1, "position": 25, "parents": [13], "genome": "r(38,124) d(39)", "fitness": 4.0}
{"generation": 1, "position": 26, "parents": [31, 13], "genome": "r(32,5) d(38)", "fitness": 0.0}
{"generation": 1, "position": 27, "parents": [31, 13], "genome": "r(38,124) a(7,36)", "fitness": 4.0}
{"generation": 1, "position": 28, "parents": [31], "genome": "r(32,5) a(38,32)", "fitness": 0.0}
{"generation": 1, "position": 29, "parents": [13], "genome": "r(38,124) a(32,128)", "fitness": 4.0}
{"generation": 1, "position": 30, "parents": [33, 36], "genome": "r(36,39) d(37)", "fitness": 0.0}
{"generation": 1, "position": 31, "parents": [33, 36], "genome": "r(39,42) d(38)", "fitness": 4.0}
{"generation": 1, "position": 32, "parents": [33], "genome": "r(36,39) a(5,83)", "fitness": 0.0}
{"generation": 1, "position": 33, "parents": [36], "genome": "r(39,42) d(32)", "fitness": 0.0}
{"generation": 1, "position": 34, "parents": [23], "genome": "d(31) a(37,40)", "fitness": 4.0}
{"generation": 1, "position": 35, "parents": [5], "genome": "d(5) r(39,96)", "fitness": 4.0}
{"generation": 1, "position": 36, "parents": [9, 31], "genome": "a(32,35) d(39)", "fitness": 4.0}
{"generation": 1, "position": 37, "parents": [9, 31], "genome": "r(32,5) a(38,80)", "fitness": 0.0}
{"generation": 1, "position": 38, "parents": [9], "genome": "a(32,35) a(5,5)", "fitness": 4.0}
{"generation": 1, "position": 39, "parents": [31], "genome": "r(32,5) a(39,49)", "fitness": 0.0}
{"generation": 1, "position": 40, "parents": [26, 32], "genome": "a(39,91) r(38,91)", "fitness": 4.0}
{"generation": 1, "position": 41, "parents": [26, 32], "genome": "d(38) r(37,76)", "fitness": 4.0}
{"generation": 1, "position": 42, "parents": [26], "genome": "a(39,91) r(39,66)", "fitness": 4.0}
{"generation": 1, "position": 43, "parents": [32], "genome": "d(38) a(39,145)", "fitness": 4.0}
{"generation": 1, "position": 44, "parents": [25, 28], "genome": "a(37,46) d(38)", "fitness": 4.0}
{"generation": 1, "position": 45, "parents": [25, 28], "genome": "d(39) r(38,82)", "fitness": 4.0}
{"generation": 1, "position": 46, "parents": [25], "genome": "a(37,46) a(5,65)", "fitness": 4.0}
{"generation": 1, "position": 47, "parents": [28], "genome": "d(39) r(37,104)", "fitness": 4.0}
{"generation": 1, "position": 48, "parents": [24], "genome": "r(38,108) d(7)", "fitness": 12.0}
{"generation": 1, "position": 49, "parents": [23], "genome": "d(31) a(32,40)", "fitness": 4.0}
{"generation": 1, "position": 50, "parents": [8, 4], "genome": "a(39,35) a(38,39)", "fitness": 4.0}
{"generation": 1, "position": 51, "parents": [8, 4], "genome": "d(38) d(31)", "fitness": 4.0}
{"generation": 1, "position": 52, "parents": [8], "genome": "a(39,35) a(38,124)", "fitness": 4.0}
{"generation": 1, "position": 53, "parents": [4], "genome": "d(38) a(35,79)", "fitness": 0.0}
{"generation": 1, "position": 54, "parents": [4], "genome": "d(38) r(32,96)", "fitness": 0.0}
{"generation": 1, "position": 55, "parents": [39], "genome": "r(39,61)", "fitness": 4.0}
{"generation": 1, "position": 56, "parents": [37], "genome": "r(38,101) d(6)", "fitness": 0.0}
{"generation": 1, "position": 57, "parents": [31], "genome": "r(32,5) r(29,104)", "fitness": 0.0}
{"generation": 1, "position": 58, "parents": [5, 9], "genome": "d(5) r(32,125)", "fitness": 0.0}
{"generation": 1, "position": 59, "parents": [5, 9], "genome": "a(32,35) d(35)", "fitness": 4.0}
{"generation": 1, "position": 60, "parents": [5], "genome": "d(5) d(38)", "fitness": 4.0}
{"generation": 2, "position": 0, "parents": [15, 59], "genome": "r(36,39) d(38) d(35) d(6)", "fitness": 0.0}
{"generation": 2, "position": 1, "parents": [15, 59], "genome": "a(32,35) r(38,36)", "fitness": 4.0}
{"generation": 2, "position": 2, "parents": [15], "genome": "r(36,39) d(38) r(39,60)", "fitness": 0.0}
{"generation": 2, "position": 3, "parents": [59], "genome": "a(32,35) d(35) a(39,40)", "fitness": 4.0}
{"generation": 2, "position": 4, "parents": [4], "genome": "a(39,154) r(37,49) d(5)", "fitness": 4.0}
{"generation": 2, "position": 5, "parents": [61], "genome": "a(32,35) a(39,47) a(39,53)", "fitness": 4.0}
{"generation": 2, "position": 6, "parents": [55, 57], "genome": "r(39,61) r(31,96)", "fitness": 4.0}
{"generation": 2, "position": 7, "parents": [55, 57], "genome": "r(32,5) r(29,104) a(38,124)", "fitness": 12.0}
{"generation": 2, "position": 8, "parents": [55], "genome": "r(39,61) a(38,5)", "fitness": 4.0}
{"generation": 2, "position": 9, "parents": [57], "genome": "r(32,5) r(29,104) d(38)", "fitness": 0.0}
{"generation": 2, "position": 10, "parents": [11], "genome": "d(36) a(31,90) d(39)", "fitness": 0.0}
{"generation": 2, "position": 11, "parents": [58], "genome": "d(5) r(32,125) a(38,76)", "fitness": 0.0}
{"generation": 2, "position": 12, "parents": [56], "genome": "r(38,101) d(6) r(39,35)", "fitness": 0.0}
{"generation": 2, "position": 13, "parents": [47], "genome": "d(39) r(37,104) d(36)", "fitness": 0.0}
{"generation": 2, "position": 14, "parents": [57], "genome": "r(32,5) r(29,104) a(38,96)", "fitness": 0.0}
{"generation": 2, "position": 15, "parents": [28], "genome": "r(32,5) a(38,32) d(38)", "fitness": 0.0}
{"generation": 2, "position": 16, "parents": [32, 29], "genome": "r(36,39) a(5,83) a(38,53)", "fitness": 0.0}
{"generation": 2, "position": 17, "parents": [32, 29], "genome": "r(38,124) a(32,128) d(39)", "fitness": 4.0}
{"generation": 2, "position": 18, "parents": [32], "genome": "r(36,39) a(5,83) d(38)", "fitness": 0.0}
{"generation": 2, "position": 19, "parents": [29], "genome": "r(38,124) a(32,128) d(32)", "fitness": 12.0}
{"generation": 2, "position": 20, "parents": [6, 43], "genome": "d(36) a(5,78)", "fitness": 0.0}
{"generation": 2, "position": 21, "parents": [6, 43], "genome": "d(38) a(39,145) r(31,83) d(39)", "fitness": 4.0}
{"generation": 2, "position": 22, "parents": [6], "genome": "d(36) r(31,83) a(38,163)", "fitness": 12.0}
{"generation": 2, "position": 23, "parents": [43], "genome": "d(38) a(39,145) r(39,90)", "fitness": 4.0}
{"generation": 2, "position": 24, "parents": [14, 27], "genome": "r(38,124) r(31,72) d(5)", "fitness": 0.0}
{"generation": 2, "position": 25, "parents": [14, 27], "genome": "r(38,124) a(7,36) d(37)", "fitness": 4.0}
{"generation": 2, "position": 26, "parents": [14], "genome": "r(38,124) r(31,72) a(39,104)", "fitness": 0.0}
{"generation": 2, "position": 27, "parents": [27], "genome": "r(38,124) a(7,36) d(31)", "fitness": 4.0}
{"generation": 2, "position": 28, "parents": [21], "genome": "d(38) d(32) r(37,133)", "fitness": 0.0}
{"generation": 2, "position": 29, "parents": [25], "genome": "r(38,124) d(39) r(5,101)", "fitness": 12.0}
{"generation": 2, "position": 30, "parents": [22, 30], "genome": "a(39,37) d(39) r(36,53)", "fitness": 0.0}
{"generation": 2, "position": 31, "parents": [22, 30], "genome": "r(36,39) d(37) d(5)", "fitness": 0.0}
{"generation": 2, "position": 32, "parents": [22], "genome": "a(39,37) d(39) d(32)", "fitness": 0.0}
{"generation": 2, "position": 33, "parents": [30], "genome": "r(36,39) d(37) d(7)", "fitness": 12.0}
{"generation": 2, "position": 34, "parents": [37, 0], "genome": "r(32,5) a(38,80) a(38,163)", "fitness": 12.0}
{"generation": 2, "position": 35, "parents": [37, 0], "genome": "r(39,66) a(36,65)", "fitness": 4.0}
{"generation": 2, "position": 36, "parents": [37], "genome": "r(32,5) a(38,80) d(39)", "fitness": 0.0}
{"generation": 2, "position": 37, "parents": [0], "genome": "r(39,66) d(31)", "fitness": 4.0}
{"generation": 2, "position": 38, "parents": [29], "genome": "r(38,124) a(32,128) a(31,79)", "fitness": 0.0}
{"generation": 2, "position": 39, "parents": [16], "genome": "a(39,35) a(38,50) r(38,49)", "fitness": 4.0}
{"generation": 2, "position": 40, "parents": [39], "genome": "r(32,5) a(39,49) d(5)", "fitness": 0.0}
{"generation": 2, "position": 41, "parents": [60], "genome": "d(5) d(38) r(39,5)", "fitness": 4.0}
{"generation": 2, "position": 42, "parents": [30], "genome": "r(36,39) d(37) d(31)", "fitness": 0.0}
{"generation": 2, "position": 43, "parents": [43], "genome": "d(38) a(39,145) d(39)", "fitness": 4.0}
{"generation": 2, "position": 44, "parents": [5, 39], "genome": "d(36) a(29,76) d(38)", "fitness": 0.0}
{"generation": 2, "position": 45, "parents": [5, 39], "genome": "r(32,5) a(39,49) d(39)", "fitness": 0.0}
{"generation": 2, "position": 46, "parents": [5], "genome": "d(36) a(29,76) d(39)", "fitness": 0.0}
{"generation": 2, "position": 47, "parents": [39], "genome": "r(32,5) a(39,49) a(38,125)", "fitness": 0.0}
{"generation": 2, "position": 48, "parents": [53], "genome": "d(38) a(35,79) d(32)", "fitness": 0.0}
{"generation": 2, "position": 49, "parents": [20], "genome": "a(39,37) d(38) a(39,41)", "fitness": 4.0}
{"generation": 2, "position": 50, "parents": [52, 57], "genome": "a(39,35) a(38,124) d(39)", "fitness": 4.0}
{"generation": 2, "position": 51, "parents": [52, 57], "genome": "r(32,5) r(29,104) a(38,61)", "fitness": 0.0}
{"generation": 2, "position": 52, "parents": [52], "genome": "a(39,35) a(38,124) r(38,124)", "fitness": 4.0}
{"generation": 2, "position": 53, "parents": [57], "genome": "r(32,5) r(29,104) a(6,52)", "fitness": 0.0}
{"generation": 2, "position": 54, "parents": [37, 5], "genome": "r(32,5) a(29,76) a(38,74)", "fitness": 0.0}
{"generation": 2, "position": 55, "parents": [37, 5], "genome": "d(36) a(38,80) r(39,95)", "fitness": 0.0}
{"generation": 2, "position": 56, "parents": [37], "genome": "r(32,5) a(38,80) a(5,37)", "fitness": 0.0}
{"generation": 2, "position": 57, "parents": [5], "genome": "d(36) a(29,76) r(38,36)", "fitness": 0.0}
{"generation": 2, "position": 58, "parents": [13, 11], "genome": "a(32,35) r(39,31) a(31,90) d(38)", "fitness": 0.0}
{"generation": 2, "position": 59, "parents": [13, 11], "genome": "d(36) d(32)", "fitness": 0.0}
{"generation": 2, "position": 60, "parents": [13], "genome": "a(32,35) r(39,31) a(7,51)", "fitness": 4.0}
{"generation": 3, "position": 0, "parents": [15, 51], "genome": "r(32,5) a(38,32) a(38,61)", "fitness": 0.0}
{"generation": 3, "position": 1, "parents": [15, 51], "genome": "r(32,5) r(29,104) a(38,61) d(38) r(5,47)", "fitness": 0.0}
{"generation": 3, "position": 2, "parents": [15], "genome": "r(32,5) a(38,32) d(38) r(39,40)", "fitness": 0.0}
{"generation": 3, "position": 3, "parents": [51], "genome": "r(32,5) r(29,104) a(38,61) a(39,35)", "fitness": 0.0}
{"generation": 3, "position": 4, "parents": [46, 55], "genome": "d(36) a(29,76) a(39,76)", "fitness": 0.0}
{"generation": 3, "position": 5, "parents": [46, 55], "genome": "d(36) a(38,80) r(39,95) d(39) r(38,80)", "fitness": 0.0}
{"generation": 3, "position": 6, "parents": [46], "genome": "d(36) a(29,76) d(39) d(5)", "fitness": 0.0}
{"generation": 3, "position": 7, "parents": [55], "genome": "d(36) a(38,80) r(39,95) a(38,160)", "fitness": 0.0}
{"generation": 3, "position": 8, "parents": [47, 36], "genome": "r(32,5) d(39) a(38,29)", "fitness": 0.0}
{"generation": 3, "position": 9, "parents": [47, 36], "genome": "r(32,5) a(38,80) a(39,49) a(38,125) d(39)", "fitness": 0.0}
{"generation": 3, "position": 10, "parents": [47], "genome": "r(32,5) a(39,49) a(38,125) d(38)", "fitness": 0.0}
{"generation": 3, "position": 11, "parents": [36], "genome": "r(32,5) a(38,80) d(39) r(38,53)", "fitness": 0.0}
{"generation": 3, "position": 12, "parents": [36, 59], "genome": "r(32,5) d(32) a(6,96)", "fitness": 0.0}
{"generation": 3, "position": 13, "parents": [36, 59], "genome": "d(36) a(38,80) d(39) d(38)", "fitness": 0.0}
{"generation": 3, "position": 14, "parents": [36], "genome": "r(32,5) a(38,80) d(39) a(38,50)", "fitness": 0.0}
{"generation": 3, "position": 15, "parents": [59], "genome": "d(36) d(32) d(6)", "fitness": 0.0}
{"generation": 3, "position": 16, "parents": [46, 31], "genome": "d(36) d(5) d(37)", "fitness": 0.0}
{"generation": 3, "position": 17, "parents": [46, 31], "genome": "r(36,39) d(37) a(29,76) d(39) a(32,93)", "fitness": 0.0}
{"generation": 3, "position": 18, "parents": [46], "genome": "d(36) a(29,76) d(39) r(38,83)", "fitness": 0.0}
{"generation": 3, "position": 19, "parents": [31], "genome": "r(36,39) d(37) d(5) d(29)", "fitness": 0.0}
{"generation": 3, "position": 20, "parents": [59], "genome": "d(36) d(32) d(7)", "fitness": 12.0}
{"generation": 3, "position": 21, "parents": [54], "genome": "r(32,5) a(29,76) a(38,74) d(39)", "fitness": 0.0}
{"generation": 3, "position": 22, "parents": [25], "genome": "r(38,124) a(7,36) d(37) a(5,80)", "fitness": 4.0}
{"generation": 3, "position": 23, "parents": [50], "genome": "a(39,35) a(38,124) d(39) r(6,61)", "fitness": 0.0}
{"generation": 3, "position": 24, "parents": [5, 58], "genome": "a(32,35) d(29)", "fitness": 4.0}
{"generation": 3, "position": 25, "parents": [5, 58], "genome": "a(32,35) r(39,31) a(31,90) d(38) a(39,47) a(39,53) a(6,163)", "fitness": 0.0}
{"generation": 3, "position": 26, "parents": [5], "genome": "a(32,35) a(39,47) a(39,53) a(31,128)", "fitness": 4.0}
{"generation": 3, "position": 27, "parents": [58], "genome": "a(32,35) r(39,31) a(31,90) d(38) a(31,42)", "fitness": 0.0}
{"generation": 3, "position": 28, "parents": [11], "genome": "d(5) r(32,125) a(38,76) a(39,61)", "fitness": 0.0}
{"generation": 3, "position": 29, "parents": [41], "genome": "d(5) d(38) r(39,5) r(32,45)", "fitness": 0.0}
{"generation": 3, "position": 30, "parents": [53, 38], "genome": "r(32,5) r(29,104) a(6,52) r(38,73)", "fitness": 0.0}
{"generation": 3, "position": 31, "parents": [53, 38], "genome": "r(38,124) a(32,128) a(31,79) a(31,95)", "fitness": 12.0}
{"generation": 3, "position": 32, "parents": [53], "genome": "r(32,5) r(29,104) a(6,52) a(38,49)", "fitness": 0.0}
{"generation": 3, "position": 33, "parents": [38], "genome": "r(38,124) a(32,128) a(31,79) d(37)", "fitness": 0.0}
{"generation": 3, "position": 34, "parents": [59], "genome": "d(36) d(32) a(39,101)", "fitness": 0.0}
{"generation": 3, "position": 35, "parents": [11], "genome": "d(5) r(32,125) a(38,76) a(39,48)", "fitness": 0.0}
{"generation": 3, "position": 36, "parents": [56], "genome": "r(32,5) a(38,80) a(5,37) r(39,83)", "fitness": 0.0}
{"generation": 3, "position": 37, "parents": [28], "genome": "d(38) d(32) r(37,133) r(5,40)", "fitness": 0.0}
{"generation": 3, "position": 38, "parents": [31], "genome": "r(36,39) d(37) d(5) d(35)", "fitness": 0.0}
{"generation": 3, "position": 39, "parents": [10], "genome": "d(36) a(31,90) d(39) a(6,5)", "fitness": 0.0}
{"generation": 3, "position": 40, "parents": [36, 20], "genome": "r(32,5) a(5,78) r(39,29)", "fitness": 0.0}
{"generation": 3, "position": 41, "parents": [36, 20], "genome": "d(36) a(38,80) d(39) r(38,80)", "fitness": 0.0}
{"generation": 3, "position": 42, "parents": [36], "genome": "r(32,5) a(38,80) d(39) d(29)", "fitness": 0.0}
{"generation": 3, "position": 43, "parents": [20], "genome": "d(36) a(5,78) r(39,72)", "fitness": 0.0}
{"generation": 3, "position": 44, "parents": [11], "genome": "d(5) r(32,125) a(38,76) a(38,32)", "fitness": 0.0}
{"generation": 3, "position": 45, "parents": [38], "genome": "r(38,124) a(32,128) a(31,79) r(36,133)", "fitness": 0.0}
{"generation": 3, "position": 46, "parents": [34, 58], "genome": "r(32,5) r(39,31) a(31,90) d(38) r(6,57)", "fitness": 0.0}
{"generation": 3, "position": 47, "parents": [34, 58], "genome": "a(32,35) a(38,80) a(38,163) d(5)", "fitness": 4.0}
{"generation": 3, "position": 48, "parents": [34], "genome": "r(32,5) a(38,80) a(38,163) d(39)", "fitness": 12.0}
{"generation": 3, "position": 49, "parents": [58], "genome": "a(32,35) r(39,31) a(31,90) d(38) d(36)", "fitness": 0.0}
{"generation": 3, "position": 50, "parents": [35, 26], "genome": "r(39,66) a(36,65) r(31,72) a(39,104) d(38)", "fitness": 0.0}
{"generation": 3, "position": 51, "parents": [35, 26], "genome": "r(38,124) a(39,61)", "fitness": 4.0}
{"generation": 3, "position": 52, "parents": [35], "genome": "r(39,66) a(36,65) a(31,128)", "fitness": 4.0}
{"generation": 3, "position": 53, "parents": [26], "genome": "r(38,124) r(31,72) a(39,104) r(39,93)", "fitness": 0.0}
{"generation": 3, "position": 54, "parents": [25], "genome": "r(38,124) a(7,36) d(37) r(29,61)", "fitness": 4.0}
{"generation": 3, "position": 55, "parents": [20], "genome": "d(36) a(5,78) a(39,56)", "fitness": 0.0}
{"generation": 3, "position": 56, "parents": [39], "genome": "a(39,35) a(38,50) r(38,49) r(39,95)", "fitness": 4.0}
{"generation": 3, "position": 57, "parents": [43], "genome": "d(38) a(39,145) d(39) a(36,39)", "fitness": 0.0}
{"generation": 3, "position": 58, "parents": [15], "genome": "r(32,5) a(38,32) d(38) a(39,80)", "fitness": 0.0}
{"generation": 4, "position": 0, "parents": [36], "genome": "r(32,5) a(38,80) a(5,37) r(39,83) r(31,93)", "fitness": 0.0}
{"generation": 4, "position": 1, "parents": [11], "genome": "r(32,5) a(38,80) d(39) r(38,53) r(36,5)", "fitness": 0.0}
{"generation": 4, "position": 2, "parents": [6], "genome": "d(36) a(29,76) d(39) d(5) a(38,46)", "fitness": 0.0}
{"generation": 4, "position": 3, "parents": [13], "genome": "d(36) a(38,80) d(39) d(38) r(5,93)", "fitness": 0.0}
{"generation": 4, "position": 4, "parents": [53], "genome": "r(38,124) r(31,72) a(39,104) r(39,93) r(32,162)", "fitness": 0.0}
{"generation": 4, "position": 5, "parents": [32], "genome": "r(32,5) r(29,104) a(6,52) a(38,49) d(39)", "fitness": 0.0}
{"generation": 4, "position": 6, "parents": [53], "genome": "r(38,124) r(31,72) a(39,104) r(39,93) d(7)", "fitness": 12.0}
{"generation": 4, "position": 7, "parents": [15], "genome": "d(36) d(32) d(6) a(39,48)", "fitness": 0.0}
{"generation": 4, "position": 8, "parents": [0, 55], "genome": "r(32,5) a(5,78) a(39,56) r(39,56)", "fitness": 0.0}
{"generation": 4, "position": 9, "parents": [0, 55], "genome": "d(36) a(38,32) a(38,61) d(39)", "fitness": 0.0}
{"generation": 4, "position": 10, "parents": [0], "genome": "r(32,5) a(38,32) a(38,61) a(36,101)", "fitness": 12.0}
{"generation": 4, "position": 11, "parents": [55], "genome": "d(36) a(5,78) a(39,56) d(38)", "fitness": 0.0}
{"generation": 4, "position": 12, "parents": [0, 53], "genome": "r(32,5) a(38,32) r(31,72) a(39,104) r(39,93) d(38)", "fitness": 0.0}
{"generation": 4, "position": 13, "parents": [0, 53], "genome": "r(38,124) a(38,61) d(7)", "fitness": 12.0}
{"generation": 4, "position": 14, "parents": [0], "genome": "r(32,5) a(38,32) a(38,61) r(38,32)", "fitness": 0.0}
{"generation": 4, "position": 15, "parents": [53], "genome": "r(38,124) r(31,72) a(39,104) r(39,93) d(37)", "fitness": 0.0}
{"generation": 4, "position": 16, "parents": [58, 36], "genome": "r(32,5) a(38,32) a(38,80) a(5,37) r(39,83) r(38,160)", "fitness": 0.0}
{"generation": 4, "position": 17, "parents": [58, 36], "genome": "r(32,5) d(38) a(39,80) r(39,90)", "fitness": 0.0}
{"generation": 4, "position": 18, "parents": [58], "genome": "r(32,5) a(38,32) d(38) a(39,80) d(36)", "fitness": 0.0}
{"generation": 4, "position": 19, "parents": [36], "genome": "r(32,5) a(38,80) a(5,37) r(39,83) a(38,58)", "fitness": 0.0}
{"generation": 4, "position": 20, "parents": [29, 2], "genome": "d(5) d(38) r(39,5) a(36,96)", "fitness": 4.0}
{"generation": 4, "position": 21, "parents": [29, 2], "genome": "r(32,5) a(38,32) d(38) r(39,40) r(32,45) d(5)", "fitness": 0.0}
{"generation": 4, "position": 22, "parents": [29], "genome": "d(5) d(38) r(39,5) r(32,45) r(31,66)", "fitness": 0.0}
{"generation": 4, "position": 23, "parents": [2], "genome": "r(32,5) a(38,32) d(38) r(39,40) r(37,93)", "fitness": 0.0}
{"generation": 4, "position": 24, "parents": [39], "genome": "d(36) a(31,90) d(39) a(6,5) d(38)", "fitness": 0.0}
{"generation": 4, "position": 25, "parents": [8], "genome": "r(32,5) d(39) a(38,29) d(6)", "fitness": 0.0}
{"generation": 4, "position": 26, "parents": [38, 16], "genome": "r(36,39) d(37) d(7)", "fitness": 12.0}
{"generation": 4, "position": 27, "parents": [38, 16], "genome": "d(36) d(5) d(37) d(5) d(35) d(31)", "fitness": 0.0}
{"generation": 4, "position": 28, "parents": [38], "genome": "r(36,39) d(37) d(5) d(35) a(29,154)", "fitness": 0.0}
{"generation": 4, "position": 29, "parents": [16], "genome": "d(36) d(5) d(37) d(29)", "fitness": 0.0}
{"generation": 4, "position": 30, "parents": [27, 23], "genome": "a(32,35) r(39,31) a(31,90) r(38,104)", "fitness": 0.0}
{"generation": 4, "position": 31, "parents": [27, 23], "genome": "a(39,35) a(38,124) d(39) r(6,61) d(38) a(31,42) a(36,44)", "fitness": 0.0}
{"generation": 4, "position": 32, "parents": [27], "genome": "a(32,35) r(39,31) a(31,90) d(38) a(31,42) a(7,93)", "fitness": 0.0}
{"generation": 4, "position": 33, "parents": [23], "genome": "a(39,35) a(38,124) d(39) r(6,61) r(31,125)", "fitness": 0.0}
{"generation": 4, "position": 34, "parents": [28, 32], "genome": "d(5) r(32,125) a(38,49) r(39,49)", "fitness": 0.0}
{"generation": 4, "position": 35, "parents": [28, 32], "genome": "r(32,5) r(29,104) a(6,52) a(38,76) a(39,61) r(37,40)", "fitness": 0.0}
{"generation": 4, "position": 36, "parents": [28], "genome": "d(5) r(32,125) a(38,76) a(39,61) r(39,44)", "fitness": 0.0}
{"generation": 4, "position": 37, "parents": [32], "genome": "r(32,5) r(29,104) a(6,52) a(38,49) r(39,31)", "fitness": 0.0}
{"generation": 4, "position": 38, "parents": [1, 15], "genome": "r(32,5) r(29,104) d(6) d(37)", "fitness": 0.0}
{"generation": 4, "position": 39, "parents": [1, 15], "genome": "d(36) d(32) a(38,61) d(38) r(5,47) a(29,48)", "fitness": 0.0}
{"generation": 4, "position": 40, "parents": [1], "genome": "r(32,5) r(29,104) a(38,61) d(38) r(5,47) d(39)", "fitness": 0.0}
{"generation": 4, "position": 41, "parents": [15], "genome": "d(36) d(32) d(6) r(38,43)", "fitness": 0.0}
{"generation": 4, "position": 42, "parents": [44, 14], "genome": "d(5) r(38,53)", "fitness": 4.0}
{"generation": 4, "position": 43, "parents": [44, 14], "genome": "r(32,5) a(38,80) d(39) a(38,50) r(32,125) a(38,76) a(38,32) d(38)", "fitness": 0.0}
{"generation": 4, "position": 44, "parents": [44], "genome": "d(5) r(32,125) a(38,76) a(38,32) d(39)", "fitness": 0.0}
{"generation": 4, "position": 45, "parents": [14], "genome": "r(32,5) a(38,80) d(39) a(38,50) r(38,90)", "fitness": 0.0}
{"generation": 4, "position": 46, "parents": [45], "genome": "r(38,124) a(32,128) a(31,79) r(36,133) d(39)", "fitness": 0.0}
{"generation": 4, "position": 47, "parents": [53], "genome": "r(38,124) r(31,72) a(39,104) r(39,93) r(5,125)", "fitness": 0.0}
{"generation": 4, "position": 48, "parents": [16], "genome": "d(36) d(5) d(37) d(29)", "fitness": 0.0}
{"generation": 4, "position": 49, "parents": [53], "genome": "r(38,124) r(31,72) a(39,104) r(39,93) a(35,53)", "fitness": 0.0}
{"generation": 4, "position": 50, "parents": [59], "genome": "r(36,39) d(38) r(39,60) d(37) d(32)", "fitness": 0.0}
{"generation": 4, "position": 51, "parents": [40], "genome": "r(32,5) a(5,78) r(39,29) d(38)", "fitness": 0.0}
{"generation": 4, "position": 52, "parents": [55, 37], "genome": "d(36) a(5,78) a(39,56) r(5,40) d(38)", "fitness": 0.0}
{"generation": 4, "position": 53, "parents": [55, 37], "genome": "d(38) d(32) r(37,133) a(7,160)", "fitness": 0.0}
{"generation": 4, "position": 54, "parents": [55], "genome": "d(36) a(5,78) a(39,56) r(39,60)", "fitness": 0.0}
{"generation": 4, "position": 55, "parents": [37], "genome": "d(38) d(32) r(37,133) r(5,40) d(31)", "fitness": 0.0}
{"generation": 4, "position": 56, "parents": [39, 44], "genome": "d(36) a(31,90) d(39) a(6,5) a(38,32) a(38,43)", "fitness": 0.0}
{"generation": 4, "position": 57, "parents": [39, 44], "genome": "d(5) r(32,125) a(38,76) d(38)", "fitness": 0.0}
{"generation": 4, "position": 58, "parents": [39], "genome": "d(36) a(31,90) d(39) a(6,5) d(38)", "fitness": 0.0}
{"generation": 4, "position": 59, "parents": [44], "genome": "d(5) r(32,125) a(38,76) a(38,32) d(39)", "fitness": 0.0}
{"generation": 4, "position": 60, "parents": [36, 25], "genome": "r(32,5) a(38,80) a(5,37) r(39,31) a(31,90) d(38) a(39,47) a(39,53) a(6,163) a(31,76)", "fitness": 0.0}
{"generation": 4, "position": 61, "parents": [36, 25], "genome": "a(32,35) r(39,83) r(38,65)", "fitness": 4.0}
{"generation": 4, "position": 62, "parents": [36], "genome": "r(32,5) a(38,80) a(5,37) r(39,83) a(38,29)", "fitness": 0.0}
{"generation": 5, "position": 0, "parents": [63], "genome": "a(32,35) r(39,31) a(31,90) d(38) a(39,47) a(39,53) a(6,163) d(31) a(35,108)", "fitness": 0.0}
{"generation": 5, "position": 1, "parents": [3], "genome": "d(36) a(38,80) d(39) d(38) r(5,93) d(35)", "fitness": 0.0}
{"generation": 5, "position": 2, "parents": [32], "genome": "a(32,35) r(39,31) a(31,90) d(38) a(31,42) a(7,93) r(32,83)", "fitness": 0.0}
{"generation": 5, "position": 3, "parents": [16], "genome": "r(32,5) a(38,32) a(38,80) a(5,37) r(39,83) r(38,160) r(6,29)", "fitness": 12.0}
{"generation": 5, "position": 4, "parents": [18, 52], "genome": "r(32,5) a(38,32) d(38) a(39,80) d(36) r(5,40) d(38) a(39,145)", "fitness": 0.0}
{"generation": 5, "position": 5, "parents": [18, 52], "genome": "d(36) a(5,78) a(39,56) r(7,35)", "fitness": 0.0}
{"generation": 5, "position": 6, "parents": [18], "genome": "r(32,5) a(38,32) d(38) a(39,80) d(36) a(39,128)", "fitness": 0.0}
{"generation": 5, "position": 7, "parents": [52], "genome": "d(36) a(5,78) a(39,56) r(5,40) d(38) a(39,79)", "fitness": 0.0}
{"generation": 5, "position": 8, "parents": [55], "genome": "d(38) d(32) r(37,133) r(5,40) d(31) r(36,74)", "fitness": 0.0}
{"generation": 5, "position": 9, "parents": [54], "genome": "d(36) a(5,78) a(39,56) r(39,60) r(31,73)", "fitness": 0.0}
{"generation": 5, "position": 10, "parents": [29, 55], "genome": "d(36) d(5) d(37) d(29) d(32) r(37,133) r(5,40) d(31)", "fitness": 0.0}
{"generation": 5, "position": 11, "parents": [29, 55], "genome": "d(38) d(39)", "fitness": 4.0}
{"generation": 5, "position": 12, "parents": [29], "genome": "d(36) d(5) d(37) d(29) d(35)", "fitness": 0.0}
{"generation": 5, "position": 13, "parents": [55], "genome": "d(38) d(32) r(37,133) r(5,40) d(31) d(36)", "fitness": 0.0}
{"generation": 5, "position": 14, "parents": [33, 24], "genome": "a(39,35) a(38,124) a(6,5) d(38) r(7,80)", "fitness": 12.0}
{"generation": 5, "position": 15, "parents": [33, 24], "genome": "d(36) a(31,90) d(39) d(39) r(6,61) r(31,125) a(32,72)", "fitness": 0.0}
{"generation": 5, "position": 16, "parents": [33], "genome": "a(39,35) a(38,124) d(39) r(6,61) r(31,125) a(5,162)", "fitness": 0.0}
{"generation": 5, "position": 17, "parents": [24], "genome": "d(36) a(31,90) d(39) a(6,5) d(38) a(32,72)", "fitness": 0.0}
{"generation": 5, "position": 18, "parents": [43], "genome": "r(32,5) a(38,80) d(39) a(38,50) r(32,125) a(38,76) a(38,32) d(38) r(36,35)", "fitness": 0.0}
{"generation": 5, "position": 19, "parents": [51], "genome": "r(32,5) a(5,78) r(39,29) d(38) a(5,65)", "fitness": 0.0}
{"generation": 5, "position": 20, "parents": [15, 0], "genome": "r(38,124) r(35,48)", "fitness": 0.0}
{"generation": 5, "position": 21, "parents": [15, 0], "genome": "r(32,5) a(38,80) a(5,37) r(39,83) r(31,93) r(31,72) a(39,104) r(39,93) d(37) a(7,40)", "fitness": 0.0}
{"generation": 5, "position": 22, "parents": [15], "genome": "r(38,124) r(31,72) a(39,104) r(39,93) d(37) r(5,41)", "fitness": 0.0}
{"generation": 5, "position": 23, "parents": [0], "genome": "r(32,5) a(38,80) a(5,37) r(39,83) r(31,93) a(38,124)", "fitness": 0.0}
{"generation": 5, "position": 24, "parents": [4, 59], "genome": "r(38,124) r(31,72) a(39,104) r(39,93) r(32,162) r(32,125) a(38,76) a(38,32) d(39) r(36,37)", "fitness": 0.0}
{"generation": 5, "position": 25, "parents": [4, 59], "genome": "d(5) r(35,72)", "fitness": 0.0}
{"generation": 5, "position": 26, "parents": [4], "genome": "r(38,124) r(31,72) a(39,104) r(39,93) r(32,162) r(37,36)", "fitness": 0.0}
{"generation": 5, "position": 27, "parents": [59], "genome": "d(5) r(32,125) a(38,76) a(38,32) d(39) r(29,162)", "fitness": 0.0}
{"generation": 5, "position": 28, "parents": [22, 21], "genome": "d(5) d(38) r(39,5) r(32,45) d(5) a(29,76)", "fitness": 0.0}
{"generation": 5, "position": 29, "parents": [22, 21], "genome": "r(32,5) a(38,32) d(38) r(39,40) r(32,45) r(31,66) a(29,32)", "fitness": 4.0}
{"generation": 5, "position": 30, "parents": [22], "genome": "d(5) d(38) r(39,5) r(32,45) r(31,66) d(37)", "fitness": 0.0}
{"generation": 5, "position": 31, "parents": [21], "genome": "r(32,5) a(38,32) d(38) r(39,40) r(32,45) d(5) a(36,45)", "fitness": 0.0}
{"generation": 5, "position": 32, "parents": [56, 40], "genome": "d(36) a(31,90) d(39) a(6,5) r(5,47) d(39) r(31,78)", "fitness": 0.0}
{"generation": 5, "position": 33, "parents": [56, 40], "genome": "r(32,5) r(29,104) a(38,61) d(38) a(38,32) a(38,43) d(39)", "fitness": 0.0}
{"generation": 5, "position": 34, "parents": [56], "genome": "d(36) a(31,90) d(39) a(6,5) a(38,32) a(38,43) d(37)", "fitness": 0.0}
{"generation": 5, "position": 35, "parents": [40], "genome": "r(32,5) r(29,104) a(38,61) d(38) r(5,47) d(39) a(36,133)", "fitness": 0.0}
{"generation": 5, "position": 36, "parents": [46, 2], "genome": "r(38,124) a(32,128) a(31,79) a(38,46) r(39,58)", "fitness": 0.0}
{"generation": 5, "position": 37, "parents": [46, 2], "genome": "d(36) a(29,76) d(39) d(5) r(36,133) d(39) a(31,29)", "fitness": 0.0}
{"generation": 5, "position": 38, "parents": [46], "genome": "r(38,124) a(32,128) a(31,79) r(36,133) d(39) a(7,35)", "fitness": 0.0}
{"generation": 5, "position": 39, "parents": [2], "genome": "d(36) a(29,76) d(39) d(5) a(38,46) a(38,76)", "fitness": 0.0}
{"generation": 5, "position": 40, "parents": [28], "genome": "r(36,39) d(37) d(5) d(35) a(29,154) d(29)", "fitness": 0.0}
{"generation": 5, "position": 41, "parents": [41], "genome": "d(36) d(32) d(6) r(38,43) d(39)", "fitness": 0.0}
{"generation": 5, "position": 42, "parents": [28], "genome": "r(36,39) d(37) d(5) d(35) a(29,154) a(32,32)", "fitness": 0.0}
{"generation": 5, "position": 43, "parents": [5], "genome": "r(32,5) r(29,104) a(6,52) a(38,49) d(39) d(7)", "fitness": 0.0}
{"generation": 5, "position": 44, "parents": [30, 12], "genome": "a(32,35) r(39,31) a(38,95)", "fitness": 4.0}
{"generation": 5, "position": 45, "parents": [30, 12], "genome": "r(32,5) a(38,32) r(31,72) a(39,104) r(39,93) d(38) a(31,90) r(38,104) a(7,58)", "fitness": 0.0}
{"generation": 5, "position": 46, "parents": [30], "genome": "a(32,35) r(39,31) a(31,90) r(38,104) a(7,41)", "fitness": 0.0}
{"generation": 5, "position": 47, "parents": [12], "genome": "r(32,5) a(38,32) r(31,72) a(39,104) r(39,93) d(38) d(29)", "fitness": 0.0}
{"generation": 5, "position": 48, "parents": [25], "genome": "r(32,5) d(39) a(38,29) d(6) d(38)", "fitness": 0.0}
{"generation": 5, "position": 49, "parents": [21], "genome": "r(32,5) a(38,32) d(38) r(39,40) r(32,45) d(5) d(31)", "fitness": 0.0}
{"generation": 5, "position": 50, "parents": [35, 30], "genome": "r(32,5) r(29,104) a(6,52) a(38,76) a(39,61) a(31,90) r(38,104) a(39,124)", "fitness": 0.0}
{"generation": 5, "position": 51, "parents": [35, 30], "genome": "a(32,35) r(39,31) r(37,40) r(5,47)", "fitness": 0.0}
{"generation": 5, "position": 52, "parents": [35], "genome": "r(32,5) r(29,104) a(6,52) a(38,76) a(39,61) r(37,40) r(6,43)", "fitness": 0.0}
{"generation": 5, "position": 53, "parents": [30], "genome": "a(32,35) r(39,31) a(31,90) r(38,104) d(31)", "fitness": 0.0}
{"generation": 5, "position": 54, "parents": [3], "genome": "d(36) a(38,80) d(39) d(38) r(5,93) a(37,42)", "fitness": 0.0}
{"generation": 5, "position": 55, "parents": [23], "genome": "r(32,5) a(38,32) d(38) r(39,40) r(37,93) a(29,72)", "fitness": 0.0}
{"generation": 5, "position": 56, "parents": [47], "genome": "r(38,124) r(31,72) a(39,104) r(39,93) r(5,125) r(35,5)", "fitness": 0.0}
{"generation": 5, "position": 57, "parents": [45], "genome": "r(32,5) a(38,80) d(39) a(38,50) r(38,90) a(7,145)", "fitness": 0.0}
{"generation": 5, "position": 58, "parents": [8, 38], "genome": "r(32,5) a(5,78) d(37) r(29,91)", "fitness": 0.0}
{"generation": 5, "position": 59, "parents": [8, 38], "genome": "r(32,5) r(29,104) d(6) a(39,56) r(39,56) a(38,163)", "fitness": 0.0}
{"generation": 5, "position": 60, "parents": [8], "genome": "r(32,5) a(5,78) a(39,56) r(39,56) d(38)", "fitness": 0.0}
{"generation": 6, "position": 0, "parents": [25, 53], "genome": "d(5) r(35,72) r(38,104) d(31) d(39)", "fitness": 0.0}
{"generation": 6, "position": 1, "parents": [25, 53], "genome": "a(32,35) r(39,31) a(31,90) r(35,93)", "fitness": 0.0}
{"generation": 6, "position": 2, "parents": [25], "genome": "d(5) r(35,72) d(38)", "fitness": 0.0}
{"generation": 6, "position": 3, "parents": [53], "genome": "a(32,35) r(39,31) a(31,90) r(38,104) d(31) a(37,61)", "fitness": 0.0}
{"generation": 6, "position": 4, "parents": [12, 30], "genome": "d(36) d(5) d(37) r(31,66) d(37) r(32,83)", "fitness": 0.0}
{"generation": 6, "position": 5, "parents": [12, 30], "genome": "d(5) d(38) r(39,5) r(32,45) d(29) d(35) d(37)", "fitness": 0.0}
{"generation": 6, "position": 6, "parents": [12], "genome": "d(36) d(5) d(37) d(29) d(35) r(32,35)", "fitness": 0.0}
{"generation": 6, "position": 7, "parents": [30], "genome": "d(5) d(38) r(39,5) r(32,45) r(31,66) d(37) a(36,32)", "fitness": 0.0}
{"generation": 6, "position": 8, "parents": [23], "genome": "r(32,5) a(38,80) a(5,37) r(39,83) r(31,93) a(38,124) a(38,162)", "fitness": 0.0}
{"generation": 6, "position": 9, "parents": [60], "genome": "r(32,5) a(5,78) a(39,56) r(39,56) d(38) r(29,90)", "fitness": 0.0}
{"generation": 6, "position": 10, "parents": [10], "genome": "d(36) d(5) d(37) d(29) d(32) r(37,133) r(5,40) d(31)", "fitness": 0.0}
{"generation": 6, "position": 11, "parents": [27], "genome": "d(5) r(32,125) a(38,76) a(38,32) d(39) r(29,162) r(38,48)", "fitness": 0.0}
{"generation": 6, "position": 12, "parents": [58, 17], "genome": "r(32,5) a(5,78) r(38,133)", "fitness": 0.0}
{"generation": 6, "position": 13, "parents": [58, 17], "genome": "d(36) a(31,90) d(39) a(6,5) d(38) a(32,72) d(37) r(29,91) a(6,35)", "fitness": 0.0}
{"generation": 6, "position": 14, "parents": [58], "genome": "r(32,5) a(5,78) d(37) r(29,91) d(5)", "fitness": 0.0}
{"generation": 6, "position": 15, "parents": [17], "genome": "d(36) a(31,90) d(39) a(6,5) d(38) a(32,72) d(5)", "fitness": 0.0}
{"generation": 6, "position": 16, "parents": [46], "genome": "a(32,35) r(39,31) a(31,90) r(38,104) a(7,41) r(31,43)", "fitness": 0.0}
{"generation": 6, "position": 17, "parents": [51], "genome": "a(32,35) r(39,31) r(37,40) r(5,47) a(31,65)", "fitness": 0.0}
{"generation": 6, "position": 18, "parents": [41, 6], "genome": "d(36) d(32) d(6) r(38,43) a(39,128) d(39)", "fitness": 0.0}
{"generation": 6, "position": 19, "parents": [41, 6], "genome": "r(32,5) a(38,32) d(38) a(39,80) d(36) d(39) r(7,80)", "fitness": 12.0}
{"generation": 6, "position": 20, "parents": [41], "genome": "d(36) d(32) d(6) r(38,43) d(39) r(31,72)", "fitness": 0.0}
{"generation": 6, "position": 21, "parents": [6], "genome": "r(32,5) a(38,32) d(38) a(39,80) d(36) a(39,128) d(31)", "fitness": 0.0}
{"generation": 6, "position": 22, "parents": [20, 31], "genome": "r(38,124) r(39,40) r(32,45) d(5) a(36,45) a(29,145)", "fitness": 0.0}
{"generation": 6, "position": 23, "parents": [20, 31], "genome": "r(32,5) a(38,32) d(38) r(35,48) a(39,43)", "fitness": 0.0}
{"generation": 6, "position": 24, "parents": [20], "genome": "r(38,124) r(35,48) d(39)", "fitness": 0.0}
{"generation": 6, "position": 25, "parents": [31], "genome": "r(32,5) a(38,32) d(38) r(39,40) r(32,45) d(5) a(36,45) a(36,160)", "fitness": 0.0}
{"generation": 6, "position": 26, "parents": [43, 53], "genome": "r(32,5) r(29,104) a(6,52) d(31) a(39,35)", "fitness": 0.0}
{"generation": 6, "position": 27, "parents": [43, 53], "genome": "a(32,35) r(39,31) a(31,90) r(38,104) a(38,49) d(39) d(7) d(31)", "fitness": 12.0}
{"generation": 6, "position": 28, "parents": [43], "genome": "r(32,5) r(29,104) a(6,52) a(38,49) d(39) d(7) a(5,108)", "fitness": 0.0}
{"generation": 6, "position": 29, "parents": [53], "genome": "a(32,35) r(39,31) a(31,90) r(38,104) d(31) r(5,56)", "fitness": 0.0}
{"generation": 6, "position": 30, "parents": [51, 40], "genome": "a(32,35) r(39,31) r(37,40) d(5) d(35) a(29,154) d(29) r(32,38)", "fitness": 4.0}
{"generation": 6, "position": 31, "parents": [51, 40], "genome": "r(36,39) d(37) r(5,47) d(32)", "fitness": 0.0}
{"generation": 6, "position": 32, "parents": [51], "genome": "a(32,35) r(39,31) r(37,40) r(5,47) r(32,50)", "fitness": 0.0}
{"generation": 6, "position": 33, "parents": [40], "genome": "r(36,39) d(37) d(5) d(35) a(29,154) d(29) r(32,5)", "fitness": 0.0}
{"generation": 6, "position": 34, "parents": [13], "genome": "d(38) d(32) r(37,133) r(5,40) d(31) d(36) d(29)", "fitness": 0.0}
{"generation": 6, "position": 35, "parents": [32], "genome": "d(36) a(31,90) d(39) a(6,5) r(5,47) d(39) r(31,78) a(38,125)", "fitness": 0.0}
{"generation": 6, "position": 36, "parents": [35, 48], "genome": "r(32,5) r(29,104) a(38,61) d(38) r(5,47) d(39) a(36,133) a(38,29) d(6) d(38) a(37,66)", "fitness": 0.0}
{"generation": 6, "position": 37, "parents": [35, 48], "genome": "r(32,5) d(39) a(5,133)", "fitness": 0.0}
{"generation": 6, "position": 38, "parents": [35], "genome": "r(32,5) r(29,104) a(38,61) d(38) r(5,47) d(39) a(36,133) r(36,49)", "fitness": 0.0}
{"generation": 6, "position": 39, "parents": [48], "genome": "r(32,5) d(39) a(38,29) d(6) d(38) d(37)", "fitness": 0.0}
{"generation": 6, "position": 40, "parents": [10], "genome": "d(36) d(5) d(37) d(29) d(32) r(37,133) r(5,40) d(31)", "fitness": 0.0}
{"generation": 6, "position": 41, "parents": [25], "genome": "d(5) r(35,72) r(38,45)", "fitness": 0.0}
{"generation": 6, "position": 42, "parents": [16, 18], "genome": "a(39,35) a(38,124) d(39) a(38,50) r(32,125) a(38,76) a(38,32) d(38) r(36,35) d(29)", "fitness": 12.0}
{"generation": 6, "position": 43, "parents": [16, 18], "genome": "r(32,5) a(38,80) d(39) r(6,61) r(31,125) a(5,162) d(5)", "fitness": 0.0}
{"generation": 6, "position": 44, "parents": [16], "genome": "a(39,35) a(38,124) d(39) r(6,61) r(31,125) a(5,162) a(38,133)", "fitness": 0.0}
{"generation": 6, "position": 45, "parents": [18], "genome": "r(32,5) a(38,80) d(39) a(38,50) r(32,125) a(38,76) a(38,32) d(38) r(36,35) r(6,83)", "fitness": 0.0}
{"generation": 6, "position": 46, "parents": [39, 41], "genome": "d(36) r(38,46)", "fitness": 0.0}
{"generation": 6, "position": 47, "parents": [39, 41], "genome": "d(36) d(32) d(6) r(38,43) d(39) a(29,76) d(39) d(5) a(38,46) a(38,76) d(31)", "fitness": 0.0}
{"generation": 6, "position": 48, "parents": [39], "genome": "d(36) a(29,76) d(39) d(5) a(38,46) a(38,76) a(35,44)", "fitness": 0.0}
{"generation": 6, "position": 49, "parents": [41], "genome": "d(36) d(32) d(6) r(38,43) d(39) a(31,93)", "fitness": 0.0}
{"generation": 6, "position": 50, "parents": [38, 41], "genome": "r(38,124) a(32,128) a(31,79) r(36,133) d(39) a(7,35) d(5)", "fitness": 0.0}
{"generation": 6, "position": 51, "parents": [38, 41], "genome": "d(36) d(32) d(6) r(38,43) d(39) a(5,38)", "fitness": 0.0}
{"generation": 6, "position": 52, "parents": [38], "genome": "r(38,124) a(32,128) a(31,79) r(36,133) d(39) a(7,35) r(5,91)", "fitness": 0.0}
{"generation": 6, "position": 53, "parents": [41], "genome": "d(36) d(32) d(6) r(38,43) d(39) r(31,125)", "fitness": 0.0}
{"generation": 6, "position": 54, "parents": [30, 22], "genome": "d(5) d(38) r(39,133)", "fitness": 4.0}
{"generation": 6, "position": 55, "parents": [30, 22], "genome": "r(38,124) r(31,72) a(39,104) r(39,93) d(37) r(5,41) r(39,5) r(32,45) r(31,66) d(37) d(36)", "fitness": 0.0}
{"generation": 6, "position": 56, "parents": [30], "genome": "d(5) d(38) r(39,5) r(32,45) r(31,66) d(37) a(36,40)", "fitness": 0.0}
{"generation": 6, "position": 57, "parents": [22], "genome": "r(38,124) r(31,72) a(39,104) r(39,93) d(37) r(5,41) d(36)", "fitness": 0.0}
{"generation": 6, "position": 58, "parents": [25, 40], "genome": "d(5) r(35,72) d(35) a(29,154) d(29) a(39,61)", "fitness": 0.0}
{"generation": 6, "position": 59, "parents": [25, 40], "genome": "r(36,39) d(37) d(5) a(35,78)", "fitness": 0.0}
{"generation": 6, "position": 60, "parents": [25], "genome": "d(5) r(35,72) d(38)", "fitness": 0.0}
{"generation": 6, "position": 61, "parents": [40], "genome": "r(36,39) d(37) d(5) d(35) a(29,154) d(29) r(32,47)", "fitness": 0.0}
{"generation": 6, "position": 62, "parents": [57, 23], "genome": "r(32,5) a(38,80) d(39) a(38,80) a(5,37) r(39,83) r(31,93) a(38,124) a(38,40)", "fitness": 0.0}
{"generation": 6, "position": 63, "parents": [57, 23], "genome": "r(32,5) a(38,50) r(38,90) a(7,145) d(37)", "fitness": 0.0}
{"generation": 6, "position": 64, "parents": [57], "genome": "r(32,5) a(38,80) d(39) a(38,50) r(38,90) a(7,145) a(37,82)", "fitness": 0.0}
{"generation": 6, "position": 65, "parents": [23], "genome": "r(32,5) a(38,80) a(5,37) r(39,83) r(31,93) a(38,124) r(37,104)", "fitness": 0.0}
{"generation": 6, "position": 66, "parents": [16, 35], "genome": "a(39,35) a(38,124) d(39) a(38,61) d(38) r(5,47) d(39) a(36,133) d(36)", "fitness": 0.0}
{"generation": 6, "position": 67, "parents": [16, 35], "genome": "r(32,5) r(29,104) r(6,61) r(31,125) a(5,162) a(38,125)", "fitness": 0.0}
{"generation": 6, "position": 68, "parents": [16], "genome": "a(39,35) a(38,124) d(39) r(6,61) r(31,125) a(5,162) d(5)", "fitness": 4.0}
{"generation": 7, "position": 0, "parents": [17, 11], "genome": "a(32,35) r(39,31) r(37,40) a(38,76) a(38,32) d(39) r(29,162) r(38,48) r(35,37)", "fitness": 0.0}
{"generation": 7, "position": 1, "parents": [17, 11], "genome": "d(5) r(32,125) r(5,47) a(31,65) r(38,43)", "fitness": 0.0}
{"generation": 7, "position": 2, "parents": [17], "genome": "a(32,35) r(39,31) r(37,40) r(5,47) a(31,65) r(29,96)", "fitness": 0.0}
{"generation": 7, "position": 3, "parents": [11], "genome": "d(5) r(32,125) a(38,76) a(38,32) d(39) r(29,162) r(38,48) a(37,47)", "fitness": 0.0}
{"generation": 7, "position": 4, "parents": [31, 34], "genome": "r(36,39) r(5,40) d(31) d(36) d(29) d(38)", "fitness": 0.0}
{"generation": 7, "position": 5, "parents": [31, 34], "genome": "d(38) d(32) r(37,133) d(37) r(5,47) d(32) r(29,56)", "fitness": 0.0}
{"generation": 7, "position": 6, "parents": [31], "genome": "r(36,39) d(37) r(5,47) d(32) d(31)", "fitness": 0.0}
{"generation": 7, "position": 7, "parents": [34], "genome": "d(38) d(32) r(37,133) r(5,40) d(31) d(36) d(29)", "fitness": 0.0}
{"generation": 7, "position": 8, "parents": [18, 43], "genome": "d(36) d(32) d(6) d(39) r(6,61) r(31,125) a(5,162) d(5) r(38,160)", "fitness": 0.0}
{"generation": 7, "position": 9, "parents": [18, 43], "genome": "r(32,5) a(38,80) r(38,43) a(39,128) d(39) d(6)", "fitness": 0.0}
{"generation": 7, "position": 10, "parents": [18], "genome": "d(36) d(32) d(6) r(38,43) a(39,128) d(39) a(37,60)", "fitness": 0.0}
{"generation": 7, "position": 11, "parents": [43], "genome": "r(32,5) a(38,80) d(39) r(6,61) r(31,125) a(5,162) d(5) a(29,96)", "fitness": 0.0}
{"generation": 7, "position": 12, "parents": [3], "genome": "a(32,35) r(39,31) a(31,90) r(38,104) d(31) a(37,61) r(36,29)", "fitness": 0.0}
{"generation": 7, "position": 13, "parents": [18], "genome": "d(36) d(32) d(6) r(38,43) a(39,128) d(39) a(29,43)", "fitness": 0.0}
{"generation": 7, "position": 14, "parents": [50], "genome": "r(38,124) a(32,128) a(31,79) r(36,133) d(39) a(7,35) d(5) d(32)", "fitness": 0.0}
{"generation": 7, "position": 15, "parents": [34], "genome": "d(38) d(32) r(37,133) r(5,40) d(31) d(36) d(29)", "fitness": 0.0}
{"generation": 7, "position": 16, "parents": [24], "genome": "r(38,124) r(35,48) d(39) a(32,83)", "fitness": 0.0}
{"generation": 7, "position": 17, "parents": [55], "genome": "r(38,124) r(31,72) a(39,104) r(39,93) d(37) r(5,41) r(39,5) r(32,45) r(31,66) d(37) d(36) a(29,80)", "fitness": 0.0}
{"generation": 7, "position": 18, "parents": [1, 55], "genome": "a(32,35) r(39,31) r(39,93) d(37) r(5,41) r(39,5) r(32,45) r(31,66) d(37) d(36) d(29)", "fitness": 0.0}
{"generation": 7, "position": 19, "parents": [1, 55], "genome": "r(38,124) r(31,72) a(39,104) a(31,90) r(35,93) r(39,145)", "fitness": 0.0}
{"generation": 7, "position": 20, "parents": [1], "genome": "a(32,35) r(39,31) a(31,90) r(35,93) a(6,36)", "fitness": 0.0}
{"generation": 7, "position": 21, "parents": [55], "genome": "r(38,124) r(31,72) a(39,104) r(39,93) d(37) r(5,41) r(39,5) r(32,45) r(31,66) d(37) d(36) a(29,90)", "fitness": 0.0}
{"generation": 7, "position": 22, "parents": [35], "genome": "d(36) a(31,90) d(39) a(6,5) r(5,47) d(39) r(31,78) a(38,125) a(37,38)", "fitness": 0.0}
{"generation": 7, "position": 23, "parents": [37], "genome": "r(32,5) d(39) a(5,133) a(38,58)", "fitness": 0.0}
{"generation": 7, "position": 24, "parents": [50], "genome": "r(38,124) a(32,128) a(31,79) r(36,133) d(39) a(7,35) d(5) d(31)", "fitness": 0.0}
{"generation": 7, "position": 25, "parents": [13], "genome": "d(36) a(31,90) d(39) a(6,5) d(38) a(32,72) d(37) r(29,91) a(6,35) d(5)", "fitness": 0.0}
{"generation": 7, "position": 26, "parents": [3, 8], "genome": "a(32,35) r(39,31) a(31,90) r(38,104) d(31)", "fitness": 0.0}
{"generation": 7, "position": 27, "parents": [3, 8], "genome": "r(32,5) a(38,80) a(5,37) r(39,83) r(31,93) a(38,124) a(38,162) d(31) a(37,61) d(38)", "fitness": 0.0}
{"generation": 7, "position": 28, "parents": [3], "genome": "a(32,35) r(39,31) a(31,90) r(38,104) d(31) a(37,61) a(6,50)", "fitness": 0.0}
{"generation": 7, "position": 29, "parents": [8], "genome": "r(32,5) a(38,80) a(5,37) r(39,83) r(31,93) a(38,124) a(38,162) r(29,160)", "fitness": 0.0}
{"generation": 7, "position": 30, "parents": [62, 2], "genome": "r(32,5) a(38,80) d(39) a(38,80) a(5,37) r(39,83) r(31,93) d(38) a(7,78)", "fitness": 0.0}
{"generation": 7, "position": 31, "parents": [62, 2], "genome": "d(5) r(35,72) a(38,124) a(38,40) r(39,42)", "fitness": 0.0}
{"generation": 7, "position": 32, "parents": [62], "genome": "r(32,5) a(38,80) d(39) a(38,80) a(5,37) r(39,83) r(31,93) a(38,124) a(38,40) a(5,56)", "fitness": 0.0}
{"generation": 7, "position": 33, "parents": [2], "genome": "d(5) r(35,72) d(38) r(39,36)", "fitness": 0.0}
{"generation": 7, "position": 34, "parents": [32, 26], "genome": "a(32,35) r(39,31) r(37,40) a(6,52) d(31) a(39,35) a(32,49)", "fitness": 0.0}
{"generation": 7, "position": 35, "parents": [32, 26], "genome": "r(32,5) r(29,104) r(5,47) r(32,50) r(38,76)", "fitness": 0.0}
{"generation": 7, "position": 36, "parents": [32], "genome": "a(32,35) r(39,31) r(37,40) r(5,47) r(32,50) a(29,45)", "fitness": 0.0}
{"generation": 7, "position": 37, "parents": [26], "genome": "r(32,5) r(29,104) a(6,52) d(31) a(39,35) r(39,154)", "fitness": 0.0}
{"generation": 7, "position": 38, "parents": [23, 52], "genome": "r(32,5) a(7,35) r(5,91) d(39)", "fitness": 0.0}
{"generation": 7, "position": 39, "parents": [23, 52], "genome": "r(38,124) a(32,128) a(31,79) r(36,133) d(39) a(38,32) d(38) r(35,48) a(39,43) r(5,66)", "fitness": 0.0}
{"generation": 7, "position": 40, "parents": [23], "genome": "r(32,5) a(38,32) d(38) r(35,48) a(39,43) r(37,125)", "fitness": 0.0}
{"generation": 7, "position": 41, "parents": [52], "genome": "r(38,124) a(32,128) a(31,79) r(36,133) d(39) a(7,35) r(5,91) a(32,29)", "fitness": 0.0}
{"generation": 7, "position": 42, "parents": [6], "genome": "d(36) d(5) d(37) d(29) d(35) r(32,35)", "fitness": 0.0}
{"generation": 7, "position": 43, "parents": [17], "genome": "a(32,35) r(39,31) r(37,40) r(5,47) a(31,65) a(35,162)", "fitness": 0.0}
{"generation": 7, "position": 44, "parents": [43, 61], "genome": "r(32,5) a(38,80) d(39) r(6,61) r(31,125) a(5,162) d(5) d(37) d(5) d(35) a(29,154) d(29) r(32,47) r(36,90)", "fitness": 0.0}
{"generation": 7, "position": 45, "parents": [43, 61], "genome": "r(36,39) d(37)", "fitness": 0.0}
{"generation": 7, "position": 46, "parents": [43], "genome": "r(32,5) a(38,80) d(39) r(6,61) r(31,125) a(5,162) d(5) a(38,72)", "fitness": 0.0}
{"generation": 7, "position": 47, "parents": [61], "genome": "r(36,39) d(37) d(5) d(35) a(29,154) d(29) r(32,47)", "fitness": 0.0}
{"generation": 7, "position": 48, "parents": [35, 53], "genome": "d(36) a(31,90) d(39) a(6,5) r(5,47) d(39) d(6) r(38,43) d(39) r(31,125) a(35,39)", "fitness": 0.0}
{"generation": 7, "position": 49, "parents": [35, 53], "genome": "d(36) d(32) r(31,78) a(38,125) a(39,38)", "fitness": 0.0}
{"generation": 7, "position": 50, "parents": [35], "genome": "d(36) a(31,90) d(39) a(6,5) r(5,47) d(39) r(31,78) a(38,125) r(35,29)", "fitness": 0.0}
{"generation": 7, "position": 51, "parents": [53], "genome": "d(36) d(32) d(6) r(38,43) d(39) r(31,125) d(29)", "fitness": 0.0}
{"generation": 7, "position": 52, "parents": [35, 0], "genome": "d(36) d(39) d(7)", "fitness": 12.0}
{"generation": 7, "position": 53, "parents": [35, 0], "genome": "d(5) r(35,72) r(38,104) d(31) a(31,90) d(39) a(6,5) r(5,47) d(39) r(31,78) a(38,125) d(36)", "fitness": 0.0}
{"generation": 7, "position": 54, "parents": [35], "genome": "d(36) a(31,90) d(39) a(6,5) r(5,47) d(39) r(31,78) a(38,125) a(38,74)", "fitness": 0.0}
{"generation": 7, "position": 55, "parents": [0], "genome": "d(5) r(35,72) r(38,104) d(31) d(39) a(36,46)", "fitness": 0.0}
{"generation": 7, "position": 56, "parents": [61, 48], "genome": "r(36,39) d(37) d(5) d(35) a(38,46) a(38,76) a(35,44) a(29,48)", "fitness": 0.0}
{"generation": 7, "position": 57, "parents": [61, 48], "genome": "d(36) a(29,76) d(39) d(5) a(29,154) d(29) r(32,47) a(38,66)", "fitness": 0.0}
{"generation": 7, "position": 58, "parents": [61], "genome": "r(36,39) d(37) d(5) d(35) a(29,154) d(29) r(32,47)", "fitness": 0.0}
{"generation": 7, "position": 59, "parents": [48], "genome": "d(36) a(29,76) d(39) d(5) a(38,46) a(38,76) a(35,44) a(38,38)", "fitness": 0.0}
{"generation": 7, "position": 60, "parents": [45, 1], "genome": "r(32,5) a(31,90) r(35,93) r(38,96)", "fitness": 0.0}
{"generation": 7, "position": 61, "parents": [45, 1], "genome": "a(32,35) r(39,31) a(38,80) d(39) a(38,50) r(32,125) a(38,76) a(38,32) d(38) r(36,35) r(6,83) a(29,37)", "fitness": 0.0}
{"generation": 7, "position": 62, "parents": [45], "genome": "r(32,5) a(38,80) d(39) a(38,50) r(32,125) a(38,76) a(38,32) d(38) r(36,35) r(6,83) d(37)", "fitness": 0.0}
{"generation": 7, "position": 63, "parents": [1], "genome": "a(32,35) r(39,31) a(31,90) r(35,93) d(31)", "fitness": 0.0}
{"generation": 7, "position": 64, "parents": [51, 15], "genome": "d(36) d(38) a(32,72) d(5) d(31)", "fitness": 0.0}
{"generation": 7, "position": 65, "parents": [51, 15], "genome": "d(36) a(31,90) d(39) a(6,5) d(32) d(6) r(38,43) d(39) a(5,38) r(37,61)", "fitness": 0.0}
{"generation": 7, "position": 66, "parents": [51], "genome": "d(36) d(32) d(6) r(38,43) d(39) a(5,38) r(5,79)", "fitness": 0.0}
{"generation": 8, "position": 0, "parents": [15], "genome": "d(38) d(32) r(37,133) r(5,40) d(31) d(36) d(29)", "fitness": 0.0}
{"generation": 8, "position": 1, "parents": [50], "genome": "d(36) a(31,90) d(39) a(6,5) r(5,47) d(39) r(31,78) a(38,125) r(35,29) a(38,125)", "fitness": 0.0}
{"generation": 8, "position": 2, "parents": [1, 23], "genome": "d(5) r(32,125) r(5,47) a(38,58) r(31,44)", "fitness": 0.0}
{"generation": 8, "position": 3, "parents": [1, 23], "genome": "r(32,5) d(39) a(5,133) a(31,65) r(38,43) a(6,91)", "fitness": 0.0}
{"generation": 8, "position": 4, "parents": [1], "genome": "d(5) r(32,125) r(5,47) a(31,65) r(38,43) d(39)", "fitness": 0.0}
{"generation": 8, "position": 5, "parents": [23], "genome": "r(32,5) d(39) a(5,133) a(38,58) r(38,108)", "fitness": 0.0}
{"generation": 8, "position": 6, "parents": [15], "genome": "d(38) d(32) r(37,133) r(5,40) d(31) d(36) d(29)", "fitness": 0.0}
{"generation": 8, "position": 7, "parents": [1], "genome": "d(5) r(32,125) r(5,47) a(31,65) r(38,43) a(39,108)", "fitness": 0.0}
{"generation": 8, "position": 8, "parents": [10, 50], "genome": "d(36) d(32) d(6) r(38,43) a(39,128) d(39) a(37,60) r(5,47) d(39) r(31,78) a(38,125) r(35,29) d(37)", "fitness": 0.0}
{"generation": 8, "position": 9, "parents": [10, 50], "genome": "d(36) a(31,90) d(39) a(6,5) d(37)", "fitness": 0.0}
{"generation": 8, "position": 10, "parents": [10], "genome": "d(36) d(32) d(6) r(38,43) a(39,128) d(39) a(37,60) d(37)", "fitness": 0.0}
{"generation": 8, "position": 11, "parents": [50], "genome": "d(36) a(31,90) d(39) a(6,5) r(5,47) d(39) r(31,78) a(38,125) r(35,29) r(38,50)", "fitness": 0.0}
{"generation": 8, "position": 12, "parents": [48, 23], "genome": "d(36) a(31,90) d(39) a(6,5) r(5,47) d(39) d(6) r(38,93)", "fitness": 0.0}
{"generation": 8, "position": 13, "parents": [48, 23], "genome": "r(32,5) d(39) a(5,133) a(38,58) r(38,43) d(39) r(31,125) a(35,39) a(36,90)", "fitness": 0.0}
{"generation": 8, "position": 14, "parents": [48], "genome": "d(36) a(31,90) d(39) a(6,5) r(5,47) d(39) d(6) r(38,43) d(39) r(31,125) a(35,39) a(35,133)", "fitness": 0.0}
{"generation": 8, "position": 15, "parents": [23], "genome": "r(32,5) d(39) a(5,133) a(38,58) d(7)", "fitness": 0.0}
{"generation": 8, "position": 16, "parents": [22, 4], "genome": "d(36) a(31,90) d(39) a(6,5) r(5,47) d(39) r(31,78) d(38)", "fitness": 0.0}
{"generation": 8, "position": 17, "parents": [22, 4], "genome": "r(36,39) r(5,40) d(31) d(36) d(29) d(38) a(38,125) a(37,38) r(35,83)", "fitness": 0.0}
{"generation": 8, "position": 18, "parents": [22], "genome": "d(36) a(31,90) d(39) a(6,5) r(5,47) d(39) r(31,78) a(38,125) a(37,38) r(32,79)", "fitness": 0.0}
{"generation": 8, "position": 19, "parents": [4], "genome": "r(36,39) r(5,40) d(31) d(36) d(29) d(38) d(35)", "fitness": 0.0}
{"generation": 8, "position": 20, "parents": [3], "genome": "d(5) r(32,125) a(38,76) a(38,32) d(39) r(29,162) r(38,48) a(37,47) r(36,48)", "fitness": 0.0}
{"generation": 8, "position": 21, "parents": [22], "genome": "d(36) a(31,90) d(39) a(6,5) r(5,47) d(39) r(31,78) a(38,125) a(37,38) r(38,32)", "fitness": 0.0}
{"generation": 8, "position": 22, "parents": [1], "genome": "d(5) r(32,125) r(5,47) a(31,65) r(38,43) r(29,145)", "fitness": 0.0}
{"generation": 8, "position": 23, "parents": [21], "genome": "r(38,124) r(31,72) a(39,104) r(39,93) d(37) r(5,41) r(39,5) r(32,45) r(31,66) d(37) d(36) a(29,90) r(29,160)", "fitness": 0.0}
{"generation": 8, "position": 24, "parents": [49], "genome": "d(36) d(32) r(31,78) a(38,125) a(39,38) r(38,58)", "fitness": 0.0}
{"generation": 8, "position": 25, "parents": [42], "genome": "d(36) d(5) d(37) d(29) d(35) r(32,35)", "fitness": 0.0}
{"generation": 8, "position": 26, "parents": [19, 41], "genome": "r(38,124) a(32,128) a(31,79) r(36,133) d(39) a(7,35) r(5,91) a(32,29) a(31,46)", "fitness": 0.0}
{"generation": 8, "position": 27, "parents": [19, 41], "genome": "r(38,124) r(31,72) a(39,104) a(31,90) r(35,93) r(39,145) a(5,93)", "fitness": 0.0}
{"generation": 8, "position": 28, "parents": [19], "genome": "r(38,124) r(31,72) a(39,104) a(31,90) r(35,93) r(39,145) d(36)", "fitness": 0.0}
{"generation": 8, "position": 29, "parents": [41], "genome": "r(38,124) a(32,128) a(31,79) r(36,133) d(39) a(7,35) r(5,91) a(32,29) d(29)", "fitness": 0.0}
{"generation": 8, "position": 30, "parents": [7, 29], "genome": "d(38) d(32) r(37,133) d(29)", "fitness": 0.0}
{"generation": 8, "position": 31, "parents": [7, 29], "genome": "r(32,5) a(38,80) a(5,37) r(39,83) r(31,93) a(38,124) a(38,162) r(29,160) r(5,40) d(31) d(36) d(29) a(37,96)", "fitness": 0.0}
{"generation": 8, "position": 32, "parents": [7], "genome": "d(38) d(32) r(37,133) r(5,40) d(31) d(36) d(29)", "fitness": 0.0}
{"generation": 8, "position": 33, "parents": [29], "genome": "r(32,5) a(38,80) a(5,37) r(39,83) r(31,93) a(38,124) a(38,162) r(29,160) r(38,74)", "fitness": 0.0}
{"generation": 8, "position": 34, "parents": [57, 67], "genome": "d(36) a(29,76) d(39) d(5) a(29,154) d(29) r(32,47) d(5) d(37)", "fitness": 0.0}
{"generation": 8, "position": 35, "parents": [57, 67], "genome": "d(36) a(31,90) d(39) a(6,5) d(38) a(32,72) a(38,66) a(5,96)", "fitness": 0.0}
{"generation": 8, "position": 36, "parents": [57], "genome": "d(36) a(29,76) d(39) d(5) a(29,154) d(29) r(32,47) a(38,66) r(38,41)", "fitness": 0.0}
{"generation": 8, "position": 37, "parents": [67], "genome": "d(36) a(31,90) d(39) a(6,5) d(38) a(32,72) d(5) d(37) a(29,35)", "fitness": 0.0}
{"generation": 8, "position": 38, "parents": [39, 1], "genome": "r(38,124) a(32,128) a(31,79) r(36,133) d(39) a(38,32) d(38) r(35,48) r(37,5)", "fitness": 0.0}
{"generation": 8, "position": 39, "parents": [39, 1], "genome": "d(5) r(32,125) r(5,47) a(31,65) r(38,43) a(39,43) r(5,66) a(39,48)", "fitness": 0.0}
{"generation": 8, "position": 40, "parents": [39], "genome": "r(38,124) a(32,128) a(31,79) r(36,133) d(39) a(38,32) d(38) r(35,48) a(39,43) r(5,66) d(31)", "fitness": 0.0}
{"generation": 8, "position": 41, "parents": [1], "genome": "d(5) r(32,125) r(5,47) a(31,65) r(38,43) a(39,5)", "fitness": 0.0}
{"generation": 8, "position": 42, "parents": [46], "genome": "r(32,5) a(38,80) d(39) r(6,61) r(31,125) a(5,162) d(5) a(38,72) d(29)", "fitness": 0.0}
{"generation": 8, "position": 43, "parents": [37], "genome": "r(32,5) r(29,104) a(6,52) d(31) a(39,35) r(39,154) d(38)", "fitness": 0.0}
{"generation": 8, "position": 44, "parents": [36], "genome": "a(32,35) r(39,31) r(37,40) r(5,47) r(32,50) a(29,45) d(31)", "fitness": 0.0}
{"generation": 8, "position": 45, "parents": [31], "genome": "d(5) r(35,72) a(38,124) a(38,40) r(39,42) d(38)", "fitness": 0.0}
{"generation": 8, "position": 46, "parents": [19], "genome": "r(38,124) r(31,72) a(39,104) a(31,90) r(35,93) r(39,145) r(6,48)", "fitness": 0.0}
{"generation": 8, "position": 47, "parents": [34], "genome": "a(32,35) r(39,31) r(37,40) a(6,52) d(31) a(39,35) a(32,49) r(36,91)", "fitness": 0.0}
{"generation": 8, "position": 48, "parents": [1, 2], "genome": "d(5) r(32,125) r(29,96) r(38,37)", "fitness": 0.0}
{"generation": 8, "position": 49, "parents": [1, 2], "genome": "a(32,35) r(39,31) r(37,40) r(5,47) a(31,65) r(5,47) a(31,65) r(38,43) a(32,95)", "fitness": 0.0}
{"generation": 8, "position": 50, "parents": [1], "genome": "d(5) r(32,125) r(5,47) a(31,65) r(38,43) a(39,58)", "fitness": 0.0}
{"generation": 8, "position": 51, "parents": [2], "genome": "a(32,35) r(39,31) r(37,40) r(5,47) a(31,65) r(29,96) a(36,36)", "fitness": 0.0}
{"generation": 8, "position": 52, "parents": [45], "genome": "r(36,39) d(37) r(32,45)", "fitness": 0.0}
{"generation": 8, "position": 53, "parents": [8], "genome": "d(36) d(32) d(6) d(39) r(6,61) r(31,125) a(5,162) d(5) r(38,160) r(29,61)", "fitness": 0.0}
{"generation": 8, "position": 54, "parents": [13, 67], "genome": "d(36) d(32) d(6) a(6,5) d(38) a(32,72) d(5) d(37) r(29,32)", "fitness": 0.0}
{"generation": 8, "position": 55, "parents": [13, 67], "genome": "d(36) a(31,90) d(39) r(38,43) a(39,128) d(39) a(29,43) r(37,133)", "fitness": 0.0}
{"generation": 8, "position": 56, "parents": [13], "genome": "d(36) d(32) d(6) r(38,43) a(39,128) d(39) a(29,43) a(31,47)", "fitness": 0.0}
{"generation": 8, "position": 57, "parents": [67], "genome": "d(36) a(31,90) d(39) a(6,5) d(38) a(32,72) d(5) d(37) r(32,74)", "fitness": 0.0}
{"generation": 8, "position": 58, "parents": [62], "genome": "r(32,5) a(38,80) d(39) a(38,50) r(32,125) a(38,76) a(38,32) d(38) r(36,35) r(6,83) d(37) r(5,160)", "fitness": 0.0}
{"generation": 9, "position": 0, "parents": [56, 9], "genome": "d(36) d(32) a(6,5) d(37) a(6,75)", "fitness": 0.0}
{"generation": 9, "position": 1, "parents": [56, 9], "genome": "d(36) a(31,90) d(39) d(6) r(38,43) a(39,128) d(39) a(29,43) a(31,47) d(32)", "fitness": 0.0}
{"generation": 9, "position": 2, "parents": [56], "genome": "d(36) d(32) d(6) r(38,43) a(39,128) d(39) a(29,43) a(31,47) a(31,56)", "fitness": 0.0}
{"generation": 9, "position": 3, "parents": [9], "genome": "d(36) a(31,90) d(39) a(6,5) d(37) d(6)", "fitness": 0.0}
{"generation": 9, "position": 4, "parents": [5], "genome": "r(32,5) d(39) a(5,133) a(38,58) r(38,108) d(37)", "fitness": 0.0}
{"generation": 9, "position": 5, "parents": [4], "genome": "d(5) r(32,125) r(5,47) a(31,65) r(38,43) d(39) r(31,65)", "fitness": 0.0}
{"generation": 9, "position": 6, "parents": [56, 2], "genome": "d(36) d(32) d(6) r(38,43) a(39,128) d(39) a(29,43) r(31,44) a(37,145)", "fitness": 0.0}
{"generation": 9, "position": 7, "parents": [56, 2], "genome": "d(5) r(32,125) r(5,47) a(38,58) a(31,47) d(39)", "fitness": 0.0}
{"generation": 9, "position": 8, "parents": [56], "genome": "d(36) d(32) d(6) r(38,43) a(39,128) d(39) a(29,43) a(31,47) a(29,79)", "fitness": 0.0}
{"generation": 9, "position": 9, "parents": [2], "genome": "d(5) r(32,125) r(5,47) a(38,58) r(31,44) d(37)", "fitness": 0.0}
{"generation": 9, "position": 10, "parents": [47, 9], "genome": "a(32,35) r(39,31) r(37,40) a(6,52) d(31) a(39,35) d(39) a(6,5) d(37) d(5)", "fitness": 4.0}
{"generation": 9, "position": 11, "parents": [47, 9], "genome": "d(36) a(31,90) a(32,49) r(36,91) d(38)", "fitness": 0.0}
{"generation": 9, "position": 12, "parents": [47], "genome": "a(32,35) r(39,31) r(37,40) a(6,52) d(31) a(39,35) a(32,49) r(36,91) a(35,90)", "fitness": 0.0}
{"generation": 9, "position": 13, "parents": [9], "genome": "d(36) a(31,90) d(39) a(6,5) d(37) a(35,29)", "fitness": 0.0}
{"generation": 9, "position": 14, "parents": [29, 43], "genome": "r(38,124) a(32,128) a(31,79) r(36,133) d(39) a(7,35) r(5,91) a(32,29) a(6,52) d(31) a(39,35) r(39,154) d(38) r(29,80)", "fitness": 0.0}
{"generation": 9, "position": 15, "parents": [29, 43], "genome": "r(32,5) r(29,104) d(29) d(38)", "fitness": 0.0}
{"generation": 9, "position": 16, "parents": [29], "genome": "r(38,124) a(32,128) a(31,79) r(36,133) d(39) a(7,35) r(5,91) a(32,29) d(29) d(37)", "fitness": 0.0}
{"generation": 9, "position": 17, "parents": [43], "genome": "r(32,5) r(29,104) a(6,52) d(31) a(39,35) r(39,154) d(38) r(36,45)", "fitness": 0.0}
{"generation": 9, "position": 18, "parents": [47], "genome": "a(32,35) r(39,31) r(37,40) a(6,52) d(31) a(39,35) a(32,49) r(36,91) r(35,145)", "fitness": 0.0}
{"generation": 9, "position": 19, "parents": [50], "genome": "d(5) r(32,125) r(5,47) a(31,65) r(38,43) a(39,58) r(39,31)", "fitness": 0.0}
{"generation": 9, "position": 20, "parents": [10], "genome": "d(36) d(32) d(6) r(38,43) a(39,128) d(39) a(37,60) d(37) r(29,83)", "fitness": 0.0}
{"generation": 9, "position": 21, "parents": [4], "genome": "d(5) r(32,125) r(5,47) a(31,65) r(38,43) d(39) r(36,163)", "fitness": 12.0}
{"generation": 9, "position": 22, "parents": [57], "genome": "d(36) a(31,90) d(39) a(6,5) d(38) a(32,72) d(5) d(37) r(32,74) d(31)", "fitness": 0.0}
{"generation": 9, "position": 23, "parents": [40], "genome": "r(38,124) a(32,128) a(31,79) r(36,133) d(39) a(38,32) d(38) r(35,48) a(39,43) r(5,66) d(31) r(32,162)", "fitness": 0.0}
{"generation": 9, "position": 24, "parents": [24, 25], "genome": "d(36) d(32) d(37) d(29) d(35) r(32,35) d(6)", "fitness": 0.0}
{"generation": 9, "position": 25, "parents": [24, 25], "genome": "d(36) d(5) r(31,78) a(38,125) a(39,38) r(38,58) a(35,80)", "fitness": 0.0}
{"generation": 9, "position": 26, "parents": [24], "genome": "d(36) d(32) r(31,78) a(38,125) a(39,38) r(38,58) a(7,124)", "fitness": 0.0}
{"generation": 9, "position": 27, "parents": [25], "genome": "d(36) d(5) d(37) d(29) d(35) r(32,35)", "fitness": 0.0}
{"generation": 9, "position": 28, "parents": [23], "genome": "r(38,124) r(31,72) a(39,104) r(39,93) d(37) r(5,41) r(39,5) r(32,45) r(31,66) d(37) d(36) a(29,90) r(29,160)", "fitness": 0.0}
{"generation": 9, "position": 29, "parents": [42], "genome": "r(32,5) a(38,80) d(39) r(6,61) r(31,125) a(5,162) d(5) a(38,72) d(29) a(38,73)", "fitness": 0.0}
{"generation": 9, "position": 30, "parents": [3, 6], "genome": "r(32,5) d(39) a(5,133) a(31,65) d(29) d(38)", "fitness": 0.0}
{"generation": 9, "position": 31, "parents": [3, 6], "genome": "d(38) d(32) r(37,133) r(5,40) d(31) d(36) r(38,43) a(6,91) r(29,101)", "fitness": 12.0}
{"generation": 9, "position": 32, "parents": [3], "genome": "r(32,5) d(39) a(5,133) a(31,65) r(38,43) a(6,91) a(5,35)", "fitness": 0.0}
{"generation": 9, "position": 33, "parents": [6], "genome": "d(38) d(32) r(37,133) r(5,40) d(31) d(36) d(29)", "fitness": 0.0}
{"generation": 9, "position": 34, "parents": [56], "genome": "d(36) d(32) d(6) r(38,43) a(39,128) d(39) a(29,43) a(31,47) d(37)", "fitness": 0.0}
{"generation": 9, "position": 35, "parents": [54], "genome": "d(36) d(32) d(6) a(6,5) d(38) a(32,72) d(5) d(37) r(29,32)", "fitness": 0.0}
{"generation": 9, "position": 36, "parents": [57], "genome": "d(36) a(31,90) d(39) a(6,5) d(38) a(32,72) d(5) d(37) r(32,74) a(29,96)", "fitness": 0.0}
{"generation": 9, "position": 37, "parents": [11], "genome": "d(36) a(31,90) d(39) a(6,5) r(5,47) d(39) r(31,78) a(38,125) r(35,29) r(38,50) d(29)", "fitness": 0.0}
{"generation": 9, "position": 38, "parents": [46, 23], "genome": "r(38,124) r(31,72) a(39,104) a(31,90) r(39,93) d(37) r(5,41) r(39,5) r(32,45) r(31,66) d(37) d(36) a(29,90) r(29,160)", "fitness": 0.0}
{"generation": 9, "position": 39, "parents": [46, 23], "genome": "r(38,124) r(31,72) a(39,104) r(35,93) r(39,145) r(6,48) a(36,104)", "fitness": 0.0}
{"generation": 9, "position": 40, "parents": [46], "genome": "r(38,124) r(31,72) a(39,104) a(31,90) r(35,93) r(39,145) r(6,48) r(29,162)", "fitness": 0.0}
{"generation": 9, "position": 41, "parents": [23], "genome": "r(38,124) r(31,72) a(39,104) r(39,93) d(37) r(5,41) r(39,5) r(32,45) r(31,66) d(37) d(36) a(29,90) r(29,160)", "fitness": 0.0}
{"generation": 9, "position": 42, "parents": [28, 52], "genome": "r(38,124) r(31,72) a(39,104) r(32,45) d(39)", "fitness": 0.0}
{"generation": 9, "position": 43, "parents": [28, 52], "genome": "r(36,39) d(37) a(31,90) r(35,93) r(39,145) d(36) d(5)", "fitness": 0.0}
{"generation": 9, "position": 44, "parents": [28], "genome": "r(38,124) r(31,72) a(39,104) a(31,90) r(35,93) r(39,145) d(36) d(37)", "fitness": 0.0}
{"generation": 9, "position": 45, "parents": [52], "genome": "r(36,39) d(37) r(32,45) r(5,90)", "fitness": 0.0}
{"generation": 9, "position": 46, "parents": [56], "genome": "d(36) d(32) d(6) r(38,43) a(39,128) d(39) a(29,43) a(31,47) a(29,93)", "fitness": 0.0}
{"generation": 9, "position": 47, "parents": [35], "genome": "d(36) a(31,90) d(39) a(6,5) d(38) a(32,72) a(38,66) a(5,96) d(6)", "fitness": 0.0}
{"generation": 9, "position": 48, "parents": [0], "genome": "d(38) d(32) r(37,133) r(5,40) d(31) d(36) d(29)", "fitness": 0.0}
{"generation": 9, "position": 49, "parents": [29], "genome": "r(38,124) a(32,128) a(31,79) r(36,133) d(39) a(7,35) r(5,91) a(32,29) d(29) d(35)", "fitness": 0.0}
{"generation": 9, "position": 50, "parents": [27], "genome": "r(38,124) r(31,72) a(39,104) a(31,90) r(35,93) r(39,145) a(5,93) a(37,40)", "fitness": 0.0}
{"generation": 9, "position": 51, "parents": [21], "genome": "d(36) a(31,90) d(39) a(6,5) r(5,47) d(39) r(31,78) a(38,125) a(37,38) r(38,32) a(29,95)", "fitness": 0.0}
{"generation": 9, "position": 52, "parents": [54], "genome": "d(36) d(32) d(6) a(6,5) d(38) a(32,72) d(5) d(37) r(29,32)", "fitness": 0.0}
{"generation": 9, "position": 53, "parents": [26], "genome": "r(38,124) a(32,128) a(31,79) r(36,133) d(39) a(7,35) r(5,91) a(32,29) a(31,46) r(29,79)", "fitness": 0.0}
{"generation": 9, "position": 54, "parents": [16], "genome": "d(36) a(31,90) d(39) a(6,5) r(5,47) d(39) r(31,78) d(38) a(32,90)", "fitness": 0.0}
{"generation": 10, "position": 0, "parents": [18], "genome": "a(32,35) r(39,31) r(37,40) a(6,52) d(31) a(39,35) a(32,49) r(36,91) r(35,145) r(32,74)", "fitness": 0.0}
{"generation": 10, "position": 1, "parents": [27], "genome": "d(36) d(5) d(37) d(29) d(35) r(32,35)", "fitness": 0.0}
{"generation": 10, "position": 2, "parents": [26, 1], "genome": "d(36) d(32) r(31,78) a(38,125) a(39,38) a(39,128) d(39) a(29,43) a(31,47) d(32) r(38,50)", "fitness": 0.0}
{"generation": 10, "position": 3, "parents": [26, 1], "genome": "d(36) a(31,90) d(39) d(6) r(38,43) r(38,58) a(7,124) r(5,76)", "fitness": 0.0}
{"generation": 10, "position": 4, "parents": [26], "genome": "d(36) d(32) r(31,78) a(38,125) a(39,38) r(38,58) a(7,124) a(39,163)", "fitness": 0.0}
{"generation": 10, "position": 5, "parents": [1], "genome": "d(36) a(31,90) d(39) d(6) r(38,43) a(39,128) d(39) a(29,43) a(31,47) d(32) d(29)", "fitness": 0.0}
{"generation": 10, "position": 6, "parents": [19, 48], "genome": "d(5) d(32) r(37,133) r(5,40) d(31) d(36) d(29)", "fitness": 0.0}
{"generation": 10, "position": 7, "parents": [19, 48], "genome": "d(38) r(32,125) r(5,47) a(31,65) r(38,43) a(39,58) r(39,31) d(31)", "fitness": 0.0}
{"generation": 10, "position": 8, "parents": [19], "genome": "d(5) r(32,125) r(5,47) a(31,65) r(38,43) a(39,58) r(39,31) d(37)", "fitness": 0.0}
{"generation": 10, "position": 9, "parents": [48], "genome": "d(38) d(32) r(37,133) r(5,40) d(31) d(36) d(29)", "fitness": 0.0}
{"generation": 10, "position": 10, "parents": [46, 46], "genome": "d(36) d(32) d(6) r(38,43) a(39,128) d(39) a(29,43) a(31,47) a(29,93) a(39,128) d(39) a(29,43) a(31,47) a(29,93) r(31,145)", "fitness": 0.0}
{"generation": 10, "position": 11, "parents": [46, 46], "genome": "d(36) d(32) d(6) r(38,43) r(39,42)", "fitness": 0.0}
{"generation": 10, "position": 12, "parents": [46], "genome": "d(36) d(32) d(6) r(38,43) a(39,128) d(39) a(29,43) a(31,47) a(29,93) d(29)", "fitness": 0.0}
{"generation": 10, "position": 13, "parents": [46], "genome": "d(36) d(32) d(6) r(38,43) a(39,128) d(39) a(29,43) a(31,47) a(29,93) r(37,133)", "fitness": 0.0}
{"generation": 10, "position": 14, "parents": [42], "genome": "r(38,124) r(31,72) a(39,104) r(32,45) d(39) d(29)", "fitness": 0.0}
{"generation": 10, "position": 15, "parents": [39], "genome": "r(38,124) r(31,72) a(39,104) r(35,93) r(39,145) r(6,48) a(36,104) a(29,36)", "fitness": 0.0}
{"generation": 10, "position": 16, "parents": [29], "genome": "r(32,5) a(38,80) d(39) r(6,61) r(31,125) a(5,162) d(5) a(38,72) d(29) a(38,73) a(38,80)", "fitness": 0.0}
{"generation": 10, "position": 17, "parents": [53], "genome": "r(38,124) a(32,128) a(31,79) r(36,133) d(39) a(7,35) r(5,91) a(32,29) a(31,46) r(29,79) a(35,61)", "fitness": 0.0}
{"generation": 10, "position": 18, "parents": [9, 14], "genome": "d(5) r(32,125) r(5,47) a(38,58) r(31,44) d(37) a(6,52) d(31) a(39,35) r(39,154) d(38) r(29,80) d(36)", "fitness": 0.0}
{"generation": 10, "position": 19, "parents": [9, 14], "genome": "r(38,124) a(32,128) a(31,79) r(36,133) d(39) a(7,35) r(5,91) a(32,29) r(37,154)", "fitness": 0.0}
{"generation": 10, "position": 20, "parents": [9], "genome": "d(5) r(32,125) r(5,47) a(38,58) r(31,44) d(37) d(29)", "fitness": 0.0}
{"generation": 10, "position": 21, "parents": [14], "genome": "r(38,124) a(32,128) a(31,79) r(36,133) d(39) a(7,35) r(5,91) a(32,29) a(6,52) d(31) a(39,35) r(39,154) d(38) r(29,80) a(35,162)", "fitness": 0.0}
{"generation": 10, "position": 22, "parents": [29, 33], "genome": "r(32,5) a(38,80) d(39) r(6,61) r(31,125) a(5,162) d(31) d(36) d(29) a(38,95)", "fitness": 0.0}
{"generation": 10, "position": 23, "parents": [29, 33], "genome": "d(38) d(32) r(37,133) r(5,40) d(5) a(38,72) d(29) a(38,73) r(36,46)", "fitness": 0.0}
{"generation": 10, "position": 24, "parents": [29], "genome": "r(32,5) a(38,80) d(39) r(6,61) r(31,125) a(5,162) d(5) a(38,72) d(29) a(38,73) a(38,162)", "fitness": 0.0}
{"generation": 10, "position": 25, "parents": [33], "genome": "d(38) d(32) r(37,133) r(5,40) d(31) d(36) d(29)", "fitness": 0.0}
{"generation": 10, "position": 26, "parents": [14, 48], "genome": "r(38,124) a(32,128) a(31,79) r(36,133) d(39) a(7,35) d(36) d(29) r(37,60)", "fitness": 0.0}
{"generation": 10, "position": 27, "parents": [14, 48], "genome": "d(38) d(32) r(37,133) r(5,40) d(31) r(5,91) a(32,29) a(6,52) d(31) a(39,35) r(39,154) d(38) r(29,80) a(36,44)", "fitness": 0.0}
{"generation": 10, "position": 28, "parents": [14], "genome": "r(38,124) a(32,128) a(31,79) r(36,133) d(39) a(7,35) r(5,91) a(32,29) a(6,52) d(31) a(39,35) r(39,154) d(38) r(29,80) r(35,41)", "fitness": 0.0}
{"generation": 10, "position": 29, "parents": [48], "genome": "d(38) d(32) r(37,133) r(5,40) d(31) d(36) d(29)", "fitness": 0.0}
{"generation": 10, "position": 30, "parents": [18, 7], "genome": "a(32,35) r(39,31) r(37,40) a(6,52) d(31) d(39) a(32,82)", "fitness": 4.0}
{"generation": 10, "position": 31, "parents": [18, 7], "genome": "d(5) r(32,125) r(5,47) a(38,58) a(31,47) a(39,35) a(32,49) r(36,91) r(35,145) d(39)", "fitness": 0.0}
{"generation": 10, "position": 32, "parents": [18], "genome": "a(32,35) r(39,31) r(37,40) a(6,52) d(31) a(39,35) a(32,49) r(36,91) r(35,145) d(7)", "fitness": 12.0}
{"generation": 10, "position": 33, "parents": [7], "genome": "d(5) r(32,125) r(5,47) a(38,58) a(31,47) d(39) r(38,47)", "fitness": 0.0}
{"generation": 10, "position": 34, "parents": [52], "genome": "d(36) d(32) d(6) a(6,5) d(38) a(32,72) d(5) d(37) r(29,32)", "fitness": 0.0}
{"generation": 10, "position": 35, "parents": [33], "genome": "d(38) d(32) r(37,133) r(5,40) d(31) d(36) d(29)", "fitness": 0.0}
{"generation": 10, "position": 36, "parents": [11], "genome": "d(36) a(31,90) a(32,49) r(36,91) d(38) d(6)", "fitness": 0.0}
{"generation": 10, "position": 37, "parents": [30], "genome": "r(32,5) d(39) a(5,133) a(31,65) d(29) d(38) d(5)", "fitness": 0.0}
{"generation": 10, "position": 38, "parents": [26, 53], "genome": "d(36) d(32) r(31,78) a(38,125) a(39,38) r(38,58) a(7,124) a(31,46) r(29,79) a(39,72)", "fitness": 0.0}
{"generation": 10, "position": 39, "parents": [26, 53], "genome": "r(38,124) a(32,128) a(31,79) r(36,133) d(39) a(7,35) r(5,91) a(32,29) r(37,101)", "fitness": 0.0}
{"generation": 10, "position": 40, "parents": [26], "genome": "d(36) d(32) r(31,78) a(38,125) a(39,38) r(38,58) a(7,124) a(7,82)", "fitness": 0.0}
{"generation": 10, "position": 41, "parents": [53], "genome": "r(38,124) a(32,128) a(31,79) r(36,133) d(39) a(7,35) r(5,91) a(32,29) a(31,46) r(29,79) a(37,45)", "fitness": 0.0}
{"generation": 10, "position": 42, "parents": [52, 49], "genome": "d(36) a(32,128) a(31,79) r(36,133) d(39) a(7,35) r(5,91) a(32,29) d(29) d(35) r(38,73)", "fitness": 0.0}
{"generation": 10, "position": 43, "parents": [52, 49], "genome": "r(38,124) d(32) d(6) a(6,5) d(38) a(32,72) d(5) d(37) r(29,32) r(36,154)", "fitness": 0.0}
{"generation": 10, "position": 44, "parents": [52], "genome": "d(36) d(32) d(6) a(6,5) d(38) a(32,72) d(5) d(37) r(29,32)", "fitness": 0.0}
{"generation": 10, "position": 45, "parents": [49], "genome": "r(38,124) a(32,128) a(31,79) r(36,133) d(39) a(7,35) r(5,91) a(32,29) d(29) d(35) a(32,43)", "fitness": 0.0}
{"generation": 10, "position": 46, "parents": [27, 45], "genome": "d(36) r(29,50)", "fitness": 0.0}
{"generation": 10, "position": 47, "parents": [27, 45], "genome": "r(36,39) d(37) r(32,45) r(5,90) d(5) d(37) d(29) d(35) r(32,35)", "fitness": 0.0}
{"generation": 10, "position": 48, "parents": [27], "genome": "d(36) d(5) d(37) d(29) d(35) r(32,35)", "fitness": 0.0}
{"generation": 10, "position": 49, "parents": [45], "genome": "r(36,39) d(37) r(32,45) r(5,90) d(29)", "fitness": 0.0}
{"generation": 10, "position": 50, "parents": [28, 37], "genome": "r(38,124) r(31,72) a(39,104) r(39,93) d(37) r(5,41) r(39,5) r(5,47) d(39) r(31,78) a(38,125) r(35,29) r(38,50) d(29) a(32,145)", "fitness": 0.0}
{"generation": 10, "position": 51, "parents": [28, 37], "genome": "d(36) a(31,90) d(39) a(6,5) r(32,45) r(31,66) d(37) d(36) a(29,90) r(29,160) d(6)", "fitness": 0.0}
{"generation": 10, "position": 52, "parents": [28], "genome": "r(38,124) r(31,72) a(39,104) r(39,93) d(37) r(5,41) r(39,5) r(32,45) r(31,66) d(37) d(36) a(29,90) r(29,160)", "fitness": 0.0}
{"generation": 10, "position": 53, "parents": [37], "genome": "d(36) a(31,90) d(39) a(6,5) r(5,47) d(39) r(31,78) a(38,125) r(35,29) r(38,50) d(29) r(32,44)", "fitness": 0.0}
{"generation": 10, "position": 54, "parents": [12, 52], "genome": "a(32,35) r(39,31) r(37,40) a(6,52) d(31) a(39,35) a(32,49) r(36,91) d(5) d(37) r(29,32) d(32)", "fitness": 0.0}
{"generation": 10, "position": 55, "parents": [12, 52], "genome": "d(36) d(32) d(6) a(6,5) d(38) a(32,72) a(35,90) a(31,154)", "fitness": 0.0}
{"generation": 10, "position": 56, "parents": [12], "genome": "a(32,35) r(39,31) r(37,40) a(6,52) d(31) a(39,35) a(32,49) r(36,91) a(35,90) r(35,104)", "fitness": 0.0}
{"generation": 10, "position": 57, "parents": [52], "genome": "d(36) d(32) d(6) a(6,5) d(38) a(32,72) d(5) d(37) r(29,32)", "fitness": 0.0}
{"generation": 10, "position": 58, "parents": [35], "genome": "d(36) d(32) d(6) a(6,5) d(38) a(32,72) d(5) d(37) r(29,32)", "fitness": 0.0}
{"generation": 10, "position": 59, "parents": [25], "genome": "d(36) d(5) r(31,78) a(38,125) a(39,38) r(38,58) a(35,80) a(39,46)", "fitness": 0.0}
{"generation": 10, "position": 60, "parents": [47, 14], "genome": "d(36) a(31,90) d(39) r(29,80) d(38)", "fitness": 0.0}
{"generation": 10, "position": 61, "parents": [47, 14], "genome": "r(38,124) a(32,128) a(31,79) r(36,133) d(39) a(7,35) r(5,91) a(32,29) a(6,52) d(31) a(39,35) r(39,154) d(38) a(6,5) d(38) a(32,72) a(38,66) a(5,96) d(6) d(29)", "fitness": 0.0}
{"generation": 10, "position": 62, "parents": [47], "genome": "d(36) a(31,90) d(39) a(6,5) d(38) a(32,72) a(38,66) a(5,96) d(6) d(29)", "fitness": 0.0}
{"generation": 10, "position": 63, "parents": [14], "genome": "r(38,124) a(32,128) a(31,79) r(36,133) d(39) a(7,35) r(5,91) a(32,29) a(6,52) d(31) a(39,35) r(39,154) d(38) r(29,80) d(35)", "fitness": 0.0}
{"generation": 10, "position": 64, "parents": [36, 25], "genome": "d(36) a(31,90) d(39) a(6,5) d(38) a(32,72) d(5) d(37) d(32)", "fitness": 0.0}
{"generation": 10, "position": 65, "parents": [36, 25], "genome": "d(36) d(5) r(31,78) a(38,125) a(39,38) r(38,58) a(35,80) r(32,74) a(29,96) d(39)", "fitness": 0.0}
{"generation": 10, "position": 66, "parents": [36], "genome": "d(36) a(31,90) d(39) a(6,5) d(38) a(32,72) d(5) d(37) r(32,74) a(29,96) a(31,31)", "fitness": 0.0}