[meta]
{"program": "genprog-3.0", "problem": {"ideal_fitness": "12", "type": "repair", "name": "ultrix-look", "enclosure": {"1": 0, "2": 0, "3": 0, "4": 0, "5": 0, "6": 5, "7": 6, "8": 7, "11": 5, "12": 11, "14": 0, "16": 0, "18": 0, "19": 0, "20": 19, "21": 19, "26": 11, "27": 5, "28": 5, "29": 0, "30": 29, "31": 29, "32": 0, "33": 32, "34": 32, "35": 32, "36": 0, "37": 0, "38": 37, "39": 37, "40": 37, "41": 0, "42": 0, "43": 0, "44": 0, "45": 0, "46": 45, "47": 45, "48": 45, "49": 48, "50": 48, "51": 48, "52": 51, "53": 52, "56": 45, "57": 45, "58": 57, "60": 45, "61": 45, "63": 0, "65": 63, "66": 0, "68": 0, "71": 45, "72": 0, "73": 0, "74": 73, "75": 73, "76": 75, "78": 73, "79": 73, "80": 79, "81": 79, "82": 73, "83": 73, "85": 0, "86": 0, "90": 0, "91": 90, "92": 90, "93": 92, "95": 90, "96": 90, "98": 0, "101": 0, "102": 0, "103": 102, "104": 103, "106": 102, "107": 106, "108": 106, "109": 102, "110": 102, "111": 0, "112": 111, "113": 111, "114": 113, "115": 113, "116": 115, "117": 115, "118": 113, "119": 111, "120": 0, "121": 0, "122": 121, "123": 121, "124": 123, "125": 123, "126": 121, "128": 126, "129": 121, "130": 121, "131": 121, "132": 0, "133": 0, "134": 0, "135": 134, "136": 134, "137": 134, "138": 134, "139": 134, "140": 139, "142": 139, "143": 142, "145": 142, "146": 134, "147": 146, "148": 146, "149": 148, "150": 148, "151": 148, "152": 151, "154": 146, "155": 134, "156": 155, "157": 155, "158": 157, "159": 157, "160": 155, "161": 134, "162": 134, "163": 0}}, "version": "0.0.2", "seed": 13, "algorithm": {"representation": "patch", "type": "genetic", "name": "ALGORITHM-NAME"}}

[data]
{"generation": 0, "position": 0, "parents": [], "genome": "r(39,29)", "fitness": 4.0}
{"generation": 0, "position": 1, "parents": [], "genome": "a(38,82)", "fitness": 4.0}
{"generation": 0, "position": 2, "parents": [], "genome": "d(38)", "fitness": 4.0}
{"generation": 0, "position": 3, "parents": [], "genome": "a(32,53)", "fitness": 4.0}
{"generation": 0, "position": 4, "parents": [], "genome": "a(39,46)", "fitness": 4.0}
{"generation": 0, "position": 5, "parents": [], "genome": "a(38,163)", "fitness": 4.0}
{"generation": 0, "position": 6, "parents": [], "genome": "a(29,31)", "fitness": 4.0}
{"generation": 0, "position": 7, "parents": [], "genome": "r(38,41)", "fitness": 4.0}
{"generation": 0, "position": 8, "parents": [], "genome": "r(39,40)", "fitness": 4.0}
{"generation": 0, "position": 9, "parents": [], "genome": "d(39)", "fitness": 4.0}
{"generation": 0, "position": 10, "parents": [], "genome": "r(7,83)", "fitness": 12.0}
{"generation": 0, "position": 11, "parents": [], "genome": "r(36,49)", "fitness": 0.0}
{"generation": 0, "position": 12, "parents": [], "genome": "a(39,82)", "fitness": 4.0}
{"generation": 0, "position": 13, "parents": [], "genome": "d(37)", "fitness": 4.0}
{"generation": 0, "position": 14, "parents": [], "genome": "d(38)", "fitness": 4.0}
{"generation": 0, "position": 15, "parents": [], "genome": "r(39,47)", "fitness": 4.0}
{"generation": 0, "position": 16, "parents": [], "genome": "r(38,35)", "fitness": 4.0}
{"generation": 0, "position": 17, "parents": [], "genome": "r(32,74)", "fitness": 0.0}
{"generation": 0, "position": 18, "parents": [], "genome": "r(39,49)", "fitness": 4.0}
{"generation": 0, "position": 19, "parents": [], "genome": "r(39,37)", "fitness": 4.0}
{"generation": 0, "position": 20, "parents": [], "genome": "a(39,73)", "fitness": 4.0}
{"generation": 0, "position": 21, "parents": [], "genome": "d(39)", "fitness": 4.0}
{"generation": 0, "position": 22, "parents": [], "genome": "a(38,46)", "fitness": 4.0}
{"generation": 0, "position": 23, "parents": [], "genome": "d(39)", "fitness": 4.0}
{"generation": 0, "position": 24, "parents": [], "genome": "d(38)", "fitness": 4.0}
{"generation": 0, "position": 25, "parents": [], "genome": "d(38)", "fitness": 4.0}
{"generation": 0, "position": 26, "parents": [], "genome": "d(39)", "fitness": 4.0}
{"generation": 0, "position": 27, "parents": [], "genome": "d(7)", "fitness": 12.0}
{"generation": 0, "position": 28, "parents": [], "genome": "r(5,104)", "fitness": 4.0}
{"generation": 0, "position": 29, "parents": [], "genome": "d(39)", "fitness": 4.0}
{"generation": 0, "position": 30, "parents": [], "genome": "a(38,82)", "fitness": 4.0}
{"generation": 0, "position": 31, "parents": [], "genome": "a(38,74)", "fitness": 4.0}
{"generation": 0, "position": 32, "parents": [], "genome": "r(6,79)", "fitness": 0.0}
{"generation": 0, "position": 33, "parents": [], "genome": "a(36,82)", "fitness": 4.0}
{"generation": 0, "position": 34, "parents": [], "genome": "r(35,78)", "fitness": 0.0}
{"generation": 0, "position": 35, "parents": [], "genome": "r(39,66)", "fitness": 4.0}
{"generation": 0, "position": 36, "parents": [], "genome": "d(39)", "fitness": 4.0}
{"generation": 0, "position": 37, "parents": [], "genome": "d(39)", "fitness": 4.0}
{"generation": 0, "position": 38, "parents": [], "genome": "a(38,60)", "fitness": 4.0}
{"generation": 0, "position": 39, "parents": [], "genome": "original", "fitness": 4.0}
{"generation": 1, "position": 0, "parents": [31], "genome": "a(38,74) a(31,79)", "fitness": 0.0}
{"generation": 1, "position": 1, "parents": [30], "genome": "a(38,82) d(39)", "fitness": 4.0}
{"generation": 1, "position": 2, "parents": [21], "genome": "d(39) d(38)", "fitness": 4.0}
{"generation": 1, "position": 3, "parents": [16], "genome": "r(38,35) a(39,29)", "fitness": 4.0}
{"generation": 1, "position": 4, "parents": [15, 4], "genome": "r(39,47) a(5,39)", "fitness": 0.0}
{"generation": 1, "position": 5, "parents": [15, 4], "genome": "a(39,46) d(38)", "fitness": 4.0}
{"generation": 1, "position": 6, "parents": [15], "genome": "r(39,47) a(38,49)", "fitness": 4.0}
{"generation": 1, "position": 7, "parents": [4], "genome": "a(39,46) r(35,50)", "fitness": 0.0}
{"generation": 1, "position": 8, "parents": [29, 32], "genome": "d(39) d(38)", "fitness": 4.0}
{"generation": 1, "position": 9, "parents": [29, 32], "genome": "r(6,79) d(38)", "fitness": 0.0}
{"generation": 1, "position": 10, "parents": [29], "genome": "d(39) d(6)", "fitness": 0.0}
{"generation": 1, "position": 11, "parents": [32], "genome": "r(6,79) d(38)", "fitness": 0.0}
{"generation": 1, "position": 12, "parents": [18, 14], "genome": "r(39,49) r(38,49)", "fitness": 4.0}
{"generation": 1, "position": 13, "parents": [18, 14], "genome": "d(38) d(39)", "fitness": 4.0}
{"generation": 1, "position": 14, "parents": [18], "genome": "r(39,49) a(6,56)", "fitness": 4.0}
{"generation": 1, "position": 15, "parents": [14], "genome": "d(38) r(39,95)", "fitness": 4.0}
{"generation": 1, "position": 16, "parents": [22], "genome": "a(38,46) d(39)", "fitness": 4.0}
{"generation": 1, "position": 17, "parents": [17], "genome": "r(32,74) r(38,50)", "fitness": 0.0}
{"generation": 1, "position": 18, "parents": [14, 20], "genome": "d(38) a(39,124)", "fitness": 4.0}
{"generation": 1, "position": 19, "parents": [14, 20], "genome": "a(39,73) r(39,79)", "fitness": 4.0}
{"generation": 1, "position": 20, "parents": [14], "genome": "d(38) r(37,35)", "fitness": 4.0}
{"generation": 1, "position": 21, "parents": [20], "genome": "a(39,73) r(38,95)", "fitness": 4.0}
{"generation": 1, "position": 22, "parents": [22], "genome": "a(38,46) a(38,48)", "fitness": 4.0}
{"generation": 1, "position": 23, "parents": [17], "genome": "r(32,74) a(37,58)", "fitness": 0.0}
{"generation": 1, "position": 24, "parents": [12], "genome": "a(39,82) r(7,108)", "fitness": 12.0}
{"generation": 1, "position": 25, "parents": [25], "genome": "d(38) a(36,79)", "fitness": 0.0}
{"generation": 1, "position": 26, "parents": [29, 17], "genome": "d(39) r(38,83)", "fitness": 4.0}
{"generation": 1, "position": 27, "parents": [29, 17], "genome": "r(32,74) d(39)", "fitness": 0.0}
{"generation": 1, "position": 28, "parents": [29], "genome": "d(39) a(29,95)", "fitness": 4.0}
{"generation": 1, "position": 29, "parents": [17], "genome": "r(32,74) r(38,124)", "fitness": 0.0}
{"generation": 1, "position": 30, "parents": [34], "genome": "r(35,78) r(7,6)", "fitness": 0.0}
{"generation": 1, "position": 31, "parents": [21], "genome": "d(39) d(32)", "fitness": 0.0}
{"generation": 1, "position": 32, "parents": [19], "genome": "r(39,37) r(38,95)", "fitness": 4.0}
{"generation": 1, "position": 33, "parents": [17], "genome": "r(32,74) d(5)", "fitness": 0.0}
{"generation": 1, "position": 34, "parents": [37, 4], "genome": "d(39) d(6)", "fitness": 0.0}
{"generation": 1, "position": 35, "parents": [37, 4], "genome": "a(39,46) a(39,37)", "fitness": 4.0}
{"generation": 1, "position": 36, "parents": [37], "genome": "d(39) r(29,73)", "fitness": 0.0}
{"generation": 1, "position": 37, "parents": [4], "genome": "a(39,46) r(39,58)", "fitness": 4.0}
{"generation": 1, "position": 38, "parents": [31, 23], "genome": "a(38,74) d(39)", "fitness": 4.0}
{"generation": 1, "position": 39, "parents": [31, 23], "genome": "d(39) r(38,31)", "fitness": 4.0}
{"generation": 1, "position": 40, "parents": [31], "genome": "a(38,74) a(35,32)", "fitness": 4.0}
{"generation": 1, "position": 41, "parents": [23], "genome": "d(39) d(31)", "fitness": 4.0}
{"generation": 1, "position": 42, "parents": [33, 37], "genome": "a(36,82) a(38,56)", "fitness": 4.0}
{"generation": 1, "position": 43, "parents": [33, 37], "genome": "d(39) d(37)", "fitness": 4.0}
{"generation": 1, "position": 44, "parents": [33], "genome": "a(36,82) d(6)", "fitness": 0.0}
{"generation": 1, "position": 45, "parents": [37], "genome": "d(39) a(38,42)", "fitness": 4.0}
{"generation": 1, "position": 46, "parents": [9], "genome": "d(39) a(38,39)", "fitness": 4.0}
{"generation": 1, "position": 47, "parents": [28], "genome": "r(5,104) r(39,32)", "fitness": 4.0}
{"generation": 1, "position": 48, "parents": [33], "genome": "a(36,82) d(39)", "fitness": 4.0}
{"generation": 1, "position": 49, "parents": [24], "genome": "d(38) d(39)", "fitness": 4.0}
{"generation": 1, "position": 50, "parents": [29, 38], "genome": "d(39) a(38,90)", "fitness": 4.0}
{"generation": 1, "position": 51, "parents": [29, 38], "genome": "a(38,60) r(38,40)", "fitness": 4.0}
{"generation": 1, "position": 52, "parents": [29], "genome": "d(39) a(38,101)", "fitness": 4.0}
{"generation": 1, "position": 53, "parents": [38], "genome": "a(38,60) r(38,73)", "fitness": 4.0}
{"generation": 1, "position": 54, "parents": [12], "genome": "a(39,82) d(39)", "fitness": 4.0}
{"generation": 1, "position": 55, "parents": [5], "genome": "a(38,163) a(32,61)", "fitness": 4.0}
{"generation": 1, "position": 56, "parents": [22], "genome": "a(38,46) a(39,90)", "fitness": 4.0}
{"generation": 2, "position": 0, "parents": [10], "genome": "d(39) d(6) d(37)", "fitness": 0.0}
{"generation": 2, "position": 1, "parents": [5], "genome": "a(39,46) d(38) r(36,41)", "fitness": 0.0}
{"generation": 2, "position": 2, "parents": [23, 8], "genome": "r(32,74) a(37,58) d(38) d(29)", "fitness": 0.0}
{"generation": 2, "position": 3, "parents": [23, 8], "genome": "d(39) r(38,108)", "fitness": 4.0}
{"generation": 2, "position": 4, "parents": [23], "genome": "r(32,74) a(37,58) d(38)", "fitness": 0.0}
{"generation": 2, "position": 5, "parents": [8], "genome": "d(39) d(38) a(37,66)", "fitness": 4.0}
{"generation": 2, "position": 6, "parents": [29], "genome": "r(32,74) r(38,124) d(31)", "fitness": 0.0}
{"generation": 2, "position": 7, "parents": [11], "genome": "r(6,79) d(38) d(39)", "fitness": 0.0}
{"generation": 2, "position": 8, "parents": [29], "genome": "r(32,74) r(38,124) a(36,56)", "fitness": 0.0}
{"generation": 2, "position": 9, "parents": [22], "genome": "a(38,46) a(38,48) r(39,124)", "fitness": 4.0}
{"generation": 2, "position": 10, "parents": [14], "genome": "r(39,49) a(6,56) a(38,43)", "fitness": 4.0}
{"generation": 2, "position": 11, "parents": [11], "genome": "r(6,79) d(38) a(39,83)", "fitness": 0.0}
{"generation": 2, "position": 12, "parents": [0, 20], "genome": "a(38,74) r(39,79)", "fitness": 4.0}
{"generation": 2, "position": 13, "parents": [0, 20], "genome": "d(38) r(37,35) a(31,79) a(7,32)", "fitness": 0.0}
{"generation": 2, "position": 14, "parents": [0], "genome": "a(38,74) a(31,79) a(37,45)", "fitness": 0.0}
{"generation": 2, "position": 15, "parents": [20], "genome": "d(38) r(37,35) a(36,124)", "fitness": 12.0}
{"generation": 2, "position": 16, "parents": [43, 28], "genome": "d(39) a(29,95) d(38)", "fitness": 4.0}
{"generation": 2, "position": 17, "parents": [43, 28], "genome": "d(39) d(37) a(32,53)", "fitness": 4.0}
{"generation": 2, "position": 18, "parents": [43], "genome": "d(39) d(37) a(6,74)", "fitness": 4.0}
{"generation": 2, "position": 19, "parents": [28], "genome": "d(39) a(29,95) d(31)", "fitness": 4.0}
{"generation": 2, "position": 20, "parents": [47], "genome": "r(5,104) r(39,32) d(38)", "fitness": 4.0}
{"generation": 2, "position": 21, "parents": [57], "genome": "a(38,163) d(39) a(38,82)", "fitness": 4.0}
{"generation": 2, "position": 22, "parents": [37, 53], "genome": "a(39,46) r(39,91)", "fitness": 4.0}
{"generation": 2, "position": 23, "parents": [37, 53], "genome": "a(38,60) r(38,73) r(39,58) d(37)", "fitness": 4.0}
{"generation": 2, "position": 24, "parents": [37], "genome": "a(39,46) r(39,58) a(38,42)", "fitness": 4.0}
{"generation": 2, "position": 25, "parents": [53], "genome": "a(38,60) r(38,73) a(6,79)", "fitness": 4.0}
{"generation": 2, "position": 26, "parents": [39], "genome": "d(39) r(38,31) d(31)", "fitness": 4.0}
{"generation": 2, "position": 27, "parents": [31], "genome": "d(39) d(32) r(36,46)", "fitness": 0.0}
{"generation": 2, "position": 28, "parents": [9], "genome": "r(6,79) d(38) a(39,50)", "fitness": 0.0}
{"generation": 2, "position": 29, "parents": [56], "genome": "a(38,46) a(39,90) a(38,36)", "fitness": 4.0}
{"generation": 2, "position": 30, "parents": [39, 44], "genome": "d(39) r(36,47)", "fitness": 0.0}
{"generation": 2, "position": 31, "parents": [39, 44], "genome": "a(36,82) d(6) r(38,31) r(39,125)", "fitness": 0.0}
{"generation": 2, "position": 32, "parents": [39], "genome": "d(39) r(38,31) d(31)", "fitness": 4.0}
{"generation": 2, "position": 33, "parents": [44], "genome": "a(36,82) d(6) r(38,101)", "fitness": 0.0}
{"generation": 2, "position": 34, "parents": [9, 45], "genome": "r(6,79) r(39,42)", "fitness": 0.0}
{"generation": 2, "position": 35, "parents": [9, 45], "genome": "d(39) a(38,42) d(38) a(36,133)", "fitness": 0.0}
{"generation": 2, "position": 36, "parents": [9], "genome": "r(6,79) d(38) r(32,61)", "fitness": 0.0}
{"generation": 2, "position": 37, "parents": [45], "genome": "d(39) a(38,42) d(38)", "fitness": 4.0}
{"generation": 2, "position": 38, "parents": [33, 41], "genome": "r(32,74) d(31) a(39,65)", "fitness": 0.0}
{"generation": 2, "position": 39, "parents": [33, 41], "genome": "d(39) d(5) d(38)", "fitness": 4.0}
{"generation": 2, "position": 40, "parents": [33], "genome": "r(32,74) d(5) d(38)", "fitness": 0.0}
{"generation": 2, "position": 41, "parents": [41], "genome": "d(39) d(31) r(6,128)", "fitness": 0.0}
{"generation": 2, "position": 42, "parents": [30], "genome": "r(35,78) r(7,6) d(39)", "fitness": 0.0}
{"generation": 2, "position": 43, "parents": [22], "genome": "a(38,46) a(38,48) d(39)", "fitness": 4.0}
{"generation": 2, "position": 44, "parents": [21], "genome": "a(39,73) r(38,95) d(31)", "fitness": 4.0}
{"generation": 2, "position": 45, "parents": [1], "genome": "a(38,82) d(39) d(36)", "fitness": 0.0}
{"generation": 2, "position": 46, "parents": [49, 27], "genome": "d(38) d(39) r(32,162)", "fitness": 0.0}
{"generation": 2, "position": 47, "parents": [49, 27], "genome": "r(32,74) d(39) d(38)", "fitness": 0.0}
{"generation": 2, "position": 48, "parents": [49], "genome": "d(38) d(39) d(36)", "fitness": 0.0}
{"generation": 2, "position": 49, "parents": [27], "genome": "r(32,74) d(39) a(31,101)", "fitness": 12.0}
{"generation": 2, "position": 50, "parents": [39], "genome": "d(39) r(38,31) a(29,39)", "fitness": 0.0}
{"generation": 2, "position": 51, "parents": [9], "genome": "r(6,79) d(38) r(39,108)", "fitness": 0.0}
{"generation": 2, "position": 52, "parents": [7, 51], "genome": "a(39,46) r(38,40) r(29,39)", "fitness": 0.0}
{"generation": 2, "position": 53, "parents": [7, 51], "genome": "a(38,60) r(35,50) a(37,128)", "fitness": 0.0}
{"generation": 2, "position": 54, "parents": [7], "genome": "a(39,46) r(35,50) r(38,90)", "fitness": 0.0}
{"generation": 2, "position": 55, "parents": [51], "genome": "a(38,60) r(38,40) d(5)", "fitness": 4.0}
{"generation": 2, "position": 56, "parents": [36], "genome": "d(39) r(29,73) r(38,162)", "fitness": 0.0}
{"generation": 3, "position": 0, "parents": [30], "genome": "d(39) r(36,47) r(37,163)", "fitness": 0.0}
{"generation": 3, "position": 1, "parents": [21], "genome": "a(38,163) d(39) a(38,82) d(6)", "fitness": 0.0}
{"generation": 3, "position": 2, "parents": [38, 20], "genome": "r(32,74) d(38) r(29,5)", "fitness": 0.0}
{"generation": 3, "position": 3, "parents": [38, 20], "genome": "r(5,104) r(39,32) d(31) a(39,65) r(38,48)", "fitness": 4.0}
{"generation": 3, "position": 4, "parents": [38], "genome": "r(32,74) d(31) a(39,65) d(38)", "fitness": 0.0}
{"generation": 3, "position": 5, "parents": [20], "genome": "r(5,104) r(39,32) d(38) r(36,49)", "fitness": 0.0}
{"generation": 3, "position": 6, "parents": [45], "genome": "a(38,82) d(39) d(36) d(5)", "fitness": 0.0}
{"generation": 3, "position": 7, "parents": [1], "genome": "a(39,46) d(38) r(36,41) d(37)", "fitness": 0.0}
{"generation": 3, "position": 8, "parents": [36, 38], "genome": "r(6,79) d(38) r(32,61) d(36)", "fitness": 0.0}
{"generation": 3, "position": 9, "parents": [36, 38], "genome": "r(32,74) d(31) a(39,65) r(39,58)", "fitness": 0.0}
{"generation": 3, "position": 10, "parents": [36], "genome": "r(6,79) d(38) r(32,61) d(36)", "fitness": 0.0}
{"generation": 3, "position": 11, "parents": [38], "genome": "r(32,74) d(31) a(39,65) a(39,79)", "fitness": 0.0}
{"generation": 3, "position": 12, "parents": [2, 52], "genome": "r(32,74) a(37,58) d(38) d(39)", "fitness": 0.0}
{"generation": 3, "position": 13, "parents": [2, 52], "genome": "a(39,46) r(38,40) r(29,39) d(29) d(39)", "fitness": 0.0}
{"generation": 3, "position": 14, "parents": [2], "genome": "r(32,74) a(37,58) d(38) d(29) r(7,43)", "fitness": 0.0}
{"generation": 3, "position": 15, "parents": [52], "genome": "a(39,46) r(38,40) r(29,39) d(39)", "fitness": 0.0}
{"generation": 3, "position": 16, "parents": [45, 7], "genome": "a(38,82) d(39) d(38) d(39) r(31,124)", "fitness": 12.0}
{"generation": 3, "position": 17, "parents": [45, 7], "genome": "r(6,79) d(36) d(38)", "fitness": 0.0}
{"generation": 3, "position": 18, "parents": [45], "genome": "a(38,82) d(39) d(36) a(29,160)", "fitness": 0.0}
{"generation": 3, "position": 19, "parents": [7], "genome": "r(6,79) d(38) d(39) a(35,41)", "fitness": 0.0}
{"generation": 3, "position": 20, "parents": [56, 20], "genome": "d(39) r(29,73) r(38,162) d(38) r(32,47)", "fitness": 0.0}
{"generation": 3, "position": 21, "parents": [56, 20], "genome": "r(5,104) r(39,32) a(38,104)", "fitness": 4.0}
{"generation": 3, "position": 22, "parents": [56], "genome": "d(39) r(29,73) r(38,162) a(7,7)", "fitness": 0.0}
{"generation": 3, "position": 23, "parents": [20], "genome": "r(5,104) r(39,32) d(38) r(37,108)", "fitness": 4.0}
{"generation": 3, "position": 24, "parents": [41], "genome": "d(39) d(31) r(6,128) r(29,32)", "fitness": 0.0}
{"generation": 3, "position": 25, "parents": [48], "genome": "d(38) d(39) d(36) a(37,73)", "fitness": 0.0}
{"generation": 3, "position": 26, "parents": [42, 3], "genome": "r(35,78) r(7,6) d(39) d(38)", "fitness": 0.0}
{"generation": 3, "position": 27, "parents": [42, 3], "genome": "d(39) r(38,108) r(31,93)", "fitness": 4.0}
{"generation": 3, "position": 28, "parents": [42], "genome": "r(35,78) r(7,6) d(39) r(38,49)", "fitness": 0.0}
{"generation": 3, "position": 29, "parents": [3], "genome": "d(39) r(38,108) r(5,74)", "fitness": 0.0}
{"generation": 3, "position": 30, "parents": [51], "genome": "r(6,79) d(38) r(39,108) d(32)", "fitness": 0.0}
{"generation": 3, "position": 31, "parents": [3], "genome": "d(39) r(38,108) r(35,72)", "fitness": 0.0}
{"generation": 3, "position": 32, "parents": [8], "genome": "r(32,74) r(38,124) a(36,56) a(39,66)", "fitness": 0.0}
{"generation": 3, "position": 33, "parents": [10], "genome": "r(39,49) a(6,56) a(38,43) d(31)", "fitness": 4.0}
{"generation": 3, "position": 34, "parents": [48, 22], "genome": "d(38) d(39) d(36) r(39,91) r(6,65)", "fitness": 0.0}
{"generation": 3, "position": 35, "parents": [48, 22], "genome": "a(39,46) r(32,53)", "fitness": 0.0}
{"generation": 3, "position": 36, "parents": [48], "genome": "d(38) d(39) d(36) r(35,65)", "fitness": 0.0}
{"generation": 3, "position": 37, "parents": [22], "genome": "a(39,46) r(39,91) d(38)", "fitness": 4.0}
{"generation": 3, "position": 38, "parents": [35, 6], "genome": "d(39) a(38,42) r(38,124) d(31) d(36)", "fitness": 12.0}
{"generation": 3, "position": 39, "parents": [35, 6], "genome": "r(32,74) d(38) a(36,133) d(39)", "fitness": 0.0}
{"generation": 3, "position": 40, "parents": [35], "genome": "d(39) a(38,42) d(38) a(36,133) a(37,145)", "fitness": 0.0}
{"generation": 3, "position": 41, "parents": [6], "genome": "r(32,74) r(38,124) d(31) d(39)", "fitness": 0.0}
{"generation": 3, "position": 42, "parents": [50], "genome": "d(39) r(38,31) a(29,39) r(7,43)", "fitness": 0.0}
{"generation": 3, "position": 43, "parents": [40], "genome": "r(32,74) d(5) d(38) d(39)", "fitness": 0.0}
{"generation": 3, "position": 44, "parents": [46, 45], "genome": "d(38) d(39) r(32,162) r(37,82)", "fitness": 0.0}
{"generation": 3, "position": 45, "parents": [46, 45], "genome": "a(38,82) d(39) d(36) r(35,5)", "fitness": 0.0}
{"generation": 3, "position": 46, "parents": [46], "genome": "d(38) d(39) r(32,162) d(7)", "fitness": 12.0}
{"generation": 3, "position": 47, "parents": [45], "genome": "a(38,82) d(39) d(36) a(37,74)", "fitness": 0.0}
{"generation": 3, "position": 48, "parents": [51], "genome": "r(6,79) d(38) r(39,108) r(5,60)", "fitness": 4.0}
{"generation": 3, "position": 49, "parents": [6], "genome": "r(32,74) r(38,124) d(31) r(37,38)", "fitness": 0.0}
{"generation": 3, "position": 50, "parents": [2, 0], "genome": "r(32,74) a(37,58) d(38) d(6) d(37) r(29,80)", "fitness": 0.0}
{"generation": 3, "position": 51, "parents": [2, 0], "genome": "d(39) d(29) a(38,90)", "fitness": 4.0}
{"generation": 3, "position": 52, "parents": [2], "genome": "r(32,74) a(37,58) d(38) d(29) r(39,96)", "fitness": 0.0}
{"generation": 3, "position": 53, "parents": [0], "genome": "d(39) d(6) d(37) a(29,5)", "fitness": 0.0}
{"generation": 3, "position": 54, "parents": [23], "genome": "a(38,60) r(38,73) r(39,58) d(37) r(7,75)", "fitness": 12.0}
{"generation": 3, "position": 55, "parents": [40], "genome": "r(32,74) d(5) d(38) a(39,35)", "fitness": 0.0}
{"generation": 3, "position": 56, "parents": [13, 5], "genome": "d(38) r(37,35) a(37,66) a(31,154)", "fitness": 4.0}
{"generation": 3, "position": 57, "parents": [13, 5], "genome": "d(39) d(38) a(31,79) a(7,32) r(35,93)", "fitness": 0.0}
{"generation": 3, "position": 58, "parents": [13], "genome": "d(38) r(37,35) a(31,79) a(7,32) a(36,78)", "fitness": 0.0}
{"generation": 3, "position": 59, "parents": [5], "genome": "d(39) d(38) a(37,66) a(31,80)", "fitness": 4.0}
{"generation": 3, "position": 60, "parents": [11, 13], "genome": "r(6,79) d(38) a(39,83) a(31,79) a(7,32) a(39,128)", "fitness": 0.0}
{"generation": 3, "position": 61, "parents": [11, 13], "genome": "d(38) r(37,35) a(32,125)", "fitness": 4.0}
{"generation": 3, "position": 62, "parents": [11], "genome": "r(6,79) d(38) a(39,83) r(5,160)", "fitness": 4.0}
{"generation": 4, "position": 0, "parents": [25], "genome": "d(38) d(39) d(36) a(37,73) d(31)", "fitness": 0.0}
{"generation": 4, "position": 1, "parents": [41], "genome": "r(32,74) r(38,124) d(31) d(39) d(29)", "fitness": 0.0}
{"generation": 4, "position": 2, "parents": [44], "genome": "d(38) d(39) r(32,162) r(37,82) d(36)", "fitness": 0.0}
{"generation": 4, "position": 3, "parents": [41], "genome": "r(32,74) r(38,124) d(31) d(39) r(7,80)", "fitness": 12.0}
{"generation": 4, "position": 4, "parents": [47, 32], "genome": "a(38,82) d(39) a(39,66) d(6)", "fitness": 0.0}
{"generation": 4, "position": 5, "parents": [47, 32], "genome": "r(32,74) r(38,124) a(36,56) d(36) a(37,74) r(39,65)", "fitness": 0.0}
{"generation": 4, "position": 6, "parents": [47], "genome": "a(38,82) d(39) d(36) a(37,74) r(37,124)", "fitness": 12.0}
{"generation": 4, "position": 7, "parents": [32], "genome": "r(32,74) r(38,124) a(36,56) a(39,66) r(39,91)", "fitness": 0.0}
{"generation": 4, "position": 8, "parents": [34, 18], "genome": "d(38) d(36) a(29,160) r(39,48)", "fitness": 0.0}
{"generation": 4, "position": 9, "parents": [34, 18], "genome": "a(38,82) d(39) d(39) d(36) r(39,91) r(6,65) r(38,82)", "fitness": 0.0}
{"generation": 4, "position": 10, "parents": [34], "genome": "d(38) d(39) d(36) r(39,91) r(6,65) a(31,95)", "fitness": 0.0}
{"generation": 4, "position": 11, "parents": [18], "genome": "a(38,82) d(39) d(36) a(29,160) r(38,124)", "fitness": 12.0}
{"generation": 4, "position": 12, "parents": [9], "genome": "r(32,74) d(31) a(39,65) r(39,58) d(38)", "fitness": 0.0}
{"generation": 4, "position": 13, "parents": [36], "genome": "d(38) d(39) d(36) r(35,65) d(32)", "fitness": 0.0}
{"generation": 4, "position": 14, "parents": [30], "genome": "r(6,79) d(38) r(39,108) d(32) r(31,43)", "fitness": 0.0}
{"generation": 4, "position": 15, "parents": [13], "genome": "a(39,46) r(38,40) r(29,39) d(29) d(39) a(37,40)", "fitness": 0.0}
{"generation": 4, "position": 16, "parents": [58, 11], "genome": "d(38) r(37,35) a(31,79) d(31) a(39,65) a(39,79) r(36,44)", "fitness": 0.0}
{"generation": 4, "position": 17, "parents": [58, 11], "genome": "r(32,74) a(7,32) a(36,78) d(36)", "fitness": 0.0}
{"generation": 4, "position": 18, "parents": [58], "genome": "d(38) r(37,35) a(31,79) a(7,32) a(36,78) d(36)", "fitness": 0.0}
{"generation": 4, "position": 19, "parents": [11], "genome": "r(32,74) d(31) a(39,65) a(39,79) a(39,73)", "fitness": 0.0}
{"generation": 4, "position": 20, "parents": [10, 48], "genome": "r(6,79) d(38) r(5,60) r(36,45)", "fitness": 0.0}
{"generation": 4, "position": 21, "parents": [10, 48], "genome": "r(6,79) d(38) r(39,108) r(32,61) d(36) d(5)", "fitness": 0.0}
{"generation": 4, "position": 22, "parents": [10], "genome": "r(6,79) d(38) r(32,61) d(36) a(29,73)", "fitness": 0.0}
{"generation": 4, "position": 23, "parents": [48], "genome": "r(6,79) d(38) r(39,108) r(5,60) r(35,58)", "fitness": 0.0}
{"generation": 4, "position": 24, "parents": [52], "genome": "r(32,74) a(37,58) d(38) d(29) r(39,96) a(37,50)", "fitness": 0.0}
{"generation": 4, "position": 25, "parents": [25], "genome": "d(38) d(39) d(36) a(37,73) d(6)", "fitness": 0.0}
{"generation": 4, "position": 26, "parents": [18], "genome": "a(38,82) d(39) d(36) a(29,160) r(35,56)", "fitness": 0.0}
{"generation": 4, "position": 27, "parents": [2], "genome": "r(32,74) d(38) r(29,5) d(36)", "fitness": 0.0}
{"generation": 4, "position": 28, "parents": [1], "genome": "a(38,163) d(39) a(38,82) d(6) a(5,37)", "fitness": 0.0}
{"generation": 4, "position": 29, "parents": [57], "genome": "d(39) d(38) a(31,79) a(7,32) r(35,93) r(36,163)", "fitness": 0.0}
{"generation": 4, "position": 30, "parents": [25, 18], "genome": "d(38) d(36) a(29,160) a(6,49)", "fitness": 0.0}
{"generation": 4, "position": 31, "parents": [25, 18], "genome": "a(38,82) d(39) d(39) d(36) a(37,73) a(6,76)", "fitness": 0.0}
{"generation": 4, "position": 32, "parents": [25], "genome": "d(38) d(39) d(36) a(37,73) d(35)", "fitness": 0.0}
{"generation": 4, "position": 33, "parents": [18], "genome": "a(38,82) d(39) d(36) a(29,160) a(31,90)", "fitness": 0.0}
{"generation": 4, "position": 34, "parents": [50], "genome": "r(32,74) a(37,58) d(38) d(6) d(37) r(29,80) d(5)", "fitness": 0.0}
{"generation": 4, "position": 35, "parents": [7], "genome": "a(39,46) d(38) r(36,41) d(37) r(35,50)", "fitness": 0.0}
{"generation": 4, "position": 36, "parents": [39], "genome": "r(32,74) d(38) a(36,133) d(39) d(6)", "fitness": 0.0}
{"generation": 4, "position": 37, "parents": [63], "genome": "d(38) r(37,35) a(31,79) a(7,32) d(6) d(29)", "fitness": 0.0}
{"generation": 4, "position": 38, "parents": [15, 44], "genome": "a(39,46) r(38,40) r(29,39) r(7,79)", "fitness": 0.0}
{"generation": 4, "position": 39, "parents": [15, 44], "genome": "d(38) d(39) r(32,162) r(37,82) d(39) d(7)", "fitness": 12.0}
{"generation": 4, "position": 40, "parents": [15], "genome": "a(39,46) r(38,40) r(29,39) d(39) r(32,44)", "fitness": 0.0}
{"generation": 4, "position": 41, "parents": [44], "genome": "d(38) d(39) r(32,162) r(37,82) r(6,38)", "fitness": 0.0}
{"generation": 4, "position": 42, "parents": [4], "genome": "r(32,74) d(31) a(39,65) d(38) d(39)", "fitness": 0.0}
{"generation": 4, "position": 43, "parents": [30], "genome": "r(6,79) d(38) r(39,108) d(32) r(37,49)", "fitness": 0.0}
{"generation": 4, "position": 44, "parents": [25], "genome": "d(38) d(39) d(36) a(37,73) r(31,43)", "fitness": 0.0}
{"generation": 4, "position": 45, "parents": [7], "genome": "a(39,46) d(38) r(36,41) d(37) d(6)", "fitness": 0.0}
{"generation": 4, "position": 46, "parents": [14, 41], "genome": "r(32,74) a(37,58) d(38) d(29) d(39) d(7)", "fitness": 0.0}
{"generation": 4, "position": 47, "parents": [14, 41], "genome": "r(32,74) r(38,124) d(31) r(7,43) a(39,93)", "fitness": 0.0}
{"generation": 4, "position": 48, "parents": [14], "genome": "r(32,74) a(37,58) d(38) d(29) r(7,43) d(36)", "fitness": 0.0}
{"generation": 4, "position": 49, "parents": [41], "genome": "r(32,74) r(38,124) d(31) d(39) d(37)", "fitness": 0.0}
{"generation": 4, "position": 50, "parents": [32, 15], "genome": "r(32,74) r(38,124) a(36,56) a(39,66) d(39) r(37,145)", "fitness": 0.0}
{"generation": 4, "position": 51, "parents": [32, 15], "genome": "a(39,46) r(38,40) r(29,39) d(39)", "fitness": 0.0}
{"generation": 4, "position": 52, "parents": [32], "genome": "r(32,74) r(38,124) a(36,56) a(39,66) r(39,29)", "fitness": 0.0}
{"generation": 4, "position": 53, "parents": [15], "genome": "a(39,46) r(38,40) r(29,39) d(39) d(7)", "fitness": 0.0}
{"generation": 4, "position": 54, "parents": [14, 25], "genome": "r(32,74) a(37,73) r(38,163)", "fitness": 0.0}
{"generation": 4, "position": 55, "parents": [14, 25], "genome": "d(38) d(39) d(36) a(37,58) d(38) d(29) r(7,43) a(5,43)", "fitness": 0.0}
{"generation": 4, "position": 56, "parents": [14], "genome": "r(32,74) a(37,58) d(38) d(29) r(7,43) r(39,56)", "fitness": 0.0}
{"generation": 5, "position": 0, "parents": [56, 48], "genome": "r(32,74) a(37,58) d(38) d(29) r(7,43) d(36) r(6,72)", "fitness": 0.0}
{"generation": 5, "position": 1, "parents": [56, 48], "genome": "r(32,74) a(37,58) d(38) d(29) r(7,43) r(39,56) d(36)", "fitness": 0.0}
{"generation": 5, "position": 2, "parents": [56], "genome": "r(32,74) a(37,58) d(38) d(29) r(7,43) r(39,56) r(6,45)", "fitness": 0.0}
{"generation": 5, "position": 3, "parents": [48], "genome": "r(32,74) a(37,58) d(38) d(29) r(7,43) d(36) a(39,162)", "fitness": 0.0}
{"generation": 5, "position": 4, "parents": [54, 14], "genome": "r(32,74) r(31,43) a(7,58)", "fitness": 0.0}
{"generation": 5, "position": 5, "parents": [54, 14], "genome": "r(6,79) d(38) r(39,108) d(32) a(37,73) r(38,163) a(37,154)", "fitness": 0.0}
{"generation": 5, "position": 6, "parents": [54], "genome": "r(32,74) a(37,73) r(38,163) r(37,72)", "fitness": 0.0}
{"generation": 5, "position": 7, "parents": [14], "genome": "r(6,79) d(38) r(39,108) d(32) r(31,43) d(36)", "fitness": 0.0}
{"generation": 5, "position": 8, "parents": [17, 13], "genome": "r(32,74) a(7,32) a(36,78) r(35,65) d(32) a(38,60)", "fitness": 0.0}
{"generation": 5, "position": 9, "parents": [17, 13], "genome": "d(38) d(39) d(36) d(36) r(31,162)", "fitness": 0.0}
{"generation": 5, "position": 10, "parents": [17], "genome": "r(32,74) a(7,32) a(36,78) d(36) d(29)", "fitness": 0.0}
{"generation": 5, "position": 11, "parents": [13], "genome": "d(38) d(39) d(36) r(35,65) d(32) a(31,163)", "fitness": 12.0}
{"generation": 5, "position": 12, "parents": [27], "genome": "r(32,74) d(38) r(29,5) d(36) a(6,50)", "fitness": 0.0}
{"generation": 5, "position": 13, "parents": [38], "genome": "a(39,46) r(38,40) r(29,39) r(7,79) d(39)", "fitness": 0.0}
{"generation": 5, "position": 14, "parents": [5], "genome": "r(32,74) r(38,124) a(36,56) d(36) a(37,74) r(39,65) r(7,6)", "fitness": 0.0}
{"generation": 5, "position": 15, "parents": [46], "genome": "r(32,74) a(37,58) d(38) d(29) d(39) d(7) a(5,40)", "fitness": 0.0}
{"generation": 5, "position": 16, "parents": [27], "genome": "r(32,74) d(38) r(29,5) d(36) d(37)", "fitness": 0.0}
{"generation": 5, "position": 17, "parents": [8], "genome": "d(38) d(36) a(29,160) r(39,48) r(35,5)", "fitness": 0.0}
{"generation": 5, "position": 18, "parents": [27], "genome": "r(32,74) d(38) r(29,5) d(36) d(5)", "fitness": 0.0}
{"generation": 5, "position": 19, "parents": [49], "genome": "r(32,74) r(38,124) d(31) d(39) d(37) d(36)", "fitness": 0.0}
{"generation": 5, "position": 20, "parents": [19], "genome": "r(32,74) d(31) a(39,65) a(39,79) a(39,73) a(36,42)", "fitness": 0.0}
{"generation": 5, "position": 21, "parents": [48], "genome": "r(32,74) a(37,58) d(38) d(29) r(7,43) d(36) a(39,29)", "fitness": 0.0}
{"generation": 5, "position": 22, "parents": [47, 54], "genome": "r(32,74) r(38,124) d(31) a(37,73) r(38,163) a(36,56)", "fitness": 0.0}
{"generation": 5, "position": 23, "parents": [47, 54], "genome": "r(32,74) r(7,43) a(39,93) r(38,29)", "fitness": 0.0}
{"generation": 5, "position": 24, "parents": [47], "genome": "r(32,74) r(38,124) d(31) r(7,43) a(39,93) d(6)", "fitness": 0.0}
{"generation": 5, "position": 25, "parents": [54], "genome": "r(32,74) a(37,73) r(38,163) d(39)", "fitness": 0.0}
{"generation": 5, "position": 26, "parents": [24], "genome": "r(32,74) a(37,58) d(38) d(29) r(39,96) a(37,50) r(36,162)", "fitness": 0.0}
{"generation": 5, "position": 27, "parents": [42], "genome": "r(32,74) d(31) a(39,65) d(38) d(39) r(36,5)", "fitness": 0.0}
{"generation": 5, "position": 28, "parents": [31, 23], "genome": "a(38,82) d(39) d(39) d(36) r(39,108) r(5,60) r(35,58) r(38,93)", "fitness": 0.0}
{"generation": 5, "position": 29, "parents": [31, 23], "genome": "r(6,79) d(38) a(37,73) a(6,76) a(39,160)", "fitness": 0.0}
{"generation": 5, "position": 30, "parents": [31], "genome": "a(38,82) d(39) d(39) d(36) a(37,73) a(6,76) a(6,91)", "fitness": 0.0}
{"generation": 5, "position": 31, "parents": [23], "genome": "r(6,79) d(38) r(39,108) r(5,60) r(35,58) a(37,128)", "fitness": 0.0}
{"generation": 5, "position": 32, "parents": [0, 46], "genome": "d(38) d(39) d(36) a(37,73) d(38) d(29) d(39) d(7) a(32,38)", "fitness": 0.0}
{"generation": 5, "position": 33, "parents": [0, 46], "genome": "r(32,74) a(37,58) d(31) d(39)", "fitness": 0.0}
{"generation": 5, "position": 34, "parents": [0], "genome": "d(38) d(39) d(36) a(37,73) d(31) r(6,39)", "fitness": 0.0}
{"generation": 5, "position": 35, "parents": [46], "genome": "r(32,74) a(37,58) d(38) d(29) d(39) d(7) d(5)", "fitness": 0.0}
{"generation": 5, "position": 36, "parents": [44, 49], "genome": "d(38) d(39) d(36) a(37,73) d(39) d(37) r(6,46)", "fitness": 0.0}
{"generation": 5, "position": 37, "parents": [44, 49], "genome": "r(32,74) r(38,124) d(31) r(31,43) d(39)", "fitness": 0.0}
{"generation": 5, "position": 38, "parents": [44], "genome": "d(38) d(39) d(36) a(37,73) r(31,43) r(35,76)", "fitness": 0.0}
{"generation": 5, "position": 39, "parents": [49], "genome": "r(32,74) r(38,124) d(31) d(39) d(37) d(6)", "fitness": 0.0}
{"generation": 5, "position": 40, "parents": [44], "genome": "d(38) d(39) d(36) a(37,73) r(31,43) r(35,53)", "fitness": 0.0}
{"generation": 5, "position": 41, "parents": [16], "genome": "d(38) r(37,35) a(31,79) d(31) a(39,65) a(39,79) r(36,44) a(5,74)", "fitness": 0.0}
{"generation": 5, "position": 42, "parents": [45, 7], "genome": "a(39,46) d(38) r(36,41) d(37) d(6) r(39,91) r(5,46)", "fitness": 0.0}
{"generation": 5, "position": 43, "parents": [45, 7], "genome": "r(32,74) r(38,124) a(36,56) a(39,66) a(7,65)", "fitness": 0.0}
{"generation": 5, "position": 44, "parents": [45], "genome": "a(39,46) d(38) r(36,41) d(37) d(6) r(32,79)", "fitness": 0.0}
{"generation": 5, "position": 45, "parents": [7], "genome": "r(32,74) r(38,124) a(36,56) a(39,66) r(39,91) d(5)", "fitness": 0.0}
{"generation": 5, "position": 46, "parents": [33], "genome": "a(38,82) d(39) d(36) a(29,160) a(31,90) r(38,72)", "fitness": 0.0}
{"generation": 5, "position": 47, "parents": [52], "genome": "r(32,74) r(38,124) a(36,56) a(39,66) r(39,29) a(29,66)", "fitness": 0.0}
{"generation": 5, "position": 48, "parents": [26], "genome": "a(38,82) d(39) d(36) a(29,160) r(35,56) r(29,43)", "fitness": 0.0}
{"generation": 5, "position": 49, "parents": [28], "genome": "a(38,163) d(39) a(38,82) d(6) a(5,37) a(38,60)", "fitness": 0.0}
{"generation": 5, "position": 50, "parents": [17], "genome": "r(32,74) a(7,32) a(36,78) d(36) a(5,36)", "fitness": 0.0}
{"generation": 5, "position": 51, "parents": [57], "genome": "d(38) d(39) d(36) a(37,73) a(32,38) d(29)", "fitness": 0.0}
{"generation": 5, "position": 52, "parents": [15], "genome": "a(39,46) r(38,40) r(29,39) d(29) d(39) a(37,40) a(6,7)", "fitness": 0.0}
{"generation": 5, "position": 53, "parents": [49], "genome": "r(32,74) r(38,124) d(31) d(39) d(37) a(7,45)", "fitness": 0.0}
{"generation": 5, "position": 54, "parents": [10, 27], "genome": "d(38) d(39) d(36) r(39,91) r(6,65) r(29,73)", "fitness": 0.0}
{"generation": 5, "position": 55, "parents": [10, 27], "genome": "r(32,74) d(38) r(29,5) d(36) a(31,95) r(6,56)", "fitness": 0.0}
{"generation": 5, "position": 56, "parents": [10], "genome": "d(38) d(39) d(36) r(39,91) r(6,65) a(31,95) d(32)", "fitness": 0.0}
{"generation": 6, "position": 0, "parents": [2, 4], "genome": "r(32,74) a(37,58) r(31,43) a(7,58) a(39,154)", "fitness": 0.0}
{"generation": 6, "position": 1, "parents": [2, 4], "genome": "r(32,74) d(38) d(29) r(7,43) r(39,56) r(6,45) d(37)", "fitness": 0.0}
{"generation": 6, "position": 2, "parents": [2], "genome": "r(32,74) a(37,58) d(38) d(29) r(7,43) r(39,56) r(6,45) r(37,80)", "fitness": 0.0}
{"generation": 6, "position": 3, "parents": [4], "genome": "r(32,74) r(31,43) a(7,58) d(39)", "fitness": 0.0}
{"generation": 6, "position": 4, "parents": [44], "genome": "a(39,46) d(38) r(36,41) d(37) d(6) r(32,79) r(31,36)", "fitness": 0.0}
{"generation": 6, "position": 5, "parents": [43], "genome": "r(32,74) r(38,124) a(36,56) a(39,66) a(7,65) a(39,72)", "fitness": 0.0}
{"generation": 6, "position": 6, "parents": [47, 46], "genome": "r(32,74) r(38,124) a(36,56) a(39,66) r(39,29) a(29,66) r(38,72) d(6)", "fitness": 0.0}
{"generation": 6, "position": 7, "parents": [47, 46], "genome": "a(38,82) d(39) d(36) a(29,160) a(31,90) d(38)", "fitness": 0.0}
{"generation": 6, "position": 8, "parents": [47], "genome": "r(32,74) r(38,124) a(36,56) a(39,66) r(39,29) a(29,66) a(36,108)", "fitness": 0.0}
{"generation": 6, "position": 9, "parents": [46], "genome": "a(38,82) d(39) d(36) a(29,160) a(31,90) r(38,72) d(37)", "fitness": 0.0}
{"generation": 6, "position": 10, "parents": [26], "genome": "r(32,74) a(37,58) d(38) d(29) r(39,96) a(37,50) r(36,162) a(7,160)", "fitness": 0.0}
{"generation": 6, "position": 11, "parents": [40], "genome": "d(38) d(39) d(36) a(37,73) r(31,43) r(35,53) d(5)", "fitness": 0.0}
{"generation": 6, "position": 12, "parents": [21, 25], "genome": "r(32,74) a(37,58) d(38) d(39) d(6)", "fitness": 0.0}
{"generation": 6, "position": 13, "parents": [21, 25], "genome": "r(32,74) a(37,73) r(38,163) d(29) r(7,43) d(36) a(39,29) a(5,56)", "fitness": 0.0}
{"generation": 6, "position": 14, "parents": [21], "genome": "r(32,74) a(37,58) d(38) d(29) r(7,43) d(36) a(39,29) r(39,128)", "fitness": 0.0}
{"generation": 6, "position": 15, "parents": [25], "genome": "r(32,74) a(37,73) r(38,163) d(39) r(37,66)", "fitness": 0.0}
{"generation": 6, "position": 16, "parents": [49, 42], "genome": "a(38,163) d(39) r(5,46) a(38,82)", "fitness": 4.0}
{"generation": 6, "position": 17, "parents": [49, 42], "genome": "a(39,46) d(38) r(36,41) d(37) d(6) r(39,91) a(38,82) d(6) a(5,37) a(38,60) a(5,124)", "fitness": 0.0}
{"generation": 6, "position": 18, "parents": [49], "genome": "a(38,163) d(39) a(38,82) d(6) a(5,37) a(38,60) d(36)", "fitness": 0.0}
{"generation": 6, "position": 19, "parents": [42], "genome": "a(39,46) d(38) r(36,41) d(37) d(6) r(39,91) r(5,46) a(29,101)", "fitness": 12.0}
{"generation": 6, "position": 20, "parents": [40, 56], "genome": "d(38) d(32) r(39,82)", "fitness": 0.0}
{"generation": 6, "position": 21, "parents": [40, 56], "genome": "d(38) d(39) d(36) r(39,91) r(6,65) a(31,95) d(39) d(36) a(37,73) r(31,43) r(35,53) d(37)", "fitness": 0.0}
{"generation": 6, "position": 22, "parents": [40], "genome": "d(38) d(39) d(36) a(37,73) r(31,43) r(35,53) a(5,29)", "fitness": 0.0}
{"generation": 6, "position": 23, "parents": [56], "genome": "d(38) d(39) d(36) r(39,91) r(6,65) a(31,95) d(32) a(37,29)", "fitness": 0.0}
{"generation": 6, "position": 24, "parents": [3, 45], "genome": "r(32,74) a(37,58) d(38) d(29) r(7,43) d(5) r(39,49)", "fitness": 0.0}
{"generation": 6, "position": 25, "parents": [3, 45], "genome": "r(32,74) r(38,124) a(36,56) a(39,66) r(39,91) d(36) a(39,162) r(31,83)", "fitness": 0.0}
{"generation": 6, "position": 26, "parents": [3], "genome": "r(32,74) a(37,58) d(38) d(29) r(7,43) d(36) a(39,162) a(39,162)", "fitness": 0.0}
{"generation": 6, "position": 27, "parents": [45], "genome": "r(32,74) r(38,124) a(36,56) a(39,66) r(39,91) d(5) d(31)", "fitness": 0.0}
{"generation": 6, "position": 28, "parents": [57, 48], "genome": "r(32,74) d(38) r(29,5) d(36) r(35,56) r(29,43) a(37,65)", "fitness": 0.0}
{"generation": 6, "position": 29, "parents": [57, 48], "genome": "a(38,82) d(39) d(36) a(29,160) d(39) d(5)", "fitness": 0.0}
{"generation": 6, "position": 30, "parents": [57], "genome": "r(32,74) d(38) r(29,5) d(36) d(39) a(7,83)", "fitness": 0.0}
{"generation": 6, "position": 31, "parents": [48], "genome": "a(38,82) d(39) d(36) a(29,160) r(35,56) r(29,43) d(6)", "fitness": 0.0}
{"generation": 6, "position": 32, "parents": [36, 29], "genome": "d(38) d(39) d(38) a(37,73) a(6,76) a(39,160) r(6,76)", "fitness": 0.0}
{"generation": 6, "position": 33, "parents": [36, 29], "genome": "r(6,79) d(36) a(37,73) d(39) d(37) r(6,46) d(29)", "fitness": 0.0}
{"generation": 6, "position": 34, "parents": [36], "genome": "d(38) d(39) d(36) a(37,73) d(39) d(37) r(6,46) d(32)", "fitness": 0.0}
{"generation": 6, "position": 35, "parents": [29], "genome": "r(6,79) d(38) a(37,73) a(6,76) a(39,160) r(35,50)", "fitness": 0.0}
{"generation": 6, "position": 36, "parents": [23, 51], "genome": "r(32,74) r(7,43) a(39,93) r(38,29) d(36) a(37,73) a(32,38) d(29) d(39)", "fitness": 0.0}
{"generation": 6, "position": 37, "parents": [23, 51], "genome": "d(38) d(39) d(29)", "fitness": 4.0}
{"generation": 6, "position": 38, "parents": [23], "genome": "r(32,74) r(7,43) a(39,93) r(38,29) a(39,73)", "fitness": 0.0}
{"generation": 6, "position": 39, "parents": [51], "genome": "d(38) d(39) d(36) a(37,73) a(32,38) d(29) a(6,133)", "fitness": 0.0}
{"generation": 6, "position": 40, "parents": [49], "genome": "a(38,163) d(39) a(38,82) d(6) a(5,37) a(38,60) r(38,79)", "fitness": 0.0}
{"generation": 6, "position": 41, "parents": [55], "genome": "r(32,74) d(38) r(29,5) d(36) a(31,95) r(6,56) a(39,78)", "fitness": 0.0}
{"generation": 6, "position": 42, "parents": [13, 54], "genome": "a(39,46) r(38,40) d(36) r(39,91) r(6,65) r(29,73) r(37,60)", "fitness": 0.0}
{"generation": 6, "position": 43, "parents": [13, 54], "genome": "d(38) d(39) r(29,39) r(7,79) d(39) r(6,128)", "fitness": 0.0}
{"generation": 6, "position": 44, "parents": [13], "genome": "a(39,46) r(38,40) r(29,39) r(7,79) d(39) d(6)", "fitness": 0.0}
{"generation": 6, "position": 45, "parents": [54], "genome": "d(38) d(39) d(36) r(39,91) r(6,65) r(29,73) a(37,5)", "fitness": 0.0}
{"generation": 6, "position": 46, "parents": [8, 57], "genome": "r(32,74) a(7,32) a(36,78) r(29,5) d(36) d(39) d(38)", "fitness": 0.0}
{"generation": 6, "position": 47, "parents": [8, 57], "genome": "r(32,74) d(38) r(35,65) d(32) a(38,60) d(39)", "fitness": 0.0}
{"generation": 6, "position": 48, "parents": [8], "genome": "r(32,74) a(7,32) a(36,78) r(35,65) d(32) a(38,60) d(31)", "fitness": 0.0}
{"generation": 6, "position": 49, "parents": [57], "genome": "r(32,74) d(38) r(29,5) d(36) d(39) a(37,95)", "fitness": 0.0}
{"generation": 6, "position": 50, "parents": [17], "genome": "d(38) d(36) a(29,160) r(39,48) r(35,5) a(31,108)", "fitness": 0.0}
{"generation": 6, "position": 51, "parents": [27], "genome": "r(32,74) d(31) a(39,65) d(38) d(39) r(36,5) d(37)", "fitness": 0.0}
{"generation": 6, "position": 52, "parents": [3, 9], "genome": "r(32,74) d(36) d(36) r(31,162) d(39)", "fitness": 0.0}
{"generation": 6, "position": 53, "parents": [3, 9], "genome": "d(38) d(39) a(37,58) d(38) d(29) r(7,43) d(36) a(39,162) a(6,82)", "fitness": 0.0}
{"generation": 6, "position": 54, "parents": [3], "genome": "r(32,74) a(37,58) d(38) d(29) r(7,43) d(36) a(39,162) r(39,125)", "fitness": 0.0}
{"generation": 6, "position": 55, "parents": [9], "genome": "d(38) d(39) d(36) d(36) r(31,162) r(7,78)", "fitness": 0.0}
{"generation": 6, "position": 56, "parents": [44], "genome": "a(39,46) d(38) r(36,41) d(37) d(6) r(32,79) r(29,46)", "fitness": 0.0}
{"generation": 6, "position": 57, "parents": [30], "genome": "a(38,82) d(39) d(39) d(36) a(37,73) a(6,76) a(6,91) r(38,49)", "fitness": 0.0}
{"generation": 6, "position": 58, "parents": [37], "genome": "r(32,74) r(38,124) d(31) r(31,43) d(39) r(36,41)", "fitness": 0.0}
{"generation": 6, "position": 59, "parents": [25], "genome": "r(32,74) a(37,73) r(38,163) d(39) a(31,50)", "fitness": 0.0}
{"generation": 6, "position": 60, "parents": [18], "genome": "r(32,74) d(38) r(29,5) d(36) d(5) a(39,91)", "fitness": 0.0}
{"generation": 6, "position": 61, "parents": [48], "genome": "a(38,82) d(39) d(36) a(29,160) r(35,56) r(29,43) a(38,163)", "fitness": 0.0}
{"generation": 6, "position": 62, "parents": [5], "genome": "r(6,79) d(38) r(39,108) d(32) a(37,73) r(38,163) a(37,154) a(37,39)", "fitness": 0.0}
{"generation": 7, "position": 0, "parents": [45], "genome": "d(38) d(39) d(36) r(39,91) r(6,65) r(29,73) a(37,5) r(37,46)", "fitness": 0.0}
{"generation": 7, "position": 1, "parents": [50], "genome": "d(38) d(36) a(29,160) r(39,48) r(35,5) a(31,108) r(6,60)", "fitness": 0.0}
{"generation": 7, "position": 2, "parents": [6], "genome": "r(32,74) r(38,124) a(36,56) a(39,66) r(39,29) a(29,66) r(38,72) d(6) a(29,48)", "fitness": 0.0}
{"generation": 7, "position": 3, "parents": [28], "genome": "r(32,74) d(38) r(29,5) d(36) r(35,56) r(29,43) a(37,65) r(39,44)", "fitness": 0.0}
{"generation": 7, "position": 4, "parents": [0, 25], "genome": "r(32,74) a(37,58) r(31,43) a(7,58) a(39,154) r(38,124) a(36,56) a(39,66) r(39,91) d(36) a(39,162) r(31,83) a(5,43)", "fitness": 0.0}
{"generation": 7, "position": 5, "parents": [0, 25], "genome": "r(32,74) a(39,125)", "fitness": 0.0}
{"generation": 7, "position": 6, "parents": [0], "genome": "r(32,74) a(37,58) r(31,43) a(7,58) a(39,154) r(39,43)", "fitness": 0.0}
{"generation": 7, "position": 7, "parents": [25], "genome": "r(32,74) r(38,124) a(36,56) a(39,66) r(39,91) d(36) a(39,162) r(31,83) a(6,76)", "fitness": 0.0}
{"generation": 7, "position": 8, "parents": [17], "genome": "a(39,46) d(38) r(36,41) d(37) d(6) r(39,91) a(38,82) d(6) a(5,37) a(38,60) a(5,124) r(29,38)", "fitness": 0.0}
{"generation": 7, "position": 9, "parents": [32], "genome": "d(38) d(39) d(38) a(37,73) a(6,76) a(39,160) r(6,76) a(32,133)", "fitness": 0.0}
{"generation": 7, "position": 10, "parents": [40, 35], "genome": "a(38,163) d(39) a(37,73) a(6,76) a(39,160) r(35,50) r(7,42)", "fitness": 12.0}
{"generation": 7, "position": 11, "parents": [40, 35], "genome": "r(6,79) d(38) a(38,82) d(6) a(5,37) a(38,60) r(38,79) d(39)", "fitness": 0.0}
{"generation": 7, "position": 12, "parents": [40], "genome": "a(38,163) d(39) a(38,82) d(6) a(5,37) a(38,60) r(38,79) a(31,145)", "fitness": 0.0}
{"generation": 7, "position": 13, "parents": [35], "genome": "r(6,79) d(38) a(37,73) a(6,76) a(39,160) r(35,50) a(39,78)", "fitness": 0.0}
{"generation": 7, "position": 14, "parents": [55, 32], "genome": "d(38) d(39) d(36) d(39) d(38) a(37,73) a(6,76) a(39,160) r(6,76) r(35,162)", "fitness": 0.0}
{"generation": 7, "position": 15, "parents": [55, 32], "genome": "d(38) d(36) r(31,162) r(7,78) r(39,32)", "fitness": 0.0}
{"generation": 7, "position": 16, "parents": [55], "genome": "d(38) d(39) d(36) d(36) r(31,162) r(7,78) a(37,124)", "fitness": 0.0}
{"generation": 7, "position": 17, "parents": [32], "genome": "d(38) d(39) d(38) a(37,73) a(6,76) a(39,160) r(6,76) a(35,95)", "fitness": 0.0}
{"generation": 7, "position": 18, "parents": [58, 51], "genome": "r(32,74) r(38,124) d(31) r(31,43) d(39) a(37,32)", "fitness": 0.0}
{"generation": 7, "position": 19, "parents": [58, 51], "genome": "r(32,74) d(31) a(39,65) d(38) d(39) r(36,5) d(37) r(36,41) a(5,43)", "fitness": 0.0}
{"generation": 7, "position": 20, "parents": [58], "genome": "r(32,74) r(38,124) d(31) r(31,43) d(39) r(36,41) d(6)", "fitness": 0.0}
{"generation": 7, "position": 21, "parents": [51], "genome": "r(32,74) d(31) a(39,65) d(38) d(39) r(36,5) d(37) r(7,41)", "fitness": 12.0}
{"generation": 7, "position": 22, "parents": [42, 41], "genome": "a(39,46) a(39,78) r(38,76)", "fitness": 4.0}
{"generation": 7, "position": 23, "parents": [42, 41], "genome": "r(32,74) d(38) r(29,5) d(36) a(31,95) r(6,56) r(38,40) d(36) r(39,91) r(6,65) r(29,73) r(37,60) r(5,65)", "fitness": 0.0}
{"generation": 7, "position": 24, "parents": [42], "genome": "a(39,46) r(38,40) d(36) r(39,91) r(6,65) r(29,73) r(37,60) r(5,78)", "fitness": 0.0}
{"generation": 7, "position": 25, "parents": [41], "genome": "r(32,74) d(38) r(29,5) d(36) a(31,95) r(6,56) a(39,78) r(37,31)", "fitness": 0.0}
{"generation": 7, "position": 26, "parents": [49, 57], "genome": "r(32,74) r(38,49) a(36,124)", "fitness": 0.0}
{"generation": 7, "position": 27, "parents": [49, 57], "genome": "a(38,82) d(39) d(39) d(36) a(37,73) a(6,76) a(6,91) d(38) r(29,5) d(36) d(39) a(37,95) a(32,48)", "fitness": 0.0}
{"generation": 7, "position": 28, "parents": [49], "genome": "r(32,74) d(38) r(29,5) d(36) d(39) a(37,95) d(37)", "fitness": 0.0}
{"generation": 7, "position": 29, "parents": [57], "genome": "a(38,82) d(39) d(39) d(36) a(37,73) a(6,76) a(6,91) r(38,49) r(32,58)", "fitness": 0.0}
{"generation": 7, "position": 30, "parents": [39], "genome": "d(38) d(39) d(36) a(37,73) a(32,38) d(29) a(6,133) r(5,56)", "fitness": 0.0}
{"generation": 7, "position": 31, "parents": [24], "genome": "r(32,74) a(37,58) d(38) d(29) r(7,43) d(5) r(39,49) a(37,50)", "fitness": 0.0}
{"generation": 7, "position": 32, "parents": [13], "genome": "r(32,74) a(37,73) r(38,163) d(29) r(7,43) d(36) a(39,29) a(5,56) d(39)", "fitness": 0.0}
{"generation": 7, "position": 33, "parents": [34], "genome": "d(38) d(39) d(36) a(37,73) d(39) d(37) r(6,46) d(32) a(5,79)", "fitness": 0.0}
{"generation": 7, "position": 34, "parents": [39], "genome": "d(38) d(39) d(36) a(37,73) a(32,38) d(29) a(6,133) a(7,56)", "fitness": 0.0}
{"generation": 7, "position": 35, "parents": [52], "genome": "r(32,74) d(36) d(36) r(31,162) d(39) a(6,124)", "fitness": 0.0}
{"generation": 7, "position": 36, "parents": [55, 17], "genome": "d(38) d(39) d(36) r(36,41) d(37) d(6) r(39,91) a(38,82) d(6) a(5,37) a(38,60) a(5,124) d(35)", "fitness": 0.0}
{"generation": 7, "position": 37, "parents": [55, 17], "genome": "a(39,46) d(38) d(36) r(31,162) r(7,78) a(39,58)", "fitness": 0.0}
{"generation": 7, "position": 38, "parents": [55], "genome": "d(38) d(39) d(36) d(36) r(31,162) r(7,78) r(29,46)", "fitness": 0.0}
{"generation": 7, "position": 39, "parents": [17], "genome": "a(39,46) d(38) r(36,41) d(37) d(6) r(39,91) a(38,82) d(6) a(5,37) a(38,60) a(5,124) d(31)", "fitness": 0.0}
{"generation": 7, "position": 40, "parents": [51, 17], "genome": "r(32,74) d(31) d(6) r(39,91) a(38,82) d(6) a(5,37) a(38,60) a(5,124) d(38)", "fitness": 0.0}
{"generation": 7, "position": 41, "parents": [51, 17], "genome": "a(39,46) d(38) r(36,41) d(37) a(39,65) d(38) d(39) r(36,5) d(37) r(32,128)", "fitness": 0.0}
{"generation": 7, "position": 42, "parents": [51], "genome": "r(32,74) d(31) a(39,65) d(38) d(39) r(36,5) d(37) a(29,83)", "fitness": 0.0}
{"generation": 7, "position": 43, "parents": [17], "genome": "a(39,46) d(38) r(36,41) d(37) d(6) r(39,91) a(38,82) d(6) a(5,37) a(38,60) a(5,124) d(31)", "fitness": 0.0}
{"generation": 7, "position": 44, "parents": [32], "genome": "d(38) d(39) d(38) a(37,73) a(6,76) a(39,160) r(6,76) a(29,60)", "fitness": 0.0}
{"generation": 7, "position": 45, "parents": [6], "genome": "r(32,74) r(38,124) a(36,56) a(39,66) r(39,29) a(29,66) r(38,72) d(6) d(37)", "fitness": 0.0}
{"generation": 7, "position": 46, "parents": [33, 39], "genome": "r(6,79) d(36) a(32,38) d(29) a(6,133) r(39,82)", "fitness": 0.0}
{"generation": 7, "position": 47, "parents": [33, 39], "genome": "d(38) d(39) d(36) a(37,73) a(37,73) d(39) d(37) r(6,46) d(29) a(32,29)", "fitness": 0.0}
{"generation": 7, "position": 48, "parents": [33], "genome": "r(6,79) d(36) a(37,73) d(39) d(37) r(6,46) d(29) d(32)", "fitness": 0.0}
{"generation": 7, "position": 49, "parents": [39], "genome": "d(38) d(39) d(36) a(37,73) a(32,38) d(29) a(6,133) r(37,91)", "fitness": 0.0}
{"generation": 7, "position": 50, "parents": [4, 60], "genome": "a(39,46) d(38) r(36,41) d(37) d(6) r(32,79) d(38) r(29,5) d(36) d(5) a(39,91)", "fitness": 0.0}
{"generation": 7, "position": 51, "parents": [4, 60], "genome": "r(32,74) r(31,36) r(39,93)", "fitness": 0.0}
{"generation": 7, "position": 52, "parents": [4], "genome": "a(39,46) d(38) r(36,41) d(37) d(6) r(32,79) r(31,36) a(5,95)", "fitness": 0.0}
{"generation": 7, "position": 53, "parents": [60], "genome": "r(32,74) d(38) r(29,5) d(36) d(5) a(39,91) a(39,145)", "fitness": 0.0}
{"generation": 7, "position": 54, "parents": [21, 45], "genome": "d(38) d(39) d(36) r(39,91) r(6,65) r(29,73) a(37,5) r(35,162)", "fitness": 0.0}
{"generation": 7, "position": 55, "parents": [21, 45], "genome": "d(38) d(39) d(36) r(39,91) r(6,65) a(31,95) d(39) d(36) a(37,73) r(31,43) r(35,53) d(37) a(5,160)", "fitness": 0.0}
{"generation": 7, "position": 56, "parents": [21], "genome": "d(38) d(39) d(36) r(39,91) r(6,65) a(31,95) d(39) d(36) a(37,73) r(31,43) r(35,53) d(37) d(32)", "fitness": 0.0}
{"generation": 7, "position": 57, "parents": [45], "genome": "d(38) d(39) d(36) r(39,91) r(6,65) r(29,73) a(37,5) a(35,5)", "fitness": 0.0}
{"generation": 7, "position": 58, "parents": [8, 32], "genome": "r(32,74) r(38,124) a(36,56) a(39,66) r(39,29) a(29,66) a(39,160) r(6,76) r(37,74)", "fitness": 0.0}
{"generation": 7, "position": 59, "parents": [8, 32], "genome": "d(38) d(39) d(38) a(37,73) a(6,76) a(36,108) d(7)", "fitness": 12.0}
{"generation": 7, "position": 60, "parents": [8], "genome": "r(32,74) r(38,124) a(36,56) a(39,66) r(39,29) a(29,66) a(36,108) r(29,83)", "fitness": 0.0}
{"generation": 7, "position": 61, "parents": [32], "genome": "d(38) d(39) d(38) a(37,73) a(6,76) a(39,160) r(6,76) d(35)", "fitness": 0.0}
{"generation": 7, "position": 62, "parents": [33, 35], "genome": "r(6,79) d(36) a(37,73) d(39) d(37) r(6,46) d(29) r(35,50) d(32)", "fitness": 0.0}
{"generation": 7, "position": 63, "parents": [33, 35], "genome": "r(6,79) d(38) a(37,73) a(6,76) a(39,160) d(5)", "fitness": 4.0}
{"generation": 7, "position": 64, "parents": [33], "genome": "r(6,79) d(36) a(37,73) d(39) d(37) r(6,46) d(29) r(32,160)", "fitness": 0.0}
{"generation": 8, "position": 0, "parents": [32], "genome": "r(32,74) a(37,73) r(38,163) d(29) r(7,43) d(36) a(39,29) a(5,56) d(39) a(37,108)", "fitness": 0.0}
{"generation": 8, "position": 1, "parents": [52], "genome": "a(39,46) d(38) r(36,41) d(37) d(6) r(32,79) r(31,36) a(5,95) r(29,91)", "fitness": 0.0}
{"generation": 8, "position": 2, "parents": [49, 1], "genome": "d(38) d(39) d(36) a(37,73) a(32,38) d(29) a(6,133) a(6,43)", "fitness": 0.0}
{"generation": 8, "position": 3, "parents": [49, 1], "genome": "d(38) d(36) a(29,160) r(39,48) r(35,5) a(31,108) r(6,60) r(37,91) d(31)", "fitness": 0.0}
{"generation": 8, "position": 4, "parents": [49], "genome": "d(38) d(39) d(36) a(37,73) a(32,38) d(29) a(6,133) r(37,91) a(6,61)", "fitness": 0.0}
{"generation": 8, "position": 5, "parents": [1], "genome": "d(38) d(36) a(29,160) r(39,48) r(35,5) a(31,108) r(6,60) r(5,72)", "fitness": 0.0}
{"generation": 8, "position": 6, "parents": [0, 35], "genome": "d(38) d(39) d(36) r(39,91) r(6,65) r(29,73) a(37,5) d(36) d(36) r(31,162) d(39) a(6,124) d(5)", "fitness": 0.0}
{"generation": 8, "position": 7, "parents": [0, 35], "genome": "r(32,74) r(37,46) d(6)", "fitness": 0.0}
{"generation": 8, "position": 8, "parents": [0], "genome": "d(38) d(39) d(36) r(39,91) r(6,65) r(29,73) a(37,5) r(37,46) a(5,48)", "fitness": 0.0}
{"generation": 8, "position": 9, "parents": [35], "genome": "r(32,74) d(36) d(36) r(31,162) d(39) a(6,124) d(38)", "fitness": 0.0}
{"generation": 8, "position": 10, "parents": [42], "genome": "r(32,74) d(31) a(39,65) d(38) d(39) r(36,5) d(37) a(29,83) a(29,145)", "fitness": 0.0}
{"generation": 8, "position": 11, "parents": [1], "genome": "d(38) d(36) a(29,160) r(39,48) r(35,5) a(31,108) r(6,60) r(29,46)", "fitness": 0.0}
{"generation": 8, "position": 12, "parents": [52], "genome": "a(39,46) d(38) r(36,41) d(37) d(6) r(32,79) r(31,36) a(5,95) r(29,145)", "fitness": 0.0}
{"generation": 8, "position": 13, "parents": [0], "genome": "d(38) d(39) d(36) r(39,91) r(6,65) r(29,73) a(37,5) r(37,46) d(5)", "fitness": 0.0}
{"generation": 8, "position": 14, "parents": [24, 39], "genome": "a(39,46) r(38,40) d(36) r(39,91) r(6,65) r(29,73) r(37,60) r(5,78) a(5,37) a(38,60) a(5,124) d(31) r(32,60)", "fitness": 0.0}
{"generation": 8, "position": 15, "parents": [24, 39], "genome": "a(39,46) d(38) r(36,41) d(37) d(6) r(39,91) a(38,82) d(6) d(31)", "fitness": 0.0}
{"generation": 8, "position": 16, "parents": [24], "genome": "a(39,46) r(38,40) d(36) r(39,91) r(6,65) r(29,73) r(37,60) r(5,78) a(32,80)", "fitness": 0.0}
{"generation": 8, "position": 17, "parents": [39], "genome": "a(39,46) d(38) r(36,41) d(37) d(6) r(39,91) a(38,82) d(6) a(5,37) a(38,60) a(5,124) d(31) d(29)", "fitness": 0.0}
{"generation": 8, "position": 18, "parents": [17, 4], "genome": "d(38) d(39) r(39,91) d(36) a(39,162) r(31,83) a(5,43) r(37,108)", "fitness": 0.0}
{"generation": 8, "position": 19, "parents": [17, 4], "genome": "r(32,74) a(37,58) r(31,43) a(7,58) a(39,154) r(38,124) a(36,56) a(39,66) d(38) a(37,73) a(6,76) a(39,160) r(6,76) a(35,95) d(37)", "fitness": 0.0}
{"generation": 8, "position": 20, "parents": [17], "genome": "d(38) d(39) d(38) a(37,73) a(6,76) a(39,160) r(6,76) a(35,95) d(36)", "fitness": 0.0}
{"generation": 8, "position": 21, "parents": [4], "genome": "r(32,74) a(37,58) r(31,43) a(7,58) a(39,154) r(38,124) a(36,56) a(39,66) r(39,91) d(36) a(39,162) r(31,83) a(5,43) a(37,41)", "fitness": 0.0}
{"generation": 8, "position": 22, "parents": [60, 53], "genome": "r(32,74) r(38,124) a(36,56) a(39,66) r(39,29) r(29,5) d(36) d(5) a(39,91) a(39,145) a(37,124)", "fitness": 0.0}
{"generation": 8, "position": 23, "parents": [60, 53], "genome": "r(32,74) d(38) a(29,66) a(36,108) r(29,83) r(5,40)", "fitness": 0.0}
{"generation": 8, "position": 24, "parents": [60], "genome": "r(32,74) r(38,124) a(36,56) a(39,66) r(39,29) a(29,66) a(36,108) r(29,83) a(6,56)", "fitness": 0.0}
{"generation": 8, "position": 25, "parents": [53], "genome": "r(32,74) d(38) r(29,5) d(36) d(5) a(39,91) a(39,145) a(39,101)", "fitness": 0.0}
{"generation": 8, "position": 26, "parents": [39], "genome": "a(39,46) d(38) r(36,41) d(37) d(6) r(39,91) a(38,82) d(6) a(5,37) a(38,60) a(5,124) d(31) r(5,78)", "fitness": 0.0}
{"generation": 8, "position": 27, "parents": [30], "genome": "d(38) d(39) d(36) a(37,73) a(32,38) d(29) a(6,133) r(5,56) r(35,5)", "fitness": 0.0}
{"generation": 8, "position": 28, "parents": [56, 32], "genome": "d(38) d(39) d(36) a(39,29) a(5,56) d(39) d(5)", "fitness": 0.0}
{"generation": 8, "position": 29, "parents": [56, 32], "genome": "r(32,74) a(37,73) r(38,163) d(29) r(7,43) d(36) r(39,91) r(6,65) a(31,95) d(39) d(36) a(37,73) r(31,43) r(35,53) d(37) d(32) a(5,50)", "fitness": 0.0}
{"generation": 8, "position": 30, "parents": [56], "genome": "d(38) d(39) d(36) r(39,91) r(6,65) a(31,95) d(39) d(36) a(37,73) r(31,43) r(35,53) d(37) d(32) r(5,76)", "fitness": 0.0}
{"generation": 8, "position": 31, "parents": [32], "genome": "r(32,74) a(37,73) r(38,163) d(29) r(7,43) d(36) a(39,29) a(5,56) d(39) d(37)", "fitness": 0.0}
{"generation": 8, "position": 32, "parents": [2, 30], "genome": "r(32,74) r(38,124) a(36,56) a(39,66) r(39,29) a(29,66) d(36) a(37,73) a(32,38) d(29) a(6,133) r(5,56) d(37)", "fitness": 0.0}
{"generation": 8, "position": 33, "parents": [2, 30], "genome": "d(38) d(39) r(38,72) d(6) a(29,48) a(36,125)", "fitness": 0.0}
{"generation": 8, "position": 34, "parents": [2], "genome": "r(32,74) r(38,124) a(36,56) a(39,66) r(39,29) a(29,66) r(38,72) d(6) a(29,48) d(29)", "fitness": 0.0}
{"generation": 8, "position": 35, "parents": [30], "genome": "d(38) d(39) d(36) a(37,73) a(32,38) d(29) a(6,133) r(5,56) d(32)", "fitness": 0.0}
{"generation": 8, "position": 36, "parents": [65], "genome": "r(6,79) d(38) a(37,73) a(6,76) a(39,160) r(35,50) r(39,37) d(29)", "fitness": 0.0}
{"generation": 8, "position": 37, "parents": [35], "genome": "r(32,74) d(36) d(36) r(31,162) d(39) a(6,124) a(38,39)", "fitness": 0.0}
{"generation": 8, "position": 38, "parents": [4], "genome": "r(32,74) a(37,58) r(31,43) a(7,58) a(39,154) r(38,124) a(36,56) a(39,66) r(39,91) d(36) a(39,162) r(31,83) a(5,43) a(6,40)", "fitness": 0.0}
{"generation": 8, "position": 39, "parents": [61], "genome": "d(38) d(39) d(38) a(37,73) a(6,76) a(39,160) r(6,76) d(35) a(5,72)", "fitness": 0.0}
{"generation": 8, "position": 40, "parents": [52, 57], "genome": "a(39,46) d(38) r(36,41) d(37) d(6) r(32,79) r(31,36) a(5,95) r(39,91) r(6,65) r(29,73) a(37,5) a(35,5) d(5)", "fitness": 0.0}
{"generation": 8, "position": 41, "parents": [52, 57], "genome": "d(38) d(39) d(36) a(35,36)", "fitness": 4.0}
{"generation": 8, "position": 42, "parents": [52], "genome": "a(39,46) d(38) r(36,41) d(37) d(6) r(32,79) r(31,36) a(5,95) d(5)", "fitness": 12.0}
{"generation": 8, "position": 43, "parents": [57], "genome": "d(38) d(39) d(36) r(39,91) r(6,65) r(29,73) a(37,5) a(35,5) d(35)", "fitness": 0.0}
{"generation": 8, "position": 44, "parents": [4], "genome": "r(32,74) a(37,58) r(31,43) a(7,58) a(39,154) r(38,124) a(36,56) a(39,66) r(39,91) d(36) a(39,162) r(31,83) a(5,43) a(37,39)", "fitness": 0.0}
{"generation": 8, "position": 45, "parents": [30], "genome": "d(38) d(39) d(36) a(37,73) a(32,38) d(29) a(6,133) r(5,56) d(37)", "fitness": 0.0}
{"generation": 8, "position": 46, "parents": [15], "genome": "d(38) d(36) r(31,162) r(7,78) r(39,32) a(29,104)", "fitness": 0.0}
{"generation": 8, "position": 47, "parents": [16], "genome": "d(38) d(39) d(36) d(36) r(31,162) r(7,78) a(37,124) r(6,80)", "fitness": 0.0}
{"generation": 8, "position": 48, "parents": [65, 33], "genome": "r(6,79) d(37) r(6,46) d(32) a(5,79) a(29,29)", "fitness": 0.0}
{"generation": 8, "position": 49, "parents": [65, 33], "genome": "d(38) d(39) d(36) a(37,73) d(39) d(38) a(37,73) a(6,76) a(39,160) r(35,50) r(39,37) r(5,133)", "fitness": 0.0}
{"generation": 8, "position": 50, "parents": [65], "genome": "r(6,79) d(38) a(37,73) a(6,76) a(39,160) r(35,50) r(39,37) a(5,90)", "fitness": 0.0}
{"generation": 8, "position": 51, "parents": [33], "genome": "d(38) d(39) d(36) a(37,73) d(39) d(37) r(6,46) d(32) a(5,79) r(29,96)", "fitness": 0.0}
{"generation": 8, "position": 52, "parents": [31], "genome": "r(32,74) a(37,58) d(38) d(29) r(7,43) d(5) r(39,49) a(37,50) r(37,47)", "fitness": 0.0}
{"generation": 8, "position": 53, "parents": [14], "genome": "d(38) d(39) d(36) d(39) d(38) a(37,73) a(6,76) a(39,160) r(6,76) r(35,162) r(29,154)", "fitness": 0.0}
{"generation": 8, "position": 54, "parents": [54, 5], "genome": "d(38) d(39) d(36) a(39,125) a(6,7)", "fitness": 0.0}
{"generation": 8, "position": 55, "parents": [54, 5], "genome": "r(32,74) r(39,91) r(6,65) r(29,73) a(37,5) r(35,162) d(5)", "fitness": 0.0}
{"generation": 8, "position": 56, "parents": [54], "genome": "d(38) d(39) d(36) r(39,91) r(6,65) r(29,73) a(37,5) r(35,162) a(5,36)", "fitness": 0.0}
{"generation": 8, "position": 57, "parents": [5], "genome": "r(32,74) a(39,125) r(39,95)", "fitness": 0.0}
{"generation": 8, "position": 58, "parents": [61, 48], "genome": "d(38) d(39) d(38) a(37,73) a(6,76) a(39,160) r(6,76) d(36) a(37,73) d(39) d(37) r(6,46) d(29) d(32) r(5,91)", "fitness": 0.0}
{"generation": 8, "position": 59, "parents": [61, 48], "genome": "r(6,79) d(35) a(38,83)", "fitness": 0.0}
{"generation": 8, "position": 60, "parents": [61], "genome": "d(38) d(39) d(38) a(37,73) a(6,76) a(39,160) r(6,76) d(35) r(37,83)", "fitness": 0.0}
{"generation": 9, "position": 0, "parents": [60, 57], "genome": "d(38) d(39) d(38) a(37,73) r(39,95) r(7,163)", "fitness": 12.0}
{"generation": 9, "position": 1, "parents": [60, 57], "genome": "r(32,74) a(39,125) a(6,76) a(39,160) r(6,76) d(35) r(37,83) r(5,101)", "fitness": 12.0}
{"generation": 9, "position": 2, "parents": [60], "genome": "d(38) d(39) d(38) a(37,73) a(6,76) a(39,160) r(6,76) d(35) r(37,83) d(32)", "fitness": 0.0}
{"generation": 9, "position": 3, "parents": [57], "genome": "r(32,74) a(39,125) r(39,95) r(38,66)", "fitness": 0.0}
{"generation": 9, "position": 4, "parents": [13, 59], "genome": "d(38) d(39) a(31,41)", "fitness": 4.0}
{"generation": 9, "position": 5, "parents": [13, 59], "genome": "r(6,79) d(35) a(38,83) d(36) r(39,91) r(6,65) r(29,73) a(37,5) r(37,46) d(5) d(32)", "fitness": 0.0}
{"generation": 9, "position": 6, "parents": [13], "genome": "d(38) d(39) d(36) r(39,91) r(6,65) r(29,73) a(37,5) r(37,46) d(5) r(35,60)", "fitness": 0.0}
{"generation": 9, "position": 7, "parents": [59], "genome": "r(6,79) d(35) a(38,83) d(39)", "fitness": 0.0}
{"generation": 9, "position": 8, "parents": [0], "genome": "r(32,74) a(37,73) r(38,163) d(29) r(7,43) d(36) a(39,29) a(5,56) d(39) a(37,108) r(37,108)", "fitness": 0.0}
{"generation": 9, "position": 9, "parents": [34], "genome": "r(32,74) r(38,124) a(36,56) a(39,66) r(39,29) a(29,66) r(38,72) d(6) a(29,48) d(29) r(5,39)", "fitness": 0.0}
{"generation": 9, "position": 10, "parents": [3, 10], "genome": "d(38) d(36) a(29,160) r(39,48) r(35,5) a(31,108) r(6,60) d(38) d(39) r(36,5) d(37) a(29,83) a(29,145) a(29,58)", "fitness": 0.0}
{"generation": 9, "position": 11, "parents": [3, 10], "genome": "r(32,74) d(31) a(39,65) r(37,91) d(31) r(7,104)", "fitness": 12.0}
{"generation": 9, "position": 12, "parents": [3], "genome": "d(38) d(36) a(29,160) r(39,48) r(35,5) a(31,108) r(6,60) r(37,91) d(31) d(32)", "fitness": 0.0}
{"generation": 9, "position": 13, "parents": [10], "genome": "r(32,74) d(31) a(39,65) d(38) d(39) r(36,5) d(37) a(29,83) a(29,145) d(7)", "fitness": 12.0}
{"generation": 9, "position": 14, "parents": [19, 22], "genome": "r(32,74) a(37,58) r(31,43) a(7,58) a(39,154) r(38,124) a(36,56) a(39,66) d(38) a(37,73) a(6,76) a(39,160) r(6,76) a(35,95) d(5) a(39,91) a(39,145) a(37,124) a(39,101)", "fitness": 0.0}
{"generation": 9, "position": 15, "parents": [19, 22], "genome": "r(32,74) r(38,124) a(36,56) a(39,66) r(39,29) r(29,5) d(36) d(37) a(6,38)", "fitness": 0.0}
{"generation": 9, "position": 16, "parents": [19], "genome": "r(32,74) a(37,58) r(31,43) a(7,58) a(39,154) r(38,124) a(36,56) a(39,66) d(38) a(37,73) a(6,76) a(39,160) r(6,76) a(35,95) d(37) a(36,32)", "fitness": 0.0}
{"generation": 9, "position": 17, "parents": [22], "genome": "r(32,74) r(38,124) a(36,56) a(39,66) r(39,29) r(29,5) d(36) d(5) a(39,91) a(39,145) a(37,124) a(37,133)", "fitness": 0.0}
{"generation": 9, "position": 18, "parents": [20, 17], "genome": "d(38) d(39) d(38) a(37,73) d(29) d(36)", "fitness": 0.0}
{"generation": 9, "position": 19, "parents": [20, 17], "genome": "a(39,46) d(38) r(36,41) d(37) d(6) r(39,91) a(38,82) d(6) a(5,37) a(38,60) a(5,124) d(31) a(6,76) a(39,160) r(6,76) a(35,95) d(36) a(32,39)", "fitness": 0.0}
{"generation": 9, "position": 20, "parents": [20], "genome": "d(38) d(39) d(38) a(37,73) a(6,76) a(39,160) r(6,76) a(35,95) d(36) d(37)", "fitness": 0.0}
{"generation": 9, "position": 21, "parents": [17], "genome": "a(39,46) d(38) r(36,41) d(37) d(6) r(39,91) a(38,82) d(6) a(5,37) a(38,60) a(5,124) d(31) d(29) r(35,83)", "fitness": 0.0}
{"generation": 9, "position": 22, "parents": [61], "genome": "r(6,79) d(36) a(37,73) d(39) d(37) r(6,46) d(29) d(32) d(5)", "fitness": 0.0}
{"generation": 9, "position": 23, "parents": [24], "genome": "r(32,74) r(38,124) a(36,56) a(39,66) r(39,29) a(29,66) a(36,108) r(29,83) a(6,56) a(36,163)", "fitness": 0.0}
{"generation": 9, "position": 24, "parents": [26, 48], "genome": "a(39,46) d(38) r(36,41) d(37) d(6) r(39,91) a(5,79) a(29,29) r(29,163)", "fitness": 0.0}
{"generation": 9, "position": 25, "parents": [26, 48], "genome": "r(6,79) d(37) r(6,46) d(32) a(38,82) d(6) a(5,37) a(38,60) a(5,124) d(31) r(5,78) a(36,45)", "fitness": 0.0}
{"generation": 9, "position": 26, "parents": [26], "genome": "a(39,46) d(38) r(36,41) d(37) d(6) r(39,91) a(38,82) d(6) a(5,37) a(38,60) a(5,124) d(31) r(5,78) r(32,90)", "fitness": 0.0}
{"generation": 9, "position": 27, "parents": [48], "genome": "r(6,79) d(37) r(6,46) d(32) a(5,79) a(29,29) d(5)", "fitness": 0.0}
{"generation": 9, "position": 28, "parents": [51], "genome": "d(38) d(39) d(36) a(37,73) d(39) d(37) r(6,46) d(32) a(5,79) r(29,96) a(5,91)", "fitness": 0.0}
{"generation": 9, "position": 29, "parents": [34], "genome": "r(32,74) r(38,124) a(36,56) a(39,66) r(39,29) a(29,66) r(38,72) d(6) a(29,48) d(29) r(36,80)", "fitness": 0.0}
{"generation": 9, "position": 30, "parents": [21, 34], "genome": "r(32,74) a(37,58) r(31,43) a(7,58) a(39,154) r(38,124) a(36,56) a(39,66) r(39,91) d(36) a(39,162) r(31,83) a(29,66) r(38,72) d(6) a(29,48) d(29) a(37,96)", "fitness": 0.0}
{"generation": 9, "position": 31, "parents": [21, 34], "genome": "r(32,74) r(38,124) a(36,56) a(39,66) r(39,29) a(5,43) a(37,41) d(31)", "fitness": 0.0}
{"generation": 9, "position": 32, "parents": [21], "genome": "r(32,74) a(37,58) r(31,43) a(7,58) a(39,154) r(38,124) a(36,56) a(39,66) r(39,91) d(36) a(39,162) r(31,83) a(5,43) a(37,41) a(6,36)", "fitness": 0.0}
{"generation": 9, "position": 33, "parents": [34], "genome": "r(32,74) r(38,124) a(36,56) a(39,66) r(39,29) a(29,66) r(38,72) d(6) a(29,48) d(29) d(37)", "fitness": 0.0}
{"generation": 9, "position": 34, "parents": [50, 28], "genome": "r(6,79) d(38) a(37,73) d(5) a(35,95)", "fitness": 4.0}
{"generation": 9, "position": 35, "parents": [50, 28], "genome": "d(38) d(39) d(36) a(39,29) a(5,56) d(39) a(6,76) a(39,160) r(35,50) r(39,37) a(5,90) r(32,61)", "fitness": 0.0}
{"generation": 9, "position": 36, "parents": [50], "genome": "r(6,79) d(38) a(37,73) a(6,76) a(39,160) r(35,50) r(39,37) a(5,90) d(36)", "fitness": 0.0}
{"generation": 9, "position": 37, "parents": [28], "genome": "d(38) d(39) d(36) a(39,29) a(5,56) d(39) d(5) d(29)", "fitness": 0.0}
{"generation": 9, "position": 38, "parents": [25], "genome": "r(32,74) d(38) r(29,5) d(36) d(5) a(39,91) a(39,145) a(39,101) d(37)", "fitness": 0.0}
{"generation": 9, "position": 39, "parents": [3], "genome": "d(38) d(36) a(29,160) r(39,48) r(35,5) a(31,108) r(6,60) r(37,91) d(31) a(32,32)", "fitness": 0.0}
{"generation": 9, "position": 40, "parents": [38], "genome": "r(32,74) a(37,58) r(31,43) a(7,58) a(39,154) r(38,124) a(36,56) a(39,66) r(39,91) d(36) a(39,162) r(31,83) a(5,43) a(6,40) a(29,72)", "fitness": 0.0}
{"generation": 9, "position": 41, "parents": [23], "genome": "r(32,74) d(38) a(29,66) a(36,108) r(29,83) r(5,40) r(39,108)", "fitness": 0.0}
{"generation": 9, "position": 42, "parents": [16], "genome": "a(39,46) r(38,40) d(36) r(39,91) r(6,65) r(29,73) r(37,60) r(5,78) a(32,80) r(35,49)", "fitness": 0.0}
{"generation": 9, "position": 43, "parents": [40], "genome": "a(39,46) d(38) r(36,41) d(37) d(6) r(32,79) r(31,36) a(5,95) r(39,91) r(6,65) r(29,73) a(37,5) a(35,5) d(5)", "fitness": 0.0}
{"generation": 9, "position": 44, "parents": [22, 3], "genome": "r(32,74) r(38,124) a(36,56) a(39,66) r(39,29) r(29,5) d(36) d(5) a(39,91) a(39,145) a(37,124) r(39,48) r(35,5) a(31,108) r(6,60) r(37,91) d(31)", "fitness": 0.0}
{"generation": 9, "position": 45, "parents": [22, 3], "genome": "d(38) d(36) a(29,160) a(39,95)", "fitness": 0.0}
{"generation": 9, "position": 46, "parents": [22], "genome": "r(32,74) r(38,124) a(36,56) a(39,66) r(39,29) r(29,5) d(36) d(5) a(39,91) a(39,145) a(37,124) d(37)", "fitness": 0.0}
{"generation": 9, "position": 47, "parents": [3], "genome": "d(38) d(36) a(29,160) r(39,48) r(35,5) a(31,108) r(6,60) r(37,91) d(31) r(5,154)", "fitness": 0.0}
{"generation": 9, "position": 48, "parents": [48], "genome": "r(6,79) d(37) r(6,46) d(32) a(5,79) a(29,29) r(29,58)", "fitness": 0.0}
{"generation": 9, "position": 49, "parents": [56], "genome": "d(38) d(39) d(36) r(39,91) r(6,65) r(29,73) a(37,5) r(35,162) a(5,36) d(37)", "fitness": 0.0}
{"generation": 9, "position": 50, "parents": [31, 23], "genome": "r(32,74) d(38) a(29,66) a(36,108) r(29,83) r(5,40) r(39,60)", "fitness": 0.0}
{"generation": 9, "position": 51, "parents": [31, 23], "genome": "r(32,74) a(37,73) r(38,163) d(29) r(7,43) d(36) a(39,29) a(5,56) d(39) d(37) a(6,160)", "fitness": 0.0}
{"generation": 9, "position": 52, "parents": [31], "genome": "r(32,74) a(37,73) r(38,163) d(29) r(7,43) d(36) a(39,29) a(5,56) d(39) d(37) d(5)", "fitness": 0.0}
{"generation": 9, "position": 53, "parents": [23], "genome": "r(32,74) d(38) a(29,66) a(36,108) r(29,83) r(5,40) d(39)", "fitness": 0.0}
{"generation": 9, "position": 54, "parents": [3, 34], "genome": "d(38) d(36) a(29,160) r(39,48) a(39,66) r(39,29) a(29,66) r(38,72) d(6) a(29,48) d(29) d(5)", "fitness": 0.0}
{"generation": 9, "position": 55, "parents": [3, 34], "genome": "r(32,74) r(38,124) a(36,56) r(35,5) a(31,108) r(6,60) r(37,91) d(31) d(36)", "fitness": 0.0}
{"generation": 9, "position": 56, "parents": [3], "genome": "d(38) d(36) a(29,160) r(39,48) r(35,5) a(31,108) r(6,60) r(37,91) d(31) a(32,154)", "fitness": 0.0}
{"generation": 9, "position": 57, "parents": [34], "genome": "r(32,74) r(38,124) a(36,56) a(39,66) r(39,29) a(29,66) r(38,72) d(6) a(29,48) d(29) d(5)", "fitness": 0.0}
{"generation": 9, "position": 58, "parents": [34, 33], "genome": "r(32,74) r(38,124) a(36,56) a(39,66) r(39,29) a(29,66) a(36,125) a(29,128)", "fitness": 0.0}
{"generation": 9, "position": 59, "parents": [34, 33], "genome": "d(38) d(39) r(38,72) d(6) a(29,48) r(38,72) d(6) a(29,48) d(29) r(37,49)", "fitness": 0.0}
{"generation": 9, "position": 60, "parents": [34], "genome": "r(32,74) r(38,124) a(36,56) a(39,66) r(39,29) a(29,66) r(38,72) d(6) a(29,48) d(29) r(36,42)", "fitness": 0.0}
{"generation": 9, "position": 61, "parents": [33], "genome": "d(38) d(39) r(38,72) d(6) a(29,48) a(36,125) d(35)", "fitness": 0.0}
{"generation": 9, "position": 62, "parents": [29, 36], "genome": "r(32,74) a(37,73) r(38,163) d(29) r(7,43) d(36) r(39,91) r(6,65) a(31,95) d(39) d(36) a(6,76) a(39,160) r(35,50) r(39,37) d(29) a(5,101)", "fitness": 0.0}
{"generation": 9, "position": 63, "parents": [29, 36], "genome": "r(6,79) d(38) a(37,73) a(37,73) r(31,43) r(35,53) d(37) d(32) a(5,50) r(29,48)", "fitness": 0.0}
{"generation": 9, "position": 64, "parents": [29], "genome": "r(32,74) a(37,73) r(38,163) d(29) r(7,43) d(36) r(39,91) r(6,65) a(31,95) d(39) d(36) a(37,73) r(31,43) r(35,53) d(37) d(32) a(5,50) d(5)", "fitness": 0.0}
{"generation": 10, "position": 0, "parents": [42], "genome": "a(39,46) r(38,40) d(36) r(39,91) r(6,65) r(29,73) r(37,60) r(5,78) a(32,80) r(35,49) r(32,82)", "fitness": 0.0}
{"generation": 10, "position": 1, "parents": [51], "genome": "r(32,74) a(37,73) r(38,163) d(29) r(7,43) d(36) a(39,29) a(5,56) d(39) d(37) a(6,160) r(6,58)", "fitness": 0.0}
{"generation": 10, "position": 2, "parents": [44, 16], "genome": "r(32,74) r(38,124) a(36,56) a(39,66) r(39,29) r(29,5) d(36) d(5) a(39,91) a(39,145) a(37,124) r(39,48) r(35,5) a(7,58) a(39,154) r(38,124) a(36,56) a(39,66) d(38) a(37,73) a(6,76) a(39,160) r(6,76) a(35,95) d(37) a(36,32)", "fitness": 0.0}
{"generation": 10, "position": 3, "parents": [44, 16], "genome": "r(32,74) a(37,58) r(31,43) a(31,108) r(6,60) r(37,91) d(31) a(36,82)", "fitness": 0.0}
{"generation": 10, "position": 4, "parents": [44], "genome": "r(32,74) r(38,124) a(36,56) a(39,66) r(39,29) r(29,5) d(36) d(5) a(39,91) a(39,145) a(37,124) r(39,48) r(35,5) a(31,108) r(6,60) r(37,91) d(31)", "fitness": 0.0}
{"generation": 10, "position": 5, "parents": [16], "genome": "r(32,74) a(37,58) r(31,43) a(7,58) a(39,154) r(38,124) a(36,56) a(39,66) d(38) a(37,73) a(6,76) a(39,160) r(6,76) a(35,95) d(37) a(36,32) a(5,56)", "fitness": 0.0}
{"generation": 10, "position": 6, "parents": [65], "genome": "r(6,79) d(38) a(37,73) a(6,76) a(39,160) r(35,50) r(39,37) d(29) r(37,49) r(32,5)", "fitness": 0.0}
{"generation": 10, "position": 7, "parents": [56], "genome": "d(38) d(36) a(29,160) r(39,48) r(35,5) a(31,108) r(6,60) r(37,91) d(31) a(32,154) r(32,36)", "fitness": 0.0}
{"generation": 10, "position": 8, "parents": [12, 37], "genome": "d(38) d(36) a(29,160) r(39,48) r(35,5) a(31,108) r(6,60) r(37,91) d(31) d(32) d(29)", "fitness": 0.0}
{"generation": 10, "position": 9, "parents": [12, 37], "genome": "d(38) d(39) d(36) a(39,29) a(5,56) d(39) d(5) d(29) r(37,31)", "fitness": 0.0}
{"generation": 10, "position": 10, "parents": [12], "genome": "d(38) d(36) a(29,160) r(39,48) r(35,5) a(31,108) r(6,60) r(37,91) d(31) d(32) d(29)", "fitness": 0.0}
{"generation": 10, "position": 11, "parents": [37], "genome": "d(38) d(39) d(36) a(39,29) a(5,56) d(39) d(5) d(29) a(35,154)", "fitness": 0.0}
{"generation": 10, "position": 12, "parents": [45, 57], "genome": "d(38) r(38,72) d(6) a(29,48) d(29) d(5) a(39,128)", "fitness": 0.0}
{"generation": 10, "position": 13, "parents": [45, 57], "genome": "r(32,74) r(38,124) a(36,56) a(39,66) r(39,29) a(29,66) d(36) a(29,160) a(39,95) a(5,42)", "fitness": 0.0}
{"generation": 10, "position": 14, "parents": [45], "genome": "d(38) d(36) a(29,160) a(39,95) d(39)", "fitness": 0.0}
{"generation": 10, "position": 15, "parents": [57], "genome": "r(32,74) r(38,124) a(36,56) a(39,66) r(39,29) a(29,66) r(38,72) d(6) a(29,48) d(29) d(5) r(36,32)", "fitness": 0.0}
{"generation": 10, "position": 16, "parents": [62, 49], "genome": "r(32,74) a(37,73) r(38,163) d(29) r(7,43) d(36) r(39,91) r(6,65) a(31,95) d(39) d(36) a(6,76) a(39,160) r(35,50) r(39,37) r(39,91) r(6,65) r(29,73) a(37,5) r(35,162) a(5,36) d(37) r(5,65)", "fitness": 0.0}
{"generation": 10, "position": 17, "parents": [62, 49], "genome": "d(38) d(39) d(36) d(29) a(5,101) a(6,56)", "fitness": 12.0}
{"generation": 10, "position": 18, "parents": [62], "genome": "r(32,74) a(37,73) r(38,163) d(29) r(7,43) d(36) r(39,91) r(6,65) a(31,95) d(39) d(36) a(6,76) a(39,160) r(35,50) r(39,37) d(29) a(5,101) r(37,41)", "fitness": 0.0}
{"generation": 10, "position": 19, "parents": [49], "genome": "d(38) d(39) d(36) r(39,91) r(6,65) r(29,73) a(37,5) r(35,162) a(5,36) d(37) r(5,46)", "fitness": 0.0}
{"generation": 10, "position": 20, "parents": [35, 50], "genome": "d(38) d(39) d(36) a(39,29) a(29,66) a(36,108) r(29,83) r(5,40) r(39,60) r(32,74)", "fitness": 0.0}
{"generation": 10, "position": 21, "parents": [35, 50], "genome": "r(32,74) d(38) a(5,56) d(39) a(6,76) a(39,160) r(35,50) r(39,37) a(5,90) r(32,61) a(7,163)", "fitness": 0.0}
{"generation": 10, "position": 22, "parents": [35], "genome": "d(38) d(39) d(36) a(39,29) a(5,56) d(39) a(6,76) a(39,160) r(35,50) r(39,37) a(5,90) r(32,61) r(37,44)", "fitness": 0.0}
{"generation": 10, "position": 23, "parents": [50], "genome": "r(32,74) d(38) a(29,66) a(36,108) r(29,83) r(5,40) r(39,60) a(37,74)", "fitness": 0.0}
{"generation": 10, "position": 24, "parents": [32, 48], "genome": "r(32,74) a(37,58) r(31,43) a(7,58) a(39,154) r(38,124) a(36,56) a(39,66) r(39,91) d(36) a(39,162) r(31,83) a(5,43) a(5,79) a(29,29) r(29,58) a(7,128)", "fitness": 0.0}
{"generation": 10, "position": 25, "parents": [32, 48], "genome": "r(6,79) d(37) r(6,46) d(32) a(37,41) a(6,36) d(36)", "fitness": 0.0}
{"generation": 10, "position": 26, "parents": [32], "genome": "r(32,74) a(37,58) r(31,43) a(7,58) a(39,154) r(38,124) a(36,56) a(39,66) r(39,91) d(36) a(39,162) r(31,83) a(5,43) a(37,41) a(6,36) d(37)", "fitness": 0.0}
{"generation": 10, "position": 27, "parents": [48], "genome": "r(6,79) d(37) r(6,46) d(32) a(5,79) a(29,29) r(29,58) a(5,133)", "fitness": 0.0}
{"generation": 10, "position": 28, "parents": [10], "genome": "d(38) d(36) a(29,160) r(39,48) r(35,5) a(31,108) r(6,60) d(38) d(39) r(36,5) d(37) a(29,83) a(29,145) a(29,58) d(5)", "fitness": 0.0}
{"generation": 10, "position": 29, "parents": [43], "genome": "a(39,46) d(38) r(36,41) d(37) d(6) r(32,79) r(31,36) a(5,95) r(39,91) r(6,65) r(29,73) a(37,5) a(35,5) d(5)", "fitness": 0.0}
{"generation": 10, "position": 30, "parents": [58, 59], "genome": "r(32,74) r(38,124) a(36,56) d(29) r(37,49) r(7,96)", "fitness": 0.0}
{"generation": 10, "position": 31, "parents": [58, 59], "genome": "d(38) d(39) r(38,72) d(6) a(29,48) r(38,72) d(6) a(29,48) a(39,66) r(39,29) a(29,66) a(36,125) a(29,128) d(37)", "fitness": 0.0}
{"generation": 10, "position": 32, "parents": [58], "genome": "r(32,74) r(38,124) a(36,56) a(39,66) r(39,29) a(29,66) a(36,125) a(29,128) r(29,37)", "fitness": 0.0}
{"generation": 10, "position": 33, "parents": [59], "genome": "d(38) d(39) r(38,72) d(6) a(29,48) r(38,72) d(6) a(29,48) d(29) r(37,49) r(35,66)", "fitness": 0.0}
{"generation": 10, "position": 34, "parents": [18, 62], "genome": "d(38) d(39) r(6,65) a(31,95) d(39) d(36) a(6,76) a(39,160) r(35,50) r(39,37) d(29) a(5,101) a(37,29)", "fitness": 0.0}
{"generation": 10, "position": 35, "parents": [18, 62], "genome": "r(32,74) a(37,73) r(38,163) d(29) r(7,43) d(36) r(39,91) d(38) a(37,73) d(29) d(36) a(37,29)", "fitness": 0.0}
{"generation": 10, "position": 36, "parents": [18], "genome": "d(38) d(39) d(38) a(37,73) d(29) d(36) a(35,46)", "fitness": 0.0}
{"generation": 10, "position": 37, "parents": [62], "genome": "r(32,74) a(37,73) r(38,163) d(29) r(7,43) d(36) r(39,91) r(6,65) a(31,95) d(39) d(36) a(6,76) a(39,160) r(35,50) r(39,37) d(29) a(5,101) a(5,43)", "fitness": 0.0}
{"generation": 10, "position": 38, "parents": [51, 2], "genome": "r(32,74) a(37,73) r(38,163) d(29) r(7,43) d(36) d(39) d(38) a(37,73) a(6,76) a(39,160) r(6,76) d(35) r(37,83) d(32) r(5,93)", "fitness": 0.0}
{"generation": 10, "position": 39, "parents": [51, 2], "genome": "d(38) a(39,29) a(5,56) d(39) d(37) a(6,160) r(32,90)", "fitness": 0.0}
{"generation": 10, "position": 40, "parents": [51], "genome": "r(32,74) a(37,73) r(38,163) d(29) r(7,43) d(36) a(39,29) a(5,56) d(39) d(37) a(6,160) r(5,101)", "fitness": 12.0}
{"generation": 10, "position": 41, "parents": [2], "genome": "d(38) d(39) d(38) a(37,73) a(6,76) a(39,160) r(6,76) d(35) r(37,83) d(32) r(5,82)", "fitness": 0.0}
{"generation": 10, "position": 42, "parents": [53], "genome": "r(32,74) d(38) a(29,66) a(36,108) r(29,83) r(5,40) d(39) a(36,163)", "fitness": 0.0}
{"generation": 10, "position": 43, "parents": [47], "genome": "d(38) d(36) a(29,160) r(39,48) r(35,5) a(31,108) r(6,60) r(37,91) d(31) r(5,154) a(32,49)", "fitness": 0.0}
{"generation": 10, "position": 44, "parents": [65], "genome": "r(6,79) d(38) a(37,73) a(6,76) a(39,160) r(35,50) r(39,37) d(29) r(37,49) a(5,29)", "fitness": 0.0}
{"generation": 10, "position": 45, "parents": [56], "genome": "d(38) d(36) a(29,160) r(39,48) r(35,5) a(31,108) r(6,60) r(37,91) d(31) a(32,154) a(29,45)", "fitness": 0.0}
{"generation": 10, "position": 46, "parents": [48], "genome": "r(6,79) d(37) r(6,46) d(32) a(5,79) a(29,29) r(29,58) d(5)", "fitness": 0.0}
{"generation": 10, "position": 47, "parents": [30], "genome": "r(32,74) a(37,58) r(31,43) a(7,58) a(39,154) r(38,124) a(36,56) a(39,66) r(39,91) d(36) a(39,162) r(31,83) a(29,66) r(38,72) d(6) a(29,48) d(29) a(37,96) a(37,53)", "fitness": 0.0}
{"generation": 10, "position": 48, "parents": [19], "genome": "a(39,46) d(38) r(36,41) d(37) d(6) r(39,91) a(38,82) d(6) a(5,37) a(38,60) a(5,124) d(31) a(6,76) a(39,160) r(6,76) a(35,95) d(36) a(32,39) d(32)", "fitness": 0.0}
{"generation": 10, "position": 49, "parents": [17], "genome": "r(32,74) r(38,124) a(36,56) a(39,66) r(39,29) r(29,5) d(36) d(5) a(39,91) a(39,145) a(37,124) a(37,133) r(37,46)", "fitness": 0.0}
{"generation": 10, "position": 50, "parents": [40], "genome": "r(32,74) a(37,58) r(31,43) a(7,58) a(39,154) r(38,124) a(36,56) a(39,66) r(39,91) d(36) a(39,162) r(31,83) a(5,43) a(6,40) a(29,72) a(7,44)", "fitness": 0.0}
{"generation": 10, "position": 51, "parents": [26], "genome": "a(39,46) d(38) r(36,41) d(37) d(6) r(39,91) a(38,82) d(6) a(5,37) a(38,60) a(5,124) d(31) r(5,78) r(32,90) a(29,46)", "fitness": 0.0}
{"generation": 10, "position": 52, "parents": [15], "genome": "r(32,74) r(38,124) a(36,56) a(39,66) r(39,29) r(29,5) d(36) d(37) a(6,38) r(6,104)", "fitness": 0.0}
{"generation": 10, "position": 53, "parents": [53], "genome": "r(32,74) d(38) a(29,66) a(36,108) r(29,83) r(5,40) d(39) r(36,91)", "fitness": 0.0}
{"generation": 10, "position": 54, "parents": [9, 53], "genome": "r(32,74) r(38,124) a(36,56) a(39,66) r(39,29) a(29,66) r(38,72) d(39) d(31)", "fitness": 0.0}
{"generation": 10, "position": 55, "parents": [9, 53], "genome": "r(32,74) d(38) a(29,66) a(36,108) r(29,83) r(5,40) d(6) a(29,48) d(29) r(5,39) d(39)", "fitness": 0.0}
{"generation": 10, "position": 56, "parents": [9], "genome": "r(32,74) r(38,124) a(36,56) a(39,66) r(39,29) a(29,66) r(38,72) d(6) a(29,48) d(29) r(5,39) r(36,128)", "fitness": 0.0}
{"generation": 10, "position": 57, "parents": [53], "genome": "r(32,74) d(38) a(29,66) a(36,108) r(29,83) r(5,40) d(39) a(37,56)", "fitness": 0.0}
{"generation": 10, "position": 58, "parents": [12], "genome": "d(38) d(36) a(29,160) r(39,48) r(35,5) a(31,108) r(6,60) r(37,91) d(31) d(32) a(5,91)", "fitness": 0.0}