[meta]
{"program": "genprog-3.0", "problem": {"ideal_fitness": "12", "type": "repair", "name": "ultrix-look", "enclosure": {"1": 0, "2": 0, "3": 0, "4": 0, "5": 0, "6": 5, "7": 6, "8": 7, "11": 5, "12": 11, "14": 0, "16": 0, "18": 0, "19": 0, "20": 19, "21": 19, "26": 11, "27": 5, "28": 5, "29": 0, "30": 29, "31": 29, "32": 0, "33": 32, "34": 32, "35": 32, "36": 0, "37": 0, "38": 37, "39": 37, "40": 37, "41": 0, "42": 0, "43": 0, "44": 0, "45": 0, "46": 45, "47": 45, "48": 45, "49": 48, "50": 48, "51": 48, "52": 51, "53": 52, "56": 45, "57": 45, "58": 57, "60": 45, "61": 45, "63": 0, "65": 63, "66": 0, "68": 0, "71": 45, "72": 0, "73": 0, "74": 73, "75": 73, "76": 75, "78": 73, "79": 73, "80": 79, "81": 79, "82": 73, "83": 73, "85": 0, "86": 0, "90": 0, "91": 90, "92": 90, "93": 92, "95": 90, "96": 90, "98": 0, "101": 0, "102": 0, "103": 102, "104": 103, "106": 102, "107": 106, "108": 106, "109": 102, "110": 102, "111": 0, "112": 111, "113": 111, "114": 113, "115": 113, "116": 115, "117": 115, "118": 113, "119": 111, "120": 0, "121": 0, "122": 121, "123": 121, "124": 123, "125": 123, "126": 121, "128": 126, "129": 121, "130": 121, "131": 121, "132": 0, "133": 0, "134": 0, "135": 134, "136": 134, "137": 134, "138": 134, "139": 134, "140": 139, "142": 139, "143": 142, "145": 142, "146": 134, "147": 146, "148": 146, "149": 148, "150": 148, "151": 148, "152": 151, "154": 146, "155": 134, "156": 155, "157": 155, "158": 157, "159": 157, "160": 155, "161": 134, "162": 134, "163": 0}}, "version": "0.0.2", "seed": 2, "algorithm": {"representation": "patch", "type": "genetic", "name": "ALGORITHM-NAME"}}

[data]
{"generation": 0, "position": 0, "parents": [], "genome": "a(39,128)", "fitness": 4.0}
{"generation": 0, "position": 1, "parents": [], "genome": "a(38,160)", "fitness": 4.0}
{"generation": 0, "position": 2, "parents": [], "genome": "a(39,46)", "fitness": 4.0}
{"generation": 0, "position": 3, "parents": [], "genome": "r(39,83)", "fitness": 4.0}
{"generation": 0, "position": 4, "parents": [], "genome": "r(38,53)", "fitness": 4.0}
{"generation": 0, "position": 5, "parents": [], "genome": "d(5)", "fitness": 4.0}
{"generation": 0, "position": 6, "parents": [], "genome": "d(38)", "fitness": 4.0}
{"generation": 0, "position": 7, "parents": [], "genome": "a(7,57)", "fitness": 4.0}
{"generation": 0, "position": 8, "parents": [], "genome": "r(39,36)", "fitness": 4.0}
{"generation": 0, "position": 9, "parents": [], "genome": "a(39,42)", "fitness": 4.0}
{"generation": 0, "position": 10, "parents": [], "genome": "d(32)", "fitness": 0.0}
{"generation": 0, "position": 11, "parents": [], "genome": "d(39)", "fitness": 4.0}
{"generation": 0, "position": 12, "parents": [], "genome": "r(36,48)", "fitness": 0.0}
{"generation": 0, "position": 13, "parents": [], "genome": "a(39,5)", "fitness": 4.0}
{"generation": 0, "position": 14, "parents": [], "genome": "r(39,73)", "fitness": 4.0}
{"generation": 0, "position": 15, "parents": [], "genome": "d(38)", "fitness": 4.0}
{"generation": 0, "position": 16, "parents": [], "genome": "d(35)", "fitness": 0.0}
{"generation": 0, "position": 17, "parents": [], "genome": "d(38)", "fitness": 4.0}
{"generation": 0, "position": 18, "parents": [], "genome": "a(38,76)", "fitness": 4.0}
{"generation": 0, "position": 19, "parents": [], "genome": "d(39)", "fitness": 4.0}
{"generation": 0, "position": 20, "parents": [], "genome": "d(39)", "fitness": 4.0}
{"generation": 0, "position": 21, "parents": [], "genome": "d(38)", "fitness": 4.0}
{"generation": 0, "position": 22, "parents": [], "genome": "r(6,95)", "fitness": 0.0}
{"generation": 0, "position": 23, "parents": [], "genome": "a(38,133)", "fitness": 4.0}
{"generation": 0, "position": 24, "parents": [], "genome": "d(39)", "fitness": 4.0}
{"generation": 0, "position": 25, "parents": [], "genome": "d(38)", "fitness": 4.0}
{"generation": 0, "position": 26, "parents": [], "genome": "a(31,61)", "fitness": 4.0}
{"generation": 0, "position": 27, "parents": [], "genome": "r(39,48)", "fitness": 4.0}
{"generation": 0, "position": 28, "parents": [], "genome": "r(38,40)", "fitness": 4.0}
{"generation": 0, "position": 29, "parents": [], "genome": "a(39,145)", "fitness": 4.0}
{"generation": 0, "position": 30, "parents": [], "genome": "d(38)", "fitness": 4.0}
{"generation": 0, "position": 31, "parents": [], "genome": "r(38,47)", "fitness": 4.0}
{"generation": 0, "position": 32, "parents": [], "genome": "a(38,37)", "fitness": 4.0}
{"generation": 0, "position": 33, "parents": [], "genome": "a(39,65)", "fitness": 4.0}
{"generation": 0, "position": 34, "parents": [], "genome": "d(38)", "fitness": 4.0}
{"generation": 0, "position": 35, "parents": [], "genome": "d(39)", "fitness": 4.0}
{"generation": 0, "position": 36, "parents": [], "genome": "r(39,35)", "fitness": 4.0}
{"generation": 0, "position": 37, "parents": [], "genome": "r(35,90)", "fitness": 0.0}
{"generation": 0, "position": 38, "parents": [], "genome": "a(7,128)", "fitness": 4.0}
{"generation": 0, "position": 39, "parents": [], "genome": "original", "fitness": 4.0}
{"generation": 1, "position": 0, "parents": [2], "genome": "a(39,46) a(38,41)", "fitness": 4.0}
{"generation": 1, "position": 1, "parents": [14], "genome": "r(39,73) a(38,96)", "fitness": 4.0}
{"generation": 1, "position": 2, "parents": [5], "genome": "d(5) d(31)", "fitness": 4.0}
{"generation": 1, "position": 3, "parents": [3], "genome": "r(39,83) d(38)", "fitness": 4.0}
{"generation": 1, "position": 4, "parents": [20], "genome": "d(39) a(38,41)", "fitness": 4.0}
{"generation": 1, "position": 5, "parents": [26], "genome": "a(31,61) d(37)", "fitness": 4.0}
{"generation": 1, "position": 6, "parents": [32, 10], "genome": "a(38,37) a(38,82)", "fitness": 4.0}
{"generation": 1, "position": 7, "parents": [32, 10], "genome": "d(32) d(38)", "fitness": 0.0}
{"generation": 1, "position": 8, "parents": [32], "genome": "a(38,37) r(31,73)", "fitness": 0.0}
{"generation": 1, "position": 9, "parents": [10], "genome": "d(32) a(5,37)", "fitness": 0.0}
{"generation": 1, "position": 10, "parents": [29, 39], "genome": "a(39,145) r(38,53)", "fitness": 4.0}
{"generation": 1, "position": 11, "parents": [29, 39], "genome": "d(39)", "fitness": 4.0}
{"generation": 1, "position": 12, "parents": [29], "genome": "a(39,145) d(37)", "fitness": 4.0}
{"generation": 1, "position": 13, "parents": [39], "genome": "a(35,162)", "fitness": 4.0}
{"generation": 1, "position": 14, "parents": [14], "genome": "r(39,73) d(6)", "fitness": 0.0}
{"generation": 1, "position": 15, "parents": [7], "genome": "a(7,57) r(39,47)", "fitness": 4.0}
{"generation": 1, "position": 16, "parents": [24, 37], "genome": "d(39) a(38,74)", "fitness": 4.0}
{"generation": 1, "position": 17, "parents": [24, 37], "genome": "r(35,90) r(38,56)", "fitness": 0.0}
{"generation": 1, "position": 18, "parents": [24], "genome": "d(39) r(35,39)", "fitness": 0.0}
{"generation": 1, "position": 19, "parents": [37], "genome": "r(35,90) a(7,37)", "fitness": 0.0}
{"generation": 1, "position": 20, "parents": [8, 3], "genome": "r(39,36) a(38,101)", "fitness": 4.0}
{"generation": 1, "position": 21, "parents": [8, 3], "genome": "r(39,83) a(38,42)", "fitness": 4.0}
{"generation": 1, "position": 22, "parents": [8], "genome": "r(39,36) d(38)", "fitness": 4.0}
{"generation": 1, "position": 23, "parents": [3], "genome": "r(39,83) d(38)", "fitness": 4.0}
{"generation": 1, "position": 24, "parents": [10, 23], "genome": "d(32) a(37,74)", "fitness": 0.0}
{"generation": 1, "position": 25, "parents": [10, 23], "genome": "a(38,133) r(6,51)", "fitness": 0.0}
{"generation": 1, "position": 26, "parents": [10], "genome": "d(32) a(37,58)", "fitness": 0.0}
{"generation": 1, "position": 27, "parents": [23], "genome": "a(38,133) d(31)", "fitness": 4.0}
{"generation": 1, "position": 28, "parents": [7], "genome": "a(7,57) d(39)", "fitness": 4.0}
{"generation": 1, "position": 29, "parents": [15], "genome": "d(38) a(39,31)", "fitness": 4.0}
{"generation": 1, "position": 30, "parents": [31], "genome": "r(38,47) a(39,60)", "fitness": 4.0}
{"generation": 1, "position": 31, "parents": [15], "genome": "d(38) r(32,162)", "fitness": 0.0}
{"generation": 1, "position": 32, "parents": [12], "genome": "r(36,48) d(6)", "fitness": 0.0}
{"generation": 1, "position": 33, "parents": [10], "genome": "d(32) a(5,108)", "fitness": 0.0}
{"generation": 1, "position": 34, "parents": [23, 39], "genome": "a(38,133) d(39)", "fitness": 4.0}
{"generation": 1, "position": 35, "parents": [23, 39], "genome": "a(38,133)", "fitness": 4.0}
{"generation": 1, "position": 36, "parents": [23], "genome": "a(38,133) a(38,53)", "fitness": 4.0}
{"generation": 1, "position": 37, "parents": [39], "genome": "a(31,104)", "fitness": 4.0}
{"generation": 1, "position": 38, "parents": [10], "genome": "d(32) a(38,50)", "fitness": 0.0}
{"generation": 1, "position": 39, "parents": [6], "genome": "d(38) r(39,133)", "fitness": 4.0}
{"generation": 1, "position": 40, "parents": [19, 8], "genome": "d(39) r(36,48)", "fitness": 0.0}
{"generation": 1, "position": 41, "parents": [19, 8], "genome": "r(39,36) r(38,39)", "fitness": 4.0}
{"generation": 1, "position": 42, "parents": [19], "genome": "d(39) r(38,45)", "fitness": 4.0}
{"generation": 1, "position": 43, "parents": [8], "genome": "r(39,36) d(38)", "fitness": 4.0}
{"generation": 1, "position": 44, "parents": [20, 19], "genome": "d(39) a(38,35)", "fitness": 4.0}
{"generation": 1, "position": 45, "parents": [20, 19], "genome": "d(39) r(35,79)", "fitness": 0.0}
{"generation": 1, "position": 46, "parents": [20], "genome": "d(39) r(35,160)", "fitness": 0.0}
{"generation": 1, "position": 47, "parents": [19], "genome": "d(39) d(5)", "fitness": 4.0}
{"generation": 1, "position": 48, "parents": [33], "genome": "a(39,65) r(38,42)", "fitness": 4.0}
{"generation": 1, "position": 49, "parents": [28], "genome": "r(38,40) r(39,31)", "fitness": 4.0}
{"generation": 1, "position": 50, "parents": [16, 9], "genome": "d(35) a(7,36)", "fitness": 0.0}
{"generation": 1, "position": 51, "parents": [16, 9], "genome": "a(39,42) r(38,160)", "fitness": 4.0}
{"generation": 1, "position": 52, "parents": [16], "genome": "d(35) d(38)", "fitness": 0.0}
{"generation": 1, "position": 53, "parents": [9], "genome": "a(39,42) d(38)", "fitness": 4.0}
{"generation": 1, "position": 54, "parents": [29], "genome": "a(39,145) a(36,95)", "fitness": 4.0}
{"generation": 1, "position": 55, "parents": [9], "genome": "a(39,42) a(6,49)", "fitness": 4.0}
{"generation": 1, "position": 56, "parents": [26], "genome": "a(31,61) a(5,31)", "fitness": 4.0}
{"generation": 2, "position": 0, "parents": [45, 6], "genome": "d(39) a(7,162)", "fitness": 4.0}
{"generation": 2, "position": 1, "parents": [45, 6], "genome": "a(38,37) a(38,82) r(35,79) r(39,145)", "fitness": 0.0}
{"generation": 2, "position": 2, "parents": [45], "genome": "d(39) r(35,79) a(29,72)", "fitness": 0.0}
{"generation": 2, "position": 3, "parents": [6], "genome": "a(38,37) a(38,82) a(38,101)", "fitness": 4.0}
{"generation": 2, "position": 4, "parents": [9], "genome": "d(32) a(5,37) d(39)", "fitness": 0.0}
{"generation": 2, "position": 5, "parents": [41], "genome": "r(39,36) r(38,39) r(6,145)", "fitness": 0.0}
{"generation": 2, "position": 6, "parents": [38], "genome": "d(32) a(38,50) a(38,5)", "fitness": 0.0}
{"generation": 2, "position": 7, "parents": [21], "genome": "r(39,83) a(38,42) r(6,57)", "fitness": 4.0}
{"generation": 2, "position": 8, "parents": [20], "genome": "r(39,36) a(38,101) d(37)", "fitness": 4.0}
{"generation": 2, "position": 9, "parents": [38], "genome": "d(32) a(38,50) d(38)", "fitness": 0.0}
{"generation": 2, "position": 10, "parents": [45], "genome": "d(39) r(35,79) a(38,80)", "fitness": 0.0}
{"generation": 2, "position": 11, "parents": [1], "genome": "r(39,73) a(38,96) r(29,32)", "fitness": 4.0}
{"generation": 2, "position": 12, "parents": [42], "genome": "d(39) r(38,45) a(35,45)", "fitness": 0.0}
{"generation": 2, "position": 13, "parents": [10], "genome": "a(39,145) r(38,53) r(39,128)", "fitness": 4.0}
{"generation": 2, "position": 14, "parents": [14, 8], "genome": "r(39,73) d(6) r(31,73) r(38,108)", "fitness": 0.0}
{"generation": 2, "position": 15, "parents": [14, 8], "genome": "a(38,37) d(38)", "fitness": 4.0}
{"generation": 2, "position": 16, "parents": [14], "genome": "r(39,73) d(6) a(38,35)", "fitness": 0.0}
{"generation": 2, "position": 17, "parents": [8], "genome": "a(38,37) r(31,73) r(32,48)", "fitness": 0.0}
{"generation": 2, "position": 18, "parents": [14], "genome": "r(39,73) d(6) d(36)", "fitness": 0.0}
{"generation": 2, "position": 19, "parents": [44], "genome": "d(39) a(38,35) r(38,73)", "fitness": 4.0}
{"generation": 2, "position": 20, "parents": [51, 13], "genome": "a(39,42) r(38,160) r(39,90)", "fitness": 4.0}
{"generation": 2, "position": 21, "parents": [51, 13], "genome": "a(35,162) r(39,154)", "fitness": 4.0}
{"generation": 2, "position": 22, "parents": [51], "genome": "a(39,42) r(38,160) d(29)", "fitness": 4.0}
{"generation": 2, "position": 23, "parents": [13], "genome": "a(35,162) r(39,96)", "fitness": 4.0}
{"generation": 2, "position": 24, "parents": [1], "genome": "r(39,73) a(38,96) r(6,31)", "fitness": 0.0}
{"generation": 2, "position": 25, "parents": [17], "genome": "r(35,90) r(38,56) a(39,39)", "fitness": 0.0}
{"generation": 2, "position": 26, "parents": [1, 25], "genome": "r(39,73) a(38,96) r(6,51) a(32,47)", "fitness": 0.0}
{"generation": 2, "position": 27, "parents": [1, 25], "genome": "a(38,133) a(39,29)", "fitness": 4.0}
{"generation": 2, "position": 28, "parents": [1], "genome": "r(39,73) a(38,96) d(38)", "fitness": 4.0}
{"generation": 2, "position": 29, "parents": [25], "genome": "a(38,133) r(6,51) d(39)", "fitness": 0.0}
{"generation": 2, "position": 30, "parents": [32], "genome": "r(36,48) d(6) d(39)", "fitness": 0.0}
{"generation": 2, "position": 31, "parents": [17], "genome": "r(35,90) r(38,56) d(32)", "fitness": 0.0}
{"generation": 2, "position": 32, "parents": [37], "genome": "a(31,104) a(39,58)", "fitness": 4.0}
{"generation": 2, "position": 33, "parents": [47], "genome": "d(39) d(5) r(36,58)", "fitness": 0.0}
{"generation": 2, "position": 34, "parents": [33, 14], "genome": "d(32) d(6) a(39,47)", "fitness": 0.0}
{"generation": 2, "position": 35, "parents": [33, 14], "genome": "r(39,73) a(5,108) d(31)", "fitness": 4.0}
{"generation": 2, "position": 36, "parents": [33], "genome": "d(32) a(5,108) r(39,162)", "fitness": 0.0}
{"generation": 2, "position": 37, "parents": [14], "genome": "r(39,73) d(6) a(38,60)", "fitness": 0.0}
{"generation": 2, "position": 38, "parents": [38], "genome": "d(32) a(38,50) d(38)", "fitness": 0.0}
{"generation": 2, "position": 39, "parents": [37], "genome": "a(31,104) r(38,43)", "fitness": 4.0}
{"generation": 2, "position": 40, "parents": [16, 9], "genome": "d(39) a(5,37) a(6,82)", "fitness": 0.0}
{"generation": 2, "position": 41, "parents": [16, 9], "genome": "d(32) a(38,74) a(39,145)", "fitness": 0.0}
{"generation": 2, "position": 42, "parents": [16], "genome": "d(39) a(38,74) d(38)", "fitness": 4.0}
{"generation": 2, "position": 43, "parents": [9], "genome": "d(32) a(5,37) r(29,128)", "fitness": 0.0}
{"generation": 2, "position": 44, "parents": [7], "genome": "d(32) d(38) d(39)", "fitness": 0.0}
{"generation": 2, "position": 45, "parents": [46], "genome": "d(39) r(35,160) a(6,96)", "fitness": 0.0}
{"generation": 2, "position": 46, "parents": [33, 7], "genome": "d(32) d(38) a(39,61)", "fitness": 0.0}
{"generation": 2, "position": 47, "parents": [33, 7], "genome": "d(32) a(5,108) a(38,108)", "fitness": 0.0}
{"generation": 2, "position": 48, "parents": [33], "genome": "d(32) a(5,108) a(5,82)", "fitness": 0.0}
{"generation": 2, "position": 49, "parents": [7], "genome": "d(32) d(38) r(29,145)", "fitness": 0.0}
{"generation": 2, "position": 50, "parents": [26], "genome": "d(32) a(37,58) d(38)", "fitness": 0.0}
{"generation": 2, "position": 51, "parents": [38], "genome": "d(32) a(38,50) a(29,61)", "fitness": 0.0}
{"generation": 2, "position": 52, "parents": [50, 29], "genome": "d(35) a(7,36) a(39,31) r(32,35)", "fitness": 4.0}
{"generation": 2, "position": 53, "parents": [50, 29], "genome": "d(38) a(39,65)", "fitness": 4.0}
{"generation": 2, "position": 54, "parents": [50], "genome": "d(35) a(7,36) r(39,44)", "fitness": 0.0}
{"generation": 3, "position": 0, "parents": [51], "genome": "d(32) a(38,50) a(29,61) r(31,133)", "fitness": 0.0}
{"generation": 3, "position": 1, "parents": [6], "genome": "d(32) a(38,50) a(38,5) r(6,61)", "fitness": 0.0}
{"generation": 3, "position": 2, "parents": [17], "genome": "a(38,37) r(31,73) r(32,48) r(39,32)", "fitness": 0.0}
{"generation": 3, "position": 3, "parents": [10], "genome": "d(39) r(35,79) a(38,80) a(31,65)", "fitness": 0.0}
{"generation": 3, "position": 4, "parents": [25], "genome": "r(35,90) r(38,56) a(39,39) d(39)", "fitness": 0.0}
{"generation": 3, "position": 5, "parents": [1], "genome": "a(38,37) a(38,82) r(35,79) r(39,145) a(38,45)", "fitness": 0.0}
{"generation": 3, "position": 6, "parents": [2, 51], "genome": "d(39) a(29,61) a(38,163)", "fitness": 4.0}
{"generation": 3, "position": 7, "parents": [2, 51], "genome": "d(32) a(38,50) r(35,79) a(29,72) a(38,65)", "fitness": 0.0}
{"generation": 3, "position": 8, "parents": [2], "genome": "d(39) r(35,79) a(29,72) d(38)", "fitness": 0.0}
{"generation": 3, "position": 9, "parents": [51], "genome": "d(32) a(38,50) a(29,61) d(39)", "fitness": 0.0}
{"generation": 3, "position": 10, "parents": [18], "genome": "r(39,73) d(6) d(36) r(38,154)", "fitness": 0.0}
{"generation": 3, "position": 11, "parents": [24], "genome": "r(39,73) a(38,96) r(6,31) d(38)", "fitness": 0.0}
{"generation": 3, "position": 12, "parents": [45], "genome": "d(39) r(35,160) a(6,96) a(32,35)", "fitness": 4.0}
{"generation": 3, "position": 13, "parents": [32], "genome": "a(31,104) a(39,58) a(39,96)", "fitness": 4.0}
{"generation": 3, "position": 14, "parents": [40, 5], "genome": "d(39) a(5,37) r(6,145) r(38,58)", "fitness": 0.0}
{"generation": 3, "position": 15, "parents": [40, 5], "genome": "r(39,36) r(38,39) a(6,82) a(6,47)", "fitness": 4.0}
{"generation": 3, "position": 16, "parents": [40], "genome": "d(39) a(5,37) a(6,82) a(6,42)", "fitness": 0.0}
{"generation": 3, "position": 17, "parents": [5], "genome": "r(39,36) r(38,39) r(6,145) r(36,32)", "fitness": 0.0}
{"generation": 3, "position": 18, "parents": [45], "genome": "d(39) r(35,160) a(6,96) a(38,39)", "fitness": 0.0}
{"generation": 3, "position": 19, "parents": [43], "genome": "d(32) a(5,37) r(29,128) r(38,60)", "fitness": 0.0}
{"generation": 3, "position": 20, "parents": [16], "genome": "r(39,73) d(6) a(38,35) d(38)", "fitness": 0.0}
{"generation": 3, "position": 21, "parents": [44], "genome": "d(32) d(38) d(39) a(29,5)", "fitness": 0.0}
{"generation": 3, "position": 22, "parents": [40, 55], "genome": "d(39) r(36,40) d(38)", "fitness": 0.0}
{"generation": 3, "position": 23, "parents": [40, 55], "genome": "d(38) a(39,31) a(5,37) a(6,82) r(31,95)", "fitness": 0.0}
{"generation": 3, "position": 24, "parents": [40], "genome": "d(39) a(5,37) a(6,82) r(38,44)", "fitness": 0.0}
{"generation": 3, "position": 25, "parents": [55], "genome": "d(38) a(39,31) r(36,40) d(7)", "fitness": 12.0}
{"generation": 3, "position": 26, "parents": [53, 7], "genome": "d(38) a(39,65) r(6,57) d(31)", "fitness": 4.0}
{"generation": 3, "position": 27, "parents": [53, 7], "genome": "r(39,83) a(38,42) a(36,36)", "fitness": 4.0}
{"generation": 3, "position": 28, "parents": [53], "genome": "d(38) a(39,65) r(36,104)", "fitness": 0.0}
{"generation": 3, "position": 29, "parents": [7], "genome": "r(39,83) a(38,42) r(6,57) d(38)", "fitness": 4.0}
{"generation": 3, "position": 30, "parents": [19, 39], "genome": "d(39) r(38,43) d(5)", "fitness": 4.0}
{"generation": 3, "position": 31, "parents": [19, 39], "genome": "a(31,104) a(38,35) r(38,73) d(37)", "fitness": 4.0}
{"generation": 3, "position": 32, "parents": [19], "genome": "d(39) a(38,35) r(38,73) d(6)", "fitness": 0.0}
{"generation": 3, "position": 33, "parents": [39], "genome": "a(31,104) r(38,43) d(31)", "fitness": 4.0}
{"generation": 3, "position": 34, "parents": [44], "genome": "d(32) d(38) d(39) d(7)", "fitness": 12.0}
{"generation": 3, "position": 35, "parents": [44], "genome": "d(32) d(38) d(39) r(36,42)", "fitness": 0.0}
{"generation": 3, "position": 36, "parents": [12, 46], "genome": "d(39) r(38,45) a(35,45) a(39,61) r(7,39)", "fitness": 0.0}
{"generation": 3, "position": 37, "parents": [12, 46], "genome": "d(32) d(38) r(39,48)", "fitness": 0.0}
{"generation": 3, "position": 38, "parents": [12], "genome": "d(39) r(38,45) a(35,45) a(37,80)", "fitness": 0.0}
{"generation": 3, "position": 39, "parents": [46], "genome": "d(32) d(38) a(39,61) d(39)", "fitness": 0.0}
{"generation": 3, "position": 40, "parents": [29], "genome": "a(38,133) r(6,51) d(39) r(38,128)", "fitness": 0.0}
{"generation": 3, "position": 41, "parents": [14], "genome": "r(39,73) d(6) r(31,73) r(38,108) r(37,91)", "fitness": 0.0}
{"generation": 3, "position": 42, "parents": [27], "genome": "a(38,133) a(39,29) a(39,31)", "fitness": 4.0}
{"generation": 3, "position": 43, "parents": [39], "genome": "a(31,104) r(38,43) a(5,125)", "fitness": 4.0}
{"generation": 3, "position": 44, "parents": [46], "genome": "d(32) d(38) a(39,61) r(39,53)", "fitness": 0.0}
{"generation": 3, "position": 45, "parents": [31], "genome": "r(35,90) r(38,56) d(32) a(39,154)", "fitness": 0.0}
{"generation": 3, "position": 46, "parents": [54], "genome": "d(35) a(7,36) r(39,44) r(36,45)", "fitness": 0.0}
{"generation": 3, "position": 47, "parents": [5], "genome": "r(39,36) r(38,39) r(6,145) r(29,32)", "fitness": 0.0}
{"generation": 3, "position": 48, "parents": [5, 40], "genome": "r(39,36) r(38,39) a(6,82) d(5)", "fitness": 4.0}
{"generation": 3, "position": 49, "parents": [5, 40], "genome": "d(39) a(5,37) r(6,145) d(38)", "fitness": 0.0}
{"generation": 3, "position": 50, "parents": [5], "genome": "r(39,36) r(38,39) r(6,145) d(32)", "fitness": 0.0}
{"generation": 3, "position": 51, "parents": [40], "genome": "d(39) a(5,37) a(6,82) a(32,50)", "fitness": 0.0}
{"generation": 3, "position": 52, "parents": [44], "genome": "d(32) d(38) d(39) r(37,101)", "fitness": 12.0}
{"generation": 4, "position": 0, "parents": [8, 32], "genome": "d(39) r(35,79) a(29,72) d(38)", "fitness": 0.0}
{"generation": 4, "position": 1, "parents": [8, 32], "genome": "d(39) a(38,35) r(38,73) d(6) d(38) a(36,41)", "fitness": 0.0}
{"generation": 4, "position": 2, "parents": [8], "genome": "d(39) r(35,79) a(29,72) d(38) a(32,124)", "fitness": 0.0}
{"generation": 4, "position": 3, "parents": [32], "genome": "d(39) a(38,35) r(38,73) d(6) d(36)", "fitness": 0.0}
{"generation": 4, "position": 4, "parents": [38], "genome": "d(39) r(38,45) a(35,45) a(37,80) a(32,79)", "fitness": 0.0}
{"generation": 4, "position": 5, "parents": [50], "genome": "r(39,36) r(38,39) r(6,145) d(32) a(29,32)", "fitness": 0.0}
{"generation": 4, "position": 6, "parents": [4, 46], "genome": "r(35,90) r(38,56) a(39,39) d(39) d(31)", "fitness": 0.0}
{"generation": 4, "position": 7, "parents": [4, 46], "genome": "d(35) a(7,36) r(39,44) r(36,45) d(38)", "fitness": 0.0}
{"generation": 4, "position": 8, "parents": [4], "genome": "r(35,90) r(38,56) a(39,39) d(39) r(6,104)", "fitness": 0.0}
{"generation": 4, "position": 9, "parents": [46], "genome": "d(35) a(7,36) r(39,44) r(36,45) r(38,60)", "fitness": 0.0}
{"generation": 4, "position": 10, "parents": [23], "genome": "d(38) a(39,31) a(5,37) a(6,82) r(31,95) d(39)", "fitness": 0.0}
{"generation": 4, "position": 11, "parents": [18], "genome": "d(39) r(35,160) a(6,96) a(38,39) r(38,29)", "fitness": 0.0}
{"generation": 4, "position": 12, "parents": [44], "genome": "d(32) d(38) a(39,61) r(39,53) r(37,93)", "fitness": 0.0}
{"generation": 4, "position": 13, "parents": [37], "genome": "d(32) d(38) r(39,48) r(6,58)", "fitness": 0.0}
{"generation": 4, "position": 14, "parents": [18], "genome": "d(39) r(35,160) a(6,96) a(38,39) r(38,124)", "fitness": 12.0}
{"generation": 4, "position": 15, "parents": [41], "genome": "r(39,73) d(6) r(31,73) r(38,108) r(37,91) a(35,91)", "fitness": 0.0}
{"generation": 4, "position": 16, "parents": [49, 50], "genome": "d(39) d(32) r(38,162)", "fitness": 0.0}
{"generation": 4, "position": 17, "parents": [49, 50], "genome": "r(39,36) r(38,39) r(6,145) a(5,37) r(6,145) d(38) d(37)", "fitness": 0.0}
{"generation": 4, "position": 18, "parents": [49], "genome": "d(39) a(5,37) r(6,145) d(38) a(37,38)", "fitness": 0.0}
{"generation": 4, "position": 19, "parents": [50], "genome": "r(39,36) r(38,39) r(6,145) d(32) d(5)", "fitness": 0.0}
{"generation": 4, "position": 20, "parents": [38], "genome": "d(39) r(38,45) a(35,45) a(37,80) r(31,101)", "fitness": 12.0}
{"generation": 4, "position": 21, "parents": [42], "genome": "a(38,133) a(39,29) a(39,31) r(38,82)", "fitness": 4.0}
{"generation": 4, "position": 22, "parents": [20, 43], "genome": "r(39,73) d(6) a(38,35) d(38) a(5,125) a(36,42)", "fitness": 0.0}
{"generation": 4, "position": 23, "parents": [20, 43], "genome": "a(31,104) r(38,43) a(39,79)", "fitness": 4.0}
{"generation": 4, "position": 24, "parents": [20], "genome": "r(39,73) d(6) a(38,35) d(38) a(31,82)", "fitness": 0.0}
{"generation": 4, "position": 25, "parents": [43], "genome": "a(31,104) r(38,43) a(5,125) r(39,31)", "fitness": 4.0}
{"generation": 4, "position": 26, "parents": [29, 27], "genome": "r(39,83) a(38,42) a(36,36) d(38)", "fitness": 4.0}
{"generation": 4, "position": 27, "parents": [29, 27], "genome": "r(39,83) a(38,42) r(6,57) d(38) a(5,48)", "fitness": 0.0}
{"generation": 4, "position": 28, "parents": [29], "genome": "r(39,83) a(38,42) r(6,57) d(38) d(32)", "fitness": 0.0}
{"generation": 4, "position": 29, "parents": [27], "genome": "r(39,83) a(38,42) a(36,36) a(36,125)", "fitness": 4.0}
{"generation": 4, "position": 30, "parents": [24, 17], "genome": "d(39) a(5,37) r(36,32) d(38)", "fitness": 0.0}
{"generation": 4, "position": 31, "parents": [24, 17], "genome": "r(39,36) r(38,39) r(6,145) a(6,82) r(38,44) d(36)", "fitness": 0.0}
{"generation": 4, "position": 32, "parents": [24], "genome": "d(39) a(5,37) a(6,82) r(38,44) a(5,50)", "fitness": 0.0}
{"generation": 4, "position": 33, "parents": [17], "genome": "r(39,36) r(38,39) r(6,145) r(36,32) r(32,53)", "fitness": 0.0}
{"generation": 4, "position": 34, "parents": [4], "genome": "r(35,90) r(38,56) a(39,39) d(39) r(37,44)", "fitness": 0.0}
{"generation": 4, "position": 35, "parents": [1], "genome": "d(32) a(38,50) a(38,5) r(6,61) a(38,91)", "fitness": 0.0}
{"generation": 4, "position": 36, "parents": [5, 38], "genome": "a(38,37) a(38,82) a(37,80) r(39,35)", "fitness": 4.0}
{"generation": 4, "position": 37, "parents": [5, 38], "genome": "d(39) r(38,45) a(35,45) r(35,79) r(39,145) a(38,45) d(32)", "fitness": 0.0}
{"generation": 4, "position": 38, "parents": [5], "genome": "a(38,37) a(38,82) r(35,79) r(39,145) a(38,45) a(38,32)", "fitness": 0.0}
{"generation": 4, "position": 39, "parents": [38], "genome": "d(39) r(38,45) a(35,45) a(37,80) d(7)", "fitness": 12.0}
{"generation": 4, "position": 40, "parents": [2], "genome": "a(38,37) r(31,73) r(32,48) r(39,32) a(38,42)", "fitness": 0.0}
{"generation": 4, "position": 41, "parents": [20], "genome": "r(39,73) d(6) a(38,35) d(38) d(31)", "fitness": 0.0}
{"generation": 4, "position": 42, "parents": [34, 15], "genome": "d(32) d(38) r(38,39) a(6,82) a(6,47) d(7)", "fitness": 0.0}
{"generation": 4, "position": 43, "parents": [34, 15], "genome": "r(39,36) d(39) d(7) r(35,125)", "fitness": 12.0}
{"generation": 4, "position": 44, "parents": [34], "genome": "d(32) d(38) d(39) d(7) a(36,53)", "fitness": 12.0}
{"generation": 4, "position": 45, "parents": [15], "genome": "r(39,36) r(38,39) a(6,82) a(6,47) a(32,76)", "fitness": 4.0}
{"generation": 4, "position": 46, "parents": [36, 22], "genome": "d(39) r(38,45) a(35,45) d(38) a(32,154)", "fitness": 0.0}
{"generation": 4, "position": 47, "parents": [36, 22], "genome": "d(39) r(36,40) a(39,61) r(7,39) a(37,128)", "fitness": 0.0}
{"generation": 4, "position": 48, "parents": [36], "genome": "d(39) r(38,45) a(35,45) a(39,61) r(7,39) r(32,101)", "fitness": 0.0}
{"generation": 4, "position": 49, "parents": [22], "genome": "d(39) r(36,40) d(38) r(6,5)", "fitness": 0.0}
{"generation": 4, "position": 50, "parents": [24, 46], "genome": "d(39) a(5,37) a(6,82) r(38,83)", "fitness": 0.0}
{"generation": 4, "position": 51, "parents": [24, 46], "genome": "d(35) a(7,36) r(39,44) r(36,45) r(38,44) d(7)", "fitness": 12.0}
{"generation": 4, "position": 52, "parents": [24], "genome": "d(39) a(5,37) a(6,82) r(38,44) d(5)", "fitness": 0.0}
{"generation": 4, "position": 53, "parents": [46], "genome": "d(35) a(7,36) r(39,44) r(36,45) a(38,48)", "fitness": 0.0}
{"generation": 4, "position": 54, "parents": [0, 15], "genome": "d(32) a(38,50) a(6,47) r(38,32)", "fitness": 0.0}
{"generation": 4, "position": 55, "parents": [0, 15], "genome": "r(39,36) r(38,39) a(6,82) a(29,61) r(31,133) r(32,74)", "fitness": 0.0}
{"generation": 4, "position": 56, "parents": [0], "genome": "d(32) a(38,50) a(29,61) r(31,133) a(38,162)", "fitness": 0.0}
{"generation": 4, "position": 57, "parents": [15], "genome": "r(39,36) r(38,39) a(6,82) a(6,47) d(32)", "fitness": 0.0}
{"generation": 4, "position": 58, "parents": [33], "genome": "a(31,104) r(38,43) d(31) r(5,50)", "fitness": 4.0}
{"generation": 4, "position": 59, "parents": [41], "genome": "r(39,73) d(6) r(31,73) r(38,108) r(37,91) r(5,31)", "fitness": 0.0}
{"generation": 4, "position": 60, "parents": [24, 32], "genome": "d(39) a(5,37) a(6,82) r(38,73) d(6) r(5,46)", "fitness": 0.0}
{"generation": 4, "position": 61, "parents": [24, 32], "genome": "d(39) a(38,35) r(38,44) d(36)", "fitness": 0.0}
{"generation": 4, "position": 62, "parents": [24], "genome": "d(39) a(5,37) a(6,82) r(38,44) d(29)", "fitness": 0.0}
{"generation": 5, "position": 0, "parents": [0], "genome": "d(39) r(35,79) a(29,72) d(38) r(6,49)", "fitness": 0.0}
{"generation": 5, "position": 1, "parents": [28], "genome": "r(39,83) a(38,42) r(6,57) d(38) d(32) a(29,145)", "fitness": 0.0}
{"generation": 5, "position": 2, "parents": [12, 12], "genome": "d(32) d(38) a(39,61) r(39,45)", "fitness": 0.0}
{"generation": 5, "position": 3, "parents": [12, 12], "genome": "d(32) d(38) a(39,61) r(39,53) r(37,93) r(39,53) r(37,93) d(5)", "fitness": 0.0}
{"generation": 5, "position": 4, "parents": [12], "genome": "d(32) d(38) a(39,61) r(39,53) r(37,93) r(5,46)", "fitness": 0.0}
{"generation": 5, "position": 5, "parents": [12], "genome": "d(32) d(38) a(39,61) r(39,53) r(37,93) a(29,72)", "fitness": 0.0}
{"generation": 5, "position": 6, "parents": [15, 46], "genome": "r(39,73) d(6) r(31,73) d(38) a(32,154) a(36,145)", "fitness": 0.0}
{"generation": 5, "position": 7, "parents": [15, 46], "genome": "d(39) r(38,45) a(35,45) r(38,108) r(37,91) a(35,91) r(29,60)", "fitness": 0.0}
{"generation": 5, "position": 8, "parents": [15], "genome": "r(39,73) d(6) r(31,73) r(38,108) r(37,91) a(35,91) a(35,45)", "fitness": 0.0}
{"generation": 5, "position": 9, "parents": [46], "genome": "d(39) r(38,45) a(35,45) d(38) a(32,154) d(29)", "fitness": 0.0}
{"generation": 5, "position": 10, "parents": [7, 54], "genome": "d(35) a(7,36) r(39,44) r(36,45) d(38) a(6,47) r(38,32) r(31,82)", "fitness": 0.0}
{"generation": 5, "position": 11, "parents": [7, 54], "genome": "d(32) a(38,50) d(37)", "fitness": 0.0}
{"generation": 5, "position": 12, "parents": [7], "genome": "d(35) a(7,36) r(39,44) r(36,45) d(38) a(7,7)", "fitness": 0.0}
{"generation": 5, "position": 13, "parents": [54], "genome": "d(32) a(38,50) a(6,47) r(38,32) r(5,35)", "fitness": 4.0}
{"generation": 5, "position": 14, "parents": [56], "genome": "d(32) a(38,50) a(29,61) r(31,133) a(38,162) d(39)", "fitness": 0.0}
{"generation": 5, "position": 15, "parents": [47], "genome": "d(39) r(36,40) a(39,61) r(7,39) a(37,128) a(31,31)", "fitness": 0.0}
{"generation": 5, "position": 16, "parents": [0, 31], "genome": "d(39) r(35,79) a(29,72) d(38) r(38,39) r(6,145) a(6,82) r(38,44) d(36) r(5,96)", "fitness": 0.0}
{"generation": 5, "position": 17, "parents": [0, 31], "genome": "r(39,36) d(31)", "fitness": 4.0}
{"generation": 5, "position": 18, "parents": [0], "genome": "d(39) r(35,79) a(29,72) d(38) d(6)", "fitness": 0.0}
{"generation": 5, "position": 19, "parents": [31], "genome": "r(39,36) r(38,39) r(6,145) a(6,82) r(38,44) d(36) r(37,43)", "fitness": 0.0}
{"generation": 5, "position": 20, "parents": [37], "genome": "d(39) r(38,45) a(35,45) r(35,79) r(39,145) a(38,45) d(32) d(36)", "fitness": 0.0}
{"generation": 5, "position": 21, "parents": [27], "genome": "r(39,83) a(38,42) r(6,57) d(38) a(5,48) r(35,90)", "fitness": 0.0}
{"generation": 5, "position": 22, "parents": [62, 11], "genome": "d(39) a(5,37) d(38)", "fitness": 0.0}
{"generation": 5, "position": 23, "parents": [62, 11], "genome": "d(39) r(35,160) a(6,96) a(38,39) r(38,29) a(6,82) r(38,44) d(29) a(6,104)", "fitness": 0.0}
{"generation": 5, "position": 24, "parents": [62], "genome": "d(39) a(5,37) a(6,82) r(38,44) d(29) d(32)", "fitness": 0.0}
{"generation": 5, "position": 25, "parents": [11], "genome": "d(39) r(35,160) a(6,96) a(38,39) r(38,29) a(31,101)", "fitness": 12.0}
{"generation": 5, "position": 26, "parents": [40, 9], "genome": "a(38,37) r(31,73) r(32,48) r(39,32) a(38,42) r(39,44) r(36,45) r(38,60) d(5)", "fitness": 0.0}
{"generation": 5, "position": 27, "parents": [40, 9], "genome": "d(35) a(7,36) d(39)", "fitness": 0.0}
{"generation": 5, "position": 28, "parents": [40], "genome": "a(38,37) r(31,73) r(32,48) r(39,32) a(38,42) a(38,76)", "fitness": 0.0}
{"generation": 5, "position": 29, "parents": [9], "genome": "d(35) a(7,36) r(39,44) r(36,45) r(38,60) r(7,83)", "fitness": 12.0}
{"generation": 5, "position": 30, "parents": [23, 24], "genome": "a(31,104) r(38,43) a(39,79) a(31,82) a(29,76)", "fitness": 4.0}
{"generation": 5, "position": 31, "parents": [23, 24], "genome": "r(39,73) d(6) a(38,35) d(38) d(32)", "fitness": 0.0}
{"generation": 5, "position": 32, "parents": [23], "genome": "a(31,104) r(38,43) a(39,79) d(35)", "fitness": 0.0}
{"generation": 5, "position": 33, "parents": [24], "genome": "r(39,73) d(6) a(38,35) d(38) a(31,82) d(35)", "fitness": 0.0}
{"generation": 5, "position": 34, "parents": [35], "genome": "d(32) a(38,50) a(38,5) r(6,61) a(38,91) d(38)", "fitness": 0.0}
{"generation": 5, "position": 35, "parents": [49], "genome": "d(39) r(36,40) d(38) r(6,5) d(31)", "fitness": 0.0}
{"generation": 5, "position": 36, "parents": [55, 16], "genome": "r(39,36) r(38,39) r(38,162) d(32)", "fitness": 0.0}
{"generation": 5, "position": 37, "parents": [55, 16], "genome": "d(39) d(32) a(6,82) a(29,61) r(31,133) r(32,74) d(29)", "fitness": 0.0}
{"generation": 5, "position": 38, "parents": [55], "genome": "r(39,36) r(38,39) a(6,82) a(29,61) r(31,133) r(32,74) d(37)", "fitness": 0.0}
{"generation": 5, "position": 39, "parents": [16], "genome": "d(39) d(32) r(38,162) r(5,46)", "fitness": 0.0}
{"generation": 5, "position": 40, "parents": [12, 15], "genome": "d(32) a(35,91) d(38)", "fitness": 0.0}
{"generation": 5, "position": 41, "parents": [12, 15], "genome": "r(39,73) d(6) r(31,73) r(38,108) r(37,91) d(38) a(39,61) r(39,53) r(37,93) d(36)", "fitness": 0.0}
{"generation": 5, "position": 42, "parents": [12], "genome": "d(32) d(38) a(39,61) r(39,53) r(37,93) d(6)", "fitness": 0.0}
{"generation": 5, "position": 43, "parents": [15], "genome": "r(39,73) d(6) r(31,73) r(38,108) r(37,91) a(35,91) a(35,58)", "fitness": 0.0}
{"generation": 5, "position": 44, "parents": [63], "genome": "d(39) a(38,35) r(38,73) d(6) r(31,40) a(5,49)", "fitness": 0.0}
{"generation": 5, "position": 45, "parents": [32], "genome": "d(39) a(5,37) a(6,82) r(38,44) a(5,50) a(29,50)", "fitness": 0.0}
{"generation": 5, "position": 46, "parents": [6], "genome": "r(35,90) r(38,56) a(39,39) d(39) d(31) d(5)", "fitness": 0.0}
{"generation": 5, "position": 47, "parents": [48], "genome": "d(39) r(38,45) a(35,45) a(39,61) r(7,39) r(32,101) a(31,162)", "fitness": 0.0}
{"generation": 5, "position": 48, "parents": [53, 17], "genome": "d(35) d(39)", "fitness": 0.0}
{"generation": 5, "position": 49, "parents": [53, 17], "genome": "r(39,36) r(38,39) r(6,145) a(5,37) r(6,145) d(38) d(37) a(7,36) r(39,44) r(36,45) a(38,48) a(29,93)", "fitness": 0.0}
{"generation": 5, "position": 50, "parents": [53], "genome": "d(35) a(7,36) r(39,44) r(36,45) a(38,48) a(38,96)", "fitness": 0.0}
{"generation": 5, "position": 51, "parents": [17], "genome": "r(39,36) r(38,39) r(6,145) a(5,37) r(6,145) d(38) d(37) a(32,58)", "fitness": 0.0}
{"generation": 5, "position": 52, "parents": [28], "genome": "r(39,83) a(38,42) r(6,57) d(38) d(32) r(36,101)", "fitness": 12.0}
{"generation": 5, "position": 53, "parents": [53], "genome": "d(35) a(7,36) r(39,44) r(36,45) a(38,48) d(38)", "fitness": 0.0}
{"generation": 5, "position": 54, "parents": [63, 39], "genome": "d(39) a(38,35) r(38,45) a(35,45) a(37,80) d(7) a(31,79)", "fitness": 12.0}
{"generation": 5, "position": 55, "parents": [63, 39], "genome": "d(39) r(38,73) d(6) r(31,40) d(32)", "fitness": 0.0}
{"generation": 5, "position": 56, "parents": [63], "genome": "d(39) a(38,35) r(38,73) d(6) r(31,40) a(32,43)", "fitness": 0.0}
{"generation": 5, "position": 57, "parents": [39], "genome": "d(39) r(38,45) a(35,45) a(37,80) d(7) a(29,74)", "fitness": 12.0}
{"generation": 5, "position": 58, "parents": [27, 33], "genome": "r(39,83) a(38,42) r(6,57) d(38) a(5,125)", "fitness": 4.0}
{"generation": 5, "position": 59, "parents": [27, 33], "genome": "r(39,36) r(38,39) r(6,145) r(36,32) r(32,53) a(5,48) a(31,108)", "fitness": 0.0}
{"generation": 5, "position": 60, "parents": [27], "genome": "r(39,83) a(38,42) r(6,57) d(38) a(5,48) r(32,66)", "fitness": 0.0}
{"generation": 5, "position": 61, "parents": [33], "genome": "r(39,36) r(38,39) r(6,145) r(36,32) r(32,53) r(31,38)", "fitness": 0.0}
{"generation": 5, "position": 62, "parents": [2], "genome": "d(39) r(35,79) a(29,72) d(38) a(32,124) r(37,74)", "fitness": 0.0}
{"generation": 6, "position": 0, "parents": [5], "genome": "d(32) d(38) a(39,61) r(39,53) r(37,93) a(29,72) r(7,37)", "fitness": 0.0}
{"generation": 6, "position": 1, "parents": [12], "genome": "d(35) a(7,36) r(39,44) r(36,45) d(38) a(7,7) a(5,39)", "fitness": 0.0}
{"generation": 6, "position": 2, "parents": [61, 20], "genome": "r(39,36) a(35,45) r(35,79) r(39,145) a(38,45) d(32) d(36) d(7)", "fitness": 12.0}
{"generation": 6, "position": 3, "parents": [61, 20], "genome": "d(39) r(38,45) r(38,39) r(6,145) r(36,32) r(32,53) r(31,38) d(29)", "fitness": 0.0}
{"generation": 6, "position": 4, "parents": [61], "genome": "r(39,36) r(38,39) r(6,145) r(36,32) r(32,53) r(31,38) a(29,101)", "fitness": 0.0}
{"generation": 6, "position": 5, "parents": [20], "genome": "d(39) r(38,45) a(35,45) r(35,79) r(39,145) a(38,45) d(32) d(36) a(7,32)", "fitness": 0.0}
{"generation": 6, "position": 6, "parents": [46], "genome": "r(35,90) r(38,56) a(39,39) d(39) d(31) d(5) d(32)", "fitness": 0.0}
{"generation": 6, "position": 7, "parents": [46], "genome": "r(35,90) r(38,56) a(39,39) d(39) d(31) d(5) d(29)", "fitness": 0.0}
{"generation": 6, "position": 8, "parents": [33, 6], "genome": "r(39,73) d(6) a(38,35) d(38) a(31,82) d(38) a(32,154) a(36,145) d(32)", "fitness": 0.0}
{"generation": 6, "position": 9, "parents": [33, 6], "genome": "r(39,73) d(6) r(31,73) d(35) a(38,42)", "fitness": 0.0}
{"generation": 6, "position": 10, "parents": [33], "genome": "r(39,73) d(6) a(38,35) d(38) a(31,82) d(35) a(5,76)", "fitness": 0.0}
{"generation": 6, "position": 11, "parents": [6], "genome": "r(39,73) d(6) r(31,73) d(38) a(32,154) a(36,145) a(5,39)", "fitness": 0.0}
{"generation": 6, "position": 12, "parents": [48], "genome": "d(35) d(39) d(31)", "fitness": 0.0}
{"generation": 6, "position": 13, "parents": [7], "genome": "d(39) r(38,45) a(35,45) r(38,108) r(37,91) a(35,91) r(29,60) a(32,133)", "fitness": 0.0}
{"generation": 6, "position": 14, "parents": [53], "genome": "d(35) a(7,36) r(39,44) r(36,45) a(38,48) d(38) d(37)", "fitness": 0.0}
{"generation": 6, "position": 15, "parents": [61], "genome": "r(39,36) r(38,39) r(6,145) r(36,32) r(32,53) r(31,38) a(29,154)", "fitness": 0.0}
{"generation": 6, "position": 16, "parents": [62], "genome": "d(39) r(35,79) a(29,72) d(38) a(32,124) r(37,74) r(7,90)", "fitness": 0.0}
{"generation": 6, "position": 17, "parents": [42], "genome": "d(32) d(38) a(39,61) r(39,53) r(37,93) d(6) a(31,56)", "fitness": 0.0}
{"generation": 6, "position": 18, "parents": [44], "genome": "d(39) a(38,35) r(38,73) d(6) r(31,40) a(5,49) r(29,133)", "fitness": 0.0}
{"generation": 6, "position": 19, "parents": [3], "genome": "d(32) d(38) a(39,61) r(39,53) r(37,93) r(39,53) r(37,93) d(5) d(36)", "fitness": 0.0}
{"generation": 6, "position": 20, "parents": [31], "genome": "r(39,73) d(6) a(38,35) d(38) d(32) a(36,76)", "fitness": 0.0}
{"generation": 6, "position": 21, "parents": [0], "genome": "d(39) r(35,79) a(29,72) d(38) r(6,49) d(5)", "fitness": 0.0}
{"generation": 6, "position": 22, "parents": [5], "genome": "d(32) d(38) a(39,61) r(39,53) r(37,93) a(29,72) d(7)", "fitness": 12.0}
{"generation": 6, "position": 23, "parents": [41], "genome": "r(39,73) d(6) r(31,73) r(38,108) r(37,91) d(38) a(39,61) r(39,53) r(37,93) d(36) r(35,5)", "fitness": 0.0}
{"generation": 6, "position": 24, "parents": [7], "genome": "d(39) r(38,45) a(35,45) r(38,108) r(37,91) a(35,91) r(29,60) a(36,124)", "fitness": 0.0}
{"generation": 6, "position": 25, "parents": [8], "genome": "r(39,73) d(6) r(31,73) r(38,108) r(37,91) a(35,91) a(35,45) d(5)", "fitness": 0.0}
{"generation": 6, "position": 26, "parents": [2, 46], "genome": "d(32) d(38) a(39,61) r(39,45) a(39,39) d(39) d(31) d(5) a(29,31)", "fitness": 0.0}
{"generation": 6, "position": 27, "parents": [2, 46], "genome": "r(35,90) r(38,56) d(39)", "fitness": 0.0}
{"generation": 6, "position": 28, "parents": [2], "genome": "d(32) d(38) a(39,61) r(39,45) d(36)", "fitness": 0.0}
{"generation": 6, "position": 29, "parents": [46], "genome": "r(35,90) r(38,56) a(39,39) d(39) d(31) d(5) r(36,47)", "fitness": 0.0}
{"generation": 6, "position": 30, "parents": [4, 20], "genome": "d(32) d(38) a(39,61) r(39,53) r(37,93) r(5,46) r(35,79) r(39,145) a(38,45) d(32) d(36) a(29,5)", "fitness": 0.0}
{"generation": 6, "position": 31, "parents": [4, 20], "genome": "d(39) r(38,45) a(35,45) r(7,43)", "fitness": 0.0}
{"generation": 6, "position": 32, "parents": [4], "genome": "d(32) d(38) a(39,61) r(39,53) r(37,93) r(5,46) d(31)", "fitness": 0.0}
{"generation": 6, "position": 33, "parents": [20], "genome": "d(39) r(38,45) a(35,45) r(35,79) r(39,145) a(38,45) d(32) d(36) r(29,5)", "fitness": 0.0}
{"generation": 6, "position": 34, "parents": [48], "genome": "d(35) d(39) a(5,101)", "fitness": 12.0}
{"generation": 6, "position": 35, "parents": [41], "genome": "r(39,73) d(6) r(31,73) r(38,108) r(37,91) d(38) a(39,61) r(39,53) r(37,93) d(36) r(32,73)", "fitness": 0.0}
{"generation": 6, "position": 36, "parents": [37], "genome": "d(39) d(32) a(6,82) a(29,61) r(31,133) r(32,74) d(29) r(38,96)", "fitness": 0.0}
{"generation": 6, "position": 37, "parents": [12], "genome": "d(35) a(7,36) r(39,44) r(36,45) d(38) a(7,7) d(5)", "fitness": 0.0}
{"generation": 6, "position": 38, "parents": [50, 56], "genome": "d(35) a(7,36) r(39,44) r(36,45) a(32,43) a(5,50)", "fitness": 0.0}
{"generation": 6, "position": 39, "parents": [50, 56], "genome": "d(39) a(38,35) r(38,73) d(6) r(31,40) a(38,48) a(38,96) a(29,101)", "fitness": 0.0}
{"generation": 6, "position": 40, "parents": [50], "genome": "d(35) a(7,36) r(39,44) r(36,45) a(38,48) a(38,96) d(38)", "fitness": 0.0}
{"generation": 6, "position": 41, "parents": [56], "genome": "d(39) a(38,35) r(38,73) d(6) r(31,40) a(32,43) r(37,42)", "fitness": 0.0}
{"generation": 6, "position": 42, "parents": [59], "genome": "r(39,36) r(38,39) r(6,145) r(36,32) r(32,53) a(5,48) a(31,108) d(5)", "fitness": 0.0}
{"generation": 6, "position": 43, "parents": [26], "genome": "a(38,37) r(31,73) r(32,48) r(39,32) a(38,42) r(39,44) r(36,45) r(38,60) d(5) d(37)", "fitness": 0.0}
{"generation": 6, "position": 44, "parents": [53, 42], "genome": "d(35) a(39,78)", "fitness": 0.0}
{"generation": 6, "position": 45, "parents": [53, 42], "genome": "d(32) d(38) a(39,61) r(39,53) r(37,93) d(6) a(7,36) r(39,44) r(36,45) a(38,48) d(38) a(29,93)", "fitness": 0.0}
{"generation": 6, "position": 46, "parents": [53], "genome": "d(35) a(7,36) r(39,44) r(36,45) a(38,48) d(38) r(5,80)", "fitness": 0.0}
{"generation": 6, "position": 47, "parents": [42], "genome": "d(32) d(38) a(39,61) r(39,53) r(37,93) d(6) d(31)", "fitness": 0.0}
{"generation": 6, "position": 48, "parents": [60, 0], "genome": "r(39,83) a(38,42) r(6,57) d(38) a(5,48) d(32)", "fitness": 0.0}
{"generation": 6, "position": 49, "parents": [60, 0], "genome": "d(39) r(35,79) a(29,72) d(38) r(6,49) r(32,66) d(31)", "fitness": 0.0}
{"generation": 6, "position": 50, "parents": [60], "genome": "r(39,83) a(38,42) r(6,57) d(38) a(5,48) r(32,66) d(29)", "fitness": 0.0}
{"generation": 6, "position": 51, "parents": [0], "genome": "d(39) r(35,79) a(29,72) d(38) r(6,49) a(36,163)", "fitness": 0.0}
{"generation": 6, "position": 52, "parents": [41, 21], "genome": "r(39,73) d(6) r(31,73) r(38,108) r(37,91) d(38) a(39,61) r(39,53) r(37,93) d(36) r(35,90) a(32,73)", "fitness": 0.0}
{"generation": 6, "position": 53, "parents": [41, 21], "genome": "r(39,83) a(38,42) r(6,57) d(38) a(5,48) a(32,79)", "fitness": 0.0}
{"generation": 6, "position": 54, "parents": [41], "genome": "r(39,73) d(6) r(31,73) r(38,108) r(37,91) d(38) a(39,61) r(39,53) r(37,93) d(36) d(32)", "fitness": 0.0}
{"generation": 7, "position": 0, "parents": [39, 37], "genome": "d(39) a(38,35) r(38,73) d(6) r(31,40) a(38,48) a(38,96) d(5)", "fitness": 4.0}
{"generation": 7, "position": 1, "parents": [39, 37], "genome": "d(35) a(7,36) r(39,44) r(36,45) d(38) a(7,7) d(5) a(29,101) a(32,41)", "fitness": 12.0}
{"generation": 7, "position": 2, "parents": [39], "genome": "d(39) a(38,35) r(38,73) d(6) r(31,40) a(38,48) a(38,96) a(29,101) d(29)", "fitness": 0.0}
{"generation": 7, "position": 3, "parents": [37], "genome": "d(35) a(7,36) r(39,44) r(36,45) d(38) a(7,7) d(5) a(29,61)", "fitness": 0.0}
{"generation": 7, "position": 4, "parents": [38, 46], "genome": "d(35) a(7,36) r(5,80) r(38,101)", "fitness": 12.0}
{"generation": 7, "position": 5, "parents": [38, 46], "genome": "d(35) a(7,36) r(39,44) r(36,45) a(38,48) d(38) r(39,44) r(36,45) a(32,43) a(5,50) r(7,125)", "fitness": 12.0}
{"generation": 7, "position": 6, "parents": [38], "genome": "d(35) a(7,36) r(39,44) r(36,45) a(32,43) a(5,50) a(29,56)", "fitness": 0.0}
{"generation": 7, "position": 7, "parents": [46], "genome": "d(35) a(7,36) r(39,44) r(36,45) a(38,48) d(38) r(5,80) d(32)", "fitness": 0.0}
{"generation": 7, "position": 8, "parents": [21], "genome": "d(39) r(35,79) a(29,72) d(38) r(6,49) d(5) d(36)", "fitness": 0.0}
{"generation": 7, "position": 9, "parents": [14], "genome": "d(35) a(7,36) r(39,44) r(36,45) a(38,48) d(38) d(37) a(7,133)", "fitness": 0.0}
{"generation": 7, "position": 10, "parents": [4, 48], "genome": "r(39,36) r(38,39) r(6,145) r(36,32) d(32) a(29,66)", "fitness": 0.0}
{"generation": 7, "position": 11, "parents": [4, 48], "genome": "r(39,83) a(38,42) r(6,57) d(38) a(5,48) r(32,53) r(31,38) a(29,101) d(5)", "fitness": 0.0}
{"generation": 7, "position": 12, "parents": [4], "genome": "r(39,36) r(38,39) r(6,145) r(36,32) r(32,53) r(31,38) a(29,101) r(37,31)", "fitness": 0.0}
{"generation": 7, "position": 13, "parents": [48], "genome": "r(39,83) a(38,42) r(6,57) d(38) a(5,48) d(32) r(31,32)", "fitness": 0.0}
{"generation": 7, "position": 14, "parents": [32], "genome": "d(32) d(38) a(39,61) r(39,53) r(37,93) r(5,46) d(31) a(36,39)", "fitness": 0.0}
{"generation": 7, "position": 15, "parents": [41], "genome": "d(39) a(38,35) r(38,73) d(6) r(31,40) a(32,43) r(37,42) d(5)", "fitness": 0.0}
{"generation": 7, "position": 16, "parents": [7, 4], "genome": "r(35,90) r(38,56) a(39,39) d(39) d(31) r(38,39) r(6,145) r(36,32) r(32,53) r(31,38) a(29,101) d(37)", "fitness": 0.0}
{"generation": 7, "position": 17, "parents": [7, 4], "genome": "r(39,36) d(5) d(29) d(37)", "fitness": 4.0}
{"generation": 7, "position": 18, "parents": [7], "genome": "r(35,90) r(38,56) a(39,39) d(39) d(31) d(5) d(29) r(32,43)", "fitness": 0.0}
{"generation": 7, "position": 19, "parents": [4], "genome": "r(39,36) r(38,39) r(6,145) r(36,32) r(32,53) r(31,38) a(29,101) d(5)", "fitness": 12.0}
{"generation": 7, "position": 20, "parents": [10], "genome": "r(39,73) d(6) a(38,35) d(38) a(31,82) d(35) a(5,76) a(36,162)", "fitness": 0.0}
{"generation": 7, "position": 21, "parents": [52], "genome": "r(39,73) d(6) r(31,73) r(38,108) r(37,91) d(38) a(39,61) r(39,53) r(37,93) d(36) r(35,90) a(32,73) a(32,46)", "fitness": 0.0}
{"generation": 7, "position": 22, "parents": [26, 33], "genome": "d(32) d(38) a(39,61) r(39,45) a(39,39) d(39) d(32) d(36) r(29,5) a(37,37)", "fitness": 0.0}
{"generation": 7, "position": 23, "parents": [26, 33], "genome": "d(39) r(38,45) a(35,45) r(35,79) r(39,145) a(38,45) d(31) d(5) a(29,31) r(37,83)", "fitness": 0.0}
{"generation": 7, "position": 24, "parents": [26], "genome": "d(32) d(38) a(39,61) r(39,45) a(39,39) d(39) d(31) d(5) a(29,31) a(29,83)", "fitness": 0.0}
{"generation": 7, "position": 25, "parents": [33], "genome": "d(39) r(38,45) a(35,45) r(35,79) r(39,145) a(38,45) d(32) d(36) r(29,5) d(37)", "fitness": 0.0}
{"generation": 7, "position": 26, "parents": [41], "genome": "d(39) a(38,35) r(38,73) d(6) r(31,40) a(32,43) r(37,42) r(29,125)", "fitness": 0.0}
{"generation": 7, "position": 27, "parents": [21], "genome": "d(39) r(35,79) a(29,72) d(38) r(6,49) d(5) a(31,37)", "fitness": 0.0}
{"generation": 7, "position": 28, "parents": [3], "genome": "d(39) r(38,45) r(38,39) r(6,145) r(36,32) r(32,53) r(31,38) d(29) a(37,36)", "fitness": 0.0}
{"generation": 7, "position": 29, "parents": [27], "genome": "r(35,90) r(38,56) d(39) r(5,41)", "fitness": 0.0}
{"generation": 7, "position": 30, "parents": [18], "genome": "d(39) a(38,35) r(38,73) d(6) r(31,40) a(5,49) r(29,133) a(37,95)", "fitness": 0.0}
{"generation": 7, "position": 31, "parents": [10], "genome": "r(39,73) d(6) a(38,35) d(38) a(31,82) d(35) a(5,76) d(37)", "fitness": 0.0}
{"generation": 7, "position": 32, "parents": [15, 26], "genome": "r(39,36) r(38,39) d(31) d(5) a(29,31) r(29,160)", "fitness": 4.0}
{"generation": 7, "position": 33, "parents": [15, 26], "genome": "d(32) d(38) a(39,61) r(39,45) a(39,39) d(39) r(6,145) r(36,32) r(32,53) r(31,38) a(29,154) r(29,66)", "fitness": 0.0}
{"generation": 7, "position": 34, "parents": [15], "genome": "r(39,36) r(38,39) r(6,145) r(36,32) r(32,53) r(31,38) a(29,154) d(29)", "fitness": 0.0}
{"generation": 7, "position": 35, "parents": [26], "genome": "d(32) d(38) a(39,61) r(39,45) a(39,39) d(39) d(31) d(5) a(29,31) a(37,145)", "fitness": 0.0}
{"generation": 7, "position": 36, "parents": [38, 44], "genome": "d(35) a(39,78) r(29,162)", "fitness": 0.0}
{"generation": 7, "position": 37, "parents": [38, 44], "genome": "d(35) a(7,36) r(39,44) r(36,45) a(32,43) a(5,50) d(38)", "fitness": 0.0}
{"generation": 7, "position": 38, "parents": [38], "genome": "d(35) a(7,36) r(39,44) r(36,45) a(32,43) a(5,50) r(31,37)", "fitness": 0.0}
{"generation": 7, "position": 39, "parents": [44], "genome": "d(35) a(39,78) a(38,72)", "fitness": 0.0}
{"generation": 7, "position": 40, "parents": [51, 40], "genome": "d(39) r(35,79) d(38) a(36,91)", "fitness": 0.0}
{"generation": 7, "position": 41, "parents": [51, 40], "genome": "d(35) a(7,36) r(39,44) r(36,45) a(38,48) a(38,96) a(29,72) d(38) r(6,49) a(36,163) d(37)", "fitness": 0.0}
{"generation": 7, "position": 42, "parents": [51], "genome": "d(39) r(35,79) a(29,72) d(38) r(6,49) a(36,163) r(29,36)", "fitness": 0.0}
{"generation": 7, "position": 43, "parents": [40], "genome": "d(35) a(7,36) r(39,44) r(36,45) a(38,48) a(38,96) d(38) r(31,32)", "fitness": 0.0}
{"generation": 7, "position": 44, "parents": [21, 14], "genome": "d(39) d(37) r(7,5)", "fitness": 12.0}
{"generation": 7, "position": 45, "parents": [21, 14], "genome": "d(35) a(7,36) r(39,44) r(36,45) a(38,48) d(38) r(35,79) a(29,72) d(38) r(6,49) d(5) r(31,58)", "fitness": 0.0}
{"generation": 7, "position": 46, "parents": [21], "genome": "d(39) r(35,79) a(29,72) d(38) r(6,49) d(5) d(29)", "fitness": 0.0}
{"generation": 7, "position": 47, "parents": [14], "genome": "d(35) a(7,36) r(39,44) r(36,45) a(38,48) d(38) d(37) d(31)", "fitness": 0.0}
{"generation": 7, "position": 48, "parents": [36], "genome": "d(39) d(32) a(6,82) a(29,61) r(31,133) r(32,74) d(29) r(38,96) d(6)", "fitness": 0.0}
{"generation": 7, "position": 49, "parents": [48], "genome": "r(39,83) a(38,42) r(6,57) d(38) a(5,48) d(32) a(5,108)", "fitness": 0.0}
{"generation": 7, "position": 50, "parents": [37, 11], "genome": "d(35) a(38,95)", "fitness": 0.0}
{"generation": 7, "position": 51, "parents": [37, 11], "genome": "r(39,73) d(6) r(31,73) d(38) a(32,154) a(36,145) a(5,39) a(7,36) r(39,44) r(36,45) d(38) a(7,7) d(5) r(32,41)", "fitness": 0.0}
{"generation": 7, "position": 52, "parents": [37], "genome": "d(35) a(7,36) r(39,44) r(36,45) d(38) a(7,7) d(5) a(32,160)", "fitness": 0.0}
{"generation": 7, "position": 53, "parents": [11], "genome": "r(39,73) d(6) r(31,73) d(38) a(32,154) a(36,145) a(5,39) d(37)", "fitness": 0.0}
{"generation": 7, "position": 54, "parents": [17], "genome": "d(32) d(38) a(39,61) r(39,53) r(37,93) d(6) a(31,56) d(29)", "fitness": 0.0}
{"generation": 7, "position": 55, "parents": [46], "genome": "d(35) a(7,36) r(39,44) r(36,45) a(38,48) d(38) r(5,80) d(37)", "fitness": 0.0}
{"generation": 7, "position": 56, "parents": [20], "genome": "r(39,73) d(6) a(38,35) d(38) d(32) a(36,76) d(5)", "fitness": 0.0}
{"generation": 7, "position": 57, "parents": [37], "genome": "d(35) a(7,36) r(39,44) r(36,45) d(38) a(7,7) d(5) d(32)", "fitness": 0.0}
{"generation": 7, "position": 58, "parents": [43], "genome": "a(38,37) r(31,73) r(32,48) r(39,32) a(38,42) r(39,44) r(36,45) r(38,60) d(5) d(37) d(29)", "fitness": 0.0}
{"generation": 8, "position": 0, "parents": [16], "genome": "r(35,90) r(38,56) a(39,39) d(39) d(31) r(38,39) r(6,145) r(36,32) r(32,53) r(31,38) a(29,101) d(37) d(5)", "fitness": 12.0}
{"generation": 8, "position": 1, "parents": [7], "genome": "d(35) a(7,36) r(39,44) r(36,45) a(38,48) d(38) r(5,80) d(32) d(29)", "fitness": 0.0}
{"generation": 8, "position": 2, "parents": [59], "genome": "r(39,73) d(6) r(31,73) r(38,108) r(37,91) d(38) a(39,61) r(39,53) r(37,93) d(36) r(35,90) a(32,73) a(32,45) d(5)", "fitness": 0.0}
{"generation": 8, "position": 3, "parents": [25], "genome": "d(39) r(38,45) a(35,45) r(35,79) r(39,145) a(38,45) d(32) d(36) r(29,5) d(37) a(5,46)", "fitness": 0.0}
{"generation": 8, "position": 4, "parents": [57, 35], "genome": "d(35) d(39) d(31) d(5) a(29,31) a(37,145) a(38,125)", "fitness": 0.0}
{"generation": 8, "position": 5, "parents": [57, 35], "genome": "d(32) d(38) a(39,61) r(39,45) a(39,39) a(7,36) r(39,44) r(36,45) d(38) a(7,7) d(5) d(32) d(31)", "fitness": 0.0}
{"generation": 8, "position": 6, "parents": [57], "genome": "d(35) a(7,36) r(39,44) r(36,45) d(38) a(7,7) d(5) d(32) a(29,45)", "fitness": 0.0}
{"generation": 8, "position": 7, "parents": [35], "genome": "d(32) d(38) a(39,61) r(39,45) a(39,39) d(39) d(31) d(5) a(29,31) a(37,145) a(29,31)", "fitness": 0.0}
{"generation": 8, "position": 8, "parents": [36, 43], "genome": "d(35) a(38,96) d(38) r(31,32) r(39,46)", "fitness": 4.0}
{"generation": 8, "position": 9, "parents": [36, 43], "genome": "d(35) a(7,36) r(39,44) r(36,45) a(38,48) a(39,78) r(29,162) d(38)", "fitness": 0.0}
{"generation": 8, "position": 10, "parents": [36], "genome": "d(35) a(39,78) r(29,162) d(38)", "fitness": 0.0}
{"generation": 8, "position": 11, "parents": [43], "genome": "d(35) a(7,36) r(39,44) r(36,45) a(38,48) a(38,96) d(38) r(31,32) d(7)", "fitness": 12.0}
{"generation": 8, "position": 12, "parents": [11, 17], "genome": "r(39,83) a(38,42) r(6,57) d(38) a(5,48) d(5) d(29) d(37) a(36,56)", "fitness": 0.0}
{"generation": 8, "position": 13, "parents": [11, 17], "genome": "r(39,36) r(32,53) r(31,38) a(29,101) d(5) a(38,101)", "fitness": 12.0}
{"generation": 8, "position": 14, "parents": [11], "genome": "r(39,83) a(38,42) r(6,57) d(38) a(5,48) r(32,53) r(31,38) a(29,101) d(5) r(29,60)", "fitness": 0.0}
{"generation": 8, "position": 15, "parents": [17], "genome": "r(39,36) d(5) d(29) d(37) d(32)", "fitness": 0.0}
{"generation": 8, "position": 16, "parents": [14, 56], "genome": "d(32) d(38) a(39,61) r(39,53) r(37,93) d(32) a(36,76) d(5) d(36)", "fitness": 0.0}
{"generation": 8, "position": 17, "parents": [14, 56], "genome": "r(39,73) d(6) a(38,35) d(38) r(5,46) d(31) a(36,39) d(35)", "fitness": 0.0}
{"generation": 8, "position": 18, "parents": [14], "genome": "d(32) d(38) a(39,61) r(39,53) r(37,93) r(5,46) d(31) a(36,39) d(36)", "fitness": 0.0}
{"generation": 8, "position": 19, "parents": [56], "genome": "r(39,73) d(6) a(38,35) d(38) d(32) a(36,76) d(5) a(36,91)", "fitness": 0.0}
{"generation": 8, "position": 20, "parents": [38, 36], "genome": "d(35) a(7,36) r(39,44) r(36,45) a(32,43) a(5,50) a(39,78) r(29,162) r(38,93)", "fitness": 0.0}
{"generation": 8, "position": 21, "parents": [38, 36], "genome": "d(35) r(31,37) r(39,154)", "fitness": 0.0}
{"generation": 8, "position": 22, "parents": [38], "genome": "d(35) a(7,36) r(39,44) r(36,45) a(32,43) a(5,50) r(31,37) r(38,128)", "fitness": 0.0}
{"generation": 8, "position": 23, "parents": [36], "genome": "d(35) a(39,78) r(29,162) d(38)", "fitness": 0.0}
{"generation": 8, "position": 24, "parents": [24, 22], "genome": "d(32) d(38) a(39,61) r(39,45) a(39,39) d(39) d(31) d(39) d(32) d(36) r(29,5) a(37,37) a(7,42)", "fitness": 0.0}
{"generation": 8, "position": 25, "parents": [24, 22], "genome": "d(32) d(38) a(39,61) r(39,45) a(39,39) d(5) a(29,31) a(29,83) d(29)", "fitness": 0.0}
{"generation": 8, "position": 26, "parents": [24], "genome": "d(32) d(38) a(39,61) r(39,45) a(39,39) d(39) d(31) d(5) a(29,31) a(29,83) a(36,128)", "fitness": 0.0}
{"generation": 8, "position": 27, "parents": [22], "genome": "d(32) d(38) a(39,61) r(39,45) a(39,39) d(39) d(32) d(36) r(29,5) a(37,37) r(7,41)", "fitness": 0.0}
{"generation": 8, "position": 28, "parents": [3], "genome": "d(35) a(7,36) r(39,44) r(36,45) d(38) a(7,7) d(5) a(29,61) a(29,80)", "fitness": 0.0}
{"generation": 8, "position": 29, "parents": [29], "genome": "r(35,90) r(38,56) d(39) r(5,41) d(37)", "fitness": 0.0}
{"generation": 8, "position": 30, "parents": [56, 6], "genome": "r(39,73) d(6) a(38,35) d(38) d(32) a(36,76) d(5) r(39,44) r(36,45) a(32,43) a(5,50) a(29,56) a(31,44)", "fitness": 0.0}
{"generation": 8, "position": 31, "parents": [56, 6], "genome": "d(35) a(7,36) r(39,41)", "fitness": 0.0}
{"generation": 8, "position": 32, "parents": [56], "genome": "r(39,73) d(6) a(38,35) d(38) d(32) a(36,76) d(5) a(37,46)", "fitness": 0.0}
{"generation": 8, "position": 33, "parents": [6], "genome": "d(35) a(7,36) r(39,44) r(36,45) a(32,43) a(5,50) a(29,56) a(38,82)", "fitness": 0.0}
{"generation": 8, "position": 34, "parents": [59], "genome": "r(39,73) d(6) r(31,73) r(38,108) r(37,91) d(38) a(39,61) r(39,53) r(37,93) d(36) r(35,90) a(32,73) a(32,45) d(29)", "fitness": 0.0}
{"generation": 8, "position": 35, "parents": [7], "genome": "d(35) a(7,36) r(39,44) r(36,45) a(38,48) d(38) r(5,80) d(32) r(31,65)", "fitness": 0.0}
{"generation": 8, "position": 36, "parents": [55, 36], "genome": "d(35) a(7,36) r(39,44) r(36,45) a(38,48) d(38) d(29)", "fitness": 0.0}
{"generation": 8, "position": 37, "parents": [55, 36], "genome": "d(35) a(39,78) r(29,162) r(5,80) d(37) a(32,36)", "fitness": 0.0}
{"generation": 8, "position": 38, "parents": [55], "genome": "d(35) a(7,36) r(39,44) r(36,45) a(38,48) d(38) r(5,80) d(37) d(31)", "fitness": 0.0}
{"generation": 8, "position": 39, "parents": [36], "genome": "d(35) a(39,78) r(29,162) a(38,104)", "fitness": 0.0}
{"generation": 8, "position": 40, "parents": [35], "genome": "d(32) d(38) a(39,61) r(39,45) a(39,39) d(39) d(31) d(5) a(29,31) a(37,145) a(36,37)", "fitness": 0.0}
{"generation": 8, "position": 41, "parents": [25], "genome": "d(39) r(38,45) a(35,45) r(35,79) r(39,145) a(38,45) d(32) d(36) r(29,5) d(37) d(7)", "fitness": 0.0}
{"generation": 8, "position": 42, "parents": [28], "genome": "d(39) r(38,45) r(38,39) r(6,145) r(36,32) r(32,53) r(31,38) d(29) a(37,36) r(37,125)", "fitness": 0.0}
{"generation": 8, "position": 43, "parents": [38], "genome": "d(35) a(7,36) r(39,44) r(36,45) a(32,43) a(5,50) r(31,37) a(38,66)", "fitness": 0.0}
{"generation": 8, "position": 44, "parents": [7], "genome": "d(35) a(7,36) r(39,44) r(36,45) a(38,48) d(38) r(5,80) d(32) d(29)", "fitness": 0.0}
{"generation": 8, "position": 45, "parents": [14], "genome": "d(32) d(38) a(39,61) r(39,53) r(37,93) r(5,46) d(31) a(36,39) d(29)", "fitness": 0.0}
{"generation": 8, "position": 46, "parents": [11], "genome": "r(39,83) a(38,42) r(6,57) d(38) a(5,48) r(32,53) r(31,38) a(29,101) d(5) r(36,32)", "fitness": 0.0}
{"generation": 8, "position": 47, "parents": [28], "genome": "d(39) r(38,45) r(38,39) r(6,145) r(36,32) r(32,53) r(31,38) d(29) a(37,36) a(5,31)", "fitness": 0.0}
{"generation": 8, "position": 48, "parents": [43, 33], "genome": "d(35) a(7,36) r(39,44) r(36,45) a(38,48) a(38,96) d(38) r(31,32) a(29,163)", "fitness": 12.0}
{"generation": 8, "position": 49, "parents": [43, 33], "genome": "d(32) d(38) a(39,61) r(39,45) a(39,39) d(39) r(6,145) r(36,32) r(32,53) r(31,38) a(29,154) r(29,66) r(5,91)", "fitness": 0.0}
{"generation": 8, "position": 50, "parents": [43], "genome": "d(35) a(7,36) r(39,44) r(36,45) a(38,48) a(38,96) d(38) r(31,32) r(37,133)", "fitness": 0.0}
{"generation": 8, "position": 51, "parents": [33], "genome": "d(32) d(38) a(39,61) r(39,45) a(39,39) d(39) r(6,145) r(36,32) r(32,53) r(31,38) a(29,154) r(29,66) a(37,80)", "fitness": 0.0}
{"generation": 8, "position": 52, "parents": [10], "genome": "r(39,36) r(38,39) r(6,145) r(36,32) d(32) a(29,66) a(29,50)", "fitness": 0.0}
{"generation": 8, "position": 53, "parents": [38], "genome": "d(35) a(7,36) r(39,44) r(36,45) a(32,43) a(5,50) r(31,37) r(6,31)", "fitness": 0.0}
{"generation": 8, "position": 54, "parents": [25], "genome": "d(39) r(38,45) a(35,45) r(35,79) r(39,145) a(38,45) d(32) d(36) r(29,5) d(37) a(7,108)", "fitness": 0.0}
{"generation": 8, "position": 55, "parents": [23], "genome": "d(39) r(38,45) a(35,45) r(35,79) r(39,145) a(38,45) d(31) d(5) a(29,31) r(37,83) r(36,47)", "fitness": 0.0}
{"generation": 8, "position": 56, "parents": [37], "genome": "d(35) a(7,36) r(39,44) r(36,45) a(32,43) a(5,50) d(38) a(32,79)", "fitness": 0.0}
{"generation": 9, "position": 0, "parents": [21, 50], "genome": "d(35) a(7,36) r(39,44) r(36,45) a(38,48) a(38,96) d(38) r(31,32) r(37,133) d(5)", "fitness": 0.0}
{"generation": 9, "position": 1, "parents": [21, 50], "genome": "d(35) r(31,37) r(39,154) r(6,92)", "fitness": 0.0}
{"generation": 9, "position": 2, "parents": [21], "genome": "d(35) r(31,37) r(39,154) d(38)", "fitness": 0.0}
{"generation": 9, "position": 3, "parents": [50], "genome": "d(35) a(7,36) r(39,44) r(36,45) a(38,48) a(38,96) d(38) r(31,32) r(37,133) d(29)", "fitness": 0.0}
{"generation": 9, "position": 4, "parents": [25], "genome": "d(32) d(38) a(39,61) r(39,45) a(39,39) d(5) a(29,31) a(29,83) d(29) d(37)", "fitness": 0.0}
{"generation": 9, "position": 5, "parents": [46], "genome": "r(39,83) a(38,42) r(6,57) d(38) a(5,48) r(32,53) r(31,38) a(29,101) d(5) r(36,32) d(37)", "fitness": 0.0}
{"generation": 9, "position": 6, "parents": [38], "genome": "d(35) a(7,36) r(39,44) r(36,45) a(38,48) d(38) r(5,80) d(37) d(31) d(32)", "fitness": 0.0}
{"generation": 9, "position": 7, "parents": [14], "genome": "r(39,83) a(38,42) r(6,57) d(38) a(5,48) r(32,53) r(31,38) a(29,101) d(5) r(29,60) d(37)", "fitness": 0.0}
{"generation": 9, "position": 8, "parents": [43], "genome": "d(35) a(7,36) r(39,44) r(36,45) a(32,43) a(5,50) r(31,37) a(38,66) r(38,95)", "fitness": 0.0}
{"generation": 9, "position": 9, "parents": [41], "genome": "d(39) r(38,45) a(35,45) r(35,79) r(39,145) a(38,45) d(32) d(36) r(29,5) d(37) d(7) d(6)", "fitness": 0.0}
{"generation": 9, "position": 10, "parents": [32, 37], "genome": "r(39,73) d(6) a(38,35) d(38) d(32) a(36,76) d(5) a(37,46) r(29,162) r(5,80) d(37) a(32,36) d(36)", "fitness": 0.0}
{"generation": 9, "position": 11, "parents": [32, 37], "genome": "d(35) a(39,78) d(38)", "fitness": 0.0}
{"generation": 9, "position": 12, "parents": [32], "genome": "r(39,73) d(6) a(38,35) d(38) d(32) a(36,76) d(5) a(37,46) d(29)", "fitness": 0.0}
{"generation": 9, "position": 13, "parents": [37], "genome": "d(35) a(39,78) r(29,162) r(5,80) d(37) a(32,36) d(36)", "fitness": 0.0}
{"generation": 9, "position": 14, "parents": [52, 31], "genome": "r(39,36) r(38,39) r(6,145) r(36,32) d(32) r(39,41) a(5,128)", "fitness": 0.0}
{"generation": 9, "position": 15, "parents": [52, 31], "genome": "d(35) a(7,36) a(29,66) a(29,50) a(38,82)", "fitness": 0.0}
{"generation": 9, "position": 16, "parents": [52], "genome": "r(39,36) r(38,39) r(6,145) r(36,32) d(32) a(29,66) a(29,50) d(29)", "fitness": 0.0}
{"generation": 9, "position": 17, "parents": [31], "genome": "d(35) a(7,36) r(39,41) r(38,56)", "fitness": 0.0}
{"generation": 9, "position": 18, "parents": [17], "genome": "r(39,73) d(6) a(38,35) d(38) r(5,46) d(31) a(36,39) d(35) r(36,96)", "fitness": 0.0}
{"generation": 9, "position": 19, "parents": [19], "genome": "r(39,73) d(6) a(38,35) d(38) d(32) a(36,76) d(5) a(36,91) r(29,53)", "fitness": 0.0}
{"generation": 9, "position": 20, "parents": [41, 9], "genome": "d(39) r(38,45) a(39,78) r(29,162) d(38) a(7,42)", "fitness": 4.0}
{"generation": 9, "position": 21, "parents": [41, 9], "genome": "d(35) a(7,36) r(39,44) r(36,45) a(38,48) a(35,45) r(35,79) r(39,145) a(38,45) d(32) d(36) r(29,5) d(37) d(7) d(6)", "fitness": 0.0}
{"generation": 9, "position": 22, "parents": [41], "genome": "d(39) r(38,45) a(35,45) r(35,79) r(39,145) a(38,45) d(32) d(36) r(29,5) d(37) d(7) r(6,163)", "fitness": 12.0}
{"generation": 9, "position": 23, "parents": [9], "genome": "d(35) a(7,36) r(39,44) r(36,45) a(38,48) a(39,78) r(29,162) d(38) a(7,31)", "fitness": 0.0}
{"generation": 9, "position": 24, "parents": [7, 17], "genome": "d(32) d(38) a(39,61) r(39,45) a(39,39) d(39) d(31) d(35) a(29,5)", "fitness": 0.0}
{"generation": 9, "position": 25, "parents": [7, 17], "genome": "r(39,73) d(6) a(38,35) d(38) r(5,46) d(31) a(36,39) d(5) a(29,31) a(37,145) a(29,31) r(36,50)", "fitness": 0.0}
{"generation": 9, "position": 26, "parents": [7], "genome": "d(32) d(38) a(39,61) r(39,45) a(39,39) d(39) d(31) d(5) a(29,31) a(37,145) a(29,31) a(37,49)", "fitness": 0.0}
{"generation": 9, "position": 27, "parents": [17], "genome": "r(39,73) d(6) a(38,35) d(38) r(5,46) d(31) a(36,39) d(35) r(36,95)", "fitness": 0.0}
{"generation": 9, "position": 28, "parents": [46], "genome": "r(39,83) a(38,42) r(6,57) d(38) a(5,48) r(32,53) r(31,38) a(29,101) d(5) r(36,32) d(37)", "fitness": 0.0}
{"generation": 9, "position": 29, "parents": [28], "genome": "d(35) a(7,36) r(39,44) r(36,45) d(38) a(7,7) d(5) a(29,61) a(29,80) r(32,163)", "fitness": 12.0}
{"generation": 9, "position": 30, "parents": [16, 49], "genome": "d(32) d(39) r(6,145) r(36,32) r(32,53) r(31,38) a(29,154) r(29,66) r(5,91) a(38,31)", "fitness": 0.0}
{"generation": 9, "position": 31, "parents": [16, 49], "genome": "d(32) d(38) a(39,61) r(39,45) a(39,39) d(38) a(39,61) r(39,53) r(37,93) d(32) a(36,76) d(5) d(36) d(31)", "fitness": 0.0}
{"generation": 9, "position": 32, "parents": [16], "genome": "d(32) d(38) a(39,61) r(39,53) r(37,93) d(32) a(36,76) d(5) d(36) d(31)", "fitness": 0.0}
{"generation": 9, "position": 33, "parents": [49], "genome": "d(32) d(38) a(39,61) r(39,45) a(39,39) d(39) r(6,145) r(36,32) r(32,53) r(31,38) a(29,154) r(29,66) r(5,91) a(37,133)", "fitness": 0.0}
{"generation": 9, "position": 34, "parents": [31], "genome": "d(35) a(7,36) r(39,41) d(37)", "fitness": 0.0}
{"generation": 9, "position": 35, "parents": [31], "genome": "d(35) a(7,36) r(39,41) a(37,44)", "fitness": 0.0}
{"generation": 9, "position": 36, "parents": [42], "genome": "d(39) r(38,45) r(38,39) r(6,145) r(36,32) r(32,53) r(31,38) d(29) a(37,36) r(37,125) d(5)", "fitness": 4.0}
{"generation": 9, "position": 37, "parents": [32], "genome": "r(39,73) d(6) a(38,35) d(38) d(32) a(36,76) d(5) a(37,46) r(36,90)", "fitness": 0.0}
{"generation": 9, "position": 38, "parents": [16, 46], "genome": "d(32) d(38) a(29,101) d(5) r(36,32) d(39)", "fitness": 12.0}
{"generation": 9, "position": 39, "parents": [16, 46], "genome": "r(39,83) a(38,42) r(6,57) d(38) a(5,48) r(32,53) r(31,38) a(39,61) r(39,53) r(37,93) d(32) a(36,76) d(5) d(36) r(29,46)", "fitness": 0.0}
{"generation": 9, "position": 40, "parents": [16], "genome": "d(32) d(38) a(39,61) r(39,53) r(37,93) d(32) a(36,76) d(5) d(36) d(29)", "fitness": 0.0}
{"generation": 9, "position": 41, "parents": [46], "genome": "r(39,83) a(38,42) r(6,57) d(38) a(5,48) r(32,53) r(31,38) a(29,101) d(5) r(36,32) a(37,160)", "fitness": 0.0}
{"generation": 9, "position": 42, "parents": [56, 56], "genome": "d(35) a(7,36) r(39,44) r(36,45) a(32,43) a(5,50) d(6)", "fitness": 0.0}
{"generation": 9, "position": 43, "parents": [56, 56], "genome": "d(35) a(7,36) r(39,44) r(36,45) a(32,43) a(5,50) d(38) a(32,79) d(38) a(32,79) d(7)", "fitness": 12.0}
{"generation": 9, "position": 44, "parents": [56], "genome": "d(35) a(7,36) r(39,44) r(36,45) a(32,43) a(5,50) d(38) a(32,79) d(29)", "fitness": 0.0}
{"generation": 9, "position": 45, "parents": [56], "genome": "d(35) a(7,36) r(39,44) r(36,45) a(32,43) a(5,50) d(38) a(32,79) d(5)", "fitness": 0.0}
{"generation": 9, "position": 46, "parents": [44, 9], "genome": "d(35) a(7,36) r(39,44) r(36,45) a(38,48) d(38) r(5,80) d(32) r(39,44) r(36,45) a(38,48) a(39,78) r(29,162) d(38) r(37,90)", "fitness": 0.0}
{"generation": 9, "position": 47, "parents": [44, 9], "genome": "d(35) a(7,36) d(29) a(39,133)", "fitness": 0.0}
{"generation": 9, "position": 48, "parents": [44], "genome": "d(35) a(7,36) r(39,44) r(36,45) a(38,48) d(38) r(5,80) d(32) d(29) a(37,60)", "fitness": 0.0}
{"generation": 9, "position": 49, "parents": [9], "genome": "d(35) a(7,36) r(39,44) r(36,45) a(38,48) a(39,78) r(29,162) d(38) a(6,61)", "fitness": 0.0}
{"generation": 9, "position": 50, "parents": [56, 44], "genome": "d(35) a(7,36) r(39,44) r(36,45) a(32,43) r(5,58)", "fitness": 0.0}
{"generation": 9, "position": 51, "parents": [56, 44], "genome": "d(35) a(7,36) r(39,44) r(36,45) a(38,48) d(38) r(5,80) d(32) d(29) a(5,50) d(38) a(32,79) d(37)", "fitness": 0.0}
{"generation": 9, "position": 52, "parents": [56], "genome": "d(35) a(7,36) r(39,44) r(36,45) a(32,43) a(5,50) d(38) a(32,79) r(29,40)", "fitness": 0.0}
{"generation": 9, "position": 53, "parents": [44], "genome": "d(35) a(7,36) r(39,44) r(36,45) a(38,48) d(38) r(5,80) d(32) d(29) a(37,48)", "fitness": 0.0}
{"generation": 9, "position": 54, "parents": [33], "genome": "d(35) a(7,36) r(39,44) r(36,45) a(32,43) a(5,50) a(29,56) a(38,82) r(38,61)", "fitness": 0.0}
{"generation": 9, "position": 55, "parents": [36], "genome": "d(35) a(7,36) r(39,44) r(36,45) a(38,48) d(38) d(29) a(37,38)", "fitness": 0.0}
{"generation": 9, "position": 56, "parents": [9], "genome": "d(35) a(7,36) r(39,44) r(36,45) a(38,48) a(39,78) r(29,162) d(38) d(37)", "fitness": 0.0}
{"generation": 9, "position": 57, "parents": [55], "genome": "d(39) r(38,45) a(35,45) r(35,79) r(39,145) a(38,45) d(31) d(5) a(29,31) r(37,83) r(36,47) d(29)", "fitness": 0.0}
{"generation": 9, "position": 58, "parents": [31, 30], "genome": "d(35) a(29,56) a(31,44) d(38)", "fitness": 0.0}
{"generation": 9, "position": 59, "parents": [31, 30], "genome": "r(39,73) d(6) a(38,35) d(38) d(32) a(36,76) d(5) r(39,44) r(36,45) a(32,43) a(5,50) a(7,36) r(39,41) a(31,154)", "fitness": 0.0}
{"generation": 9, "position": 60, "parents": [31], "genome": "d(35) a(7,36) r(39,41) d(38)", "fitness": 0.0}
{"generation": 10, "position": 0, "parents": [59], "genome": "r(39,73) d(6) a(38,35) d(38) d(32) a(36,76) d(5) r(39,44) r(36,45) a(32,43) a(5,50) a(7,36) r(39,41) a(31,154) d(37)", "fitness": 0.0}
{"generation": 10, "position": 1, "parents": [40], "genome": "d(32) d(38) a(39,61) r(39,53) r(37,93) d(32) a(36,76) d(5) d(36) d(29)", "fitness": 0.0}
{"generation": 10, "position": 2, "parents": [9, 18], "genome": "d(39) r(38,45) r(5,46) d(31) a(36,39) d(35) r(36,96) a(29,78)", "fitness": 0.0}
{"generation": 10, "position": 3, "parents": [9, 18], "genome": "r(39,73) d(6) a(38,35) d(38) a(35,45) r(35,79) r(39,145) a(38,45) d(32) d(36) r(29,5) d(37) d(7) d(6) r(5,79)", "fitness": 0.0}
{"generation": 10, "position": 4, "parents": [9], "genome": "d(39) r(38,45) a(35,45) r(35,79) r(39,145) a(38,45) d(32) d(36) r(29,5) d(37) d(7) d(6) r(5,160)", "fitness": 0.0}
{"generation": 10, "position": 5, "parents": [18], "genome": "r(39,73) d(6) a(38,35) d(38) r(5,46) d(31) a(36,39) d(35) r(36,96) a(37,128)", "fitness": 0.0}
{"generation": 10, "position": 6, "parents": [4, 30], "genome": "d(32) d(38) a(39,61) r(39,45) a(39,39) d(5) a(29,31) a(29,83) d(29) a(38,31) a(36,124)", "fitness": 12.0}
{"generation": 10, "position": 7, "parents": [4, 30], "genome": "d(32) d(39) r(6,145) r(36,32) r(32,53) r(31,38) a(29,154) r(29,66) r(5,91) d(37)", "fitness": 0.0}
{"generation": 10, "position": 8, "parents": [4], "genome": "d(32) d(38) a(39,61) r(39,45) a(39,39) d(5) a(29,31) a(29,83) d(29) d(37) d(36)", "fitness": 0.0}
{"generation": 10, "position": 9, "parents": [30], "genome": "d(32) d(39) r(6,145) r(36,32) r(32,53) r(31,38) a(29,154) r(29,66) r(5,91) a(38,31) d(38)", "fitness": 0.0}
{"generation": 10, "position": 10, "parents": [19, 2], "genome": "r(39,73) d(6) a(38,35) d(38) d(32) a(36,76) d(38) r(37,125)", "fitness": 0.0}
{"generation": 10, "position": 11, "parents": [19, 2], "genome": "d(35) r(31,37) r(39,154) d(5) a(36,91) r(29,53) r(32,154)", "fitness": 0.0}
{"generation": 10, "position": 12, "parents": [19], "genome": "r(39,73) d(6) a(38,35) d(38) d(32) a(36,76) d(5) a(36,91) r(29,53) a(36,133)", "fitness": 0.0}
{"generation": 10, "position": 13, "parents": [2], "genome": "d(35) r(31,37) r(39,154) d(38) r(29,78)", "fitness": 0.0}
{"generation": 10, "position": 14, "parents": [28], "genome": "r(39,83) a(38,42) r(6,57) d(38) a(5,48) r(32,53) r(31,38) a(29,101) d(5) r(36,32) d(37) a(29,145)", "fitness": 0.0}
{"generation": 10, "position": 15, "parents": [3], "genome": "d(35) a(7,36) r(39,44) r(36,45) a(38,48) a(38,96) d(38) r(31,32) r(37,133) d(29) r(6,48)", "fitness": 0.0}
{"generation": 10, "position": 16, "parents": [26], "genome": "d(32) d(38) a(39,61) r(39,45) a(39,39) d(39) d(31) d(5) a(29,31) a(37,145) a(29,31) a(37,49) r(37,145)", "fitness": 0.0}
{"generation": 10, "position": 17, "parents": [7], "genome": "r(39,83) a(38,42) r(6,57) d(38) a(5,48) r(32,53) r(31,38) a(29,101) d(5) r(29,60) d(37) a(36,37)", "fitness": 0.0}
{"generation": 10, "position": 18, "parents": [1, 52], "genome": "d(35) r(31,37) r(39,154) r(36,45) a(32,43) a(5,50) d(38) a(32,79) r(29,40) d(5)", "fitness": 0.0}
{"generation": 10, "position": 19, "parents": [1, 52], "genome": "d(35) a(7,36) r(39,44) r(6,92) r(37,44)", "fitness": 0.0}
{"generation": 10, "position": 20, "parents": [1], "genome": "d(35) r(31,37) r(39,154) r(6,92) r(38,133)", "fitness": 0.0}
{"generation": 10, "position": 21, "parents": [52], "genome": "d(35) a(7,36) r(39,44) r(36,45) a(32,43) a(5,50) d(38) a(32,79) r(29,40) d(37)", "fitness": 0.0}
{"generation": 10, "position": 22, "parents": [54], "genome": "d(35) a(7,36) r(39,44) r(36,45) a(32,43) a(5,50) a(29,56) a(38,82) r(38,61) r(5,47)", "fitness": 0.0}
{"generation": 10, "position": 23, "parents": [58], "genome": "d(35) a(29,56) a(31,44) d(38) a(39,163)", "fitness": 0.0}
{"generation": 10, "position": 24, "parents": [47, 51], "genome": "d(35) d(32) d(29) a(5,50) d(38) a(32,79) d(37) d(6)", "fitness": 0.0}
{"generation": 10, "position": 25, "parents": [47, 51], "genome": "d(35) a(7,36) r(39,44) r(36,45) a(38,48) d(38) r(5,80) a(7,36) d(29) a(39,133) r(37,48)", "fitness": 0.0}
{"generation": 10, "position": 26, "parents": [47], "genome": "d(35) a(7,36) d(29) a(39,133) r(38,46)", "fitness": 0.0}
{"generation": 10, "position": 27, "parents": [51], "genome": "d(35) a(7,36) r(39,44) r(36,45) a(38,48) d(38) r(5,80) d(32) d(29) a(5,50) d(38) a(32,79) d(37)", "fitness": 0.0}
{"generation": 10, "position": 28, "parents": [17], "genome": "d(35) a(7,36) r(39,41) r(38,56) d(5)", "fitness": 0.0}
{"generation": 10, "position": 29, "parents": [27], "genome": "r(39,73) d(6) a(38,35) d(38) r(5,46) d(31) a(36,39) d(35) r(36,95) a(32,40)", "fitness": 0.0}
{"generation": 10, "position": 30, "parents": [6, 34], "genome": "d(35) a(7,36) r(39,44) r(36,45) a(38,48) d(38) r(5,80) d(37) d(31) d(32) r(39,41) d(37) a(29,74)", "fitness": 0.0}
{"generation": 10, "position": 31, "parents": [6, 34], "genome": "d(35) a(7,36) d(37)", "fitness": 0.0}
{"generation": 10, "position": 32, "parents": [6], "genome": "d(35) a(7,36) r(39,44) r(36,45) a(38,48) d(38) r(5,80) d(37) d(31) d(32) d(29)", "fitness": 0.0}
{"generation": 10, "position": 33, "parents": [34], "genome": "d(35) a(7,36) r(39,41) d(37) r(7,56)", "fitness": 0.0}
{"generation": 10, "position": 34, "parents": [42], "genome": "d(35) a(7,36) r(39,44) r(36,45) a(32,43) a(5,50) d(6) a(29,78)", "fitness": 0.0}
{"generation": 10, "position": 35, "parents": [17], "genome": "d(35) a(7,36) r(39,41) r(38,56) a(29,91)", "fitness": 0.0}
{"generation": 10, "position": 36, "parents": [44, 17], "genome": "d(35) a(7,36) r(39,44) r(36,45) a(32,43) a(5,50) d(38) a(32,79) d(29) a(7,36) r(39,41) r(38,56) a(37,154)", "fitness": 0.0}
{"generation": 10, "position": 37, "parents": [44, 17], "genome": "d(35) d(36)", "fitness": 0.0}
{"generation": 10, "position": 38, "parents": [44], "genome": "d(35) a(7,36) r(39,44) r(36,45) a(32,43) a(5,50) d(38) a(32,79) d(29) d(7)", "fitness": 12.0}
{"generation": 10, "position": 39, "parents": [17], "genome": "d(35) a(7,36) r(39,41) r(38,56) d(31)", "fitness": 0.0}
{"generation": 10, "position": 40, "parents": [33], "genome": "d(32) d(38) a(39,61) r(39,45) a(39,39) d(39) r(6,145) r(36,32) r(32,53) r(31,38) a(29,154) r(29,66) r(5,91) a(37,133) a(37,78)", "fitness": 0.0}
{"generation": 10, "position": 41, "parents": [39], "genome": "r(39,83) a(38,42) r(6,57) d(38) a(5,48) r(32,53) r(31,38) a(39,61) r(39,53) r(37,93) d(32) a(36,76) d(5) d(36) r(29,46)", "fitness": 0.0}
{"generation": 10, "position": 42, "parents": [4, 19], "genome": "d(32) d(38) a(39,61) r(39,45) a(39,39) d(5) a(29,31) a(29,83) d(29) r(29,53) r(37,160)", "fitness": 0.0}
{"generation": 10, "position": 43, "parents": [4, 19], "genome": "r(39,73) d(6) a(38,35) d(38) d(32) a(36,76) d(5) a(36,91) d(37) r(36,43)", "fitness": 0.0}
{"generation": 10, "position": 44, "parents": [4], "genome": "d(32) d(38) a(39,61) r(39,45) a(39,39) d(5) a(29,31) a(29,83) d(29) d(37) a(36,31)", "fitness": 0.0}
{"generation": 10, "position": 45, "parents": [19], "genome": "r(39,73) d(6) a(38,35) d(38) d(32) a(36,76) d(5) a(36,91) r(29,53) d(37)", "fitness": 0.0}
{"generation": 10, "position": 46, "parents": [35, 59], "genome": "d(35) a(7,36) r(39,41) a(37,44) a(36,76) d(5) r(39,44) r(36,45) a(32,43) a(5,50) a(7,36) r(39,41) a(31,154) d(38)", "fitness": 0.0}
{"generation": 10, "position": 47, "parents": [35, 59], "genome": "r(39,73) d(6) a(38,35) d(38) d(32) r(5,91)", "fitness": 0.0}
{"generation": 10, "position": 48, "parents": [35], "genome": "d(35) a(7,36) r(39,41) a(37,44) r(38,29)", "fitness": 0.0}
{"generation": 10, "position": 49, "parents": [59], "genome": "r(39,73) d(6) a(38,35) d(38) d(32) a(36,76) d(5) r(39,44) r(36,45) a(32,43) a(5,50) a(7,36) r(39,41) a(31,154) a(29,31)", "fitness": 0.0}
{"generation": 10, "position": 50, "parents": [51], "genome": "d(35) a(7,36) r(39,44) r(36,45) a(38,48) d(38) r(5,80) d(32) d(29) a(5,50) d(38) a(32,79) d(37)", "fitness": 0.0}
{"generation": 10, "position": 51, "parents": [55], "genome": "d(35) a(7,36) r(39,44) r(36,45) a(38,48) d(38) d(29) a(37,38) a(5,60)", "fitness": 0.0}
{"generation": 10, "position": 52, "parents": [19, 45], "genome": "r(39,73) d(6) a(38,35) d(38) d(32) a(36,76) d(5) d(5) a(37,125)", "fitness": 0.0}
{"generation": 10, "position": 53, "parents": [19, 45], "genome": "d(35) a(7,36) r(39,44) r(36,45) a(32,43) a(5,50) d(38) a(32,79) a(36,91) r(29,53) a(5,82)", "fitness": 12.0}
{"generation": 10, "position": 54, "parents": [19], "genome": "r(39,73) d(6) a(38,35) d(38) d(32) a(36,76) d(5) a(36,91) r(29,53) a(37,65)", "fitness": 0.0}
{"generation": 10, "position": 55, "parents": [45], "genome": "d(35) a(7,36) r(39,44) r(36,45) a(32,43) a(5,50) d(38) a(32,79) d(5) d(31)", "fitness": 0.0}
{"generation": 10, "position": 56, "parents": [40, 28], "genome": "d(32) d(38) a(39,61) r(39,53) r(37,93) d(32) a(36,76) d(5) r(31,38) a(29,101) d(5) r(36,32) d(37) a(29,43)", "fitness": 0.0}
{"generation": 10, "position": 57, "parents": [40, 28], "genome": "r(39,83) a(38,42) r(6,57) d(38) a(5,48) r(32,53) d(36) d(29) a(5,61)", "fitness": 0.0}
{"generation": 10, "position": 58, "parents": [40], "genome": "d(32) d(38) a(39,61) r(39,53) r(37,93) d(32) a(36,76) d(5) d(36) d(29)", "fitness": 0.0}
{"generation": 10, "position": 59, "parents": [28], "genome": "r(39,83) a(38,42) r(6,57) d(38) a(5,48) r(32,53) r(31,38) a(29,101) d(5) r(36,32) d(37) r(29,49)", "fitness": 0.0}
{"generation": 10, "position": 60, "parents": [35, 52], "genome": "d(35) a(7,36) r(39,44) r(36,45) a(32,43) a(5,50) d(38) a(32,79) r(29,40) r(37,29)", "fitness": 0.0}
{"generation": 10, "position": 61, "parents": [35, 52], "genome": "d(35) a(7,36) r(39,41) a(37,44) d(32)", "fitness": 0.0}
{"generation": 10, "position": 62, "parents": [35], "genome": "d(35) a(7,36) r(39,41) a(37,44) a(38,72)", "fitness": 0.0}