[meta]
{"program": "genprog-3.0", "problem": {"ideal_fitness": "12", "type": "repair", "name": "ultrix-look", "enclosure": {"1": 0, "2": 0, "3": 0, "4": 0, "5": 0, "6": 5, "7": 6, "8": 7, "11": 5, "12": 11, "14": 0, "16": 0, "18": 0, "19": 0, "20": 19, "21": 19, "26": 11, "27": 5, "28": 5, "29": 0, "30": 29, "31": 29, "32": 0, "33": 32, "34": 32, "35": 32, "36": 0, "37": 0, "38": 37, "39": 37, "40": 37, "41": 0, "42": 0, "43": 0, "44": 0, "45": 0, "46": 45, "47": 45, "48": 45, "49": 48, "50": 48, "51": 48, "52": 51, "53": 52, "56": 45, "57": 45, "58": 57, "60": 45, "61": 45, "63": 0, "65": 63, "66": 0, "68": 0, "71": 45, "72": 0, "73": 0, "74": 73, "75": 73, "76": 75, "78": 73, "79": 73, "80": 79, "81": 79, "82": 73, "83": 73, "85": 0, "86": 0, "90": 0, "91": 90, "92": 90, "93": 92, "95": 90, "96": 90, "98": 0, "101": 0, "102": 0, "103": 102, "104": 103, "106": 102, "107": 106, "108": 106, "109": 102, "110": 102, "111": 0, "112": 111, "113": 111, "114": 113, "115": 113, "116": 115, "117": 115, "118": 113, "119": 111, "120": 0, "121": 0, "122": 121, "123": 121, "124": 123, "125": 123, "126": 121, "128": 126, "129": 121, "130": 121, "131": 121, "132": 0, "133": 0, "134": 0, "135": 134, "136": 134, "137": 134, "138": 134, "139": 134, "140": 139, "142": 139, "143": 142, "145": 142, "146": 134, "147": 146, "148": 146, "149": 148, "150": 148, "151": 148, "152": 151, "154": 146, "155": 134, "156": 155, "157": 155, "158": 157, "159": 157, "160": 155, "161": 134, "162": 134, "163": 0}}, "version": "0.0.2", "seed": 22, "algorithm": {"representation": "patch", "type": "genetic", "name": "ALGORITHM-NAME"}}

[data]
{"generation": 0, "position": 0, "parents": [], "genome": "a(39,42)", "fitness": 4.0}
{"generation": 0, "position": 1, "parents": [], "genome": "r(38,72)", "fitness": 4.0}
{"generation": 0, "position": 2, "parents": [], "genome": "a(37,76)", "fitness": 4.0}
{"generation": 0, "position": 3, "parents": [], "genome": "d(38)", "fitness": 4.0}
{"generation": 0, "position": 4, "parents": [], "genome": "a(38,40)", "fitness": 4.0}
{"generation": 0, "position": 5, "parents": [], "genome": "d(38)", "fitness": 4.0}
{"generation": 0, "position": 6, "parents": [], "genome": "d(37)", "fitness": 4.0}
{"generation": 0, "position": 7, "parents": [], "genome": "r(39,65)", "fitness": 4.0}
{"generation": 0, "position": 8, "parents": [], "genome": "r(38,163)", "fitness": 4.0}
{"generation": 0, "position": 9, "parents": [], "genome": "d(39)", "fitness": 4.0}
{"generation": 0, "position": 10, "parents": [], "genome": "d(38)", "fitness": 4.0}
{"generation": 0, "position": 11, "parents": [], "genome": "d(38)", "fitness": 4.0}
{"generation": 0, "position": 12, "parents": [], "genome": "d(39)", "fitness": 4.0}
{"generation": 0, "position": 13, "parents": [], "genome": "r(38,61)", "fitness": 4.0}
{"generation": 0, "position": 14, "parents": [], "genome": "a(6,57)", "fitness": 4.0}
{"generation": 0, "position": 15, "parents": [], "genome": "r(7,162)", "fitness": 12.0}
{"generation": 0, "position": 16, "parents": [], "genome": "r(38,32)", "fitness": 4.0}
{"generation": 0, "position": 17, "parents": [], "genome": "r(35,31)", "fitness": 0.0}
{"generation": 0, "position": 18, "parents": [], "genome": "d(32)", "fitness": 0.0}
{"generation": 0, "position": 19, "parents": [], "genome": "r(38,37)", "fitness": 4.0}
{"generation": 0, "position": 20, "parents": [], "genome": "d(7)", "fitness": 12.0}
{"generation": 0, "position": 21, "parents": [], "genome": "d(39)", "fitness": 4.0}
{"generation": 0, "position": 22, "parents": [], "genome": "r(39,133)", "fitness": 4.0}
{"generation": 0, "position": 23, "parents": [], "genome": "r(31,48)", "fitness": 0.0}
{"generation": 0, "position": 24, "parents": [], "genome": "d(39)", "fitness": 4.0}
{"generation": 0, "position": 25, "parents": [], "genome": "r(5,65)", "fitness": 4.0}
{"generation": 0, "position": 26, "parents": [], "genome": "r(7,125)", "fitness": 12.0}
{"generation": 0, "position": 27, "parents": [], "genome": "r(38,56)", "fitness": 4.0}
{"generation": 0, "position": 28, "parents": [], "genome": "a(39,79)", "fitness": 4.0}
{"generation": 0, "position": 29, "parents": [], "genome": "a(37,39)", "fitness": 0.0}
{"generation": 0, "position": 30, "parents": [], "genome": "a(7,124)", "fitness": 4.0}
{"generation": 0, "position": 31, "parents": [], "genome": "a(29,61)", "fitness": 4.0}
{"generation": 0, "position": 32, "parents": [], "genome": "a(39,46)", "fitness": 4.0}
{"generation": 0, "position": 33, "parents": [], "genome": "d(31)", "fitness": 4.0}
{"generation": 0, "position": 34, "parents": [], "genome": "d(31)", "fitness": 4.0}
{"generation": 0, "position": 35, "parents": [], "genome": "d(5)", "fitness": 4.0}
{"generation": 0, "position": 36, "parents": [], "genome": "r(39,90)", "fitness": 4.0}
{"generation": 0, "position": 37, "parents": [], "genome": "a(39,38)", "fitness": 4.0}
{"generation": 0, "position": 38, "parents": [], "genome": "r(38,163)", "fitness": 4.0}
{"generation": 0, "position": 39, "parents": [], "genome": "original", "fitness": 4.0}
{"generation": 1, "position": 0, "parents": [36], "genome": "r(39,90) a(38,160)", "fitness": 4.0}
{"generation": 1, "position": 1, "parents": [38], "genome": "r(38,163) d(39)", "fitness": 4.0}
{"generation": 1, "position": 2, "parents": [29, 3], "genome": "a(37,39) d(39)", "fitness": 0.0}
{"generation": 1, "position": 3, "parents": [29, 3], "genome": "d(38) a(39,37)", "fitness": 4.0}
{"generation": 1, "position": 4, "parents": [29], "genome": "a(37,39) r(38,91)", "fitness": 0.0}
{"generation": 1, "position": 5, "parents": [3], "genome": "d(38) a(39,56)", "fitness": 4.0}
{"generation": 1, "position": 6, "parents": [13, 16], "genome": "r(38,61) r(31,48)", "fitness": 0.0}
{"generation": 1, "position": 7, "parents": [13, 16], "genome": "r(38,32) a(39,74)", "fitness": 4.0}
{"generation": 1, "position": 8, "parents": [13], "genome": "r(38,61) r(39,160)", "fitness": 4.0}
{"generation": 1, "position": 9, "parents": [16], "genome": "r(38,32) r(39,72)", "fitness": 4.0}
{"generation": 1, "position": 10, "parents": [3], "genome": "d(38) d(39)", "fitness": 4.0}
{"generation": 1, "position": 11, "parents": [12], "genome": "d(39) r(7,82)", "fitness": 12.0}
{"generation": 1, "position": 12, "parents": [23, 0], "genome": "r(31,48) a(38,65)", "fitness": 0.0}
{"generation": 1, "position": 13, "parents": [23, 0], "genome": "a(39,42) a(29,162)", "fitness": 4.0}
{"generation": 1, "position": 14, "parents": [23], "genome": "r(31,48) d(39)", "fitness": 0.0}
{"generation": 1, "position": 15, "parents": [0], "genome": "a(39,42) a(39,82)", "fitness": 4.0}
{"generation": 1, "position": 16, "parents": [0, 24], "genome": "a(39,42) a(31,83)", "fitness": 4.0}
{"generation": 1, "position": 17, "parents": [0, 24], "genome": "d(39) a(38,78)", "fitness": 4.0}
{"generation": 1, "position": 18, "parents": [0], "genome": "a(39,42) r(38,41)", "fitness": 4.0}
{"generation": 1, "position": 19, "parents": [24], "genome": "d(39) d(31)", "fitness": 4.0}
{"generation": 1, "position": 20, "parents": [25], "genome": "r(5,65) d(38)", "fitness": 4.0}
{"generation": 1, "position": 21, "parents": [21], "genome": "d(39) r(35,93)", "fitness": 0.0}
{"generation": 1, "position": 22, "parents": [35], "genome": "d(5) a(38,76)", "fitness": 4.0}
{"generation": 1, "position": 23, "parents": [22], "genome": "r(39,133) r(38,133)", "fitness": 4.0}
{"generation": 1, "position": 24, "parents": [5, 23], "genome": "d(38) a(39,125)", "fitness": 4.0}
{"generation": 1, "position": 25, "parents": [5, 23], "genome": "r(31,48) r(39,95)", "fitness": 0.0}
{"generation": 1, "position": 26, "parents": [5], "genome": "d(38) a(36,95)", "fitness": 4.0}
{"generation": 1, "position": 27, "parents": [23], "genome": "r(31,48) a(39,5)", "fitness": 0.0}
{"generation": 1, "position": 28, "parents": [28, 18], "genome": "a(39,79) r(38,42)", "fitness": 4.0}
{"generation": 1, "position": 29, "parents": [28, 18], "genome": "d(32) r(39,145)", "fitness": 0.0}
{"generation": 1, "position": 30, "parents": [28], "genome": "a(39,79) r(36,61)", "fitness": 0.0}
{"generation": 1, "position": 31, "parents": [18], "genome": "d(32) a(29,101)", "fitness": 12.0}
{"generation": 1, "position": 32, "parents": [11], "genome": "d(38) d(39)", "fitness": 4.0}
{"generation": 1, "position": 33, "parents": [1], "genome": "r(38,72) a(39,5)", "fitness": 4.0}
{"generation": 1, "position": 34, "parents": [32, 23], "genome": "a(39,46) a(38,45)", "fitness": 4.0}
{"generation": 1, "position": 35, "parents": [32, 23], "genome": "r(31,48) a(38,42)", "fitness": 0.0}
{"generation": 1, "position": 36, "parents": [32], "genome": "a(39,46) a(39,95)", "fitness": 4.0}
{"generation": 1, "position": 37, "parents": [23], "genome": "r(31,48) a(38,145)", "fitness": 0.0}
{"generation": 1, "position": 38, "parents": [21], "genome": "d(39) d(38)", "fitness": 4.0}
{"generation": 1, "position": 39, "parents": [9], "genome": "d(39) r(38,66)", "fitness": 4.0}
{"generation": 1, "position": 40, "parents": [10, 16], "genome": "d(38) a(39,162)", "fitness": 4.0}
{"generation": 1, "position": 41, "parents": [10, 16], "genome": "r(38,32) r(39,108)", "fitness": 4.0}
{"generation": 1, "position": 42, "parents": [10], "genome": "d(38) d(6)", "fitness": 0.0}
{"generation": 1, "position": 43, "parents": [16], "genome": "r(38,32) d(39)", "fitness": 4.0}
{"generation": 1, "position": 44, "parents": [1, 22], "genome": "r(38,72) d(6)", "fitness": 0.0}
{"generation": 1, "position": 45, "parents": [1, 22], "genome": "r(39,133) r(38,108)", "fitness": 4.0}
{"generation": 1, "position": 46, "parents": [1], "genome": "r(38,72) d(39)", "fitness": 4.0}
{"generation": 1, "position": 47, "parents": [22], "genome": "r(39,133) r(32,82)", "fitness": 0.0}
{"generation": 1, "position": 48, "parents": [6, 30], "genome": "d(37) d(36)", "fitness": 0.0}
{"generation": 1, "position": 49, "parents": [6, 30], "genome": "a(7,124) d(6)", "fitness": 0.0}
{"generation": 1, "position": 50, "parents": [6], "genome": "d(37) d(31)", "fitness": 4.0}
{"generation": 1, "position": 51, "parents": [30], "genome": "a(7,124) a(29,45)", "fitness": 0.0}
{"generation": 1, "position": 52, "parents": [39, 23], "genome": "r(39,72)", "fitness": 4.0}
{"generation": 1, "position": 53, "parents": [39, 23], "genome": "r(31,48) d(36)", "fitness": 0.0}
{"generation": 1, "position": 54, "parents": [39], "genome": "r(31,95)", "fitness": 4.0}
{"generation": 1, "position": 55, "parents": [23], "genome": "r(31,48) r(35,154)", "fitness": 0.0}
{"generation": 1, "position": 56, "parents": [19, 30], "genome": "r(38,37) d(39)", "fitness": 4.0}
{"generation": 1, "position": 57, "parents": [19, 30], "genome": "a(7,124) d(29)", "fitness": 4.0}
{"generation": 1, "position": 58, "parents": [19], "genome": "r(38,37) a(35,43)", "fitness": 0.0}
{"generation": 1, "position": 59, "parents": [30], "genome": "a(7,124) a(39,108)", "fitness": 4.0}
{"generation": 1, "position": 60, "parents": [9], "genome": "d(39) a(35,78)", "fitness": 0.0}
{"generation": 1, "position": 61, "parents": [10], "genome": "d(38) a(37,49)", "fitness": 4.0}
{"generation": 1, "position": 62, "parents": [31, 5], "genome": "a(29,61) d(39)", "fitness": 4.0}
{"generation": 1, "position": 63, "parents": [31, 5], "genome": "d(38) a(31,5)", "fitness": 4.0}
{"generation": 1, "position": 64, "parents": [31], "genome": "a(29,61) d(38)", "fitness": 4.0}
{"generation": 2, "position": 0, "parents": [7, 65], "genome": "r(38,32) a(39,74) a(39,56)", "fitness": 4.0}
{"generation": 2, "position": 1, "parents": [7, 65], "genome": "d(38) d(39) r(7,53)", "fitness": 12.0}
{"generation": 2, "position": 2, "parents": [7], "genome": "r(38,32) a(39,74) d(29)", "fitness": 4.0}
{"generation": 2, "position": 3, "parents": [65], "genome": "d(38) d(39) d(37)", "fitness": 4.0}
{"generation": 2, "position": 4, "parents": [52], "genome": "r(39,72) d(38)", "fitness": 4.0}
{"generation": 2, "position": 5, "parents": [22], "genome": "d(5) a(38,76) a(32,48)", "fitness": 0.0}
{"generation": 2, "position": 6, "parents": [18], "genome": "a(39,42) r(38,41) r(39,37)", "fitness": 4.0}
{"generation": 2, "position": 7, "parents": [40], "genome": "d(38) a(39,162) a(39,160)", "fitness": 4.0}
{"generation": 2, "position": 8, "parents": [27], "genome": "r(31,48) a(39,5) a(39,60)", "fitness": 0.0}
{"generation": 2, "position": 9, "parents": [1], "genome": "r(38,163) d(39) a(29,53)", "fitness": 4.0}
{"generation": 2, "position": 10, "parents": [38], "genome": "d(39) d(38) a(5,95)", "fitness": 4.0}
{"generation": 2, "position": 11, "parents": [14], "genome": "r(31,48) d(39) a(38,42)", "fitness": 0.0}
{"generation": 2, "position": 12, "parents": [30], "genome": "a(39,79) r(36,61) d(5)", "fitness": 0.0}
{"generation": 2, "position": 13, "parents": [29], "genome": "d(32) r(39,145) a(38,60)", "fitness": 0.0}
{"generation": 2, "position": 14, "parents": [27], "genome": "r(31,48) a(39,5) a(38,83)", "fitness": 0.0}
{"generation": 2, "position": 15, "parents": [40], "genome": "d(38) a(39,162) r(5,95)", "fitness": 4.0}
{"generation": 2, "position": 16, "parents": [49], "genome": "a(7,124) d(6) a(39,93)", "fitness": 0.0}
{"generation": 2, "position": 17, "parents": [44], "genome": "r(38,72) d(6) d(39)", "fitness": 0.0}
{"generation": 2, "position": 18, "parents": [22, 60], "genome": "d(5) a(39,74)", "fitness": 4.0}
{"generation": 2, "position": 19, "parents": [22, 60], "genome": "d(39) a(35,78) a(38,76) r(31,83)", "fitness": 0.0}
{"generation": 2, "position": 20, "parents": [22], "genome": "d(5) a(38,76) d(38)", "fitness": 4.0}
{"generation": 2, "position": 21, "parents": [60], "genome": "d(39) a(35,78) a(38,42)", "fitness": 0.0}
{"generation": 2, "position": 22, "parents": [52], "genome": "r(39,72) d(37)", "fitness": 4.0}
{"generation": 2, "position": 23, "parents": [2], "genome": "a(37,39) d(39) d(29)", "fitness": 0.0}
{"generation": 2, "position": 24, "parents": [13], "genome": "a(39,42) a(29,162) d(31)", "fitness": 4.0}
{"generation": 2, "position": 25, "parents": [56], "genome": "r(38,37) d(39) d(5)", "fitness": 4.0}
{"generation": 2, "position": 26, "parents": [42, 23], "genome": "d(38) a(39,43)", "fitness": 4.0}
{"generation": 2, "position": 27, "parents": [42, 23], "genome": "r(39,133) r(38,133) d(6) r(5,39)", "fitness": 0.0}
{"generation": 2, "position": 28, "parents": [42], "genome": "d(38) d(6) a(39,43)", "fitness": 0.0}
{"generation": 2, "position": 29, "parents": [23], "genome": "r(39,133) r(38,133) r(6,52)", "fitness": 0.0}
{"generation": 2, "position": 30, "parents": [61], "genome": "d(38) a(37,49) r(39,76)", "fitness": 4.0}
{"generation": 2, "position": 31, "parents": [51], "genome": "a(7,124) a(29,45) a(39,48)", "fitness": 0.0}
{"generation": 2, "position": 32, "parents": [4, 30], "genome": "a(37,39) r(38,91) a(37,83)", "fitness": 0.0}
{"generation": 2, "position": 33, "parents": [4, 30], "genome": "a(39,79) r(36,61) a(38,74)", "fitness": 0.0}
{"generation": 2, "position": 34, "parents": [4], "genome": "a(37,39) r(38,91) r(39,32)", "fitness": 0.0}
{"generation": 2, "position": 35, "parents": [30], "genome": "a(39,79) r(36,61) a(35,145)", "fitness": 0.0}
{"generation": 2, "position": 36, "parents": [64, 2], "genome": "a(29,61) d(39) d(7)", "fitness": 12.0}
{"generation": 2, "position": 37, "parents": [64, 2], "genome": "a(37,39) d(38) d(7)", "fitness": 12.0}
{"generation": 2, "position": 38, "parents": [64], "genome": "a(29,61) d(38) a(39,48)", "fitness": 12.0}
{"generation": 2, "position": 39, "parents": [2], "genome": "a(37,39) d(39) a(6,76)", "fitness": 0.0}
{"generation": 2, "position": 40, "parents": [51], "genome": "a(7,124) a(29,45) r(39,163)", "fitness": 0.0}
{"generation": 2, "position": 41, "parents": [51], "genome": "a(7,124) a(29,45) r(31,96)", "fitness": 0.0}
{"generation": 2, "position": 42, "parents": [52], "genome": "r(39,72) a(38,72)", "fitness": 4.0}
{"generation": 2, "position": 43, "parents": [6], "genome": "r(38,61) r(31,48) a(29,47)", "fitness": 0.0}
{"generation": 2, "position": 44, "parents": [44, 2], "genome": "r(38,72) d(39)", "fitness": 4.0}
{"generation": 2, "position": 45, "parents": [44, 2], "genome": "a(37,39) d(39) d(6) a(31,39)", "fitness": 0.0}
{"generation": 2, "position": 46, "parents": [44], "genome": "r(38,72) d(6) d(39)", "fitness": 0.0}
{"generation": 2, "position": 47, "parents": [2], "genome": "a(37,39) d(39) r(36,45)", "fitness": 0.0}
{"generation": 2, "position": 48, "parents": [18], "genome": "a(39,42) r(38,41) r(39,38)", "fitness": 4.0}
{"generation": 2, "position": 49, "parents": [50], "genome": "d(37) d(31) a(7,83)", "fitness": 4.0}
{"generation": 2, "position": 50, "parents": [46, 57], "genome": "r(38,72) d(39) r(37,31)", "fitness": 4.0}
{"generation": 2, "position": 51, "parents": [46, 57], "genome": "a(7,124) d(29) r(38,76)", "fitness": 4.0}
{"generation": 2, "position": 52, "parents": [46], "genome": "r(38,72) d(39) a(7,57)", "fitness": 4.0}
{"generation": 3, "position": 0, "parents": [21, 21], "genome": "d(39) a(35,78) a(38,42) a(38,42) r(29,96)", "fitness": 0.0}
{"generation": 3, "position": 1, "parents": [21, 21], "genome": "d(39) a(35,78) a(7,49)", "fitness": 0.0}
{"generation": 3, "position": 2, "parents": [21], "genome": "d(39) a(35,78) a(38,42) a(38,65)", "fitness": 0.0}
{"generation": 3, "position": 3, "parents": [21], "genome": "d(39) a(35,78) a(38,42) a(38,35)", "fitness": 0.0}
{"generation": 3, "position": 4, "parents": [35], "genome": "a(39,79) r(36,61) a(35,145) d(35)", "fitness": 0.0}
{"generation": 3, "position": 5, "parents": [33], "genome": "a(39,79) r(36,61) a(38,74) d(39)", "fitness": 0.0}
{"generation": 3, "position": 6, "parents": [14, 9], "genome": "r(31,48) a(39,5) a(29,53) a(39,145)", "fitness": 0.0}
{"generation": 3, "position": 7, "parents": [14, 9], "genome": "r(38,163) d(39) a(38,83) d(32)", "fitness": 12.0}
{"generation": 3, "position": 8, "parents": [14], "genome": "r(31,48) a(39,5) a(38,83) a(39,32)", "fitness": 0.0}
{"generation": 3, "position": 9, "parents": [9], "genome": "r(38,163) d(39) a(29,53) a(29,79)", "fitness": 0.0}
{"generation": 3, "position": 10, "parents": [19, 53], "genome": "d(39) d(29) d(39) a(38,162)", "fitness": 4.0}
{"generation": 3, "position": 11, "parents": [19, 53], "genome": "a(7,124) a(35,78) a(38,76) r(31,83) a(39,83)", "fitness": 0.0}
{"generation": 3, "position": 12, "parents": [19], "genome": "d(39) a(35,78) a(38,76) r(31,83) a(35,5)", "fitness": 0.0}
{"generation": 3, "position": 13, "parents": [53], "genome": "a(7,124) d(29) d(39) r(38,83)", "fitness": 4.0}
{"generation": 3, "position": 14, "parents": [41], "genome": "a(7,124) a(29,45) r(31,96) d(38)", "fitness": 0.0}
{"generation": 3, "position": 15, "parents": [28], "genome": "d(38) d(6) a(39,43) d(39)", "fitness": 0.0}
{"generation": 3, "position": 16, "parents": [12, 12], "genome": "a(39,79) a(39,41)", "fitness": 4.0}
{"generation": 3, "position": 17, "parents": [12, 12], "genome": "a(39,79) r(36,61) d(5) r(36,61) d(5) a(39,125)", "fitness": 0.0}
{"generation": 3, "position": 18, "parents": [12], "genome": "a(39,79) r(36,61) d(5) a(39,61)", "fitness": 0.0}
{"generation": 3, "position": 19, "parents": [12], "genome": "a(39,79) r(36,61) d(5) d(38)", "fitness": 0.0}
{"generation": 3, "position": 20, "parents": [16, 11], "genome": "a(7,124) a(38,42) d(39)", "fitness": 4.0}
{"generation": 3, "position": 21, "parents": [16, 11], "genome": "r(31,48) d(39) d(6) a(39,93) d(38)", "fitness": 0.0}
{"generation": 3, "position": 22, "parents": [16], "genome": "a(7,124) d(6) a(39,93) a(38,38)", "fitness": 0.0}
{"generation": 3, "position": 23, "parents": [11], "genome": "r(31,48) d(39) a(38,42) r(36,37)", "fitness": 0.0}
{"generation": 3, "position": 24, "parents": [45], "genome": "a(37,39) d(39) d(6) a(31,39) a(38,44)", "fitness": 0.0}
{"generation": 3, "position": 25, "parents": [31], "genome": "a(7,124) a(29,45) a(39,48) r(39,41)", "fitness": 0.0}
{"generation": 3, "position": 26, "parents": [19, 46], "genome": "d(39) d(6) d(39) a(38,50)", "fitness": 0.0}
{"generation": 3, "position": 27, "parents": [19, 46], "genome": "r(38,72) a(35,78) a(38,76) r(31,83) d(29)", "fitness": 0.0}
{"generation": 3, "position": 28, "parents": [19], "genome": "d(39) a(35,78) a(38,76) r(31,83) r(36,79)", "fitness": 0.0}
{"generation": 3, "position": 29, "parents": [46], "genome": "r(38,72) d(6) d(39) r(31,125)", "fitness": 0.0}
{"generation": 3, "position": 30, "parents": [43], "genome": "r(38,61) r(31,48) a(29,47) a(35,162)", "fitness": 0.0}
{"generation": 3, "position": 31, "parents": [34], "genome": "a(37,39) r(38,91) r(39,32) d(35)", "fitness": 0.0}
{"generation": 3, "position": 32, "parents": [14], "genome": "r(31,48) a(39,5) a(38,83) r(38,125)", "fitness": 0.0}
{"generation": 3, "position": 33, "parents": [29], "genome": "r(39,133) r(38,133) r(6,52) a(31,36)", "fitness": 0.0}
{"generation": 3, "position": 34, "parents": [17, 0], "genome": "r(38,72) d(6) a(39,74) a(39,56) d(5)", "fitness": 4.0}
{"generation": 3, "position": 35, "parents": [17, 0], "genome": "r(38,32) d(39) a(32,154)", "fitness": 4.0}
{"generation": 3, "position": 36, "parents": [17], "genome": "r(38,72) d(6) d(39) a(36,73)", "fitness": 0.0}
{"generation": 3, "position": 37, "parents": [0], "genome": "r(38,32) a(39,74) a(39,56) d(39)", "fitness": 4.0}
{"generation": 3, "position": 38, "parents": [45, 11], "genome": "a(37,39) d(39) d(6) a(38,42) r(32,48)", "fitness": 0.0}
{"generation": 3, "position": 39, "parents": [45, 11], "genome": "r(31,48) d(39) a(31,39) d(38)", "fitness": 0.0}
{"generation": 3, "position": 40, "parents": [45], "genome": "a(37,39) d(39) d(6) a(31,39) a(38,82)", "fitness": 0.0}
{"generation": 3, "position": 41, "parents": [11], "genome": "r(31,48) d(39) a(38,42) a(38,40)", "fitness": 0.0}
{"generation": 3, "position": 42, "parents": [19, 13], "genome": "d(39) a(35,78) a(38,76) r(39,145) a(38,60) a(6,52)", "fitness": 0.0}
{"generation": 3, "position": 43, "parents": [19, 13], "genome": "d(32) r(31,83) a(39,46)", "fitness": 0.0}
{"generation": 3, "position": 44, "parents": [19], "genome": "d(39) a(35,78) a(38,76) r(31,83) a(6,75)", "fitness": 0.0}
{"generation": 3, "position": 45, "parents": [13], "genome": "d(32) r(39,145) a(38,60) d(38)", "fitness": 0.0}
{"generation": 3, "position": 46, "parents": [11, 14], "genome": "r(31,48) d(37)", "fitness": 0.0}
{"generation": 3, "position": 47, "parents": [11, 14], "genome": "r(31,48) a(39,5) a(38,83) d(39) a(38,42) d(36)", "fitness": 0.0}
{"generation": 3, "position": 48, "parents": [11], "genome": "r(31,48) d(39) a(38,42) r(29,32)", "fitness": 4.0}
{"generation": 3, "position": 49, "parents": [14], "genome": "r(31,48) a(39,5) a(38,83) d(38)", "fitness": 0.0}
{"generation": 3, "position": 50, "parents": [27], "genome": "r(39,133) r(38,133) d(6) r(5,39) r(29,39)", "fitness": 0.0}
{"generation": 3, "position": 51, "parents": [16], "genome": "a(7,124) d(6) a(39,93) a(36,83)", "fitness": 0.0}
{"generation": 3, "position": 52, "parents": [46, 11], "genome": "r(38,72) d(6) d(39) a(38,42) d(31)", "fitness": 0.0}
{"generation": 3, "position": 53, "parents": [46, 11], "genome": "r(31,48) d(39) r(38,46)", "fitness": 0.0}
{"generation": 3, "position": 54, "parents": [46], "genome": "r(38,72) d(6) d(39) a(37,43)", "fitness": 0.0}
{"generation": 3, "position": 55, "parents": [11], "genome": "r(31,48) d(39) a(38,42) d(38)", "fitness": 0.0}
{"generation": 3, "position": 56, "parents": [32, 32], "genome": "a(37,39) r(38,91) a(37,83) d(29)", "fitness": 0.0}
{"generation": 3, "position": 57, "parents": [32, 32], "genome": "a(37,39) r(38,91) a(37,83) r(32,46)", "fitness": 0.0}
{"generation": 3, "position": 58, "parents": [32], "genome": "a(37,39) r(38,91) a(37,83) a(39,96)", "fitness": 0.0}
{"generation": 3, "position": 59, "parents": [32], "genome": "a(37,39) r(38,91) a(37,83) a(5,73)", "fitness": 0.0}
{"generation": 3, "position": 60, "parents": [27], "genome": "r(39,133) r(38,133) d(6) r(5,39) a(32,53)", "fitness": 0.0}
{"generation": 3, "position": 61, "parents": [27], "genome": "r(39,133) r(38,133) d(6) r(5,39) a(32,133)", "fitness": 0.0}
{"generation": 3, "position": 62, "parents": [35, 53], "genome": "a(39,79) d(39)", "fitness": 4.0}
{"generation": 3, "position": 63, "parents": [35, 53], "genome": "a(7,124) d(29) d(39) r(36,61) a(35,145) d(38)", "fitness": 0.0}
{"generation": 3, "position": 64, "parents": [35], "genome": "a(39,79) r(36,61) a(35,145) d(7)", "fitness": 12.0}
{"generation": 4, "position": 0, "parents": [25, 38], "genome": "a(7,124) a(29,45) a(39,48) d(6) a(38,42) r(32,48) d(38)", "fitness": 0.0}
{"generation": 4, "position": 1, "parents": [25, 38], "genome": "a(37,39) d(39) r(39,41) d(38)", "fitness": 0.0}
{"generation": 4, "position": 2, "parents": [25], "genome": "a(7,124) a(29,45) a(39,48) r(39,41) r(38,42)", "fitness": 0.0}
{"generation": 4, "position": 3, "parents": [38], "genome": "a(37,39) d(39) d(6) a(38,42) r(32,48) r(29,124)", "fitness": 0.0}
{"generation": 4, "position": 4, "parents": [19, 53], "genome": "a(39,79) d(39)", "fitness": 4.0}
{"generation": 4, "position": 5, "parents": [19, 53], "genome": "r(31,48) d(39) r(38,46) r(36,61) d(5) d(38) r(35,162)", "fitness": 0.0}
{"generation": 4, "position": 6, "parents": [19], "genome": "a(39,79) r(36,61) d(5) d(38) r(31,47)", "fitness": 0.0}
{"generation": 4, "position": 7, "parents": [53], "genome": "r(31,48) d(39) r(38,46) d(37)", "fitness": 0.0}
{"generation": 4, "position": 8, "parents": [22, 15], "genome": "a(7,124) d(39) r(5,65)", "fitness": 4.0}
{"generation": 4, "position": 9, "parents": [22, 15], "genome": "d(38) d(6) a(39,43) d(6) a(39,93) a(38,38) a(32,32)", "fitness": 0.0}
{"generation": 4, "position": 10, "parents": [22], "genome": "a(7,124) d(6) a(39,93) a(38,38) d(37)", "fitness": 0.0}
{"generation": 4, "position": 11, "parents": [15], "genome": "d(38) d(6) a(39,43) d(39) d(37)", "fitness": 0.0}
{"generation": 4, "position": 12, "parents": [43, 36], "genome": "d(32) r(31,83) a(39,46) a(36,73) d(39)", "fitness": 0.0}
{"generation": 4, "position": 13, "parents": [43, 36], "genome": "r(38,72) d(6) d(39) r(32,56)", "fitness": 0.0}
{"generation": 4, "position": 14, "parents": [43], "genome": "d(32) r(31,83) a(39,46) r(38,160)", "fitness": 0.0}
{"generation": 4, "position": 15, "parents": [36], "genome": "r(38,72) d(6) d(39) a(36,73) r(37,38)", "fitness": 0.0}
{"generation": 4, "position": 16, "parents": [55, 50], "genome": "r(31,48) d(39) a(38,42) d(38) d(6) r(5,39) r(29,39) d(35)", "fitness": 0.0}
{"generation": 4, "position": 17, "parents": [55, 50], "genome": "r(39,133) r(38,133) d(5)", "fitness": 4.0}
{"generation": 4, "position": 18, "parents": [55], "genome": "r(31,48) d(39) a(38,42) d(38) d(7)", "fitness": 12.0}
{"generation": 4, "position": 19, "parents": [50], "genome": "r(39,133) r(38,133) d(6) r(5,39) r(29,39) r(32,128)", "fitness": 0.0}
{"generation": 4, "position": 20, "parents": [11], "genome": "a(7,124) a(35,78) a(38,76) r(31,83) a(39,83) d(38)", "fitness": 0.0}
{"generation": 4, "position": 21, "parents": [26], "genome": "d(39) d(6) d(39) a(38,50) r(36,162)", "fitness": 0.0}
{"generation": 4, "position": 22, "parents": [33, 6], "genome": "r(39,133) r(38,133) r(6,52) a(31,36) a(39,5) a(29,53) a(39,145) a(5,61)", "fitness": 0.0}
{"generation": 4, "position": 23, "parents": [33, 6], "genome": "r(31,48) r(38,79)", "fitness": 0.0}
{"generation": 4, "position": 24, "parents": [33], "genome": "r(39,133) r(38,133) r(6,52) a(31,36) d(32)", "fitness": 0.0}
{"generation": 4, "position": 25, "parents": [6], "genome": "r(31,48) a(39,5) a(29,53) a(39,145) r(6,47)", "fitness": 0.0}
{"generation": 4, "position": 26, "parents": [38, 59], "genome": "a(37,39) d(39) a(5,73) d(38)", "fitness": 0.0}
{"generation": 4, "position": 27, "parents": [38, 59], "genome": "a(37,39) r(38,91) a(37,83) d(6) a(38,42) r(32,48) d(39)", "fitness": 0.0}
{"generation": 4, "position": 28, "parents": [38], "genome": "a(37,39) d(39) d(6) a(38,42) r(32,48) a(36,35)", "fitness": 0.0}
{"generation": 4, "position": 29, "parents": [59], "genome": "a(37,39) r(38,91) a(37,83) a(5,73) d(39)", "fitness": 0.0}
{"generation": 4, "position": 30, "parents": [17, 21], "genome": "a(39,79) r(36,61) d(5) r(36,61) d(5) a(39,125) a(38,29)", "fitness": 0.0}
{"generation": 4, "position": 31, "parents": [17, 21], "genome": "r(31,48) d(39) d(6) a(39,93) d(38) r(5,128)", "fitness": 0.0}
{"generation": 4, "position": 32, "parents": [17], "genome": "a(39,79) r(36,61) d(5) r(36,61) d(5) a(39,125) a(39,163)", "fitness": 0.0}
{"generation": 4, "position": 33, "parents": [21], "genome": "r(31,48) d(39) d(6) a(39,93) d(38) r(37,60)", "fitness": 0.0}
{"generation": 4, "position": 34, "parents": [48, 38], "genome": "r(31,48) d(39) d(39) d(6) a(38,42) r(32,48) r(38,76)", "fitness": 0.0}
{"generation": 4, "position": 35, "parents": [48, 38], "genome": "a(37,39) a(38,42) r(29,32) a(38,91)", "fitness": 0.0}
{"generation": 4, "position": 36, "parents": [48], "genome": "r(31,48) d(39) a(38,42) r(29,32) d(7)", "fitness": 0.0}
{"generation": 4, "position": 37, "parents": [38], "genome": "a(37,39) d(39) d(6) a(38,42) r(32,48) a(37,39)", "fitness": 0.0}
{"generation": 4, "position": 38, "parents": [56], "genome": "a(37,39) r(38,91) a(37,83) d(29) r(39,104)", "fitness": 0.0}
{"generation": 4, "position": 39, "parents": [32], "genome": "r(31,48) a(39,5) a(38,83) r(38,125) d(35)", "fitness": 0.0}
{"generation": 4, "position": 40, "parents": [44], "genome": "d(39) a(35,78) a(38,76) r(31,83) a(6,75) r(6,108)", "fitness": 0.0}
{"generation": 4, "position": 41, "parents": [21], "genome": "r(31,48) d(39) d(6) a(39,93) d(38) d(35)", "fitness": 0.0}
{"generation": 4, "position": 42, "parents": [45, 30], "genome": "d(32) r(39,145) a(38,60) d(38) r(31,48) a(29,47) a(35,162) r(37,124)", "fitness": 0.0}
{"generation": 4, "position": 43, "parents": [45, 30], "genome": "r(38,61) a(29,42)", "fitness": 4.0}
{"generation": 4, "position": 44, "parents": [45], "genome": "d(32) r(39,145) a(38,60) d(38) r(29,78)", "fitness": 0.0}
{"generation": 4, "position": 45, "parents": [30], "genome": "r(38,61) r(31,48) a(29,47) a(35,162) r(39,74)", "fitness": 0.0}
{"generation": 4, "position": 46, "parents": [52], "genome": "r(38,72) d(6) d(39) a(38,42) d(31) a(37,44)", "fitness": 0.0}
{"generation": 4, "position": 47, "parents": [14], "genome": "a(7,124) a(29,45) r(31,96) d(38) r(35,31)", "fitness": 0.0}
{"generation": 4, "position": 48, "parents": [42, 49], "genome": "d(39) a(35,78) a(38,76) r(39,145) a(38,60) a(39,5) a(38,83) d(38) a(6,29)", "fitness": 0.0}
{"generation": 4, "position": 49, "parents": [42, 49], "genome": "r(31,48) a(6,52) d(38)", "fitness": 0.0}
{"generation": 4, "position": 50, "parents": [42], "genome": "d(39) a(35,78) a(38,76) r(39,145) a(38,60) a(6,52) d(38)", "fitness": 0.0}
{"generation": 4, "position": 51, "parents": [49], "genome": "r(31,48) a(39,5) a(38,83) d(38) r(5,65)", "fitness": 0.0}
{"generation": 4, "position": 52, "parents": [44, 22], "genome": "d(39) a(35,78) a(38,76) r(31,83) a(6,75) d(6) a(39,93) a(38,38) d(38)", "fitness": 0.0}
{"generation": 4, "position": 53, "parents": [44, 22], "genome": "a(7,124) r(39,145)", "fitness": 4.0}
{"generation": 4, "position": 54, "parents": [44], "genome": "d(39) a(35,78) a(38,76) r(31,83) a(6,75) d(35)", "fitness": 0.0}
{"generation": 4, "position": 55, "parents": [22], "genome": "a(7,124) d(6) a(39,93) a(38,38) d(38)", "fitness": 0.0}
{"generation": 4, "position": 56, "parents": [25, 51], "genome": "a(7,124) a(29,45) a(36,83) d(5)", "fitness": 0.0}
{"generation": 4, "position": 57, "parents": [25, 51], "genome": "a(7,124) d(6) a(39,93) a(39,48) r(39,41) a(38,61)", "fitness": 0.0}
{"generation": 4, "position": 58, "parents": [25], "genome": "a(7,124) a(29,45) a(39,48) r(39,41) d(38)", "fitness": 0.0}
{"generation": 4, "position": 59, "parents": [51], "genome": "a(7,124) d(6) a(39,93) a(36,83) r(29,49)", "fitness": 0.0}
{"generation": 4, "position": 60, "parents": [5], "genome": "a(39,79) r(36,61) a(38,74) d(39) r(38,41)", "fitness": 0.0}
{"generation": 4, "position": 61, "parents": [1], "genome": "d(39) a(35,78) a(7,49) r(36,76)", "fitness": 0.0}
{"generation": 4, "position": 62, "parents": [38, 5], "genome": "a(37,39) a(38,74) d(39) d(38)", "fitness": 0.0}
{"generation": 4, "position": 63, "parents": [38, 5], "genome": "a(39,79) r(36,61) d(39) d(6) a(38,42) r(32,48) a(5,90)", "fitness": 0.0}
{"generation": 4, "position": 64, "parents": [38], "genome": "a(37,39) d(39) d(6) a(38,42) r(32,48) d(37)", "fitness": 0.0}
{"generation": 4, "position": 65, "parents": [5], "genome": "a(39,79) r(36,61) a(38,74) d(39) a(37,91)", "fitness": 0.0}
{"generation": 4, "position": 66, "parents": [3], "genome": "d(39) a(35,78) a(38,42) a(38,35) r(31,49)", "fitness": 0.0}
{"generation": 5, "position": 0, "parents": [62, 31], "genome": "a(37,39) a(38,74) d(39) d(39) d(6) a(39,93) d(38) r(5,128) a(29,160)", "fitness": 0.0}
{"generation": 5, "position": 1, "parents": [62, 31], "genome": "r(31,48) d(38) d(6)", "fitness": 0.0}
{"generation": 5, "position": 2, "parents": [62], "genome": "a(37,39) a(38,74) d(39) d(38) r(31,46)", "fitness": 0.0}
{"generation": 5, "position": 3, "parents": [31], "genome": "r(31,48) d(39) d(6) a(39,93) d(38) r(5,128) r(36,124)", "fitness": 0.0}
{"generation": 5, "position": 4, "parents": [64, 46], "genome": "a(37,39) d(39) d(6) a(38,42) a(37,44) d(38)", "fitness": 0.0}
{"generation": 5, "position": 5, "parents": [64, 46], "genome": "r(38,72) d(6) d(39) a(38,42) d(31) r(32,48) d(37) a(5,76)", "fitness": 0.0}
{"generation": 5, "position": 6, "parents": [64], "genome": "a(37,39) d(39) d(6) a(38,42) r(32,48) d(37) a(29,61)", "fitness": 0.0}
{"generation": 5, "position": 7, "parents": [46], "genome": "r(38,72) d(6) d(39) a(38,42) d(31) a(37,44) r(35,73)", "fitness": 0.0}
{"generation": 5, "position": 8, "parents": [1], "genome": "a(37,39) d(39) r(39,41) d(38) a(32,38)", "fitness": 0.0}
{"generation": 5, "position": 9, "parents": [1], "genome": "a(37,39) d(39) r(39,41) d(38) r(35,83)", "fitness": 0.0}
{"generation": 5, "position": 10, "parents": [37], "genome": "a(37,39) d(39) d(6) a(38,42) r(32,48) a(37,39) a(36,31)", "fitness": 0.0}
{"generation": 5, "position": 11, "parents": [13], "genome": "r(38,72) d(6) d(39) r(32,56) d(31)", "fitness": 0.0}
{"generation": 5, "position": 12, "parents": [59], "genome": "a(7,124) d(6) a(39,93) a(36,83) r(29,49) r(38,163)", "fitness": 0.0}
{"generation": 5, "position": 13, "parents": [44], "genome": "d(32) r(39,145) a(38,60) d(38) r(29,78) r(5,37)", "fitness": 0.0}
{"generation": 5, "position": 14, "parents": [66], "genome": "d(39) a(35,78) a(38,42) a(38,35) r(31,49) a(38,42)", "fitness": 0.0}
{"generation": 5, "position": 15, "parents": [1], "genome": "a(37,39) d(39) r(39,41) d(38) a(29,60)", "fitness": 0.0}
{"generation": 5, "position": 16, "parents": [40], "genome": "d(39) a(35,78) a(38,76) r(31,83) a(6,75) r(6,108) d(38)", "fitness": 0.0}
{"generation": 5, "position": 17, "parents": [38], "genome": "a(37,39) r(38,91) a(37,83) d(29) r(39,104) d(32)", "fitness": 0.0}
{"generation": 5, "position": 18, "parents": [30], "genome": "a(39,79) r(36,61) d(5) r(36,61) d(5) a(39,125) a(38,29) a(38,162)", "fitness": 0.0}
{"generation": 5, "position": 19, "parents": [16], "genome": "r(31,48) d(39) a(38,42) d(38) d(6) r(5,39) r(29,39) d(35) d(37)", "fitness": 0.0}
{"generation": 5, "position": 20, "parents": [23], "genome": "r(31,48) r(38,79) d(39)", "fitness": 0.0}
{"generation": 5, "position": 21, "parents": [37], "genome": "a(37,39) d(39) d(6) a(38,42) r(32,48) a(37,39) d(38)", "fitness": 0.0}
{"generation": 5, "position": 22, "parents": [36], "genome": "r(31,48) d(39) a(38,42) r(29,32) d(7) a(38,154)", "fitness": 0.0}
{"generation": 5, "position": 23, "parents": [24], "genome": "r(39,133) r(38,133) r(6,52) a(31,36) d(32) a(29,93)", "fitness": 0.0}
{"generation": 5, "position": 24, "parents": [64, 16], "genome": "a(37,39) d(39) d(6) a(38,42) r(32,48) d(37) d(29)", "fitness": 0.0}
{"generation": 5, "position": 25, "parents": [64, 16], "genome": "r(31,48) d(39) a(38,42) d(38) d(6) r(5,39) r(29,39) d(35) d(32)", "fitness": 0.0}
{"generation": 5, "position": 26, "parents": [64], "genome": "a(37,39) d(39) d(6) a(38,42) r(32,48) d(37) d(36)", "fitness": 0.0}
{"generation": 5, "position": 27, "parents": [16], "genome": "r(31,48) d(39) a(38,42) d(38) d(6) r(5,39) r(29,39) d(35) d(32)", "fitness": 0.0}
{"generation": 5, "position": 28, "parents": [15], "genome": "r(38,72) d(6) d(39) a(36,73) r(37,38) d(5)", "fitness": 4.0}
{"generation": 5, "position": 29, "parents": [34], "genome": "r(31,48) d(39) d(39) d(6) a(38,42) r(32,48) r(38,76) r(37,145)", "fitness": 0.0}
{"generation": 5, "position": 30, "parents": [24, 21], "genome": "r(39,133) r(38,133) r(6,52) d(39) a(38,50) r(36,162) r(35,49)", "fitness": 0.0}
{"generation": 5, "position": 31, "parents": [24, 21], "genome": "d(39) d(6) a(31,36) d(32) r(29,128)", "fitness": 0.0}
{"generation": 5, "position": 32, "parents": [24], "genome": "r(39,133) r(38,133) r(6,52) a(31,36) d(32) a(37,46)", "fitness": 0.0}
{"generation": 5, "position": 33, "parents": [21], "genome": "d(39) d(6) d(39) a(38,50) r(36,162) a(38,162)", "fitness": 0.0}
{"generation": 5, "position": 34, "parents": [46, 40], "genome": "r(38,72) d(6) r(6,108) r(5,32)", "fitness": 4.0}
{"generation": 5, "position": 35, "parents": [46, 40], "genome": "d(39) a(35,78) a(38,76) r(31,83) a(6,75) d(39) a(38,42) d(31) a(37,44) r(38,73)", "fitness": 0.0}
{"generation": 5, "position": 36, "parents": [46], "genome": "r(38,72) d(6) d(39) a(38,42) d(31) a(37,44) a(37,74)", "fitness": 0.0}
{"generation": 5, "position": 37, "parents": [40], "genome": "d(39) a(35,78) a(38,76) r(31,83) a(6,75) r(6,108) r(38,44)", "fitness": 0.0}
{"generation": 5, "position": 38, "parents": [31], "genome": "r(31,48) d(39) d(6) a(39,93) d(38) r(5,128) a(29,74)", "fitness": 0.0}
{"generation": 5, "position": 39, "parents": [48], "genome": "d(39) a(35,78) a(38,76) r(39,145) a(38,60) a(39,5) a(38,83) d(38) a(6,29) a(36,43)", "fitness": 0.0}
{"generation": 5, "position": 40, "parents": [24], "genome": "r(39,133) r(38,133) r(6,52) a(31,36) d(32) r(37,47)", "fitness": 0.0}
{"generation": 5, "position": 41, "parents": [23], "genome": "r(31,48) r(38,79) r(39,48)", "fitness": 0.0}
{"generation": 5, "position": 42, "parents": [14, 6], "genome": "d(32) r(31,83) r(36,61) d(5) d(38) r(31,47) d(39)", "fitness": 0.0}
{"generation": 5, "position": 43, "parents": [14, 6], "genome": "a(39,79) a(39,46) r(38,160) r(7,36)", "fitness": 12.0}
{"generation": 5, "position": 44, "parents": [14], "genome": "d(32) r(31,83) a(39,46) r(38,160) r(39,32)", "fitness": 0.0}
{"generation": 5, "position": 45, "parents": [6], "genome": "a(39,79) r(36,61) d(5) d(38) r(31,47) a(39,108)", "fitness": 0.0}
{"generation": 5, "position": 46, "parents": [56], "genome": "a(7,124) a(29,45) a(36,83) d(5) d(35)", "fitness": 0.0}
{"generation": 5, "position": 47, "parents": [11], "genome": "d(38) d(6) a(39,43) d(39) d(37) a(32,56)", "fitness": 0.0}
{"generation": 5, "position": 48, "parents": [37], "genome": "a(37,39) d(39) d(6) a(38,42) r(32,48) a(37,39) r(38,93)", "fitness": 0.0}
{"generation": 5, "position": 49, "parents": [67], "genome": "a(37,39) r(38,91) a(37,83) r(32,46) r(39,160) r(36,124)", "fitness": 12.0}
{"generation": 5, "position": 50, "parents": [54], "genome": "d(39) a(35,78) a(38,76) r(31,83) a(6,75) d(35) d(6)", "fitness": 0.0}
{"generation": 6, "position": 0, "parents": [11, 27], "genome": "r(38,72) d(6) d(39) d(32) d(5)", "fitness": 0.0}
{"generation": 6, "position": 1, "parents": [11, 27], "genome": "r(31,48) d(39) a(38,42) d(38) d(6) r(5,39) r(29,39) d(35) r(32,56) d(31) d(36)", "fitness": 0.0}
{"generation": 6, "position": 2, "parents": [11], "genome": "r(38,72) d(6) d(39) r(32,56) d(31) a(29,154)", "fitness": 0.0}
{"generation": 6, "position": 3, "parents": [27], "genome": "r(31,48) d(39) a(38,42) d(38) d(6) r(5,39) r(29,39) d(35) d(32) d(36)", "fitness": 0.0}
{"generation": 6, "position": 4, "parents": [20], "genome": "r(31,48) r(38,79) d(39) r(6,82)", "fitness": 0.0}
{"generation": 6, "position": 5, "parents": [42], "genome": "d(32) r(31,83) r(36,61) d(5) d(38) r(31,47) d(39) r(37,36)", "fitness": 0.0}
{"generation": 6, "position": 6, "parents": [21], "genome": "a(37,39) d(39) d(6) a(38,42) r(32,48) a(37,39) d(38) d(5)", "fitness": 0.0}
{"generation": 6, "position": 7, "parents": [35], "genome": "d(39) a(35,78) a(38,76) r(31,83) a(6,75) d(39) a(38,42) d(31) a(37,44) r(38,73) d(35)", "fitness": 0.0}
{"generation": 6, "position": 8, "parents": [47], "genome": "d(38) d(6) a(39,43) d(39) d(37) a(32,56) a(36,74)", "fitness": 0.0}
{"generation": 6, "position": 9, "parents": [12], "genome": "a(7,124) d(6) a(39,93) a(36,83) r(29,49) r(38,163) d(39)", "fitness": 0.0}
{"generation": 6, "position": 10, "parents": [5, 18], "genome": "r(38,72) d(5)", "fitness": 4.0}
{"generation": 6, "position": 11, "parents": [5, 18], "genome": "a(39,79) r(36,61) d(5) r(36,61) d(5) a(39,125) a(38,29) a(38,162) d(6) d(39) a(38,42) d(31) r(32,48) d(37) a(5,76) r(29,35)", "fitness": 0.0}
{"generation": 6, "position": 12, "parents": [5], "genome": "r(38,72) d(6) d(39) a(38,42) d(31) r(32,48) d(37) a(5,76) r(36,56)", "fitness": 0.0}
{"generation": 6, "position": 13, "parents": [18], "genome": "a(39,79) r(36,61) d(5) r(36,61) d(5) a(39,125) a(38,29) a(38,162) a(38,40)", "fitness": 0.0}
{"generation": 6, "position": 14, "parents": [51], "genome": "r(31,48) d(39) d(6) a(39,93) d(38) r(5,128) a(35,40) d(35)", "fitness": 0.0}
{"generation": 6, "position": 15, "parents": [5], "genome": "r(38,72) d(6) d(39) a(38,42) d(31) r(32,48) d(37) a(5,76) a(29,45)", "fitness": 0.0}
{"generation": 6, "position": 16, "parents": [0], "genome": "a(37,39) a(38,74) d(39) d(39) d(6) a(39,93) d(38) r(5,128) a(29,160) d(36)", "fitness": 0.0}
{"generation": 6, "position": 17, "parents": [22], "genome": "r(31,48) d(39) a(38,42) r(29,32) d(7) a(38,154) d(32)", "fitness": 0.0}
{"generation": 6, "position": 18, "parents": [10], "genome": "a(37,39) d(39) d(6) a(38,42) r(32,48) a(37,39) a(36,31) r(38,104)", "fitness": 0.0}
{"generation": 6, "position": 19, "parents": [31], "genome": "d(39) d(6) a(31,36) d(32) r(29,128) a(5,37)", "fitness": 0.0}
{"generation": 6, "position": 20, "parents": [6, 12], "genome": "a(37,39) r(38,163) a(36,42)", "fitness": 0.0}
{"generation": 6, "position": 21, "parents": [6, 12], "genome": "a(7,124) d(6) a(39,93) a(36,83) r(29,49) d(39) d(6) a(38,42) r(32,48) d(37) a(29,61) r(5,48)", "fitness": 0.0}
{"generation": 6, "position": 22, "parents": [6], "genome": "a(37,39) d(39) d(6) a(38,42) r(32,48) d(37) a(29,61) r(5,154)", "fitness": 0.0}
{"generation": 6, "position": 23, "parents": [12], "genome": "a(7,124) d(6) a(39,93) a(36,83) r(29,49) r(38,163) d(35)", "fitness": 0.0}
{"generation": 6, "position": 24, "parents": [28, 29], "genome": "r(38,72) d(6) d(39) a(36,73) r(37,38) d(5) r(37,145) a(36,56)", "fitness": 4.0}
{"generation": 6, "position": 25, "parents": [28, 29], "genome": "r(31,48) d(39) d(39) d(6) a(38,42) r(32,48) r(38,76) r(5,45)", "fitness": 0.0}
{"generation": 6, "position": 26, "parents": [28], "genome": "r(38,72) d(6) d(39) a(36,73) r(37,38) d(5) a(36,95)", "fitness": 4.0}
{"generation": 6, "position": 27, "parents": [29], "genome": "r(31,48) d(39) d(39) d(6) a(38,42) r(32,48) r(38,76) r(37,145) a(36,60)", "fitness": 0.0}
{"generation": 6, "position": 28, "parents": [30, 18], "genome": "r(39,133) r(38,133) r(6,52) d(39) a(38,50) r(36,162) a(38,162) r(32,5)", "fitness": 0.0}
{"generation": 6, "position": 29, "parents": [30, 18], "genome": "a(39,79) r(36,61) d(5) r(36,61) d(5) a(39,125) a(38,29) r(35,49) d(38)", "fitness": 0.0}
{"generation": 6, "position": 30, "parents": [30], "genome": "r(39,133) r(38,133) r(6,52) d(39) a(38,50) r(36,162) r(35,49) r(5,79)", "fitness": 0.0}
{"generation": 6, "position": 31, "parents": [18], "genome": "a(39,79) r(36,61) d(5) r(36,61) d(5) a(39,125) a(38,29) a(38,162) r(38,83)", "fitness": 0.0}
{"generation": 6, "position": 32, "parents": [47, 22], "genome": "d(38) d(6) a(39,43) d(7) a(38,154) a(35,101)", "fitness": 0.0}
{"generation": 6, "position": 33, "parents": [47, 22], "genome": "r(31,48) d(39) a(38,42) r(29,32) d(39) d(37) a(32,56) r(35,145)", "fitness": 0.0}
{"generation": 6, "position": 34, "parents": [47], "genome": "d(38) d(6) a(39,43) d(39) d(37) a(32,56) d(31)", "fitness": 0.0}
{"generation": 6, "position": 35, "parents": [22], "genome": "r(31,48) d(39) a(38,42) r(29,32) d(7) a(38,154) d(38)", "fitness": 0.0}
{"generation": 6, "position": 36, "parents": [7, 15], "genome": "r(38,72) d(38) a(29,60) d(7)", "fitness": 12.0}
{"generation": 6, "position": 37, "parents": [7, 15], "genome": "a(37,39) d(39) r(39,41) d(6) d(39) a(38,42) d(31) a(37,44) r(35,73) a(5,44)", "fitness": 0.0}
{"generation": 6, "position": 38, "parents": [7], "genome": "r(38,72) d(6) d(39) a(38,42) d(31) a(37,44) r(35,73) r(32,65)", "fitness": 0.0}
{"generation": 6, "position": 39, "parents": [15], "genome": "a(37,39) d(39) r(39,41) d(38) a(29,60) a(7,124)", "fitness": 0.0}
{"generation": 6, "position": 40, "parents": [20], "genome": "r(31,48) r(38,79) d(39) r(37,133)", "fitness": 0.0}
{"generation": 6, "position": 41, "parents": [42], "genome": "d(32) r(31,83) r(36,61) d(5) d(38) r(31,47) d(39) r(37,46)", "fitness": 0.0}
{"generation": 6, "position": 42, "parents": [3], "genome": "r(31,48) d(39) d(6) a(39,93) d(38) r(5,128) r(36,124) a(29,58)", "fitness": 0.0}
{"generation": 6, "position": 43, "parents": [19], "genome": "r(31,48) d(39) a(38,42) d(38) d(6) r(5,39) r(29,39) d(35) d(37) r(36,42)", "fitness": 0.0}
{"generation": 6, "position": 44, "parents": [44, 3], "genome": "d(32) r(31,83) a(39,46) r(38,160) r(39,32) r(36,124) a(5,40)", "fitness": 12.0}
{"generation": 6, "position": 45, "parents": [44, 3], "genome": "r(31,48) d(39) d(6) a(39,93) d(38) r(5,128) r(32,44)", "fitness": 0.0}
{"generation": 6, "position": 46, "parents": [44], "genome": "d(32) r(31,83) a(39,46) r(38,160) r(39,32) a(36,58)", "fitness": 0.0}
{"generation": 6, "position": 47, "parents": [3], "genome": "r(31,48) d(39) d(6) a(39,93) d(38) r(5,128) r(36,124) a(37,65)", "fitness": 0.0}
{"generation": 6, "position": 48, "parents": [29], "genome": "r(31,48) d(39) d(39) d(6) a(38,42) r(32,48) r(38,76) r(37,145) d(29)", "fitness": 0.0}
{"generation": 6, "position": 49, "parents": [13], "genome": "d(32) r(39,145) a(38,60) d(38) r(29,78) r(5,37) a(37,76)", "fitness": 0.0}
{"generation": 6, "position": 50, "parents": [40], "genome": "r(39,133) r(38,133) r(6,52) a(31,36) d(32) r(37,47) a(29,163)", "fitness": 0.0}
{"generation": 6, "position": 51, "parents": [50], "genome": "d(39) a(35,78) a(38,76) r(31,83) a(6,75) d(35) d(6) a(38,80)", "fitness": 0.0}
{"generation": 6, "position": 52, "parents": [33, 20], "genome": "d(39) d(6) d(39) a(38,50) r(38,78)", "fitness": 0.0}
{"generation": 6, "position": 53, "parents": [33, 20], "genome": "r(31,48) r(38,79) d(39) r(36,162) a(38,162) d(6)", "fitness": 0.0}
{"generation": 6, "position": 54, "parents": [33], "genome": "d(39) d(6) d(39) a(38,50) r(36,162) a(38,162) r(38,44)", "fitness": 0.0}
{"generation": 6, "position": 55, "parents": [20], "genome": "r(31,48) r(38,79) d(39) d(32)", "fitness": 0.0}
{"generation": 6, "position": 56, "parents": [32, 37], "genome": "r(39,133) r(38,133) r(6,108) r(38,44) r(5,163)", "fitness": 12.0}
{"generation": 6, "position": 57, "parents": [32, 37], "genome": "d(39) a(35,78) a(38,76) r(31,83) a(6,75) r(6,52) a(31,36) d(32) a(37,46) a(38,35)", "fitness": 0.0}
{"generation": 6, "position": 58, "parents": [32], "genome": "r(39,133) r(38,133) r(6,52) a(31,36) d(32) a(37,46) d(31)", "fitness": 0.0}
{"generation": 7, "position": 0, "parents": [18, 43], "genome": "a(37,39) d(39) d(6) a(38,42) d(38) d(6) r(5,39) r(29,39) d(35) d(37) r(36,42) a(32,83)", "fitness": 0.0}
{"generation": 7, "position": 1, "parents": [18, 43], "genome": "r(31,48) d(39) a(38,42) r(32,48) a(37,39) a(36,31) r(38,104) r(29,104)", "fitness": 0.0}
{"generation": 7, "position": 2, "parents": [18], "genome": "a(37,39) d(39) d(6) a(38,42) r(32,48) a(37,39) a(36,31) r(38,104) a(31,163)", "fitness": 0.0}
{"generation": 7, "position": 3, "parents": [43], "genome": "r(31,48) d(39) a(38,42) d(38) d(6) r(5,39) r(29,39) d(35) d(37) r(36,42) d(32)", "fitness": 0.0}
{"generation": 7, "position": 4, "parents": [6], "genome": "a(37,39) d(39) d(6) a(38,42) r(32,48) a(37,39) d(38) d(5) d(31)", "fitness": 0.0}
{"generation": 7, "position": 5, "parents": [34], "genome": "d(38) d(6) a(39,43) d(39) d(37) a(32,56) d(31) a(36,37)", "fitness": 0.0}
{"generation": 7, "position": 6, "parents": [25], "genome": "r(31,48) d(39) d(39) d(6) a(38,42) r(32,48) r(38,76) r(5,45) d(36)", "fitness": 0.0}
{"generation": 7, "position": 7, "parents": [17], "genome": "r(31,48) d(39) a(38,42) r(29,32) d(7) a(38,154) d(32) r(37,133)", "fitness": 0.0}
{"generation": 7, "position": 8, "parents": [52, 18], "genome": "d(39) r(38,104) r(6,41)", "fitness": 0.0}
{"generation": 7, "position": 9, "parents": [52, 18], "genome": "a(37,39) d(39) d(6) a(38,42) r(32,48) a(37,39) a(36,31) d(6) d(39) a(38,50) r(38,78) d(36)", "fitness": 0.0}
{"generation": 7, "position": 10, "parents": [52], "genome": "d(39) d(6) d(39) a(38,50) r(38,78) d(37)", "fitness": 0.0}
{"generation": 7, "position": 11, "parents": [18], "genome": "a(37,39) d(39) d(6) a(38,42) r(32,48) a(37,39) a(36,31) r(38,104) a(37,83)", "fitness": 0.0}
{"generation": 7, "position": 12, "parents": [58, 14], "genome": "r(39,133) r(38,133) r(6,52) a(31,36) d(32) a(37,46) d(31) a(39,93) d(38) r(5,128) a(35,40) d(35) d(36)", "fitness": 0.0}
{"generation": 7, "position": 13, "parents": [58, 14], "genome": "r(31,48) d(39) d(6) r(38,162)", "fitness": 0.0}
{"generation": 7, "position": 14, "parents": [58], "genome": "r(39,133) r(38,133) r(6,52) a(31,36) d(32) a(37,46) d(31) d(36)", "fitness": 0.0}
{"generation": 7, "position": 15, "parents": [14], "genome": "r(31,48) d(39) d(6) a(39,93) d(38) r(5,128) a(35,40) d(35) a(32,72)", "fitness": 0.0}
{"generation": 7, "position": 16, "parents": [32], "genome": "d(38) d(6) a(39,43) d(7) a(38,154) a(35,101) d(39)", "fitness": 0.0}
{"generation": 7, "position": 17, "parents": [53], "genome": "r(31,48) r(38,79) d(39) r(36,162) a(38,162) d(6) d(37)", "fitness": 0.0}
{"generation": 7, "position": 18, "parents": [4], "genome": "r(31,48) r(38,79) d(39) r(6,82) a(29,41)", "fitness": 0.0}
{"generation": 7, "position": 19, "parents": [18], "genome": "a(37,39) d(39) d(6) a(38,42) r(32,48) a(37,39) a(36,31) r(38,104) d(37)", "fitness": 0.0}
{"generation": 7, "position": 20, "parents": [27, 47], "genome": "r(31,48) d(39) d(39) d(6) a(39,93) d(38) r(5,128) r(36,124) a(37,65) d(37)", "fitness": 0.0}
{"generation": 7, "position": 21, "parents": [27, 47], "genome": "r(31,48) d(39) d(6) a(38,42) r(32,48) r(38,76) r(37,145) a(36,60) a(5,43)", "fitness": 0.0}
{"generation": 7, "position": 22, "parents": [27], "genome": "r(31,48) d(39) d(39) d(6) a(38,42) r(32,48) r(38,76) r(37,145) a(36,60) a(36,145)", "fitness": 0.0}
{"generation": 7, "position": 23, "parents": [47], "genome": "r(31,48) d(39) d(6) a(39,93) d(38) r(5,128) r(36,124) a(37,65) d(37)", "fitness": 0.0}
{"generation": 7, "position": 24, "parents": [2], "genome": "r(38,72) d(6) d(39) r(32,56) d(31) a(29,154) a(37,5)", "fitness": 0.0}
{"generation": 7, "position": 25, "parents": [7], "genome": "d(39) a(35,78) a(38,76) r(31,83) a(6,75) d(39) a(38,42) d(31) a(37,44) r(38,73) d(35) d(37)", "fitness": 0.0}
{"generation": 7, "position": 26, "parents": [33, 51], "genome": "r(31,48) d(39) a(35,78) a(38,76) r(31,83) a(6,75) d(35) d(6) a(38,80) r(37,35)", "fitness": 0.0}
{"generation": 7, "position": 27, "parents": [33, 51], "genome": "d(39) a(38,42) r(29,32) d(39) d(37) a(32,56) r(35,145) d(7)", "fitness": 0.0}
{"generation": 7, "position": 28, "parents": [33], "genome": "r(31,48) d(39) a(38,42) r(29,32) d(39) d(37) a(32,56) r(35,145) r(32,154)", "fitness": 0.0}
{"generation": 7, "position": 29, "parents": [51], "genome": "d(39) a(35,78) a(38,76) r(31,83) a(6,75) d(35) d(6) a(38,80) r(37,40)", "fitness": 0.0}
{"generation": 7, "position": 30, "parents": [52, 46], "genome": "d(39) d(6) d(39) a(38,50) r(38,78) r(31,83) a(39,46) r(38,160) r(39,32) a(36,58) r(29,38)", "fitness": 0.0}
{"generation": 7, "position": 31, "parents": [52, 46], "genome": "d(32) a(31,31)", "fitness": 0.0}
{"generation": 7, "position": 32, "parents": [52], "genome": "d(39) d(6) d(39) a(38,50) r(38,78) d(35)", "fitness": 0.0}
{"generation": 7, "position": 33, "parents": [46], "genome": "d(32) r(31,83) a(39,46) r(38,160) r(39,32) a(36,58) r(6,60)", "fitness": 0.0}
{"generation": 7, "position": 34, "parents": [11, 33], "genome": "a(39,79) r(36,61) d(5) r(36,61) d(5) a(39,125) a(38,29) a(38,162) d(6) d(39) a(38,42) r(29,32) d(39) d(37) a(32,56) r(35,145) a(32,5)", "fitness": 0.0}
{"generation": 7, "position": 35, "parents": [11, 33], "genome": "r(31,48) d(39) a(38,42) d(31) r(32,48) d(37) a(5,76) r(29,35) r(36,78)", "fitness": 0.0}
{"generation": 7, "position": 36, "parents": [11], "genome": "a(39,79) r(36,61) d(5) r(36,61) d(5) a(39,125) a(38,29) a(38,162) d(6) d(39) a(38,42) d(31) r(32,48) d(37) a(5,76) r(29,35)", "fitness": 0.0}
{"generation": 7, "position": 37, "parents": [33], "genome": "r(31,48) d(39) a(38,42) r(29,32) d(39) d(37) a(32,56) r(35,145) d(5)", "fitness": 0.0}
{"generation": 7, "position": 38, "parents": [2, 6], "genome": "r(38,72) a(38,42) r(32,48) a(37,39) d(38) d(5) a(39,42)", "fitness": 0.0}
{"generation": 7, "position": 39, "parents": [2, 6], "genome": "a(37,39) d(39) d(6) d(6) d(39) r(32,56) d(31) a(29,154) d(38)", "fitness": 0.0}
{"generation": 7, "position": 40, "parents": [2], "genome": "r(38,72) d(6) d(39) r(32,56) d(31) a(29,154) r(37,162)", "fitness": 0.0}
{"generation": 7, "position": 41, "parents": [6], "genome": "a(37,39) d(39) d(6) a(38,42) r(32,48) a(37,39) d(38) d(5) a(31,42)", "fitness": 0.0}
{"generation": 7, "position": 42, "parents": [21, 3], "genome": "a(7,124) d(6) a(39,93) a(36,83) r(29,49) d(39) d(6) a(38,42) r(32,48) d(37) a(29,61) d(32) d(36) d(5)", "fitness": 0.0}
{"generation": 7, "position": 43, "parents": [21, 3], "genome": "r(31,48) d(39) a(38,42) d(38) d(6) r(5,39) r(29,39) d(35) r(5,48) d(36)", "fitness": 0.0}
{"generation": 7, "position": 44, "parents": [21], "genome": "a(7,124) d(6) a(39,93) a(36,83) r(29,49) d(39) d(6) a(38,42) r(32,48) d(37) a(29,61) r(5,48) r(36,32)", "fitness": 0.0}
{"generation": 7, "position": 45, "parents": [3], "genome": "r(31,48) d(39) a(38,42) d(38) d(6) r(5,39) r(29,39) d(35) d(32) d(36) d(37)", "fitness": 0.0}
{"generation": 7, "position": 46, "parents": [59, 35], "genome": "d(39) d(39) a(38,42) r(29,32) d(7) a(38,154) d(38) r(32,58)", "fitness": 0.0}
{"generation": 7, "position": 47, "parents": [59, 35], "genome": "r(31,48) a(35,78) a(38,76) r(31,83) a(6,75) r(6,108) r(38,44) d(37) r(36,40)", "fitness": 0.0}
{"generation": 7, "position": 48, "parents": [59], "genome": "d(39) a(35,78) a(38,76) r(31,83) a(6,75) r(6,108) r(38,44) d(37) r(32,79)", "fitness": 0.0}
{"generation": 7, "position": 49, "parents": [35], "genome": "r(31,48) d(39) a(38,42) r(29,32) d(7) a(38,154) d(38) d(36)", "fitness": 0.0}
{"generation": 7, "position": 50, "parents": [57, 31], "genome": "d(39) a(35,78) a(38,162) r(38,83) d(5)", "fitness": 0.0}
{"generation": 7, "position": 51, "parents": [57, 31], "genome": "a(39,79) r(36,61) d(5) r(36,61) d(5) a(39,125) a(38,29) a(38,76) r(31,83) a(6,75) r(6,52) a(31,36) d(32) a(37,46) a(38,35) a(38,60)", "fitness": 0.0}
{"generation": 7, "position": 52, "parents": [57], "genome": "d(39) a(35,78) a(38,76) r(31,83) a(6,75) r(6,52) a(31,36) d(32) a(37,46) a(38,35) a(29,5)", "fitness": 0.0}
{"generation": 7, "position": 53, "parents": [31], "genome": "a(39,79) r(36,61) d(5) r(36,61) d(5) a(39,125) a(38,29) a(38,162) r(38,83) a(29,73)", "fitness": 0.0}
{"generation": 7, "position": 54, "parents": [18, 30], "genome": "a(37,39) d(39) d(6) a(38,42) r(32,48) a(37,39) a(36,31) r(38,104) r(6,52) d(39) a(38,50) r(36,162) r(35,49) r(5,79) r(29,76)", "fitness": 0.0}
{"generation": 7, "position": 55, "parents": [18, 30], "genome": "r(39,133) r(38,133) d(32)", "fitness": 0.0}
{"generation": 7, "position": 56, "parents": [18], "genome": "a(37,39) d(39) d(6) a(38,42) r(32,48) a(37,39) a(36,31) r(38,104) a(29,41)", "fitness": 0.0}
{"generation": 7, "position": 57, "parents": [30], "genome": "r(39,133) r(38,133) r(6,52) d(39) a(38,50) r(36,162) r(35,49) r(5,79) d(37)", "fitness": 0.0}
{"generation": 7, "position": 58, "parents": [1, 54], "genome": "r(31,48) d(39) a(38,42) d(38) d(6) r(38,44) r(32,95)", "fitness": 0.0}
{"generation": 7, "position": 59, "parents": [1, 54], "genome": "d(39) d(6) d(39) a(38,50) r(36,162) a(38,162) r(5,39) r(29,39) d(35) r(32,56) d(31) d(36) r(38,36)", "fitness": 0.0}
{"generation": 7, "position": 60, "parents": [1], "genome": "r(31,48) d(39) a(38,42) d(38) d(6) r(5,39) r(29,39) d(35) r(32,56) d(31) d(36) r(37,76)", "fitness": 0.0}
{"generation": 7, "position": 61, "parents": [54], "genome": "d(39) d(6) d(39) a(38,50) r(36,162) a(38,162) r(38,44) a(5,32)", "fitness": 0.0}
{"generation": 7, "position": 62, "parents": [18, 1], "genome": "a(37,39) d(39) d(6) a(38,42) r(32,48) d(6) r(5,39) r(29,39) d(35) r(32,56) d(31) d(36) a(37,73)", "fitness": 0.0}
{"generation": 7, "position": 63, "parents": [18, 1], "genome": "r(31,48) d(39) a(38,42) d(38) a(37,39) a(36,31) r(38,104) a(37,35)", "fitness": 0.0}
{"generation": 7, "position": 64, "parents": [18], "genome": "a(37,39) d(39) d(6) a(38,42) r(32,48) a(37,39) a(36,31) r(38,104) a(36,154)", "fitness": 0.0}
{"generation": 7, "position": 65, "parents": [1], "genome": "r(31,48) d(39) a(38,42) d(38) d(6) r(5,39) r(29,39) d(35) r(32,56) d(31) d(36) r(37,5)", "fitness": 0.0}
{"generation": 7, "position": 66, "parents": [22, 46], "genome": "a(37,39) d(39) d(6) a(38,42) r(32,48) d(37) a(29,61) r(5,154) a(31,50)", "fitness": 0.0}
{"generation": 7, "position": 67, "parents": [22, 46], "genome": "d(32) r(31,83) a(39,46) r(38,160) r(39,32) a(36,58) d(36)", "fitness": 0.0}
{"generation": 7, "position": 68, "parents": [22], "genome": "a(37,39) d(39) d(6) a(38,42) r(32,48) d(37) a(29,61) r(5,154) a(31,29)", "fitness": 0.0}
{"generation": 8, "position": 0, "parents": [29, 20], "genome": "d(39) a(35,78) a(38,76) r(31,83) a(6,75) d(35) d(39) d(6) a(39,93) d(38) r(5,128) r(36,124) a(37,65) d(37) a(29,44)", "fitness": 0.0}
{"generation": 8, "position": 1, "parents": [29, 20], "genome": "r(31,48) d(39) d(6) a(38,80) r(37,40) r(29,39)", "fitness": 0.0}
{"generation": 8, "position": 2, "parents": [29], "genome": "d(39) a(35,78) a(38,76) r(31,83) a(6,75) d(35) d(6) a(38,80) r(37,40) a(32,96)", "fitness": 0.0}
{"generation": 8, "position": 3, "parents": [20], "genome": "r(31,48) d(39) d(39) d(6) a(39,93) d(38) r(5,128) r(36,124) a(37,65) d(37) d(32)", "fitness": 0.0}
{"generation": 8, "position": 4, "parents": [44], "genome": "a(7,124) d(6) a(39,93) a(36,83) r(29,49) d(39) d(6) a(38,42) r(32,48) d(37) a(29,61) r(5,48) r(36,32)", "fitness": 0.0}
{"generation": 8, "position": 5, "parents": [50], "genome": "d(39) a(35,78) a(38,162) r(38,83) d(5) a(32,42)", "fitness": 0.0}
{"generation": 8, "position": 6, "parents": [46], "genome": "d(39) d(39) a(38,42) r(29,32) d(7) a(38,154) d(38) r(32,58) d(6)", "fitness": 0.0}
{"generation": 8, "position": 7, "parents": [17], "genome": "r(31,48) r(38,79) d(39) r(36,162) a(38,162) d(6) d(37) d(32)", "fitness": 0.0}
{"generation": 8, "position": 8, "parents": [53, 36], "genome": "a(39,79) r(36,61) d(5) r(29,35) d(38)", "fitness": 0.0}
{"generation": 8, "position": 9, "parents": [53, 36], "genome": "a(39,79) r(36,61) d(5) r(36,61) d(5) a(39,125) a(38,29) a(38,162) d(6) d(39) a(38,42) d(31) r(32,48) d(37) a(5,76) r(36,61) d(5) a(39,125) a(38,29) a(38,162) r(38,83) a(29,73) r(29,78)", "fitness": 0.0}
{"generation": 8, "position": 10, "parents": [53], "genome": "a(39,79) r(36,61) d(5) r(36,61) d(5) a(39,125) a(38,29) a(38,162) r(38,83) a(29,73) d(29)", "fitness": 0.0}
{"generation": 8, "position": 11, "parents": [36], "genome": "a(39,79) r(36,61) d(5) r(36,61) d(5) a(39,125) a(38,29) a(38,162) d(6) d(39) a(38,42) d(31) r(32,48) d(37) a(5,76) r(29,35)", "fitness": 0.0}
{"generation": 8, "position": 12, "parents": [36, 46], "genome": "a(39,79) r(36,61) d(5) r(36,61) d(5) a(39,125) a(38,29) a(38,162) d(6) d(39) a(38,42) d(31) r(32,48) d(37) d(7) a(38,154) d(38) r(32,58) r(29,53)", "fitness": 0.0}
{"generation": 8, "position": 13, "parents": [36, 46], "genome": "d(39) d(39) a(38,42) r(29,32) a(5,76) r(29,35) d(38)", "fitness": 4.0}
{"generation": 8, "position": 14, "parents": [36], "genome": "a(39,79) r(36,61) d(5) r(36,61) d(5) a(39,125) a(38,29) a(38,162) d(6) d(39) a(38,42) d(31) r(32,48) d(37) a(5,76) r(29,35)", "fitness": 0.0}
{"generation": 8, "position": 15, "parents": [46], "genome": "d(39) d(39) a(38,42) r(29,32) d(7) a(38,154) d(38) r(32,58) a(5,58)", "fitness": 0.0}
{"generation": 8, "position": 16, "parents": [0, 25], "genome": "a(37,39) d(39) d(6) a(38,42) d(38) d(6) r(5,39) a(35,5)", "fitness": 0.0}
{"generation": 8, "position": 17, "parents": [0, 25], "genome": "d(39) a(35,78) a(38,76) r(31,83) a(6,75) d(39) a(38,42) d(31) a(37,44) r(38,73) d(35) d(37) r(29,39) d(35) d(37) r(36,42) a(32,83) d(5)", "fitness": 0.0}
{"generation": 8, "position": 18, "parents": [0], "genome": "a(37,39) d(39) d(6) a(38,42) d(38) d(6) r(5,39) r(29,39) d(35) d(37) r(36,42) a(32,83) d(32)", "fitness": 0.0}
{"generation": 8, "position": 19, "parents": [25], "genome": "d(39) a(35,78) a(38,76) r(31,83) a(6,75) d(39) a(38,42) d(31) a(37,44) r(38,73) d(35) d(37) r(6,57)", "fitness": 0.0}
{"generation": 8, "position": 20, "parents": [58], "genome": "r(31,48) d(39) a(38,42) d(38) d(6) r(38,44) r(32,95) r(5,160)", "fitness": 0.0}
{"generation": 8, "position": 21, "parents": [61], "genome": "d(39) d(6) d(39) a(38,50) r(36,162) a(38,162) r(38,44) a(5,32) r(5,29)", "fitness": 0.0}
{"generation": 8, "position": 22, "parents": [40, 60], "genome": "r(38,72) d(6) d(39) d(38) d(6) r(5,39) r(29,39) d(35) r(32,56) d(31) d(36) r(37,76)", "fitness": 0.0}
{"generation": 8, "position": 23, "parents": [40, 60], "genome": "r(31,48) d(39) a(38,42) r(32,56) d(31) a(29,154) r(37,162) d(7)", "fitness": 12.0}
{"generation": 8, "position": 24, "parents": [40], "genome": "r(38,72) d(6) d(39) r(32,56) d(31) a(29,154) r(37,162) d(29)", "fitness": 0.0}
{"generation": 8, "position": 25, "parents": [60], "genome": "r(31,48) d(39) a(38,42) d(38) d(6) r(5,39) r(29,39) d(35) r(32,56) d(31) d(36) r(37,76)", "fitness": 0.0}
{"generation": 8, "position": 26, "parents": [19, 30], "genome": "a(37,39) d(39) d(6) a(38,42) r(32,48) a(37,39) a(36,31) r(38,104) d(39) a(38,50) r(38,78) r(31,83) a(39,46) r(38,160) r(39,32) a(36,58) r(29,38) d(5)", "fitness": 0.0}
{"generation": 8, "position": 27, "parents": [19, 30], "genome": "d(39) d(6) d(37) r(29,133)", "fitness": 0.0}
{"generation": 8, "position": 28, "parents": [19], "genome": "a(37,39) d(39) d(6) a(38,42) r(32,48) a(37,39) a(36,31) r(38,104) d(37) a(5,82)", "fitness": 0.0}
{"generation": 8, "position": 29, "parents": [30], "genome": "d(39) d(6) d(39) a(38,50) r(38,78) r(31,83) a(39,46) r(38,160) r(39,32) a(36,58) r(29,38) r(35,65)", "fitness": 0.0}
{"generation": 8, "position": 30, "parents": [15, 1], "genome": "r(31,48) d(39) d(6) a(39,93) d(38) r(5,128) d(32)", "fitness": 0.0}
{"generation": 8, "position": 31, "parents": [15, 1], "genome": "r(31,48) d(39) a(38,42) r(32,48) a(37,39) a(36,31) r(38,104) r(29,104) a(35,40) d(35) a(32,72) r(5,80)", "fitness": 0.0}
{"generation": 8, "position": 32, "parents": [15], "genome": "r(31,48) d(39) d(6) a(39,93) d(38) r(5,128) a(35,40) d(35) a(32,72) a(36,31)", "fitness": 0.0}
{"generation": 8, "position": 33, "parents": [1], "genome": "r(31,48) d(39) a(38,42) r(32,48) a(37,39) a(36,31) r(38,104) r(29,104) d(36)", "fitness": 0.0}
{"generation": 8, "position": 34, "parents": [35], "genome": "r(31,48) d(39) a(38,42) d(31) r(32,48) d(37) a(5,76) r(29,35) r(36,78) r(5,76)", "fitness": 0.0}
{"generation": 8, "position": 35, "parents": [10], "genome": "d(39) d(6) d(39) a(38,50) r(38,78) d(37) r(29,95)", "fitness": 0.0}
{"generation": 8, "position": 36, "parents": [15, 46], "genome": "r(31,48) d(39) d(6) a(39,93) d(38) r(5,128) a(35,40) d(35) r(32,58) r(36,58)", "fitness": 0.0}
{"generation": 8, "position": 37, "parents": [15, 46], "genome": "d(39) d(39) a(38,42) r(29,32) d(7) a(38,154) d(38) a(32,72) r(5,76)", "fitness": 0.0}
{"generation": 8, "position": 38, "parents": [15], "genome": "r(31,48) d(39) d(6) a(39,93) d(38) r(5,128) a(35,40) d(35) a(32,72) d(32)", "fitness": 0.0}
{"generation": 8, "position": 39, "parents": [46], "genome": "d(39) d(39) a(38,42) r(29,32) d(7) a(38,154) d(38) r(32,58) d(5)", "fitness": 4.0}
{"generation": 8, "position": 40, "parents": [44, 7], "genome": "a(7,124) d(6) a(39,93) a(36,83) r(29,49) d(39) d(6) a(38,42) a(38,42) r(29,32) d(7) a(38,154) d(32) r(37,133) r(5,108)", "fitness": 0.0}
{"generation": 8, "position": 41, "parents": [44, 7], "genome": "r(31,48) d(39) r(32,48) d(37) a(29,61) r(5,48) r(36,32) d(29)", "fitness": 0.0}
{"generation": 8, "position": 42, "parents": [44], "genome": "a(7,124) d(6) a(39,93) a(36,83) r(29,49) d(39) d(6) a(38,42) r(32,48) d(37) a(29,61) r(5,48) r(36,32)", "fitness": 0.0}
{"generation": 8, "position": 43, "parents": [7], "genome": "r(31,48) d(39) a(38,42) r(29,32) d(7) a(38,154) d(32) r(37,133) a(5,83)", "fitness": 0.0}
{"generation": 8, "position": 44, "parents": [14, 69], "genome": "r(39,133) r(38,133) r(6,52) d(35)", "fitness": 0.0}
{"generation": 8, "position": 45, "parents": [14, 69], "genome": "d(32) r(31,83) a(39,46) r(38,160) r(39,32) a(36,58) a(29,31) a(31,36) d(32) a(37,46) d(31) d(36) r(7,41)", "fitness": 12.0}
{"generation": 8, "position": 46, "parents": [14], "genome": "r(39,133) r(38,133) r(6,52) a(31,36) d(32) a(37,46) d(31) d(36) a(37,128)", "fitness": 0.0}
{"generation": 8, "position": 47, "parents": [69], "genome": "d(32) r(31,83) a(39,46) r(38,160) r(39,32) a(36,58) a(29,31) d(7)", "fitness": 12.0}
{"generation": 8, "position": 48, "parents": [57, 6], "genome": "r(39,133) r(38,133) r(6,52) d(39) a(38,50) r(36,162) r(35,49) r(5,79) d(37) d(29)", "fitness": 0.0}
{"generation": 8, "position": 49, "parents": [57, 6], "genome": "r(31,48) d(39) d(39) d(6) a(38,42) r(32,48) r(38,76) r(5,45) d(36) r(29,73)", "fitness": 0.0}
{"generation": 8, "position": 50, "parents": [57], "genome": "r(39,133) r(38,133) r(6,52) d(39) a(38,50) r(36,162) r(35,49) r(5,79) d(37) a(29,46)", "fitness": 0.0}
{"generation": 8, "position": 51, "parents": [6], "genome": "r(31,48) d(39) d(39) d(6) a(38,42) r(32,48) r(38,76) r(5,45) d(36) a(37,48)", "fitness": 0.0}
{"generation": 8, "position": 52, "parents": [30, 25], "genome": "d(39) d(6) d(39) a(38,50) r(38,78) r(31,83) d(39) a(38,42) d(31) a(37,44) r(38,73) d(35) d(37) a(32,43)", "fitness": 0.0}
{"generation": 8, "position": 53, "parents": [30, 25], "genome": "d(39) a(35,78) a(38,76) r(31,83) a(6,75) a(39,46) r(38,160) r(39,32) a(36,58) r(29,38) r(35,133)", "fitness": 0.0}
{"generation": 8, "position": 54, "parents": [30], "genome": "d(39) d(6) d(39) a(38,50) r(38,78) r(31,83) a(39,46) r(38,160) r(39,32) a(36,58) r(29,38) d(37)", "fitness": 0.0}
{"generation": 8, "position": 55, "parents": [25], "genome": "d(39) a(35,78) a(38,76) r(31,83) a(6,75) d(39) a(38,42) d(31) a(37,44) r(38,73) d(35) d(37) d(29)", "fitness": 0.0}
{"generation": 8, "position": 56, "parents": [67, 14], "genome": "d(32) r(31,83) a(39,46) r(38,160) r(39,32) d(36) r(29,47)", "fitness": 0.0}
{"generation": 8, "position": 57, "parents": [67, 14], "genome": "r(39,133) r(38,133) r(6,52) a(31,36) d(32) a(37,46) d(31) a(36,58) d(36) a(29,108)", "fitness": 0.0}
{"generation": 8, "position": 58, "parents": [67], "genome": "d(32) r(31,83) a(39,46) r(38,160) r(39,32) a(36,58) d(36) a(37,104)", "fitness": 0.0}
{"generation": 8, "position": 59, "parents": [14], "genome": "r(39,133) r(38,133) r(6,52) a(31,36) d(32) a(37,46) d(31) d(36) d(29)", "fitness": 0.0}
{"generation": 8, "position": 60, "parents": [39], "genome": "a(37,39) d(39) d(6) d(6) d(39) r(32,56) d(31) a(29,154) d(38) a(29,5)", "fitness": 0.0}
{"generation": 8, "position": 61, "parents": [13], "genome": "r(31,48) d(39) d(6) r(38,162) a(37,32)", "fitness": 0.0}
{"generation": 8, "position": 62, "parents": [41], "genome": "a(37,39) d(39) d(6) a(38,42) r(32,48) a(37,39) d(38) d(5) a(31,42) a(29,73)", "fitness": 0.0}
{"generation": 8, "position": 63, "parents": [1], "genome": "r(31,48) d(39) a(38,42) r(32,48) a(37,39) a(36,31) r(38,104) r(29,104) r(36,163)", "fitness": 0.0}
{"generation": 8, "position": 64, "parents": [46], "genome": "d(39) d(39) a(38,42) r(29,32) d(7) a(38,154) d(38) r(32,58) d(6)", "fitness": 0.0}
{"generation": 9, "position": 0, "parents": [32], "genome": "r(31,48) d(39) d(6) a(39,93) d(38) r(5,128) a(35,40) d(35) a(32,72) a(36,31) d(36)", "fitness": 0.0}
{"generation": 9, "position": 1, "parents": [59], "genome": "r(39,133) r(38,133) r(6,52) a(31,36) d(32) a(37,46) d(31) d(36) d(29) r(5,78)", "fitness": 0.0}
{"generation": 9, "position": 2, "parents": [21, 47], "genome": "d(39) d(6) d(39) a(38,50) r(36,162) d(7) d(38)", "fitness": 0.0}
{"generation": 9, "position": 3, "parents": [21, 47], "genome": "d(32) r(31,83) a(39,46) r(38,160) r(39,32) a(36,58) a(29,31) a(38,162) r(38,44) a(5,32) r(5,29) a(29,128)", "fitness": 4.0}
{"generation": 9, "position": 4, "parents": [21], "genome": "d(39) d(6) d(39) a(38,50) r(36,162) a(38,162) r(38,44) a(5,32) r(5,29) a(37,44)", "fitness": 0.0}
{"generation": 9, "position": 5, "parents": [47], "genome": "d(32) r(31,83) a(39,46) r(38,160) r(39,32) a(36,58) a(29,31) d(7) d(29)", "fitness": 0.0}
{"generation": 9, "position": 6, "parents": [0], "genome": "d(39) a(35,78) a(38,76) r(31,83) a(6,75) d(35) d(39) d(6) a(39,93) d(38) r(5,128) r(36,124) a(37,65) d(37) a(29,44) r(32,96)", "fitness": 0.0}
{"generation": 9, "position": 7, "parents": [19], "genome": "d(39) a(35,78) a(38,76) r(31,83) a(6,75) d(39) a(38,42) d(31) a(37,44) r(38,73) d(35) d(37) r(6,57) r(32,104)", "fitness": 0.0}
{"generation": 9, "position": 8, "parents": [58, 11], "genome": "d(32) r(31,83) r(32,48) d(37) a(5,76) r(29,35) r(5,93)", "fitness": 4.0}
{"generation": 9, "position": 9, "parents": [58, 11], "genome": "a(39,79) r(36,61) d(5) r(36,61) d(5) a(39,125) a(38,29) a(38,162) d(6) d(39) a(38,42) d(31) a(39,46) r(38,160) r(39,32) a(36,58) d(36) a(37,104) a(32,96)", "fitness": 0.0}
{"generation": 9, "position": 10, "parents": [58], "genome": "d(32) r(31,83) a(39,46) r(38,160) r(39,32) a(36,58) d(36) a(37,104) d(7)", "fitness": 12.0}
{"generation": 9, "position": 11, "parents": [11], "genome": "a(39,79) r(36,61) d(5) r(36,61) d(5) a(39,125) a(38,29) a(38,162) d(6) d(39) a(38,42) d(31) r(32,48) d(37) a(5,76) r(29,35)", "fitness": 0.0}
{"generation": 9, "position": 12, "parents": [15], "genome": "d(39) d(39) a(38,42) r(29,32) d(7) a(38,154) d(38) r(32,58) a(5,58) d(36)", "fitness": 0.0}
{"generation": 9, "position": 13, "parents": [25], "genome": "r(31,48) d(39) a(38,42) d(38) d(6) r(5,39) r(29,39) d(35) r(32,56) d(31) d(36) r(37,76)", "fitness": 0.0}
{"generation": 9, "position": 14, "parents": [56, 35], "genome": "d(32) r(31,83) d(6) d(39) a(38,50) r(38,78) d(37) r(29,95) a(5,124)", "fitness": 0.0}
{"generation": 9, "position": 15, "parents": [56, 35], "genome": "d(39) a(39,46) r(38,160) r(39,32) d(36) r(29,47) a(32,108)", "fitness": 0.0}
{"generation": 9, "position": 16, "parents": [56], "genome": "d(32) r(31,83) a(39,46) r(38,160) r(39,32) d(36) r(29,47) r(37,82)", "fitness": 0.0}
{"generation": 9, "position": 17, "parents": [35], "genome": "d(39) d(6) d(39) a(38,50) r(38,78) d(37) r(29,95) r(35,145)", "fitness": 0.0}
{"generation": 9, "position": 18, "parents": [43], "genome": "r(31,48) d(39) a(38,42) r(29,32) d(7) a(38,154) d(32) r(37,133) a(5,83) a(36,48)", "fitness": 0.0}
{"generation": 9, "position": 19, "parents": [37], "genome": "d(39) d(39) a(38,42) r(29,32) d(7) a(38,154) d(38) a(32,72) r(5,76) r(32,48)", "fitness": 0.0}
{"generation": 9, "position": 20, "parents": [30], "genome": "r(31,48) d(39) d(6) a(39,93) d(38) r(5,128) d(32) r(29,45)", "fitness": 0.0}
{"generation": 9, "position": 21, "parents": [61], "genome": "r(31,48) d(39) d(6) r(38,162) a(37,32) d(32)", "fitness": 0.0}
{"generation": 9, "position": 22, "parents": [6], "genome": "d(39) d(39) a(38,42) r(29,32) d(7) a(38,154) d(38) r(32,58) d(6) d(36)", "fitness": 0.0}
{"generation": 9, "position": 23, "parents": [0], "genome": "d(39) a(35,78) a(38,76) r(31,83) a(6,75) d(35) d(39) d(6) a(39,93) d(38) r(5,128) r(36,124) a(37,65) d(37) a(29,44) a(29,133)", "fitness": 0.0}
{"generation": 9, "position": 24, "parents": [19, 34], "genome": "d(39) a(35,78) a(38,76) r(31,83) a(6,75) d(39) d(31) r(32,48) d(37) a(5,76) r(29,35) r(36,78) r(5,76)", "fitness": 0.0}
{"generation": 9, "position": 25, "parents": [19, 34], "genome": "r(31,48) d(39) a(38,42) a(38,42) d(31) a(37,44) r(38,73) d(35) d(37) r(6,57) r(36,58)", "fitness": 0.0}
{"generation": 9, "position": 26, "parents": [19], "genome": "d(39) a(35,78) a(38,76) r(31,83) a(6,75) d(39) a(38,42) d(31) a(37,44) r(38,73) d(35) d(37) r(6,57) r(32,72)", "fitness": 0.0}
{"generation": 9, "position": 27, "parents": [34], "genome": "r(31,48) d(39) a(38,42) d(31) r(32,48) d(37) a(5,76) r(29,35) r(36,78) r(5,76)", "fitness": 0.0}
{"generation": 9, "position": 28, "parents": [11], "genome": "a(39,79) r(36,61) d(5) r(36,61) d(5) a(39,125) a(38,29) a(38,162) d(6) d(39) a(38,42) d(31) r(32,48) d(37) a(5,76) r(29,35)", "fitness": 0.0}
{"generation": 9, "position": 29, "parents": [40], "genome": "a(7,124) d(6) a(39,93) a(36,83) r(29,49) d(39) d(6) a(38,42) a(38,42) r(29,32) d(7) a(38,154) d(32) r(37,133) r(5,108) d(36)", "fitness": 0.0}
{"generation": 9, "position": 30, "parents": [49, 60], "genome": "r(31,48) d(39) d(39) d(6) a(38,42) r(32,48) r(38,76) r(5,45) r(32,56) d(31) a(29,154) d(38) a(29,5) d(37)", "fitness": 0.0}
{"generation": 9, "position": 31, "parents": [49, 60], "genome": "a(37,39) d(39) d(6) d(6) d(39) d(36) r(29,73) d(38)", "fitness": 0.0}
{"generation": 9, "position": 32, "parents": [49], "genome": "r(31,48) d(39) d(39) d(6) a(38,42) r(32,48) r(38,76) r(5,45) d(36) r(29,73) a(37,42)", "fitness": 0.0}
{"generation": 9, "position": 33, "parents": [60], "genome": "a(37,39) d(39) d(6) d(6) d(39) r(32,56) d(31) a(29,154) d(38) a(29,5) r(5,90)", "fitness": 0.0}
{"generation": 9, "position": 34, "parents": [18], "genome": "a(37,39) d(39) d(6) a(38,42) d(38) d(6) r(5,39) r(29,39) d(35) d(37) r(36,42) a(32,83) d(32)", "fitness": 0.0}
{"generation": 9, "position": 35, "parents": [7], "genome": "r(31,48) r(38,79) d(39) r(36,162) a(38,162) d(6) d(37) d(32) a(29,124)", "fitness": 0.0}
{"generation": 9, "position": 36, "parents": [55], "genome": "d(39) a(35,78) a(38,76) r(31,83) a(6,75) d(39) a(38,42) d(31) a(37,44) r(38,73) d(35) d(37) d(29) r(7,128)", "fitness": 0.0}
{"generation": 9, "position": 37, "parents": [2], "genome": "d(39) a(35,78) a(38,76) r(31,83) a(6,75) d(35) d(6) a(38,80) r(37,40) a(32,96) r(5,49)", "fitness": 0.0}
{"generation": 9, "position": 38, "parents": [44, 62], "genome": "r(39,133) r(38,133) r(6,52) a(38,42) r(32,48) a(37,39) d(38) d(5) a(31,42) a(29,73) r(29,44)", "fitness": 0.0}
{"generation": 9, "position": 39, "parents": [44, 62], "genome": "a(37,39) d(39) d(6) d(35) r(38,50)", "fitness": 0.0}
{"generation": 9, "position": 40, "parents": [44], "genome": "r(39,133) r(38,133) r(6,52) d(35) d(36)", "fitness": 0.0}
{"generation": 9, "position": 41, "parents": [62], "genome": "a(37,39) d(39) d(6) a(38,42) r(32,48) a(37,39) d(38) d(5) a(31,42) a(29,73) r(37,35)", "fitness": 0.0}
{"generation": 9, "position": 42, "parents": [38], "genome": "r(31,48) d(39) d(6) a(39,93) d(38) r(5,128) a(35,40) d(35) a(32,72) d(32) d(29)", "fitness": 0.0}
{"generation": 9, "position": 43, "parents": [20], "genome": "r(31,48) d(39) a(38,42) d(38) d(6) r(38,44) r(32,95) r(5,160) r(37,29)", "fitness": 0.0}
{"generation": 9, "position": 44, "parents": [2, 38], "genome": "d(39) a(35,78) d(32) d(37)", "fitness": 0.0}
{"generation": 9, "position": 45, "parents": [2, 38], "genome": "r(31,48) d(39) d(6) a(39,93) d(38) r(5,128) a(35,40) d(35) a(32,72) a(38,76) r(31,83) a(6,75) d(35) d(6) a(38,80) r(37,40) a(32,96) r(29,56)", "fitness": 0.0}
{"generation": 9, "position": 46, "parents": [2], "genome": "d(39) a(35,78) a(38,76) r(31,83) a(6,75) d(35) d(6) a(38,80) r(37,40) a(32,96) d(36)", "fitness": 0.0}
{"generation": 9, "position": 47, "parents": [38], "genome": "r(31,48) d(39) d(6) a(39,93) d(38) r(5,128) a(35,40) d(35) a(32,72) d(32) a(36,32)", "fitness": 0.0}
{"generation": 9, "position": 48, "parents": [3], "genome": "r(31,48) d(39) d(39) d(6) a(39,93) d(38) r(5,128) r(36,124) a(37,65) d(37) d(32) a(29,58)", "fitness": 0.0}
{"generation": 9, "position": 49, "parents": [51], "genome": "r(31,48) d(39) d(39) d(6) a(38,42) r(32,48) r(38,76) r(5,45) d(36) a(37,48) d(37)", "fitness": 0.0}
{"generation": 9, "position": 50, "parents": [64], "genome": "d(39) d(39) a(38,42) r(29,32) d(7) a(38,154) d(38) r(32,58) d(6) r(5,46)", "fitness": 4.0}
{"generation": 9, "position": 51, "parents": [0], "genome": "d(39) a(35,78) a(38,76) r(31,83) a(6,75) d(35) d(39) d(6) a(39,93) d(38) r(5,128) r(36,124) a(37,65) d(37) a(29,44) a(29,58)", "fitness": 0.0}
{"generation": 9, "position": 52, "parents": [51], "genome": "r(31,48) d(39) d(39) d(6) a(38,42) r(32,48) r(38,76) r(5,45) d(36) a(37,48) a(37,101)", "fitness": 0.0}
{"generation": 10, "position": 0, "parents": [16], "genome": "d(32) r(31,83) a(39,46) r(38,160) r(39,32) d(36) r(29,47) r(37,82) r(6,93)", "fitness": 0.0}
{"generation": 10, "position": 1, "parents": [28], "genome": "a(39,79) r(36,61) d(5) r(36,61) d(5) a(39,125) a(38,29) a(38,162) d(6) d(39) a(38,42) d(31) r(32,48) d(37) a(5,76) r(29,35)", "fitness": 0.0}
{"generation": 10, "position": 2, "parents": [7], "genome": "d(39) a(35,78) a(38,76) r(31,83) a(6,75) d(39) a(38,42) d(31) a(37,44) r(38,73) d(35) d(37) r(6,57) r(32,104) d(29)", "fitness": 0.0}
{"generation": 10, "position": 3, "parents": [30], "genome": "r(31,48) d(39) d(39) d(6) a(38,42) r(32,48) r(38,76) r(5,45) r(32,56) d(31) a(29,154) d(38) a(29,5) d(37) d(36)", "fitness": 0.0}
{"generation": 10, "position": 4, "parents": [0], "genome": "r(31,48) d(39) d(6) a(39,93) d(38) r(5,128) a(35,40) d(35) a(32,72) a(36,31) d(36) d(32)", "fitness": 0.0}
{"generation": 10, "position": 5, "parents": [19], "genome": "d(39) d(39) a(38,42) r(29,32) d(7) a(38,154) d(38) a(32,72) r(5,76) r(32,48) d(37)", "fitness": 0.0}
{"generation": 10, "position": 6, "parents": [27], "genome": "r(31,48) d(39) a(38,42) d(31) r(32,48) d(37) a(5,76) r(29,35) r(36,78) r(5,76)", "fitness": 0.0}
{"generation": 10, "position": 7, "parents": [12], "genome": "d(39) d(39) a(38,42) r(29,32) d(7) a(38,154) d(38) r(32,58) a(5,58) d(36) d(5)", "fitness": 0.0}
{"generation": 10, "position": 8, "parents": [17, 32], "genome": "d(39) d(6) d(39) a(38,50) r(38,78) d(37) r(29,95) r(35,145) d(39) d(6) a(38,42) r(32,48) r(38,76) r(5,45) d(36) r(29,73) a(37,42)", "fitness": 0.0}
{"generation": 10, "position": 9, "parents": [17, 32], "genome": "r(31,48) d(39) d(38)", "fitness": 0.0}
{"generation": 10, "position": 10, "parents": [17], "genome": "d(39) d(6) d(39) a(38,50) r(38,78) d(37) r(29,95) r(35,145) r(5,66)", "fitness": 0.0}
{"generation": 10, "position": 11, "parents": [32], "genome": "r(31,48) d(39) d(39) d(6) a(38,42) r(32,48) r(38,76) r(5,45) d(36) r(29,73) a(37,42) a(37,82)", "fitness": 0.0}
{"generation": 10, "position": 12, "parents": [18, 51], "genome": "r(31,48) d(39) a(38,42) r(29,32) d(7) a(38,154) d(32) a(6,75) d(35) d(39) d(6) a(39,93) d(38) r(5,128) r(36,124) a(37,65) d(37) a(29,44) a(29,58)", "fitness": 12.0}
{"generation": 10, "position": 13, "parents": [18, 51], "genome": "d(39) a(35,78) a(38,76) r(31,83) r(37,133) a(5,83) a(36,48) a(29,46)", "fitness": 0.0}
{"generation": 10, "position": 14, "parents": [18], "genome": "r(31,48) d(39) a(38,42) r(29,32) d(7) a(38,154) d(32) r(37,133) a(5,83) a(36,48) a(6,72)", "fitness": 0.0}
{"generation": 10, "position": 15, "parents": [51], "genome": "d(39) a(35,78) a(38,76) r(31,83) a(6,75) d(35) d(39) d(6) a(39,93) d(38) r(5,128) r(36,124) a(37,65) d(37) a(29,44) a(29,58) r(29,47)", "fitness": 0.0}
{"generation": 10, "position": 16, "parents": [21], "genome": "r(31,48) d(39) d(6) r(38,162) a(37,32) d(32) r(29,73)", "fitness": 0.0}
{"generation": 10, "position": 17, "parents": [21], "genome": "r(31,48) d(39) d(6) r(38,162) a(37,32) d(32) r(5,35)", "fitness": 0.0}
{"generation": 10, "position": 18, "parents": [11], "genome": "a(39,79) r(36,61) d(5) r(36,61) d(5) a(39,125) a(38,29) a(38,162) d(6) d(39) a(38,42) d(31) r(32,48) d(37) a(5,76) r(29,35)", "fitness": 0.0}
{"generation": 10, "position": 19, "parents": [30], "genome": "r(31,48) d(39) d(39) d(6) a(38,42) r(32,48) r(38,76) r(5,45) r(32,56) d(31) a(29,154) d(38) a(29,5) d(37) a(29,83)", "fitness": 0.0}
{"generation": 10, "position": 20, "parents": [51, 27], "genome": "d(39) a(38,42) d(31) r(32,48) d(37) a(5,76) r(29,35) r(36,78) r(5,76)", "fitness": 0.0}
{"generation": 10, "position": 21, "parents": [51, 27], "genome": "r(31,48) d(39) a(35,78) a(38,76) r(31,83) a(6,75) d(35) d(39) d(6) a(39,93) d(38) r(5,128) r(36,124) a(37,65) d(37) a(29,44) a(29,58) d(29)", "fitness": 0.0}
{"generation": 10, "position": 22, "parents": [51], "genome": "d(39) a(35,78) a(38,76) r(31,83) a(6,75) d(35) d(39) d(6) a(39,93) d(38) r(5,128) r(36,124) a(37,65) d(37) a(29,44) a(29,58) a(29,108)", "fitness": 0.0}
{"generation": 10, "position": 23, "parents": [27], "genome": "r(31,48) d(39) a(38,42) d(31) r(32,48) d(37) a(5,76) r(29,35) r(36,78) r(5,76)", "fitness": 0.0}
{"generation": 10, "position": 24, "parents": [4], "genome": "d(39) d(6) d(39) a(38,50) r(36,162) a(38,162) r(38,44) a(5,32) r(5,29) a(37,44) d(37)", "fitness": 0.0}
{"generation": 10, "position": 25, "parents": [36], "genome": "d(39) a(35,78) a(38,76) r(31,83) a(6,75) d(39) a(38,42) d(31) a(37,44) r(38,73) d(35) d(37) d(29) r(7,128) d(6)", "fitness": 0.0}
{"generation": 10, "position": 26, "parents": [33], "genome": "a(37,39) d(39) d(6) d(6) d(39) r(32,56) d(31) a(29,154) d(38) a(29,5) r(5,90) a(29,35)", "fitness": 0.0}
{"generation": 10, "position": 27, "parents": [38], "genome": "r(39,133) r(38,133) r(6,52) a(38,42) r(32,48) a(37,39) d(38) d(5) a(31,42) a(29,73) r(29,44) a(37,49)", "fitness": 0.0}
{"generation": 10, "position": 28, "parents": [13, 11], "genome": "r(31,48) d(39) a(38,42) d(38) d(6) r(5,39) r(29,39) d(35) d(5) r(36,61) d(5) a(39,125) a(38,29) a(38,162) d(6) d(39) a(38,42) d(31) r(32,48) d(37) a(5,76) r(29,35)", "fitness": 0.0}
{"generation": 10, "position": 29, "parents": [13, 11], "genome": "a(39,79) r(36,61) r(32,56) d(31) d(36) r(37,76) d(7)", "fitness": 12.0}
{"generation": 10, "position": 30, "parents": [13], "genome": "r(31,48) d(39) a(38,42) d(38) d(6) r(5,39) r(29,39) d(35) r(32,56) d(31) d(36) r(37,76)", "fitness": 0.0}
{"generation": 10, "position": 31, "parents": [11], "genome": "a(39,79) r(36,61) d(5) r(36,61) d(5) a(39,125) a(38,29) a(38,162) d(6) d(39) a(38,42) d(31) r(32,48) d(37) a(5,76) r(29,35)", "fitness": 0.0}
{"generation": 10, "position": 32, "parents": [45], "genome": "r(31,48) d(39) d(6) a(39,93) d(38) r(5,128) a(35,40) d(35) a(32,72) a(38,76) r(31,83) a(6,75) d(35) d(6) a(38,80) r(37,40) a(32,96) r(29,56) r(32,163)", "fitness": 0.0}
{"generation": 10, "position": 33, "parents": [24], "genome": "d(39) a(35,78) a(38,76) r(31,83) a(6,75) d(39) d(31) r(32,48) d(37) a(5,76) r(29,35) r(36,78) r(5,76)", "fitness": 0.0}
{"generation": 10, "position": 34, "parents": [51, 46], "genome": "d(39) a(35,78) a(38,76) a(35,78) a(38,76) r(31,83) a(6,75) d(35) d(6) a(38,80) r(37,40) a(32,96) d(36) a(32,125)", "fitness": 0.0}
{"generation": 10, "position": 35, "parents": [51, 46], "genome": "d(39) r(31,83) a(6,75) d(35) d(39) d(6) a(39,93) d(38) r(5,128) r(36,124) a(37,65) d(37) a(29,44) a(29,58) r(29,44)", "fitness": 0.0}
{"generation": 10, "position": 36, "parents": [51], "genome": "d(39) a(35,78) a(38,76) r(31,83) a(6,75) d(35) d(39) d(6) a(39,93) d(38) r(5,128) r(36,124) a(37,65) d(37) a(29,44) a(29,58) d(32)", "fitness": 0.0}
{"generation": 10, "position": 37, "parents": [46], "genome": "d(39) a(35,78) a(38,76) r(31,83) a(6,75) d(35) d(6) a(38,80) r(37,40) a(32,96) d(36) r(29,83)", "fitness": 0.0}
{"generation": 10, "position": 38, "parents": [19], "genome": "d(39) d(39) a(38,42) r(29,32) d(7) a(38,154) d(38) a(32,72) r(5,76) r(32,48) r(37,66)", "fitness": 0.0}
{"generation": 10, "position": 39, "parents": [38], "genome": "r(39,133) r(38,133) r(6,52) a(38,42) r(32,48) a(37,39) d(38) d(5) a(31,42) a(29,73) r(29,44) a(36,43)", "fitness": 0.0}
{"generation": 10, "position": 40, "parents": [0], "genome": "r(31,48) d(39) d(6) a(39,93) d(38) r(5,128) a(35,40) d(35) a(32,72) a(36,31) d(36) d(32)", "fitness": 0.0}
{"generation": 10, "position": 41, "parents": [5], "genome": "d(32) r(31,83) a(39,46) r(38,160) r(39,32) a(36,58) a(29,31) d(7) d(29) a(36,65)", "fitness": 0.0}
{"generation": 10, "position": 42, "parents": [51], "genome": "d(39) a(35,78) a(38,76) r(31,83) a(6,75) d(35) d(39) d(6) a(39,93) d(38) r(5,128) r(36,124) a(37,65) d(37) a(29,44) a(29,58) d(32)", "fitness": 0.0}
{"generation": 10, "position": 43, "parents": [30], "genome": "r(31,48) d(39) d(39) d(6) a(38,42) r(32,48) r(38,76) r(5,45) r(32,56) d(31) a(29,154) d(38) a(29,5) d(37) r(29,31)", "fitness": 0.0}
{"generation": 10, "position": 44, "parents": [49], "genome": "r(31,48) d(39) d(39) d(6) a(38,42) r(32,48) r(38,76) r(5,45) d(36) a(37,48) d(37) r(29,125)", "fitness": 0.0}
{"generation": 10, "position": 45, "parents": [17], "genome": "d(39) d(6) d(39) a(38,50) r(38,78) d(37) r(29,95) r(35,145) d(32)", "fitness": 0.0}
{"generation": 10, "position": 46, "parents": [2, 39], "genome": "d(39) d(6) d(39) d(6) d(35) r(38,50) a(29,40)", "fitness": 0.0}
{"generation": 10, "position": 47, "parents": [2, 39], "genome": "a(37,39) d(39) a(38,50) r(36,162) d(7) d(38) r(31,42)", "fitness": 12.0}
{"generation": 10, "position": 48, "parents": [2], "genome": "d(39) d(6) d(39) a(38,50) r(36,162) d(7) d(38) r(29,43)", "fitness": 0.0}
{"generation": 10, "position": 49, "parents": [39], "genome": "a(37,39) d(39) d(6) d(35) r(38,50) d(31)", "fitness": 0.0}
{"generation": 10, "position": 50, "parents": [9, 2], "genome": "a(39,79) d(6) d(39) a(38,50) r(36,162) d(7) d(38) r(37,145)", "fitness": 0.0}
{"generation": 10, "position": 51, "parents": [9, 2], "genome": "d(39) r(36,61) d(5) r(36,61) d(5) a(39,125) a(38,29) a(38,162) d(6) d(39) a(38,42) d(31) a(39,46) r(38,160) r(39,32) a(36,58) d(36) a(37,104) a(32,96) d(35)", "fitness": 0.0}
{"generation": 10, "position": 52, "parents": [9], "genome": "a(39,79) r(36,61) d(5) r(36,61) d(5) a(39,125) a(38,29) a(38,162) d(6) d(39) a(38,42) d(31) a(39,46) r(38,160) r(39,32) a(36,58) d(36) a(37,104) a(32,96) d(35)", "fitness": 0.0}