[meta]
{"program": "genprog-3.0", "problem": {"ideal_fitness": "12", "type": "repair", "name": "ultrix-look", "enclosure": {"1": 0, "2": 0, "3": 0, "4": 0, "5": 0, "6": 5, "7": 6, "8": 7, "11": 5, "12": 11, "14": 0, "16": 0, "18": 0, "19": 0, "20": 19, "21": 19, "26": 11, "27": 5, "28": 5, "29": 0, "30": 29, "31": 29, "32": 0, "33": 32, "34": 32, "35": 32, "36": 0, "37": 0, "38": 37, "39": 37, "40": 37, "41": 0, "42": 0, "43": 0, "44": 0, "45": 0, "46": 45, "47": 45, "48": 45, "49": 48, "50": 48, "51": 48, "52": 51, "53": 52, "56": 45, "57": 45, "58": 57, "60": 45, "61": 45, "63": 0, "65": 63, "66": 0, "68": 0, "71": 45, "72": 0, "73": 0, "74": 73, "75": 73, "76": 75, "78": 73, "79": 73, "80": 79, "81": 79, "82": 73, "83": 73, "85": 0, "86": 0, "90": 0, "91": 90, "92": 90, "93": 92, "95": 90, "96": 90, "98": 0, "101": 0, "102": 0, "103": 102, "104": 103, "106": 102, "107": 106, "108": 106, "109": 102, "110": 102, "111": 0, "112": 111, "113": 111, "114": 113, "115": 113, "116": 115, "117": 115, "118": 113, "119": 111, "120": 0, "121": 0, "122": 121, "123": 121, "124": 123, "125": 123, "126": 121, "128": 126, "129": 121, "130": 121, "131": 121, "132": 0, "133": 0, "134": 0, "135": 134, "136": 134, "137": 134, "138": 134, "139": 134, "140": 139, "142": 139, "143": 142, "145": 142, "146": 134, "147": 146, "148": 146, "149": 148, "150": 148, "151": 148, "152": 151, "154": 146, "155": 134, "156": 155, "157": 155, "158": 157, "159": 157, "160": 155, "161": 134, "162": 134, "163": 0}}, "version": "0.0.2", "seed": 23, "algorithm": {"representation": "patch", "type": "genetic", "name": "ALGORITHM-NAME"}}

[data]
{"generation": 0, "position": 0, "parents": [], "genome": "r(38,76)", "fitness": 4.0}
{"generation": 0, "position": 1, "parents": [], "genome": "d(38)", "fitness": 4.0}
{"generation": 0, "position": 2, "parents": [], "genome": "d(39)", "fitness": 4.0}
{"generation": 0, "position": 3, "parents": [], "genome": "r(5,163)", "fitness": 12.0}
{"generation": 0, "position": 4, "parents": [], "genome": "d(38)", "fitness": 4.0}
{"generation": 0, "position": 5, "parents": [], "genome": "d(39)", "fitness": 4.0}
{"generation": 0, "position": 6, "parents": [], "genome": "a(32,39)", "fitness": 0.0}
{"generation": 0, "position": 7, "parents": [], "genome": "a(32,133)", "fitness": 0.0}
{"generation": 0, "position": 8, "parents": [], "genome": "d(39)", "fitness": 4.0}
{"generation": 0, "position": 9, "parents": [], "genome": "a(35,108)", "fitness": 4.0}
{"generation": 0, "position": 10, "parents": [], "genome": "d(6)", "fitness": 0.0}
{"generation": 0, "position": 11, "parents": [], "genome": "d(38)", "fitness": 4.0}
{"generation": 0, "position": 12, "parents": [], "genome": "r(32,104)", "fitness": 0.0}
{"generation": 0, "position": 13, "parents": [], "genome": "a(39,31)", "fitness": 4.0}
{"generation": 0, "position": 14, "parents": [], "genome": "a(7,160)", "fitness": 4.0}
{"generation": 0, "position": 15, "parents": [], "genome": "d(35)", "fitness": 0.0}
{"generation": 0, "position": 16, "parents": [], "genome": "d(38)", "fitness": 4.0}
{"generation": 0, "position": 17, "parents": [], "genome": "r(39,32)", "fitness": 4.0}
{"generation": 0, "position": 18, "parents": [], "genome": "d(38)", "fitness": 4.0}
{"generation": 0, "position": 19, "parents": [], "genome": "r(39,96)", "fitness": 4.0}
{"generation": 0, "position": 20, "parents": [], "genome": "a(6,92)", "fitness": 4.0}
{"generation": 0, "position": 21, "parents": [], "genome": "r(39,38)", "fitness": 4.0}
{"generation": 0, "position": 22, "parents": [], "genome": "d(6)", "fitness": 0.0}
{"generation": 0, "position": 23, "parents": [], "genome": "r(38,40)", "fitness": 4.0}
{"generation": 0, "position": 24, "parents": [], "genome": "d(38)", "fitness": 4.0}
{"generation": 0, "position": 25, "parents": [], "genome": "r(6,92)", "fitness": 4.0}
{"generation": 0, "position": 26, "parents": [], "genome": "a(39,90)", "fitness": 4.0}
{"generation": 0, "position": 27, "parents": [], "genome": "d(29)", "fitness": 4.0}
{"generation": 0, "position": 28, "parents": [], "genome": "r(29,93)", "fitness": 4.0}
{"generation": 0, "position": 29, "parents": [], "genome": "a(39,154)", "fitness": 4.0}
{"generation": 0, "position": 30, "parents": [], "genome": "a(38,96)", "fitness": 4.0}
{"generation": 0, "position": 31, "parents": [], "genome": "a(38,45)", "fitness": 4.0}
{"generation": 0, "position": 32, "parents": [], "genome": "d(38)", "fitness": 4.0}
{"generation": 0, "position": 33, "parents": [], "genome": "d(39)", "fitness": 4.0}
{"generation": 0, "position": 34, "parents": [], "genome": "d(39)", "fitness": 4.0}
{"generation": 0, "position": 35, "parents": [], "genome": "r(7,41)", "fitness": 12.0}
{"generation": 0, "position": 36, "parents": [], "genome": "r(38,104)", "fitness": 4.0}
{"generation": 0, "position": 37, "parents": [], "genome": "a(7,108)", "fitness": 4.0}
{"generation": 0, "position": 38, "parents": [], "genome": "d(39)", "fitness": 4.0}
{"generation": 0, "position": 39, "parents": [], "genome": "original", "fitness": 4.0}
{"generation": 1, "position": 0, "parents": [22], "genome": "d(6) d(39)", "fitness": 0.0}
{"generation": 1, "position": 1, "parents": [21], "genome": "r(39,38) r(38,44)", "fitness": 4.0}
{"generation": 1, "position": 2, "parents": [26, 29], "genome": "a(39,90) d(39)", "fitness": 4.0}
{"generation": 1, "position": 3, "parents": [26, 29], "genome": "a(39,154) a(39,38)", "fitness": 4.0}
{"generation": 1, "position": 4, "parents": [26], "genome": "a(39,90) d(5)", "fitness": 4.0}
{"generation": 1, "position": 5, "parents": [29], "genome": "a(39,154) r(39,5)", "fitness": 4.0}
{"generation": 1, "position": 6, "parents": [21, 37], "genome": "r(39,38) r(29,101)", "fitness": 12.0}
{"generation": 1, "position": 7, "parents": [21, 37], "genome": "a(7,108) a(39,93)", "fitness": 4.0}
{"generation": 1, "position": 8, "parents": [21], "genome": "r(39,38) r(36,40)", "fitness": 0.0}
{"generation": 1, "position": 9, "parents": [37], "genome": "a(7,108) d(39)", "fitness": 4.0}
{"generation": 1, "position": 10, "parents": [2], "genome": "d(39) a(38,73)", "fitness": 4.0}
{"generation": 1, "position": 11, "parents": [38], "genome": "d(39) d(32)", "fitness": 0.0}
{"generation": 1, "position": 12, "parents": [17, 5], "genome": "r(39,32) d(38)", "fitness": 4.0}
{"generation": 1, "position": 13, "parents": [17, 5], "genome": "d(39) r(38,95)", "fitness": 4.0}
{"generation": 1, "position": 14, "parents": [17], "genome": "r(39,32) d(38)", "fitness": 4.0}
{"generation": 1, "position": 15, "parents": [5], "genome": "d(39) a(38,73)", "fitness": 4.0}
{"generation": 1, "position": 16, "parents": [21, 15], "genome": "r(39,38) a(38,82)", "fitness": 4.0}
{"generation": 1, "position": 17, "parents": [21, 15], "genome": "d(35) r(38,65)", "fitness": 0.0}
{"generation": 1, "position": 18, "parents": [21], "genome": "r(39,38) a(38,93)", "fitness": 4.0}
{"generation": 1, "position": 19, "parents": [15], "genome": "d(35) r(31,56)", "fitness": 0.0}
{"generation": 1, "position": 20, "parents": [38], "genome": "d(39) r(7,51)", "fitness": 12.0}
{"generation": 1, "position": 21, "parents": [8], "genome": "d(39) d(38)", "fitness": 4.0}
{"generation": 1, "position": 22, "parents": [33], "genome": "d(39) d(38)", "fitness": 4.0}
{"generation": 1, "position": 23, "parents": [30], "genome": "a(38,96) a(38,43)", "fitness": 4.0}
{"generation": 1, "position": 24, "parents": [16, 11], "genome": "d(38) r(32,43)", "fitness": 0.0}
{"generation": 1, "position": 25, "parents": [16, 11], "genome": "d(38) d(35)", "fitness": 0.0}
{"generation": 1, "position": 26, "parents": [16], "genome": "d(38) d(39)", "fitness": 4.0}
{"generation": 1, "position": 27, "parents": [11], "genome": "d(38) r(39,128)", "fitness": 4.0}
{"generation": 1, "position": 28, "parents": [26], "genome": "a(39,90) d(38)", "fitness": 4.0}
{"generation": 1, "position": 29, "parents": [31], "genome": "a(38,45) r(38,163)", "fitness": 4.0}
{"generation": 1, "position": 30, "parents": [22, 6], "genome": "d(6) r(39,82)", "fitness": 0.0}
{"generation": 1, "position": 31, "parents": [22, 6], "genome": "a(32,39) d(38)", "fitness": 0.0}
{"generation": 1, "position": 32, "parents": [22], "genome": "d(6) a(38,90)", "fitness": 0.0}
{"generation": 1, "position": 33, "parents": [6], "genome": "a(32,39) a(5,5)", "fitness": 0.0}
{"generation": 1, "position": 34, "parents": [21, 8], "genome": "r(39,38) r(38,37)", "fitness": 4.0}
{"generation": 1, "position": 35, "parents": [21, 8], "genome": "d(39) r(38,82)", "fitness": 4.0}
{"generation": 1, "position": 36, "parents": [21], "genome": "r(39,38) a(38,5)", "fitness": 4.0}
{"generation": 1, "position": 37, "parents": [8], "genome": "d(39) a(7,154)", "fitness": 4.0}
{"generation": 1, "position": 38, "parents": [30, 38], "genome": "a(38,96) r(38,76)", "fitness": 4.0}
{"generation": 1, "position": 39, "parents": [30, 38], "genome": "d(39) r(38,60)", "fitness": 4.0}
{"generation": 1, "position": 40, "parents": [30], "genome": "a(38,96) a(7,72)", "fitness": 4.0}
{"generation": 1, "position": 41, "parents": [38], "genome": "d(39) d(38)", "fitness": 4.0}
{"generation": 1, "position": 42, "parents": [37, 19], "genome": "a(7,108) d(39)", "fitness": 4.0}
{"generation": 1, "position": 43, "parents": [37, 19], "genome": "r(39,96) r(38,58)", "fitness": 4.0}
{"generation": 1, "position": 44, "parents": [37], "genome": "a(7,108) a(38,53)", "fitness": 4.0}
{"generation": 1, "position": 45, "parents": [19], "genome": "r(39,96) a(38,76)", "fitness": 4.0}
{"generation": 1, "position": 46, "parents": [20, 34], "genome": "a(6,92) r(36,101)", "fitness": 12.0}
{"generation": 1, "position": 47, "parents": [20, 34], "genome": "d(39) r(38,128)", "fitness": 4.0}
{"generation": 1, "position": 48, "parents": [20], "genome": "a(6,92) r(38,79)", "fitness": 4.0}
{"generation": 1, "position": 49, "parents": [34], "genome": "d(39) d(5)", "fitness": 4.0}
{"generation": 1, "position": 50, "parents": [6], "genome": "a(32,39) a(6,162)", "fitness": 0.0}
{"generation": 1, "position": 51, "parents": [34], "genome": "d(39) a(38,5)", "fitness": 4.0}
{"generation": 1, "position": 52, "parents": [10, 32], "genome": "d(6) r(39,91)", "fitness": 0.0}
{"generation": 1, "position": 53, "parents": [10, 32], "genome": "d(38) d(39)", "fitness": 4.0}
{"generation": 1, "position": 54, "parents": [10], "genome": "d(6) d(38)", "fitness": 0.0}
{"generation": 1, "position": 55, "parents": [32], "genome": "d(38) a(39,29)", "fitness": 4.0}
{"generation": 1, "position": 56, "parents": [22, 16], "genome": "d(6) d(35)", "fitness": 0.0}
{"generation": 1, "position": 57, "parents": [22, 16], "genome": "d(38) r(39,83)", "fitness": 4.0}
{"generation": 1, "position": 58, "parents": [22], "genome": "d(6) d(36)", "fitness": 0.0}
{"generation": 1, "position": 59, "parents": [16], "genome": "d(38) r(39,50)", "fitness": 4.0}
{"generation": 1, "position": 60, "parents": [39, 20], "genome": "a(38,56)", "fitness": 4.0}
{"generation": 1, "position": 61, "parents": [39, 20], "genome": "a(6,92) a(31,43)", "fitness": 0.0}
{"generation": 1, "position": 62, "parents": [39], "genome": "a(32,36)", "fitness": 4.0}
{"generation": 1, "position": 63, "parents": [20], "genome": "a(6,92) a(38,31)", "fitness": 4.0}
{"generation": 1, "position": 64, "parents": [18], "genome": "d(38) d(39)", "fitness": 4.0}
{"generation": 2, "position": 0, "parents": [26], "genome": "d(38) d(39) r(6,79)", "fitness": 0.0}
{"generation": 2, "position": 1, "parents": [19], "genome": "d(35) r(31,56) r(38,79)", "fitness": 0.0}
{"generation": 2, "position": 2, "parents": [24, 58], "genome": "d(38) d(36) a(35,58)", "fitness": 0.0}
{"generation": 2, "position": 3, "parents": [24, 58], "genome": "d(6) r(32,43) r(5,145)", "fitness": 0.0}
{"generation": 2, "position": 4, "parents": [24], "genome": "d(38) r(32,43) r(39,162)", "fitness": 0.0}
{"generation": 2, "position": 5, "parents": [58], "genome": "d(6) d(36) r(38,42)", "fitness": 0.0}
{"generation": 2, "position": 6, "parents": [26], "genome": "d(38) d(39) d(7)", "fitness": 12.0}
{"generation": 2, "position": 7, "parents": [19], "genome": "d(35) r(31,56) a(5,50)", "fitness": 0.0}
{"generation": 2, "position": 8, "parents": [61], "genome": "a(6,92) a(31,43) r(37,47)", "fitness": 0.0}
{"generation": 2, "position": 9, "parents": [59], "genome": "d(38) r(39,50) r(7,51)", "fitness": 12.0}
{"generation": 2, "position": 10, "parents": [39], "genome": "d(39) r(38,60) d(32)", "fitness": 0.0}
{"generation": 2, "position": 11, "parents": [30], "genome": "d(6) r(39,82) a(35,154)", "fitness": 0.0}
{"generation": 2, "position": 12, "parents": [22, 38], "genome": "d(39) d(38) r(38,76) a(6,60)", "fitness": 4.0}
{"generation": 2, "position": 13, "parents": [22, 38], "genome": "a(38,96) d(38)", "fitness": 4.0}
{"generation": 2, "position": 14, "parents": [22], "genome": "d(39) d(38) a(35,60)", "fitness": 4.0}
{"generation": 2, "position": 15, "parents": [38], "genome": "a(38,96) r(38,76) r(39,96)", "fitness": 4.0}
{"generation": 2, "position": 16, "parents": [17], "genome": "d(35) r(38,65) a(39,41)", "fitness": 0.0}
{"generation": 2, "position": 17, "parents": [4], "genome": "a(39,90) d(5) d(38)", "fitness": 4.0}
{"generation": 2, "position": 18, "parents": [61, 35], "genome": "a(6,92) a(31,43) a(31,38)", "fitness": 0.0}
{"generation": 2, "position": 19, "parents": [61, 35], "genome": "d(39) r(38,82) a(37,35)", "fitness": 4.0}
{"generation": 2, "position": 20, "parents": [61], "genome": "a(6,92) a(31,43) r(38,56)", "fitness": 0.0}
{"generation": 2, "position": 21, "parents": [35], "genome": "d(39) r(38,82) a(36,60)", "fitness": 4.0}
{"generation": 2, "position": 22, "parents": [7], "genome": "a(7,108) a(39,93) a(39,93)", "fitness": 4.0}
{"generation": 2, "position": 23, "parents": [55], "genome": "d(38) a(39,29) a(36,39)", "fitness": 0.0}
{"generation": 2, "position": 24, "parents": [31], "genome": "a(32,39) d(38) a(39,78)", "fitness": 0.0}
{"generation": 2, "position": 25, "parents": [7], "genome": "a(7,108) a(39,93) r(38,83)", "fitness": 4.0}
{"generation": 2, "position": 26, "parents": [26, 3], "genome": "d(38) r(39,65)", "fitness": 4.0}
{"generation": 2, "position": 27, "parents": [26, 3], "genome": "a(39,154) a(39,38) d(39) a(38,38)", "fitness": 4.0}
{"generation": 2, "position": 28, "parents": [26], "genome": "d(38) d(39) d(31)", "fitness": 4.0}
{"generation": 2, "position": 29, "parents": [3], "genome": "a(39,154) a(39,38) r(38,108)", "fitness": 4.0}
{"generation": 2, "position": 30, "parents": [31, 32], "genome": "a(32,39) r(38,101)", "fitness": 0.0}
{"generation": 2, "position": 31, "parents": [31, 32], "genome": "d(6) a(38,90) d(38) a(39,60)", "fitness": 0.0}
{"generation": 2, "position": 32, "parents": [31], "genome": "a(32,39) d(38) r(6,45)", "fitness": 0.0}
{"generation": 2, "position": 33, "parents": [32], "genome": "d(6) a(38,90) d(32)", "fitness": 0.0}
{"generation": 2, "position": 34, "parents": [29], "genome": "a(38,45) r(38,163) r(39,40)", "fitness": 4.0}
{"generation": 2, "position": 35, "parents": [30], "genome": "d(6) r(39,82) r(38,79)", "fitness": 0.0}
{"generation": 2, "position": 36, "parents": [42, 22], "genome": "a(7,108) d(38) r(7,160)", "fitness": 12.0}
{"generation": 2, "position": 37, "parents": [42, 22], "genome": "d(39) d(39) a(7,58)", "fitness": 4.0}
{"generation": 2, "position": 38, "parents": [42], "genome": "a(7,108) d(39) d(38)", "fitness": 4.0}
{"generation": 2, "position": 39, "parents": [22], "genome": "d(39) d(38) r(35,36)", "fitness": 0.0}
{"generation": 2, "position": 40, "parents": [52], "genome": "d(6) r(39,91) r(29,66)", "fitness": 0.0}
{"generation": 2, "position": 41, "parents": [47], "genome": "d(39) r(38,128) r(5,48)", "fitness": 0.0}
{"generation": 2, "position": 42, "parents": [31], "genome": "a(32,39) d(38) d(7)", "fitness": 12.0}
{"generation": 2, "position": 43, "parents": [54], "genome": "d(6) d(38) a(36,90)", "fitness": 0.0}
{"generation": 2, "position": 44, "parents": [49, 33], "genome": "d(39) r(38,76)", "fitness": 4.0}
{"generation": 2, "position": 45, "parents": [49, 33], "genome": "a(32,39) a(5,5) d(5) d(38)", "fitness": 0.0}
{"generation": 2, "position": 46, "parents": [49], "genome": "d(39) d(5) a(38,163)", "fitness": 4.0}
{"generation": 2, "position": 47, "parents": [33], "genome": "a(32,39) a(5,5) r(39,36)", "fitness": 0.0}
{"generation": 2, "position": 48, "parents": [32], "genome": "d(6) a(38,90) a(39,80)", "fitness": 0.0}
{"generation": 2, "position": 49, "parents": [50], "genome": "a(32,39) a(6,162) r(36,43)", "fitness": 0.0}
{"generation": 2, "position": 50, "parents": [39, 51], "genome": "d(39) r(38,60)", "fitness": 4.0}
{"generation": 2, "position": 51, "parents": [39, 51], "genome": "d(39) a(38,5) r(38,60) a(31,50)", "fitness": 4.0}
{"generation": 2, "position": 52, "parents": [39], "genome": "d(39) r(38,60) d(37)", "fitness": 4.0}
{"generation": 2, "position": 53, "parents": [51], "genome": "d(39) a(38,5) r(5,47)", "fitness": 0.0}
{"generation": 2, "position": 54, "parents": [21], "genome": "d(39) d(38) r(32,48)", "fitness": 0.0}
{"generation": 3, "position": 0, "parents": [45, 29], "genome": "a(32,39) a(39,38) r(38,108) a(31,41)", "fitness": 0.0}
{"generation": 3, "position": 1, "parents": [45, 29], "genome": "a(39,154) a(5,5) d(5) d(38) r(39,124)", "fitness": 4.0}
{"generation": 3, "position": 2, "parents": [45], "genome": "a(32,39) a(5,5) d(5) d(38) a(29,93)", "fitness": 0.0}
{"generation": 3, "position": 3, "parents": [29], "genome": "a(39,154) a(39,38) r(38,108) r(39,49)", "fitness": 4.0}
{"generation": 3, "position": 4, "parents": [1], "genome": "d(35) r(31,56) r(38,79) r(39,41)", "fitness": 0.0}
{"generation": 3, "position": 5, "parents": [7], "genome": "d(35) r(31,56) a(5,50) d(39)", "fitness": 0.0}
{"generation": 3, "position": 6, "parents": [3], "genome": "d(6) r(32,43) r(5,145) d(39)", "fitness": 0.0}
{"generation": 3, "position": 7, "parents": [53], "genome": "d(39) a(38,5) r(5,47) d(38)", "fitness": 0.0}
{"generation": 3, "position": 8, "parents": [50, 24], "genome": "d(39) a(39,78) d(7)", "fitness": 12.0}
{"generation": 3, "position": 9, "parents": [50, 24], "genome": "a(32,39) d(38) r(38,60) d(7)", "fitness": 12.0}
{"generation": 3, "position": 10, "parents": [50], "genome": "d(39) r(38,60) a(35,104)", "fitness": 4.0}
{"generation": 3, "position": 11, "parents": [24], "genome": "a(32,39) d(38) a(39,78) a(39,36)", "fitness": 0.0}
{"generation": 3, "position": 12, "parents": [30], "genome": "a(32,39) r(38,101) a(39,73)", "fitness": 0.0}
{"generation": 3, "position": 13, "parents": [48], "genome": "d(6) a(38,90) a(39,80) d(39)", "fitness": 0.0}
{"generation": 3, "position": 14, "parents": [4], "genome": "d(38) r(32,43) r(39,162) r(37,48)", "fitness": 0.0}
{"generation": 3, "position": 15, "parents": [2], "genome": "d(38) d(36) a(35,58) d(29)", "fitness": 0.0}
{"generation": 3, "position": 16, "parents": [45], "genome": "a(32,39) a(5,5) d(5) d(38) r(39,31)", "fitness": 0.0}
{"generation": 3, "position": 17, "parents": [12], "genome": "d(39) d(38) r(38,76) a(6,60) d(31)", "fitness": 4.0}
{"generation": 3, "position": 18, "parents": [45], "genome": "a(32,39) a(5,5) d(5) d(38) d(35)", "fitness": 0.0}
{"generation": 3, "position": 19, "parents": [33], "genome": "d(6) a(38,90) d(32) r(37,128)", "fitness": 0.0}
{"generation": 3, "position": 20, "parents": [17, 7], "genome": "a(39,90) d(5) d(38) r(31,56) a(5,50) d(39)", "fitness": 0.0}
{"generation": 3, "position": 21, "parents": [17, 7], "genome": "d(35) d(36)", "fitness": 0.0}
{"generation": 3, "position": 22, "parents": [17], "genome": "a(39,90) d(5) d(38) d(39)", "fitness": 4.0}
{"generation": 3, "position": 23, "parents": [7], "genome": "d(35) r(31,56) a(5,50) d(38)", "fitness": 0.0}
{"generation": 3, "position": 24, "parents": [26, 7], "genome": "d(38) d(32)", "fitness": 0.0}
{"generation": 3, "position": 25, "parents": [26, 7], "genome": "d(35) r(31,56) a(5,50) r(39,65) d(38)", "fitness": 0.0}
{"generation": 3, "position": 26, "parents": [26], "genome": "d(38) r(39,65) r(31,124)", "fitness": 12.0}
{"generation": 3, "position": 27, "parents": [7], "genome": "d(35) r(31,56) a(5,50) r(39,29)", "fitness": 0.0}
{"generation": 3, "position": 28, "parents": [3], "genome": "d(6) r(32,43) r(5,145) a(39,45)", "fitness": 0.0}
{"generation": 3, "position": 29, "parents": [30], "genome": "a(32,39) r(38,101) a(31,83)", "fitness": 0.0}
{"generation": 3, "position": 30, "parents": [1], "genome": "d(35) r(31,56) r(38,79) r(39,163)", "fitness": 0.0}
{"generation": 3, "position": 31, "parents": [41], "genome": "d(39) r(38,128) r(5,48) r(29,93)", "fitness": 0.0}
{"generation": 3, "position": 32, "parents": [45, 13], "genome": "a(32,39) a(5,5) d(5) d(38) r(39,60)", "fitness": 0.0}
{"generation": 3, "position": 33, "parents": [45, 13], "genome": "a(38,96) d(38) r(29,91)", "fitness": 0.0}
{"generation": 3, "position": 34, "parents": [45], "genome": "a(32,39) a(5,5) d(5) d(38) d(39)", "fitness": 0.0}
{"generation": 3, "position": 35, "parents": [13], "genome": "a(38,96) d(38) r(39,82)", "fitness": 4.0}
{"generation": 3, "position": 36, "parents": [13, 10], "genome": "a(38,96) d(5)", "fitness": 4.0}
{"generation": 3, "position": 37, "parents": [13, 10], "genome": "d(39) r(38,60) d(32) d(38) a(29,73)", "fitness": 0.0}
{"generation": 3, "position": 38, "parents": [13], "genome": "a(38,96) d(38) d(39)", "fitness": 4.0}
{"generation": 3, "position": 39, "parents": [10], "genome": "d(39) r(38,60) d(32) a(7,133)", "fitness": 0.0}
{"generation": 3, "position": 40, "parents": [5], "genome": "d(6) d(36) r(38,42) d(35)", "fitness": 0.0}
{"generation": 3, "position": 41, "parents": [24], "genome": "a(32,39) d(38) a(39,78) r(39,76)", "fitness": 0.0}
{"generation": 3, "position": 42, "parents": [18], "genome": "a(6,92) a(31,43) a(31,38) a(38,160)", "fitness": 0.0}
{"generation": 3, "position": 43, "parents": [30], "genome": "a(32,39) r(38,101) d(39)", "fitness": 0.0}
{"generation": 3, "position": 44, "parents": [21, 47], "genome": "d(39) r(38,82) a(36,60) r(39,36) d(6)", "fitness": 0.0}
{"generation": 3, "position": 45, "parents": [21, 47], "genome": "a(32,39) a(5,5) a(37,96)", "fitness": 0.0}
{"generation": 3, "position": 46, "parents": [21], "genome": "d(39) r(38,82) a(36,60) r(31,66)", "fitness": 4.0}
{"generation": 3, "position": 47, "parents": [47], "genome": "a(32,39) a(5,5) r(39,36) d(38)", "fitness": 0.0}
{"generation": 3, "position": 48, "parents": [40], "genome": "d(6) r(39,91) r(29,66) r(38,65)", "fitness": 0.0}
{"generation": 3, "position": 49, "parents": [2], "genome": "d(38) d(36) a(35,58) d(29)", "fitness": 0.0}
{"generation": 3, "position": 50, "parents": [15, 31], "genome": "a(38,96) a(38,48)", "fitness": 4.0}
{"generation": 3, "position": 51, "parents": [15, 31], "genome": "d(6) a(38,90) d(38) a(39,60) r(38,76) r(39,96) a(35,83)", "fitness": 0.0}
{"generation": 3, "position": 52, "parents": [15], "genome": "a(38,96) r(38,76) r(39,96) a(6,40)", "fitness": 4.0}
{"generation": 3, "position": 53, "parents": [31], "genome": "d(6) a(38,90) d(38) a(39,60) d(39)", "fitness": 0.0}
{"generation": 3, "position": 54, "parents": [4, 18], "genome": "d(38) r(32,43) a(31,43) a(31,38) r(39,47)", "fitness": 0.0}
{"generation": 3, "position": 55, "parents": [4, 18], "genome": "a(6,92) r(39,162) d(38)", "fitness": 4.0}
{"generation": 3, "position": 56, "parents": [4], "genome": "d(38) r(32,43) r(39,162) d(29)", "fitness": 0.0}
{"generation": 4, "position": 0, "parents": [4, 33], "genome": "d(35) r(31,56) r(37,39)", "fitness": 0.0}
{"generation": 4, "position": 1, "parents": [4, 33], "genome": "a(38,96) d(38) r(29,91) r(38,79) r(39,41) d(6)", "fitness": 0.0}
{"generation": 4, "position": 2, "parents": [4], "genome": "d(35) r(31,56) r(38,79) r(39,41) d(32)", "fitness": 0.0}
{"generation": 4, "position": 3, "parents": [33], "genome": "a(38,96) d(38) r(29,91) d(39)", "fitness": 0.0}
{"generation": 4, "position": 4, "parents": [7], "genome": "d(39) a(38,5) r(5,47) d(38) r(36,38)", "fitness": 0.0}
{"generation": 4, "position": 5, "parents": [30], "genome": "d(35) r(31,56) r(38,79) r(39,163) r(37,36)", "fitness": 0.0}
{"generation": 4, "position": 6, "parents": [14, 13], "genome": "d(38) r(32,43) a(38,90) a(39,80) d(39) r(6,128)", "fitness": 0.0}
{"generation": 4, "position": 7, "parents": [14, 13], "genome": "d(6) r(39,162) r(37,48) d(35)", "fitness": 0.0}
{"generation": 4, "position": 8, "parents": [14], "genome": "d(38) r(32,43) r(39,162) r(37,48) d(5)", "fitness": 0.0}
{"generation": 4, "position": 9, "parents": [13], "genome": "d(6) a(38,90) a(39,80) d(39) r(36,80)", "fitness": 0.0}
{"generation": 4, "position": 10, "parents": [54, 28], "genome": "d(38) r(32,43) a(31,43) a(31,38) r(32,43) r(5,145) a(39,45) a(39,162)", "fitness": 0.0}
{"generation": 4, "position": 11, "parents": [54, 28], "genome": "d(6) r(39,47) a(38,39)", "fitness": 0.0}
{"generation": 4, "position": 12, "parents": [54], "genome": "d(38) r(32,43) a(31,43) a(31,38) r(39,47) r(37,5)", "fitness": 0.0}
{"generation": 4, "position": 13, "parents": [28], "genome": "d(6) r(32,43) r(5,145) a(39,45) d(39)", "fitness": 0.0}
{"generation": 4, "position": 14, "parents": [18], "genome": "a(32,39) a(5,5) d(5) d(38) d(35) d(39)", "fitness": 0.0}
{"generation": 4, "position": 15, "parents": [44], "genome": "d(39) r(38,82) a(36,60) r(39,36) d(6) a(31,50)", "fitness": 0.0}
{"generation": 4, "position": 16, "parents": [11], "genome": "a(32,39) d(38) a(39,78) a(39,36) a(39,73)", "fitness": 0.0}
{"generation": 4, "position": 17, "parents": [34], "genome": "a(32,39) a(5,5) d(5) d(38) d(39) r(31,32)", "fitness": 0.0}
{"generation": 4, "position": 18, "parents": [49], "genome": "d(38) d(36) a(35,58) d(29) r(39,38)", "fitness": 0.0}
{"generation": 4, "position": 19, "parents": [57], "genome": "a(6,92) a(31,43) a(31,38) r(38,72) d(37)", "fitness": 0.0}
{"generation": 4, "position": 20, "parents": [49, 41], "genome": "d(38) d(36) d(38) a(39,78) r(39,76) r(32,48)", "fitness": 0.0}
{"generation": 4, "position": 21, "parents": [49, 41], "genome": "a(32,39) a(35,58) d(29) d(39)", "fitness": 0.0}
{"generation": 4, "position": 22, "parents": [49], "genome": "d(38) d(36) a(35,58) d(29) r(7,36)", "fitness": 0.0}
{"generation": 4, "position": 23, "parents": [41], "genome": "a(32,39) d(38) a(39,78) r(39,76) a(35,154)", "fitness": 0.0}
{"generation": 4, "position": 24, "parents": [13], "genome": "d(6) a(38,90) a(39,80) d(39) d(38)", "fitness": 0.0}
{"generation": 4, "position": 25, "parents": [29], "genome": "a(32,39) r(38,101) a(31,83) r(39,93)", "fitness": 0.0}
{"generation": 4, "position": 26, "parents": [2, 5], "genome": "a(32,39) d(39) r(6,75)", "fitness": 0.0}
{"generation": 4, "position": 27, "parents": [2, 5], "genome": "d(35) r(31,56) a(5,50) a(5,5) d(5) d(38) a(29,93) a(39,101)", "fitness": 0.0}
{"generation": 4, "position": 28, "parents": [2], "genome": "a(32,39) a(5,5) d(5) d(38) a(29,93) r(39,124)", "fitness": 0.0}
{"generation": 4, "position": 29, "parents": [5], "genome": "d(35) r(31,56) a(5,50) d(39) d(29)", "fitness": 0.0}
{"generation": 4, "position": 30, "parents": [30, 56], "genome": "d(35) r(32,43) r(39,162) d(29) d(38)", "fitness": 0.0}
{"generation": 4, "position": 31, "parents": [30, 56], "genome": "d(38) r(31,56) r(38,79) r(39,163) r(7,58)", "fitness": 12.0}
{"generation": 4, "position": 32, "parents": [30], "genome": "d(35) r(31,56) r(38,79) r(39,163) r(32,96)", "fitness": 0.0}
{"generation": 4, "position": 33, "parents": [56], "genome": "d(38) r(32,43) r(39,162) d(29) a(6,36)", "fitness": 0.0}
{"generation": 4, "position": 34, "parents": [34, 56], "genome": "a(32,39) a(5,5) d(5) d(38) r(39,162) d(29) a(32,31)", "fitness": 0.0}
{"generation": 4, "position": 35, "parents": [34, 56], "genome": "d(38) r(32,43) d(39) r(37,56)", "fitness": 0.0}
{"generation": 4, "position": 36, "parents": [34], "genome": "a(32,39) a(5,5) d(5) d(38) d(39) r(32,90)", "fitness": 0.0}
{"generation": 4, "position": 37, "parents": [56], "genome": "d(38) r(32,43) r(39,162) d(29) d(7)", "fitness": 0.0}
{"generation": 4, "position": 38, "parents": [6], "genome": "d(6) r(32,43) r(5,145) d(39) a(38,39)", "fitness": 0.0}
{"generation": 4, "position": 39, "parents": [48], "genome": "d(6) r(39,91) r(29,66) r(38,65) d(36)", "fitness": 0.0}
{"generation": 4, "position": 40, "parents": [27, 11], "genome": "d(35) r(31,56) a(39,36) a(5,101)", "fitness": 12.0}
{"generation": 4, "position": 41, "parents": [27, 11], "genome": "a(32,39) d(38) a(39,78) a(5,50) r(39,29) a(36,76)", "fitness": 0.0}
{"generation": 4, "position": 42, "parents": [27], "genome": "d(35) r(31,56) a(5,50) r(39,29) r(32,128)", "fitness": 0.0}
{"generation": 4, "position": 43, "parents": [11], "genome": "a(32,39) d(38) a(39,78) a(39,36) r(39,133)", "fitness": 0.0}
{"generation": 4, "position": 44, "parents": [53, 12], "genome": "d(6) r(39,154)", "fitness": 0.0}
{"generation": 4, "position": 45, "parents": [53, 12], "genome": "a(32,39) r(38,101) a(39,73) a(38,90) d(38) a(39,60) d(39) r(35,61)", "fitness": 0.0}
{"generation": 4, "position": 46, "parents": [53], "genome": "d(6) a(38,90) d(38) a(39,60) d(39) a(29,73)", "fitness": 0.0}
{"generation": 4, "position": 47, "parents": [12], "genome": "a(32,39) r(38,101) a(39,73) d(39)", "fitness": 0.0}
{"generation": 4, "position": 48, "parents": [25], "genome": "d(35) r(31,56) a(5,50) r(39,65) d(38) d(6)", "fitness": 0.0}
{"generation": 4, "position": 49, "parents": [7], "genome": "d(39) a(38,5) r(5,47) d(38) a(29,60)", "fitness": 0.0}
{"generation": 4, "position": 50, "parents": [12], "genome": "a(32,39) r(38,101) a(39,73) d(39)", "fitness": 0.0}
{"generation": 4, "position": 51, "parents": [52], "genome": "a(38,96) r(38,76) r(39,96) a(6,40) a(35,91)", "fitness": 0.0}
{"generation": 4, "position": 52, "parents": [45, 0], "genome": "a(32,39) a(5,5) a(37,96) a(39,38) r(38,108) a(31,41) r(39,41)", "fitness": 0.0}
{"generation": 4, "position": 53, "parents": [45, 0], "genome": "a(32,39) r(29,40)", "fitness": 0.0}
{"generation": 4, "position": 54, "parents": [45], "genome": "a(32,39) a(5,5) a(37,96) a(39,79)", "fitness": 0.0}
{"generation": 4, "position": 55, "parents": [0], "genome": "a(32,39) a(39,38) r(38,108) a(31,41) a(39,101)", "fitness": 0.0}
{"generation": 4, "position": 56, "parents": [11], "genome": "a(32,39) d(38) a(39,78) a(39,36) a(35,42)", "fitness": 0.0}
{"generation": 4, "position": 57, "parents": [15], "genome": "d(38) d(36) a(35,58) d(29) d(5)", "fitness": 0.0}
{"generation": 4, "position": 58, "parents": [20], "genome": "a(39,90) d(5) d(38) r(31,56) a(5,50) d(39) d(35)", "fitness": 0.0}
{"generation": 5, "position": 0, "parents": [2, 36], "genome": "d(35) r(31,56) r(38,79) r(39,41) d(32) d(38) d(39) r(32,90) a(36,32)", "fitness": 0.0}
{"generation": 5, "position": 1, "parents": [2, 36], "genome": "a(32,39) a(5,5) d(5) d(38)", "fitness": 0.0}
{"generation": 5, "position": 2, "parents": [2], "genome": "d(35) r(31,56) r(38,79) r(39,41) d(32) a(5,124)", "fitness": 12.0}
{"generation": 5, "position": 3, "parents": [36], "genome": "a(32,39) a(5,5) d(5) d(38) d(39) r(32,90) a(37,56)", "fitness": 0.0}
{"generation": 5, "position": 4, "parents": [29], "genome": "d(35) r(31,56) a(5,50) d(39) d(29) a(32,162)", "fitness": 0.0}
{"generation": 5, "position": 5, "parents": [19], "genome": "a(6,92) a(31,43) a(31,38) r(38,72) d(37) d(31)", "fitness": 0.0}
{"generation": 5, "position": 6, "parents": [12], "genome": "d(38) r(32,43) a(31,43) a(31,38) r(39,47) r(37,5) d(7)", "fitness": 12.0}
{"generation": 5, "position": 7, "parents": [19], "genome": "a(6,92) a(31,43) a(31,38) r(38,72) d(37) r(35,83)", "fitness": 0.0}
{"generation": 5, "position": 8, "parents": [43, 11], "genome": "a(32,39) d(38) a(39,78) a(39,36) a(38,39) a(7,45)", "fitness": 0.0}
{"generation": 5, "position": 9, "parents": [43, 11], "genome": "d(6) r(39,47) r(39,133) r(38,104)", "fitness": 0.0}
{"generation": 5, "position": 10, "parents": [43], "genome": "a(32,39) d(38) a(39,78) a(39,36) r(39,133) d(5)", "fitness": 0.0}
{"generation": 5, "position": 11, "parents": [11], "genome": "d(6) r(39,47) a(38,39) r(5,66)", "fitness": 4.0}
{"generation": 5, "position": 12, "parents": [5, 20], "genome": "d(35) r(31,56) d(38)", "fitness": 0.0}
{"generation": 5, "position": 13, "parents": [5, 20], "genome": "d(38) d(36) d(38) a(39,78) r(39,76) r(32,48) r(38,79) r(39,163) r(37,36) r(7,32)", "fitness": 12.0}
{"generation": 5, "position": 14, "parents": [5], "genome": "d(35) r(31,56) r(38,79) r(39,163) r(37,36) d(29)", "fitness": 0.0}
{"generation": 5, "position": 15, "parents": [20], "genome": "d(38) d(36) d(38) a(39,78) r(39,76) r(32,48) a(6,49)", "fitness": 0.0}
{"generation": 5, "position": 16, "parents": [12], "genome": "d(38) r(32,43) a(31,43) a(31,38) r(39,47) r(37,5) r(6,48)", "fitness": 0.0}
{"generation": 5, "position": 17, "parents": [38], "genome": "d(6) r(32,43) r(5,145) d(39) a(38,39) a(38,104)", "fitness": 0.0}
{"generation": 5, "position": 18, "parents": [46, 53], "genome": "d(6) a(38,90) d(38) a(39,60) d(39) a(29,73) r(5,128)", "fitness": 0.0}
{"generation": 5, "position": 19, "parents": [46, 53], "genome": "a(32,39) r(29,40) r(39,76)", "fitness": 0.0}
{"generation": 5, "position": 20, "parents": [46], "genome": "d(6) a(38,90) d(38) a(39,60) d(39) a(29,73) r(29,39)", "fitness": 0.0}
{"generation": 5, "position": 21, "parents": [53], "genome": "a(32,39) r(29,40) a(39,133)", "fitness": 0.0}
{"generation": 5, "position": 22, "parents": [28], "genome": "a(32,39) a(5,5) d(5) d(38) a(29,93) r(39,124) a(31,48)", "fitness": 0.0}
{"generation": 5, "position": 23, "parents": [41], "genome": "a(32,39) d(38) a(39,78) a(5,50) r(39,29) a(36,76) d(31)", "fitness": 0.0}
{"generation": 5, "position": 24, "parents": [11, 52], "genome": "d(6) r(39,47) a(38,39) r(37,76)", "fitness": 0.0}
{"generation": 5, "position": 25, "parents": [11, 52], "genome": "a(32,39) a(5,5) a(37,96) a(39,38) r(38,108) a(31,41) r(39,41) d(6)", "fitness": 0.0}
{"generation": 5, "position": 26, "parents": [11], "genome": "d(6) r(39,47) a(38,39) a(29,124)", "fitness": 0.0}
{"generation": 5, "position": 27, "parents": [52], "genome": "a(32,39) a(5,5) a(37,96) a(39,38) r(38,108) a(31,41) r(39,41) a(6,48)", "fitness": 0.0}
{"generation": 5, "position": 28, "parents": [56], "genome": "a(32,39) d(38) a(39,78) a(39,36) a(35,42) d(39)", "fitness": 0.0}
{"generation": 5, "position": 29, "parents": [22], "genome": "d(38) d(36) a(35,58) d(29) r(7,36) d(39)", "fitness": 0.0}
{"generation": 5, "position": 30, "parents": [8], "genome": "d(38) r(32,43) r(39,162) r(37,48) d(5) r(36,154)", "fitness": 0.0}
{"generation": 5, "position": 31, "parents": [36], "genome": "a(32,39) a(5,5) d(5) d(38) d(39) r(32,90) a(31,58)", "fitness": 0.0}
{"generation": 5, "position": 32, "parents": [26, 44], "genome": "a(32,39) d(39) r(6,75) a(29,101)", "fitness": 0.0}
{"generation": 5, "position": 33, "parents": [26, 44], "genome": "d(6) r(39,154) r(29,44)", "fitness": 0.0}
{"generation": 5, "position": 34, "parents": [26], "genome": "a(32,39) d(39) r(6,75) a(38,108)", "fitness": 0.0}
{"generation": 5, "position": 35, "parents": [44], "genome": "d(6) r(39,154) d(38)", "fitness": 0.0}
{"generation": 5, "position": 36, "parents": [52], "genome": "a(32,39) a(5,5) a(37,96) a(39,38) r(38,108) a(31,41) r(39,41) r(29,31)", "fitness": 0.0}
{"generation": 5, "position": 37, "parents": [32], "genome": "d(35) r(31,56) r(38,79) r(39,163) r(32,96) d(36)", "fitness": 0.0}
{"generation": 5, "position": 38, "parents": [10], "genome": "d(38) r(32,43) a(31,43) a(31,38) r(32,43) r(5,145) a(39,45) a(39,162) r(39,38)", "fitness": 0.0}
{"generation": 5, "position": 39, "parents": [25], "genome": "a(32,39) r(38,101) a(31,83) r(39,93) r(5,37)", "fitness": 0.0}
{"generation": 5, "position": 40, "parents": [10], "genome": "d(38) r(32,43) a(31,43) a(31,38) r(32,43) r(5,145) a(39,45) a(39,162) r(39,58)", "fitness": 0.0}
{"generation": 5, "position": 41, "parents": [22], "genome": "d(38) d(36) a(35,58) d(29) r(7,36) d(39)", "fitness": 0.0}
{"generation": 5, "position": 42, "parents": [42, 6], "genome": "d(35) r(31,56) a(5,50) r(39,29) d(39) r(6,128) a(38,145)", "fitness": 0.0}
{"generation": 5, "position": 43, "parents": [42, 6], "genome": "d(38) r(32,43) a(38,90) a(39,80) r(32,128) d(36)", "fitness": 0.0}
{"generation": 5, "position": 44, "parents": [42], "genome": "d(35) r(31,56) a(5,50) r(39,29) r(32,128) r(38,60)", "fitness": 0.0}
{"generation": 5, "position": 45, "parents": [6], "genome": "d(38) r(32,43) a(38,90) a(39,80) d(39) r(6,128) d(31)", "fitness": 0.0}
{"generation": 5, "position": 46, "parents": [25], "genome": "a(32,39) r(38,101) a(31,83) r(39,93) a(29,37)", "fitness": 0.0}
{"generation": 5, "position": 47, "parents": [19], "genome": "a(6,92) a(31,43) a(31,38) r(38,72) d(37) r(6,160)", "fitness": 0.0}
{"generation": 5, "position": 48, "parents": [43], "genome": "a(32,39) d(38) a(39,78) a(39,36) r(39,133) r(7,108)", "fitness": 12.0}
{"generation": 5, "position": 49, "parents": [2], "genome": "d(35) r(31,56) r(38,79) r(39,41) d(32) r(36,48)", "fitness": 0.0}
{"generation": 5, "position": 50, "parents": [49], "genome": "d(39) a(38,5) r(5,47) d(38) a(29,60) r(32,44)", "fitness": 0.0}
{"generation": 5, "position": 51, "parents": [16], "genome": "a(32,39) d(38) a(39,78) a(39,36) a(39,73) a(5,145)", "fitness": 0.0}
{"generation": 5, "position": 52, "parents": [25, 32], "genome": "a(32,39) r(39,163) r(32,96) a(38,80)", "fitness": 0.0}
{"generation": 5, "position": 53, "parents": [25, 32], "genome": "d(35) r(31,56) r(38,79) r(38,101) a(31,83) r(39,93) a(29,65)", "fitness": 0.0}
{"generation": 5, "position": 54, "parents": [25], "genome": "a(32,39) r(38,101) a(31,83) r(39,93) r(29,46)", "fitness": 0.0}
{"generation": 6, "position": 0, "parents": [36, 27], "genome": "a(32,39) a(5,5) a(37,96) a(39,38) r(38,108) a(31,41) a(6,48) a(39,82)", "fitness": 0.0}
{"generation": 6, "position": 1, "parents": [36, 27], "genome": "a(32,39) a(5,5) a(37,96) a(39,38) r(38,108) a(31,41) r(39,41) r(39,41) r(29,31) r(35,101)", "fitness": 12.0}
{"generation": 6, "position": 2, "parents": [36], "genome": "a(32,39) a(5,5) a(37,96) a(39,38) r(38,108) a(31,41) r(39,41) r(29,31) r(37,42)", "fitness": 0.0}
{"generation": 6, "position": 3, "parents": [27], "genome": "a(32,39) a(5,5) a(37,96) a(39,38) r(38,108) a(31,41) r(39,41) a(6,48) r(32,73)", "fitness": 0.0}
{"generation": 6, "position": 4, "parents": [34, 3], "genome": "a(32,39) d(39) d(5) d(38) d(39) r(32,90) a(37,56) d(36)", "fitness": 0.0}
{"generation": 6, "position": 5, "parents": [34, 3], "genome": "a(32,39) a(5,5) r(6,75) a(38,108) a(39,46)", "fitness": 0.0}
{"generation": 6, "position": 6, "parents": [34], "genome": "a(32,39) d(39) r(6,75) a(38,108) a(36,56)", "fitness": 0.0}
{"generation": 6, "position": 7, "parents": [3], "genome": "a(32,39) a(5,5) d(5) d(38) d(39) r(32,90) a(37,56) d(31)", "fitness": 0.0}
{"generation": 6, "position": 8, "parents": [38, 43], "genome": "d(38) r(32,43) a(31,133)", "fitness": 0.0}
{"generation": 6, "position": 9, "parents": [38, 43], "genome": "d(38) r(32,43) a(38,90) a(39,80) r(32,128) d(36) a(31,43) a(31,38) r(32,43) r(5,145) a(39,45) a(39,162) r(39,38) a(37,44)", "fitness": 0.0}
{"generation": 6, "position": 10, "parents": [38], "genome": "d(38) r(32,43) a(31,43) a(31,38) r(32,43) r(5,145) a(39,45) a(39,162) r(39,38) a(37,162)", "fitness": 0.0}
{"generation": 6, "position": 11, "parents": [43], "genome": "d(38) r(32,43) a(38,90) a(39,80) r(32,128) d(36) a(6,79)", "fitness": 0.0}
{"generation": 6, "position": 12, "parents": [26, 37], "genome": "d(6) r(39,47) r(38,79) r(39,163) r(32,96) d(36) a(37,40)", "fitness": 0.0}
{"generation": 6, "position": 13, "parents": [26, 37], "genome": "d(35) r(31,56) a(38,39) a(29,124) a(5,36)", "fitness": 0.0}
{"generation": 6, "position": 14, "parents": [26], "genome": "d(6) r(39,47) a(38,39) a(29,124) d(38)", "fitness": 0.0}
{"generation": 6, "position": 15, "parents": [37], "genome": "d(35) r(31,56) r(38,79) r(39,163) r(32,96) d(36) r(37,42)", "fitness": 0.0}
{"generation": 6, "position": 16, "parents": [19], "genome": "a(32,39) r(29,40) r(39,76) r(38,36)", "fitness": 0.0}
{"generation": 6, "position": 17, "parents": [53], "genome": "d(35) r(31,56) r(38,79) r(38,101) a(31,83) r(39,93) a(29,65) a(5,46)", "fitness": 0.0}
{"generation": 6, "position": 18, "parents": [49, 51], "genome": "d(35) r(31,56) a(39,73) a(5,145) d(6)", "fitness": 0.0}
{"generation": 6, "position": 19, "parents": [49, 51], "genome": "a(32,39) d(38) a(39,78) a(39,36) r(38,79) r(39,41) d(32) r(36,48) a(29,128)", "fitness": 0.0}
{"generation": 6, "position": 20, "parents": [49], "genome": "d(35) r(31,56) r(38,79) r(39,41) d(32) r(36,48) r(6,154)", "fitness": 0.0}
{"generation": 6, "position": 21, "parents": [51], "genome": "a(32,39) d(38) a(39,78) a(39,36) a(39,73) a(5,145) r(39,42)", "fitness": 0.0}
{"generation": 6, "position": 22, "parents": [21, 54], "genome": "a(32,39) a(31,83) r(39,93) r(29,46) d(32)", "fitness": 0.0}
{"generation": 6, "position": 23, "parents": [21, 54], "genome": "a(32,39) r(38,101) r(29,40) a(39,133) d(39)", "fitness": 0.0}
{"generation": 6, "position": 24, "parents": [21], "genome": "a(32,39) r(29,40) a(39,133) r(32,31)", "fitness": 0.0}
{"generation": 6, "position": 25, "parents": [54], "genome": "a(32,39) r(38,101) a(31,83) r(39,93) r(29,46) d(7)", "fitness": 0.0}
{"generation": 6, "position": 26, "parents": [12, 46], "genome": "d(35) r(39,93) a(29,37) a(36,47)", "fitness": 0.0}
{"generation": 6, "position": 27, "parents": [12, 46], "genome": "a(32,39) r(38,101) a(31,83) r(31,56) d(38) d(39)", "fitness": 0.0}
{"generation": 6, "position": 28, "parents": [12], "genome": "d(35) r(31,56) d(38) d(32)", "fitness": 0.0}
{"generation": 6, "position": 29, "parents": [46], "genome": "a(32,39) r(38,101) a(31,83) r(39,93) a(29,37) r(29,35)", "fitness": 0.0}
{"generation": 6, "position": 30, "parents": [18, 34], "genome": "d(6) a(38,108) r(38,42)", "fitness": 0.0}
{"generation": 6, "position": 31, "parents": [18, 34], "genome": "a(32,39) d(39) r(6,75) a(38,90) d(38) a(39,60) d(39) a(29,73) r(5,128) d(29)", "fitness": 0.0}
{"generation": 6, "position": 32, "parents": [18], "genome": "d(6) a(38,90) d(38) a(39,60) d(39) a(29,73) r(5,128) a(31,74)", "fitness": 0.0}
{"generation": 6, "position": 33, "parents": [34], "genome": "a(32,39) d(39) r(6,75) a(38,108) a(29,90)", "fitness": 0.0}
{"generation": 6, "position": 34, "parents": [31], "genome": "a(32,39) a(5,5) d(5) d(38) d(39) r(32,90) a(31,58) r(29,48)", "fitness": 0.0}
{"generation": 6, "position": 35, "parents": [30], "genome": "d(38) r(32,43) r(39,162) r(37,48) d(5) r(36,154) a(29,39)", "fitness": 0.0}
{"generation": 6, "position": 36, "parents": [17], "genome": "d(6) r(32,43) r(5,145) d(39) a(38,39) a(38,104) a(38,162)", "fitness": 0.0}
{"generation": 6, "position": 37, "parents": [4], "genome": "d(35) r(31,56) a(5,50) d(39) d(29) a(32,162) a(38,124)", "fitness": 12.0}
{"generation": 6, "position": 38, "parents": [7], "genome": "a(6,92) a(31,43) a(31,38) r(38,72) d(37) r(35,83) a(32,58)", "fitness": 0.0}
{"generation": 6, "position": 39, "parents": [27], "genome": "a(32,39) a(5,5) a(37,96) a(39,38) r(38,108) a(31,41) r(39,41) a(6,48) r(5,80)", "fitness": 0.0}
{"generation": 6, "position": 40, "parents": [12], "genome": "d(35) r(31,56) d(38) d(39)", "fitness": 0.0}
{"generation": 6, "position": 41, "parents": [42], "genome": "d(35) r(31,56) a(5,50) r(39,29) d(39) r(6,128) a(38,145) d(32)", "fitness": 0.0}
{"generation": 6, "position": 42, "parents": [18, 45], "genome": "d(6) a(38,90) d(38) a(39,60) d(39) a(29,73) r(5,128) a(39,80) d(39) r(6,128) d(31) a(37,82)", "fitness": 0.0}
{"generation": 6, "position": 43, "parents": [18, 45], "genome": "d(38) r(32,43) a(38,90) r(39,83)", "fitness": 0.0}
{"generation": 6, "position": 44, "parents": [18], "genome": "d(6) a(38,90) d(38) a(39,60) d(39) a(29,73) r(5,128) r(32,58)", "fitness": 0.0}
{"generation": 6, "position": 45, "parents": [45], "genome": "d(38) r(32,43) a(38,90) a(39,80) d(39) r(6,128) d(31) r(29,104)", "fitness": 0.0}
{"generation": 6, "position": 46, "parents": [14], "genome": "d(35) r(31,56) r(38,79) r(39,163) r(37,36) d(29) r(5,90)", "fitness": 0.0}
{"generation": 6, "position": 47, "parents": [33], "genome": "d(6) r(39,154) r(29,44) a(36,66)", "fitness": 0.0}
{"generation": 6, "position": 48, "parents": [34, 22], "genome": "a(32,39) d(39) a(32,154)", "fitness": 0.0}
{"generation": 6, "position": 49, "parents": [34, 22], "genome": "a(32,39) a(5,5) d(5) d(38) a(29,93) r(39,124) a(31,48) r(6,75) a(38,108) a(32,49)", "fitness": 0.0}
{"generation": 6, "position": 50, "parents": [34], "genome": "a(32,39) d(39) r(6,75) a(38,108) a(35,53)", "fitness": 0.0}
{"generation": 6, "position": 51, "parents": [22], "genome": "a(32,39) a(5,5) d(5) d(38) a(29,93) r(39,124) a(31,48) a(36,80)", "fitness": 0.0}
{"generation": 6, "position": 52, "parents": [25, 4], "genome": "a(32,39) a(5,5) d(39) d(29) a(32,162) a(38,36)", "fitness": 0.0}
{"generation": 6, "position": 53, "parents": [25, 4], "genome": "d(35) r(31,56) a(5,50) a(37,96) a(39,38) r(38,108) a(31,41) r(39,41) d(6) d(5)", "fitness": 0.0}
{"generation": 6, "position": 54, "parents": [25], "genome": "a(32,39) a(5,5) a(37,96) a(39,38) r(38,108) a(31,41) r(39,41) d(6) r(5,56)", "fitness": 0.0}
{"generation": 6, "position": 55, "parents": [4], "genome": "d(35) r(31,56) a(5,50) d(39) d(29) a(32,162) d(5)", "fitness": 0.0}
{"generation": 6, "position": 56, "parents": [55, 27], "genome": "d(35) r(31,56) r(38,79) r(39,163) r(32,96) r(36,43) a(31,41) r(39,41) a(6,48) a(6,108)", "fitness": 0.0}
{"generation": 6, "position": 57, "parents": [55, 27], "genome": "a(32,39) a(5,5) a(37,96) a(39,38) r(38,108) r(31,79)", "fitness": 0.0}
{"generation": 6, "position": 58, "parents": [55], "genome": "d(35) r(31,56) r(38,79) r(39,163) r(32,96) r(36,43) a(6,29)", "fitness": 0.0}
{"generation": 6, "position": 59, "parents": [27], "genome": "a(32,39) a(5,5) a(37,96) a(39,38) r(38,108) a(31,41) r(39,41) a(6,48) r(5,128)", "fitness": 0.0}
{"generation": 6, "position": 60, "parents": [17], "genome": "d(6) r(32,43) r(5,145) d(39) a(38,39) a(38,104) a(36,101)", "fitness": 0.0}
{"generation": 6, "position": 61, "parents": [28], "genome": "a(32,39) d(38) a(39,78) a(39,36) a(35,42) d(39) d(37)", "fitness": 0.0}
{"generation": 6, "position": 62, "parents": [41], "genome": "d(38) d(36) a(35,58) d(29) r(7,36) d(39) a(6,57)", "fitness": 0.0}
{"generation": 7, "position": 0, "parents": [38], "genome": "a(6,92) a(31,43) a(31,38) r(38,72) d(37) r(35,83) a(32,58) d(6)", "fitness": 0.0}
{"generation": 7, "position": 1, "parents": [7], "genome": "a(32,39) a(5,5) d(5) d(38) d(39) r(32,90) a(37,56) d(31) r(36,61)", "fitness": 0.0}
{"generation": 7, "position": 2, "parents": [4], "genome": "a(32,39) d(39) d(5) d(38) d(39) r(32,90) a(37,56) d(36) d(29)", "fitness": 0.0}
{"generation": 7, "position": 3, "parents": [25], "genome": "a(32,39) r(38,101) a(31,83) r(39,93) r(29,46) d(7) a(37,163)", "fitness": 0.0}
{"generation": 7, "position": 4, "parents": [44, 40], "genome": "d(6) a(38,90) r(31,56) d(38) d(39) a(36,162)", "fitness": 0.0}
{"generation": 7, "position": 5, "parents": [44, 40], "genome": "d(35) d(38) a(39,60) d(39) a(29,73) r(5,128) r(32,58) r(36,79)", "fitness": 0.0}
{"generation": 7, "position": 6, "parents": [44], "genome": "d(6) a(38,90) d(38) a(39,60) d(39) a(29,73) r(5,128) r(32,58) r(29,58)", "fitness": 0.0}
{"generation": 7, "position": 7, "parents": [40], "genome": "d(35) r(31,56) d(38) d(39) d(37)", "fitness": 0.0}
{"generation": 7, "position": 8, "parents": [58, 43], "genome": "d(35) r(31,56) r(38,79) r(39,163) r(32,96) r(36,43) a(6,29) a(38,90) r(39,83) r(6,51)", "fitness": 12.0}
{"generation": 7, "position": 9, "parents": [58, 43], "genome": "d(38) r(32,43) r(5,47)", "fitness": 0.0}
{"generation": 7, "position": 10, "parents": [58], "genome": "d(35) r(31,56) r(38,79) r(39,163) r(32,96) r(36,43) a(6,29) r(6,56)", "fitness": 0.0}
{"generation": 7, "position": 11, "parents": [43], "genome": "d(38) r(32,43) a(38,90) r(39,83) r(7,50)", "fitness": 12.0}
{"generation": 7, "position": 12, "parents": [7, 14], "genome": "a(32,39) a(5,5) d(5) d(38) d(39) r(32,90) a(37,56) a(38,39) a(29,124) d(38) a(31,40)", "fitness": 12.0}
{"generation": 7, "position": 13, "parents": [7, 14], "genome": "d(6) r(39,47) d(31) d(38)", "fitness": 0.0}
{"generation": 7, "position": 14, "parents": [7], "genome": "a(32,39) a(5,5) d(5) d(38) d(39) r(32,90) a(37,56) d(31) r(37,5)", "fitness": 0.0}
{"generation": 7, "position": 15, "parents": [14], "genome": "d(6) r(39,47) a(38,39) a(29,124) d(38) d(32)", "fitness": 0.0}
{"generation": 7, "position": 16, "parents": [52, 20], "genome": "a(32,39) r(38,79) r(39,41) d(32) r(36,48) r(6,154) d(29)", "fitness": 0.0}
{"generation": 7, "position": 17, "parents": [52, 20], "genome": "d(35) r(31,56) a(5,5) d(39) d(29) a(32,162) a(38,36) r(38,83)", "fitness": 0.0}
{"generation": 7, "position": 18, "parents": [52], "genome": "a(32,39) a(5,5) d(39) d(29) a(32,162) a(38,36) a(37,162)", "fitness": 0.0}
{"generation": 7, "position": 19, "parents": [20], "genome": "d(35) r(31,56) r(38,79) r(39,41) d(32) r(36,48) r(6,154) r(29,154)", "fitness": 0.0}
{"generation": 7, "position": 20, "parents": [63, 60], "genome": "d(35) r(31,56) r(38,79) r(39,163) r(37,36) d(29) a(38,104) a(36,101) r(32,91)", "fitness": 0.0}
{"generation": 7, "position": 21, "parents": [63, 60], "genome": "d(6) r(32,43) r(5,145) d(39) a(38,39) r(7,83) a(37,82)", "fitness": 0.0}
{"generation": 7, "position": 22, "parents": [63], "genome": "d(35) r(31,56) r(38,79) r(39,163) r(37,36) d(29) r(7,83) d(36)", "fitness": 0.0}
{"generation": 7, "position": 23, "parents": [60], "genome": "d(6) r(32,43) r(5,145) d(39) a(38,39) a(38,104) a(36,101) r(38,163)", "fitness": 0.0}
{"generation": 7, "position": 24, "parents": [61], "genome": "a(32,39) d(38) a(39,78) a(39,36) a(35,42) d(39) d(37) d(29)", "fitness": 0.0}
{"generation": 7, "position": 25, "parents": [4], "genome": "a(32,39) d(39) d(5) d(38) d(39) r(32,90) a(37,56) d(36) d(29)", "fitness": 0.0}
{"generation": 7, "position": 26, "parents": [51], "genome": "a(32,39) a(5,5) d(5) d(38) a(29,93) r(39,124) a(31,48) a(36,80) d(36)", "fitness": 0.0}
{"generation": 7, "position": 27, "parents": [61], "genome": "a(32,39) d(38) a(39,78) a(39,36) a(35,42) d(39) d(37) d(7)", "fitness": 12.0}
{"generation": 7, "position": 28, "parents": [15, 62], "genome": "d(35) r(31,56) r(38,79) r(39,163) r(32,96) d(36) r(37,42) d(39) a(6,57) a(5,145)", "fitness": 0.0}
{"generation": 7, "position": 29, "parents": [15, 62], "genome": "d(38) d(36) a(35,58) d(29) r(7,36) a(5,65)", "fitness": 0.0}
{"generation": 7, "position": 30, "parents": [15], "genome": "d(35) r(31,56) r(38,79) r(39,163) r(32,96) d(36) r(37,42) r(29,91)", "fitness": 0.0}
{"generation": 7, "position": 31, "parents": [62], "genome": "d(38) d(36) a(35,58) d(29) r(7,36) d(39) a(6,57) d(37)", "fitness": 0.0}
{"generation": 7, "position": 32, "parents": [34, 40], "genome": "a(32,39) a(5,5) d(5) d(38) d(39) d(39) d(35)", "fitness": 0.0}
{"generation": 7, "position": 33, "parents": [34, 40], "genome": "d(35) r(31,56) d(38) r(32,90) a(31,58) r(29,48) d(37)", "fitness": 0.0}
{"generation": 7, "position": 34, "parents": [34], "genome": "a(32,39) a(5,5) d(5) d(38) d(39) r(32,90) a(31,58) r(29,48) a(36,46)", "fitness": 0.0}
{"generation": 7, "position": 35, "parents": [40], "genome": "d(35) r(31,56) d(38) d(39) r(29,162)", "fitness": 0.0}
{"generation": 7, "position": 36, "parents": [60], "genome": "d(6) r(32,43) r(5,145) d(39) a(38,39) a(38,104) a(36,101) a(31,154)", "fitness": 0.0}
{"generation": 7, "position": 37, "parents": [30], "genome": "d(6) a(38,108) r(38,42) r(39,48)", "fitness": 0.0}
{"generation": 7, "position": 38, "parents": [57], "genome": "a(32,39) a(5,5) a(37,96) a(39,38) r(38,108) r(31,79) a(6,160)", "fitness": 0.0}
{"generation": 7, "position": 39, "parents": [12], "genome": "d(6) r(39,47) r(38,79) r(39,163) r(32,96) d(36) a(37,40) a(37,76)", "fitness": 0.0}
{"generation": 7, "position": 40, "parents": [26], "genome": "d(35) r(39,93) a(29,37) a(36,47) r(6,104)", "fitness": 0.0}
{"generation": 7, "position": 41, "parents": [35], "genome": "d(38) r(32,43) r(39,162) r(37,48) d(5) r(36,154) a(29,39) d(31)", "fitness": 0.0}
{"generation": 7, "position": 42, "parents": [46, 33], "genome": "d(35) r(31,56) r(38,79) r(39,163) r(36,60)", "fitness": 0.0}
{"generation": 7, "position": 43, "parents": [46, 33], "genome": "a(32,39) d(39) r(6,75) a(38,108) a(29,90) r(37,36) d(29) r(5,90) d(32)", "fitness": 0.0}
{"generation": 7, "position": 44, "parents": [46], "genome": "d(35) r(31,56) r(38,79) r(39,163) r(37,36) d(29) r(5,90) r(32,41)", "fitness": 0.0}
{"generation": 7, "position": 45, "parents": [33], "genome": "a(32,39) d(39) r(6,75) a(38,108) a(29,90) r(38,74)", "fitness": 0.0}
{"generation": 7, "position": 46, "parents": [52, 10], "genome": "a(32,39) a(5,5) a(37,162) d(5)", "fitness": 0.0}
{"generation": 7, "position": 47, "parents": [52, 10], "genome": "d(38) r(32,43) a(31,43) a(31,38) r(32,43) r(5,145) a(39,45) a(39,162) r(39,38) d(39) d(29) a(32,162) a(38,36) d(37)", "fitness": 0.0}
{"generation": 7, "position": 48, "parents": [52], "genome": "a(32,39) a(5,5) d(39) d(29) a(32,162) a(38,36) a(38,5)", "fitness": 0.0}
{"generation": 7, "position": 49, "parents": [10], "genome": "d(38) r(32,43) a(31,43) a(31,38) r(32,43) r(5,145) a(39,45) a(39,162) r(39,38) a(37,162) r(29,5)", "fitness": 0.0}
{"generation": 7, "position": 50, "parents": [33, 52], "genome": "a(32,39) d(39) a(5,5) d(39) d(29) a(32,162) a(38,36) d(5)", "fitness": 0.0}
{"generation": 7, "position": 51, "parents": [33, 52], "genome": "a(32,39) r(6,75) a(38,108) a(29,90) r(39,60)", "fitness": 0.0}
{"generation": 7, "position": 52, "parents": [33], "genome": "a(32,39) d(39) r(6,75) a(38,108) a(29,90) a(35,46)", "fitness": 0.0}
{"generation": 7, "position": 53, "parents": [52], "genome": "a(32,39) a(5,5) d(39) d(29) a(32,162) a(38,36) r(35,83)", "fitness": 0.0}
{"generation": 7, "position": 54, "parents": [50, 2], "genome": "a(32,39) d(39) r(6,75) a(38,108) a(35,53) r(29,31) r(37,42) a(5,90)", "fitness": 0.0}
{"generation": 7, "position": 55, "parents": [50, 2], "genome": "a(32,39) a(5,5) a(37,96) a(39,38) r(38,108) a(31,41) r(39,41) a(36,145)", "fitness": 0.0}
{"generation": 7, "position": 56, "parents": [50], "genome": "a(32,39) d(39) r(6,75) a(38,108) a(35,53) a(32,41)", "fitness": 0.0}
{"generation": 7, "position": 57, "parents": [2], "genome": "a(32,39) a(5,5) a(37,96) a(39,38) r(38,108) a(31,41) r(39,41) r(29,31) r(37,42) d(5)", "fitness": 0.0}
{"generation": 7, "position": 58, "parents": [18, 39], "genome": "d(35) r(31,56) a(39,73) a(5,145) d(38)", "fitness": 0.0}
{"generation": 7, "position": 59, "parents": [18, 39], "genome": "a(32,39) a(5,5) a(37,96) a(39,38) r(38,108) a(31,41) r(39,41) a(6,48) r(5,80) d(6) r(29,50)", "fitness": 0.0}
{"generation": 7, "position": 60, "parents": [18], "genome": "d(35) r(31,56) a(39,73) a(5,145) d(6) a(38,163)", "fitness": 0.0}
{"generation": 7, "position": 61, "parents": [39], "genome": "a(32,39) a(5,5) a(37,96) a(39,38) r(38,108) a(31,41) r(39,41) a(6,48) r(5,80) a(29,83)", "fitness": 0.0}
{"generation": 7, "position": 62, "parents": [19, 6], "genome": "a(32,39) d(38) a(39,78) a(39,36) r(6,75) a(38,108) a(36,56) r(5,49)", "fitness": 0.0}
{"generation": 7, "position": 63, "parents": [19, 6], "genome": "a(32,39) d(39) r(38,79) r(39,41) d(32) r(36,48) a(29,128) d(29)", "fitness": 0.0}
{"generation": 7, "position": 64, "parents": [19], "genome": "a(32,39) d(38) a(39,78) a(39,36) r(38,79) r(39,41) d(32) r(36,48) a(29,128) d(6)", "fitness": 0.0}
{"generation": 8, "position": 0, "parents": [62], "genome": "a(32,39) d(38) a(39,78) a(39,36) r(6,75) a(38,108) a(36,56) r(5,49) a(39,90)", "fitness": 0.0}
{"generation": 8, "position": 1, "parents": [34], "genome": "a(32,39) a(5,5) d(5) d(38) d(39) r(32,90) a(31,58) r(29,48) a(36,46) r(36,47)", "fitness": 0.0}
{"generation": 8, "position": 2, "parents": [31], "genome": "d(38) d(36) a(35,58) d(29) r(7,36) d(39) a(6,57) d(37) a(6,83)", "fitness": 0.0}
{"generation": 8, "position": 3, "parents": [59], "genome": "a(32,39) a(5,5) a(37,96) a(39,38) r(38,108) a(31,41) r(39,41) a(6,48) r(5,80) d(6) r(29,50) r(32,124)", "fitness": 12.0}
{"generation": 8, "position": 4, "parents": [9], "genome": "d(38) r(32,43) r(5,47) d(39)", "fitness": 0.0}
{"generation": 8, "position": 5, "parents": [26], "genome": "a(32,39) a(5,5) d(5) d(38) a(29,93) r(39,124) a(31,48) a(36,80) d(36) a(35,46)", "fitness": 0.0}
{"generation": 8, "position": 6, "parents": [9], "genome": "d(38) r(32,43) r(5,47) d(29)", "fitness": 0.0}
{"generation": 8, "position": 7, "parents": [14], "genome": "a(32,39) a(5,5) d(5) d(38) d(39) r(32,90) a(37,56) d(31) r(37,5) d(29)", "fitness": 0.0}
{"generation": 8, "position": 8, "parents": [14, 36], "genome": "a(32,39) a(5,5) d(5) a(38,104) a(36,101) a(31,154) a(38,95)", "fitness": 0.0}
{"generation": 8, "position": 9, "parents": [14, 36], "genome": "d(6) r(32,43) r(5,145) d(39) a(38,39) d(38) d(39) r(32,90) a(37,56) d(31) r(37,5) r(29,73)", "fitness": 0.0}
{"generation": 8, "position": 10, "parents": [14], "genome": "a(32,39) a(5,5) d(5) d(38) d(39) r(32,90) a(37,56) d(31) r(37,5) a(29,35)", "fitness": 0.0}
{"generation": 8, "position": 11, "parents": [36], "genome": "d(6) r(32,43) r(5,145) d(39) a(38,39) a(38,104) a(36,101) a(31,154) a(38,35)", "fitness": 0.0}
{"generation": 8, "position": 12, "parents": [55], "genome": "a(32,39) a(5,5) a(37,96) a(39,38) r(38,108) a(31,41) r(39,41) a(36,145) r(6,32)", "fitness": 0.0}
{"generation": 8, "position": 13, "parents": [32], "genome": "a(32,39) a(5,5) d(5) d(38) d(39) d(39) d(35) r(32,90)", "fitness": 0.0}
{"generation": 8, "position": 14, "parents": [42], "genome": "d(35) r(31,56) r(38,79) r(39,163) r(36,60) d(6)", "fitness": 0.0}
{"generation": 8, "position": 15, "parents": [53], "genome": "a(32,39) a(5,5) d(39) d(29) a(32,162) a(38,36) r(35,83) r(38,79)", "fitness": 0.0}
{"generation": 8, "position": 16, "parents": [13, 45], "genome": "d(6) r(39,66)", "fitness": 0.0}
{"generation": 8, "position": 17, "parents": [13, 45], "genome": "a(32,39) d(39) r(6,75) a(38,108) a(29,90) r(38,74) r(39,47) d(31) d(38) a(35,104)", "fitness": 0.0}
{"generation": 8, "position": 18, "parents": [13], "genome": "d(6) r(39,47) d(31) d(38) r(35,124)", "fitness": 0.0}
{"generation": 8, "position": 19, "parents": [45], "genome": "a(32,39) d(39) r(6,75) a(38,108) a(29,90) r(38,74) a(36,78)", "fitness": 0.0}
{"generation": 8, "position": 20, "parents": [41, 16], "genome": "d(38) r(32,43) r(39,162) r(37,48) d(5) r(39,41) d(32) r(36,48) r(6,154) d(29)", "fitness": 0.0}
{"generation": 8, "position": 21, "parents": [41, 16], "genome": "a(32,39) r(38,79) r(36,154) a(29,39) d(31) a(6,72)", "fitness": 0.0}
{"generation": 8, "position": 22, "parents": [41], "genome": "d(38) r(32,43) r(39,162) r(37,48) d(5) r(36,154) a(29,39) d(31) a(29,49)", "fitness": 0.0}
{"generation": 8, "position": 23, "parents": [16], "genome": "a(32,39) r(38,79) r(39,41) d(32) r(36,48) r(6,154) d(29) d(5)", "fitness": 0.0}
{"generation": 8, "position": 24, "parents": [52], "genome": "a(32,39) d(39) r(6,75) a(38,108) a(29,90) a(35,46) a(38,60)", "fitness": 0.0}
{"generation": 8, "position": 25, "parents": [32], "genome": "a(32,39) a(5,5) d(5) d(38) d(39) d(39) d(35) d(36)", "fitness": 0.0}
{"generation": 8, "position": 26, "parents": [1], "genome": "a(32,39) a(5,5) d(5) d(38) d(39) r(32,90) a(37,56) d(31) r(36,61) r(29,40)", "fitness": 0.0}
{"generation": 8, "position": 27, "parents": [64], "genome": "a(32,39) d(38) a(39,78) a(39,36) r(38,79) r(39,41) d(32) r(36,48) a(29,128) d(6) a(37,38)", "fitness": 0.0}
{"generation": 8, "position": 28, "parents": [33, 57], "genome": "d(35) r(31,56) d(38) r(32,90) d(5) d(39)", "fitness": 0.0}
{"generation": 8, "position": 29, "parents": [33, 57], "genome": "a(32,39) a(5,5) a(37,96) a(39,38) r(38,108) a(31,41) r(39,41) r(29,31) r(37,42) a(31,58) r(29,48) d(37) a(35,36)", "fitness": 0.0}
{"generation": 8, "position": 30, "parents": [33], "genome": "d(35) r(31,56) d(38) r(32,90) a(31,58) r(29,48) d(37) a(6,93)", "fitness": 0.0}
{"generation": 8, "position": 31, "parents": [57], "genome": "a(32,39) a(5,5) a(37,96) a(39,38) r(38,108) a(31,41) r(39,41) r(29,31) r(37,42) d(5) d(35)", "fitness": 0.0}
{"generation": 8, "position": 32, "parents": [10, 13], "genome": "d(35) r(31,56) r(38,79) r(39,163) r(32,96) r(36,43) a(6,29) r(6,56) d(31) d(38) r(37,35)", "fitness": 0.0}
{"generation": 8, "position": 33, "parents": [10, 13], "genome": "d(6) r(39,47) r(31,61)", "fitness": 0.0}
{"generation": 8, "position": 34, "parents": [10], "genome": "d(35) r(31,56) r(38,79) r(39,163) r(32,96) r(36,43) a(6,29) r(6,56) d(5)", "fitness": 0.0}
{"generation": 8, "position": 35, "parents": [13], "genome": "d(6) r(39,47) d(31) d(38) r(32,38)", "fitness": 0.0}
{"generation": 8, "position": 36, "parents": [65], "genome": "a(32,39) d(39) r(6,75) a(38,108) a(36,56) d(38) d(32)", "fitness": 0.0}
{"generation": 8, "position": 37, "parents": [56], "genome": "a(32,39) d(39) r(6,75) a(38,108) a(35,53) a(32,41) r(5,58)", "fitness": 0.0}
{"generation": 8, "position": 38, "parents": [22], "genome": "d(35) r(31,56) r(38,79) r(39,163) r(37,36) d(29) r(7,83) d(36) a(32,160)", "fitness": 0.0}
{"generation": 8, "position": 39, "parents": [41], "genome": "d(38) r(32,43) r(39,162) r(37,48) d(5) r(36,154) a(29,39) d(31) r(29,44)", "fitness": 0.0}
{"generation": 8, "position": 40, "parents": [29, 16], "genome": "d(38) a(39,65)", "fitness": 4.0}
{"generation": 8, "position": 41, "parents": [29, 16], "genome": "a(32,39) r(38,79) r(39,41) d(32) r(36,48) r(6,154) d(29) d(36) a(35,58) d(29) r(7,36) a(5,65) r(5,29)", "fitness": 0.0}
{"generation": 8, "position": 42, "parents": [29], "genome": "d(38) d(36) a(35,58) d(29) r(7,36) a(5,65) d(39)", "fitness": 0.0}
{"generation": 8, "position": 43, "parents": [16], "genome": "a(32,39) r(38,79) r(39,41) d(32) r(36,48) r(6,154) d(29) r(5,125)", "fitness": 0.0}
{"generation": 8, "position": 44, "parents": [64, 57], "genome": "a(32,39) d(38) a(39,78) r(38,108) a(31,41) r(39,41) r(29,31) r(37,42) d(5) r(36,80)", "fitness": 0.0}
{"generation": 8, "position": 45, "parents": [64, 57], "genome": "a(32,39) a(5,5) a(37,96) a(39,38) a(39,36) r(38,79) r(39,41) d(32) r(36,48) a(29,128) d(6) a(31,93)", "fitness": 0.0}
{"generation": 8, "position": 46, "parents": [64], "genome": "a(32,39) d(38) a(39,78) a(39,36) r(38,79) r(39,41) d(32) r(36,48) a(29,128) d(6) d(31)", "fitness": 0.0}
{"generation": 8, "position": 47, "parents": [57], "genome": "a(32,39) a(5,5) a(37,96) a(39,38) r(38,108) a(31,41) r(39,41) r(29,31) r(37,42) d(5) d(36)", "fitness": 0.0}
{"generation": 8, "position": 48, "parents": [53, 42], "genome": "a(32,39) a(5,5) d(39) d(29) r(38,79) r(39,163) r(36,60) d(5)", "fitness": 0.0}
{"generation": 8, "position": 49, "parents": [53, 42], "genome": "d(35) r(31,56) a(32,162) a(38,36) r(35,83) r(38,44)", "fitness": 0.0}
{"generation": 8, "position": 50, "parents": [53], "genome": "a(32,39) a(5,5) d(39) d(29) a(32,162) a(38,36) r(35,83) a(37,82)", "fitness": 0.0}
{"generation": 8, "position": 51, "parents": [42], "genome": "d(35) r(31,56) r(38,79) r(39,163) r(36,60) a(7,124)", "fitness": 0.0}
{"generation": 8, "position": 52, "parents": [55], "genome": "a(32,39) a(5,5) a(37,96) a(39,38) r(38,108) a(31,41) r(39,41) a(36,145) a(5,95)", "fitness": 0.0}
{"generation": 8, "position": 53, "parents": [16], "genome": "a(32,39) r(38,79) r(39,41) d(32) r(36,48) r(6,154) d(29) a(5,95)", "fitness": 0.0}
{"generation": 8, "position": 54, "parents": [38], "genome": "a(32,39) a(5,5) a(37,96) a(39,38) r(38,108) r(31,79) a(6,160) a(35,108)", "fitness": 0.0}
{"generation": 9, "position": 0, "parents": [23], "genome": "a(32,39) r(38,79) r(39,41) d(32) r(36,48) r(6,154) d(29) d(5) a(37,128)", "fitness": 0.0}
{"generation": 9, "position": 1, "parents": [51], "genome": "d(35) r(31,56) r(38,79) r(39,163) r(36,60) a(7,124) d(37)", "fitness": 0.0}
{"generation": 9, "position": 2, "parents": [41], "genome": "a(32,39) r(38,79) r(39,41) d(32) r(36,48) r(6,154) d(29) d(36) a(35,58) d(29) r(7,36) a(5,65) r(5,29) a(37,101)", "fitness": 0.0}
{"generation": 9, "position": 3, "parents": [54], "genome": "a(32,39) a(5,5) a(37,96) a(39,38) r(38,108) r(31,79) a(6,160) a(35,108) a(39,60)", "fitness": 0.0}
{"generation": 9, "position": 4, "parents": [35], "genome": "d(6) r(39,47) d(31) d(38) r(32,38) r(29,66)", "fitness": 0.0}
{"generation": 9, "position": 5, "parents": [25], "genome": "a(32,39) a(5,5) d(5) d(38) d(39) d(39) d(35) d(36) d(29)", "fitness": 0.0}
{"generation": 9, "position": 6, "parents": [50, 52], "genome": "a(32,39) a(5,5) d(39) d(29) a(32,162) a(38,36) r(35,83) a(5,5) a(37,96) a(39,38) r(38,108) a(31,41) r(39,41) a(36,145) a(5,95) a(32,49)", "fitness": 0.0}
{"generation": 9, "position": 7, "parents": [50, 52], "genome": "a(32,39) a(37,82) a(39,37)", "fitness": 0.0}
{"generation": 9, "position": 8, "parents": [50], "genome": "a(32,39) a(5,5) d(39) d(29) a(32,162) a(38,36) r(35,83) a(37,82) a(38,124)", "fitness": 0.0}
{"generation": 9, "position": 9, "parents": [52], "genome": "a(32,39) a(5,5) a(37,96) a(39,38) r(38,108) a(31,41) r(39,41) a(36,145) a(5,95) r(6,7)", "fitness": 0.0}
{"generation": 9, "position": 10, "parents": [17, 55], "genome": "a(32,39) d(39) r(6,75) r(39,162) r(37,48) d(5) r(36,154) a(29,39) d(31) a(29,31) d(32)", "fitness": 0.0}
{"generation": 9, "position": 11, "parents": [17, 55], "genome": "d(38) r(32,43) a(38,108) a(29,90) r(38,74) r(39,47) d(31) d(38) a(35,104) a(36,32)", "fitness": 0.0}
{"generation": 9, "position": 12, "parents": [17], "genome": "a(32,39) d(39) r(6,75) a(38,108) a(29,90) r(38,74) r(39,47) d(31) d(38) a(35,104) d(29)", "fitness": 0.0}
{"generation": 9, "position": 13, "parents": [55], "genome": "d(38) r(32,43) r(39,162) r(37,48) d(5) r(36,154) a(29,39) d(31) a(29,31) a(29,5)", "fitness": 0.0}
{"generation": 9, "position": 14, "parents": [8, 10], "genome": "a(32,39) a(5,5) d(5) a(38,104) r(32,90) a(37,56) d(31) r(37,5) a(29,35) a(29,79)", "fitness": 0.0}
{"generation": 9, "position": 15, "parents": [8, 10], "genome": "a(32,39) a(5,5) d(5) d(38) d(39) a(36,101) a(31,154) a(38,95) a(35,29)", "fitness": 0.0}
{"generation": 9, "position": 16, "parents": [8], "genome": "a(32,39) a(5,5) d(5) a(38,104) a(36,101) a(31,154) a(38,95) d(39)", "fitness": 0.0}
{"generation": 9, "position": 17, "parents": [10], "genome": "a(32,39) a(5,5) d(5) d(38) d(39) r(32,90) a(37,56) d(31) r(37,5) a(29,35) d(36)", "fitness": 0.0}
{"generation": 9, "position": 18, "parents": [25], "genome": "a(32,39) a(5,5) d(5) d(38) d(39) d(39) d(35) d(36) a(32,50)", "fitness": 0.0}
{"generation": 9, "position": 19, "parents": [32], "genome": "d(35) r(31,56) r(38,79) r(39,163) r(32,96) r(36,43) a(6,29) r(6,56) d(31) d(38) r(37,35) a(5,74)", "fitness": 0.0}
{"generation": 9, "position": 20, "parents": [4], "genome": "d(38) r(32,43) r(5,47) d(39) d(36)", "fitness": 0.0}
{"generation": 9, "position": 21, "parents": [18], "genome": "d(6) r(39,47) d(31) d(38) r(35,124) d(36)", "fitness": 0.0}
{"generation": 9, "position": 22, "parents": [9, 29], "genome": "d(6) r(32,43) r(5,145) a(5,5) a(37,96) a(39,38) r(38,108) a(31,41) r(39,41) r(29,31) r(37,42) a(31,58) r(29,48) d(37) a(35,36) a(36,43)", "fitness": 0.0}
{"generation": 9, "position": 23, "parents": [9, 29], "genome": "a(32,39) d(39) a(38,39) d(38) d(39) r(32,90) a(37,56) d(31) r(37,5) r(29,73) a(5,53)", "fitness": 0.0}
{"generation": 9, "position": 24, "parents": [9], "genome": "d(6) r(32,43) r(5,145) d(39) a(38,39) d(38) d(39) r(32,90) a(37,56) d(31) r(37,5) r(29,73) a(36,108)", "fitness": 0.0}
{"generation": 9, "position": 25, "parents": [29], "genome": "a(32,39) a(5,5) a(37,96) a(39,38) r(38,108) a(31,41) r(39,41) r(29,31) r(37,42) a(31,58) r(29,48) d(37) a(35,36) d(32)", "fitness": 0.0}
{"generation": 9, "position": 26, "parents": [30], "genome": "d(35) r(31,56) d(38) r(32,90) a(31,58) r(29,48) d(37) a(6,93) a(5,39)", "fitness": 0.0}
{"generation": 9, "position": 27, "parents": [10], "genome": "a(32,39) a(5,5) d(5) d(38) d(39) r(32,90) a(37,56) d(31) r(37,5) a(29,35) r(29,128)", "fitness": 0.0}
{"generation": 9, "position": 28, "parents": [17, 48], "genome": "a(32,39) r(38,79) r(39,163) r(36,60) d(5) a(37,160)", "fitness": 0.0}
{"generation": 9, "position": 29, "parents": [17, 48], "genome": "a(32,39) a(5,5) d(39) d(29) d(39) r(6,75) a(38,108) a(29,90) r(38,74) r(39,47) d(31) d(38) a(35,104) a(37,160)", "fitness": 0.0}
{"generation": 9, "position": 30, "parents": [17], "genome": "a(32,39) d(39) r(6,75) a(38,108) a(29,90) r(38,74) r(39,47) d(31) d(38) a(35,104) a(5,42)", "fitness": 0.0}
{"generation": 9, "position": 31, "parents": [48], "genome": "a(32,39) a(5,5) d(39) d(29) r(38,79) r(39,163) r(36,60) d(5) a(32,101)", "fitness": 12.0}
{"generation": 9, "position": 32, "parents": [11], "genome": "d(6) r(32,43) r(5,145) d(39) a(38,39) a(38,104) a(36,101) a(31,154) a(38,35) a(38,125)", "fitness": 0.0}
{"generation": 9, "position": 33, "parents": [31], "genome": "a(32,39) a(5,5) a(37,96) a(39,38) r(38,108) a(31,41) r(39,41) r(29,31) r(37,42) d(5) d(35) a(32,42)", "fitness": 0.0}
{"generation": 9, "position": 34, "parents": [28, 27], "genome": "d(35) r(31,56) d(38) r(32,90) a(39,36) r(38,79) r(39,41) d(32) r(36,48) a(29,128) d(6) a(37,38) a(29,46)", "fitness": 0.0}
{"generation": 9, "position": 35, "parents": [28, 27], "genome": "a(32,39) d(38) a(39,78) d(5) d(39) d(31)", "fitness": 0.0}
{"generation": 9, "position": 36, "parents": [28], "genome": "d(35) r(31,56) d(38) r(32,90) d(5) d(39) a(36,40)", "fitness": 0.0}
{"generation": 9, "position": 37, "parents": [27], "genome": "a(32,39) d(38) a(39,78) a(39,36) r(38,79) r(39,41) d(32) r(36,48) a(29,128) d(6) a(37,38) r(37,53)", "fitness": 0.0}
{"generation": 9, "position": 38, "parents": [23, 2], "genome": "a(32,39) r(38,79) r(39,41) d(32) r(36,48) r(6,154) d(29) d(5) d(39) a(6,57) d(37) a(6,83)", "fitness": 0.0}
{"generation": 9, "position": 39, "parents": [23, 2], "genome": "d(38) d(36) a(35,58) d(29) r(7,36) a(37,43)", "fitness": 0.0}
{"generation": 9, "position": 40, "parents": [23], "genome": "a(32,39) r(38,79) r(39,41) d(32) r(36,48) r(6,154) d(29) d(5) d(37)", "fitness": 0.0}
{"generation": 9, "position": 41, "parents": [2], "genome": "d(38) d(36) a(35,58) d(29) r(7,36) d(39) a(6,57) d(37) a(6,83) d(5)", "fitness": 0.0}
{"generation": 9, "position": 42, "parents": [46, 44], "genome": "a(32,39) d(38) a(39,78) a(39,36) r(38,79) r(39,41) d(32) r(36,48) a(29,128) r(38,108) a(31,41) r(39,41) r(29,31) r(37,42) d(5) r(36,80)", "fitness": 0.0}
{"generation": 9, "position": 43, "parents": [46, 44], "genome": "a(32,39) d(38) a(39,78) d(6) d(31) a(39,90)", "fitness": 0.0}
{"generation": 9, "position": 44, "parents": [46], "genome": "a(32,39) d(38) a(39,78) a(39,36) r(38,79) r(39,41) d(32) r(36,48) a(29,128) d(6) d(31) r(37,36)", "fitness": 0.0}
{"generation": 9, "position": 45, "parents": [44], "genome": "a(32,39) d(38) a(39,78) r(38,108) a(31,41) r(39,41) r(29,31) r(37,42) d(5) r(36,80) a(35,95)", "fitness": 0.0}
{"generation": 9, "position": 46, "parents": [39], "genome": "d(38) r(32,43) r(39,162) r(37,48) d(5) r(36,154) a(29,39) d(31) r(29,44)", "fitness": 0.0}
{"generation": 9, "position": 47, "parents": [44], "genome": "a(32,39) d(38) a(39,78) r(38,108) a(31,41) r(39,41) r(29,31) r(37,42) d(5) r(36,80) a(32,58)", "fitness": 0.0}
{"generation": 9, "position": 48, "parents": [8], "genome": "a(32,39) a(5,5) d(5) a(38,104) a(36,101) a(31,154) a(38,95) a(36,66)", "fitness": 0.0}
{"generation": 9, "position": 49, "parents": [53], "genome": "a(32,39) r(38,79) r(39,41) d(32) r(36,48) r(6,154) d(29) a(5,95) r(5,101)", "fitness": 12.0}
{"generation": 9, "position": 50, "parents": [10, 31], "genome": "a(32,39) a(5,5) d(5) d(38) d(39) r(32,90) a(37,56) d(35) r(37,133)", "fitness": 0.0}
{"generation": 9, "position": 51, "parents": [10, 31], "genome": "a(32,39) a(5,5) a(37,96) a(39,38) r(38,108) a(31,41) r(39,41) r(29,31) r(37,42) d(5) d(31) r(37,5) a(29,35) d(35)", "fitness": 0.0}
{"generation": 9, "position": 52, "parents": [10], "genome": "a(32,39) a(5,5) d(5) d(38) d(39) r(32,90) a(37,56) d(31) r(37,5) a(29,35) a(36,66)", "fitness": 0.0}
{"generation": 9, "position": 53, "parents": [31], "genome": "a(32,39) a(5,5) a(37,96) a(39,38) r(38,108) a(31,41) r(39,41) r(29,31) r(37,42) d(5) d(35) a(36,133)", "fitness": 0.0}
{"generation": 9, "position": 54, "parents": [47, 49], "genome": "a(32,39) a(5,5) a(37,96) a(39,38) r(38,108) a(31,41) r(39,41) r(29,31) r(37,42) a(38,36) r(35,83) r(38,44) r(5,124)", "fitness": 12.0}
{"generation": 9, "position": 55, "parents": [47, 49], "genome": "d(35) r(31,56) a(32,162) d(5) d(36) r(38,49)", "fitness": 0.0}
{"generation": 9, "position": 56, "parents": [47], "genome": "a(32,39) a(5,5) a(37,96) a(39,38) r(38,108) a(31,41) r(39,41) r(29,31) r(37,42) d(5) d(36) a(32,66)", "fitness": 0.0}
{"generation": 9, "position": 57, "parents": [49], "genome": "d(35) r(31,56) a(32,162) a(38,36) r(35,83) r(38,44) d(37)", "fitness": 0.0}
{"generation": 9, "position": 58, "parents": [37, 32], "genome": "a(32,39) d(39) r(6,75) d(31) d(38) r(37,35) r(5,154)", "fitness": 0.0}
{"generation": 9, "position": 59, "parents": [37, 32], "genome": "d(35) r(31,56) r(38,79) r(39,163) r(32,96) r(36,43) a(6,29) r(6,56) a(38,108) a(35,53) a(32,41) r(5,58) d(29)", "fitness": 0.0}
{"generation": 9, "position": 60, "parents": [37], "genome": "a(32,39) d(39) r(6,75) a(38,108) a(35,53) a(32,41) r(5,58) d(38)", "fitness": 0.0}
{"generation": 10, "position": 0, "parents": [37, 8], "genome": "a(32,39) d(38) a(39,78) a(39,36) r(38,79) a(38,124) a(32,38)", "fitness": 0.0}
{"generation": 10, "position": 1, "parents": [37, 8], "genome": "a(32,39) a(5,5) d(39) d(29) a(32,162) a(38,36) r(35,83) a(37,82) r(39,41) d(32) r(36,48) a(29,128) d(6) a(37,38) r(37,53) d(5)", "fitness": 0.0}
{"generation": 10, "position": 2, "parents": [37], "genome": "a(32,39) d(38) a(39,78) a(39,36) r(38,79) r(39,41) d(32) r(36,48) a(29,128) d(6) a(37,38) r(37,53) r(29,160)", "fitness": 0.0}
{"generation": 10, "position": 3, "parents": [8], "genome": "a(32,39) a(5,5) d(39) d(29) a(32,162) a(38,36) r(35,83) a(37,82) a(38,124) d(5)", "fitness": 0.0}
{"generation": 10, "position": 4, "parents": [59], "genome": "d(35) r(31,56) r(38,79) r(39,163) r(32,96) r(36,43) a(6,29) r(6,56) a(38,108) a(35,53) a(32,41) r(5,58) d(29) d(37)", "fitness": 0.0}
{"generation": 10, "position": 5, "parents": [41], "genome": "d(38) d(36) a(35,58) d(29) r(7,36) d(39) a(6,57) d(37) a(6,83) d(5) d(35)", "fitness": 0.0}
{"generation": 10, "position": 6, "parents": [13, 9], "genome": "d(38) r(32,43) r(39,162) r(6,7) a(5,78)", "fitness": 0.0}
{"generation": 10, "position": 7, "parents": [13, 9], "genome": "a(32,39) a(5,5) a(37,96) a(39,38) r(38,108) a(31,41) r(39,41) a(36,145) a(5,95) r(37,48) d(5) r(36,154) a(29,39) d(31) a(29,31) a(29,5) d(35)", "fitness": 0.0}
{"generation": 10, "position": 8, "parents": [13], "genome": "d(38) r(32,43) r(39,162) r(37,48) d(5) r(36,154) a(29,39) d(31) a(29,31) a(29,5) d(29)", "fitness": 0.0}
{"generation": 10, "position": 9, "parents": [9], "genome": "a(32,39) a(5,5) a(37,96) a(39,38) r(38,108) a(31,41) r(39,41) a(36,145) a(5,95) r(6,7) a(35,163)", "fitness": 12.0}
{"generation": 10, "position": 10, "parents": [32], "genome": "d(6) r(32,43) r(5,145) d(39) a(38,39) a(38,104) a(36,101) a(31,154) a(38,35) a(38,125) a(38,73)", "fitness": 0.0}
{"generation": 10, "position": 11, "parents": [44], "genome": "a(32,39) d(38) a(39,78) a(39,36) r(38,79) r(39,41) d(32) r(36,48) a(29,128) d(6) d(31) r(37,36) d(5)", "fitness": 0.0}
{"generation": 10, "position": 12, "parents": [61], "genome": "d(35) r(31,56) r(38,79) r(39,163) r(32,96) r(36,43) a(6,29) r(6,56) d(31) d(38) r(37,35) d(29) a(5,66)", "fitness": 0.0}
{"generation": 10, "position": 13, "parents": [61], "genome": "d(35) r(31,56) r(38,79) r(39,163) r(32,96) r(36,43) a(6,29) r(6,56) d(31) d(38) r(37,35) d(29) r(5,96)", "fitness": 0.0}
{"generation": 10, "position": 14, "parents": [52, 52], "genome": "a(32,39) a(5,5) d(5) d(38) d(39) r(32,90) a(29,35) a(36,66) r(29,145)", "fitness": 0.0}
{"generation": 10, "position": 15, "parents": [52, 52], "genome": "a(32,39) a(5,5) d(5) d(38) d(39) r(32,90) a(37,56) d(31) r(37,5) a(37,56) d(31) r(37,5) a(29,35) a(36,66) d(36)", "fitness": 0.0}
{"generation": 10, "position": 16, "parents": [52], "genome": "a(32,39) a(5,5) d(5) d(38) d(39) r(32,90) a(37,56) d(31) r(37,5) a(29,35) a(36,66) r(36,50)", "fitness": 0.0}
{"generation": 10, "position": 17, "parents": [52], "genome": "a(32,39) a(5,5) d(5) d(38) d(39) r(32,90) a(37,56) d(31) r(37,5) a(29,35) a(36,66) a(36,163)", "fitness": 0.0}
{"generation": 10, "position": 18, "parents": [57, 35], "genome": "d(35) r(31,56) a(32,162) a(38,36) r(35,83) r(38,44) d(37) a(39,78) d(5) d(39) d(31) a(36,60)", "fitness": 0.0}
{"generation": 10, "position": 19, "parents": [57, 35], "genome": "a(32,39) d(38) r(5,43)", "fitness": 0.0}
{"generation": 10, "position": 20, "parents": [57], "genome": "d(35) r(31,56) a(32,162) a(38,36) r(35,83) r(38,44) d(37) a(32,44)", "fitness": 0.0}
{"generation": 10, "position": 21, "parents": [35], "genome": "a(32,39) d(38) a(39,78) d(5) d(39) d(31) a(35,56)", "fitness": 0.0}
{"generation": 10, "position": 22, "parents": [2], "genome": "a(32,39) r(38,79) r(39,41) d(32) r(36,48) r(6,154) d(29) d(36) a(35,58) d(29) r(7,36) a(5,65) r(5,29) a(37,101) d(37)", "fitness": 0.0}
{"generation": 10, "position": 23, "parents": [57], "genome": "d(35) r(31,56) a(32,162) a(38,36) r(35,83) r(38,44) d(37) r(7,60)", "fitness": 12.0}
{"generation": 10, "position": 24, "parents": [10], "genome": "a(32,39) d(39) r(6,75) r(39,162) r(37,48) d(5) r(36,154) a(29,39) d(31) a(29,31) d(32) a(29,101)", "fitness": 12.0}
{"generation": 10, "position": 25, "parents": [37], "genome": "a(32,39) d(38) a(39,78) a(39,36) r(38,79) r(39,41) d(32) r(36,48) a(29,128) d(6) a(37,38) r(37,53) r(31,82)", "fitness": 0.0}
{"generation": 10, "position": 26, "parents": [48, 33], "genome": "a(32,39) a(5,5) r(39,41) r(29,31) r(37,42) d(5) d(35) a(32,42) d(36)", "fitness": 0.0}
{"generation": 10, "position": 27, "parents": [48, 33], "genome": "a(32,39) a(5,5) a(37,96) a(39,38) r(38,108) a(31,41) d(5) a(38,104) a(36,101) a(31,154) a(38,95) a(36,66) a(39,38)", "fitness": 0.0}
{"generation": 10, "position": 28, "parents": [48], "genome": "a(32,39) a(5,5) d(5) a(38,104) a(36,101) a(31,154) a(38,95) a(36,66) a(39,40)", "fitness": 0.0}
{"generation": 10, "position": 29, "parents": [33], "genome": "a(32,39) a(5,5) a(37,96) a(39,38) r(38,108) a(31,41) r(39,41) r(29,31) r(37,42) d(5) d(35) a(32,42) r(36,61)", "fitness": 0.0}
{"generation": 10, "position": 30, "parents": [45], "genome": "a(32,39) d(38) a(39,78) r(38,108) a(31,41) r(39,41) r(29,31) r(37,42) d(5) r(36,80) a(35,95) d(35)", "fitness": 0.0}
{"generation": 10, "position": 31, "parents": [8], "genome": "a(32,39) a(5,5) d(39) d(29) a(32,162) a(38,36) r(35,83) a(37,82) a(38,124) r(32,44)", "fitness": 0.0}
{"generation": 10, "position": 32, "parents": [43, 11], "genome": "a(32,39) d(38) a(39,78) d(6) d(31) a(39,90) r(38,74) r(39,47) d(31) d(38) a(35,104) a(36,32) d(36)", "fitness": 0.0}
{"generation": 10, "position": 33, "parents": [43, 11], "genome": "d(38) r(32,43) a(38,108) a(29,90) d(39)", "fitness": 0.0}
{"generation": 10, "position": 34, "parents": [43], "genome": "a(32,39) d(38) a(39,78) d(6) d(31) a(39,90) r(39,74)", "fitness": 0.0}
{"generation": 10, "position": 35, "parents": [11], "genome": "d(38) r(32,43) a(38,108) a(29,90) r(38,74) r(39,47) d(31) d(38) a(35,104) a(36,32) r(5,133)", "fitness": 0.0}
{"generation": 10, "position": 36, "parents": [11], "genome": "d(38) r(32,43) a(38,108) a(29,90) r(38,74) r(39,47) d(31) d(38) a(35,104) a(36,32) d(37)", "fitness": 0.0}
{"generation": 10, "position": 37, "parents": [27], "genome": "a(32,39) a(5,5) d(5) d(38) d(39) r(32,90) a(37,56) d(31) r(37,5) a(29,35) r(29,128) d(36)", "fitness": 0.0}
{"generation": 10, "position": 38, "parents": [8], "genome": "a(32,39) a(5,5) d(39) d(29) a(32,162) a(38,36) r(35,83) a(37,82) a(38,124) r(38,133)", "fitness": 0.0}
{"generation": 10, "position": 39, "parents": [36], "genome": "d(35) r(31,56) d(38) r(32,90) d(5) d(39) a(36,40) d(37)", "fitness": 0.0}
{"generation": 10, "position": 40, "parents": [0], "genome": "a(32,39) r(38,79) r(39,41) d(32) r(36,48) r(6,154) d(29) d(5) a(37,128) d(37)", "fitness": 0.0}
{"generation": 10, "position": 41, "parents": [34], "genome": "d(35) r(31,56) d(38) r(32,90) a(39,36) r(38,79) r(39,41) d(32) r(36,48) a(29,128) d(6) a(37,38) a(29,46) r(37,46)", "fitness": 0.0}
{"generation": 10, "position": 42, "parents": [17, 20], "genome": "a(32,39) a(5,5) d(5) d(38) d(39) d(36) a(32,31)", "fitness": 0.0}
{"generation": 10, "position": 43, "parents": [17, 20], "genome": "d(38) r(32,43) r(5,47) d(39) r(32,90) a(37,56) d(31) r(37,5) a(29,35) d(36) d(29)", "fitness": 0.0}
{"generation": 10, "position": 44, "parents": [17], "genome": "a(32,39) a(5,5) d(5) d(38) d(39) r(32,90) a(37,56) d(31) r(37,5) a(29,35) d(36) d(29)", "fitness": 0.0}
{"generation": 10, "position": 45, "parents": [20], "genome": "d(38) r(32,43) r(5,47) d(39) d(36) d(37)", "fitness": 0.0}
{"generation": 10, "position": 46, "parents": [16, 47], "genome": "a(32,39) a(31,41) r(39,41) r(29,31) r(37,42) d(5) r(36,80) a(32,58) d(32)", "fitness": 0.0}
{"generation": 10, "position": 47, "parents": [16, 47], "genome": "a(32,39) d(38) a(39,78) r(38,108) a(5,5) d(5) a(38,104) a(36,101) a(31,154) a(38,95) d(39) a(36,32)", "fitness": 0.0}
{"generation": 10, "position": 48, "parents": [16], "genome": "a(32,39) a(5,5) d(5) a(38,104) a(36,101) a(31,154) a(38,95) d(39) r(38,79)", "fitness": 0.0}
{"generation": 10, "position": 49, "parents": [47], "genome": "a(32,39) d(38) a(39,78) r(38,108) a(31,41) r(39,41) r(29,31) r(37,42) d(5) r(36,80) a(32,58) r(32,61)", "fitness": 0.0}
{"generation": 10, "position": 50, "parents": [32, 60], "genome": "d(6) r(32,43) r(5,145) d(39) a(38,39) r(6,75) a(38,108) a(35,53) a(32,41) r(5,58) d(38) d(31)", "fitness": 0.0}
{"generation": 10, "position": 51, "parents": [32, 60], "genome": "a(32,39) d(39) a(38,104) a(36,101) a(31,154) a(38,35) a(38,125) r(29,45)", "fitness": 0.0}
{"generation": 10, "position": 52, "parents": [32], "genome": "d(6) r(32,43) r(5,145) d(39) a(38,39) a(38,104) a(36,101) a(31,154) a(38,35) a(38,125) d(38)", "fitness": 0.0}
{"generation": 10, "position": 53, "parents": [60], "genome": "a(32,39) d(39) r(6,75) a(38,108) a(35,53) a(32,41) r(5,58) d(38) d(36)", "fitness": 0.0}
{"generation": 10, "position": 54, "parents": [48], "genome": "a(32,39) a(5,5) d(5) a(38,104) a(36,101) a(31,154) a(38,95) a(36,66) r(38,108)", "fitness": 0.0}
{"generation": 10, "position": 55, "parents": [6], "genome": "a(32,39) a(5,5) d(39) d(29) a(32,162) a(38,36) r(35,83) a(5,5) a(37,96) a(39,38) r(38,108) a(31,41) r(39,41) a(36,145) a(5,95) a(32,49) a(6,40)", "fitness": 0.0}
{"generation": 10, "position": 56, "parents": [6], "genome": "a(32,39) a(5,5) d(39) d(29) a(32,162) a(38,36) r(35,83) a(5,5) a(37,96) a(39,38) r(38,108) a(31,41) r(39,41) a(36,145) a(5,95) a(32,49) r(6,53)", "fitness": 0.0}