[meta]
{"program": "genprog-3.0", "problem": {"ideal_fitness": "12", "type": "repair", "name": "ultrix-look", "enclosure": {"1": 0, "2": 0, "3": 0, "4": 0, "5": 0, "6": 5, "7": 6, "8": 7, "11": 5, "12": 11, "14": 0, "16": 0, "18": 0, "19": 0, "20": 19, "21": 19, "26": 11, "27": 5, "28": 5, "29": 0, "30": 29, "31": 29, "32": 0, "33": 32, "34": 32, "35": 32, "36": 0, "37": 0, "38": 37, "39": 37, "40": 37, "41": 0, "42": 0, "43": 0, "44": 0, "45": 0, "46": 45, "47": 45, "48": 45, "49": 48, "50": 48, "51": 48, "52": 51, "53": 52, "56": 45, "57": 45, "58": 57, "60": 45, "61": 45, "63": 0, "65": 63, "66": 0, "68": 0, "71": 45, "72": 0, "73": 0, "74": 73, "75": 73, "76": 75, "78": 73, "79": 73, "80": 79, "81": 79, "82": 73, "83": 73, "85": 0, "86": 0, "90": 0, "91": 90, "92": 90, "93": 92, "95": 90, "96": 90, "98": 0, "101": 0, "102": 0, "103": 102, "104": 103, "106": 102, "107": 106, "108": 106, "109": 102, "110": 102, "111": 0, "112": 111, "113": 111, "114": 113, "115": 113, "116": 115, "117": 115, "118": 113, "119": 111, "120": 0, "121": 0, "122": 121, "123": 121, "124": 123, "125": 123, "126": 121, "128": 126, "129": 121, "130": 121, "131": 121, "132": 0, "133": 0, "134": 0, "135": 134, "136": 134, "137": 134, "138": 134, "139": 134, "140": 139, "142": 139, "143": 142, "145": 142, "146": 134, "147": 146, "148": 146, "149": 148, "150": 148, "151": 148, "152": 151, "154": 146, "155": 134, "156": 155, "157": 155, "158": 157, "159": 157, "160": 155, "161": 134, "162": 134, "163": 0}}, "version": "0.0.2", "seed": 29, "algorithm": {"representation": "patch", "type": "genetic", "name": "ALGORITHM-NAME"}}

[data]
{"generation": 0, "position": 0, "parents": [], "genome": "a(39,47)", "fitness": 4.0}
{"generation": 0, "position": 1, "parents": [], "genome": "a(32,96)", "fitness": 4.0}
{"generation": 0, "position": 2, "parents": [], "genome": "a(38,49)", "fitness": 4.0}
{"generation": 0, "position": 3, "parents": [], "genome": "r(38,32)", "fitness": 4.0}
{"generation": 0, "position": 4, "parents": [], "genome": "a(39,125)", "fitness": 4.0}
{"generation": 0, "position": 5, "parents": [], "genome": "r(36,66)", "fitness": 0.0}
{"generation": 0, "position": 6, "parents": [], "genome": "d(39)", "fitness": 4.0}
{"generation": 0, "position": 7, "parents": [], "genome": "r(31,124)", "fitness": 12.0}
{"generation": 0, "position": 8, "parents": [], "genome": "r(5,90)", "fitness": 0.0}
{"generation": 0, "position": 9, "parents": [], "genome": "a(38,50)", "fitness": 4.0}
{"generation": 0, "position": 10, "parents": [], "genome": "a(5,46)", "fitness": 4.0}
{"generation": 0, "position": 11, "parents": [], "genome": "a(38,40)", "fitness": 4.0}
{"generation": 0, "position": 12, "parents": [], "genome": "a(39,53)", "fitness": 4.0}
{"generation": 0, "position": 13, "parents": [], "genome": "a(39,32)", "fitness": 4.0}
{"generation": 0, "position": 14, "parents": [], "genome": "a(38,41)", "fitness": 4.0}
{"generation": 0, "position": 15, "parents": [], "genome": "r(35,96)", "fitness": 0.0}
{"generation": 0, "position": 16, "parents": [], "genome": "r(38,78)", "fitness": 4.0}
{"generation": 0, "position": 17, "parents": [], "genome": "d(39)", "fitness": 4.0}
{"generation": 0, "position": 18, "parents": [], "genome": "d(38)", "fitness": 4.0}
{"generation": 0, "position": 19, "parents": [], "genome": "r(38,48)", "fitness": 4.0}
{"generation": 0, "position": 20, "parents": [], "genome": "a(38,38)", "fitness": 4.0}
{"generation": 0, "position": 21, "parents": [], "genome": "r(38,72)", "fitness": 4.0}
{"generation": 0, "position": 22, "parents": [], "genome": "a(36,41)", "fitness": 4.0}
{"generation": 0, "position": 23, "parents": [], "genome": "a(38,163)", "fitness": 4.0}
{"generation": 0, "position": 24, "parents": [], "genome": "d(38)", "fitness": 4.0}
{"generation": 0, "position": 25, "parents": [], "genome": "a(38,154)", "fitness": 4.0}
{"generation": 0, "position": 26, "parents": [], "genome": "a(39,76)", "fitness": 4.0}
{"generation": 0, "position": 27, "parents": [], "genome": "r(39,43)", "fitness": 4.0}
{"generation": 0, "position": 28, "parents": [], "genome": "a(38,125)", "fitness": 4.0}
{"generation": 0, "position": 29, "parents": [], "genome": "r(38,66)", "fitness": 4.0}
{"generation": 0, "position": 30, "parents": [], "genome": "d(32)", "fitness": 0.0}
{"generation": 0, "position": 31, "parents": [], "genome": "a(39,76)", "fitness": 4.0}
{"generation": 0, "position": 32, "parents": [], "genome": "r(39,46)", "fitness": 4.0}
{"generation": 0, "position": 33, "parents": [], "genome": "a(38,31)", "fitness": 4.0}
{"generation": 0, "position": 34, "parents": [], "genome": "a(36,76)", "fitness": 4.0}
{"generation": 0, "position": 35, "parents": [], "genome": "r(39,60)", "fitness": 4.0}
{"generation": 0, "position": 36, "parents": [], "genome": "d(39)", "fitness": 4.0}
{"generation": 0, "position": 37, "parents": [], "genome": "r(39,38)", "fitness": 4.0}
{"generation": 0, "position": 38, "parents": [], "genome": "r(32,65)", "fitness": 0.0}
{"generation": 0, "position": 39, "parents": [], "genome": "original", "fitness": 4.0}
{"generation": 1, "position": 0, "parents": [9], "genome": "a(38,50) d(38)", "fitness": 4.0}
{"generation": 1, "position": 1, "parents": [6], "genome": "d(39) a(32,50)", "fitness": 4.0}
{"generation": 1, "position": 2, "parents": [20], "genome": "a(38,38) d(39)", "fitness": 4.0}
{"generation": 1, "position": 3, "parents": [12], "genome": "a(39,53) d(39)", "fitness": 4.0}
{"generation": 1, "position": 4, "parents": [2, 11], "genome": "a(38,49) a(39,35)", "fitness": 4.0}
{"generation": 1, "position": 5, "parents": [2, 11], "genome": "a(38,40) r(39,163)", "fitness": 4.0}
{"generation": 1, "position": 6, "parents": [2], "genome": "a(38,49) d(39)", "fitness": 4.0}
{"generation": 1, "position": 7, "parents": [11], "genome": "a(38,40) r(39,125)", "fitness": 4.0}
{"generation": 1, "position": 8, "parents": [32], "genome": "r(39,46) r(38,93)", "fitness": 4.0}
{"generation": 1, "position": 9, "parents": [33], "genome": "a(38,31) r(38,73)", "fitness": 4.0}
{"generation": 1, "position": 10, "parents": [13, 25], "genome": "a(39,32) d(39)", "fitness": 4.0}
{"generation": 1, "position": 11, "parents": [13, 25], "genome": "a(38,154) d(29)", "fitness": 4.0}
{"generation": 1, "position": 12, "parents": [13], "genome": "a(39,32) a(38,45)", "fitness": 4.0}
{"generation": 1, "position": 13, "parents": [25], "genome": "a(38,154) a(31,125)", "fitness": 4.0}
{"generation": 1, "position": 14, "parents": [38, 34], "genome": "r(32,65) a(38,128)", "fitness": 0.0}
{"generation": 1, "position": 15, "parents": [38, 34], "genome": "a(36,76) a(38,41)", "fitness": 4.0}
{"generation": 1, "position": 16, "parents": [38], "genome": "r(32,65) d(38)", "fitness": 0.0}
{"generation": 1, "position": 17, "parents": [34], "genome": "a(36,76) d(38)", "fitness": 4.0}
{"generation": 1, "position": 18, "parents": [27], "genome": "r(39,43) r(38,29)", "fitness": 4.0}
{"generation": 1, "position": 19, "parents": [11], "genome": "a(38,40) a(39,60)", "fitness": 4.0}
{"generation": 1, "position": 20, "parents": [27], "genome": "r(39,43) a(38,61)", "fitness": 4.0}
{"generation": 1, "position": 21, "parents": [31], "genome": "a(39,76) d(37)", "fitness": 4.0}
{"generation": 1, "position": 22, "parents": [5, 30], "genome": "r(36,66) r(32,47)", "fitness": 0.0}
{"generation": 1, "position": 23, "parents": [5, 30], "genome": "d(32) d(38)", "fitness": 0.0}
{"generation": 1, "position": 24, "parents": [5], "genome": "r(36,66) d(38)", "fitness": 0.0}
{"generation": 1, "position": 25, "parents": [30], "genome": "d(32) d(31)", "fitness": 0.0}
{"generation": 1, "position": 26, "parents": [30], "genome": "d(32) r(39,56)", "fitness": 0.0}
{"generation": 1, "position": 27, "parents": [32], "genome": "r(39,46) d(32)", "fitness": 0.0}
{"generation": 1, "position": 28, "parents": [15], "genome": "r(35,96) a(38,160)", "fitness": 0.0}
{"generation": 1, "position": 29, "parents": [26], "genome": "a(39,76) d(38)", "fitness": 4.0}
{"generation": 1, "position": 30, "parents": [35], "genome": "r(39,60) r(37,65)", "fitness": 4.0}
{"generation": 1, "position": 31, "parents": [23], "genome": "a(38,163) d(38)", "fitness": 4.0}
{"generation": 1, "position": 32, "parents": [29], "genome": "r(38,66) r(37,125)", "fitness": 4.0}
{"generation": 1, "position": 33, "parents": [26], "genome": "a(39,76) r(39,101)", "fitness": 4.0}
{"generation": 1, "position": 34, "parents": [0], "genome": "a(39,47) a(6,74)", "fitness": 4.0}
{"generation": 1, "position": 35, "parents": [10], "genome": "a(5,46) d(6)", "fitness": 0.0}
{"generation": 1, "position": 36, "parents": [39, 10], "genome": "d(39)", "fitness": 4.0}
{"generation": 1, "position": 37, "parents": [39, 10], "genome": "a(5,46) a(38,37)", "fitness": 4.0}
{"generation": 1, "position": 38, "parents": [39], "genome": "r(39,49)", "fitness": 4.0}
{"generation": 1, "position": 39, "parents": [10], "genome": "a(5,46) r(39,163)", "fitness": 4.0}
{"generation": 1, "position": 40, "parents": [38, 35], "genome": "r(32,65) r(38,133)", "fitness": 0.0}
{"generation": 1, "position": 41, "parents": [38, 35], "genome": "r(39,60) d(6)", "fitness": 0.0}
{"generation": 1, "position": 42, "parents": [38], "genome": "r(32,65) r(39,80)", "fitness": 0.0}
{"generation": 1, "position": 43, "parents": [35], "genome": "r(39,60) d(38)", "fitness": 4.0}
{"generation": 1, "position": 44, "parents": [19], "genome": "r(38,48) d(5)", "fitness": 4.0}
{"generation": 1, "position": 45, "parents": [18], "genome": "d(38) a(5,42)", "fitness": 4.0}
{"generation": 1, "position": 46, "parents": [34, 35], "genome": "a(36,76) d(7)", "fitness": 12.0}
{"generation": 1, "position": 47, "parents": [34, 35], "genome": "r(39,60) d(38)", "fitness": 4.0}
{"generation": 1, "position": 48, "parents": [34], "genome": "a(36,76) a(39,82)", "fitness": 4.0}
{"generation": 1, "position": 49, "parents": [35], "genome": "r(39,60) d(32)", "fitness": 0.0}
{"generation": 1, "position": 50, "parents": [8], "genome": "r(5,90) r(39,49)", "fitness": 0.0}
{"generation": 1, "position": 51, "parents": [26], "genome": "a(39,76) a(39,154)", "fitness": 4.0}
{"generation": 1, "position": 52, "parents": [8, 31], "genome": "r(5,90) a(38,65)", "fitness": 0.0}
{"generation": 1, "position": 53, "parents": [8, 31], "genome": "a(39,76) d(38)", "fitness": 4.0}
{"generation": 1, "position": 54, "parents": [8], "genome": "r(5,90) d(38)", "fitness": 0.0}
{"generation": 2, "position": 0, "parents": [16, 42], "genome": "r(32,65) d(38) r(39,80) d(6)", "fitness": 0.0}
{"generation": 2, "position": 1, "parents": [16, 42], "genome": "r(32,65) r(38,78)", "fitness": 0.0}
{"generation": 2, "position": 2, "parents": [16], "genome": "r(32,65) d(38) d(39)", "fitness": 0.0}
{"generation": 2, "position": 3, "parents": [42], "genome": "r(32,65) r(39,80) a(38,42)", "fitness": 0.0}
{"generation": 2, "position": 4, "parents": [22, 1], "genome": "r(36,66) a(32,50) d(39)", "fitness": 0.0}
{"generation": 2, "position": 5, "parents": [22, 1], "genome": "d(39) r(32,47) a(38,91)", "fitness": 0.0}
{"generation": 2, "position": 6, "parents": [22], "genome": "r(36,66) r(32,47) r(5,72)", "fitness": 0.0}
{"generation": 2, "position": 7, "parents": [1], "genome": "d(39) a(32,50) a(29,37)", "fitness": 0.0}
{"generation": 2, "position": 8, "parents": [27, 15], "genome": "r(39,46) d(35)", "fitness": 0.0}
{"generation": 2, "position": 9, "parents": [27, 15], "genome": "a(36,76) a(38,41) d(32) a(38,124)", "fitness": 12.0}
{"generation": 2, "position": 10, "parents": [27], "genome": "r(39,46) d(32) r(38,83)", "fitness": 0.0}
{"generation": 2, "position": 11, "parents": [15], "genome": "a(36,76) a(38,41) d(38)", "fitness": 4.0}
{"generation": 2, "position": 12, "parents": [54], "genome": "r(5,90) d(38) a(37,128)", "fitness": 0.0}
{"generation": 2, "position": 13, "parents": [40], "genome": "r(32,65) r(38,133) a(39,90)", "fitness": 0.0}
{"generation": 2, "position": 14, "parents": [1, 45], "genome": "d(39) a(32,50) a(5,42) d(38)", "fitness": 4.0}
{"generation": 2, "position": 15, "parents": [1, 45], "genome": "d(38) r(31,145)", "fitness": 4.0}
{"generation": 2, "position": 16, "parents": [1], "genome": "d(39) a(32,50) d(38)", "fitness": 4.0}
{"generation": 2, "position": 17, "parents": [45], "genome": "d(38) a(5,42) r(39,73)", "fitness": 4.0}
{"generation": 2, "position": 18, "parents": [39, 29], "genome": "a(5,46) d(38) r(39,58)", "fitness": 4.0}
{"generation": 2, "position": 19, "parents": [39, 29], "genome": "a(39,76) r(39,163) a(38,32)", "fitness": 4.0}
{"generation": 2, "position": 20, "parents": [39], "genome": "a(5,46) r(39,163) a(38,78)", "fitness": 4.0}
{"generation": 2, "position": 21, "parents": [29], "genome": "a(39,76) d(38) a(6,101)", "fitness": 4.0}
{"generation": 2, "position": 22, "parents": [34], "genome": "a(39,47) a(6,74) a(7,57)", "fitness": 4.0}
{"generation": 2, "position": 23, "parents": [28], "genome": "r(35,96) a(38,160) d(29)", "fitness": 0.0}
{"generation": 2, "position": 24, "parents": [28], "genome": "r(35,96) a(38,160) d(38)", "fitness": 0.0}
{"generation": 2, "position": 25, "parents": [11], "genome": "a(38,154) d(29) d(39)", "fitness": 4.0}
{"generation": 2, "position": 26, "parents": [23], "genome": "d(32) d(38) r(36,133)", "fitness": 0.0}
{"generation": 2, "position": 27, "parents": [40], "genome": "r(32,65) r(38,133) d(7)", "fitness": 12.0}
{"generation": 2, "position": 28, "parents": [51, 54], "genome": "a(39,76) d(31)", "fitness": 4.0}
{"generation": 2, "position": 29, "parents": [51, 54], "genome": "r(5,90) d(38) a(39,154) a(39,43)", "fitness": 0.0}
{"generation": 2, "position": 30, "parents": [51], "genome": "a(39,76) a(39,154) a(38,96)", "fitness": 4.0}
{"generation": 2, "position": 31, "parents": [54], "genome": "r(5,90) d(38) a(39,48)", "fitness": 0.0}
{"generation": 2, "position": 32, "parents": [24, 40], "genome": "r(36,66) d(38)", "fitness": 0.0}
{"generation": 2, "position": 33, "parents": [24, 40], "genome": "r(32,65) r(38,133) d(38) r(39,74)", "fitness": 0.0}
{"generation": 2, "position": 34, "parents": [24], "genome": "r(36,66) d(38) r(39,83)", "fitness": 0.0}
{"generation": 2, "position": 35, "parents": [40], "genome": "r(32,65) r(38,133) a(39,56)", "fitness": 0.0}
{"generation": 2, "position": 36, "parents": [45, 37], "genome": "d(38) a(5,42) r(31,49)", "fitness": 0.0}
{"generation": 2, "position": 37, "parents": [45, 37], "genome": "a(5,46) a(38,37) d(37)", "fitness": 4.0}
{"generation": 2, "position": 38, "parents": [45], "genome": "d(38) a(5,42) a(7,83)", "fitness": 4.0}
{"generation": 2, "position": 39, "parents": [37], "genome": "a(5,46) a(38,37) r(6,83)", "fitness": 0.0}
{"generation": 2, "position": 40, "parents": [22, 28], "genome": "r(36,66) a(38,160) a(37,128)", "fitness": 0.0}
{"generation": 2, "position": 41, "parents": [22, 28], "genome": "r(35,96) r(32,47) d(38)", "fitness": 0.0}
{"generation": 2, "position": 42, "parents": [22], "genome": "r(36,66) r(32,47) a(38,108)", "fitness": 0.0}
{"generation": 2, "position": 43, "parents": [28], "genome": "r(35,96) a(38,160) a(39,162)", "fitness": 0.0}
{"generation": 2, "position": 44, "parents": [25], "genome": "d(32) d(31) r(38,32)", "fitness": 0.0}
{"generation": 2, "position": 45, "parents": [37], "genome": "a(5,46) a(38,37) r(36,32)", "fitness": 0.0}
{"generation": 2, "position": 46, "parents": [22, 9], "genome": "r(36,66) r(32,47) a(7,50)", "fitness": 0.0}
{"generation": 2, "position": 47, "parents": [22, 9], "genome": "a(38,31) r(38,73) r(35,44)", "fitness": 0.0}
{"generation": 2, "position": 48, "parents": [22], "genome": "r(36,66) r(32,47) a(39,82)", "fitness": 0.0}
{"generation": 2, "position": 49, "parents": [9], "genome": "a(38,31) r(38,73) a(29,35)", "fitness": 4.0}
{"generation": 2, "position": 50, "parents": [33, 21], "genome": "a(39,76) r(39,101) d(36)", "fitness": 12.0}
{"generation": 2, "position": 51, "parents": [33, 21], "genome": "a(39,76) d(37) r(32,29)", "fitness": 0.0}
{"generation": 2, "position": 52, "parents": [33], "genome": "a(39,76) r(39,101) a(38,36)", "fitness": 4.0}
{"generation": 2, "position": 53, "parents": [21], "genome": "a(39,76) d(37) r(36,49)", "fitness": 0.0}
{"generation": 2, "position": 54, "parents": [52, 20], "genome": "r(5,90) a(38,65) a(38,61) a(39,39)", "fitness": 0.0}
{"generation": 2, "position": 55, "parents": [52, 20], "genome": "r(39,43) d(38)", "fitness": 4.0}
{"generation": 2, "position": 56, "parents": [52], "genome": "r(5,90) a(38,65) d(39)", "fitness": 0.0}
{"generation": 2, "position": 57, "parents": [20], "genome": "r(39,43) a(38,61) d(31)", "fitness": 4.0}
{"generation": 2, "position": 58, "parents": [3, 54], "genome": "a(39,53) d(38) d(39)", "fitness": 4.0}
{"generation": 2, "position": 59, "parents": [3, 54], "genome": "r(5,90) d(39) r(36,66)", "fitness": 0.0}
{"generation": 2, "position": 60, "parents": [3], "genome": "a(39,53) d(39) r(32,76)", "fitness": 0.0}
{"generation": 2, "position": 61, "parents": [54], "genome": "r(5,90) d(38) a(39,93)", "fitness": 0.0}
{"generation": 2, "position": 62, "parents": [2, 30], "genome": "a(38,38) a(38,61)", "fitness": 4.0}
{"generation": 2, "position": 63, "parents": [2, 30], "genome": "r(39,60) r(37,65) d(39) a(6,66)", "fitness": 4.0}
{"generation": 2, "position": 64, "parents": [2], "genome": "a(38,38) d(39) a(37,93)", "fitness": 4.0}
{"generation": 2, "position": 65, "parents": [30], "genome": "r(39,60) r(37,65) a(6,32)", "fitness": 4.0}
{"generation": 2, "position": 66, "parents": [27], "genome": "r(39,46) d(32) r(38,128)", "fitness": 0.0}
{"generation": 3, "position": 0, "parents": [13], "genome": "r(32,65) r(38,133) a(39,90) a(29,29)", "fitness": 0.0}
{"generation": 3, "position": 1, "parents": [25], "genome": "a(38,154) d(29) d(39) a(32,5)", "fitness": 4.0}
{"generation": 3, "position": 2, "parents": [60], "genome": "a(39,53) d(39) r(32,76) r(37,78)", "fitness": 0.0}
{"generation": 3, "position": 3, "parents": [8], "genome": "r(39,46) d(35) a(38,96)", "fitness": 0.0}
{"generation": 3, "position": 4, "parents": [36], "genome": "d(38) a(5,42) r(31,49) r(39,133)", "fitness": 0.0}
{"generation": 3, "position": 5, "parents": [25], "genome": "a(38,154) d(29) d(39) d(38)", "fitness": 4.0}
{"generation": 3, "position": 6, "parents": [39], "genome": "a(5,46) a(38,37) r(6,83) a(36,40)", "fitness": 0.0}
{"generation": 3, "position": 7, "parents": [3], "genome": "r(32,65) r(39,80) a(38,42) a(37,38)", "fitness": 0.0}
{"generation": 3, "position": 8, "parents": [2], "genome": "r(32,65) d(38) d(39) d(5)", "fitness": 0.0}
{"generation": 3, "position": 9, "parents": [56], "genome": "r(5,90) a(38,65) d(39) d(38)", "fitness": 0.0}
{"generation": 3, "position": 10, "parents": [8], "genome": "r(39,46) d(35) a(29,73)", "fitness": 0.0}
{"generation": 3, "position": 11, "parents": [55], "genome": "r(39,43) d(38) d(7)", "fitness": 12.0}
{"generation": 3, "position": 12, "parents": [10], "genome": "r(39,46) d(32) r(38,83) r(5,56)", "fitness": 0.0}
{"generation": 3, "position": 13, "parents": [47], "genome": "a(38,31) r(38,73) r(35,44) a(39,39)", "fitness": 0.0}
{"generation": 3, "position": 14, "parents": [30, 32], "genome": "a(39,76) a(39,154) d(38) d(5)", "fitness": 4.0}
{"generation": 3, "position": 15, "parents": [30, 32], "genome": "r(36,66) a(38,96) r(39,74)", "fitness": 0.0}
{"generation": 3, "position": 16, "parents": [30], "genome": "a(39,76) a(39,154) a(38,96) a(38,56)", "fitness": 4.0}
{"generation": 3, "position": 17, "parents": [32], "genome": "r(36,66) d(38) d(39)", "fitness": 0.0}
{"generation": 3, "position": 18, "parents": [37], "genome": "a(5,46) a(38,37) d(37) d(7)", "fitness": 0.0}
{"generation": 3, "position": 19, "parents": [6], "genome": "r(36,66) r(32,47) r(5,72) a(39,5)", "fitness": 0.0}
{"generation": 3, "position": 20, "parents": [48, 29], "genome": "r(36,66) r(32,47) a(39,154) a(39,43) r(7,51)", "fitness": 12.0}
{"generation": 3, "position": 21, "parents": [48, 29], "genome": "r(5,90) d(38) a(39,82) r(35,31)", "fitness": 0.0}
{"generation": 3, "position": 22, "parents": [48], "genome": "r(36,66) r(32,47) a(39,82) r(31,74)", "fitness": 0.0}
{"generation": 3, "position": 23, "parents": [29], "genome": "r(5,90) d(38) a(39,154) a(39,43) d(39)", "fitness": 0.0}
{"generation": 3, "position": 24, "parents": [60, 23], "genome": "a(39,53) d(39) a(38,160) d(29) r(38,46)", "fitness": 4.0}
{"generation": 3, "position": 25, "parents": [60, 23], "genome": "r(35,96) r(32,76) a(39,133)", "fitness": 0.0}
{"generation": 3, "position": 26, "parents": [60], "genome": "a(39,53) d(39) r(32,76) a(38,72)", "fitness": 0.0}
{"generation": 3, "position": 27, "parents": [23], "genome": "r(35,96) a(38,160) d(29) r(36,40)", "fitness": 0.0}
{"generation": 3, "position": 28, "parents": [2], "genome": "r(32,65) d(38) d(39) a(7,51)", "fitness": 0.0}
{"generation": 3, "position": 29, "parents": [39], "genome": "a(5,46) a(38,37) r(6,83) r(39,35)", "fitness": 0.0}
{"generation": 3, "position": 30, "parents": [2, 24], "genome": "r(32,65) d(38) d(39) d(29)", "fitness": 0.0}
{"generation": 3, "position": 31, "parents": [2, 24], "genome": "r(35,96) a(38,160) d(38) d(32)", "fitness": 0.0}
{"generation": 3, "position": 32, "parents": [2], "genome": "r(32,65) d(38) d(39) r(31,163)", "fitness": 12.0}
{"generation": 3, "position": 33, "parents": [24], "genome": "r(35,96) a(38,160) d(38) d(37)", "fitness": 0.0}
{"generation": 3, "position": 34, "parents": [54], "genome": "r(5,90) a(38,65) a(38,61) a(39,39) r(38,61)", "fitness": 0.0}
{"generation": 3, "position": 35, "parents": [36], "genome": "d(38) a(5,42) r(31,49) r(29,41)", "fitness": 4.0}
{"generation": 3, "position": 36, "parents": [19], "genome": "a(39,76) r(39,163) a(38,32) a(38,41)", "fitness": 4.0}
{"generation": 3, "position": 37, "parents": [42], "genome": "r(36,66) r(32,47) a(38,108) d(39)", "fitness": 0.0}
{"generation": 3, "position": 38, "parents": [2, 39], "genome": "r(32,65) d(38) r(6,83) a(5,93)", "fitness": 0.0}
{"generation": 3, "position": 39, "parents": [2, 39], "genome": "a(5,46) a(38,37) d(39) a(38,78)", "fitness": 4.0}
{"generation": 3, "position": 40, "parents": [2], "genome": "r(32,65) d(38) d(39) a(6,104)", "fitness": 0.0}
{"generation": 3, "position": 41, "parents": [39], "genome": "a(5,46) a(38,37) r(6,83) d(39)", "fitness": 0.0}
{"generation": 3, "position": 42, "parents": [59, 56], "genome": "r(5,90) d(39) d(39) d(38)", "fitness": 0.0}
{"generation": 3, "position": 43, "parents": [59, 56], "genome": "r(5,90) a(38,65) r(36,66) a(35,31)", "fitness": 0.0}
{"generation": 3, "position": 44, "parents": [59], "genome": "r(5,90) d(39) r(36,66) d(38)", "fitness": 0.0}
{"generation": 3, "position": 45, "parents": [56], "genome": "r(5,90) a(38,65) d(39) r(32,36)", "fitness": 0.0}
{"generation": 3, "position": 46, "parents": [5], "genome": "d(39) r(32,47) a(38,91) r(7,124)", "fitness": 12.0}
{"generation": 3, "position": 47, "parents": [43], "genome": "r(35,96) a(38,160) a(39,162) a(31,41)", "fitness": 0.0}
{"generation": 3, "position": 48, "parents": [56], "genome": "r(5,90) a(38,65) d(39) d(38)", "fitness": 0.0}
{"generation": 3, "position": 49, "parents": [29], "genome": "r(5,90) d(38) a(39,154) a(39,43) a(39,47)", "fitness": 0.0}
{"generation": 3, "position": 50, "parents": [62], "genome": "a(38,38) a(38,61) a(39,76)", "fitness": 4.0}
{"generation": 4, "position": 0, "parents": [18], "genome": "a(5,46) a(38,37) d(37) d(7) d(5)", "fitness": 4.0}
{"generation": 4, "position": 1, "parents": [29], "genome": "a(5,46) a(38,37) r(6,83) r(39,35) a(38,35)", "fitness": 0.0}
{"generation": 4, "position": 2, "parents": [45, 30], "genome": "r(5,90) a(38,65) d(39) r(32,36) d(29) d(38)", "fitness": 0.0}
{"generation": 4, "position": 3, "parents": [45, 30], "genome": "r(32,65) d(38) d(39) r(36,74)", "fitness": 0.0}
{"generation": 4, "position": 4, "parents": [45], "genome": "r(5,90) a(38,65) d(39) r(32,36) d(38)", "fitness": 0.0}
{"generation": 4, "position": 5, "parents": [30], "genome": "r(32,65) d(38) d(39) d(29) a(7,46)", "fitness": 0.0}
{"generation": 4, "position": 6, "parents": [28], "genome": "r(32,65) d(38) d(39) a(7,51) a(29,101)", "fitness": 12.0}
{"generation": 4, "position": 7, "parents": [22], "genome": "r(36,66) r(32,47) a(39,82) r(31,74) r(39,162)", "fitness": 0.0}
{"generation": 4, "position": 8, "parents": [51], "genome": "r(35,96) a(38,160) a(39,162) d(29) a(39,35)", "fitness": 0.0}
{"generation": 4, "position": 9, "parents": [6], "genome": "a(5,46) a(38,37) r(6,83) a(36,40) a(39,60)", "fitness": 0.0}
{"generation": 4, "position": 10, "parents": [3, 37], "genome": "r(39,46) d(39) d(38)", "fitness": 4.0}
{"generation": 4, "position": 11, "parents": [3, 37], "genome": "r(36,66) r(32,47) a(38,108) d(35) a(38,96) d(5)", "fitness": 0.0}
{"generation": 4, "position": 12, "parents": [3], "genome": "r(39,46) d(35) a(38,96) r(38,145)", "fitness": 0.0}
{"generation": 4, "position": 13, "parents": [37], "genome": "r(36,66) r(32,47) a(38,108) d(39) d(38)", "fitness": 0.0}
{"generation": 4, "position": 14, "parents": [40], "genome": "r(32,65) d(38) d(39) a(6,104) r(7,36)", "fitness": 12.0}
{"generation": 4, "position": 15, "parents": [8], "genome": "r(32,65) d(38) d(39) d(5) a(36,162)", "fitness": 0.0}
{"generation": 4, "position": 16, "parents": [40], "genome": "r(32,65) d(38) d(39) a(6,104) r(7,46)", "fitness": 12.0}
{"generation": 4, "position": 17, "parents": [28], "genome": "r(32,65) d(38) d(39) a(7,51) d(29)", "fitness": 0.0}
{"generation": 4, "position": 18, "parents": [49, 10], "genome": "r(5,90) a(29,73) d(38)", "fitness": 0.0}
{"generation": 4, "position": 19, "parents": [49, 10], "genome": "r(39,46) d(35) d(38) a(39,154) a(39,43) a(39,47) a(31,32)", "fitness": 4.0}
{"generation": 4, "position": 20, "parents": [49], "genome": "r(5,90) d(38) a(39,154) a(39,43) a(39,47) r(39,74)", "fitness": 0.0}
{"generation": 4, "position": 21, "parents": [10], "genome": "r(39,46) d(35) a(29,73) r(38,72)", "fitness": 0.0}
{"generation": 4, "position": 22, "parents": [6], "genome": "a(5,46) a(38,37) r(6,83) a(36,40) a(39,104)", "fitness": 0.0}
{"generation": 4, "position": 23, "parents": [40], "genome": "r(32,65) d(38) d(39) a(6,104) d(31)", "fitness": 0.0}
{"generation": 4, "position": 24, "parents": [3], "genome": "r(39,46) d(35) a(38,96) r(29,50)", "fitness": 0.0}
{"generation": 4, "position": 25, "parents": [23], "genome": "r(5,90) d(38) a(39,154) a(39,43) d(39) a(32,160)", "fitness": 0.0}
{"generation": 4, "position": 26, "parents": [31, 48], "genome": "r(35,96) a(38,160) a(38,65) d(39) d(38) a(37,108)", "fitness": 0.0}
{"generation": 4, "position": 27, "parents": [31, 48], "genome": "r(5,90) d(38) d(32) r(39,73)", "fitness": 0.0}
{"generation": 4, "position": 28, "parents": [31], "genome": "r(35,96) a(38,160) d(38) d(32) r(39,66)", "fitness": 0.0}
{"generation": 4, "position": 29, "parents": [48], "genome": "r(5,90) a(38,65) d(39) d(38) r(35,40)", "fitness": 0.0}
{"generation": 4, "position": 30, "parents": [13], "genome": "a(38,31) r(38,73) r(35,44) a(39,39) r(31,56)", "fitness": 0.0}
{"generation": 4, "position": 31, "parents": [49], "genome": "r(5,90) d(38) a(39,154) a(39,43) a(39,47) d(39)", "fitness": 0.0}
{"generation": 4, "position": 32, "parents": [37, 51], "genome": "r(36,66) r(32,47) a(38,108) a(38,160) a(39,162) d(29) a(39,145)", "fitness": 0.0}
{"generation": 4, "position": 33, "parents": [37, 51], "genome": "r(35,96) d(39) a(38,56)", "fitness": 0.0}
{"generation": 4, "position": 34, "parents": [37], "genome": "r(36,66) r(32,47) a(38,108) d(39) a(5,36)", "fitness": 0.0}
{"generation": 4, "position": 35, "parents": [51], "genome": "r(35,96) a(38,160) a(39,162) d(29) r(39,133)", "fitness": 0.0}
{"generation": 4, "position": 36, "parents": [49], "genome": "r(5,90) d(38) a(39,154) a(39,43) a(39,47) a(36,42)", "fitness": 0.0}
{"generation": 4, "position": 37, "parents": [40], "genome": "r(32,65) d(38) d(39) a(6,104) d(5)", "fitness": 0.0}
{"generation": 4, "position": 38, "parents": [0, 19], "genome": "r(32,65) r(38,133) a(39,90) r(32,47) r(5,72) a(39,5) d(31)", "fitness": 0.0}
{"generation": 4, "position": 39, "parents": [0, 19], "genome": "r(36,66) a(29,29) d(29)", "fitness": 0.0}
{"generation": 4, "position": 40, "parents": [0], "genome": "r(32,65) r(38,133) a(39,90) a(29,29) r(37,95)", "fitness": 0.0}
{"generation": 4, "position": 41, "parents": [19], "genome": "r(36,66) r(32,47) r(5,72) a(39,5) a(38,53)", "fitness": 0.0}
{"generation": 4, "position": 42, "parents": [7, 3], "genome": "r(32,65) r(39,80) a(38,96) d(29)", "fitness": 0.0}
{"generation": 4, "position": 43, "parents": [7, 3], "genome": "r(39,46) d(35) a(38,42) a(37,38) d(38)", "fitness": 0.0}
{"generation": 4, "position": 44, "parents": [7], "genome": "r(32,65) r(39,80) a(38,42) a(37,38) r(37,45)", "fitness": 0.0}
{"generation": 4, "position": 45, "parents": [3], "genome": "r(39,46) d(35) a(38,96) a(38,93)", "fitness": 0.0}
{"generation": 4, "position": 46, "parents": [17, 27], "genome": "r(36,66) d(38) d(39) d(29) r(36,40) d(6)", "fitness": 0.0}
{"generation": 4, "position": 47, "parents": [17, 27], "genome": "r(35,96) a(38,160) r(39,78)", "fitness": 0.0}
{"generation": 4, "position": 48, "parents": [17], "genome": "r(36,66) d(38) d(39) d(35)", "fitness": 0.0}
{"generation": 4, "position": 49, "parents": [27], "genome": "r(35,96) a(38,160) d(29) r(36,40) d(38)", "fitness": 0.0}
{"generation": 4, "position": 50, "parents": [15], "genome": "r(36,66) a(38,96) r(39,74) r(37,66)", "fitness": 0.0}
{"generation": 4, "position": 51, "parents": [2], "genome": "a(39,53) d(39) r(32,76) r(37,78) d(7)", "fitness": 12.0}
{"generation": 4, "position": 52, "parents": [12], "genome": "r(39,46) d(32) r(38,83) r(5,56) r(31,124)", "fitness": 0.0}
{"generation": 4, "position": 53, "parents": [10], "genome": "r(39,46) d(35) a(29,73) r(38,124)", "fitness": 0.0}
{"generation": 4, "position": 54, "parents": [26, 34], "genome": "a(39,53) d(39) r(32,76) a(38,37)", "fitness": 0.0}
{"generation": 4, "position": 55, "parents": [26, 34], "genome": "r(5,90) a(38,65) a(38,61) a(39,39) r(38,61) a(38,72) r(36,37)", "fitness": 0.0}
{"generation": 4, "position": 56, "parents": [26], "genome": "a(39,53) d(39) r(32,76) a(38,72) a(38,93)", "fitness": 0.0}
{"generation": 5, "position": 0, "parents": [17, 53], "genome": "r(32,65) d(38) d(39) a(7,51) d(29) r(38,124) a(7,5)", "fitness": 0.0}
{"generation": 5, "position": 1, "parents": [17, 53], "genome": "r(39,46) d(35) a(29,73) d(5)", "fitness": 0.0}
{"generation": 5, "position": 2, "parents": [17], "genome": "r(32,65) d(38) d(39) a(7,51) d(29) d(6)", "fitness": 0.0}
{"generation": 5, "position": 3, "parents": [53], "genome": "r(39,46) d(35) a(29,73) r(38,124) d(31)", "fitness": 0.0}
{"generation": 5, "position": 4, "parents": [26], "genome": "r(35,96) a(38,160) a(38,65) d(39) d(38) a(37,108) r(32,160)", "fitness": 0.0}
{"generation": 5, "position": 5, "parents": [15], "genome": "r(32,65) d(38) d(39) d(5) a(36,162) d(36)", "fitness": 0.0}
{"generation": 5, "position": 6, "parents": [47], "genome": "r(35,96) a(38,160) r(39,78) a(38,65)", "fitness": 0.0}
{"generation": 5, "position": 7, "parents": [23], "genome": "r(32,65) d(38) d(39) a(6,104) d(31) d(6)", "fitness": 0.0}
{"generation": 5, "position": 8, "parents": [56], "genome": "a(39,53) d(39) r(32,76) a(38,72) a(38,93) r(31,160)", "fitness": 0.0}
{"generation": 5, "position": 9, "parents": [28], "genome": "r(35,96) a(38,160) d(38) d(32) r(39,66) a(36,61)", "fitness": 0.0}
{"generation": 5, "position": 10, "parents": [55, 1], "genome": "r(5,90) a(38,65) a(38,35) r(39,60)", "fitness": 0.0}
{"generation": 5, "position": 11, "parents": [55, 1], "genome": "a(5,46) a(38,37) r(6,83) r(39,35) a(38,61) a(39,39) r(38,61) a(38,72) r(36,37) d(29)", "fitness": 0.0}
{"generation": 5, "position": 12, "parents": [55], "genome": "r(5,90) a(38,65) a(38,61) a(39,39) r(38,61) a(38,72) r(36,37) a(39,163)", "fitness": 0.0}
{"generation": 5, "position": 13, "parents": [1], "genome": "a(5,46) a(38,37) r(6,83) r(39,35) a(38,35) d(31)", "fitness": 0.0}
{"generation": 5, "position": 14, "parents": [26, 48], "genome": "r(35,96) a(38,160) d(35) a(39,90)", "fitness": 0.0}
{"generation": 5, "position": 15, "parents": [26, 48], "genome": "r(36,66) d(38) d(39) a(38,65) d(39) d(38) a(37,108) r(31,76)", "fitness": 0.0}
{"generation": 5, "position": 16, "parents": [26], "genome": "r(35,96) a(38,160) a(38,65) d(39) d(38) a(37,108) d(5)", "fitness": 0.0}
{"generation": 5, "position": 17, "parents": [48], "genome": "r(36,66) d(38) d(39) d(35) a(31,163)", "fitness": 12.0}
{"generation": 5, "position": 18, "parents": [44], "genome": "r(32,65) r(39,80) a(38,42) a(37,38) r(37,45) r(7,104)", "fitness": 12.0}
{"generation": 5, "position": 19, "parents": [11], "genome": "r(36,66) r(32,47) a(38,108) d(35) a(38,96) d(5) a(38,40)", "fitness": 0.0}
{"generation": 5, "position": 20, "parents": [7], "genome": "r(36,66) r(32,47) a(39,82) r(31,74) r(39,162) d(29)", "fitness": 0.0}
{"generation": 5, "position": 21, "parents": [50], "genome": "r(36,66) a(38,96) r(39,74) r(37,66) r(5,44)", "fitness": 0.0}
{"generation": 5, "position": 22, "parents": [24], "genome": "r(39,46) d(35) a(38,96) r(29,50) a(38,45)", "fitness": 0.0}
{"generation": 5, "position": 23, "parents": [40], "genome": "r(32,65) r(38,133) a(39,90) a(29,29) r(37,95) a(29,124)", "fitness": 12.0}
{"generation": 5, "position": 24, "parents": [30, 56], "genome": "a(38,31) r(38,73) r(35,44) a(39,39) r(31,56) a(38,93) a(39,58)", "fitness": 0.0}
{"generation": 5, "position": 25, "parents": [30, 56], "genome": "a(39,53) d(39) r(32,76) a(38,72) a(38,46)", "fitness": 0.0}
{"generation": 5, "position": 26, "parents": [30], "genome": "a(38,31) r(38,73) r(35,44) a(39,39) r(31,56) d(39)", "fitness": 0.0}
{"generation": 5, "position": 27, "parents": [56], "genome": "a(39,53) d(39) r(32,76) a(38,72) a(38,93) a(38,37)", "fitness": 0.0}
{"generation": 5, "position": 28, "parents": [13], "genome": "r(36,66) r(32,47) a(38,108) d(39) d(38) a(7,76)", "fitness": 0.0}
{"generation": 5, "position": 29, "parents": [54], "genome": "a(39,53) d(39) r(32,76) a(38,37) a(37,53)", "fitness": 0.0}
{"generation": 5, "position": 30, "parents": [26], "genome": "r(35,96) a(38,160) a(38,65) d(39) d(38) a(37,108) r(29,46)", "fitness": 0.0}
{"generation": 5, "position": 31, "parents": [41], "genome": "r(36,66) r(32,47) r(5,72) a(39,5) a(38,53) a(39,38)", "fitness": 0.0}
{"generation": 5, "position": 32, "parents": [50], "genome": "r(36,66) a(38,96) r(39,74) r(37,66) r(32,48)", "fitness": 0.0}
{"generation": 5, "position": 33, "parents": [18], "genome": "r(5,90) a(29,73) d(38) a(29,101)", "fitness": 0.0}
{"generation": 5, "position": 34, "parents": [4], "genome": "r(5,90) a(38,65) d(39) r(32,36) d(38) a(31,93)", "fitness": 0.0}
{"generation": 5, "position": 35, "parents": [37], "genome": "r(32,65) d(38) d(39) a(6,104) d(5) d(36)", "fitness": 0.0}
{"generation": 5, "position": 36, "parents": [18, 35], "genome": "r(5,90) a(29,73) d(29) r(39,133) a(38,133)", "fitness": 0.0}
{"generation": 5, "position": 37, "parents": [18, 35], "genome": "r(35,96) a(38,160) a(39,162) d(38) a(7,101)", "fitness": 0.0}
{"generation": 5, "position": 38, "parents": [18], "genome": "r(5,90) a(29,73) d(38) a(36,80)", "fitness": 0.0}
{"generation": 5, "position": 39, "parents": [35], "genome": "r(35,96) a(38,160) a(39,162) d(29) r(39,133) d(7)", "fitness": 0.0}
{"generation": 5, "position": 40, "parents": [39], "genome": "r(36,66) a(29,29) d(29) r(7,73)", "fitness": 0.0}
{"generation": 5, "position": 41, "parents": [12], "genome": "r(39,46) d(35) a(38,96) r(38,145) d(32)", "fitness": 0.0}
{"generation": 5, "position": 42, "parents": [18, 9], "genome": "r(5,90) a(29,73) a(36,40) a(39,60) d(38)", "fitness": 0.0}
{"generation": 5, "position": 43, "parents": [18, 9], "genome": "a(5,46) a(38,37) r(6,83) d(38) d(32)", "fitness": 0.0}
{"generation": 5, "position": 44, "parents": [18], "genome": "r(5,90) a(29,73) d(38) d(31)", "fitness": 0.0}
{"generation": 5, "position": 45, "parents": [9], "genome": "a(5,46) a(38,37) r(6,83) a(36,40) a(39,60) d(39)", "fitness": 0.0}
{"generation": 5, "position": 46, "parents": [50, 35], "genome": "r(36,66) a(38,96) r(39,74) a(39,162) d(29) r(39,133) a(35,40)", "fitness": 0.0}
{"generation": 5, "position": 47, "parents": [50, 35], "genome": "r(35,96) a(38,160) r(37,66) d(36)", "fitness": 0.0}
{"generation": 5, "position": 48, "parents": [50], "genome": "r(36,66) a(38,96) r(39,74) r(37,66) a(32,104)", "fitness": 0.0}
{"generation": 5, "position": 49, "parents": [35], "genome": "r(35,96) a(38,160) a(39,162) d(29) r(39,133) r(38,79)", "fitness": 12.0}
{"generation": 5, "position": 50, "parents": [48], "genome": "r(36,66) d(38) d(39) d(35) d(32)", "fitness": 0.0}
{"generation": 5, "position": 51, "parents": [5], "genome": "r(32,65) d(38) d(39) d(29) a(7,46) d(36)", "fitness": 0.0}
{"generation": 5, "position": 52, "parents": [50], "genome": "r(36,66) a(38,96) r(39,74) r(37,66) r(31,44)", "fitness": 0.0}
{"generation": 6, "position": 0, "parents": [47], "genome": "r(35,96) a(38,160) r(37,66) d(36) a(6,128)", "fitness": 0.0}
{"generation": 6, "position": 1, "parents": [8], "genome": "a(39,53) d(39) r(32,76) a(38,72) a(38,93) r(31,160) d(38)", "fitness": 0.0}
{"generation": 6, "position": 2, "parents": [43, 43], "genome": "a(5,46) a(38,37) r(6,83) a(38,37) r(6,83) d(38) d(32) d(39)", "fitness": 0.0}
{"generation": 6, "position": 3, "parents": [43, 43], "genome": "a(5,46) d(38) d(32) a(39,95)", "fitness": 0.0}
{"generation": 6, "position": 4, "parents": [43], "genome": "a(5,46) a(38,37) r(6,83) d(38) d(32) r(39,108)", "fitness": 0.0}
{"generation": 6, "position": 5, "parents": [43], "genome": "a(5,46) a(38,37) r(6,83) d(38) d(32) d(39)", "fitness": 0.0}
{"generation": 6, "position": 6, "parents": [6], "genome": "r(35,96) a(38,160) r(39,78) a(38,65) a(38,61)", "fitness": 0.0}
{"generation": 6, "position": 7, "parents": [30], "genome": "r(35,96) a(38,160) a(38,65) d(39) d(38) a(37,108) r(29,46) r(6,133)", "fitness": 0.0}
{"generation": 6, "position": 8, "parents": [45, 22], "genome": "a(5,46) a(38,37) r(6,83) a(38,45) d(39)", "fitness": 0.0}
{"generation": 6, "position": 9, "parents": [45, 22], "genome": "r(39,46) d(35) a(38,96) r(29,50) a(36,40) a(39,60) d(39) r(38,58)", "fitness": 0.0}
{"generation": 6, "position": 10, "parents": [45], "genome": "a(5,46) a(38,37) r(6,83) a(36,40) a(39,60) d(39) r(38,82)", "fitness": 0.0}
{"generation": 6, "position": 11, "parents": [22], "genome": "r(39,46) d(35) a(38,96) r(29,50) a(38,45) r(5,43)", "fitness": 0.0}
{"generation": 6, "position": 12, "parents": [48, 14], "genome": "r(36,66) a(38,96) a(38,160) d(35) a(39,90) d(38)", "fitness": 0.0}
{"generation": 6, "position": 13, "parents": [48, 14], "genome": "r(35,96) r(39,74) r(37,66) a(32,104) d(5)", "fitness": 0.0}
{"generation": 6, "position": 14, "parents": [48], "genome": "r(36,66) a(38,96) r(39,74) r(37,66) a(32,104) d(31)", "fitness": 0.0}
{"generation": 6, "position": 15, "parents": [14], "genome": "r(35,96) a(38,160) d(35) a(39,90) d(38)", "fitness": 0.0}
{"generation": 6, "position": 16, "parents": [43], "genome": "a(5,46) a(38,37) r(6,83) d(38) d(32) a(39,78)", "fitness": 0.0}
{"generation": 6, "position": 17, "parents": [48], "genome": "r(36,66) a(38,96) r(39,74) r(37,66) a(32,104) r(31,37)", "fitness": 0.0}
{"generation": 6, "position": 18, "parents": [25], "genome": "a(39,53) d(39) r(32,76) a(38,72) a(38,46) a(29,104)", "fitness": 0.0}
{"generation": 6, "position": 19, "parents": [41], "genome": "r(39,46) d(35) a(38,96) r(38,145) d(32) d(29)", "fitness": 0.0}
{"generation": 6, "position": 20, "parents": [53, 30], "genome": "r(5,90) d(38) a(39,154) a(39,43) a(37,108) r(29,46) d(39)", "fitness": 0.0}
{"generation": 6, "position": 21, "parents": [53, 30], "genome": "r(35,96) a(38,160) a(38,65) d(39) d(38) a(39,47) a(36,42) d(39) d(29)", "fitness": 0.0}
{"generation": 6, "position": 22, "parents": [53], "genome": "r(5,90) d(38) a(39,154) a(39,43) a(39,47) a(36,42) d(39) d(36)", "fitness": 0.0}
{"generation": 6, "position": 23, "parents": [30], "genome": "r(35,96) a(38,160) a(38,65) d(39) d(38) a(37,108) r(29,46) r(6,58)", "fitness": 0.0}
{"generation": 6, "position": 24, "parents": [1], "genome": "r(39,46) d(35) a(29,73) d(5) d(38)", "fitness": 0.0}
{"generation": 6, "position": 25, "parents": [8], "genome": "a(39,53) d(39) r(32,76) a(38,72) a(38,93) r(31,160) r(38,96)", "fitness": 0.0}
{"generation": 6, "position": 26, "parents": [26, 21], "genome": "a(38,31) r(38,73) r(35,44) a(39,39) r(5,44) a(29,79)", "fitness": 0.0}
{"generation": 6, "position": 27, "parents": [26, 21], "genome": "r(36,66) a(38,96) r(39,74) r(37,66) r(31,56) d(39) d(5)", "fitness": 0.0}
{"generation": 6, "position": 28, "parents": [26], "genome": "a(38,31) r(38,73) r(35,44) a(39,39) r(31,56) d(39) r(29,72)", "fitness": 0.0}
{"generation": 6, "position": 29, "parents": [21], "genome": "r(36,66) a(38,96) r(39,74) r(37,66) r(5,44) r(32,145)", "fitness": 0.0}
{"generation": 6, "position": 30, "parents": [26, 25], "genome": "a(38,31) r(38,73) r(35,44) a(39,39) r(31,56) d(39)", "fitness": 0.0}
{"generation": 6, "position": 31, "parents": [26, 25], "genome": "a(39,53) d(39) r(32,76) a(38,72) a(38,46) d(39) d(38)", "fitness": 0.0}
{"generation": 6, "position": 32, "parents": [26], "genome": "a(38,31) r(38,73) r(35,44) a(39,39) r(31,56) d(39) d(29)", "fitness": 0.0}
{"generation": 6, "position": 33, "parents": [25], "genome": "a(39,53) d(39) r(32,76) a(38,72) a(38,46) d(38)", "fitness": 0.0}
{"generation": 6, "position": 34, "parents": [30], "genome": "r(35,96) a(38,160) a(38,65) d(39) d(38) a(37,108) r(29,46) r(7,162)", "fitness": 0.0}
{"generation": 6, "position": 35, "parents": [8], "genome": "a(39,53) d(39) r(32,76) a(38,72) a(38,93) r(31,160) d(37)", "fitness": 0.0}
{"generation": 6, "position": 36, "parents": [8, 15], "genome": "a(39,53) d(39) r(32,76) d(38) d(39) a(38,65) d(39) d(38) a(37,108) r(31,76) d(7)", "fitness": 12.0}
{"generation": 6, "position": 37, "parents": [8, 15], "genome": "r(36,66) a(38,72) a(38,93) r(31,160) d(38)", "fitness": 0.0}
{"generation": 6, "position": 38, "parents": [8], "genome": "a(39,53) d(39) r(32,76) a(38,72) a(38,93) r(31,160) a(29,90)", "fitness": 0.0}
{"generation": 6, "position": 39, "parents": [15], "genome": "r(36,66) d(38) d(39) a(38,65) d(39) d(38) a(37,108) r(31,76) a(7,79)", "fitness": 0.0}
{"generation": 6, "position": 40, "parents": [16, 18], "genome": "r(35,96) a(38,160) a(38,65) d(39) d(38) a(37,108) d(5) a(37,38) r(37,45) r(7,104) a(32,32)", "fitness": 4.0}
{"generation": 6, "position": 41, "parents": [16, 18], "genome": "r(32,65) r(39,80) a(38,42) a(38,128)", "fitness": 0.0}
{"generation": 6, "position": 42, "parents": [16], "genome": "r(35,96) a(38,160) a(38,65) d(39) d(38) a(37,108) d(5) d(36)", "fitness": 0.0}
{"generation": 6, "position": 43, "parents": [18], "genome": "r(32,65) r(39,80) a(38,42) a(37,38) r(37,45) r(7,104) a(5,39)", "fitness": 0.0}
{"generation": 6, "position": 44, "parents": [13, 11], "genome": "a(5,46) a(38,37) r(6,83) r(39,35) a(39,39) r(38,61) a(38,72) r(36,37) d(29) a(35,163)", "fitness": 0.0}
{"generation": 6, "position": 45, "parents": [13, 11], "genome": "a(5,46) a(38,37) r(6,83) r(39,35) a(38,61) a(38,35) d(31) d(35)", "fitness": 0.0}
{"generation": 6, "position": 46, "parents": [13], "genome": "a(5,46) a(38,37) r(6,83) r(39,35) a(38,35) d(31) a(38,53)", "fitness": 0.0}
{"generation": 6, "position": 47, "parents": [11], "genome": "a(5,46) a(38,37) r(6,83) r(39,35) a(38,61) a(39,39) r(38,61) a(38,72) r(36,37) d(29) r(5,79)", "fitness": 0.0}
{"generation": 6, "position": 48, "parents": [48], "genome": "r(36,66) a(38,96) r(39,74) r(37,66) a(32,104) d(5)", "fitness": 0.0}
{"generation": 6, "position": 49, "parents": [5], "genome": "r(32,65) d(38) d(39) d(5) a(36,162) d(36) r(29,39)", "fitness": 0.0}
{"generation": 6, "position": 50, "parents": [4], "genome": "r(35,96) a(38,160) a(38,65) d(39) d(38) a(37,108) r(32,160) r(6,41)", "fitness": 0.0}
{"generation": 6, "position": 51, "parents": [32], "genome": "r(36,66) a(38,96) r(39,74) r(37,66) r(32,48) r(7,29)", "fitness": 12.0}
{"generation": 6, "position": 52, "parents": [42], "genome": "r(5,90) a(29,73) a(36,40) a(39,60) d(38) r(39,65)", "fitness": 0.0}
{"generation": 6, "position": 53, "parents": [44], "genome": "r(5,90) a(29,73) d(38) d(31) a(39,47)", "fitness": 0.0}
{"generation": 6, "position": 54, "parents": [20], "genome": "r(36,66) r(32,47) a(39,82) r(31,74) r(39,162) d(29) d(37)", "fitness": 0.0}
{"generation": 6, "position": 55, "parents": [13], "genome": "a(5,46) a(38,37) r(6,83) r(39,35) a(38,35) d(31) a(32,72)", "fitness": 0.0}
{"generation": 6, "position": 56, "parents": [41, 34], "genome": "r(39,46) d(39) r(32,36) d(38) a(31,93) a(7,29)", "fitness": 0.0}
{"generation": 6, "position": 57, "parents": [41, 34], "genome": "r(5,90) a(38,65) d(35) a(38,96) r(38,145) d(32) d(39)", "fitness": 0.0}
{"generation": 6, "position": 58, "parents": [41], "genome": "r(39,46) d(35) a(38,96) r(38,145) d(32) r(31,78)", "fitness": 0.0}
{"generation": 7, "position": 0, "parents": [41], "genome": "r(32,65) r(39,80) a(38,42) a(38,128) d(37)", "fitness": 0.0}
{"generation": 7, "position": 1, "parents": [46], "genome": "a(5,46) a(38,37) r(6,83) r(39,35) a(38,35) d(31) a(38,53) d(38)", "fitness": 0.0}
{"generation": 7, "position": 2, "parents": [30, 19], "genome": "a(38,31) r(38,73) r(35,44) a(39,39) r(31,56) d(39) d(32) d(29) r(37,39)", "fitness": 0.0}
{"generation": 7, "position": 3, "parents": [30, 19], "genome": "r(39,46) d(35) a(38,96) r(38,145) r(7,74)", "fitness": 0.0}
{"generation": 7, "position": 4, "parents": [30], "genome": "a(38,31) r(38,73) r(35,44) a(39,39) r(31,56) d(39) d(7)", "fitness": 12.0}
{"generation": 7, "position": 5, "parents": [19], "genome": "r(39,46) d(35) a(38,96) r(38,145) d(32) d(29) r(36,48)", "fitness": 0.0}
{"generation": 7, "position": 6, "parents": [49, 54], "genome": "r(32,65) d(38) d(39) d(29) d(37) a(5,108)", "fitness": 0.0}
{"generation": 7, "position": 7, "parents": [49, 54], "genome": "r(36,66) r(32,47) a(39,82) r(31,74) r(39,162) d(5) a(36,162) d(36) r(29,39) a(38,72)", "fitness": 0.0}
{"generation": 7, "position": 8, "parents": [49], "genome": "r(32,65) d(38) d(39) d(5) a(36,162) d(36) r(29,39) d(37)", "fitness": 0.0}
{"generation": 7, "position": 9, "parents": [54], "genome": "r(36,66) r(32,47) a(39,82) r(31,74) r(39,162) d(29) d(37) a(5,44)", "fitness": 0.0}
{"generation": 7, "position": 10, "parents": [25, 39], "genome": "a(39,53) d(39) r(32,76) a(38,72) d(6)", "fitness": 0.0}
{"generation": 7, "position": 11, "parents": [25, 39], "genome": "r(36,66) d(38) d(39) a(38,65) d(39) d(38) a(37,108) r(31,76) a(7,79) a(38,93) r(31,160) r(38,96) d(32)", "fitness": 0.0}
{"generation": 7, "position": 12, "parents": [25], "genome": "a(39,53) d(39) r(32,76) a(38,72) a(38,93) r(31,160) r(38,96) r(6,44)", "fitness": 0.0}
{"generation": 7, "position": 13, "parents": [39], "genome": "r(36,66) d(38) d(39) a(38,65) d(39) d(38) a(37,108) r(31,76) a(7,79) r(32,73)", "fitness": 0.0}
{"generation": 7, "position": 14, "parents": [43], "genome": "r(32,65) r(39,80) a(38,42) a(37,38) r(37,45) r(7,104) a(5,39) d(31)", "fitness": 0.0}
{"generation": 7, "position": 15, "parents": [14], "genome": "r(36,66) a(38,96) r(39,74) r(37,66) a(32,104) d(31) a(35,162)", "fitness": 0.0}
{"generation": 7, "position": 16, "parents": [49], "genome": "r(32,65) d(38) d(39) d(5) a(36,162) d(36) r(29,39) d(37)", "fitness": 0.0}
{"generation": 7, "position": 17, "parents": [12], "genome": "r(36,66) a(38,96) a(38,160) d(35) a(39,90) d(38) a(32,58)", "fitness": 0.0}
{"generation": 7, "position": 18, "parents": [37, 13], "genome": "r(36,66) a(38,72) a(38,93) r(31,160) a(32,104) d(5) d(39)", "fitness": 0.0}
{"generation": 7, "position": 19, "parents": [37, 13], "genome": "r(35,96) r(39,74) r(37,66) d(38) r(31,163)", "fitness": 12.0}
{"generation": 7, "position": 20, "parents": [37], "genome": "r(36,66) a(38,72) a(38,93) r(31,160) d(38) a(32,44)", "fitness": 0.0}
{"generation": 7, "position": 21, "parents": [13], "genome": "r(35,96) r(39,74) r(37,66) a(32,104) d(5) d(36)", "fitness": 0.0}
{"generation": 7, "position": 22, "parents": [13], "genome": "r(35,96) r(39,74) r(37,66) a(32,104) d(5) r(36,60)", "fitness": 0.0}
{"generation": 7, "position": 23, "parents": [0], "genome": "r(35,96) a(38,160) r(37,66) d(36) a(6,128) d(29)", "fitness": 0.0}
{"generation": 7, "position": 24, "parents": [25, 31], "genome": "a(39,53) d(39) r(32,76) a(38,72) a(38,93) d(38)", "fitness": 0.0}
{"generation": 7, "position": 25, "parents": [25, 31], "genome": "a(39,53) d(39) r(32,76) a(38,72) a(38,46) d(39) d(38) r(31,160) r(38,96) d(5)", "fitness": 0.0}
{"generation": 7, "position": 26, "parents": [25], "genome": "a(39,53) d(39) r(32,76) a(38,72) a(38,93) r(31,160) r(38,96) d(7)", "fitness": 12.0}
{"generation": 7, "position": 27, "parents": [31], "genome": "a(39,53) d(39) r(32,76) a(38,72) a(38,46) d(39) d(38) d(5)", "fitness": 0.0}
{"generation": 7, "position": 28, "parents": [49], "genome": "r(32,65) d(38) d(39) d(5) a(36,162) d(36) r(29,39) r(37,73)", "fitness": 0.0}
{"generation": 7, "position": 29, "parents": [53], "genome": "r(5,90) a(29,73) d(38) d(31) a(39,47) d(36)", "fitness": 0.0}
{"generation": 7, "position": 30, "parents": [56], "genome": "r(39,46) d(39) r(32,36) d(38) a(31,93) a(7,29) d(29)", "fitness": 0.0}
{"generation": 7, "position": 31, "parents": [15], "genome": "r(35,96) a(38,160) d(35) a(39,90) d(38) d(39)", "fitness": 0.0}
{"generation": 7, "position": 32, "parents": [48], "genome": "r(36,66) a(38,96) r(39,74) r(37,66) a(32,104) d(5) d(32)", "fitness": 0.0}
{"generation": 7, "position": 33, "parents": [43], "genome": "r(32,65) r(39,80) a(38,42) a(37,38) r(37,45) r(7,104) a(5,39) d(29)", "fitness": 0.0}
{"generation": 7, "position": 34, "parents": [45, 57], "genome": "a(5,46) a(38,37) r(6,83) d(39) r(38,31)", "fitness": 0.0}
{"generation": 7, "position": 35, "parents": [45, 57], "genome": "r(5,90) a(38,65) d(35) a(38,96) r(38,145) d(32) r(39,35) a(38,61) a(38,35) d(31) d(35) r(36,37)", "fitness": 0.0}
{"generation": 7, "position": 36, "parents": [45], "genome": "a(5,46) a(38,37) r(6,83) r(39,35) a(38,61) a(38,35) d(31) d(35) r(38,83)", "fitness": 0.0}
{"generation": 7, "position": 37, "parents": [57], "genome": "r(5,90) a(38,65) d(35) a(38,96) r(38,145) d(32) d(39) d(37)", "fitness": 0.0}
{"generation": 7, "position": 38, "parents": [29], "genome": "r(36,66) a(38,96) r(39,74) r(37,66) r(5,44) r(32,145) r(31,162)", "fitness": 0.0}
{"generation": 7, "position": 39, "parents": [19], "genome": "r(39,46) d(35) a(38,96) r(38,145) d(32) d(29) d(6)", "fitness": 0.0}
{"generation": 7, "position": 40, "parents": [37], "genome": "r(36,66) a(38,72) a(38,93) r(31,160) d(38) d(39)", "fitness": 0.0}
{"generation": 7, "position": 41, "parents": [27], "genome": "r(36,66) a(38,96) r(39,74) r(37,66) r(31,56) d(39) d(5) a(29,42)", "fitness": 0.0}
{"generation": 7, "position": 42, "parents": [43], "genome": "r(32,65) r(39,80) a(38,42) a(37,38) r(37,45) r(7,104) a(5,39) d(29)", "fitness": 0.0}
{"generation": 7, "position": 43, "parents": [57], "genome": "r(5,90) a(38,65) d(35) a(38,96) r(38,145) d(32) d(39) r(29,163)", "fitness": 0.0}
{"generation": 7, "position": 44, "parents": [43], "genome": "r(32,65) r(39,80) a(38,42) a(37,38) r(37,45) r(7,104) a(5,39) a(36,37)", "fitness": 0.0}
{"generation": 7, "position": 45, "parents": [33], "genome": "a(39,53) d(39) r(32,76) a(38,72) a(38,46) d(38) d(36)", "fitness": 0.0}
{"generation": 7, "position": 46, "parents": [2], "genome": "a(5,46) a(38,37) r(6,83) a(38,37) r(6,83) d(38) d(32) d(39) a(37,46)", "fitness": 0.0}
{"generation": 7, "position": 47, "parents": [25], "genome": "a(39,53) d(39) r(32,76) a(38,72) a(38,93) r(31,160) r(38,96) d(5)", "fitness": 0.0}
{"generation": 7, "position": 48, "parents": [46], "genome": "a(5,46) a(38,37) r(6,83) r(39,35) a(38,35) d(31) a(38,53) d(38)", "fitness": 0.0}
{"generation": 7, "position": 49, "parents": [9], "genome": "r(39,46) d(35) a(38,96) r(29,50) a(36,40) a(39,60) d(39) r(38,58) r(6,40)", "fitness": 0.0}
{"generation": 7, "position": 50, "parents": [27, 45], "genome": "r(36,66) a(38,96) r(39,74) a(29,47)", "fitness": 0.0}
{"generation": 7, "position": 51, "parents": [27, 45], "genome": "a(5,46) a(38,37) r(6,83) r(39,35) a(38,61) a(38,35) d(31) d(35) r(37,66) r(31,56) d(39) d(5) d(32)", "fitness": 0.0}
{"generation": 7, "position": 52, "parents": [27], "genome": "r(36,66) a(38,96) r(39,74) r(37,66) r(31,56) d(39) d(5) r(32,80)", "fitness": 0.0}
{"generation": 8, "position": 0, "parents": [15, 44], "genome": "r(36,66) r(39,80) a(38,42) a(37,38) r(37,45) r(7,104) a(5,39) a(36,37) r(29,125)", "fitness": 0.0}
{"generation": 8, "position": 1, "parents": [15, 44], "genome": "r(32,65) a(38,96) r(39,74) r(37,66) a(32,104) d(31) a(35,162) d(5)", "fitness": 0.0}
{"generation": 8, "position": 2, "parents": [15], "genome": "r(36,66) a(38,96) r(39,74) r(37,66) a(32,104) d(31) a(35,162) d(29)", "fitness": 0.0}
{"generation": 8, "position": 3, "parents": [44], "genome": "r(32,65) r(39,80) a(38,42) a(37,38) r(37,45) r(7,104) a(5,39) a(36,37) r(5,73)", "fitness": 0.0}
{"generation": 8, "position": 4, "parents": [34], "genome": "a(5,46) a(38,37) r(6,83) d(39) r(38,31) r(5,154)", "fitness": 4.0}
{"generation": 8, "position": 5, "parents": [48], "genome": "a(5,46) a(38,37) r(6,83) r(39,35) a(38,35) d(31) a(38,53) d(38) r(5,60)", "fitness": 4.0}
{"generation": 8, "position": 6, "parents": [51], "genome": "a(5,46) a(38,37) r(6,83) r(39,35) a(38,61) a(38,35) d(31) d(35) r(37,66) r(31,56) d(39) d(5) d(32) r(36,80)", "fitness": 0.0}
{"generation": 8, "position": 7, "parents": [5], "genome": "r(39,46) d(35) a(38,96) r(38,145) d(32) d(29) r(36,48) a(37,61)", "fitness": 0.0}
{"generation": 8, "position": 8, "parents": [47], "genome": "a(39,53) d(39) r(32,76) a(38,72) a(38,93) r(31,160) r(38,96) d(5) a(36,154)", "fitness": 0.0}
{"generation": 8, "position": 9, "parents": [17], "genome": "r(36,66) a(38,96) a(38,160) d(35) a(39,90) d(38) a(32,58) a(39,60)", "fitness": 0.0}
{"generation": 8, "position": 10, "parents": [18], "genome": "r(36,66) a(38,72) a(38,93) r(31,160) a(32,104) d(5) d(39) a(32,35)", "fitness": 0.0}
{"generation": 8, "position": 11, "parents": [39], "genome": "r(39,46) d(35) a(38,96) r(38,145) d(32) d(29) d(6) d(36)", "fitness": 0.0}
{"generation": 8, "position": 12, "parents": [1, 3], "genome": "a(5,46) a(38,37) a(38,124)", "fitness": 4.0}
{"generation": 8, "position": 13, "parents": [1, 3], "genome": "r(39,46) d(35) a(38,96) r(38,145) r(7,74) r(6,83) r(39,35) a(38,35) d(31) a(38,53) d(38) a(5,50)", "fitness": 0.0}
{"generation": 8, "position": 14, "parents": [1], "genome": "a(5,46) a(38,37) r(6,83) r(39,35) a(38,35) d(31) a(38,53) d(38) r(35,80)", "fitness": 0.0}
{"generation": 8, "position": 15, "parents": [3], "genome": "r(39,46) d(35) a(38,96) r(38,145) r(7,74) d(37)", "fitness": 0.0}
{"generation": 8, "position": 16, "parents": [37], "genome": "r(5,90) a(38,65) d(35) a(38,96) r(38,145) d(32) d(39) d(37) r(31,49)", "fitness": 0.0}
{"generation": 8, "position": 17, "parents": [31], "genome": "r(35,96) a(38,160) d(35) a(39,90) d(38) d(39) r(5,133)", "fitness": 0.0}
{"generation": 8, "position": 18, "parents": [46, 10], "genome": "a(5,46) a(38,37) r(6,83) a(38,40)", "fitness": 0.0}
{"generation": 8, "position": 19, "parents": [46, 10], "genome": "a(39,53) d(39) r(32,76) a(38,72) d(6) a(38,37) r(6,83) d(38) d(32) d(39) a(37,46) d(37)", "fitness": 0.0}
{"generation": 8, "position": 20, "parents": [46], "genome": "a(5,46) a(38,37) r(6,83) a(38,37) r(6,83) d(38) d(32) d(39) a(37,46) r(31,43)", "fitness": 0.0}
{"generation": 8, "position": 21, "parents": [10], "genome": "a(39,53) d(39) r(32,76) a(38,72) d(6) r(38,76)", "fitness": 0.0}
{"generation": 8, "position": 22, "parents": [45], "genome": "a(39,53) d(39) r(32,76) a(38,72) a(38,46) d(38) d(36) a(7,35)", "fitness": 0.0}
{"generation": 8, "position": 23, "parents": [49], "genome": "r(39,46) d(35) a(38,96) r(29,50) a(36,40) a(39,60) d(39) r(38,58) r(6,40) a(32,101)", "fitness": 0.0}
{"generation": 8, "position": 24, "parents": [47], "genome": "a(39,53) d(39) r(32,76) a(38,72) a(38,93) r(31,160) r(38,96) d(5) a(29,32)", "fitness": 4.0}
{"generation": 8, "position": 25, "parents": [50], "genome": "r(36,66) a(38,96) r(39,74) a(29,47) d(38)", "fitness": 0.0}
{"generation": 8, "position": 26, "parents": [25, 20], "genome": "a(39,53) d(39) r(32,76) a(38,72) a(38,46) d(39) d(38) r(31,160) r(38,96) d(5) r(31,160) d(38) a(32,44) d(37)", "fitness": 0.0}
{"generation": 8, "position": 27, "parents": [25, 20], "genome": "r(36,66) a(38,72) a(38,93) a(38,39)", "fitness": 0.0}
{"generation": 8, "position": 28, "parents": [25], "genome": "a(39,53) d(39) r(32,76) a(38,72) a(38,46) d(39) d(38) r(31,160) r(38,96) d(5) r(36,60)", "fitness": 0.0}
{"generation": 8, "position": 29, "parents": [20], "genome": "r(36,66) a(38,72) a(38,93) r(31,160) d(38) a(32,44) a(39,93)", "fitness": 0.0}
{"generation": 8, "position": 30, "parents": [38, 1], "genome": "r(36,66) a(38,96) r(39,74) r(37,66) r(5,44) r(32,145) r(31,162) r(6,83) r(39,35) a(38,35) d(31) a(38,53) d(38) r(29,37)", "fitness": 0.0}
{"generation": 8, "position": 31, "parents": [38, 1], "genome": "a(5,46) a(38,37) a(32,43)", "fitness": 0.0}
{"generation": 8, "position": 32, "parents": [38], "genome": "r(36,66) a(38,96) r(39,74) r(37,66) r(5,44) r(32,145) r(31,162) a(29,73)", "fitness": 0.0}
{"generation": 8, "position": 33, "parents": [1], "genome": "a(5,46) a(38,37) r(6,83) r(39,35) a(38,35) d(31) a(38,53) d(38) a(37,50)", "fitness": 0.0}
{"generation": 8, "position": 34, "parents": [22], "genome": "r(35,96) r(39,74) r(37,66) a(32,104) d(5) r(36,60) r(29,82)", "fitness": 0.0}
{"generation": 8, "position": 35, "parents": [45], "genome": "a(39,53) d(39) r(32,76) a(38,72) a(38,46) d(38) d(36) d(37)", "fitness": 0.0}
{"generation": 8, "position": 36, "parents": [12, 39], "genome": "a(39,53) d(39) r(32,76) a(38,72) a(38,93) r(31,160) r(38,96) r(6,44) d(35) a(38,96) r(38,145) d(32) d(29) d(6) d(36)", "fitness": 0.0}
{"generation": 8, "position": 37, "parents": [12, 39], "genome": "r(39,46) d(37)", "fitness": 4.0}
{"generation": 8, "position": 38, "parents": [12], "genome": "a(39,53) d(39) r(32,76) a(38,72) a(38,93) r(31,160) r(38,96) r(6,44) r(29,40)", "fitness": 0.0}
{"generation": 8, "position": 39, "parents": [39], "genome": "r(39,46) d(35) a(38,96) r(38,145) d(32) d(29) d(6) r(37,56)", "fitness": 0.0}
{"generation": 8, "position": 40, "parents": [46], "genome": "a(5,46) a(38,37) r(6,83) a(38,37) r(6,83) d(38) d(32) d(39) a(37,46) r(5,48)", "fitness": 0.0}
{"generation": 8, "position": 41, "parents": [16], "genome": "r(32,65) d(38) d(39) d(5) a(36,162) d(36) r(29,39) d(37)", "fitness": 0.0}
{"generation": 8, "position": 42, "parents": [49, 13], "genome": "r(39,46) d(35) a(38,96) r(29,50) d(38) a(37,108) r(31,76) a(7,79) r(32,73) a(6,39)", "fitness": 0.0}
{"generation": 8, "position": 43, "parents": [49, 13], "genome": "r(36,66) d(38) d(39) a(38,65) d(39) a(36,40) a(39,60) d(39) r(38,58) r(6,40) a(29,36)", "fitness": 0.0}
{"generation": 8, "position": 44, "parents": [49], "genome": "r(39,46) d(35) a(38,96) r(29,50) a(36,40) a(39,60) d(39) r(38,58) r(6,40) r(5,43)", "fitness": 0.0}
{"generation": 8, "position": 45, "parents": [13], "genome": "r(36,66) d(38) d(39) a(38,65) d(39) d(38) a(37,108) r(31,76) a(7,79) r(32,73) d(37)", "fitness": 0.0}
{"generation": 8, "position": 46, "parents": [9], "genome": "r(36,66) r(32,47) a(39,82) r(31,74) r(39,162) d(29) d(37) a(5,44) r(5,41)", "fitness": 0.0}
{"generation": 8, "position": 47, "parents": [3], "genome": "r(39,46) d(35) a(38,96) r(38,145) r(7,74) r(29,80)", "fitness": 0.0}
{"generation": 8, "position": 48, "parents": [8, 15], "genome": "r(32,65) d(38) a(32,104) d(31) a(35,162) d(39)", "fitness": 0.0}
{"generation": 8, "position": 49, "parents": [8, 15], "genome": "r(36,66) a(38,96) r(39,74) r(37,66) d(39) d(5) a(36,162) d(36) r(29,39) d(37) a(32,50)", "fitness": 0.0}
{"generation": 8, "position": 50, "parents": [8], "genome": "r(32,65) d(38) d(39) d(5) a(36,162) d(36) r(29,39) d(37)", "fitness": 0.0}
{"generation": 8, "position": 51, "parents": [15], "genome": "r(36,66) a(38,96) r(39,74) r(37,66) a(32,104) d(31) a(35,162) r(32,44)", "fitness": 0.0}
{"generation": 8, "position": 52, "parents": [1], "genome": "a(5,46) a(38,37) r(6,83) r(39,35) a(38,35) d(31) a(38,53) d(38) a(37,104)", "fitness": 0.0}
{"generation": 8, "position": 53, "parents": [52], "genome": "r(36,66) a(38,96) r(39,74) r(37,66) r(31,56) d(39) d(5) r(32,80) r(29,60)", "fitness": 0.0}
{"generation": 8, "position": 54, "parents": [45, 2], "genome": "a(39,53) r(35,44) a(39,39) r(31,56) d(39) d(32) d(29) r(37,39) d(5)", "fitness": 0.0}
{"generation": 8, "position": 55, "parents": [45, 2], "genome": "a(38,31) r(38,73) d(39) r(32,76) a(38,72) a(38,46) d(38) d(36) r(5,82)", "fitness": 0.0}
{"generation": 8, "position": 56, "parents": [45], "genome": "a(39,53) d(39) r(32,76) a(38,72) a(38,46) d(38) d(36) d(37)", "fitness": 0.0}
{"generation": 9, "position": 0, "parents": [46, 6], "genome": "r(36,66) d(32) r(36,80) d(39)", "fitness": 0.0}
{"generation": 9, "position": 1, "parents": [46, 6], "genome": "a(5,46) a(38,37) r(6,83) r(39,35) a(38,61) a(38,35) d(31) d(35) r(37,66) r(31,56) d(39) d(5) r(32,47) a(39,82) r(31,74) r(39,162) d(29) d(37) a(5,44) r(5,41) r(36,154)", "fitness": 0.0}
{"generation": 9, "position": 2, "parents": [46], "genome": "r(36,66) r(32,47) a(39,82) r(31,74) r(39,162) d(29) d(37) a(5,44) r(5,41)", "fitness": 0.0}
{"generation": 9, "position": 3, "parents": [6], "genome": "a(5,46) a(38,37) r(6,83) r(39,35) a(38,61) a(38,35) d(31) d(35) r(37,66) r(31,56) d(39) d(5) d(32) r(36,80) d(29)", "fitness": 0.0}
{"generation": 9, "position": 4, "parents": [0], "genome": "r(36,66) r(39,80) a(38,42) a(37,38) r(37,45) r(7,104) a(5,39) a(36,37) r(29,125) d(32)", "fitness": 0.0}
{"generation": 9, "position": 5, "parents": [24], "genome": "a(39,53) d(39) r(32,76) a(38,72) a(38,93) r(31,160) r(38,96) d(5) a(29,32) d(29)", "fitness": 4.0}
{"generation": 9, "position": 6, "parents": [8, 27], "genome": "a(39,53) d(39) r(32,76) a(38,72) a(38,93) r(31,160) r(38,96) a(29,36)", "fitness": 0.0}
{"generation": 9, "position": 7, "parents": [8, 27], "genome": "r(36,66) a(38,72) a(38,93) a(38,39) d(5) a(36,154) a(39,162)", "fitness": 0.0}
{"generation": 9, "position": 8, "parents": [8], "genome": "a(39,53) d(39) r(32,76) a(38,72) a(38,93) r(31,160) r(38,96) d(5) a(36,154) d(36)", "fitness": 0.0}
{"generation": 9, "position": 9, "parents": [27], "genome": "r(36,66) a(38,72) a(38,93) a(38,39) a(39,95)", "fitness": 0.0}
{"generation": 9, "position": 10, "parents": [39], "genome": "r(39,46) d(35) a(38,96) r(38,145) d(32) d(29) d(6) r(37,56) d(5)", "fitness": 0.0}
{"generation": 9, "position": 11, "parents": [47], "genome": "r(39,46) d(35) a(38,96) r(38,145) r(7,74) r(29,80) a(32,160)", "fitness": 0.0}
{"generation": 9, "position": 12, "parents": [13, 49], "genome": "r(39,46) d(35) a(38,96) r(38,145) r(7,74) d(39) d(5) a(36,162) d(36) r(29,39) d(37) a(32,50) d(32)", "fitness": 0.0}
{"generation": 9, "position": 13, "parents": [13, 49], "genome": "r(36,66) a(38,96) r(39,74) r(37,66) r(6,83) r(39,35) a(38,35) d(31) a(38,53) d(38) a(5,50) a(29,72)", "fitness": 0.0}
{"generation": 9, "position": 14, "parents": [13], "genome": "r(39,46) d(35) a(38,96) r(38,145) r(7,74) r(6,83) r(39,35) a(38,35) d(31) a(38,53) d(38) a(5,50) d(32)", "fitness": 0.0}
{"generation": 9, "position": 15, "parents": [49], "genome": "r(36,66) a(38,96) r(39,74) r(37,66) d(39) d(5) a(36,162) d(36) r(29,39) d(37) a(32,50) r(35,46)", "fitness": 0.0}
{"generation": 9, "position": 16, "parents": [55, 33], "genome": "a(38,31) r(38,73) d(39) r(32,76) a(38,72) a(37,50) d(5)", "fitness": 0.0}
{"generation": 9, "position": 17, "parents": [55, 33], "genome": "a(5,46) a(38,37) r(6,83) r(39,35) a(38,35) d(31) a(38,53) d(38) a(38,46) d(38) d(36) r(5,82) d(35)", "fitness": 0.0}
{"generation": 9, "position": 18, "parents": [55], "genome": "a(38,31) r(38,73) d(39) r(32,76) a(38,72) a(38,46) d(38) d(36) r(5,82) a(29,82)", "fitness": 0.0}
{"generation": 9, "position": 19, "parents": [33], "genome": "a(5,46) a(38,37) r(6,83) r(39,35) a(38,35) d(31) a(38,53) d(38) a(37,50) d(35)", "fitness": 0.0}
{"generation": 9, "position": 20, "parents": [45], "genome": "r(36,66) d(38) d(39) a(38,65) d(39) d(38) a(37,108) r(31,76) a(7,79) r(32,73) d(37) r(6,83)", "fitness": 0.0}
{"generation": 9, "position": 21, "parents": [46], "genome": "r(36,66) r(32,47) a(39,82) r(31,74) r(39,162) d(29) d(37) a(5,44) r(5,41)", "fitness": 0.0}
{"generation": 9, "position": 22, "parents": [27], "genome": "r(36,66) a(38,72) a(38,93) a(38,39) a(31,163)", "fitness": 12.0}
{"generation": 9, "position": 23, "parents": [29], "genome": "r(36,66) a(38,72) a(38,93) r(31,160) d(38) a(32,44) a(39,93) a(39,82)", "fitness": 0.0}
{"generation": 9, "position": 24, "parents": [28, 28], "genome": "a(39,53) d(39) r(32,76) r(32,76) a(38,72) a(38,46) d(39) d(38) r(31,160) r(38,96) d(5) r(36,60) d(29)", "fitness": 0.0}
{"generation": 9, "position": 25, "parents": [28, 28], "genome": "a(39,53) d(39) a(38,72) a(38,46) d(39) d(38) r(31,160) r(38,96) d(5) r(36,60) r(29,48)", "fitness": 0.0}
{"generation": 9, "position": 26, "parents": [28], "genome": "a(39,53) d(39) r(32,76) a(38,72) a(38,46) d(39) d(38) r(31,160) r(38,96) d(5) r(36,60) d(29)", "fitness": 0.0}
{"generation": 9, "position": 27, "parents": [28], "genome": "a(39,53) d(39) r(32,76) a(38,72) a(38,46) d(39) d(38) r(31,160) r(38,96) d(5) r(36,60) a(37,90)", "fitness": 0.0}
{"generation": 9, "position": 28, "parents": [51], "genome": "r(36,66) a(38,96) r(39,74) r(37,66) a(32,104) d(31) a(35,162) r(32,44) a(6,31)", "fitness": 0.0}
{"generation": 9, "position": 29, "parents": [2], "genome": "r(36,66) a(38,96) r(39,74) r(37,66) a(32,104) d(31) a(35,162) d(29) r(6,90)", "fitness": 0.0}
{"generation": 9, "position": 30, "parents": [15, 35], "genome": "r(39,46) d(35) a(38,96) r(38,145) r(7,74) d(37) d(36) d(37) d(29)", "fitness": 0.0}
{"generation": 9, "position": 31, "parents": [15, 35], "genome": "a(39,53) d(39) r(32,76) a(38,72) a(38,46) d(38) r(29,61)", "fitness": 0.0}
{"generation": 9, "position": 32, "parents": [15], "genome": "r(39,46) d(35) a(38,96) r(38,145) r(7,74) d(37) d(29)", "fitness": 0.0}
{"generation": 9, "position": 33, "parents": [35], "genome": "a(39,53) d(39) r(32,76) a(38,72) a(38,46) d(38) d(36) d(37) d(29)", "fitness": 0.0}
{"generation": 9, "position": 34, "parents": [23], "genome": "r(39,46) d(35) a(38,96) r(29,50) a(36,40) a(39,60) d(39) r(38,58) r(6,40) a(32,101) d(5)", "fitness": 12.0}
{"generation": 9, "position": 35, "parents": [3], "genome": "r(32,65) r(39,80) a(38,42) a(37,38) r(37,45) r(7,104) a(5,39) a(36,37) r(5,73) d(36)", "fitness": 0.0}
{"generation": 9, "position": 36, "parents": [55], "genome": "a(38,31) r(38,73) d(39) r(32,76) a(38,72) a(38,46) d(38) d(36) r(5,82) r(31,80)", "fitness": 0.0}
{"generation": 9, "position": 37, "parents": [38], "genome": "a(39,53) d(39) r(32,76) a(38,72) a(38,93) r(31,160) r(38,96) r(6,44) r(29,40) d(37)", "fitness": 0.0}
{"generation": 9, "position": 38, "parents": [51], "genome": "r(36,66) a(38,96) r(39,74) r(37,66) a(32,104) d(31) a(35,162) r(32,44) d(29)", "fitness": 0.0}
{"generation": 9, "position": 39, "parents": [17], "genome": "r(35,96) a(38,160) d(35) a(39,90) d(38) d(39) r(5,133) d(32)", "fitness": 0.0}
{"generation": 9, "position": 40, "parents": [46, 23], "genome": "r(36,66) r(32,47) a(39,82) r(31,74) r(39,162) d(29) d(35) a(38,96) r(29,50) a(36,40) a(39,60) d(39) r(38,58) r(6,40) a(32,101) r(37,80)", "fitness": 0.0}
{"generation": 9, "position": 41, "parents": [46, 23], "genome": "r(39,46) d(37) a(5,44) r(5,41) r(32,95)", "fitness": 0.0}
{"generation": 9, "position": 42, "parents": [46], "genome": "r(36,66) r(32,47) a(39,82) r(31,74) r(39,162) d(29) d(37) a(5,44) r(5,41)", "fitness": 0.0}
{"generation": 9, "position": 43, "parents": [23], "genome": "r(39,46) d(35) a(38,96) r(29,50) a(36,40) a(39,60) d(39) r(38,58) r(6,40) a(32,101) d(36)", "fitness": 0.0}
{"generation": 9, "position": 44, "parents": [1], "genome": "r(32,65) a(38,96) r(39,74) r(37,66) a(32,104) d(31) a(35,162) d(5) a(36,160)", "fitness": 0.0}
{"generation": 9, "position": 45, "parents": [43], "genome": "r(36,66) d(38) d(39) a(38,65) d(39) a(36,40) a(39,60) d(39) r(38,58) r(6,40) a(29,36) d(35)", "fitness": 0.0}
{"generation": 9, "position": 46, "parents": [7], "genome": "r(39,46) d(35) a(38,96) r(38,145) d(32) d(29) r(36,48) a(37,61) d(7)", "fitness": 0.0}
{"generation": 9, "position": 47, "parents": [22], "genome": "a(39,53) d(39) r(32,76) a(38,72) a(38,46) d(38) d(36) a(7,35) d(6)", "fitness": 0.0}
{"generation": 9, "position": 48, "parents": [46, 33], "genome": "r(36,66) r(39,35) a(38,35) d(31) a(38,53) d(38) a(37,50) r(35,39)", "fitness": 0.0}
{"generation": 9, "position": 49, "parents": [46, 33], "genome": "a(5,46) a(38,37) r(6,83) r(32,47) a(39,82) r(31,74) r(39,162) d(29) d(37) a(5,44) r(5,41) r(36,46)", "fitness": 0.0}
{"generation": 9, "position": 50, "parents": [46], "genome": "r(36,66) r(32,47) a(39,82) r(31,74) r(39,162) d(29) d(37) a(5,44) r(5,41)", "fitness": 0.0}
{"generation": 9, "position": 51, "parents": [33], "genome": "a(5,46) a(38,37) r(6,83) r(39,35) a(38,35) d(31) a(38,53) d(38) a(37,50) a(37,76)", "fitness": 0.0}
{"generation": 9, "position": 52, "parents": [50, 15], "genome": "r(32,65) d(38) d(39) r(38,145) r(7,74) d(37) r(5,104)", "fitness": 0.0}
{"generation": 9, "position": 53, "parents": [50, 15], "genome": "r(39,46) d(35) a(38,96) d(5) a(36,162) d(36) r(29,39) d(37) a(32,37)", "fitness": 0.0}
{"generation": 9, "position": 54, "parents": [50], "genome": "r(32,65) d(38) d(39) d(5) a(36,162) d(36) r(29,39) d(37)", "fitness": 0.0}
{"generation": 9, "position": 55, "parents": [15], "genome": "r(39,46) d(35) a(38,96) r(38,145) r(7,74) d(37) a(31,36)", "fitness": 0.0}
{"generation": 9, "position": 56, "parents": [51, 25], "genome": "r(36,66) a(38,96) a(29,47) d(38) r(39,145)", "fitness": 0.0}
{"generation": 9, "position": 57, "parents": [51, 25], "genome": "r(36,66) a(38,96) r(39,74) r(39,74) r(37,66) a(32,104) d(31) a(35,162) r(32,44) d(5)", "fitness": 0.0}
{"generation": 9, "position": 58, "parents": [51], "genome": "r(36,66) a(38,96) r(39,74) r(37,66) a(32,104) d(31) a(35,162) r(32,44) r(5,29)", "fitness": 0.0}
{"generation": 10, "position": 0, "parents": [56], "genome": "r(36,66) a(38,96) a(29,47) d(38) r(39,145) d(37)", "fitness": 0.0}
{"generation": 10, "position": 1, "parents": [7], "genome": "r(36,66) a(38,72) a(38,93) a(38,39) d(5) a(36,154) a(39,162) r(38,60)", "fitness": 0.0}
{"generation": 10, "position": 2, "parents": [13, 15], "genome": "r(36,66) a(38,96) r(39,74) r(37,66) r(6,83) r(39,35) a(38,35) d(37) a(32,50) r(35,46) a(5,73)", "fitness": 0.0}
{"generation": 10, "position": 3, "parents": [13, 15], "genome": "r(36,66) a(38,96) r(39,74) r(37,66) d(39) d(5) a(36,162) d(36) r(29,39) d(31) a(38,53) d(38) a(5,50) a(29,72) a(32,163)", "fitness": 0.0}
{"generation": 10, "position": 4, "parents": [13], "genome": "r(36,66) a(38,96) r(39,74) r(37,66) r(6,83) r(39,35) a(38,35) d(31) a(38,53) d(38) a(5,50) a(29,72) r(5,95)", "fitness": 0.0}
{"generation": 10, "position": 5, "parents": [15], "genome": "r(36,66) a(38,96) r(39,74) r(37,66) d(39) d(5) a(36,162) d(36) r(29,39) d(37) a(32,50) r(35,46) a(32,82)", "fitness": 0.0}
{"generation": 10, "position": 6, "parents": [59], "genome": "r(36,66) a(38,96) r(39,74) a(29,47) d(38) d(35) a(7,108)", "fitness": 0.0}
{"generation": 10, "position": 7, "parents": [7], "genome": "r(36,66) a(38,72) a(38,93) a(38,39) d(5) a(36,154) a(39,162) d(39)", "fitness": 0.0}
{"generation": 10, "position": 8, "parents": [48, 44], "genome": "r(36,66) r(39,35) a(38,35) d(31) a(38,53) d(31) a(35,162) d(5) a(36,160) r(38,66)", "fitness": 0.0}
{"generation": 10, "position": 9, "parents": [48, 44], "genome": "r(32,65) a(38,96) r(39,74) r(37,66) a(32,104) d(38) a(37,50) r(35,39) d(31)", "fitness": 0.0}
{"generation": 10, "position": 10, "parents": [48], "genome": "r(36,66) r(39,35) a(38,35) d(31) a(38,53) d(38) a(37,50) r(35,39) r(6,58)", "fitness": 0.0}
{"generation": 10, "position": 11, "parents": [44], "genome": "r(32,65) a(38,96) r(39,74) r(37,66) a(32,104) d(31) a(35,162) d(5) a(36,160) a(36,5)", "fitness": 0.0}
{"generation": 10, "position": 12, "parents": [35], "genome": "r(32,65) r(39,80) a(38,42) a(37,38) r(37,45) r(7,104) a(5,39) a(36,37) r(5,73) d(36) r(31,125)", "fitness": 0.0}
{"generation": 10, "position": 13, "parents": [19], "genome": "a(5,46) a(38,37) r(6,83) r(39,35) a(38,35) d(31) a(38,53) d(38) a(37,50) d(35) d(5)", "fitness": 0.0}
{"generation": 10, "position": 14, "parents": [29], "genome": "r(36,66) a(38,96) r(39,74) r(37,66) a(32,104) d(31) a(35,162) d(29) r(6,90) r(35,125)", "fitness": 0.0}
{"generation": 10, "position": 15, "parents": [46], "genome": "r(39,46) d(35) a(38,96) r(38,145) d(32) d(29) r(36,48) a(37,61) d(7) d(37)", "fitness": 0.0}
{"generation": 10, "position": 16, "parents": [9, 38], "genome": "r(36,66) a(38,72) a(38,93) a(38,39) a(39,95) d(31) a(35,162) r(32,44) d(29) r(39,50)", "fitness": 0.0}
{"generation": 10, "position": 17, "parents": [9, 38], "genome": "r(36,66) a(38,96) r(39,74) r(37,66) a(32,104) a(29,50)", "fitness": 0.0}
{"generation": 10, "position": 18, "parents": [9], "genome": "r(36,66) a(38,72) a(38,93) a(38,39) a(39,95) d(39)", "fitness": 0.0}
{"generation": 10, "position": 19, "parents": [38], "genome": "r(36,66) a(38,96) r(39,74) r(37,66) a(32,104) d(31) a(35,162) r(32,44) d(29) d(6)", "fitness": 0.0}
{"generation": 10, "position": 20, "parents": [9, 40], "genome": "r(36,66) a(38,72) a(38,93) a(38,39) r(6,40) a(32,101) r(37,80) a(35,125)", "fitness": 0.0}
{"generation": 10, "position": 21, "parents": [9, 40], "genome": "r(36,66) r(32,47) a(39,82) r(31,74) r(39,162) d(29) d(35) a(38,96) r(29,50) a(36,40) a(39,60) d(39) r(38,58) a(39,95) d(37)", "fitness": 0.0}
{"generation": 10, "position": 22, "parents": [9], "genome": "r(36,66) a(38,72) a(38,93) a(38,39) a(39,95) a(39,78)", "fitness": 0.0}
{"generation": 10, "position": 23, "parents": [40], "genome": "r(36,66) r(32,47) a(39,82) r(31,74) r(39,162) d(29) d(35) a(38,96) r(29,50) a(36,40) a(39,60) d(39) r(38,58) r(6,40) a(32,101) r(37,80) d(5)", "fitness": 0.0}
{"generation": 10, "position": 24, "parents": [18, 11], "genome": "a(38,31) r(38,73) d(39) d(35) a(38,96) r(38,145) r(7,74) r(29,80) a(32,160) r(32,5)", "fitness": 0.0}
{"generation": 10, "position": 25, "parents": [18, 11], "genome": "r(39,46) r(32,76) a(38,72) a(38,46) d(38) d(36) r(5,82) a(29,82) d(31)", "fitness": 0.0}
{"generation": 10, "position": 26, "parents": [18], "genome": "a(38,31) r(38,73) d(39) r(32,76) a(38,72) a(38,46) d(38) d(36) r(5,82) a(29,82) r(37,104)", "fitness": 0.0}
{"generation": 10, "position": 27, "parents": [11], "genome": "r(39,46) d(35) a(38,96) r(38,145) r(7,74) r(29,80) a(32,160) r(6,65)", "fitness": 0.0}
{"generation": 10, "position": 28, "parents": [12, 47], "genome": "r(39,46) d(35) a(38,96) r(38,145) r(7,74) d(39) d(5) a(36,162) d(36) r(29,39) d(37) a(32,50) d(32) d(39) r(32,76) a(38,72) a(38,46) d(38) d(36) a(7,35) d(6)", "fitness": 0.0}
{"generation": 10, "position": 29, "parents": [12, 47], "genome": "a(39,53) r(5,44)", "fitness": 0.0}
{"generation": 10, "position": 30, "parents": [12], "genome": "r(39,46) d(35) a(38,96) r(38,145) r(7,74) d(39) d(5) a(36,162) d(36) r(29,39) d(37) a(32,50) d(32)", "fitness": 0.0}
{"generation": 10, "position": 31, "parents": [47], "genome": "a(39,53) d(39) r(32,76) a(38,72) a(38,46) d(38) d(36) a(7,35) d(6) d(29)", "fitness": 0.0}
{"generation": 10, "position": 32, "parents": [57], "genome": "r(36,66) a(38,96) r(39,74) r(39,74) r(37,66) a(32,104) d(31) a(35,162) r(32,44) d(5) r(29,163)", "fitness": 12.0}
{"generation": 10, "position": 33, "parents": [43], "genome": "r(39,46) d(35) a(38,96) r(29,50) a(36,40) a(39,60) d(39) r(38,58) r(6,40) a(32,101) d(36) r(37,47)", "fitness": 0.0}
{"generation": 10, "position": 34, "parents": [29, 42], "genome": "r(36,66) a(38,96) r(39,74) r(37,66) a(32,104) a(39,82) r(31,74) r(39,162) d(29) d(37) a(5,44) r(5,41) r(35,108)", "fitness": 0.0}
{"generation": 10, "position": 35, "parents": [29, 42], "genome": "r(36,66) r(32,47) d(31) a(35,162) d(29) r(6,90) d(39)", "fitness": 0.0}
{"generation": 10, "position": 36, "parents": [29], "genome": "r(36,66) a(38,96) r(39,74) r(37,66) a(32,104) d(31) a(35,162) d(29) r(6,90) a(35,29)", "fitness": 0.0}
{"generation": 10, "position": 37, "parents": [42], "genome": "r(36,66) r(32,47) a(39,82) r(31,74) r(39,162) d(29) d(37) a(5,44) r(5,41)", "fitness": 0.0}
{"generation": 10, "position": 38, "parents": [51], "genome": "a(5,46) a(38,37) r(6,83) r(39,35) a(38,35) d(31) a(38,53) d(38) a(37,50) a(37,76) a(37,154)", "fitness": 0.0}
{"generation": 10, "position": 39, "parents": [32], "genome": "r(39,46) d(35) a(38,96) r(38,145) r(7,74) d(37) d(29) d(6)", "fitness": 0.0}
{"generation": 10, "position": 40, "parents": [38], "genome": "r(36,66) a(38,96) r(39,74) r(37,66) a(32,104) d(31) a(35,162) r(32,44) d(29) r(5,108)", "fitness": 0.0}
{"generation": 10, "position": 41, "parents": [32], "genome": "r(39,46) d(35) a(38,96) r(38,145) r(7,74) d(37) d(29) r(32,125)", "fitness": 0.0}
{"generation": 10, "position": 42, "parents": [26, 10], "genome": "a(39,53) d(39) a(38,96) r(38,145) d(32) d(29) d(6) r(37,56) d(5) r(36,80)", "fitness": 0.0}
{"generation": 10, "position": 43, "parents": [26, 10], "genome": "r(39,46) d(35) r(32,76) a(38,72) a(38,46) d(39) d(38) r(31,160) r(38,96) d(5) r(36,60) d(29) a(37,80)", "fitness": 0.0}
{"generation": 10, "position": 44, "parents": [26], "genome": "a(39,53) d(39) r(32,76) a(38,72) a(38,46) d(39) d(38) r(31,160) r(38,96) d(5) r(36,60) d(29) r(37,80)", "fitness": 0.0}
{"generation": 10, "position": 45, "parents": [10], "genome": "r(39,46) d(35) a(38,96) r(38,145) d(32) d(29) d(6) r(37,56) d(5) r(36,45)", "fitness": 0.0}
{"generation": 10, "position": 46, "parents": [46], "genome": "r(39,46) d(35) a(38,96) r(38,145) d(32) d(29) r(36,48) a(37,61) d(7) r(6,40)", "fitness": 0.0}
{"generation": 10, "position": 47, "parents": [6], "genome": "a(39,53) d(39) r(32,76) a(38,72) a(38,93) r(31,160) r(38,96) a(29,36) r(29,31)", "fitness": 0.0}
{"generation": 10, "position": 48, "parents": [46, 52], "genome": "r(39,46) d(35) a(38,96) r(38,145) d(32) d(29) r(36,48) a(37,61) r(7,74) d(37) r(5,104)", "fitness": 0.0}
{"generation": 10, "position": 49, "parents": [46, 52], "genome": "r(32,65) d(38) d(39) r(38,145) d(7) r(31,39)", "fitness": 12.0}
{"generation": 10, "position": 50, "parents": [46], "genome": "r(39,46) d(35) a(38,96) r(38,145) d(32) d(29) r(36,48) a(37,61) d(7) r(37,145)", "fitness": 0.0}
{"generation": 10, "position": 51, "parents": [52], "genome": "r(32,65) d(38) d(39) r(38,145) r(7,74) d(37) r(5,104) a(29,41)", "fitness": 0.0}
{"generation": 10, "position": 52, "parents": [40], "genome": "r(36,66) r(32,47) a(39,82) r(31,74) r(39,162) d(29) d(35) a(38,96) r(29,50) a(36,40) a(39,60) d(39) r(38,58) r(6,40) a(32,101) r(37,80) r(5,32)", "fitness": 0.0}
{"generation": 10, "position": 53, "parents": [2], "genome": "r(36,66) r(32,47) a(39,82) r(31,74) r(39,162) d(29) d(37) a(5,44) r(5,41)", "fitness": 0.0}
{"generation": 10, "position": 54, "parents": [49, 44], "genome": "a(5,46) a(38,37) r(6,83) r(32,47) a(39,82) r(31,74) r(39,162) d(29) d(37) a(5,44) r(5,41) r(36,46) r(39,74) r(37,66) a(32,104) d(31) a(35,162) d(5) a(36,160)", "fitness": 0.0}
{"generation": 10, "position": 55, "parents": [49, 44], "genome": "r(32,65) a(38,96) r(38,46)", "fitness": 0.0}
{"generation": 10, "position": 56, "parents": [49], "genome": "a(5,46) a(38,37) r(6,83) r(32,47) a(39,82) r(31,74) r(39,162) d(29) d(37) a(5,44) r(5,41) r(36,46)", "fitness": 0.0}
{"generation": 10, "position": 57, "parents": [44], "genome": "r(32,65) a(38,96) r(39,74) r(37,66) a(32,104) d(31) a(35,162) d(5) a(36,160) a(36,43)", "fitness": 0.0}
{"generation": 10, "position": 58, "parents": [21, 8], "genome": "r(36,66) r(32,47) a(39,82) r(31,74) r(39,162) d(29) d(37) d(39) r(32,76) a(38,72) a(38,93) r(31,160) r(38,96) d(5) a(36,154) d(36)", "fitness": 0.0}
{"generation": 10, "position": 59, "parents": [21, 8], "genome": "a(39,53) a(5,44) r(5,41) r(38,124)", "fitness": 0.0}
{"generation": 10, "position": 60, "parents": [21], "genome": "r(36,66) r(32,47) a(39,82) r(31,74) r(39,162) d(29) d(37) a(5,44) r(5,41)", "fitness": 0.0}