[meta]
{"program": "genprog-3.0", "problem": {"ideal_fitness": "12", "type": "repair", "name": "ultrix-look", "enclosure": {"1": 0, "2": 0, "3": 0, "4": 0, "5": 0, "6": 5, "7": 6, "8": 7, "11": 5, "12": 11, "14": 0, "16": 0, "18": 0, "19": 0, "20": 19, "21": 19, "26": 11, "27": 5, "28": 5, "29": 0, "30": 29, "31": 29, "32": 0, "33": 32, "34": 32, "35": 32, "36": 0, "37": 0, "38": 37, "39": 37, "40": 37, "41": 0, "42": 0, "43": 0, "44": 0, "45": 0, "46": 45, "47": 45, "48": 45, "49": 48, "50": 48, "51": 48, "52": 51, "53": 52, "56": 45, "57": 45, "58": 57, "60": 45, "61": 45, "63": 0, "65": 63, "66": 0, "68": 0, "71": 45, "72": 0, "73": 0, "74": 73, "75": 73, "76": 75, "78": 73, "79": 73, "80": 79, "81": 79, "82": 73, "83": 73, "85": 0, "86": 0, "90": 0, "91": 90, "92": 90, "93": 92, "95": 90, "96": 90, "98": 0, "101": 0, "102": 0, "103": 102, "104": 103, "106": 102, "107": 106, "108": 106, "109": 102, "110": 102, "111": 0, "112": 111, "113": 111, "114": 113, "115": 113, "116": 115, "117": 115, "118": 113, "119": 111, "120": 0, "121": 0, "122": 121, "123": 121, "124": 123, "125": 123, "126": 121, "128": 126, "129": 121, "130": 121, "131": 121, "132": 0, "133": 0, "134": 0, "135": 134, "136": 134, "137": 134, "138": 134, "139": 134, "140": 139, "142": 139, "143": 142, "145": 142, "146": 134, "147": 146, "148": 146, "149": 148, "150": 148, "151": 148, "152": 151, "154": 146, "155": 134, "156": 155, "157": 155, "158": 157, "159": 157, "160": 155, "161": 134, "162": 134, "163": 0}}, "version": "0.0.2", "seed": 3, "algorithm": {"representation": "patch", "type": "genetic", "name": "ALGORITHM-NAME"}}

[data]
{"generation": 0, "position": 0, "parents": [], "genome": "d(37)", "fitness": 4.0}
{"generation": 0, "position": 1, "parents": [], "genome": "a(39,145)", "fitness": 4.0}
{"generation": 0, "position": 2, "parents": [], "genome": "d(39)", "fitness": 4.0}
{"generation": 0, "position": 3, "parents": [], "genome": "d(6)", "fitness": 0.0}
{"generation": 0, "position": 4, "parents": [], "genome": "d(39)", "fitness": 4.0}
{"generation": 0, "position": 5, "parents": [], "genome": "d(31)", "fitness": 4.0}
{"generation": 0, "position": 6, "parents": [], "genome": "a(38,160)", "fitness": 4.0}
{"generation": 0, "position": 7, "parents": [], "genome": "d(31)", "fitness": 4.0}
{"generation": 0, "position": 8, "parents": [], "genome": "d(39)", "fitness": 4.0}
{"generation": 0, "position": 9, "parents": [], "genome": "d(6)", "fitness": 0.0}
{"generation": 0, "position": 10, "parents": [], "genome": "d(38)", "fitness": 4.0}
{"generation": 0, "position": 11, "parents": [], "genome": "r(31,101)", "fitness": 12.0}
{"generation": 0, "position": 12, "parents": [], "genome": "r(32,104)", "fitness": 0.0}
{"generation": 0, "position": 13, "parents": [], "genome": "d(32)", "fitness": 0.0}
{"generation": 0, "position": 14, "parents": [], "genome": "d(6)", "fitness": 0.0}
{"generation": 0, "position": 15, "parents": [], "genome": "r(39,124)", "fitness": 4.0}
{"generation": 0, "position": 16, "parents": [], "genome": "a(38,40)", "fitness": 4.0}
{"generation": 0, "position": 17, "parents": [], "genome": "r(39,76)", "fitness": 4.0}
{"generation": 0, "position": 18, "parents": [], "genome": "r(29,42)", "fitness": 4.0}
{"generation": 0, "position": 19, "parents": [], "genome": "d(39)", "fitness": 4.0}
{"generation": 0, "position": 20, "parents": [], "genome": "d(38)", "fitness": 4.0}
{"generation": 0, "position": 21, "parents": [], "genome": "r(38,65)", "fitness": 4.0}
{"generation": 0, "position": 22, "parents": [], "genome": "d(39)", "fitness": 4.0}
{"generation": 0, "position": 23, "parents": [], "genome": "d(39)", "fitness": 4.0}
{"generation": 0, "position": 24, "parents": [], "genome": "r(38,36)", "fitness": 4.0}
{"generation": 0, "position": 25, "parents": [], "genome": "r(39,124)", "fitness": 4.0}
{"generation": 0, "position": 26, "parents": [], "genome": "d(39)", "fitness": 4.0}
{"generation": 0, "position": 27, "parents": [], "genome": "r(39,72)", "fitness": 4.0}
{"generation": 0, "position": 28, "parents": [], "genome": "d(39)", "fitness": 4.0}
{"generation": 0, "position": 29, "parents": [], "genome": "a(39,83)", "fitness": 4.0}
{"generation": 0, "position": 30, "parents": [], "genome": "r(32,61)", "fitness": 0.0}
{"generation": 0, "position": 31, "parents": [], "genome": "a(29,53)", "fitness": 4.0}
{"generation": 0, "position": 32, "parents": [], "genome": "d(5)", "fitness": 4.0}
{"generation": 0, "position": 33, "parents": [], "genome": "a(36,36)", "fitness": 4.0}
{"generation": 0, "position": 34, "parents": [], "genome": "d(38)", "fitness": 4.0}
{"generation": 0, "position": 35, "parents": [], "genome": "a(39,145)", "fitness": 4.0}
{"generation": 0, "position": 36, "parents": [], "genome": "d(7)", "fitness": 12.0}
{"generation": 0, "position": 37, "parents": [], "genome": "r(38,45)", "fitness": 4.0}
{"generation": 0, "position": 38, "parents": [], "genome": "r(39,74)", "fitness": 4.0}
{"generation": 0, "position": 39, "parents": [], "genome": "original", "fitness": 4.0}
{"generation": 1, "position": 0, "parents": [27], "genome": "r(39,72) a(38,49)", "fitness": 4.0}
{"generation": 1, "position": 1, "parents": [8], "genome": "d(39) a(36,160)", "fitness": 4.0}
{"generation": 1, "position": 2, "parents": [28, 13], "genome": "d(39) a(7,56)", "fitness": 4.0}
{"generation": 1, "position": 3, "parents": [28, 13], "genome": "d(32) r(5,46)", "fitness": 0.0}
{"generation": 1, "position": 4, "parents": [28], "genome": "d(39) a(6,47)", "fitness": 4.0}
{"generation": 1, "position": 5, "parents": [13], "genome": "d(32) a(38,58)", "fitness": 0.0}
{"generation": 1, "position": 6, "parents": [29], "genome": "a(39,83) a(38,124)", "fitness": 4.0}
{"generation": 1, "position": 7, "parents": [23], "genome": "d(39) d(38)", "fitness": 4.0}
{"generation": 1, "position": 8, "parents": [38], "genome": "r(39,74) d(38)", "fitness": 4.0}
{"generation": 1, "position": 9, "parents": [2], "genome": "d(39) d(36)", "fitness": 0.0}
{"generation": 1, "position": 10, "parents": [18], "genome": "r(29,42) d(7)", "fitness": 0.0}
{"generation": 1, "position": 11, "parents": [37], "genome": "r(38,45) d(35)", "fitness": 0.0}
{"generation": 1, "position": 12, "parents": [32, 12], "genome": "d(5) r(39,61)", "fitness": 4.0}
{"generation": 1, "position": 13, "parents": [32, 12], "genome": "r(32,104) d(38)", "fitness": 0.0}
{"generation": 1, "position": 14, "parents": [32], "genome": "d(5) d(38)", "fitness": 4.0}
{"generation": 1, "position": 15, "parents": [12], "genome": "r(32,104) a(39,35)", "fitness": 0.0}
{"generation": 1, "position": 16, "parents": [37], "genome": "r(38,45) d(36)", "fitness": 0.0}
{"generation": 1, "position": 17, "parents": [26], "genome": "d(39) d(32)", "fitness": 0.0}
{"generation": 1, "position": 18, "parents": [25], "genome": "r(39,124) d(38)", "fitness": 4.0}
{"generation": 1, "position": 19, "parents": [24], "genome": "r(38,36) a(39,35)", "fitness": 4.0}
{"generation": 1, "position": 20, "parents": [19], "genome": "d(39) a(6,49)", "fitness": 4.0}
{"generation": 1, "position": 21, "parents": [0], "genome": "d(37) a(6,41)", "fitness": 4.0}
{"generation": 1, "position": 22, "parents": [30], "genome": "r(32,61) d(39)", "fitness": 0.0}
{"generation": 1, "position": 23, "parents": [27], "genome": "r(39,72) a(6,93)", "fitness": 4.0}
{"generation": 1, "position": 24, "parents": [26], "genome": "d(39) r(38,162)", "fitness": 4.0}
{"generation": 1, "position": 25, "parents": [30], "genome": "r(32,61) r(29,53)", "fitness": 0.0}
{"generation": 1, "position": 26, "parents": [28], "genome": "d(39) r(35,60)", "fitness": 0.0}
{"generation": 1, "position": 27, "parents": [33], "genome": "a(36,36) r(39,37)", "fitness": 4.0}
{"generation": 1, "position": 28, "parents": [9, 3], "genome": "d(6) a(38,53)", "fitness": 0.0}
{"generation": 1, "position": 29, "parents": [9, 3], "genome": "d(6) d(36)", "fitness": 0.0}
{"generation": 1, "position": 30, "parents": [9], "genome": "d(6) a(38,90)", "fitness": 0.0}
{"generation": 1, "position": 31, "parents": [3], "genome": "d(6) a(39,83)", "fitness": 0.0}
{"generation": 1, "position": 32, "parents": [0, 37], "genome": "d(37) r(35,74)", "fitness": 0.0}
{"generation": 1, "position": 33, "parents": [0, 37], "genome": "r(38,45) r(6,96)", "fitness": 0.0}
{"generation": 1, "position": 34, "parents": [0], "genome": "d(37) d(6)", "fitness": 0.0}
{"generation": 1, "position": 35, "parents": [37], "genome": "r(38,45) a(37,90)", "fitness": 4.0}
{"generation": 1, "position": 36, "parents": [32, 12], "genome": "d(5) a(36,93)", "fitness": 4.0}
{"generation": 1, "position": 37, "parents": [32, 12], "genome": "r(32,104) a(38,29)", "fitness": 0.0}
{"generation": 1, "position": 38, "parents": [32], "genome": "d(5) a(38,38)", "fitness": 4.0}
{"generation": 1, "position": 39, "parents": [12], "genome": "r(32,104) a(38,96)", "fitness": 0.0}
{"generation": 1, "position": 40, "parents": [1], "genome": "a(39,145) a(39,160)", "fitness": 4.0}
{"generation": 1, "position": 41, "parents": [34], "genome": "d(38) r(39,31)", "fitness": 4.0}
{"generation": 1, "position": 42, "parents": [26, 10], "genome": "d(39) d(38)", "fitness": 4.0}
{"generation": 1, "position": 43, "parents": [26, 10], "genome": "d(38) a(35,101)", "fitness": 12.0}
{"generation": 1, "position": 44, "parents": [26], "genome": "d(39) d(38)", "fitness": 4.0}
{"generation": 1, "position": 45, "parents": [10], "genome": "d(38) d(39)", "fitness": 4.0}
{"generation": 1, "position": 46, "parents": [36], "genome": "d(7) r(5,108)", "fitness": 4.0}
{"generation": 1, "position": 47, "parents": [20], "genome": "d(38) d(39)", "fitness": 4.0}
{"generation": 1, "position": 48, "parents": [18], "genome": "r(29,42) r(6,75)", "fitness": 0.0}
{"generation": 1, "position": 49, "parents": [24], "genome": "r(38,36) d(32)", "fitness": 0.0}
{"generation": 1, "position": 50, "parents": [4, 3], "genome": "d(39) a(35,90)", "fitness": 0.0}
{"generation": 1, "position": 51, "parents": [4, 3], "genome": "d(6) d(5)", "fitness": 4.0}
{"generation": 1, "position": 52, "parents": [4], "genome": "d(39) d(38)", "fitness": 4.0}
{"generation": 2, "position": 0, "parents": [13], "genome": "r(32,104) d(38) a(39,56)", "fitness": 0.0}
{"generation": 2, "position": 1, "parents": [11], "genome": "r(38,45) d(35) r(39,125)", "fitness": 0.0}
{"generation": 2, "position": 2, "parents": [22, 29], "genome": "r(32,61) d(39) d(36) d(5)", "fitness": 0.0}
{"generation": 2, "position": 3, "parents": [22, 29], "genome": "d(6) d(39)", "fitness": 0.0}
{"generation": 2, "position": 4, "parents": [22], "genome": "r(32,61) d(39) a(38,160)", "fitness": 0.0}
{"generation": 2, "position": 5, "parents": [29], "genome": "d(6) d(36) r(39,124)", "fitness": 0.0}
{"generation": 2, "position": 6, "parents": [48, 20], "genome": "r(29,42) r(6,75) a(6,49) r(39,53)", "fitness": 0.0}
{"generation": 2, "position": 7, "parents": [48, 20], "genome": "d(39) r(38,79)", "fitness": 4.0}
{"generation": 2, "position": 8, "parents": [48], "genome": "r(29,42) r(6,75) a(39,125)", "fitness": 0.0}
{"generation": 2, "position": 9, "parents": [20], "genome": "d(39) a(6,49) d(38)", "fitness": 4.0}
{"generation": 2, "position": 10, "parents": [9], "genome": "d(39) d(36) r(5,42)", "fitness": 0.0}
{"generation": 2, "position": 11, "parents": [32], "genome": "d(37) r(35,74) d(32)", "fitness": 0.0}
{"generation": 2, "position": 12, "parents": [42], "genome": "d(39) d(38) a(5,83)", "fitness": 4.0}
{"generation": 2, "position": 13, "parents": [14], "genome": "d(5) d(38) r(29,124)", "fitness": 12.0}
{"generation": 2, "position": 14, "parents": [16, 52], "genome": "r(38,45) d(36) d(38) r(39,38)", "fitness": 0.0}
{"generation": 2, "position": 15, "parents": [16, 52], "genome": "d(39) r(35,58)", "fitness": 0.0}
{"generation": 2, "position": 16, "parents": [16], "genome": "r(38,45) d(36) r(6,42)", "fitness": 0.0}
{"generation": 2, "position": 17, "parents": [52], "genome": "d(39) d(38) d(36)", "fitness": 0.0}
{"generation": 2, "position": 18, "parents": [15, 32], "genome": "r(32,104) a(39,35) r(35,74) r(29,58)", "fitness": 0.0}
{"generation": 2, "position": 19, "parents": [15, 32], "genome": "d(37) a(6,36)", "fitness": 4.0}
{"generation": 2, "position": 20, "parents": [15], "genome": "r(32,104) a(39,35) r(38,95)", "fitness": 0.0}
{"generation": 2, "position": 21, "parents": [32], "genome": "d(37) r(35,74) r(32,163)", "fitness": 12.0}
{"generation": 2, "position": 22, "parents": [34], "genome": "d(37) d(6) r(35,124)", "fitness": 0.0}
{"generation": 2, "position": 23, "parents": [19], "genome": "r(38,36) a(39,35) a(29,96)", "fitness": 4.0}
{"generation": 2, "position": 24, "parents": [27, 9], "genome": "a(36,36) r(39,37) r(38,160)", "fitness": 4.0}
{"generation": 2, "position": 25, "parents": [27, 9], "genome": "d(39) d(36) r(38,93)", "fitness": 0.0}
{"generation": 2, "position": 26, "parents": [27], "genome": "a(36,36) r(39,37) r(7,83)", "fitness": 12.0}
{"generation": 2, "position": 27, "parents": [9], "genome": "d(39) d(36) d(38)", "fitness": 0.0}
{"generation": 2, "position": 28, "parents": [32, 1], "genome": "d(37) a(36,160) a(32,91)", "fitness": 0.0}
{"generation": 2, "position": 29, "parents": [32, 1], "genome": "d(39) r(35,74) a(6,46)", "fitness": 0.0}
{"generation": 2, "position": 30, "parents": [32], "genome": "d(37) r(35,74) r(7,29)", "fitness": 12.0}
{"generation": 2, "position": 31, "parents": [1], "genome": "d(39) a(36,160) d(38)", "fitness": 4.0}
{"generation": 2, "position": 32, "parents": [47], "genome": "d(38) d(39) a(6,125)", "fitness": 4.0}
{"generation": 2, "position": 33, "parents": [40], "genome": "a(39,145) a(39,160) r(36,44)", "fitness": 0.0}
{"generation": 2, "position": 34, "parents": [40, 36], "genome": "a(39,145) a(36,93) r(39,162)", "fitness": 4.0}
{"generation": 2, "position": 35, "parents": [40, 36], "genome": "d(5) a(39,160) r(38,36)", "fitness": 4.0}
{"generation": 2, "position": 36, "parents": [40], "genome": "a(39,145) a(39,160) a(39,65)", "fitness": 4.0}
{"generation": 2, "position": 37, "parents": [36], "genome": "d(5) a(36,93) r(38,72)", "fitness": 4.0}
{"generation": 2, "position": 38, "parents": [5, 29], "genome": "d(32) a(38,58) d(36) d(7)", "fitness": 12.0}
{"generation": 2, "position": 39, "parents": [5, 29], "genome": "d(6) d(38)", "fitness": 0.0}
{"generation": 2, "position": 40, "parents": [5], "genome": "d(32) a(38,58) r(38,83)", "fitness": 0.0}
{"generation": 2, "position": 41, "parents": [29], "genome": "d(6) d(36) d(38)", "fitness": 0.0}
{"generation": 2, "position": 42, "parents": [39, 27], "genome": "r(32,104) d(39)", "fitness": 0.0}
{"generation": 2, "position": 43, "parents": [39, 27], "genome": "a(36,36) r(39,37) a(38,96) a(38,91)", "fitness": 4.0}
{"generation": 2, "position": 44, "parents": [39], "genome": "r(32,104) a(38,96) a(39,41)", "fitness": 0.0}
{"generation": 2, "position": 45, "parents": [27], "genome": "a(36,36) r(39,37) a(37,124)", "fitness": 12.0}
{"generation": 2, "position": 46, "parents": [7], "genome": "d(39) d(38) d(35)", "fitness": 0.0}
{"generation": 2, "position": 47, "parents": [41], "genome": "d(38) r(39,31) a(37,79)", "fitness": 0.0}
{"generation": 2, "position": 48, "parents": [32], "genome": "d(37) r(35,74) a(29,43)", "fitness": 0.0}
{"generation": 2, "position": 49, "parents": [34], "genome": "d(37) d(6) a(29,38)", "fitness": 0.0}
{"generation": 2, "position": 50, "parents": [15, 39], "genome": "r(32,104) a(39,35) d(5)", "fitness": 0.0}
{"generation": 2, "position": 51, "parents": [15, 39], "genome": "r(32,104) a(38,96) d(31)", "fitness": 0.0}
{"generation": 2, "position": 52, "parents": [15], "genome": "r(32,104) a(39,35) r(39,154)", "fitness": 0.0}
{"generation": 2, "position": 53, "parents": [39], "genome": "r(32,104) a(38,96) a(38,47)", "fitness": 0.0}
{"generation": 2, "position": 54, "parents": [4], "genome": "d(39) a(6,47) a(38,53)", "fitness": 4.0}
{"generation": 2, "position": 55, "parents": [13], "genome": "r(32,104) d(38) d(39)", "fitness": 0.0}
{"generation": 2, "position": 56, "parents": [32, 38], "genome": "d(37) a(38,38) r(5,50)", "fitness": 4.0}
{"generation": 2, "position": 57, "parents": [32, 38], "genome": "d(5) r(35,74) a(36,43)", "fitness": 0.0}
{"generation": 2, "position": 58, "parents": [32], "genome": "d(37) r(35,74) r(6,125)", "fitness": 0.0}
{"generation": 2, "position": 59, "parents": [38], "genome": "d(5) a(38,38) a(38,40)", "fitness": 4.0}
{"generation": 2, "position": 60, "parents": [42, 20], "genome": "d(39) d(38) d(36)", "fitness": 0.0}
{"generation": 2, "position": 61, "parents": [42, 20], "genome": "d(39) a(6,49) d(38)", "fitness": 4.0}
{"generation": 2, "position": 62, "parents": [42], "genome": "d(39) d(38) r(5,43)", "fitness": 0.0}
{"generation": 3, "position": 0, "parents": [49], "genome": "d(37) d(6) a(29,38) r(35,72)", "fitness": 0.0}
{"generation": 3, "position": 1, "parents": [48], "genome": "d(37) r(35,74) a(29,43) a(29,74)", "fitness": 0.0}
{"generation": 3, "position": 2, "parents": [15], "genome": "d(39) r(35,58) a(38,48)", "fitness": 0.0}
{"generation": 3, "position": 3, "parents": [43], "genome": "a(36,36) r(39,37) a(38,96) a(38,91) r(31,163)", "fitness": 12.0}
{"generation": 3, "position": 4, "parents": [59], "genome": "d(5) a(38,38) a(38,40) a(39,48)", "fitness": 4.0}
{"generation": 3, "position": 5, "parents": [34], "genome": "a(39,145) a(36,93) r(39,162) r(6,72)", "fitness": 0.0}
{"generation": 3, "position": 6, "parents": [2, 52], "genome": "r(32,61) d(39) d(36) d(38)", "fitness": 0.0}
{"generation": 3, "position": 7, "parents": [2, 52], "genome": "r(32,104) a(39,35) r(39,154) d(5) a(38,41)", "fitness": 0.0}
{"generation": 3, "position": 8, "parents": [2], "genome": "r(32,61) d(39) d(36) d(5) a(38,72)", "fitness": 0.0}
{"generation": 3, "position": 9, "parents": [52], "genome": "r(32,104) a(39,35) r(39,154) d(5)", "fitness": 0.0}
{"generation": 3, "position": 10, "parents": [18, 8], "genome": "r(32,104) a(39,125) d(38)", "fitness": 0.0}
{"generation": 3, "position": 11, "parents": [18, 8], "genome": "r(29,42) r(6,75) a(39,35) r(35,74) r(29,58) d(38)", "fitness": 0.0}
{"generation": 3, "position": 12, "parents": [18], "genome": "r(32,104) a(39,35) r(35,74) r(29,58) d(6)", "fitness": 0.0}
{"generation": 3, "position": 13, "parents": [8], "genome": "r(29,42) r(6,75) a(39,125) d(39)", "fitness": 0.0}
{"generation": 3, "position": 14, "parents": [12], "genome": "d(39) d(38) a(5,83) d(32)", "fitness": 0.0}
{"generation": 3, "position": 15, "parents": [24], "genome": "a(36,36) r(39,37) r(38,160) r(5,91)", "fitness": 0.0}
{"generation": 3, "position": 16, "parents": [40, 33], "genome": "d(32) a(39,160) r(36,44) a(31,58)", "fitness": 0.0}
{"generation": 3, "position": 17, "parents": [40, 33], "genome": "a(39,145) a(38,58) r(38,83) a(29,154)", "fitness": 4.0}
{"generation": 3, "position": 18, "parents": [40], "genome": "d(32) a(38,58) r(38,83) d(39)", "fitness": 0.0}
{"generation": 3, "position": 19, "parents": [33], "genome": "a(39,145) a(39,160) r(36,44) r(29,60)", "fitness": 0.0}
{"generation": 3, "position": 20, "parents": [32, 46], "genome": "d(38) d(35) d(39)", "fitness": 0.0}
{"generation": 3, "position": 21, "parents": [32, 46], "genome": "d(39) d(38) d(39) a(6,125) a(7,65)", "fitness": 4.0}
{"generation": 3, "position": 22, "parents": [32], "genome": "d(38) d(39) a(6,125) r(32,162)", "fitness": 0.0}
{"generation": 3, "position": 23, "parents": [46], "genome": "d(39) d(38) d(35) d(6)", "fitness": 0.0}
{"generation": 3, "position": 24, "parents": [6, 37], "genome": "r(29,42) r(6,75) a(6,49) r(39,53) a(36,93) r(38,72) d(32)", "fitness": 0.0}
{"generation": 3, "position": 25, "parents": [6, 37], "genome": "d(5) d(39)", "fitness": 4.0}
{"generation": 3, "position": 26, "parents": [6], "genome": "r(29,42) r(6,75) a(6,49) r(39,53) a(38,133)", "fitness": 0.0}
{"generation": 3, "position": 27, "parents": [37], "genome": "d(5) a(36,93) r(38,72) a(39,44)", "fitness": 4.0}
{"generation": 3, "position": 28, "parents": [28, 58], "genome": "d(37) a(36,160) a(6,49)", "fitness": 4.0}
{"generation": 3, "position": 29, "parents": [28, 58], "genome": "d(37) r(35,74) r(6,125) a(32,91) d(5)", "fitness": 0.0}
{"generation": 3, "position": 30, "parents": [28], "genome": "d(37) a(36,160) a(32,91) d(36)", "fitness": 0.0}
{"generation": 3, "position": 31, "parents": [58], "genome": "d(37) r(35,74) r(6,125) a(32,96)", "fitness": 0.0}
{"generation": 3, "position": 32, "parents": [14, 49], "genome": "r(38,45) d(36) d(38) r(39,38) d(6) a(29,38) r(37,47)", "fitness": 0.0}
{"generation": 3, "position": 33, "parents": [14, 49], "genome": "d(37) a(36,40)", "fitness": 4.0}
{"generation": 3, "position": 34, "parents": [14], "genome": "r(38,45) d(36) d(38) r(39,38) r(35,56)", "fitness": 0.0}
{"generation": 3, "position": 35, "parents": [49], "genome": "d(37) d(6) a(29,38) r(31,32)", "fitness": 0.0}
{"generation": 3, "position": 36, "parents": [47], "genome": "d(38) r(39,31) a(37,79) a(5,108)", "fitness": 0.0}
{"generation": 3, "position": 37, "parents": [38], "genome": "d(32) a(38,58) d(36) d(7) a(37,36)", "fitness": 12.0}
{"generation": 3, "position": 38, "parents": [47, 36], "genome": "d(38) r(39,31) a(31,108)", "fitness": 4.0}
{"generation": 3, "position": 39, "parents": [47, 36], "genome": "a(39,145) a(39,160) a(39,65) a(37,79) d(5)", "fitness": 0.0}
{"generation": 3, "position": 40, "parents": [47], "genome": "d(38) r(39,31) a(37,79) r(31,45)", "fitness": 0.0}
{"generation": 3, "position": 41, "parents": [36], "genome": "a(39,145) a(39,160) a(39,65) a(37,41)", "fitness": 4.0}
{"generation": 3, "position": 42, "parents": [5, 52], "genome": "d(6) d(36) r(39,154) a(5,125)", "fitness": 0.0}
{"generation": 3, "position": 43, "parents": [5, 52], "genome": "r(32,104) a(39,35) r(39,124) r(38,93)", "fitness": 12.0}
{"generation": 3, "position": 44, "parents": [5], "genome": "d(6) d(36) r(39,124) a(38,47)", "fitness": 0.0}
{"generation": 3, "position": 45, "parents": [52], "genome": "r(32,104) a(39,35) r(39,154) r(6,160)", "fitness": 0.0}
{"generation": 3, "position": 46, "parents": [63], "genome": "d(39) a(6,49) a(38,83) r(37,79)", "fitness": 0.0}
{"generation": 3, "position": 47, "parents": [29], "genome": "d(39) r(35,74) a(6,46) a(38,72)", "fitness": 0.0}
{"generation": 3, "position": 48, "parents": [11, 1], "genome": "d(37) r(35,74) r(39,125) r(5,32)", "fitness": 0.0}
{"generation": 3, "position": 49, "parents": [11, 1], "genome": "r(38,45) d(35) d(32) d(39)", "fitness": 0.0}
{"generation": 3, "position": 50, "parents": [11], "genome": "d(37) r(35,74) d(32) a(5,36)", "fitness": 0.0}
{"generation": 3, "position": 51, "parents": [1], "genome": "r(38,45) d(35) r(39,125) d(36)", "fitness": 0.0}
{"generation": 3, "position": 52, "parents": [48], "genome": "d(37) r(35,74) a(29,43) a(7,43)", "fitness": 0.0}
{"generation": 3, "position": 53, "parents": [15], "genome": "d(39) r(35,58) a(31,162)", "fitness": 0.0}
{"generation": 3, "position": 54, "parents": [44, 50], "genome": "r(32,104) a(38,96) a(39,41) r(37,73)", "fitness": 0.0}
{"generation": 3, "position": 55, "parents": [44, 50], "genome": "r(32,104) a(39,35) d(5) a(39,56)", "fitness": 0.0}
{"generation": 3, "position": 56, "parents": [44], "genome": "r(32,104) a(38,96) a(39,41) a(39,45)", "fitness": 0.0}
{"generation": 3, "position": 57, "parents": [50], "genome": "r(32,104) a(39,35) d(5) a(38,78)", "fitness": 0.0}
{"generation": 3, "position": 58, "parents": [53], "genome": "r(32,104) a(38,96) a(38,47) d(38)", "fitness": 0.0}
{"generation": 3, "position": 59, "parents": [25], "genome": "d(39) d(36) r(38,93) a(31,73)", "fitness": 0.0}
{"generation": 3, "position": 60, "parents": [32], "genome": "d(38) d(39) a(6,125) d(35)", "fitness": 0.0}
{"generation": 4, "position": 0, "parents": [35, 14], "genome": "d(37) d(6) a(29,38) d(32) d(29)", "fitness": 0.0}
{"generation": 4, "position": 1, "parents": [35, 14], "genome": "d(39) d(38) a(5,83) r(31,32) r(35,104)", "fitness": 4.0}
{"generation": 4, "position": 2, "parents": [35], "genome": "d(37) d(6) a(29,38) r(31,32) a(35,38)", "fitness": 0.0}
{"generation": 4, "position": 3, "parents": [14], "genome": "d(39) d(38) a(5,83) d(32) r(36,101)", "fitness": 12.0}
{"generation": 4, "position": 4, "parents": [18, 50], "genome": "d(32) a(38,58) r(38,83) d(39) d(32) a(5,36) d(5)", "fitness": 0.0}
{"generation": 4, "position": 5, "parents": [18, 50], "genome": "d(37) r(35,74) d(5)", "fitness": 0.0}
{"generation": 4, "position": 6, "parents": [18], "genome": "d(32) a(38,58) r(38,83) d(39) d(31)", "fitness": 0.0}
{"generation": 4, "position": 7, "parents": [50], "genome": "d(37) r(35,74) d(32) a(5,36) r(7,43)", "fitness": 0.0}
{"generation": 4, "position": 8, "parents": [14, 19], "genome": "d(39) d(38) a(5,83) d(32) r(29,60) d(7)", "fitness": 0.0}
{"generation": 4, "position": 9, "parents": [14, 19], "genome": "a(39,145) a(39,160) r(36,44) r(38,125)", "fitness": 0.0}
{"generation": 4, "position": 10, "parents": [14], "genome": "d(39) d(38) a(5,83) d(32) r(6,73)", "fitness": 0.0}
{"generation": 4, "position": 11, "parents": [19], "genome": "a(39,145) a(39,160) r(36,44) r(29,60) d(38)", "fitness": 0.0}
{"generation": 4, "position": 12, "parents": [55, 15], "genome": "r(32,104) r(38,95)", "fitness": 0.0}
{"generation": 4, "position": 13, "parents": [55, 15], "genome": "a(36,36) r(39,37) r(38,160) r(5,91) a(39,35) d(5) a(39,56) r(29,101)", "fitness": 0.0}
{"generation": 4, "position": 14, "parents": [55], "genome": "r(32,104) a(39,35) d(5) a(39,56) a(39,95)", "fitness": 0.0}
{"generation": 4, "position": 15, "parents": [15], "genome": "a(36,36) r(39,37) r(38,160) r(5,91) d(31)", "fitness": 0.0}
{"generation": 4, "position": 16, "parents": [8], "genome": "r(32,61) d(39) d(36) d(5) a(38,72) r(38,83)", "fitness": 0.0}
{"generation": 4, "position": 17, "parents": [54], "genome": "r(32,104) a(38,96) a(39,41) r(37,73) r(36,82)", "fitness": 0.0}
{"generation": 4, "position": 18, "parents": [16], "genome": "d(32) a(39,160) r(36,44) a(31,58) d(39)", "fitness": 0.0}
{"generation": 4, "position": 19, "parents": [34], "genome": "r(38,45) d(36) d(38) r(39,38) r(35,56) r(37,44)", "fitness": 0.0}
{"generation": 4, "position": 20, "parents": [42, 27], "genome": "d(6) d(36) r(39,154) a(39,44) a(29,29)", "fitness": 0.0}
{"generation": 4, "position": 21, "parents": [42, 27], "genome": "d(5) a(36,93) r(38,72) a(5,125) r(39,36)", "fitness": 4.0}
{"generation": 4, "position": 22, "parents": [42], "genome": "d(6) d(36) r(39,154) a(5,125) r(38,74)", "fitness": 0.0}
{"generation": 4, "position": 23, "parents": [27], "genome": "d(5) a(36,93) r(38,72) a(39,44) r(39,36)", "fitness": 4.0}
{"generation": 4, "position": 24, "parents": [9, 16], "genome": "r(32,104) a(39,35) r(39,154) r(36,44) a(31,58) d(38)", "fitness": 0.0}
{"generation": 4, "position": 25, "parents": [9, 16], "genome": "d(32) a(39,160) d(5) r(39,83)", "fitness": 0.0}
{"generation": 4, "position": 26, "parents": [9], "genome": "r(32,104) a(39,35) r(39,154) d(5) a(38,31)", "fitness": 0.0}
{"generation": 4, "position": 27, "parents": [16], "genome": "d(32) a(39,160) r(36,44) a(31,58) a(38,80)", "fitness": 0.0}
{"generation": 4, "position": 28, "parents": [1, 15], "genome": "d(37) r(35,74) a(29,43) r(39,37) r(38,160) r(5,91) r(31,104)", "fitness": 0.0}
{"generation": 4, "position": 29, "parents": [1, 15], "genome": "a(36,36) a(29,74) d(32)", "fitness": 0.0}
{"generation": 4, "position": 30, "parents": [1], "genome": "d(37) r(35,74) a(29,43) a(29,74) a(31,47)", "fitness": 0.0}
{"generation": 4, "position": 31, "parents": [15], "genome": "a(36,36) r(39,37) r(38,160) r(5,91) a(36,43)", "fitness": 0.0}
{"generation": 4, "position": 32, "parents": [15, 34], "genome": "a(36,36) r(39,37) r(38,160) a(32,101)", "fitness": 12.0}
{"generation": 4, "position": 33, "parents": [15, 34], "genome": "r(38,45) d(36) d(38) r(39,38) r(35,56) r(5,91) r(29,61)", "fitness": 0.0}
{"generation": 4, "position": 34, "parents": [15], "genome": "a(36,36) r(39,37) r(38,160) r(5,91) r(36,32)", "fitness": 0.0}
{"generation": 4, "position": 35, "parents": [34], "genome": "r(38,45) d(36) d(38) r(39,38) r(35,56) a(32,79)", "fitness": 0.0}
{"generation": 4, "position": 36, "parents": [16, 0], "genome": "d(32) d(6) a(29,38) r(35,72) r(39,95)", "fitness": 0.0}
{"generation": 4, "position": 37, "parents": [16, 0], "genome": "d(37) a(39,160) r(36,44) a(31,58) d(31)", "fitness": 0.0}
{"generation": 4, "position": 38, "parents": [16], "genome": "d(32) a(39,160) r(36,44) a(31,58) a(39,154)", "fitness": 0.0}
{"generation": 4, "position": 39, "parents": [0], "genome": "d(37) d(6) a(29,38) r(35,72) a(5,83)", "fitness": 0.0}
{"generation": 4, "position": 40, "parents": [45], "genome": "r(32,104) a(39,35) r(39,154) r(6,160) d(37)", "fitness": 0.0}
{"generation": 4, "position": 41, "parents": [1], "genome": "d(37) r(35,74) a(29,43) a(29,74) a(6,6)", "fitness": 0.0}
{"generation": 4, "position": 42, "parents": [29, 8], "genome": "d(37) r(35,74) r(6,125) a(32,91) d(5) d(39) d(36) d(5) a(38,72) d(29)", "fitness": 0.0}
{"generation": 4, "position": 43, "parents": [29, 8], "genome": "r(32,61) r(29,65)", "fitness": 0.0}
{"generation": 4, "position": 44, "parents": [29], "genome": "d(37) r(35,74) r(6,125) a(32,91) d(5) a(32,128)", "fitness": 0.0}
{"generation": 4, "position": 45, "parents": [8], "genome": "r(32,61) d(39) d(36) d(5) a(38,72) d(38)", "fitness": 0.0}
{"generation": 4, "position": 46, "parents": [23], "genome": "d(39) d(38) d(35) d(6) d(36)", "fitness": 0.0}
{"generation": 4, "position": 47, "parents": [45], "genome": "r(32,104) a(39,35) r(39,154) r(6,160) r(31,48)", "fitness": 0.0}
{"generation": 4, "position": 48, "parents": [39, 58], "genome": "a(39,145) a(39,160) a(39,65) a(37,79) d(38) d(39)", "fitness": 0.0}
{"generation": 4, "position": 49, "parents": [39, 58], "genome": "r(32,104) a(38,96) a(38,47) d(5) a(39,35)", "fitness": 0.0}
{"generation": 4, "position": 50, "parents": [39], "genome": "a(39,145) a(39,160) a(39,65) a(37,79) d(5) d(39)", "fitness": 0.0}
{"generation": 4, "position": 51, "parents": [58], "genome": "r(32,104) a(38,96) a(38,47) d(38) a(39,74)", "fitness": 0.0}
{"generation": 4, "position": 52, "parents": [5], "genome": "a(39,145) a(36,93) r(39,162) r(6,72) r(29,124)", "fitness": 0.0}
{"generation": 4, "position": 53, "parents": [30], "genome": "d(37) a(36,160) a(32,91) d(36) d(35)", "fitness": 0.0}
{"generation": 4, "position": 54, "parents": [15], "genome": "a(36,36) r(39,37) r(38,160) r(5,91) d(32)", "fitness": 0.0}
{"generation": 4, "position": 55, "parents": [36], "genome": "d(38) r(39,31) a(37,79) a(5,108) d(7)", "fitness": 12.0}
{"generation": 4, "position": 56, "parents": [14, 49], "genome": "d(39) d(38) d(32) d(39) r(6,65)", "fitness": 0.0}
{"generation": 4, "position": 57, "parents": [14, 49], "genome": "r(38,45) d(35) a(5,83) d(32) d(39)", "fitness": 0.0}
{"generation": 4, "position": 58, "parents": [14], "genome": "d(39) d(38) a(5,83) d(32) a(36,61)", "fitness": 0.0}
{"generation": 4, "position": 59, "parents": [49], "genome": "r(38,45) d(35) d(32) d(39) a(31,83)", "fitness": 0.0}
{"generation": 4, "position": 60, "parents": [32], "genome": "r(38,45) d(36) d(38) r(39,38) d(6) a(29,38) r(37,47) d(31)", "fitness": 0.0}
{"generation": 4, "position": 61, "parents": [46], "genome": "d(39) a(6,49) a(38,83) r(37,79) r(6,75)", "fitness": 0.0}
{"generation": 4, "position": 62, "parents": [60], "genome": "d(38) d(39) a(6,125) d(35) r(7,73)", "fitness": 0.0}
{"generation": 5, "position": 0, "parents": [43, 8], "genome": "r(32,61) r(29,65) d(7) r(38,31)", "fitness": 0.0}
{"generation": 5, "position": 1, "parents": [43, 8], "genome": "d(39) d(38) a(5,83) d(32) r(29,60) r(6,160)", "fitness": 0.0}
{"generation": 5, "position": 2, "parents": [43], "genome": "r(32,61) r(29,65) r(39,31)", "fitness": 0.0}
{"generation": 5, "position": 3, "parents": [8], "genome": "d(39) d(38) a(5,83) d(32) r(29,60) d(7) d(37)", "fitness": 0.0}
{"generation": 5, "position": 4, "parents": [41, 8], "genome": "d(37) r(35,74) a(29,43) a(29,74) r(29,60) d(7) d(36)", "fitness": 0.0}
{"generation": 5, "position": 5, "parents": [41, 8], "genome": "d(39) d(38) a(5,83) d(32) a(6,6) d(29)", "fitness": 0.0}
{"generation": 5, "position": 6, "parents": [41], "genome": "d(37) r(35,74) a(29,43) a(29,74) a(6,6) a(36,53)", "fitness": 0.0}
{"generation": 5, "position": 7, "parents": [8], "genome": "d(39) d(38) a(5,83) d(32) r(29,60) d(7) a(5,42)", "fitness": 0.0}
{"generation": 5, "position": 8, "parents": [30, 31], "genome": "d(37) r(35,74) a(29,43) a(29,74) a(36,43) r(31,145)", "fitness": 0.0}
{"generation": 5, "position": 9, "parents": [30, 31], "genome": "a(36,36) r(39,37) r(38,160) r(5,91) a(31,47) d(32)", "fitness": 0.0}
{"generation": 5, "position": 10, "parents": [30], "genome": "d(37) r(35,74) a(29,43) a(29,74) a(31,47) r(7,52)", "fitness": 12.0}
{"generation": 5, "position": 11, "parents": [31], "genome": "a(36,36) r(39,37) r(38,160) r(5,91) a(36,43) r(36,104)", "fitness": 0.0}
{"generation": 5, "position": 12, "parents": [61], "genome": "d(39) a(6,49) a(38,83) r(37,79) r(6,75) r(31,47)", "fitness": 0.0}
{"generation": 5, "position": 13, "parents": [20], "genome": "d(6) d(36) r(39,154) a(39,44) a(29,29) a(38,76)", "fitness": 0.0}
{"generation": 5, "position": 14, "parents": [24, 6], "genome": "r(32,104) a(39,35) r(39,154) r(36,44) a(31,58) d(31) d(38)", "fitness": 0.0}
{"generation": 5, "position": 15, "parents": [24, 6], "genome": "d(32) a(38,58) r(38,83) d(39) d(38) r(36,79)", "fitness": 0.0}
{"generation": 5, "position": 16, "parents": [24], "genome": "r(32,104) a(39,35) r(39,154) r(36,44) a(31,58) d(38) d(7)", "fitness": 12.0}
{"generation": 5, "position": 17, "parents": [6], "genome": "d(32) a(38,58) r(38,83) d(39) d(31) d(29)", "fitness": 0.0}
{"generation": 5, "position": 18, "parents": [59, 44], "genome": "r(38,45) d(35) d(32) d(39) a(32,128) d(29)", "fitness": 0.0}
{"generation": 5, "position": 19, "parents": [59, 44], "genome": "d(37) r(35,74) r(6,125) a(32,91) d(5) a(31,83) r(32,29)", "fitness": 0.0}
{"generation": 5, "position": 20, "parents": [59], "genome": "r(38,45) d(35) d(32) d(39) a(31,83) a(37,46)", "fitness": 0.0}
{"generation": 5, "position": 21, "parents": [44], "genome": "d(37) r(35,74) r(6,125) a(32,91) d(5) a(32,128) r(29,93)", "fitness": 0.0}
{"generation": 5, "position": 22, "parents": [45, 7], "genome": "r(32,61) d(39) d(36) d(5) a(38,72) d(38) r(35,74) d(32) a(5,36) r(7,43) d(29)", "fitness": 0.0}
{"generation": 5, "position": 23, "parents": [45, 7], "genome": "d(37) d(5)", "fitness": 4.0}
{"generation": 5, "position": 24, "parents": [45], "genome": "r(32,61) d(39) d(36) d(5) a(38,72) d(38) a(31,53)", "fitness": 0.0}
{"generation": 5, "position": 25, "parents": [7], "genome": "d(37) r(35,74) d(32) a(5,36) r(7,43) r(31,82)", "fitness": 0.0}
{"generation": 5, "position": 26, "parents": [46], "genome": "d(39) d(38) d(35) d(6) d(36) r(29,61)", "fitness": 0.0}
{"generation": 5, "position": 27, "parents": [56], "genome": "d(39) d(38) d(32) d(39) r(6,65) d(31)", "fitness": 0.0}
{"generation": 5, "position": 28, "parents": [37], "genome": "d(37) a(39,160) r(36,44) a(31,58) d(31) r(7,39)", "fitness": 0.0}
{"generation": 5, "position": 29, "parents": [63], "genome": "d(39) r(35,74) a(6,46) a(38,72) a(38,53) a(38,43)", "fitness": 0.0}
{"generation": 5, "position": 30, "parents": [29], "genome": "a(36,36) a(29,74) d(32) r(38,36)", "fitness": 0.0}
{"generation": 5, "position": 31, "parents": [54], "genome": "a(36,36) r(39,37) r(38,160) r(5,91) d(32) d(29)", "fitness": 0.0}
{"generation": 5, "position": 32, "parents": [17], "genome": "r(32,104) a(38,96) a(39,41) r(37,73) r(36,82) d(29)", "fitness": 0.0}
{"generation": 5, "position": 33, "parents": [12], "genome": "r(32,104) r(38,95) d(39)", "fitness": 0.0}
{"generation": 5, "position": 34, "parents": [18], "genome": "d(32) a(39,160) r(36,44) a(31,58) d(39) r(38,29)", "fitness": 0.0}
{"generation": 5, "position": 35, "parents": [12], "genome": "r(32,104) r(38,95) r(39,82)", "fitness": 0.0}
{"generation": 5, "position": 36, "parents": [36, 57], "genome": "d(32) d(6) a(29,38) r(35,72) r(39,95) a(31,39)", "fitness": 0.0}
{"generation": 5, "position": 37, "parents": [36, 57], "genome": "r(38,45) d(35) a(5,83) d(32) d(39) d(7)", "fitness": 12.0}
{"generation": 5, "position": 38, "parents": [36], "genome": "d(32) d(6) a(29,38) r(35,72) r(39,95) d(36)", "fitness": 0.0}
{"generation": 5, "position": 39, "parents": [57], "genome": "r(38,45) d(35) a(5,83) d(32) d(39) a(37,76)", "fitness": 0.0}
{"generation": 5, "position": 40, "parents": [12], "genome": "r(32,104) r(38,95) a(31,73)", "fitness": 0.0}
{"generation": 5, "position": 41, "parents": [29], "genome": "a(36,36) a(29,74) d(32) r(38,96)", "fitness": 0.0}
{"generation": 5, "position": 42, "parents": [26, 43], "genome": "r(32,104) a(39,35) r(39,154) d(5) a(38,31) r(29,65) r(38,160)", "fitness": 0.0}
{"generation": 5, "position": 43, "parents": [26, 43], "genome": "r(32,61) d(39)", "fitness": 0.0}
{"generation": 5, "position": 44, "parents": [26], "genome": "r(32,104) a(39,35) r(39,154) d(5) a(38,31) d(38)", "fitness": 0.0}
{"generation": 5, "position": 45, "parents": [43], "genome": "r(32,61) r(29,65) d(39)", "fitness": 0.0}
{"generation": 5, "position": 46, "parents": [30], "genome": "d(37) r(35,74) a(29,43) a(29,74) a(31,47) a(29,43)", "fitness": 0.0}
{"generation": 5, "position": 47, "parents": [37], "genome": "d(37) a(39,160) r(36,44) a(31,58) d(31) r(35,90)", "fitness": 0.0}
{"generation": 5, "position": 48, "parents": [58], "genome": "d(39) d(38) a(5,83) d(32) a(36,61) a(37,31)", "fitness": 0.0}
{"generation": 5, "position": 49, "parents": [46], "genome": "d(39) d(38) d(35) d(6) d(36) d(37)", "fitness": 0.0}
{"generation": 5, "position": 50, "parents": [12, 14], "genome": "r(32,104) r(38,95) a(39,35) d(5) a(39,56) a(39,95) a(39,41)", "fitness": 0.0}
{"generation": 5, "position": 51, "parents": [12, 14], "genome": "r(32,104) a(38,35)", "fitness": 0.0}
{"generation": 5, "position": 52, "parents": [12], "genome": "r(32,104) r(38,95) d(39)", "fitness": 0.0}
{"generation": 5, "position": 53, "parents": [14], "genome": "r(32,104) a(39,35) d(5) a(39,56) a(39,95) d(39)", "fitness": 0.0}
{"generation": 5, "position": 54, "parents": [30, 4], "genome": "d(37) r(35,74) a(29,43) a(29,74) d(32) a(5,36) d(5) r(29,41)", "fitness": 0.0}
{"generation": 5, "position": 55, "parents": [30, 4], "genome": "d(32) a(38,58) r(38,83) d(39) a(31,47) a(36,31)", "fitness": 0.0}
{"generation": 5, "position": 56, "parents": [30], "genome": "d(37) r(35,74) a(29,43) a(29,74) a(31,47) a(36,74)", "fitness": 0.0}
{"generation": 5, "position": 57, "parents": [4], "genome": "d(32) a(38,58) r(38,83) d(39) d(32) a(5,36) d(5) d(37)", "fitness": 0.0}
{"generation": 5, "position": 58, "parents": [62], "genome": "d(38) d(39) a(6,125) d(35) r(7,73) d(31)", "fitness": 0.0}
{"generation": 6, "position": 0, "parents": [21], "genome": "d(37) r(35,74) r(6,125) a(32,91) d(5) a(32,128) r(29,93) d(32)", "fitness": 0.0}
{"generation": 6, "position": 1, "parents": [33], "genome": "r(32,104) r(38,95) d(39) r(37,125)", "fitness": 0.0}
{"generation": 6, "position": 2, "parents": [45], "genome": "r(32,61) r(29,65) d(39) r(38,46)", "fitness": 0.0}
{"generation": 6, "position": 3, "parents": [56], "genome": "d(37) r(35,74) a(29,43) a(29,74) a(31,47) a(36,74) r(36,104)", "fitness": 0.0}
{"generation": 6, "position": 4, "parents": [38, 49], "genome": "d(32) d(6) d(37) d(5)", "fitness": 0.0}
{"generation": 6, "position": 5, "parents": [38, 49], "genome": "d(39) d(38) d(35) d(6) d(36) a(29,38) r(35,72) r(39,95) d(36) r(31,61)", "fitness": 0.0}
{"generation": 6, "position": 6, "parents": [38], "genome": "d(32) d(6) a(29,38) r(35,72) r(39,95) d(36) d(38)", "fitness": 0.0}
{"generation": 6, "position": 7, "parents": [49], "genome": "d(39) d(38) d(35) d(6) d(36) d(37) r(5,32)", "fitness": 0.0}
{"generation": 6, "position": 8, "parents": [6], "genome": "d(37) r(35,74) a(29,43) a(29,74) a(6,6) a(36,53) a(7,92)", "fitness": 0.0}
{"generation": 6, "position": 9, "parents": [21], "genome": "d(37) r(35,74) r(6,125) a(32,91) d(5) a(32,128) r(29,93) a(36,43)", "fitness": 0.0}
{"generation": 6, "position": 10, "parents": [31, 25], "genome": "a(36,36) r(39,37) r(38,160) r(5,91) r(35,74) d(32) a(5,36) r(7,43) r(31,82) a(29,42)", "fitness": 0.0}
{"generation": 6, "position": 11, "parents": [31, 25], "genome": "d(37) d(32) d(29) a(6,82)", "fitness": 0.0}
{"generation": 6, "position": 12, "parents": [31], "genome": "a(36,36) r(39,37) r(38,160) r(5,91) d(32) d(29) a(37,72)", "fitness": 0.0}
{"generation": 6, "position": 13, "parents": [25], "genome": "d(37) r(35,74) d(32) a(5,36) r(7,43) r(31,82) d(29)", "fitness": 0.0}
{"generation": 6, "position": 14, "parents": [41, 14], "genome": "a(36,36) a(29,74) d(31) d(38) a(5,101)", "fitness": 12.0}
{"generation": 6, "position": 15, "parents": [41, 14], "genome": "r(32,104) a(39,35) r(39,154) r(36,44) a(31,58) d(32) r(38,96) r(6,90)", "fitness": 0.0}
{"generation": 6, "position": 16, "parents": [41], "genome": "a(36,36) a(29,74) d(32) r(38,96) r(39,82)", "fitness": 0.0}
{"generation": 6, "position": 17, "parents": [14], "genome": "r(32,104) a(39,35) r(39,154) r(36,44) a(31,58) d(31) d(38) r(37,44)", "fitness": 0.0}
{"generation": 6, "position": 18, "parents": [54], "genome": "d(37) r(35,74) a(29,43) a(29,74) d(32) a(5,36) d(5) r(29,41) a(36,42)", "fitness": 0.0}
{"generation": 6, "position": 19, "parents": [18], "genome": "r(38,45) d(35) d(32) d(39) a(32,128) d(29) d(7)", "fitness": 0.0}
{"generation": 6, "position": 20, "parents": [39, 1], "genome": "r(38,45) d(35) a(5,83) d(32) d(39) a(37,76) r(36,90)", "fitness": 0.0}
{"generation": 6, "position": 21, "parents": [39, 1], "genome": "d(39) d(38) a(5,83) d(32) r(29,60) r(6,160) d(5)", "fitness": 0.0}
{"generation": 6, "position": 22, "parents": [39], "genome": "r(38,45) d(35) a(5,83) d(32) d(39) a(37,76) d(6)", "fitness": 0.0}
{"generation": 6, "position": 23, "parents": [1], "genome": "d(39) d(38) a(5,83) d(32) r(29,60) r(6,160) d(36)", "fitness": 0.0}
{"generation": 6, "position": 24, "parents": [34, 11], "genome": "d(32) a(39,160) r(36,44) r(39,37) r(38,160) r(5,91) a(36,43) r(36,104) r(29,61)", "fitness": 0.0}
{"generation": 6, "position": 25, "parents": [34, 11], "genome": "a(36,36) a(31,58) d(39) r(38,29) d(29)", "fitness": 4.0}
{"generation": 6, "position": 26, "parents": [34], "genome": "d(32) a(39,160) r(36,44) a(31,58) d(39) r(38,29) a(29,5)", "fitness": 0.0}
{"generation": 6, "position": 27, "parents": [11], "genome": "a(36,36) r(39,37) r(38,160) r(5,91) a(36,43) r(36,104) d(29)", "fitness": 0.0}
{"generation": 6, "position": 28, "parents": [26, 21], "genome": "d(39) d(38) d(35) r(31,91)", "fitness": 0.0}
{"generation": 6, "position": 29, "parents": [26, 21], "genome": "d(37) r(35,74) r(6,125) a(32,91) d(5) a(32,128) r(29,93) d(6) d(36) r(29,61) r(32,50)", "fitness": 0.0}
{"generation": 6, "position": 30, "parents": [26], "genome": "d(39) d(38) d(35) d(6) d(36) r(29,61) a(32,93)", "fitness": 0.0}
{"generation": 6, "position": 31, "parents": [21], "genome": "d(37) r(35,74) r(6,125) a(32,91) d(5) a(32,128) r(29,93) a(36,160)", "fitness": 0.0}
{"generation": 6, "position": 32, "parents": [8], "genome": "d(37) r(35,74) a(29,43) a(29,74) a(36,43) r(31,145) a(6,5)", "fitness": 0.0}
{"generation": 6, "position": 33, "parents": [38], "genome": "d(32) d(6) a(29,38) r(35,72) r(39,95) d(36) r(38,35)", "fitness": 0.0}
{"generation": 6, "position": 34, "parents": [27, 17], "genome": "d(39) d(31) d(29) r(35,93)", "fitness": 0.0}
{"generation": 6, "position": 35, "parents": [27, 17], "genome": "d(32) a(38,58) r(38,83) d(39) d(38) d(32) d(39) r(6,65) d(31) a(5,133)", "fitness": 0.0}
{"generation": 6, "position": 36, "parents": [27], "genome": "d(39) d(38) d(32) d(39) r(6,65) d(31) d(29)", "fitness": 0.0}
{"generation": 6, "position": 37, "parents": [17], "genome": "d(32) a(38,58) r(38,83) d(39) d(31) d(29) d(36)", "fitness": 0.0}
{"generation": 6, "position": 38, "parents": [6], "genome": "d(37) r(35,74) a(29,43) a(29,74) a(6,6) a(36,53) d(7)", "fitness": 0.0}
{"generation": 6, "position": 39, "parents": [2], "genome": "r(32,61) r(29,65) r(39,31) d(5)", "fitness": 0.0}
{"generation": 6, "position": 40, "parents": [8, 13], "genome": "d(37) r(35,74) a(29,43) a(29,74) a(39,44) a(29,29) a(38,76) r(6,31)", "fitness": 0.0}
{"generation": 6, "position": 41, "parents": [8, 13], "genome": "d(6) d(36) r(39,154) a(36,43) r(31,145) a(38,53)", "fitness": 0.0}
{"generation": 6, "position": 42, "parents": [8], "genome": "d(37) r(35,74) a(29,43) a(29,74) a(36,43) r(31,145) d(29)", "fitness": 0.0}
{"generation": 6, "position": 43, "parents": [13], "genome": "d(6) d(36) r(39,154) a(39,44) a(29,29) a(38,76) d(38)", "fitness": 0.0}
{"generation": 6, "position": 44, "parents": [0], "genome": "r(32,61) r(29,65) d(7) r(38,31) a(39,43)", "fitness": 0.0}
{"generation": 6, "position": 45, "parents": [57], "genome": "d(32) a(38,58) r(38,83) d(39) d(32) a(5,36) d(5) d(37) d(31)", "fitness": 0.0}
{"generation": 6, "position": 46, "parents": [42], "genome": "r(32,104) a(39,35) r(39,154) d(5) a(38,31) r(29,65) r(38,160) a(37,82)", "fitness": 0.0}
{"generation": 6, "position": 47, "parents": [28], "genome": "d(37) a(39,160) r(36,44) a(31,58) d(31) r(7,39) a(6,41)", "fitness": 0.0}
{"generation": 6, "position": 48, "parents": [11], "genome": "a(36,36) r(39,37) r(38,160) r(5,91) a(36,43) r(36,104) a(35,29)", "fitness": 0.0}
{"generation": 6, "position": 49, "parents": [34], "genome": "d(32) a(39,160) r(36,44) a(31,58) d(39) r(38,29) a(5,41)", "fitness": 0.0}
{"generation": 6, "position": 50, "parents": [38], "genome": "d(32) d(6) a(29,38) r(35,72) r(39,95) d(36) d(38)", "fitness": 0.0}
{"generation": 6, "position": 51, "parents": [30], "genome": "a(36,36) a(29,74) d(32) r(38,36) a(7,41)", "fitness": 0.0}
{"generation": 6, "position": 52, "parents": [54], "genome": "d(37) r(35,74) a(29,43) a(29,74) d(32) a(5,36) d(5) r(29,41) a(36,66)", "fitness": 0.0}
{"generation": 6, "position": 53, "parents": [54], "genome": "d(37) r(35,74) a(29,43) a(29,74) d(32) a(5,36) d(5) r(29,41) a(36,154)", "fitness": 0.0}
{"generation": 6, "position": 54, "parents": [22], "genome": "r(32,61) d(39) d(36) d(5) a(38,72) d(38) r(35,74) d(32) a(5,36) r(7,43) d(29) d(37)", "fitness": 0.0}
{"generation": 7, "position": 0, "parents": [47, 10], "genome": "d(37) a(39,160) r(36,44) a(31,58) d(32) a(5,36) r(7,43) r(31,82) a(29,42) a(6,44)", "fitness": 0.0}
{"generation": 7, "position": 1, "parents": [47, 10], "genome": "a(36,36) r(39,37) r(38,160) r(5,91) r(35,74) d(31) r(7,39) a(6,41) r(37,50)", "fitness": 0.0}
{"generation": 7, "position": 2, "parents": [47], "genome": "d(37) a(39,160) r(36,44) a(31,58) d(31) r(7,39) a(6,41) d(35)", "fitness": 0.0}
{"generation": 7, "position": 3, "parents": [10], "genome": "a(36,36) r(39,37) r(38,160) r(5,91) r(35,74) d(32) a(5,36) r(7,43) r(31,82) a(29,42) a(29,66)", "fitness": 0.0}
{"generation": 7, "position": 4, "parents": [34], "genome": "d(39) d(31) d(29) r(35,93) a(38,79)", "fitness": 0.0}
{"generation": 7, "position": 5, "parents": [34], "genome": "d(39) d(31) d(29) r(35,93) r(38,44)", "fitness": 0.0}
{"generation": 7, "position": 6, "parents": [32, 9], "genome": "d(37) r(35,74) a(29,43) a(32,128) r(29,93) a(36,43) d(6)", "fitness": 0.0}
{"generation": 7, "position": 7, "parents": [32, 9], "genome": "d(37) r(35,74) r(6,125) a(32,91) d(5) a(29,74) a(36,43) r(31,145) a(6,5) a(32,32)", "fitness": 0.0}
{"generation": 7, "position": 8, "parents": [32], "genome": "d(37) r(35,74) a(29,43) a(29,74) a(36,43) r(31,145) a(6,5) a(29,48)", "fitness": 0.0}
{"generation": 7, "position": 9, "parents": [9], "genome": "d(37) r(35,74) r(6,125) a(32,91) d(5) a(32,128) r(29,93) a(36,43) a(32,96)", "fitness": 0.0}
{"generation": 7, "position": 10, "parents": [33, 46], "genome": "d(32) d(6) a(29,38) r(38,160) a(37,82) a(39,76)", "fitness": 0.0}
{"generation": 7, "position": 11, "parents": [33, 46], "genome": "r(32,104) a(39,35) r(39,154) d(5) a(38,31) r(29,65) r(35,72) r(39,95) d(36) r(38,35) r(37,101)", "fitness": 12.0}
{"generation": 7, "position": 12, "parents": [33], "genome": "d(32) d(6) a(29,38) r(35,72) r(39,95) d(36) r(38,35) a(5,95)", "fitness": 0.0}
{"generation": 7, "position": 13, "parents": [46], "genome": "r(32,104) a(39,35) r(39,154) d(5) a(38,31) r(29,65) r(38,160) a(37,82) a(36,160)", "fitness": 0.0}
{"generation": 7, "position": 14, "parents": [13], "genome": "d(37) r(35,74) d(32) a(5,36) r(7,43) r(31,82) d(29) d(5)", "fitness": 0.0}
{"generation": 7, "position": 15, "parents": [41], "genome": "d(6) d(36) r(39,154) a(36,43) r(31,145) a(38,53) a(38,163)", "fitness": 0.0}
{"generation": 7, "position": 16, "parents": [50], "genome": "d(32) d(6) a(29,38) r(35,72) r(39,95) d(36) d(38) a(5,41)", "fitness": 0.0}
{"generation": 7, "position": 17, "parents": [2], "genome": "r(32,61) r(29,65) d(39) r(38,46) a(7,31)", "fitness": 0.0}
{"generation": 7, "position": 18, "parents": [44, 30], "genome": "r(32,61) r(29,65) d(7) r(38,31) a(39,43) a(32,93) d(39)", "fitness": 0.0}
{"generation": 7, "position": 19, "parents": [44, 30], "genome": "d(39) d(38) d(35) d(6) d(36) r(29,61) d(37)", "fitness": 0.0}
{"generation": 7, "position": 20, "parents": [44], "genome": "r(32,61) r(29,65) d(7) r(38,31) a(39,43) r(39,163)", "fitness": 12.0}
{"generation": 7, "position": 21, "parents": [30], "genome": "d(39) d(38) d(35) d(6) d(36) r(29,61) a(32,93) d(37)", "fitness": 0.0}
{"generation": 7, "position": 22, "parents": [7, 9], "genome": "d(39) d(38) d(35) d(6) a(32,128) r(29,93) a(36,43) a(36,154)", "fitness": 0.0}
{"generation": 7, "position": 23, "parents": [7, 9], "genome": "d(37) r(35,74) r(6,125) a(32,91) d(5) d(36) d(37) r(5,32) d(32)", "fitness": 0.0}
{"generation": 7, "position": 24, "parents": [7], "genome": "d(39) d(38) d(35) d(6) d(36) d(37) r(5,32) a(29,49)", "fitness": 0.0}
{"generation": 7, "position": 25, "parents": [9], "genome": "d(37) r(35,74) r(6,125) a(32,91) d(5) a(32,128) r(29,93) a(36,43) a(36,96)", "fitness": 0.0}
{"generation": 7, "position": 26, "parents": [2], "genome": "r(32,61) r(29,65) d(39) r(38,46) a(36,65)", "fitness": 0.0}
{"generation": 7, "position": 27, "parents": [42], "genome": "d(37) r(35,74) a(29,43) a(29,74) a(36,43) r(31,145) d(29) d(6)", "fitness": 0.0}
{"generation": 7, "position": 28, "parents": [9, 41], "genome": "d(37) r(35,74) r(6,125) a(32,91) d(5) a(32,128) r(29,93) a(36,43) a(38,53) a(32,39)", "fitness": 0.0}
{"generation": 7, "position": 29, "parents": [9, 41], "genome": "d(6) d(36) r(39,154) a(36,43) r(31,145) d(37)", "fitness": 0.0}
{"generation": 7, "position": 30, "parents": [9], "genome": "d(37) r(35,74) r(6,125) a(32,91) d(5) a(32,128) r(29,93) a(36,43) d(36)", "fitness": 0.0}
{"generation": 7, "position": 31, "parents": [41], "genome": "d(6) d(36) r(39,154) a(36,43) r(31,145) a(38,53) r(38,5)", "fitness": 0.0}
{"generation": 7, "position": 32, "parents": [50], "genome": "d(32) d(6) a(29,38) r(35,72) r(39,95) d(36) d(38) d(31)", "fitness": 0.0}
{"generation": 7, "position": 33, "parents": [31], "genome": "d(37) r(35,74) r(6,125) a(32,91) d(5) a(32,128) r(29,93) a(36,160) r(36,95)", "fitness": 0.0}
{"generation": 7, "position": 34, "parents": [47, 27], "genome": "d(37) a(39,160) r(36,44) a(31,58) d(29) d(32)", "fitness": 0.0}
{"generation": 7, "position": 35, "parents": [47, 27], "genome": "a(36,36) r(39,37) r(38,160) r(5,91) a(36,43) r(36,104) d(31) r(7,39) a(6,41) r(29,49)", "fitness": 0.0}
{"generation": 7, "position": 36, "parents": [47], "genome": "d(37) a(39,160) r(36,44) a(31,58) d(31) r(7,39) a(6,41) r(29,73)", "fitness": 0.0}
{"generation": 7, "position": 37, "parents": [27], "genome": "a(36,36) r(39,37) r(38,160) r(5,91) a(36,43) r(36,104) d(29) a(37,78)", "fitness": 0.0}
{"generation": 7, "position": 38, "parents": [26, 4], "genome": "d(32) a(39,160) r(36,44) a(31,58) d(39) d(5) d(38)", "fitness": 0.0}
{"generation": 7, "position": 39, "parents": [26, 4], "genome": "d(32) d(6) d(37) r(38,29) a(29,5) a(5,73)", "fitness": 0.0}
{"generation": 7, "position": 40, "parents": [26], "genome": "d(32) a(39,160) r(36,44) a(31,58) d(39) r(38,29) a(29,5) r(29,43)", "fitness": 0.0}
{"generation": 7, "position": 41, "parents": [4], "genome": "d(32) d(6) d(37) d(5) r(36,91)", "fitness": 0.0}
{"generation": 7, "position": 42, "parents": [50, 24], "genome": "d(32) d(6) a(29,38) r(35,72) r(39,95) d(36) r(38,160) r(5,91) a(36,43) r(36,104) r(29,61) r(37,35)", "fitness": 0.0}
{"generation": 7, "position": 43, "parents": [50, 24], "genome": "d(32) a(39,160) r(36,44) r(39,37) d(38) d(29)", "fitness": 0.0}
{"generation": 7, "position": 44, "parents": [50], "genome": "d(32) d(6) a(29,38) r(35,72) r(39,95) d(36) d(38) r(29,38)", "fitness": 0.0}
{"generation": 7, "position": 45, "parents": [24], "genome": "d(32) a(39,160) r(36,44) r(39,37) r(38,160) r(5,91) a(36,43) r(36,104) r(29,61) d(37)", "fitness": 0.0}
{"generation": 7, "position": 46, "parents": [3], "genome": "d(37) r(35,74) a(29,43) a(29,74) a(31,47) a(36,74) r(36,104) a(5,47)", "fitness": 0.0}
{"generation": 7, "position": 47, "parents": [54], "genome": "r(32,61) d(39) d(36) d(5) a(38,72) d(38) r(35,74) d(32) a(5,36) r(7,43) d(29) d(37)", "fitness": 0.0}
{"generation": 7, "position": 48, "parents": [18], "genome": "d(37) r(35,74) a(29,43) a(29,74) d(32) a(5,36) d(5) r(29,41) a(36,42) a(36,82)", "fitness": 0.0}
{"generation": 7, "position": 49, "parents": [3], "genome": "d(37) r(35,74) a(29,43) a(29,74) a(31,47) a(36,74) r(36,104) d(7)", "fitness": 12.0}
{"generation": 7, "position": 50, "parents": [50, 31], "genome": "d(32) d(6) d(5) a(32,128) r(29,93) a(36,160) d(38)", "fitness": 0.0}
{"generation": 7, "position": 51, "parents": [50, 31], "genome": "d(37) r(35,74) r(6,125) a(32,91) a(29,38) r(35,72) r(39,95) d(36) d(38) a(31,73)", "fitness": 0.0}
{"generation": 7, "position": 52, "parents": [50], "genome": "d(32) d(6) a(29,38) r(35,72) r(39,95) d(36) d(38) r(31,74)", "fitness": 0.0}
{"generation": 7, "position": 53, "parents": [31], "genome": "d(37) r(35,74) r(6,125) a(32,91) d(5) a(32,128) r(29,93) a(36,160) a(32,53)", "fitness": 0.0}
{"generation": 7, "position": 54, "parents": [17], "genome": "r(32,104) a(39,35) r(39,154) r(36,44) a(31,58) d(31) d(38) r(37,44) a(29,76)", "fitness": 0.0}
{"generation": 7, "position": 55, "parents": [3], "genome": "d(37) r(35,74) a(29,43) a(29,74) a(31,47) a(36,74) r(36,104) a(32,39)", "fitness": 0.0}
{"generation": 7, "position": 56, "parents": [2], "genome": "r(32,61) r(29,65) d(39) r(38,46) r(6,160)", "fitness": 0.0}
{"generation": 7, "position": 57, "parents": [34], "genome": "d(39) d(31) d(29) r(35,93) a(38,43)", "fitness": 0.0}
{"generation": 7, "position": 58, "parents": [41], "genome": "d(6) d(36) r(39,154) a(36,43) r(31,145) a(38,53) a(38,49)", "fitness": 0.0}
{"generation": 8, "position": 0, "parents": [40], "genome": "d(32) a(39,160) r(36,44) a(31,58) d(39) r(38,29) a(29,5) r(29,43) d(6)", "fitness": 0.0}
{"generation": 8, "position": 1, "parents": [29], "genome": "d(6) d(36) r(39,154) a(36,43) r(31,145) d(37) a(29,108)", "fitness": 0.0}
{"generation": 8, "position": 2, "parents": [14], "genome": "d(37) r(35,74) d(32) a(5,36) r(7,43) r(31,82) d(29) d(5) a(36,128)", "fitness": 0.0}
{"generation": 8, "position": 3, "parents": [43], "genome": "d(32) a(39,160) r(36,44) r(39,37) d(38) d(29) r(6,73)", "fitness": 0.0}
{"generation": 8, "position": 4, "parents": [31], "genome": "d(6) d(36) r(39,154) a(36,43) r(31,145) a(38,53) r(38,5) r(37,56)", "fitness": 0.0}
{"generation": 8, "position": 5, "parents": [56], "genome": "r(32,61) r(29,65) d(39) r(38,46) r(6,160) r(37,47)", "fitness": 0.0}
{"generation": 8, "position": 6, "parents": [59, 4], "genome": "a(36,36) a(29,74) d(32) r(38,36) d(29) r(35,93) a(38,79) r(39,78)", "fitness": 0.0}
{"generation": 8, "position": 7, "parents": [59, 4], "genome": "d(39) d(31) a(7,41) a(29,73) d(38)", "fitness": 0.0}
{"generation": 8, "position": 8, "parents": [59], "genome": "a(36,36) a(29,74) d(32) r(38,36) a(7,41) a(29,73) r(39,40)", "fitness": 0.0}
{"generation": 8, "position": 9, "parents": [4], "genome": "d(39) d(31) d(29) r(35,93) a(38,79) r(36,128)", "fitness": 0.0}
{"generation": 8, "position": 10, "parents": [53, 14], "genome": "d(37) r(35,74) r(6,125) a(32,91) d(5) a(32,128) a(5,36) r(7,43) r(31,82) d(29) d(5) r(36,91)", "fitness": 0.0}
{"generation": 8, "position": 11, "parents": [53, 14], "genome": "d(37) r(35,74) d(32) r(29,93) a(36,160) a(32,53) d(7)", "fitness": 0.0}
{"generation": 8, "position": 12, "parents": [53], "genome": "d(37) r(35,74) r(6,125) a(32,91) d(5) a(32,128) r(29,93) a(36,160) a(32,53) d(36)", "fitness": 0.0}
{"generation": 8, "position": 13, "parents": [14], "genome": "d(37) r(35,74) d(32) a(5,36) r(7,43) r(31,82) d(29) d(5) a(36,31)", "fitness": 0.0}
{"generation": 8, "position": 14, "parents": [16], "genome": "d(32) d(6) a(29,38) r(35,72) r(39,95) d(36) d(38) a(5,41) a(5,80)", "fitness": 0.0}
{"generation": 8, "position": 15, "parents": [57], "genome": "d(39) d(31) d(29) r(35,93) a(38,43) d(38)", "fitness": 0.0}
{"generation": 8, "position": 16, "parents": [38], "genome": "d(32) a(39,160) r(36,44) a(31,58) d(39) d(5) d(38) d(37)", "fitness": 0.0}
{"generation": 8, "position": 17, "parents": [57], "genome": "d(39) d(31) d(29) r(35,93) a(38,43) d(38)", "fitness": 0.0}
{"generation": 8, "position": 18, "parents": [26], "genome": "r(32,61) r(29,65) d(39) r(38,46) a(36,65) a(5,162)", "fitness": 0.0}
{"generation": 8, "position": 19, "parents": [2], "genome": "d(37) a(39,160) r(36,44) a(31,58) d(31) r(7,39) a(6,41) d(35) d(29)", "fitness": 0.0}
{"generation": 8, "position": 20, "parents": [58], "genome": "d(6) d(36) r(39,154) a(36,43) r(31,145) a(38,53) a(38,49) d(38)", "fitness": 0.0}
{"generation": 8, "position": 21, "parents": [36], "genome": "d(37) a(39,160) r(36,44) a(31,58) d(31) r(7,39) a(6,41) r(29,73) r(32,31)", "fitness": 0.0}
{"generation": 8, "position": 22, "parents": [31, 28], "genome": "d(6) d(36) r(39,154) a(36,43) r(31,145) a(32,128) r(29,93) a(36,43) a(38,53) a(32,39) d(35)", "fitness": 0.0}
{"generation": 8, "position": 23, "parents": [31, 28], "genome": "d(37) r(35,74) r(6,125) a(32,91) d(5) a(38,53) r(38,5) r(36,79)", "fitness": 0.0}
{"generation": 8, "position": 24, "parents": [31], "genome": "d(6) d(36) r(39,154) a(36,43) r(31,145) a(38,53) r(38,5) a(29,133)", "fitness": 0.0}
{"generation": 8, "position": 25, "parents": [28], "genome": "d(37) r(35,74) r(6,125) a(32,91) d(5) a(32,128) r(29,93) a(36,43) a(38,53) a(32,39) d(36)", "fitness": 0.0}
{"generation": 8, "position": 26, "parents": [21, 22], "genome": "d(39) d(38) d(35) d(6) d(36) r(29,61) d(38) d(35) d(6) a(32,128) r(29,93) a(36,43) a(36,154) a(5,56)", "fitness": 0.0}
{"generation": 8, "position": 27, "parents": [21, 22], "genome": "d(39) a(32,93) d(37) a(31,108)", "fitness": 4.0}
{"generation": 8, "position": 28, "parents": [21], "genome": "d(39) d(38) d(35) d(6) d(36) r(29,61) a(32,93) d(37) r(5,44)", "fitness": 0.0}
{"generation": 8, "position": 29, "parents": [22], "genome": "d(39) d(38) d(35) d(6) a(32,128) r(29,93) a(36,43) a(36,154) d(32)", "fitness": 0.0}
{"generation": 8, "position": 30, "parents": [55], "genome": "d(37) r(35,74) a(29,43) a(29,74) a(31,47) a(36,74) r(36,104) a(32,39) a(5,72)", "fitness": 0.0}
{"generation": 8, "position": 31, "parents": [48], "genome": "d(37) r(35,74) a(29,43) a(29,74) d(32) a(5,36) d(5) r(29,41) a(36,42) a(36,82) a(36,83)", "fitness": 0.0}
{"generation": 8, "position": 32, "parents": [6], "genome": "d(37) r(35,74) a(29,43) a(32,128) r(29,93) a(36,43) d(6) d(5)", "fitness": 0.0}
{"generation": 8, "position": 33, "parents": [22], "genome": "d(39) d(38) d(35) d(6) a(32,128) r(29,93) a(36,43) a(36,154) d(32)", "fitness": 0.0}
{"generation": 8, "position": 34, "parents": [23, 52], "genome": "d(37) r(35,74) r(6,125) d(38) r(31,74) a(32,5)", "fitness": 0.0}
{"generation": 8, "position": 35, "parents": [23, 52], "genome": "d(32) d(6) a(29,38) r(35,72) r(39,95) d(36) a(32,91) d(5) d(36) d(37) r(5,32) d(32) a(31,90)", "fitness": 0.0}
{"generation": 8, "position": 36, "parents": [23], "genome": "d(37) r(35,74) r(6,125) a(32,91) d(5) d(36) d(37) r(5,32) d(32) r(31,37)", "fitness": 0.0}
{"generation": 8, "position": 37, "parents": [52], "genome": "d(32) d(6) a(29,38) r(35,72) r(39,95) d(36) d(38) r(31,74) d(29)", "fitness": 0.0}
{"generation": 8, "position": 38, "parents": [16, 48], "genome": "d(32) d(6) r(35,74) a(29,43) a(29,74) d(32) a(5,36) d(5) r(29,41) a(36,42) a(36,82) a(39,145)", "fitness": 0.0}
{"generation": 8, "position": 39, "parents": [16, 48], "genome": "d(37) a(29,38) r(35,72) r(39,95) d(36) d(38) a(5,41) a(6,75)", "fitness": 0.0}
{"generation": 8, "position": 40, "parents": [16], "genome": "d(32) d(6) a(29,38) r(35,72) r(39,95) d(36) d(38) a(5,41) r(37,160)", "fitness": 0.0}
{"generation": 8, "position": 41, "parents": [48], "genome": "d(37) r(35,74) a(29,43) a(29,74) d(32) a(5,36) d(5) r(29,41) a(36,42) a(36,82) r(36,104)", "fitness": 0.0}
{"generation": 8, "position": 42, "parents": [35], "genome": "a(36,36) r(39,37) r(38,160) r(5,91) a(36,43) r(36,104) d(31) r(7,39) a(6,41) r(29,49) d(37)", "fitness": 0.0}
{"generation": 8, "position": 43, "parents": [6], "genome": "d(37) r(35,74) a(29,43) a(32,128) r(29,93) a(36,43) d(6) r(32,65)", "fitness": 0.0}
{"generation": 8, "position": 44, "parents": [29, 33], "genome": "d(6) d(36) r(39,154) a(36,43) r(31,145) r(6,125) a(32,91) d(5) a(32,128) r(29,93) a(36,160) r(36,95) a(38,42)", "fitness": 0.0}
{"generation": 8, "position": 45, "parents": [29, 33], "genome": "d(37) r(35,74) d(37) r(29,32)", "fitness": 0.0}
{"generation": 8, "position": 46, "parents": [29], "genome": "d(6) d(36) r(39,154) a(36,43) r(31,145) d(37) d(29)", "fitness": 0.0}
{"generation": 8, "position": 47, "parents": [33], "genome": "d(37) r(35,74) r(6,125) a(32,91) d(5) a(32,128) r(29,93) a(36,160) r(36,95) d(32)", "fitness": 0.0}
{"generation": 8, "position": 48, "parents": [55, 44], "genome": "d(37) r(35,74) a(29,43) a(29,74) a(31,47) r(39,95) d(36) d(38) r(29,38) a(7,104)", "fitness": 0.0}
{"generation": 8, "position": 49, "parents": [55, 44], "genome": "d(32) d(6) a(29,38) r(35,72) a(36,74) r(36,104) a(32,39) a(39,160)", "fitness": 0.0}
{"generation": 8, "position": 50, "parents": [55], "genome": "d(37) r(35,74) a(29,43) a(29,74) a(31,47) a(36,74) r(36,104) a(32,39) r(6,78)", "fitness": 0.0}
{"generation": 8, "position": 51, "parents": [44], "genome": "d(32) d(6) a(29,38) r(35,72) r(39,95) d(36) d(38) r(29,38) r(37,56)", "fitness": 0.0}
{"generation": 8, "position": 52, "parents": [27, 24], "genome": "d(37) r(35,74) a(29,43) a(29,74) a(36,43) r(31,145) d(35) d(6) d(36) d(37) r(5,32) a(29,49) d(32)", "fitness": 0.0}
{"generation": 8, "position": 53, "parents": [27, 24], "genome": "d(39) d(38) d(29) d(6) d(32)", "fitness": 0.0}
{"generation": 8, "position": 54, "parents": [27], "genome": "d(37) r(35,74) a(29,43) a(29,74) a(36,43) r(31,145) d(29) d(6) r(36,133)", "fitness": 0.0}
{"generation": 8, "position": 55, "parents": [24], "genome": "d(39) d(38) d(35) d(6) d(36) d(37) r(5,32) a(29,49) r(32,76)", "fitness": 0.0}
{"generation": 8, "position": 56, "parents": [30, 35], "genome": "d(37) r(38,160) r(5,91) a(36,43) r(36,104) d(31) r(7,39) a(6,41) r(29,49) r(32,41)", "fitness": 0.0}
{"generation": 8, "position": 57, "parents": [30, 35], "genome": "a(36,36) r(39,37) r(35,74) r(6,125) a(32,91) d(5) a(32,128) r(29,93) a(36,43) d(36) r(38,58)", "fitness": 0.0}
{"generation": 8, "position": 58, "parents": [30], "genome": "d(37) r(35,74) r(6,125) a(32,91) d(5) a(32,128) r(29,93) a(36,43) d(36) a(32,128)", "fitness": 0.0}
{"generation": 9, "position": 0, "parents": [51], "genome": "d(32) d(6) a(29,38) r(35,72) r(39,95) d(36) d(38) r(29,38) r(37,56) a(5,45)", "fitness": 0.0}
{"generation": 9, "position": 1, "parents": [26], "genome": "d(39) d(38) d(35) d(6) d(36) r(29,61) d(38) d(35) d(6) a(32,128) r(29,93) a(36,43) a(36,154) a(5,56) a(32,5)", "fitness": 0.0}
{"generation": 9, "position": 2, "parents": [54, 10], "genome": "d(37) r(35,74) r(36,91) r(32,125)", "fitness": 0.0}
{"generation": 9, "position": 3, "parents": [54, 10], "genome": "d(37) r(35,74) r(6,125) a(32,91) d(5) a(32,128) a(5,36) r(7,43) r(31,82) d(29) d(5) a(29,43) a(29,74) a(36,43) r(31,145) d(29) d(6) r(36,133) a(32,104)", "fitness": 0.0}
{"generation": 9, "position": 4, "parents": [54], "genome": "d(37) r(35,74) a(29,43) a(29,74) a(36,43) r(31,145) d(29) d(6) r(36,133) r(5,65)", "fitness": 0.0}
{"generation": 9, "position": 5, "parents": [10], "genome": "d(37) r(35,74) r(6,125) a(32,91) d(5) a(32,128) a(5,36) r(7,43) r(31,82) d(29) d(5) r(36,91) r(32,29)", "fitness": 0.0}
{"generation": 9, "position": 6, "parents": [18], "genome": "r(32,61) r(29,65) d(39) r(38,46) a(36,65) a(5,162) a(36,82)", "fitness": 0.0}
{"generation": 9, "position": 7, "parents": [32], "genome": "d(37) r(35,74) a(29,43) a(32,128) r(29,93) a(36,43) d(6) d(5) a(36,72)", "fitness": 0.0}
{"generation": 9, "position": 8, "parents": [15, 18], "genome": "d(39) a(36,65) a(5,162) r(32,49)", "fitness": 0.0}
{"generation": 9, "position": 9, "parents": [15, 18], "genome": "r(32,61) r(29,65) d(39) r(38,46) d(31) d(29) r(35,93) a(38,43) d(38) d(7)", "fitness": 0.0}
{"generation": 9, "position": 10, "parents": [15], "genome": "d(39) d(31) d(29) r(35,93) a(38,43) d(38) a(37,95)", "fitness": 0.0}
{"generation": 9, "position": 11, "parents": [18], "genome": "r(32,61) r(29,65) d(39) r(38,46) a(36,65) a(5,162) r(5,43)", "fitness": 0.0}
{"generation": 9, "position": 12, "parents": [31], "genome": "d(37) r(35,74) a(29,43) a(29,74) d(32) a(5,36) d(5) r(29,41) a(36,42) a(36,82) a(36,83) a(36,32)", "fitness": 0.0}
{"generation": 9, "position": 13, "parents": [45], "genome": "d(37) r(35,74) d(37) r(29,32) a(5,79)", "fitness": 0.0}
{"generation": 9, "position": 14, "parents": [3, 57], "genome": "d(32) a(39,160) r(36,44) r(39,37) d(38) d(29) r(6,73) r(39,37) r(35,74) r(6,125) a(32,91) d(5) a(32,128) r(29,93) a(36,43) d(36) r(38,58) d(37)", "fitness": 0.0}
{"generation": 9, "position": 15, "parents": [3, 57], "genome": "a(36,36) d(6)", "fitness": 0.0}
{"generation": 9, "position": 16, "parents": [3], "genome": "d(32) a(39,160) r(36,44) r(39,37) d(38) d(29) r(6,73) a(5,49)", "fitness": 0.0}
{"generation": 9, "position": 17, "parents": [57], "genome": "a(36,36) r(39,37) r(35,74) r(6,125) a(32,91) d(5) a(32,128) r(29,93) a(36,43) d(36) r(38,58) r(32,53)", "fitness": 0.0}
{"generation": 9, "position": 18, "parents": [36, 25], "genome": "d(37) r(35,74) r(6,125) a(32,91) d(5) d(36) d(37) r(29,93) a(36,43) a(38,53) a(32,39) d(36) a(32,60)", "fitness": 0.0}
{"generation": 9, "position": 19, "parents": [36, 25], "genome": "d(37) r(35,74) r(6,125) a(32,91) d(5) a(32,128) r(5,32) d(32) r(31,37) d(29)", "fitness": 0.0}
{"generation": 9, "position": 20, "parents": [36], "genome": "d(37) r(35,74) r(6,125) a(32,91) d(5) d(36) d(37) r(5,32) d(32) r(31,37) r(29,40)", "fitness": 0.0}
{"generation": 9, "position": 21, "parents": [25], "genome": "d(37) r(35,74) r(6,125) a(32,91) d(5) a(32,128) r(29,93) a(36,43) a(38,53) a(32,39) d(36) a(32,37)", "fitness": 0.0}
{"generation": 9, "position": 22, "parents": [30], "genome": "d(37) r(35,74) a(29,43) a(29,74) a(31,47) a(36,74) r(36,104) a(32,39) a(5,72) r(32,56)", "fitness": 0.0}
{"generation": 9, "position": 23, "parents": [29], "genome": "d(39) d(38) d(35) d(6) a(32,128) r(29,93) a(36,43) a(36,154) d(32) d(5)", "fitness": 0.0}
{"generation": 9, "position": 24, "parents": [20, 43], "genome": "d(6) d(36) r(39,154) a(36,43) r(31,145) r(32,65) r(37,72)", "fitness": 0.0}
{"generation": 9, "position": 25, "parents": [20, 43], "genome": "d(37) r(35,74) a(29,43) a(32,128) r(29,93) a(36,43) d(6) a(38,53) a(38,49) d(38) r(32,125)", "fitness": 0.0}
{"generation": 9, "position": 26, "parents": [20], "genome": "d(6) d(36) r(39,154) a(36,43) r(31,145) a(38,53) a(38,49) d(38) a(32,32)", "fitness": 0.0}
{"generation": 9, "position": 27, "parents": [43], "genome": "d(37) r(35,74) a(29,43) a(32,128) r(29,93) a(36,43) d(6) r(32,65) d(5)", "fitness": 0.0}
{"generation": 9, "position": 28, "parents": [13, 41], "genome": "d(37) r(35,74) d(32) a(5,36) a(29,74) d(32) a(5,36) d(5) r(29,41) a(36,42) a(36,82) r(36,104)", "fitness": 0.0}
{"generation": 9, "position": 29, "parents": [13, 41], "genome": "d(37) r(35,74) a(29,43) r(7,43) r(31,82) d(29) d(5) a(36,31) r(36,48)", "fitness": 0.0}
{"generation": 9, "position": 30, "parents": [13], "genome": "d(37) r(35,74) d(32) a(5,36) r(7,43) r(31,82) d(29) d(5) a(36,31) d(36)", "fitness": 0.0}
{"generation": 9, "position": 31, "parents": [41], "genome": "d(37) r(35,74) a(29,43) a(29,74) d(32) a(5,36) d(5) r(29,41) a(36,42) a(36,82) r(36,104)", "fitness": 0.0}
{"generation": 9, "position": 32, "parents": [30], "genome": "d(37) r(35,74) a(29,43) a(29,74) a(31,47) a(36,74) r(36,104) a(32,39) a(5,72) r(31,56)", "fitness": 0.0}
{"generation": 9, "position": 33, "parents": [4], "genome": "d(6) d(36) r(39,154) a(36,43) r(31,145) a(38,53) r(38,5) r(37,56) r(5,91)", "fitness": 0.0}
{"generation": 9, "position": 34, "parents": [49], "genome": "d(32) d(6) a(29,38) r(35,72) a(36,74) r(36,104) a(32,39) a(39,160) r(37,133)", "fitness": 0.0}
{"generation": 9, "position": 35, "parents": [44], "genome": "d(6) d(36) r(39,154) a(36,43) r(31,145) r(6,125) a(32,91) d(5) a(32,128) r(29,93) a(36,160) r(36,95) a(38,42) d(38)", "fitness": 0.0}
{"generation": 9, "position": 36, "parents": [5, 11], "genome": "r(32,61) r(29,65) d(39) r(38,46) r(37,50)", "fitness": 0.0}
{"generation": 9, "position": 37, "parents": [5, 11], "genome": "d(37) r(35,74) d(32) r(29,93) a(36,160) a(32,53) d(7) r(6,160) r(37,47) a(36,72)", "fitness": 0.0}
{"generation": 9, "position": 38, "parents": [5], "genome": "r(32,61) r(29,65) d(39) r(38,46) r(6,160) r(37,47) a(5,124)", "fitness": 0.0}
{"generation": 9, "position": 39, "parents": [11], "genome": "d(37) r(35,74) d(32) r(29,93) a(36,160) a(32,53) d(7) r(6,7)", "fitness": 0.0}
{"generation": 9, "position": 40, "parents": [28, 53], "genome": "d(39) d(38) d(35) d(6) d(36) r(29,61) d(38) d(29) d(6) d(32) d(37)", "fitness": 0.0}
{"generation": 9, "position": 41, "parents": [28, 53], "genome": "d(39) a(32,93) d(37) r(5,44) r(29,40)", "fitness": 0.0}
{"generation": 9, "position": 42, "parents": [28], "genome": "d(39) d(38) d(35) d(6) d(36) r(29,61) a(32,93) d(37) r(5,44) d(32)", "fitness": 0.0}
{"generation": 9, "position": 43, "parents": [53], "genome": "d(39) d(38) d(29) d(6) d(32) d(5)", "fitness": 0.0}
{"generation": 9, "position": 44, "parents": [24], "genome": "d(6) d(36) r(39,154) a(36,43) r(31,145) a(38,53) r(38,5) a(29,133) a(37,133)", "fitness": 0.0}
{"generation": 9, "position": 45, "parents": [58], "genome": "d(37) r(35,74) r(6,125) a(32,91) d(5) a(32,128) r(29,93) a(36,43) d(36) a(32,128) a(32,108)", "fitness": 0.0}
{"generation": 9, "position": 46, "parents": [10], "genome": "d(37) r(35,74) r(6,125) a(32,91) d(5) a(32,128) a(5,36) r(7,43) r(31,82) d(29) d(5) r(36,91) a(32,124)", "fitness": 0.0}
{"generation": 9, "position": 47, "parents": [13], "genome": "d(37) r(35,74) d(32) a(5,36) r(7,43) r(31,82) d(29) d(5) a(36,31) a(36,40)", "fitness": 0.0}
{"generation": 9, "position": 48, "parents": [15, 52], "genome": "d(39) d(31) d(29) a(36,43) r(31,145) d(35) d(6) d(36) d(37) r(5,32) a(29,49) d(32)", "fitness": 0.0}
{"generation": 9, "position": 49, "parents": [15, 52], "genome": "d(37) r(35,74) a(29,43) a(29,74) r(35,93) a(38,43) d(38) a(32,108)", "fitness": 0.0}
{"generation": 9, "position": 50, "parents": [15], "genome": "d(39) d(31) d(29) r(35,93) a(38,43) d(38) r(36,104)", "fitness": 0.0}
{"generation": 9, "position": 51, "parents": [52], "genome": "d(37) r(35,74) a(29,43) a(29,74) a(36,43) r(31,145) d(35) d(6) d(36) d(37) r(5,32) a(29,49) d(32) a(29,90)", "fitness": 0.0}
{"generation": 9, "position": 52, "parents": [38], "genome": "d(32) d(6) r(35,74) a(29,43) a(29,74) d(32) a(5,36) d(5) r(29,41) a(36,42) a(36,82) a(39,145) a(39,73)", "fitness": 0.0}
{"generation": 9, "position": 53, "parents": [53], "genome": "d(39) d(38) d(29) d(6) d(32) r(37,128)", "fitness": 0.0}
{"generation": 9, "position": 54, "parents": [53], "genome": "d(39) d(38) d(29) d(6) d(32) d(5)", "fitness": 0.0}
{"generation": 9, "position": 55, "parents": [16], "genome": "d(32) a(39,160) r(36,44) a(31,58) d(39) d(5) d(38) d(37) a(31,56)", "fitness": 0.0}
{"generation": 9, "position": 56, "parents": [49], "genome": "d(32) d(6) a(29,38) r(35,72) a(36,74) r(36,104) a(32,39) a(39,160) d(39)", "fitness": 0.0}
{"generation": 10, "position": 0, "parents": [41], "genome": "d(39) a(32,93) d(37) r(5,44) r(29,40) d(32)", "fitness": 0.0}
{"generation": 10, "position": 1, "parents": [20], "genome": "d(37) r(35,74) r(6,125) a(32,91) d(5) d(36) d(37) r(5,32) d(32) r(31,37) r(29,40)", "fitness": 0.0}
{"generation": 10, "position": 2, "parents": [20, 13], "genome": "d(37) r(35,74) a(5,79) r(32,72)", "fitness": 0.0}
{"generation": 10, "position": 3, "parents": [20, 13], "genome": "d(37) r(35,74) d(37) r(29,32) r(6,125) a(32,91) d(5) d(36) d(37) r(5,32) d(32) r(31,37) r(29,40)", "fitness": 0.0}
{"generation": 10, "position": 4, "parents": [20], "genome": "d(37) r(35,74) r(6,125) a(32,91) d(5) d(36) d(37) r(5,32) d(32) r(31,37) r(29,40)", "fitness": 0.0}
{"generation": 10, "position": 5, "parents": [13], "genome": "d(37) r(35,74) d(37) r(29,32) a(5,79) a(7,5)", "fitness": 0.0}
{"generation": 10, "position": 6, "parents": [37], "genome": "d(37) r(35,74) d(32) r(29,93) a(36,160) a(32,53) d(7) r(6,160) r(37,47) a(36,72) r(36,145)", "fitness": 0.0}
{"generation": 10, "position": 7, "parents": [14], "genome": "d(32) a(39,160) r(36,44) r(39,37) d(38) d(29) r(6,73) r(39,37) r(35,74) r(6,125) a(32,91) d(5) a(32,128) r(29,93) a(36,43) d(36) r(38,58) d(37)", "fitness": 0.0}
{"generation": 10, "position": 8, "parents": [56], "genome": "d(32) d(6) a(29,38) r(35,72) a(36,74) r(36,104) a(32,39) a(39,160) d(39) d(38)", "fitness": 0.0}
{"generation": 10, "position": 9, "parents": [32], "genome": "d(37) r(35,74) a(29,43) a(29,74) a(31,47) a(36,74) r(36,104) a(32,39) a(5,72) r(31,56) r(6,38)", "fitness": 0.0}
{"generation": 10, "position": 10, "parents": [46, 56], "genome": "d(37) r(35,74) r(6,125) a(32,91) d(5) a(32,128) a(5,36) r(7,43) d(6) a(29,38) r(35,72) a(36,74) r(36,104) a(32,39) a(39,160) d(39) a(29,39)", "fitness": 0.0}
{"generation": 10, "position": 11, "parents": [46, 56], "genome": "d(32) r(31,82) d(29) d(5) r(36,91) a(32,124) d(39)", "fitness": 0.0}
{"generation": 10, "position": 12, "parents": [46], "genome": "d(37) r(35,74) r(6,125) a(32,91) d(5) a(32,128) a(5,36) r(7,43) r(31,82) d(29) d(5) r(36,91) a(32,124) r(32,160)", "fitness": 12.0}
{"generation": 10, "position": 13, "parents": [56], "genome": "d(32) d(6) a(29,38) r(35,72) a(36,74) r(36,104) a(32,39) a(39,160) d(39) d(38)", "fitness": 0.0}
{"generation": 10, "position": 14, "parents": [43, 54], "genome": "d(39) d(38) d(5) a(31,95)", "fitness": 4.0}
{"generation": 10, "position": 15, "parents": [43, 54], "genome": "d(39) d(38) d(29) d(6) d(32) d(29) d(6) d(32) d(5) d(37)", "fitness": 0.0}
{"generation": 10, "position": 16, "parents": [43], "genome": "d(39) d(38) d(29) d(6) d(32) d(5) a(36,37)", "fitness": 0.0}
{"generation": 10, "position": 17, "parents": [54], "genome": "d(39) d(38) d(29) d(6) d(32) d(5) a(36,93)", "fitness": 0.0}
{"generation": 10, "position": 18, "parents": [26, 28], "genome": "d(6) d(36) r(39,154) a(36,43) r(31,145) a(38,53) a(5,36) d(5) r(29,41) a(36,42) a(36,82) r(36,104) a(38,49)", "fitness": 0.0}
{"generation": 10, "position": 19, "parents": [26, 28], "genome": "d(37) r(35,74) d(32) a(5,36) a(29,74) d(32) a(38,49) d(38) a(32,32) d(7)", "fitness": 12.0}
{"generation": 10, "position": 20, "parents": [26], "genome": "d(6) d(36) r(39,154) a(36,43) r(31,145) a(38,53) a(38,49) d(38) a(32,32) r(37,162)", "fitness": 0.0}
{"generation": 10, "position": 21, "parents": [28], "genome": "d(37) r(35,74) d(32) a(5,36) a(29,74) d(32) a(5,36) d(5) r(29,41) a(36,42) a(36,82) r(36,104)", "fitness": 0.0}
{"generation": 10, "position": 22, "parents": [14], "genome": "d(32) a(39,160) r(36,44) r(39,37) d(38) d(29) r(6,73) r(39,37) r(35,74) r(6,125) a(32,91) d(5) a(32,128) r(29,93) a(36,43) d(36) r(38,58) d(37)", "fitness": 0.0}
{"generation": 10, "position": 23, "parents": [29], "genome": "d(37) r(35,74) a(29,43) r(7,43) r(31,82) d(29) d(5) a(36,31) r(36,48) d(32)", "fitness": 0.0}
{"generation": 10, "position": 24, "parents": [14, 45], "genome": "d(32) a(39,160) r(36,44) r(39,37) d(38) d(29) r(6,73) r(39,37) r(35,74) r(6,125) a(32,91) a(36,43) d(36) a(32,128) a(32,108) r(37,95)", "fitness": 0.0}
{"generation": 10, "position": 25, "parents": [14, 45], "genome": "d(37) r(35,74) r(6,125) a(32,91) d(5) a(32,128) r(29,93) d(5) a(32,128) r(29,93) a(36,43) d(36) r(38,58) d(37) r(32,49)", "fitness": 0.0}
{"generation": 10, "position": 26, "parents": [14], "genome": "d(32) a(39,160) r(36,44) r(39,37) d(38) d(29) r(6,73) r(39,37) r(35,74) r(6,125) a(32,91) d(5) a(32,128) r(29,93) a(36,43) d(36) r(38,58) d(37)", "fitness": 0.0}
{"generation": 10, "position": 27, "parents": [45], "genome": "d(37) r(35,74) r(6,125) a(32,91) d(5) a(32,128) r(29,93) a(36,43) d(36) a(32,128) a(32,108) d(32)", "fitness": 0.0}
{"generation": 10, "position": 28, "parents": [4], "genome": "d(37) r(35,74) a(29,43) a(29,74) a(36,43) r(31,145) d(29) d(6) r(36,133) r(5,65) d(32)", "fitness": 0.0}
{"generation": 10, "position": 29, "parents": [39], "genome": "d(37) r(35,74) d(32) r(29,93) a(36,160) a(32,53) d(7) r(6,7) a(5,39)", "fitness": 0.0}
{"generation": 10, "position": 30, "parents": [12], "genome": "d(37) r(35,74) a(29,43) a(29,74) d(32) a(5,36) d(5) r(29,41) a(36,42) a(36,82) a(36,83) a(36,32) a(36,154)", "fitness": 0.0}
{"generation": 10, "position": 31, "parents": [17], "genome": "a(36,36) r(39,37) r(35,74) r(6,125) a(32,91) d(5) a(32,128) r(29,93) a(36,43) d(36) r(38,58) r(32,53) a(37,163)", "fitness": 0.0}
{"generation": 10, "position": 32, "parents": [28, 14], "genome": "d(37) r(35,74) d(32) a(5,36) a(29,74) d(32) a(5,36) d(5) r(29,41) a(36,42) a(36,82) d(36) r(38,58) d(37)", "fitness": 0.0}
{"generation": 10, "position": 33, "parents": [28, 14], "genome": "d(32) a(39,160) r(36,44) r(39,37) d(38) d(29) r(6,73) r(39,37) r(35,74) r(6,125) a(32,91) d(5) a(32,128) r(29,93) a(36,43) r(36,104) r(37,76)", "fitness": 0.0}
{"generation": 10, "position": 34, "parents": [28], "genome": "d(37) r(35,74) d(32) a(5,36) a(29,74) d(32) a(5,36) d(5) r(29,41) a(36,42) a(36,82) r(36,104)", "fitness": 0.0}
{"generation": 10, "position": 35, "parents": [14], "genome": "d(32) a(39,160) r(36,44) r(39,37) d(38) d(29) r(6,73) r(39,37) r(35,74) r(6,125) a(32,91) d(5) a(32,128) r(29,93) a(36,43) d(36) r(38,58) d(37)", "fitness": 0.0}
{"generation": 10, "position": 36, "parents": [18], "genome": "d(37) r(35,74) r(6,125) a(32,91) d(5) d(36) d(37) r(29,93) a(36,43) a(38,53) a(32,39) d(36) a(32,60) r(32,80)", "fitness": 0.0}
{"generation": 10, "position": 37, "parents": [18], "genome": "d(37) r(35,74) r(6,125) a(32,91) d(5) d(36) d(37) r(29,93) a(36,43) a(38,53) a(32,39) d(36) a(32,60) r(32,95)", "fitness": 0.0}
{"generation": 10, "position": 38, "parents": [49, 46], "genome": "d(37) r(35,74) a(29,43) a(29,74) r(35,93) a(38,43) d(38) d(29) d(5) r(36,91) a(32,124) a(32,96)", "fitness": 0.0}
{"generation": 10, "position": 39, "parents": [49, 46], "genome": "d(37) r(35,74) r(6,125) a(32,91) d(5) a(32,128) a(5,36) r(7,43) r(31,82) a(32,108) a(32,32)", "fitness": 0.0}
{"generation": 10, "position": 40, "parents": [49], "genome": "d(37) r(35,74) a(29,43) a(29,74) r(35,93) a(38,43) d(38) a(32,108) d(31)", "fitness": 0.0}
{"generation": 10, "position": 41, "parents": [46], "genome": "d(37) r(35,74) r(6,125) a(32,91) d(5) a(32,128) a(5,36) r(7,43) r(31,82) d(29) d(5) r(36,91) a(32,124) a(32,35)", "fitness": 0.0}
{"generation": 10, "position": 42, "parents": [36, 41], "genome": "r(32,61) r(29,65) r(29,40) a(38,65)", "fitness": 0.0}
{"generation": 10, "position": 43, "parents": [36, 41], "genome": "d(39) a(32,93) d(37) r(5,44) d(39) r(38,46) r(37,50) a(29,53)", "fitness": 0.0}
{"generation": 10, "position": 44, "parents": [36], "genome": "r(32,61) r(29,65) d(39) r(38,46) r(37,50) d(36)", "fitness": 0.0}
{"generation": 10, "position": 45, "parents": [41], "genome": "d(39) a(32,93) d(37) r(5,44) r(29,40) r(36,108)", "fitness": 0.0}
{"generation": 10, "position": 46, "parents": [40, 26], "genome": "d(39) d(38) d(35) d(6) d(36) r(29,61) d(38) d(29) a(32,32) d(5)", "fitness": 0.0}
{"generation": 10, "position": 47, "parents": [40, 26], "genome": "d(6) d(36) r(39,154) a(36,43) r(31,145) a(38,53) a(38,49) d(38) d(6) d(32) d(37) d(5)", "fitness": 0.0}
{"generation": 10, "position": 48, "parents": [40], "genome": "d(39) d(38) d(35) d(6) d(36) r(29,61) d(38) d(29) d(6) d(32) d(37) r(5,133)", "fitness": 0.0}
{"generation": 10, "position": 49, "parents": [26], "genome": "d(6) d(36) r(39,154) a(36,43) r(31,145) a(38,53) a(38,49) d(38) a(32,32) d(29)", "fitness": 0.0}
{"generation": 10, "position": 50, "parents": [13, 52], "genome": "d(37) r(35,74) d(37) d(6)", "fitness": 0.0}
{"generation": 10, "position": 51, "parents": [13, 52], "genome": "d(32) d(6) r(35,74) a(29,43) a(29,74) d(32) a(5,36) d(5) r(29,41) a(36,42) a(36,82) a(39,145) a(39,73) r(29,32) a(5,79) d(39)", "fitness": 0.0}
{"generation": 10, "position": 52, "parents": [13], "genome": "d(37) r(35,74) d(37) r(29,32) a(5,79) a(5,60)", "fitness": 12.0}
{"generation": 10, "position": 53, "parents": [52], "genome": "d(32) d(6) r(35,74) a(29,43) a(29,74) d(32) a(5,36) d(5) r(29,41) a(36,42) a(36,82) a(39,145) a(39,73) a(38,49)", "fitness": 0.0}
{"generation": 10, "position": 54, "parents": [23], "genome": "d(39) d(38) d(35) d(6) a(32,128) r(29,93) a(36,43) a(36,154) d(32) d(5) d(36)", "fitness": 0.0}
{"generation": 10, "position": 55, "parents": [46], "genome": "d(37) r(35,74) r(6,125) a(32,91) d(5) a(32,128) a(5,36) r(7,43) r(31,82) d(29) d(5) r(36,91) a(32,124) d(32)", "fitness": 12.0}
{"generation": 10, "position": 56, "parents": [5], "genome": "d(37) r(35,74) r(6,125) a(32,91) d(5) a(32,128) a(5,36) r(7,43) r(31,82) d(29) d(5) r(36,91) r(32,29)", "fitness": 0.0}
{"generation": 10, "position": 57, "parents": [35], "genome": "d(6) d(36) r(39,154) a(36,43) r(31,145) r(6,125) a(32,91) d(5) a(32,128) r(29,93) a(36,160) r(36,95) a(38,42) d(38) a(32,95)", "fitness": 0.0}
{"generation": 10, "position": 58, "parents": [1], "genome": "d(39) d(38) d(35) d(6) d(36) r(29,61) d(38) d(35) d(6) a(32,128) r(29,93) a(36,43) a(36,154) a(5,56) a(32,5) a(37,58)", "fitness": 0.0}