[meta]
{"program": "genprog-3.0", "problem": {"ideal_fitness": "12", "type": "repair", "name": "ultrix-look", "enclosure": {"1": 0, "2": 0, "3": 0, "4": 0, "5": 0, "6": 5, "7": 6, "8": 7, "11": 5, "12": 11, "14": 0, "16": 0, "18": 0, "19": 0, "20": 19, "21": 19, "26": 11, "27": 5, "28": 5, "29": 0, "30": 29, "31": 29, "32": 0, "33": 32, "34": 32, "35": 32, "36": 0, "37": 0, "38": 37, "39": 37, "40": 37, "41": 0, "42": 0, "43": 0, "44": 0, "45": 0, "46": 45, "47": 45, "48": 45, "49": 48, "50": 48, "51": 48, "52": 51, "53": 52, "56": 45, "57": 45, "58": 57, "60": 45, "61": 45, "63": 0, "65": 63, "66": 0, "68": 0, "71": 45, "72": 0, "73": 0, "74": 73, "75": 73, "76": 75, "78": 73, "79": 73, "80": 79, "81": 79, "82": 73, "83": 73, "85": 0, "86": 0, "90": 0, "91": 90, "92": 90, "93": 92, "95": 90, "96": 90, "98": 0, "101": 0, "102": 0, "103": 102, "104": 103, "106": 102, "107": 106, "108": 106, "109": 102, "110": 102, "111": 0, "112": 111, "113": 111, "114": 113, "115": 113, "116": 115, "117": 115, "118": 113, "119": 111, "120": 0, "121": 0, "122": 121, "123": 121, "124": 123, "125": 123, "126": 121, "128": 126, "129": 121, "130": 121, "131": 121, "132": 0, "133": 0, "134": 0, "135": 134, "136": 134, "137": 134, "138": 134, "139": 134, "140": 139, "142": 139, "143": 142, "145": 142, "146": 134, "147": 146, "148": 146, "149": 148, "150": 148, "151": 148, "152": 151, "154": 146, "155": 134, "156": 155, "157": 155, "158": 157, "159": 157, "160": 155, "161": 134, "162": 134, "163": 0}}, "version": "0.0.2", "seed": 31, "algorithm": {"representation": "patch", "type": "genetic", "name": "ALGORITHM-NAME"}}

[data]
{"generation": 0, "position": 0, "parents": [], "genome": "d(35)", "fitness": 0.0}
{"generation": 0, "position": 1, "parents": [], "genome": "a(7,48)", "fitness": 4.0}
{"generation": 0, "position": 2, "parents": [], "genome": "r(38,32)", "fitness": 4.0}
{"generation": 0, "position": 3, "parents": [], "genome": "a(38,78)", "fitness": 4.0}
{"generation": 0, "position": 4, "parents": [], "genome": "d(39)", "fitness": 4.0}
{"generation": 0, "position": 5, "parents": [], "genome": "a(39,128)", "fitness": 4.0}
{"generation": 0, "position": 6, "parents": [], "genome": "r(39,32)", "fitness": 4.0}
{"generation": 0, "position": 7, "parents": [], "genome": "a(39,60)", "fitness": 4.0}
{"generation": 0, "position": 8, "parents": [], "genome": "a(39,38)", "fitness": 4.0}
{"generation": 0, "position": 9, "parents": [], "genome": "d(37)", "fitness": 4.0}
{"generation": 0, "position": 10, "parents": [], "genome": "r(37,43)", "fitness": 4.0}
{"generation": 0, "position": 11, "parents": [], "genome": "r(7,74)", "fitness": 0.0}
{"generation": 0, "position": 12, "parents": [], "genome": "d(39)", "fitness": 4.0}
{"generation": 0, "position": 13, "parents": [], "genome": "a(31,104)", "fitness": 4.0}
{"generation": 0, "position": 14, "parents": [], "genome": "a(38,60)", "fitness": 4.0}
{"generation": 0, "position": 15, "parents": [], "genome": "a(36,47)", "fitness": 4.0}
{"generation": 0, "position": 16, "parents": [], "genome": "r(6,29)", "fitness": 12.0}
{"generation": 0, "position": 17, "parents": [], "genome": "a(38,47)", "fitness": 4.0}
{"generation": 0, "position": 18, "parents": [], "genome": "a(36,36)", "fitness": 4.0}
{"generation": 0, "position": 19, "parents": [], "genome": "r(39,31)", "fitness": 4.0}
{"generation": 0, "position": 20, "parents": [], "genome": "d(38)", "fitness": 4.0}
{"generation": 0, "position": 21, "parents": [], "genome": "r(35,74)", "fitness": 0.0}
{"generation": 0, "position": 22, "parents": [], "genome": "r(31,163)", "fitness": 12.0}
{"generation": 0, "position": 23, "parents": [], "genome": "d(39)", "fitness": 4.0}
{"generation": 0, "position": 24, "parents": [], "genome": "a(38,53)", "fitness": 4.0}
{"generation": 0, "position": 25, "parents": [], "genome": "a(39,128)", "fitness": 4.0}
{"generation": 0, "position": 26, "parents": [], "genome": "r(38,5)", "fitness": 4.0}
{"generation": 0, "position": 27, "parents": [], "genome": "d(38)", "fitness": 4.0}
{"generation": 0, "position": 28, "parents": [], "genome": "a(37,128)", "fitness": 4.0}
{"generation": 0, "position": 29, "parents": [], "genome": "r(6,79)", "fitness": 0.0}
{"generation": 0, "position": 30, "parents": [], "genome": "d(38)", "fitness": 4.0}
{"generation": 0, "position": 31, "parents": [], "genome": "a(38,162)", "fitness": 4.0}
{"generation": 0, "position": 32, "parents": [], "genome": "r(6,49)", "fitness": 0.0}
{"generation": 0, "position": 33, "parents": [], "genome": "d(32)", "fitness": 0.0}
{"generation": 0, "position": 34, "parents": [], "genome": "a(39,80)", "fitness": 4.0}
{"generation": 0, "position": 35, "parents": [], "genome": "r(38,160)", "fitness": 4.0}
{"generation": 0, "position": 36, "parents": [], "genome": "a(39,79)", "fitness": 4.0}
{"generation": 0, "position": 37, "parents": [], "genome": "a(38,90)", "fitness": 4.0}
{"generation": 0, "position": 38, "parents": [], "genome": "a(6,44)", "fitness": 4.0}
{"generation": 0, "position": 39, "parents": [], "genome": "original", "fitness": 4.0}
{"generation": 1, "position": 0, "parents": [5, 33], "genome": "a(39,128) a(39,80)", "fitness": 4.0}
{"generation": 1, "position": 1, "parents": [5, 33], "genome": "d(32) a(38,53)", "fitness": 0.0}
{"generation": 1, "position": 2, "parents": [5], "genome": "a(39,128) r(38,49)", "fitness": 4.0}
{"generation": 1, "position": 3, "parents": [33], "genome": "d(32) d(39)", "fitness": 0.0}
{"generation": 1, "position": 4, "parents": [7, 29], "genome": "a(39,60) d(38)", "fitness": 4.0}
{"generation": 1, "position": 5, "parents": [7, 29], "genome": "r(6,79) d(39)", "fitness": 0.0}
{"generation": 1, "position": 6, "parents": [7], "genome": "a(39,60) r(39,49)", "fitness": 4.0}
{"generation": 1, "position": 7, "parents": [29], "genome": "r(6,79) r(39,79)", "fitness": 0.0}
{"generation": 1, "position": 8, "parents": [15, 9], "genome": "a(36,47) r(39,56)", "fitness": 4.0}
{"generation": 1, "position": 9, "parents": [15, 9], "genome": "d(37) a(7,35)", "fitness": 4.0}
{"generation": 1, "position": 10, "parents": [15], "genome": "a(36,47) d(36)", "fitness": 0.0}
{"generation": 1, "position": 11, "parents": [9], "genome": "d(37) a(31,31)", "fitness": 4.0}
{"generation": 1, "position": 12, "parents": [37], "genome": "a(38,90) r(39,91)", "fitness": 4.0}
{"generation": 1, "position": 13, "parents": [26], "genome": "r(38,5) d(36)", "fitness": 0.0}
{"generation": 1, "position": 14, "parents": [32, 28], "genome": "r(6,49) r(31,82)", "fitness": 0.0}
{"generation": 1, "position": 15, "parents": [32, 28], "genome": "a(37,128) r(39,78)", "fitness": 4.0}
{"generation": 1, "position": 16, "parents": [32], "genome": "r(6,49) a(37,31)", "fitness": 0.0}
{"generation": 1, "position": 17, "parents": [28], "genome": "a(37,128) r(39,43)", "fitness": 4.0}
{"generation": 1, "position": 18, "parents": [2], "genome": "r(38,32) d(6)", "fitness": 0.0}
{"generation": 1, "position": 19, "parents": [23], "genome": "d(39) r(38,49)", "fitness": 4.0}
{"generation": 1, "position": 20, "parents": [13, 12], "genome": "a(31,104) r(39,32)", "fitness": 4.0}
{"generation": 1, "position": 21, "parents": [13, 12], "genome": "d(39) r(38,73)", "fitness": 4.0}
{"generation": 1, "position": 22, "parents": [13], "genome": "a(31,104) d(38)", "fitness": 4.0}
{"generation": 1, "position": 23, "parents": [12], "genome": "d(39) r(36,47)", "fitness": 0.0}
{"generation": 1, "position": 24, "parents": [27, 29], "genome": "d(38) a(39,32)", "fitness": 4.0}
{"generation": 1, "position": 25, "parents": [27, 29], "genome": "r(6,79) d(39)", "fitness": 0.0}
{"generation": 1, "position": 26, "parents": [27], "genome": "d(38) d(39)", "fitness": 4.0}
{"generation": 1, "position": 27, "parents": [29], "genome": "r(6,79) d(38)", "fitness": 0.0}
{"generation": 1, "position": 28, "parents": [39, 5], "genome": "r(38,48)", "fitness": 4.0}
{"generation": 1, "position": 29, "parents": [39, 5], "genome": "a(39,128) r(39,160)", "fitness": 4.0}
{"generation": 1, "position": 30, "parents": [39], "genome": "a(38,128)", "fitness": 4.0}
{"generation": 1, "position": 31, "parents": [5], "genome": "a(39,128) a(32,50)", "fitness": 4.0}
{"generation": 1, "position": 32, "parents": [23, 25], "genome": "d(39) a(38,163)", "fitness": 4.0}
{"generation": 1, "position": 33, "parents": [23, 25], "genome": "a(39,128) r(37,65)", "fitness": 4.0}
{"generation": 1, "position": 34, "parents": [23], "genome": "d(39) d(38)", "fitness": 4.0}
{"generation": 1, "position": 35, "parents": [25], "genome": "a(39,128) d(39)", "fitness": 4.0}
{"generation": 1, "position": 36, "parents": [8, 11], "genome": "a(39,38) r(38,58)", "fitness": 4.0}
{"generation": 1, "position": 37, "parents": [8, 11], "genome": "r(7,74) d(39)", "fitness": 0.0}
{"generation": 1, "position": 38, "parents": [8], "genome": "a(39,38) a(32,124)", "fitness": 12.0}
{"generation": 1, "position": 39, "parents": [11], "genome": "r(7,74) d(38)", "fitness": 0.0}
{"generation": 1, "position": 40, "parents": [0, 3], "genome": "d(35) r(38,5)", "fitness": 0.0}
{"generation": 1, "position": 41, "parents": [0, 3], "genome": "a(38,78) d(35)", "fitness": 0.0}
{"generation": 1, "position": 42, "parents": [0], "genome": "d(35) d(38)", "fitness": 0.0}
{"generation": 1, "position": 43, "parents": [3], "genome": "a(38,78) a(38,60)", "fitness": 4.0}
{"generation": 1, "position": 44, "parents": [9, 34], "genome": "d(37) r(5,80)", "fitness": 4.0}
{"generation": 1, "position": 45, "parents": [9, 34], "genome": "a(39,80) a(31,50)", "fitness": 4.0}
{"generation": 1, "position": 46, "parents": [9], "genome": "d(37) a(36,66)", "fitness": 4.0}
{"generation": 1, "position": 47, "parents": [34], "genome": "a(39,80) d(39)", "fitness": 4.0}
{"generation": 1, "position": 48, "parents": [8], "genome": "a(39,38) d(35)", "fitness": 0.0}
{"generation": 1, "position": 49, "parents": [6], "genome": "r(39,32) d(31)", "fitness": 4.0}
{"generation": 1, "position": 50, "parents": [14], "genome": "a(38,60) d(39)", "fitness": 4.0}
{"generation": 1, "position": 51, "parents": [27], "genome": "d(38) r(35,154)", "fitness": 0.0}
{"generation": 1, "position": 52, "parents": [33], "genome": "d(32) a(38,90)", "fitness": 0.0}
{"generation": 1, "position": 53, "parents": [32], "genome": "r(6,49) d(39)", "fitness": 0.0}
{"generation": 1, "position": 54, "parents": [7], "genome": "a(39,60) a(39,60)", "fitness": 4.0}
{"generation": 1, "position": 55, "parents": [23], "genome": "d(39) r(38,35)", "fitness": 4.0}
{"generation": 1, "position": 56, "parents": [35, 23], "genome": "r(38,160) d(32)", "fitness": 0.0}
{"generation": 1, "position": 57, "parents": [35, 23], "genome": "d(39) d(37)", "fitness": 4.0}
{"generation": 1, "position": 58, "parents": [35], "genome": "r(38,160) d(32)", "fitness": 0.0}
{"generation": 1, "position": 59, "parents": [23], "genome": "d(39) a(38,90)", "fitness": 4.0}
{"generation": 1, "position": 60, "parents": [21, 14], "genome": "r(35,74) d(39)", "fitness": 0.0}
{"generation": 1, "position": 61, "parents": [21, 14], "genome": "a(38,60) r(38,45)", "fitness": 4.0}
{"generation": 1, "position": 62, "parents": [21], "genome": "r(35,74) r(6,42)", "fitness": 0.0}
{"generation": 1, "position": 63, "parents": [14], "genome": "a(38,60) a(39,74)", "fitness": 4.0}
{"generation": 1, "position": 64, "parents": [29, 25], "genome": "r(6,79) r(38,41)", "fitness": 0.0}
{"generation": 1, "position": 65, "parents": [29, 25], "genome": "a(39,128) d(37)", "fitness": 4.0}
{"generation": 1, "position": 66, "parents": [29], "genome": "r(6,79) r(37,58)", "fitness": 0.0}
{"generation": 2, "position": 0, "parents": [15, 3], "genome": "a(37,128) r(32,46)", "fitness": 0.0}
{"generation": 2, "position": 1, "parents": [15, 3], "genome": "d(32) d(39) r(39,78) a(38,101)", "fitness": 12.0}
{"generation": 2, "position": 2, "parents": [15], "genome": "a(37,128) r(39,78) r(38,154)", "fitness": 4.0}
{"generation": 2, "position": 3, "parents": [3], "genome": "d(32) d(39) r(38,163)", "fitness": 12.0}
{"generation": 2, "position": 4, "parents": [16], "genome": "r(6,49) a(37,31) a(39,124)", "fitness": 0.0}
{"generation": 2, "position": 5, "parents": [6], "genome": "a(39,60) r(39,49) a(32,90)", "fitness": 0.0}
{"generation": 2, "position": 6, "parents": [51], "genome": "d(38) r(35,154) d(39)", "fitness": 0.0}
{"generation": 2, "position": 7, "parents": [25], "genome": "r(6,79) d(39) r(38,56)", "fitness": 0.0}
{"generation": 2, "position": 8, "parents": [14], "genome": "r(6,49) r(31,82) a(29,73)", "fitness": 0.0}
{"generation": 2, "position": 9, "parents": [62], "genome": "r(35,74) r(6,42) d(38)", "fitness": 0.0}
{"generation": 2, "position": 10, "parents": [53, 65], "genome": "r(6,49) r(35,73)", "fitness": 0.0}
{"generation": 2, "position": 11, "parents": [53, 65], "genome": "a(39,128) d(37) d(39) r(29,95)", "fitness": 4.0}
{"generation": 2, "position": 12, "parents": [53], "genome": "r(6,49) d(39) r(37,125)", "fitness": 0.0}
{"generation": 2, "position": 13, "parents": [65], "genome": "a(39,128) d(37) r(5,154)", "fitness": 4.0}
{"generation": 2, "position": 14, "parents": [6], "genome": "a(39,60) r(39,49) d(35)", "fitness": 0.0}
{"generation": 2, "position": 15, "parents": [61], "genome": "a(38,60) r(38,45) a(31,31)", "fitness": 4.0}
{"generation": 2, "position": 16, "parents": [66], "genome": "r(6,79) r(37,58) d(5)", "fitness": 4.0}
{"generation": 2, "position": 17, "parents": [58], "genome": "r(38,160) d(32) a(7,48)", "fitness": 0.0}
{"generation": 2, "position": 18, "parents": [23, 54], "genome": "d(39) a(39,60) r(37,160)", "fitness": 4.0}
{"generation": 2, "position": 19, "parents": [23, 54], "genome": "a(39,60) r(36,47) r(29,32)", "fitness": 0.0}
{"generation": 2, "position": 20, "parents": [23], "genome": "d(39) r(36,47) r(38,58)", "fitness": 0.0}
{"generation": 2, "position": 21, "parents": [54], "genome": "a(39,60) a(39,60) r(38,58)", "fitness": 4.0}
{"generation": 2, "position": 22, "parents": [6], "genome": "a(39,60) r(39,49) r(6,104)", "fitness": 0.0}
{"generation": 2, "position": 23, "parents": [60], "genome": "r(35,74) d(39) a(37,90)", "fitness": 0.0}
{"generation": 2, "position": 24, "parents": [5], "genome": "r(6,79) d(39) r(38,47)", "fitness": 0.0}
{"generation": 2, "position": 25, "parents": [43], "genome": "a(38,78) a(38,60) a(39,48)", "fitness": 4.0}
{"generation": 2, "position": 26, "parents": [62, 66], "genome": "r(35,74) r(39,46)", "fitness": 0.0}
{"generation": 2, "position": 27, "parents": [62, 66], "genome": "r(6,79) r(37,58) r(6,42) d(29)", "fitness": 0.0}
{"generation": 2, "position": 28, "parents": [62], "genome": "r(35,74) r(6,42) d(38)", "fitness": 0.0}
{"generation": 2, "position": 29, "parents": [66], "genome": "r(6,79) r(37,58) r(35,125)", "fitness": 0.0}
{"generation": 2, "position": 30, "parents": [63, 40], "genome": "a(38,60) a(39,74) a(38,35)", "fitness": 4.0}
{"generation": 2, "position": 31, "parents": [63, 40], "genome": "d(35) r(38,5) a(36,45)", "fitness": 0.0}
{"generation": 2, "position": 32, "parents": [63], "genome": "a(38,60) a(39,74) r(38,145)", "fitness": 4.0}
{"generation": 2, "position": 33, "parents": [40], "genome": "d(35) r(38,5) d(39)", "fitness": 0.0}
{"generation": 2, "position": 34, "parents": [43, 30], "genome": "a(38,78) a(38,60) d(37)", "fitness": 4.0}
{"generation": 2, "position": 35, "parents": [43, 30], "genome": "a(38,128) r(31,82)", "fitness": 4.0}
{"generation": 2, "position": 36, "parents": [43], "genome": "a(38,78) a(38,60) r(29,65)", "fitness": 4.0}
{"generation": 2, "position": 37, "parents": [30], "genome": "a(38,128) a(39,104)", "fitness": 4.0}
{"generation": 2, "position": 38, "parents": [61, 39], "genome": "a(38,60) r(38,45) d(38) d(39)", "fitness": 4.0}
{"generation": 2, "position": 39, "parents": [61, 39], "genome": "r(7,74) d(39)", "fitness": 0.0}
{"generation": 2, "position": 40, "parents": [61], "genome": "a(38,60) r(38,45) d(36)", "fitness": 0.0}
{"generation": 2, "position": 41, "parents": [39], "genome": "r(7,74) d(38) r(39,50)", "fitness": 0.0}
{"generation": 2, "position": 42, "parents": [54], "genome": "a(39,60) a(39,60) a(39,31)", "fitness": 4.0}
{"generation": 2, "position": 43, "parents": [8], "genome": "a(36,47) r(39,56) d(38)", "fitness": 4.0}
{"generation": 2, "position": 44, "parents": [61], "genome": "a(38,60) r(38,45) r(5,96)", "fitness": 4.0}
{"generation": 2, "position": 45, "parents": [32], "genome": "d(39) a(38,163) d(29)", "fitness": 4.0}
{"generation": 2, "position": 46, "parents": [40], "genome": "d(35) r(38,5) d(39)", "fitness": 0.0}
{"generation": 2, "position": 47, "parents": [33], "genome": "a(39,128) r(37,65) a(35,42)", "fitness": 4.0}
{"generation": 2, "position": 48, "parents": [58, 36], "genome": "r(38,160) r(38,58) r(7,93)", "fitness": 12.0}
{"generation": 2, "position": 49, "parents": [58, 36], "genome": "a(39,38) d(32) a(39,31)", "fitness": 0.0}
{"generation": 2, "position": 50, "parents": [58], "genome": "r(38,160) d(32) d(39)", "fitness": 0.0}
{"generation": 2, "position": 51, "parents": [36], "genome": "a(39,38) r(38,58) r(39,95)", "fitness": 4.0}
{"generation": 2, "position": 52, "parents": [50, 35], "genome": "a(38,60) d(39) r(38,35)", "fitness": 4.0}
{"generation": 2, "position": 53, "parents": [50, 35], "genome": "a(39,128) d(39) a(29,44)", "fitness": 0.0}
{"generation": 2, "position": 54, "parents": [50], "genome": "a(38,60) d(39) r(38,82)", "fitness": 4.0}
{"generation": 2, "position": 55, "parents": [35], "genome": "a(39,128) d(39) a(6,31)", "fitness": 4.0}
{"generation": 2, "position": 56, "parents": [42, 23], "genome": "d(35) r(36,47) r(38,145)", "fitness": 0.0}
{"generation": 2, "position": 57, "parents": [42, 23], "genome": "d(39) d(38) a(37,38)", "fitness": 4.0}
{"generation": 2, "position": 58, "parents": [42], "genome": "d(35) d(38) r(39,133)", "fitness": 0.0}
{"generation": 3, "position": 0, "parents": [27], "genome": "r(6,79) r(37,58) r(6,42) d(29) r(36,48)", "fitness": 0.0}
{"generation": 3, "position": 1, "parents": [4], "genome": "r(6,49) a(37,31) a(39,124) d(38)", "fitness": 0.0}
{"generation": 3, "position": 2, "parents": [19], "genome": "a(39,60) r(36,47) r(29,32) d(39)", "fitness": 0.0}
{"generation": 3, "position": 3, "parents": [15], "genome": "a(38,60) r(38,45) a(31,31) a(29,80)", "fitness": 4.0}
{"generation": 3, "position": 4, "parents": [17, 11], "genome": "r(38,160) d(32) a(7,48) d(39) r(29,95) a(36,42)", "fitness": 0.0}
{"generation": 3, "position": 5, "parents": [17, 11], "genome": "a(39,128) d(37) r(6,124)", "fitness": 12.0}
{"generation": 3, "position": 6, "parents": [17], "genome": "r(38,160) d(32) a(7,48) d(37)", "fitness": 0.0}
{"generation": 3, "position": 7, "parents": [11], "genome": "a(39,128) d(37) d(39) r(29,95) r(36,61)", "fitness": 0.0}
{"generation": 3, "position": 8, "parents": [23], "genome": "r(35,74) d(39) a(37,90) a(38,154)", "fitness": 0.0}
{"generation": 3, "position": 9, "parents": [56], "genome": "d(35) r(36,47) r(38,145) d(39)", "fitness": 0.0}
{"generation": 3, "position": 10, "parents": [15, 26], "genome": "a(38,60) r(38,45) r(5,50)", "fitness": 4.0}
{"generation": 3, "position": 11, "parents": [15, 26], "genome": "r(35,74) r(39,46) a(31,31) d(38)", "fitness": 0.0}
{"generation": 3, "position": 12, "parents": [15], "genome": "a(38,60) r(38,45) a(31,31) r(36,41)", "fitness": 0.0}
{"generation": 3, "position": 13, "parents": [26], "genome": "r(35,74) r(39,46) a(38,45)", "fitness": 0.0}
{"generation": 3, "position": 14, "parents": [38, 16], "genome": "a(38,60) r(38,83)", "fitness": 4.0}
{"generation": 3, "position": 15, "parents": [38, 16], "genome": "r(6,79) r(37,58) d(5) r(38,45) d(38) d(39) d(32)", "fitness": 0.0}
{"generation": 3, "position": 16, "parents": [38], "genome": "a(38,60) r(38,45) d(38) d(39) a(35,83)", "fitness": 4.0}
{"generation": 3, "position": 17, "parents": [16], "genome": "r(6,79) r(37,58) d(5) a(35,101)", "fitness": 12.0}
{"generation": 3, "position": 18, "parents": [10, 37], "genome": "r(6,49) a(39,104) d(39)", "fitness": 0.0}
{"generation": 3, "position": 19, "parents": [10, 37], "genome": "a(38,128) r(35,73) d(39)", "fitness": 0.0}
{"generation": 3, "position": 20, "parents": [10], "genome": "r(6,49) r(35,73) a(37,163)", "fitness": 0.0}
{"generation": 3, "position": 21, "parents": [37], "genome": "a(38,128) a(39,104) d(29)", "fitness": 4.0}
{"generation": 3, "position": 22, "parents": [5], "genome": "a(39,60) r(39,49) a(32,90) r(7,36)", "fitness": 12.0}
{"generation": 3, "position": 23, "parents": [24], "genome": "r(6,79) d(39) r(38,47) r(29,78)", "fitness": 0.0}
{"generation": 3, "position": 24, "parents": [14], "genome": "a(39,60) r(39,49) d(35) r(38,44)", "fitness": 0.0}
{"generation": 3, "position": 25, "parents": [39], "genome": "r(7,74) d(39) r(38,5)", "fitness": 0.0}
{"generation": 3, "position": 26, "parents": [28], "genome": "r(35,74) r(6,42) d(38) a(36,160)", "fitness": 0.0}
{"generation": 3, "position": 27, "parents": [26], "genome": "r(35,74) r(39,46) d(5)", "fitness": 0.0}
{"generation": 3, "position": 28, "parents": [26, 20], "genome": "r(35,74) r(36,47) r(38,58) r(39,162)", "fitness": 0.0}
{"generation": 3, "position": 29, "parents": [26, 20], "genome": "d(39) r(39,46) d(5)", "fitness": 4.0}
{"generation": 3, "position": 30, "parents": [26], "genome": "r(35,74) r(39,46) r(32,46)", "fitness": 0.0}
{"generation": 3, "position": 31, "parents": [20], "genome": "d(39) r(36,47) r(38,58) r(37,5)", "fitness": 0.0}
{"generation": 3, "position": 32, "parents": [53], "genome": "a(39,128) d(39) a(29,44) d(38)", "fitness": 0.0}
{"generation": 3, "position": 33, "parents": [39], "genome": "r(7,74) d(39) r(38,35)", "fitness": 0.0}
{"generation": 3, "position": 34, "parents": [21], "genome": "a(39,60) a(39,60) r(38,58) r(39,61)", "fitness": 4.0}
{"generation": 3, "position": 35, "parents": [9], "genome": "r(35,74) r(6,42) d(38) r(5,72)", "fitness": 0.0}
{"generation": 3, "position": 36, "parents": [9], "genome": "r(35,74) r(6,42) d(38) a(39,104)", "fitness": 0.0}
{"generation": 3, "position": 37, "parents": [58], "genome": "d(35) d(38) r(39,133) a(36,82)", "fitness": 0.0}
{"generation": 3, "position": 38, "parents": [52], "genome": "a(38,60) d(39) r(38,35) r(32,40)", "fitness": 0.0}
{"generation": 3, "position": 39, "parents": [26], "genome": "r(35,74) r(39,46) d(29)", "fitness": 0.0}
{"generation": 3, "position": 40, "parents": [45], "genome": "d(39) a(38,163) d(29) r(38,133)", "fitness": 4.0}
{"generation": 3, "position": 41, "parents": [22], "genome": "a(39,60) r(39,49) r(6,104) r(38,73)", "fitness": 0.0}
{"generation": 3, "position": 42, "parents": [38, 58], "genome": "a(38,60) r(38,45) d(38) d(39) d(38) r(39,133) a(32,83)", "fitness": 4.0}
{"generation": 3, "position": 43, "parents": [38, 58], "genome": "d(35) r(38,40)", "fitness": 0.0}
{"generation": 3, "position": 44, "parents": [38], "genome": "a(38,60) r(38,45) d(38) d(39) d(5)", "fitness": 4.0}
{"generation": 3, "position": 45, "parents": [58], "genome": "d(35) d(38) r(39,133) r(6,47)", "fitness": 0.0}
{"generation": 3, "position": 46, "parents": [19, 27], "genome": "a(39,60) r(6,42) d(29) d(35)", "fitness": 0.0}
{"generation": 3, "position": 47, "parents": [19, 27], "genome": "r(6,79) r(37,58) r(36,47) r(29,32) a(35,66)", "fitness": 0.0}
{"generation": 3, "position": 48, "parents": [19], "genome": "a(39,60) r(36,47) r(29,32) a(32,93)", "fitness": 0.0}
{"generation": 3, "position": 49, "parents": [27], "genome": "r(6,79) r(37,58) r(6,42) d(29) r(36,163)", "fitness": 0.0}
{"generation": 3, "position": 50, "parents": [23, 28], "genome": "r(35,74) d(39) a(37,90) r(6,42) d(38) r(29,145)", "fitness": 0.0}
{"generation": 3, "position": 51, "parents": [23, 28], "genome": "r(35,74) r(39,154)", "fitness": 0.0}
{"generation": 3, "position": 52, "parents": [23], "genome": "r(35,74) d(39) a(37,90) r(38,40)", "fitness": 0.0}
{"generation": 3, "position": 53, "parents": [28], "genome": "r(35,74) r(6,42) d(38) r(32,43)", "fitness": 0.0}
{"generation": 3, "position": 54, "parents": [27], "genome": "r(6,79) r(37,58) r(6,42) d(29) r(36,5)", "fitness": 0.0}
{"generation": 4, "position": 0, "parents": [53, 46], "genome": "r(35,74) r(6,42) d(38) r(6,42) d(29) d(35) r(37,83)", "fitness": 0.0}
{"generation": 4, "position": 1, "parents": [53, 46], "genome": "a(39,60) r(32,43) r(39,124)", "fitness": 0.0}
{"generation": 4, "position": 2, "parents": [53], "genome": "r(35,74) r(6,42) d(38) r(32,43) d(31)", "fitness": 0.0}
{"generation": 4, "position": 3, "parents": [46], "genome": "a(39,60) r(6,42) d(29) d(35) a(37,42)", "fitness": 0.0}
{"generation": 4, "position": 4, "parents": [26, 31], "genome": "r(35,74) r(6,42) r(37,5) r(5,124)", "fitness": 12.0}
{"generation": 4, "position": 5, "parents": [26, 31], "genome": "d(39) r(36,47) r(38,58) d(38) a(36,160) d(35)", "fitness": 0.0}
{"generation": 4, "position": 6, "parents": [26], "genome": "r(35,74) r(6,42) d(38) a(36,160) d(39)", "fitness": 0.0}
{"generation": 4, "position": 7, "parents": [31], "genome": "d(39) r(36,47) r(38,58) r(37,5) d(32)", "fitness": 0.0}
{"generation": 4, "position": 8, "parents": [12], "genome": "a(38,60) r(38,45) a(31,31) r(36,41) d(39)", "fitness": 0.0}
{"generation": 4, "position": 9, "parents": [8], "genome": "r(35,74) d(39) a(37,90) a(38,154) a(6,40)", "fitness": 0.0}
{"generation": 4, "position": 10, "parents": [33, 26], "genome": "r(7,74) d(38) a(36,160) d(35)", "fitness": 0.0}
{"generation": 4, "position": 11, "parents": [33, 26], "genome": "r(35,74) r(6,42) d(39) r(38,35) d(36)", "fitness": 0.0}
{"generation": 4, "position": 12, "parents": [33], "genome": "r(7,74) d(39) r(38,35) r(5,37)", "fitness": 0.0}
{"generation": 4, "position": 13, "parents": [26], "genome": "r(35,74) r(6,42) d(38) a(36,160) r(5,56)", "fitness": 0.0}
{"generation": 4, "position": 14, "parents": [38], "genome": "a(38,60) d(39) r(38,35) r(32,40) d(29)", "fitness": 0.0}
{"generation": 4, "position": 15, "parents": [48], "genome": "a(39,60) r(36,47) r(29,32) a(32,93) d(6)", "fitness": 0.0}
{"generation": 4, "position": 16, "parents": [38, 49], "genome": "a(38,60) d(39) r(38,35) r(32,40) r(37,58) r(6,42) d(29) r(36,163) r(5,45)", "fitness": 0.0}
{"generation": 4, "position": 17, "parents": [38, 49], "genome": "r(6,79) r(38,47)", "fitness": 0.0}
{"generation": 4, "position": 18, "parents": [38], "genome": "a(38,60) d(39) r(38,35) r(32,40) a(7,6)", "fitness": 0.0}
{"generation": 4, "position": 19, "parents": [49], "genome": "r(6,79) r(37,58) r(6,42) d(29) r(36,163) a(32,101)", "fitness": 0.0}
{"generation": 4, "position": 20, "parents": [19], "genome": "a(38,128) r(35,73) d(39) r(7,41)", "fitness": 12.0}
{"generation": 4, "position": 21, "parents": [19], "genome": "a(38,128) r(35,73) d(39) d(36)", "fitness": 0.0}
{"generation": 4, "position": 22, "parents": [31, 32], "genome": "d(39) r(36,47) r(38,58) r(37,5) a(29,44) d(38) d(6)", "fitness": 0.0}
{"generation": 4, "position": 23, "parents": [31, 32], "genome": "a(39,128) d(39) d(38)", "fitness": 4.0}
{"generation": 4, "position": 24, "parents": [31], "genome": "d(39) r(36,47) r(38,58) r(37,5) r(6,52)", "fitness": 0.0}
{"generation": 4, "position": 25, "parents": [32], "genome": "a(39,128) d(39) a(29,44) d(38) a(36,125)", "fitness": 0.0}
{"generation": 4, "position": 26, "parents": [51], "genome": "r(35,74) r(39,154) r(36,66)", "fitness": 0.0}
{"generation": 4, "position": 27, "parents": [36], "genome": "r(35,74) r(6,42) d(38) a(39,104) d(39)", "fitness": 0.0}
{"generation": 4, "position": 28, "parents": [13, 51], "genome": "r(35,74) r(39,46) a(38,45) r(39,154) d(38)", "fitness": 0.0}
{"generation": 4, "position": 29, "parents": [13, 51], "genome": "r(35,74) a(39,36)", "fitness": 0.0}
{"generation": 4, "position": 30, "parents": [13], "genome": "r(35,74) r(39,46) a(38,45) a(38,72)", "fitness": 0.0}
{"generation": 4, "position": 31, "parents": [51], "genome": "r(35,74) r(39,154) a(38,48)", "fitness": 0.0}
{"generation": 4, "position": 32, "parents": [53], "genome": "r(35,74) r(6,42) d(38) r(32,43) r(31,80)", "fitness": 0.0}
{"generation": 4, "position": 33, "parents": [30], "genome": "r(35,74) r(39,46) r(32,46) r(38,82)", "fitness": 0.0}
{"generation": 4, "position": 34, "parents": [31, 31], "genome": "d(39) r(36,47) r(37,5) d(6)", "fitness": 0.0}
{"generation": 4, "position": 35, "parents": [31, 31], "genome": "d(39) r(36,47) r(38,58) r(38,58) r(37,5) a(35,145)", "fitness": 0.0}
{"generation": 4, "position": 36, "parents": [31], "genome": "d(39) r(36,47) r(38,58) r(37,5) d(7)", "fitness": 12.0}
{"generation": 4, "position": 37, "parents": [31], "genome": "d(39) r(36,47) r(38,58) r(37,5) d(7)", "fitness": 12.0}
{"generation": 4, "position": 38, "parents": [28], "genome": "r(35,74) r(36,47) r(38,58) r(39,162) d(32)", "fitness": 0.0}
{"generation": 4, "position": 39, "parents": [10], "genome": "a(38,60) r(38,45) r(5,50) a(39,104)", "fitness": 4.0}
{"generation": 4, "position": 40, "parents": [2], "genome": "a(39,60) r(36,47) r(29,32) d(39) r(38,48)", "fitness": 0.0}
{"generation": 4, "position": 41, "parents": [46], "genome": "a(39,60) r(6,42) d(29) d(35) d(39)", "fitness": 0.0}
{"generation": 4, "position": 42, "parents": [13], "genome": "r(35,74) r(39,46) a(38,45) d(38)", "fitness": 0.0}
{"generation": 4, "position": 43, "parents": [44], "genome": "a(38,60) r(38,45) d(38) d(39) d(5) d(37)", "fitness": 4.0}
{"generation": 4, "position": 44, "parents": [19, 36], "genome": "a(38,128) r(35,73) d(39) r(38,50)", "fitness": 0.0}
{"generation": 4, "position": 45, "parents": [19, 36], "genome": "r(35,74) r(6,42) d(38) a(39,104) d(31)", "fitness": 0.0}
{"generation": 4, "position": 46, "parents": [19], "genome": "a(38,128) r(35,73) d(39) r(29,49)", "fitness": 0.0}
{"generation": 4, "position": 47, "parents": [36], "genome": "r(35,74) r(6,42) d(38) a(39,104) r(32,78)", "fitness": 0.0}
{"generation": 4, "position": 48, "parents": [27, 35], "genome": "r(35,74) r(39,46) d(5) r(5,72) d(38)", "fitness": 0.0}
{"generation": 4, "position": 49, "parents": [27, 35], "genome": "r(35,74) r(6,42) d(38) r(36,37)", "fitness": 0.0}
{"generation": 4, "position": 50, "parents": [27], "genome": "r(35,74) r(39,46) d(5) d(38)", "fitness": 0.0}
{"generation": 4, "position": 51, "parents": [35], "genome": "r(35,74) r(6,42) d(38) r(5,72) d(39)", "fitness": 0.0}
{"generation": 4, "position": 52, "parents": [19], "genome": "a(38,128) r(35,73) d(39) r(38,58)", "fitness": 0.0}
{"generation": 4, "position": 53, "parents": [48], "genome": "a(39,60) r(36,47) r(29,32) a(32,93) r(5,78)", "fitness": 0.0}
{"generation": 4, "position": 54, "parents": [39, 8], "genome": "r(35,74) r(39,46) a(37,90) a(38,154) r(38,162)", "fitness": 0.0}
{"generation": 4, "position": 55, "parents": [39, 8], "genome": "r(35,74) d(39) d(29) r(6,52)", "fitness": 0.0}
{"generation": 4, "position": 56, "parents": [39], "genome": "r(35,74) r(39,46) d(29) r(5,104)", "fitness": 0.0}
{"generation": 4, "position": 57, "parents": [8], "genome": "r(35,74) d(39) a(37,90) a(38,154) a(36,46)", "fitness": 0.0}
{"generation": 4, "position": 58, "parents": [48], "genome": "a(39,60) r(36,47) r(29,32) a(32,93) a(39,160)", "fitness": 0.0}
{"generation": 5, "position": 0, "parents": [39, 52], "genome": "a(38,60) r(38,45) r(5,50) d(39) r(38,58) a(36,40)", "fitness": 4.0}
{"generation": 5, "position": 1, "parents": [39, 52], "genome": "a(38,128) r(35,73) a(39,104) a(39,66)", "fitness": 0.0}
{"generation": 5, "position": 2, "parents": [39], "genome": "a(38,60) r(38,45) r(5,50) a(39,104) r(39,56)", "fitness": 4.0}
{"generation": 5, "position": 3, "parents": [52], "genome": "a(38,128) r(35,73) d(39) r(38,58) r(31,90)", "fitness": 0.0}
{"generation": 5, "position": 4, "parents": [14, 49], "genome": "a(38,60) d(39) r(38,35) r(32,40) d(29) r(36,37) a(37,76)", "fitness": 0.0}
{"generation": 5, "position": 5, "parents": [14, 49], "genome": "r(35,74) r(6,42) d(38) r(39,82)", "fitness": 0.0}
{"generation": 5, "position": 6, "parents": [14], "genome": "a(38,60) d(39) r(38,35) r(32,40) d(29) d(36)", "fitness": 0.0}
{"generation": 5, "position": 7, "parents": [49], "genome": "r(35,74) r(6,42) d(38) r(36,37) a(39,79)", "fitness": 0.0}
{"generation": 5, "position": 8, "parents": [30, 7], "genome": "r(35,74) r(39,46) r(38,43)", "fitness": 0.0}
{"generation": 5, "position": 9, "parents": [30, 7], "genome": "d(39) r(36,47) r(38,58) r(37,5) d(32) a(38,45) a(38,72) d(5)", "fitness": 0.0}
{"generation": 5, "position": 10, "parents": [30], "genome": "r(35,74) r(39,46) a(38,45) a(38,72) d(31)", "fitness": 0.0}
{"generation": 5, "position": 11, "parents": [7], "genome": "d(39) r(36,47) r(38,58) r(37,5) d(32) d(6)", "fitness": 0.0}
{"generation": 5, "position": 12, "parents": [9], "genome": "r(35,74) d(39) a(37,90) a(38,154) a(6,40) r(38,145)", "fitness": 0.0}
{"generation": 5, "position": 13, "parents": [35], "genome": "d(39) r(36,47) r(38,58) r(38,58) r(37,5) a(35,145) d(6)", "fitness": 0.0}
{"generation": 5, "position": 14, "parents": [59], "genome": "r(6,79) d(39) r(38,47) r(29,78) d(5) d(37)", "fitness": 0.0}
{"generation": 5, "position": 15, "parents": [46], "genome": "a(38,128) r(35,73) d(39) r(29,49) r(37,104)", "fitness": 0.0}
{"generation": 5, "position": 16, "parents": [52], "genome": "a(38,128) r(35,73) d(39) r(38,58) a(37,145)", "fitness": 0.0}
{"generation": 5, "position": 17, "parents": [57], "genome": "r(35,74) d(39) a(37,90) a(38,154) a(36,46) d(38)", "fitness": 0.0}
{"generation": 5, "position": 18, "parents": [11], "genome": "r(35,74) r(6,42) d(39) r(38,35) d(36) r(31,91)", "fitness": 0.0}
{"generation": 5, "position": 19, "parents": [2], "genome": "r(35,74) r(6,42) d(38) r(32,43) d(31) r(36,61)", "fitness": 0.0}
{"generation": 5, "position": 20, "parents": [6], "genome": "r(35,74) r(6,42) d(38) a(36,160) d(39) d(36)", "fitness": 0.0}
{"generation": 5, "position": 21, "parents": [40], "genome": "a(39,60) r(36,47) r(29,32) d(39) r(38,48) d(5)", "fitness": 0.0}
{"generation": 5, "position": 22, "parents": [59, 35], "genome": "r(6,79) d(39) r(38,47) r(29,78) r(38,58) r(37,5) a(35,145) a(35,61)", "fitness": 0.0}
{"generation": 5, "position": 23, "parents": [59, 35], "genome": "d(39) r(36,47) r(38,58) d(5) d(31)", "fitness": 0.0}
{"generation": 5, "position": 24, "parents": [59], "genome": "r(6,79) d(39) r(38,47) r(29,78) d(5) a(32,125)", "fitness": 0.0}
{"generation": 5, "position": 25, "parents": [35], "genome": "d(39) r(36,47) r(38,58) r(38,58) r(37,5) a(35,145) a(29,61)", "fitness": 0.0}
{"generation": 5, "position": 26, "parents": [44], "genome": "a(38,128) r(35,73) d(39) r(38,50) r(29,108)", "fitness": 0.0}
{"generation": 5, "position": 27, "parents": [42], "genome": "r(35,74) r(39,46) a(38,45) d(38) a(29,48)", "fitness": 0.0}
{"generation": 5, "position": 28, "parents": [12], "genome": "r(7,74) d(39) r(38,35) r(5,37) d(32)", "fitness": 0.0}
{"generation": 5, "position": 29, "parents": [10], "genome": "r(7,74) d(38) a(36,160) d(35) r(39,73)", "fitness": 0.0}
{"generation": 5, "position": 30, "parents": [12, 28], "genome": "r(7,74) d(39) r(38,35) r(5,37) d(38) r(37,83)", "fitness": 0.0}
{"generation": 5, "position": 31, "parents": [12, 28], "genome": "r(35,74) r(39,46) a(38,45) r(39,154) r(38,42)", "fitness": 0.0}
{"generation": 5, "position": 32, "parents": [12], "genome": "r(7,74) d(39) r(38,35) r(5,37) d(31)", "fitness": 0.0}
{"generation": 5, "position": 33, "parents": [28], "genome": "r(35,74) r(39,46) a(38,45) r(39,154) d(38) r(36,32)", "fitness": 0.0}
{"generation": 5, "position": 34, "parents": [52, 2], "genome": "a(38,128) r(32,43) d(31) a(38,58)", "fitness": 0.0}
{"generation": 5, "position": 35, "parents": [52, 2], "genome": "r(35,74) r(6,42) d(38) r(35,73) d(39) r(38,58) d(5)", "fitness": 0.0}
{"generation": 5, "position": 36, "parents": [52], "genome": "a(38,128) r(35,73) d(39) r(38,58) a(7,160)", "fitness": 0.0}
{"generation": 5, "position": 37, "parents": [2], "genome": "r(35,74) r(6,42) d(38) r(32,43) d(31) a(29,45)", "fitness": 0.0}
{"generation": 5, "position": 38, "parents": [35, 25], "genome": "d(39) r(36,47) r(38,58) r(38,58) a(29,44) d(38) a(36,125) r(31,43)", "fitness": 0.0}
{"generation": 5, "position": 39, "parents": [35, 25], "genome": "a(39,128) d(39) r(37,5) a(35,145) d(35)", "fitness": 0.0}
{"generation": 5, "position": 40, "parents": [35], "genome": "d(39) r(36,47) r(38,58) r(38,58) r(37,5) a(35,145) d(29)", "fitness": 0.0}
{"generation": 5, "position": 41, "parents": [25], "genome": "a(39,128) d(39) a(29,44) d(38) a(36,125) a(7,154)", "fitness": 0.0}
{"generation": 5, "position": 42, "parents": [17, 45], "genome": "r(6,79) r(38,47) d(39)", "fitness": 0.0}
{"generation": 5, "position": 43, "parents": [17, 45], "genome": "r(35,74) r(6,42) d(38) a(39,104) d(31) r(36,35)", "fitness": 0.0}
{"generation": 5, "position": 44, "parents": [17], "genome": "r(6,79) r(38,47) d(32)", "fitness": 0.0}
{"generation": 5, "position": 45, "parents": [45], "genome": "r(35,74) r(6,42) d(38) a(39,104) d(31) d(39)", "fitness": 0.0}
{"generation": 5, "position": 46, "parents": [1, 33], "genome": "a(39,60) r(39,46) r(32,46) r(38,82) a(5,73)", "fitness": 0.0}
{"generation": 5, "position": 47, "parents": [1, 33], "genome": "r(35,74) r(32,43) r(39,124) d(29)", "fitness": 0.0}
{"generation": 5, "position": 48, "parents": [1], "genome": "a(39,60) r(32,43) r(39,124) r(38,72)", "fitness": 0.0}
{"generation": 5, "position": 49, "parents": [33], "genome": "r(35,74) r(39,46) r(32,46) r(38,82) a(6,83)", "fitness": 0.0}
{"generation": 5, "position": 50, "parents": [50, 42], "genome": "r(35,74) r(39,46) d(5) d(38) a(32,95)", "fitness": 0.0}
{"generation": 5, "position": 51, "parents": [50, 42], "genome": "r(35,74) r(39,46) a(38,45) d(38) d(37)", "fitness": 0.0}
{"generation": 5, "position": 52, "parents": [50], "genome": "r(35,74) r(39,46) d(5) d(38) d(29)", "fitness": 0.0}
{"generation": 5, "position": 53, "parents": [42], "genome": "r(35,74) r(39,46) a(38,45) d(38) a(37,104)", "fitness": 0.0}
{"generation": 5, "position": 54, "parents": [44, 24], "genome": "a(38,128) r(35,73) r(36,47) r(38,58) r(37,5) r(6,52) d(32)", "fitness": 0.0}
{"generation": 5, "position": 55, "parents": [44, 24], "genome": "d(39) d(39) r(38,50) a(32,60)", "fitness": 4.0}
{"generation": 5, "position": 56, "parents": [44], "genome": "a(38,128) r(35,73) d(39) r(38,50) a(36,154)", "fitness": 0.0}
{"generation": 5, "position": 57, "parents": [24], "genome": "d(39) r(36,47) r(38,58) r(37,5) r(6,52) r(29,66)", "fitness": 0.0}
{"generation": 5, "position": 58, "parents": [31], "genome": "r(35,74) r(39,154) a(38,48) d(29)", "fitness": 0.0}
{"generation": 5, "position": 59, "parents": [3], "genome": "a(39,60) r(6,42) d(29) d(35) a(37,42) a(39,101)", "fitness": 0.0}
{"generation": 5, "position": 60, "parents": [58, 29], "genome": "a(39,60) r(36,47) r(29,32) a(32,93) d(39)", "fitness": 0.0}
{"generation": 5, "position": 61, "parents": [58, 29], "genome": "r(35,74) a(39,36) a(39,160) d(37)", "fitness": 0.0}
{"generation": 5, "position": 62, "parents": [58], "genome": "a(39,60) r(36,47) r(29,32) a(32,93) a(39,160) d(39)", "fitness": 0.0}
{"generation": 6, "position": 0, "parents": [48], "genome": "a(39,60) r(32,43) r(39,124) r(38,72) d(6)", "fitness": 0.0}
{"generation": 6, "position": 1, "parents": [1], "genome": "a(38,128) r(35,73) a(39,104) a(39,66) r(39,108)", "fitness": 0.0}
{"generation": 6, "position": 2, "parents": [41], "genome": "a(39,128) d(39) a(29,44) d(38) a(36,125) a(7,154) a(32,43)", "fitness": 0.0}
{"generation": 6, "position": 3, "parents": [37], "genome": "r(35,74) r(6,42) d(38) r(32,43) d(31) a(29,45) d(5)", "fitness": 0.0}
{"generation": 6, "position": 4, "parents": [63, 63], "genome": "r(35,74) a(37,61) d(39)", "fitness": 0.0}
{"generation": 6, "position": 5, "parents": [63, 63], "genome": "r(35,74) a(39,36) a(39,36) a(37,61) r(38,42)", "fitness": 0.0}
{"generation": 6, "position": 6, "parents": [63], "genome": "r(35,74) a(39,36) a(37,61) a(39,104)", "fitness": 0.0}
{"generation": 6, "position": 7, "parents": [63], "genome": "r(35,74) a(39,36) a(37,61) d(38)", "fitness": 0.0}
{"generation": 6, "position": 8, "parents": [49], "genome": "r(35,74) r(39,46) r(32,46) r(38,82) a(6,83) d(7)", "fitness": 12.0}
{"generation": 6, "position": 9, "parents": [38], "genome": "d(39) r(36,47) r(38,58) r(38,58) a(29,44) d(38) a(36,125) r(31,43) a(35,83)", "fitness": 0.0}
{"generation": 6, "position": 10, "parents": [53, 43], "genome": "r(35,74) r(39,46) a(38,45) d(38) a(37,104) d(38) a(39,104) d(31) r(36,35) a(32,73)", "fitness": 0.0}
{"generation": 6, "position": 11, "parents": [53, 43], "genome": "r(35,74) r(6,42) a(39,108)", "fitness": 0.0}
{"generation": 6, "position": 12, "parents": [53], "genome": "r(35,74) r(39,46) a(38,45) d(38) a(37,104) d(5)", "fitness": 0.0}
{"generation": 6, "position": 13, "parents": [43], "genome": "r(35,74) r(6,42) d(38) a(39,104) d(31) r(36,35) a(39,101)", "fitness": 0.0}
{"generation": 6, "position": 14, "parents": [13], "genome": "d(39) r(36,47) r(38,58) r(38,58) r(37,5) a(35,145) d(6) d(32)", "fitness": 0.0}
{"generation": 6, "position": 15, "parents": [31], "genome": "r(35,74) r(39,46) a(38,45) r(39,154) r(38,42) a(5,108)", "fitness": 0.0}
{"generation": 6, "position": 16, "parents": [58, 41], "genome": "r(35,74) a(36,125) a(7,154) r(38,83)", "fitness": 0.0}
{"generation": 6, "position": 17, "parents": [58, 41], "genome": "a(39,128) d(39) a(29,44) d(38) r(39,154) a(38,48) d(29) a(5,60)", "fitness": 0.0}
{"generation": 6, "position": 18, "parents": [58], "genome": "r(35,74) r(39,154) a(38,48) d(29) r(38,50)", "fitness": 0.0}
{"generation": 6, "position": 19, "parents": [41], "genome": "a(39,128) d(39) a(29,44) d(38) a(36,125) a(7,154) a(5,45)", "fitness": 0.0}
{"generation": 6, "position": 20, "parents": [51], "genome": "r(35,74) r(39,46) a(38,45) d(38) d(37) a(36,154)", "fitness": 0.0}
{"generation": 6, "position": 21, "parents": [60], "genome": "a(39,60) r(36,47) r(29,32) a(32,93) d(39) a(38,90)", "fitness": 0.0}
{"generation": 6, "position": 22, "parents": [36], "genome": "a(38,128) r(35,73) d(39) r(38,58) a(7,160) a(6,90)", "fitness": 0.0}
{"generation": 6, "position": 23, "parents": [11], "genome": "d(39) r(36,47) r(38,58) r(37,5) d(32) d(6) r(31,96)", "fitness": 0.0}
{"generation": 6, "position": 24, "parents": [27, 54], "genome": "r(35,74) r(39,46) a(38,45) d(38) a(29,48) d(32) r(6,108)", "fitness": 0.0}
{"generation": 6, "position": 25, "parents": [27, 54], "genome": "a(38,128) r(35,73) r(36,47) r(38,58) r(37,5) r(6,52) r(31,154)", "fitness": 0.0}
{"generation": 6, "position": 26, "parents": [27], "genome": "r(35,74) r(39,46) a(38,45) d(38) a(29,48) d(5)", "fitness": 0.0}
{"generation": 6, "position": 27, "parents": [54], "genome": "a(38,128) r(35,73) r(36,47) r(38,58) r(37,5) r(6,52) d(32) d(5)", "fitness": 0.0}
{"generation": 6, "position": 28, "parents": [21, 54], "genome": "a(39,60) r(36,47) r(29,32) d(39) d(32) r(38,83)", "fitness": 0.0}
{"generation": 6, "position": 29, "parents": [21, 54], "genome": "a(38,128) r(35,73) r(36,47) r(38,58) r(37,5) r(6,52) r(38,48) d(5) a(31,35)", "fitness": 0.0}
{"generation": 6, "position": 30, "parents": [21], "genome": "a(39,60) r(36,47) r(29,32) d(39) r(38,48) d(5) d(32)", "fitness": 0.0}
{"generation": 6, "position": 31, "parents": [54], "genome": "a(38,128) r(35,73) r(36,47) r(38,58) r(37,5) r(6,52) d(32) a(29,47)", "fitness": 0.0}
{"generation": 6, "position": 32, "parents": [45], "genome": "r(35,74) r(6,42) d(38) a(39,104) d(31) d(39) a(5,36)", "fitness": 0.0}
{"generation": 6, "position": 33, "parents": [46], "genome": "a(39,60) r(39,46) r(32,46) r(38,82) a(5,73) r(36,43)", "fitness": 0.0}
{"generation": 6, "position": 34, "parents": [13], "genome": "d(39) r(36,47) r(38,58) r(38,58) r(37,5) a(35,145) d(6) d(31)", "fitness": 0.0}
{"generation": 6, "position": 35, "parents": [35], "genome": "r(35,74) r(6,42) d(38) r(35,73) d(39) r(38,58) d(5) a(36,53)", "fitness": 0.0}
{"generation": 6, "position": 36, "parents": [61, 58], "genome": "r(35,74) a(39,36) a(39,160) d(37) r(39,154) a(38,48) d(29) d(6)", "fitness": 0.0}
{"generation": 6, "position": 37, "parents": [61, 58], "genome": "r(35,74) a(6,79)", "fitness": 0.0}
{"generation": 6, "position": 38, "parents": [61], "genome": "r(35,74) a(39,36) a(39,160) d(37) a(6,43)", "fitness": 0.0}
{"generation": 6, "position": 39, "parents": [58], "genome": "r(35,74) r(39,154) a(38,48) d(29) a(7,83)", "fitness": 0.0}
{"generation": 6, "position": 40, "parents": [24, 14], "genome": "r(6,79) d(39) d(37) r(29,43)", "fitness": 0.0}
{"generation": 6, "position": 41, "parents": [24, 14], "genome": "r(6,79) d(39) r(38,47) r(29,78) d(5) r(38,47) r(29,78) d(5) a(32,125) a(36,145)", "fitness": 0.0}
{"generation": 6, "position": 42, "parents": [24], "genome": "r(6,79) d(39) r(38,47) r(29,78) d(5) a(32,125) r(37,163)", "fitness": 0.0}
{"generation": 6, "position": 43, "parents": [14], "genome": "r(6,79) d(39) r(38,47) r(29,78) d(5) d(37) d(35)", "fitness": 0.0}
{"generation": 6, "position": 44, "parents": [29], "genome": "r(7,74) d(38) a(36,160) d(35) r(39,73) a(36,82)", "fitness": 0.0}
{"generation": 6, "position": 45, "parents": [59], "genome": "a(39,60) r(6,42) d(29) d(35) a(37,42) a(39,101) d(39)", "fitness": 0.0}
{"generation": 6, "position": 46, "parents": [3, 35], "genome": "a(38,128) r(35,73) r(39,91)", "fitness": 0.0}
{"generation": 6, "position": 47, "parents": [3, 35], "genome": "r(35,74) r(6,42) d(38) r(35,73) d(39) r(38,58) d(5) d(39) r(38,58) r(31,90) a(29,128)", "fitness": 0.0}
{"generation": 6, "position": 48, "parents": [3], "genome": "a(38,128) r(35,73) d(39) r(38,58) r(31,90) d(7)", "fitness": 12.0}
{"generation": 6, "position": 49, "parents": [35], "genome": "r(35,74) r(6,42) d(38) r(35,73) d(39) r(38,58) d(5) a(31,76)", "fitness": 0.0}
{"generation": 6, "position": 50, "parents": [41], "genome": "a(39,128) d(39) a(29,44) d(38) a(36,125) a(7,154) d(5)", "fitness": 0.0}
{"generation": 6, "position": 51, "parents": [42], "genome": "r(6,79) r(38,47) d(39) a(31,36)", "fitness": 0.0}
{"generation": 6, "position": 52, "parents": [4], "genome": "a(38,60) d(39) r(38,35) r(32,40) d(29) r(36,37) a(37,76) d(5)", "fitness": 0.0}
{"generation": 6, "position": 53, "parents": [7], "genome": "r(35,74) r(6,42) d(38) r(36,37) a(39,79) a(39,35)", "fitness": 0.0}
{"generation": 6, "position": 54, "parents": [39, 18], "genome": "a(39,128) r(31,91) a(39,72)", "fitness": 0.0}
{"generation": 6, "position": 55, "parents": [39, 18], "genome": "r(35,74) r(6,42) d(39) r(38,35) d(36) d(39) r(37,5) a(35,145) d(35) r(5,37)", "fitness": 0.0}
{"generation": 6, "position": 56, "parents": [39], "genome": "a(39,128) d(39) r(37,5) a(35,145) d(35) d(32)", "fitness": 0.0}
{"generation": 7, "position": 0, "parents": [56], "genome": "a(39,128) d(39) r(37,5) a(35,145) d(35) d(32) d(6)", "fitness": 0.0}
{"generation": 7, "position": 1, "parents": [46], "genome": "a(38,128) r(35,73) r(39,91) r(38,78)", "fitness": 0.0}
{"generation": 7, "position": 2, "parents": [24, 32], "genome": "r(35,74) r(6,42) d(38) a(39,104) d(31) d(39) a(5,36) d(36)", "fitness": 0.0}
{"generation": 7, "position": 3, "parents": [24, 32], "genome": "r(35,74) r(39,46) a(38,45) d(38) a(29,48) d(32) r(6,108) a(5,154)", "fitness": 0.0}
{"generation": 7, "position": 4, "parents": [24], "genome": "r(35,74) r(39,46) a(38,45) d(38) a(29,48) d(32) r(6,108) d(5)", "fitness": 0.0}
{"generation": 7, "position": 5, "parents": [32], "genome": "r(35,74) r(6,42) d(38) a(39,104) d(31) d(39) a(5,36) a(5,96)", "fitness": 0.0}
{"generation": 7, "position": 6, "parents": [12], "genome": "r(35,74) r(39,46) a(38,45) d(38) a(37,104) d(5) r(32,78)", "fitness": 0.0}
{"generation": 7, "position": 7, "parents": [36], "genome": "r(35,74) a(39,36) a(39,160) d(37) r(39,154) a(38,48) d(29) d(6) a(5,32)", "fitness": 0.0}
{"generation": 7, "position": 8, "parents": [42, 23], "genome": "r(6,79) r(31,96) a(38,72)", "fitness": 0.0}
{"generation": 7, "position": 9, "parents": [42, 23], "genome": "d(39) r(36,47) r(38,58) r(37,5) d(32) d(6) d(39) r(38,47) r(29,78) d(5) a(32,125) r(37,163)", "fitness": 0.0}
{"generation": 7, "position": 10, "parents": [42], "genome": "r(6,79) d(39) r(38,47) r(29,78) d(5) a(32,125) r(37,163) a(36,38)", "fitness": 0.0}
{"generation": 7, "position": 11, "parents": [23], "genome": "d(39) r(36,47) r(38,58) r(37,5) d(32) d(6) r(31,96) d(5)", "fitness": 0.0}
{"generation": 7, "position": 12, "parents": [52, 21], "genome": "a(38,60) d(39) r(38,35) a(38,90) d(37)", "fitness": 4.0}
{"generation": 7, "position": 13, "parents": [52, 21], "genome": "a(39,60) r(36,47) r(29,32) a(32,93) d(39) r(32,40) d(29) r(36,37) a(37,76) d(5) d(38)", "fitness": 0.0}
{"generation": 7, "position": 14, "parents": [52], "genome": "a(38,60) d(39) r(38,35) r(32,40) d(29) r(36,37) a(37,76) d(5) r(37,60)", "fitness": 0.0}
{"generation": 7, "position": 15, "parents": [21], "genome": "a(39,60) r(36,47) r(29,32) a(32,93) d(39) a(38,90) a(38,45)", "fitness": 0.0}
{"generation": 7, "position": 16, "parents": [54], "genome": "a(39,128) r(31,91) a(39,72) a(32,163)", "fitness": 0.0}
{"generation": 7, "position": 17, "parents": [47], "genome": "r(35,74) r(6,42) d(38) r(35,73) d(39) r(38,58) d(5) d(39) r(38,58) r(31,90) a(29,128) a(29,82)", "fitness": 0.0}
{"generation": 7, "position": 18, "parents": [34], "genome": "d(39) r(36,47) r(38,58) r(38,58) r(37,5) a(35,145) d(6) d(31) r(35,76)", "fitness": 0.0}
{"generation": 7, "position": 19, "parents": [57], "genome": "r(35,74) r(6,42) d(39) r(38,35) d(36) r(31,91) r(32,43) a(37,128)", "fitness": 0.0}
{"generation": 7, "position": 20, "parents": [45, 57], "genome": "a(39,60) r(6,42) d(29) d(35) a(37,42) r(32,43) r(5,96)", "fitness": 0.0}
{"generation": 7, "position": 21, "parents": [45, 57], "genome": "r(35,74) r(6,42) d(39) r(38,35) d(36) r(31,91) a(39,101) d(39) a(5,53)", "fitness": 0.0}
{"generation": 7, "position": 22, "parents": [45], "genome": "a(39,60) r(6,42) d(29) d(35) a(37,42) a(39,101) d(39) r(38,78)", "fitness": 0.0}
{"generation": 7, "position": 23, "parents": [57], "genome": "r(35,74) r(6,42) d(39) r(38,35) d(36) r(31,91) r(32,43) r(37,65)", "fitness": 0.0}
{"generation": 7, "position": 24, "parents": [2], "genome": "a(39,128) d(39) a(29,44) d(38) a(36,125) a(7,154) a(32,43) a(35,79)", "fitness": 0.0}
{"generation": 7, "position": 25, "parents": [10], "genome": "r(35,74) r(39,46) a(38,45) d(38) a(37,104) d(38) a(39,104) d(31) r(36,35) a(32,73) a(29,145)", "fitness": 0.0}
{"generation": 7, "position": 26, "parents": [22, 14], "genome": "a(38,128) r(35,73) d(39) r(38,58) a(35,145) d(6) d(32) d(5)", "fitness": 0.0}
{"generation": 7, "position": 27, "parents": [22, 14], "genome": "d(39) r(36,47) r(38,58) r(38,58) r(37,5) a(7,160) a(6,90) d(32)", "fitness": 0.0}
{"generation": 7, "position": 28, "parents": [22], "genome": "a(38,128) r(35,73) d(39) r(38,58) a(7,160) a(6,90) d(6)", "fitness": 0.0}
{"generation": 7, "position": 29, "parents": [14], "genome": "d(39) r(36,47) r(38,58) r(38,58) r(37,5) a(35,145) d(6) d(32) r(5,101)", "fitness": 12.0}
{"generation": 7, "position": 30, "parents": [4, 56], "genome": "r(35,74) a(35,145) d(35) d(32) r(5,82)", "fitness": 0.0}
{"generation": 7, "position": 31, "parents": [4, 56], "genome": "a(39,128) d(39) r(37,5) a(37,61) d(39) r(5,74)", "fitness": 0.0}
{"generation": 7, "position": 32, "parents": [4], "genome": "r(35,74) a(37,61) d(39) r(38,91)", "fitness": 0.0}
{"generation": 7, "position": 33, "parents": [56], "genome": "a(39,128) d(39) r(37,5) a(35,145) d(35) d(32) a(36,43)", "fitness": 0.0}
{"generation": 7, "position": 34, "parents": [36, 54], "genome": "r(35,74) a(39,36) r(31,91) a(39,72) r(38,39)", "fitness": 0.0}
{"generation": 7, "position": 35, "parents": [36, 54], "genome": "a(39,128) a(39,160) d(37) r(39,154) a(38,48) d(29) d(6) a(36,48)", "fitness": 0.0}
{"generation": 7, "position": 36, "parents": [36], "genome": "r(35,74) a(39,36) a(39,160) d(37) r(39,154) a(38,48) d(29) d(6) a(5,93)", "fitness": 0.0}
{"generation": 7, "position": 37, "parents": [54], "genome": "a(39,128) r(31,91) a(39,72) a(39,43)", "fitness": 0.0}
{"generation": 7, "position": 38, "parents": [0], "genome": "a(39,60) r(32,43) r(39,124) r(38,72) d(6) d(36)", "fitness": 0.0}
{"generation": 7, "position": 39, "parents": [34], "genome": "d(39) r(36,47) r(38,58) r(38,58) r(37,5) a(35,145) d(6) d(31) r(29,125)", "fitness": 0.0}
{"generation": 7, "position": 40, "parents": [43], "genome": "r(6,79) d(39) r(38,47) r(29,78) d(5) d(37) d(35) d(36)", "fitness": 0.0}
{"generation": 7, "position": 41, "parents": [20], "genome": "r(35,74) r(39,46) a(38,45) d(38) d(37) a(36,154) a(6,124)", "fitness": 0.0}
{"generation": 7, "position": 42, "parents": [45, 6], "genome": "a(39,60) r(6,42) d(29) a(39,43)", "fitness": 0.0}
{"generation": 7, "position": 43, "parents": [45, 6], "genome": "r(35,74) a(39,36) a(37,61) a(39,104) d(35) a(37,42) a(39,101) d(39) r(36,96)", "fitness": 0.0}
{"generation": 7, "position": 44, "parents": [45], "genome": "a(39,60) r(6,42) d(29) d(35) a(37,42) a(39,101) d(39) a(36,91)", "fitness": 0.0}
{"generation": 7, "position": 45, "parents": [6], "genome": "r(35,74) a(39,36) a(37,61) a(39,104) d(38)", "fitness": 0.0}
{"generation": 7, "position": 46, "parents": [5, 15], "genome": "r(35,74) a(39,36) a(39,36) d(38)", "fitness": 0.0}
{"generation": 7, "position": 47, "parents": [5, 15], "genome": "r(35,74) r(39,46) a(38,45) r(39,154) r(38,42) a(5,108) a(37,61) r(38,42) a(31,76)", "fitness": 0.0}
{"generation": 7, "position": 48, "parents": [5], "genome": "r(35,74) a(39,36) a(39,36) a(37,61) r(38,42) a(6,125)", "fitness": 0.0}
{"generation": 7, "position": 49, "parents": [15], "genome": "r(35,74) r(39,46) a(38,45) r(39,154) r(38,42) a(5,108) a(31,154)", "fitness": 0.0}
{"generation": 7, "position": 50, "parents": [15], "genome": "r(35,74) r(39,46) a(38,45) r(39,154) r(38,42) a(5,108) r(36,72)", "fitness": 0.0}
{"generation": 7, "position": 51, "parents": [2], "genome": "a(39,128) d(39) a(29,44) d(38) a(36,125) a(7,154) a(32,43) d(32)", "fitness": 0.0}
{"generation": 7, "position": 52, "parents": [39, 4], "genome": "r(35,74) r(39,154) a(38,48) d(29) d(5)", "fitness": 0.0}
{"generation": 7, "position": 53, "parents": [39, 4], "genome": "r(35,74) a(37,61) d(39) a(7,83) r(37,163)", "fitness": 0.0}
{"generation": 7, "position": 54, "parents": [39], "genome": "r(35,74) r(39,154) a(38,48) d(29) a(7,83) a(7,31)", "fitness": 0.0}
{"generation": 7, "position": 55, "parents": [4], "genome": "r(35,74) a(37,61) d(39) d(32)", "fitness": 0.0}
{"generation": 7, "position": 56, "parents": [28], "genome": "a(39,60) r(36,47) r(29,32) d(39) d(32) r(38,83) d(6)", "fitness": 0.0}
{"generation": 7, "position": 57, "parents": [47], "genome": "r(35,74) r(6,42) d(38) r(35,73) d(39) r(38,58) d(5) d(39) r(38,58) r(31,90) a(29,128) r(29,162)", "fitness": 0.0}
{"generation": 7, "position": 58, "parents": [55, 4], "genome": "r(35,74) r(6,42) d(39) r(38,35) d(36) d(39) r(37,61)", "fitness": 0.0}
{"generation": 7, "position": 59, "parents": [55, 4], "genome": "r(35,74) a(37,61) d(39) r(37,5) a(35,145) d(35) r(5,37) r(32,163)", "fitness": 0.0}
{"generation": 7, "position": 60, "parents": [55], "genome": "r(35,74) r(6,42) d(39) r(38,35) d(36) d(39) r(37,5) a(35,145) d(35) r(5,37) r(31,133)", "fitness": 0.0}
{"generation": 8, "position": 0, "parents": [28], "genome": "a(38,128) r(35,73) d(39) r(38,58) a(7,160) a(6,90) d(6) d(5)", "fitness": 0.0}
{"generation": 8, "position": 1, "parents": [31], "genome": "a(39,128) d(39) r(37,5) a(37,61) d(39) r(5,74) a(36,90)", "fitness": 0.0}
{"generation": 8, "position": 2, "parents": [47, 6], "genome": "r(35,74) r(39,46) a(38,45) r(39,154) r(38,42) a(5,108) r(32,78) a(6,101)", "fitness": 0.0}
{"generation": 8, "position": 3, "parents": [47, 6], "genome": "r(35,74) r(39,46) a(38,45) d(38) a(37,104) d(5) a(37,61) r(38,42) a(31,76) r(31,95)", "fitness": 0.0}
{"generation": 8, "position": 4, "parents": [47], "genome": "r(35,74) r(39,46) a(38,45) r(39,154) r(38,42) a(5,108) a(37,61) r(38,42) a(31,76) a(32,90)", "fitness": 0.0}
{"generation": 8, "position": 5, "parents": [6], "genome": "r(35,74) r(39,46) a(38,45) d(38) a(37,104) d(5) r(32,78) d(37)", "fitness": 0.0}
{"generation": 8, "position": 6, "parents": [10], "genome": "r(6,79) d(39) r(38,47) r(29,78) d(5) a(32,125) r(37,163) a(36,38) r(36,95)", "fitness": 0.0}
{"generation": 8, "position": 7, "parents": [15], "genome": "a(39,60) r(36,47) r(29,32) a(32,93) d(39) a(38,90) a(38,45) r(38,133)", "fitness": 0.0}
{"generation": 8, "position": 8, "parents": [57], "genome": "r(35,74) r(6,42) d(38) r(35,73) d(39) r(38,58) d(5) d(39) r(38,58) r(31,90) a(29,128) r(29,162) r(36,154)", "fitness": 0.0}
{"generation": 8, "position": 9, "parents": [41], "genome": "r(35,74) r(39,46) a(38,45) d(38) d(37) a(36,154) a(6,124) d(6)", "fitness": 12.0}
{"generation": 8, "position": 10, "parents": [11], "genome": "d(39) r(36,47) r(38,58) r(37,5) d(32) d(6) r(31,96) d(5) d(29)", "fitness": 0.0}
{"generation": 8, "position": 11, "parents": [47], "genome": "r(35,74) r(39,46) a(38,45) r(39,154) r(38,42) a(5,108) a(37,61) r(38,42) a(31,76) r(6,93)", "fitness": 0.0}
{"generation": 8, "position": 12, "parents": [51], "genome": "a(39,128) d(39) a(29,44) d(38) a(36,125) a(7,154) a(32,43) d(32) a(6,32)", "fitness": 0.0}
{"generation": 8, "position": 13, "parents": [4], "genome": "r(35,74) r(39,46) a(38,45) d(38) a(29,48) d(32) r(6,108) d(5) d(37)", "fitness": 0.0}
{"generation": 8, "position": 14, "parents": [48, 13], "genome": "r(35,74) a(39,36) a(39,36) a(37,61) r(29,32) a(32,93) d(39) r(32,40) d(29) r(36,37) a(37,76) d(5) d(38) d(37)", "fitness": 0.0}
{"generation": 8, "position": 15, "parents": [48, 13], "genome": "a(39,60) r(36,47) r(38,42) a(6,125) a(31,56)", "fitness": 0.0}
{"generation": 8, "position": 16, "parents": [48], "genome": "r(35,74) a(39,36) a(39,36) a(37,61) r(38,42) a(6,125) r(39,125)", "fitness": 0.0}
{"generation": 8, "position": 17, "parents": [13], "genome": "a(39,60) r(36,47) r(29,32) a(32,93) d(39) r(32,40) d(29) r(36,37) a(37,76) d(5) d(38) d(37)", "fitness": 0.0}
{"generation": 8, "position": 18, "parents": [56, 14], "genome": "a(39,60) r(36,47) r(29,32) r(37,60) a(32,83)", "fitness": 0.0}
{"generation": 8, "position": 19, "parents": [56, 14], "genome": "a(38,60) d(39) r(38,35) r(32,40) d(29) r(36,37) a(37,76) d(5) d(39) d(32) r(38,83) d(6) r(37,45)", "fitness": 0.0}
{"generation": 8, "position": 20, "parents": [56], "genome": "a(39,60) r(36,47) r(29,32) d(39) d(32) r(38,83) d(6) r(37,38)", "fitness": 0.0}
{"generation": 8, "position": 21, "parents": [14], "genome": "a(38,60) d(39) r(38,35) r(32,40) d(29) r(36,37) a(37,76) d(5) r(37,60)", "fitness": 0.0}
{"generation": 8, "position": 22, "parents": [13], "genome": "a(39,60) r(36,47) r(29,32) a(32,93) d(39) r(32,40) d(29) r(36,37) a(37,76) d(5) d(38) a(37,37)", "fitness": 0.0}
{"generation": 8, "position": 23, "parents": [42], "genome": "a(39,60) r(6,42) d(29) a(39,43) r(39,42)", "fitness": 0.0}
{"generation": 8, "position": 24, "parents": [34, 25], "genome": "r(35,74) a(39,36) r(31,91) a(39,72) a(38,45) d(38) a(37,104) d(38) a(39,104) d(31) r(36,35) a(32,73) a(29,145) d(39)", "fitness": 0.0}
{"generation": 8, "position": 25, "parents": [34, 25], "genome": "r(35,74) r(39,46) r(38,39) r(31,124)", "fitness": 12.0}
{"generation": 8, "position": 26, "parents": [34], "genome": "r(35,74) a(39,36) r(31,91) a(39,72) r(38,39) d(39)", "fitness": 0.0}
{"generation": 8, "position": 27, "parents": [25], "genome": "r(35,74) r(39,46) a(38,45) d(38) a(37,104) d(38) a(39,104) d(31) r(36,35) a(32,73) a(29,145) a(37,36)", "fitness": 0.0}
{"generation": 8, "position": 28, "parents": [51], "genome": "a(39,128) d(39) a(29,44) d(38) a(36,125) a(7,154) a(32,43) d(32) d(37)", "fitness": 0.0}
{"generation": 8, "position": 29, "parents": [48], "genome": "r(35,74) a(39,36) a(39,36) a(37,61) r(38,42) a(6,125) d(39)", "fitness": 0.0}
{"generation": 8, "position": 30, "parents": [55, 30], "genome": "r(35,74) r(38,5)", "fitness": 0.0}
{"generation": 8, "position": 31, "parents": [55, 30], "genome": "r(35,74) a(35,145) d(35) d(32) r(5,82) a(37,61) d(39) d(32) d(36)", "fitness": 0.0}
{"generation": 8, "position": 32, "parents": [55], "genome": "r(35,74) a(37,61) d(39) d(32) a(38,37)", "fitness": 0.0}
{"generation": 8, "position": 33, "parents": [30], "genome": "r(35,74) a(35,145) d(35) d(32) r(5,82) a(39,128)", "fitness": 0.0}
{"generation": 8, "position": 34, "parents": [47, 1], "genome": "r(35,74) r(39,91) r(38,78) a(36,58)", "fitness": 0.0}
{"generation": 8, "position": 35, "parents": [47, 1], "genome": "a(38,128) r(35,73) r(39,46) a(38,45) r(39,154) r(38,42) a(5,108) a(37,61) r(38,42) a(31,76) r(7,53)", "fitness": 12.0}
{"generation": 8, "position": 36, "parents": [47], "genome": "r(35,74) r(39,46) a(38,45) r(39,154) r(38,42) a(5,108) a(37,61) r(38,42) a(31,76) a(36,95)", "fitness": 0.0}
{"generation": 8, "position": 37, "parents": [1], "genome": "a(38,128) r(35,73) r(39,91) r(38,78) d(29)", "fitness": 0.0}
{"generation": 8, "position": 38, "parents": [39], "genome": "d(39) r(36,47) r(38,58) r(38,58) r(37,5) a(35,145) d(6) d(31) r(29,125) d(35)", "fitness": 0.0}
{"generation": 8, "position": 39, "parents": [40], "genome": "r(6,79) d(39) r(38,47) r(29,78) d(5) d(37) d(35) d(36) d(32)", "fitness": 0.0}
{"generation": 8, "position": 40, "parents": [57], "genome": "r(35,74) r(6,42) d(38) r(35,73) d(39) r(38,58) d(5) d(39) r(38,58) r(31,90) a(29,128) r(29,162) d(36)", "fitness": 0.0}
{"generation": 8, "position": 41, "parents": [5], "genome": "r(35,74) r(6,42) d(38) a(39,104) d(31) d(39) a(5,36) a(5,96) d(5)", "fitness": 0.0}
{"generation": 8, "position": 42, "parents": [53, 28], "genome": "r(35,74) d(6) a(39,56)", "fitness": 0.0}
{"generation": 8, "position": 43, "parents": [53, 28], "genome": "a(38,128) r(35,73) d(39) r(38,58) a(7,160) a(6,90) a(37,61) d(39) a(7,83) r(37,163) r(32,124)", "fitness": 12.0}
{"generation": 8, "position": 44, "parents": [53], "genome": "r(35,74) a(37,61) d(39) a(7,83) r(37,163) a(6,52)", "fitness": 0.0}
{"generation": 8, "position": 45, "parents": [28], "genome": "a(38,128) r(35,73) d(39) r(38,58) a(7,160) a(6,90) d(6) a(31,50)", "fitness": 0.0}
{"generation": 8, "position": 46, "parents": [58, 26], "genome": "r(35,74) r(6,42) d(39) r(35,73) d(39) r(38,58) a(35,145) d(6) d(32) d(5) d(31)", "fitness": 0.0}
{"generation": 8, "position": 47, "parents": [58, 26], "genome": "a(38,128) r(38,35) d(36) d(39) r(37,61) a(35,154)", "fitness": 0.0}
{"generation": 8, "position": 48, "parents": [58], "genome": "r(35,74) r(6,42) d(39) r(38,35) d(36) d(39) r(37,61) a(31,82)", "fitness": 0.0}
{"generation": 8, "position": 49, "parents": [26], "genome": "a(38,128) r(35,73) d(39) r(38,58) a(35,145) d(6) d(32) d(5) d(36)", "fitness": 0.0}
{"generation": 8, "position": 50, "parents": [19], "genome": "r(35,74) r(6,42) d(39) r(38,35) d(36) r(31,91) r(32,43) a(37,128) a(37,82)", "fitness": 0.0}
{"generation": 8, "position": 51, "parents": [17], "genome": "r(35,74) r(6,42) d(38) r(35,73) d(39) r(38,58) d(5) d(39) r(38,58) r(31,90) a(29,128) a(29,82) d(37)", "fitness": 0.0}
{"generation": 8, "position": 52, "parents": [49], "genome": "r(35,74) r(39,46) a(38,45) r(39,154) r(38,42) a(5,108) a(31,154) a(6,56)", "fitness": 0.0}
{"generation": 8, "position": 53, "parents": [33], "genome": "a(39,128) d(39) r(37,5) a(35,145) d(35) d(32) a(36,43) r(7,108)", "fitness": 12.0}
{"generation": 8, "position": 54, "parents": [38], "genome": "a(39,60) r(32,43) r(39,124) r(38,72) d(6) d(36) a(31,36)", "fitness": 0.0}
{"generation": 9, "position": 0, "parents": [27], "genome": "r(35,74) r(39,46) a(38,45) d(38) a(37,104) d(38) a(39,104) d(31) r(36,35) a(32,73) a(29,145) a(37,36) d(5)", "fitness": 0.0}
{"generation": 9, "position": 1, "parents": [13], "genome": "r(35,74) r(39,46) a(38,45) d(38) a(29,48) d(32) r(6,108) d(5) d(37) a(29,95)", "fitness": 0.0}
{"generation": 9, "position": 2, "parents": [33, 15], "genome": "r(35,74) a(35,145) d(35) d(32) a(31,56) a(37,47)", "fitness": 0.0}
{"generation": 9, "position": 3, "parents": [33, 15], "genome": "a(39,60) r(36,47) r(38,42) a(6,125) r(5,82) a(39,128) r(39,60)", "fitness": 0.0}
{"generation": 9, "position": 4, "parents": [33], "genome": "r(35,74) a(35,145) d(35) d(32) r(5,82) a(39,128) d(39)", "fitness": 0.0}
{"generation": 9, "position": 5, "parents": [15], "genome": "a(39,60) r(36,47) r(38,42) a(6,125) a(31,56) r(39,108)", "fitness": 0.0}
{"generation": 9, "position": 6, "parents": [36], "genome": "r(35,74) r(39,46) a(38,45) r(39,154) r(38,42) a(5,108) a(37,61) r(38,42) a(31,76) a(36,95) r(29,125)", "fitness": 0.0}
{"generation": 9, "position": 7, "parents": [19], "genome": "a(38,60) d(39) r(38,35) r(32,40) d(29) r(36,37) a(37,76) d(5) d(39) d(32) r(38,83) d(6) r(37,45)", "fitness": 0.0}
{"generation": 9, "position": 8, "parents": [52], "genome": "r(35,74) r(39,46) a(38,45) r(39,154) r(38,42) a(5,108) a(31,154) a(6,56) r(5,43)", "fitness": 0.0}
{"generation": 9, "position": 9, "parents": [33], "genome": "r(35,74) a(35,145) d(35) d(32) r(5,82) a(39,128) a(38,61)", "fitness": 0.0}
{"generation": 9, "position": 10, "parents": [28, 19], "genome": "a(39,128) d(39) a(29,44) d(38) a(36,125) a(7,154) d(6) r(37,45) a(29,93)", "fitness": 0.0}
{"generation": 9, "position": 11, "parents": [28, 19], "genome": "a(38,60) d(39) r(38,35) r(32,40) d(29) r(36,37) a(37,76) d(5) d(39) d(32) r(38,83) a(32,43) d(32) d(37)", "fitness": 0.0}
{"generation": 9, "position": 12, "parents": [28], "genome": "a(39,128) d(39) a(29,44) d(38) a(36,125) a(7,154) a(32,43) d(32) d(37) d(29)", "fitness": 0.0}
{"generation": 9, "position": 13, "parents": [19], "genome": "a(38,60) d(39) r(38,35) r(32,40) d(29) r(36,37) a(37,76) d(5) d(39) d(32) r(38,83) d(6) r(37,45)", "fitness": 0.0}
{"generation": 9, "position": 14, "parents": [22, 26], "genome": "a(39,60) r(36,47) r(29,32) a(32,93) d(39) r(32,40) d(29) d(39) a(7,79)", "fitness": 0.0}
{"generation": 9, "position": 15, "parents": [22, 26], "genome": "r(35,74) a(39,36) r(31,91) a(39,72) r(38,39) r(36,37) a(37,76) d(5) d(38) a(37,37) d(39)", "fitness": 0.0}
{"generation": 9, "position": 16, "parents": [22], "genome": "a(39,60) r(36,47) r(29,32) a(32,93) d(39) r(32,40) d(29) r(36,37) a(37,76) d(5) d(38) a(37,37) a(37,66)", "fitness": 0.0}
{"generation": 9, "position": 17, "parents": [26], "genome": "r(35,74) a(39,36) r(31,91) a(39,72) r(38,39) d(39) a(29,83)", "fitness": 0.0}
{"generation": 9, "position": 18, "parents": [1, 14], "genome": "a(39,128) d(39) r(37,5) a(37,61) d(39) r(5,74) a(32,93) d(39) r(32,40) d(29) r(36,37) a(37,76) d(5) d(38) d(37)", "fitness": 0.0}
{"generation": 9, "position": 19, "parents": [1, 14], "genome": "r(35,74) a(39,36) a(39,36) a(37,61) r(29,32) a(36,90) d(7)", "fitness": 0.0}
{"generation": 9, "position": 20, "parents": [1], "genome": "a(39,128) d(39) r(37,5) a(37,61) d(39) r(5,74) a(36,90) r(32,40)", "fitness": 0.0}
{"generation": 9, "position": 21, "parents": [14], "genome": "r(35,74) a(39,36) a(39,36) a(37,61) r(29,32) a(32,93) d(39) r(32,40) d(29) r(36,37) a(37,76) d(5) d(38) d(37)", "fitness": 0.0}
{"generation": 9, "position": 22, "parents": [24, 51], "genome": "r(35,74) a(39,36) r(31,91) a(39,72) a(38,45) d(38) d(5) d(39) r(38,58) r(31,90) a(29,128) a(29,82) d(37) d(29)", "fitness": 0.0}
{"generation": 9, "position": 23, "parents": [24, 51], "genome": "r(35,74) r(6,42) d(38) r(35,73) d(39) r(38,58) a(37,104) d(38) a(39,104) d(31) r(36,35) a(32,73) a(29,145) d(39) a(29,53)", "fitness": 0.0}
{"generation": 9, "position": 24, "parents": [24], "genome": "r(35,74) a(39,36) r(31,91) a(39,72) a(38,45) d(38) a(37,104) d(38) a(39,104) d(31) r(36,35) a(32,73) a(29,145) d(39) r(5,124)", "fitness": 12.0}
{"generation": 9, "position": 25, "parents": [51], "genome": "r(35,74) r(6,42) d(38) r(35,73) d(39) r(38,58) d(5) d(39) r(38,58) r(31,90) a(29,128) a(29,82) d(37) d(36)", "fitness": 0.0}
{"generation": 9, "position": 26, "parents": [39, 17], "genome": "r(6,79) d(39) r(38,47) r(29,78) d(5) d(37) d(35) d(36) d(39) r(32,40) d(29) r(36,37) a(37,76) d(5) d(38) d(37)", "fitness": 0.0}
{"generation": 9, "position": 27, "parents": [39, 17], "genome": "a(39,60) r(36,47) r(29,32) a(32,93) d(32) a(39,78)", "fitness": 0.0}
{"generation": 9, "position": 28, "parents": [39], "genome": "r(6,79) d(39) r(38,47) r(29,78) d(5) d(37) d(35) d(36) d(32)", "fitness": 0.0}
{"generation": 9, "position": 29, "parents": [17], "genome": "a(39,60) r(36,47) r(29,32) a(32,93) d(39) r(32,40) d(29) r(36,37) a(37,76) d(5) d(38) d(37)", "fitness": 0.0}
{"generation": 9, "position": 30, "parents": [39, 31], "genome": "r(6,79) d(39) a(37,29)", "fitness": 0.0}
{"generation": 9, "position": 31, "parents": [39, 31], "genome": "r(35,74) a(35,145) d(35) d(32) r(5,82) a(37,61) d(39) d(32) d(36) r(38,47) r(29,78) d(5) d(37) d(35) d(36) d(32)", "fitness": 0.0}
{"generation": 9, "position": 32, "parents": [39], "genome": "r(6,79) d(39) r(38,47) r(29,78) d(5) d(37) d(35) d(36) d(32)", "fitness": 0.0}
{"generation": 9, "position": 33, "parents": [31], "genome": "r(35,74) a(35,145) d(35) d(32) r(5,82) a(37,61) d(39) d(32) d(36) r(38,91)", "fitness": 0.0}
{"generation": 9, "position": 34, "parents": [39], "genome": "r(6,79) d(39) r(38,47) r(29,78) d(5) d(37) d(35) d(36) d(32)", "fitness": 0.0}
{"generation": 9, "position": 35, "parents": [20], "genome": "a(39,60) r(36,47) r(29,32) d(39) d(32) r(38,83) d(6) r(37,38) a(5,76)", "fitness": 0.0}
{"generation": 9, "position": 36, "parents": [13, 4], "genome": "r(35,74) r(39,46) a(31,76) a(32,90) r(7,162)", "fitness": 12.0}
{"generation": 9, "position": 37, "parents": [13, 4], "genome": "r(35,74) r(39,46) a(38,45) r(39,154) r(38,42) a(5,108) a(37,61) r(38,42) a(38,45) d(38) a(29,48) d(32) r(6,108) d(5) d(37) d(31)", "fitness": 0.0}
{"generation": 9, "position": 38, "parents": [13], "genome": "r(35,74) r(39,46) a(38,45) d(38) a(29,48) d(32) r(6,108) d(5) d(37) d(31)", "fitness": 0.0}
{"generation": 9, "position": 39, "parents": [4], "genome": "r(35,74) r(39,46) a(38,45) r(39,154) r(38,42) a(5,108) a(37,61) r(38,42) a(31,76) a(32,90) d(36)", "fitness": 0.0}
{"generation": 9, "position": 40, "parents": [18], "genome": "a(39,60) r(36,47) r(29,32) r(37,60) a(32,83) r(6,47)", "fitness": 0.0}
{"generation": 9, "position": 41, "parents": [30], "genome": "r(35,74) r(38,5) d(39)", "fitness": 0.0}
{"generation": 9, "position": 42, "parents": [22, 15], "genome": "a(39,60) r(36,47) r(29,32) a(32,93) d(39) r(32,40) d(29) r(36,37) a(37,76) r(36,47) r(38,42) a(6,125) a(31,56) d(5)", "fitness": 0.0}
{"generation": 9, "position": 43, "parents": [22, 15], "genome": "a(39,60) d(5) d(38) a(37,37) a(39,61)", "fitness": 4.0}
{"generation": 9, "position": 44, "parents": [22], "genome": "a(39,60) r(36,47) r(29,32) a(32,93) d(39) r(32,40) d(29) r(36,37) a(37,76) d(5) d(38) a(37,37) r(37,36)", "fitness": 0.0}
{"generation": 9, "position": 45, "parents": [15], "genome": "a(39,60) r(36,47) r(38,42) a(6,125) a(31,56) d(5)", "fitness": 0.0}
{"generation": 9, "position": 46, "parents": [50], "genome": "r(35,74) r(6,42) d(39) r(38,35) d(36) r(31,91) r(32,43) a(37,128) a(37,82) d(5)", "fitness": 0.0}
{"generation": 9, "position": 47, "parents": [26], "genome": "r(35,74) a(39,36) r(31,91) a(39,72) r(38,39) d(39) r(36,38)", "fitness": 0.0}
{"generation": 9, "position": 48, "parents": [36, 8], "genome": "r(35,74) r(39,46) a(38,45) r(39,154) r(38,42) a(5,108) r(38,58) d(5) d(39) r(38,58) r(31,90) a(29,128) r(29,162) r(36,154) a(37,53)", "fitness": 0.0}
{"generation": 9, "position": 49, "parents": [36, 8], "genome": "r(35,74) r(6,42) d(38) r(35,73) d(39) a(37,61) r(38,42) a(31,76) a(36,95) d(32)", "fitness": 0.0}
{"generation": 9, "position": 50, "parents": [36], "genome": "r(35,74) r(39,46) a(38,45) r(39,154) r(38,42) a(5,108) a(37,61) r(38,42) a(31,76) a(36,95) d(7)", "fitness": 12.0}
{"generation": 9, "position": 51, "parents": [8], "genome": "r(35,74) r(6,42) d(38) r(35,73) d(39) r(38,58) d(5) d(39) r(38,58) r(31,90) a(29,128) r(29,162) r(36,154) r(37,72)", "fitness": 0.0}
{"generation": 9, "position": 52, "parents": [48, 51], "genome": "r(35,74) r(6,42) d(39) r(38,35) d(36) d(39) r(38,58) r(31,90) a(29,128) a(29,82) d(37) d(5)", "fitness": 0.0}
{"generation": 9, "position": 53, "parents": [48, 51], "genome": "r(35,74) r(6,42) d(38) r(35,73) d(39) r(38,58) d(5) d(39) r(37,61) a(31,82) r(31,29)", "fitness": 0.0}
{"generation": 9, "position": 54, "parents": [48], "genome": "r(35,74) r(6,42) d(39) r(38,35) d(36) d(39) r(37,61) a(31,82) d(29)", "fitness": 0.0}
{"generation": 9, "position": 55, "parents": [51], "genome": "r(35,74) r(6,42) d(38) r(35,73) d(39) r(38,58) d(5) d(39) r(38,58) r(31,90) a(29,128) a(29,82) d(37) r(29,154)", "fitness": 0.0}
{"generation": 9, "position": 56, "parents": [27, 26], "genome": "r(35,74) r(39,46) r(31,91) a(39,72) r(38,39) d(39) r(7,160)", "fitness": 12.0}
{"generation": 9, "position": 57, "parents": [27, 26], "genome": "r(35,74) a(39,36) a(38,45) d(38) a(37,104) d(38) a(39,104) d(31) r(36,35) a(32,73) a(29,145) a(37,36) r(32,90)", "fitness": 0.0}
{"generation": 9, "position": 58, "parents": [27], "genome": "r(35,74) r(39,46) a(38,45) d(38) a(37,104) d(38) a(39,104) d(31) r(36,35) a(32,73) a(29,145) a(37,36) a(32,124)", "fitness": 0.0}
{"generation": 9, "position": 59, "parents": [26], "genome": "r(35,74) a(39,36) r(31,91) a(39,72) r(38,39) d(39) r(36,104)", "fitness": 0.0}
{"generation": 9, "position": 60, "parents": [30, 6], "genome": "r(35,74) r(38,5) d(5) a(32,125) r(37,163) a(36,38) r(36,95) a(29,38)", "fitness": 0.0}
{"generation": 9, "position": 61, "parents": [30, 6], "genome": "r(6,79) d(39) r(38,47) r(29,78) d(35)", "fitness": 0.0}
{"generation": 9, "position": 62, "parents": [30], "genome": "r(35,74) r(38,5) r(7,83)", "fitness": 12.0}
{"generation": 9, "position": 63, "parents": [6], "genome": "r(6,79) d(39) r(38,47) r(29,78) d(5) a(32,125) r(37,163) a(36,38) r(36,95) r(32,83)", "fitness": 0.0}
{"generation": 9, "position": 64, "parents": [10, 45], "genome": "d(39) r(36,47) r(38,58) r(37,5) d(32) d(6) r(31,96) d(5) d(29) a(6,90) d(6) a(31,50)", "fitness": 0.0}
{"generation": 9, "position": 65, "parents": [10, 45], "genome": "a(38,128) r(35,73) d(39) r(38,58) a(7,160) d(37)", "fitness": 0.0}
{"generation": 9, "position": 66, "parents": [10], "genome": "d(39) r(36,47) r(38,58) r(37,5) d(32) d(6) r(31,96) d(5) d(29)", "fitness": 0.0}
{"generation": 10, "position": 0, "parents": [41, 0], "genome": "r(35,74) r(38,5) r(36,35) a(32,73) a(29,145) a(37,36) d(5) a(32,36)", "fitness": 0.0}
{"generation": 10, "position": 1, "parents": [41, 0], "genome": "r(35,74) r(39,46) a(38,45) d(38) a(37,104) d(38) a(39,104) d(31) d(39) r(32,96)", "fitness": 0.0}
{"generation": 10, "position": 2, "parents": [41], "genome": "r(35,74) r(38,5) d(39) a(5,35)", "fitness": 0.0}
{"generation": 10, "position": 3, "parents": [0], "genome": "r(35,74) r(39,46) a(38,45) d(38) a(37,104) d(38) a(39,104) d(31) r(36,35) a(32,73) a(29,145) a(37,36) d(5) a(29,91)", "fitness": 0.0}
{"generation": 10, "position": 4, "parents": [23], "genome": "r(35,74) r(6,42) d(38) r(35,73) d(39) r(38,58) a(37,104) d(38) a(39,104) d(31) r(36,35) a(32,73) a(29,145) d(39) a(29,53) a(32,104)", "fitness": 0.0}
{"generation": 10, "position": 5, "parents": [21], "genome": "r(35,74) a(39,36) a(39,36) a(37,61) r(29,32) a(32,93) d(39) r(32,40) d(29) r(36,37) a(37,76) d(5) d(38) d(37)", "fitness": 0.0}
{"generation": 10, "position": 6, "parents": [0, 28], "genome": "r(35,74) r(39,46) d(32) d(38)", "fitness": 0.0}
{"generation": 10, "position": 7, "parents": [0, 28], "genome": "r(6,79) d(39) r(38,47) r(29,78) d(5) d(37) d(35) d(36) a(38,45) d(38) a(37,104) d(38) a(39,104) d(31) r(36,35) a(32,73) a(29,145) a(37,36) d(5) r(32,39)", "fitness": 0.0}
{"generation": 10, "position": 8, "parents": [0], "genome": "r(35,74) r(39,46) a(38,45) d(38) a(37,104) d(38) a(39,104) d(31) r(36,35) a(32,73) a(29,145) a(37,36) d(5) a(29,65)", "fitness": 0.0}
{"generation": 10, "position": 9, "parents": [28], "genome": "r(6,79) d(39) r(38,47) r(29,78) d(5) d(37) d(35) d(36) d(32)", "fitness": 0.0}
{"generation": 10, "position": 10, "parents": [45, 21], "genome": "a(39,60) r(36,47) r(38,42) r(29,32) a(32,93) d(39) r(32,40) d(29) r(36,37) a(37,76) d(5) d(38) d(37)", "fitness": 0.0}
{"generation": 10, "position": 11, "parents": [45, 21], "genome": "r(35,74) a(39,36) a(39,36) a(37,61) a(6,125) a(31,56) d(5) a(38,66)", "fitness": 0.0}
{"generation": 10, "position": 12, "parents": [45], "genome": "a(39,60) r(36,47) r(38,42) a(6,125) a(31,56) d(5) d(39)", "fitness": 0.0}
{"generation": 10, "position": 13, "parents": [21], "genome": "r(35,74) a(39,36) a(39,36) a(37,61) r(29,32) a(32,93) d(39) r(32,40) d(29) r(36,37) a(37,76) d(5) d(38) d(37)", "fitness": 0.0}
{"generation": 10, "position": 14, "parents": [19], "genome": "r(35,74) a(39,36) a(39,36) a(37,61) r(29,32) a(36,90) d(7) d(38)", "fitness": 0.0}
{"generation": 10, "position": 15, "parents": [27], "genome": "a(39,60) r(36,47) r(29,32) a(32,93) d(32) a(39,78) r(38,160)", "fitness": 0.0}
{"generation": 10, "position": 16, "parents": [39], "genome": "r(35,74) r(39,46) a(38,45) r(39,154) r(38,42) a(5,108) a(37,61) r(38,42) a(31,76) a(32,90) d(36) a(29,83)", "fitness": 0.0}
{"generation": 10, "position": 17, "parents": [60], "genome": "r(35,74) r(38,5) d(5) a(32,125) r(37,163) a(36,38) r(36,95) a(29,38) r(32,108)", "fitness": 12.0}
{"generation": 10, "position": 18, "parents": [41, 23], "genome": "r(35,74) a(32,73) a(29,145) d(39) a(29,53) r(32,65)", "fitness": 0.0}
{"generation": 10, "position": 19, "parents": [41, 23], "genome": "r(35,74) r(6,42) d(38) r(35,73) d(39) r(38,58) a(37,104) d(38) a(39,104) d(31) r(36,35) r(38,5) d(39) a(29,163)", "fitness": 0.0}
{"generation": 10, "position": 20, "parents": [41], "genome": "r(35,74) r(38,5) d(39) a(6,60)", "fitness": 0.0}
{"generation": 10, "position": 21, "parents": [23], "genome": "r(35,74) r(6,42) d(38) r(35,73) d(39) r(38,58) a(37,104) d(38) a(39,104) d(31) r(36,35) a(32,73) a(29,145) d(39) a(29,53) d(37)", "fitness": 0.0}
{"generation": 10, "position": 22, "parents": [44], "genome": "a(39,60) r(36,47) r(29,32) a(32,93) d(39) r(32,40) d(29) r(36,37) a(37,76) d(5) d(38) a(37,37) r(37,36)", "fitness": 0.0}
{"generation": 10, "position": 23, "parents": [35], "genome": "a(39,60) r(36,47) r(29,32) d(39) d(32) r(38,83) d(6) r(37,38) a(5,76) a(5,38)", "fitness": 0.0}
{"generation": 10, "position": 24, "parents": [8, 39], "genome": "r(35,74) r(39,46) a(38,45) r(39,154) r(38,42) a(5,108) a(31,154) a(6,56) r(39,154) r(38,42) a(5,108) a(37,61) r(38,42) a(31,76) a(32,90) d(36) d(32)", "fitness": 0.0}
{"generation": 10, "position": 25, "parents": [8, 39], "genome": "r(35,74) r(39,46) a(38,45) r(5,43) d(38)", "fitness": 0.0}
{"generation": 10, "position": 26, "parents": [8], "genome": "r(35,74) r(39,46) a(38,45) r(39,154) r(38,42) a(5,108) a(31,154) a(6,56) r(5,43) r(31,53)", "fitness": 0.0}
{"generation": 10, "position": 27, "parents": [39], "genome": "r(35,74) r(39,46) a(38,45) r(39,154) r(38,42) a(5,108) a(37,61) r(38,42) a(31,76) a(32,90) d(36) a(32,160)", "fitness": 0.0}
{"generation": 10, "position": 28, "parents": [51, 31], "genome": "r(35,74) r(6,42) d(38) r(35,73) d(39) r(38,58) d(5) d(39) d(32) r(5,82) a(37,61) d(39) d(32) d(36) r(38,47) r(29,78) d(5) d(37) d(35) d(36) d(32)", "fitness": 0.0}
{"generation": 10, "position": 29, "parents": [51, 31], "genome": "r(35,74) a(35,145) d(35) r(38,58) r(31,90) a(29,128) r(29,162) r(36,154) r(37,72) r(5,80)", "fitness": 0.0}
{"generation": 10, "position": 30, "parents": [51], "genome": "r(35,74) r(6,42) d(38) r(35,73) d(39) r(38,58) d(5) d(39) r(38,58) r(31,90) a(29,128) r(29,162) r(36,154) r(37,72) a(32,104)", "fitness": 0.0}
{"generation": 10, "position": 31, "parents": [31], "genome": "r(35,74) a(35,145) d(35) d(32) r(5,82) a(37,61) d(39) d(32) d(36) r(38,47) r(29,78) d(5) d(37) d(35) d(36) d(32)", "fitness": 0.0}
{"generation": 10, "position": 32, "parents": [40], "genome": "a(39,60) r(36,47) r(29,32) r(37,60) a(32,83) r(6,47) a(32,104)", "fitness": 0.0}
{"generation": 10, "position": 33, "parents": [15], "genome": "r(35,74) a(39,36) r(31,91) a(39,72) r(38,39) r(36,37) a(37,76) d(5) d(38) a(37,37) d(39) d(29)", "fitness": 0.0}
{"generation": 10, "position": 34, "parents": [23, 33], "genome": "r(35,74) r(6,42) d(38) r(35,73) d(39) r(38,58) a(37,104) d(38) d(32) d(36) r(38,91) r(29,44)", "fitness": 0.0}
{"generation": 10, "position": 35, "parents": [23, 33], "genome": "r(35,74) a(35,145) d(35) d(32) r(5,82) a(37,61) d(39) a(39,104) d(31) r(36,35) a(32,73) a(29,145) d(39) a(29,53) r(38,53)", "fitness": 0.0}
{"generation": 10, "position": 36, "parents": [23], "genome": "r(35,74) r(6,42) d(38) r(35,73) d(39) r(38,58) a(37,104) d(38) a(39,104) d(31) r(36,35) a(32,73) a(29,145) d(39) a(29,53) r(5,38)", "fitness": 0.0}
{"generation": 10, "position": 37, "parents": [33], "genome": "r(35,74) a(35,145) d(35) d(32) r(5,82) a(37,61) d(39) d(32) d(36) r(38,91) a(37,29)", "fitness": 0.0}
{"generation": 10, "position": 38, "parents": [19], "genome": "r(35,74) a(39,36) a(39,36) a(37,61) r(29,32) a(36,90) d(7) d(38)", "fitness": 0.0}
{"generation": 10, "position": 39, "parents": [42], "genome": "a(39,60) r(36,47) r(29,32) a(32,93) d(39) r(32,40) d(29) r(36,37) a(37,76) r(36,47) r(38,42) a(6,125) a(31,56) d(5) a(37,42)", "fitness": 0.0}
{"generation": 10, "position": 40, "parents": [34], "genome": "r(6,79) d(39) r(38,47) r(29,78) d(5) d(37) d(35) d(36) d(32)", "fitness": 0.0}
{"generation": 10, "position": 41, "parents": [19], "genome": "r(35,74) a(39,36) a(39,36) a(37,61) r(29,32) a(36,90) d(7) d(38)", "fitness": 0.0}
{"generation": 10, "position": 42, "parents": [15, 23], "genome": "r(35,74) a(39,36) r(31,91) a(39,72) r(38,39) r(36,37) a(37,76) d(5) d(38) a(37,37) d(39) d(38) r(35,73) d(39) r(38,58) a(37,104) d(38) a(39,104) d(31) r(36,35) a(32,73) a(29,145) d(39) a(29,53) d(37)", "fitness": 0.0}
{"generation": 10, "position": 43, "parents": [15, 23], "genome": "r(35,74) r(6,42) r(39,32)", "fitness": 0.0}
{"generation": 10, "position": 44, "parents": [15], "genome": "r(35,74) a(39,36) r(31,91) a(39,72) r(38,39) r(36,37) a(37,76) d(5) d(38) a(37,37) d(39) a(29,31)", "fitness": 0.0}
{"generation": 10, "position": 45, "parents": [23], "genome": "r(35,74) r(6,42) d(38) r(35,73) d(39) r(38,58) a(37,104) d(38) a(39,104) d(31) r(36,35) a(32,73) a(29,145) d(39) a(29,53) r(32,154)", "fitness": 0.0}
{"generation": 10, "position": 46, "parents": [64, 38], "genome": "d(39) r(36,47) r(38,58) r(6,108) d(5) d(37) d(31) d(29)", "fitness": 0.0}
{"generation": 10, "position": 47, "parents": [64, 38], "genome": "r(35,74) r(39,46) a(38,45) d(38) a(29,48) d(32) r(37,5) d(32) d(6) r(31,96) d(5) d(29) a(6,90) d(6) a(31,50) a(36,78)", "fitness": 0.0}
{"generation": 10, "position": 48, "parents": [64], "genome": "d(39) r(36,47) r(38,58) r(37,5) d(32) d(6) r(31,96) d(5) d(29) a(6,90) d(6) a(31,50)", "fitness": 0.0}
{"generation": 10, "position": 49, "parents": [38], "genome": "r(35,74) r(39,46) a(38,45) d(38) a(29,48) d(32) r(6,108) d(5) d(37) d(31) d(29)", "fitness": 0.0}
{"generation": 10, "position": 50, "parents": [9, 45], "genome": "r(35,74) a(35,145) d(35) d(32) r(5,82) a(39,128) a(38,61) a(6,125) a(31,56) d(5) d(39)", "fitness": 0.0}
{"generation": 10, "position": 51, "parents": [9, 45], "genome": "a(39,60) r(36,47) r(38,42) a(39,124)", "fitness": 0.0}
{"generation": 10, "position": 52, "parents": [9], "genome": "r(35,74) a(35,145) d(35) d(32) r(5,82) a(39,128) a(38,61) a(39,79)", "fitness": 0.0}
{"generation": 10, "position": 53, "parents": [45], "genome": "a(39,60) r(36,47) r(38,42) a(6,125) a(31,56) d(5) a(32,32)", "fitness": 0.0}
{"generation": 10, "position": 54, "parents": [42], "genome": "a(39,60) r(36,47) r(29,32) a(32,93) d(39) r(32,40) d(29) r(36,37) a(37,76) r(36,47) r(38,42) a(6,125) a(31,56) d(5) a(37,37)", "fitness": 0.0}
{"generation": 10, "position": 55, "parents": [58], "genome": "r(35,74) r(39,46) a(38,45) d(38) a(37,104) d(38) a(39,104) d(31) r(36,35) a(32,73) a(29,145) a(37,36) a(32,124) d(5)", "fitness": 0.0}
{"generation": 10, "position": 56, "parents": [11, 14], "genome": "a(38,60) d(39) r(38,35) r(32,40) d(29) r(36,37) a(37,76) d(5) d(39) d(32) r(38,83) a(32,43) r(32,40) d(29) d(39) a(7,79) a(37,133)", "fitness": 0.0}
{"generation": 10, "position": 57, "parents": [11, 14], "genome": "a(39,60) r(36,47) r(29,32) a(32,93) d(39) d(32) d(37) r(7,154)", "fitness": 0.0}
{"generation": 10, "position": 58, "parents": [11], "genome": "a(38,60) d(39) r(38,35) r(32,40) d(29) r(36,37) a(37,76) d(5) d(39) d(32) r(38,83) a(32,43) d(32) d(37)", "fitness": 0.0}
{"generation": 10, "position": 59, "parents": [14], "genome": "a(39,60) r(36,47) r(29,32) a(32,93) d(39) r(32,40) d(29) d(39) a(7,79) r(37,78)", "fitness": 0.0}
{"generation": 10, "position": 60, "parents": [8, 9], "genome": "r(35,74) a(39,128) a(38,61) d(7)", "fitness": 12.0}
{"generation": 10, "position": 61, "parents": [8, 9], "genome": "r(35,74) a(35,145) d(35) d(32) r(5,82) r(39,46) a(38,45) r(39,154) r(38,42) a(5,108) a(31,154) a(6,56) r(5,43) d(29)", "fitness": 0.0}
{"generation": 10, "position": 62, "parents": [8], "genome": "r(35,74) r(39,46) a(38,45) r(39,154) r(38,42) a(5,108) a(31,154) a(6,56) r(5,43) r(32,41)", "fitness": 0.0}