[meta]
{"program": "genprog-3.0", "problem": {"ideal_fitness": "12", "type": "repair", "name": "ultrix-look", "enclosure": {"1": 0, "2": 0, "3": 0, "4": 0, "5": 0, "6": 5, "7": 6, "8": 7, "11": 5, "12": 11, "14": 0, "16": 0, "18": 0, "19": 0, "20": 19, "21": 19, "26": 11, "27": 5, "28": 5, "29": 0, "30": 29, "31": 29, "32": 0, "33": 32, "34": 32, "35": 32, "36": 0, "37": 0, "38": 37, "39": 37, "40": 37, "41": 0, "42": 0, "43": 0, "44": 0, "45": 0, "46": 45, "47": 45, "48": 45, "49": 48, "50": 48, "51": 48, "52": 51, "53": 52, "56": 45, "57": 45, "58": 57, "60": 45, "61": 45, "63": 0, "65": 63, "66": 0, "68": 0, "71": 45, "72": 0, "73": 0, "74": 73, "75": 73, "76": 75, "78": 73, "79": 73, "80": 79, "81": 79, "82": 73, "83": 73, "85": 0, "86": 0, "90": 0, "91": 90, "92": 90, "93": 92, "95": 90, "96": 90, "98": 0, "101": 0, "102": 0, "103": 102, "104": 103, "106": 102, "107": 106, "108": 106, "109": 102, "110": 102, "111": 0, "112": 111, "113": 111, "114": 113, "115": 113, "116": 115, "117": 115, "118": 113, "119": 111, "120": 0, "121": 0, "122": 121, "123": 121, "124": 123, "125": 123, "126": 121, "128": 126, "129": 121, "130": 121, "131": 121, "132": 0, "133": 0, "134": 0, "135": 134, "136": 134, "137": 134, "138": 134, "139": 134, "140": 139, "142": 139, "143": 142, "145": 142, "146": 134, "147": 146, "148": 146, "149": 148, "150": 148, "151": 148, "152": 151, "154": 146, "155": 134, "156": 155, "157": 155, "158": 157, "159": 157, "160": 155, "161": 134, "162": 134, "163": 0}}, "version": "0.0.2", "seed": 33, "algorithm": {"representation": "patch", "type": "genetic", "name": "ALGORITHM-NAME"}}

[data]
{"generation": 0, "position": 0, "parents": [], "genome": "a(39,48)", "fitness": 4.0}
{"generation": 0, "position": 1, "parents": [], "genome": "d(39)", "fitness": 4.0}
{"generation": 0, "position": 2, "parents": [], "genome": "a(38,91)", "fitness": 4.0}
{"generation": 0, "position": 3, "parents": [], "genome": "r(38,31)", "fitness": 4.0}
{"generation": 0, "position": 4, "parents": [], "genome": "r(38,90)", "fitness": 4.0}
{"generation": 0, "position": 5, "parents": [], "genome": "a(38,37)", "fitness": 4.0}
{"generation": 0, "position": 6, "parents": [], "genome": "a(38,91)", "fitness": 4.0}
{"generation": 0, "position": 7, "parents": [], "genome": "a(38,5)", "fitness": 4.0}
{"generation": 0, "position": 8, "parents": [], "genome": "a(38,101)", "fitness": 4.0}
{"generation": 0, "position": 9, "parents": [], "genome": "r(39,61)", "fitness": 4.0}
{"generation": 0, "position": 10, "parents": [], "genome": "r(38,104)", "fitness": 4.0}
{"generation": 0, "position": 11, "parents": [], "genome": "d(39)", "fitness": 4.0}
{"generation": 0, "position": 12, "parents": [], "genome": "d(7)", "fitness": 12.0}
{"generation": 0, "position": 13, "parents": [], "genome": "a(38,29)", "fitness": 4.0}
{"generation": 0, "position": 14, "parents": [], "genome": "d(39)", "fitness": 4.0}
{"generation": 0, "position": 15, "parents": [], "genome": "a(31,73)", "fitness": 0.0}
{"generation": 0, "position": 16, "parents": [], "genome": "d(39)", "fitness": 4.0}
{"generation": 0, "position": 17, "parents": [], "genome": "a(6,41)", "fitness": 4.0}
{"generation": 0, "position": 18, "parents": [], "genome": "r(39,79)", "fitness": 4.0}
{"generation": 0, "position": 19, "parents": [], "genome": "a(39,43)", "fitness": 4.0}
{"generation": 0, "position": 20, "parents": [], "genome": "r(38,56)", "fitness": 4.0}
{"generation": 0, "position": 21, "parents": [], "genome": "d(35)", "fitness": 0.0}
{"generation": 0, "position": 22, "parents": [], "genome": "a(38,50)", "fitness": 4.0}
{"generation": 0, "position": 23, "parents": [], "genome": "r(5,50)", "fitness": 4.0}
{"generation": 0, "position": 24, "parents": [], "genome": "r(38,108)", "fitness": 4.0}
{"generation": 0, "position": 25, "parents": [], "genome": "a(38,37)", "fitness": 4.0}
{"generation": 0, "position": 26, "parents": [], "genome": "a(39,45)", "fitness": 4.0}
{"generation": 0, "position": 27, "parents": [], "genome": "d(39)", "fitness": 4.0}
{"generation": 0, "position": 28, "parents": [], "genome": "d(38)", "fitness": 4.0}
{"generation": 0, "position": 29, "parents": [], "genome": "a(38,74)", "fitness": 4.0}
{"generation": 0, "position": 30, "parents": [], "genome": "r(6,46)", "fitness": 0.0}
{"generation": 0, "position": 31, "parents": [], "genome": "r(39,50)", "fitness": 4.0}
{"generation": 0, "position": 32, "parents": [], "genome": "a(39,56)", "fitness": 4.0}
{"generation": 0, "position": 33, "parents": [], "genome": "r(39,37)", "fitness": 4.0}
{"generation": 0, "position": 34, "parents": [], "genome": "r(38,96)", "fitness": 4.0}
{"generation": 0, "position": 35, "parents": [], "genome": "a(35,53)", "fitness": 4.0}
{"generation": 0, "position": 36, "parents": [], "genome": "a(38,104)", "fitness": 4.0}
{"generation": 0, "position": 37, "parents": [], "genome": "a(39,154)", "fitness": 4.0}
{"generation": 0, "position": 38, "parents": [], "genome": "r(38,72)", "fitness": 4.0}
{"generation": 0, "position": 39, "parents": [], "genome": "original", "fitness": 4.0}
{"generation": 1, "position": 0, "parents": [2, 30], "genome": "a(38,91) r(36,45)", "fitness": 0.0}
{"generation": 1, "position": 1, "parents": [2, 30], "genome": "r(6,46) a(39,49)", "fitness": 0.0}
{"generation": 1, "position": 2, "parents": [2], "genome": "a(38,91) d(7)", "fitness": 12.0}
{"generation": 1, "position": 3, "parents": [30], "genome": "r(6,46) a(31,133)", "fitness": 0.0}
{"generation": 1, "position": 4, "parents": [18], "genome": "r(39,79) a(36,91)", "fitness": 4.0}
{"generation": 1, "position": 5, "parents": [13], "genome": "a(38,29) r(39,38)", "fitness": 4.0}
{"generation": 1, "position": 6, "parents": [23], "genome": "r(5,50) r(32,73)", "fitness": 0.0}
{"generation": 1, "position": 7, "parents": [17], "genome": "a(6,41) a(32,42)", "fitness": 4.0}
{"generation": 1, "position": 8, "parents": [2, 30], "genome": "a(38,91) d(38)", "fitness": 4.0}
{"generation": 1, "position": 9, "parents": [2, 30], "genome": "r(6,46) a(38,93)", "fitness": 0.0}
{"generation": 1, "position": 10, "parents": [2], "genome": "a(38,91) d(37)", "fitness": 4.0}
{"generation": 1, "position": 11, "parents": [30], "genome": "r(6,46) d(38)", "fitness": 0.0}
{"generation": 1, "position": 12, "parents": [25, 17], "genome": "a(38,37) a(37,76)", "fitness": 4.0}
{"generation": 1, "position": 13, "parents": [25, 17], "genome": "a(6,41) a(39,79)", "fitness": 4.0}
{"generation": 1, "position": 14, "parents": [25], "genome": "a(38,37) r(35,36)", "fitness": 0.0}
{"generation": 1, "position": 15, "parents": [17], "genome": "a(6,41) d(6)", "fitness": 0.0}
{"generation": 1, "position": 16, "parents": [26, 17], "genome": "a(39,45) a(38,50)", "fitness": 4.0}
{"generation": 1, "position": 17, "parents": [26, 17], "genome": "a(6,41) a(39,95)", "fitness": 4.0}
{"generation": 1, "position": 18, "parents": [26], "genome": "a(39,45) r(38,72)", "fitness": 4.0}
{"generation": 1, "position": 19, "parents": [17], "genome": "a(6,41) a(36,45)", "fitness": 4.0}
{"generation": 1, "position": 20, "parents": [14, 24], "genome": "d(39) r(7,40)", "fitness": 12.0}
{"generation": 1, "position": 21, "parents": [14, 24], "genome": "r(38,108) d(39)", "fitness": 4.0}
{"generation": 1, "position": 22, "parents": [14], "genome": "d(39) a(38,5)", "fitness": 4.0}
{"generation": 1, "position": 23, "parents": [24], "genome": "r(38,108) r(39,133)", "fitness": 4.0}
{"generation": 1, "position": 24, "parents": [21, 5], "genome": "d(35) a(37,73)", "fitness": 0.0}
{"generation": 1, "position": 25, "parents": [21, 5], "genome": "a(38,37) r(39,83)", "fitness": 4.0}
{"generation": 1, "position": 26, "parents": [21], "genome": "d(35) a(31,29)", "fitness": 0.0}
{"generation": 1, "position": 27, "parents": [5], "genome": "a(38,37) r(39,95)", "fitness": 4.0}
{"generation": 1, "position": 28, "parents": [23, 34], "genome": "r(5,50) r(38,36)", "fitness": 4.0}
{"generation": 1, "position": 29, "parents": [23, 34], "genome": "r(38,96) d(5)", "fitness": 4.0}
{"generation": 1, "position": 30, "parents": [23], "genome": "r(5,50) d(29)", "fitness": 4.0}
{"generation": 1, "position": 31, "parents": [34], "genome": "r(38,96) r(32,44)", "fitness": 0.0}
{"generation": 1, "position": 32, "parents": [32], "genome": "a(39,56) d(37)", "fitness": 4.0}
{"generation": 1, "position": 33, "parents": [15], "genome": "a(31,73) a(38,125)", "fitness": 0.0}
{"generation": 1, "position": 34, "parents": [20], "genome": "r(38,56) r(6,58)", "fitness": 0.0}
{"generation": 1, "position": 35, "parents": [24], "genome": "r(38,108) r(39,162)", "fitness": 4.0}
{"generation": 1, "position": 36, "parents": [0], "genome": "a(39,48) r(39,145)", "fitness": 4.0}
{"generation": 1, "position": 37, "parents": [19], "genome": "a(39,43) r(39,72)", "fitness": 4.0}
{"generation": 1, "position": 38, "parents": [38], "genome": "r(38,72) r(36,53)", "fitness": 0.0}
{"generation": 1, "position": 39, "parents": [28], "genome": "d(38) r(5,96)", "fitness": 4.0}
{"generation": 1, "position": 40, "parents": [17, 11], "genome": "a(6,41) r(5,124)", "fitness": 12.0}
{"generation": 1, "position": 41, "parents": [17, 11], "genome": "d(39) r(38,78)", "fitness": 4.0}
{"generation": 1, "position": 42, "parents": [17], "genome": "a(6,41) r(29,39)", "fitness": 0.0}
{"generation": 1, "position": 43, "parents": [11], "genome": "d(39) a(32,128)", "fitness": 4.0}
{"generation": 1, "position": 44, "parents": [24], "genome": "r(38,108) r(39,163)", "fitness": 4.0}
{"generation": 1, "position": 45, "parents": [19], "genome": "a(39,43) a(38,45)", "fitness": 4.0}
{"generation": 1, "position": 46, "parents": [18], "genome": "r(39,79) d(38)", "fitness": 4.0}
{"generation": 1, "position": 47, "parents": [13], "genome": "a(38,29) r(39,50)", "fitness": 4.0}
{"generation": 1, "position": 48, "parents": [24, 39], "genome": "r(38,108) a(39,101)", "fitness": 4.0}
{"generation": 1, "position": 49, "parents": [24, 39], "genome": "d(35)", "fitness": 0.0}
{"generation": 1, "position": 50, "parents": [24], "genome": "r(38,108) r(39,36)", "fitness": 4.0}
{"generation": 1, "position": 51, "parents": [39], "genome": "a(7,46)", "fitness": 4.0}
{"generation": 1, "position": 52, "parents": [11], "genome": "d(39) a(38,160)", "fitness": 4.0}
{"generation": 1, "position": 53, "parents": [33], "genome": "r(39,37) d(36)", "fitness": 0.0}
{"generation": 1, "position": 54, "parents": [16, 21], "genome": "d(39) r(7,82)", "fitness": 12.0}
{"generation": 1, "position": 55, "parents": [16, 21], "genome": "d(35) a(39,5)", "fitness": 0.0}
{"generation": 1, "position": 56, "parents": [16], "genome": "d(39) r(38,44)", "fitness": 4.0}
{"generation": 1, "position": 57, "parents": [21], "genome": "d(35) a(39,65)", "fitness": 0.0}
{"generation": 1, "position": 58, "parents": [8, 26], "genome": "a(38,101) d(37)", "fitness": 4.0}
{"generation": 1, "position": 59, "parents": [8, 26], "genome": "a(39,45) r(38,82)", "fitness": 4.0}
{"generation": 1, "position": 60, "parents": [8], "genome": "a(38,101) a(38,58)", "fitness": 4.0}
{"generation": 2, "position": 0, "parents": [41, 57], "genome": "d(39) r(38,78) a(37,48)", "fitness": 4.0}
{"generation": 2, "position": 1, "parents": [41, 57], "genome": "d(35) a(39,65) a(36,73)", "fitness": 0.0}
{"generation": 2, "position": 2, "parents": [41], "genome": "d(39) r(38,78) r(29,47)", "fitness": 0.0}
{"generation": 2, "position": 3, "parents": [57], "genome": "d(35) a(39,65) d(36)", "fitness": 0.0}
{"generation": 2, "position": 4, "parents": [42], "genome": "a(6,41) r(29,39) a(36,83)", "fitness": 0.0}
{"generation": 2, "position": 5, "parents": [24], "genome": "d(35) a(37,73) r(32,104)", "fitness": 0.0}
{"generation": 2, "position": 6, "parents": [1, 3], "genome": "r(6,46) a(38,96)", "fitness": 0.0}
{"generation": 2, "position": 7, "parents": [1, 3], "genome": "r(6,46) a(31,133) a(39,49) r(39,31)", "fitness": 0.0}
{"generation": 2, "position": 8, "parents": [1], "genome": "r(6,46) a(39,49) d(38)", "fitness": 0.0}
{"generation": 2, "position": 9, "parents": [3], "genome": "r(6,46) a(31,133) a(39,145)", "fitness": 0.0}
{"generation": 2, "position": 10, "parents": [34], "genome": "r(38,56) r(6,58) r(39,91)", "fitness": 0.0}
{"generation": 2, "position": 11, "parents": [44], "genome": "r(38,108) r(39,163) r(29,76)", "fitness": 4.0}
{"generation": 2, "position": 12, "parents": [7], "genome": "a(6,41) a(32,42) r(38,32)", "fitness": 4.0}
{"generation": 2, "position": 13, "parents": [59], "genome": "a(39,45) r(38,82) a(39,56)", "fitness": 4.0}
{"generation": 2, "position": 14, "parents": [14], "genome": "a(38,37) r(35,36) a(32,38)", "fitness": 0.0}
{"generation": 2, "position": 15, "parents": [28], "genome": "r(5,50) r(38,36) a(39,38)", "fitness": 4.0}
{"generation": 2, "position": 16, "parents": [42, 53], "genome": "a(6,41) a(38,31)", "fitness": 4.0}
{"generation": 2, "position": 17, "parents": [42, 53], "genome": "r(39,37) d(36) r(29,39) d(38)", "fitness": 0.0}
{"generation": 2, "position": 18, "parents": [42], "genome": "a(6,41) r(29,39) r(38,90)", "fitness": 0.0}
{"generation": 2, "position": 19, "parents": [53], "genome": "r(39,37) d(36) a(7,90)", "fitness": 0.0}
{"generation": 2, "position": 20, "parents": [38, 6], "genome": "r(38,72) r(36,53) r(32,73) d(39)", "fitness": 0.0}
{"generation": 2, "position": 21, "parents": [38, 6], "genome": "r(5,50) r(32,60)", "fitness": 0.0}
{"generation": 2, "position": 22, "parents": [38], "genome": "r(38,72) r(36,53) d(39)", "fitness": 0.0}
{"generation": 2, "position": 23, "parents": [6], "genome": "r(5,50) r(32,73) d(37)", "fitness": 0.0}
{"generation": 2, "position": 24, "parents": [28], "genome": "r(5,50) r(38,36) d(39)", "fitness": 4.0}
{"generation": 2, "position": 25, "parents": [21], "genome": "r(38,108) d(39) r(31,72)", "fitness": 0.0}
{"generation": 2, "position": 26, "parents": [46], "genome": "r(39,79) d(38) a(6,56)", "fitness": 4.0}
{"generation": 2, "position": 27, "parents": [42], "genome": "a(6,41) r(29,39) d(39)", "fitness": 0.0}
{"generation": 2, "position": 28, "parents": [57], "genome": "d(35) a(39,65) r(38,83)", "fitness": 0.0}
{"generation": 2, "position": 29, "parents": [12], "genome": "a(38,37) a(37,76) r(39,78)", "fitness": 4.0}
{"generation": 2, "position": 30, "parents": [7, 30], "genome": "a(6,41) d(29) a(6,45)", "fitness": 4.0}
{"generation": 2, "position": 31, "parents": [7, 30], "genome": "r(5,50) a(32,42) d(39)", "fitness": 4.0}
{"generation": 2, "position": 32, "parents": [7], "genome": "a(6,41) a(32,42) d(38)", "fitness": 4.0}
{"generation": 2, "position": 33, "parents": [30], "genome": "r(5,50) d(29) r(38,76)", "fitness": 4.0}
{"generation": 2, "position": 34, "parents": [48, 6], "genome": "r(38,108) a(39,101) r(32,73) r(29,95)", "fitness": 0.0}
{"generation": 2, "position": 35, "parents": [48, 6], "genome": "r(5,50) r(35,101)", "fitness": 12.0}
{"generation": 2, "position": 36, "parents": [48], "genome": "r(38,108) a(39,101) r(39,133)", "fitness": 4.0}
{"generation": 2, "position": 37, "parents": [6], "genome": "r(5,50) r(32,73) d(39)", "fitness": 0.0}
{"generation": 2, "position": 38, "parents": [7], "genome": "a(6,41) a(32,42) d(39)", "fitness": 4.0}
{"generation": 2, "position": 39, "parents": [50], "genome": "r(38,108) r(39,36) d(5)", "fitness": 4.0}
{"generation": 2, "position": 40, "parents": [22, 12], "genome": "d(39) r(6,56)", "fitness": 0.0}
{"generation": 2, "position": 41, "parents": [22, 12], "genome": "a(38,37) a(37,76) a(38,5) a(38,101)", "fitness": 4.0}
{"generation": 2, "position": 42, "parents": [22], "genome": "d(39) a(38,5) a(37,104)", "fitness": 4.0}
{"generation": 2, "position": 43, "parents": [12], "genome": "a(38,37) a(37,76) r(39,61)", "fitness": 4.0}
{"generation": 2, "position": 44, "parents": [61], "genome": "a(39,45) d(32) d(29)", "fitness": 0.0}
{"generation": 2, "position": 45, "parents": [19], "genome": "a(6,41) a(36,45) r(39,61)", "fitness": 4.0}
{"generation": 2, "position": 46, "parents": [57, 42], "genome": "d(35) a(39,65) r(38,160)", "fitness": 0.0}
{"generation": 2, "position": 47, "parents": [57, 42], "genome": "a(6,41) r(29,39) r(39,61)", "fitness": 0.0}
{"generation": 2, "position": 48, "parents": [57], "genome": "d(35) a(39,65) r(38,42)", "fitness": 0.0}
{"generation": 2, "position": 49, "parents": [42], "genome": "a(6,41) r(29,39) r(5,66)", "fitness": 0.0}
{"generation": 2, "position": 50, "parents": [43, 12], "genome": "d(39) a(37,93)", "fitness": 4.0}
{"generation": 2, "position": 51, "parents": [43, 12], "genome": "a(38,37) a(37,76) a(32,128) d(7)", "fitness": 12.0}
{"generation": 2, "position": 52, "parents": [43], "genome": "d(39) a(32,128) r(38,35)", "fitness": 4.0}
{"generation": 2, "position": 53, "parents": [12], "genome": "a(38,37) a(37,76) r(38,42)", "fitness": 4.0}
{"generation": 2, "position": 54, "parents": [61, 31], "genome": "a(39,45) r(32,44) d(39)", "fitness": 0.0}
{"generation": 2, "position": 55, "parents": [61, 31], "genome": "r(38,96) d(32) a(39,5)", "fitness": 0.0}
{"generation": 2, "position": 56, "parents": [61], "genome": "a(39,45) d(32) r(38,96)", "fitness": 0.0}
{"generation": 2, "position": 57, "parents": [31], "genome": "r(38,96) r(32,44) d(39)", "fitness": 0.0}
{"generation": 2, "position": 58, "parents": [45, 46], "genome": "a(39,43) a(38,45) d(38) d(39)", "fitness": 4.0}
{"generation": 2, "position": 59, "parents": [45, 46], "genome": "r(39,79) r(36,74)", "fitness": 0.0}
{"generation": 2, "position": 60, "parents": [45], "genome": "a(39,43) a(38,45) r(39,91)", "fitness": 4.0}
{"generation": 3, "position": 0, "parents": [23], "genome": "r(5,50) r(32,73) d(37) a(29,5)", "fitness": 0.0}
{"generation": 3, "position": 1, "parents": [47], "genome": "a(6,41) r(29,39) r(39,61) d(38)", "fitness": 0.0}
{"generation": 3, "position": 2, "parents": [28], "genome": "d(35) a(39,65) r(38,83) a(39,56)", "fitness": 0.0}
{"generation": 3, "position": 3, "parents": [38], "genome": "a(6,41) a(32,42) d(39) d(38)", "fitness": 4.0}
{"generation": 3, "position": 4, "parents": [59], "genome": "r(39,79) r(36,74) d(7)", "fitness": 12.0}
{"generation": 3, "position": 5, "parents": [30], "genome": "a(6,41) d(29) a(6,45) d(39)", "fitness": 4.0}
{"generation": 3, "position": 6, "parents": [50, 54], "genome": "d(39) a(37,93) a(36,61)", "fitness": 4.0}
{"generation": 3, "position": 7, "parents": [50, 54], "genome": "a(39,45) r(32,44) d(39) a(38,45)", "fitness": 0.0}
{"generation": 3, "position": 8, "parents": [50], "genome": "d(39) a(37,93) d(38)", "fitness": 4.0}
{"generation": 3, "position": 9, "parents": [54], "genome": "a(39,45) r(32,44) d(39) r(7,160)", "fitness": 12.0}
{"generation": 3, "position": 10, "parents": [36, 8], "genome": "r(38,108) a(39,101) a(39,49) d(38) d(39)", "fitness": 4.0}
{"generation": 3, "position": 11, "parents": [36, 8], "genome": "r(6,46) r(39,133) a(36,49)", "fitness": 0.0}
{"generation": 3, "position": 12, "parents": [36], "genome": "r(38,108) a(39,101) r(39,133) d(37)", "fitness": 4.0}
{"generation": 3, "position": 13, "parents": [8], "genome": "r(6,46) a(39,49) d(38) r(36,124)", "fitness": 0.0}
{"generation": 3, "position": 14, "parents": [41, 10], "genome": "a(38,37) r(6,58) r(39,91) a(32,50)", "fitness": 0.0}
{"generation": 3, "position": 15, "parents": [41, 10], "genome": "r(38,56) a(37,76) a(38,5) a(38,101) d(7)", "fitness": 12.0}
{"generation": 3, "position": 16, "parents": [41], "genome": "a(38,37) a(37,76) a(38,5) a(38,101) r(38,72)", "fitness": 4.0}
{"generation": 3, "position": 17, "parents": [10], "genome": "r(38,56) r(6,58) r(39,91) r(32,76)", "fitness": 0.0}
{"generation": 3, "position": 18, "parents": [23], "genome": "r(5,50) r(32,73) d(37) a(31,79)", "fitness": 0.0}
{"generation": 3, "position": 19, "parents": [9], "genome": "r(6,46) a(31,133) a(39,145) d(37)", "fitness": 0.0}
{"generation": 3, "position": 20, "parents": [19, 19], "genome": "r(39,37) d(36) a(7,90) r(29,160)", "fitness": 0.0}
{"generation": 3, "position": 21, "parents": [19, 19], "genome": "r(39,37) d(36) a(7,90) a(38,46)", "fitness": 0.0}
{"generation": 3, "position": 22, "parents": [19], "genome": "r(39,37) d(36) a(7,90) d(38)", "fitness": 0.0}
{"generation": 3, "position": 23, "parents": [19], "genome": "r(39,37) d(36) a(7,90) d(38)", "fitness": 0.0}
{"generation": 3, "position": 24, "parents": [46, 22], "genome": "d(35) a(39,65) r(39,82)", "fitness": 0.0}
{"generation": 3, "position": 25, "parents": [46, 22], "genome": "r(38,72) r(36,53) d(39) r(38,160) a(29,91)", "fitness": 0.0}
{"generation": 3, "position": 26, "parents": [46], "genome": "d(35) a(39,65) r(38,160) a(39,46)", "fitness": 0.0}
{"generation": 3, "position": 27, "parents": [22], "genome": "r(38,72) r(36,53) d(39) r(31,32)", "fitness": 0.0}
{"generation": 3, "position": 28, "parents": [56], "genome": "a(39,45) d(32) r(38,96) r(37,40)", "fitness": 0.0}
{"generation": 3, "position": 29, "parents": [59], "genome": "r(39,79) r(36,74) r(38,72)", "fitness": 0.0}
{"generation": 3, "position": 30, "parents": [46], "genome": "d(35) a(39,65) r(38,160) d(39)", "fitness": 0.0}
{"generation": 3, "position": 31, "parents": [59], "genome": "r(39,79) r(36,74) d(32)", "fitness": 0.0}
{"generation": 3, "position": 32, "parents": [9], "genome": "r(6,46) a(31,133) a(39,145) a(39,154)", "fitness": 0.0}
{"generation": 3, "position": 33, "parents": [22], "genome": "r(38,72) r(36,53) d(39) a(32,82)", "fitness": 0.0}
{"generation": 3, "position": 34, "parents": [49, 1], "genome": "a(6,41) r(29,39) r(5,66) a(39,65) a(36,73) a(38,53)", "fitness": 0.0}
{"generation": 3, "position": 35, "parents": [49, 1], "genome": "d(35) d(39)", "fitness": 0.0}
{"generation": 3, "position": 36, "parents": [49], "genome": "a(6,41) r(29,39) r(5,66) r(38,29)", "fitness": 0.0}
{"generation": 3, "position": 37, "parents": [1], "genome": "d(35) a(39,65) a(36,73) a(39,101)", "fitness": 0.0}
{"generation": 3, "position": 38, "parents": [32, 1], "genome": "a(6,41) a(32,42) a(39,65) a(36,73) r(38,162)", "fitness": 4.0}
{"generation": 3, "position": 39, "parents": [32, 1], "genome": "d(35) d(38) d(39)", "fitness": 0.0}
{"generation": 3, "position": 40, "parents": [32], "genome": "a(6,41) a(32,42) d(38) a(39,49)", "fitness": 4.0}
{"generation": 3, "position": 41, "parents": [1], "genome": "d(35) a(39,65) a(36,73) a(39,45)", "fitness": 0.0}
{"generation": 3, "position": 42, "parents": [54], "genome": "a(39,45) r(32,44) d(39) r(38,46)", "fitness": 0.0}
{"generation": 3, "position": 43, "parents": [9], "genome": "r(6,46) a(31,133) a(39,145) d(29)", "fitness": 0.0}
{"generation": 3, "position": 44, "parents": [49], "genome": "a(6,41) r(29,39) r(5,66) r(38,74)", "fitness": 0.0}
{"generation": 3, "position": 45, "parents": [1], "genome": "d(35) a(39,65) a(36,73) d(36)", "fitness": 0.0}
{"generation": 3, "position": 46, "parents": [45], "genome": "a(6,41) a(36,45) r(39,61) d(37)", "fitness": 4.0}
{"generation": 3, "position": 47, "parents": [2], "genome": "d(39) r(38,78) r(29,47) r(5,36)", "fitness": 0.0}
{"generation": 3, "position": 48, "parents": [20], "genome": "r(38,72) r(36,53) r(32,73) d(39) a(7,39)", "fitness": 0.0}
{"generation": 3, "position": 49, "parents": [8], "genome": "r(6,46) a(39,49) d(38) a(39,78)", "fitness": 0.0}
{"generation": 3, "position": 50, "parents": [30, 48], "genome": "a(6,41) d(29) a(39,42)", "fitness": 4.0}
{"generation": 3, "position": 51, "parents": [30, 48], "genome": "d(35) a(39,65) r(38,42) a(6,45) r(39,95)", "fitness": 0.0}
{"generation": 3, "position": 52, "parents": [30], "genome": "a(6,41) d(29) a(6,45) r(38,5)", "fitness": 4.0}
{"generation": 3, "position": 53, "parents": [48], "genome": "d(35) a(39,65) r(38,42) a(39,162)", "fitness": 0.0}
{"generation": 3, "position": 54, "parents": [28, 1], "genome": "d(35) a(39,65) r(38,83) a(36,73) r(39,61)", "fitness": 0.0}
{"generation": 3, "position": 55, "parents": [28, 1], "genome": "d(35) a(39,65) d(39)", "fitness": 0.0}
{"generation": 3, "position": 56, "parents": [28], "genome": "d(35) a(39,65) r(38,83) r(36,47)", "fitness": 0.0}
{"generation": 4, "position": 0, "parents": [54], "genome": "d(35) a(39,65) r(38,83) a(36,73) r(39,61) a(5,74)", "fitness": 0.0}
{"generation": 4, "position": 1, "parents": [42], "genome": "a(39,45) r(32,44) d(39) r(38,46) a(7,40)", "fitness": 0.0}
{"generation": 4, "position": 2, "parents": [43, 56], "genome": "r(6,46) r(36,47) a(39,91)", "fitness": 0.0}
{"generation": 4, "position": 3, "parents": [43, 56], "genome": "d(35) a(39,65) r(38,83) a(31,133) a(39,145) d(29) r(6,76)", "fitness": 0.0}
{"generation": 4, "position": 4, "parents": [43], "genome": "r(6,46) a(31,133) a(39,145) d(29) r(32,108)", "fitness": 0.0}
{"generation": 4, "position": 5, "parents": [56], "genome": "d(35) a(39,65) r(38,83) r(36,47) a(39,79)", "fitness": 0.0}
{"generation": 4, "position": 6, "parents": [56], "genome": "d(35) a(39,65) r(38,83) r(36,47) r(39,43)", "fitness": 0.0}
{"generation": 4, "position": 7, "parents": [0], "genome": "r(5,50) r(32,73) d(37) a(29,5) a(29,160)", "fitness": 0.0}
{"generation": 4, "position": 8, "parents": [27, 2], "genome": "r(38,72) r(36,53) d(39) r(38,83) a(39,56) a(37,35)", "fitness": 0.0}
{"generation": 4, "position": 9, "parents": [27, 2], "genome": "d(35) a(39,65) r(31,32) r(39,108)", "fitness": 4.0}
{"generation": 4, "position": 10, "parents": [27], "genome": "r(38,72) r(36,53) d(39) r(31,32) a(37,29)", "fitness": 0.0}
{"generation": 4, "position": 11, "parents": [2], "genome": "d(35) a(39,65) r(38,83) a(39,56) r(7,5)", "fitness": 12.0}
{"generation": 4, "position": 12, "parents": [49], "genome": "r(6,46) a(39,49) d(38) a(39,78) r(29,124)", "fitness": 0.0}
{"generation": 4, "position": 13, "parents": [18], "genome": "r(5,50) r(32,73) d(37) a(31,79) a(29,66)", "fitness": 0.0}
{"generation": 4, "position": 14, "parents": [5, 53], "genome": "a(6,41) a(39,162) r(38,76)", "fitness": 4.0}
{"generation": 4, "position": 15, "parents": [5, 53], "genome": "d(35) a(39,65) r(38,42) d(29) a(6,45) d(39) a(32,125)", "fitness": 0.0}
{"generation": 4, "position": 16, "parents": [5], "genome": "a(6,41) d(29) a(6,45) d(39) a(38,53)", "fitness": 4.0}
{"generation": 4, "position": 17, "parents": [53], "genome": "d(35) a(39,65) r(38,42) a(39,162) a(39,78)", "fitness": 0.0}
{"generation": 4, "position": 18, "parents": [1, 30], "genome": "a(6,41) d(37)", "fitness": 4.0}
{"generation": 4, "position": 19, "parents": [1, 30], "genome": "d(35) a(39,65) r(38,160) d(39) r(29,39) r(39,61) d(38) a(7,80)", "fitness": 0.0}
{"generation": 4, "position": 20, "parents": [1], "genome": "a(6,41) r(29,39) r(39,61) d(38) d(32)", "fitness": 0.0}
{"generation": 4, "position": 21, "parents": [30], "genome": "d(35) a(39,65) r(38,160) d(39) r(36,47)", "fitness": 0.0}
{"generation": 4, "position": 22, "parents": [43, 26], "genome": "r(6,46) r(38,160) a(39,46) a(39,96)", "fitness": 0.0}
{"generation": 4, "position": 23, "parents": [43, 26], "genome": "d(35) a(39,65) a(31,133) a(39,145) d(29) d(36)", "fitness": 0.0}
{"generation": 4, "position": 24, "parents": [43], "genome": "r(6,46) a(31,133) a(39,145) d(29) d(5)", "fitness": 4.0}
{"generation": 4, "position": 25, "parents": [26], "genome": "d(35) a(39,65) r(38,160) a(39,46) r(39,73)", "fitness": 0.0}
{"generation": 4, "position": 26, "parents": [21], "genome": "r(39,37) d(36) a(7,90) a(38,46) d(38)", "fitness": 0.0}
{"generation": 4, "position": 27, "parents": [42], "genome": "a(39,45) r(32,44) d(39) r(38,46) d(37)", "fitness": 0.0}
{"generation": 4, "position": 28, "parents": [11, 28], "genome": "r(6,46) r(39,133) r(37,40) r(29,43)", "fitness": 0.0}
{"generation": 4, "position": 29, "parents": [11, 28], "genome": "a(39,45) d(32) r(38,96) a(36,49) r(39,76)", "fitness": 0.0}
{"generation": 4, "position": 30, "parents": [11], "genome": "r(6,46) r(39,133) a(36,49) r(38,76)", "fitness": 0.0}
{"generation": 4, "position": 31, "parents": [28], "genome": "a(39,45) d(32) r(38,96) r(37,40) a(36,50)", "fitness": 0.0}
{"generation": 4, "position": 32, "parents": [43], "genome": "r(6,46) a(31,133) a(39,145) d(29) a(38,76)", "fitness": 0.0}
{"generation": 4, "position": 33, "parents": [17], "genome": "r(38,56) r(6,58) r(39,91) r(32,76) d(29)", "fitness": 0.0}
{"generation": 4, "position": 34, "parents": [1, 51], "genome": "a(6,41) r(29,39) a(38,160)", "fitness": 0.0}
{"generation": 4, "position": 35, "parents": [1, 51], "genome": "d(35) a(39,65) r(38,42) a(6,45) r(39,95) r(39,61) d(38) r(5,60)", "fitness": 0.0}
{"generation": 4, "position": 36, "parents": [1], "genome": "a(6,41) r(29,39) r(39,61) d(38) r(7,79)", "fitness": 0.0}
{"generation": 4, "position": 37, "parents": [51], "genome": "d(35) a(39,65) r(38,42) a(6,45) r(39,95) r(31,78)", "fitness": 0.0}
{"generation": 4, "position": 38, "parents": [27], "genome": "r(38,72) r(36,53) d(39) r(31,32) d(35)", "fitness": 0.0}
{"generation": 4, "position": 39, "parents": [42], "genome": "a(39,45) r(32,44) d(39) r(38,46) r(31,36)", "fitness": 0.0}
{"generation": 4, "position": 40, "parents": [49], "genome": "r(6,46) a(39,49) d(38) a(39,78) a(32,53)", "fitness": 0.0}
{"generation": 4, "position": 41, "parents": [0], "genome": "r(5,50) r(32,73) d(37) a(29,5) a(36,125)", "fitness": 0.0}
{"generation": 4, "position": 42, "parents": [27], "genome": "r(38,72) r(36,53) d(39) r(31,32) r(32,96)", "fitness": 0.0}
{"generation": 4, "position": 43, "parents": [19], "genome": "r(6,46) a(31,133) a(39,145) d(37) a(29,133)", "fitness": 0.0}
{"generation": 4, "position": 44, "parents": [47], "genome": "d(39) r(38,78) r(29,47) r(5,36) r(37,91)", "fitness": 0.0}
{"generation": 4, "position": 45, "parents": [8], "genome": "d(39) a(37,93) d(38) r(32,82)", "fitness": 0.0}
{"generation": 4, "position": 46, "parents": [22], "genome": "r(39,37) d(36) a(7,90) d(38) d(31)", "fitness": 0.0}
{"generation": 4, "position": 47, "parents": [26], "genome": "d(35) a(39,65) r(38,160) a(39,46) r(39,40)", "fitness": 0.0}
{"generation": 4, "position": 48, "parents": [37], "genome": "d(35) a(39,65) a(36,73) a(39,101) r(39,72)", "fitness": 0.0}
{"generation": 4, "position": 49, "parents": [32], "genome": "r(6,46) a(31,133) a(39,145) a(39,154) d(32)", "fitness": 0.0}
{"generation": 4, "position": 50, "parents": [1, 11], "genome": "a(6,41) r(29,39) r(39,61) d(38) r(7,56)", "fitness": 0.0}
{"generation": 4, "position": 51, "parents": [1, 11], "genome": "r(6,46) r(39,133) a(36,49) d(38)", "fitness": 0.0}
{"generation": 4, "position": 52, "parents": [1], "genome": "a(6,41) r(29,39) r(39,61) d(38) r(35,78)", "fitness": 0.0}
{"generation": 4, "position": 53, "parents": [11], "genome": "r(6,46) r(39,133) a(36,49) r(36,82)", "fitness": 0.0}
{"generation": 4, "position": 54, "parents": [2], "genome": "d(35) a(39,65) r(38,83) a(39,56) a(5,145)", "fitness": 0.0}
{"generation": 5, "position": 0, "parents": [25, 20], "genome": "d(35) r(39,61) d(38) d(32) r(37,78)", "fitness": 0.0}
{"generation": 5, "position": 1, "parents": [25, 20], "genome": "a(6,41) r(29,39) a(39,65) r(38,160) a(39,46) r(39,73) d(32)", "fitness": 0.0}
{"generation": 5, "position": 2, "parents": [25], "genome": "d(35) a(39,65) r(38,160) a(39,46) r(39,73) a(7,45)", "fitness": 0.0}
{"generation": 5, "position": 3, "parents": [20], "genome": "a(6,41) r(29,39) r(39,61) d(38) d(32) a(7,5)", "fitness": 0.0}
{"generation": 5, "position": 4, "parents": [1], "genome": "a(39,45) r(32,44) d(39) r(38,46) a(7,40) a(37,95)", "fitness": 0.0}
{"generation": 5, "position": 5, "parents": [15], "genome": "d(35) a(39,65) r(38,42) d(29) a(6,45) d(39) a(32,125) d(6)", "fitness": 0.0}
{"generation": 5, "position": 6, "parents": [19, 27], "genome": "d(35) a(39,65) r(38,160) d(39) r(29,39) d(5)", "fitness": 0.0}
{"generation": 5, "position": 7, "parents": [19, 27], "genome": "a(39,45) r(32,44) d(39) r(38,46) d(37) r(39,61) d(38) a(7,80) r(29,79)", "fitness": 0.0}
{"generation": 5, "position": 8, "parents": [19], "genome": "d(35) a(39,65) r(38,160) d(39) r(29,39) r(39,61) d(38) a(7,80) r(7,154)", "fitness": 0.0}
{"generation": 5, "position": 9, "parents": [27], "genome": "a(39,45) r(32,44) d(39) r(38,46) d(37) d(6)", "fitness": 0.0}
{"generation": 5, "position": 10, "parents": [43], "genome": "r(6,46) a(31,133) a(39,145) d(37) a(29,133) d(35)", "fitness": 0.0}
{"generation": 5, "position": 11, "parents": [51], "genome": "r(6,46) r(39,133) a(36,49) d(38) r(36,48)", "fitness": 0.0}
{"generation": 5, "position": 12, "parents": [6, 27], "genome": "d(35) a(39,65) r(38,83) r(36,47) r(39,128)", "fitness": 0.0}
{"generation": 5, "position": 13, "parents": [6, 27], "genome": "a(39,45) r(32,44) d(39) r(38,46) d(37) r(39,43) a(6,72)", "fitness": 0.0}
{"generation": 5, "position": 14, "parents": [6], "genome": "d(35) a(39,65) r(38,83) r(36,47) r(39,43) r(31,32)", "fitness": 0.0}
{"generation": 5, "position": 15, "parents": [27], "genome": "a(39,45) r(32,44) d(39) r(38,46) d(37) d(7)", "fitness": 12.0}
{"generation": 5, "position": 16, "parents": [29], "genome": "a(39,45) d(32) r(38,96) a(36,49) r(39,76) a(37,38)", "fitness": 0.0}
{"generation": 5, "position": 17, "parents": [36], "genome": "a(6,41) r(29,39) r(39,61) d(38) r(7,79) a(32,72)", "fitness": 0.0}
{"generation": 5, "position": 18, "parents": [35, 0], "genome": "d(35) a(39,65) r(38,42) a(6,45) r(39,95) r(39,61) r(38,83) a(36,73) r(39,61) a(5,74) r(32,60)", "fitness": 0.0}
{"generation": 5, "position": 19, "parents": [35, 0], "genome": "d(35) a(39,65) d(38) r(5,60) a(29,61)", "fitness": 0.0}
{"generation": 5, "position": 20, "parents": [35], "genome": "d(35) a(39,65) r(38,42) a(6,45) r(39,95) r(39,61) d(38) r(5,60) a(29,44)", "fitness": 0.0}
{"generation": 5, "position": 21, "parents": [0], "genome": "d(35) a(39,65) r(38,83) a(36,73) r(39,61) a(5,74) d(5)", "fitness": 0.0}
{"generation": 5, "position": 22, "parents": [31, 33], "genome": "a(39,45) r(32,76) d(29) r(6,80)", "fitness": 0.0}
{"generation": 5, "position": 23, "parents": [31, 33], "genome": "r(38,56) r(6,58) r(39,91) d(32) r(38,96) r(37,40) a(36,50) d(31)", "fitness": 0.0}
{"generation": 5, "position": 24, "parents": [31], "genome": "a(39,45) d(32) r(38,96) r(37,40) a(36,50) r(29,162)", "fitness": 0.0}
{"generation": 5, "position": 25, "parents": [33], "genome": "r(38,56) r(6,58) r(39,91) r(32,76) d(29) a(5,91)", "fitness": 0.0}
{"generation": 5, "position": 26, "parents": [2], "genome": "r(6,46) r(36,47) a(39,91) d(29)", "fitness": 0.0}
{"generation": 5, "position": 27, "parents": [34], "genome": "a(6,41) r(29,39) a(38,160) d(35)", "fitness": 0.0}
{"generation": 5, "position": 28, "parents": [7], "genome": "r(5,50) r(32,73) d(37) a(29,5) a(29,160) r(36,78)", "fitness": 0.0}
{"generation": 5, "position": 29, "parents": [15], "genome": "d(35) a(39,65) r(38,42) d(29) a(6,45) d(39) a(32,125) d(32)", "fitness": 0.0}
{"generation": 5, "position": 30, "parents": [28], "genome": "r(6,46) r(39,133) r(37,40) r(29,43) d(32)", "fitness": 0.0}
{"generation": 5, "position": 31, "parents": [5], "genome": "d(35) a(39,65) r(38,83) r(36,47) a(39,79) a(39,29)", "fitness": 0.0}
{"generation": 5, "position": 32, "parents": [29], "genome": "a(39,45) d(32) r(38,96) a(36,49) r(39,76) d(36)", "fitness": 0.0}
{"generation": 5, "position": 33, "parents": [27], "genome": "a(39,45) r(32,44) d(39) r(38,46) d(37) r(5,91)", "fitness": 0.0}
{"generation": 5, "position": 34, "parents": [29, 10], "genome": "a(39,45) d(32) r(38,96) a(36,49) d(39) r(31,32) a(37,29) d(6)", "fitness": 0.0}
{"generation": 5, "position": 35, "parents": [29, 10], "genome": "r(38,72) r(36,53) r(39,76) d(32)", "fitness": 0.0}
{"generation": 5, "position": 36, "parents": [29], "genome": "a(39,45) d(32) r(38,96) a(36,49) r(39,76) r(7,60)", "fitness": 12.0}
{"generation": 5, "position": 37, "parents": [10], "genome": "r(38,72) r(36,53) d(39) r(31,32) a(37,29) a(7,104)", "fitness": 0.0}
{"generation": 5, "position": 38, "parents": [10], "genome": "r(38,72) r(36,53) d(39) r(31,32) a(37,29) r(35,53)", "fitness": 0.0}
{"generation": 5, "position": 39, "parents": [20], "genome": "a(6,41) r(29,39) r(39,61) d(38) d(32) d(5)", "fitness": 0.0}
{"generation": 5, "position": 40, "parents": [3], "genome": "d(35) a(39,65) r(38,83) a(31,133) a(39,145) d(29) r(6,76) r(39,32)", "fitness": 0.0}
{"generation": 5, "position": 41, "parents": [26], "genome": "r(39,37) d(36) a(7,90) a(38,46) d(38) a(37,65)", "fitness": 0.0}
{"generation": 5, "position": 42, "parents": [12], "genome": "r(6,46) a(39,49) d(38) a(39,78) r(29,124) r(36,41)", "fitness": 0.0}
{"generation": 5, "position": 43, "parents": [31], "genome": "a(39,45) d(32) r(38,96) r(37,40) a(36,50) a(6,96)", "fitness": 0.0}
{"generation": 5, "position": 44, "parents": [8], "genome": "r(38,72) r(36,53) d(39) r(38,83) a(39,56) a(37,35) a(7,29)", "fitness": 0.0}
{"generation": 5, "position": 45, "parents": [37], "genome": "d(35) a(39,65) r(38,42) a(6,45) r(39,95) r(31,78) a(7,44)", "fitness": 0.0}
{"generation": 5, "position": 46, "parents": [52, 12], "genome": "a(6,41) r(29,39) r(39,61) d(38) r(35,78) a(39,78) r(29,124) d(32)", "fitness": 0.0}
{"generation": 5, "position": 47, "parents": [52, 12], "genome": "r(6,46) a(39,49) d(38) d(39)", "fitness": 0.0}
{"generation": 5, "position": 48, "parents": [52], "genome": "a(6,41) r(29,39) r(39,61) d(38) r(35,78) r(32,5)", "fitness": 0.0}
{"generation": 5, "position": 49, "parents": [12], "genome": "r(6,46) a(39,49) d(38) a(39,78) r(29,124) d(39)", "fitness": 0.0}
{"generation": 5, "position": 50, "parents": [30], "genome": "r(6,46) r(39,133) a(36,49) r(38,76) r(35,74)", "fitness": 0.0}
{"generation": 5, "position": 51, "parents": [19], "genome": "d(35) a(39,65) r(38,160) d(39) r(29,39) r(39,61) d(38) a(7,80) d(37)", "fitness": 0.0}
{"generation": 5, "position": 52, "parents": [6], "genome": "d(35) a(39,65) r(38,83) r(36,47) r(39,43) a(29,31)", "fitness": 0.0}
{"generation": 6, "position": 0, "parents": [29], "genome": "d(35) a(39,65) r(38,42) d(29) a(6,45) d(39) a(32,125) d(32) a(7,43)", "fitness": 0.0}
{"generation": 6, "position": 1, "parents": [0], "genome": "d(35) r(39,61) d(38) d(32) r(37,78) d(36)", "fitness": 0.0}
{"generation": 6, "position": 2, "parents": [9], "genome": "a(39,45) r(32,44) d(39) r(38,46) d(37) d(6) r(5,36)", "fitness": 0.0}
{"generation": 6, "position": 3, "parents": [35], "genome": "r(38,72) r(36,53) r(39,76) d(32) r(7,76)", "fitness": 12.0}
{"generation": 6, "position": 4, "parents": [0], "genome": "d(35) r(39,61) d(38) d(32) r(37,78) d(7)", "fitness": 12.0}
{"generation": 6, "position": 5, "parents": [44], "genome": "r(38,72) r(36,53) d(39) r(38,83) a(39,56) a(37,35) a(7,29) a(5,82)", "fitness": 0.0}
{"generation": 6, "position": 6, "parents": [53, 34], "genome": "d(35) a(39,65) d(32) r(38,96) a(36,49) d(39) r(31,32) a(37,29) d(6) a(29,65)", "fitness": 0.0}
{"generation": 6, "position": 7, "parents": [53, 34], "genome": "a(39,45) r(38,42) a(6,45) r(39,95) r(31,78) d(29) d(36)", "fitness": 0.0}
{"generation": 6, "position": 8, "parents": [53], "genome": "d(35) a(39,65) r(38,42) a(6,45) r(39,95) r(31,78) d(29) d(32)", "fitness": 0.0}
{"generation": 6, "position": 9, "parents": [34], "genome": "a(39,45) d(32) r(38,96) a(36,49) d(39) r(31,32) a(37,29) d(6) r(5,36)", "fitness": 4.0}
{"generation": 6, "position": 10, "parents": [29], "genome": "d(35) a(39,65) r(38,42) d(29) a(6,45) d(39) a(32,125) d(32) d(5)", "fitness": 0.0}
{"generation": 6, "position": 11, "parents": [2], "genome": "d(35) a(39,65) r(38,160) a(39,46) r(39,73) a(7,45) d(7)", "fitness": 0.0}
{"generation": 6, "position": 12, "parents": [43, 19], "genome": "a(39,45) a(38,47)", "fitness": 4.0}
{"generation": 6, "position": 13, "parents": [43, 19], "genome": "d(35) a(39,65) d(38) r(5,60) a(29,61) d(32) r(38,96) r(37,40) a(36,50) a(6,96) d(29)", "fitness": 0.0}
{"generation": 6, "position": 14, "parents": [43], "genome": "a(39,45) d(32) r(38,96) r(37,40) a(36,50) a(6,96) r(6,53)", "fitness": 0.0}
{"generation": 6, "position": 15, "parents": [19], "genome": "d(35) a(39,65) d(38) r(5,60) a(29,61) a(39,44)", "fitness": 0.0}
{"generation": 6, "position": 16, "parents": [13], "genome": "a(39,45) r(32,44) d(39) r(38,46) d(37) r(39,43) a(6,72) d(7)", "fitness": 0.0}
{"generation": 6, "position": 17, "parents": [16], "genome": "a(39,45) d(32) r(38,96) a(36,49) r(39,76) a(37,38) d(7)", "fitness": 12.0}
{"generation": 6, "position": 18, "parents": [41, 7], "genome": "r(39,37) d(36) a(7,90) r(38,66)", "fitness": 0.0}
{"generation": 6, "position": 19, "parents": [41, 7], "genome": "a(39,45) r(32,44) d(39) r(38,46) d(37) r(39,61) d(38) a(7,80) r(29,79) a(38,46) d(38) a(37,65) a(6,48)", "fitness": 0.0}
{"generation": 6, "position": 20, "parents": [41], "genome": "r(39,37) d(36) a(7,90) a(38,46) d(38) a(37,65) a(29,48)", "fitness": 0.0}
{"generation": 6, "position": 21, "parents": [7], "genome": "a(39,45) r(32,44) d(39) r(38,46) d(37) r(39,61) d(38) a(7,80) r(29,79) a(6,39)", "fitness": 0.0}
{"generation": 6, "position": 22, "parents": [6, 34], "genome": "d(35) a(39,65) a(39,82)", "fitness": 0.0}
{"generation": 6, "position": 23, "parents": [6, 34], "genome": "a(39,45) d(32) r(38,96) a(36,49) d(39) r(31,32) a(37,29) d(6) r(38,160) d(39) r(29,39) d(5) d(36)", "fitness": 0.0}
{"generation": 6, "position": 24, "parents": [6], "genome": "d(35) a(39,65) r(38,160) d(39) r(29,39) d(5) d(37)", "fitness": 0.0}
{"generation": 6, "position": 25, "parents": [34], "genome": "a(39,45) d(32) r(38,96) a(36,49) d(39) r(31,32) a(37,29) d(6) r(29,46)", "fitness": 0.0}
{"generation": 6, "position": 26, "parents": [34, 18], "genome": "a(39,45) d(32) r(38,96) a(39,65) r(38,42) a(6,45) r(39,95) r(39,61) r(38,83) a(36,73) r(39,61) a(5,74) r(32,60) d(5)", "fitness": 0.0}
{"generation": 6, "position": 27, "parents": [34, 18], "genome": "d(35) a(36,49) d(39) r(31,32) a(37,29) d(6) d(38)", "fitness": 0.0}
{"generation": 6, "position": 28, "parents": [34], "genome": "a(39,45) d(32) r(38,96) a(36,49) d(39) r(31,32) a(37,29) d(6) a(37,133)", "fitness": 0.0}
{"generation": 6, "position": 29, "parents": [18], "genome": "d(35) a(39,65) r(38,42) a(6,45) r(39,95) r(39,61) r(38,83) a(36,73) r(39,61) a(5,74) r(32,60) d(37)", "fitness": 0.0}
{"generation": 6, "position": 30, "parents": [26], "genome": "r(6,46) r(36,47) a(39,91) d(29) d(32)", "fitness": 0.0}
{"generation": 6, "position": 31, "parents": [34], "genome": "a(39,45) d(32) r(38,96) a(36,49) d(39) r(31,32) a(37,29) d(6) a(5,44)", "fitness": 0.0}
{"generation": 6, "position": 32, "parents": [1, 9], "genome": "a(6,41) r(29,39) a(39,65) a(39,50)", "fitness": 0.0}
{"generation": 6, "position": 33, "parents": [1, 9], "genome": "a(39,45) r(32,44) d(39) r(38,46) d(37) d(6) r(38,160) a(39,46) r(39,73) d(32) d(31)", "fitness": 0.0}
{"generation": 6, "position": 34, "parents": [1], "genome": "a(6,41) r(29,39) a(39,65) r(38,160) a(39,46) r(39,73) d(32) a(37,5)", "fitness": 0.0}
{"generation": 6, "position": 35, "parents": [9], "genome": "a(39,45) r(32,44) d(39) r(38,46) d(37) d(6) d(31)", "fitness": 0.0}
{"generation": 6, "position": 36, "parents": [6], "genome": "d(35) a(39,65) r(38,160) d(39) r(29,39) d(5) d(36)", "fitness": 0.0}
{"generation": 6, "position": 37, "parents": [52], "genome": "d(35) a(39,65) r(38,83) r(36,47) r(39,43) a(29,31) a(7,41)", "fitness": 0.0}
{"generation": 6, "position": 38, "parents": [5], "genome": "d(35) a(39,65) r(38,42) d(29) a(6,45) d(39) a(32,125) d(6) d(32)", "fitness": 0.0}
{"generation": 6, "position": 39, "parents": [41], "genome": "r(39,37) d(36) a(7,90) a(38,46) d(38) a(37,65) a(32,128)", "fitness": 0.0}
{"generation": 6, "position": 40, "parents": [5], "genome": "d(35) a(39,65) r(38,42) d(29) a(6,45) d(39) a(32,125) d(6) r(32,96)", "fitness": 0.0}
{"generation": 6, "position": 41, "parents": [38], "genome": "r(38,72) r(36,53) d(39) r(31,32) a(37,29) r(35,53) d(29)", "fitness": 0.0}
{"generation": 6, "position": 42, "parents": [44], "genome": "r(38,72) r(36,53) d(39) r(38,83) a(39,56) a(37,35) a(7,29) d(6)", "fitness": 0.0}
{"generation": 6, "position": 43, "parents": [17], "genome": "a(6,41) r(29,39) r(39,61) d(38) r(7,79) a(32,72) r(6,61)", "fitness": 0.0}
{"generation": 6, "position": 44, "parents": [31], "genome": "d(35) a(39,65) r(38,83) r(36,47) a(39,79) a(39,29) a(7,51)", "fitness": 0.0}
{"generation": 6, "position": 45, "parents": [16], "genome": "a(39,45) d(32) r(38,96) a(36,49) r(39,76) a(37,38) r(36,35)", "fitness": 0.0}
{"generation": 6, "position": 46, "parents": [48], "genome": "a(6,41) r(29,39) r(39,61) d(38) r(35,78) r(32,5) d(37)", "fitness": 0.0}
{"generation": 6, "position": 47, "parents": [16], "genome": "a(39,45) d(32) r(38,96) a(36,49) r(39,76) a(37,38) r(5,41)", "fitness": 0.0}
{"generation": 6, "position": 48, "parents": [44], "genome": "r(38,72) r(36,53) d(39) r(38,83) a(39,56) a(37,35) a(7,29) r(31,35)", "fitness": 0.0}
{"generation": 6, "position": 49, "parents": [47], "genome": "r(6,46) a(39,49) d(38) d(39) d(5)", "fitness": 4.0}
{"generation": 6, "position": 50, "parents": [42, 47], "genome": "r(6,46) a(39,49) d(38) a(39,78) r(39,76)", "fitness": 0.0}
{"generation": 6, "position": 51, "parents": [42, 47], "genome": "r(6,46) a(39,49) d(38) d(39) r(29,124) r(36,41) r(37,43)", "fitness": 0.0}
{"generation": 6, "position": 52, "parents": [42], "genome": "r(6,46) a(39,49) d(38) a(39,78) r(29,124) r(36,41) r(39,37)", "fitness": 0.0}
{"generation": 7, "position": 0, "parents": [7], "genome": "a(39,45) r(38,42) a(6,45) r(39,95) r(31,78) d(29) d(36) a(32,104)", "fitness": 0.0}
{"generation": 7, "position": 1, "parents": [31], "genome": "a(39,45) d(32) r(38,96) a(36,49) d(39) r(31,32) a(37,29) d(6) a(5,44) d(37)", "fitness": 0.0}
{"generation": 7, "position": 2, "parents": [51], "genome": "r(6,46) a(39,49) d(38) d(39) r(29,124) r(36,41) r(37,43) a(32,48)", "fitness": 0.0}
{"generation": 7, "position": 3, "parents": [8], "genome": "d(35) a(39,65) r(38,42) a(6,45) r(39,95) r(31,78) d(29) d(32) a(5,45)", "fitness": 0.0}
{"generation": 7, "position": 4, "parents": [6, 32], "genome": "d(35) a(39,65) d(32) r(38,96) a(36,49) d(39) r(31,32) a(37,29) d(6) r(5,32)", "fitness": 4.0}
{"generation": 7, "position": 5, "parents": [6, 32], "genome": "a(6,41) r(29,39) a(39,65) a(39,50) a(29,65) a(38,66)", "fitness": 0.0}
{"generation": 7, "position": 6, "parents": [6], "genome": "d(35) a(39,65) d(32) r(38,96) a(36,49) d(39) r(31,32) a(37,29) d(6) a(29,65) r(37,133)", "fitness": 0.0}
{"generation": 7, "position": 7, "parents": [32], "genome": "a(6,41) r(29,39) a(39,65) a(39,50) a(39,53)", "fitness": 0.0}
{"generation": 7, "position": 8, "parents": [26, 28], "genome": "a(39,45) d(32) r(38,96) a(39,65) r(38,42) a(6,45) r(39,95) r(39,61) r(38,83) d(6) a(37,133) d(31)", "fitness": 0.0}
{"generation": 7, "position": 9, "parents": [26, 28], "genome": "a(39,45) d(32) r(38,96) a(36,49) d(39) r(31,32) a(37,29) a(36,73) r(39,61) a(5,74) r(32,60) d(5) a(36,65)", "fitness": 0.0}
{"generation": 7, "position": 10, "parents": [26], "genome": "a(39,45) d(32) r(38,96) a(39,65) r(38,42) a(6,45) r(39,95) r(39,61) r(38,83) a(36,73) r(39,61) a(5,74) r(32,60) d(5) d(36)", "fitness": 0.0}
{"generation": 7, "position": 11, "parents": [28], "genome": "a(39,45) d(32) r(38,96) a(36,49) d(39) r(31,32) a(37,29) d(6) a(37,133) r(29,42)", "fitness": 0.0}
{"generation": 7, "position": 12, "parents": [14, 37], "genome": "a(39,45) r(39,43) a(29,31) a(7,41) a(32,163)", "fitness": 12.0}
{"generation": 7, "position": 13, "parents": [14, 37], "genome": "d(35) a(39,65) r(38,83) r(36,47) d(32) r(38,96) r(37,40) a(36,50) a(6,96) r(6,53) r(31,160)", "fitness": 0.0}
{"generation": 7, "position": 14, "parents": [14], "genome": "a(39,45) d(32) r(38,96) r(37,40) a(36,50) a(6,96) r(6,53) d(5)", "fitness": 0.0}
{"generation": 7, "position": 15, "parents": [37], "genome": "d(35) a(39,65) r(38,83) r(36,47) r(39,43) a(29,31) a(7,41) r(31,43)", "fitness": 0.0}
{"generation": 7, "position": 16, "parents": [23, 26], "genome": "a(39,45) d(32) r(38,96) a(6,45) r(39,95) r(39,61) r(38,83) a(36,73) r(39,61) a(5,74) r(32,60) d(5) r(31,43)", "fitness": 0.0}
{"generation": 7, "position": 17, "parents": [23, 26], "genome": "a(39,45) d(32) r(38,96) a(39,65) r(38,42) a(36,49) d(39) r(31,32) a(37,29) d(6) r(38,160) d(39) r(29,39) d(5) d(36) r(37,125)", "fitness": 0.0}
{"generation": 7, "position": 18, "parents": [23], "genome": "a(39,45) d(32) r(38,96) a(36,49) d(39) r(31,32) a(37,29) d(6) r(38,160) d(39) r(29,39) d(5) d(36) a(37,45)", "fitness": 0.0}
{"generation": 7, "position": 19, "parents": [26], "genome": "a(39,45) d(32) r(38,96) a(39,65) r(38,42) a(6,45) r(39,95) r(39,61) r(38,83) a(36,73) r(39,61) a(5,74) r(32,60) d(5) r(29,66)", "fitness": 0.0}
{"generation": 7, "position": 20, "parents": [31], "genome": "a(39,45) d(32) r(38,96) a(36,49) d(39) r(31,32) a(37,29) d(6) a(5,44) d(36)", "fitness": 0.0}
{"generation": 7, "position": 21, "parents": [2], "genome": "a(39,45) r(32,44) d(39) r(38,46) d(37) d(6) r(5,36) d(36)", "fitness": 0.0}
{"generation": 7, "position": 22, "parents": [42, 43], "genome": "r(38,72) r(36,53) d(39) r(38,83) a(39,56) a(37,35) a(7,29) d(6) a(32,72) r(6,61) a(29,74)", "fitness": 0.0}
{"generation": 7, "position": 23, "parents": [42, 43], "genome": "a(6,41) r(29,39) r(39,61) d(38) r(7,79) a(32,101)", "fitness": 0.0}
{"generation": 7, "position": 24, "parents": [42], "genome": "r(38,72) r(36,53) d(39) r(38,83) a(39,56) a(37,35) a(7,29) d(6) a(29,104)", "fitness": 0.0}
{"generation": 7, "position": 25, "parents": [43], "genome": "a(6,41) r(29,39) r(39,61) d(38) r(7,79) a(32,72) r(6,61) r(35,133)", "fitness": 0.0}
{"generation": 7, "position": 26, "parents": [7], "genome": "a(39,45) r(38,42) a(6,45) r(39,95) r(31,78) d(29) d(36) d(35)", "fitness": 0.0}
{"generation": 7, "position": 27, "parents": [51], "genome": "r(6,46) a(39,49) d(38) d(39) r(29,124) r(36,41) r(37,43) r(32,104)", "fitness": 0.0}
{"generation": 7, "position": 28, "parents": [33], "genome": "a(39,45) r(32,44) d(39) r(38,46) d(37) d(6) r(38,160) a(39,46) r(39,73) d(32) d(31) d(29)", "fitness": 0.0}
{"generation": 7, "position": 29, "parents": [21], "genome": "a(39,45) r(32,44) d(39) r(38,46) d(37) r(39,61) d(38) a(7,80) r(29,79) a(6,39) r(36,78)", "fitness": 0.0}
{"generation": 7, "position": 30, "parents": [38], "genome": "d(35) a(39,65) r(38,42) d(29) a(6,45) d(39) a(32,125) d(6) d(32) a(36,73)", "fitness": 0.0}
{"generation": 7, "position": 31, "parents": [33], "genome": "a(39,45) r(32,44) d(39) r(38,46) d(37) d(6) r(38,160) a(39,46) r(39,73) d(32) d(31) a(29,93)", "fitness": 0.0}
{"generation": 7, "position": 32, "parents": [13], "genome": "d(35) a(39,65) d(38) r(5,60) a(29,61) d(32) r(38,96) r(37,40) a(36,50) a(6,96) d(29) a(36,91)", "fitness": 0.0}
{"generation": 7, "position": 33, "parents": [40], "genome": "d(35) a(39,65) r(38,42) d(29) a(6,45) d(39) a(32,125) d(6) r(32,96) a(5,66)", "fitness": 0.0}
{"generation": 7, "position": 34, "parents": [10, 42], "genome": "d(35) a(39,65) d(39) r(38,83) a(39,56) a(37,35) a(7,29) d(6) a(5,162)", "fitness": 0.0}
{"generation": 7, "position": 35, "parents": [10, 42], "genome": "r(38,72) r(36,53) r(38,42) d(29) a(6,45) d(39) a(32,125) d(32) d(5) r(37,80)", "fitness": 0.0}
{"generation": 7, "position": 36, "parents": [10], "genome": "d(35) a(39,65) r(38,42) d(29) a(6,45) d(39) a(32,125) d(32) d(5) d(36)", "fitness": 0.0}
{"generation": 7, "position": 37, "parents": [42], "genome": "r(38,72) r(36,53) d(39) r(38,83) a(39,56) a(37,35) a(7,29) d(6) d(32)", "fitness": 0.0}
{"generation": 7, "position": 38, "parents": [31], "genome": "a(39,45) d(32) r(38,96) a(36,49) d(39) r(31,32) a(37,29) d(6) a(5,44) a(36,79)", "fitness": 0.0}
{"generation": 7, "position": 39, "parents": [23], "genome": "a(39,45) d(32) r(38,96) a(36,49) d(39) r(31,32) a(37,29) d(6) r(38,160) d(39) r(29,39) d(5) d(36) r(37,56)", "fitness": 0.0}
{"generation": 7, "position": 40, "parents": [18], "genome": "r(39,37) d(36) a(7,90) r(38,66) d(29)", "fitness": 0.0}
{"generation": 7, "position": 41, "parents": [6], "genome": "d(35) a(39,65) d(32) r(38,96) a(36,49) d(39) r(31,32) a(37,29) d(6) a(29,65) r(5,95)", "fitness": 4.0}
{"generation": 7, "position": 42, "parents": [11], "genome": "d(35) a(39,65) r(38,160) a(39,46) r(39,73) a(7,45) d(7) a(29,95)", "fitness": 0.0}
{"generation": 7, "position": 43, "parents": [31], "genome": "a(39,45) d(32) r(38,96) a(36,49) d(39) r(31,32) a(37,29) d(6) a(5,44) r(29,53)", "fitness": 0.0}
{"generation": 7, "position": 44, "parents": [5, 0], "genome": "r(38,72) r(36,53) d(39) r(38,83) a(39,56) a(37,35) a(7,29) d(32) a(7,43) a(29,56)", "fitness": 0.0}
{"generation": 7, "position": 45, "parents": [5, 0], "genome": "d(35) a(39,65) r(38,42) d(29) a(6,45) d(39) a(32,125) a(5,82) a(37,96)", "fitness": 0.0}
{"generation": 7, "position": 46, "parents": [5], "genome": "r(38,72) r(36,53) d(39) r(38,83) a(39,56) a(37,35) a(7,29) a(5,82) d(5)", "fitness": 0.0}
{"generation": 7, "position": 47, "parents": [0], "genome": "d(35) a(39,65) r(38,42) d(29) a(6,45) d(39) a(32,125) d(32) a(7,43) r(6,61)", "fitness": 0.0}
{"generation": 7, "position": 48, "parents": [7], "genome": "a(39,45) r(38,42) a(6,45) r(39,95) r(31,78) d(29) d(36) a(32,80)", "fitness": 0.0}
{"generation": 7, "position": 49, "parents": [5], "genome": "r(38,72) r(36,53) d(39) r(38,83) a(39,56) a(37,35) a(7,29) a(5,82) r(32,39)", "fitness": 0.0}
{"generation": 7, "position": 50, "parents": [46], "genome": "a(6,41) r(29,39) r(39,61) d(38) r(35,78) r(32,5) d(37) d(5)", "fitness": 0.0}
{"generation": 7, "position": 51, "parents": [44], "genome": "d(35) a(39,65) r(38,83) r(36,47) a(39,79) a(39,29) a(7,51) r(39,5)", "fitness": 0.0}
{"generation": 7, "position": 52, "parents": [23, 32], "genome": "a(39,45) d(32) r(38,96) a(36,49) d(39) r(31,32) a(37,29) d(6) r(38,160) d(39) r(29,39) a(39,65) a(39,50) d(37)", "fitness": 0.0}
{"generation": 7, "position": 53, "parents": [23, 32], "genome": "a(6,41) r(29,39) d(5) d(36) r(38,31)", "fitness": 0.0}
{"generation": 7, "position": 54, "parents": [23], "genome": "a(39,45) d(32) r(38,96) a(36,49) d(39) r(31,32) a(37,29) d(6) r(38,160) d(39) r(29,39) d(5) d(36) a(37,35)", "fitness": 0.0}
{"generation": 8, "position": 0, "parents": [21, 26], "genome": "a(39,45) r(32,44) d(39) r(38,46) d(7)", "fitness": 12.0}
{"generation": 8, "position": 1, "parents": [21, 26], "genome": "a(39,45) r(38,42) a(6,45) r(39,95) r(31,78) d(29) d(36) d(35) d(37) d(6) r(5,36) d(36) a(32,39)", "fitness": 0.0}
{"generation": 8, "position": 2, "parents": [21], "genome": "a(39,45) r(32,44) d(39) r(38,46) d(37) d(6) r(5,36) d(36) a(31,125)", "fitness": 0.0}
{"generation": 8, "position": 3, "parents": [26], "genome": "a(39,45) r(38,42) a(6,45) r(39,95) r(31,78) d(29) d(36) d(35) a(6,35)", "fitness": 0.0}
{"generation": 8, "position": 4, "parents": [8, 28], "genome": "a(39,45) d(32) r(38,96) a(39,46) r(39,73) d(32) d(31) d(29) r(6,45)", "fitness": 0.0}
{"generation": 8, "position": 5, "parents": [8, 28], "genome": "a(39,45) r(32,44) d(39) r(38,46) d(37) d(6) r(38,160) a(39,65) r(38,42) a(6,45) r(39,95) r(39,61) r(38,83) d(6) a(37,133) d(31) r(36,95)", "fitness": 0.0}
{"generation": 8, "position": 6, "parents": [8], "genome": "a(39,45) d(32) r(38,96) a(39,65) r(38,42) a(6,45) r(39,95) r(39,61) r(38,83) d(6) a(37,133) d(31) r(29,125)", "fitness": 0.0}
{"generation": 8, "position": 7, "parents": [28], "genome": "a(39,45) r(32,44) d(39) r(38,46) d(37) d(6) r(38,160) a(39,46) r(39,73) d(32) d(31) d(29) a(36,96)", "fitness": 0.0}
{"generation": 8, "position": 8, "parents": [27, 5], "genome": "r(6,46) a(39,49) d(38) d(39) r(29,124) r(36,41) r(29,39) a(39,65) a(39,50) a(29,65) a(38,66) d(32)", "fitness": 0.0}
{"generation": 8, "position": 9, "parents": [27, 5], "genome": "a(6,41) r(37,43) r(32,104) a(6,39)", "fitness": 0.0}
{"generation": 8, "position": 10, "parents": [27], "genome": "r(6,46) a(39,49) d(38) d(39) r(29,124) r(36,41) r(37,43) r(32,104) a(5,61)", "fitness": 0.0}
{"generation": 8, "position": 11, "parents": [5], "genome": "a(6,41) r(29,39) a(39,65) a(39,50) a(29,65) a(38,66) d(39)", "fitness": 0.0}
{"generation": 8, "position": 12, "parents": [54, 22], "genome": "a(39,45) d(32) r(38,96) a(36,49) d(39) r(31,32) a(37,29) d(6) r(38,160) d(39) r(29,39) d(5) d(36) a(37,35) a(29,74) a(37,90)", "fitness": 0.0}
{"generation": 8, "position": 13, "parents": [54, 22], "genome": "r(38,72) r(36,53) d(39) r(38,83) a(39,56) a(37,35) a(7,29) d(6) a(32,72) r(6,61) a(37,66)", "fitness": 0.0}
{"generation": 8, "position": 14, "parents": [54], "genome": "a(39,45) d(32) r(38,96) a(36,49) d(39) r(31,32) a(37,29) d(6) r(38,160) d(39) r(29,39) d(5) d(36) a(37,35) a(37,58)", "fitness": 0.0}
{"generation": 8, "position": 15, "parents": [22], "genome": "r(38,72) r(36,53) d(39) r(38,83) a(39,56) a(37,35) a(7,29) d(6) a(32,72) r(6,61) a(29,74) r(31,154)", "fitness": 0.0}
{"generation": 8, "position": 16, "parents": [50, 38], "genome": "a(6,41) r(29,39) r(31,32) a(37,29) d(6) a(5,44) a(36,79) r(39,66)", "fitness": 0.0}
{"generation": 8, "position": 17, "parents": [50, 38], "genome": "a(39,45) d(32) r(38,96) a(36,49) d(39) r(39,61) d(38) r(35,78) r(32,5) d(37) d(5) r(31,37)", "fitness": 0.0}
{"generation": 8, "position": 18, "parents": [50], "genome": "a(6,41) r(29,39) r(39,61) d(38) r(35,78) r(32,5) d(37) d(5) a(36,49)", "fitness": 0.0}
{"generation": 8, "position": 19, "parents": [38], "genome": "a(39,45) d(32) r(38,96) a(36,49) d(39) r(31,32) a(37,29) d(6) a(5,44) a(36,79) a(29,72)", "fitness": 0.0}
{"generation": 8, "position": 20, "parents": [31, 32], "genome": "a(39,45) r(32,44) d(39) r(38,46) d(37) d(6) d(38) r(5,60) a(29,61) d(32) r(38,96) r(37,40) a(36,50) a(6,96) d(29) a(36,91) r(36,48)", "fitness": 0.0}
{"generation": 8, "position": 21, "parents": [31, 32], "genome": "d(35) a(39,65) r(38,160) a(39,46) r(39,73) d(32) d(31) a(29,93) r(6,39)", "fitness": 0.0}
{"generation": 8, "position": 22, "parents": [31], "genome": "a(39,45) r(32,44) d(39) r(38,46) d(37) d(6) r(38,160) a(39,46) r(39,73) d(32) d(31) a(29,93) a(5,101)", "fitness": 0.0}
{"generation": 8, "position": 23, "parents": [32], "genome": "d(35) a(39,65) d(38) r(5,60) a(29,61) d(32) r(38,96) r(37,40) a(36,50) a(6,96) d(29) a(36,91) r(36,128)", "fitness": 0.0}
{"generation": 8, "position": 24, "parents": [42], "genome": "d(35) a(39,65) r(38,160) a(39,46) r(39,73) a(7,45) d(7) a(29,95) a(5,32)", "fitness": 0.0}
{"generation": 8, "position": 25, "parents": [15], "genome": "d(35) a(39,65) r(38,83) r(36,47) r(39,43) a(29,31) a(7,41) r(31,43) r(37,48)", "fitness": 0.0}
{"generation": 8, "position": 26, "parents": [26], "genome": "a(39,45) r(38,42) a(6,45) r(39,95) r(31,78) d(29) d(36) d(35) a(6,145)", "fitness": 0.0}
{"generation": 8, "position": 27, "parents": [7], "genome": "a(6,41) r(29,39) a(39,65) a(39,50) a(39,53) d(39)", "fitness": 0.0}
{"generation": 8, "position": 28, "parents": [35], "genome": "r(38,72) r(36,53) r(38,42) d(29) a(6,45) d(39) a(32,125) d(32) d(5) r(37,80)", "fitness": 0.0}
{"generation": 8, "position": 29, "parents": [42], "genome": "d(35) a(39,65) r(38,160) a(39,46) r(39,73) a(7,45) d(7) a(29,95) a(31,80)", "fitness": 0.0}
{"generation": 8, "position": 30, "parents": [18], "genome": "a(39,45) d(32) r(38,96) a(36,49) d(39) r(31,32) a(37,29) d(6) r(38,160) d(39) r(29,39) d(5) d(36) a(37,45) r(37,5)", "fitness": 0.0}
{"generation": 8, "position": 31, "parents": [11], "genome": "a(39,45) d(32) r(38,96) a(36,49) d(39) r(31,32) a(37,29) d(6) a(37,133) r(29,42) r(36,44)", "fitness": 0.0}
{"generation": 8, "position": 32, "parents": [26], "genome": "a(39,45) r(38,42) a(6,45) r(39,95) r(31,78) d(29) d(36) d(35) r(5,43)", "fitness": 0.0}
{"generation": 8, "position": 33, "parents": [9], "genome": "a(39,45) d(32) r(38,96) a(36,49) d(39) r(31,32) a(37,29) a(36,73) r(39,61) a(5,74) r(32,60) d(5) a(36,65) r(36,37)", "fitness": 0.0}
{"generation": 8, "position": 34, "parents": [53, 33], "genome": "a(6,41) r(29,39) d(5) d(6) r(32,96) a(5,66) r(39,83)", "fitness": 0.0}
{"generation": 8, "position": 35, "parents": [53, 33], "genome": "d(35) a(39,65) r(38,42) d(29) a(6,45) d(39) a(32,125) d(36) r(38,31) a(6,91)", "fitness": 0.0}
{"generation": 8, "position": 36, "parents": [53], "genome": "a(6,41) r(29,39) d(5) d(36) r(38,31) r(39,29)", "fitness": 0.0}
{"generation": 8, "position": 37, "parents": [33], "genome": "d(35) a(39,65) r(38,42) d(29) a(6,45) d(39) a(32,125) d(6) r(32,96) a(5,66) d(37)", "fitness": 0.0}
{"generation": 8, "position": 38, "parents": [11], "genome": "a(39,45) d(32) r(38,96) a(36,49) d(39) r(31,32) a(37,29) d(6) a(37,133) r(29,42) r(36,35)", "fitness": 0.0}
{"generation": 8, "position": 39, "parents": [36], "genome": "d(35) a(39,65) r(38,42) d(29) a(6,45) d(39) a(32,125) d(32) d(5) d(36) d(37)", "fitness": 0.0}
{"generation": 8, "position": 40, "parents": [9, 37], "genome": "a(39,45) d(32) r(38,96) a(36,49) d(39) r(31,32) a(37,29) a(6,48)", "fitness": 4.0}
{"generation": 8, "position": 41, "parents": [9, 37], "genome": "r(38,72) r(36,53) d(39) r(38,83) a(39,56) a(37,35) a(7,29) d(6) d(32) a(36,73) r(39,61) a(5,74) r(32,60) d(5) a(36,65) a(37,80)", "fitness": 0.0}
{"generation": 8, "position": 42, "parents": [9], "genome": "a(39,45) d(32) r(38,96) a(36,49) d(39) r(31,32) a(37,29) a(36,73) r(39,61) a(5,74) r(32,60) d(5) a(36,65) d(37)", "fitness": 0.0}
{"generation": 8, "position": 43, "parents": [37], "genome": "r(38,72) r(36,53) d(39) r(38,83) a(39,56) a(37,35) a(7,29) d(6) d(32) r(37,48)", "fitness": 0.0}
{"generation": 8, "position": 44, "parents": [30], "genome": "d(35) a(39,65) r(38,42) d(29) a(6,45) d(39) a(32,125) d(6) d(32) a(36,73) a(37,91)", "fitness": 0.0}
{"generation": 8, "position": 45, "parents": [14], "genome": "a(39,45) d(32) r(38,96) r(37,40) a(36,50) a(6,96) r(6,53) d(5) a(36,93)", "fitness": 0.0}
{"generation": 8, "position": 46, "parents": [2, 14], "genome": "r(6,46) a(39,49) d(38) d(39) r(6,53) d(5) r(32,162)", "fitness": 0.0}
{"generation": 8, "position": 47, "parents": [2, 14], "genome": "a(39,45) d(32) r(38,96) r(37,40) a(36,50) a(6,96) r(29,124) r(36,41) r(37,43) a(32,48) r(5,76)", "fitness": 12.0}
{"generation": 8, "position": 48, "parents": [2], "genome": "r(6,46) a(39,49) d(38) d(39) r(29,124) r(36,41) r(37,43) a(32,48) r(35,90)", "fitness": 0.0}
{"generation": 8, "position": 49, "parents": [14], "genome": "a(39,45) d(32) r(38,96) r(37,40) a(36,50) a(6,96) r(6,53) d(5) d(29)", "fitness": 0.0}
{"generation": 8, "position": 50, "parents": [25], "genome": "a(6,41) r(29,39) r(39,61) d(38) r(7,79) a(32,72) r(6,61) r(35,133) r(5,60)", "fitness": 0.0}
{"generation": 8, "position": 51, "parents": [49], "genome": "r(38,72) r(36,53) d(39) r(38,83) a(39,56) a(37,35) a(7,29) a(5,82) r(32,39) a(29,163)", "fitness": 12.0}
{"generation": 8, "position": 52, "parents": [45, 3], "genome": "d(35) a(39,65) r(38,42) d(29) a(6,45) d(39) a(32,125) d(32) a(5,45) r(5,124)", "fitness": 12.0}
{"generation": 8, "position": 53, "parents": [45, 3], "genome": "d(35) a(39,65) r(38,42) a(6,45) r(39,95) r(31,78) d(29) a(5,82) a(37,96) r(5,50)", "fitness": 0.0}
{"generation": 8, "position": 54, "parents": [45], "genome": "d(35) a(39,65) r(38,42) d(29) a(6,45) d(39) a(32,125) a(5,82) a(37,96) d(6)", "fitness": 0.0}
{"generation": 8, "position": 55, "parents": [3], "genome": "d(35) a(39,65) r(38,42) a(6,45) r(39,95) r(31,78) d(29) d(32) a(5,45) a(37,82)", "fitness": 0.0}
{"generation": 8, "position": 56, "parents": [40], "genome": "r(39,37) d(36) a(7,90) r(38,66) d(29) r(35,108)", "fitness": 0.0}
{"generation": 8, "position": 57, "parents": [46], "genome": "r(38,72) r(36,53) d(39) r(38,83) a(39,56) a(37,35) a(7,29) a(5,82) d(5) d(37)", "fitness": 0.0}
{"generation": 8, "position": 58, "parents": [9, 29], "genome": "a(39,45) d(32) r(38,96) a(36,49) d(39) r(31,32) a(37,29) r(32,44) d(39) r(38,46) d(37) r(39,61) d(38) a(7,80) r(29,79) a(6,39) r(36,78) a(7,92)", "fitness": 0.0}
{"generation": 8, "position": 59, "parents": [9, 29], "genome": "a(39,45) a(36,73) r(39,61) a(5,74) r(32,60) d(5) a(36,65) d(31)", "fitness": 0.0}
{"generation": 8, "position": 60, "parents": [9], "genome": "a(39,45) d(32) r(38,96) a(36,49) d(39) r(31,32) a(37,29) a(36,73) r(39,61) a(5,74) r(32,60) d(5) a(36,65) d(36)", "fitness": 0.0}
{"generation": 9, "position": 0, "parents": [35], "genome": "d(35) a(39,65) r(38,42) d(29) a(6,45) d(39) a(32,125) d(36) r(38,31) a(6,91) r(6,31)", "fitness": 0.0}
{"generation": 9, "position": 1, "parents": [50], "genome": "a(6,41) r(29,39) r(39,61) d(38) r(7,79) a(32,72) r(6,61) r(35,133) r(5,60) d(36)", "fitness": 0.0}
{"generation": 9, "position": 2, "parents": [42, 33], "genome": "a(39,45) d(32) r(38,96) a(36,49) d(39) r(31,32) a(37,29) a(36,73) r(39,61) a(5,74) r(32,60) d(5) a(36,65) d(37) a(36,65) r(36,37) a(29,32)", "fitness": 0.0}
{"generation": 9, "position": 3, "parents": [42, 33], "genome": "a(39,45) d(32) r(38,96) a(36,49) d(39) r(31,32) a(37,29) a(36,73) r(39,61) a(5,74) r(32,60) d(5) r(36,56)", "fitness": 0.0}
{"generation": 9, "position": 4, "parents": [42], "genome": "a(39,45) d(32) r(38,96) a(36,49) d(39) r(31,32) a(37,29) a(36,73) r(39,61) a(5,74) r(32,60) d(5) a(36,65) d(37) r(29,37)", "fitness": 0.0}
{"generation": 9, "position": 5, "parents": [33], "genome": "a(39,45) d(32) r(38,96) a(36,49) d(39) r(31,32) a(37,29) a(36,73) r(39,61) a(5,74) r(32,60) d(5) a(36,65) r(36,37) r(29,61)", "fitness": 0.0}
{"generation": 9, "position": 6, "parents": [49], "genome": "a(39,45) d(32) r(38,96) r(37,40) a(36,50) a(6,96) r(6,53) d(5) d(29) d(36)", "fitness": 0.0}
{"generation": 9, "position": 7, "parents": [34], "genome": "a(6,41) r(29,39) d(5) d(6) r(32,96) a(5,66) r(39,83) d(38)", "fitness": 0.0}
{"generation": 9, "position": 8, "parents": [30, 41], "genome": "a(39,45) d(32) r(38,96) a(36,49) d(39) r(31,32) a(7,29) d(6) d(32) a(36,73) r(39,61) a(5,74) r(32,60) d(5) a(36,65) a(37,80) a(29,76)", "fitness": 0.0}
{"generation": 9, "position": 9, "parents": [30, 41], "genome": "r(38,72) r(36,53) d(39) r(38,83) a(39,56) a(37,35) a(37,29) d(6) r(38,160) d(39) r(29,39) d(5) d(36) a(37,45) r(37,5) d(32)", "fitness": 0.0}
{"generation": 9, "position": 10, "parents": [30], "genome": "a(39,45) d(32) r(38,96) a(36,49) d(39) r(31,32) a(37,29) d(6) r(38,160) d(39) r(29,39) d(5) d(36) a(37,45) r(37,5)", "fitness": 0.0}
{"generation": 9, "position": 11, "parents": [41], "genome": "r(38,72) r(36,53) d(39) r(38,83) a(39,56) a(37,35) a(7,29) d(6) d(32) a(36,73) r(39,61) a(5,74) r(32,60) d(5) a(36,65) a(37,80) d(29)", "fitness": 0.0}
{"generation": 9, "position": 12, "parents": [29], "genome": "d(35) a(39,65) r(38,160) a(39,46) r(39,73) a(7,45) d(7) a(29,95) a(31,80) r(36,42)", "fitness": 0.0}
{"generation": 9, "position": 13, "parents": [4], "genome": "a(39,45) d(32) r(38,96) a(39,46) r(39,73) d(32) d(31) d(29) r(6,45) r(37,154)", "fitness": 0.0}
{"generation": 9, "position": 14, "parents": [54, 8], "genome": "d(35) a(39,65) r(38,42) d(29) a(6,45) d(39) d(38) d(39) r(29,124) r(36,41) r(29,39) a(39,65) a(39,50) a(29,65) a(38,66) d(32) r(5,78)", "fitness": 0.0}
{"generation": 9, "position": 15, "parents": [54, 8], "genome": "r(6,46) a(39,49) a(32,125) a(5,82) a(37,96) d(6) r(39,101)", "fitness": 0.0}
{"generation": 9, "position": 16, "parents": [54], "genome": "d(35) a(39,65) r(38,42) d(29) a(6,45) d(39) a(32,125) a(5,82) a(37,96) d(6) a(5,145)", "fitness": 0.0}
{"generation": 9, "position": 17, "parents": [8], "genome": "r(6,46) a(39,49) d(38) d(39) r(29,124) r(36,41) r(29,39) a(39,65) a(39,50) a(29,65) a(38,66) d(32) r(5,50)", "fitness": 12.0}
{"generation": 9, "position": 18, "parents": [1], "genome": "a(39,45) r(38,42) a(6,45) r(39,95) r(31,78) d(29) d(36) d(35) d(37) d(6) r(5,36) d(36) a(32,39) r(32,72)", "fitness": 0.0}
{"generation": 9, "position": 19, "parents": [23], "genome": "d(35) a(39,65) d(38) r(5,60) a(29,61) d(32) r(38,96) r(37,40) a(36,50) a(6,96) d(29) a(36,91) r(36,128)", "fitness": 0.0}
{"generation": 9, "position": 20, "parents": [6, 1], "genome": "a(39,45) d(32) r(38,96) a(39,65) r(38,42) a(6,45) r(39,95) r(5,36) d(36) a(32,39) a(29,104)", "fitness": 0.0}
{"generation": 9, "position": 21, "parents": [6, 1], "genome": "a(39,45) r(38,42) a(6,45) r(39,95) r(31,78) d(29) d(36) d(35) d(37) d(6) r(39,61) r(38,83) d(6) a(37,133) d(31) r(29,125) a(32,82)", "fitness": 0.0}
{"generation": 9, "position": 22, "parents": [6], "genome": "a(39,45) d(32) r(38,96) a(39,65) r(38,42) a(6,45) r(39,95) r(39,61) r(38,83) d(6) a(37,133) d(31) r(29,125) a(36,43)", "fitness": 0.0}
{"generation": 9, "position": 23, "parents": [1], "genome": "a(39,45) r(38,42) a(6,45) r(39,95) r(31,78) d(29) d(36) d(35) d(37) d(6) r(5,36) d(36) a(32,39) d(32)", "fitness": 0.0}
{"generation": 9, "position": 24, "parents": [26, 48], "genome": "a(39,45) r(38,42) r(35,45)", "fitness": 0.0}
{"generation": 9, "position": 25, "parents": [26, 48], "genome": "r(6,46) a(39,49) d(38) d(39) r(29,124) r(36,41) r(37,43) a(32,48) r(35,90) a(6,45) r(39,95) r(31,78) d(29) d(36) d(35) a(6,145) d(5)", "fitness": 12.0}
{"generation": 9, "position": 26, "parents": [26], "genome": "a(39,45) r(38,42) a(6,45) r(39,95) r(31,78) d(29) d(36) d(35) a(6,145) r(32,47)", "fitness": 0.0}
{"generation": 9, "position": 27, "parents": [48], "genome": "r(6,46) a(39,49) d(38) d(39) r(29,124) r(36,41) r(37,43) a(32,48) r(35,90) a(32,61)", "fitness": 0.0}
{"generation": 9, "position": 28, "parents": [5, 24], "genome": "a(39,45) r(32,44) d(39) r(38,46) d(37) d(6) r(38,160) a(39,65) r(38,42) a(6,45) r(39,95) r(39,61) r(38,83) d(6) a(37,133) a(29,95) a(5,32) r(36,41)", "fitness": 0.0}
{"generation": 9, "position": 29, "parents": [5, 24], "genome": "d(35) a(39,65) r(38,160) a(39,46) r(39,73) a(7,45) d(7) d(31) r(36,95) a(5,101)", "fitness": 0.0}
{"generation": 9, "position": 30, "parents": [5], "genome": "a(39,45) r(32,44) d(39) r(38,46) d(37) d(6) r(38,160) a(39,65) r(38,42) a(6,45) r(39,95) r(39,61) r(38,83) d(6) a(37,133) d(31) r(36,95) r(29,32)", "fitness": 0.0}
{"generation": 9, "position": 31, "parents": [24], "genome": "d(35) a(39,65) r(38,160) a(39,46) r(39,73) a(7,45) d(7) a(29,95) a(5,32) r(32,44)", "fitness": 0.0}
{"generation": 9, "position": 32, "parents": [25], "genome": "d(35) a(39,65) r(38,83) r(36,47) r(39,43) a(29,31) a(7,41) r(31,43) r(37,48) d(7)", "fitness": 12.0}
{"generation": 9, "position": 33, "parents": [1], "genome": "a(39,45) r(38,42) a(6,45) r(39,95) r(31,78) d(29) d(36) d(35) d(37) d(6) r(5,36) d(36) a(32,39) d(32)", "fitness": 0.0}
{"generation": 9, "position": 34, "parents": [53], "genome": "d(35) a(39,65) r(38,42) a(6,45) r(39,95) r(31,78) d(29) a(5,82) a(37,96) r(5,50) a(32,125)", "fitness": 0.0}
{"generation": 9, "position": 35, "parents": [45], "genome": "a(39,45) d(32) r(38,96) r(37,40) a(36,50) a(6,96) r(6,53) d(5) a(36,93) d(31)", "fitness": 0.0}
{"generation": 9, "position": 36, "parents": [53, 58], "genome": "d(35) a(39,65) r(38,42) a(6,45) r(39,95) d(38) a(7,80) r(29,79) a(6,39) r(36,78) a(7,92) d(5)", "fitness": 0.0}
{"generation": 9, "position": 37, "parents": [53, 58], "genome": "a(39,45) d(32) r(38,96) a(36,49) d(39) r(31,32) a(37,29) r(32,44) d(39) r(38,46) d(37) r(39,61) r(31,78) d(29) a(5,82) a(37,96) r(5,50) r(36,125)", "fitness": 0.0}
{"generation": 9, "position": 38, "parents": [53], "genome": "d(35) a(39,65) r(38,42) a(6,45) r(39,95) r(31,78) d(29) a(5,82) a(37,96) r(5,50) d(32)", "fitness": 0.0}
{"generation": 9, "position": 39, "parents": [58], "genome": "a(39,45) d(32) r(38,96) a(36,49) d(39) r(31,32) a(37,29) r(32,44) d(39) r(38,46) d(37) r(39,61) d(38) a(7,80) r(29,79) a(6,39) r(36,78) a(7,92) r(6,133)", "fitness": 0.0}
{"generation": 9, "position": 40, "parents": [21, 2], "genome": "d(35) a(39,65) r(32,44) d(39) r(38,46) d(37) d(6) r(5,36) d(36) a(31,125) r(31,58)", "fitness": 0.0}
{"generation": 9, "position": 41, "parents": [21, 2], "genome": "a(39,45) r(38,160) a(39,46) r(39,73) d(32) d(31) a(29,93) r(6,39) r(37,35)", "fitness": 0.0}
{"generation": 9, "position": 42, "parents": [21], "genome": "d(35) a(39,65) r(38,160) a(39,46) r(39,73) d(32) d(31) a(29,93) r(6,39) r(5,32)", "fitness": 4.0}
{"generation": 9, "position": 43, "parents": [2], "genome": "a(39,45) r(32,44) d(39) r(38,46) d(37) d(6) r(5,36) d(36) a(31,125) a(29,82)", "fitness": 0.0}
{"generation": 9, "position": 44, "parents": [18, 54], "genome": "a(6,41) r(29,39) r(39,61) d(38) r(35,78) r(32,5) a(32,125) a(5,82) a(37,96) d(6) a(36,90)", "fitness": 0.0}
{"generation": 9, "position": 45, "parents": [18, 54], "genome": "d(35) a(39,65) r(38,42) d(29) a(6,45) d(39) d(37) d(5) a(36,49) r(32,78)", "fitness": 0.0}
{"generation": 9, "position": 46, "parents": [18], "genome": "a(6,41) r(29,39) r(39,61) d(38) r(35,78) r(32,5) d(37) d(5) a(36,49) r(36,95)", "fitness": 0.0}
{"generation": 9, "position": 47, "parents": [54], "genome": "d(35) a(39,65) r(38,42) d(29) a(6,45) d(39) a(32,125) a(5,82) a(37,96) d(6) r(36,45)", "fitness": 0.0}
{"generation": 9, "position": 48, "parents": [6], "genome": "a(39,45) d(32) r(38,96) a(39,65) r(38,42) a(6,45) r(39,95) r(39,61) r(38,83) d(6) a(37,133) d(31) r(29,125) r(36,124)", "fitness": 0.0}
{"generation": 9, "position": 49, "parents": [2], "genome": "a(39,45) r(32,44) d(39) r(38,46) d(37) d(6) r(5,36) d(36) a(31,125) a(31,66)", "fitness": 0.0}
{"generation": 9, "position": 50, "parents": [8], "genome": "r(6,46) a(39,49) d(38) d(39) r(29,124) r(36,41) r(29,39) a(39,65) a(39,50) a(29,65) a(38,66) d(32) a(5,125)", "fitness": 0.0}
{"generation": 9, "position": 51, "parents": [7], "genome": "a(39,45) r(32,44) d(39) r(38,46) d(37) d(6) r(38,160) a(39,46) r(39,73) d(32) d(31) d(29) a(36,96) r(36,93)", "fitness": 0.0}
{"generation": 9, "position": 52, "parents": [47, 58], "genome": "a(39,45) d(32) r(38,96) r(37,40) a(36,50) a(6,96) r(29,124) r(36,41) r(39,61) d(38) a(7,80) r(29,79) a(6,39) r(36,78) a(7,92) a(6,56)", "fitness": 12.0}
{"generation": 9, "position": 53, "parents": [47, 58], "genome": "a(39,45) d(32) r(38,96) a(36,49) d(39) r(31,32) a(37,29) r(32,44) d(39) r(38,46) d(37) r(37,43) a(32,48) r(5,76) d(36)", "fitness": 0.0}
{"generation": 9, "position": 54, "parents": [47], "genome": "a(39,45) d(32) r(38,96) r(37,40) a(36,50) a(6,96) r(29,124) r(36,41) r(37,43) a(32,48) r(5,76)", "fitness": 12.0}
{"generation": 9, "position": 55, "parents": [58], "genome": "a(39,45) d(32) r(38,96) a(36,49) d(39) r(31,32) a(37,29) r(32,44) d(39) r(38,46) d(37) r(39,61) d(38) a(7,80) r(29,79) a(6,39) r(36,78) a(7,92) a(6,124)", "fitness": 0.0}
{"generation": 9, "position": 56, "parents": [37], "genome": "d(35) a(39,65) r(38,42) d(29) a(6,45) d(39) a(32,125) d(6) r(32,96) a(5,66) d(37) d(36)", "fitness": 0.0}
{"generation": 9, "position": 57, "parents": [28], "genome": "r(38,72) r(36,53) r(38,42) d(29) a(6,45) d(39) a(32,125) d(32) d(5) r(37,80)", "fitness": 0.0}
{"generation": 9, "position": 58, "parents": [42, 32], "genome": "a(39,45) d(32) r(38,96) a(36,49) d(39) r(31,32) a(37,29) d(29) d(36) d(35) r(5,43) a(37,65)", "fitness": 0.0}
{"generation": 9, "position": 59, "parents": [42, 32], "genome": "a(39,45) r(38,42) a(6,45) r(39,95) r(31,78) a(36,73) r(39,61) a(5,74) r(32,60) d(5) a(36,65) d(37) r(36,49)", "fitness": 0.0}
{"generation": 9, "position": 60, "parents": [42], "genome": "a(39,45) d(32) r(38,96) a(36,49) d(39) r(31,32) a(37,29) a(36,73) r(39,61) a(5,74) r(32,60) d(5) a(36,65) d(37) d(36)", "fitness": 0.0}
{"generation": 10, "position": 0, "parents": [16], "genome": "d(35) a(39,65) r(38,42) d(29) a(6,45) d(39) a(32,125) a(5,82) a(37,96) d(6) a(5,145) a(37,72)", "fitness": 0.0}
{"generation": 10, "position": 1, "parents": [24], "genome": "a(39,45) r(38,42) r(35,45) d(39)", "fitness": 0.0}
{"generation": 10, "position": 2, "parents": [59, 58], "genome": "a(39,45) r(38,42) a(6,45) r(39,95) r(31,78) a(36,73) r(39,61) a(5,74) r(32,60) d(5) a(36,65) d(29) d(36) d(35) r(5,43) a(37,65) a(37,145)", "fitness": 0.0}
{"generation": 10, "position": 3, "parents": [59, 58], "genome": "a(39,45) d(32) r(38,96) a(36,49) d(39) r(31,32) a(37,29) d(37) r(36,49) r(7,44)", "fitness": 0.0}
{"generation": 10, "position": 4, "parents": [59], "genome": "a(39,45) r(38,42) a(6,45) r(39,95) r(31,78) a(36,73) r(39,61) a(5,74) r(32,60) d(5) a(36,65) d(37) r(36,49) r(29,58)", "fitness": 0.0}
{"generation": 10, "position": 5, "parents": [58], "genome": "a(39,45) d(32) r(38,96) a(36,49) d(39) r(31,32) a(37,29) d(29) d(36) d(35) r(5,43) a(37,65) d(37)", "fitness": 0.0}
{"generation": 10, "position": 6, "parents": [46], "genome": "a(6,41) r(29,39) r(39,61) d(38) r(35,78) r(32,5) d(37) d(5) a(36,49) r(36,95)", "fitness": 0.0}
{"generation": 10, "position": 7, "parents": [34], "genome": "d(35) a(39,65) r(38,42) a(6,45) r(39,95) r(31,78) d(29) a(5,82) a(37,96) r(5,50) a(32,125) d(32)", "fitness": 0.0}
{"generation": 10, "position": 8, "parents": [2, 56], "genome": "a(39,45) r(38,42) d(29) a(6,45) d(39) a(32,125) d(6) r(32,96) a(5,66) d(37) d(36) a(5,101)", "fitness": 0.0}
{"generation": 10, "position": 9, "parents": [2, 56], "genome": "d(35) a(39,65) d(32) r(38,96) a(36,49) d(39) r(31,32) a(37,29) a(36,73) r(39,61) a(5,74) r(32,60) d(5) a(36,65) d(37) a(36,65) r(36,37) a(29,32) a(29,47)", "fitness": 0.0}
{"generation": 10, "position": 10, "parents": [2], "genome": "a(39,45) d(32) r(38,96) a(36,49) d(39) r(31,32) a(37,29) a(36,73) r(39,61) a(5,74) r(32,60) d(5) a(36,65) d(37) a(36,65) r(36,37) a(29,32) r(29,35)", "fitness": 0.0}
{"generation": 10, "position": 11, "parents": [56], "genome": "d(35) a(39,65) r(38,42) d(29) a(6,45) d(39) a(32,125) d(6) r(32,96) a(5,66) d(37) d(36) d(5)", "fitness": 0.0}
{"generation": 10, "position": 12, "parents": [24], "genome": "a(39,45) r(38,42) r(35,45) r(7,6)", "fitness": 0.0}
{"generation": 10, "position": 13, "parents": [21], "genome": "a(39,45) r(38,42) a(6,45) r(39,95) r(31,78) d(29) d(36) d(35) d(37) d(6) r(39,61) r(38,83) d(6) a(37,133) d(31) r(29,125) a(32,82) d(32)", "fitness": 0.0}
{"generation": 10, "position": 14, "parents": [8], "genome": "a(39,45) d(32) r(38,96) a(36,49) d(39) r(31,32) a(7,29) d(6) d(32) a(36,73) r(39,61) a(5,74) r(32,60) d(5) a(36,65) a(37,80) a(29,76) r(29,58)", "fitness": 0.0}
{"generation": 10, "position": 15, "parents": [21], "genome": "a(39,45) r(38,42) a(6,45) r(39,95) r(31,78) d(29) d(36) d(35) d(37) d(6) r(39,61) r(38,83) d(6) a(37,133) d(31) r(29,125) a(32,82) r(32,43)", "fitness": 0.0}
{"generation": 10, "position": 16, "parents": [51], "genome": "a(39,45) r(32,44) d(39) r(38,46) d(37) d(6) r(38,160) a(39,46) r(39,73) d(32) d(31) d(29) a(36,96) r(36,93) a(5,90)", "fitness": 0.0}
{"generation": 10, "position": 17, "parents": [27], "genome": "r(6,46) a(39,49) d(38) d(39) r(29,124) r(36,41) r(37,43) a(32,48) r(35,90) a(32,61) a(32,72)", "fitness": 0.0}
{"generation": 10, "position": 18, "parents": [7, 40], "genome": "a(6,41) r(29,39) d(5) d(6) r(32,96) a(31,125) r(31,58) d(38)", "fitness": 0.0}
{"generation": 10, "position": 19, "parents": [7, 40], "genome": "d(35) a(39,65) r(32,44) d(39) r(38,46) d(37) d(6) r(5,36) d(36) a(5,66) r(39,83) d(38) d(31)", "fitness": 0.0}
{"generation": 10, "position": 20, "parents": [7], "genome": "a(6,41) r(29,39) d(5) d(6) r(32,96) a(5,66) r(39,83) d(38) a(36,35)", "fitness": 0.0}
{"generation": 10, "position": 21, "parents": [40], "genome": "d(35) a(39,65) r(32,44) d(39) r(38,46) d(37) d(6) r(5,36) d(36) a(31,125) r(31,58) a(29,78)", "fitness": 0.0}
{"generation": 10, "position": 22, "parents": [58, 41], "genome": "a(39,45) d(32) r(38,96) a(36,49) d(39) r(31,32) a(29,93) r(6,39) r(37,35) a(5,39)", "fitness": 0.0}
{"generation": 10, "position": 23, "parents": [58, 41], "genome": "a(39,45) r(38,160) a(39,46) r(39,73) d(32) d(31) a(37,29) d(29) d(36) d(35) r(5,43) a(37,65) d(37)", "fitness": 0.0}
{"generation": 10, "position": 24, "parents": [58], "genome": "a(39,45) d(32) r(38,96) a(36,49) d(39) r(31,32) a(37,29) d(29) d(36) d(35) r(5,43) a(37,65) a(37,50)", "fitness": 0.0}
{"generation": 10, "position": 25, "parents": [41], "genome": "a(39,45) r(38,160) a(39,46) r(39,73) d(32) d(31) a(29,93) r(6,39) r(37,35) r(29,48)", "fitness": 0.0}
{"generation": 10, "position": 26, "parents": [40, 44], "genome": "d(35) a(39,65) r(32,44) d(39) r(38,46) d(37) a(37,96) d(6) a(36,90) r(29,73)", "fitness": 0.0}
{"generation": 10, "position": 27, "parents": [40, 44], "genome": "a(6,41) r(29,39) r(39,61) d(38) r(35,78) r(32,5) a(32,125) a(5,82) d(6) r(5,36) d(36) a(31,125) r(31,58) r(37,96)", "fitness": 0.0}
{"generation": 10, "position": 28, "parents": [40], "genome": "d(35) a(39,65) r(32,44) d(39) r(38,46) d(37) d(6) r(5,36) d(36) a(31,125) r(31,58) r(29,125)", "fitness": 0.0}
{"generation": 10, "position": 29, "parents": [44], "genome": "a(6,41) r(29,39) r(39,61) d(38) r(35,78) r(32,5) a(32,125) a(5,82) a(37,96) d(6) a(36,90) r(5,45)", "fitness": 0.0}
{"generation": 10, "position": 30, "parents": [21, 47], "genome": "a(39,45) r(38,42) a(6,45) r(39,95) r(31,78) d(29) d(36) d(35) d(37) d(6) r(38,42) d(29) a(6,45) d(39) a(32,125) a(5,82) a(37,96) d(6) r(36,45) a(5,124)", "fitness": 0.0}
{"generation": 10, "position": 31, "parents": [21, 47], "genome": "d(35) a(39,65) r(39,61) r(38,83) d(6) a(37,133) d(31) r(29,125) a(32,82) d(5)", "fitness": 0.0}
{"generation": 10, "position": 32, "parents": [21], "genome": "a(39,45) r(38,42) a(6,45) r(39,95) r(31,78) d(29) d(36) d(35) d(37) d(6) r(39,61) r(38,83) d(6) a(37,133) d(31) r(29,125) a(32,82) a(32,160)", "fitness": 0.0}
{"generation": 10, "position": 33, "parents": [47], "genome": "d(35) a(39,65) r(38,42) d(29) a(6,45) d(39) a(32,125) a(5,82) a(37,96) d(6) r(36,45) a(5,79)", "fitness": 0.0}
{"generation": 10, "position": 34, "parents": [53, 26], "genome": "a(39,45) d(32) r(38,96) a(36,49) d(39) r(31,32) a(37,29) d(29)", "fitness": 0.0}
{"generation": 10, "position": 35, "parents": [53, 26], "genome": "a(39,45) r(38,42) a(6,45) r(39,95) r(31,78) d(29) d(36) d(35) a(6,145) r(32,47) r(32,44) d(39) r(38,46) d(37) r(37,43) a(32,48) r(5,76) d(36)", "fitness": 0.0}
{"generation": 10, "position": 36, "parents": [53], "genome": "a(39,45) d(32) r(38,96) a(36,49) d(39) r(31,32) a(37,29) r(32,44) d(39) r(38,46) d(37) r(37,43) a(32,48) r(5,76) d(36) d(29)", "fitness": 0.0}
{"generation": 10, "position": 37, "parents": [26], "genome": "a(39,45) r(38,42) a(6,45) r(39,95) r(31,78) d(29) d(36) d(35) a(6,145) r(32,47) a(5,104)", "fitness": 0.0}
{"generation": 10, "position": 38, "parents": [48], "genome": "a(39,45) d(32) r(38,96) a(39,65) r(38,42) a(6,45) r(39,95) r(39,61) r(38,83) d(6) a(37,133) d(31) r(29,125) r(36,124) a(5,79)", "fitness": 0.0}
{"generation": 10, "position": 39, "parents": [7], "genome": "a(6,41) r(29,39) d(5) d(6) r(32,96) a(5,66) r(39,83) d(38) d(37)", "fitness": 0.0}
{"generation": 10, "position": 40, "parents": [31], "genome": "d(35) a(39,65) r(38,160) a(39,46) r(39,73) a(7,45) d(7) a(29,95) a(5,32) r(32,44) r(6,61)", "fitness": 0.0}
{"generation": 10, "position": 41, "parents": [16], "genome": "d(35) a(39,65) r(38,42) d(29) a(6,45) d(39) a(32,125) a(5,82) a(37,96) d(6) a(5,145) a(37,49)", "fitness": 0.0}
{"generation": 10, "position": 42, "parents": [59], "genome": "a(39,45) r(38,42) a(6,45) r(39,95) r(31,78) a(36,73) r(39,61) a(5,74) r(32,60) d(5) a(36,65) d(37) r(36,49) r(29,133)", "fitness": 0.0}
{"generation": 10, "position": 43, "parents": [12], "genome": "d(35) a(39,65) r(38,160) a(39,46) r(39,73) a(7,45) d(7) a(29,95) a(31,80) r(36,42) r(37,49)", "fitness": 0.0}
{"generation": 10, "position": 44, "parents": [23, 18], "genome": "a(39,45) r(38,42) a(6,45) r(39,95) r(31,78) d(29) d(36) d(35) r(32,72) r(6,31)", "fitness": 0.0}
{"generation": 10, "position": 45, "parents": [23, 18], "genome": "a(39,45) r(38,42) a(6,45) r(39,95) r(31,78) d(29) d(36) d(35) d(37) d(6) r(5,36) d(36) a(32,39) d(37) d(6) r(5,36) d(36) a(32,39) d(32)", "fitness": 0.0}
{"generation": 10, "position": 46, "parents": [23], "genome": "a(39,45) r(38,42) a(6,45) r(39,95) r(31,78) d(29) d(36) d(35) d(37) d(6) r(5,36) d(36) a(32,39) d(32)", "fitness": 0.0}
{"generation": 10, "position": 47, "parents": [18], "genome": "a(39,45) r(38,42) a(6,45) r(39,95) r(31,78) d(29) d(36) d(35) d(37) d(6) r(5,36) d(36) a(32,39) r(32,72)", "fitness": 0.0}
{"generation": 10, "position": 48, "parents": [4], "genome": "a(39,45) d(32) r(38,96) a(36,49) d(39) r(31,32) a(37,29) a(36,73) r(39,61) a(5,74) r(32,60) d(5) a(36,65) d(37) r(29,37) d(36)", "fitness": 0.0}
{"generation": 10, "position": 49, "parents": [22], "genome": "a(39,45) d(32) r(38,96) a(39,65) r(38,42) a(6,45) r(39,95) r(39,61) r(38,83) d(6) a(37,133) d(31) r(29,125) a(36,43) a(37,90)", "fitness": 0.0}
{"generation": 10, "position": 50, "parents": [13, 7], "genome": "a(39,45) d(32) r(38,96) d(38) d(39)", "fitness": 0.0}
{"generation": 10, "position": 51, "parents": [13, 7], "genome": "a(6,41) r(29,39) d(5) d(6) r(32,96) a(5,66) r(39,83) a(39,46) r(39,73) d(32) d(31) d(29) r(6,45) r(37,154) a(36,53)", "fitness": 0.0}
{"generation": 10, "position": 52, "parents": [13], "genome": "a(39,45) d(32) r(38,96) a(39,46) r(39,73) d(32) d(31) d(29) r(6,45) r(37,154) r(5,37)", "fitness": 0.0}
{"generation": 10, "position": 53, "parents": [7], "genome": "a(6,41) r(29,39) d(5) d(6) r(32,96) a(5,66) r(39,83) d(38) r(37,58)", "fitness": 0.0}
{"generation": 10, "position": 54, "parents": [33], "genome": "a(39,45) r(38,42) a(6,45) r(39,95) r(31,78) d(29) d(36) d(35) d(37) d(6) r(5,36) d(36) a(32,39) d(32)", "fitness": 0.0}
{"generation": 10, "position": 55, "parents": [10], "genome": "a(39,45) d(32) r(38,96) a(36,49) d(39) r(31,32) a(37,29) d(6) r(38,160) d(39) r(29,39) d(5) d(36) a(37,45) r(37,5)", "fitness": 0.0}
{"generation": 10, "position": 56, "parents": [29], "genome": "d(35) a(39,65) r(38,160) a(39,46) r(39,73) a(7,45) d(7) d(31) r(36,95) a(5,101) a(6,73)", "fitness": 0.0}