[meta]
{"program": "genprog-3.0", "problem": {"ideal_fitness": "12", "type": "repair", "name": "ultrix-look", "enclosure": {"1": 0, "2": 0, "3": 0, "4": 0, "5": 0, "6": 5, "7": 6, "8": 7, "11": 5, "12": 11, "14": 0, "16": 0, "18": 0, "19": 0, "20": 19, "21": 19, "26": 11, "27": 5, "28": 5, "29": 0, "30": 29, "31": 29, "32": 0, "33": 32, "34": 32, "35": 32, "36": 0, "37": 0, "38": 37, "39": 37, "40": 37, "41": 0, "42": 0, "43": 0, "44": 0, "45": 0, "46": 45, "47": 45, "48": 45, "49": 48, "50": 48, "51": 48, "52": 51, "53": 52, "56": 45, "57": 45, "58": 57, "60": 45, "61": 45, "63": 0, "65": 63, "66": 0, "68": 0, "71": 45, "72": 0, "73": 0, "74": 73, "75": 73, "76": 75, "78": 73, "79": 73, "80": 79, "81": 79, "82": 73, "83": 73, "85": 0, "86": 0, "90": 0, "91": 90, "92": 90, "93": 92, "95": 90, "96": 90, "98": 0, "101": 0, "102": 0, "103": 102, "104": 103, "106": 102, "107": 106, "108": 106, "109": 102, "110": 102, "111": 0, "112": 111, "113": 111, "114": 113, "115": 113, "116": 115, "117": 115, "118": 113, "119": 111, "120": 0, "121": 0, "122": 121, "123": 121, "124": 123, "125": 123, "126": 121, "128": 126, "129": 121, "130": 121, "131": 121, "132": 0, "133": 0, "134": 0, "135": 134, "136": 134, "137": 134, "138": 134, "139": 134, "140": 139, "142": 139, "143": 142, "145": 142, "146": 134, "147": 146, "148": 146, "149": 148, "150": 148, "151": 148, "152": 151, "154": 146, "155": 134, "156": 155, "157": 155, "158": 157, "159": 157, "160": 155, "161": 134, "162": 134, "163": 0}}, "version": "0.0.2", "seed": 38, "algorithm": {"representation": "patch", "type": "genetic", "name": "ALGORITHM-NAME"}}

[data]
{"generation": 0, "position": 0, "parents": [], "genome": "a(39,45)", "fitness": 4.0}
{"generation": 0, "position": 1, "parents": [], "genome": "a(38,38)", "fitness": 4.0}
{"generation": 0, "position": 2, "parents": [], "genome": "a(39,108)", "fitness": 4.0}
{"generation": 0, "position": 3, "parents": [], "genome": "a(31,79)", "fitness": 0.0}
{"generation": 0, "position": 4, "parents": [], "genome": "r(38,53)", "fitness": 4.0}
{"generation": 0, "position": 5, "parents": [], "genome": "r(38,47)", "fitness": 4.0}
{"generation": 0, "position": 6, "parents": [], "genome": "a(39,36)", "fitness": 4.0}
{"generation": 0, "position": 7, "parents": [], "genome": "r(39,74)", "fitness": 4.0}
{"generation": 0, "position": 8, "parents": [], "genome": "a(38,58)", "fitness": 4.0}
{"generation": 0, "position": 9, "parents": [], "genome": "a(39,163)", "fitness": 4.0}
{"generation": 0, "position": 10, "parents": [], "genome": "a(29,79)", "fitness": 0.0}
{"generation": 0, "position": 11, "parents": [], "genome": "d(38)", "fitness": 4.0}
{"generation": 0, "position": 12, "parents": [], "genome": "r(39,128)", "fitness": 4.0}
{"generation": 0, "position": 13, "parents": [], "genome": "d(38)", "fitness": 4.0}
{"generation": 0, "position": 14, "parents": [], "genome": "a(38,60)", "fitness": 4.0}
{"generation": 0, "position": 15, "parents": [], "genome": "a(39,39)", "fitness": 4.0}
{"generation": 0, "position": 16, "parents": [], "genome": "d(39)", "fitness": 4.0}
{"generation": 0, "position": 17, "parents": [], "genome": "d(31)", "fitness": 4.0}
{"generation": 0, "position": 18, "parents": [], "genome": "r(39,53)", "fitness": 4.0}
{"generation": 0, "position": 19, "parents": [], "genome": "r(37,73)", "fitness": 4.0}
{"generation": 0, "position": 20, "parents": [], "genome": "r(31,40)", "fitness": 4.0}
{"generation": 0, "position": 21, "parents": [], "genome": "r(39,41)", "fitness": 4.0}
{"generation": 0, "position": 22, "parents": [], "genome": "r(39,90)", "fitness": 4.0}
{"generation": 0, "position": 23, "parents": [], "genome": "r(39,61)", "fitness": 4.0}
{"generation": 0, "position": 24, "parents": [], "genome": "r(39,40)", "fitness": 4.0}
{"generation": 0, "position": 25, "parents": [], "genome": "a(39,145)", "fitness": 4.0}
{"generation": 0, "position": 26, "parents": [], "genome": "a(38,76)", "fitness": 4.0}
{"generation": 0, "position": 27, "parents": [], "genome": "a(38,154)", "fitness": 4.0}
{"generation": 0, "position": 28, "parents": [], "genome": "r(35,154)", "fitness": 0.0}
{"generation": 0, "position": 29, "parents": [], "genome": "d(38)", "fitness": 4.0}
{"generation": 0, "position": 30, "parents": [], "genome": "r(38,160)", "fitness": 4.0}
{"generation": 0, "position": 31, "parents": [], "genome": "d(39)", "fitness": 4.0}
{"generation": 0, "position": 32, "parents": [], "genome": "a(38,154)", "fitness": 4.0}
{"generation": 0, "position": 33, "parents": [], "genome": "d(38)", "fitness": 4.0}
{"generation": 0, "position": 34, "parents": [], "genome": "r(38,48)", "fitness": 4.0}
{"generation": 0, "position": 35, "parents": [], "genome": "d(39)", "fitness": 4.0}
{"generation": 0, "position": 36, "parents": [], "genome": "r(38,49)", "fitness": 4.0}
{"generation": 0, "position": 37, "parents": [], "genome": "d(38)", "fitness": 4.0}
{"generation": 0, "position": 38, "parents": [], "genome": "d(38)", "fitness": 4.0}
{"generation": 0, "position": 39, "parents": [], "genome": "original", "fitness": 4.0}
{"generation": 1, "position": 0, "parents": [30], "genome": "r(38,160) a(39,154)", "fitness": 4.0}
{"generation": 1, "position": 1, "parents": [31], "genome": "d(39) d(32)", "fitness": 0.0}
{"generation": 1, "position": 2, "parents": [4], "genome": "r(38,53) a(39,36)", "fitness": 4.0}
{"generation": 1, "position": 3, "parents": [9], "genome": "a(39,163) d(39)", "fitness": 4.0}
{"generation": 1, "position": 4, "parents": [10, 15], "genome": "a(29,79) d(39)", "fitness": 0.0}
{"generation": 1, "position": 5, "parents": [10, 15], "genome": "a(39,39) d(38)", "fitness": 4.0}
{"generation": 1, "position": 6, "parents": [10], "genome": "a(29,79) d(39)", "fitness": 0.0}
{"generation": 1, "position": 7, "parents": [15], "genome": "a(39,39) d(39)", "fitness": 4.0}
{"generation": 1, "position": 8, "parents": [9], "genome": "a(39,163) r(38,82)", "fitness": 4.0}
{"generation": 1, "position": 9, "parents": [25], "genome": "a(39,145) a(39,76)", "fitness": 4.0}
{"generation": 1, "position": 10, "parents": [36, 4], "genome": "r(38,49) a(36,65)", "fitness": 4.0}
{"generation": 1, "position": 11, "parents": [36, 4], "genome": "r(38,53) a(36,60)", "fitness": 4.0}
{"generation": 1, "position": 12, "parents": [36], "genome": "r(38,49) a(39,5)", "fitness": 4.0}
{"generation": 1, "position": 13, "parents": [4], "genome": "r(38,53) d(35)", "fitness": 0.0}
{"generation": 1, "position": 14, "parents": [35, 10], "genome": "d(39) a(38,61)", "fitness": 4.0}
{"generation": 1, "position": 15, "parents": [35, 10], "genome": "a(29,79) a(5,80)", "fitness": 0.0}
{"generation": 1, "position": 16, "parents": [35], "genome": "d(39) r(36,154)", "fitness": 0.0}
{"generation": 1, "position": 17, "parents": [10], "genome": "a(29,79) a(39,163)", "fitness": 0.0}
{"generation": 1, "position": 18, "parents": [2, 3], "genome": "a(39,108) d(38)", "fitness": 4.0}
{"generation": 1, "position": 19, "parents": [2, 3], "genome": "a(31,79) a(39,104)", "fitness": 0.0}
{"generation": 1, "position": 20, "parents": [2], "genome": "a(39,108) r(29,36)", "fitness": 4.0}
{"generation": 1, "position": 21, "parents": [3], "genome": "a(31,79) r(38,32)", "fitness": 0.0}
{"generation": 1, "position": 22, "parents": [1, 33], "genome": "a(38,38) a(39,36)", "fitness": 4.0}
{"generation": 1, "position": 23, "parents": [1, 33], "genome": "d(38) r(39,40)", "fitness": 4.0}
{"generation": 1, "position": 24, "parents": [1], "genome": "a(38,38) r(39,101)", "fitness": 4.0}
{"generation": 1, "position": 25, "parents": [33], "genome": "d(38) d(39)", "fitness": 4.0}
{"generation": 1, "position": 26, "parents": [5], "genome": "r(38,47) r(29,43)", "fitness": 0.0}
{"generation": 1, "position": 27, "parents": [0], "genome": "a(39,45) a(7,108)", "fitness": 4.0}
{"generation": 1, "position": 28, "parents": [33, 39], "genome": "d(38) a(29,83)", "fitness": 4.0}
{"generation": 1, "position": 29, "parents": [33, 39], "genome": "a(31,76)", "fitness": 4.0}
{"generation": 1, "position": 30, "parents": [33], "genome": "d(38) r(7,160)", "fitness": 12.0}
{"generation": 1, "position": 31, "parents": [39], "genome": "r(38,125)", "fitness": 4.0}
{"generation": 1, "position": 32, "parents": [31, 1], "genome": "d(39) r(32,65)", "fitness": 0.0}
{"generation": 1, "position": 33, "parents": [31, 1], "genome": "a(38,38) r(36,37)", "fitness": 0.0}
{"generation": 1, "position": 34, "parents": [31], "genome": "d(39) d(38)", "fitness": 4.0}
{"generation": 1, "position": 35, "parents": [1], "genome": "a(38,38) r(38,93)", "fitness": 4.0}
{"generation": 1, "position": 36, "parents": [32], "genome": "a(38,154) a(7,83)", "fitness": 4.0}
{"generation": 1, "position": 37, "parents": [34], "genome": "r(38,48) a(39,60)", "fitness": 4.0}
{"generation": 1, "position": 38, "parents": [28, 34], "genome": "r(35,154) d(38)", "fitness": 0.0}
{"generation": 1, "position": 39, "parents": [28, 34], "genome": "r(38,48) r(31,38)", "fitness": 4.0}
{"generation": 1, "position": 40, "parents": [28], "genome": "r(35,154) r(5,48)", "fitness": 0.0}
{"generation": 1, "position": 41, "parents": [34], "genome": "r(38,48) r(35,95)", "fitness": 0.0}
{"generation": 1, "position": 42, "parents": [6], "genome": "a(39,36) d(31)", "fitness": 4.0}
{"generation": 1, "position": 43, "parents": [21], "genome": "r(39,41) d(32)", "fitness": 0.0}
{"generation": 1, "position": 44, "parents": [17, 24], "genome": "d(31) d(38)", "fitness": 4.0}
{"generation": 1, "position": 45, "parents": [17, 24], "genome": "r(39,40) a(35,44)", "fitness": 0.0}
{"generation": 1, "position": 46, "parents": [17], "genome": "d(31) a(39,61)", "fitness": 4.0}
{"generation": 1, "position": 47, "parents": [24], "genome": "r(39,40) d(36)", "fitness": 0.0}
{"generation": 1, "position": 48, "parents": [16], "genome": "d(39) r(38,66)", "fitness": 4.0}
{"generation": 1, "position": 49, "parents": [6], "genome": "a(39,36) a(38,47)", "fitness": 4.0}
{"generation": 1, "position": 50, "parents": [10, 37], "genome": "a(29,79) a(31,82)", "fitness": 12.0}
{"generation": 1, "position": 51, "parents": [10, 37], "genome": "d(38) r(39,61)", "fitness": 4.0}
{"generation": 1, "position": 52, "parents": [10], "genome": "a(29,79) a(5,163)", "fitness": 12.0}
{"generation": 1, "position": 53, "parents": [37], "genome": "d(38) d(36)", "fitness": 0.0}
{"generation": 1, "position": 54, "parents": [3], "genome": "a(31,79) a(38,56)", "fitness": 0.0}
{"generation": 1, "position": 55, "parents": [8], "genome": "a(38,58) d(38)", "fitness": 4.0}
{"generation": 1, "position": 56, "parents": [17], "genome": "d(31) d(39)", "fitness": 4.0}
{"generation": 1, "position": 57, "parents": [6], "genome": "a(39,36) a(38,53)", "fitness": 4.0}
{"generation": 1, "position": 58, "parents": [36], "genome": "r(38,49) d(39)", "fitness": 4.0}
{"generation": 2, "position": 0, "parents": [41], "genome": "r(38,48) r(35,95) d(7)", "fitness": 12.0}
{"generation": 2, "position": 1, "parents": [22], "genome": "a(38,38) a(39,36) r(31,154)", "fitness": 4.0}
{"generation": 2, "position": 2, "parents": [32, 5], "genome": "d(39) a(38,101)", "fitness": 4.0}
{"generation": 2, "position": 3, "parents": [32, 5], "genome": "a(39,39) d(38) r(32,65) d(39)", "fitness": 0.0}
{"generation": 2, "position": 4, "parents": [32], "genome": "d(39) r(32,65) d(38)", "fitness": 0.0}
{"generation": 2, "position": 5, "parents": [5], "genome": "a(39,39) d(38) a(39,41)", "fitness": 4.0}
{"generation": 2, "position": 6, "parents": [45, 55], "genome": "r(39,40) d(38) d(36)", "fitness": 0.0}
{"generation": 2, "position": 7, "parents": [45, 55], "genome": "a(38,58) a(35,44) d(38)", "fitness": 0.0}
{"generation": 2, "position": 8, "parents": [45], "genome": "r(39,40) a(35,44) a(38,128)", "fitness": 0.0}
{"generation": 2, "position": 9, "parents": [55], "genome": "a(38,58) d(38) d(29)", "fitness": 4.0}
{"generation": 2, "position": 10, "parents": [51, 4], "genome": "d(38) r(39,133)", "fitness": 4.0}
{"generation": 2, "position": 11, "parents": [51, 4], "genome": "a(29,79) d(39) r(39,61) d(5)", "fitness": 0.0}
{"generation": 2, "position": 12, "parents": [51], "genome": "d(38) r(39,61) r(5,58)", "fitness": 4.0}
{"generation": 2, "position": 13, "parents": [4], "genome": "a(29,79) d(39) d(32)", "fitness": 0.0}
{"generation": 2, "position": 14, "parents": [44], "genome": "d(31) d(38) d(39)", "fitness": 4.0}
{"generation": 2, "position": 15, "parents": [25], "genome": "d(38) d(39) r(31,125)", "fitness": 4.0}
{"generation": 2, "position": 16, "parents": [0, 46], "genome": "r(38,160) a(39,154) a(39,61) a(39,61)", "fitness": 4.0}
{"generation": 2, "position": 17, "parents": [0, 46], "genome": "d(31) a(38,163)", "fitness": 4.0}
{"generation": 2, "position": 18, "parents": [0], "genome": "r(38,160) a(39,154) r(39,32)", "fitness": 4.0}
{"generation": 2, "position": 19, "parents": [46], "genome": "d(31) a(39,61) a(38,82)", "fitness": 4.0}
{"generation": 2, "position": 20, "parents": [12], "genome": "r(38,49) a(39,5) a(35,60)", "fitness": 4.0}
{"generation": 2, "position": 21, "parents": [15], "genome": "a(29,79) a(5,80) d(32)", "fitness": 0.0}
{"generation": 2, "position": 22, "parents": [29, 33], "genome": "a(31,76) d(39)", "fitness": 4.0}
{"generation": 2, "position": 23, "parents": [29, 33], "genome": "a(38,38) r(36,37) d(38)", "fitness": 0.0}
{"generation": 2, "position": 24, "parents": [29], "genome": "a(31,76) r(38,56)", "fitness": 4.0}
{"generation": 2, "position": 25, "parents": [33], "genome": "a(38,38) r(36,37) d(39)", "fitness": 0.0}
{"generation": 2, "position": 26, "parents": [51, 44], "genome": "d(38) r(39,61) d(38) r(37,56)", "fitness": 4.0}
{"generation": 2, "position": 27, "parents": [51, 44], "genome": "d(31) a(36,78)", "fitness": 4.0}
{"generation": 2, "position": 28, "parents": [51], "genome": "d(38) r(39,61) r(37,104)", "fitness": 4.0}
{"generation": 2, "position": 29, "parents": [44], "genome": "d(31) d(38) r(6,93)", "fitness": 0.0}
{"generation": 2, "position": 30, "parents": [49, 20], "genome": "a(39,36) a(31,78)", "fitness": 0.0}
{"generation": 2, "position": 31, "parents": [49, 20], "genome": "a(39,108) r(29,36) a(38,47) a(35,79)", "fitness": 0.0}
{"generation": 2, "position": 32, "parents": [49], "genome": "a(39,36) a(38,47) a(36,36)", "fitness": 4.0}
{"generation": 2, "position": 33, "parents": [20], "genome": "a(39,108) r(29,36) r(39,56)", "fitness": 4.0}
{"generation": 2, "position": 34, "parents": [53, 6], "genome": "d(38) d(36) d(39) r(5,38)", "fitness": 0.0}
{"generation": 2, "position": 35, "parents": [53, 6], "genome": "a(29,79) r(31,60)", "fitness": 12.0}
{"generation": 2, "position": 36, "parents": [53], "genome": "d(38) d(36) a(32,37)", "fitness": 0.0}
{"generation": 2, "position": 37, "parents": [6], "genome": "a(29,79) d(39) a(5,47)", "fitness": 0.0}
{"generation": 2, "position": 38, "parents": [34], "genome": "d(39) d(38) r(7,57)", "fitness": 4.0}
{"generation": 2, "position": 39, "parents": [48], "genome": "d(39) r(38,66) d(31)", "fitness": 4.0}
{"generation": 2, "position": 40, "parents": [53, 41], "genome": "d(38) d(36) r(35,95) d(39)", "fitness": 0.0}
{"generation": 2, "position": 41, "parents": [53, 41], "genome": "r(38,48) a(7,128)", "fitness": 4.0}
{"generation": 2, "position": 42, "parents": [53], "genome": "d(38) d(36) a(39,160)", "fitness": 0.0}
{"generation": 2, "position": 43, "parents": [41], "genome": "r(38,48) r(35,95) d(36)", "fitness": 0.0}
{"generation": 2, "position": 44, "parents": [6, 38], "genome": "a(29,79) d(39) d(6)", "fitness": 0.0}
{"generation": 2, "position": 45, "parents": [6, 38], "genome": "r(35,154) d(38) a(6,78)", "fitness": 0.0}
{"generation": 2, "position": 46, "parents": [6], "genome": "a(29,79) d(39) d(38)", "fitness": 0.0}
{"generation": 2, "position": 47, "parents": [38], "genome": "r(35,154) d(38) d(39)", "fitness": 0.0}
{"generation": 2, "position": 48, "parents": [19], "genome": "a(31,79) a(39,104) r(37,32)", "fitness": 0.0}
{"generation": 2, "position": 49, "parents": [16], "genome": "d(39) r(36,154) r(31,46)", "fitness": 0.0}
{"generation": 2, "position": 50, "parents": [26, 26], "genome": "r(38,47) r(29,43) r(39,53)", "fitness": 0.0}
{"generation": 2, "position": 51, "parents": [26, 26], "genome": "r(38,47) r(29,43) a(37,42)", "fitness": 0.0}
{"generation": 2, "position": 52, "parents": [26], "genome": "r(38,47) r(29,43) r(32,45)", "fitness": 0.0}
{"generation": 2, "position": 53, "parents": [26], "genome": "r(38,47) r(29,43) a(6,73)", "fitness": 0.0}
{"generation": 2, "position": 54, "parents": [40], "genome": "r(35,154) r(5,48) d(39)", "fitness": 0.0}
{"generation": 2, "position": 55, "parents": [56], "genome": "d(31) d(39) r(38,93)", "fitness": 4.0}
{"generation": 2, "position": 56, "parents": [37], "genome": "r(38,48) a(39,60) a(37,47)", "fitness": 4.0}
{"generation": 2, "position": 57, "parents": [47], "genome": "r(39,40) d(36) r(5,60)", "fitness": 0.0}
{"generation": 2, "position": 58, "parents": [20], "genome": "a(39,108) r(29,36) a(37,49)", "fitness": 4.0}
{"generation": 2, "position": 59, "parents": [12], "genome": "r(38,49) a(39,5) r(31,49)", "fitness": 0.0}
{"generation": 2, "position": 60, "parents": [17, 47], "genome": "a(29,79) d(36) r(39,74)", "fitness": 0.0}
{"generation": 2, "position": 61, "parents": [17, 47], "genome": "r(39,40) a(39,163) d(31)", "fitness": 4.0}
{"generation": 2, "position": 62, "parents": [17], "genome": "a(29,79) a(39,163) d(38)", "fitness": 0.0}
{"generation": 3, "position": 0, "parents": [60, 42], "genome": "a(29,79) d(36) r(39,74) d(36) a(39,160) a(38,96)", "fitness": 0.0}
{"generation": 3, "position": 1, "parents": [60, 42], "genome": "d(38) a(5,56)", "fitness": 0.0}
{"generation": 3, "position": 2, "parents": [60], "genome": "a(29,79) d(36) r(39,74) a(38,37)", "fitness": 0.0}
{"generation": 3, "position": 3, "parents": [42], "genome": "d(38) d(36) a(39,160) a(39,37)", "fitness": 0.0}
{"generation": 3, "position": 4, "parents": [62], "genome": "a(29,79) a(39,163) d(38) a(31,66)", "fitness": 0.0}
{"generation": 3, "position": 5, "parents": [8], "genome": "r(39,40) a(35,44) a(38,128) a(38,93)", "fitness": 0.0}
{"generation": 3, "position": 6, "parents": [51, 43], "genome": "r(38,47) d(39)", "fitness": 4.0}
{"generation": 3, "position": 7, "parents": [51, 43], "genome": "r(38,48) r(35,95) d(36) r(29,43) a(37,42) a(39,163)", "fitness": 0.0}
{"generation": 3, "position": 8, "parents": [51], "genome": "r(38,47) r(29,43) a(37,42) r(39,101)", "fitness": 0.0}
{"generation": 3, "position": 9, "parents": [43], "genome": "r(38,48) r(35,95) d(36) d(39)", "fitness": 0.0}
{"generation": 3, "position": 10, "parents": [42, 38], "genome": "d(38) d(38) r(7,57) d(39)", "fitness": 4.0}
{"generation": 3, "position": 11, "parents": [42, 38], "genome": "d(39) d(36) a(39,160) r(38,5)", "fitness": 0.0}
{"generation": 3, "position": 12, "parents": [42], "genome": "d(38) d(36) a(39,160) r(32,42)", "fitness": 0.0}
{"generation": 3, "position": 13, "parents": [38], "genome": "d(39) d(38) r(7,57) d(35)", "fitness": 0.0}
{"generation": 3, "position": 14, "parents": [1, 55], "genome": "a(38,38) a(39,36) r(31,154) d(39) r(38,93) r(7,96)", "fitness": 12.0}
{"generation": 3, "position": 15, "parents": [1, 55], "genome": "d(31) r(38,128)", "fitness": 4.0}
{"generation": 3, "position": 16, "parents": [1], "genome": "a(38,38) a(39,36) r(31,154) r(38,32)", "fitness": 4.0}
{"generation": 3, "position": 17, "parents": [55], "genome": "d(31) d(39) r(38,93) d(37)", "fitness": 4.0}
{"generation": 3, "position": 18, "parents": [53], "genome": "r(38,47) r(29,43) a(6,73) a(5,60)", "fitness": 0.0}
{"generation": 3, "position": 19, "parents": [45], "genome": "r(35,154) d(38) a(6,78) r(39,46)", "fitness": 0.0}
{"generation": 3, "position": 20, "parents": [24, 62], "genome": "a(31,76) d(38) r(32,56)", "fitness": 0.0}
{"generation": 3, "position": 21, "parents": [24, 62], "genome": "a(29,79) a(39,163) r(38,56) r(37,39)", "fitness": 0.0}
{"generation": 3, "position": 22, "parents": [24], "genome": "a(31,76) r(38,56) a(32,31)", "fitness": 4.0}
{"generation": 3, "position": 23, "parents": [62], "genome": "a(29,79) a(39,163) d(38) d(39)", "fitness": 0.0}
{"generation": 3, "position": 24, "parents": [8], "genome": "r(39,40) a(35,44) a(38,128) r(38,42)", "fitness": 0.0}
{"generation": 3, "position": 25, "parents": [6], "genome": "r(39,40) d(38) d(36) a(7,32)", "fitness": 0.0}
{"generation": 3, "position": 26, "parents": [8], "genome": "r(39,40) a(35,44) a(38,128) a(29,46)", "fitness": 0.0}
{"generation": 3, "position": 27, "parents": [34], "genome": "d(38) d(36) d(39) r(5,38) a(29,40)", "fitness": 0.0}
{"generation": 3, "position": 28, "parents": [36], "genome": "d(38) d(36) a(32,37) r(39,29)", "fitness": 0.0}
{"generation": 3, "position": 29, "parents": [3], "genome": "a(39,39) d(38) r(32,65) d(39) r(5,78)", "fitness": 0.0}
{"generation": 3, "position": 30, "parents": [7], "genome": "a(38,58) a(35,44) d(38) r(39,93)", "fitness": 0.0}
{"generation": 3, "position": 31, "parents": [46], "genome": "a(29,79) d(39) d(38) r(36,124)", "fitness": 0.0}
{"generation": 3, "position": 32, "parents": [50], "genome": "r(38,47) r(29,43) r(39,53) a(5,36)", "fitness": 0.0}
{"generation": 3, "position": 33, "parents": [59], "genome": "r(38,49) a(39,5) r(31,49) d(5)", "fitness": 0.0}
{"generation": 3, "position": 34, "parents": [53, 30], "genome": "r(38,47) r(5,44)", "fitness": 0.0}
{"generation": 3, "position": 35, "parents": [53, 30], "genome": "a(39,36) a(31,78) r(29,43) a(6,73) a(39,43)", "fitness": 0.0}
{"generation": 3, "position": 36, "parents": [53], "genome": "r(38,47) r(29,43) a(6,73) a(7,163)", "fitness": 0.0}
{"generation": 3, "position": 37, "parents": [30], "genome": "a(39,36) a(31,78) a(37,145)", "fitness": 0.0}
{"generation": 3, "position": 38, "parents": [60, 26], "genome": "a(29,79) d(36) r(39,74) d(38) r(37,56) r(5,83)", "fitness": 12.0}
{"generation": 3, "position": 39, "parents": [60, 26], "genome": "d(38) r(39,61) a(5,96)", "fitness": 4.0}
{"generation": 3, "position": 40, "parents": [60], "genome": "a(29,79) d(36) r(39,74) d(35)", "fitness": 0.0}
{"generation": 3, "position": 41, "parents": [26], "genome": "d(38) r(39,61) d(38) r(37,56) a(7,66)", "fitness": 4.0}
{"generation": 3, "position": 42, "parents": [16, 51], "genome": "r(38,160) a(39,154) a(36,80)", "fitness": 4.0}
{"generation": 3, "position": 43, "parents": [16, 51], "genome": "r(38,47) r(29,43) a(37,42) a(39,61) a(39,61) d(36)", "fitness": 0.0}
{"generation": 3, "position": 44, "parents": [16], "genome": "r(38,160) a(39,154) a(39,61) a(39,61) r(36,133)", "fitness": 0.0}
{"generation": 3, "position": 45, "parents": [51], "genome": "r(38,47) r(29,43) a(37,42) a(39,78)", "fitness": 0.0}
{"generation": 3, "position": 46, "parents": [25], "genome": "a(38,38) r(36,37) d(39) a(38,53)", "fitness": 0.0}
{"generation": 3, "position": 47, "parents": [22], "genome": "a(31,76) d(39) d(6)", "fitness": 0.0}
{"generation": 3, "position": 48, "parents": [46], "genome": "a(29,79) d(39) d(38) a(29,90)", "fitness": 0.0}
{"generation": 3, "position": 49, "parents": [63], "genome": "r(39,40) d(36) r(31,66) d(32)", "fitness": 0.0}
{"generation": 3, "position": 50, "parents": [50, 37], "genome": "r(38,47) a(31,162)", "fitness": 4.0}
{"generation": 3, "position": 51, "parents": [50, 37], "genome": "a(29,79) d(39) a(5,47) r(29,43) r(39,53) a(38,41)", "fitness": 0.0}
{"generation": 3, "position": 52, "parents": [50], "genome": "r(38,47) r(29,43) r(39,53) d(32)", "fitness": 0.0}
{"generation": 3, "position": 53, "parents": [37], "genome": "a(29,79) d(39) a(5,47) d(5)", "fitness": 0.0}
{"generation": 3, "position": 54, "parents": [42], "genome": "d(38) d(36) a(39,160) d(29)", "fitness": 0.0}
{"generation": 3, "position": 55, "parents": [23], "genome": "a(38,38) r(36,37) d(38) r(29,78)", "fitness": 0.0}
{"generation": 3, "position": 56, "parents": [52, 22], "genome": "r(38,47) r(29,43) d(39) a(7,50)", "fitness": 0.0}
{"generation": 3, "position": 57, "parents": [52, 22], "genome": "a(31,76) r(32,45) d(39)", "fitness": 0.0}
{"generation": 3, "position": 58, "parents": [52], "genome": "r(38,47) r(29,43) r(32,45) a(39,101)", "fitness": 0.0}
{"generation": 4, "position": 0, "parents": [7, 54], "genome": "r(38,48) r(35,95) d(36) r(29,43) a(37,42) a(39,163) d(36) a(39,160) d(29) a(39,42)", "fitness": 0.0}
{"generation": 4, "position": 1, "parents": [7, 54], "genome": "d(38) d(5)", "fitness": 4.0}
{"generation": 4, "position": 2, "parents": [7], "genome": "r(38,48) r(35,95) d(36) r(29,43) a(37,42) a(39,163) r(39,96)", "fitness": 0.0}
{"generation": 4, "position": 3, "parents": [54], "genome": "d(38) d(36) a(39,160) d(29) r(39,45)", "fitness": 0.0}
{"generation": 4, "position": 4, "parents": [56, 15], "genome": "r(38,47) r(29,43) r(39,82)", "fitness": 0.0}
{"generation": 4, "position": 5, "parents": [56, 15], "genome": "d(31) r(38,128) d(39) a(7,50) r(36,163)", "fitness": 12.0}
{"generation": 4, "position": 6, "parents": [56], "genome": "r(38,47) r(29,43) d(39) a(7,50) d(6)", "fitness": 0.0}
{"generation": 4, "position": 7, "parents": [15], "genome": "d(31) r(38,128) a(32,78)", "fitness": 0.0}
{"generation": 4, "position": 8, "parents": [7, 3], "genome": "r(38,48) a(39,160) a(39,37) a(6,29)", "fitness": 4.0}
{"generation": 4, "position": 9, "parents": [7, 3], "genome": "d(38) d(36) r(35,95) d(36) r(29,43) a(37,42) a(39,163) r(39,40)", "fitness": 0.0}
{"generation": 4, "position": 10, "parents": [7], "genome": "r(38,48) r(35,95) d(36) r(29,43) a(37,42) a(39,163) d(39)", "fitness": 0.0}
{"generation": 4, "position": 11, "parents": [3], "genome": "d(38) d(36) a(39,160) a(39,37) a(6,95)", "fitness": 0.0}
{"generation": 4, "position": 12, "parents": [57, 8], "genome": "a(31,76) r(32,45) r(39,74)", "fitness": 0.0}
{"generation": 4, "position": 13, "parents": [57, 8], "genome": "r(38,47) r(29,43) a(37,42) r(39,101) d(39) d(5)", "fitness": 0.0}
{"generation": 4, "position": 14, "parents": [57], "genome": "a(31,76) r(32,45) d(39) r(38,73)", "fitness": 0.0}
{"generation": 4, "position": 15, "parents": [8], "genome": "r(38,47) r(29,43) a(37,42) r(39,101) r(5,124)", "fitness": 12.0}
{"generation": 4, "position": 16, "parents": [35], "genome": "a(39,36) a(31,78) r(29,43) a(6,73) a(39,43) a(35,162)", "fitness": 0.0}
{"generation": 4, "position": 17, "parents": [27], "genome": "d(38) d(36) d(39) r(5,38) a(29,40) r(29,82)", "fitness": 0.0}
{"generation": 4, "position": 18, "parents": [30, 20], "genome": "a(38,58) a(35,44) d(38) r(32,56) d(37)", "fitness": 0.0}
{"generation": 4, "position": 19, "parents": [30, 20], "genome": "a(31,76) d(38) r(39,93) r(32,5)", "fitness": 0.0}
{"generation": 4, "position": 20, "parents": [30], "genome": "a(38,58) a(35,44) d(38) r(39,93) a(7,45)", "fitness": 0.0}
{"generation": 4, "position": 21, "parents": [20], "genome": "a(31,76) d(38) r(32,56) a(37,42)", "fitness": 0.0}
{"generation": 4, "position": 22, "parents": [0], "genome": "a(29,79) d(36) r(39,74) d(36) a(39,160) a(38,96) r(38,43)", "fitness": 0.0}
{"generation": 4, "position": 23, "parents": [27], "genome": "d(38) d(36) d(39) r(5,38) a(29,40) r(37,90)", "fitness": 0.0}
{"generation": 4, "position": 24, "parents": [53, 11], "genome": "a(29,79) d(39) a(5,47) d(36)", "fitness": 0.0}
{"generation": 4, "position": 25, "parents": [53, 11], "genome": "d(39) d(36) a(39,160) r(38,5) d(5) d(35)", "fitness": 0.0}
{"generation": 4, "position": 26, "parents": [53], "genome": "a(29,79) d(39) a(5,47) d(5) d(37)", "fitness": 0.0}
{"generation": 4, "position": 27, "parents": [11], "genome": "d(39) d(36) a(39,160) r(38,5) r(29,145)", "fitness": 0.0}
{"generation": 4, "position": 28, "parents": [13, 3], "genome": "d(39) d(38) d(36) a(39,160) a(39,37) r(5,154)", "fitness": 0.0}
{"generation": 4, "position": 29, "parents": [13, 3], "genome": "d(38) r(7,57) d(35) a(32,56)", "fitness": 0.0}
{"generation": 4, "position": 30, "parents": [13], "genome": "d(39) d(38) r(7,57) d(35) d(31)", "fitness": 0.0}
{"generation": 4, "position": 31, "parents": [3], "genome": "d(38) d(36) a(39,160) a(39,37) d(39)", "fitness": 0.0}
{"generation": 4, "position": 32, "parents": [36], "genome": "r(38,47) r(29,43) a(6,73) a(7,163) a(7,49)", "fitness": 0.0}
{"generation": 4, "position": 33, "parents": [32], "genome": "r(38,47) r(29,43) r(39,53) a(5,36) d(36)", "fitness": 0.0}
{"generation": 4, "position": 34, "parents": [26], "genome": "r(39,40) a(35,44) a(38,128) a(29,46) r(38,163)", "fitness": 0.0}
{"generation": 4, "position": 35, "parents": [39], "genome": "d(38) r(39,61) a(5,96) r(5,29)", "fitness": 4.0}
{"generation": 4, "position": 36, "parents": [29], "genome": "a(39,39) d(38) r(32,65) d(39) r(5,78) d(36)", "fitness": 0.0}
{"generation": 4, "position": 37, "parents": [36], "genome": "r(38,47) r(29,43) a(6,73) a(7,163) a(5,61)", "fitness": 0.0}
{"generation": 4, "position": 38, "parents": [30, 48], "genome": "a(38,58) d(38)", "fitness": 4.0}
{"generation": 4, "position": 39, "parents": [30, 48], "genome": "a(29,79) d(39) d(38) a(29,90) a(35,44) d(38) r(39,93) a(35,31)", "fitness": 0.0}
{"generation": 4, "position": 40, "parents": [30], "genome": "a(38,58) a(35,44) d(38) r(39,93) d(35)", "fitness": 0.0}
{"generation": 4, "position": 41, "parents": [48], "genome": "a(29,79) d(39) d(38) a(29,90) d(31)", "fitness": 0.0}
{"generation": 4, "position": 42, "parents": [40], "genome": "a(29,79) d(36) r(39,74) d(35) r(38,50)", "fitness": 0.0}
{"generation": 4, "position": 43, "parents": [19], "genome": "r(35,154) d(38) a(6,78) r(39,46) a(32,83)", "fitness": 0.0}
{"generation": 4, "position": 44, "parents": [46], "genome": "a(38,38) r(36,37) d(39) a(38,53) r(38,74)", "fitness": 0.0}
{"generation": 4, "position": 45, "parents": [8], "genome": "r(38,47) r(29,43) a(37,42) r(39,101) a(37,29)", "fitness": 0.0}
{"generation": 4, "position": 46, "parents": [44, 52], "genome": "r(38,160) a(39,154) a(39,61) a(39,61) r(37,90)", "fitness": 4.0}
{"generation": 4, "position": 47, "parents": [44, 52], "genome": "r(38,47) r(29,43) r(39,53) d(32) r(36,133) r(37,48)", "fitness": 0.0}
{"generation": 4, "position": 48, "parents": [44], "genome": "r(38,160) a(39,154) a(39,61) a(39,61) r(36,133) a(29,95)", "fitness": 0.0}
{"generation": 4, "position": 49, "parents": [52], "genome": "r(38,47) r(29,43) r(39,53) d(32) r(6,40)", "fitness": 0.0}
{"generation": 4, "position": 50, "parents": [3], "genome": "d(38) d(36) a(39,160) a(39,37) d(39)", "fitness": 0.0}
{"generation": 4, "position": 51, "parents": [5], "genome": "r(39,40) a(35,44) a(38,128) a(38,93) a(29,125)", "fitness": 0.0}
{"generation": 4, "position": 52, "parents": [4], "genome": "a(29,79) a(39,163) d(38) a(31,66) r(7,75)", "fitness": 12.0}
{"generation": 4, "position": 53, "parents": [35], "genome": "a(39,36) a(31,78) r(29,43) a(6,73) a(39,43) r(39,163)", "fitness": 0.0}
{"generation": 4, "position": 54, "parents": [18, 11], "genome": "r(38,47) r(29,43) a(6,73) a(39,160) r(38,5) d(39)", "fitness": 0.0}
{"generation": 4, "position": 55, "parents": [18, 11], "genome": "d(39) d(36) a(5,60) r(38,80)", "fitness": 0.0}
{"generation": 4, "position": 56, "parents": [18], "genome": "r(38,47) r(29,43) a(6,73) a(5,60) r(39,108)", "fitness": 0.0}
{"generation": 4, "position": 57, "parents": [11], "genome": "d(39) d(36) a(39,160) r(38,5) d(6)", "fitness": 0.0}
{"generation": 4, "position": 58, "parents": [57, 58], "genome": "a(31,76) r(32,45) d(39) a(38,145)", "fitness": 0.0}
{"generation": 4, "position": 59, "parents": [57, 58], "genome": "r(38,47) r(29,43) r(32,45) a(39,101) r(39,36)", "fitness": 0.0}
{"generation": 4, "position": 60, "parents": [57], "genome": "a(31,76) r(32,45) d(39) r(36,80)", "fitness": 0.0}
{"generation": 5, "position": 0, "parents": [30, 30], "genome": "d(39) d(38) r(7,57) d(35) d(31) d(31) a(36,53)", "fitness": 0.0}
{"generation": 5, "position": 1, "parents": [30, 30], "genome": "d(39) d(38) r(7,57) d(35) d(6)", "fitness": 0.0}
{"generation": 5, "position": 2, "parents": [30], "genome": "d(39) d(38) r(7,57) d(35) d(31) d(37)", "fitness": 0.0}
{"generation": 5, "position": 3, "parents": [30], "genome": "d(39) d(38) r(7,57) d(35) d(31) r(5,42)", "fitness": 0.0}
{"generation": 5, "position": 4, "parents": [36], "genome": "a(39,39) d(38) r(32,65) d(39) r(5,78) d(36) a(31,108)", "fitness": 0.0}
{"generation": 5, "position": 5, "parents": [14], "genome": "a(31,76) r(32,45) d(39) r(38,73) d(6)", "fitness": 0.0}
{"generation": 5, "position": 6, "parents": [33, 32], "genome": "r(38,47) r(29,43) r(39,53) a(5,36) r(29,43) a(6,73) a(7,163) a(7,49) r(36,60)", "fitness": 0.0}
{"generation": 5, "position": 7, "parents": [33, 32], "genome": "r(38,47) d(36) a(39,78)", "fitness": 0.0}
{"generation": 5, "position": 8, "parents": [33], "genome": "r(38,47) r(29,43) r(39,53) a(5,36) d(36) a(37,104)", "fitness": 0.0}
{"generation": 5, "position": 9, "parents": [32], "genome": "r(38,47) r(29,43) a(6,73) a(7,163) a(7,49) r(39,95)", "fitness": 0.0}
{"generation": 5, "position": 10, "parents": [55, 20], "genome": "d(39) d(36) r(39,93) a(7,45) a(38,91)", "fitness": 0.0}
{"generation": 5, "position": 11, "parents": [55, 20], "genome": "a(38,58) a(35,44) d(38) a(5,60) r(38,80) r(39,82)", "fitness": 0.0}
{"generation": 5, "position": 12, "parents": [55], "genome": "d(39) d(36) a(5,60) r(38,80) a(35,104)", "fitness": 0.0}
{"generation": 5, "position": 13, "parents": [20], "genome": "a(38,58) a(35,44) d(38) r(39,93) a(7,45) r(5,96)", "fitness": 0.0}
{"generation": 5, "position": 14, "parents": [11, 42], "genome": "d(38) d(36) a(39,160) r(39,74) d(35) r(38,50) r(5,95)", "fitness": 0.0}
{"generation": 5, "position": 15, "parents": [11, 42], "genome": "a(29,79) d(36) a(39,37) a(6,95) r(31,93)", "fitness": 0.0}
{"generation": 5, "position": 16, "parents": [11], "genome": "d(38) d(36) a(39,160) a(39,37) a(6,95) a(39,61)", "fitness": 0.0}
{"generation": 5, "position": 17, "parents": [42], "genome": "a(29,79) d(36) r(39,74) d(35) r(38,50) d(29)", "fitness": 0.0}
{"generation": 5, "position": 18, "parents": [7], "genome": "d(31) r(38,128) a(32,78) a(7,80)", "fitness": 0.0}
{"generation": 5, "position": 19, "parents": [18], "genome": "a(38,58) a(35,44) d(38) r(32,56) d(37) d(7)", "fitness": 12.0}
{"generation": 5, "position": 20, "parents": [42, 57], "genome": "a(29,79) d(36) r(39,74) a(39,160) r(38,5) d(6) r(29,72)", "fitness": 0.0}
{"generation": 5, "position": 21, "parents": [42, 57], "genome": "d(39) d(36) d(35) r(38,50) r(7,90)", "fitness": 0.0}
{"generation": 5, "position": 22, "parents": [42], "genome": "a(29,79) d(36) r(39,74) d(35) r(38,50) a(37,79)", "fitness": 0.0}
{"generation": 5, "position": 23, "parents": [57], "genome": "d(39) d(36) a(39,160) r(38,5) d(6) r(35,74)", "fitness": 0.0}
{"generation": 5, "position": 24, "parents": [31, 1], "genome": "d(38) d(36) r(39,5)", "fitness": 0.0}
{"generation": 5, "position": 25, "parents": [31, 1], "genome": "d(38) d(5) a(39,160) a(39,37) d(39) r(31,145)", "fitness": 4.0}
{"generation": 5, "position": 26, "parents": [31], "genome": "d(38) d(36) a(39,160) a(39,37) d(39) r(29,79)", "fitness": 0.0}
{"generation": 5, "position": 27, "parents": [1], "genome": "d(38) d(5) d(35)", "fitness": 0.0}
{"generation": 5, "position": 28, "parents": [49], "genome": "r(38,47) r(29,43) r(39,53) d(32) r(6,40) a(36,42)", "fitness": 0.0}
{"generation": 5, "position": 29, "parents": [27], "genome": "d(39) d(36) a(39,160) r(38,5) r(29,145) a(32,76)", "fitness": 0.0}
{"generation": 5, "position": 30, "parents": [31], "genome": "d(38) d(36) a(39,160) a(39,37) d(39) a(35,41)", "fitness": 0.0}
{"generation": 5, "position": 31, "parents": [18], "genome": "a(38,58) a(35,44) d(38) r(32,56) d(37) r(36,124)", "fitness": 0.0}
{"generation": 5, "position": 32, "parents": [43], "genome": "r(35,154) d(38) a(6,78) r(39,46) a(32,83) r(31,40)", "fitness": 0.0}
{"generation": 5, "position": 33, "parents": [12], "genome": "a(31,76) r(32,45) r(39,74) d(37)", "fitness": 0.0}
{"generation": 5, "position": 34, "parents": [33, 26], "genome": "r(38,47) r(29,43) r(39,53) a(5,36) d(36) d(39) a(5,47) d(5) d(37) r(35,66)", "fitness": 0.0}
{"generation": 5, "position": 35, "parents": [33, 26], "genome": "a(29,79) r(38,47)", "fitness": 0.0}
{"generation": 5, "position": 36, "parents": [33], "genome": "r(38,47) r(29,43) r(39,53) a(5,36) d(36) r(7,40)", "fitness": 0.0}
{"generation": 5, "position": 37, "parents": [26], "genome": "a(29,79) d(39) a(5,47) d(5) d(37) a(29,56)", "fitness": 0.0}
{"generation": 5, "position": 38, "parents": [6, 60], "genome": "r(38,47) r(29,43) d(39) a(7,50) d(6) r(36,128)", "fitness": 0.0}
{"generation": 5, "position": 39, "parents": [6, 60], "genome": "a(31,76) r(32,45) d(39) r(36,80) a(6,7)", "fitness": 0.0}
{"generation": 5, "position": 40, "parents": [6], "genome": "r(38,47) r(29,43) d(39) a(7,50) d(6) a(37,133)", "fitness": 0.0}
{"generation": 5, "position": 41, "parents": [60], "genome": "a(31,76) r(32,45) d(39) r(36,80) d(7)", "fitness": 12.0}
{"generation": 5, "position": 42, "parents": [39, 51], "genome": "a(29,79) d(39) d(38) a(29,90) a(38,128) a(38,93) a(29,125) r(35,29)", "fitness": 0.0}
{"generation": 5, "position": 43, "parents": [39, 51], "genome": "r(39,40) a(35,44) a(35,44) d(38) r(39,93) a(35,31) a(37,160)", "fitness": 0.0}
{"generation": 5, "position": 44, "parents": [39], "genome": "a(29,79) d(39) d(38) a(29,90) a(35,44) d(38) r(39,93) a(35,31) d(7)", "fitness": 12.0}
{"generation": 5, "position": 45, "parents": [51], "genome": "r(39,40) a(35,44) a(38,128) a(38,93) a(29,125) a(38,45)", "fitness": 0.0}
{"generation": 5, "position": 46, "parents": [39, 45], "genome": "a(29,79) r(29,43) a(37,42) r(39,101) a(37,29) d(38)", "fitness": 0.0}
{"generation": 5, "position": 47, "parents": [39, 45], "genome": "r(38,47) d(39) d(38) a(29,90) a(35,44) d(38) r(39,93) a(35,31) r(37,83)", "fitness": 0.0}
{"generation": 5, "position": 48, "parents": [39], "genome": "a(29,79) d(39) d(38) a(29,90) a(35,44) d(38) r(39,93) a(35,31) d(36)", "fitness": 0.0}
{"generation": 5, "position": 49, "parents": [45], "genome": "r(38,47) r(29,43) a(37,42) r(39,101) a(37,29) a(5,35)", "fitness": 0.0}
{"generation": 5, "position": 50, "parents": [29, 49], "genome": "d(38) r(7,57) d(35) a(32,56) d(32) r(6,40) a(39,73)", "fitness": 0.0}
{"generation": 5, "position": 51, "parents": [29, 49], "genome": "r(38,47) r(29,43) r(39,53) d(32)", "fitness": 0.0}
{"generation": 5, "position": 52, "parents": [29], "genome": "d(38) r(7,57) d(35) a(32,56) r(31,66)", "fitness": 0.0}
{"generation": 5, "position": 53, "parents": [49], "genome": "r(38,47) r(29,43) r(39,53) d(32) r(6,40) d(37)", "fitness": 0.0}
{"generation": 5, "position": 54, "parents": [51, 49], "genome": "r(39,40) a(35,44) a(38,128) a(38,93) r(6,40) a(38,53)", "fitness": 0.0}
{"generation": 5, "position": 55, "parents": [51, 49], "genome": "r(38,47) r(29,43) r(39,53) d(32) a(29,125) d(36)", "fitness": 0.0}
{"generation": 5, "position": 56, "parents": [51], "genome": "r(39,40) a(35,44) a(38,128) a(38,93) a(29,125) r(31,60)", "fitness": 0.0}
{"generation": 5, "position": 57, "parents": [49], "genome": "r(38,47) r(29,43) r(39,53) d(32) r(6,40) r(37,44)", "fitness": 0.0}
{"generation": 5, "position": 58, "parents": [28], "genome": "d(39) d(38) d(36) a(39,160) a(39,37) r(5,154) r(31,74)", "fitness": 0.0}
{"generation": 5, "position": 59, "parents": [20], "genome": "a(38,58) a(35,44) d(38) r(39,93) a(7,45) a(6,66)", "fitness": 0.0}
{"generation": 5, "position": 60, "parents": [17], "genome": "d(38) d(36) d(39) r(5,38) a(29,40) r(29,82) a(37,82)", "fitness": 0.0}
{"generation": 5, "position": 61, "parents": [34], "genome": "r(39,40) a(35,44) a(38,128) a(29,46) r(38,163) d(5)", "fitness": 0.0}
{"generation": 5, "position": 62, "parents": [23], "genome": "d(38) d(36) d(39) r(5,38) a(29,40) r(37,90) a(29,74)", "fitness": 0.0}
{"generation": 6, "position": 0, "parents": [50, 46], "genome": "d(38) a(37,42) r(39,101) a(37,29) d(38) a(29,73)", "fitness": 0.0}
{"generation": 6, "position": 1, "parents": [50, 46], "genome": "a(29,79) r(29,43) r(7,57) d(35) a(32,56) d(32) r(6,40) a(39,73) d(36)", "fitness": 0.0}
{"generation": 6, "position": 2, "parents": [50], "genome": "d(38) r(7,57) d(35) a(32,56) d(32) r(6,40) a(39,73) r(39,31)", "fitness": 0.0}
{"generation": 6, "position": 3, "parents": [46], "genome": "a(29,79) r(29,43) a(37,42) r(39,101) a(37,29) d(38) a(35,53)", "fitness": 0.0}
{"generation": 6, "position": 4, "parents": [0], "genome": "d(39) d(38) r(7,57) d(35) d(31) d(31) a(36,53) d(32)", "fitness": 0.0}
{"generation": 6, "position": 5, "parents": [17], "genome": "a(29,79) d(36) r(39,74) d(35) r(38,50) d(29) d(32)", "fitness": 0.0}
{"generation": 6, "position": 6, "parents": [34, 15], "genome": "r(38,47) r(29,43) r(39,53) a(5,36) d(36) d(39) a(5,47) a(6,95) r(31,93) d(6)", "fitness": 0.0}
{"generation": 6, "position": 7, "parents": [34, 15], "genome": "a(29,79) d(36) a(39,37) d(5) d(37) r(35,66) a(31,82)", "fitness": 12.0}
{"generation": 6, "position": 8, "parents": [34], "genome": "r(38,47) r(29,43) r(39,53) a(5,36) d(36) d(39) a(5,47) d(5) d(37) r(35,66) r(32,48)", "fitness": 0.0}
{"generation": 6, "position": 9, "parents": [15], "genome": "a(29,79) d(36) a(39,37) a(6,95) r(31,93) r(39,5)", "fitness": 0.0}
{"generation": 6, "position": 10, "parents": [53], "genome": "r(38,47) r(29,43) r(39,53) d(32) r(6,40) d(37) d(5)", "fitness": 0.0}
{"generation": 6, "position": 11, "parents": [14], "genome": "d(38) d(36) a(39,160) r(39,74) d(35) r(38,50) r(5,95) r(32,128)", "fitness": 0.0}
{"generation": 6, "position": 12, "parents": [10, 28], "genome": "d(39) r(29,43) r(39,53) d(32) r(6,40) a(36,42) r(5,47)", "fitness": 0.0}
{"generation": 6, "position": 13, "parents": [10, 28], "genome": "r(38,47) d(36) r(39,93) a(7,45) a(38,91) r(31,162)", "fitness": 0.0}
{"generation": 6, "position": 14, "parents": [10], "genome": "d(39) d(36) r(39,93) a(7,45) a(38,91) d(38)", "fitness": 0.0}
{"generation": 6, "position": 15, "parents": [28], "genome": "r(38,47) r(29,43) r(39,53) d(32) r(6,40) a(36,42) d(37)", "fitness": 0.0}
{"generation": 6, "position": 16, "parents": [55], "genome": "r(38,47) r(29,43) r(39,53) d(32) a(29,125) d(36) d(5)", "fitness": 0.0}
{"generation": 6, "position": 17, "parents": [10], "genome": "d(39) d(36) r(39,93) a(7,45) a(38,91) d(38)", "fitness": 0.0}
{"generation": 6, "position": 18, "parents": [58, 27], "genome": "d(39) d(38) d(36) a(39,160) a(39,37) r(5,154) d(31)", "fitness": 0.0}
{"generation": 6, "position": 19, "parents": [58, 27], "genome": "d(38) d(5) d(35) r(31,74) a(39,37)", "fitness": 0.0}
{"generation": 6, "position": 20, "parents": [58], "genome": "d(39) d(38) d(36) a(39,160) a(39,37) r(5,154) r(31,74) d(29)", "fitness": 0.0}
{"generation": 6, "position": 21, "parents": [27], "genome": "d(38) d(5) d(35) a(32,83)", "fitness": 0.0}
{"generation": 6, "position": 22, "parents": [14, 1], "genome": "d(38) d(36) a(39,160) r(39,74) d(35) r(38,50) r(6,92)", "fitness": 0.0}
{"generation": 6, "position": 23, "parents": [14, 1], "genome": "d(39) d(38) r(7,57) d(35) d(6) r(5,95) a(32,128)", "fitness": 0.0}
{"generation": 6, "position": 24, "parents": [14], "genome": "d(38) d(36) a(39,160) r(39,74) d(35) r(38,50) r(5,95) d(37)", "fitness": 0.0}
{"generation": 6, "position": 25, "parents": [1], "genome": "d(39) d(38) r(7,57) d(35) d(6) d(31)", "fitness": 0.0}
{"generation": 6, "position": 26, "parents": [56], "genome": "r(39,40) a(35,44) a(38,128) a(38,93) a(29,125) r(31,60) d(38)", "fitness": 0.0}
{"generation": 6, "position": 27, "parents": [10], "genome": "d(39) d(36) r(39,93) a(7,45) a(38,91) d(32)", "fitness": 0.0}
{"generation": 6, "position": 28, "parents": [4], "genome": "a(39,39) d(38) r(32,65) d(39) r(5,78) d(36) a(31,108) r(29,91)", "fitness": 0.0}
{"generation": 6, "position": 29, "parents": [38], "genome": "r(38,47) r(29,43) d(39) a(7,50) d(6) r(36,128) d(37)", "fitness": 0.0}
{"generation": 6, "position": 30, "parents": [30], "genome": "d(38) d(36) a(39,160) a(39,37) d(39) a(35,41) a(7,48)", "fitness": 0.0}
{"generation": 6, "position": 31, "parents": [28], "genome": "r(38,47) r(29,43) r(39,53) d(32) r(6,40) a(36,42) r(37,31)", "fitness": 0.0}
{"generation": 6, "position": 32, "parents": [55], "genome": "r(38,47) r(29,43) r(39,53) d(32) a(29,125) d(36) a(7,45)", "fitness": 0.0}
{"generation": 6, "position": 33, "parents": [11], "genome": "a(38,58) a(35,44) d(38) a(5,60) r(38,80) r(39,82) a(7,83)", "fitness": 0.0}
{"generation": 6, "position": 34, "parents": [26, 46], "genome": "d(38) d(36) a(39,160) d(38) d(7)", "fitness": 12.0}
{"generation": 6, "position": 35, "parents": [26, 46], "genome": "a(29,79) r(29,43) a(37,42) r(39,101) a(37,29) a(39,37) d(39) r(29,79) r(38,108)", "fitness": 0.0}
{"generation": 6, "position": 36, "parents": [26], "genome": "d(38) d(36) a(39,160) a(39,37) d(39) r(29,79) r(5,35)", "fitness": 0.0}
{"generation": 6, "position": 37, "parents": [46], "genome": "a(29,79) r(29,43) a(37,42) r(39,101) a(37,29) d(38) r(37,61)", "fitness": 0.0}
{"generation": 6, "position": 38, "parents": [4, 26], "genome": "a(39,39) d(38) r(32,65) d(39) r(5,78) d(36) a(31,108) a(39,160) a(39,37) d(39) r(29,79) r(37,56)", "fitness": 0.0}
{"generation": 6, "position": 39, "parents": [4, 26], "genome": "d(38) d(36) d(39)", "fitness": 0.0}
{"generation": 6, "position": 40, "parents": [4], "genome": "a(39,39) d(38) r(32,65) d(39) r(5,78) d(36) a(31,108) r(29,74)", "fitness": 0.0}
{"generation": 6, "position": 41, "parents": [26], "genome": "d(38) d(36) a(39,160) a(39,37) d(39) r(29,79) r(7,154)", "fitness": 12.0}
{"generation": 6, "position": 42, "parents": [8], "genome": "r(38,47) r(29,43) r(39,53) a(5,36) d(36) a(37,104) a(7,51)", "fitness": 0.0}
{"generation": 6, "position": 43, "parents": [37], "genome": "a(29,79) d(39) a(5,47) d(5) d(37) a(29,56) d(36)", "fitness": 0.0}
{"generation": 6, "position": 44, "parents": [39, 35], "genome": "a(31,76) r(32,45) r(38,40)", "fitness": 0.0}
{"generation": 6, "position": 45, "parents": [39, 35], "genome": "a(29,79) r(38,47) d(39) r(36,80) a(6,7) d(6)", "fitness": 0.0}
{"generation": 6, "position": 46, "parents": [39], "genome": "a(31,76) r(32,45) d(39) r(36,80) a(6,7) r(5,39)", "fitness": 0.0}
{"generation": 6, "position": 47, "parents": [35], "genome": "a(29,79) r(38,47) a(5,101)", "fitness": 12.0}
{"generation": 6, "position": 48, "parents": [57], "genome": "r(38,47) r(29,43) r(39,53) d(32) r(6,40) r(37,44) r(5,74)", "fitness": 0.0}
{"generation": 6, "position": 49, "parents": [58], "genome": "d(39) d(38) d(36) a(39,160) a(39,37) r(5,154) r(31,74) d(35)", "fitness": 0.0}
{"generation": 6, "position": 50, "parents": [23], "genome": "d(39) d(36) a(39,160) r(38,5) d(6) r(35,74) r(29,53)", "fitness": 0.0}
{"generation": 6, "position": 51, "parents": [50], "genome": "d(38) r(7,57) d(35) a(32,56) d(32) r(6,40) a(39,73) d(39)", "fitness": 0.0}
{"generation": 6, "position": 52, "parents": [10, 26], "genome": "d(39) d(36) r(39,93) r(29,79) a(35,42)", "fitness": 0.0}
{"generation": 6, "position": 53, "parents": [10, 26], "genome": "d(38) d(36) a(39,160) a(39,37) d(39) a(7,45) a(38,91) a(32,5)", "fitness": 0.0}
{"generation": 6, "position": 54, "parents": [10], "genome": "d(39) d(36) r(39,93) a(7,45) a(38,91) d(38)", "fitness": 0.0}
{"generation": 6, "position": 55, "parents": [26], "genome": "d(38) d(36) a(39,160) a(39,37) d(39) r(29,79) r(7,95)", "fitness": 12.0}
{"generation": 6, "position": 56, "parents": [39], "genome": "a(31,76) r(32,45) d(39) r(36,80) a(6,7) a(38,66)", "fitness": 0.0}
{"generation": 7, "position": 0, "parents": [56, 5], "genome": "a(31,76) r(32,45) d(39) r(36,80) a(6,7) d(32) a(38,91)", "fitness": 0.0}
{"generation": 7, "position": 1, "parents": [56, 5], "genome": "a(29,79) d(36) r(39,74) d(35) r(38,50) d(29) a(38,66) r(5,145)", "fitness": 0.0}
{"generation": 7, "position": 2, "parents": [56], "genome": "a(31,76) r(32,45) d(39) r(36,80) a(6,7) a(38,66) a(37,29)", "fitness": 0.0}
{"generation": 7, "position": 3, "parents": [5], "genome": "a(29,79) d(36) r(39,74) d(35) r(38,50) d(29) d(32) a(5,58)", "fitness": 0.0}
{"generation": 7, "position": 4, "parents": [3, 42], "genome": "a(29,79) r(29,43) r(39,53) a(5,36) d(36) a(37,104) a(7,51) d(32)", "fitness": 0.0}
{"generation": 7, "position": 5, "parents": [3, 42], "genome": "r(38,47) r(29,43) a(37,42) r(39,101) a(37,29) d(38) a(35,53) r(35,40)", "fitness": 0.0}
{"generation": 7, "position": 6, "parents": [3], "genome": "a(29,79) r(29,43) a(37,42) r(39,101) a(37,29) d(38) a(35,53) d(5)", "fitness": 0.0}
{"generation": 7, "position": 7, "parents": [42], "genome": "r(38,47) r(29,43) r(39,53) a(5,36) d(36) a(37,104) a(7,51) r(35,91)", "fitness": 0.0}
{"generation": 7, "position": 8, "parents": [35, 48], "genome": "a(29,79) r(29,43) a(37,42) r(39,101) a(37,29) a(39,37) d(39) d(38)", "fitness": 0.0}
{"generation": 7, "position": 9, "parents": [35, 48], "genome": "r(38,47) r(29,43) r(39,53) d(32) r(6,40) r(37,44) r(5,74) r(29,79) r(38,108) r(36,38)", "fitness": 0.0}
{"generation": 7, "position": 10, "parents": [35], "genome": "a(29,79) r(29,43) a(37,42) r(39,101) a(37,29) a(39,37) d(39) r(29,79) r(38,108) d(32)", "fitness": 0.0}
{"generation": 7, "position": 11, "parents": [48], "genome": "r(38,47) r(29,43) r(39,53) d(32) r(6,40) r(37,44) r(5,74) a(36,145)", "fitness": 0.0}
{"generation": 7, "position": 12, "parents": [51, 14], "genome": "d(38) r(7,57) d(35) a(32,56) d(32) r(6,40) a(39,73) a(39,133)", "fitness": 0.0}
{"generation": 7, "position": 13, "parents": [51, 14], "genome": "d(39) d(36) r(39,93) a(7,45) a(38,91) d(38) d(39) a(29,48)", "fitness": 0.0}
{"generation": 7, "position": 14, "parents": [51], "genome": "d(38) r(7,57) d(35) a(32,56) d(32) r(6,40) a(39,73) d(39) a(31,76)", "fitness": 0.0}
{"generation": 7, "position": 15, "parents": [14], "genome": "d(39) d(36) r(39,93) a(7,45) a(38,91) d(38) d(6)", "fitness": 0.0}
{"generation": 7, "position": 16, "parents": [40], "genome": "a(39,39) d(38) r(32,65) d(39) r(5,78) d(36) a(31,108) r(29,74) a(37,61)", "fitness": 0.0}
{"generation": 7, "position": 17, "parents": [27], "genome": "d(39) d(36) r(39,93) a(7,45) a(38,91) d(32) r(38,37)", "fitness": 0.0}
{"generation": 7, "position": 18, "parents": [43], "genome": "a(29,79) d(39) a(5,47) d(5) d(37) a(29,56) d(36) d(32)", "fitness": 0.0}
{"generation": 7, "position": 19, "parents": [20], "genome": "d(39) d(38) d(36) a(39,160) a(39,37) r(5,154) r(31,74) d(29) d(35)", "fitness": 0.0}
{"generation": 7, "position": 20, "parents": [32], "genome": "r(38,47) r(29,43) r(39,53) d(32) a(29,125) d(36) a(7,45) a(37,40)", "fitness": 0.0}
{"generation": 7, "position": 21, "parents": [26], "genome": "r(39,40) a(35,44) a(38,128) a(38,93) a(29,125) r(31,60) d(38) d(7)", "fitness": 12.0}
{"generation": 7, "position": 22, "parents": [54, 50], "genome": "d(39) d(36) r(39,93) a(7,45) d(36) a(39,160) r(38,5) d(6) r(35,74) r(29,53) r(32,56)", "fitness": 0.0}
{"generation": 7, "position": 23, "parents": [54, 50], "genome": "d(39) a(38,91) d(38) r(36,40)", "fitness": 0.0}
{"generation": 7, "position": 24, "parents": [54], "genome": "d(39) d(36) r(39,93) a(7,45) a(38,91) d(38) a(37,160)", "fitness": 0.0}
{"generation": 7, "position": 25, "parents": [50], "genome": "d(39) d(36) a(39,160) r(38,5) d(6) r(35,74) r(29,53) a(32,72)", "fitness": 0.0}
{"generation": 7, "position": 26, "parents": [18, 29], "genome": "d(39) d(38) d(36) a(39,160) a(39,37) r(5,154) r(36,128) d(37) a(31,43)", "fitness": 0.0}
{"generation": 7, "position": 27, "parents": [18, 29], "genome": "r(38,47) r(29,43) d(39) a(7,50) d(6) d(31) d(32)", "fitness": 0.0}
{"generation": 7, "position": 28, "parents": [18], "genome": "d(39) d(38) d(36) a(39,160) a(39,37) r(5,154) d(31) d(37)", "fitness": 0.0}
{"generation": 7, "position": 29, "parents": [29], "genome": "r(38,47) r(29,43) d(39) a(7,50) d(6) r(36,128) d(37) r(35,154)", "fitness": 0.0}
{"generation": 7, "position": 30, "parents": [34, 52], "genome": "d(38) d(36) a(39,160) r(29,79) a(35,42) r(39,96)", "fitness": 0.0}
{"generation": 7, "position": 31, "parents": [34, 52], "genome": "d(39) d(36) r(39,93) d(38) d(7) r(35,163)", "fitness": 12.0}
{"generation": 7, "position": 32, "parents": [34], "genome": "d(38) d(36) a(39,160) d(38) d(7) r(32,101)", "fitness": 12.0}
{"generation": 7, "position": 33, "parents": [52], "genome": "d(39) d(36) r(39,93) r(29,79) a(35,42) r(38,82)", "fitness": 0.0}
{"generation": 7, "position": 34, "parents": [46, 35], "genome": "a(31,76) r(29,79) r(38,108) r(39,95)", "fitness": 0.0}
{"generation": 7, "position": 35, "parents": [46, 35], "genome": "a(29,79) r(29,43) a(37,42) r(39,101) a(37,29) a(39,37) d(39) r(32,45) d(39) r(36,80) a(6,7) r(5,39) d(37)", "fitness": 0.0}
{"generation": 7, "position": 36, "parents": [46], "genome": "a(31,76) r(32,45) d(39) r(36,80) a(6,7) r(5,39) d(37)", "fitness": 0.0}
{"generation": 7, "position": 37, "parents": [35], "genome": "a(29,79) r(29,43) a(37,42) r(39,101) a(37,29) a(39,37) d(39) r(29,79) r(38,108) a(7,45)", "fitness": 0.0}
{"generation": 7, "position": 38, "parents": [32], "genome": "r(38,47) r(29,43) r(39,53) d(32) a(29,125) d(36) a(7,45) d(7)", "fitness": 0.0}
{"generation": 7, "position": 39, "parents": [17], "genome": "d(39) d(36) r(39,93) a(7,45) a(38,91) d(38) d(29)", "fitness": 0.0}
{"generation": 7, "position": 40, "parents": [33, 20], "genome": "a(38,58) a(35,44) d(38) a(5,60) r(38,80) r(39,82) a(7,83) a(39,160) a(39,37) r(5,154) r(31,74) d(29) d(36)", "fitness": 0.0}
{"generation": 7, "position": 41, "parents": [33, 20], "genome": "d(39) d(38) d(36) r(35,76)", "fitness": 0.0}
{"generation": 7, "position": 42, "parents": [33], "genome": "a(38,58) a(35,44) d(38) a(5,60) r(38,80) r(39,82) a(7,83) r(5,53)", "fitness": 0.0}
{"generation": 7, "position": 43, "parents": [20], "genome": "d(39) d(38) d(36) a(39,160) a(39,37) r(5,154) r(31,74) d(29) d(32)", "fitness": 0.0}
{"generation": 7, "position": 44, "parents": [5, 53], "genome": "a(29,79) d(36) r(39,74) d(35) r(38,50) d(29) a(39,37) d(39) a(7,45) a(38,91) a(32,5) d(5)", "fitness": 0.0}
{"generation": 7, "position": 45, "parents": [5, 53], "genome": "d(38) d(36) a(39,160) d(32) d(39)", "fitness": 0.0}
{"generation": 7, "position": 46, "parents": [5], "genome": "a(29,79) d(36) r(39,74) d(35) r(38,50) d(29) d(32) a(5,90)", "fitness": 0.0}
{"generation": 7, "position": 47, "parents": [53], "genome": "d(38) d(36) a(39,160) a(39,37) d(39) a(7,45) a(38,91) a(32,5) a(35,91)", "fitness": 0.0}
{"generation": 7, "position": 48, "parents": [2, 20], "genome": "d(38) r(7,57) d(35) a(32,56) a(39,37) r(5,154) r(31,74) d(29) d(39)", "fitness": 0.0}
{"generation": 7, "position": 49, "parents": [2, 20], "genome": "d(39) d(38) d(36) a(39,160) d(32) r(6,40) a(39,73) r(39,31) a(29,65)", "fitness": 0.0}
{"generation": 7, "position": 50, "parents": [2], "genome": "d(38) r(7,57) d(35) a(32,56) d(32) r(6,40) a(39,73) r(39,31) a(37,49)", "fitness": 0.0}
{"generation": 7, "position": 51, "parents": [20], "genome": "d(39) d(38) d(36) a(39,160) a(39,37) r(5,154) r(31,74) d(29) r(35,39)", "fitness": 0.0}
{"generation": 7, "position": 52, "parents": [18, 48], "genome": "d(39) d(38) d(36) d(32) r(6,40) r(37,44) r(5,74) r(29,40)", "fitness": 0.0}
{"generation": 7, "position": 53, "parents": [18, 48], "genome": "r(38,47) r(29,43) r(39,53) a(39,160) a(39,37) r(5,154) d(31) d(37)", "fitness": 0.0}
{"generation": 7, "position": 54, "parents": [18], "genome": "d(39) d(38) d(36) a(39,160) a(39,37) r(5,154) d(31) a(32,72)", "fitness": 0.0}
{"generation": 7, "position": 55, "parents": [48], "genome": "r(38,47) r(29,43) r(39,53) d(32) r(6,40) r(37,44) r(5,74) d(36)", "fitness": 0.0}
{"generation": 7, "position": 56, "parents": [56, 20], "genome": "a(31,76) r(32,45) d(39) r(36,80) a(6,7) r(31,74) d(29) a(37,104)", "fitness": 0.0}
{"generation": 7, "position": 57, "parents": [56, 20], "genome": "d(39) d(38) d(36) a(39,160) a(39,37) r(5,154) a(38,66) d(35)", "fitness": 0.0}
{"generation": 7, "position": 58, "parents": [56], "genome": "a(31,76) r(32,45) d(39) r(36,80) a(6,7) a(38,66) d(38)", "fitness": 0.0}
{"generation": 7, "position": 59, "parents": [20], "genome": "d(39) d(38) d(36) a(39,160) a(39,37) r(5,154) r(31,74) d(29) a(32,72)", "fitness": 0.0}
{"generation": 7, "position": 60, "parents": [48], "genome": "r(38,47) r(29,43) r(39,53) d(32) r(6,40) r(37,44) r(5,74) d(36)", "fitness": 0.0}
{"generation": 7, "position": 61, "parents": [52], "genome": "d(39) d(36) r(39,93) r(29,79) a(35,42) d(5)", "fitness": 0.0}
{"generation": 7, "position": 62, "parents": [24], "genome": "d(38) d(36) a(39,160) r(39,74) d(35) r(38,50) r(5,95) d(37) r(31,76)", "fitness": 0.0}
{"generation": 7, "position": 63, "parents": [20], "genome": "d(39) d(38) d(36) a(39,160) a(39,37) r(5,154) r(31,74) d(29) a(35,128)", "fitness": 0.0}
{"generation": 7, "position": 64, "parents": [39, 36], "genome": "d(38) a(39,37) d(39) r(29,79) r(5,35) d(32)", "fitness": 0.0}
{"generation": 7, "position": 65, "parents": [39, 36], "genome": "d(38) d(36) a(39,160) d(36) d(39) d(31)", "fitness": 0.0}
{"generation": 7, "position": 66, "parents": [39], "genome": "d(38) d(36) d(39) a(32,66)", "fitness": 0.0}
{"generation": 8, "position": 0, "parents": [61, 44], "genome": "d(39) d(36) r(39,74) d(35) r(38,50) d(29) a(39,37) d(39) a(7,45) a(38,91) a(32,5) d(5) d(37)", "fitness": 0.0}
{"generation": 8, "position": 1, "parents": [61, 44], "genome": "a(29,79) d(36) r(39,93) r(29,79) a(35,42) d(5) r(38,50)", "fitness": 0.0}
{"generation": 8, "position": 2, "parents": [61], "genome": "d(39) d(36) r(39,93) r(29,79) a(35,42) d(5) a(38,49)", "fitness": 0.0}
{"generation": 8, "position": 3, "parents": [44], "genome": "a(29,79) d(36) r(39,74) d(35) r(38,50) d(29) a(39,37) d(39) a(7,45) a(38,91) a(32,5) d(5) r(37,46)", "fitness": 0.0}
{"generation": 8, "position": 4, "parents": [22, 0], "genome": "d(39) d(36) r(39,93) a(38,91) a(38,29)", "fitness": 0.0}
{"generation": 8, "position": 5, "parents": [22, 0], "genome": "a(31,76) r(32,45) d(39) r(36,80) a(6,7) d(32) a(7,45) d(36) a(39,160) r(38,5) d(6) r(35,74) r(29,53) r(32,56) d(5)", "fitness": 0.0}
{"generation": 8, "position": 6, "parents": [22], "genome": "d(39) d(36) r(39,93) a(7,45) d(36) a(39,160) r(38,5) d(6) r(35,74) r(29,53) r(32,56) r(5,90)", "fitness": 0.0}
{"generation": 8, "position": 7, "parents": [0], "genome": "a(31,76) r(32,45) d(39) r(36,80) a(6,7) d(32) a(38,91) r(38,42)", "fitness": 0.0}
{"generation": 8, "position": 8, "parents": [42], "genome": "a(38,58) a(35,44) d(38) a(5,60) r(38,80) r(39,82) a(7,83) r(5,53) d(29)", "fitness": 0.0}
{"generation": 8, "position": 9, "parents": [26], "genome": "d(39) d(38) d(36) a(39,160) a(39,37) r(5,154) r(36,128) d(37) a(31,43) d(29)", "fitness": 0.0}
{"generation": 8, "position": 10, "parents": [27], "genome": "r(38,47) r(29,43) d(39) a(7,50) d(6) d(31) d(32) d(37)", "fitness": 0.0}
{"generation": 8, "position": 11, "parents": [12], "genome": "d(38) r(7,57) d(35) a(32,56) d(32) r(6,40) a(39,73) a(39,133) a(37,125)", "fitness": 0.0}
{"generation": 8, "position": 12, "parents": [11, 52], "genome": "r(38,47) r(29,43) r(39,53) d(32) r(6,40) r(37,44) r(5,74) a(36,145) d(32) r(6,40) r(37,44) r(5,74) r(29,40) a(36,162)", "fitness": 0.0}
{"generation": 8, "position": 13, "parents": [11, 52], "genome": "d(39) d(38) d(36) r(5,133)", "fitness": 0.0}
{"generation": 8, "position": 14, "parents": [11], "genome": "r(38,47) r(29,43) r(39,53) d(32) r(6,40) r(37,44) r(5,74) a(36,145) d(36)", "fitness": 0.0}
{"generation": 8, "position": 15, "parents": [52], "genome": "d(39) d(38) d(36) d(32) r(6,40) r(37,44) r(5,74) r(29,40)", "fitness": 0.0}
{"generation": 8, "position": 16, "parents": [55, 26], "genome": "r(38,47) r(29,43) r(39,53) r(36,128) d(37) a(31,43) r(6,101)", "fitness": 12.0}
{"generation": 8, "position": 17, "parents": [55, 26], "genome": "d(39) d(38) d(36) a(39,160) a(39,37) r(5,154) d(32) r(6,40) r(37,44) r(5,74) d(36) r(29,160)", "fitness": 0.0}
{"generation": 8, "position": 18, "parents": [55], "genome": "r(38,47) r(29,43) r(39,53) d(32) r(6,40) r(37,44) r(5,74) d(36)", "fitness": 0.0}
{"generation": 8, "position": 19, "parents": [26], "genome": "d(39) d(38) d(36) a(39,160) a(39,37) r(5,154) r(36,128) d(37) a(31,43) d(31)", "fitness": 0.0}
{"generation": 8, "position": 20, "parents": [17], "genome": "d(39) d(36) r(39,93) a(7,45) a(38,91) d(32) r(38,37) a(31,82)", "fitness": 0.0}
{"generation": 8, "position": 21, "parents": [14], "genome": "d(38) r(7,57) d(35) a(32,56) d(32) r(6,40) a(39,73) d(39) a(31,76) a(36,48)", "fitness": 0.0}
{"generation": 8, "position": 22, "parents": [46], "genome": "a(29,79) d(36) r(39,74) d(35) r(38,50) d(29) d(32) a(5,90) r(5,95)", "fitness": 0.0}
{"generation": 8, "position": 23, "parents": [28], "genome": "d(39) d(38) d(36) a(39,160) a(39,37) r(5,154) d(31) d(37) a(32,44)", "fitness": 0.0}
{"generation": 8, "position": 24, "parents": [15, 48], "genome": "d(39) d(36) r(39,93) a(7,45) a(38,91) a(39,37) r(5,154) r(31,74) d(29) d(39) a(38,160)", "fitness": 0.0}
{"generation": 8, "position": 25, "parents": [15, 48], "genome": "d(38) r(7,57) d(35) a(32,56) d(38) d(6) d(32)", "fitness": 0.0}
{"generation": 8, "position": 26, "parents": [15], "genome": "d(39) d(36) r(39,93) a(7,45) a(38,91) d(38) d(6) d(5)", "fitness": 0.0}
{"generation": 8, "position": 27, "parents": [48], "genome": "d(38) r(7,57) d(35) a(32,56) a(39,37) r(5,154) r(31,74) d(29) d(39) r(36,80)", "fitness": 0.0}
{"generation": 8, "position": 28, "parents": [65, 61], "genome": "d(38) d(36) a(39,160) d(36) d(39) r(39,93) r(29,79) a(35,42) d(5) a(37,53)", "fitness": 0.0}
{"generation": 8, "position": 29, "parents": [65, 61], "genome": "d(39) d(36) d(31) a(7,40)", "fitness": 0.0}
{"generation": 8, "position": 30, "parents": [65], "genome": "d(38) d(36) a(39,160) d(36) d(39) d(31) r(37,145)", "fitness": 0.0}
{"generation": 8, "position": 31, "parents": [61], "genome": "d(39) d(36) r(39,93) r(29,79) a(35,42) d(5) r(38,35)", "fitness": 0.0}
{"generation": 8, "position": 32, "parents": [51, 45], "genome": "d(39) d(38) d(36) a(39,160) a(39,37) r(5,154) r(31,74) d(29) r(35,39) d(32) d(39) a(37,108)", "fitness": 0.0}
{"generation": 8, "position": 33, "parents": [51, 45], "genome": "d(38) d(36) a(39,160) a(39,90)", "fitness": 0.0}
{"generation": 8, "position": 34, "parents": [51], "genome": "d(39) d(38) d(36) a(39,160) a(39,37) r(5,154) r(31,74) d(29) r(35,39) d(37)", "fitness": 0.0}
{"generation": 8, "position": 35, "parents": [45], "genome": "d(38) d(36) a(39,160) d(32) d(39) a(6,41)", "fitness": 0.0}
{"generation": 8, "position": 36, "parents": [38, 2], "genome": "r(38,47) r(29,43) d(39) r(36,80) a(6,7) a(38,66) a(37,29) a(37,80)", "fitness": 0.0}
{"generation": 8, "position": 37, "parents": [38, 2], "genome": "a(31,76) r(32,45) r(39,53) d(32) a(29,125) d(36) a(7,45) d(7) d(38)", "fitness": 0.0}
{"generation": 8, "position": 38, "parents": [38], "genome": "r(38,47) r(29,43) r(39,53) d(32) a(29,125) d(36) a(7,45) d(7) a(37,154)", "fitness": 0.0}
{"generation": 8, "position": 39, "parents": [2], "genome": "a(31,76) r(32,45) d(39) r(36,80) a(6,7) a(38,66) a(37,29) r(38,145)", "fitness": 0.0}
{"generation": 8, "position": 40, "parents": [20], "genome": "r(38,47) r(29,43) r(39,53) d(32) a(29,125) d(36) a(7,45) a(37,40) d(7)", "fitness": 0.0}
{"generation": 8, "position": 41, "parents": [9], "genome": "r(38,47) r(29,43) r(39,53) d(32) r(6,40) r(37,44) r(5,74) r(29,79) r(38,108) r(36,38)", "fitness": 0.0}
{"generation": 8, "position": 42, "parents": [29, 44], "genome": "r(38,47) r(29,43) d(39) d(36) r(39,74) d(35) r(38,50) d(29) a(39,37) d(39) a(7,45) a(38,91) a(32,5) d(5) r(37,79)", "fitness": 0.0}
{"generation": 8, "position": 43, "parents": [29, 44], "genome": "a(29,79) a(7,50) d(6) r(36,128) d(37) r(35,154) a(32,79)", "fitness": 0.0}
{"generation": 8, "position": 44, "parents": [29], "genome": "r(38,47) r(29,43) d(39) a(7,50) d(6) r(36,128) d(37) r(35,154) r(32,78)", "fitness": 0.0}
{"generation": 8, "position": 45, "parents": [44], "genome": "a(29,79) d(36) r(39,74) d(35) r(38,50) d(29) a(39,37) d(39) a(7,45) a(38,91) a(32,5) d(5) a(37,61)", "fitness": 0.0}
{"generation": 8, "position": 46, "parents": [25, 4], "genome": "d(39) d(32) r(38,61)", "fitness": 0.0}
{"generation": 8, "position": 47, "parents": [25, 4], "genome": "a(29,79) r(29,43) r(39,53) a(5,36) d(36) a(37,104) a(7,51) d(36) a(39,160) r(38,5) d(6) r(35,74) r(29,53) a(32,72) r(37,49)", "fitness": 0.0}
{"generation": 8, "position": 48, "parents": [25], "genome": "d(39) d(36) a(39,160) r(38,5) d(6) r(35,74) r(29,53) a(32,72) r(32,96)", "fitness": 0.0}
{"generation": 8, "position": 49, "parents": [4], "genome": "a(29,79) r(29,43) r(39,53) a(5,36) d(36) a(37,104) a(7,51) d(32) a(38,74)", "fitness": 0.0}
{"generation": 8, "position": 50, "parents": [28, 66], "genome": "d(39) d(38) d(36) d(36) d(39) a(32,66) d(31)", "fitness": 0.0}
{"generation": 8, "position": 51, "parents": [28, 66], "genome": "d(38) a(39,160) a(39,37) r(5,154) d(31) d(37) r(35,65)", "fitness": 0.0}
{"generation": 8, "position": 52, "parents": [28], "genome": "d(39) d(38) d(36) a(39,160) a(39,37) r(5,154) d(31) d(37) r(29,124)", "fitness": 12.0}
{"generation": 8, "position": 53, "parents": [66], "genome": "d(38) d(36) d(39) a(32,66) r(35,58)", "fitness": 0.0}
{"generation": 8, "position": 54, "parents": [8, 49], "genome": "a(29,79) r(29,43) a(37,42) r(39,101) a(37,29) a(39,37) r(39,31) a(29,65) d(6)", "fitness": 0.0}
{"generation": 8, "position": 55, "parents": [8, 49], "genome": "d(39) d(38) d(36) a(39,160) d(32) r(6,40) a(39,73) d(39) d(38) a(31,73)", "fitness": 0.0}
{"generation": 8, "position": 56, "parents": [8], "genome": "a(29,79) r(29,43) a(37,42) r(39,101) a(37,29) a(39,37) d(39) d(38) r(37,49)", "fitness": 0.0}
{"generation": 8, "position": 57, "parents": [49], "genome": "d(39) d(38) d(36) a(39,160) d(32) r(6,40) a(39,73) r(39,31) a(29,65) a(29,49)", "fitness": 0.0}
{"generation": 8, "position": 58, "parents": [0, 55], "genome": "a(31,76) r(32,45) d(39) r(36,80) a(6,7) d(32) r(6,40) r(37,44) r(5,74) d(36) d(29)", "fitness": 0.0}
{"generation": 8, "position": 59, "parents": [0, 55], "genome": "r(38,47) r(29,43) r(39,53) d(32) a(38,91) r(37,31)", "fitness": 0.0}
{"generation": 8, "position": 60, "parents": [0], "genome": "a(31,76) r(32,45) d(39) r(36,80) a(6,7) d(32) a(38,91) r(38,73)", "fitness": 0.0}
{"generation": 8, "position": 61, "parents": [55], "genome": "r(38,47) r(29,43) r(39,53) d(32) r(6,40) r(37,44) r(5,74) d(36)", "fitness": 0.0}
{"generation": 8, "position": 62, "parents": [54, 18], "genome": "d(39) d(38) d(36) a(39,160) a(39,37) r(5,154) d(32) d(29)", "fitness": 0.0}
{"generation": 8, "position": 63, "parents": [54, 18], "genome": "a(29,79) d(39) a(5,47) d(5) d(37) a(29,56) d(36) d(31) a(32,72) r(29,40)", "fitness": 0.0}
{"generation": 8, "position": 64, "parents": [54], "genome": "d(39) d(38) d(36) a(39,160) a(39,37) r(5,154) d(31) a(32,72) d(29)", "fitness": 0.0}
{"generation": 8, "position": 65, "parents": [18], "genome": "a(29,79) d(39) a(5,47) d(5) d(37) a(29,56) d(36) d(32) a(29,37)", "fitness": 0.0}
{"generation": 8, "position": 66, "parents": [50], "genome": "d(38) r(7,57) d(35) a(32,56) d(32) r(6,40) a(39,73) r(39,31) a(37,49) a(31,78)", "fitness": 0.0}
{"generation": 9, "position": 0, "parents": [47, 7], "genome": "a(29,79) r(29,43) r(39,53) a(5,36) d(36) a(37,104) a(7,51) d(36) d(32) a(38,91) r(38,42) d(5)", "fitness": 0.0}
{"generation": 9, "position": 1, "parents": [47, 7], "genome": "a(31,76) r(32,45) d(39) r(36,80) a(6,7) a(39,160) r(38,5) d(6) r(35,74) r(29,53) a(32,72) r(37,49) r(5,36)", "fitness": 0.0}
{"generation": 9, "position": 2, "parents": [47], "genome": "a(29,79) r(29,43) r(39,53) a(5,36) d(36) a(37,104) a(7,51) d(36) a(39,160) r(38,5) d(6) r(35,74) r(29,53) a(32,72) r(37,49) a(5,76)", "fitness": 0.0}
{"generation": 9, "position": 3, "parents": [7], "genome": "a(31,76) r(32,45) d(39) r(36,80) a(6,7) d(32) a(38,91) r(38,42) r(29,73)", "fitness": 0.0}
{"generation": 9, "position": 4, "parents": [29, 59], "genome": "d(39) d(38)", "fitness": 4.0}
{"generation": 9, "position": 5, "parents": [29, 59], "genome": "r(38,47) r(29,43) r(39,53) d(32) a(38,91) r(37,31) d(36) d(31) a(7,40) r(7,82)", "fitness": 0.0}
{"generation": 9, "position": 6, "parents": [29], "genome": "d(39) d(36) d(31) a(7,40) a(5,42)", "fitness": 0.0}
{"generation": 9, "position": 7, "parents": [59], "genome": "r(38,47) r(29,43) r(39,53) d(32) a(38,91) r(37,31) d(7)", "fitness": 0.0}
{"generation": 9, "position": 8, "parents": [18], "genome": "r(38,47) r(29,43) r(39,53) d(32) r(6,40) r(37,44) r(5,74) d(36)", "fitness": 0.0}
{"generation": 9, "position": 9, "parents": [11], "genome": "d(38) r(7,57) d(35) a(32,56) d(32) r(6,40) a(39,73) a(39,133) a(37,125) a(39,160)", "fitness": 0.0}
{"generation": 9, "position": 10, "parents": [32, 35], "genome": "d(39) d(38) d(36) a(39,160) a(39,37) r(5,154) r(31,74) d(29) r(35,39) d(32) d(32) d(39) a(6,41) a(37,56)", "fitness": 0.0}
{"generation": 9, "position": 11, "parents": [32, 35], "genome": "d(38) d(36) a(39,160) d(39) a(37,108) a(32,124)", "fitness": 12.0}
{"generation": 9, "position": 12, "parents": [32], "genome": "d(39) d(38) d(36) a(39,160) a(39,37) r(5,154) r(31,74) d(29) r(35,39) d(32) d(39) a(37,108) a(37,43)", "fitness": 0.0}
{"generation": 9, "position": 13, "parents": [35], "genome": "d(38) d(36) a(39,160) d(32) d(39) a(6,41) d(6)", "fitness": 0.0}
{"generation": 9, "position": 14, "parents": [50], "genome": "d(39) d(38) d(36) d(36) d(39) a(32,66) d(31) a(29,46)", "fitness": 0.0}
{"generation": 9, "position": 15, "parents": [31], "genome": "d(39) d(36) r(39,93) r(29,79) a(35,42) d(5) r(38,35) d(35)", "fitness": 0.0}
{"generation": 9, "position": 16, "parents": [39], "genome": "a(31,76) r(32,45) d(39) r(36,80) a(6,7) a(38,66) a(37,29) r(38,145) d(7)", "fitness": 0.0}
{"generation": 9, "position": 17, "parents": [67], "genome": "d(39) d(36) a(39,160) r(38,5) d(6) r(35,74) r(29,53) a(32,72) a(5,163) a(32,31)", "fitness": 0.0}
{"generation": 9, "position": 18, "parents": [58, 43], "genome": "a(31,76) r(32,45) d(39) r(36,80) a(6,7) d(32) r(6,40) r(37,44) r(5,74) d(36) d(29) r(36,128) d(37) r(35,154) a(32,79)", "fitness": 0.0}
{"generation": 9, "position": 19, "parents": [58, 43], "genome": "a(29,79) a(7,50) d(6) a(38,48)", "fitness": 0.0}
{"generation": 9, "position": 20, "parents": [58], "genome": "a(31,76) r(32,45) d(39) r(36,80) a(6,7) d(32) r(6,40) r(37,44) r(5,74) d(36) d(29)", "fitness": 0.0}
{"generation": 9, "position": 21, "parents": [43], "genome": "a(29,79) a(7,50) d(6) r(36,128) d(37) r(35,154) a(32,79) a(29,108)", "fitness": 0.0}
{"generation": 9, "position": 22, "parents": [47], "genome": "a(29,79) r(29,43) r(39,53) a(5,36) d(36) a(37,104) a(7,51) d(36) a(39,160) r(38,5) d(6) r(35,74) r(29,53) a(32,72) r(37,49) r(32,61)", "fitness": 0.0}
{"generation": 9, "position": 23, "parents": [45], "genome": "a(29,79) d(36) r(39,74) d(35) r(38,50) d(29) a(39,37) d(39) a(7,45) a(38,91) a(32,5) d(5) a(37,61) a(32,91)", "fitness": 0.0}
{"generation": 9, "position": 24, "parents": [65], "genome": "a(29,79) d(39) a(5,47) d(5) d(37) a(29,56) d(36) d(32) a(29,37) r(29,73)", "fitness": 0.0}
{"generation": 9, "position": 25, "parents": [65], "genome": "a(29,79) d(39) a(5,47) d(5) d(37) a(29,56) d(36) d(32) a(29,37) a(31,96)", "fitness": 0.0}
{"generation": 9, "position": 26, "parents": [17], "genome": "d(39) d(38) d(36) a(39,160) a(39,37) r(5,154) d(32) r(6,40) r(37,44) r(5,74) d(36) r(29,160)", "fitness": 0.0}
{"generation": 9, "position": 27, "parents": [47], "genome": "a(29,79) r(29,43) r(39,53) a(5,36) d(36) a(37,104) a(7,51) d(36) a(39,160) r(38,5) d(6) r(35,74) r(29,53) a(32,72) r(37,49) r(5,48)", "fitness": 0.0}
{"generation": 9, "position": 28, "parents": [53], "genome": "d(38) d(36) d(39) a(32,66) r(35,58) r(5,45)", "fitness": 0.0}
{"generation": 9, "position": 29, "parents": [62], "genome": "d(39) d(38) d(36) a(39,160) a(39,37) r(5,154) d(32) d(29) d(37)", "fitness": 0.0}
{"generation": 9, "position": 30, "parents": [40, 63], "genome": "r(38,47) r(29,43) r(39,53) d(32) a(29,125) d(36) a(7,45) a(37,40) d(5) d(37) a(29,56) d(36) d(31) a(32,72) r(29,40)", "fitness": 0.0}
{"generation": 9, "position": 31, "parents": [40, 63], "genome": "a(29,79) d(39) a(5,47) d(7) d(35)", "fitness": 0.0}
{"generation": 9, "position": 32, "parents": [40], "genome": "r(38,47) r(29,43) r(39,53) d(32) a(29,125) d(36) a(7,45) a(37,40) d(7) d(5)", "fitness": 0.0}
{"generation": 9, "position": 33, "parents": [63], "genome": "a(29,79) d(39) a(5,47) d(5) d(37) a(29,56) d(36) d(31) a(32,72) r(29,40) r(35,66)", "fitness": 0.0}
{"generation": 9, "position": 34, "parents": [66, 6], "genome": "d(38) r(7,57) d(35) a(32,56) d(32) r(6,40) a(39,73) r(39,31) a(37,49) a(31,78) a(39,160) r(38,5) d(6) r(35,74) r(29,53) r(32,56) r(5,90) d(36)", "fitness": 0.0}
{"generation": 9, "position": 35, "parents": [66, 6], "genome": "d(39) d(36) r(39,93) a(7,45) d(36) d(38)", "fitness": 0.0}
{"generation": 9, "position": 36, "parents": [66], "genome": "d(38) r(7,57) d(35) a(32,56) d(32) r(6,40) a(39,73) r(39,31) a(37,49) a(31,78) a(36,50)", "fitness": 0.0}
{"generation": 9, "position": 37, "parents": [6], "genome": "d(39) d(36) r(39,93) a(7,45) d(36) a(39,160) r(38,5) d(6) r(35,74) r(29,53) r(32,56) r(5,90) r(37,49)", "fitness": 0.0}
{"generation": 9, "position": 38, "parents": [9], "genome": "d(39) d(38) d(36) a(39,160) a(39,37) r(5,154) r(36,128) d(37) a(31,43) d(29) d(32)", "fitness": 0.0}
{"generation": 9, "position": 39, "parents": [7], "genome": "a(31,76) r(32,45) d(39) r(36,80) a(6,7) d(32) a(38,91) r(38,42) r(5,56)", "fitness": 0.0}
{"generation": 9, "position": 40, "parents": [33, 39], "genome": "d(38) d(36) a(39,160) a(39,90) a(39,58)", "fitness": 0.0}
{"generation": 9, "position": 41, "parents": [33, 39], "genome": "a(31,76) r(32,45) d(39) r(36,80) a(6,7) a(38,66) a(37,29) r(38,145) d(7)", "fitness": 0.0}
{"generation": 9, "position": 42, "parents": [33], "genome": "d(38) d(36) a(39,160) a(39,90) a(39,145)", "fitness": 0.0}
{"generation": 9, "position": 43, "parents": [39], "genome": "a(31,76) r(32,45) d(39) r(36,80) a(6,7) a(38,66) a(37,29) r(38,145) r(37,96)", "fitness": 0.0}
{"generation": 9, "position": 44, "parents": [12], "genome": "r(38,47) r(29,43) r(39,53) d(32) r(6,40) r(37,44) r(5,74) a(36,145) d(32) r(6,40) r(37,44) r(5,74) r(29,40) a(36,162) a(36,47)", "fitness": 0.0}
{"generation": 9, "position": 45, "parents": [17], "genome": "d(39) d(38) d(36) a(39,160) a(39,37) r(5,154) d(32) r(6,40) r(37,44) r(5,74) d(36) r(29,160)", "fitness": 0.0}
{"generation": 9, "position": 46, "parents": [45, 35], "genome": "a(29,79) d(36) r(39,74) d(35) d(36) a(39,160) d(32) d(39) a(6,41) d(38)", "fitness": 0.0}
{"generation": 9, "position": 47, "parents": [45, 35], "genome": "d(38) r(38,50) d(29) a(39,37) d(39) a(7,45) a(38,91) a(32,5) d(5) a(37,61) a(32,36)", "fitness": 4.0}
{"generation": 9, "position": 48, "parents": [45], "genome": "a(29,79) d(36) r(39,74) d(35) r(38,50) d(29) a(39,37) d(39) a(7,45) a(38,91) a(32,5) d(5) a(37,61) r(37,104)", "fitness": 0.0}
{"generation": 9, "position": 49, "parents": [35], "genome": "d(38) d(36) a(39,160) d(32) d(39) a(6,41) a(7,93)", "fitness": 0.0}
{"generation": 9, "position": 50, "parents": [12], "genome": "r(38,47) r(29,43) r(39,53) d(32) r(6,40) r(37,44) r(5,74) a(36,145) d(32) r(6,40) r(37,44) r(5,74) r(29,40) a(36,162) d(36)", "fitness": 0.0}
{"generation": 9, "position": 51, "parents": [24], "genome": "d(39) d(36) r(39,93) a(7,45) a(38,91) a(39,37) r(5,154) r(31,74) d(29) d(39) a(38,160) r(38,61)", "fitness": 0.0}
{"generation": 9, "position": 52, "parents": [62], "genome": "d(39) d(38) d(36) a(39,160) a(39,37) r(5,154) d(32) d(29) d(37)", "fitness": 0.0}
{"generation": 9, "position": 53, "parents": [9], "genome": "d(39) d(38) d(36) a(39,160) a(39,37) r(5,154) r(36,128) d(37) a(31,43) d(29) d(35)", "fitness": 0.0}
{"generation": 9, "position": 54, "parents": [1, 20], "genome": "a(29,79) d(36) r(39,93) r(29,79) a(35,42) d(5) r(38,50) a(31,82) a(35,78)", "fitness": 0.0}
{"generation": 9, "position": 55, "parents": [1, 20], "genome": "d(39) d(36) r(39,93) a(7,45) a(38,91) d(32) r(38,37) r(37,79)", "fitness": 0.0}
{"generation": 9, "position": 56, "parents": [1], "genome": "a(29,79) d(36) r(39,93) r(29,79) a(35,42) d(5) r(38,50) d(32)", "fitness": 0.0}
{"generation": 10, "position": 0, "parents": [23, 40], "genome": "a(29,79) d(36) r(39,74) d(35) r(38,50) d(29) a(39,37) d(39) a(7,45) a(38,91) r(37,145)", "fitness": 0.0}
{"generation": 10, "position": 1, "parents": [23, 40], "genome": "d(38) d(36) a(39,160) a(39,90) a(39,58) a(32,5) d(5) a(37,61) a(32,91) r(39,154)", "fitness": 0.0}
{"generation": 10, "position": 2, "parents": [23], "genome": "a(29,79) d(36) r(39,74) d(35) r(38,50) d(29) a(39,37) d(39) a(7,45) a(38,91) a(32,5) d(5) a(37,61) a(32,91) a(32,36)", "fitness": 0.0}
{"generation": 10, "position": 3, "parents": [40], "genome": "d(38) d(36) a(39,160) a(39,90) a(39,58) a(39,5)", "fitness": 0.0}
{"generation": 10, "position": 4, "parents": [48], "genome": "a(29,79) d(36) r(39,74) d(35) r(38,50) d(29) a(39,37) d(39) a(7,45) a(38,91) a(32,5) d(5) a(37,61) r(37,104) r(32,74)", "fitness": 0.0}
{"generation": 10, "position": 5, "parents": [33], "genome": "a(29,79) d(39) a(5,47) d(5) d(37) a(29,56) d(36) d(31) a(32,72) r(29,40) r(35,66) r(32,29)", "fitness": 0.0}
{"generation": 10, "position": 6, "parents": [23], "genome": "a(29,79) d(36) r(39,74) d(35) r(38,50) d(29) a(39,37) d(39) a(7,45) a(38,91) a(32,5) d(5) a(37,61) a(32,91) a(32,125)", "fitness": 0.0}
{"generation": 10, "position": 7, "parents": [25], "genome": "a(29,79) d(39) a(5,47) d(5) d(37) a(29,56) d(36) d(32) a(29,37) a(31,96) d(29)", "fitness": 0.0}
{"generation": 10, "position": 8, "parents": [6], "genome": "d(39) d(36) d(31) a(7,40) a(5,42) d(38)", "fitness": 0.0}
{"generation": 10, "position": 9, "parents": [20], "genome": "a(31,76) r(32,45) d(39) r(36,80) a(6,7) d(32) r(6,40) r(37,44) r(5,74) d(36) d(29)", "fitness": 0.0}
{"generation": 10, "position": 10, "parents": [27], "genome": "a(29,79) r(29,43) r(39,53) a(5,36) d(36) a(37,104) a(7,51) d(36) a(39,160) r(38,5) d(6) r(35,74) r(29,53) a(32,72) r(37,49) r(5,48) a(32,48)", "fitness": 0.0}
{"generation": 10, "position": 11, "parents": [31], "genome": "a(29,79) d(39) a(5,47) d(7) d(35) a(5,82)", "fitness": 0.0}
{"generation": 10, "position": 12, "parents": [57], "genome": "d(39) d(36) r(39,93) a(7,45) a(38,91) d(32) r(38,37) a(31,82) r(31,93) r(7,50)", "fitness": 0.0}
{"generation": 10, "position": 13, "parents": [29], "genome": "d(39) d(38) d(36) a(39,160) a(39,37) r(5,154) d(32) d(29) d(37)", "fitness": 0.0}
{"generation": 10, "position": 14, "parents": [10], "genome": "d(39) d(38) d(36) a(39,160) a(39,37) r(5,154) r(31,74) d(29) r(35,39) d(32) d(32) d(39) a(6,41) a(37,56) a(37,41)", "fitness": 0.0}
{"generation": 10, "position": 15, "parents": [5], "genome": "r(38,47) r(29,43) r(39,53) d(32) a(38,91) r(37,31) d(36) d(31) a(7,40) r(7,82) d(6)", "fitness": 0.0}
{"generation": 10, "position": 16, "parents": [19, 54], "genome": "a(29,79) a(7,50) d(36) r(39,93) r(29,79) a(35,42) d(5) r(38,50) a(31,82) a(35,78) d(32)", "fitness": 0.0}
{"generation": 10, "position": 17, "parents": [19, 54], "genome": "a(29,79) d(6) a(38,48) d(39)", "fitness": 0.0}
{"generation": 10, "position": 18, "parents": [19], "genome": "a(29,79) a(7,50) d(6) a(38,48) r(38,29)", "fitness": 0.0}
{"generation": 10, "position": 19, "parents": [54], "genome": "a(29,79) d(36) r(39,93) r(29,79) a(35,42) d(5) r(38,50) a(31,82) a(35,78) a(35,145)", "fitness": 0.0}
{"generation": 10, "position": 20, "parents": [12], "genome": "d(39) d(38) d(36) a(39,160) a(39,37) r(5,154) r(31,74) d(29) r(35,39) d(32) d(39) a(37,108) a(37,43) r(37,154)", "fitness": 0.0}
{"generation": 10, "position": 21, "parents": [35], "genome": "d(39) d(36) r(39,93) a(7,45) d(36) d(38) r(6,44)", "fitness": 0.0}
{"generation": 10, "position": 22, "parents": [57], "genome": "d(39) d(36) r(39,93) a(7,45) a(38,91) d(32) r(38,37) a(31,82) r(31,93) r(5,66)", "fitness": 0.0}
{"generation": 10, "position": 23, "parents": [39], "genome": "a(31,76) r(32,45) d(39) r(36,80) a(6,7) d(32) a(38,91) r(38,42) r(5,56) r(31,32)", "fitness": 0.0}
{"generation": 10, "position": 24, "parents": [15], "genome": "d(39) d(36) r(39,93) r(29,79) a(35,42) d(5) r(38,35) d(35) d(32)", "fitness": 0.0}
{"generation": 10, "position": 25, "parents": [22], "genome": "a(29,79) r(29,43) r(39,53) a(5,36) d(36) a(37,104) a(7,51) d(36) a(39,160) r(38,5) d(6) r(35,74) r(29,53) a(32,72) r(37,49) r(32,61) r(5,124)", "fitness": 12.0}
{"generation": 10, "position": 26, "parents": [53], "genome": "d(39) d(38) d(36) a(39,160) a(39,37) r(5,154) r(36,128) d(37) a(31,43) d(29) d(35) r(32,65)", "fitness": 0.0}
{"generation": 10, "position": 27, "parents": [13], "genome": "d(38) d(36) a(39,160) d(32) d(39) a(6,41) d(6) a(5,42)", "fitness": 0.0}
{"generation": 10, "position": 28, "parents": [6], "genome": "d(39) d(36) d(31) a(7,40) a(5,42) a(38,163)", "fitness": 12.0}
{"generation": 10, "position": 29, "parents": [25], "genome": "a(29,79) d(39) a(5,47) d(5) d(37) a(29,56) d(36) d(32) a(29,37) a(31,96) a(29,74)", "fitness": 0.0}
{"generation": 10, "position": 30, "parents": [45], "genome": "d(39) d(38) d(36) a(39,160) a(39,37) r(5,154) d(32) r(6,40) r(37,44) r(5,74) d(36) r(29,160)", "fitness": 0.0}
{"generation": 10, "position": 31, "parents": [26], "genome": "d(39) d(38) d(36) a(39,160) a(39,37) r(5,154) d(32) r(6,40) r(37,44) r(5,74) d(36) r(29,160)", "fitness": 0.0}
{"generation": 10, "position": 32, "parents": [23, 15], "genome": "a(29,79) d(36) r(39,74) d(35) r(38,50) d(29) d(36) r(39,93) r(29,79) a(35,42) d(5) r(38,35) d(35) r(32,5)", "fitness": 0.0}
{"generation": 10, "position": 33, "parents": [23, 15], "genome": "d(39) a(39,37) d(39) a(7,45) a(38,91) a(32,5) d(5) a(37,61) a(32,91) d(38)", "fitness": 0.0}
{"generation": 10, "position": 34, "parents": [23], "genome": "a(29,79) d(36) r(39,74) d(35) r(38,50) d(29) a(39,37) d(39) a(7,45) a(38,91) a(32,5) d(5) a(37,61) a(32,91) d(32)", "fitness": 0.0}
{"generation": 10, "position": 35, "parents": [15], "genome": "d(39) d(36) r(39,93) r(29,79) a(35,42) d(5) r(38,35) d(35) r(37,60)", "fitness": 0.0}
{"generation": 10, "position": 36, "parents": [34], "genome": "d(38) r(7,57) d(35) a(32,56) d(32) r(6,40) a(39,73) r(39,31) a(37,49) a(31,78) a(39,160) r(38,5) d(6) r(35,74) r(29,53) r(32,56) r(5,90) d(36) r(37,35)", "fitness": 0.0}
{"generation": 10, "position": 37, "parents": [26], "genome": "d(39) d(38) d(36) a(39,160) a(39,37) r(5,154) d(32) r(6,40) r(37,44) r(5,74) d(36) r(29,160)", "fitness": 0.0}
{"generation": 10, "position": 38, "parents": [33, 18], "genome": "a(29,79) d(39) a(5,47) d(5) d(37) a(29,56) d(36) d(31) a(32,72) d(36) d(29) r(36,128) d(37) r(35,154) a(32,79) a(32,91)", "fitness": 0.0}
{"generation": 10, "position": 39, "parents": [33, 18], "genome": "a(31,76) r(32,45) d(39) r(36,80) a(6,7) d(32) r(6,40) r(37,44) r(5,74) r(29,40) r(35,66)", "fitness": 0.0}
{"generation": 10, "position": 40, "parents": [33], "genome": "a(29,79) d(39) a(5,47) d(5) d(37) a(29,56) d(36) d(31) a(32,72) r(29,40) r(35,66) d(32)", "fitness": 0.0}
{"generation": 10, "position": 41, "parents": [18], "genome": "a(31,76) r(32,45) d(39) r(36,80) a(6,7) d(32) r(6,40) r(37,44) r(5,74) d(36) d(29) r(36,128) d(37) r(35,154) a(32,79)", "fitness": 0.0}
{"generation": 10, "position": 42, "parents": [27], "genome": "a(29,79) r(29,43) r(39,53) a(5,36) d(36) a(37,104) a(7,51) d(36) a(39,160) r(38,5) d(6) r(35,74) r(29,53) a(32,72) r(37,49) r(5,48) r(32,29)", "fitness": 0.0}
{"generation": 10, "position": 43, "parents": [22], "genome": "a(29,79) r(29,43) r(39,53) a(5,36) d(36) a(37,104) a(7,51) d(36) a(39,160) r(38,5) d(6) r(35,74) r(29,53) a(32,72) r(37,49) r(32,61) d(5)", "fitness": 0.0}
{"generation": 10, "position": 44, "parents": [29, 34], "genome": "d(39) d(38) d(36) a(39,160) r(7,57) d(35) a(32,56) d(32) r(6,40) a(39,73) r(39,31) a(37,49) a(31,78) a(39,160) r(38,5) d(6) r(35,74) r(29,53) r(32,56) r(5,90) d(36) d(37)", "fitness": 0.0}
{"generation": 10, "position": 45, "parents": [29, 34], "genome": "d(38) a(39,37) r(5,154) d(32) d(29) d(37) a(36,60)", "fitness": 0.0}
{"generation": 10, "position": 46, "parents": [29], "genome": "d(39) d(38) d(36) a(39,160) a(39,37) r(5,154) d(32) d(29) d(37)", "fitness": 0.0}
{"generation": 10, "position": 47, "parents": [34], "genome": "d(38) r(7,57) d(35) a(32,56) d(32) r(6,40) a(39,73) r(39,31) a(37,49) a(31,78) a(39,160) r(38,5) d(6) r(35,74) r(29,53) r(32,56) r(5,90) d(36) d(37)", "fitness": 0.0}
{"generation": 10, "position": 48, "parents": [54, 27], "genome": "a(29,79) d(36) r(39,93) r(29,79) r(29,53) a(32,72) r(37,49) r(5,48) a(35,39)", "fitness": 0.0}
{"generation": 10, "position": 49, "parents": [54, 27], "genome": "a(29,79) r(29,43) r(39,53) a(5,36) d(36) a(37,104) a(7,51) d(36) a(39,160) r(38,5) d(6) r(35,74) a(35,42) d(5) r(38,50) a(31,82) a(35,78) d(37)", "fitness": 0.0}
{"generation": 10, "position": 50, "parents": [54], "genome": "a(29,79) d(36) r(39,93) r(29,79) a(35,42) d(5) r(38,50) a(31,82) a(35,78) d(35)", "fitness": 0.0}