[meta]
{"program": "genprog-3.0", "problem": {"ideal_fitness": "12", "type": "repair", "name": "ultrix-look", "enclosure": {"1": 0, "2": 0, "3": 0, "4": 0, "5": 0, "6": 5, "7": 6, "8": 7, "11": 5, "12": 11, "14": 0, "16": 0, "18": 0, "19": 0, "20": 19, "21": 19, "26": 11, "27": 5, "28": 5, "29": 0, "30": 29, "31": 29, "32": 0, "33": 32, "34": 32, "35": 32, "36": 0, "37": 0, "38": 37, "39": 37, "40": 37, "41": 0, "42": 0, "43": 0, "44": 0, "45": 0, "46": 45, "47": 45, "48": 45, "49": 48, "50": 48, "51": 48, "52": 51, "53": 52, "56": 45, "57": 45, "58": 57, "60": 45, "61": 45, "63": 0, "65": 63, "66": 0, "68": 0, "71": 45, "72": 0, "73": 0, "74": 73, "75": 73, "76": 75, "78": 73, "79": 73, "80": 79, "81": 79, "82": 73, "83": 73, "85": 0, "86": 0, "90": 0, "91": 90, "92": 90, "93": 92, "95": 90, "96": 90, "98": 0, "101": 0, "102": 0, "103": 102, "104": 103, "106": 102, "107": 106, "108": 106, "109": 102, "110": 102, "111": 0, "112": 111, "113": 111, "114": 113, "115": 113, "116": 115, "117": 115, "118": 113, "119": 111, "120": 0, "121": 0, "122": 121, "123": 121, "124": 123, "125": 123, "126": 121, "128": 126, "129": 121, "130": 121, "131": 121, "132": 0, "133": 0, "134": 0, "135": 134, "136": 134, "137": 134, "138": 134, "139": 134, "140": 139, "142": 139, "143": 142, "145": 142, "146": 134, "147": 146, "148": 146, "149": 148, "150": 148, "151": 148, "152": 151, "154": 146, "155": 134, "156": 155, "157": 155, "158": 157, "159": 157, "160": 155, "161": 134, "162": 134, "163": 0}}, "version": "0.0.2", "seed": 4, "algorithm": {"representation": "patch", "type": "genetic", "name": "ALGORITHM-NAME"}}

[data]
{"generation": 0, "position": 0, "parents": [], "genome": "a(38,145)", "fitness": 4.0}
{"generation": 0, "position": 1, "parents": [], "genome": "a(7,65)", "fitness": 4.0}
{"generation": 0, "position": 2, "parents": [], "genome": "r(38,40)", "fitness": 4.0}
{"generation": 0, "position": 3, "parents": [], "genome": "r(39,46)", "fitness": 4.0}
{"generation": 0, "position": 4, "parents": [], "genome": "r(38,48)", "fitness": 4.0}
{"generation": 0, "position": 5, "parents": [], "genome": "r(31,93)", "fitness": 4.0}
{"generation": 0, "position": 6, "parents": [], "genome": "d(31)", "fitness": 4.0}
{"generation": 0, "position": 7, "parents": [], "genome": "r(38,78)", "fitness": 4.0}
{"generation": 0, "position": 8, "parents": [], "genome": "r(38,40)", "fitness": 4.0}
{"generation": 0, "position": 9, "parents": [], "genome": "a(39,74)", "fitness": 4.0}
{"generation": 0, "position": 10, "parents": [], "genome": "a(39,72)", "fitness": 4.0}
{"generation": 0, "position": 11, "parents": [], "genome": "a(39,128)", "fitness": 4.0}
{"generation": 0, "position": 12, "parents": [], "genome": "d(36)", "fitness": 0.0}
{"generation": 0, "position": 13, "parents": [], "genome": "r(38,95)", "fitness": 4.0}
{"generation": 0, "position": 14, "parents": [], "genome": "d(39)", "fitness": 4.0}
{"generation": 0, "position": 15, "parents": [], "genome": "d(38)", "fitness": 4.0}
{"generation": 0, "position": 16, "parents": [], "genome": "r(39,83)", "fitness": 4.0}
{"generation": 0, "position": 17, "parents": [], "genome": "d(35)", "fitness": 0.0}
{"generation": 0, "position": 18, "parents": [], "genome": "a(39,43)", "fitness": 4.0}
{"generation": 0, "position": 19, "parents": [], "genome": "d(39)", "fitness": 4.0}
{"generation": 0, "position": 20, "parents": [], "genome": "d(39)", "fitness": 4.0}
{"generation": 0, "position": 21, "parents": [], "genome": "d(39)", "fitness": 4.0}
{"generation": 0, "position": 22, "parents": [], "genome": "r(29,56)", "fitness": 0.0}
{"generation": 0, "position": 23, "parents": [], "genome": "a(38,90)", "fitness": 4.0}
{"generation": 0, "position": 24, "parents": [], "genome": "a(5,60)", "fitness": 4.0}
{"generation": 0, "position": 25, "parents": [], "genome": "r(38,133)", "fitness": 4.0}
{"generation": 0, "position": 26, "parents": [], "genome": "d(36)", "fitness": 0.0}
{"generation": 0, "position": 27, "parents": [], "genome": "a(29,78)", "fitness": 0.0}
{"generation": 0, "position": 28, "parents": [], "genome": "r(29,160)", "fitness": 4.0}
{"generation": 0, "position": 29, "parents": [], "genome": "d(38)", "fitness": 4.0}
{"generation": 0, "position": 30, "parents": [], "genome": "d(39)", "fitness": 4.0}
{"generation": 0, "position": 31, "parents": [], "genome": "d(39)", "fitness": 4.0}
{"generation": 0, "position": 32, "parents": [], "genome": "r(38,46)", "fitness": 4.0}
{"generation": 0, "position": 33, "parents": [], "genome": "a(38,61)", "fitness": 4.0}
{"generation": 0, "position": 34, "parents": [], "genome": "r(38,79)", "fitness": 4.0}
{"generation": 0, "position": 35, "parents": [], "genome": "r(6,101)", "fitness": 12.0}
{"generation": 0, "position": 36, "parents": [], "genome": "r(38,125)", "fitness": 4.0}
{"generation": 0, "position": 37, "parents": [], "genome": "r(38,58)", "fitness": 4.0}
{"generation": 0, "position": 38, "parents": [], "genome": "r(38,95)", "fitness": 4.0}
{"generation": 0, "position": 39, "parents": [], "genome": "original", "fitness": 4.0}
{"generation": 1, "position": 0, "parents": [27, 17], "genome": "a(29,78) d(39)", "fitness": 0.0}
{"generation": 1, "position": 1, "parents": [27, 17], "genome": "d(35) d(31)", "fitness": 0.0}
{"generation": 1, "position": 2, "parents": [27], "genome": "a(29,78) d(38)", "fitness": 0.0}
{"generation": 1, "position": 3, "parents": [17], "genome": "d(35) d(31)", "fitness": 0.0}
{"generation": 1, "position": 4, "parents": [1, 11], "genome": "a(7,65) a(38,35)", "fitness": 4.0}
{"generation": 1, "position": 5, "parents": [1, 11], "genome": "a(39,128) a(38,61)", "fitness": 4.0}
{"generation": 1, "position": 6, "parents": [1], "genome": "a(7,65) r(38,79)", "fitness": 4.0}
{"generation": 1, "position": 7, "parents": [11], "genome": "a(39,128) d(39)", "fitness": 4.0}
{"generation": 1, "position": 8, "parents": [8], "genome": "r(38,40) r(39,46)", "fitness": 4.0}
{"generation": 1, "position": 9, "parents": [38], "genome": "r(38,95) a(32,35)", "fitness": 4.0}
{"generation": 1, "position": 10, "parents": [7], "genome": "r(38,78) r(39,60)", "fitness": 4.0}
{"generation": 1, "position": 11, "parents": [30], "genome": "d(39) d(35)", "fitness": 0.0}
{"generation": 1, "position": 12, "parents": [28], "genome": "r(29,160) r(39,66)", "fitness": 4.0}
{"generation": 1, "position": 13, "parents": [37], "genome": "r(38,58) d(5)", "fitness": 4.0}
{"generation": 1, "position": 14, "parents": [22], "genome": "r(29,56) r(38,39)", "fitness": 0.0}
{"generation": 1, "position": 15, "parents": [28], "genome": "r(29,160) d(39)", "fitness": 4.0}
{"generation": 1, "position": 16, "parents": [0], "genome": "a(38,145) r(38,83)", "fitness": 4.0}
{"generation": 1, "position": 17, "parents": [17], "genome": "d(35) d(39)", "fitness": 0.0}
{"generation": 1, "position": 18, "parents": [1, 37], "genome": "a(7,65) r(39,78)", "fitness": 4.0}
{"generation": 1, "position": 19, "parents": [1, 37], "genome": "r(38,58) d(32)", "fitness": 0.0}
{"generation": 1, "position": 20, "parents": [1], "genome": "a(7,65) r(39,124)", "fitness": 4.0}
{"generation": 1, "position": 21, "parents": [37], "genome": "r(38,58) d(29)", "fitness": 4.0}
{"generation": 1, "position": 22, "parents": [8, 9], "genome": "r(38,40) r(36,50)", "fitness": 0.0}
{"generation": 1, "position": 23, "parents": [8, 9], "genome": "a(39,74) a(39,41)", "fitness": 4.0}
{"generation": 1, "position": 24, "parents": [8], "genome": "r(38,40) r(39,36)", "fitness": 4.0}
{"generation": 1, "position": 25, "parents": [9], "genome": "a(39,74) r(5,83)", "fitness": 4.0}
{"generation": 1, "position": 26, "parents": [18, 37], "genome": "a(39,43) a(39,44)", "fitness": 4.0}
{"generation": 1, "position": 27, "parents": [18, 37], "genome": "r(38,58) r(36,29)", "fitness": 0.0}
{"generation": 1, "position": 28, "parents": [18], "genome": "a(39,43) d(38)", "fitness": 4.0}
{"generation": 1, "position": 29, "parents": [37], "genome": "r(38,58) d(36)", "fitness": 0.0}
{"generation": 1, "position": 30, "parents": [12, 39], "genome": "d(36) r(38,35)", "fitness": 0.0}
{"generation": 1, "position": 31, "parents": [12, 39], "genome": "r(39,36)", "fitness": 4.0}
{"generation": 1, "position": 32, "parents": [12], "genome": "d(36) a(39,38)", "fitness": 0.0}
{"generation": 1, "position": 33, "parents": [39], "genome": "d(39)", "fitness": 4.0}
{"generation": 1, "position": 34, "parents": [13, 27], "genome": "r(38,95) d(5)", "fitness": 4.0}
{"generation": 1, "position": 35, "parents": [13, 27], "genome": "a(29,78) a(38,72)", "fitness": 0.0}
{"generation": 1, "position": 36, "parents": [13], "genome": "r(38,95) a(39,31)", "fitness": 4.0}
{"generation": 1, "position": 37, "parents": [27], "genome": "a(29,78) a(39,31)", "fitness": 0.0}
{"generation": 1, "position": 38, "parents": [5, 31], "genome": "r(31,93) a(38,53)", "fitness": 4.0}
{"generation": 1, "position": 39, "parents": [5, 31], "genome": "d(39) r(38,66)", "fitness": 4.0}
{"generation": 1, "position": 40, "parents": [5], "genome": "r(31,93) d(39)", "fitness": 4.0}
{"generation": 1, "position": 41, "parents": [31], "genome": "d(39) r(36,53)", "fitness": 0.0}
{"generation": 1, "position": 42, "parents": [5], "genome": "r(31,93) r(38,125)", "fitness": 4.0}
{"generation": 1, "position": 43, "parents": [25], "genome": "r(38,133) r(31,83)", "fitness": 4.0}
{"generation": 1, "position": 44, "parents": [22], "genome": "r(29,56) r(39,79)", "fitness": 0.0}
{"generation": 1, "position": 45, "parents": [7], "genome": "r(38,78) d(35)", "fitness": 0.0}
{"generation": 1, "position": 46, "parents": [36], "genome": "r(38,125) r(39,93)", "fitness": 4.0}
{"generation": 1, "position": 47, "parents": [31], "genome": "d(39) a(32,91)", "fitness": 0.0}
{"generation": 1, "position": 48, "parents": [25], "genome": "r(38,133) r(39,76)", "fitness": 4.0}
{"generation": 1, "position": 49, "parents": [17], "genome": "d(35) r(39,101)", "fitness": 12.0}
{"generation": 1, "position": 50, "parents": [10], "genome": "a(39,72) d(38)", "fitness": 4.0}
{"generation": 1, "position": 51, "parents": [29], "genome": "d(38) a(5,154)", "fitness": 4.0}
{"generation": 1, "position": 52, "parents": [31], "genome": "d(39) d(6)", "fitness": 0.0}
{"generation": 1, "position": 53, "parents": [22], "genome": "r(29,56) r(38,162)", "fitness": 0.0}
{"generation": 1, "position": 54, "parents": [26, 37], "genome": "d(36) a(5,163)", "fitness": 12.0}
{"generation": 1, "position": 55, "parents": [26, 37], "genome": "r(38,58) r(36,45)", "fitness": 0.0}
{"generation": 1, "position": 56, "parents": [26], "genome": "d(36) d(39)", "fitness": 0.0}
{"generation": 2, "position": 0, "parents": [1, 5], "genome": "d(35) a(38,61) r(31,76)", "fitness": 0.0}
{"generation": 2, "position": 1, "parents": [1, 5], "genome": "a(39,128) d(31) a(39,125)", "fitness": 4.0}
{"generation": 2, "position": 2, "parents": [1], "genome": "d(35) d(31) r(29,76)", "fitness": 0.0}
{"generation": 2, "position": 3, "parents": [5], "genome": "a(39,128) a(38,61) r(38,124)", "fitness": 4.0}
{"generation": 2, "position": 4, "parents": [44, 27], "genome": "r(29,56) a(39,125)", "fitness": 0.0}
{"generation": 2, "position": 5, "parents": [44, 27], "genome": "r(38,58) r(36,29) r(39,79) d(31)", "fitness": 12.0}
{"generation": 2, "position": 6, "parents": [44], "genome": "r(29,56) r(39,79) r(36,46)", "fitness": 0.0}
{"generation": 2, "position": 7, "parents": [27], "genome": "r(38,58) r(36,29) a(35,101)", "fitness": 12.0}
{"generation": 2, "position": 8, "parents": [29], "genome": "r(38,58) d(36) a(39,47)", "fitness": 0.0}
{"generation": 2, "position": 9, "parents": [36], "genome": "r(38,95) a(39,31) d(39)", "fitness": 4.0}
{"generation": 2, "position": 10, "parents": [45], "genome": "r(38,78) d(35) a(5,73)", "fitness": 0.0}
{"generation": 2, "position": 11, "parents": [35], "genome": "a(29,78) a(38,72) a(39,83)", "fitness": 0.0}
{"generation": 2, "position": 12, "parents": [27, 3], "genome": "r(38,58) d(31) d(39)", "fitness": 4.0}
{"generation": 2, "position": 13, "parents": [27, 3], "genome": "d(35) r(36,29) r(38,72)", "fitness": 0.0}
{"generation": 2, "position": 14, "parents": [27], "genome": "r(38,58) r(36,29) a(39,124)", "fitness": 0.0}
{"generation": 2, "position": 15, "parents": [3], "genome": "d(35) d(31) r(37,79)", "fitness": 12.0}
{"generation": 2, "position": 16, "parents": [53, 12], "genome": "r(29,56) a(38,42)", "fitness": 0.0}
{"generation": 2, "position": 17, "parents": [53, 12], "genome": "r(29,160) r(39,66) r(38,162) r(37,82)", "fitness": 4.0}
{"generation": 2, "position": 18, "parents": [53], "genome": "r(29,56) r(38,162) r(39,124)", "fitness": 0.0}
{"generation": 2, "position": 19, "parents": [12], "genome": "r(29,160) r(39,66) r(38,61)", "fitness": 4.0}
{"generation": 2, "position": 20, "parents": [12], "genome": "r(29,160) r(39,66) a(6,90)", "fitness": 4.0}
{"generation": 2, "position": 21, "parents": [56], "genome": "d(36) d(39) d(6)", "fitness": 0.0}
{"generation": 2, "position": 22, "parents": [1, 41], "genome": "d(35) d(31) d(38)", "fitness": 0.0}
{"generation": 2, "position": 23, "parents": [1, 41], "genome": "d(39) r(36,53) a(37,29)", "fitness": 0.0}
{"generation": 2, "position": 24, "parents": [1], "genome": "d(35) d(31) r(37,80)", "fitness": 0.0}
{"generation": 2, "position": 25, "parents": [41], "genome": "d(39) r(36,53) a(38,79)", "fitness": 0.0}
{"generation": 2, "position": 26, "parents": [2], "genome": "a(29,78) d(38) d(39)", "fitness": 0.0}
{"generation": 2, "position": 27, "parents": [30], "genome": "d(36) r(38,35) r(29,74)", "fitness": 0.0}
{"generation": 2, "position": 28, "parents": [37], "genome": "a(29,78) a(39,31) r(38,145)", "fitness": 0.0}
{"generation": 2, "position": 29, "parents": [41], "genome": "d(39) r(36,53) r(38,49)", "fitness": 0.0}
{"generation": 2, "position": 30, "parents": [17], "genome": "d(35) d(39) a(38,96)", "fitness": 0.0}
{"generation": 2, "position": 31, "parents": [4], "genome": "a(7,65) a(38,35) a(38,90)", "fitness": 4.0}
{"generation": 2, "position": 32, "parents": [45, 36], "genome": "r(38,78) a(5,78)", "fitness": 0.0}
{"generation": 2, "position": 33, "parents": [45, 36], "genome": "r(38,95) a(39,31) d(35) r(39,60)", "fitness": 0.0}
{"generation": 2, "position": 34, "parents": [45], "genome": "r(38,78) d(35) d(31)", "fitness": 0.0}
{"generation": 2, "position": 35, "parents": [36], "genome": "r(38,95) a(39,31) d(39)", "fitness": 4.0}
{"generation": 2, "position": 36, "parents": [11, 47], "genome": "d(39) d(35) d(38)", "fitness": 0.0}
{"generation": 2, "position": 37, "parents": [11, 47], "genome": "d(39) a(32,91) d(29)", "fitness": 0.0}
{"generation": 2, "position": 38, "parents": [11], "genome": "d(39) d(35) a(38,56)", "fitness": 0.0}
{"generation": 2, "position": 39, "parents": [47], "genome": "d(39) a(32,91) a(38,74)", "fitness": 0.0}
{"generation": 2, "position": 40, "parents": [29, 6], "genome": "r(38,58) r(38,79) r(5,80)", "fitness": 4.0}
{"generation": 2, "position": 41, "parents": [29, 6], "genome": "a(7,65) d(36) a(38,44)", "fitness": 0.0}
{"generation": 2, "position": 42, "parents": [29], "genome": "r(38,58) d(36) r(31,45)", "fitness": 0.0}
{"generation": 2, "position": 43, "parents": [6], "genome": "a(7,65) r(38,79) a(39,125)", "fitness": 4.0}
{"generation": 2, "position": 44, "parents": [0], "genome": "a(29,78) d(39) a(38,56)", "fitness": 0.0}
{"generation": 2, "position": 45, "parents": [29], "genome": "r(38,58) d(36) a(32,47)", "fitness": 0.0}
{"generation": 2, "position": 46, "parents": [13, 44], "genome": "r(38,58) d(5) d(31)", "fitness": 4.0}
{"generation": 2, "position": 47, "parents": [13, 44], "genome": "r(29,56) r(39,79) r(32,50)", "fitness": 0.0}
{"generation": 2, "position": 48, "parents": [13], "genome": "r(38,58) d(5) d(39)", "fitness": 4.0}
{"generation": 2, "position": 49, "parents": [44], "genome": "r(29,56) r(39,79) a(37,53)", "fitness": 0.0}
{"generation": 2, "position": 50, "parents": [30], "genome": "d(36) r(38,35) a(39,104)", "fitness": 0.0}
{"generation": 2, "position": 51, "parents": [17], "genome": "d(35) d(39) r(7,65)", "fitness": 12.0}
{"generation": 2, "position": 52, "parents": [46], "genome": "r(38,125) r(39,93) a(35,40)", "fitness": 4.0}
{"generation": 2, "position": 53, "parents": [41], "genome": "d(39) r(36,53) d(38)", "fitness": 0.0}
{"generation": 2, "position": 54, "parents": [28, 14], "genome": "a(39,43) d(38) r(38,39) d(29)", "fitness": 4.0}
{"generation": 2, "position": 55, "parents": [28, 14], "genome": "r(29,56) a(5,163)", "fitness": 12.0}
{"generation": 2, "position": 56, "parents": [28], "genome": "a(39,43) d(38) a(5,45)", "fitness": 0.0}
{"generation": 2, "position": 57, "parents": [14], "genome": "r(29,56) r(38,39) r(5,46)", "fitness": 0.0}
{"generation": 2, "position": 58, "parents": [25, 48], "genome": "a(39,74) r(5,83) a(37,78)", "fitness": 4.0}
{"generation": 2, "position": 59, "parents": [25, 48], "genome": "r(38,133) r(39,76) r(7,104)", "fitness": 12.0}
{"generation": 2, "position": 60, "parents": [25], "genome": "a(39,74) r(5,83) d(31)", "fitness": 4.0}
{"generation": 3, "position": 0, "parents": [56, 61], "genome": "a(39,43) d(38) a(6,53) r(39,104)", "fitness": 4.0}
{"generation": 3, "position": 1, "parents": [56, 61], "genome": "r(38,133) r(39,76) a(5,45) r(35,43)", "fitness": 0.0}
{"generation": 3, "position": 2, "parents": [56], "genome": "a(39,43) d(38) a(5,45) d(31)", "fitness": 0.0}
{"generation": 3, "position": 3, "parents": [61], "genome": "r(38,133) r(39,76) a(6,53) d(5)", "fitness": 4.0}
{"generation": 3, "position": 4, "parents": [50, 55], "genome": "d(36) r(32,82)", "fitness": 0.0}
{"generation": 3, "position": 5, "parents": [50, 55], "genome": "r(29,56) a(5,163) r(38,35) a(39,104) d(39)", "fitness": 12.0}
{"generation": 3, "position": 6, "parents": [50], "genome": "d(36) r(38,35) a(39,104) d(39)", "fitness": 0.0}
{"generation": 3, "position": 7, "parents": [55], "genome": "r(29,56) a(5,163) d(37)", "fitness": 12.0}
{"generation": 3, "position": 8, "parents": [6], "genome": "r(29,56) r(39,79) r(36,46) d(38)", "fitness": 0.0}
{"generation": 3, "position": 9, "parents": [4], "genome": "r(29,56) a(39,125) d(39)", "fitness": 0.0}
{"generation": 3, "position": 10, "parents": [13, 39], "genome": "d(35) r(36,29) a(32,91) a(38,74) d(38)", "fitness": 0.0}
{"generation": 3, "position": 11, "parents": [13, 39], "genome": "d(39) r(38,72) r(31,53)", "fitness": 4.0}
{"generation": 3, "position": 12, "parents": [13], "genome": "d(35) r(36,29) r(38,72) r(39,40)", "fitness": 0.0}
{"generation": 3, "position": 13, "parents": [39], "genome": "d(39) a(32,91) a(38,74) d(36)", "fitness": 0.0}
{"generation": 3, "position": 14, "parents": [16, 53], "genome": "r(29,56) d(38)", "fitness": 0.0}
{"generation": 3, "position": 15, "parents": [16, 53], "genome": "d(39) r(36,53) d(38) a(38,42) d(7)", "fitness": 12.0}
{"generation": 3, "position": 16, "parents": [16], "genome": "r(29,56) a(38,42) r(38,90)", "fitness": 0.0}
{"generation": 3, "position": 17, "parents": [53], "genome": "d(39) r(36,53) d(38) r(31,39)", "fitness": 0.0}
{"generation": 3, "position": 18, "parents": [47], "genome": "r(29,56) r(39,79) r(32,50) a(38,29)", "fitness": 0.0}
{"generation": 3, "position": 19, "parents": [27], "genome": "d(36) r(38,35) r(29,74) r(39,79)", "fitness": 0.0}
{"generation": 3, "position": 20, "parents": [8], "genome": "r(38,58) d(36) a(39,47) a(6,31)", "fitness": 0.0}
{"generation": 3, "position": 21, "parents": [56], "genome": "a(39,43) d(38) a(5,45) r(29,44)", "fitness": 0.0}
{"generation": 3, "position": 22, "parents": [21], "genome": "d(36) d(39) d(6) d(5)", "fitness": 0.0}
{"generation": 3, "position": 23, "parents": [49], "genome": "r(29,56) r(39,79) a(37,53) d(38)", "fitness": 0.0}
{"generation": 3, "position": 24, "parents": [6], "genome": "r(29,56) r(39,79) r(36,46) a(38,78)", "fitness": 0.0}
{"generation": 3, "position": 25, "parents": [18], "genome": "r(29,56) r(38,162) r(39,124) d(5)", "fitness": 0.0}
{"generation": 3, "position": 26, "parents": [42], "genome": "r(38,58) d(36) r(31,45) d(6)", "fitness": 0.0}
{"generation": 3, "position": 27, "parents": [4], "genome": "r(29,56) a(39,125) a(38,74)", "fitness": 0.0}
{"generation": 3, "position": 28, "parents": [56], "genome": "a(39,43) d(38) a(5,45) d(5)", "fitness": 0.0}
{"generation": 3, "position": 29, "parents": [28], "genome": "a(29,78) a(39,31) r(38,145) d(39)", "fitness": 0.0}
{"generation": 3, "position": 30, "parents": [2], "genome": "d(35) d(31) r(29,76) d(5)", "fitness": 0.0}
{"generation": 3, "position": 31, "parents": [23], "genome": "d(39) r(36,53) a(37,29) d(38)", "fitness": 0.0}
{"generation": 3, "position": 32, "parents": [11], "genome": "a(29,78) a(38,72) a(39,83) d(31)", "fitness": 0.0}
{"generation": 3, "position": 33, "parents": [31], "genome": "a(7,65) a(38,35) a(38,90) a(38,41)", "fitness": 4.0}
{"generation": 3, "position": 34, "parents": [41, 8], "genome": "a(7,65) d(36) r(7,56)", "fitness": 0.0}
{"generation": 3, "position": 35, "parents": [41, 8], "genome": "r(38,58) d(36) a(39,47) a(38,44) d(39)", "fitness": 0.0}
{"generation": 3, "position": 36, "parents": [41], "genome": "a(7,65) d(36) a(38,44) d(38)", "fitness": 0.0}
{"generation": 3, "position": 37, "parents": [8], "genome": "r(38,58) d(36) a(39,47) a(39,162)", "fitness": 0.0}
{"generation": 3, "position": 38, "parents": [26, 2], "genome": "a(29,78) d(31) r(29,76) d(38)", "fitness": 0.0}
{"generation": 3, "position": 39, "parents": [26, 2], "genome": "d(35) d(38) d(39) a(32,125)", "fitness": 0.0}
{"generation": 3, "position": 40, "parents": [26], "genome": "a(29,78) d(38) d(39) r(36,124)", "fitness": 0.0}
{"generation": 3, "position": 41, "parents": [2], "genome": "d(35) d(31) r(29,76) r(39,37)", "fitness": 0.0}
{"generation": 3, "position": 42, "parents": [14, 23], "genome": "r(38,58) r(36,29) a(39,124) r(36,53) a(37,29) a(39,74)", "fitness": 0.0}
{"generation": 3, "position": 43, "parents": [14, 23], "genome": "d(39) a(38,145)", "fitness": 4.0}
{"generation": 3, "position": 44, "parents": [14], "genome": "r(38,58) r(36,29) a(39,124) d(39)", "fitness": 12.0}
{"generation": 3, "position": 45, "parents": [23], "genome": "d(39) r(36,53) a(37,29) d(5)", "fitness": 0.0}
{"generation": 3, "position": 46, "parents": [4, 37], "genome": "r(29,56) a(39,125) d(29) d(38)", "fitness": 0.0}
{"generation": 3, "position": 47, "parents": [4, 37], "genome": "d(39) a(32,91) r(31,5)", "fitness": 0.0}
{"generation": 3, "position": 48, "parents": [4], "genome": "r(29,56) a(39,125) r(38,42)", "fitness": 0.0}
{"generation": 3, "position": 49, "parents": [37], "genome": "d(39) a(32,91) d(29) d(6)", "fitness": 0.0}
{"generation": 3, "position": 50, "parents": [30, 34], "genome": "d(35) d(39) a(38,96) d(38)", "fitness": 0.0}
{"generation": 3, "position": 51, "parents": [30, 34], "genome": "r(38,78) d(35) d(31) r(7,154)", "fitness": 12.0}
{"generation": 3, "position": 52, "parents": [30], "genome": "d(35) d(39) a(38,96) r(36,37)", "fitness": 0.0}
{"generation": 3, "position": 53, "parents": [34], "genome": "r(38,78) d(35) d(31) r(39,96)", "fitness": 0.0}
{"generation": 3, "position": 54, "parents": [12, 32], "genome": "r(38,58) a(36,83)", "fitness": 4.0}
{"generation": 3, "position": 55, "parents": [12, 32], "genome": "r(38,78) a(5,78) d(31) d(39) a(5,101)", "fitness": 12.0}
{"generation": 3, "position": 56, "parents": [12], "genome": "r(38,58) d(31) d(39) r(35,76)", "fitness": 0.0}
{"generation": 3, "position": 57, "parents": [32], "genome": "r(38,78) a(5,78) r(39,31)", "fitness": 0.0}
{"generation": 3, "position": 58, "parents": [57, 26], "genome": "r(29,56) r(38,39) r(5,46) d(38) d(39) r(36,32)", "fitness": 0.0}
{"generation": 3, "position": 59, "parents": [57, 26], "genome": "a(29,78) d(37)", "fitness": 0.0}
{"generation": 3, "position": 60, "parents": [57], "genome": "r(29,56) r(38,39) r(5,46) d(39)", "fitness": 0.0}
{"generation": 4, "position": 0, "parents": [38, 58], "genome": "a(29,78) r(38,39) r(5,46) d(38) d(39) r(36,32) r(32,46)", "fitness": 0.0}
{"generation": 4, "position": 1, "parents": [38, 58], "genome": "r(29,56) d(31) r(29,76) d(38) r(37,160)", "fitness": 0.0}
{"generation": 4, "position": 2, "parents": [38], "genome": "a(29,78) d(31) r(29,76) d(38) a(37,35)", "fitness": 0.0}
{"generation": 4, "position": 3, "parents": [58], "genome": "r(29,56) r(38,39) r(5,46) d(38) d(39) r(36,32) a(32,128)", "fitness": 0.0}
{"generation": 4, "position": 4, "parents": [42], "genome": "r(38,58) r(36,29) a(39,124) r(36,53) a(37,29) a(39,74) d(39)", "fitness": 0.0}
{"generation": 4, "position": 5, "parents": [12], "genome": "d(35) r(36,29) r(38,72) r(39,40) d(32)", "fitness": 0.0}
{"generation": 4, "position": 6, "parents": [38], "genome": "a(29,78) d(31) r(29,76) d(38) d(39)", "fitness": 0.0}
{"generation": 4, "position": 7, "parents": [59], "genome": "a(29,78) d(37) a(32,83)", "fitness": 0.0}
{"generation": 4, "position": 8, "parents": [13, 14], "genome": "d(39) a(32,91) a(38,74) d(36) d(38) r(29,41)", "fitness": 0.0}
{"generation": 4, "position": 9, "parents": [13, 14], "genome": "r(29,56) d(39)", "fitness": 0.0}
{"generation": 4, "position": 10, "parents": [13], "genome": "d(39) a(32,91) a(38,74) d(36) d(38)", "fitness": 0.0}
{"generation": 4, "position": 11, "parents": [14], "genome": "r(29,56) d(38) a(39,108)", "fitness": 0.0}
{"generation": 4, "position": 12, "parents": [9], "genome": "r(29,56) a(39,125) d(39) a(38,83)", "fitness": 0.0}
{"generation": 4, "position": 13, "parents": [20], "genome": "r(38,58) d(36) a(39,47) a(6,31) r(39,46)", "fitness": 0.0}
{"generation": 4, "position": 14, "parents": [18], "genome": "r(29,56) r(39,79) r(32,50) a(38,29) d(38)", "fitness": 0.0}
{"generation": 4, "position": 15, "parents": [32], "genome": "a(29,78) a(38,72) a(39,83) d(31) a(39,83)", "fitness": 0.0}
{"generation": 4, "position": 16, "parents": [34], "genome": "a(7,65) d(36) r(7,56) d(39)", "fitness": 0.0}
{"generation": 4, "position": 17, "parents": [48], "genome": "r(29,56) a(39,125) r(38,42) r(36,162)", "fitness": 0.0}
{"generation": 4, "position": 18, "parents": [30, 10], "genome": "d(35) d(31) r(29,76) d(5) d(38) d(39)", "fitness": 0.0}
{"generation": 4, "position": 19, "parents": [30, 10], "genome": "d(35) r(36,29) a(32,91) a(38,74) d(39)", "fitness": 0.0}
{"generation": 4, "position": 20, "parents": [30], "genome": "d(35) d(31) r(29,76) d(5) r(38,154)", "fitness": 0.0}
{"generation": 4, "position": 21, "parents": [10], "genome": "d(35) r(36,29) a(32,91) a(38,74) d(38) r(37,162)", "fitness": 0.0}
{"generation": 4, "position": 22, "parents": [47, 31], "genome": "d(39) d(38) r(6,41)", "fitness": 0.0}
{"generation": 4, "position": 23, "parents": [47, 31], "genome": "d(39) r(36,53) a(37,29) a(32,91) r(31,5) a(38,154)", "fitness": 0.0}
{"generation": 4, "position": 24, "parents": [47], "genome": "d(39) a(32,91) r(31,5) r(7,60)", "fitness": 12.0}
{"generation": 4, "position": 25, "parents": [31], "genome": "d(39) r(36,53) a(37,29) d(38) r(35,108)", "fitness": 0.0}
{"generation": 4, "position": 26, "parents": [17, 8], "genome": "d(39) r(36,53) r(32,79)", "fitness": 0.0}
{"generation": 4, "position": 27, "parents": [17, 8], "genome": "r(29,56) r(39,79) r(36,46) d(38) d(38) r(31,39) r(37,74)", "fitness": 0.0}
{"generation": 4, "position": 28, "parents": [17], "genome": "d(39) r(36,53) d(38) r(31,39) d(35)", "fitness": 0.0}
{"generation": 4, "position": 29, "parents": [8], "genome": "r(29,56) r(39,79) r(36,46) d(38) d(35)", "fitness": 0.0}
{"generation": 4, "position": 30, "parents": [52], "genome": "d(35) d(39) a(38,96) r(36,37) d(7)", "fitness": 12.0}
{"generation": 4, "position": 31, "parents": [21], "genome": "a(39,43) d(38) a(5,45) r(29,44) d(39)", "fitness": 0.0}
{"generation": 4, "position": 32, "parents": [1, 4], "genome": "r(38,133) r(39,76) r(7,162)", "fitness": 12.0}
{"generation": 4, "position": 33, "parents": [1, 4], "genome": "d(36) r(32,82) a(5,45) r(35,43) d(5)", "fitness": 0.0}
{"generation": 4, "position": 34, "parents": [1], "genome": "r(38,133) r(39,76) a(5,45) r(35,43) d(32)", "fitness": 0.0}
{"generation": 4, "position": 35, "parents": [4], "genome": "d(36) r(32,82) d(39)", "fitness": 0.0}
{"generation": 4, "position": 36, "parents": [48], "genome": "r(29,56) a(39,125) r(38,42) r(39,37)", "fitness": 0.0}
{"generation": 4, "position": 37, "parents": [41], "genome": "d(35) d(31) r(29,76) r(39,37) r(32,82)", "fitness": 0.0}
{"generation": 4, "position": 38, "parents": [37], "genome": "r(38,58) d(36) a(39,47) a(39,162) r(39,78)", "fitness": 0.0}
{"generation": 4, "position": 39, "parents": [18], "genome": "r(29,56) r(39,79) r(32,50) a(38,29) d(38)", "fitness": 0.0}
{"generation": 4, "position": 40, "parents": [4], "genome": "d(36) r(32,82) r(29,48)", "fitness": 0.0}
{"generation": 4, "position": 41, "parents": [27], "genome": "r(29,56) a(39,125) a(38,74) d(32)", "fitness": 0.0}
{"generation": 4, "position": 42, "parents": [56, 56], "genome": "r(38,58) d(31) d(39) r(35,76) d(5)", "fitness": 0.0}
{"generation": 4, "position": 43, "parents": [56, 56], "genome": "r(38,58) d(31) d(39) r(35,76) a(37,29)", "fitness": 0.0}
{"generation": 4, "position": 44, "parents": [56], "genome": "r(38,58) d(31) d(39) r(35,76) a(5,80)", "fitness": 0.0}
{"generation": 4, "position": 45, "parents": [56], "genome": "r(38,58) d(31) d(39) r(35,76) d(5)", "fitness": 0.0}
{"generation": 4, "position": 46, "parents": [13, 47], "genome": "d(39) r(31,5) d(38)", "fitness": 4.0}
{"generation": 4, "position": 47, "parents": [13, 47], "genome": "d(39) a(32,91) a(32,91) a(38,74) d(36) d(38)", "fitness": 0.0}
{"generation": 4, "position": 48, "parents": [13], "genome": "d(39) a(32,91) a(38,74) d(36) r(7,52)", "fitness": 12.0}
{"generation": 4, "position": 49, "parents": [47], "genome": "d(39) a(32,91) r(31,5) d(38)", "fitness": 0.0}
{"generation": 4, "position": 50, "parents": [28, 19], "genome": "a(39,43) d(38) a(5,45) r(29,74) r(39,79) r(36,31)", "fitness": 0.0}
{"generation": 4, "position": 51, "parents": [28, 19], "genome": "d(36) r(38,35) d(5) r(39,61)", "fitness": 0.0}
{"generation": 4, "position": 52, "parents": [28], "genome": "a(39,43) d(38) a(5,45) d(5) a(39,42)", "fitness": 0.0}
{"generation": 4, "position": 53, "parents": [19], "genome": "d(36) r(38,35) r(29,74) r(39,79) a(37,76)", "fitness": 0.0}
{"generation": 4, "position": 54, "parents": [59, 40], "genome": "a(29,78) d(38) d(39) r(36,124) r(35,133)", "fitness": 0.0}
{"generation": 4, "position": 55, "parents": [59, 40], "genome": "a(29,78) d(37) a(7,145)", "fitness": 0.0}
{"generation": 4, "position": 56, "parents": [59], "genome": "a(29,78) d(37) d(32)", "fitness": 0.0}
{"generation": 4, "position": 57, "parents": [40], "genome": "a(29,78) d(38) d(39) r(36,124) d(29)", "fitness": 0.0}
{"generation": 4, "position": 58, "parents": [1, 28], "genome": "r(38,133) d(5) a(36,46)", "fitness": 4.0}
{"generation": 4, "position": 59, "parents": [1, 28], "genome": "a(39,43) d(38) a(5,45) r(39,76) a(5,45) r(35,43) d(5)", "fitness": 0.0}
{"generation": 4, "position": 60, "parents": [1], "genome": "r(38,133) r(39,76) a(5,45) r(35,43) d(6)", "fitness": 0.0}
{"generation": 5, "position": 0, "parents": [15, 47], "genome": "a(29,78) a(38,72) a(39,83) d(38) d(36)", "fitness": 0.0}
{"generation": 5, "position": 1, "parents": [15, 47], "genome": "d(39) a(32,91) a(32,91) a(38,74) d(36) d(31) a(39,83) r(35,73)", "fitness": 0.0}
{"generation": 5, "position": 2, "parents": [15], "genome": "a(29,78) a(38,72) a(39,83) d(31) a(39,83) a(36,163)", "fitness": 0.0}
{"generation": 5, "position": 3, "parents": [47], "genome": "d(39) a(32,91) a(32,91) a(38,74) d(36) d(38) r(37,80)", "fitness": 0.0}
{"generation": 5, "position": 4, "parents": [10, 19], "genome": "d(39) a(32,91) a(38,74) d(36) r(38,154)", "fitness": 0.0}
{"generation": 5, "position": 5, "parents": [10, 19], "genome": "d(35) r(36,29) a(32,91) a(38,74) d(39) d(38) a(29,39)", "fitness": 0.0}
{"generation": 5, "position": 6, "parents": [10], "genome": "d(39) a(32,91) a(38,74) d(36) d(38) r(32,163)", "fitness": 12.0}
{"generation": 5, "position": 7, "parents": [19], "genome": "d(35) r(36,29) a(32,91) a(38,74) d(39) r(32,65)", "fitness": 0.0}
{"generation": 5, "position": 8, "parents": [7], "genome": "a(29,78) d(37) a(32,83) r(32,65)", "fitness": 0.0}
{"generation": 5, "position": 9, "parents": [8], "genome": "d(39) a(32,91) a(38,74) d(36) d(38) r(29,41) r(37,43)", "fitness": 0.0}
{"generation": 5, "position": 10, "parents": [7, 34], "genome": "a(29,78) d(37) r(36,125)", "fitness": 0.0}
{"generation": 5, "position": 11, "parents": [7, 34], "genome": "r(38,133) r(39,76) a(5,45) r(35,43) d(32) a(32,83) r(31,163)", "fitness": 0.0}
{"generation": 5, "position": 12, "parents": [7], "genome": "a(29,78) d(37) a(32,83) r(7,145)", "fitness": 12.0}
{"generation": 5, "position": 13, "parents": [34], "genome": "r(38,133) r(39,76) a(5,45) r(35,43) d(32) d(37)", "fitness": 0.0}
{"generation": 5, "position": 14, "parents": [45, 47], "genome": "r(38,58) d(31) d(39) r(35,76) a(32,91) a(38,74) d(36) d(38) r(5,61)", "fitness": 0.0}
{"generation": 5, "position": 15, "parents": [45, 47], "genome": "d(39) a(32,91) d(5) a(38,41)", "fitness": 0.0}
{"generation": 5, "position": 16, "parents": [45], "genome": "r(38,58) d(31) d(39) r(35,76) d(5) a(32,29)", "fitness": 0.0}
{"generation": 5, "position": 17, "parents": [47], "genome": "d(39) a(32,91) a(32,91) a(38,74) d(36) d(38) d(29)", "fitness": 0.0}
{"generation": 5, "position": 18, "parents": [12], "genome": "r(29,56) a(39,125) d(39) a(38,83) a(5,133)", "fitness": 0.0}
{"generation": 5, "position": 19, "parents": [38], "genome": "r(38,58) d(36) a(39,47) a(39,162) r(39,78) a(32,160)", "fitness": 0.0}
{"generation": 5, "position": 20, "parents": [45], "genome": "r(38,58) d(31) d(39) r(35,76) d(5) d(37)", "fitness": 0.0}
{"generation": 5, "position": 21, "parents": [14], "genome": "r(29,56) r(39,79) r(32,50) a(38,29) d(38) a(5,125)", "fitness": 0.0}
{"generation": 5, "position": 22, "parents": [29], "genome": "r(29,56) r(39,79) r(36,46) d(38) d(35) a(5,37)", "fitness": 0.0}
{"generation": 5, "position": 23, "parents": [37], "genome": "d(35) d(31) r(29,76) r(39,37) r(32,82) d(5)", "fitness": 0.0}
{"generation": 5, "position": 24, "parents": [12], "genome": "r(29,56) a(39,125) d(39) a(38,83) r(32,47)", "fitness": 0.0}
{"generation": 5, "position": 25, "parents": [17], "genome": "r(29,56) a(39,125) r(38,42) r(36,162) d(39)", "fitness": 0.0}
{"generation": 5, "position": 26, "parents": [7], "genome": "a(29,78) d(37) a(32,83) r(32,83)", "fitness": 0.0}
{"generation": 5, "position": 27, "parents": [40], "genome": "d(36) r(32,82) r(29,48) a(38,74)", "fitness": 0.0}
{"generation": 5, "position": 28, "parents": [39, 53], "genome": "r(29,56) r(39,79) r(32,50) r(29,74) r(39,79) a(37,76) r(38,73)", "fitness": 0.0}
{"generation": 5, "position": 29, "parents": [39, 53], "genome": "d(36) r(38,35) a(38,29) d(38) d(39)", "fitness": 0.0}
{"generation": 5, "position": 30, "parents": [39], "genome": "r(29,56) r(39,79) r(32,50) a(38,29) d(38) d(37)", "fitness": 0.0}
{"generation": 5, "position": 31, "parents": [53], "genome": "d(36) r(38,35) r(29,74) r(39,79) a(37,76) r(32,40)", "fitness": 0.0}
{"generation": 5, "position": 32, "parents": [38], "genome": "r(38,58) d(36) a(39,47) a(39,162) r(39,78) d(32)", "fitness": 0.0}
{"generation": 5, "position": 33, "parents": [27], "genome": "r(29,56) r(39,79) r(36,46) d(38) d(38) r(31,39) r(37,74) r(6,78)", "fitness": 0.0}
{"generation": 5, "position": 34, "parents": [1, 35], "genome": "r(29,56) d(31) r(29,76) d(39) a(6,154)", "fitness": 0.0}
{"generation": 5, "position": 35, "parents": [1, 35], "genome": "d(36) r(32,82) d(38) r(37,160) a(29,124)", "fitness": 12.0}
{"generation": 5, "position": 36, "parents": [1], "genome": "r(29,56) d(31) r(29,76) d(38) r(37,160) a(35,44)", "fitness": 0.0}
{"generation": 5, "position": 37, "parents": [35], "genome": "d(36) r(32,82) d(39) d(38)", "fitness": 0.0}
{"generation": 5, "position": 38, "parents": [1, 15], "genome": "r(29,56) d(31) a(38,72) a(39,83) d(31) a(39,83) r(7,80)", "fitness": 0.0}
{"generation": 5, "position": 39, "parents": [1, 15], "genome": "a(29,78) r(29,76) d(38) r(37,160) d(5)", "fitness": 0.0}
{"generation": 5, "position": 40, "parents": [1], "genome": "r(29,56) d(31) r(29,76) d(38) r(37,160) d(35)", "fitness": 0.0}
{"generation": 5, "position": 41, "parents": [15], "genome": "a(29,78) a(38,72) a(39,83) d(31) a(39,83) d(38)", "fitness": 0.0}
{"generation": 5, "position": 42, "parents": [21, 19], "genome": "d(35) r(36,29) a(32,91) a(38,74) d(38) a(32,91) a(38,74) d(39) r(7,74)", "fitness": 0.0}
{"generation": 5, "position": 43, "parents": [21, 19], "genome": "d(35) r(36,29) r(37,162) r(5,91)", "fitness": 0.0}
{"generation": 5, "position": 44, "parents": [21], "genome": "d(35) r(36,29) a(32,91) a(38,74) d(38) r(37,162) r(29,42)", "fitness": 0.0}
{"generation": 5, "position": 45, "parents": [19], "genome": "d(35) r(36,29) a(32,91) a(38,74) d(39) r(29,145)", "fitness": 0.0}
{"generation": 5, "position": 46, "parents": [33], "genome": "d(36) r(32,82) a(5,45) r(35,43) d(5) r(39,163)", "fitness": 0.0}
{"generation": 5, "position": 47, "parents": [43], "genome": "r(38,58) d(31) d(39) r(35,76) a(37,29) d(7)", "fitness": 12.0}
{"generation": 5, "position": 48, "parents": [7, 53], "genome": "a(29,78) r(38,35) r(29,74) r(39,79) a(37,76) a(35,48)", "fitness": 0.0}
{"generation": 5, "position": 49, "parents": [7, 53], "genome": "d(36) d(37) a(32,83) a(5,43)", "fitness": 0.0}
{"generation": 5, "position": 50, "parents": [7], "genome": "a(29,78) d(37) a(32,83) a(32,58)", "fitness": 0.0}
{"generation": 5, "position": 51, "parents": [53], "genome": "d(36) r(38,35) r(29,74) r(39,79) a(37,76) a(7,5)", "fitness": 0.0}
{"generation": 5, "position": 52, "parents": [17], "genome": "r(29,56) a(39,125) r(38,42) r(36,162) d(39)", "fitness": 0.0}
{"generation": 5, "position": 53, "parents": [4], "genome": "r(38,58) r(36,29) a(39,124) r(36,53) a(37,29) a(39,74) d(39) d(32)", "fitness": 0.0}
{"generation": 5, "position": 54, "parents": [4, 60], "genome": "r(38,58) r(36,29) a(39,124) a(5,45) r(35,43) d(6) r(32,47)", "fitness": 0.0}
{"generation": 5, "position": 55, "parents": [4, 60], "genome": "r(38,133) r(39,76) r(36,53) a(37,29) a(39,74) d(39) d(32)", "fitness": 0.0}
{"generation": 5, "position": 56, "parents": [4], "genome": "r(38,58) r(36,29) a(39,124) r(36,53) a(37,29) a(39,74) d(39) r(29,74)", "fitness": 0.0}
{"generation": 5, "position": 57, "parents": [60], "genome": "r(38,133) r(39,76) a(5,45) r(35,43) d(6) a(36,72)", "fitness": 0.0}
{"generation": 5, "position": 58, "parents": [51, 21], "genome": "d(36) r(38,35) d(5) r(39,61) r(37,163)", "fitness": 12.0}
{"generation": 5, "position": 59, "parents": [51, 21], "genome": "d(35) r(36,29) a(32,91) a(38,74) d(38) r(37,162) r(6,82)", "fitness": 0.0}
{"generation": 5, "position": 60, "parents": [51], "genome": "d(36) r(38,35) d(5) r(39,61) a(32,44)", "fitness": 0.0}
{"generation": 6, "position": 0, "parents": [29, 3], "genome": "d(36) r(38,35) a(38,29) d(38) a(38,74) d(36) d(38) r(37,80) r(5,48)", "fitness": 0.0}
{"generation": 6, "position": 1, "parents": [29, 3], "genome": "d(39) a(32,91) a(32,91) d(39) a(38,36)", "fitness": 0.0}
{"generation": 6, "position": 2, "parents": [29], "genome": "d(36) r(38,35) a(38,29) d(38) d(39) r(37,78)", "fitness": 0.0}
{"generation": 6, "position": 3, "parents": [3], "genome": "d(39) a(32,91) a(32,91) a(38,74) d(36) d(38) r(37,80) r(6,39)", "fitness": 0.0}
{"generation": 6, "position": 4, "parents": [30], "genome": "r(29,56) r(39,79) r(32,50) a(38,29) d(38) d(37) r(5,163)", "fitness": 12.0}
{"generation": 6, "position": 5, "parents": [10], "genome": "a(29,78) d(37) r(36,125) a(5,90)", "fitness": 0.0}
{"generation": 6, "position": 6, "parents": [39], "genome": "a(29,78) r(29,76) d(38) r(37,160) d(5) d(36)", "fitness": 0.0}
{"generation": 6, "position": 7, "parents": [21], "genome": "r(29,56) r(39,79) r(32,50) a(38,29) d(38) a(5,125) d(6)", "fitness": 0.0}
{"generation": 6, "position": 8, "parents": [11], "genome": "r(38,133) r(39,76) a(5,45) r(35,43) d(32) a(32,83) r(31,163) r(6,53)", "fitness": 0.0}
{"generation": 6, "position": 9, "parents": [45], "genome": "d(35) r(36,29) a(32,91) a(38,74) d(39) r(29,145) d(38)", "fitness": 0.0}
{"generation": 6, "position": 10, "parents": [16], "genome": "r(38,58) d(31) d(39) r(35,76) d(5) a(32,29) r(29,40)", "fitness": 0.0}
{"generation": 6, "position": 11, "parents": [2], "genome": "a(29,78) a(38,72) a(39,83) d(31) a(39,83) a(36,163) d(39)", "fitness": 0.0}
{"generation": 6, "position": 12, "parents": [2], "genome": "a(29,78) a(38,72) a(39,83) d(31) a(39,83) a(36,163) r(38,91)", "fitness": 0.0}
{"generation": 6, "position": 13, "parents": [40], "genome": "r(29,56) d(31) r(29,76) d(38) r(37,160) d(35) r(32,96)", "fitness": 0.0}
{"generation": 6, "position": 14, "parents": [37], "genome": "d(36) r(32,82) d(39) d(38) a(5,96)", "fitness": 0.0}
{"generation": 6, "position": 15, "parents": [40], "genome": "r(29,56) d(31) r(29,76) d(38) r(37,160) d(35) r(7,38)", "fitness": 0.0}
{"generation": 6, "position": 16, "parents": [16], "genome": "r(38,58) d(31) d(39) r(35,76) d(5) a(32,29) r(32,47)", "fitness": 0.0}
{"generation": 6, "position": 17, "parents": [57], "genome": "r(38,133) r(39,76) a(5,45) r(35,43) d(6) a(36,72) d(31)", "fitness": 0.0}
{"generation": 6, "position": 18, "parents": [59], "genome": "d(35) r(36,29) a(32,91) a(38,74) d(38) r(37,162) r(6,82) d(32)", "fitness": 0.0}
{"generation": 6, "position": 19, "parents": [32], "genome": "r(38,58) d(36) a(39,47) a(39,162) r(39,78) d(32) r(37,40)", "fitness": 0.0}
{"generation": 6, "position": 20, "parents": [51, 25], "genome": "d(36) r(38,35) r(29,74) r(39,79) a(37,76) d(39) a(35,160)", "fitness": 0.0}
{"generation": 6, "position": 21, "parents": [51, 25], "genome": "r(29,56) a(39,125) r(38,42) r(36,162) a(7,5) r(39,128)", "fitness": 0.0}
{"generation": 6, "position": 22, "parents": [51], "genome": "d(36) r(38,35) r(29,74) r(39,79) a(37,76) a(7,5) r(5,74)", "fitness": 0.0}
{"generation": 6, "position": 23, "parents": [25], "genome": "r(29,56) a(39,125) r(38,42) r(36,162) d(39) r(37,160)", "fitness": 0.0}
{"generation": 6, "position": 24, "parents": [22], "genome": "r(29,56) r(39,79) r(36,46) d(38) d(35) a(5,37) a(7,154)", "fitness": 0.0}
{"generation": 6, "position": 25, "parents": [25], "genome": "r(29,56) a(39,125) r(38,42) r(36,162) d(39) a(35,95)", "fitness": 0.0}
{"generation": 6, "position": 26, "parents": [43, 51], "genome": "d(35) r(36,29) r(37,162) r(5,91) r(38,35) r(29,74) r(39,79) a(37,76) a(7,5) d(32)", "fitness": 0.0}
{"generation": 6, "position": 27, "parents": [43, 51], "genome": "d(36) d(39)", "fitness": 0.0}
{"generation": 6, "position": 28, "parents": [43], "genome": "d(35) r(36,29) r(37,162) r(5,91) d(32)", "fitness": 0.0}
{"generation": 6, "position": 29, "parents": [51], "genome": "d(36) r(38,35) r(29,74) r(39,79) a(37,76) a(7,5) r(35,125)", "fitness": 0.0}
{"generation": 6, "position": 30, "parents": [23], "genome": "d(35) d(31) r(29,76) r(39,37) r(32,82) d(5) a(38,72)", "fitness": 0.0}
{"generation": 6, "position": 31, "parents": [34], "genome": "r(29,56) d(31) r(29,76) d(39) a(6,154) a(38,58)", "fitness": 0.0}
{"generation": 6, "position": 32, "parents": [1, 5], "genome": "d(39) a(32,91) a(32,91) a(38,154)", "fitness": 0.0}
{"generation": 6, "position": 33, "parents": [1, 5], "genome": "d(35) r(36,29) a(32,91) a(38,74) d(39) d(38) a(29,39) a(38,74) d(36) d(31) a(39,83) r(35,73) r(37,162)", "fitness": 0.0}
{"generation": 6, "position": 34, "parents": [1], "genome": "d(39) a(32,91) a(32,91) a(38,74) d(36) d(31) a(39,83) r(35,73) d(38)", "fitness": 0.0}
{"generation": 6, "position": 35, "parents": [5], "genome": "d(35) r(36,29) a(32,91) a(38,74) d(39) d(38) a(29,39) a(31,72)", "fitness": 0.0}
{"generation": 6, "position": 36, "parents": [23, 18], "genome": "d(35) d(31) r(29,76) r(39,37) r(32,82) a(39,125) d(39) a(38,83) a(5,133) r(38,32)", "fitness": 0.0}
{"generation": 6, "position": 37, "parents": [23, 18], "genome": "r(29,56) d(5) r(38,39)", "fitness": 0.0}
{"generation": 6, "position": 38, "parents": [23], "genome": "d(35) d(31) r(29,76) r(39,37) r(32,82) d(5) d(37)", "fitness": 0.0}
{"generation": 6, "position": 39, "parents": [18], "genome": "r(29,56) a(39,125) d(39) a(38,83) a(5,133) a(38,74)", "fitness": 0.0}
{"generation": 6, "position": 40, "parents": [53, 29], "genome": "r(38,58) r(36,29) a(39,124) r(36,53) d(38) d(39) a(37,93)", "fitness": 12.0}
{"generation": 6, "position": 41, "parents": [53, 29], "genome": "d(36) r(38,35) a(38,29) a(37,29) a(39,74) d(39) d(32) d(5)", "fitness": 0.0}
{"generation": 6, "position": 42, "parents": [53], "genome": "r(38,58) r(36,29) a(39,124) r(36,53) a(37,29) a(39,74) d(39) d(32) d(31)", "fitness": 0.0}
{"generation": 6, "position": 43, "parents": [29], "genome": "d(36) r(38,35) a(38,29) d(38) d(39) r(32,154)", "fitness": 0.0}
{"generation": 6, "position": 44, "parents": [28], "genome": "r(29,56) r(39,79) r(32,50) r(29,74) r(39,79) a(37,76) r(38,73) d(7)", "fitness": 0.0}
{"generation": 6, "position": 45, "parents": [52], "genome": "r(29,56) a(39,125) r(38,42) r(36,162) d(39) a(5,145)", "fitness": 0.0}
{"generation": 6, "position": 46, "parents": [57, 28], "genome": "r(38,133) r(39,76) r(29,74) r(39,79) a(37,76) r(38,73) d(35)", "fitness": 0.0}
{"generation": 6, "position": 47, "parents": [57, 28], "genome": "r(29,56) r(39,79) r(32,50) a(5,45) r(35,43) d(6) a(36,72) d(38)", "fitness": 0.0}
{"generation": 6, "position": 48, "parents": [57], "genome": "r(38,133) r(39,76) a(5,45) r(35,43) d(6) a(36,72) r(29,93)", "fitness": 0.0}
{"generation": 6, "position": 49, "parents": [28], "genome": "r(29,56) r(39,79) r(32,50) r(29,74) r(39,79) a(37,76) r(38,73) a(36,48)", "fitness": 0.0}
{"generation": 6, "position": 50, "parents": [14], "genome": "r(38,58) d(31) d(39) r(35,76) a(32,91) a(38,74) d(36) d(38) r(5,61) r(37,42)", "fitness": 0.0}
{"generation": 6, "position": 51, "parents": [23], "genome": "d(35) d(31) r(29,76) r(39,37) r(32,82) d(5) a(38,44)", "fitness": 0.0}
{"generation": 6, "position": 52, "parents": [0, 57], "genome": "a(29,78) a(5,45) r(35,43) d(6) a(36,72) r(38,74)", "fitness": 0.0}
{"generation": 6, "position": 53, "parents": [0, 57], "genome": "r(38,133) r(39,76) a(38,72) a(39,83) d(38) d(36) d(7)", "fitness": 12.0}
{"generation": 6, "position": 54, "parents": [0], "genome": "a(29,78) a(38,72) a(39,83) d(38) d(36) d(39)", "fitness": 0.0}
{"generation": 7, "position": 0, "parents": [54, 39], "genome": "a(29,78) a(38,72) a(39,83) d(38) d(36) d(39) a(39,125) d(39) a(38,83) a(5,133) a(38,74) r(29,60)", "fitness": 0.0}
{"generation": 7, "position": 1, "parents": [54, 39], "genome": "r(29,56) r(38,80)", "fitness": 0.0}
{"generation": 7, "position": 2, "parents": [54], "genome": "a(29,78) a(38,72) a(39,83) d(38) d(36) d(39) r(29,42)", "fitness": 0.0}
{"generation": 7, "position": 3, "parents": [39], "genome": "r(29,56) a(39,125) d(39) a(38,83) a(5,133) a(38,74) a(38,104)", "fitness": 0.0}
{"generation": 7, "position": 4, "parents": [38], "genome": "d(35) d(31) r(29,76) r(39,37) r(32,82) d(5) d(37) a(36,53)", "fitness": 0.0}
{"generation": 7, "position": 5, "parents": [15], "genome": "r(29,56) d(31) r(29,76) d(38) r(37,160) d(35) r(7,38) d(32)", "fitness": 0.0}
{"generation": 7, "position": 6, "parents": [9], "genome": "d(35) r(36,29) a(32,91) a(38,74) d(39) r(29,145) d(38) a(37,145)", "fitness": 0.0}
{"generation": 7, "position": 7, "parents": [41], "genome": "d(36) r(38,35) a(38,29) a(37,29) a(39,74) d(39) d(32) d(5) d(29)", "fitness": 0.0}
{"generation": 7, "position": 8, "parents": [25], "genome": "r(29,56) a(39,125) r(38,42) r(36,162) d(39) a(35,95) r(5,133)", "fitness": 0.0}
{"generation": 7, "position": 9, "parents": [2], "genome": "d(36) r(38,35) a(38,29) d(38) d(39) r(37,78) d(29)", "fitness": 0.0}
{"generation": 7, "position": 10, "parents": [3, 45], "genome": "d(39) a(32,91) a(32,91) a(38,74) r(36,162) d(39) a(5,145) a(38,39)", "fitness": 0.0}
{"generation": 7, "position": 11, "parents": [3, 45], "genome": "r(29,56) a(39,125) r(38,42) d(36) d(38) r(37,80) r(6,39) r(32,145)", "fitness": 0.0}
{"generation": 7, "position": 12, "parents": [3], "genome": "d(39) a(32,91) a(32,91) a(38,74) d(36) d(38) r(37,80) r(6,39) r(29,58)", "fitness": 0.0}
{"generation": 7, "position": 13, "parents": [45], "genome": "r(29,56) a(39,125) r(38,42) r(36,162) d(39) a(5,145) d(32)", "fitness": 0.0}
{"generation": 7, "position": 14, "parents": [19, 33], "genome": "r(38,58) d(36) a(39,47) a(39,162) r(39,78) r(35,73) r(37,162) r(5,44)", "fitness": 0.0}
{"generation": 7, "position": 15, "parents": [19, 33], "genome": "d(35) r(36,29) a(32,91) a(38,74) d(39) d(38) a(29,39) a(38,74) d(36) d(31) a(39,83) d(32) r(37,40) d(29)", "fitness": 0.0}
{"generation": 7, "position": 16, "parents": [19], "genome": "r(38,58) d(36) a(39,47) a(39,162) r(39,78) d(32) r(37,40) d(31)", "fitness": 0.0}
{"generation": 7, "position": 17, "parents": [33], "genome": "d(35) r(36,29) a(32,91) a(38,74) d(39) d(38) a(29,39) a(38,74) d(36) d(31) a(39,83) r(35,73) r(37,162) d(6)", "fitness": 0.0}
{"generation": 7, "position": 18, "parents": [20, 12], "genome": "d(36) r(38,35) r(29,74) r(39,79) a(37,76) d(39) a(35,160) a(39,83) d(31) a(39,83) a(36,163) r(38,91) r(5,56)", "fitness": 0.0}
{"generation": 7, "position": 19, "parents": [20, 12], "genome": "a(29,78) a(38,72) d(38)", "fitness": 0.0}
{"generation": 7, "position": 20, "parents": [20], "genome": "d(36) r(38,35) r(29,74) r(39,79) a(37,76) d(39) a(35,160) a(7,41)", "fitness": 0.0}
{"generation": 7, "position": 21, "parents": [12], "genome": "a(29,78) a(38,72) a(39,83) d(31) a(39,83) a(36,163) r(38,91) a(39,90)", "fitness": 0.0}
{"generation": 7, "position": 22, "parents": [22], "genome": "d(36) r(38,35) r(29,74) r(39,79) a(37,76) a(7,5) r(5,74) a(35,66)", "fitness": 0.0}
{"generation": 7, "position": 23, "parents": [0], "genome": "d(36) r(38,35) a(38,29) d(38) a(38,74) d(36) d(38) r(37,80) r(5,48) d(35)", "fitness": 0.0}
{"generation": 7, "position": 24, "parents": [55, 52], "genome": "r(38,133) r(39,76) a(5,45) r(35,43) d(6) a(36,72) d(29) r(35,43) d(6) a(36,72) r(38,74) a(37,83)", "fitness": 0.0}
{"generation": 7, "position": 25, "parents": [55, 52], "genome": "a(29,78) a(5,45) r(31,125)", "fitness": 0.0}
{"generation": 7, "position": 26, "parents": [55], "genome": "r(38,133) r(39,76) a(5,45) r(35,43) d(6) a(36,72) d(29) a(32,38)", "fitness": 0.0}
{"generation": 7, "position": 27, "parents": [52], "genome": "a(29,78) a(5,45) r(35,43) d(6) a(36,72) r(38,74) r(5,32)", "fitness": 0.0}
{"generation": 7, "position": 28, "parents": [17], "genome": "r(38,133) r(39,76) a(5,45) r(35,43) d(6) a(36,72) d(31) a(36,162)", "fitness": 0.0}
{"generation": 7, "position": 29, "parents": [38], "genome": "d(35) d(31) r(29,76) r(39,37) r(32,82) d(5) d(37) a(36,108)", "fitness": 0.0}
{"generation": 7, "position": 30, "parents": [30], "genome": "d(35) d(31) r(29,76) r(39,37) r(32,82) d(5) a(38,72) r(38,56)", "fitness": 0.0}
{"generation": 7, "position": 31, "parents": [47], "genome": "r(29,56) r(39,79) r(32,50) a(5,45) r(35,43) d(6) a(36,72) d(38) r(5,133)", "fitness": 0.0}
{"generation": 7, "position": 32, "parents": [32], "genome": "d(39) a(32,91) a(32,91) a(38,154) d(36)", "fitness": 0.0}
{"generation": 7, "position": 33, "parents": [29], "genome": "d(36) r(38,35) r(29,74) r(39,79) a(37,76) a(7,5) r(35,125) d(32)", "fitness": 0.0}
{"generation": 7, "position": 34, "parents": [34], "genome": "d(39) a(32,91) a(32,91) a(38,74) d(36) d(31) a(39,83) r(35,73) d(38) a(32,163)", "fitness": 0.0}
{"generation": 7, "position": 35, "parents": [15], "genome": "r(29,56) d(31) r(29,76) d(38) r(37,160) d(35) r(7,38) a(6,92)", "fitness": 0.0}
{"generation": 7, "position": 36, "parents": [24], "genome": "r(29,56) r(39,79) r(36,46) d(38) d(35) a(5,37) a(7,154) d(37)", "fitness": 0.0}
{"generation": 7, "position": 37, "parents": [48], "genome": "r(38,133) r(39,76) a(5,45) r(35,43) d(6) a(36,72) r(29,93) d(32)", "fitness": 0.0}
{"generation": 7, "position": 38, "parents": [24, 30], "genome": "r(29,56) r(39,79) r(36,46) d(38) d(35) a(5,37) r(32,82) d(5) a(38,72) r(37,80)", "fitness": 0.0}
{"generation": 7, "position": 39, "parents": [24, 30], "genome": "d(35) d(31) r(29,76) r(39,37) a(7,154) d(7)", "fitness": 0.0}
{"generation": 7, "position": 40, "parents": [24], "genome": "r(29,56) r(39,79) r(36,46) d(38) d(35) a(5,37) a(7,154) a(37,58)", "fitness": 0.0}
{"generation": 7, "position": 41, "parents": [30], "genome": "d(35) d(31) r(29,76) r(39,37) r(32,82) d(5) a(38,72) d(38)", "fitness": 0.0}
{"generation": 7, "position": 42, "parents": [28, 7], "genome": "d(35) r(36,29) r(37,162) a(38,29) d(38) a(5,125) d(6) r(29,74)", "fitness": 0.0}
{"generation": 7, "position": 43, "parents": [28, 7], "genome": "r(29,56) r(39,79) r(32,50) r(5,91) d(32) a(37,41)", "fitness": 0.0}
{"generation": 7, "position": 44, "parents": [28], "genome": "d(35) r(36,29) r(37,162) r(5,91) d(32) d(31)", "fitness": 0.0}
{"generation": 7, "position": 45, "parents": [7], "genome": "r(29,56) r(39,79) r(32,50) a(38,29) d(38) a(5,125) d(6) a(37,93)", "fitness": 0.0}
{"generation": 7, "position": 46, "parents": [1, 48], "genome": "d(39) a(32,91) a(32,91) r(37,39)", "fitness": 0.0}
{"generation": 7, "position": 47, "parents": [1, 48], "genome": "r(38,133) r(39,76) a(5,45) r(35,43) d(6) a(36,72) r(29,93) d(39) a(38,36) a(32,61)", "fitness": 0.0}
{"generation": 7, "position": 48, "parents": [1], "genome": "d(39) a(32,91) a(32,91) d(39) a(38,36) r(38,90)", "fitness": 0.0}
{"generation": 7, "position": 49, "parents": [48], "genome": "r(38,133) r(39,76) a(5,45) r(35,43) d(6) a(36,72) r(29,93) r(32,66)", "fitness": 0.0}
{"generation": 7, "position": 50, "parents": [20], "genome": "d(36) r(38,35) r(29,74) r(39,79) a(37,76) d(39) a(35,160) d(5)", "fitness": 0.0}
{"generation": 7, "position": 51, "parents": [10], "genome": "r(38,58) d(31) d(39) r(35,76) d(5) a(32,29) r(29,40) a(32,31)", "fitness": 0.0}
{"generation": 7, "position": 52, "parents": [54, 5], "genome": "a(29,78) a(38,72) a(39,83) d(38) d(36) d(39) a(5,90) a(35,40)", "fitness": 0.0}
{"generation": 7, "position": 53, "parents": [54, 5], "genome": "a(29,78) d(37) r(36,125) d(32)", "fitness": 0.0}
{"generation": 7, "position": 54, "parents": [54], "genome": "a(29,78) a(38,72) a(39,83) d(38) d(36) d(39) r(5,96)", "fitness": 0.0}
{"generation": 7, "position": 55, "parents": [5], "genome": "a(29,78) d(37) r(36,125) a(5,90) a(35,72)", "fitness": 0.0}
{"generation": 7, "position": 56, "parents": [41, 48], "genome": "d(36) r(38,35) r(39,76) a(5,45) r(35,43) d(6) a(36,72) r(29,93) d(5)", "fitness": 0.0}
{"generation": 7, "position": 57, "parents": [41, 48], "genome": "r(38,133) a(38,29) a(37,29) a(39,74) d(39) d(32) d(5) a(37,32)", "fitness": 0.0}
{"generation": 7, "position": 58, "parents": [41], "genome": "d(36) r(38,35) a(38,29) a(37,29) a(39,74) d(39) d(32) d(5) a(29,60)", "fitness": 0.0}
{"generation": 8, "position": 0, "parents": [30], "genome": "d(35) d(31) r(29,76) r(39,37) r(32,82) d(5) a(38,72) r(38,56) a(37,83)", "fitness": 0.0}
{"generation": 8, "position": 1, "parents": [28], "genome": "r(38,133) r(39,76) a(5,45) r(35,43) d(6) a(36,72) d(31) a(36,162) d(32)", "fitness": 0.0}
{"generation": 8, "position": 2, "parents": [54], "genome": "a(29,78) a(38,72) a(39,83) d(38) d(36) d(39) r(5,96) a(32,101)", "fitness": 0.0}
{"generation": 8, "position": 3, "parents": [4], "genome": "d(35) d(31) r(29,76) r(39,37) r(32,82) d(5) d(37) a(36,53) r(36,32)", "fitness": 0.0}
{"generation": 8, "position": 4, "parents": [35], "genome": "r(29,56) d(31) r(29,76) d(38) r(37,160) d(35) r(7,38) a(6,92) d(36)", "fitness": 0.0}
{"generation": 8, "position": 5, "parents": [29], "genome": "d(35) d(31) r(29,76) r(39,37) r(32,82) d(5) d(37) a(36,108) r(36,162)", "fitness": 0.0}
{"generation": 8, "position": 6, "parents": [15], "genome": "d(35) r(36,29) a(32,91) a(38,74) d(39) d(38) a(29,39) a(38,74) d(36) d(31) a(39,83) d(32) r(37,40) d(29) a(7,37)", "fitness": 0.0}
{"generation": 8, "position": 7, "parents": [29], "genome": "d(35) d(31) r(29,76) r(39,37) r(32,82) d(5) d(37) a(36,108) a(36,79)", "fitness": 12.0}
{"generation": 8, "position": 8, "parents": [12, 15], "genome": "d(39) a(32,91) a(32,91) a(38,74) d(36) d(38) d(36) d(31) a(39,83) d(32) r(37,40) d(29) a(7,163)", "fitness": 0.0}
{"generation": 8, "position": 9, "parents": [12, 15], "genome": "d(35) r(36,29) a(32,91) a(38,74) d(39) d(38) a(29,39) a(38,74) r(37,80) r(6,39) r(29,58) a(5,125)", "fitness": 0.0}
{"generation": 8, "position": 10, "parents": [12], "genome": "d(39) a(32,91) a(32,91) a(38,74) d(36) d(38) r(37,80) r(6,39) r(29,58) d(32)", "fitness": 0.0}
{"generation": 8, "position": 11, "parents": [15], "genome": "d(35) r(36,29) a(32,91) a(38,74) d(39) d(38) a(29,39) a(38,74) d(36) d(31) a(39,83) d(32) r(37,40) d(29) a(6,57)", "fitness": 0.0}
{"generation": 8, "position": 12, "parents": [25], "genome": "a(29,78) a(5,45) r(31,125) d(39)", "fitness": 0.0}
{"generation": 8, "position": 13, "parents": [6], "genome": "d(35) r(36,29) a(32,91) a(38,74) d(39) r(29,145) d(38) a(37,145) r(32,79)", "fitness": 0.0}
{"generation": 8, "position": 14, "parents": [7], "genome": "d(36) r(38,35) a(38,29) a(37,29) a(39,74) d(39) d(32) d(5) d(29) a(37,31)", "fitness": 0.0}
{"generation": 8, "position": 15, "parents": [13], "genome": "r(29,56) a(39,125) r(38,42) r(36,162) d(39) a(5,145) d(32) r(5,74)", "fitness": 0.0}
{"generation": 8, "position": 16, "parents": [8, 24], "genome": "r(29,56) a(39,125) r(38,42) r(36,162) r(35,43) d(6) a(36,72) r(38,74) a(37,83) a(39,42)", "fitness": 0.0}
{"generation": 8, "position": 17, "parents": [8, 24], "genome": "r(38,133) r(39,76) a(5,45) r(35,43) d(6) a(36,72) d(29) d(39) a(35,95) r(5,133) d(32)", "fitness": 0.0}
{"generation": 8, "position": 18, "parents": [8], "genome": "r(29,56) a(39,125) r(38,42) r(36,162) d(39) a(35,95) r(5,133) r(32,45)", "fitness": 0.0}
{"generation": 8, "position": 19, "parents": [24], "genome": "r(38,133) r(39,76) a(5,45) r(35,43) d(6) a(36,72) d(29) r(35,43) d(6) a(36,72) r(38,74) a(37,83) d(37)", "fitness": 0.0}
{"generation": 8, "position": 20, "parents": [12], "genome": "d(39) a(32,91) a(32,91) a(38,74) d(36) d(38) r(37,80) r(6,39) r(29,58) a(32,46)", "fitness": 0.0}
{"generation": 8, "position": 21, "parents": [40], "genome": "r(29,56) r(39,79) r(36,46) d(38) d(35) a(5,37) a(7,154) a(37,58) a(37,101)", "fitness": 0.0}
{"generation": 8, "position": 22, "parents": [19], "genome": "a(29,78) a(38,72) d(38) a(39,50)", "fitness": 0.0}
{"generation": 8, "position": 23, "parents": [34], "genome": "d(39) a(32,91) a(32,91) a(38,74) d(36) d(31) a(39,83) r(35,73) d(38) a(32,163) r(6,60)", "fitness": 0.0}
{"generation": 8, "position": 24, "parents": [40, 6], "genome": "r(29,56) r(39,79) r(36,46) r(36,29) a(32,91) a(38,74) d(39) r(29,145) d(38) a(37,145) a(7,91)", "fitness": 0.0}
{"generation": 8, "position": 25, "parents": [40, 6], "genome": "d(35) d(38) d(35) a(5,37) a(7,154) a(37,58) a(7,95)", "fitness": 0.0}
{"generation": 8, "position": 26, "parents": [40], "genome": "r(29,56) r(39,79) r(36,46) d(38) d(35) a(5,37) a(7,154) a(37,58) d(6)", "fitness": 0.0}
{"generation": 8, "position": 27, "parents": [6], "genome": "d(35) r(36,29) a(32,91) a(38,74) d(39) r(29,145) d(38) a(37,145) d(6)", "fitness": 0.0}
{"generation": 8, "position": 28, "parents": [6], "genome": "d(35) r(36,29) a(32,91) a(38,74) d(39) r(29,145) d(38) a(37,145) d(6)", "fitness": 0.0}
{"generation": 8, "position": 29, "parents": [18], "genome": "d(36) r(38,35) r(29,74) r(39,79) a(37,76) d(39) a(35,160) a(39,83) d(31) a(39,83) a(36,163) r(38,91) r(5,56) a(35,124)", "fitness": 0.0}
{"generation": 8, "position": 30, "parents": [1], "genome": "r(29,56) r(38,80) a(39,50)", "fitness": 0.0}
{"generation": 8, "position": 31, "parents": [4], "genome": "d(35) d(31) r(29,76) r(39,37) r(32,82) d(5) d(37) a(36,53) d(36)", "fitness": 0.0}
{"generation": 8, "position": 32, "parents": [21], "genome": "a(29,78) a(38,72) a(39,83) d(31) a(39,83) a(36,163) r(38,91) a(39,90) a(37,49)", "fitness": 0.0}
{"generation": 8, "position": 33, "parents": [29], "genome": "d(35) d(31) r(29,76) r(39,37) r(32,82) d(5) d(37) a(36,108) a(36,145)", "fitness": 0.0}
{"generation": 8, "position": 34, "parents": [34, 35], "genome": "d(39) a(32,91) a(32,91) d(38) r(37,160) d(35) r(7,38) a(6,92) d(32)", "fitness": 0.0}
{"generation": 8, "position": 35, "parents": [34, 35], "genome": "r(29,56) d(31) r(29,76) a(38,74) d(36) d(31) a(39,83) r(35,73) d(38) a(32,163) d(37)", "fitness": 0.0}
{"generation": 8, "position": 36, "parents": [34], "genome": "d(39) a(32,91) a(32,91) a(38,74) d(36) d(31) a(39,83) r(35,73) d(38) a(32,163) r(32,50)", "fitness": 12.0}
{"generation": 8, "position": 37, "parents": [35], "genome": "r(29,56) d(31) r(29,76) d(38) r(37,160) d(35) r(7,38) a(6,92) r(6,36)", "fitness": 0.0}
{"generation": 8, "position": 38, "parents": [26], "genome": "r(38,133) r(39,76) a(5,45) r(35,43) d(6) a(36,72) d(29) a(32,38) r(36,43)", "fitness": 0.0}
{"generation": 8, "position": 39, "parents": [42], "genome": "d(35) r(36,29) r(37,162) a(38,29) d(38) a(5,125) d(6) r(29,74) d(32)", "fitness": 0.0}
{"generation": 8, "position": 40, "parents": [11, 13], "genome": "r(29,56) a(39,125) r(38,42) d(36) d(38) r(37,80) r(6,39) r(32,145) a(39,125) r(38,42) r(36,162) d(39) a(5,145) d(32) r(5,72)", "fitness": 0.0}
{"generation": 8, "position": 41, "parents": [11, 13], "genome": "r(29,56) a(39,60)", "fitness": 0.0}
{"generation": 8, "position": 42, "parents": [11], "genome": "r(29,56) a(39,125) r(38,42) d(36) d(38) r(37,80) r(6,39) r(32,145) r(5,44)", "fitness": 0.0}
{"generation": 8, "position": 43, "parents": [13], "genome": "r(29,56) a(39,125) r(38,42) r(36,162) d(39) a(5,145) d(32) d(37)", "fitness": 0.0}
{"generation": 8, "position": 44, "parents": [1, 49], "genome": "r(29,56) d(6) a(36,72) r(29,93) r(32,66) a(38,108)", "fitness": 0.0}
{"generation": 8, "position": 45, "parents": [1, 49], "genome": "r(38,133) r(39,76) a(5,45) r(35,43) r(38,80) a(6,108)", "fitness": 0.0}
{"generation": 8, "position": 46, "parents": [1], "genome": "r(29,56) r(38,80) d(39)", "fitness": 0.0}
{"generation": 8, "position": 47, "parents": [49], "genome": "r(38,133) r(39,76) a(5,45) r(35,43) d(6) a(36,72) r(29,93) r(32,66) d(5)", "fitness": 0.0}
{"generation": 8, "position": 48, "parents": [54], "genome": "a(29,78) a(38,72) a(39,83) d(38) d(36) d(39) r(5,96) d(29)", "fitness": 0.0}
{"generation": 8, "position": 49, "parents": [51], "genome": "r(38,58) d(31) d(39) r(35,76) d(5) a(32,29) r(29,40) a(32,31) d(32)", "fitness": 0.0}
{"generation": 8, "position": 50, "parents": [1], "genome": "r(29,56) r(38,80) d(39)", "fitness": 0.0}
{"generation": 9, "position": 0, "parents": [21, 13], "genome": "r(29,56) r(39,79) r(36,46) d(38) d(35) a(5,37) a(7,154) a(37,58) r(32,79) d(6)", "fitness": 0.0}
{"generation": 9, "position": 1, "parents": [21, 13], "genome": "d(35) r(36,29) a(32,91) a(38,74) d(39) r(29,145) d(38) a(37,145) a(37,101) r(32,160)", "fitness": 0.0}
{"generation": 9, "position": 2, "parents": [21], "genome": "r(29,56) r(39,79) r(36,46) d(38) d(35) a(5,37) a(7,154) a(37,58) a(37,101) r(7,44)", "fitness": 0.0}
{"generation": 9, "position": 3, "parents": [13], "genome": "d(35) r(36,29) a(32,91) a(38,74) d(39) r(29,145) d(38) a(37,145) r(32,79) r(5,42)", "fitness": 0.0}
{"generation": 9, "position": 4, "parents": [16, 29], "genome": "r(29,56) a(37,76) d(39) a(35,160) a(39,83) d(31) a(39,83) a(36,163) r(38,91) r(5,56) a(35,124) d(36)", "fitness": 0.0}
{"generation": 9, "position": 5, "parents": [16, 29], "genome": "d(36) r(38,35) r(29,74) r(39,79) a(39,125) r(38,42) r(36,162) r(35,43) d(6) a(36,72) r(38,74) a(37,83) a(39,42) a(32,104)", "fitness": 0.0}
{"generation": 9, "position": 6, "parents": [16], "genome": "r(29,56) a(39,125) r(38,42) r(36,162) r(35,43) d(6) a(36,72) r(38,74) a(37,83) a(39,42) d(32)", "fitness": 0.0}
{"generation": 9, "position": 7, "parents": [29], "genome": "d(36) r(38,35) r(29,74) r(39,79) a(37,76) d(39) a(35,160) a(39,83) d(31) a(39,83) a(36,163) r(38,91) r(5,56) a(35,124) d(37)", "fitness": 0.0}
{"generation": 9, "position": 8, "parents": [42, 43], "genome": "r(29,56) a(39,125) r(38,42) r(36,162) d(39) a(5,145) d(32) d(37) d(7)", "fitness": 0.0}
{"generation": 9, "position": 9, "parents": [42, 43], "genome": "r(29,56) a(39,125) r(38,42) d(36) d(38) r(37,80) r(6,39) r(32,145) r(5,44)", "fitness": 0.0}
{"generation": 9, "position": 10, "parents": [42], "genome": "r(29,56) a(39,125) r(38,42) d(36) d(38) r(37,80) r(6,39) r(32,145) r(5,44)", "fitness": 0.0}
{"generation": 9, "position": 11, "parents": [43], "genome": "r(29,56) a(39,125) r(38,42) r(36,162) d(39) a(5,145) d(32) d(37) r(6,45)", "fitness": 0.0}
{"generation": 9, "position": 12, "parents": [9, 0], "genome": "d(35) r(36,29) a(32,91) a(38,74) d(39) d(38) a(29,39) a(38,74) r(37,80) a(5,38)", "fitness": 0.0}
{"generation": 9, "position": 13, "parents": [9, 0], "genome": "d(35) d(31) r(29,76) r(39,37) r(32,82) d(5) a(38,72) r(38,56) a(37,83) r(6,39) r(29,58) a(5,125) a(37,104)", "fitness": 0.0}
{"generation": 9, "position": 14, "parents": [9], "genome": "d(35) r(36,29) a(32,91) a(38,74) d(39) d(38) a(29,39) a(38,74) r(37,80) r(6,39) r(29,58) a(5,125) d(5)", "fitness": 0.0}
{"generation": 9, "position": 15, "parents": [0], "genome": "d(35) d(31) r(29,76) r(39,37) r(32,82) d(5) a(38,72) r(38,56) a(37,83) d(37)", "fitness": 0.0}
{"generation": 9, "position": 16, "parents": [17], "genome": "r(38,133) r(39,76) a(5,45) r(35,43) d(6) a(36,72) d(29) d(39) a(35,95) r(5,133) d(32) r(36,91)", "fitness": 0.0}
{"generation": 9, "position": 17, "parents": [26], "genome": "r(29,56) r(39,79) r(36,46) d(38) d(35) a(5,37) a(7,154) a(37,58) d(6) r(5,101)", "fitness": 12.0}
{"generation": 9, "position": 18, "parents": [26, 3], "genome": "r(29,56) r(39,79) r(36,46) r(36,32) d(38)", "fitness": 0.0}
{"generation": 9, "position": 19, "parents": [26, 3], "genome": "d(35) d(31) r(29,76) r(39,37) r(32,82) d(5) d(37) a(36,53) d(38) d(35) a(5,37) a(7,154) a(37,58) d(6) r(36,93)", "fitness": 0.0}
{"generation": 9, "position": 20, "parents": [26], "genome": "r(29,56) r(39,79) r(36,46) d(38) d(35) a(5,37) a(7,154) a(37,58) d(6) d(5)", "fitness": 0.0}
{"generation": 9, "position": 21, "parents": [3], "genome": "d(35) d(31) r(29,76) r(39,37) r(32,82) d(5) d(37) a(36,53) r(36,32)", "fitness": 0.0}
{"generation": 9, "position": 22, "parents": [21, 21], "genome": "r(29,56) r(39,79) r(36,46) d(38) d(35) a(5,37) a(7,154) r(37,65)", "fitness": 0.0}
{"generation": 9, "position": 23, "parents": [21, 21], "genome": "r(29,56) r(39,79) r(36,46) d(38) d(35) a(5,37) a(7,154) a(37,58) a(37,101) a(37,58) a(37,101) a(5,41)", "fitness": 0.0}
{"generation": 9, "position": 24, "parents": [21], "genome": "r(29,56) r(39,79) r(36,46) d(38) d(35) a(5,37) a(7,154) a(37,58) a(37,101) a(37,79)", "fitness": 0.0}
{"generation": 9, "position": 25, "parents": [21], "genome": "r(29,56) r(39,79) r(36,46) d(38) d(35) a(5,37) a(7,154) a(37,58) a(37,101) a(7,29)", "fitness": 0.0}
{"generation": 9, "position": 26, "parents": [13, 48], "genome": "d(35) r(36,29) a(32,91) a(38,74) d(39) r(29,145) d(38) a(37,145) d(39) r(5,96) d(29) r(32,74)", "fitness": 0.0}
{"generation": 9, "position": 27, "parents": [13, 48], "genome": "a(29,78) a(38,72) a(39,83) d(38) d(36) r(32,79) a(37,35)", "fitness": 0.0}
{"generation": 9, "position": 28, "parents": [13], "genome": "d(35) r(36,29) a(32,91) a(38,74) d(39) r(29,145) d(38) a(37,145) r(32,79) a(5,49)", "fitness": 0.0}
{"generation": 9, "position": 29, "parents": [48], "genome": "a(29,78) a(38,72) a(39,83) d(38) d(36) d(39) r(5,96) d(29) r(32,90)", "fitness": 0.0}
{"generation": 9, "position": 30, "parents": [42, 48], "genome": "r(29,56) a(39,125) r(38,42) d(36) r(5,96) d(29) r(39,5)", "fitness": 0.0}
{"generation": 9, "position": 31, "parents": [42, 48], "genome": "a(29,78) a(38,72) a(39,83) d(38) d(36) d(39) d(38) r(37,80) r(6,39) r(32,145) r(5,44) a(31,49)", "fitness": 0.0}
{"generation": 9, "position": 32, "parents": [42], "genome": "r(29,56) a(39,125) r(38,42) d(36) d(38) r(37,80) r(6,39) r(32,145) r(5,44)", "fitness": 0.0}
{"generation": 9, "position": 33, "parents": [48], "genome": "a(29,78) a(38,72) a(39,83) d(38) d(36) d(39) r(5,96) d(29) a(35,101)", "fitness": 0.0}
{"generation": 9, "position": 34, "parents": [46, 15], "genome": "r(29,56) r(38,42) r(36,162) d(39) a(5,145) d(32) r(5,74) r(37,154)", "fitness": 0.0}
{"generation": 9, "position": 35, "parents": [46, 15], "genome": "r(29,56) a(39,125) r(38,80) d(39) d(32)", "fitness": 0.0}
{"generation": 9, "position": 36, "parents": [46], "genome": "r(29,56) r(38,80) d(39) d(32)", "fitness": 0.0}
{"generation": 9, "position": 37, "parents": [15], "genome": "r(29,56) a(39,125) r(38,42) r(36,162) d(39) a(5,145) d(32) r(5,74) r(37,38)", "fitness": 0.0}
{"generation": 9, "position": 38, "parents": [28, 47], "genome": "d(35) r(36,29) a(32,91) a(38,74) d(39) r(29,145) d(38) a(37,145) d(6) a(36,72) r(29,93) r(32,66) d(5) r(37,160)", "fitness": 0.0}
{"generation": 9, "position": 39, "parents": [28, 47], "genome": "r(38,133) r(39,76) a(5,45) r(35,43) d(6) r(29,74)", "fitness": 0.0}
{"generation": 9, "position": 40, "parents": [28], "genome": "d(35) r(36,29) a(32,91) a(38,74) d(39) r(29,145) d(38) a(37,145) d(6) d(37)", "fitness": 0.0}
{"generation": 9, "position": 41, "parents": [47], "genome": "r(38,133) r(39,76) a(5,45) r(35,43) d(6) a(36,72) r(29,93) r(32,66) d(5) r(36,80)", "fitness": 0.0}
{"generation": 9, "position": 42, "parents": [27], "genome": "d(35) r(36,29) a(32,91) a(38,74) d(39) r(29,145) d(38) a(37,145) d(6) r(32,101)", "fitness": 0.0}
{"generation": 9, "position": 43, "parents": [21], "genome": "r(29,56) r(39,79) r(36,46) d(38) d(35) a(5,37) a(7,154) a(37,58) a(37,101) d(6)", "fitness": 0.0}
{"generation": 9, "position": 44, "parents": [3], "genome": "d(35) d(31) r(29,76) r(39,37) r(32,82) d(5) d(37) a(36,53) r(36,32)", "fitness": 0.0}
{"generation": 9, "position": 45, "parents": [27], "genome": "d(35) r(36,29) a(32,91) a(38,74) d(39) r(29,145) d(38) a(37,145) d(6) d(32)", "fitness": 0.0}
{"generation": 9, "position": 46, "parents": [41, 0], "genome": "r(29,56) a(38,72) r(38,56) a(37,83) d(39)", "fitness": 0.0}
{"generation": 9, "position": 47, "parents": [41, 0], "genome": "d(35) d(31) r(29,76) r(39,37) r(32,82) d(5) a(39,60) r(38,82)", "fitness": 0.0}
{"generation": 9, "position": 48, "parents": [41], "genome": "r(29,56) a(39,60) r(39,104)", "fitness": 0.0}
{"generation": 9, "position": 49, "parents": [0], "genome": "d(35) d(31) r(29,76) r(39,37) r(32,82) d(5) a(38,72) r(38,56) a(37,83) d(36)", "fitness": 0.0}
{"generation": 9, "position": 50, "parents": [2, 44], "genome": "a(29,78) a(38,72) a(39,83) a(38,108) d(38)", "fitness": 0.0}
{"generation": 9, "position": 51, "parents": [2, 44], "genome": "r(29,56) d(6) a(36,72) r(29,93) r(32,66) d(38) d(36) d(39) r(5,96) a(32,101) d(37)", "fitness": 0.0}
{"generation": 9, "position": 52, "parents": [2], "genome": "a(29,78) a(38,72) a(39,83) d(38) d(36) d(39) r(5,96) a(32,101) a(37,163)", "fitness": 0.0}
{"generation": 9, "position": 53, "parents": [44], "genome": "r(29,56) d(6) a(36,72) r(29,93) r(32,66) a(38,108) r(38,82)", "fitness": 0.0}
{"generation": 9, "position": 54, "parents": [33], "genome": "d(35) d(31) r(29,76) r(39,37) r(32,82) d(5) d(37) a(36,108) a(36,145) d(36)", "fitness": 0.0}
{"generation": 9, "position": 55, "parents": [29], "genome": "d(36) r(38,35) r(29,74) r(39,79) a(37,76) d(39) a(35,160) a(39,83) d(31) a(39,83) a(36,163) r(38,91) r(5,56) a(35,124) d(37)", "fitness": 0.0}
{"generation": 9, "position": 56, "parents": [45, 21], "genome": "r(38,133) r(39,76) a(5,45) r(35,43) r(38,80) a(7,154) a(37,58) a(37,101) r(31,79)", "fitness": 0.0}
{"generation": 9, "position": 57, "parents": [45, 21], "genome": "r(29,56) r(39,79) r(36,46) d(38) d(35) a(5,37) a(6,108) a(32,60)", "fitness": 0.0}
{"generation": 9, "position": 58, "parents": [45], "genome": "r(38,133) r(39,76) a(5,45) r(35,43) r(38,80) a(6,108) d(7)", "fitness": 0.0}
{"generation": 9, "position": 59, "parents": [21], "genome": "r(29,56) r(39,79) r(36,46) d(38) d(35) a(5,37) a(7,154) a(37,58) a(37,101) r(32,65)", "fitness": 0.0}
{"generation": 9, "position": 60, "parents": [38, 48], "genome": "r(38,133) a(38,72) a(39,83) d(38) d(36) d(39) r(5,96) d(29) a(37,72)", "fitness": 0.0}
{"generation": 9, "position": 61, "parents": [38, 48], "genome": "a(29,78) r(39,76) a(5,45) r(35,43) d(6) a(36,72) d(29) a(32,38) r(36,43) d(38)", "fitness": 0.0}
{"generation": 9, "position": 62, "parents": [38], "genome": "r(38,133) r(39,76) a(5,45) r(35,43) d(6) a(36,72) d(29) a(32,38) r(36,43) d(5)", "fitness": 0.0}
{"generation": 9, "position": 63, "parents": [48], "genome": "a(29,78) a(38,72) a(39,83) d(38) d(36) d(39) r(5,96) d(29) a(35,53)", "fitness": 0.0}
{"generation": 9, "position": 64, "parents": [13], "genome": "d(35) r(36,29) a(32,91) a(38,74) d(39) r(29,145) d(38) a(37,145) r(32,79) a(7,29)", "fitness": 0.0}
{"generation": 9, "position": 65, "parents": [32], "genome": "a(29,78) a(38,72) a(39,83) d(31) a(39,83) a(36,163) r(38,91) a(39,90) a(37,49) d(39)", "fitness": 0.0}
{"generation": 9, "position": 66, "parents": [3], "genome": "d(35) d(31) r(29,76) r(39,37) r(32,82) d(5) d(37) a(36,53) r(36,32)", "fitness": 0.0}
{"generation": 10, "position": 0, "parents": [6, 35], "genome": "r(29,56) a(39,125) r(38,42) r(36,162) r(35,43) d(6) a(36,72) a(39,125) r(38,80) d(39) d(32) d(37)", "fitness": 0.0}
{"generation": 10, "position": 1, "parents": [6, 35], "genome": "r(29,56) r(38,74) a(37,83) a(39,42) d(32) d(39)", "fitness": 0.0}
{"generation": 10, "position": 2, "parents": [6], "genome": "r(29,56) a(39,125) r(38,42) r(36,162) r(35,43) d(6) a(36,72) r(38,74) a(37,83) a(39,42) d(32) r(39,125)", "fitness": 0.0}
{"generation": 10, "position": 3, "parents": [35], "genome": "r(29,56) a(39,125) r(38,80) d(39) d(32) d(5)", "fitness": 0.0}
{"generation": 10, "position": 4, "parents": [64, 7], "genome": "d(35) r(36,29) a(32,91) a(38,74) d(37) d(31)", "fitness": 0.0}
{"generation": 10, "position": 5, "parents": [64, 7], "genome": "d(36) r(38,35) r(29,74) r(39,79) a(37,76) d(39) a(35,160) a(39,83) d(31) a(39,83) a(36,163) r(38,91) r(5,56) a(35,124) d(39) r(29,145) d(38) a(37,145) r(32,79) a(7,29) d(37)", "fitness": 0.0}
{"generation": 10, "position": 6, "parents": [64], "genome": "d(35) r(36,29) a(32,91) a(38,74) d(39) r(29,145) d(38) a(37,145) r(32,79) a(7,29) d(37)", "fitness": 0.0}
{"generation": 10, "position": 7, "parents": [7], "genome": "d(36) r(38,35) r(29,74) r(39,79) a(37,76) d(39) a(35,160) a(39,83) d(31) a(39,83) a(36,163) r(38,91) r(5,56) a(35,124) d(37) d(35)", "fitness": 0.0}
{"generation": 10, "position": 8, "parents": [59, 25], "genome": "r(29,56) r(39,79) r(36,46) d(38) d(35) a(5,37) r(36,46) d(38) d(35) a(5,37) a(7,154) a(37,58) a(37,101) a(7,29) d(7)", "fitness": 0.0}
{"generation": 10, "position": 9, "parents": [59, 25], "genome": "r(29,56) r(39,79) a(7,154) a(37,58) a(37,101) r(32,65) d(38)", "fitness": 0.0}
{"generation": 10, "position": 10, "parents": [59], "genome": "r(29,56) r(39,79) r(36,46) d(38) d(35) a(5,37) a(7,154) a(37,58) a(37,101) r(32,65) d(37)", "fitness": 0.0}
{"generation": 10, "position": 11, "parents": [25], "genome": "r(29,56) r(39,79) r(36,46) d(38) d(35) a(5,37) a(7,154) a(37,58) a(37,101) a(7,29) r(32,72)", "fitness": 0.0}
{"generation": 10, "position": 12, "parents": [49], "genome": "d(35) d(31) r(29,76) r(39,37) r(32,82) d(5) a(38,72) r(38,56) a(37,83) d(36) a(37,43)", "fitness": 0.0}
{"generation": 10, "position": 13, "parents": [27], "genome": "a(29,78) a(38,72) a(39,83) d(38) d(36) r(32,79) a(37,35) d(39)", "fitness": 0.0}
{"generation": 10, "position": 14, "parents": [56, 27], "genome": "r(38,133) r(39,76) a(5,45) r(35,43) r(38,80) a(38,72) a(39,83) d(38) d(36) r(32,79) a(37,35) r(7,79)", "fitness": 0.0}
{"generation": 10, "position": 15, "parents": [56, 27], "genome": "a(29,78) a(7,154) a(37,58) a(37,101) r(31,79) r(35,29)", "fitness": 0.0}
{"generation": 10, "position": 16, "parents": [56], "genome": "r(38,133) r(39,76) a(5,45) r(35,43) r(38,80) a(7,154) a(37,58) a(37,101) r(31,79) a(36,60)", "fitness": 0.0}
{"generation": 10, "position": 17, "parents": [27], "genome": "a(29,78) a(38,72) a(39,83) d(38) d(36) r(32,79) a(37,35) d(39)", "fitness": 0.0}
{"generation": 10, "position": 18, "parents": [29, 41], "genome": "a(29,78) a(38,72) a(36,72) r(29,93) r(32,66) d(5) r(36,80) a(39,32)", "fitness": 0.0}
{"generation": 10, "position": 19, "parents": [29, 41], "genome": "r(38,133) r(39,76) a(5,45) r(35,43) d(6) a(39,83) d(38) d(36) d(39) r(5,96) d(29) r(32,90) d(37)", "fitness": 0.0}
{"generation": 10, "position": 20, "parents": [29], "genome": "a(29,78) a(38,72) a(39,83) d(38) d(36) d(39) r(5,96) d(29) r(32,90) a(37,78)", "fitness": 0.0}
{"generation": 10, "position": 21, "parents": [41], "genome": "r(38,133) r(39,76) a(5,45) r(35,43) d(6) a(36,72) r(29,93) r(32,66) d(5) r(36,80) d(37)", "fitness": 0.0}
{"generation": 10, "position": 22, "parents": [12], "genome": "d(35) r(36,29) a(32,91) a(38,74) d(39) d(38) a(29,39) a(38,74) r(37,80) a(5,38) r(31,32)", "fitness": 0.0}
{"generation": 10, "position": 23, "parents": [35], "genome": "r(29,56) a(39,125) r(38,80) d(39) d(32) a(5,41)", "fitness": 0.0}
{"generation": 10, "position": 24, "parents": [32, 21], "genome": "r(29,56) r(32,82) d(5) d(37) a(36,53) r(36,32)", "fitness": 0.0}
{"generation": 10, "position": 25, "parents": [32, 21], "genome": "d(35) d(31) r(29,76) r(39,37) a(39,125) r(38,42) d(36) d(38) r(37,80) r(6,39) r(32,145) r(5,44)", "fitness": 0.0}
{"generation": 10, "position": 26, "parents": [32], "genome": "r(29,56) a(39,125) r(38,42) d(36) d(38) r(37,80) r(6,39) r(32,145) r(5,44)", "fitness": 0.0}
{"generation": 10, "position": 27, "parents": [21], "genome": "d(35) d(31) r(29,76) r(39,37) r(32,82) d(5) d(37) a(36,53) r(36,32)", "fitness": 0.0}
{"generation": 10, "position": 28, "parents": [23], "genome": "r(29,56) r(39,79) r(36,46) d(38) d(35) a(5,37) a(7,154) a(37,58) a(37,101) a(37,58) a(37,101) a(5,41) a(37,42)", "fitness": 0.0}
{"generation": 10, "position": 29, "parents": [18], "genome": "r(29,56) r(39,79) r(36,46) r(36,32) d(38) a(6,36)", "fitness": 0.0}
{"generation": 10, "position": 30, "parents": [51, 67], "genome": "r(29,56) d(6) a(36,72) r(29,93) r(32,66) a(39,60) a(38,76) d(39)", "fitness": 0.0}
{"generation": 10, "position": 31, "parents": [51, 67], "genome": "r(29,56) d(38) d(36) d(39) r(5,96) a(32,101) d(37) r(35,65)", "fitness": 0.0}
{"generation": 10, "position": 32, "parents": [51], "genome": "r(29,56) d(6) a(36,72) r(29,93) r(32,66) d(38) d(36) d(39) r(5,96) a(32,101) d(37)", "fitness": 0.0}
{"generation": 10, "position": 33, "parents": [67], "genome": "r(29,56) a(39,60) a(38,76) d(38)", "fitness": 0.0}
{"generation": 10, "position": 34, "parents": [18, 32], "genome": "r(29,56) r(32,145) r(5,44) d(38)", "fitness": 0.0}
{"generation": 10, "position": 35, "parents": [18, 32], "genome": "r(29,56) a(39,125) r(38,42) d(36) d(38) r(37,80) r(6,39) r(39,79) r(36,46) r(36,32) d(38) a(35,163)", "fitness": 0.0}
{"generation": 10, "position": 36, "parents": [18], "genome": "r(29,56) r(39,79) r(36,46) r(36,32) d(38) a(37,38)", "fitness": 0.0}
{"generation": 10, "position": 37, "parents": [32], "genome": "r(29,56) a(39,125) r(38,42) d(36) d(38) r(37,80) r(6,39) r(32,145) r(5,44)", "fitness": 0.0}
{"generation": 10, "position": 38, "parents": [34], "genome": "r(29,56) r(38,42) r(36,162) d(39) a(5,145) d(32) r(5,74) r(37,154)", "fitness": 0.0}
{"generation": 10, "position": 39, "parents": [22], "genome": "r(29,56) r(39,79) r(36,46) d(38) d(35) a(5,37) a(7,154) r(37,65) r(6,46)", "fitness": 0.0}
{"generation": 10, "position": 40, "parents": [47, 52], "genome": "d(35) d(31) r(29,76) r(39,37) r(32,82) d(5) a(39,60) a(32,101) a(37,163) r(38,37)", "fitness": 0.0}
{"generation": 10, "position": 41, "parents": [47, 52], "genome": "a(29,78) a(38,72) a(39,83) d(38) d(36) d(39) r(5,96) r(38,82) a(32,66)", "fitness": 0.0}
{"generation": 10, "position": 42, "parents": [47], "genome": "d(35) d(31) r(29,76) r(39,37) r(32,82) d(5) a(39,60) r(38,82) a(36,95)", "fitness": 0.0}
{"generation": 10, "position": 43, "parents": [52], "genome": "a(29,78) a(38,72) a(39,83) d(38) d(36) d(39) r(5,96) a(32,101) a(37,163) d(35)", "fitness": 0.0}
{"generation": 10, "position": 44, "parents": [5], "genome": "d(36) r(38,35) r(29,74) r(39,79) a(39,125) r(38,42) r(36,162) r(35,43) d(6) a(36,72) r(38,74) a(37,83) a(39,42) a(32,104) r(5,35)", "fitness": 0.0}
{"generation": 10, "position": 45, "parents": [62], "genome": "r(38,133) r(39,76) a(5,45) r(35,43) d(6) a(36,72) d(29) a(32,38) r(36,43) d(5) a(37,44)", "fitness": 0.0}
{"generation": 10, "position": 46, "parents": [43, 0], "genome": "r(29,56) r(39,79) a(37,58) r(32,79) d(6) a(38,29)", "fitness": 0.0}
{"generation": 10, "position": 47, "parents": [43, 0], "genome": "r(29,56) r(39,79) r(36,46) d(38) d(35) a(5,37) a(7,154) r(36,46) d(38) d(35) a(5,37) a(7,154) a(37,58) a(37,101) d(6) d(5)", "fitness": 0.0}
{"generation": 10, "position": 48, "parents": [43], "genome": "r(29,56) r(39,79) r(36,46) d(38) d(35) a(5,37) a(7,154) a(37,58) a(37,101) d(6) d(37)", "fitness": 0.0}
{"generation": 10, "position": 49, "parents": [0], "genome": "r(29,56) r(39,79) r(36,46) d(38) d(35) a(5,37) a(7,154) a(37,58) r(32,79) d(6) r(5,37)", "fitness": 0.0}
{"generation": 10, "position": 50, "parents": [44], "genome": "d(35) d(31) r(29,76) r(39,37) r(32,82) d(5) d(37) a(36,53) r(36,32)", "fitness": 0.0}
{"generation": 10, "position": 51, "parents": [26], "genome": "d(35) r(36,29) a(32,91) a(38,74) d(39) r(29,145) d(38) a(37,145) d(39) r(5,96) d(29) r(32,74) r(37,162)", "fitness": 0.0}
{"generation": 10, "position": 52, "parents": [4, 29], "genome": "r(29,56) a(37,76) d(39) a(35,160) a(39,83) d(31) a(39,83) a(36,163) r(38,91) r(32,90) a(36,56)", "fitness": 0.0}
{"generation": 10, "position": 53, "parents": [4, 29], "genome": "a(29,78) a(38,72) a(39,83) d(38) d(36) d(39) r(5,96) d(29) r(5,56) a(35,124) d(36) d(37)", "fitness": 0.0}
{"generation": 10, "position": 54, "parents": [4], "genome": "r(29,56) a(37,76) d(39) a(35,160) a(39,83) d(31) a(39,83) a(36,163) r(38,91) r(5,56) a(35,124) d(36) d(32)", "fitness": 0.0}
{"generation": 10, "position": 55, "parents": [29], "genome": "a(29,78) a(38,72) a(39,83) d(38) d(36) d(39) r(5,96) d(29) r(32,90) a(37,42)", "fitness": 0.0}
{"generation": 10, "position": 56, "parents": [52], "genome": "a(29,78) a(38,72) a(39,83) d(38) d(36) d(39) r(5,96) a(32,101) a(37,163) r(37,58)", "fitness": 0.0}
{"generation": 10, "position": 57, "parents": [44], "genome": "d(35) d(31) r(29,76) r(39,37) r(32,82) d(5) d(37) a(36,53) r(36,32)", "fitness": 0.0}
{"generation": 10, "position": 58, "parents": [9], "genome": "r(29,56) a(39,125) r(38,42) d(36) d(38) r(37,80) r(6,39) r(32,145) r(5,44)", "fitness": 0.0}
{"generation": 10, "position": 59, "parents": [24], "genome": "r(29,56) r(39,79) r(36,46) d(38) d(35) a(5,37) a(7,154) a(37,58) a(37,101) a(37,79) r(37,76)", "fitness": 0.0}
{"generation": 10, "position": 60, "parents": [63], "genome": "a(29,78) a(38,72) a(39,83) d(38) d(36) d(39) r(5,96) d(29) a(35,53) r(35,41)", "fitness": 0.0}