[meta]
{"program": "genprog-3.0", "problem": {"ideal_fitness": "12", "type": "repair", "name": "ultrix-look", "enclosure": {"1": 0, "2": 0, "3": 0, "4": 0, "5": 0, "6": 5, "7": 6, "8": 7, "11": 5, "12": 11, "14": 0, "16": 0, "18": 0, "19": 0, "20": 19, "21": 19, "26": 11, "27": 5, "28": 5, "29": 0, "30": 29, "31": 29, "32": 0, "33": 32, "34": 32, "35": 32, "36": 0, "37": 0, "38": 37, "39": 37, "40": 37, "41": 0, "42": 0, "43": 0, "44": 0, "45": 0, "46": 45, "47": 45, "48": 45, "49": 48, "50": 48, "51": 48, "52": 51, "53": 52, "56": 45, "57": 45, "58": 57, "60": 45, "61": 45, "63": 0, "65": 63, "66": 0, "68": 0, "71": 45, "72": 0, "73": 0, "74": 73, "75": 73, "76": 75, "78": 73, "79": 73, "80": 79, "81": 79, "82": 73, "83": 73, "85": 0, "86": 0, "90": 0, "91": 90, "92": 90, "93": 92, "95": 90, "96": 90, "98": 0, "101": 0, "102": 0, "103": 102, "104": 103, "106": 102, "107": 106, "108": 106, "109": 102, "110": 102, "111": 0, "112": 111, "113": 111, "114": 113, "115": 113, "116": 115, "117": 115, "118": 113, "119": 111, "120": 0, "121": 0, "122": 121, "123": 121, "124": 123, "125": 123, "126": 121, "128": 126, "129": 121, "130": 121, "131": 121, "132": 0, "133": 0, "134": 0, "135": 134, "136": 134, "137": 134, "138": 134, "139": 134, "140": 139, "142": 139, "143": 142, "145": 142, "146": 134, "147": 146, "148": 146, "149": 148, "150": 148, "151": 148, "152": 151, "154": 146, "155": 134, "156": 155, "157": 155, "158": 157, "159": 157, "160": 155, "161": 134, "162": 134, "163": 0}}, "version": "0.0.2", "seed": 44, "algorithm": {"representation": "patch", "type": "genetic", "name": "ALGORITHM-NAME"}}

[data]
{"generation": 0, "position": 0, "parents": [], "genome": "r(39,154)", "fitness": 4.0}
{"generation": 0, "position": 1, "parents": [], "genome": "d(38)", "fitness": 4.0}
{"generation": 0, "position": 2, "parents": [], "genome": "a(7,78)", "fitness": 4.0}
{"generation": 0, "position": 3, "parents": [], "genome": "r(37,72)", "fitness": 4.0}
{"generation": 0, "position": 4, "parents": [], "genome": "r(39,78)", "fitness": 4.0}
{"generation": 0, "position": 5, "parents": [], "genome": "r(38,37)", "fitness": 4.0}
{"generation": 0, "position": 6, "parents": [], "genome": "a(39,154)", "fitness": 4.0}
{"generation": 0, "position": 7, "parents": [], "genome": "r(39,162)", "fitness": 4.0}
{"generation": 0, "position": 8, "parents": [], "genome": "r(38,61)", "fitness": 4.0}
{"generation": 0, "position": 9, "parents": [], "genome": "r(39,5)", "fitness": 4.0}
{"generation": 0, "position": 10, "parents": [], "genome": "a(38,162)", "fitness": 4.0}
{"generation": 0, "position": 11, "parents": [], "genome": "r(38,95)", "fitness": 4.0}
{"generation": 0, "position": 12, "parents": [], "genome": "r(38,48)", "fitness": 4.0}
{"generation": 0, "position": 13, "parents": [], "genome": "a(38,95)", "fitness": 4.0}
{"generation": 0, "position": 14, "parents": [], "genome": "a(38,43)", "fitness": 4.0}
{"generation": 0, "position": 15, "parents": [], "genome": "a(38,43)", "fitness": 4.0}
{"generation": 0, "position": 16, "parents": [], "genome": "r(39,162)", "fitness": 4.0}
{"generation": 0, "position": 17, "parents": [], "genome": "d(38)", "fitness": 4.0}
{"generation": 0, "position": 18, "parents": [], "genome": "a(32,96)", "fitness": 4.0}
{"generation": 0, "position": 19, "parents": [], "genome": "d(37)", "fitness": 4.0}
{"generation": 0, "position": 20, "parents": [], "genome": "a(32,160)", "fitness": 4.0}
{"generation": 0, "position": 21, "parents": [], "genome": "r(38,66)", "fitness": 4.0}
{"generation": 0, "position": 22, "parents": [], "genome": "a(38,128)", "fitness": 4.0}
{"generation": 0, "position": 23, "parents": [], "genome": "d(38)", "fitness": 4.0}
{"generation": 0, "position": 24, "parents": [], "genome": "d(39)", "fitness": 4.0}
{"generation": 0, "position": 25, "parents": [], "genome": "a(39,40)", "fitness": 4.0}
{"generation": 0, "position": 26, "parents": [], "genome": "r(38,32)", "fitness": 4.0}
{"generation": 0, "position": 27, "parents": [], "genome": "d(7)", "fitness": 12.0}
{"generation": 0, "position": 28, "parents": [], "genome": "a(39,65)", "fitness": 4.0}
{"generation": 0, "position": 29, "parents": [], "genome": "r(38,145)", "fitness": 4.0}
{"generation": 0, "position": 30, "parents": [], "genome": "d(7)", "fitness": 12.0}
{"generation": 0, "position": 31, "parents": [], "genome": "a(38,5)", "fitness": 4.0}
{"generation": 0, "position": 32, "parents": [], "genome": "d(39)", "fitness": 4.0}
{"generation": 0, "position": 33, "parents": [], "genome": "d(38)", "fitness": 4.0}
{"generation": 0, "position": 34, "parents": [], "genome": "d(38)", "fitness": 4.0}
{"generation": 0, "position": 35, "parents": [], "genome": "a(38,41)", "fitness": 4.0}
{"generation": 0, "position": 36, "parents": [], "genome": "r(39,83)", "fitness": 4.0}
{"generation": 0, "position": 37, "parents": [], "genome": "a(38,80)", "fitness": 4.0}
{"generation": 0, "position": 38, "parents": [], "genome": "r(31,60)", "fitness": 4.0}
{"generation": 0, "position": 39, "parents": [], "genome": "original", "fitness": 4.0}
{"generation": 1, "position": 0, "parents": [6, 26], "genome": "a(39,154) r(38,90)", "fitness": 4.0}
{"generation": 1, "position": 1, "parents": [6, 26], "genome": "r(38,32) d(36)", "fitness": 0.0}
{"generation": 1, "position": 2, "parents": [6], "genome": "a(39,154) d(29)", "fitness": 4.0}
{"generation": 1, "position": 3, "parents": [26], "genome": "r(38,32) a(39,96)", "fitness": 4.0}
{"generation": 1, "position": 4, "parents": [5], "genome": "r(38,37) d(35)", "fitness": 0.0}
{"generation": 1, "position": 5, "parents": [8], "genome": "r(38,61) a(37,35)", "fitness": 4.0}
{"generation": 1, "position": 6, "parents": [29, 35], "genome": "r(38,145) d(39)", "fitness": 4.0}
{"generation": 1, "position": 7, "parents": [29, 35], "genome": "a(38,41) a(38,95)", "fitness": 4.0}
{"generation": 1, "position": 8, "parents": [29], "genome": "r(38,145) r(32,36)", "fitness": 0.0}
{"generation": 1, "position": 9, "parents": [35], "genome": "a(38,41) a(38,95)", "fitness": 4.0}
{"generation": 1, "position": 10, "parents": [23], "genome": "d(38) d(39)", "fitness": 4.0}
{"generation": 1, "position": 11, "parents": [24], "genome": "d(39) d(31)", "fitness": 4.0}
{"generation": 1, "position": 12, "parents": [13], "genome": "a(38,95) d(29)", "fitness": 4.0}
{"generation": 1, "position": 13, "parents": [32], "genome": "d(39) r(31,44)", "fitness": 0.0}
{"generation": 1, "position": 14, "parents": [6, 2], "genome": "a(39,154) r(29,37)", "fitness": 0.0}
{"generation": 1, "position": 15, "parents": [6, 2], "genome": "a(7,78) d(37)", "fitness": 4.0}
{"generation": 1, "position": 16, "parents": [6], "genome": "a(39,154) a(5,91)", "fitness": 0.0}
{"generation": 1, "position": 17, "parents": [2], "genome": "a(7,78) d(39)", "fitness": 4.0}
{"generation": 1, "position": 18, "parents": [16, 4], "genome": "r(39,162) a(38,95)", "fitness": 4.0}
{"generation": 1, "position": 19, "parents": [16, 4], "genome": "r(39,78) r(38,65)", "fitness": 4.0}
{"generation": 1, "position": 20, "parents": [16], "genome": "r(39,162) r(38,50)", "fitness": 4.0}
{"generation": 1, "position": 21, "parents": [4], "genome": "r(39,78) r(38,163)", "fitness": 4.0}
{"generation": 1, "position": 22, "parents": [11], "genome": "r(38,95) a(39,96)", "fitness": 4.0}
{"generation": 1, "position": 23, "parents": [35], "genome": "a(38,41) d(5)", "fitness": 4.0}
{"generation": 1, "position": 24, "parents": [23, 20], "genome": "d(38) a(6,29)", "fitness": 4.0}
{"generation": 1, "position": 25, "parents": [23, 20], "genome": "a(32,160) d(35)", "fitness": 0.0}
{"generation": 1, "position": 26, "parents": [23], "genome": "d(38) a(39,29)", "fitness": 4.0}
{"generation": 1, "position": 27, "parents": [20], "genome": "a(32,160) d(32)", "fitness": 0.0}
{"generation": 1, "position": 28, "parents": [29, 25], "genome": "r(38,145) a(29,78)", "fitness": 0.0}
{"generation": 1, "position": 29, "parents": [29, 25], "genome": "a(39,40) a(39,101)", "fitness": 4.0}
{"generation": 1, "position": 30, "parents": [29], "genome": "r(38,145) a(39,48)", "fitness": 4.0}
{"generation": 1, "position": 31, "parents": [25], "genome": "a(39,40) a(38,73)", "fitness": 4.0}
{"generation": 1, "position": 32, "parents": [36], "genome": "r(39,83) a(37,145)", "fitness": 4.0}
{"generation": 1, "position": 33, "parents": [32], "genome": "d(39) d(38)", "fitness": 4.0}
{"generation": 1, "position": 34, "parents": [21], "genome": "r(38,66) d(39)", "fitness": 4.0}
{"generation": 1, "position": 35, "parents": [20], "genome": "a(32,160) a(7,65)", "fitness": 4.0}
{"generation": 1, "position": 36, "parents": [22], "genome": "a(38,128) r(31,101)", "fitness": 12.0}
{"generation": 1, "position": 37, "parents": [9], "genome": "r(39,5) a(36,58)", "fitness": 4.0}
{"generation": 1, "position": 38, "parents": [16], "genome": "r(39,162) a(29,93)", "fitness": 4.0}
{"generation": 1, "position": 39, "parents": [22], "genome": "a(38,128) a(7,80)", "fitness": 4.0}
{"generation": 1, "position": 40, "parents": [37, 8], "genome": "a(38,80) d(38)", "fitness": 4.0}
{"generation": 1, "position": 41, "parents": [37, 8], "genome": "r(38,61) a(36,39)", "fitness": 0.0}
{"generation": 1, "position": 42, "parents": [37], "genome": "a(38,80) r(37,38)", "fitness": 4.0}
{"generation": 1, "position": 43, "parents": [8], "genome": "r(38,61) r(39,45)", "fitness": 4.0}
{"generation": 1, "position": 44, "parents": [28], "genome": "a(39,65) d(39)", "fitness": 4.0}
{"generation": 1, "position": 45, "parents": [21], "genome": "r(38,66) r(39,40)", "fitness": 4.0}
{"generation": 1, "position": 46, "parents": [29, 28], "genome": "r(38,145) r(39,82)", "fitness": 4.0}
{"generation": 1, "position": 47, "parents": [29, 28], "genome": "a(39,65) r(38,82)", "fitness": 4.0}
{"generation": 1, "position": 48, "parents": [29], "genome": "r(38,145) r(39,162)", "fitness": 4.0}
{"generation": 1, "position": 49, "parents": [28], "genome": "a(39,65) d(35)", "fitness": 0.0}
{"generation": 1, "position": 50, "parents": [4, 39], "genome": "r(39,78) a(7,46)", "fitness": 4.0}
{"generation": 1, "position": 51, "parents": [4, 39], "genome": "r(31,39)", "fitness": 0.0}
{"generation": 1, "position": 52, "parents": [4], "genome": "r(39,78) r(38,60)", "fitness": 4.0}
{"generation": 1, "position": 53, "parents": [39], "genome": "r(38,66)", "fitness": 4.0}
{"generation": 1, "position": 54, "parents": [8], "genome": "r(38,61) r(39,72)", "fitness": 4.0}
{"generation": 1, "position": 55, "parents": [39], "genome": "d(39)", "fitness": 4.0}
{"generation": 1, "position": 56, "parents": [1], "genome": "d(38) r(35,101)", "fitness": 12.0}
{"generation": 2, "position": 0, "parents": [55], "genome": "d(39) a(31,162)", "fitness": 4.0}
{"generation": 2, "position": 1, "parents": [52], "genome": "r(39,78) r(38,60) d(35)", "fitness": 0.0}
{"generation": 2, "position": 2, "parents": [45], "genome": "r(38,66) r(39,40) d(31)", "fitness": 4.0}
{"generation": 2, "position": 3, "parents": [2], "genome": "a(39,154) d(29) r(38,45)", "fitness": 4.0}
{"generation": 2, "position": 4, "parents": [34, 49], "genome": "r(38,66) d(39) d(35) a(29,46)", "fitness": 0.0}
{"generation": 2, "position": 5, "parents": [34, 49], "genome": "a(39,65) a(38,78)", "fitness": 4.0}
{"generation": 2, "position": 6, "parents": [34], "genome": "r(38,66) d(39) r(7,51)", "fitness": 12.0}
{"generation": 2, "position": 7, "parents": [49], "genome": "a(39,65) d(35) r(5,82)", "fitness": 0.0}
{"generation": 2, "position": 8, "parents": [3], "genome": "r(38,32) a(39,96) a(7,60)", "fitness": 4.0}
{"generation": 2, "position": 9, "parents": [48], "genome": "r(38,145) r(39,162) a(5,83)", "fitness": 4.0}
{"generation": 2, "position": 10, "parents": [0], "genome": "a(39,154) r(38,90) a(32,95)", "fitness": 4.0}
{"generation": 2, "position": 11, "parents": [7], "genome": "a(38,41) a(38,95) a(38,60)", "fitness": 4.0}
{"generation": 2, "position": 12, "parents": [15, 10], "genome": "a(7,78) d(37) d(39) a(36,128)", "fitness": 4.0}
{"generation": 2, "position": 13, "parents": [15, 10], "genome": "d(38) r(39,43)", "fitness": 4.0}
{"generation": 2, "position": 14, "parents": [15], "genome": "a(7,78) d(37) d(32)", "fitness": 0.0}
{"generation": 2, "position": 15, "parents": [10], "genome": "d(38) d(39) d(7)", "fitness": 12.0}
{"generation": 2, "position": 16, "parents": [19], "genome": "r(39,78) r(38,65) a(6,90)", "fitness": 4.0}
{"generation": 2, "position": 17, "parents": [49], "genome": "a(39,65) d(35) d(38)", "fitness": 0.0}
{"generation": 2, "position": 18, "parents": [2], "genome": "a(39,154) d(29) r(38,58)", "fitness": 4.0}
{"generation": 2, "position": 19, "parents": [15], "genome": "a(7,78) d(37) d(7)", "fitness": 0.0}
{"generation": 2, "position": 20, "parents": [55, 28], "genome": "d(39) a(29,78) a(38,162)", "fitness": 0.0}
{"generation": 2, "position": 21, "parents": [55, 28], "genome": "r(38,145) r(39,42)", "fitness": 4.0}
{"generation": 2, "position": 22, "parents": [55], "genome": "d(39) d(38)", "fitness": 4.0}
{"generation": 2, "position": 23, "parents": [28], "genome": "r(38,145) a(29,78) d(39)", "fitness": 0.0}
{"generation": 2, "position": 24, "parents": [33], "genome": "d(39) d(38) d(7)", "fitness": 12.0}
{"generation": 2, "position": 25, "parents": [15], "genome": "a(7,78) d(37) r(6,154)", "fitness": 0.0}
{"generation": 2, "position": 26, "parents": [43, 13], "genome": "r(38,61) r(39,45) r(31,44) a(6,145)", "fitness": 0.0}
{"generation": 2, "position": 27, "parents": [43, 13], "genome": "d(39) r(36,32)", "fitness": 0.0}
{"generation": 2, "position": 28, "parents": [43], "genome": "r(38,61) r(39,45) r(7,56)", "fitness": 0.0}
{"generation": 2, "position": 29, "parents": [13], "genome": "d(39) r(31,44) d(37)", "fitness": 0.0}
{"generation": 2, "position": 30, "parents": [41], "genome": "r(38,61) a(36,39) a(39,29)", "fitness": 0.0}
{"generation": 2, "position": 31, "parents": [13], "genome": "d(39) r(31,44) d(36)", "fitness": 0.0}
{"generation": 2, "position": 32, "parents": [12], "genome": "a(38,95) d(29) r(38,31)", "fitness": 4.0}
{"generation": 2, "position": 33, "parents": [53], "genome": "r(38,66) a(36,45)", "fitness": 4.0}
{"generation": 2, "position": 34, "parents": [11], "genome": "d(39) d(31) a(6,49)", "fitness": 4.0}
{"generation": 2, "position": 35, "parents": [41], "genome": "r(38,61) a(36,39) a(5,72)", "fitness": 0.0}
{"generation": 2, "position": 36, "parents": [3, 50], "genome": "r(38,32) a(39,96) d(6)", "fitness": 0.0}
{"generation": 2, "position": 37, "parents": [3, 50], "genome": "r(39,78) a(7,46) a(38,95)", "fitness": 4.0}
{"generation": 2, "position": 38, "parents": [3], "genome": "r(38,32) a(39,96) a(37,101)", "fitness": 12.0}
{"generation": 2, "position": 39, "parents": [50], "genome": "r(39,78) a(7,46) r(31,60)", "fitness": 4.0}
{"generation": 2, "position": 40, "parents": [53], "genome": "r(38,66) r(39,73)", "fitness": 4.0}
{"generation": 2, "position": 41, "parents": [0], "genome": "a(39,154) r(38,90) r(39,65)", "fitness": 4.0}
{"generation": 2, "position": 42, "parents": [41, 27], "genome": "r(38,61) a(39,41)", "fitness": 4.0}
{"generation": 2, "position": 43, "parents": [41, 27], "genome": "a(32,160) d(32) a(36,39) r(38,74)", "fitness": 0.0}
{"generation": 2, "position": 44, "parents": [41], "genome": "r(38,61) a(36,39) d(5)", "fitness": 0.0}
{"generation": 2, "position": 45, "parents": [27], "genome": "a(32,160) d(32) a(38,48)", "fitness": 0.0}
{"generation": 2, "position": 46, "parents": [6], "genome": "r(38,145) d(39) r(37,160)", "fitness": 4.0}
{"generation": 2, "position": 47, "parents": [28], "genome": "r(38,145) a(29,78) d(31)", "fitness": 0.0}
{"generation": 2, "position": 48, "parents": [35], "genome": "a(32,160) a(7,65) r(32,95)", "fitness": 0.0}
{"generation": 2, "position": 49, "parents": [57], "genome": "r(38,32) a(31,32) a(39,40)", "fitness": 4.0}
{"generation": 2, "position": 50, "parents": [41, 11], "genome": "r(38,61) r(32,47)", "fitness": 0.0}
{"generation": 2, "position": 51, "parents": [41, 11], "genome": "d(39) d(31) a(36,39) d(38)", "fitness": 0.0}
{"generation": 2, "position": 52, "parents": [41], "genome": "r(38,61) a(36,39) d(39)", "fitness": 0.0}
{"generation": 3, "position": 0, "parents": [0], "genome": "d(39) a(31,162) r(38,29)", "fitness": 4.0}
{"generation": 3, "position": 1, "parents": [26], "genome": "r(38,61) r(39,45) r(31,44) a(6,145) d(5)", "fitness": 0.0}
{"generation": 3, "position": 2, "parents": [29], "genome": "d(39) r(31,44) d(37) a(7,6)", "fitness": 0.0}
{"generation": 3, "position": 3, "parents": [7], "genome": "a(39,65) d(35) r(5,82) d(39)", "fitness": 0.0}
{"generation": 3, "position": 4, "parents": [46, 3], "genome": "r(38,145) d(39) d(29) r(38,45) r(7,60)", "fitness": 0.0}
{"generation": 3, "position": 5, "parents": [46, 3], "genome": "a(39,154) r(37,160) d(6)", "fitness": 0.0}
{"generation": 3, "position": 6, "parents": [46], "genome": "r(38,145) d(39) r(37,160) d(7)", "fitness": 12.0}
{"generation": 3, "position": 7, "parents": [3], "genome": "a(39,154) d(29) r(38,45) r(36,73)", "fitness": 0.0}
{"generation": 3, "position": 8, "parents": [35, 36], "genome": "r(38,61) a(36,39) d(6) a(39,72)", "fitness": 0.0}
{"generation": 3, "position": 9, "parents": [35, 36], "genome": "r(38,32) a(39,96) a(5,72) d(39)", "fitness": 0.0}
{"generation": 3, "position": 10, "parents": [35], "genome": "r(38,61) a(36,39) a(5,72) a(39,145)", "fitness": 0.0}
{"generation": 3, "position": 11, "parents": [36], "genome": "r(38,32) a(39,96) d(6) a(5,5)", "fitness": 0.0}
{"generation": 3, "position": 12, "parents": [27, 39], "genome": "d(39) a(7,46) r(31,60) a(38,76)", "fitness": 4.0}
{"generation": 3, "position": 13, "parents": [27, 39], "genome": "r(39,78) r(36,32) r(37,133)", "fitness": 0.0}
{"generation": 3, "position": 14, "parents": [27], "genome": "d(39) r(36,32) a(29,72)", "fitness": 0.0}
{"generation": 3, "position": 15, "parents": [39], "genome": "r(39,78) a(7,46) r(31,60) r(38,29)", "fitness": 4.0}
{"generation": 3, "position": 16, "parents": [51, 26], "genome": "d(39) d(31) a(36,39) r(31,44) a(6,145) r(37,56)", "fitness": 0.0}
{"generation": 3, "position": 17, "parents": [51, 26], "genome": "r(38,61) r(39,45) d(38) d(6)", "fitness": 0.0}
{"generation": 3, "position": 18, "parents": [51], "genome": "d(39) d(31) a(36,39) d(38) a(37,44)", "fitness": 0.0}
{"generation": 3, "position": 19, "parents": [26], "genome": "r(38,61) r(39,45) r(31,44) a(6,145) r(6,162)", "fitness": 0.0}
{"generation": 3, "position": 20, "parents": [45], "genome": "a(32,160) d(32) a(38,48) r(39,56)", "fitness": 0.0}
{"generation": 3, "position": 21, "parents": [20], "genome": "d(39) a(29,78) a(38,162) d(38)", "fitness": 0.0}
{"generation": 3, "position": 22, "parents": [39, 20], "genome": "r(39,78) a(29,78) a(38,162) r(7,90)", "fitness": 0.0}
{"generation": 3, "position": 23, "parents": [39, 20], "genome": "d(39) a(7,46) r(31,60) a(32,163)", "fitness": 12.0}
{"generation": 3, "position": 24, "parents": [39], "genome": "r(39,78) a(7,46) r(31,60) r(7,154)", "fitness": 12.0}
{"generation": 3, "position": 25, "parents": [20], "genome": "d(39) a(29,78) a(38,162) a(6,78)", "fitness": 0.0}
{"generation": 3, "position": 26, "parents": [40, 43], "genome": "r(38,66) r(39,73) a(36,39) r(38,74) r(31,125)", "fitness": 0.0}
{"generation": 3, "position": 27, "parents": [40, 43], "genome": "a(32,160) d(32) a(38,95)", "fitness": 0.0}
{"generation": 3, "position": 28, "parents": [40], "genome": "r(38,66) r(39,73) r(37,79)", "fitness": 0.0}
{"generation": 3, "position": 29, "parents": [43], "genome": "a(32,160) d(32) a(36,39) r(38,74) d(37)", "fitness": 0.0}
{"generation": 3, "position": 30, "parents": [7, 10], "genome": "a(39,65) d(39)", "fitness": 4.0}
{"generation": 3, "position": 31, "parents": [7, 10], "genome": "a(39,154) r(38,90) a(32,95) d(35) r(5,82) a(31,35)", "fitness": 4.0}
{"generation": 3, "position": 32, "parents": [7], "genome": "a(39,65) d(35) r(5,82) r(36,66)", "fitness": 0.0}
{"generation": 3, "position": 33, "parents": [10], "genome": "a(39,154) r(38,90) a(32,95) a(7,39)", "fitness": 4.0}
{"generation": 3, "position": 34, "parents": [10, 52], "genome": "a(39,154) r(38,90) a(36,39) d(39) d(6)", "fitness": 0.0}
{"generation": 3, "position": 35, "parents": [10, 52], "genome": "r(38,61) a(32,95) r(29,76)", "fitness": 4.0}
{"generation": 3, "position": 36, "parents": [10], "genome": "a(39,154) r(38,90) a(32,95) a(39,65)", "fitness": 4.0}
{"generation": 3, "position": 37, "parents": [52], "genome": "r(38,61) a(36,39) d(39) r(35,82)", "fitness": 0.0}
{"generation": 3, "position": 38, "parents": [43, 33], "genome": "a(32,160) d(32) a(36,45) a(39,65)", "fitness": 0.0}
{"generation": 3, "position": 39, "parents": [43, 33], "genome": "r(38,66) a(36,39) r(38,74) a(39,128)", "fitness": 0.0}
{"generation": 3, "position": 40, "parents": [43], "genome": "a(32,160) d(32) a(36,39) r(38,74) r(5,101)", "fitness": 12.0}
{"generation": 3, "position": 41, "parents": [33], "genome": "r(38,66) a(36,45) d(32)", "fitness": 0.0}
{"generation": 3, "position": 42, "parents": [26], "genome": "r(38,61) r(39,45) r(31,44) a(6,145) r(29,90)", "fitness": 0.0}
{"generation": 3, "position": 43, "parents": [5], "genome": "a(39,65) a(38,78) d(38)", "fitness": 4.0}
{"generation": 3, "position": 44, "parents": [48, 1], "genome": "a(32,160) a(7,65) a(38,60)", "fitness": 4.0}
{"generation": 3, "position": 45, "parents": [48, 1], "genome": "r(39,78) r(38,60) d(35) r(32,95) r(5,61)", "fitness": 0.0}
{"generation": 3, "position": 46, "parents": [48], "genome": "a(32,160) a(7,65) r(32,95) a(39,48)", "fitness": 0.0}
{"generation": 3, "position": 47, "parents": [1], "genome": "r(39,78) r(38,60) d(35) r(7,5)", "fitness": 12.0}
{"generation": 3, "position": 48, "parents": [48, 35], "genome": "a(32,160) d(39)", "fitness": 4.0}
{"generation": 3, "position": 49, "parents": [48, 35], "genome": "r(38,61) a(36,39) a(5,72) a(7,65) r(32,95) r(5,38)", "fitness": 0.0}
{"generation": 3, "position": 50, "parents": [48], "genome": "a(32,160) a(7,65) r(32,95) d(38)", "fitness": 0.0}
{"generation": 3, "position": 51, "parents": [35], "genome": "r(38,61) a(36,39) a(5,72) r(29,73)", "fitness": 0.0}
{"generation": 3, "position": 52, "parents": [0], "genome": "d(39) a(31,162) d(38)", "fitness": 4.0}
{"generation": 3, "position": 53, "parents": [47], "genome": "r(38,145) a(29,78) d(31) r(39,56)", "fitness": 0.0}
{"generation": 3, "position": 54, "parents": [29, 36], "genome": "d(39) r(31,44) d(37) a(39,96) d(6) d(29)", "fitness": 0.0}
{"generation": 3, "position": 55, "parents": [29, 36], "genome": "r(38,32) r(7,76)", "fitness": 12.0}
{"generation": 3, "position": 56, "parents": [29], "genome": "d(39) r(31,44) d(37) r(7,44)", "fitness": 0.0}
{"generation": 3, "position": 57, "parents": [36], "genome": "r(38,32) a(39,96) d(6) d(29)", "fitness": 0.0}
{"generation": 3, "position": 58, "parents": [1, 48], "genome": "r(39,78) r(38,60) r(32,95) r(31,154)", "fitness": 0.0}
{"generation": 3, "position": 59, "parents": [1, 48], "genome": "a(32,160) a(7,65) d(35) d(39)", "fitness": 0.0}
{"generation": 3, "position": 60, "parents": [1], "genome": "r(39,78) r(38,60) d(35) a(6,95)", "fitness": 0.0}
{"generation": 3, "position": 61, "parents": [48], "genome": "a(32,160) a(7,65) r(32,95) d(39)", "fitness": 0.0}
{"generation": 3, "position": 62, "parents": [36, 11], "genome": "r(38,32) a(39,96) a(38,95) a(38,60) d(39)", "fitness": 12.0}
{"generation": 3, "position": 63, "parents": [36, 11], "genome": "a(38,41) d(6) d(29)", "fitness": 0.0}
{"generation": 3, "position": 64, "parents": [36], "genome": "r(38,32) a(39,96) d(6) a(39,80)", "fitness": 0.0}
{"generation": 3, "position": 65, "parents": [11], "genome": "a(38,41) a(38,95) a(38,60) d(38)", "fitness": 4.0}
{"generation": 3, "position": 66, "parents": [53], "genome": "d(39) d(31) d(38) a(32,78)", "fitness": 0.0}
{"generation": 4, "position": 0, "parents": [34, 42], "genome": "a(39,154) r(29,90) r(39,76)", "fitness": 0.0}
{"generation": 4, "position": 1, "parents": [34, 42], "genome": "r(38,61) r(39,45) r(31,44) a(6,145) r(38,90) a(36,39) d(39) d(6) a(36,39)", "fitness": 0.0}
{"generation": 4, "position": 2, "parents": [34], "genome": "a(39,154) r(38,90) a(36,39) d(39) d(6) a(31,49)", "fitness": 0.0}
{"generation": 4, "position": 3, "parents": [42], "genome": "r(38,61) r(39,45) r(31,44) a(6,145) r(29,90) a(35,36)", "fitness": 0.0}
{"generation": 4, "position": 4, "parents": [57], "genome": "r(38,32) a(39,96) d(6) d(29) a(36,133)", "fitness": 0.0}
{"generation": 4, "position": 5, "parents": [20], "genome": "a(32,160) d(32) a(38,48) r(39,56) d(7)", "fitness": 12.0}
{"generation": 4, "position": 6, "parents": [64], "genome": "r(38,32) a(39,96) d(6) a(39,80) a(39,93)", "fitness": 0.0}
{"generation": 4, "position": 7, "parents": [21], "genome": "d(39) a(29,78) a(38,162) d(38) a(29,46)", "fitness": 0.0}
{"generation": 4, "position": 8, "parents": [19], "genome": "r(38,61) r(39,45) r(31,44) a(6,145) r(6,162) r(32,78)", "fitness": 0.0}
{"generation": 4, "position": 9, "parents": [66], "genome": "d(39) d(31) d(38) a(32,78) a(36,29)", "fitness": 0.0}
{"generation": 4, "position": 10, "parents": [52], "genome": "d(39) a(31,162) d(38) d(6)", "fitness": 0.0}
{"generation": 4, "position": 11, "parents": [7], "genome": "a(39,154) d(29) r(38,45) r(36,73) r(32,50)", "fitness": 0.0}
{"generation": 4, "position": 12, "parents": [17], "genome": "r(38,61) r(39,45) d(38) d(6) r(36,53)", "fitness": 0.0}
{"generation": 4, "position": 13, "parents": [42], "genome": "r(38,61) r(39,45) r(31,44) a(6,145) r(29,90) r(36,93)", "fitness": 0.0}
{"generation": 4, "position": 14, "parents": [16], "genome": "d(39) d(31) a(36,39) r(31,44) a(6,145) r(37,56) r(35,31)", "fitness": 0.0}
{"generation": 4, "position": 15, "parents": [21], "genome": "d(39) a(29,78) a(38,162) d(38) d(31)", "fitness": 0.0}
{"generation": 4, "position": 16, "parents": [53], "genome": "r(38,145) a(29,78) d(31) r(39,56) a(35,56)", "fitness": 0.0}
{"generation": 4, "position": 17, "parents": [32], "genome": "a(39,65) d(35) r(5,82) r(36,66) a(38,82)", "fitness": 0.0}
{"generation": 4, "position": 18, "parents": [10], "genome": "r(38,61) a(36,39) a(5,72) a(39,145) r(7,90)", "fitness": 0.0}
{"generation": 4, "position": 19, "parents": [20], "genome": "a(32,160) d(32) a(38,48) r(39,56) a(38,73)", "fitness": 0.0}
{"generation": 4, "position": 20, "parents": [18], "genome": "d(39) d(31) a(36,39) d(38) a(37,44) a(32,58)", "fitness": 0.0}
{"generation": 4, "position": 21, "parents": [3], "genome": "a(39,65) d(35) r(5,82) d(39) a(38,82)", "fitness": 0.0}
{"generation": 4, "position": 22, "parents": [61, 41], "genome": "a(32,160) a(7,65) r(32,95) d(32) d(39)", "fitness": 0.0}
{"generation": 4, "position": 23, "parents": [61, 41], "genome": "r(38,66) a(36,45) d(39) a(7,95)", "fitness": 4.0}
{"generation": 4, "position": 24, "parents": [61], "genome": "a(32,160) a(7,65) r(32,95) d(39) d(37)", "fitness": 0.0}
{"generation": 4, "position": 25, "parents": [41], "genome": "r(38,66) a(36,45) d(32) d(29)", "fitness": 0.0}
{"generation": 4, "position": 26, "parents": [3], "genome": "a(39,65) d(35) r(5,82) d(39) r(38,5)", "fitness": 0.0}
{"generation": 4, "position": 27, "parents": [39], "genome": "r(38,66) a(36,39) r(38,74) a(39,128) r(29,38)", "fitness": 0.0}
{"generation": 4, "position": 28, "parents": [11], "genome": "r(38,32) a(39,96) d(6) a(5,5) d(39)", "fitness": 0.0}
{"generation": 4, "position": 29, "parents": [58], "genome": "r(39,78) r(38,60) r(32,95) r(31,154) d(5)", "fitness": 0.0}
{"generation": 4, "position": 30, "parents": [4, 11], "genome": "r(38,145) d(39) d(29) d(6) a(5,5) a(36,160)", "fitness": 0.0}
{"generation": 4, "position": 31, "parents": [4, 11], "genome": "r(38,32) a(39,96) r(38,45) r(7,60) r(6,49)", "fitness": 0.0}
{"generation": 4, "position": 32, "parents": [4], "genome": "r(38,145) d(39) d(29) r(38,45) r(7,60) r(37,31)", "fitness": 0.0}
{"generation": 4, "position": 33, "parents": [11], "genome": "r(38,32) a(39,96) d(6) a(5,5) d(39)", "fitness": 0.0}
{"generation": 4, "position": 34, "parents": [27, 48], "genome": "a(32,160) d(32) d(36)", "fitness": 0.0}
{"generation": 4, "position": 35, "parents": [27, 48], "genome": "a(32,160) d(39) a(38,95) d(38)", "fitness": 4.0}
{"generation": 4, "position": 36, "parents": [27], "genome": "a(32,160) d(32) a(38,95) a(39,53)", "fitness": 0.0}
{"generation": 4, "position": 37, "parents": [48], "genome": "a(32,160) d(39) a(38,125)", "fitness": 4.0}
{"generation": 4, "position": 38, "parents": [66, 57], "genome": "d(39) d(31) d(38) d(29) r(7,57)", "fitness": 4.0}
{"generation": 4, "position": 39, "parents": [66, 57], "genome": "r(38,32) a(39,96) d(6) a(32,78) a(35,56)", "fitness": 0.0}
{"generation": 4, "position": 40, "parents": [66], "genome": "d(39) d(31) d(38) a(32,78) a(37,91)", "fitness": 0.0}
{"generation": 4, "position": 41, "parents": [57], "genome": "r(38,32) a(39,96) d(6) d(29) d(39)", "fitness": 0.0}
{"generation": 4, "position": 42, "parents": [22, 22], "genome": "r(39,78) a(29,78) a(38,162) a(32,44)", "fitness": 0.0}
{"generation": 4, "position": 43, "parents": [22, 22], "genome": "r(39,78) a(29,78) a(38,162) r(7,90) r(7,90) a(38,48)", "fitness": 0.0}
{"generation": 4, "position": 44, "parents": [22], "genome": "r(39,78) a(29,78) a(38,162) r(7,90) r(32,154)", "fitness": 0.0}
{"generation": 4, "position": 45, "parents": [22], "genome": "r(39,78) a(29,78) a(38,162) r(7,90) a(38,48)", "fitness": 0.0}
{"generation": 4, "position": 46, "parents": [64, 3], "genome": "r(38,32) a(39,96) d(39) r(6,52)", "fitness": 0.0}
{"generation": 4, "position": 47, "parents": [64, 3], "genome": "a(39,65) d(35) r(5,82) d(6) a(39,80) r(39,162)", "fitness": 0.0}
{"generation": 4, "position": 48, "parents": [64], "genome": "r(38,32) a(39,96) d(6) a(39,80) a(39,83)", "fitness": 0.0}
{"generation": 4, "position": 49, "parents": [3], "genome": "a(39,65) d(35) r(5,82) d(39) a(38,154)", "fitness": 0.0}
{"generation": 4, "position": 50, "parents": [42], "genome": "r(38,61) r(39,45) r(31,44) a(6,145) r(29,90) a(35,65)", "fitness": 0.0}
{"generation": 4, "position": 51, "parents": [25], "genome": "d(39) a(29,78) a(38,162) a(6,78) a(38,90)", "fitness": 0.0}
{"generation": 4, "position": 52, "parents": [57], "genome": "r(38,32) a(39,96) d(6) d(29) d(39)", "fitness": 0.0}
{"generation": 5, "position": 0, "parents": [28, 49], "genome": "r(38,32) a(39,96) d(6) a(5,5) d(39) a(38,154) r(32,78)", "fitness": 0.0}
{"generation": 5, "position": 1, "parents": [28, 49], "genome": "a(39,65) d(35) r(5,82) d(39) d(38)", "fitness": 0.0}
{"generation": 5, "position": 2, "parents": [28], "genome": "r(38,32) a(39,96) d(6) a(5,5) d(39) d(29)", "fitness": 0.0}
{"generation": 5, "position": 3, "parents": [49], "genome": "a(39,65) d(35) r(5,82) d(39) a(38,154) d(38)", "fitness": 0.0}
{"generation": 5, "position": 4, "parents": [33], "genome": "r(38,32) a(39,96) d(6) a(5,5) d(39) a(5,79)", "fitness": 0.0}
{"generation": 5, "position": 5, "parents": [30], "genome": "r(38,145) d(39) d(29) d(6) a(5,5) a(36,160) d(5)", "fitness": 4.0}
{"generation": 5, "position": 6, "parents": [22], "genome": "a(32,160) a(7,65) r(32,95) d(32) d(39) a(38,58)", "fitness": 0.0}
{"generation": 5, "position": 7, "parents": [36], "genome": "a(32,160) d(32) a(38,95) a(39,53) a(37,42)", "fitness": 0.0}
{"generation": 5, "position": 8, "parents": [25, 40], "genome": "r(38,66) a(36,45) r(39,104)", "fitness": 4.0}
{"generation": 5, "position": 9, "parents": [25, 40], "genome": "d(39) d(31) d(38) a(32,78) a(37,91) d(32) d(29) d(7)", "fitness": 0.0}
{"generation": 5, "position": 10, "parents": [25], "genome": "r(38,66) a(36,45) d(32) d(29) a(39,60)", "fitness": 0.0}
{"generation": 5, "position": 11, "parents": [40], "genome": "d(39) d(31) d(38) a(32,78) a(37,91) d(37)", "fitness": 0.0}
{"generation": 5, "position": 12, "parents": [53], "genome": "a(32,160) a(7,65) r(32,95) a(39,48) d(39) a(36,56)", "fitness": 0.0}
{"generation": 5, "position": 13, "parents": [26], "genome": "a(39,65) d(35) r(5,82) d(39) r(38,5) d(29)", "fitness": 0.0}
{"generation": 5, "position": 14, "parents": [42, 21], "genome": "r(39,78) a(38,82) r(38,41)", "fitness": 4.0}
{"generation": 5, "position": 15, "parents": [42, 21], "genome": "a(39,65) d(35) r(5,82) d(39) a(29,78) a(38,162) a(32,44) a(38,79)", "fitness": 0.0}
{"generation": 5, "position": 16, "parents": [42], "genome": "r(39,78) a(29,78) a(38,162) a(32,44) r(38,73)", "fitness": 0.0}
{"generation": 5, "position": 17, "parents": [21], "genome": "a(39,65) d(35) r(5,82) d(39) a(38,82) d(38)", "fitness": 0.0}
{"generation": 5, "position": 18, "parents": [0, 15], "genome": "a(39,154) r(29,90) d(39)", "fitness": 0.0}
{"generation": 5, "position": 19, "parents": [0, 15], "genome": "d(39) a(29,78) a(38,162) d(38) d(31) r(39,76) r(5,43)", "fitness": 0.0}
{"generation": 5, "position": 20, "parents": [0], "genome": "a(39,154) r(29,90) r(39,76) a(5,73)", "fitness": 0.0}
{"generation": 5, "position": 21, "parents": [15], "genome": "d(39) a(29,78) a(38,162) d(38) d(31) a(37,46)", "fitness": 0.0}
{"generation": 5, "position": 22, "parents": [52], "genome": "r(38,32) a(39,96) d(6) d(29) d(39) r(5,76)", "fitness": 4.0}
{"generation": 5, "position": 23, "parents": [6], "genome": "r(38,32) a(39,96) d(6) a(39,80) a(39,93) a(39,93)", "fitness": 0.0}
{"generation": 5, "position": 24, "parents": [44, 32], "genome": "r(39,78) r(37,31) a(31,163)", "fitness": 12.0}
{"generation": 5, "position": 25, "parents": [44, 32], "genome": "r(38,145) d(39) d(29) r(38,45) r(7,60) a(29,78) a(38,162) r(7,90) r(32,154) d(5)", "fitness": 0.0}
{"generation": 5, "position": 26, "parents": [44], "genome": "r(39,78) a(29,78) a(38,162) r(7,90) r(32,154) a(38,37)", "fitness": 0.0}
{"generation": 5, "position": 27, "parents": [32], "genome": "r(38,145) d(39) d(29) r(38,45) r(7,60) r(37,31) a(35,32)", "fitness": 0.0}
{"generation": 5, "position": 28, "parents": [43], "genome": "r(39,78) a(29,78) a(38,162) r(7,90) r(7,90) a(38,48) d(37)", "fitness": 0.0}
{"generation": 5, "position": 29, "parents": [18], "genome": "r(38,61) a(36,39) a(5,72) a(39,145) r(7,90) a(39,60)", "fitness": 0.0}
{"generation": 5, "position": 30, "parents": [29, 32], "genome": "r(39,78) r(38,60) r(32,95) r(31,154) d(5) r(7,60) r(37,31) d(29)", "fitness": 0.0}
{"generation": 5, "position": 31, "parents": [29, 32], "genome": "r(38,145) d(39) d(29) r(38,45) a(7,31)", "fitness": 4.0}
{"generation": 5, "position": 32, "parents": [29], "genome": "r(39,78) r(38,60) r(32,95) r(31,154) d(5) a(29,36)", "fitness": 0.0}
{"generation": 5, "position": 33, "parents": [32], "genome": "r(38,145) d(39) d(29) r(38,45) r(7,60) r(37,31) d(35)", "fitness": 0.0}
{"generation": 5, "position": 34, "parents": [53, 6], "genome": "a(32,160) a(7,65) r(38,32)", "fitness": 4.0}
{"generation": 5, "position": 35, "parents": [53, 6], "genome": "r(38,32) a(39,96) d(6) a(39,80) a(39,93) r(32,95) a(39,48) d(39) r(31,80)", "fitness": 0.0}
{"generation": 5, "position": 36, "parents": [53], "genome": "a(32,160) a(7,65) r(32,95) a(39,48) d(39) r(38,73)", "fitness": 0.0}
{"generation": 5, "position": 37, "parents": [6], "genome": "r(38,32) a(39,96) d(6) a(39,80) a(39,93) a(32,154)", "fitness": 0.0}
{"generation": 5, "position": 38, "parents": [8, 27], "genome": "r(38,61) r(39,45) r(31,44) a(6,145) r(6,162) r(29,38) r(5,78)", "fitness": 0.0}
{"generation": 5, "position": 39, "parents": [8, 27], "genome": "r(38,66) a(36,39) r(38,74) a(39,128) r(32,78) r(7,75)", "fitness": 12.0}
{"generation": 5, "position": 40, "parents": [8], "genome": "r(38,61) r(39,45) r(31,44) a(6,145) r(6,162) r(32,78) d(29)", "fitness": 0.0}
{"generation": 5, "position": 41, "parents": [27], "genome": "r(38,66) a(36,39) r(38,74) a(39,128) r(29,38) d(6)", "fitness": 0.0}
{"generation": 5, "position": 42, "parents": [36], "genome": "a(32,160) d(32) a(38,95) a(39,53) a(39,58)", "fitness": 0.0}
{"generation": 5, "position": 43, "parents": [27], "genome": "r(38,66) a(36,39) r(38,74) a(39,128) r(29,38) d(39)", "fitness": 0.0}
{"generation": 5, "position": 44, "parents": [11], "genome": "a(39,154) d(29) r(38,45) r(36,73) r(32,50) d(7)", "fitness": 0.0}
{"generation": 5, "position": 45, "parents": [52], "genome": "r(38,32) a(39,96) d(6) d(29) d(39) d(36)", "fitness": 0.0}
{"generation": 5, "position": 46, "parents": [24, 26], "genome": "a(32,160) a(7,65) r(32,95) d(35) r(5,82) d(39) r(38,5) r(37,108)", "fitness": 0.0}
{"generation": 5, "position": 47, "parents": [24, 26], "genome": "a(39,65) d(39) d(37) a(5,73)", "fitness": 0.0}
{"generation": 5, "position": 48, "parents": [24], "genome": "a(32,160) a(7,65) r(32,95) d(39) d(37) d(5)", "fitness": 0.0}
{"generation": 5, "position": 49, "parents": [26], "genome": "a(39,65) d(35) r(5,82) d(39) r(38,5) a(32,90)", "fitness": 0.0}
{"generation": 5, "position": 50, "parents": [21, 1], "genome": "a(39,65) d(35) r(39,45) r(31,44) a(6,145) r(38,90) a(36,39) d(39) d(6) a(36,39) d(32)", "fitness": 0.0}
{"generation": 5, "position": 51, "parents": [21, 1], "genome": "r(38,61) r(5,82) d(39) a(38,82) d(31)", "fitness": 4.0}
{"generation": 5, "position": 52, "parents": [21], "genome": "a(39,65) d(35) r(5,82) d(39) a(38,82) a(38,38)", "fitness": 0.0}
{"generation": 5, "position": 53, "parents": [1], "genome": "r(38,61) r(39,45) r(31,44) a(6,145) r(38,90) a(36,39) d(39) d(6) a(36,39) d(29)", "fitness": 0.0}
{"generation": 5, "position": 54, "parents": [3, 52], "genome": "r(38,61) r(39,45) r(31,44) a(6,145) d(29) d(39) d(35)", "fitness": 0.0}
{"generation": 5, "position": 55, "parents": [3, 52], "genome": "r(38,32) a(39,96) d(6) r(29,90) a(35,36) r(39,108)", "fitness": 0.0}
{"generation": 5, "position": 56, "parents": [3], "genome": "r(38,61) r(39,45) r(31,44) a(6,145) r(29,90) a(35,36) r(32,108)", "fitness": 0.0}
{"generation": 5, "position": 57, "parents": [52], "genome": "r(38,32) a(39,96) d(6) d(29) d(39) a(5,104)", "fitness": 0.0}
{"generation": 5, "position": 58, "parents": [32, 0], "genome": "r(38,145) d(39) d(29) r(29,90) r(39,76) a(32,83)", "fitness": 4.0}
{"generation": 5, "position": 59, "parents": [32, 0], "genome": "a(39,154) r(38,45) r(7,60) r(37,31) a(36,104)", "fitness": 12.0}
{"generation": 5, "position": 60, "parents": [32], "genome": "r(38,145) d(39) d(29) r(38,45) r(7,60) r(37,31) a(36,38)", "fitness": 0.0}
{"generation": 5, "position": 61, "parents": [0], "genome": "a(39,154) r(29,90) r(39,76) r(38,60)", "fitness": 0.0}
{"generation": 5, "position": 62, "parents": [43], "genome": "r(39,78) a(29,78) a(38,162) r(7,90) r(7,90) a(38,48) r(38,104)", "fitness": 0.0}
{"generation": 6, "position": 0, "parents": [29, 56], "genome": "r(38,61) a(36,39) a(6,145) r(29,90) a(35,36) r(32,108) r(39,36)", "fitness": 0.0}
{"generation": 6, "position": 1, "parents": [29, 56], "genome": "r(38,61) r(39,45) r(31,44) a(5,72) a(39,145) r(7,90) a(39,60) d(32)", "fitness": 0.0}
{"generation": 6, "position": 2, "parents": [29], "genome": "r(38,61) a(36,39) a(5,72) a(39,145) r(7,90) a(39,60) d(31)", "fitness": 0.0}
{"generation": 6, "position": 3, "parents": [56], "genome": "r(38,61) r(39,45) r(31,44) a(6,145) r(29,90) a(35,36) r(32,108) d(7)", "fitness": 0.0}
{"generation": 6, "position": 4, "parents": [52], "genome": "a(39,65) d(35) r(5,82) d(39) a(38,82) a(38,38) a(38,5)", "fitness": 0.0}
{"generation": 6, "position": 5, "parents": [44], "genome": "a(39,154) d(29) r(38,45) r(36,73) r(32,50) d(7) d(39)", "fitness": 0.0}
{"generation": 6, "position": 6, "parents": [44], "genome": "a(39,154) d(29) r(38,45) r(36,73) r(32,50) d(7) d(6)", "fitness": 0.0}
{"generation": 6, "position": 7, "parents": [56], "genome": "r(38,61) r(39,45) r(31,44) a(6,145) r(29,90) a(35,36) r(32,108) r(6,145)", "fitness": 0.0}
{"generation": 6, "position": 8, "parents": [25, 28], "genome": "r(38,145) r(35,162)", "fitness": 0.0}
{"generation": 6, "position": 9, "parents": [25, 28], "genome": "r(39,78) a(29,78) a(38,162) r(7,90) r(7,90) a(38,48) d(37) d(39) d(29) r(38,45) r(7,60) a(29,78) a(38,162) r(7,90) r(32,154) d(5) r(36,45)", "fitness": 0.0}
{"generation": 6, "position": 10, "parents": [25], "genome": "r(38,145) d(39) d(29) r(38,45) r(7,60) a(29,78) a(38,162) r(7,90) r(32,154) d(5) a(36,41)", "fitness": 0.0}
{"generation": 6, "position": 11, "parents": [28], "genome": "r(39,78) a(29,78) a(38,162) r(7,90) r(7,90) a(38,48) d(37) r(5,73)", "fitness": 0.0}
{"generation": 6, "position": 12, "parents": [36, 16], "genome": "a(32,160) a(7,65) r(32,95) a(39,48) d(39) r(38,73) a(38,162) a(32,44) r(38,73) d(31)", "fitness": 0.0}
{"generation": 6, "position": 13, "parents": [36, 16], "genome": "r(39,78) a(29,78) d(32)", "fitness": 0.0}
{"generation": 6, "position": 14, "parents": [36], "genome": "a(32,160) a(7,65) r(32,95) a(39,48) d(39) r(38,73) d(31)", "fitness": 0.0}
{"generation": 6, "position": 15, "parents": [16], "genome": "r(39,78) a(29,78) a(38,162) a(32,44) r(38,73) d(37)", "fitness": 0.0}
{"generation": 6, "position": 16, "parents": [47, 29], "genome": "a(39,65) d(39) a(5,72) a(39,145) r(7,90) a(39,60) r(38,83)", "fitness": 0.0}
{"generation": 6, "position": 17, "parents": [47, 29], "genome": "r(38,61) a(36,39) d(37) a(5,73) a(35,40)", "fitness": 0.0}
{"generation": 6, "position": 18, "parents": [47], "genome": "a(39,65) d(39) d(37) a(5,73) d(7)", "fitness": 0.0}
{"generation": 6, "position": 19, "parents": [29], "genome": "r(38,61) a(36,39) a(5,72) a(39,145) r(7,90) a(39,60) r(39,124)", "fitness": 0.0}
{"generation": 6, "position": 20, "parents": [43, 3], "genome": "r(38,66) a(36,39) r(38,74) a(39,128) r(29,38) d(39) r(5,31)", "fitness": 0.0}
{"generation": 6, "position": 21, "parents": [43, 3], "genome": "a(39,65) d(35) r(5,82) d(39) a(38,154) d(38) r(29,5)", "fitness": 0.0}
{"generation": 6, "position": 22, "parents": [43], "genome": "r(38,66) a(36,39) r(38,74) a(39,128) r(29,38) d(39) a(36,101)", "fitness": 12.0}
{"generation": 6, "position": 23, "parents": [3], "genome": "a(39,65) d(35) r(5,82) d(39) a(38,154) d(38) d(37)", "fitness": 0.0}
{"generation": 6, "position": 24, "parents": [10], "genome": "r(38,66) a(36,45) d(32) d(29) a(39,60) a(39,66)", "fitness": 0.0}
{"generation": 6, "position": 25, "parents": [2], "genome": "r(38,32) a(39,96) d(6) a(5,5) d(39) d(29) r(35,56)", "fitness": 0.0}
{"generation": 6, "position": 26, "parents": [6], "genome": "a(32,160) a(7,65) r(32,95) d(32) d(39) a(38,58) r(36,79)", "fitness": 12.0}
{"generation": 6, "position": 27, "parents": [57], "genome": "r(38,32) a(39,96) d(6) d(29) d(39) a(5,104) d(32)", "fitness": 0.0}
{"generation": 6, "position": 28, "parents": [40, 57], "genome": "r(38,61) r(39,45) r(31,44) a(6,145) r(6,162) r(32,78) a(5,104) r(36,29)", "fitness": 0.0}
{"generation": 6, "position": 29, "parents": [40, 57], "genome": "r(38,32) a(39,96) d(6) d(29) d(39) d(29) a(35,42)", "fitness": 0.0}
{"generation": 6, "position": 30, "parents": [40], "genome": "r(38,61) r(39,45) r(31,44) a(6,145) r(6,162) r(32,78) d(29) d(36)", "fitness": 0.0}
{"generation": 6, "position": 31, "parents": [57], "genome": "r(38,32) a(39,96) d(6) d(29) d(39) a(5,104) a(36,79)", "fitness": 0.0}
{"generation": 6, "position": 32, "parents": [51, 55], "genome": "r(38,61) r(39,108) a(36,36)", "fitness": 4.0}
{"generation": 6, "position": 33, "parents": [51, 55], "genome": "r(38,32) a(39,96) d(6) r(29,90) a(35,36) r(5,82) d(39) a(38,82) d(31) r(36,76)", "fitness": 0.0}
{"generation": 6, "position": 34, "parents": [51], "genome": "r(38,61) r(5,82) d(39) a(38,82) d(31) d(37)", "fitness": 4.0}
{"generation": 6, "position": 35, "parents": [55], "genome": "r(38,32) a(39,96) d(6) r(29,90) a(35,36) r(39,108) d(32)", "fitness": 0.0}
{"generation": 6, "position": 36, "parents": [3, 62], "genome": "a(39,65) d(35) r(5,82) d(39) a(38,48) r(38,104) r(37,73)", "fitness": 0.0}
{"generation": 6, "position": 37, "parents": [3, 62], "genome": "r(39,78) a(29,78) a(38,162) r(7,90) r(7,90) a(38,154) d(38) d(32)", "fitness": 0.0}
{"generation": 6, "position": 38, "parents": [3], "genome": "a(39,65) d(35) r(5,82) d(39) a(38,154) d(38) r(31,47)", "fitness": 0.0}
{"generation": 6, "position": 39, "parents": [62], "genome": "r(39,78) a(29,78) a(38,162) r(7,90) r(7,90) a(38,48) r(38,104) a(32,163)", "fitness": 0.0}
{"generation": 6, "position": 40, "parents": [50], "genome": "a(39,65) d(35) r(39,45) r(31,44) a(6,145) r(38,90) a(36,39) d(39) d(6) a(36,39) d(32) r(36,83)", "fitness": 0.0}
{"generation": 6, "position": 41, "parents": [20], "genome": "a(39,154) r(29,90) r(39,76) a(5,73) a(32,49)", "fitness": 0.0}
{"generation": 6, "position": 42, "parents": [42], "genome": "a(32,160) d(32) a(38,95) a(39,53) a(39,58) a(39,31)", "fitness": 0.0}
{"generation": 6, "position": 43, "parents": [13], "genome": "a(39,65) d(35) r(5,82) d(39) r(38,5) d(29) d(37)", "fitness": 0.0}
{"generation": 6, "position": 44, "parents": [49, 61], "genome": "a(39,65) d(35) r(5,82) d(39) r(38,5) a(32,90) r(32,61)", "fitness": 0.0}
{"generation": 6, "position": 45, "parents": [49, 61], "genome": "a(39,154) r(29,90) r(39,76) r(38,60) a(32,47)", "fitness": 0.0}
{"generation": 6, "position": 46, "parents": [49], "genome": "a(39,65) d(35) r(5,82) d(39) r(38,5) a(32,90) a(32,58)", "fitness": 0.0}
{"generation": 6, "position": 47, "parents": [61], "genome": "a(39,154) r(29,90) r(39,76) r(38,60) r(5,124)", "fitness": 12.0}
{"generation": 6, "position": 48, "parents": [6, 52], "genome": "a(32,160) a(7,65) r(32,95) d(32) d(39) r(5,82) d(39) a(38,82) a(38,38) a(38,44)", "fitness": 0.0}
{"generation": 6, "position": 49, "parents": [6, 52], "genome": "a(39,65) d(35) a(38,58) r(39,42)", "fitness": 0.0}
{"generation": 6, "position": 50, "parents": [6], "genome": "a(32,160) a(7,65) r(32,95) d(32) d(39) a(38,58) a(38,41)", "fitness": 0.0}
{"generation": 6, "position": 51, "parents": [52], "genome": "a(39,65) d(35) r(5,82) d(39) a(38,82) a(38,38) a(32,39)", "fitness": 0.0}
{"generation": 6, "position": 52, "parents": [40, 44], "genome": "r(38,61) r(39,45) r(31,44) a(6,145) r(38,45) r(36,73) r(32,50) d(7) r(5,40)", "fitness": 0.0}
{"generation": 6, "position": 53, "parents": [40, 44], "genome": "a(39,154) d(29) r(6,162) r(32,78) d(29) r(38,108)", "fitness": 0.0}
{"generation": 6, "position": 54, "parents": [40], "genome": "r(38,61) r(39,45) r(31,44) a(6,145) r(6,162) r(32,78) d(29) d(36)", "fitness": 0.0}
{"generation": 6, "position": 55, "parents": [44], "genome": "a(39,154) d(29) r(38,45) r(36,73) r(32,50) d(7) r(39,101)", "fitness": 0.0}
{"generation": 6, "position": 56, "parents": [16], "genome": "r(39,78) a(29,78) a(38,162) a(32,44) r(38,73) a(35,154)", "fitness": 0.0}
{"generation": 6, "position": 57, "parents": [16], "genome": "r(39,78) a(29,78) a(38,162) a(32,44) r(38,73) d(36)", "fitness": 0.0}
{"generation": 6, "position": 58, "parents": [35, 57], "genome": "r(38,32) a(39,96) d(6) a(5,104) a(31,37)", "fitness": 0.0}
{"generation": 6, "position": 59, "parents": [35, 57], "genome": "r(38,32) a(39,96) d(6) d(29) d(39) a(39,80) a(39,93) r(32,95) a(39,48) d(39) r(31,80) r(5,163)", "fitness": 12.0}
{"generation": 6, "position": 60, "parents": [35], "genome": "r(38,32) a(39,96) d(6) a(39,80) a(39,93) r(32,95) a(39,48) d(39) r(31,80) a(37,29)", "fitness": 0.0}
{"generation": 6, "position": 61, "parents": [57], "genome": "r(38,32) a(39,96) d(6) d(29) d(39) a(5,104) d(32)", "fitness": 0.0}
{"generation": 6, "position": 62, "parents": [6], "genome": "a(32,160) a(7,65) r(32,95) d(32) d(39) a(38,58) a(38,36)", "fitness": 0.0}
{"generation": 7, "position": 0, "parents": [13], "genome": "r(39,78) a(29,78) d(32) d(38)", "fitness": 0.0}
{"generation": 7, "position": 1, "parents": [51], "genome": "a(39,65) d(35) r(5,82) d(39) a(38,82) a(38,38) a(32,39) d(31)", "fitness": 0.0}
{"generation": 7, "position": 2, "parents": [41, 58], "genome": "a(39,154) d(6) a(5,104) a(31,37) d(38)", "fitness": 0.0}
{"generation": 7, "position": 3, "parents": [41, 58], "genome": "r(38,32) a(39,96) r(29,90) r(39,76) a(5,73) a(32,49) r(5,104)", "fitness": 0.0}
{"generation": 7, "position": 4, "parents": [41], "genome": "a(39,154) r(29,90) r(39,76) a(5,73) a(32,49) r(37,76)", "fitness": 0.0}
{"generation": 7, "position": 5, "parents": [58], "genome": "r(38,32) a(39,96) d(6) a(5,104) a(31,37) a(31,93)", "fitness": 0.0}
{"generation": 7, "position": 6, "parents": [34, 60], "genome": "r(38,61) r(5,82) d(39) a(37,29) r(37,58)", "fitness": 4.0}
{"generation": 7, "position": 7, "parents": [34, 60], "genome": "r(38,32) a(39,96) d(6) a(39,80) a(39,93) r(32,95) a(39,48) d(39) r(31,80) a(38,82) d(31) d(37) r(5,65)", "fitness": 0.0}
{"generation": 7, "position": 8, "parents": [34], "genome": "r(38,61) r(5,82) d(39) a(38,82) d(31) d(37) a(36,154)", "fitness": 4.0}
{"generation": 7, "position": 9, "parents": [60], "genome": "r(38,32) a(39,96) d(6) a(39,80) a(39,93) r(32,95) a(39,48) d(39) r(31,80) a(37,29) d(29)", "fitness": 0.0}
{"generation": 7, "position": 10, "parents": [48], "genome": "a(32,160) a(7,65) r(32,95) d(32) d(39) r(5,82) d(39) a(38,82) a(38,38) a(38,44) a(29,42)", "fitness": 0.0}
{"generation": 7, "position": 11, "parents": [43], "genome": "a(39,65) d(35) r(5,82) d(39) r(38,5) d(29) d(37) a(36,163)", "fitness": 12.0}
{"generation": 7, "position": 12, "parents": [18, 52], "genome": "a(39,65) d(39) d(37) a(6,145) r(38,45) r(36,73) r(32,50) d(7) r(5,40) r(29,61)", "fitness": 0.0}
{"generation": 7, "position": 13, "parents": [18, 52], "genome": "r(38,61) r(39,45) r(31,44) a(5,73) d(7) r(32,73)", "fitness": 0.0}
{"generation": 7, "position": 14, "parents": [18], "genome": "a(39,65) d(39) d(37) a(5,73) d(7) r(6,36)", "fitness": 0.0}
{"generation": 7, "position": 15, "parents": [52], "genome": "r(38,61) r(39,45) r(31,44) a(6,145) r(38,45) r(36,73) r(32,50) d(7) r(5,40) a(29,125)", "fitness": 0.0}
{"generation": 7, "position": 16, "parents": [37, 46], "genome": "r(39,78) a(29,78) a(38,162) r(7,90) r(7,90) r(38,5) a(32,90) a(32,58) a(37,37)", "fitness": 0.0}
{"generation": 7, "position": 17, "parents": [37, 46], "genome": "a(39,65) d(35) r(5,82) d(39) a(38,154) d(38) d(32) r(36,46)", "fitness": 0.0}
{"generation": 7, "position": 18, "parents": [37], "genome": "r(39,78) a(29,78) a(38,162) r(7,90) r(7,90) a(38,154) d(38) d(32) a(31,39)", "fitness": 0.0}
{"generation": 7, "position": 19, "parents": [46], "genome": "a(39,65) d(35) r(5,82) d(39) r(38,5) a(32,90) a(32,58) a(32,74)", "fitness": 0.0}
{"generation": 7, "position": 20, "parents": [49, 17], "genome": "a(39,65) d(35) a(36,39) d(37) a(5,73) a(35,40) r(5,104)", "fitness": 0.0}
{"generation": 7, "position": 21, "parents": [49, 17], "genome": "r(38,61) a(38,58) r(39,42) a(35,74)", "fitness": 0.0}
{"generation": 7, "position": 22, "parents": [49], "genome": "a(39,65) d(35) a(38,58) r(39,42) a(38,79)", "fitness": 0.0}
{"generation": 7, "position": 23, "parents": [17], "genome": "r(38,61) a(36,39) d(37) a(5,73) a(35,40) a(32,133)", "fitness": 0.0}
{"generation": 7, "position": 24, "parents": [42, 1], "genome": "a(32,160) d(32) a(38,95) r(39,45) r(31,44) a(5,72) a(39,145) r(7,90) a(39,60) d(32) r(38,66)", "fitness": 0.0}
{"generation": 7, "position": 25, "parents": [42, 1], "genome": "r(38,61) a(39,53) a(39,58) a(39,31) a(5,93)", "fitness": 4.0}
{"generation": 7, "position": 26, "parents": [42], "genome": "a(32,160) d(32) a(38,95) a(39,53) a(39,58) a(39,31) r(38,91)", "fitness": 0.0}
{"generation": 7, "position": 27, "parents": [1], "genome": "r(38,61) r(39,45) r(31,44) a(5,72) a(39,145) r(7,90) a(39,60) d(32) a(29,41)", "fitness": 0.0}
{"generation": 7, "position": 28, "parents": [48], "genome": "a(32,160) a(7,65) r(32,95) d(32) d(39) r(5,82) d(39) a(38,82) a(38,38) a(38,44) a(36,90)", "fitness": 0.0}
{"generation": 7, "position": 29, "parents": [51], "genome": "a(39,65) d(35) r(5,82) d(39) a(38,82) a(38,38) a(32,39) a(38,160)", "fitness": 0.0}
{"generation": 7, "position": 30, "parents": [19], "genome": "r(38,61) a(36,39) a(5,72) a(39,145) r(7,90) a(39,60) r(39,124) a(36,80)", "fitness": 0.0}
{"generation": 7, "position": 31, "parents": [27], "genome": "r(38,32) a(39,96) d(6) d(29) d(39) a(5,104) d(32) d(5)", "fitness": 0.0}
{"generation": 7, "position": 32, "parents": [15, 20], "genome": "r(39,78) d(39) r(5,31) r(38,104)", "fitness": 4.0}
{"generation": 7, "position": 33, "parents": [15, 20], "genome": "r(38,66) a(36,39) r(38,74) a(39,128) r(29,38) a(29,78) a(38,162) a(32,44) r(38,73) d(37) r(35,125)", "fitness": 0.0}
{"generation": 7, "position": 34, "parents": [15], "genome": "r(39,78) a(29,78) a(38,162) a(32,44) r(38,73) d(37) r(7,32)", "fitness": 12.0}
{"generation": 7, "position": 35, "parents": [20], "genome": "r(38,66) a(36,39) r(38,74) a(39,128) r(29,38) d(39) r(5,31) d(32)", "fitness": 0.0}
{"generation": 7, "position": 36, "parents": [57, 6], "genome": "r(39,78) a(29,78) a(38,162) a(32,44) r(38,73) d(6) r(37,104)", "fitness": 0.0}
{"generation": 7, "position": 37, "parents": [57, 6], "genome": "a(39,154) d(29) r(38,45) r(36,73) r(32,50) d(7) d(36) a(39,125)", "fitness": 0.0}
{"generation": 7, "position": 38, "parents": [57], "genome": "r(39,78) a(29,78) a(38,162) a(32,44) r(38,73) d(36) d(5)", "fitness": 0.0}
{"generation": 7, "position": 39, "parents": [6], "genome": "a(39,154) d(29) r(38,45) r(36,73) r(32,50) d(7) d(6) a(39,66)", "fitness": 0.0}
{"generation": 7, "position": 40, "parents": [23], "genome": "a(39,65) d(35) r(5,82) d(39) a(38,154) d(38) d(37) a(32,41)", "fitness": 0.0}
{"generation": 7, "position": 41, "parents": [10], "genome": "r(38,145) d(39) d(29) r(38,45) r(7,60) a(29,78) a(38,162) r(7,90) r(32,154) d(5) a(36,41) a(36,31)", "fitness": 0.0}
{"generation": 7, "position": 42, "parents": [40], "genome": "a(39,65) d(35) r(39,45) r(31,44) a(6,145) r(38,90) a(36,39) d(39) d(6) a(36,39) d(32) r(36,83) a(37,74)", "fitness": 0.0}
{"generation": 7, "position": 43, "parents": [40], "genome": "a(39,65) d(35) r(39,45) r(31,44) a(6,145) r(38,90) a(36,39) d(39) d(6) a(36,39) d(32) r(36,83) r(29,32)", "fitness": 0.0}
{"generation": 7, "position": 44, "parents": [41], "genome": "a(39,154) r(29,90) r(39,76) a(5,73) a(32,49) r(36,145)", "fitness": 0.0}
{"generation": 7, "position": 45, "parents": [52], "genome": "r(38,61) r(39,45) r(31,44) a(6,145) r(38,45) r(36,73) r(32,50) d(7) r(5,40) a(37,41)", "fitness": 0.0}
{"generation": 7, "position": 46, "parents": [60, 62], "genome": "r(38,32) a(39,96) a(38,36) d(39)", "fitness": 12.0}
{"generation": 7, "position": 47, "parents": [60, 62], "genome": "a(32,160) a(7,65) r(32,95) d(32) d(39) a(38,58) d(6) a(39,80) a(39,93) r(32,95) a(39,48) d(39) r(31,80) a(37,29) a(38,41)", "fitness": 0.0}
{"generation": 7, "position": 48, "parents": [60], "genome": "r(38,32) a(39,96) d(6) a(39,80) a(39,93) r(32,95) a(39,48) d(39) r(31,80) a(37,29) a(5,73)", "fitness": 0.0}
{"generation": 7, "position": 49, "parents": [62], "genome": "a(32,160) a(7,65) r(32,95) d(32) d(39) a(38,58) a(38,36) d(37)", "fitness": 0.0}
{"generation": 7, "position": 50, "parents": [1], "genome": "r(38,61) r(39,45) r(31,44) a(5,72) a(39,145) r(7,90) a(39,60) d(32) a(5,36)", "fitness": 0.0}
{"generation": 7, "position": 51, "parents": [2], "genome": "r(38,61) a(36,39) a(5,72) a(39,145) r(7,90) a(39,60) d(31) a(35,163)", "fitness": 0.0}
{"generation": 7, "position": 52, "parents": [37, 38], "genome": "r(39,78) a(29,78) d(38)", "fitness": 0.0}
{"generation": 7, "position": 53, "parents": [37, 38], "genome": "a(39,65) d(35) r(5,82) d(39) a(38,154) d(38) r(31,47) a(38,162) r(7,90) r(7,90) a(38,154) d(38) d(32) d(29)", "fitness": 0.0}
{"generation": 7, "position": 54, "parents": [37], "genome": "r(39,78) a(29,78) a(38,162) r(7,90) r(7,90) a(38,154) d(38) d(32) r(6,73)", "fitness": 0.0}
{"generation": 7, "position": 55, "parents": [38], "genome": "a(39,65) d(35) r(5,82) d(39) a(38,154) d(38) r(31,47) d(32)", "fitness": 0.0}
{"generation": 7, "position": 56, "parents": [20], "genome": "r(38,66) a(36,39) r(38,74) a(39,128) r(29,38) d(39) r(5,31) d(37)", "fitness": 0.0}
{"generation": 7, "position": 57, "parents": [52], "genome": "r(38,61) r(39,45) r(31,44) a(6,145) r(38,45) r(36,73) r(32,50) d(7) r(5,40) d(29)", "fitness": 0.0}
{"generation": 7, "position": 58, "parents": [18, 54], "genome": "a(39,65) d(29) d(36) d(39)", "fitness": 0.0}
{"generation": 7, "position": 59, "parents": [18, 54], "genome": "r(38,61) r(39,45) r(31,44) a(6,145) r(6,162) r(32,78) d(39) d(37) a(5,73) d(7) r(29,42)", "fitness": 0.0}
{"generation": 7, "position": 60, "parents": [18], "genome": "a(39,65) d(39) d(37) a(5,73) d(7) a(31,44)", "fitness": 0.0}
{"generation": 8, "position": 0, "parents": [17], "genome": "a(39,65) d(35) r(5,82) d(39) a(38,154) d(38) d(32) r(36,46) d(37)", "fitness": 0.0}
{"generation": 8, "position": 1, "parents": [22], "genome": "a(39,65) d(35) a(38,58) r(39,42) a(38,79) r(38,78)", "fitness": 0.0}
{"generation": 8, "position": 2, "parents": [59, 56], "genome": "r(38,61) a(39,128) r(29,38) d(39) r(5,31) d(37) d(35)", "fitness": 0.0}
{"generation": 8, "position": 3, "parents": [59, 56], "genome": "r(38,66) a(36,39) r(38,74) r(39,45) r(31,44) a(6,145) r(6,162) r(32,78) d(39) d(37) a(5,73) d(7) r(29,42) a(5,46)", "fitness": 0.0}
{"generation": 8, "position": 4, "parents": [59], "genome": "r(38,61) r(39,45) r(31,44) a(6,145) r(6,162) r(32,78) d(39) d(37) a(5,73) d(7) r(29,42) a(36,66)", "fitness": 0.0}
{"generation": 8, "position": 5, "parents": [56], "genome": "r(38,66) a(36,39) r(38,74) a(39,128) r(29,38) d(39) r(5,31) d(37) d(35)", "fitness": 0.0}
{"generation": 8, "position": 6, "parents": [30, 42], "genome": "r(38,61) a(36,39) a(6,145) r(38,90) a(36,39) d(39) d(6) a(36,39) d(32) r(36,83) a(37,74) a(31,104)", "fitness": 0.0}
{"generation": 8, "position": 7, "parents": [30, 42], "genome": "a(39,65) d(35) r(39,45) r(31,44) a(5,72) a(39,145) r(7,90) a(39,60) r(39,124) a(36,80) r(6,93)", "fitness": 0.0}
{"generation": 8, "position": 8, "parents": [30], "genome": "r(38,61) a(36,39) a(5,72) a(39,145) r(7,90) a(39,60) r(39,124) a(36,80) a(37,45)", "fitness": 0.0}
{"generation": 8, "position": 9, "parents": [42], "genome": "a(39,65) d(35) r(39,45) r(31,44) a(6,145) r(38,90) a(36,39) d(39) d(6) a(36,39) d(32) r(36,83) a(37,74) a(37,29)", "fitness": 0.0}
{"generation": 8, "position": 10, "parents": [4, 57], "genome": "a(39,154) r(29,90) r(39,76) a(5,73) a(32,49) r(37,76) d(29) r(32,60)", "fitness": 0.0}
{"generation": 8, "position": 11, "parents": [4, 57], "genome": "r(38,61) r(39,45) r(31,44) a(6,145) r(38,45) r(36,73) r(32,50) d(7) r(5,40) a(37,83)", "fitness": 0.0}
{"generation": 8, "position": 12, "parents": [4], "genome": "a(39,154) r(29,90) r(39,76) a(5,73) a(32,49) r(37,76) a(7,78)", "fitness": 0.0}
{"generation": 8, "position": 13, "parents": [57], "genome": "r(38,61) r(39,45) r(31,44) a(6,145) r(38,45) r(36,73) r(32,50) d(7) r(5,40) d(29) d(37)", "fitness": 0.0}
{"generation": 8, "position": 14, "parents": [43], "genome": "a(39,65) d(35) r(39,45) r(31,44) a(6,145) r(38,90) a(36,39) d(39) d(6) a(36,39) d(32) r(36,83) r(29,32) a(5,36)", "fitness": 0.0}
{"generation": 8, "position": 15, "parents": [51], "genome": "r(38,61) a(36,39) a(5,72) a(39,145) r(7,90) a(39,60) d(31) a(35,163) a(39,76)", "fitness": 0.0}
{"generation": 8, "position": 16, "parents": [53], "genome": "a(39,65) d(35) r(5,82) d(39) a(38,154) d(38) r(31,47) a(38,162) r(7,90) r(7,90) a(38,154) d(38) d(32) d(29) r(37,90)", "fitness": 0.0}
{"generation": 8, "position": 17, "parents": [24], "genome": "a(32,160) d(32) a(38,95) r(39,45) r(31,44) a(5,72) a(39,145) r(7,90) a(39,60) d(32) r(38,66) a(5,47)", "fitness": 0.0}
{"generation": 8, "position": 18, "parents": [1, 3], "genome": "a(39,65) d(35) r(5,82) d(39) a(38,82) a(38,38) a(32,49) r(5,104) r(36,65)", "fitness": 0.0}
{"generation": 8, "position": 19, "parents": [1, 3], "genome": "r(38,32) a(39,96) r(29,90) r(39,76) a(5,73) a(32,39) d(31) a(35,65)", "fitness": 0.0}
{"generation": 8, "position": 20, "parents": [1], "genome": "a(39,65) d(35) r(5,82) d(39) a(38,82) a(38,38) a(32,39) d(31) r(29,162)", "fitness": 0.0}
{"generation": 8, "position": 21, "parents": [3], "genome": "r(38,32) a(39,96) r(29,90) r(39,76) a(5,73) a(32,49) r(5,104) r(32,163)", "fitness": 0.0}
{"generation": 8, "position": 22, "parents": [26, 31], "genome": "a(32,160) d(32) a(38,95) a(39,53) a(39,58) a(39,31) r(38,91) d(29) d(39) a(5,104) d(32) d(5) r(37,95)", "fitness": 0.0}
{"generation": 8, "position": 23, "parents": [26, 31], "genome": "r(38,32) a(39,96) d(6) d(39)", "fitness": 0.0}
{"generation": 8, "position": 24, "parents": [26], "genome": "a(32,160) d(32) a(38,95) a(39,53) a(39,58) a(39,31) r(38,91) r(39,125)", "fitness": 0.0}
{"generation": 8, "position": 25, "parents": [31], "genome": "r(38,32) a(39,96) d(6) d(29) d(39) a(5,104) d(32) d(5) d(37)", "fitness": 0.0}
{"generation": 8, "position": 26, "parents": [44], "genome": "a(39,154) r(29,90) r(39,76) a(5,73) a(32,49) r(36,145) a(38,104)", "fitness": 0.0}
{"generation": 8, "position": 27, "parents": [60], "genome": "a(39,65) d(39) d(37) a(5,73) d(7) a(31,44) r(6,96)", "fitness": 0.0}
{"generation": 8, "position": 28, "parents": [43], "genome": "a(39,65) d(35) r(39,45) r(31,44) a(6,145) r(38,90) a(36,39) d(39) d(6) a(36,39) d(32) r(36,83) r(29,32) d(37)", "fitness": 0.0}
{"generation": 8, "position": 29, "parents": [17], "genome": "a(39,65) d(35) r(5,82) d(39) a(38,154) d(38) d(32) r(36,46) d(37)", "fitness": 0.0}
{"generation": 8, "position": 30, "parents": [56, 52], "genome": "r(38,66) d(31)", "fitness": 4.0}
{"generation": 8, "position": 31, "parents": [56, 52], "genome": "r(39,78) a(29,78) d(38) a(36,39) r(38,74) a(39,128) r(29,38) d(39) r(5,31) d(37) d(35)", "fitness": 0.0}
{"generation": 8, "position": 32, "parents": [56], "genome": "r(38,66) a(36,39) r(38,74) a(39,128) r(29,38) d(39) r(5,31) d(37) a(32,160)", "fitness": 0.0}
{"generation": 8, "position": 33, "parents": [52], "genome": "r(39,78) a(29,78) d(38) d(31)", "fitness": 0.0}
{"generation": 8, "position": 34, "parents": [53, 16], "genome": "a(39,65) d(35) r(5,82) d(39) a(38,154) d(38) r(31,47) a(38,162) r(7,90) a(32,90) a(32,58) a(37,37) a(36,49)", "fitness": 0.0}
{"generation": 8, "position": 35, "parents": [53, 16], "genome": "r(39,78) a(29,78) a(38,162) r(7,90) r(7,90) r(38,5) r(7,90) a(38,154) d(38) d(32) d(29) a(6,75)", "fitness": 0.0}
{"generation": 8, "position": 36, "parents": [53], "genome": "a(39,65) d(35) r(5,82) d(39) a(38,154) d(38) r(31,47) a(38,162) r(7,90) r(7,90) a(38,154) d(38) d(32) d(29) r(37,154)", "fitness": 0.0}
{"generation": 8, "position": 37, "parents": [16], "genome": "r(39,78) a(29,78) a(38,162) r(7,90) r(7,90) r(38,5) a(32,90) a(32,58) a(37,37) a(31,42)", "fitness": 0.0}
{"generation": 8, "position": 38, "parents": [39, 24], "genome": "a(39,154) r(31,44) a(5,72) a(39,145) r(7,90) a(39,60) d(32) r(38,66) a(39,72)", "fitness": 0.0}
{"generation": 8, "position": 39, "parents": [39, 24], "genome": "a(32,160) d(32) a(38,95) r(39,45) d(29) r(38,45) r(36,73) r(32,50) d(7) d(6) a(39,66) a(5,101)", "fitness": 0.0}
{"generation": 8, "position": 40, "parents": [39], "genome": "a(39,154) d(29) r(38,45) r(36,73) r(32,50) d(7) d(6) a(39,66) d(39)", "fitness": 0.0}
{"generation": 8, "position": 41, "parents": [24], "genome": "a(32,160) d(32) a(38,95) r(39,45) r(31,44) a(5,72) a(39,145) r(7,90) a(39,60) d(32) r(38,66) r(37,160)", "fitness": 0.0}
{"generation": 8, "position": 42, "parents": [45], "genome": "r(38,61) r(39,45) r(31,44) a(6,145) r(38,45) r(36,73) r(32,50) d(7) r(5,40) a(37,41) r(29,50)", "fitness": 0.0}
{"generation": 8, "position": 43, "parents": [53], "genome": "a(39,65) d(35) r(5,82) d(39) a(38,154) d(38) r(31,47) a(38,162) r(7,90) r(7,90) a(38,154) d(38) d(32) d(29) d(37)", "fitness": 0.0}
{"generation": 8, "position": 44, "parents": [3, 12], "genome": "r(38,32) a(39,96) r(36,73) r(32,50) d(7) r(5,40) r(29,61) a(39,145)", "fitness": 0.0}
{"generation": 8, "position": 45, "parents": [3, 12], "genome": "a(39,65) d(39) d(37) a(6,145) r(38,45) r(29,90) r(39,76) a(5,73) a(32,49) r(5,104) r(36,91)", "fitness": 0.0}
{"generation": 8, "position": 46, "parents": [3], "genome": "r(38,32) a(39,96) r(29,90) r(39,76) a(5,73) a(32,49) r(5,104) a(32,83)", "fitness": 0.0}
{"generation": 8, "position": 47, "parents": [12], "genome": "a(39,65) d(39) d(37) a(6,145) r(38,45) r(36,73) r(32,50) d(7) r(5,40) r(29,61)", "fitness": 0.0}
{"generation": 8, "position": 48, "parents": [36], "genome": "r(39,78) a(29,78) a(38,162) a(32,44) r(38,73) d(6) r(37,104) r(29,53)", "fitness": 0.0}
{"generation": 8, "position": 49, "parents": [17], "genome": "a(39,65) d(35) r(5,82) d(39) a(38,154) d(38) d(32) r(36,46) a(31,29)", "fitness": 0.0}
{"generation": 8, "position": 50, "parents": [15, 42], "genome": "r(38,61) r(39,45) r(31,44) a(6,145) r(38,45) r(31,44) a(6,145) r(38,90) a(36,39) d(39) d(6) a(36,39) d(32) r(36,83) a(37,74) d(5)", "fitness": 0.0}
{"generation": 8, "position": 51, "parents": [15, 42], "genome": "a(39,65) d(35) r(39,45) r(36,73) r(32,50) d(7) r(5,40) a(29,125) d(38)", "fitness": 0.0}
{"generation": 8, "position": 52, "parents": [15], "genome": "r(38,61) r(39,45) r(31,44) a(6,145) r(38,45) r(36,73) r(32,50) d(7) r(5,40) a(29,125) a(37,104)", "fitness": 0.0}
{"generation": 8, "position": 53, "parents": [42], "genome": "a(39,65) d(35) r(39,45) r(31,44) a(6,145) r(38,90) a(36,39) d(39) d(6) a(36,39) d(32) r(36,83) a(37,74) a(37,47)", "fitness": 0.0}
{"generation": 8, "position": 54, "parents": [1, 19], "genome": "a(39,65) d(35) r(5,82) d(39) a(38,82) a(38,38) a(32,39) d(31) a(32,58) a(32,74) d(38)", "fitness": 0.0}
{"generation": 8, "position": 55, "parents": [1, 19], "genome": "a(39,65) d(35) r(5,82) d(39) r(38,5) a(32,90) r(31,46)", "fitness": 0.0}
{"generation": 8, "position": 56, "parents": [1], "genome": "a(39,65) d(35) r(5,82) d(39) a(38,82) a(38,38) a(32,39) d(31) d(38)", "fitness": 0.0}
{"generation": 8, "position": 57, "parents": [19], "genome": "a(39,65) d(35) r(5,82) d(39) r(38,5) a(32,90) a(32,58) a(32,74) d(31)", "fitness": 0.0}
{"generation": 8, "position": 58, "parents": [47], "genome": "a(32,160) a(7,65) r(32,95) d(32) d(39) a(38,58) d(6) a(39,80) a(39,93) r(32,95) a(39,48) d(39) r(31,80) a(37,29) a(38,41) r(38,104)", "fitness": 0.0}
{"generation": 8, "position": 59, "parents": [8], "genome": "r(38,61) r(5,82) d(39) a(38,82) d(31) d(37) a(36,154) d(36)", "fitness": 0.0}
{"generation": 8, "position": 60, "parents": [24, 41], "genome": "a(32,160) d(32) d(39) d(29) r(38,45) r(7,60) a(29,78) a(38,162) r(7,90) r(32,154) d(5) a(36,41) a(36,31) d(36)", "fitness": 0.0}
{"generation": 8, "position": 61, "parents": [24, 41], "genome": "r(38,145) a(38,95) r(39,45) r(31,44) a(5,72) a(39,145) r(7,90) a(39,60) d(32) r(38,66) r(36,47)", "fitness": 0.0}
{"generation": 8, "position": 62, "parents": [24], "genome": "a(32,160) d(32) a(38,95) r(39,45) r(31,44) a(5,72) a(39,145) r(7,90) a(39,60) d(32) r(38,66) d(37)", "fitness": 0.0}
{"generation": 9, "position": 0, "parents": [28], "genome": "a(39,65) d(35) r(39,45) r(31,44) a(6,145) r(38,90) a(36,39) d(39) d(6) a(36,39) d(32) r(36,83) r(29,32) d(37) d(5)", "fitness": 0.0}
{"generation": 9, "position": 1, "parents": [22], "genome": "a(32,160) d(32) a(38,95) a(39,53) a(39,58) a(39,31) r(38,91) d(29) d(39) a(5,104) d(32) d(5) r(37,95) a(36,49)", "fitness": 0.0}
{"generation": 9, "position": 2, "parents": [8, 16], "genome": "r(38,61) a(36,39) a(5,72) a(39,145) r(7,90) a(39,60) r(39,124) a(36,80) r(37,90) r(31,32)", "fitness": 0.0}
{"generation": 9, "position": 3, "parents": [8, 16], "genome": "a(39,65) d(35) r(5,82) d(39) a(38,154) d(38) r(31,47) a(38,162) r(7,90) r(7,90) a(38,154) d(38) d(32) d(29) a(37,45) d(36)", "fitness": 0.0}
{"generation": 9, "position": 4, "parents": [8], "genome": "r(38,61) a(36,39) a(5,72) a(39,145) r(7,90) a(39,60) r(39,124) a(36,80) a(37,45) r(32,72)", "fitness": 0.0}
{"generation": 9, "position": 5, "parents": [16], "genome": "a(39,65) d(35) r(5,82) d(39) a(38,154) d(38) r(31,47) a(38,162) r(7,90) r(7,90) a(38,154) d(38) d(32) d(29) r(37,90) d(36)", "fitness": 0.0}
{"generation": 9, "position": 6, "parents": [31, 46], "genome": "r(39,78) r(29,90) r(39,76) a(5,73) a(32,49) r(5,104) a(32,83) r(38,65)", "fitness": 0.0}
{"generation": 9, "position": 7, "parents": [31, 46], "genome": "r(38,32) a(39,96) a(29,78) d(38) a(36,39) r(38,74) a(39,128) r(29,38) d(39) r(5,31) d(37) d(35) a(36,96)", "fitness": 0.0}
{"generation": 9, "position": 8, "parents": [31], "genome": "r(39,78) a(29,78) d(38) a(36,39) r(38,74) a(39,128) r(29,38) d(39) r(5,31) d(37) d(35) a(36,42)", "fitness": 0.0}
{"generation": 9, "position": 9, "parents": [46], "genome": "r(38,32) a(39,96) r(29,90) r(39,76) a(5,73) a(32,49) r(5,104) a(32,83) r(32,43)", "fitness": 0.0}
{"generation": 9, "position": 10, "parents": [23], "genome": "r(38,32) a(39,96) d(6) d(39) d(37)", "fitness": 0.0}
{"generation": 9, "position": 11, "parents": [22], "genome": "a(32,160) d(32) a(38,95) a(39,53) a(39,58) a(39,31) r(38,91) d(29) d(39) a(5,104) d(32) d(5) r(37,95) d(36)", "fitness": 0.0}
{"generation": 9, "position": 12, "parents": [40], "genome": "a(39,154) d(29) r(38,45) r(36,73) r(32,50) d(7) d(6) a(39,66) d(39) r(5,90)", "fitness": 0.0}
{"generation": 9, "position": 13, "parents": [32], "genome": "r(38,66) a(36,39) r(38,74) a(39,128) r(29,38) d(39) r(5,31) d(37) a(32,160) a(36,31)", "fitness": 0.0}
{"generation": 9, "position": 14, "parents": [39, 38], "genome": "a(32,160) d(32) a(39,72) a(39,101)", "fitness": 0.0}
{"generation": 9, "position": 15, "parents": [39, 38], "genome": "a(39,154) r(31,44) a(5,72) a(39,145) r(7,90) a(39,60) d(32) r(38,66) a(38,95) r(39,45) d(29) r(38,45) r(36,73) r(32,50) d(7) d(6) a(39,66) a(5,101) r(5,42)", "fitness": 12.0}
{"generation": 9, "position": 16, "parents": [39], "genome": "a(32,160) d(32) a(38,95) r(39,45) d(29) r(38,45) r(36,73) r(32,50) d(7) d(6) a(39,66) a(5,101) d(5)", "fitness": 12.0}
{"generation": 9, "position": 17, "parents": [38], "genome": "a(39,154) r(31,44) a(5,72) a(39,145) r(7,90) a(39,60) d(32) r(38,66) a(39,72) r(39,61)", "fitness": 0.0}
{"generation": 9, "position": 18, "parents": [53, 27], "genome": "a(39,65) d(35) r(39,45) r(31,44) a(6,145) a(31,44) r(6,96) d(38)", "fitness": 0.0}
{"generation": 9, "position": 19, "parents": [53, 27], "genome": "a(39,65) d(39) d(37) a(5,73) d(7) r(38,90) a(36,39) d(39) d(6) a(36,39) d(32) r(36,83) a(37,74) a(37,47) a(5,45)", "fitness": 0.0}
{"generation": 9, "position": 20, "parents": [53], "genome": "a(39,65) d(35) r(39,45) r(31,44) a(6,145) r(38,90) a(36,39) d(39) d(6) a(36,39) d(32) r(36,83) a(37,74) a(37,47) a(29,83)", "fitness": 0.0}
{"generation": 9, "position": 21, "parents": [27], "genome": "a(39,65) d(39) d(37) a(5,73) d(7) a(31,44) r(6,96) d(31)", "fitness": 0.0}
{"generation": 9, "position": 22, "parents": [34], "genome": "a(39,65) d(35) r(5,82) d(39) a(38,154) d(38) r(31,47) a(38,162) r(7,90) a(32,90) a(32,58) a(37,37) a(36,49) r(37,42)", "fitness": 0.0}
{"generation": 9, "position": 23, "parents": [27], "genome": "a(39,65) d(39) d(37) a(5,73) d(7) a(31,44) r(6,96) a(29,45)", "fitness": 0.0}
{"generation": 9, "position": 24, "parents": [54], "genome": "a(39,65) d(35) r(5,82) d(39) a(38,82) a(38,38) a(32,39) d(31) a(32,58) a(32,74) d(38) r(32,43)", "fitness": 0.0}
{"generation": 9, "position": 25, "parents": [4], "genome": "r(38,61) r(39,45) r(31,44) a(6,145) r(6,162) r(32,78) d(39) d(37) a(5,73) d(7) r(29,42) a(36,66) a(5,65)", "fitness": 0.0}
{"generation": 9, "position": 26, "parents": [18, 46], "genome": "a(39,65) d(35) r(5,82) d(39) a(38,82) a(38,38) a(32,49) r(5,104) r(36,65) a(39,96) r(29,90) r(39,76) a(5,73) a(32,49) r(5,104) a(32,83) r(38,65)", "fitness": 0.0}
{"generation": 9, "position": 27, "parents": [18, 46], "genome": "r(38,32) r(39,48)", "fitness": 4.0}
{"generation": 9, "position": 28, "parents": [18], "genome": "a(39,65) d(35) r(5,82) d(39) a(38,82) a(38,38) a(32,49) r(5,104) r(36,65) a(38,37)", "fitness": 0.0}
{"generation": 9, "position": 29, "parents": [46], "genome": "r(38,32) a(39,96) r(29,90) r(39,76) a(5,73) a(32,49) r(5,104) a(32,83) d(37)", "fitness": 0.0}
{"generation": 9, "position": 30, "parents": [54, 25], "genome": "a(39,65) d(35) r(5,82) d(39) a(38,82) a(38,38) a(32,39) d(31) a(32,58) d(32) d(5) d(37) a(29,48)", "fitness": 0.0}
{"generation": 9, "position": 31, "parents": [54, 25], "genome": "r(38,32) a(39,96) d(6) d(29) d(39) a(5,104) a(32,74) d(38) d(37)", "fitness": 0.0}
{"generation": 9, "position": 32, "parents": [54], "genome": "a(39,65) d(35) r(5,82) d(39) a(38,82) a(38,38) a(32,39) d(31) a(32,58) a(32,74) d(38) d(36)", "fitness": 0.0}
{"generation": 9, "position": 33, "parents": [25], "genome": "r(38,32) a(39,96) d(6) d(29) d(39) a(5,104) d(32) d(5) d(37) a(36,74)", "fitness": 0.0}
{"generation": 9, "position": 34, "parents": [39], "genome": "a(32,160) d(32) a(38,95) r(39,45) d(29) r(38,45) r(36,73) r(32,50) d(7) d(6) a(39,66) a(5,101) d(5)", "fitness": 12.0}
{"generation": 9, "position": 35, "parents": [10], "genome": "a(39,154) r(29,90) r(39,76) a(5,73) a(32,49) r(37,76) d(29) r(32,60) d(6)", "fitness": 0.0}
{"generation": 9, "position": 36, "parents": [42, 57], "genome": "r(38,61) r(39,45) r(31,44) a(6,145) r(38,45) r(36,73) r(32,50) d(7) r(5,40) a(37,41) a(32,90) a(32,58) a(32,74) d(31) r(29,160)", "fitness": 0.0}
{"generation": 9, "position": 37, "parents": [42, 57], "genome": "a(39,65) d(35) r(5,82) d(39) r(38,5) r(29,50) d(36)", "fitness": 0.0}
{"generation": 9, "position": 38, "parents": [42], "genome": "r(38,61) r(39,45) r(31,44) a(6,145) r(38,45) r(36,73) r(32,50) d(7) r(5,40) a(37,41) r(29,50) d(37)", "fitness": 0.0}
{"generation": 9, "position": 39, "parents": [57], "genome": "a(39,65) d(35) r(5,82) d(39) r(38,5) a(32,90) a(32,58) a(32,74) d(31) r(36,32)", "fitness": 0.0}
{"generation": 9, "position": 40, "parents": [27, 19], "genome": "a(39,65) d(39) d(37) a(5,73) r(5,125)", "fitness": 0.0}
{"generation": 9, "position": 41, "parents": [27, 19], "genome": "r(38,32) a(39,96) r(29,90) r(39,76) a(5,73) a(32,39) d(31) a(35,65) d(7) a(31,44) r(6,96) d(35)", "fitness": 0.0}
{"generation": 9, "position": 42, "parents": [27], "genome": "a(39,65) d(39) d(37) a(5,73) d(7) a(31,44) r(6,96) d(29)", "fitness": 0.0}
{"generation": 9, "position": 43, "parents": [19], "genome": "r(38,32) a(39,96) r(29,90) r(39,76) a(5,73) a(32,39) d(31) a(35,65) d(35)", "fitness": 0.0}
{"generation": 9, "position": 44, "parents": [48, 24], "genome": "r(39,78) a(29,78) d(32) a(38,95) a(39,53) a(39,58) a(39,31) r(38,91) r(39,125) d(37)", "fitness": 0.0}
{"generation": 9, "position": 45, "parents": [48, 24], "genome": "a(32,160) a(38,162) a(32,44) r(38,73) d(6) r(37,104) r(29,53) a(32,79)", "fitness": 0.0}
{"generation": 9, "position": 46, "parents": [48], "genome": "r(39,78) a(29,78) a(38,162) a(32,44) r(38,73) d(6) r(37,104) r(29,53) r(32,45)", "fitness": 0.0}
{"generation": 9, "position": 47, "parents": [24], "genome": "a(32,160) d(32) a(38,95) a(39,53) a(39,58) a(39,31) r(38,91) r(39,125) r(6,39)", "fitness": 0.0}
{"generation": 9, "position": 48, "parents": [47, 18], "genome": "a(39,65) d(39) d(39) a(38,82) a(38,38) a(32,49) r(5,104) r(36,65) d(29)", "fitness": 0.0}
{"generation": 9, "position": 49, "parents": [47, 18], "genome": "a(39,65) d(35) r(5,82) d(37) a(6,145) r(38,45) r(36,73) r(32,50) d(7) r(5,40) r(29,61)", "fitness": 0.0}
{"generation": 9, "position": 50, "parents": [47], "genome": "a(39,65) d(39) d(37) a(6,145) r(38,45) r(36,73) r(32,50) d(7) r(5,40) r(29,61)", "fitness": 0.0}
{"generation": 9, "position": 51, "parents": [18], "genome": "a(39,65) d(35) r(5,82) d(39) a(38,82) a(38,38) a(32,49) r(5,104) r(36,65) a(32,90)", "fitness": 0.0}
{"generation": 9, "position": 52, "parents": [36, 8], "genome": "a(39,65) d(35) r(5,82) r(39,124) a(36,80) a(37,45) r(32,76)", "fitness": 12.0}
{"generation": 9, "position": 53, "parents": [36, 8], "genome": "r(38,61) a(36,39) a(5,72) a(39,145) r(7,90) a(39,60) d(39) a(38,154) d(38) r(31,47) a(38,162) r(7,90) r(7,90) a(38,154) d(38) d(32) d(29) r(37,154) r(36,72)", "fitness": 0.0}
{"generation": 9, "position": 54, "parents": [36], "genome": "a(39,65) d(35) r(5,82) d(39) a(38,154) d(38) r(31,47) a(38,162) r(7,90) r(7,90) a(38,154) d(38) d(32) d(29) r(37,154) r(36,74)", "fitness": 0.0}
{"generation": 9, "position": 55, "parents": [8], "genome": "r(38,61) a(36,39) a(5,72) a(39,145) r(7,90) a(39,60) r(39,124) a(36,80) a(37,45) r(35,133)", "fitness": 0.0}
{"generation": 9, "position": 56, "parents": [58], "genome": "a(32,160) a(7,65) r(32,95) d(32) d(39) a(38,58) d(6) a(39,80) a(39,93) r(32,95) a(39,48) d(39) r(31,80) a(37,29) a(38,41) r(38,104) a(29,162)", "fitness": 0.0}
{"generation": 9, "position": 57, "parents": [38], "genome": "a(39,154) r(31,44) a(5,72) a(39,145) r(7,90) a(39,60) d(32) r(38,66) a(39,72) d(6)", "fitness": 0.0}
{"generation": 9, "position": 58, "parents": [63], "genome": "r(38,145) d(39) d(29) r(38,45) r(7,60) a(29,78) a(38,162) r(7,90) r(32,154) d(5) a(36,41) a(36,31) a(36,32) r(37,41)", "fitness": 0.0}
{"generation": 9, "position": 59, "parents": [23], "genome": "r(38,32) a(39,96) d(6) d(39) r(35,76)", "fitness": 0.0}
{"generation": 9, "position": 60, "parents": [43, 54], "genome": "a(39,65) d(35) r(5,82) d(39) a(38,154) d(38) r(31,47) a(38,162) r(7,90) r(7,90) a(38,154) d(38) d(32) d(29) d(37) a(32,58) a(32,74) d(38) r(36,145)", "fitness": 0.0}
{"generation": 9, "position": 61, "parents": [43, 54], "genome": "a(39,65) d(35) r(5,82) d(39) a(38,82) a(38,38) a(32,39) d(31) r(37,45)", "fitness": 0.0}
{"generation": 9, "position": 62, "parents": [43], "genome": "a(39,65) d(35) r(5,82) d(39) a(38,154) d(38) r(31,47) a(38,162) r(7,90) r(7,90) a(38,154) d(38) d(32) d(29) d(37) a(36,60)", "fitness": 0.0}
{"generation": 10, "position": 0, "parents": [1, 37], "genome": "a(32,160) d(32) a(38,95) a(39,53) a(39,58) a(39,31) r(38,91) d(29) d(39) a(5,104) d(32) r(5,82) d(39) r(38,5) r(29,50) d(36) r(37,78)", "fitness": 0.0}
{"generation": 10, "position": 1, "parents": [1, 37], "genome": "a(39,65) d(35) d(5) r(37,95) a(36,49) a(29,47)", "fitness": 0.0}
{"generation": 10, "position": 2, "parents": [1], "genome": "a(32,160) d(32) a(38,95) a(39,53) a(39,58) a(39,31) r(38,91) d(29) d(39) a(5,104) d(32) d(5) r(37,95) a(36,49) r(36,160)", "fitness": 0.0}
{"generation": 10, "position": 3, "parents": [37], "genome": "a(39,65) d(35) r(5,82) d(39) r(38,5) r(29,50) d(36) r(37,80)", "fitness": 0.0}
{"generation": 10, "position": 4, "parents": [26, 22], "genome": "a(39,65) d(35) r(5,82) d(39) a(38,82) a(38,38) a(38,162) r(7,90) a(32,90) a(32,58) a(37,37) a(36,49) r(37,42) r(29,82)", "fitness": 0.0}
{"generation": 10, "position": 5, "parents": [26, 22], "genome": "a(39,65) d(35) r(5,82) d(39) a(38,154) d(38) r(31,47) a(32,49) r(5,104) r(36,65) a(39,96) r(29,90) r(39,76) a(5,73) a(32,49) r(5,104) a(32,83) r(38,65) r(32,43)", "fitness": 0.0}
{"generation": 10, "position": 6, "parents": [26], "genome": "a(39,65) d(35) r(5,82) d(39) a(38,82) a(38,38) a(32,49) r(5,104) r(36,65) a(39,96) r(29,90) r(39,76) a(5,73) a(32,49) r(5,104) a(32,83) r(38,65) r(32,45)", "fitness": 0.0}
{"generation": 10, "position": 7, "parents": [22], "genome": "a(39,65) d(35) r(5,82) d(39) a(38,154) d(38) r(31,47) a(38,162) r(7,90) a(32,90) a(32,58) a(37,37) a(36,49) r(37,42) r(29,31)", "fitness": 0.0}
{"generation": 10, "position": 8, "parents": [18], "genome": "a(39,65) d(35) r(39,45) r(31,44) a(6,145) a(31,44) r(6,96) d(38) r(32,43)", "fitness": 0.0}
{"generation": 10, "position": 9, "parents": [46], "genome": "r(39,78) a(29,78) a(38,162) a(32,44) r(38,73) d(6) r(37,104) r(29,53) r(32,45) r(36,66)", "fitness": 0.0}
{"generation": 10, "position": 10, "parents": [21, 12], "genome": "a(39,65) d(39) d(29) r(38,45) r(36,73) r(32,50) d(7) d(6) a(39,66) d(39) r(5,90) r(37,35)", "fitness": 0.0}
{"generation": 10, "position": 11, "parents": [21, 12], "genome": "a(39,154) d(37) a(5,73) d(7) a(31,44) r(6,96) d(31) d(36)", "fitness": 0.0}
{"generation": 10, "position": 12, "parents": [21], "genome": "a(39,65) d(39) d(37) a(5,73) d(7) a(31,44) r(6,96) d(31) a(35,58)", "fitness": 0.0}
{"generation": 10, "position": 13, "parents": [12], "genome": "a(39,154) d(29) r(38,45) r(36,73) r(32,50) d(7) d(6) a(39,66) d(39) r(5,90) r(37,44)", "fitness": 0.0}
{"generation": 10, "position": 14, "parents": [17, 49], "genome": "a(39,154) r(31,44) a(5,72) a(39,145) r(7,90) a(39,60) d(32) r(38,66) d(35) r(5,82) d(37) a(6,145) r(38,45) r(36,73) r(32,50) d(7) r(5,40) r(29,61)", "fitness": 0.0}
{"generation": 10, "position": 15, "parents": [17, 49], "genome": "a(39,65) a(39,72) r(39,61) r(38,49)", "fitness": 4.0}
{"generation": 10, "position": 16, "parents": [17], "genome": "a(39,154) r(31,44) a(5,72) a(39,145) r(7,90) a(39,60) d(32) r(38,66) a(39,72) r(39,61) r(6,93)", "fitness": 0.0}
{"generation": 10, "position": 17, "parents": [49], "genome": "a(39,65) d(35) r(5,82) d(37) a(6,145) r(38,45) r(36,73) r(32,50) d(7) r(5,40) r(29,61)", "fitness": 0.0}
{"generation": 10, "position": 18, "parents": [18], "genome": "a(39,65) d(35) r(39,45) r(31,44) a(6,145) a(31,44) r(6,96) d(38) a(5,154)", "fitness": 0.0}
{"generation": 10, "position": 19, "parents": [29], "genome": "r(38,32) a(39,96) r(29,90) r(39,76) a(5,73) a(32,49) r(5,104) a(32,83) d(37) r(32,83)", "fitness": 0.0}
{"generation": 10, "position": 20, "parents": [62, 62], "genome": "a(39,65) d(35) r(5,82) d(39) a(38,154) d(38) r(31,47) a(38,162) r(7,90) r(7,90) a(38,154) d(38) d(32) d(29) r(7,90) a(38,154) d(38) d(32) d(29) d(37) a(36,60) a(36,162)", "fitness": 0.0}
{"generation": 10, "position": 21, "parents": [62, 62], "genome": "a(39,65) d(35) r(5,82) d(39) a(38,154) d(38) r(31,47) a(38,162) r(7,90) d(37) a(36,60) d(36)", "fitness": 0.0}
{"generation": 10, "position": 22, "parents": [62], "genome": "a(39,65) d(35) r(5,82) d(39) a(38,154) d(38) r(31,47) a(38,162) r(7,90) r(7,90) a(38,154) d(38) d(32) d(29) d(37) a(36,60) d(36)", "fitness": 0.0}
{"generation": 10, "position": 23, "parents": [62], "genome": "a(39,65) d(35) r(5,82) d(39) a(38,154) d(38) r(31,47) a(38,162) r(7,90) r(7,90) a(38,154) d(38) d(32) d(29) d(37) a(36,60) a(36,60)", "fitness": 0.0}
{"generation": 10, "position": 24, "parents": [19, 23], "genome": "a(39,65) d(39) d(37) a(5,73) d(7) r(38,90) a(36,39) d(39) d(6) a(36,39) d(32) r(36,83) a(37,74) d(37) a(5,73) d(7) a(31,44) r(6,96) a(29,45) d(31)", "fitness": 0.0}
{"generation": 10, "position": 25, "parents": [19, 23], "genome": "a(39,65) d(39) a(37,47) a(5,45) r(38,31)", "fitness": 0.0}
{"generation": 10, "position": 26, "parents": [19], "genome": "a(39,65) d(39) d(37) a(5,73) d(7) r(38,90) a(36,39) d(39) d(6) a(36,39) d(32) r(36,83) a(37,74) a(37,47) a(5,45) r(5,124)", "fitness": 12.0}
{"generation": 10, "position": 27, "parents": [23], "genome": "a(39,65) d(39) d(37) a(5,73) d(7) a(31,44) r(6,96) a(29,45) r(5,74)", "fitness": 0.0}
{"generation": 10, "position": 28, "parents": [51], "genome": "a(39,65) d(35) r(5,82) d(39) a(38,82) a(38,38) a(32,49) r(5,104) r(36,65) a(32,90) r(37,80)", "fitness": 0.0}
{"generation": 10, "position": 29, "parents": [35], "genome": "a(39,154) r(29,90) r(39,76) a(5,73) a(32,49) r(37,76) d(29) r(32,60) d(6) d(36)", "fitness": 0.0}
{"generation": 10, "position": 30, "parents": [53], "genome": "r(38,61) a(36,39) a(5,72) a(39,145) r(7,90) a(39,60) d(39) a(38,154) d(38) r(31,47) a(38,162) r(7,90) r(7,90) a(38,154) d(38) d(32) d(29) r(37,154) r(36,72) d(5)", "fitness": 0.0}
{"generation": 10, "position": 31, "parents": [12], "genome": "a(39,154) d(29) r(38,45) r(36,73) r(32,50) d(7) d(6) a(39,66) d(39) r(5,90) d(37)", "fitness": 0.0}
{"generation": 10, "position": 32, "parents": [41, 4], "genome": "r(38,32) a(39,96) r(29,90) r(39,76) a(5,73) a(32,39) d(31) a(35,65) d(7) a(31,44) r(6,96) r(39,124) a(36,80) a(37,45) r(32,72) a(5,83)", "fitness": 0.0}
{"generation": 10, "position": 33, "parents": [41, 4], "genome": "r(38,61) a(36,39) a(5,72) a(39,145) r(7,90) a(39,60) d(35) a(6,32)", "fitness": 0.0}
{"generation": 10, "position": 34, "parents": [41], "genome": "r(38,32) a(39,96) r(29,90) r(39,76) a(5,73) a(32,39) d(31) a(35,65) d(7) a(31,44) r(6,96) d(35) d(36)", "fitness": 0.0}
{"generation": 10, "position": 35, "parents": [4], "genome": "r(38,61) a(36,39) a(5,72) a(39,145) r(7,90) a(39,60) r(39,124) a(36,80) a(37,45) r(32,72) r(5,44)", "fitness": 0.0}
{"generation": 10, "position": 36, "parents": [29, 51], "genome": "r(38,32) d(31)", "fitness": 4.0}
{"generation": 10, "position": 37, "parents": [29, 51], "genome": "a(39,65) d(35) r(5,82) d(39) a(38,82) a(38,38) a(32,49) r(5,104) r(36,65) a(32,90) a(39,96) r(29,90) r(39,76) a(5,73) a(32,49) r(5,104) a(32,83) d(37) d(32)", "fitness": 0.0}
{"generation": 10, "position": 38, "parents": [29], "genome": "r(38,32) a(39,96) r(29,90) r(39,76) a(5,73) a(32,49) r(5,104) a(32,83) d(37) r(36,74)", "fitness": 0.0}
{"generation": 10, "position": 39, "parents": [51], "genome": "a(39,65) d(35) r(5,82) d(39) a(38,82) a(38,38) a(32,49) r(5,104) r(36,65) a(32,90) r(38,79)", "fitness": 0.0}
{"generation": 10, "position": 40, "parents": [17, 24], "genome": "a(39,154) r(31,44) a(5,72) d(35) r(5,82) d(39) a(38,82) a(38,38) a(32,39) d(31) a(32,58) a(32,74) d(38) r(32,43) r(36,48)", "fitness": 0.0}
{"generation": 10, "position": 41, "parents": [17, 24], "genome": "a(39,65) a(39,145) r(7,90) a(39,60) d(32) r(38,66) a(39,72) r(39,61) d(5)", "fitness": 0.0}
{"generation": 10, "position": 42, "parents": [17], "genome": "a(39,154) r(31,44) a(5,72) a(39,145) r(7,90) a(39,60) d(32) r(38,66) a(39,72) r(39,61) d(37)", "fitness": 0.0}
{"generation": 10, "position": 43, "parents": [24], "genome": "a(39,65) d(35) r(5,82) d(39) a(38,82) a(38,38) a(32,39) d(31) a(32,58) a(32,74) d(38) r(32,43) d(29)", "fitness": 0.0}
{"generation": 10, "position": 44, "parents": [39], "genome": "a(39,65) d(35) r(5,82) d(39) r(38,5) a(32,90) a(32,58) a(32,74) d(31) r(36,32) a(37,56)", "fitness": 0.0}
{"generation": 10, "position": 45, "parents": [30], "genome": "a(39,65) d(35) r(5,82) d(39) a(38,82) a(38,38) a(32,39) d(31) a(32,58) d(32) d(5) d(37) a(29,48) a(29,124)", "fitness": 12.0}
{"generation": 10, "position": 46, "parents": [12, 43], "genome": "a(39,154) a(39,96) r(29,90) r(39,76) a(5,73) a(32,39) d(31) a(35,65) d(35) d(38)", "fitness": 0.0}
{"generation": 10, "position": 47, "parents": [12, 43], "genome": "r(38,32) d(29) r(38,45) r(36,73) r(32,50) d(7) d(6) a(39,66) d(39) r(5,90) r(37,58)", "fitness": 0.0}
{"generation": 10, "position": 48, "parents": [12], "genome": "a(39,154) d(29) r(38,45) r(36,73) r(32,50) d(7) d(6) a(39,66) d(39) r(5,90) r(37,72)", "fitness": 0.0}
{"generation": 10, "position": 49, "parents": [43], "genome": "r(38,32) a(39,96) r(29,90) r(39,76) a(5,73) a(32,39) d(31) a(35,65) d(35) d(36)", "fitness": 0.0}
{"generation": 10, "position": 50, "parents": [37], "genome": "a(39,65) d(35) r(5,82) d(39) r(38,5) r(29,50) d(36) d(32)", "fitness": 0.0}
{"generation": 10, "position": 51, "parents": [43], "genome": "r(38,32) a(39,96) r(29,90) r(39,76) a(5,73) a(32,39) d(31) a(35,65) d(35) a(6,60)", "fitness": 0.0}
{"generation": 10, "position": 52, "parents": [0], "genome": "a(39,65) d(35) r(39,45) r(31,44) a(6,145) r(38,90) a(36,39) d(39) d(6) a(36,39) d(32) r(36,83) r(29,32) d(37) d(5)", "fitness": 0.0}
{"generation": 10, "position": 53, "parents": [38], "genome": "r(38,61) r(39,45) r(31,44) a(6,145) r(38,45) r(36,73) r(32,50) d(7) r(5,40) a(37,41) r(29,50) d(37)", "fitness": 0.0}
{"generation": 10, "position": 54, "parents": [40], "genome": "a(39,65) d(39) d(37) a(5,73) r(5,125) d(31)", "fitness": 0.0}
{"generation": 10, "position": 55, "parents": [41], "genome": "r(38,32) a(39,96) r(29,90) r(39,76) a(5,73) a(32,39) d(31) a(35,65) d(7) a(31,44) r(6,96) d(35) d(32)", "fitness": 0.0}
{"generation": 10, "position": 56, "parents": [35, 3], "genome": "a(39,154) d(36) a(31,76)", "fitness": 0.0}
{"generation": 10, "position": 57, "parents": [35, 3], "genome": "a(39,65) d(35) r(5,82) d(39) a(38,154) d(38) r(31,47) a(38,162) r(7,90) r(7,90) a(38,154) d(38) d(32) d(29) a(37,45) r(29,90) r(39,76) a(5,73) a(32,49) r(37,76) d(29) r(32,60) d(6) a(36,65)", "fitness": 0.0}
{"generation": 10, "position": 58, "parents": [35], "genome": "a(39,154) r(29,90) r(39,76) a(5,73) a(32,49) r(37,76) d(29) r(32,60) d(6) r(5,45)", "fitness": 0.0}
{"generation": 10, "position": 59, "parents": [3], "genome": "a(39,65) d(35) r(5,82) d(39) a(38,154) d(38) r(31,47) a(38,162) r(7,90) r(7,90) a(38,154) d(38) d(32) d(29) a(37,45) d(36) a(37,74)", "fitness": 0.0}
{"generation": 10, "position": 60, "parents": [56, 30], "genome": "a(32,160) a(7,65) r(32,95) d(32) d(39) a(38,58) d(6) a(39,80) a(39,93) d(32) d(5) d(37) a(29,48) r(29,44)", "fitness": 0.0}
{"generation": 10, "position": 61, "parents": [56, 30], "genome": "a(39,65) d(35) r(5,82) d(39) a(38,82) a(38,38) a(32,39) d(31) a(32,58) r(32,95) a(39,48) d(39) r(31,80) a(37,29) a(38,41) r(38,104) a(29,162) d(29)", "fitness": 0.0}
{"generation": 10, "position": 62, "parents": [56], "genome": "a(32,160) a(7,65) r(32,95) d(32) d(39) a(38,58) d(6) a(39,80) a(39,93) r(32,95) a(39,48) d(39) r(31,80) a(37,29) a(38,41) r(38,104) a(29,162) a(5,124)", "fitness": 0.0}