[meta]
{"program": "genprog-3.0", "problem": {"ideal_fitness": "12", "type": "repair", "name": "ultrix-look", "enclosure": {"1": 0, "2": 0, "3": 0, "4": 0, "5": 0, "6": 5, "7": 6, "8": 7, "11": 5, "12": 11, "14": 0, "16": 0, "18": 0, "19": 0, "20": 19, "21": 19, "26": 11, "27": 5, "28": 5, "29": 0, "30": 29, "31": 29, "32": 0, "33": 32, "34": 32, "35": 32, "36": 0, "37": 0, "38": 37, "39": 37, "40": 37, "41": 0, "42": 0, "43": 0, "44": 0, "45": 0, "46": 45, "47": 45, "48": 45, "49": 48, "50": 48, "51": 48, "52": 51, "53": 52, "56": 45, "57": 45, "58": 57, "60": 45, "61": 45, "63": 0, "65": 63, "66": 0, "68": 0, "71": 45, "72": 0, "73": 0, "74": 73, "75": 73, "76": 75, "78": 73, "79": 73, "80": 79, "81": 79, "82": 73, "83": 73, "85": 0, "86": 0, "90": 0, "91": 90, "92": 90, "93": 92, "95": 90, "96": 90, "98": 0, "101": 0, "102": 0, "103": 102, "104": 103, "106": 102, "107": 106, "108": 106, "109": 102, "110": 102, "111": 0, "112": 111, "113": 111, "114": 113, "115": 113, "116": 115, "117": 115, "118": 113, "119": 111, "120": 0, "121": 0, "122": 121, "123": 121, "124": 123, "125": 123, "126": 121, "128": 126, "129": 121, "130": 121, "131": 121, "132": 0, "133": 0, "134": 0, "135": 134, "136": 134, "137": 134, "138": 134, "139": 134, "140": 139, "142": 139, "143": 142, "145": 142, "146": 134, "147": 146, "148": 146, "149": 148, "150": 148, "151": 148, "152": 151, "154": 146, "155": 134, "156": 155, "157": 155, "158": 157, "159": 157, "160": 155, "161": 134, "162": 134, "163": 0}}, "version": "0.0.2", "seed": 48, "algorithm": {"representation": "patch", "type": "genetic", "name": "ALGORITHM-NAME"}}

[data]
{"generation": 0, "position": 0, "parents": [], "genome": "r(38,35)", "fitness": 4.0}
{"generation": 0, "position": 1, "parents": [], "genome": "r(38,49)", "fitness": 4.0}
{"generation": 0, "position": 2, "parents": [], "genome": "d(39)", "fitness": 4.0}
{"generation": 0, "position": 3, "parents": [], "genome": "r(39,154)", "fitness": 4.0}
{"generation": 0, "position": 4, "parents": [], "genome": "d(36)", "fitness": 0.0}
{"generation": 0, "position": 5, "parents": [], "genome": "d(39)", "fitness": 4.0}
{"generation": 0, "position": 6, "parents": [], "genome": "a(39,91)", "fitness": 4.0}
{"generation": 0, "position": 7, "parents": [], "genome": "r(38,124)", "fitness": 4.0}
{"generation": 0, "position": 8, "parents": [], "genome": "d(6)", "fitness": 0.0}
{"generation": 0, "position": 9, "parents": [], "genome": "d(31)", "fitness": 4.0}
{"generation": 0, "position": 10, "parents": [], "genome": "d(37)", "fitness": 4.0}
{"generation": 0, "position": 11, "parents": [], "genome": "r(39,76)", "fitness": 4.0}
{"generation": 0, "position": 12, "parents": [], "genome": "d(39)", "fitness": 4.0}
{"generation": 0, "position": 13, "parents": [], "genome": "a(6,6)", "fitness": 4.0}
{"generation": 0, "position": 14, "parents": [], "genome": "r(39,95)", "fitness": 4.0}
{"generation": 0, "position": 15, "parents": [], "genome": "a(38,80)", "fitness": 4.0}
{"generation": 0, "position": 16, "parents": [], "genome": "a(38,163)", "fitness": 4.0}
{"generation": 0, "position": 17, "parents": [], "genome": "r(39,76)", "fitness": 4.0}
{"generation": 0, "position": 18, "parents": [], "genome": "a(39,91)", "fitness": 4.0}
{"generation": 0, "position": 19, "parents": [], "genome": "r(39,163)", "fitness": 4.0}
{"generation": 0, "position": 20, "parents": [], "genome": "a(39,91)", "fitness": 4.0}
{"generation": 0, "position": 21, "parents": [], "genome": "a(35,162)", "fitness": 4.0}
{"generation": 0, "position": 22, "parents": [], "genome": "d(39)", "fitness": 4.0}
{"generation": 0, "position": 23, "parents": [], "genome": "r(5,48)", "fitness": 0.0}
{"generation": 0, "position": 24, "parents": [], "genome": "a(39,40)", "fitness": 4.0}
{"generation": 0, "position": 25, "parents": [], "genome": "r(35,40)", "fitness": 0.0}
{"generation": 0, "position": 26, "parents": [], "genome": "a(29,56)", "fitness": 0.0}
{"generation": 0, "position": 27, "parents": [], "genome": "r(39,125)", "fitness": 4.0}
{"generation": 0, "position": 28, "parents": [], "genome": "r(38,61)", "fitness": 4.0}
{"generation": 0, "position": 29, "parents": [], "genome": "a(35,108)", "fitness": 4.0}
{"generation": 0, "position": 30, "parents": [], "genome": "d(38)", "fitness": 4.0}
{"generation": 0, "position": 31, "parents": [], "genome": "d(39)", "fitness": 4.0}
{"generation": 0, "position": 32, "parents": [], "genome": "r(39,47)", "fitness": 4.0}
{"generation": 0, "position": 33, "parents": [], "genome": "d(31)", "fitness": 4.0}
{"generation": 0, "position": 34, "parents": [], "genome": "a(39,35)", "fitness": 4.0}
{"generation": 0, "position": 35, "parents": [], "genome": "d(38)", "fitness": 4.0}
{"generation": 0, "position": 36, "parents": [], "genome": "d(39)", "fitness": 4.0}
{"generation": 0, "position": 37, "parents": [], "genome": "r(29,79)", "fitness": 0.0}
{"generation": 0, "position": 38, "parents": [], "genome": "r(38,46)", "fitness": 4.0}
{"generation": 0, "position": 39, "parents": [], "genome": "original", "fitness": 4.0}
{"generation": 1, "position": 0, "parents": [4, 26], "genome": "d(36) r(38,133)", "fitness": 0.0}
{"generation": 1, "position": 1, "parents": [4, 26], "genome": "a(29,56) a(38,133)", "fitness": 0.0}
{"generation": 1, "position": 2, "parents": [4], "genome": "d(36) a(38,80)", "fitness": 0.0}
{"generation": 1, "position": 3, "parents": [26], "genome": "a(29,56) d(39)", "fitness": 0.0}
{"generation": 1, "position": 4, "parents": [17, 35], "genome": "r(39,76) d(36)", "fitness": 0.0}
{"generation": 1, "position": 5, "parents": [17, 35], "genome": "d(38) d(36)", "fitness": 0.0}
{"generation": 1, "position": 6, "parents": [17], "genome": "r(39,76) r(31,41)", "fitness": 4.0}
{"generation": 1, "position": 7, "parents": [35], "genome": "d(38) a(31,56)", "fitness": 0.0}
{"generation": 1, "position": 8, "parents": [36, 37], "genome": "d(39) d(38)", "fitness": 4.0}
{"generation": 1, "position": 9, "parents": [36, 37], "genome": "r(29,79) d(38)", "fitness": 0.0}
{"generation": 1, "position": 10, "parents": [36], "genome": "d(39) d(35)", "fitness": 0.0}
{"generation": 1, "position": 11, "parents": [37], "genome": "r(29,79) r(39,46)", "fitness": 0.0}
{"generation": 1, "position": 12, "parents": [3, 3], "genome": "r(39,154) r(29,65)", "fitness": 4.0}
{"generation": 1, "position": 13, "parents": [3, 3], "genome": "r(39,154) d(32)", "fitness": 0.0}
{"generation": 1, "position": 14, "parents": [3], "genome": "r(39,154) a(6,43)", "fitness": 4.0}
{"generation": 1, "position": 15, "parents": [3], "genome": "r(39,154) d(7)", "fitness": 12.0}
{"generation": 1, "position": 16, "parents": [19], "genome": "r(39,163) a(6,42)", "fitness": 4.0}
{"generation": 1, "position": 17, "parents": [32], "genome": "r(39,47) r(38,45)", "fitness": 4.0}
{"generation": 1, "position": 18, "parents": [18, 37], "genome": "a(39,91) a(39,124)", "fitness": 4.0}
{"generation": 1, "position": 19, "parents": [18, 37], "genome": "r(29,79) r(39,104)", "fitness": 0.0}
{"generation": 1, "position": 20, "parents": [18], "genome": "a(39,91) d(35)", "fitness": 0.0}
{"generation": 1, "position": 21, "parents": [37], "genome": "r(29,79) d(39)", "fitness": 0.0}
{"generation": 1, "position": 22, "parents": [16], "genome": "a(38,163) a(39,61)", "fitness": 4.0}
{"generation": 1, "position": 23, "parents": [25], "genome": "r(35,40) r(39,5)", "fitness": 0.0}
{"generation": 1, "position": 24, "parents": [14, 20], "genome": "r(39,95) a(38,56)", "fitness": 4.0}
{"generation": 1, "position": 25, "parents": [14, 20], "genome": "a(39,91) r(38,45)", "fitness": 4.0}
{"generation": 1, "position": 26, "parents": [14], "genome": "r(39,95) a(38,162)", "fitness": 4.0}
{"generation": 1, "position": 27, "parents": [20], "genome": "a(39,91) r(38,93)", "fitness": 4.0}
{"generation": 1, "position": 28, "parents": [13, 12], "genome": "a(6,6) d(38)", "fitness": 4.0}
{"generation": 1, "position": 29, "parents": [13, 12], "genome": "d(39) r(38,95)", "fitness": 4.0}
{"generation": 1, "position": 30, "parents": [13], "genome": "a(6,6) r(5,124)", "fitness": 12.0}
{"generation": 1, "position": 31, "parents": [12], "genome": "d(39) d(7)", "fitness": 12.0}
{"generation": 1, "position": 32, "parents": [24, 4], "genome": "a(39,40) r(38,72)", "fitness": 4.0}
{"generation": 1, "position": 33, "parents": [24, 4], "genome": "d(36) a(31,104)", "fitness": 0.0}
{"generation": 1, "position": 34, "parents": [24], "genome": "a(39,40) d(31)", "fitness": 4.0}
{"generation": 1, "position": 35, "parents": [4], "genome": "d(36) d(39)", "fitness": 0.0}
{"generation": 1, "position": 36, "parents": [31], "genome": "d(39) r(38,31)", "fitness": 4.0}
{"generation": 1, "position": 37, "parents": [33], "genome": "d(31) d(38)", "fitness": 4.0}
{"generation": 1, "position": 38, "parents": [19, 24], "genome": "r(39,163) a(29,76)", "fitness": 4.0}
{"generation": 1, "position": 39, "parents": [19, 24], "genome": "a(39,40) a(38,96)", "fitness": 4.0}
{"generation": 1, "position": 40, "parents": [19], "genome": "r(39,163) d(35)", "fitness": 12.0}
{"generation": 1, "position": 41, "parents": [24], "genome": "a(39,40) a(32,65)", "fitness": 4.0}
{"generation": 1, "position": 42, "parents": [12, 27], "genome": "d(39) a(38,44)", "fitness": 4.0}
{"generation": 1, "position": 43, "parents": [12, 27], "genome": "r(39,125) d(38)", "fitness": 4.0}
{"generation": 1, "position": 44, "parents": [12], "genome": "d(39) d(38)", "fitness": 4.0}
{"generation": 1, "position": 45, "parents": [27], "genome": "r(39,125) d(38)", "fitness": 4.0}
{"generation": 1, "position": 46, "parents": [2, 21], "genome": "d(39) a(5,37)", "fitness": 0.0}
{"generation": 1, "position": 47, "parents": [2, 21], "genome": "a(35,162) a(35,90)", "fitness": 0.0}
{"generation": 1, "position": 48, "parents": [2], "genome": "d(39) d(37)", "fitness": 4.0}
{"generation": 1, "position": 49, "parents": [21], "genome": "a(35,162) d(38)", "fitness": 4.0}
{"generation": 1, "position": 50, "parents": [0], "genome": "r(38,35) r(39,133)", "fitness": 4.0}
{"generation": 1, "position": 51, "parents": [14], "genome": "r(39,95) a(36,41)", "fitness": 4.0}
{"generation": 1, "position": 52, "parents": [31], "genome": "d(39) r(38,44)", "fitness": 4.0}
{"generation": 1, "position": 53, "parents": [10], "genome": "d(37) d(7)", "fitness": 12.0}
{"generation": 1, "position": 54, "parents": [4, 33], "genome": "d(36) a(38,124)", "fitness": 12.0}
{"generation": 1, "position": 55, "parents": [4, 33], "genome": "d(31) r(39,66)", "fitness": 4.0}
{"generation": 1, "position": 56, "parents": [4], "genome": "d(36) a(38,79)", "fitness": 0.0}
{"generation": 1, "position": 57, "parents": [33], "genome": "d(31) r(32,90)", "fitness": 0.0}
{"generation": 1, "position": 58, "parents": [34, 25], "genome": "a(39,35) d(39)", "fitness": 4.0}
{"generation": 1, "position": 59, "parents": [34, 25], "genome": "r(35,40) r(38,72)", "fitness": 0.0}
{"generation": 1, "position": 60, "parents": [34], "genome": "a(39,35) d(39)", "fitness": 4.0}
{"generation": 1, "position": 61, "parents": [25], "genome": "r(35,40) r(39,93)", "fitness": 0.0}
{"generation": 1, "position": 62, "parents": [21], "genome": "a(35,162) a(37,65)", "fitness": 4.0}
{"generation": 1, "position": 63, "parents": [22], "genome": "d(39) r(36,44)", "fitness": 0.0}
{"generation": 1, "position": 64, "parents": [25], "genome": "r(35,40) a(38,48)", "fitness": 0.0}
{"generation": 2, "position": 0, "parents": [47], "genome": "a(35,162) a(35,90) r(5,61)", "fitness": 0.0}
{"generation": 2, "position": 1, "parents": [55], "genome": "d(31) r(39,66) d(38)", "fitness": 4.0}
{"generation": 2, "position": 2, "parents": [59, 11], "genome": "r(35,40) r(38,72) r(39,46) a(31,80)", "fitness": 0.0}
{"generation": 2, "position": 3, "parents": [59, 11], "genome": "r(29,79) r(5,39)", "fitness": 0.0}
{"generation": 2, "position": 4, "parents": [59], "genome": "r(35,40) r(38,72) r(39,163)", "fitness": 0.0}
{"generation": 2, "position": 5, "parents": [11], "genome": "r(29,79) r(39,46) a(38,53)", "fitness": 0.0}
{"generation": 2, "position": 6, "parents": [21], "genome": "r(29,79) d(39) r(38,108)", "fitness": 0.0}
{"generation": 2, "position": 7, "parents": [61], "genome": "r(35,40) r(39,93) a(36,101)", "fitness": 12.0}
{"generation": 2, "position": 8, "parents": [56], "genome": "d(36) a(38,79) r(39,73)", "fitness": 0.0}
{"generation": 2, "position": 9, "parents": [33], "genome": "d(36) a(31,104) a(39,82)", "fitness": 0.0}
{"generation": 2, "position": 10, "parents": [1, 18], "genome": "a(29,56) a(38,133) a(39,124) r(39,101)", "fitness": 0.0}
{"generation": 2, "position": 11, "parents": [1, 18], "genome": "a(39,91) r(38,160)", "fitness": 4.0}
{"generation": 2, "position": 12, "parents": [1], "genome": "a(29,56) a(38,133) d(39)", "fitness": 0.0}
{"generation": 2, "position": 13, "parents": [18], "genome": "a(39,91) a(39,124) r(38,47)", "fitness": 4.0}
{"generation": 2, "position": 14, "parents": [4], "genome": "r(39,76) d(36) a(38,49)", "fitness": 0.0}
{"generation": 2, "position": 15, "parents": [20], "genome": "a(39,91) d(35) r(39,76)", "fitness": 0.0}
{"generation": 2, "position": 16, "parents": [37, 50], "genome": "d(31) r(39,133) a(38,160)", "fitness": 4.0}
{"generation": 2, "position": 17, "parents": [37, 50], "genome": "r(38,35) d(38) r(39,96)", "fitness": 4.0}
{"generation": 2, "position": 18, "parents": [37], "genome": "d(31) d(38) d(5)", "fitness": 4.0}
{"generation": 2, "position": 19, "parents": [50], "genome": "r(38,35) r(39,133) a(5,91)", "fitness": 0.0}
{"generation": 2, "position": 20, "parents": [23, 3], "genome": "r(35,40) d(39) d(38)", "fitness": 0.0}
{"generation": 2, "position": 21, "parents": [23, 3], "genome": "a(29,56) r(39,5) r(29,65)", "fitness": 0.0}
{"generation": 2, "position": 22, "parents": [23], "genome": "r(35,40) r(39,5) d(38)", "fitness": 0.0}
{"generation": 2, "position": 23, "parents": [3], "genome": "a(29,56) d(39) d(38)", "fitness": 0.0}
{"generation": 2, "position": 24, "parents": [30, 51], "genome": "a(6,6) a(39,133)", "fitness": 4.0}
{"generation": 2, "position": 25, "parents": [30, 51], "genome": "r(39,95) a(36,41) r(5,124) a(36,61)", "fitness": 12.0}
{"generation": 2, "position": 26, "parents": [30], "genome": "a(6,6) r(5,124) r(39,29)", "fitness": 12.0}
{"generation": 2, "position": 27, "parents": [51], "genome": "r(39,95) a(36,41) a(36,82)", "fitness": 4.0}
{"generation": 2, "position": 28, "parents": [6, 20], "genome": "r(39,76) d(35) a(38,40)", "fitness": 0.0}
{"generation": 2, "position": 29, "parents": [6, 20], "genome": "a(39,91) r(31,41) d(39)", "fitness": 4.0}
{"generation": 2, "position": 30, "parents": [6], "genome": "r(39,76) r(31,41) r(7,32)", "fitness": 12.0}
{"generation": 2, "position": 31, "parents": [20], "genome": "a(39,91) d(35) d(39)", "fitness": 0.0}
{"generation": 2, "position": 32, "parents": [19], "genome": "r(29,79) r(39,104) a(38,46)", "fitness": 0.0}
{"generation": 2, "position": 33, "parents": [29], "genome": "d(39) r(38,95) a(29,125)", "fitness": 4.0}
{"generation": 2, "position": 34, "parents": [44, 59], "genome": "d(39) r(38,72) r(6,82)", "fitness": 0.0}
{"generation": 2, "position": 35, "parents": [44, 59], "genome": "r(35,40) d(38) r(6,83)", "fitness": 0.0}
{"generation": 2, "position": 36, "parents": [44], "genome": "d(39) d(38) r(35,104)", "fitness": 0.0}
{"generation": 2, "position": 37, "parents": [59], "genome": "r(35,40) r(38,72) r(39,38)", "fitness": 0.0}
{"generation": 2, "position": 38, "parents": [48, 0], "genome": "d(39) d(37) a(31,37)", "fitness": 0.0}
{"generation": 2, "position": 39, "parents": [48, 0], "genome": "d(36) r(38,133) r(39,83)", "fitness": 0.0}
{"generation": 2, "position": 40, "parents": [48], "genome": "d(39) d(37) d(36)", "fitness": 0.0}
{"generation": 2, "position": 41, "parents": [0], "genome": "d(36) r(38,133) d(39)", "fitness": 0.0}
{"generation": 2, "position": 42, "parents": [63, 11], "genome": "d(39) r(36,44) a(38,40)", "fitness": 0.0}
{"generation": 2, "position": 43, "parents": [63, 11], "genome": "r(29,79) r(39,46) r(36,133)", "fitness": 0.0}
{"generation": 2, "position": 44, "parents": [63], "genome": "d(39) r(36,44) d(38)", "fitness": 0.0}
{"generation": 2, "position": 45, "parents": [11], "genome": "r(29,79) r(39,46) r(38,73)", "fitness": 0.0}
{"generation": 2, "position": 46, "parents": [44, 7], "genome": "d(39) d(38) r(31,66)", "fitness": 4.0}
{"generation": 2, "position": 47, "parents": [44, 7], "genome": "d(38) a(31,56) r(6,145)", "fitness": 0.0}
{"generation": 2, "position": 48, "parents": [44], "genome": "d(39) d(38) r(36,32)", "fitness": 0.0}
{"generation": 2, "position": 49, "parents": [7], "genome": "d(38) a(31,56) a(39,53)", "fitness": 0.0}
{"generation": 2, "position": 50, "parents": [64, 11], "genome": "r(35,40) a(38,45)", "fitness": 0.0}
{"generation": 2, "position": 51, "parents": [64, 11], "genome": "r(29,79) r(39,46) a(38,48) a(38,38)", "fitness": 0.0}
{"generation": 2, "position": 52, "parents": [64], "genome": "r(35,40) a(38,48) a(38,36)", "fitness": 0.0}
{"generation": 2, "position": 53, "parents": [11], "genome": "r(29,79) r(39,46) a(38,35)", "fitness": 0.0}
{"generation": 2, "position": 54, "parents": [33], "genome": "d(36) a(31,104) a(38,83)", "fitness": 0.0}
{"generation": 2, "position": 55, "parents": [0], "genome": "d(36) r(38,133) a(37,124)", "fitness": 0.0}
{"generation": 2, "position": 56, "parents": [33], "genome": "d(36) a(31,104) d(32)", "fitness": 0.0}
{"generation": 2, "position": 57, "parents": [19], "genome": "r(29,79) r(39,104) d(38)", "fitness": 0.0}
{"generation": 2, "position": 58, "parents": [21], "genome": "r(29,79) d(39) d(5)", "fitness": 0.0}
{"generation": 2, "position": 59, "parents": [9], "genome": "r(29,79) d(38) r(5,66)", "fitness": 0.0}
{"generation": 2, "position": 60, "parents": [57, 44], "genome": "d(31) d(38) a(39,108)", "fitness": 4.0}
{"generation": 2, "position": 61, "parents": [57, 44], "genome": "d(39) r(32,90) r(38,61)", "fitness": 0.0}
{"generation": 2, "position": 62, "parents": [57], "genome": "d(31) r(32,90) a(36,73)", "fitness": 0.0}
{"generation": 3, "position": 0, "parents": [52], "genome": "r(35,40) a(38,48) a(38,36) d(7)", "fitness": 12.0}
{"generation": 3, "position": 1, "parents": [63], "genome": "d(39) d(38) r(36,66) a(32,50)", "fitness": 0.0}
{"generation": 3, "position": 2, "parents": [55], "genome": "d(36) r(38,133) a(37,124) r(35,58)", "fitness": 0.0}
{"generation": 3, "position": 3, "parents": [35], "genome": "r(35,40) d(38) r(6,83) a(31,31)", "fitness": 0.0}
{"generation": 3, "position": 4, "parents": [39, 42], "genome": "d(36) r(38,133) r(39,83) r(32,90)", "fitness": 0.0}
{"generation": 3, "position": 5, "parents": [39, 42], "genome": "d(39) r(36,44) a(38,40) d(38)", "fitness": 0.0}
{"generation": 3, "position": 6, "parents": [39], "genome": "d(36) r(38,133) r(39,83) r(7,79)", "fitness": 0.0}
{"generation": 3, "position": 7, "parents": [42], "genome": "d(39) r(36,44) a(38,40) a(38,93)", "fitness": 0.0}
{"generation": 3, "position": 8, "parents": [63, 14], "genome": "d(39) d(38) a(38,49) r(35,160)", "fitness": 0.0}
{"generation": 3, "position": 9, "parents": [63, 14], "genome": "r(39,76) d(36) r(36,66) d(38)", "fitness": 0.0}
{"generation": 3, "position": 10, "parents": [63], "genome": "d(39) d(38) r(36,66) r(31,74)", "fitness": 0.0}
{"generation": 3, "position": 11, "parents": [14], "genome": "r(39,76) d(36) a(38,49) d(32)", "fitness": 0.0}
{"generation": 3, "position": 12, "parents": [63, 48], "genome": "d(39) d(38) r(36,66) d(5)", "fitness": 0.0}
{"generation": 3, "position": 13, "parents": [63, 48], "genome": "d(39) d(38) r(36,32) r(5,80)", "fitness": 0.0}
{"generation": 3, "position": 14, "parents": [63], "genome": "d(39) d(38) r(36,66) r(6,51)", "fitness": 0.0}
{"generation": 3, "position": 15, "parents": [48], "genome": "d(39) d(38) r(36,32) d(35)", "fitness": 0.0}
{"generation": 3, "position": 16, "parents": [59], "genome": "r(29,79) d(38) r(5,66) a(39,128)", "fitness": 0.0}
{"generation": 3, "position": 17, "parents": [20], "genome": "r(35,40) d(39) d(38) d(31)", "fitness": 0.0}
{"generation": 3, "position": 18, "parents": [12, 61], "genome": "a(29,56) a(38,133) a(39,38)", "fitness": 0.0}
{"generation": 3, "position": 19, "parents": [12, 61], "genome": "d(39) r(32,90) r(38,61) d(39) r(29,74)", "fitness": 0.0}
{"generation": 3, "position": 20, "parents": [12], "genome": "a(29,56) a(38,133) d(39) a(37,72)", "fitness": 0.0}
{"generation": 3, "position": 21, "parents": [61], "genome": "d(39) r(32,90) r(38,61) r(5,160)", "fitness": 0.0}
{"generation": 3, "position": 22, "parents": [47], "genome": "d(38) a(31,56) r(6,145) r(39,93)", "fitness": 0.0}
{"generation": 3, "position": 23, "parents": [28], "genome": "r(39,76) d(35) a(38,40) a(29,128)", "fitness": 0.0}
{"generation": 3, "position": 24, "parents": [6, 39], "genome": "r(29,79) d(39) r(38,108) r(39,83) r(7,39)", "fitness": 0.0}
{"generation": 3, "position": 25, "parents": [6, 39], "genome": "d(36) r(38,133) d(39)", "fitness": 0.0}
{"generation": 3, "position": 26, "parents": [6], "genome": "r(29,79) d(39) r(38,108) r(5,90)", "fitness": 0.0}
{"generation": 3, "position": 27, "parents": [39], "genome": "d(36) r(38,133) r(39,83) r(35,125)", "fitness": 0.0}
{"generation": 3, "position": 28, "parents": [46, 50], "genome": "d(39) r(38,65)", "fitness": 4.0}
{"generation": 3, "position": 29, "parents": [46, 50], "genome": "r(35,40) a(38,45) d(38) r(31,66) a(7,66)", "fitness": 0.0}
{"generation": 3, "position": 30, "parents": [46], "genome": "d(39) d(38) r(31,66) d(29)", "fitness": 4.0}
{"generation": 3, "position": 31, "parents": [50], "genome": "r(35,40) a(38,45) a(38,39)", "fitness": 0.0}
{"generation": 3, "position": 32, "parents": [4, 48], "genome": "r(35,40) r(38,72) d(38) r(36,32) r(39,162)", "fitness": 0.0}
{"generation": 3, "position": 33, "parents": [4, 48], "genome": "d(39) r(39,163) r(35,96)", "fitness": 0.0}
{"generation": 3, "position": 34, "parents": [4], "genome": "r(35,40) r(38,72) r(39,163) r(37,66)", "fitness": 0.0}
{"generation": 3, "position": 35, "parents": [48], "genome": "d(39) d(38) r(36,32) r(29,90)", "fitness": 0.0}
{"generation": 3, "position": 36, "parents": [19, 57], "genome": "r(38,35) r(39,133) a(5,91) d(38) d(5)", "fitness": 0.0}
{"generation": 3, "position": 37, "parents": [19, 57], "genome": "r(29,79) r(39,104) a(38,50)", "fitness": 0.0}
{"generation": 3, "position": 38, "parents": [19], "genome": "r(38,35) r(39,133) a(5,91) d(32)", "fitness": 0.0}
{"generation": 3, "position": 39, "parents": [57], "genome": "r(29,79) r(39,104) d(38) r(5,104)", "fitness": 0.0}
{"generation": 3, "position": 40, "parents": [10], "genome": "a(29,56) a(38,133) a(39,124) r(39,101) d(38)", "fitness": 0.0}
{"generation": 3, "position": 41, "parents": [62], "genome": "d(31) r(32,90) a(36,73) d(39)", "fitness": 0.0}
{"generation": 3, "position": 42, "parents": [57, 6], "genome": "r(29,79) r(39,104) d(38) d(39) r(38,108) r(5,104)", "fitness": 0.0}
{"generation": 3, "position": 43, "parents": [57, 6], "genome": "r(29,79) d(39)", "fitness": 0.0}
{"generation": 3, "position": 44, "parents": [57], "genome": "r(29,79) r(39,104) d(38) d(6)", "fitness": 0.0}
{"generation": 3, "position": 45, "parents": [6], "genome": "r(29,79) d(39) r(38,108) a(37,35)", "fitness": 0.0}
{"generation": 3, "position": 46, "parents": [2, 6], "genome": "r(35,40) r(38,72) r(39,46) a(31,80) d(39) r(38,108) r(6,60)", "fitness": 0.0}
{"generation": 3, "position": 47, "parents": [2, 6], "genome": "r(29,79) r(39,41)", "fitness": 0.0}
{"generation": 3, "position": 48, "parents": [2], "genome": "r(35,40) r(38,72) r(39,46) a(31,80) d(32)", "fitness": 0.0}
{"generation": 3, "position": 49, "parents": [6], "genome": "r(29,79) d(39) r(38,108) a(35,91)", "fitness": 0.0}
{"generation": 3, "position": 50, "parents": [52, 14], "genome": "r(35,40) a(38,48) a(38,36) d(39)", "fitness": 0.0}
{"generation": 3, "position": 51, "parents": [52, 14], "genome": "r(39,76) d(36) a(38,49) r(29,78)", "fitness": 0.0}
{"generation": 3, "position": 52, "parents": [52], "genome": "r(35,40) a(38,48) a(38,36) a(32,160)", "fitness": 0.0}
{"generation": 3, "position": 53, "parents": [14], "genome": "r(39,76) d(36) a(38,49) r(38,76)", "fitness": 0.0}
{"generation": 3, "position": 54, "parents": [3], "genome": "r(29,79) r(5,39) a(32,160)", "fitness": 0.0}
{"generation": 3, "position": 55, "parents": [9], "genome": "d(36) a(31,104) a(39,82) a(38,83)", "fitness": 0.0}
{"generation": 3, "position": 56, "parents": [43, 54], "genome": "r(29,79) r(39,46) d(38)", "fitness": 0.0}
{"generation": 3, "position": 57, "parents": [43, 54], "genome": "d(36) a(31,104) a(38,83) r(36,133) r(38,41)", "fitness": 0.0}
{"generation": 3, "position": 58, "parents": [43], "genome": "r(29,79) r(39,46) r(36,133) d(38)", "fitness": 0.0}
{"generation": 3, "position": 59, "parents": [54], "genome": "d(36) a(31,104) a(38,83) a(38,47)", "fitness": 0.0}
{"generation": 3, "position": 60, "parents": [50], "genome": "r(35,40) a(38,45) d(38)", "fitness": 0.0}
{"generation": 3, "position": 61, "parents": [14], "genome": "r(39,76) d(36) a(38,49) a(37,66)", "fitness": 0.0}
{"generation": 3, "position": 62, "parents": [9], "genome": "d(36) a(31,104) a(39,82) a(31,74)", "fitness": 0.0}
{"generation": 4, "position": 0, "parents": [41, 58], "genome": "d(31) r(32,90) a(36,73) d(38) d(29)", "fitness": 0.0}
{"generation": 4, "position": 1, "parents": [41, 58], "genome": "r(29,79) r(39,46) r(36,133) d(39) a(5,61)", "fitness": 12.0}
{"generation": 4, "position": 2, "parents": [41], "genome": "d(31) r(32,90) a(36,73) d(39) r(29,5)", "fitness": 0.0}
{"generation": 4, "position": 3, "parents": [58], "genome": "r(29,79) r(39,46) r(36,133) d(38) r(37,128)", "fitness": 0.0}
{"generation": 4, "position": 4, "parents": [38], "genome": "r(38,35) r(39,133) a(5,91) d(32) a(6,162)", "fitness": 0.0}
{"generation": 4, "position": 5, "parents": [37], "genome": "r(29,79) r(39,104) a(38,50) d(6)", "fitness": 0.0}
{"generation": 4, "position": 6, "parents": [58, 40], "genome": "r(29,79) r(39,46) r(36,133) d(38) r(39,101) d(38) r(32,35)", "fitness": 0.0}
{"generation": 4, "position": 7, "parents": [58, 40], "genome": "a(29,56) a(38,133) a(39,124) d(36)", "fitness": 0.0}
{"generation": 4, "position": 8, "parents": [58], "genome": "r(29,79) r(39,46) r(36,133) d(38) d(7)", "fitness": 12.0}
{"generation": 4, "position": 9, "parents": [40], "genome": "a(29,56) a(38,133) a(39,124) r(39,101) d(38) r(32,46)", "fitness": 0.0}
{"generation": 4, "position": 10, "parents": [41, 54], "genome": "d(31) r(32,90) a(36,73) a(32,160) d(38)", "fitness": 0.0}
{"generation": 4, "position": 11, "parents": [41, 54], "genome": "r(29,79) r(5,39) d(39) d(38)", "fitness": 0.0}
{"generation": 4, "position": 12, "parents": [41], "genome": "d(31) r(32,90) a(36,73) d(39) a(37,65)", "fitness": 0.0}
{"generation": 4, "position": 13, "parents": [54], "genome": "r(29,79) r(5,39) a(32,160) a(39,72)", "fitness": 0.0}
{"generation": 4, "position": 14, "parents": [47], "genome": "r(29,79) r(39,41) d(38)", "fitness": 0.0}
{"generation": 4, "position": 15, "parents": [1], "genome": "d(39) d(38) r(36,66) a(32,50) a(5,83)", "fitness": 0.0}
{"generation": 4, "position": 16, "parents": [48, 5], "genome": "r(35,40) r(38,72) r(39,46) a(38,40) d(38) a(6,145)", "fitness": 0.0}
{"generation": 4, "position": 17, "parents": [48, 5], "genome": "d(39) r(36,44) a(31,80) d(32) d(6)", "fitness": 0.0}
{"generation": 4, "position": 18, "parents": [48], "genome": "r(35,40) r(38,72) r(39,46) a(31,80) d(32) a(31,66)", "fitness": 0.0}
{"generation": 4, "position": 19, "parents": [5], "genome": "d(39) r(36,44) a(38,40) d(38) r(35,41)", "fitness": 0.0}
{"generation": 4, "position": 20, "parents": [47], "genome": "r(29,79) r(39,41) r(38,31)", "fitness": 0.0}
{"generation": 4, "position": 21, "parents": [4], "genome": "d(36) r(38,133) r(39,83) r(32,90) r(6,48)", "fitness": 0.0}
{"generation": 4, "position": 22, "parents": [42], "genome": "r(29,79) r(39,104) d(38) d(39) r(38,108) r(5,104) d(36)", "fitness": 0.0}
{"generation": 4, "position": 23, "parents": [17], "genome": "r(35,40) d(39) d(38) d(31) d(6)", "fitness": 0.0}
{"generation": 4, "position": 24, "parents": [42], "genome": "r(29,79) r(39,104) d(38) d(39) r(38,108) r(5,104) a(37,93)", "fitness": 0.0}
{"generation": 4, "position": 25, "parents": [11], "genome": "r(39,76) d(36) a(38,49) d(32) r(37,36)", "fitness": 0.0}
{"generation": 4, "position": 26, "parents": [23], "genome": "r(39,76) d(35) a(38,40) a(29,128) r(38,32)", "fitness": 0.0}
{"generation": 4, "position": 27, "parents": [6], "genome": "d(36) r(38,133) r(39,83) r(7,79) r(35,154)", "fitness": 0.0}
{"generation": 4, "position": 28, "parents": [41, 5], "genome": "d(31) r(32,90) a(38,40) d(38) a(39,74)", "fitness": 0.0}
{"generation": 4, "position": 29, "parents": [41, 5], "genome": "d(39) r(36,44) a(36,73) d(39) a(38,104)", "fitness": 0.0}
{"generation": 4, "position": 30, "parents": [41], "genome": "d(31) r(32,90) a(36,73) d(39) r(38,31)", "fitness": 0.0}
{"generation": 4, "position": 31, "parents": [5], "genome": "d(39) r(36,44) a(38,40) d(38) r(29,83)", "fitness": 0.0}
{"generation": 4, "position": 32, "parents": [1], "genome": "d(39) d(38) r(36,66) a(32,50) a(29,93)", "fitness": 0.0}
{"generation": 4, "position": 33, "parents": [56], "genome": "r(29,79) r(39,46) d(38) r(35,32)", "fitness": 0.0}
{"generation": 4, "position": 34, "parents": [34, 59], "genome": "r(35,40) r(38,72) r(39,163) a(38,83) a(38,47) a(37,56)", "fitness": 0.0}
{"generation": 4, "position": 35, "parents": [34, 59], "genome": "d(36) a(31,104) r(37,66) d(7)", "fitness": 12.0}
{"generation": 4, "position": 36, "parents": [34], "genome": "r(35,40) r(38,72) r(39,163) r(37,66) a(6,36)", "fitness": 0.0}
{"generation": 4, "position": 37, "parents": [59], "genome": "d(36) a(31,104) a(38,83) a(38,47) r(39,145)", "fitness": 0.0}
{"generation": 4, "position": 38, "parents": [43], "genome": "r(29,79) d(39) d(38)", "fitness": 0.0}
{"generation": 4, "position": 39, "parents": [44], "genome": "r(29,79) r(39,104) d(38) d(6) a(32,32)", "fitness": 0.0}
{"generation": 4, "position": 40, "parents": [50], "genome": "r(35,40) a(38,48) a(38,36) d(39) a(38,48)", "fitness": 0.0}
{"generation": 4, "position": 41, "parents": [63], "genome": "r(35,40) d(38) r(6,83) a(32,83) d(32)", "fitness": 0.0}
{"generation": 4, "position": 42, "parents": [49, 17], "genome": "r(29,79) d(39) r(38,108) a(35,91) d(31) d(7)", "fitness": 12.0}
{"generation": 4, "position": 43, "parents": [49, 17], "genome": "r(35,40) d(39) d(38) r(37,124)", "fitness": 12.0}
{"generation": 4, "position": 44, "parents": [49], "genome": "r(29,79) d(39) r(38,108) a(35,91) r(7,78)", "fitness": 0.0}
{"generation": 4, "position": 45, "parents": [17], "genome": "r(35,40) d(39) d(38) d(31) r(32,95)", "fitness": 0.0}
{"generation": 4, "position": 46, "parents": [19, 50], "genome": "d(39) r(32,90) r(38,61) d(39) d(39) a(36,39)", "fitness": 0.0}
{"generation": 4, "position": 47, "parents": [19, 50], "genome": "r(35,40) a(38,48) a(38,36) r(29,74) a(38,125)", "fitness": 0.0}
{"generation": 4, "position": 48, "parents": [19], "genome": "d(39) r(32,90) r(38,61) d(39) r(29,74) a(36,53)", "fitness": 0.0}
{"generation": 4, "position": 49, "parents": [50], "genome": "r(35,40) a(38,48) a(38,36) d(39) d(38)", "fitness": 0.0}
{"generation": 4, "position": 50, "parents": [50, 42], "genome": "r(35,40) a(38,48) a(38,36) d(39) d(39) r(38,108) r(5,104) d(31)", "fitness": 0.0}
{"generation": 4, "position": 51, "parents": [50, 42], "genome": "r(29,79) r(39,104) d(38) r(35,125)", "fitness": 0.0}
{"generation": 4, "position": 52, "parents": [50], "genome": "r(35,40) a(38,48) a(38,36) d(39) a(38,96)", "fitness": 0.0}
{"generation": 4, "position": 53, "parents": [42], "genome": "r(29,79) r(39,104) d(38) d(39) r(38,108) r(5,104) a(35,96)", "fitness": 0.0}
{"generation": 4, "position": 54, "parents": [10, 44], "genome": "d(39) r(39,104) d(38) d(6) a(29,58)", "fitness": 0.0}
{"generation": 4, "position": 55, "parents": [10, 44], "genome": "r(29,79) d(38) r(36,66) r(31,74) a(37,160)", "fitness": 0.0}
{"generation": 4, "position": 56, "parents": [10], "genome": "d(39) d(38) r(36,66) r(31,74) d(37)", "fitness": 0.0}
{"generation": 4, "position": 57, "parents": [44], "genome": "r(29,79) r(39,104) d(38) d(6) r(32,133)", "fitness": 0.0}
{"generation": 4, "position": 58, "parents": [5], "genome": "d(39) r(36,44) a(38,40) d(38) d(32)", "fitness": 0.0}
{"generation": 5, "position": 0, "parents": [7], "genome": "a(29,56) a(38,133) a(39,124) d(36) r(38,49)", "fitness": 0.0}
{"generation": 5, "position": 1, "parents": [59], "genome": "d(39) d(38) a(38,49) r(35,160) a(32,79) d(6)", "fitness": 0.0}
{"generation": 5, "position": 2, "parents": [32, 14], "genome": "d(39) d(38) r(39,41) d(38) d(29)", "fitness": 4.0}
{"generation": 5, "position": 3, "parents": [32, 14], "genome": "r(29,79) r(36,66) a(32,50) a(29,93) d(39)", "fitness": 0.0}
{"generation": 5, "position": 4, "parents": [32], "genome": "d(39) d(38) r(36,66) a(32,50) a(29,93) r(29,32)", "fitness": 0.0}
{"generation": 5, "position": 5, "parents": [14], "genome": "r(29,79) r(39,41) d(38) d(36)", "fitness": 0.0}
{"generation": 5, "position": 6, "parents": [31], "genome": "d(39) r(36,44) a(38,40) d(38) r(29,83) r(5,29)", "fitness": 0.0}
{"generation": 5, "position": 7, "parents": [39], "genome": "r(29,79) r(39,104) d(38) d(6) a(32,32) d(37)", "fitness": 0.0}
{"generation": 5, "position": 8, "parents": [46], "genome": "d(39) r(32,90) r(38,61) d(39) d(39) a(36,39) r(7,162)", "fitness": 12.0}
{"generation": 5, "position": 9, "parents": [48], "genome": "d(39) r(32,90) r(38,61) d(39) r(29,74) a(36,53) d(7)", "fitness": 0.0}
{"generation": 5, "position": 10, "parents": [50, 54], "genome": "r(35,40) a(38,48) r(39,104) d(38) d(6) a(29,58) r(5,56)", "fitness": 0.0}
{"generation": 5, "position": 11, "parents": [50, 54], "genome": "d(39) a(38,36) d(39) d(39) r(38,108) r(5,104) d(31) r(35,40)", "fitness": 0.0}
{"generation": 5, "position": 12, "parents": [50], "genome": "r(35,40) a(38,48) a(38,36) d(39) d(39) r(38,108) r(5,104) d(31) r(32,90)", "fitness": 0.0}
{"generation": 5, "position": 13, "parents": [54], "genome": "d(39) r(39,104) d(38) d(6) a(29,58) d(35)", "fitness": 0.0}
{"generation": 5, "position": 14, "parents": [19, 41], "genome": "d(39) r(36,44) a(38,40) d(38) d(32) r(29,60)", "fitness": 0.0}
{"generation": 5, "position": 15, "parents": [19, 41], "genome": "r(35,40) d(38) r(6,83) a(32,83) r(35,41) a(36,79)", "fitness": 0.0}
{"generation": 5, "position": 16, "parents": [19], "genome": "d(39) r(36,44) a(38,40) d(38) r(35,41) a(29,44)", "fitness": 0.0}
{"generation": 5, "position": 17, "parents": [41], "genome": "r(35,40) d(38) r(6,83) a(32,83) d(32) d(39)", "fitness": 0.0}
{"generation": 5, "position": 18, "parents": [6, 18], "genome": "r(29,79) r(39,46) r(36,133) d(38) r(39,101) d(38) a(31,80) d(32) a(31,66) r(5,95)", "fitness": 12.0}
{"generation": 5, "position": 19, "parents": [6, 18], "genome": "r(35,40) r(38,72) r(39,46) r(32,35) d(37)", "fitness": 4.0}
{"generation": 5, "position": 20, "parents": [6], "genome": "r(29,79) r(39,46) r(36,133) d(38) r(39,101) d(38) r(32,35) a(6,73)", "fitness": 0.0}
{"generation": 5, "position": 21, "parents": [18], "genome": "r(35,40) r(38,72) r(39,46) a(31,80) d(32) a(31,66) a(7,6)", "fitness": 0.0}
{"generation": 5, "position": 22, "parents": [23], "genome": "r(35,40) d(39) d(38) d(31) d(6) r(32,45)", "fitness": 0.0}
{"generation": 5, "position": 23, "parents": [3], "genome": "r(29,79) r(39,46) r(36,133) d(38) r(37,128) d(32)", "fitness": 0.0}
{"generation": 5, "position": 24, "parents": [51, 47], "genome": "r(29,79) r(39,104) d(38) a(38,125) r(37,5)", "fitness": 0.0}
{"generation": 5, "position": 25, "parents": [51, 47], "genome": "r(35,40) a(38,48) a(38,36) r(29,74) r(35,125) r(39,80)", "fitness": 0.0}
{"generation": 5, "position": 26, "parents": [51], "genome": "r(29,79) r(39,104) d(38) r(35,125) d(37)", "fitness": 0.0}
{"generation": 5, "position": 27, "parents": [47], "genome": "r(35,40) a(38,48) a(38,36) r(29,74) a(38,125) r(37,45)", "fitness": 0.0}
{"generation": 5, "position": 28, "parents": [46, 4], "genome": "d(39) r(32,90) r(38,61) d(39) d(39) a(36,39) d(6)", "fitness": 0.0}
{"generation": 5, "position": 29, "parents": [46, 4], "genome": "r(38,35) r(39,133) a(5,91) d(32) a(6,162) a(36,80)", "fitness": 0.0}
{"generation": 5, "position": 30, "parents": [46], "genome": "d(39) r(32,90) r(38,61) d(39) d(39) a(36,39) a(7,104)", "fitness": 0.0}
{"generation": 5, "position": 31, "parents": [4], "genome": "r(38,35) r(39,133) a(5,91) d(32) a(6,162) r(6,76)", "fitness": 0.0}
{"generation": 5, "position": 32, "parents": [2], "genome": "d(31) r(32,90) a(36,73) d(39) r(29,5) a(38,32)", "fitness": 0.0}
{"generation": 5, "position": 33, "parents": [32], "genome": "d(39) d(38) r(36,66) a(32,50) a(29,93) d(35)", "fitness": 0.0}
{"generation": 5, "position": 34, "parents": [31, 18], "genome": "d(39) r(36,44) a(31,80) d(32) a(31,66) a(38,32)", "fitness": 0.0}
{"generation": 5, "position": 35, "parents": [31, 18], "genome": "r(35,40) r(38,72) r(39,46) a(38,40) d(38) r(29,83) r(6,79)", "fitness": 0.0}
{"generation": 5, "position": 36, "parents": [31], "genome": "d(39) r(36,44) a(38,40) d(38) r(29,83) r(35,80)", "fitness": 0.0}
{"generation": 5, "position": 37, "parents": [18], "genome": "r(35,40) r(38,72) r(39,46) a(31,80) d(32) a(31,66) r(36,42)", "fitness": 0.0}
{"generation": 5, "position": 38, "parents": [54, 51], "genome": "d(39) r(39,104) d(38) d(6) a(29,58) d(5)", "fitness": 4.0}
{"generation": 5, "position": 39, "parents": [54, 51], "genome": "r(29,79) r(39,104) d(38) r(35,125) a(7,154)", "fitness": 0.0}
{"generation": 5, "position": 40, "parents": [54], "genome": "d(39) r(39,104) d(38) d(6) a(29,58) d(35)", "fitness": 0.0}
{"generation": 5, "position": 41, "parents": [51], "genome": "r(29,79) r(39,104) d(38) r(35,125) r(32,53)", "fitness": 0.0}
{"generation": 5, "position": 42, "parents": [52], "genome": "r(35,40) a(38,48) a(38,36) d(39) a(38,96) a(38,74)", "fitness": 0.0}
{"generation": 5, "position": 43, "parents": [22], "genome": "r(29,79) r(39,104) d(38) d(39) r(38,108) r(5,104) d(36) a(32,76)", "fitness": 0.0}
{"generation": 5, "position": 44, "parents": [34, 44], "genome": "r(35,40) r(38,72) a(35,91) r(7,78) a(37,125)", "fitness": 0.0}
{"generation": 5, "position": 45, "parents": [34, 44], "genome": "r(29,79) d(39) r(38,108) r(39,163) a(38,83) a(38,47) a(37,56) r(37,82)", "fitness": 0.0}
{"generation": 5, "position": 46, "parents": [34], "genome": "r(35,40) r(38,72) r(39,163) a(38,83) a(38,47) a(37,56) r(37,80)", "fitness": 0.0}
{"generation": 5, "position": 47, "parents": [44], "genome": "r(29,79) d(39) r(38,108) a(35,91) r(7,78) d(36)", "fitness": 0.0}
{"generation": 5, "position": 48, "parents": [2, 30], "genome": "d(31) r(32,90) a(36,73) d(39) r(38,31)", "fitness": 0.0}
{"generation": 5, "position": 49, "parents": [2, 30], "genome": "d(31) r(32,90) a(36,73) d(39) r(38,31) r(29,5) d(6)", "fitness": 0.0}
{"generation": 5, "position": 50, "parents": [2], "genome": "d(31) r(32,90) a(36,73) d(39) r(29,5) a(38,125)", "fitness": 0.0}
{"generation": 5, "position": 51, "parents": [30], "genome": "d(31) r(32,90) a(36,73) d(39) r(38,31) a(37,160)", "fitness": 0.0}
{"generation": 5, "position": 52, "parents": [6], "genome": "r(29,79) r(39,46) r(36,133) d(38) r(39,101) d(38) r(32,35) d(5)", "fitness": 0.0}
{"generation": 5, "position": 53, "parents": [46], "genome": "d(39) r(32,90) r(38,61) d(39) d(39) a(36,39) r(5,56)", "fitness": 0.0}
{"generation": 5, "position": 54, "parents": [58], "genome": "d(39) r(36,44) a(38,40) d(38) d(32) a(29,72)", "fitness": 0.0}
{"generation": 5, "position": 55, "parents": [53], "genome": "r(29,79) r(39,104) d(38) d(39) r(38,108) r(5,104) a(35,96) r(32,125)", "fitness": 0.0}
{"generation": 5, "position": 56, "parents": [11], "genome": "r(29,79) r(5,39) d(39) d(38) a(37,53)", "fitness": 0.0}
{"generation": 5, "position": 57, "parents": [46], "genome": "d(39) r(32,90) r(38,61) d(39) d(39) a(36,39) a(7,76)", "fitness": 0.0}
{"generation": 5, "position": 58, "parents": [10, 46], "genome": "d(31) r(32,90) r(38,61) d(39) d(39) a(36,39) r(6,78)", "fitness": 0.0}
{"generation": 5, "position": 59, "parents": [10, 46], "genome": "d(39) r(32,90) a(36,73) a(32,160) d(38) r(7,46)", "fitness": 12.0}
{"generation": 5, "position": 60, "parents": [10], "genome": "d(31) r(32,90) a(36,73) a(32,160) d(38) d(39)", "fitness": 0.0}
{"generation": 6, "position": 0, "parents": [51], "genome": "d(31) r(32,90) a(36,73) d(39) r(38,31) a(37,160) r(29,91)", "fitness": 0.0}
{"generation": 6, "position": 1, "parents": [21], "genome": "r(35,40) r(38,72) r(39,46) a(31,80) d(32) a(31,66) a(7,6) r(37,32)", "fitness": 0.0}
{"generation": 6, "position": 2, "parents": [34], "genome": "d(39) r(36,44) a(31,80) d(32) a(31,66) a(38,32) r(6,93)", "fitness": 0.0}
{"generation": 6, "position": 3, "parents": [16], "genome": "d(39) r(36,44) a(38,40) d(38) r(35,41) a(29,44) r(31,80)", "fitness": 0.0}
{"generation": 6, "position": 4, "parents": [1, 33], "genome": "d(39) d(38) a(38,49) r(35,160) a(32,79) d(6)", "fitness": 0.0}
{"generation": 6, "position": 5, "parents": [1, 33], "genome": "d(39) d(38) r(36,66) a(32,50) a(29,93) d(35) d(6) a(31,31)", "fitness": 0.0}
{"generation": 6, "position": 6, "parents": [1], "genome": "d(39) d(38) a(38,49) r(35,160) a(32,79) d(6) a(31,56)", "fitness": 0.0}
{"generation": 6, "position": 7, "parents": [33], "genome": "d(39) d(38) r(36,66) a(32,50) a(29,93) d(35) r(7,145)", "fitness": 12.0}
{"generation": 6, "position": 8, "parents": [33, 4], "genome": "d(39) d(38) r(36,66) a(32,50) a(29,93) d(35) r(29,32) d(37)", "fitness": 0.0}
{"generation": 6, "position": 9, "parents": [33, 4], "genome": "d(39) d(38) r(36,66) a(32,50) a(29,93) a(29,74)", "fitness": 0.0}
{"generation": 6, "position": 10, "parents": [33], "genome": "d(39) d(38) r(36,66) a(32,50) a(29,93) d(35) a(31,154)", "fitness": 0.0}
{"generation": 6, "position": 11, "parents": [4], "genome": "d(39) d(38) r(36,66) a(32,50) a(29,93) r(29,32) a(35,108)", "fitness": 0.0}
{"generation": 6, "position": 12, "parents": [45, 20], "genome": "r(29,79) r(36,133) d(38) r(39,101) d(38) r(32,35) a(6,73) r(7,83)", "fitness": 0.0}
{"generation": 6, "position": 13, "parents": [45, 20], "genome": "r(29,79) r(39,46) d(39) r(38,108) r(39,163) a(38,83) a(38,47) a(37,56) r(37,82) d(7)", "fitness": 12.0}
{"generation": 6, "position": 14, "parents": [45], "genome": "r(29,79) d(39) r(38,108) r(39,163) a(38,83) a(38,47) a(37,56) r(37,82) a(7,78)", "fitness": 0.0}
{"generation": 6, "position": 15, "parents": [20], "genome": "r(29,79) r(39,46) r(36,133) d(38) r(39,101) d(38) r(32,35) a(6,73) a(5,128)", "fitness": 0.0}
{"generation": 6, "position": 16, "parents": [15], "genome": "r(35,40) d(38) r(6,83) a(32,83) r(35,41) a(36,79) a(39,133)", "fitness": 0.0}
{"generation": 6, "position": 17, "parents": [23], "genome": "r(29,79) r(39,46) r(36,133) d(38) r(37,128) d(32) r(7,43)", "fitness": 0.0}
{"generation": 6, "position": 18, "parents": [55], "genome": "r(29,79) r(39,104) d(38) d(39) r(38,108) r(5,104) a(35,96) r(32,125) d(37)", "fitness": 0.0}
{"generation": 6, "position": 19, "parents": [57], "genome": "d(39) r(32,90) r(38,61) d(39) d(39) a(36,39) a(7,76) d(36)", "fitness": 0.0}
{"generation": 6, "position": 20, "parents": [46], "genome": "r(35,40) r(38,72) r(39,163) a(38,83) a(38,47) a(37,56) r(37,80) a(7,160)", "fitness": 0.0}
{"generation": 6, "position": 21, "parents": [39], "genome": "r(29,79) r(39,104) d(38) r(35,125) a(7,154) r(7,80)", "fitness": 12.0}
{"generation": 6, "position": 22, "parents": [12], "genome": "r(35,40) a(38,48) a(38,36) d(39) d(39) r(38,108) r(5,104) d(31) r(32,90) a(37,42)", "fitness": 0.0}
{"generation": 6, "position": 23, "parents": [21], "genome": "r(35,40) r(38,72) r(39,46) a(31,80) d(32) a(31,66) a(7,6) r(6,80)", "fitness": 0.0}
{"generation": 6, "position": 24, "parents": [3, 60], "genome": "r(29,79) r(36,66) a(32,50) a(29,93) d(39) a(38,35)", "fitness": 0.0}
{"generation": 6, "position": 25, "parents": [3, 60], "genome": "d(31) r(32,90) a(36,73) a(32,160) d(38) d(39) a(5,82)", "fitness": 0.0}
{"generation": 6, "position": 26, "parents": [3], "genome": "r(29,79) r(36,66) a(32,50) a(29,93) d(39) a(38,65)", "fitness": 0.0}
{"generation": 6, "position": 27, "parents": [60], "genome": "d(31) r(32,90) a(36,73) a(32,160) d(38) d(39) d(37)", "fitness": 0.0}
{"generation": 6, "position": 28, "parents": [41], "genome": "r(29,79) r(39,104) d(38) r(35,125) r(32,53) d(6)", "fitness": 0.0}
{"generation": 6, "position": 29, "parents": [17], "genome": "r(35,40) d(38) r(6,83) a(32,83) d(32) d(39) a(36,125)", "fitness": 0.0}
{"generation": 6, "position": 30, "parents": [50], "genome": "d(31) r(32,90) a(36,73) d(39) r(29,5) a(38,125) a(38,79)", "fitness": 0.0}
{"generation": 6, "position": 31, "parents": [21], "genome": "r(35,40) r(38,72) r(39,46) a(31,80) d(32) a(31,66) a(7,6) a(31,39)", "fitness": 0.0}
{"generation": 6, "position": 32, "parents": [49, 56], "genome": "d(31) r(32,90) a(36,73) d(39) r(38,31) a(37,53) a(37,145)", "fitness": 0.0}
{"generation": 6, "position": 33, "parents": [49, 56], "genome": "r(29,79) r(5,39) d(39) d(38) r(29,5) d(6) a(32,44)", "fitness": 0.0}
{"generation": 6, "position": 34, "parents": [49], "genome": "d(31) r(32,90) a(36,73) d(39) r(38,31) r(29,5) d(6) r(36,44)", "fitness": 0.0}
{"generation": 6, "position": 35, "parents": [56], "genome": "r(29,79) r(5,39) d(39) d(38) a(37,53) r(37,36)", "fitness": 0.0}
{"generation": 6, "position": 36, "parents": [32, 58], "genome": "d(31) r(32,90) a(39,50)", "fitness": 0.0}
{"generation": 6, "position": 37, "parents": [32, 58], "genome": "d(31) r(32,90) r(38,61) d(39) d(39) a(36,39) r(6,78) a(36,73) d(39) r(29,5) a(38,32) a(5,163)", "fitness": 0.0}
{"generation": 6, "position": 38, "parents": [32], "genome": "d(31) r(32,90) a(36,73) d(39) r(29,5) a(38,32) r(38,145)", "fitness": 0.0}
{"generation": 6, "position": 39, "parents": [58], "genome": "d(31) r(32,90) r(38,61) d(39) d(39) a(36,39) r(6,78) r(36,40)", "fitness": 0.0}
{"generation": 6, "position": 40, "parents": [48, 39], "genome": "d(31) r(39,104) d(38) r(35,125) a(7,154) r(29,154)", "fitness": 0.0}
{"generation": 6, "position": 41, "parents": [48, 39], "genome": "r(29,79) r(32,90) a(36,73) d(39) r(38,31) a(7,96)", "fitness": 0.0}
{"generation": 6, "position": 42, "parents": [48], "genome": "d(31) r(32,90) a(36,73) d(39) r(38,31) d(6)", "fitness": 0.0}
{"generation": 6, "position": 43, "parents": [39], "genome": "r(29,79) r(39,104) d(38) r(35,125) a(7,154) r(7,41)", "fitness": 12.0}
{"generation": 6, "position": 44, "parents": [60, 4], "genome": "d(31) r(32,90) a(29,93) r(29,32) a(6,83)", "fitness": 0.0}
{"generation": 6, "position": 45, "parents": [60, 4], "genome": "d(39) d(38) r(36,66) a(32,50) a(36,73) a(32,160) d(38) d(39) d(5)", "fitness": 0.0}
{"generation": 6, "position": 46, "parents": [60], "genome": "d(31) r(32,90) a(36,73) a(32,160) d(38) d(39) r(36,93)", "fitness": 0.0}
{"generation": 6, "position": 47, "parents": [4], "genome": "d(39) d(38) r(36,66) a(32,50) a(29,93) r(29,32) d(37)", "fitness": 0.0}
{"generation": 6, "position": 48, "parents": [1], "genome": "d(39) d(38) a(38,49) r(35,160) a(32,79) d(6) a(36,145)", "fitness": 0.0}
{"generation": 6, "position": 49, "parents": [31], "genome": "r(38,35) r(39,133) a(5,91) d(32) a(6,162) r(6,76) r(31,79)", "fitness": 0.0}
{"generation": 6, "position": 50, "parents": [56, 45], "genome": "r(29,79) r(5,39) d(39) r(39,163) a(38,83) a(38,47) a(37,56) r(37,82) d(35)", "fitness": 0.0}
{"generation": 6, "position": 51, "parents": [56, 45], "genome": "r(29,79) d(39) r(38,108) d(38) a(37,53) a(5,163)", "fitness": 12.0}
{"generation": 6, "position": 52, "parents": [56], "genome": "r(29,79) r(5,39) d(39) d(38) a(37,53) a(36,58)", "fitness": 0.0}
{"generation": 6, "position": 53, "parents": [45], "genome": "r(29,79) d(39) r(38,108) r(39,163) a(38,83) a(38,47) a(37,56) r(37,82) d(5)", "fitness": 0.0}
{"generation": 6, "position": 54, "parents": [22, 34], "genome": "r(35,40) d(32) a(31,66) a(38,32) r(38,29)", "fitness": 0.0}
{"generation": 6, "position": 55, "parents": [22, 34], "genome": "d(39) r(36,44) a(31,80) d(39) d(38) d(31) d(6) r(32,45) a(5,79)", "fitness": 0.0}
{"generation": 6, "position": 56, "parents": [22], "genome": "r(35,40) d(39) d(38) d(31) d(6) r(32,45) d(5)", "fitness": 0.0}
{"generation": 6, "position": 57, "parents": [34], "genome": "d(39) r(36,44) a(31,80) d(32) a(31,66) a(38,32) d(38)", "fitness": 0.0}
{"generation": 6, "position": 58, "parents": [58, 56], "genome": "d(31) r(32,90) r(38,61) d(39) d(39) r(37,74)", "fitness": 0.0}
{"generation": 6, "position": 59, "parents": [58, 56], "genome": "r(29,79) r(5,39) d(39) d(38) a(37,53) a(36,39) r(6,78) d(36)", "fitness": 0.0}
{"generation": 6, "position": 60, "parents": [58], "genome": "d(31) r(32,90) r(38,61) d(39) d(39) a(36,39) r(6,78) d(37)", "fitness": 0.0}
{"generation": 7, "position": 0, "parents": [46], "genome": "d(31) r(32,90) a(36,73) a(32,160) d(38) d(39) r(36,93) d(6)", "fitness": 0.0}
{"generation": 7, "position": 1, "parents": [36], "genome": "d(31) r(32,90) a(39,50) r(38,90)", "fitness": 0.0}
{"generation": 7, "position": 2, "parents": [21, 24], "genome": "r(29,79) a(38,35) a(37,49)", "fitness": 0.0}
{"generation": 7, "position": 3, "parents": [21, 24], "genome": "r(29,79) r(36,66) a(32,50) a(29,93) d(39) r(39,104) d(38) r(35,125) a(7,154) r(7,80) a(5,162)", "fitness": 12.0}
{"generation": 7, "position": 4, "parents": [21], "genome": "r(29,79) r(39,104) d(38) r(35,125) a(7,154) r(7,80) a(36,90)", "fitness": 12.0}
{"generation": 7, "position": 5, "parents": [24], "genome": "r(29,79) r(36,66) a(32,50) a(29,93) d(39) a(38,35) r(32,58)", "fitness": 0.0}
{"generation": 7, "position": 6, "parents": [35], "genome": "r(29,79) r(5,39) d(39) d(38) a(37,53) r(37,36) r(35,72)", "fitness": 0.0}
{"generation": 7, "position": 7, "parents": [16], "genome": "r(35,40) d(38) r(6,83) a(32,83) r(35,41) a(36,79) a(39,133) d(39)", "fitness": 0.0}
{"generation": 7, "position": 8, "parents": [30, 58], "genome": "d(31) r(32,90) a(36,73) d(39) r(29,5) a(38,125) a(38,79) d(39) r(37,74) r(5,128)", "fitness": 0.0}
{"generation": 7, "position": 9, "parents": [30, 58], "genome": "d(31) r(32,90) r(38,61) d(39) a(29,162)", "fitness": 0.0}
{"generation": 7, "position": 10, "parents": [30], "genome": "d(31) r(32,90) a(36,73) d(39) r(29,5) a(38,125) a(38,79) r(38,44)", "fitness": 0.0}
{"generation": 7, "position": 11, "parents": [58], "genome": "d(31) r(32,90) r(38,61) d(39) d(39) r(37,74) d(36)", "fitness": 0.0}
{"generation": 7, "position": 12, "parents": [41], "genome": "r(29,79) r(32,90) a(36,73) d(39) r(38,31) a(7,96) a(5,36)", "fitness": 12.0}
{"generation": 7, "position": 13, "parents": [36], "genome": "d(31) r(32,90) a(39,50) a(39,38)", "fitness": 0.0}
{"generation": 7, "position": 14, "parents": [6, 12], "genome": "d(39) d(38) a(38,49) r(35,160) a(32,79) r(32,35) a(6,73) r(7,83) r(6,43)", "fitness": 0.0}
{"generation": 7, "position": 15, "parents": [6, 12], "genome": "r(29,79) r(36,133) d(38) r(39,101) d(38) d(6) a(31,56) r(32,31)", "fitness": 0.0}
{"generation": 7, "position": 16, "parents": [6], "genome": "d(39) d(38) a(38,49) r(35,160) a(32,79) d(6) a(31,56) r(31,124)", "fitness": 0.0}
{"generation": 7, "position": 17, "parents": [12], "genome": "r(29,79) r(36,133) d(38) r(39,101) d(38) r(32,35) a(6,73) r(7,83) a(6,104)", "fitness": 0.0}
{"generation": 7, "position": 18, "parents": [31], "genome": "r(35,40) r(38,72) r(39,46) a(31,80) d(32) a(31,66) a(7,6) a(31,39) r(29,44)", "fitness": 0.0}
{"generation": 7, "position": 19, "parents": [50], "genome": "r(29,79) r(5,39) d(39) r(39,163) a(38,83) a(38,47) a(37,56) r(37,82) d(35) a(36,48)", "fitness": 0.0}
{"generation": 7, "position": 20, "parents": [57], "genome": "d(39) r(36,44) a(31,80) d(32) a(31,66) a(38,32) d(38) d(7)", "fitness": 12.0}
{"generation": 7, "position": 21, "parents": [2], "genome": "d(39) r(36,44) a(31,80) d(32) a(31,66) a(38,32) r(6,93) d(38)", "fitness": 0.0}
{"generation": 7, "position": 22, "parents": [24], "genome": "r(29,79) r(36,66) a(32,50) a(29,93) d(39) a(38,35) d(35)", "fitness": 0.0}
{"generation": 7, "position": 23, "parents": [39], "genome": "d(31) r(32,90) r(38,61) d(39) d(39) a(36,39) r(6,78) r(36,40) r(5,78)", "fitness": 0.0}
{"generation": 7, "position": 24, "parents": [54], "genome": "r(35,40) d(32) a(31,66) a(38,32) r(38,29) r(36,93)", "fitness": 0.0}
{"generation": 7, "position": 25, "parents": [40], "genome": "d(31) r(39,104) d(38) r(35,125) a(7,154) r(29,154) r(6,76)", "fitness": 0.0}
{"generation": 7, "position": 26, "parents": [40, 33], "genome": "d(31) r(39,104) d(38) r(35,125) a(7,154) r(29,154) r(29,5) d(6) a(32,44) a(36,74)", "fitness": 0.0}
{"generation": 7, "position": 27, "parents": [40, 33], "genome": "r(29,79) r(5,39) d(39) d(38) d(35)", "fitness": 0.0}
{"generation": 7, "position": 28, "parents": [40], "genome": "d(31) r(39,104) d(38) r(35,125) a(7,154) r(29,154) a(32,72)", "fitness": 0.0}
{"generation": 7, "position": 29, "parents": [33], "genome": "r(29,79) r(5,39) d(39) d(38) r(29,5) d(6) a(32,44) a(36,38)", "fitness": 0.0}
{"generation": 7, "position": 30, "parents": [22, 24], "genome": "r(35,40) a(38,48) a(38,36) d(39) d(38)", "fitness": 0.0}
{"generation": 7, "position": 31, "parents": [22, 24], "genome": "r(29,79) r(36,66) a(32,50) a(29,93) d(39) a(38,35) d(39) r(38,108) r(5,104) d(31) r(32,90) a(37,42) r(37,36)", "fitness": 0.0}
{"generation": 7, "position": 32, "parents": [22], "genome": "r(35,40) a(38,48) a(38,36) d(39) d(39) r(38,108) r(5,104) d(31) r(32,90) a(37,42) a(29,145)", "fitness": 0.0}
{"generation": 7, "position": 33, "parents": [24], "genome": "r(29,79) r(36,66) a(32,50) a(29,93) d(39) a(38,35) r(38,49)", "fitness": 0.0}
{"generation": 7, "position": 34, "parents": [9], "genome": "d(39) d(38) r(36,66) a(32,50) a(29,93) a(29,74) d(29)", "fitness": 0.0}
{"generation": 7, "position": 35, "parents": [4], "genome": "d(39) d(38) a(38,49) r(35,160) a(32,79) d(6) r(36,66)", "fitness": 0.0}
{"generation": 7, "position": 36, "parents": [45, 20], "genome": "d(39) a(37,56) r(37,80) a(7,160) r(32,44)", "fitness": 0.0}
{"generation": 7, "position": 37, "parents": [45, 20], "genome": "r(35,40) r(38,72) r(39,163) a(38,83) a(38,47) d(38) r(36,66) a(32,50) a(36,73) a(32,160) d(38) d(39) d(5) r(32,133)", "fitness": 0.0}
{"generation": 7, "position": 38, "parents": [45], "genome": "d(39) d(38) r(36,66) a(32,50) a(36,73) a(32,160) d(38) d(39) d(5) d(37)", "fitness": 0.0}
{"generation": 7, "position": 39, "parents": [20], "genome": "r(35,40) r(38,72) r(39,163) a(38,83) a(38,47) a(37,56) r(37,80) a(7,160) a(36,65)", "fitness": 0.0}
{"generation": 7, "position": 40, "parents": [40], "genome": "d(31) r(39,104) d(38) r(35,125) a(7,154) r(29,154) d(36)", "fitness": 0.0}
{"generation": 7, "position": 41, "parents": [42], "genome": "d(31) r(32,90) a(36,73) d(39) r(38,31) d(6) a(29,53)", "fitness": 0.0}
{"generation": 7, "position": 42, "parents": [8, 35], "genome": "d(39) d(38) r(37,36) d(7)", "fitness": 12.0}
{"generation": 7, "position": 43, "parents": [8, 35], "genome": "r(29,79) r(5,39) d(39) d(38) a(37,53) r(36,66) a(32,50) a(29,93) d(35) r(29,32) d(37) r(32,53)", "fitness": 0.0}
{"generation": 7, "position": 44, "parents": [8], "genome": "d(39) d(38) r(36,66) a(32,50) a(29,93) d(35) r(29,32) d(37) d(32)", "fitness": 0.0}
{"generation": 7, "position": 45, "parents": [35], "genome": "r(29,79) r(5,39) d(39) d(38) a(37,53) r(37,36) d(35)", "fitness": 0.0}
{"generation": 7, "position": 46, "parents": [60], "genome": "d(31) r(32,90) r(38,61) d(39) d(39) a(36,39) r(6,78) d(37) a(29,145)", "fitness": 0.0}
{"generation": 7, "position": 47, "parents": [45], "genome": "d(39) d(38) r(36,66) a(32,50) a(36,73) a(32,160) d(38) d(39) d(5) d(29)", "fitness": 0.0}
{"generation": 7, "position": 48, "parents": [27, 14], "genome": "d(31) r(39,163) a(38,83) a(38,47) a(37,56) r(37,82) a(7,78) r(7,96)", "fitness": 0.0}
{"generation": 7, "position": 49, "parents": [27, 14], "genome": "r(29,79) d(39) r(38,108) r(32,90) a(36,73) a(32,160) d(38) d(39) d(37) r(7,72)", "fitness": 0.0}
{"generation": 7, "position": 50, "parents": [27], "genome": "d(31) r(32,90) a(36,73) a(32,160) d(38) d(39) d(37) a(7,7)", "fitness": 0.0}
{"generation": 7, "position": 51, "parents": [14], "genome": "r(29,79) d(39) r(38,108) r(39,163) a(38,83) a(38,47) a(37,56) r(37,82) a(7,78) r(6,31)", "fitness": 0.0}
{"generation": 7, "position": 52, "parents": [15, 40], "genome": "r(29,79) r(39,46) r(36,133) d(38) r(39,101) d(38) r(39,104) d(38) r(35,125) a(7,154) r(29,154) a(32,5)", "fitness": 0.0}
{"generation": 7, "position": 53, "parents": [15, 40], "genome": "d(31) r(32,35) a(6,73) a(5,128) a(6,95)", "fitness": 4.0}
{"generation": 7, "position": 54, "parents": [15], "genome": "r(29,79) r(39,46) r(36,133) d(38) r(39,101) d(38) r(32,35) a(6,73) a(5,128) r(5,162)", "fitness": 0.0}
{"generation": 7, "position": 55, "parents": [40], "genome": "d(31) r(39,104) d(38) r(35,125) a(7,154) r(29,154) r(7,82)", "fitness": 0.0}
{"generation": 7, "position": 56, "parents": [30, 8], "genome": "d(31) r(32,90) a(36,73) d(39) r(29,5) r(29,32) d(37) r(6,49)", "fitness": 0.0}
{"generation": 7, "position": 57, "parents": [30, 8], "genome": "d(39) d(38) r(36,66) a(32,50) a(29,93) d(35) a(38,125) a(38,79) d(29)", "fitness": 0.0}
{"generation": 7, "position": 58, "parents": [30], "genome": "d(31) r(32,90) a(36,73) d(39) r(29,5) a(38,125) a(38,79) d(36)", "fitness": 0.0}
{"generation": 8, "position": 0, "parents": [27, 6], "genome": "r(29,79) r(5,39) d(39) d(38) r(5,39) d(39) d(38) a(37,53) r(37,36) r(35,72) d(32)", "fitness": 0.0}
{"generation": 8, "position": 1, "parents": [27, 6], "genome": "r(29,79) d(35) a(38,125)", "fitness": 0.0}
{"generation": 8, "position": 2, "parents": [27], "genome": "r(29,79) r(5,39) d(39) d(38) d(35) r(32,50)", "fitness": 0.0}
{"generation": 8, "position": 3, "parents": [6], "genome": "r(29,79) r(5,39) d(39) d(38) a(37,53) r(37,36) r(35,72) a(36,65)", "fitness": 0.0}
{"generation": 8, "position": 4, "parents": [27, 59], "genome": "r(29,79) r(5,39) d(39) d(38) d(35) r(29,32) d(37) d(32) d(36)", "fitness": 0.0}
{"generation": 8, "position": 5, "parents": [27, 59], "genome": "d(39) d(38) r(36,66) a(32,50) a(29,93) d(35) d(37)", "fitness": 0.0}
{"generation": 8, "position": 6, "parents": [27], "genome": "r(29,79) r(5,39) d(39) d(38) d(35) r(36,101)", "fitness": 0.0}
{"generation": 8, "position": 7, "parents": [59], "genome": "d(39) d(38) r(36,66) a(32,50) a(29,93) d(35) r(29,32) d(37) d(32) a(5,32)", "fitness": 0.0}
{"generation": 8, "position": 8, "parents": [11], "genome": "d(31) r(32,90) r(38,61) d(39) d(39) r(37,74) d(36) d(29)", "fitness": 0.0}
{"generation": 8, "position": 9, "parents": [30], "genome": "r(35,40) a(38,48) a(38,36) d(39) d(38) d(7)", "fitness": 12.0}
{"generation": 8, "position": 10, "parents": [18, 56], "genome": "r(35,40) r(38,72) r(39,46) a(31,80) d(32) a(31,66) r(6,49) d(36)", "fitness": 0.0}
{"generation": 8, "position": 11, "parents": [18, 56], "genome": "d(31) r(32,90) a(36,73) d(39) r(29,5) r(29,32) d(37) a(7,6) a(31,39) r(29,44) r(5,45)", "fitness": 0.0}
{"generation": 8, "position": 12, "parents": [18], "genome": "r(35,40) r(38,72) r(39,46) a(31,80) d(32) a(31,66) a(7,6) a(31,39) r(29,44) d(7)", "fitness": 0.0}
{"generation": 8, "position": 13, "parents": [56], "genome": "d(31) r(32,90) a(36,73) d(39) r(29,5) r(29,32) d(37) r(6,49) d(36)", "fitness": 0.0}
{"generation": 8, "position": 14, "parents": [37], "genome": "r(35,40) r(38,72) r(39,163) a(38,83) a(38,47) d(38) r(36,66) a(32,50) a(36,73) a(32,160) d(38) d(39) d(5) r(32,133) r(31,66)", "fitness": 0.0}
{"generation": 8, "position": 15, "parents": [0], "genome": "d(31) r(32,90) a(36,73) a(32,160) d(38) d(39) r(36,93) d(6) d(37)", "fitness": 0.0}
{"generation": 8, "position": 16, "parents": [44], "genome": "d(39) d(38) r(36,66) a(32,50) a(29,93) d(35) r(29,32) d(37) d(32) r(5,79)", "fitness": 0.0}
{"generation": 8, "position": 17, "parents": [40], "genome": "d(31) r(39,104) d(38) r(35,125) a(7,154) r(29,154) d(36) r(37,91)", "fitness": 0.0}
{"generation": 8, "position": 18, "parents": [9], "genome": "d(31) r(32,90) r(38,61) d(39) a(29,162) a(29,101)", "fitness": 12.0}
{"generation": 8, "position": 19, "parents": [59], "genome": "d(39) d(38) r(36,66) a(32,50) a(29,93) d(35) r(29,32) d(37) d(32) r(6,37)", "fitness": 0.0}
{"generation": 8, "position": 20, "parents": [32], "genome": "r(35,40) a(38,48) a(38,36) d(39) d(39) r(38,108) r(5,104) d(31) r(32,90) a(37,42) a(29,145) d(29)", "fitness": 0.0}
{"generation": 8, "position": 21, "parents": [11], "genome": "d(31) r(32,90) r(38,61) d(39) d(39) r(37,74) d(36) r(5,43)", "fitness": 0.0}
{"generation": 8, "position": 22, "parents": [26, 41], "genome": "d(31) r(39,104) d(38) r(35,125) a(7,154) r(29,154) r(29,5) d(6) a(29,53) d(5)", "fitness": 0.0}
{"generation": 8, "position": 23, "parents": [26, 41], "genome": "d(31) r(32,90) a(36,73) d(39) r(38,31) d(6) a(32,44) a(36,74) d(36)", "fitness": 0.0}
{"generation": 8, "position": 24, "parents": [26], "genome": "d(31) r(39,104) d(38) r(35,125) a(7,154) r(29,154) r(29,5) d(6) a(32,44) a(36,74) r(5,80)", "fitness": 0.0}
{"generation": 8, "position": 25, "parents": [41], "genome": "d(31) r(32,90) a(36,73) d(39) r(38,31) d(6) a(29,53) r(37,29)", "fitness": 0.0}
{"generation": 8, "position": 26, "parents": [44], "genome": "d(39) d(38) r(36,66) a(32,50) a(29,93) d(35) r(29,32) d(37) d(32) d(6)", "fitness": 0.0}
{"generation": 8, "position": 27, "parents": [26], "genome": "d(31) r(39,104) d(38) r(35,125) a(7,154) r(29,154) r(29,5) d(6) a(32,44) a(36,74) r(37,101)", "fitness": 0.0}
{"generation": 8, "position": 28, "parents": [22], "genome": "r(29,79) r(36,66) a(32,50) a(29,93) d(39) a(38,35) d(35) d(37)", "fitness": 0.0}
{"generation": 8, "position": 29, "parents": [39], "genome": "r(35,40) r(38,72) r(39,163) a(38,83) a(38,47) a(37,56) r(37,80) a(7,160) a(36,65) d(32)", "fitness": 0.0}
{"generation": 8, "position": 30, "parents": [52], "genome": "r(29,79) r(39,46) r(36,133) d(38) r(39,101) d(38) r(39,104) d(38) r(35,125) a(7,154) r(29,154) a(32,5) r(6,61)", "fitness": 0.0}
{"generation": 8, "position": 31, "parents": [27], "genome": "r(29,79) r(5,39) d(39) d(38) d(35) a(32,91)", "fitness": 0.0}
{"generation": 8, "position": 32, "parents": [31], "genome": "r(29,79) r(36,66) a(32,50) a(29,93) d(39) a(38,35) d(39) r(38,108) r(5,104) d(31) r(32,90) a(37,42) r(37,36)", "fitness": 0.0}
{"generation": 8, "position": 33, "parents": [44], "genome": "d(39) d(38) r(36,66) a(32,50) a(29,93) d(35) r(29,32) d(37) d(32) r(6,92)", "fitness": 0.0}
{"generation": 8, "position": 34, "parents": [56], "genome": "d(31) r(32,90) a(36,73) d(39) r(29,5) r(29,32) d(37) r(6,49) d(36)", "fitness": 0.0}
{"generation": 8, "position": 35, "parents": [2], "genome": "r(29,79) a(38,35) a(37,49) a(39,154)", "fitness": 0.0}
{"generation": 8, "position": 36, "parents": [23], "genome": "d(31) r(32,90) r(38,61) d(39) d(39) a(36,39) r(6,78) r(36,40) r(5,78) a(37,83)", "fitness": 0.0}
{"generation": 8, "position": 37, "parents": [57], "genome": "d(39) d(38) r(36,66) a(32,50) a(29,93) d(35) a(38,125) a(38,79) d(29) r(37,48)", "fitness": 0.0}
{"generation": 8, "position": 38, "parents": [17], "genome": "r(29,79) r(36,133) d(38) r(39,101) d(38) r(32,35) a(6,73) r(7,83) a(6,104) r(37,56)", "fitness": 0.0}
{"generation": 8, "position": 39, "parents": [10], "genome": "d(31) r(32,90) a(36,73) d(39) r(29,5) a(38,125) a(38,79) r(38,44) a(7,73)", "fitness": 0.0}
{"generation": 8, "position": 40, "parents": [54], "genome": "r(29,79) r(39,46) r(36,133) d(38) r(39,101) d(38) r(32,35) a(6,73) a(5,128) r(5,162) r(37,95)", "fitness": 0.0}
{"generation": 8, "position": 41, "parents": [58], "genome": "d(31) r(32,90) a(36,73) d(39) r(29,5) a(38,125) a(38,79) d(36) d(38)", "fitness": 0.0}
{"generation": 8, "position": 42, "parents": [57], "genome": "d(39) d(38) r(36,66) a(32,50) a(29,93) d(35) a(38,125) a(38,79) d(29) d(37)", "fitness": 0.0}
{"generation": 8, "position": 43, "parents": [26], "genome": "d(31) r(39,104) d(38) r(35,125) a(7,154) r(29,154) r(29,5) d(6) a(32,44) a(36,74) d(37)", "fitness": 0.0}
{"generation": 8, "position": 44, "parents": [59, 34], "genome": "d(39) d(38) r(36,66) a(32,50) a(29,93) d(35) d(38) r(36,66) a(32,50) a(29,93) a(29,74) d(29) d(6)", "fitness": 0.0}
{"generation": 8, "position": 45, "parents": [59, 34], "genome": "d(39) r(29,32) d(37) d(32) a(7,90)", "fitness": 4.0}
{"generation": 8, "position": 46, "parents": [59], "genome": "d(39) d(38) r(36,66) a(32,50) a(29,93) d(35) r(29,32) d(37) d(32) r(6,38)", "fitness": 0.0}
{"generation": 8, "position": 47, "parents": [34], "genome": "d(39) d(38) r(36,66) a(32,50) a(29,93) a(29,74) d(29) r(7,73)", "fitness": 0.0}
{"generation": 8, "position": 48, "parents": [38], "genome": "d(39) d(38) r(36,66) a(32,50) a(36,73) a(32,160) d(38) d(39) d(5) d(37) a(35,96)", "fitness": 0.0}
{"generation": 9, "position": 0, "parents": [3, 6], "genome": "r(29,79) d(38) d(35) r(36,101) r(5,90)", "fitness": 0.0}
{"generation": 9, "position": 1, "parents": [3, 6], "genome": "r(29,79) r(5,39) d(39) r(5,39) d(39) d(38) a(37,53) r(37,36) r(35,72) a(36,65) a(36,128)", "fitness": 0.0}
{"generation": 9, "position": 2, "parents": [3], "genome": "r(29,79) r(5,39) d(39) d(38) a(37,53) r(37,36) r(35,72) a(36,65) a(32,61)", "fitness": 0.0}
{"generation": 9, "position": 3, "parents": [6], "genome": "r(29,79) r(5,39) d(39) d(38) d(35) r(36,101) a(32,45)", "fitness": 0.0}
{"generation": 9, "position": 4, "parents": [39], "genome": "d(31) r(32,90) a(36,73) d(39) r(29,5) a(38,125) a(38,79) r(38,44) a(7,73) d(37)", "fitness": 0.0}
{"generation": 9, "position": 5, "parents": [16], "genome": "d(39) d(38) r(36,66) a(32,50) a(29,93) d(35) r(29,32) d(37) d(32) r(5,79)", "fitness": 0.0}
{"generation": 9, "position": 6, "parents": [36, 44], "genome": "d(31) r(32,90) r(38,61) d(39) d(39) a(36,39) r(6,78) r(36,40) d(6) d(37)", "fitness": 0.0}
{"generation": 9, "position": 7, "parents": [36, 44], "genome": "d(39) d(38) r(36,66) a(32,50) a(29,93) d(35) d(38) r(36,66) a(32,50) a(29,93) a(29,74) d(29) r(5,78) a(37,83) d(37)", "fitness": 0.0}
{"generation": 9, "position": 8, "parents": [36], "genome": "d(31) r(32,90) r(38,61) d(39) d(39) a(36,39) r(6,78) r(36,40) r(5,78) a(37,83) d(37)", "fitness": 0.0}
{"generation": 9, "position": 9, "parents": [44], "genome": "d(39) d(38) r(36,66) a(32,50) a(29,93) d(35) d(38) r(36,66) a(32,50) a(29,93) a(29,74) d(29) d(6) r(5,78)", "fitness": 0.0}
{"generation": 9, "position": 10, "parents": [38], "genome": "r(29,79) r(36,133) d(38) r(39,101) d(38) r(32,35) a(6,73) r(7,83) a(6,104) r(37,56) a(6,60)", "fitness": 0.0}
{"generation": 9, "position": 11, "parents": [15], "genome": "d(31) r(32,90) a(36,73) a(32,160) d(38) d(39) r(36,93) d(6) d(37) r(29,61)", "fitness": 0.0}
{"generation": 9, "position": 12, "parents": [14, 7], "genome": "r(35,40) r(38,72) r(39,163) a(38,83) a(38,47) d(38) r(36,66) a(32,50) a(36,73) a(32,160) d(38) a(32,50) a(29,93) d(35) r(29,32) d(37) d(32) a(5,32) r(6,5)", "fitness": 0.0}
{"generation": 9, "position": 13, "parents": [14, 7], "genome": "d(39) d(38) r(36,66) d(39) d(5) r(32,133) r(31,66) d(29)", "fitness": 0.0}
{"generation": 9, "position": 14, "parents": [14], "genome": "r(35,40) r(38,72) r(39,163) a(38,83) a(38,47) d(38) r(36,66) a(32,50) a(36,73) a(32,160) d(38) d(39) d(5) r(32,133) r(31,66) d(37)", "fitness": 0.0}
{"generation": 9, "position": 15, "parents": [7], "genome": "d(39) d(38) r(36,66) a(32,50) a(29,93) d(35) r(29,32) d(37) d(32) a(5,32) a(6,108)", "fitness": 0.0}
{"generation": 9, "position": 16, "parents": [48], "genome": "d(39) d(38) r(36,66) a(32,50) a(36,73) a(32,160) d(38) d(39) d(5) d(37) a(35,96) d(29)", "fitness": 0.0}
{"generation": 9, "position": 17, "parents": [46], "genome": "d(39) d(38) r(36,66) a(32,50) a(29,93) d(35) r(29,32) d(37) d(32) r(6,38) a(5,39)", "fitness": 0.0}
{"generation": 9, "position": 18, "parents": [42], "genome": "d(39) d(38) r(36,66) a(32,50) a(29,93) d(35) a(38,125) a(38,79) d(29) d(37) d(6)", "fitness": 0.0}
{"generation": 9, "position": 19, "parents": [39], "genome": "d(31) r(32,90) a(36,73) d(39) r(29,5) a(38,125) a(38,79) r(38,44) a(7,73) a(7,133)", "fitness": 0.0}
{"generation": 9, "position": 20, "parents": [32], "genome": "r(29,79) r(36,66) a(32,50) a(29,93) d(39) a(38,35) d(39) r(38,108) r(5,104) d(31) r(32,90) a(37,42) r(37,36)", "fitness": 0.0}
{"generation": 9, "position": 21, "parents": [15], "genome": "d(31) r(32,90) a(36,73) a(32,160) d(38) d(39) r(36,93) d(6) d(37) r(29,154)", "fitness": 0.0}
{"generation": 9, "position": 22, "parents": [10], "genome": "r(35,40) r(38,72) r(39,46) a(31,80) d(32) a(31,66) r(6,49) d(36) d(31)", "fitness": 0.0}
{"generation": 9, "position": 23, "parents": [49], "genome": "d(31) r(32,90) a(36,73) d(39) r(29,5) a(38,125) a(38,79) r(38,44) r(36,101) d(7)", "fitness": 0.0}
{"generation": 9, "position": 24, "parents": [21], "genome": "d(31) r(32,90) r(38,61) d(39) d(39) r(37,74) d(36) r(5,43) d(29)", "fitness": 0.0}
{"generation": 9, "position": 25, "parents": [2], "genome": "r(29,79) r(5,39) d(39) d(38) d(35) r(32,50) r(36,38)", "fitness": 0.0}
{"generation": 9, "position": 26, "parents": [13], "genome": "d(31) r(32,90) a(36,73) d(39) r(29,5) r(29,32) d(37) r(6,49) d(36) a(5,160)", "fitness": 0.0}
{"generation": 9, "position": 27, "parents": [6], "genome": "r(29,79) r(5,39) d(39) d(38) d(35) r(36,101) r(37,76)", "fitness": 0.0}
{"generation": 9, "position": 28, "parents": [40], "genome": "r(29,79) r(39,46) r(36,133) d(38) r(39,101) d(38) r(32,35) a(6,73) a(5,128) r(5,162) r(37,95)", "fitness": 0.0}
{"generation": 9, "position": 29, "parents": [44], "genome": "d(39) d(38) r(36,66) a(32,50) a(29,93) d(35) d(38) r(36,66) a(32,50) a(29,93) a(29,74) d(29) d(6) r(5,96)", "fitness": 0.0}
{"generation": 9, "position": 30, "parents": [4, 46], "genome": "r(29,79) r(5,39) d(39) d(38) r(36,66) a(32,50) a(29,93) d(35) r(29,32) d(37) d(32) r(6,38)", "fitness": 0.0}
{"generation": 9, "position": 31, "parents": [4, 46], "genome": "d(39) d(38) d(35) r(29,32) d(37) d(32) d(36) a(6,101)", "fitness": 0.0}
{"generation": 9, "position": 32, "parents": [4], "genome": "r(29,79) r(5,39) d(39) d(38) d(35) r(29,32) d(37) d(32) d(36)", "fitness": 0.0}
{"generation": 9, "position": 33, "parents": [46], "genome": "d(39) d(38) r(36,66) a(32,50) a(29,93) d(35) r(29,32) d(37) d(32) r(6,38) a(5,58)", "fitness": 0.0}
{"generation": 9, "position": 34, "parents": [14], "genome": "r(35,40) r(38,72) r(39,163) a(38,83) a(38,47) d(38) r(36,66) a(32,50) a(36,73) a(32,160) d(38) d(39) d(5) r(32,133) r(31,66) r(29,73)", "fitness": 0.0}
{"generation": 9, "position": 35, "parents": [15], "genome": "d(31) r(32,90) a(36,73) a(32,160) d(38) d(39) r(36,93) d(6) d(37) d(29)", "fitness": 0.0}
{"generation": 9, "position": 36, "parents": [17, 31], "genome": "d(31) r(39,104) d(38) r(35,125) d(39) d(38) d(35) a(32,91) d(36)", "fitness": 0.0}
{"generation": 9, "position": 37, "parents": [17, 31], "genome": "r(29,79) r(5,39) a(7,154) r(29,154) d(36) r(37,91) r(32,162)", "fitness": 0.0}
{"generation": 9, "position": 38, "parents": [17], "genome": "d(31) r(39,104) d(38) r(35,125) a(7,154) r(29,154) d(36) r(37,91) r(5,31)", "fitness": 0.0}
{"generation": 9, "position": 39, "parents": [31], "genome": "r(29,79) r(5,39) d(39) d(38) d(35) a(32,91) a(37,47)", "fitness": 0.0}
{"generation": 9, "position": 40, "parents": [33], "genome": "d(39) d(38) r(36,66) a(32,50) a(29,93) d(35) r(29,32) d(37) d(32) r(6,92) a(5,96)", "fitness": 0.0}
{"generation": 9, "position": 41, "parents": [27], "genome": "d(31) r(39,104) d(38) r(35,125) a(7,154) r(29,154) r(29,5) d(6) a(32,44) a(36,74) r(37,101) d(5)", "fitness": 0.0}
{"generation": 9, "position": 42, "parents": [34], "genome": "d(31) r(32,90) a(36,73) d(39) r(29,5) r(29,32) d(37) r(6,49) d(36) d(5)", "fitness": 0.0}
{"generation": 9, "position": 43, "parents": [17], "genome": "d(31) r(39,104) d(38) r(35,125) a(7,154) r(29,154) d(36) r(37,91) r(6,133)", "fitness": 0.0}
{"generation": 9, "position": 44, "parents": [31], "genome": "r(29,79) r(5,39) d(39) d(38) d(35) a(32,91) a(36,58)", "fitness": 0.0}
{"generation": 9, "position": 45, "parents": [31], "genome": "r(29,79) r(5,39) d(39) d(38) d(35) a(32,91) r(37,90)", "fitness": 0.0}
{"generation": 9, "position": 46, "parents": [12], "genome": "r(35,40) r(38,72) r(39,46) a(31,80) d(32) a(31,66) a(7,6) a(31,39) r(29,44) d(7) d(36)", "fitness": 0.0}
{"generation": 9, "position": 47, "parents": [38], "genome": "r(29,79) r(36,133) d(38) r(39,101) d(38) r(32,35) a(6,73) r(7,83) a(6,104) r(37,56) d(6)", "fitness": 0.0}
{"generation": 9, "position": 48, "parents": [0, 5], "genome": "r(29,79) d(37) d(32)", "fitness": 0.0}
{"generation": 9, "position": 49, "parents": [0, 5], "genome": "d(39) d(38) r(36,66) a(32,50) a(29,93) d(35) r(5,39) d(39) d(38) r(5,39) d(39) d(38) a(37,53) r(37,36) r(35,72) d(32) a(31,163)", "fitness": 0.0}
{"generation": 9, "position": 50, "parents": [0], "genome": "r(29,79) r(5,39) d(39) d(38) r(5,39) d(39) d(38) a(37,53) r(37,36) r(35,72) d(32) a(36,128)", "fitness": 0.0}
{"generation": 10, "position": 0, "parents": [42], "genome": "d(31) r(32,90) a(36,73) d(39) r(29,5) r(29,32) d(37) r(6,49) d(36) d(5)", "fitness": 0.0}
{"generation": 10, "position": 1, "parents": [48], "genome": "r(29,79) d(37) d(32) a(36,145)", "fitness": 0.0}
{"generation": 10, "position": 2, "parents": [22], "genome": "r(35,40) r(38,72) r(39,46) a(31,80) d(32) a(31,66) r(6,49) d(36) d(31) d(5)", "fitness": 0.0}
{"generation": 10, "position": 3, "parents": [13], "genome": "d(39) d(38) r(36,66) d(39) d(5) r(32,133) r(31,66) d(29) a(37,61)", "fitness": 0.0}
{"generation": 10, "position": 4, "parents": [26], "genome": "d(31) r(32,90) a(36,73) d(39) r(29,5) r(29,32) d(37) r(6,49) d(36) a(5,160) r(5,32)", "fitness": 0.0}
{"generation": 10, "position": 5, "parents": [28], "genome": "r(29,79) r(39,46) r(36,133) d(38) r(39,101) d(38) r(32,35) a(6,73) a(5,128) r(5,162) r(37,95)", "fitness": 0.0}
{"generation": 10, "position": 6, "parents": [48, 15], "genome": "r(29,79) d(37) r(29,32) d(37) d(32) a(5,32) a(6,108) a(36,78)", "fitness": 0.0}
{"generation": 10, "position": 7, "parents": [48, 15], "genome": "d(39) d(38) r(36,66) a(32,50) a(29,93) d(35) d(32) a(5,61)", "fitness": 0.0}
{"generation": 10, "position": 8, "parents": [48], "genome": "r(29,79) d(37) d(32) d(7)", "fitness": 12.0}
{"generation": 10, "position": 9, "parents": [15], "genome": "d(39) d(38) r(36,66) a(32,50) a(29,93) d(35) r(29,32) d(37) d(32) a(5,32) a(6,108) a(6,58)", "fitness": 0.0}
{"generation": 10, "position": 10, "parents": [23], "genome": "d(31) r(32,90) a(36,73) d(39) r(29,5) a(38,125) a(38,79) r(38,44) r(36,101) d(7) r(6,73)", "fitness": 0.0}
{"generation": 10, "position": 11, "parents": [24], "genome": "d(31) r(32,90) r(38,61) d(39) d(39) r(37,74) d(36) r(5,43) d(29)", "fitness": 0.0}
{"generation": 10, "position": 12, "parents": [6], "genome": "d(31) r(32,90) r(38,61) d(39) d(39) a(36,39) r(6,78) r(36,40) d(6) d(37) d(5)", "fitness": 0.0}
{"generation": 10, "position": 13, "parents": [10], "genome": "r(29,79) r(36,133) d(38) r(39,101) d(38) r(32,35) a(6,73) r(7,83) a(6,104) r(37,56) a(6,60) a(6,145)", "fitness": 0.0}
{"generation": 10, "position": 14, "parents": [34, 5], "genome": "r(35,40) r(38,72) r(39,163) a(38,83) a(38,47) d(38) r(36,66) a(32,50) a(36,73) a(32,160) d(38) d(39) d(5)", "fitness": 0.0}
{"generation": 10, "position": 15, "parents": [34, 5], "genome": "d(39) d(38) r(36,66) a(32,50) a(29,93) d(35) r(29,32) d(37) d(32) r(5,79) d(5) r(32,133) r(31,66) r(29,73)", "fitness": 0.0}
{"generation": 10, "position": 16, "parents": [34], "genome": "r(35,40) r(38,72) r(39,163) a(38,83) a(38,47) d(38) r(36,66) a(32,50) a(36,73) a(32,160) d(38) d(39) d(5) r(32,133) r(31,66) r(29,73) a(37,56)", "fitness": 0.0}
{"generation": 10, "position": 17, "parents": [5], "genome": "d(39) d(38) r(36,66) a(32,50) a(29,93) d(35) r(29,32) d(37) d(32) r(5,79)", "fitness": 0.0}
{"generation": 10, "position": 18, "parents": [13], "genome": "d(39) d(38) r(36,66) d(39) d(5) r(32,133) r(31,66) d(29) d(37)", "fitness": 0.0}
{"generation": 10, "position": 19, "parents": [23], "genome": "d(31) r(32,90) a(36,73) d(39) r(29,5) a(38,125) a(38,79) r(38,44) r(36,101) d(7) a(6,39)", "fitness": 0.0}
{"generation": 10, "position": 20, "parents": [39, 24], "genome": "r(29,79) r(38,61) d(39) d(39) r(37,74) d(36) r(5,43) d(29) a(35,91)", "fitness": 0.0}
{"generation": 10, "position": 21, "parents": [39, 24], "genome": "d(31) r(32,90) r(5,39) d(39) d(38) d(35) a(32,91) a(37,47) r(29,31)", "fitness": 0.0}
{"generation": 10, "position": 22, "parents": [39], "genome": "r(29,79) r(5,39) d(39) d(38) d(35) a(32,91) a(37,47) r(32,124)", "fitness": 0.0}
{"generation": 10, "position": 23, "parents": [24], "genome": "d(31) r(32,90) r(38,61) d(39) d(39) r(37,74) d(36) r(5,43) d(29)", "fitness": 0.0}
{"generation": 10, "position": 24, "parents": [22], "genome": "r(35,40) r(38,72) r(39,46) a(31,80) d(32) a(31,66) r(6,49) d(36) d(31) d(37)", "fitness": 0.0}
{"generation": 10, "position": 25, "parents": [5], "genome": "d(39) d(38) r(36,66) a(32,50) a(29,93) d(35) r(29,32) d(37) d(32) r(5,79)", "fitness": 0.0}
{"generation": 10, "position": 26, "parents": [8], "genome": "d(31) r(32,90) r(38,61) d(39) d(39) a(36,39) r(6,78) r(36,40) r(5,78) a(37,83) d(37) d(29)", "fitness": 0.0}
{"generation": 10, "position": 27, "parents": [20], "genome": "r(29,79) r(36,66) a(32,50) a(29,93) d(39) a(38,35) d(39) r(38,108) r(5,104) d(31) r(32,90) a(37,42) r(37,36)", "fitness": 0.0}
{"generation": 10, "position": 28, "parents": [40, 26], "genome": "d(39) d(38) r(36,66) a(32,50) a(29,93) d(35) r(29,32) r(32,90) a(36,73) d(39) r(29,5) r(29,32) d(37) r(6,49) d(36) a(5,160) d(5)", "fitness": 0.0}
{"generation": 10, "position": 29, "parents": [40, 26], "genome": "d(31) d(37) d(32) r(6,92) a(5,96) d(29)", "fitness": 0.0}
{"generation": 10, "position": 30, "parents": [40], "genome": "d(39) d(38) r(36,66) a(32,50) a(29,93) d(35) r(29,32) d(37) d(32) r(6,92) a(5,96) a(5,128)", "fitness": 0.0}
{"generation": 10, "position": 31, "parents": [26], "genome": "d(31) r(32,90) a(36,73) d(39) r(29,5) r(29,32) d(37) r(6,49) d(36) a(5,160) d(5)", "fitness": 0.0}
{"generation": 10, "position": 32, "parents": [1], "genome": "r(29,79) r(5,39) d(39) r(5,39) d(39) d(38) a(37,53) r(37,36) r(35,72) a(36,65) a(36,128) d(32)", "fitness": 0.0}
{"generation": 10, "position": 33, "parents": [37], "genome": "r(29,79) r(5,39) a(7,154) r(29,154) d(36) r(37,91) r(32,162)", "fitness": 0.0}
{"generation": 10, "position": 34, "parents": [49], "genome": "d(39) d(38) r(36,66) a(32,50) a(29,93) d(35) r(5,39) d(39) d(38) r(5,39) d(39) d(38) a(37,53) r(37,36) r(35,72) d(32) a(31,163) d(29)", "fitness": 0.0}
{"generation": 10, "position": 35, "parents": [45], "genome": "r(29,79) r(5,39) d(39) d(38) d(35) a(32,91) r(37,90) d(32)", "fitness": 0.0}
{"generation": 10, "position": 36, "parents": [45], "genome": "r(29,79) r(5,39) d(39) d(38) d(35) a(32,91) r(37,90) r(32,56)", "fitness": 0.0}
{"generation": 10, "position": 37, "parents": [43], "genome": "d(31) r(39,104) d(38) r(35,125) a(7,154) r(29,154) d(36) r(37,91) r(6,133) a(5,76)", "fitness": 0.0}
{"generation": 10, "position": 38, "parents": [17], "genome": "d(39) d(38) r(36,66) a(32,50) a(29,93) d(35) r(29,32) d(37) d(32) r(6,38) a(5,39) d(5)", "fitness": 0.0}
{"generation": 10, "position": 39, "parents": [31], "genome": "d(39) d(38) d(35) r(29,32) d(37) d(32) d(36) a(6,101) d(7)", "fitness": 12.0}
{"generation": 10, "position": 40, "parents": [39], "genome": "r(29,79) r(5,39) d(39) d(38) d(35) a(32,91) a(37,47) a(36,162)", "fitness": 0.0}
{"generation": 10, "position": 41, "parents": [22], "genome": "r(35,40) r(38,72) r(39,46) a(31,80) d(32) a(31,66) r(6,49) d(36) d(31) r(5,37)", "fitness": 0.0}
{"generation": 10, "position": 42, "parents": [18], "genome": "d(39) d(38) r(36,66) a(32,50) a(29,93) d(35) a(38,125) a(38,79) d(29) d(37) d(6) r(5,104)", "fitness": 0.0}
{"generation": 10, "position": 43, "parents": [4], "genome": "d(31) r(32,90) a(36,73) d(39) r(29,5) a(38,125) a(38,79) r(38,44) a(7,73) d(37) d(5)", "fitness": 0.0}
{"generation": 10, "position": 44, "parents": [26], "genome": "d(31) r(32,90) a(36,73) d(39) r(29,5) r(29,32) d(37) r(6,49) d(36) a(5,160) a(5,90)", "fitness": 0.0}
{"generation": 10, "position": 45, "parents": [14], "genome": "r(35,40) r(38,72) r(39,163) a(38,83) a(38,47) d(38) r(36,66) a(32,50) a(36,73) a(32,160) d(38) d(39) d(5) r(32,133) r(31,66) d(37) r(29,76)", "fitness": 0.0}
{"generation": 10, "position": 46, "parents": [47, 20], "genome": "r(29,79) r(32,90) a(37,42) r(37,36) r(36,48)", "fitness": 0.0}
{"generation": 10, "position": 47, "parents": [47, 20], "genome": "r(29,79) r(36,66) a(32,50) a(29,93) d(39) a(38,35) d(39) r(38,108) r(5,104) d(31) r(36,133) d(38) r(39,101) d(38) r(32,35) a(6,73) r(7,83) a(6,104) r(37,56) d(6)", "fitness": 0.0}
{"generation": 10, "position": 48, "parents": [47], "genome": "r(29,79) r(36,133) d(38) r(39,101) d(38) r(32,35) a(6,73) r(7,83) a(6,104) r(37,56) d(6) r(5,48)", "fitness": 0.0}