[meta]
{"program": "genprog-3.0", "problem": {"ideal_fitness": "54", "type": "repair", "name": "zune", "enclosure": {"1": 0, "2": 0, "3": 0, "4": 0, "5": 4, "6": 5, "8": 4, "9": 4, "10": 9, "11": 10, "12": 10, "13": 10, "14": 9, "15": 9, "16": 0, "17": 0}}, "version": "0.0.2", "seed": 25, "algorithm": {"representation": "patch", "type": "genetic", "name": "ALGORITHM-NAME"}}

[data]
{"generation": 0, "position": 0, "parents": [], "genome": "a(13,16)", "fitness": 18.0}
{"generation": 0, "position": 1, "parents": [], "genome": "r(6,13)", "fitness": 18.0}
{"generation": 0, "position": 2, "parents": [], "genome": "d(5)", "fitness": 0.0}
{"generation": 0, "position": 3, "parents": [], "genome": "d(11)", "fitness": 4.0}
{"generation": 0, "position": 4, "parents": [], "genome": "r(8,11)", "fitness": 5.0}
{"generation": 0, "position": 5, "parents": [], "genome": "a(11,11)", "fitness": 5.0}
{"generation": 0, "position": 6, "parents": [], "genome": "r(13,2)", "fitness": 18.0}
{"generation": 0, "position": 7, "parents": [], "genome": "a(9,14)", "fitness": 14.0}
{"generation": 0, "position": 8, "parents": [], "genome": "r(1,13)", "fitness": 42.0}
{"generation": 0, "position": 9, "parents": [], "genome": "r(13,6)", "fitness": 18.0}
{"generation": 0, "position": 10, "parents": [], "genome": "r(13,15)", "fitness": 18.0}
{"generation": 0, "position": 11, "parents": [], "genome": "a(8,9)", "fitness": 42.0}
{"generation": 0, "position": 12, "parents": [], "genome": "r(13,5)", "fitness": 18.0}
{"generation": 0, "position": 13, "parents": [], "genome": "d(5)", "fitness": 0.0}
{"generation": 0, "position": 14, "parents": [], "genome": "d(5)", "fitness": 0.0}
{"generation": 0, "position": 15, "parents": [], "genome": "a(13,14)", "fitness": 54.0}
{"generation": 0, "position": 16, "parents": [], "genome": "d(15)", "fitness": 5.0}
{"generation": 0, "position": 17, "parents": [], "genome": "a(15,10)", "fitness": 42.0}
{"generation": 0, "position": 18, "parents": [], "genome": "d(4)", "fitness": 13.0}
{"generation": 0, "position": 19, "parents": [], "genome": "r(10,8)", "fitness": 4.0}
{"generation": 0, "position": 20, "parents": [], "genome": "r(13,14)", "fitness": 54.0}
{"generation": 0, "position": 21, "parents": [], "genome": "d(13)", "fitness": 18.0}
{"generation": 0, "position": 22, "parents": [], "genome": "r(13,16)", "fitness": 18.0}
{"generation": 0, "position": 23, "parents": [], "genome": "r(12,16)", "fitness": 4.0}
{"generation": 0, "position": 24, "parents": [], "genome": "d(1)", "fitness": 42.0}
{"generation": 0, "position": 25, "parents": [], "genome": "a(13,3)", "fitness": 18.0}
{"generation": 0, "position": 26, "parents": [], "genome": "r(13,5)", "fitness": 18.0}
{"generation": 0, "position": 27, "parents": [], "genome": "d(4)", "fitness": 13.0}
{"generation": 0, "position": 28, "parents": [], "genome": "a(11,4)", "fitness": 44.0}
{"generation": 0, "position": 29, "parents": [], "genome": "a(12,15)", "fitness": 4.0}
{"generation": 0, "position": 30, "parents": [], "genome": "r(13,8)", "fitness": 18.0}
{"generation": 0, "position": 31, "parents": [], "genome": "a(13,15)", "fitness": 18.0}
{"generation": 0, "position": 32, "parents": [], "genome": "a(6,16)", "fitness": 4.0}
{"generation": 0, "position": 33, "parents": [], "genome": "r(11,13)", "fitness": 4.0}
{"generation": 0, "position": 34, "parents": [], "genome": "d(13)", "fitness": 18.0}
{"generation": 0, "position": 35, "parents": [], "genome": "r(13,5)", "fitness": 18.0}
{"generation": 0, "position": 36, "parents": [], "genome": "r(10,11)", "fitness": 13.0}
{"generation": 0, "position": 37, "parents": [], "genome": "d(1)", "fitness": 42.0}
{"generation": 0, "position": 38, "parents": [], "genome": "d(5)", "fitness": 0.0}
{"generation": 0, "position": 39, "parents": [], "genome": "original", "fitness": 18.0}
{"generation": 1, "position": 0, "parents": [33], "genome": "r(11,13) r(12,13)", "fitness": 4.0}
{"generation": 1, "position": 1, "parents": [18], "genome": "d(4) d(1)", "fitness": 13.0}
{"generation": 1, "position": 2, "parents": [14], "genome": "d(5) a(13,17)", "fitness": 0.0}
{"generation": 1, "position": 3, "parents": [13], "genome": "d(5) a(13,3)", "fitness": 0.0}
{"generation": 1, "position": 4, "parents": [1], "genome": "r(6,13) d(10)", "fitness": 4.0}
{"generation": 1, "position": 5, "parents": [30], "genome": "r(13,8) a(15,11)", "fitness": 6.0}
{"generation": 1, "position": 6, "parents": [39, 25], "genome": "d(14)", "fitness": 5.0}
{"generation": 1, "position": 7, "parents": [39, 25], "genome": "a(13,3) r(13,12)", "fitness": 18.0}
{"generation": 1, "position": 8, "parents": [39], "genome": "a(4,17)", "fitness": 0.0}
{"generation": 1, "position": 9, "parents": [25], "genome": "a(13,3) d(5)", "fitness": 0.0}
{"generation": 1, "position": 10, "parents": [27], "genome": "d(4) d(3)", "fitness": 13.0}
{"generation": 1, "position": 11, "parents": [13], "genome": "d(5) d(13)", "fitness": 0.0}
{"generation": 1, "position": 12, "parents": [5, 14], "genome": "a(11,11) r(13,4)", "fitness": 5.0}
{"generation": 1, "position": 13, "parents": [5, 14], "genome": "d(5) d(9)", "fitness": 0.0}
{"generation": 1, "position": 14, "parents": [5], "genome": "a(11,11) r(6,17)", "fitness": 4.0}
{"generation": 1, "position": 15, "parents": [14], "genome": "d(5) a(13,16)", "fitness": 0.0}
{"generation": 1, "position": 16, "parents": [34], "genome": "d(13) d(4)", "fitness": 13.0}
{"generation": 1, "position": 17, "parents": [2], "genome": "d(5) a(10,9)", "fitness": 0.0}
{"generation": 1, "position": 18, "parents": [31, 38], "genome": "a(13,15) a(13,3)", "fitness": 18.0}
{"generation": 1, "position": 19, "parents": [31, 38], "genome": "d(5) a(13,9)", "fitness": 0.0}
{"generation": 1, "position": 20, "parents": [31], "genome": "a(13,15) r(13,12)", "fitness": 18.0}
{"generation": 1, "position": 21, "parents": [38], "genome": "d(5) a(11,11)", "fitness": 0.0}
{"generation": 1, "position": 22, "parents": [38, 21], "genome": "d(5) a(11,17)", "fitness": 0.0}
{"generation": 1, "position": 23, "parents": [38, 21], "genome": "d(13) d(2)", "fitness": 0.0}
{"generation": 1, "position": 24, "parents": [38], "genome": "d(5) d(14)", "fitness": 0.0}
{"generation": 1, "position": 25, "parents": [21], "genome": "d(13) a(1,13)", "fitness": 18.0}
{"generation": 1, "position": 26, "parents": [7], "genome": "a(9,14) a(13,15)", "fitness": 5.0}
{"generation": 1, "position": 27, "parents": [1], "genome": "r(6,13) d(13)", "fitness": 18.0}
{"generation": 1, "position": 28, "parents": [31], "genome": "a(13,15) a(8,3)", "fitness": 5.0}
{"generation": 1, "position": 29, "parents": [39], "genome": "a(8,3)", "fitness": 5.0}
{"generation": 1, "position": 30, "parents": [14], "genome": "d(5) r(13,6)", "fitness": 0.0}
{"generation": 1, "position": 31, "parents": [33], "genome": "r(11,13) r(13,16)", "fitness": 4.0}
{"generation": 1, "position": 32, "parents": [12], "genome": "r(13,5) a(9,11)", "fitness": 14.0}
{"generation": 1, "position": 33, "parents": [14], "genome": "d(5) d(13)", "fitness": 0.0}
{"generation": 1, "position": 34, "parents": [4], "genome": "r(8,11) r(13,15)", "fitness": 5.0}
{"generation": 1, "position": 35, "parents": [4], "genome": "r(8,11) d(9)", "fitness": 13.0}
{"generation": 1, "position": 36, "parents": [5, 4], "genome": "a(11,11) d(1)", "fitness": 5.0}
{"generation": 1, "position": 37, "parents": [5, 4], "genome": "r(8,11) d(11)", "fitness": 5.0}
{"generation": 1, "position": 38, "parents": [5], "genome": "a(11,11) a(3,17)", "fitness": 0.0}
{"generation": 1, "position": 39, "parents": [4], "genome": "r(8,11) d(4)", "fitness": 13.0}
{"generation": 1, "position": 40, "parents": [2, 39], "genome": "d(5) a(4,14)", "fitness": 0.0}
{"generation": 1, "position": 41, "parents": [2, 39], "genome": "r(8,9)", "fitness": 8.0}
{"generation": 1, "position": 42, "parents": [2], "genome": "d(5) r(9,15)", "fitness": 0.0}
{"generation": 1, "position": 43, "parents": [39], "genome": "d(13)", "fitness": 18.0}
{"generation": 1, "position": 44, "parents": [2, 16], "genome": "d(5) d(3)", "fitness": 0.0}
{"generation": 1, "position": 45, "parents": [2, 16], "genome": "d(15) r(8,13)", "fitness": 13.0}
{"generation": 1, "position": 46, "parents": [2], "genome": "d(5) r(13,3)", "fitness": 0.0}
{"generation": 1, "position": 47, "parents": [16], "genome": "d(15) a(3,8)", "fitness": 5.0}
{"generation": 1, "position": 48, "parents": [35], "genome": "r(13,5) a(5,6)", "fitness": 18.0}
{"generation": 1, "position": 49, "parents": [12], "genome": "r(13,5) d(2)", "fitness": 0.0}
{"generation": 1, "position": 50, "parents": [14, 6], "genome": "d(5) r(13,5)", "fitness": 8.0}
{"generation": 1, "position": 51, "parents": [14, 6], "genome": "r(13,2) a(3,16)", "fitness": 0.0}
{"generation": 1, "position": 52, "parents": [14], "genome": "d(5) a(13,6)", "fitness": 0.0}
{"generation": 1, "position": 53, "parents": [6], "genome": "r(13,2) r(12,16)", "fitness": 4.0}
{"generation": 1, "position": 54, "parents": [32, 0], "genome": "a(6,16) r(14,8)", "fitness": 4.0}
{"generation": 1, "position": 55, "parents": [32, 0], "genome": "a(13,16) r(9,10)", "fitness": 42.0}
{"generation": 1, "position": 56, "parents": [32], "genome": "a(6,16) r(15,3)", "fitness": 4.0}
{"generation": 2, "position": 0, "parents": [23, 41], "genome": "d(13) a(9,9)", "fitness": 42.0}
{"generation": 2, "position": 1, "parents": [23, 41], "genome": "r(8,9) d(2) r(13,14)", "fitness": 0.0}
{"generation": 2, "position": 2, "parents": [23], "genome": "d(13) d(2) r(12,17)", "fitness": 0.0}
{"generation": 2, "position": 3, "parents": [41], "genome": "r(8,9) r(2,16)", "fitness": 0.0}
{"generation": 2, "position": 4, "parents": [17], "genome": "d(5) a(10,9) d(4)", "fitness": 13.0}
{"generation": 2, "position": 5, "parents": [38], "genome": "a(11,11) a(3,17) d(12)", "fitness": 0.0}
{"generation": 2, "position": 6, "parents": [21], "genome": "d(5) a(11,11) d(2)", "fitness": 0.0}
{"generation": 2, "position": 7, "parents": [17], "genome": "d(5) a(10,9) r(13,15)", "fitness": 0.0}
{"generation": 2, "position": 8, "parents": [11], "genome": "d(5) d(13) d(9)", "fitness": 0.0}
{"generation": 2, "position": 9, "parents": [56], "genome": "a(6,16) r(15,3) r(13,17)", "fitness": 13.0}
{"generation": 2, "position": 10, "parents": [57, 21], "genome": "a(13,16) d(10)", "fitness": 4.0}
{"generation": 2, "position": 11, "parents": [57, 21], "genome": "d(5) a(11,11) r(11,16) a(10,5)", "fitness": 4.0}
{"generation": 2, "position": 12, "parents": [57], "genome": "a(13,16) r(11,16) a(8,5)", "fitness": 4.0}
{"generation": 2, "position": 13, "parents": [21], "genome": "d(5) a(11,11) d(9)", "fitness": 0.0}
{"generation": 2, "position": 14, "parents": [12], "genome": "a(11,11) r(13,4) r(4,13)", "fitness": 13.0}
{"generation": 2, "position": 15, "parents": [15], "genome": "d(5) a(13,16) d(13)", "fitness": 0.0}
{"generation": 2, "position": 16, "parents": [18, 13], "genome": "a(13,15) d(9) d(3)", "fitness": 13.0}
{"generation": 2, "position": 17, "parents": [18, 13], "genome": "d(5) a(13,3) d(9)", "fitness": 0.0}
{"generation": 2, "position": 18, "parents": [18], "genome": "a(13,15) a(13,3) r(13,2)", "fitness": 18.0}
{"generation": 2, "position": 19, "parents": [13], "genome": "d(5) d(9) r(3,9)", "fitness": 0.0}
{"generation": 2, "position": 20, "parents": [9, 33], "genome": "a(13,3) d(13) a(9,11)", "fitness": 14.0}
{"generation": 2, "position": 21, "parents": [9, 33], "genome": "d(5) d(5) a(10,16)", "fitness": 0.0}
{"generation": 2, "position": 22, "parents": [9], "genome": "a(13,3) d(5) r(13,12)", "fitness": 0.0}
{"generation": 2, "position": 23, "parents": [33], "genome": "d(5) d(13) r(3,12)", "fitness": 0.0}
{"generation": 2, "position": 24, "parents": [51], "genome": "r(13,2) a(3,16) d(1)", "fitness": 0.0}
{"generation": 2, "position": 25, "parents": [24], "genome": "d(5) d(14) r(9,4)", "fitness": 0.0}
{"generation": 2, "position": 26, "parents": [38], "genome": "a(11,11) a(3,17) r(9,10)", "fitness": 0.0}
{"generation": 2, "position": 27, "parents": [15], "genome": "d(5) a(13,16) d(15)", "fitness": 0.0}
{"generation": 2, "position": 28, "parents": [26], "genome": "a(9,14) a(13,15) r(13,3)", "fitness": 5.0}
{"generation": 2, "position": 29, "parents": [9], "genome": "a(13,3) d(5) a(12,11)", "fitness": 0.0}
{"generation": 2, "position": 30, "parents": [11, 38], "genome": "d(5) a(3,17) d(13)", "fitness": 0.0}
{"generation": 2, "position": 31, "parents": [11, 38], "genome": "a(11,11) d(13) r(10,13)", "fitness": 4.0}
{"generation": 2, "position": 32, "parents": [11], "genome": "d(5) d(13) r(1,17)", "fitness": 0.0}
{"generation": 2, "position": 33, "parents": [38], "genome": "a(11,11) a(3,17) a(3,16)", "fitness": 13.0}
{"generation": 2, "position": 34, "parents": [54, 22], "genome": "a(6,16) a(4,4)", "fitness": 4.0}
{"generation": 2, "position": 35, "parents": [54, 22], "genome": "d(5) a(11,17) r(14,8) r(13,3)", "fitness": 0.0}
{"generation": 2, "position": 36, "parents": [54], "genome": "a(6,16) r(14,8) d(6)", "fitness": 4.0}
{"generation": 2, "position": 37, "parents": [22], "genome": "d(5) a(11,17) d(15)", "fitness": 0.0}
{"generation": 2, "position": 38, "parents": [40], "genome": "d(5) a(4,14) r(15,6)", "fitness": 0.0}
{"generation": 2, "position": 39, "parents": [52], "genome": "d(5) a(13,6) r(13,8)", "fitness": 0.0}
{"generation": 2, "position": 40, "parents": [44], "genome": "d(5) d(3) a(10,10)", "fitness": 0.0}
{"generation": 2, "position": 41, "parents": [30], "genome": "d(5) r(13,6) a(11,13)", "fitness": 0.0}
{"generation": 2, "position": 42, "parents": [19], "genome": "d(5) a(13,9) r(10,5)", "fitness": 4.0}
{"generation": 2, "position": 43, "parents": [2], "genome": "d(5) a(13,17) d(8)", "fitness": 0.0}
{"generation": 2, "position": 44, "parents": [30], "genome": "d(5) r(13,6) a(2,9)", "fitness": 0.0}
{"generation": 2, "position": 45, "parents": [22], "genome": "d(5) a(11,17) r(13,6)", "fitness": 0.0}
{"generation": 2, "position": 46, "parents": [41, 2], "genome": "r(8,9) a(13,17) a(13,6)", "fitness": 8.0}
{"generation": 2, "position": 47, "parents": [41, 2], "genome": "d(5) r(13,15)", "fitness": 0.0}
{"generation": 2, "position": 48, "parents": [41], "genome": "r(8,9) r(14,16)", "fitness": 4.0}
{"generation": 2, "position": 49, "parents": [2], "genome": "d(5) a(13,17) r(12,4)", "fitness": 0.0}
{"generation": 2, "position": 50, "parents": [18, 23], "genome": "a(13,15) a(13,3) d(9)", "fitness": 4.0}
{"generation": 2, "position": 51, "parents": [18, 23], "genome": "d(13) d(2) d(5)", "fitness": 0.0}
{"generation": 2, "position": 52, "parents": [18], "genome": "a(13,15) a(13,3) d(13)", "fitness": 18.0}
{"generation": 2, "position": 53, "parents": [23], "genome": "d(13) d(2) r(11,5)", "fitness": 0.0}
{"generation": 2, "position": 54, "parents": [13], "genome": "d(5) d(9) a(1,13)", "fitness": 0.0}
{"generation": 3, "position": 0, "parents": [32, 33], "genome": "d(5) d(13) a(3,16) a(9,5)", "fitness": 0.0}
{"generation": 3, "position": 1, "parents": [32, 33], "genome": "a(11,11) a(3,17) r(1,17) r(15,5)", "fitness": 0.0}
{"generation": 3, "position": 2, "parents": [32], "genome": "d(5) d(13) r(1,17) a(15,15)", "fitness": 0.0}
{"generation": 3, "position": 3, "parents": [33], "genome": "a(11,11) a(3,17) a(3,16) r(12,16)", "fitness": 13.0}
{"generation": 3, "position": 4, "parents": [12], "genome": "a(13,16) r(11,16) a(8,5) r(13,3)", "fitness": 4.0}
{"generation": 3, "position": 5, "parents": [12], "genome": "a(13,16) r(11,16) a(8,5) a(12,11)", "fitness": 4.0}
{"generation": 3, "position": 6, "parents": [37, 17], "genome": "d(5) d(8)", "fitness": 0.0}
{"generation": 3, "position": 7, "parents": [37, 17], "genome": "d(5) a(13,3) d(9) a(11,17) d(15) r(1,13)", "fitness": 0.0}
{"generation": 3, "position": 8, "parents": [37], "genome": "d(5) a(11,17) d(15) r(2,8)", "fitness": 0.0}
{"generation": 3, "position": 9, "parents": [17], "genome": "d(5) a(13,3) d(9) a(3,14)", "fitness": 0.0}
{"generation": 3, "position": 10, "parents": [45, 41], "genome": "d(5) a(11,17) d(13)", "fitness": 0.0}
{"generation": 3, "position": 11, "parents": [45, 41], "genome": "d(5) r(13,6) a(11,13) r(13,6) d(2)", "fitness": 0.0}
{"generation": 3, "position": 12, "parents": [45], "genome": "d(5) a(11,17) r(13,6) a(3,17)", "fitness": 0.0}
{"generation": 3, "position": 13, "parents": [41], "genome": "d(5) r(13,6) a(11,13) d(8)", "fitness": 0.0}
{"generation": 3, "position": 14, "parents": [39], "genome": "d(5) a(13,6) r(13,8) a(14,13)", "fitness": 0.0}
{"generation": 3, "position": 15, "parents": [25], "genome": "d(5) d(14) r(9,4) a(8,8)", "fitness": 0.0}
{"generation": 3, "position": 16, "parents": [38, 27], "genome": "d(5) d(15) d(13)", "fitness": 0.0}
{"generation": 3, "position": 17, "parents": [38, 27], "genome": "d(5) a(13,16) a(4,14) r(15,6) a(13,8)", "fitness": 0.0}
{"generation": 3, "position": 18, "parents": [38], "genome": "d(5) a(4,14) r(15,6) d(4)", "fitness": 13.0}
{"generation": 3, "position": 19, "parents": [27], "genome": "d(5) a(13,16) d(15) a(13,12)", "fitness": 0.0}
{"generation": 3, "position": 20, "parents": [15, 26], "genome": "d(5) a(3,17) r(9,10) a(2,11)", "fitness": 0.0}
{"generation": 3, "position": 21, "parents": [15, 26], "genome": "a(11,11) a(13,16) d(13) a(8,13)", "fitness": 5.0}
{"generation": 3, "position": 22, "parents": [15], "genome": "d(5) a(13,16) d(13) a(1,1)", "fitness": 0.0}
{"generation": 3, "position": 23, "parents": [26], "genome": "a(11,11) a(3,17) r(9,10) d(4)", "fitness": 0.0}
{"generation": 3, "position": 24, "parents": [40, 26], "genome": "d(5) d(3) a(10,10) r(9,10) a(4,2)", "fitness": 0.0}
{"generation": 3, "position": 25, "parents": [40, 26], "genome": "a(11,11) a(3,17) a(13,11)", "fitness": 0.0}
{"generation": 3, "position": 26, "parents": [40], "genome": "d(5) d(3) a(10,10) a(2,11)", "fitness": 0.0}
{"generation": 3, "position": 27, "parents": [26], "genome": "a(11,11) a(3,17) r(9,10) d(2)", "fitness": 0.0}
{"generation": 3, "position": 28, "parents": [51], "genome": "d(13) d(2) d(5) r(15,13)", "fitness": 0.0}
{"generation": 3, "position": 29, "parents": [38], "genome": "d(5) a(4,14) r(15,6) a(13,5)", "fitness": 4.0}
{"generation": 3, "position": 30, "parents": [19], "genome": "d(5) d(9) r(3,9) a(1,6)", "fitness": 0.0}
{"generation": 3, "position": 31, "parents": [37], "genome": "d(5) a(11,17) d(15) d(13)", "fitness": 0.0}
{"generation": 3, "position": 32, "parents": [34], "genome": "a(6,16) a(4,4) r(13,5)", "fitness": 4.0}
{"generation": 3, "position": 33, "parents": [41], "genome": "d(5) r(13,6) a(11,13) d(10)", "fitness": 0.0}
{"generation": 3, "position": 34, "parents": [26, 32], "genome": "a(11,11) a(3,17) r(8,5)", "fitness": 0.0}
{"generation": 3, "position": 35, "parents": [26, 32], "genome": "d(5) d(13) r(1,17) r(9,10) r(3,8)", "fitness": 0.0}
{"generation": 3, "position": 36, "parents": [26], "genome": "a(11,11) a(3,17) r(9,10) a(8,8)", "fitness": 0.0}
{"generation": 3, "position": 37, "parents": [32], "genome": "d(5) d(13) r(1,17) a(2,17)", "fitness": 0.0}
{"generation": 3, "position": 38, "parents": [51], "genome": "d(13) d(2) d(5) d(10)", "fitness": 0.0}
{"generation": 3, "position": 39, "parents": [32], "genome": "d(5) d(13) r(1,17) a(8,3)", "fitness": 0.0}
{"generation": 3, "position": 40, "parents": [6, 53], "genome": "d(5) r(13,5)", "fitness": 8.0}
{"generation": 3, "position": 41, "parents": [6, 53], "genome": "d(13) d(2) r(11,5) a(11,11) d(2) d(8)", "fitness": 0.0}
{"generation": 3, "position": 42, "parents": [6], "genome": "d(5) a(11,11) d(2) a(8,8)", "fitness": 0.0}
{"generation": 3, "position": 43, "parents": [53], "genome": "d(13) d(2) r(11,5) a(9,5)", "fitness": 0.0}
{"generation": 3, "position": 44, "parents": [2], "genome": "d(13) d(2) r(12,17) a(3,16)", "fitness": 0.0}
{"generation": 3, "position": 45, "parents": [1], "genome": "r(8,9) d(2) r(13,14) a(10,15)", "fitness": 0.0}
{"generation": 3, "position": 46, "parents": [49, 44], "genome": "d(5) a(13,17) r(12,4) a(2,9) d(15)", "fitness": 0.0}
{"generation": 3, "position": 47, "parents": [49, 44], "genome": "d(5) r(13,6) r(10,9)", "fitness": 0.0}
{"generation": 3, "position": 48, "parents": [49], "genome": "d(5) a(13,17) r(12,4) d(8)", "fitness": 0.0}
{"generation": 3, "position": 49, "parents": [44], "genome": "d(5) r(13,6) a(2,9) a(9,16)", "fitness": 0.0}
{"generation": 3, "position": 50, "parents": [45], "genome": "d(5) a(11,17) r(13,6) d(4)", "fitness": 13.0}
{"generation": 3, "position": 51, "parents": [40], "genome": "d(5) d(3) a(10,10) a(12,15)", "fitness": 0.0}
{"generation": 3, "position": 52, "parents": [6, 40], "genome": "d(5) a(10,10) r(14,11)", "fitness": 0.0}
{"generation": 3, "position": 53, "parents": [6, 40], "genome": "d(5) d(3) a(11,11) d(2) r(13,15)", "fitness": 0.0}
{"generation": 3, "position": 54, "parents": [6], "genome": "d(5) a(11,11) d(2) d(15)", "fitness": 0.0}
{"generation": 3, "position": 55, "parents": [40], "genome": "d(5) d(3) a(10,10) d(13)", "fitness": 0.0}
{"generation": 3, "position": 56, "parents": [41], "genome": "d(5) r(13,6) a(11,13) r(8,13)", "fitness": 0.0}
{"generation": 3, "position": 57, "parents": [22], "genome": "a(13,3) d(5) r(13,12) a(3,17)", "fitness": 0.0}
{"generation": 3, "position": 58, "parents": [50, 32], "genome": "a(13,15) a(13,3) r(1,17) a(9,10)", "fitness": 42.0}
{"generation": 3, "position": 59, "parents": [50, 32], "genome": "d(5) d(13) d(9) d(2)", "fitness": 0.0}
{"generation": 3, "position": 60, "parents": [50], "genome": "a(13,15) a(13,3) d(9) d(2)", "fitness": 0.0}
{"generation": 4, "position": 0, "parents": [35], "genome": "d(5) d(13) r(1,17) r(9,10) r(3,8) d(2)", "fitness": 0.0}
{"generation": 4, "position": 1, "parents": [54], "genome": "d(5) a(11,11) d(2) d(15) a(13,12)", "fitness": 0.0}
{"generation": 4, "position": 2, "parents": [17, 28], "genome": "d(5) d(5) r(15,13) a(13,3)", "fitness": 0.0}
{"generation": 4, "position": 3, "parents": [17, 28], "genome": "d(13) d(2) a(13,16) a(4,14) r(15,6) a(13,8) a(10,4)", "fitness": 0.0}
{"generation": 4, "position": 4, "parents": [17], "genome": "d(5) a(13,16) a(4,14) r(15,6) a(13,8) d(2)", "fitness": 0.0}
{"generation": 4, "position": 5, "parents": [28], "genome": "d(13) d(2) d(5) r(15,13) a(8,3)", "fitness": 0.0}
{"generation": 4, "position": 6, "parents": [48], "genome": "d(5) a(13,17) r(12,4) d(8) d(14)", "fitness": 0.0}
{"generation": 4, "position": 7, "parents": [39], "genome": "d(5) d(13) r(1,17) a(8,3) r(10,17)", "fitness": 0.0}
{"generation": 4, "position": 8, "parents": [60, 31], "genome": "a(13,15) a(11,17) d(15) d(13) d(3)", "fitness": 13.0}
{"generation": 4, "position": 9, "parents": [60, 31], "genome": "d(5) a(13,3) d(9) d(2) r(8,5)", "fitness": 0.0}
{"generation": 4, "position": 10, "parents": [60], "genome": "a(13,15) a(13,3) d(9) d(2) d(3)", "fitness": 0.0}
{"generation": 4, "position": 11, "parents": [31], "genome": "d(5) a(11,17) d(15) d(13) d(9)", "fitness": 0.0}
{"generation": 4, "position": 12, "parents": [45], "genome": "r(8,9) d(2) r(13,14) a(10,15) d(1)", "fitness": 0.0}
{"generation": 4, "position": 13, "parents": [51], "genome": "d(5) d(3) a(10,10) a(12,15) r(12,16)", "fitness": 0.0}
{"generation": 4, "position": 14, "parents": [5, 0], "genome": "a(13,16) r(11,16) a(8,5) a(1,1)", "fitness": 4.0}
{"generation": 4, "position": 15, "parents": [5, 0], "genome": "d(5) d(13) a(3,16) a(9,5) a(12,11) a(2,13)", "fitness": 0.0}
{"generation": 4, "position": 16, "parents": [5], "genome": "a(13,16) r(11,16) a(8,5) a(12,11) d(2)", "fitness": 0.0}
{"generation": 4, "position": 17, "parents": [0], "genome": "d(5) d(13) a(3,16) a(9,5) a(14,2)", "fitness": 0.0}
{"generation": 4, "position": 18, "parents": [51, 25], "genome": "d(5) d(3) a(3,17) a(13,11) d(11)", "fitness": 0.0}
{"generation": 4, "position": 19, "parents": [51, 25], "genome": "a(11,11) a(10,10) a(12,15) a(3,2)", "fitness": 38.0}
{"generation": 4, "position": 20, "parents": [51], "genome": "d(5) d(3) a(10,10) a(12,15) r(13,15)", "fitness": 0.0}
{"generation": 4, "position": 21, "parents": [25], "genome": "a(11,11) a(3,17) a(13,11) d(2)", "fitness": 0.0}
{"generation": 4, "position": 22, "parents": [34, 54], "genome": "a(11,11) a(3,17) r(8,5) a(11,11) d(2) d(15) a(13,2)", "fitness": 0.0}
{"generation": 4, "position": 23, "parents": [34, 54], "genome": "d(5) r(15,12)", "fitness": 0.0}
{"generation": 4, "position": 24, "parents": [34], "genome": "a(11,11) a(3,17) r(8,5) a(5,15)", "fitness": 0.0}
{"generation": 4, "position": 25, "parents": [54], "genome": "d(5) a(11,11) d(2) d(15) d(8)", "fitness": 0.0}
{"generation": 4, "position": 26, "parents": [1], "genome": "a(11,11) a(3,17) r(1,17) r(15,5) d(13)", "fitness": 0.0}
{"generation": 4, "position": 27, "parents": [13], "genome": "d(5) r(13,6) a(11,13) d(8) d(12)", "fitness": 0.0}
{"generation": 4, "position": 28, "parents": [42], "genome": "d(5) a(11,11) d(2) a(8,8) a(13,8)", "fitness": 0.0}
{"generation": 4, "position": 29, "parents": [53], "genome": "d(5) d(3) a(11,11) d(2) r(13,15) a(14,4)", "fitness": 0.0}
{"generation": 4, "position": 30, "parents": [1, 0], "genome": "a(11,11) a(9,5) a(13,11)", "fitness": 14.0}
{"generation": 4, "position": 31, "parents": [1, 0], "genome": "d(5) d(13) a(3,16) a(3,17) r(1,17) r(15,5) a(14,2)", "fitness": 0.0}
{"generation": 4, "position": 32, "parents": [1], "genome": "a(11,11) a(3,17) r(1,17) r(15,5) d(12)", "fitness": 0.0}
{"generation": 4, "position": 33, "parents": [0], "genome": "d(5) d(13) a(3,16) a(9,5) a(1,13)", "fitness": 0.0}
{"generation": 4, "position": 34, "parents": [10, 20], "genome": "d(5) a(11,17) a(3,17) r(9,10) a(2,11) d(4)", "fitness": 0.0}
{"generation": 4, "position": 35, "parents": [10, 20], "genome": "d(5) d(13) a(12,5)", "fitness": 7.0}
{"generation": 4, "position": 36, "parents": [10], "genome": "d(5) a(11,17) d(13) d(12)", "fitness": 0.0}
{"generation": 4, "position": 37, "parents": [20], "genome": "d(5) a(3,17) r(9,10) a(2,11) r(4,11)", "fitness": 0.0}
{"generation": 4, "position": 38, "parents": [15, 30], "genome": "d(5) d(14) r(9,4) d(9) r(3,9) a(1,6) a(4,16)", "fitness": 0.0}
{"generation": 4, "position": 39, "parents": [15, 30], "genome": "d(5) a(8,8) d(13)", "fitness": 0.0}
{"generation": 4, "position": 40, "parents": [15], "genome": "d(5) d(14) r(9,4) a(8,8) d(1)", "fitness": 0.0}
{"generation": 4, "position": 41, "parents": [30], "genome": "d(5) d(9) r(3,9) a(1,6) r(4,11)", "fitness": 1.0}
{"generation": 4, "position": 42, "parents": [37], "genome": "d(5) d(13) r(1,17) a(2,17) a(9,8)", "fitness": 0.0}
{"generation": 4, "position": 43, "parents": [31], "genome": "d(5) a(11,17) d(15) d(13) d(2)", "fitness": 0.0}
{"generation": 4, "position": 44, "parents": [30], "genome": "d(5) d(9) r(3,9) a(1,6) r(2,12)", "fitness": 0.0}
{"generation": 4, "position": 45, "parents": [54], "genome": "d(5) a(11,11) d(2) d(15) a(3,13)", "fitness": 0.0}
{"generation": 4, "position": 46, "parents": [59, 61], "genome": "d(5) d(13) d(9) d(2) r(1,17) d(11) d(3)", "fitness": 0.0}
{"generation": 4, "position": 47, "parents": [59, 61], "genome": "d(5) d(13) d(14)", "fitness": 0.0}
{"generation": 4, "position": 48, "parents": [59], "genome": "d(5) d(13) d(9) d(2) r(1,6)", "fitness": 0.0}
{"generation": 4, "position": 49, "parents": [61], "genome": "d(5) d(13) r(1,17) d(11) a(4,4)", "fitness": 0.0}
{"generation": 4, "position": 50, "parents": [12], "genome": "d(5) a(11,17) r(13,6) a(3,17) r(8,14)", "fitness": 0.0}
{"generation": 4, "position": 51, "parents": [44], "genome": "d(13) d(2) r(12,17) a(3,16) d(6)", "fitness": 0.0}
{"generation": 4, "position": 52, "parents": [41], "genome": "d(13) d(2) r(11,5) a(11,11) d(2) d(8) d(1)", "fitness": 0.0}
{"generation": 4, "position": 53, "parents": [4], "genome": "a(13,16) r(11,16) a(8,5) r(13,3) a(8,8)", "fitness": 4.0}
{"generation": 4, "position": 54, "parents": [10], "genome": "d(5) a(11,17) d(13) r(9,16)", "fitness": 0.0}
{"generation": 4, "position": 55, "parents": [0], "genome": "d(5) d(13) a(3,16) a(9,5) r(3,6)", "fitness": 0.0}
{"generation": 4, "position": 56, "parents": [45, 11], "genome": "r(8,9) d(2) r(13,14) a(11,13) r(13,6) d(2) d(15)", "fitness": 0.0}
{"generation": 4, "position": 57, "parents": [45, 11], "genome": "d(5) r(13,6) a(10,15) a(15,13)", "fitness": 0.0}
{"generation": 4, "position": 58, "parents": [45], "genome": "r(8,9) d(2) r(13,14) a(10,15) r(11,6)", "fitness": 0.0}
{"generation": 5, "position": 0, "parents": [39], "genome": "d(5) a(8,8) d(13) a(10,4)", "fitness": 0.0}
{"generation": 5, "position": 1, "parents": [28], "genome": "d(5) a(11,11) d(2) a(8,8) a(13,8) a(13,9)", "fitness": 0.0}
{"generation": 5, "position": 2, "parents": [6], "genome": "d(5) a(13,17) r(12,4) d(8) d(14) a(15,14)", "fitness": 0.0}
{"generation": 5, "position": 3, "parents": [5], "genome": "d(13) d(2) d(5) r(15,13) a(8,3) a(12,12)", "fitness": 0.0}
{"generation": 5, "position": 4, "parents": [14, 57], "genome": "a(13,16) r(11,16) a(8,5) r(13,6) a(10,15) a(15,13) r(3,13)", "fitness": 13.0}
{"generation": 5, "position": 5, "parents": [14, 57], "genome": "d(5) a(1,1) r(13,2)", "fitness": 0.0}
{"generation": 5, "position": 6, "parents": [14], "genome": "a(13,16) r(11,16) a(8,5) a(1,1) d(13)", "fitness": 4.0}
{"generation": 5, "position": 7, "parents": [57], "genome": "d(5) r(13,6) a(10,15) a(15,13) r(12,16)", "fitness": 0.0}
{"generation": 5, "position": 8, "parents": [29], "genome": "d(5) d(3) a(11,11) d(2) r(13,15) a(14,4) d(11)", "fitness": 0.0}
{"generation": 5, "position": 9, "parents": [47], "genome": "d(5) d(13) d(14) a(3,2)", "fitness": 0.0}
{"generation": 5, "position": 10, "parents": [52, 26], "genome": "d(13) a(9,13)", "fitness": 18.0}
{"generation": 5, "position": 11, "parents": [52, 26], "genome": "a(11,11) a(3,17) r(1,17) r(15,5) d(13) d(2) r(11,5) a(11,11) d(2) d(8) d(1) r(6,2)", "fitness": 0.0}
{"generation": 5, "position": 12, "parents": [52], "genome": "d(13) d(2) r(11,5) a(11,11) d(2) d(8) d(1) r(15,3)", "fitness": 0.0}
{"generation": 5, "position": 13, "parents": [26], "genome": "a(11,11) a(3,17) r(1,17) r(15,5) d(13) r(3,15)", "fitness": 0.0}
{"generation": 5, "position": 14, "parents": [17], "genome": "d(5) d(13) a(3,16) a(9,5) a(14,2) r(15,17)", "fitness": 0.0}
{"generation": 5, "position": 15, "parents": [22], "genome": "a(11,11) a(3,17) r(8,5) a(11,11) d(2) d(15) a(13,2) r(10,6)", "fitness": 0.0}
{"generation": 5, "position": 16, "parents": [39, 9], "genome": "d(5) a(8,8) d(13) a(13,3) d(9) d(2) r(8,5) a(3,13)", "fitness": 0.0}
{"generation": 5, "position": 17, "parents": [39, 9], "genome": "d(5) r(4,9)", "fitness": 1.0}
{"generation": 5, "position": 18, "parents": [39], "genome": "d(5) a(8,8) d(13) a(15,10)", "fitness": 0.0}
{"generation": 5, "position": 19, "parents": [9], "genome": "d(5) a(13,3) d(9) d(2) r(8,5) a(4,9)", "fitness": 0.0}
{"generation": 5, "position": 20, "parents": [46, 46], "genome": "d(5) d(13) d(9) d(2) r(1,17) d(11) d(2) r(1,17) d(11) d(3) r(8,6)", "fitness": 0.0}
{"generation": 5, "position": 21, "parents": [46, 46], "genome": "d(5) d(13) d(9) d(3) d(4)", "fitness": 13.0}
{"generation": 5, "position": 22, "parents": [46], "genome": "d(5) d(13) d(9) d(2) r(1,17) d(11) d(3) a(4,16)", "fitness": 0.0}
{"generation": 5, "position": 23, "parents": [46], "genome": "d(5) d(13) d(9) d(2) r(1,17) d(11) d(3) r(8,9)", "fitness": 0.0}
{"generation": 5, "position": 24, "parents": [43], "genome": "d(5) a(11,17) d(15) d(13) d(2) r(4,14)", "fitness": 0.0}
{"generation": 5, "position": 25, "parents": [32], "genome": "a(11,11) a(3,17) r(1,17) r(15,5) d(12) r(2,9)", "fitness": 0.0}
{"generation": 5, "position": 26, "parents": [12, 10], "genome": "r(8,9) a(13,3) d(9) d(2) d(3) d(1)", "fitness": 0.0}
{"generation": 5, "position": 27, "parents": [12, 10], "genome": "a(13,15) d(2) r(13,14) a(10,15) d(1) r(5,14)", "fitness": 0.0}
{"generation": 5, "position": 28, "parents": [12], "genome": "r(8,9) d(2) r(13,14) a(10,15) d(1) r(15,17)", "fitness": 0.0}
{"generation": 5, "position": 29, "parents": [10], "genome": "a(13,15) a(13,3) d(9) d(2) d(3) r(8,10)", "fitness": 0.0}
{"generation": 5, "position": 30, "parents": [32], "genome": "a(11,11) a(3,17) r(1,17) r(15,5) d(12) a(13,10)", "fitness": 0.0}
{"generation": 5, "position": 31, "parents": [13], "genome": "d(5) d(3) a(10,10) a(12,15) r(12,16) a(13,3)", "fitness": 0.0}
{"generation": 5, "position": 32, "parents": [59], "genome": "d(5) r(13,6) a(11,13) r(13,6) d(2) r(12,4) d(8)", "fitness": 0.0}
{"generation": 5, "position": 33, "parents": [34], "genome": "d(5) a(11,17) a(3,17) r(9,10) a(2,11) d(4) r(1,6)", "fitness": 0.0}
{"generation": 5, "position": 34, "parents": [28], "genome": "d(5) a(11,11) d(2) a(8,8) a(13,8) a(13,15)", "fitness": 0.0}
{"generation": 5, "position": 35, "parents": [2], "genome": "d(5) d(5) r(15,13) a(13,3) d(13)", "fitness": 0.0}
{"generation": 5, "position": 36, "parents": [31], "genome": "d(5) d(13) a(3,16) a(3,17) r(1,17) r(15,5) a(14,2) r(12,16)", "fitness": 0.0}
{"generation": 5, "position": 37, "parents": [18], "genome": "d(5) d(3) a(3,17) a(13,11) d(11) r(8,6)", "fitness": 0.0}
{"generation": 5, "position": 38, "parents": [47, 46], "genome": "d(5) d(13) d(9) d(2) r(1,17) d(11) d(3) d(4)", "fitness": 0.0}
{"generation": 5, "position": 39, "parents": [47, 46], "genome": "d(5) d(13) d(14) r(3,16)", "fitness": 0.0}
{"generation": 5, "position": 40, "parents": [47], "genome": "d(5) d(13) d(14) d(2)", "fitness": 0.0}
{"generation": 5, "position": 41, "parents": [46], "genome": "d(5) d(13) d(9) d(2) r(1,17) d(11) d(3) r(8,12)", "fitness": 0.0}
{"generation": 5, "position": 42, "parents": [28], "genome": "d(5) a(11,11) d(2) a(8,8) a(13,8) d(13)", "fitness": 0.0}
{"generation": 5, "position": 43, "parents": [41], "genome": "d(5) d(9) r(3,9) a(1,6) r(4,11) r(2,11)", "fitness": 0.0}
{"generation": 5, "position": 44, "parents": [55, 6], "genome": "d(5) d(13) a(3,16) a(9,5) r(3,6) a(1,17)", "fitness": 0.0}
{"generation": 5, "position": 45, "parents": [55, 6], "genome": "d(5) a(13,17) r(12,4) d(8) d(14) d(13)", "fitness": 0.0}
{"generation": 5, "position": 46, "parents": [55], "genome": "d(5) d(13) a(3,16) a(9,5) r(3,6) d(14)", "fitness": 0.0}
{"generation": 5, "position": 47, "parents": [6], "genome": "d(5) a(13,17) r(12,4) d(8) d(14) a(1,1)", "fitness": 0.0}
{"generation": 5, "position": 48, "parents": [22, 15], "genome": "a(11,11) a(3,17) r(8,5) a(11,11) d(2) d(15) a(3,16) a(9,5) a(12,11) a(2,13) d(13)", "fitness": 0.0}
{"generation": 5, "position": 49, "parents": [22, 15], "genome": "d(5) d(13) a(13,2) a(14,2)", "fitness": 0.0}
{"generation": 5, "position": 50, "parents": [22], "genome": "a(11,11) a(3,17) r(8,5) a(11,11) d(2) d(15) a(13,2) a(5,12)", "fitness": 0.0}
{"generation": 5, "position": 51, "parents": [15], "genome": "d(5) d(13) a(3,16) a(9,5) a(12,11) a(2,13) a(14,12)", "fitness": 0.0}
{"generation": 5, "position": 52, "parents": [25], "genome": "d(5) a(11,11) d(2) d(15) d(8) a(3,4)", "fitness": 0.0}
{"generation": 5, "position": 53, "parents": [16], "genome": "a(13,16) r(11,16) a(8,5) a(12,11) d(2) d(13)", "fitness": 0.0}
{"generation": 5, "position": 54, "parents": [57], "genome": "d(5) r(13,6) a(10,15) a(15,13) d(3)", "fitness": 0.0}
{"generation": 6, "position": 0, "parents": [45, 5], "genome": "d(5) a(13,17) r(12,4) d(8) d(14) r(13,2) r(11,6)", "fitness": 0.0}
{"generation": 6, "position": 1, "parents": [45, 5], "genome": "d(5) a(1,1) d(13) a(15,9)", "fitness": 0.0}
{"generation": 6, "position": 2, "parents": [45], "genome": "d(5) a(13,17) r(12,4) d(8) d(14) d(13) a(11,16)", "fitness": 0.0}
{"generation": 6, "position": 3, "parents": [5], "genome": "d(5) a(1,1) r(13,2) a(9,11)", "fitness": 0.0}
{"generation": 6, "position": 4, "parents": [9, 7], "genome": "d(5) d(13) r(12,16) d(1)", "fitness": 0.0}
{"generation": 6, "position": 5, "parents": [9, 7], "genome": "d(5) r(13,6) a(10,15) a(15,13) d(14) a(3,2) a(15,10)", "fitness": 0.0}
{"generation": 6, "position": 6, "parents": [9], "genome": "d(5) d(13) d(14) a(3,2) d(8)", "fitness": 0.0}
{"generation": 6, "position": 7, "parents": [7], "genome": "d(5) r(13,6) a(10,15) a(15,13) r(12,16) r(8,14)", "fitness": 0.0}
{"generation": 6, "position": 8, "parents": [45, 7], "genome": "d(5) a(15,13) r(12,16) a(13,13)", "fitness": 0.0}
{"generation": 6, "position": 9, "parents": [45, 7], "genome": "d(5) r(13,6) a(10,15) a(13,17) r(12,4) d(8) d(14) d(13) r(9,2)", "fitness": 0.0}
{"generation": 6, "position": 10, "parents": [45], "genome": "d(5) a(13,17) r(12,4) d(8) d(14) d(13) d(15)", "fitness": 0.0}
{"generation": 6, "position": 11, "parents": [7], "genome": "d(5) r(13,6) a(10,15) a(15,13) r(12,16) r(2,3)", "fitness": 0.0}
{"generation": 6, "position": 12, "parents": [18, 40], "genome": "d(5) a(8,8) d(13) a(15,10) a(15,11)", "fitness": 0.0}
{"generation": 6, "position": 13, "parents": [18, 40], "genome": "d(5) d(13) d(14) d(2) r(1,13)", "fitness": 0.0}
{"generation": 6, "position": 14, "parents": [18], "genome": "d(5) a(8,8) d(13) a(15,10) a(2,17)", "fitness": 0.0}
{"generation": 6, "position": 15, "parents": [40], "genome": "d(5) d(13) d(14) d(2) a(11,14)", "fitness": 0.0}
{"generation": 6, "position": 16, "parents": [41, 47], "genome": "d(5) d(13) d(8) d(14) a(1,1) d(2)", "fitness": 0.0}
{"generation": 6, "position": 17, "parents": [41, 47], "genome": "d(5) a(13,17) r(12,4) d(9) d(2) r(1,17) d(11) d(3) r(8,12) r(4,12)", "fitness": 0.0}
{"generation": 6, "position": 18, "parents": [41], "genome": "d(5) d(13) d(9) d(2) r(1,17) d(11) d(3) r(8,12) a(4,12)", "fitness": 0.0}
{"generation": 6, "position": 19, "parents": [47], "genome": "d(5) a(13,17) r(12,4) d(8) d(14) a(1,1) d(15)", "fitness": 0.0}
{"generation": 6, "position": 20, "parents": [45], "genome": "d(5) a(13,17) r(12,4) d(8) d(14) d(13) d(2)", "fitness": 0.0}
{"generation": 6, "position": 21, "parents": [39], "genome": "d(5) d(13) d(14) r(3,16) r(15,14)", "fitness": 0.0}
{"generation": 6, "position": 22, "parents": [11, 31], "genome": "a(11,11) a(3,17) r(1,17) r(15,5) d(13) d(2) r(11,5) a(11,11) d(2) d(8) d(1) a(12,15) r(12,16) a(13,3) d(6)", "fitness": 0.0}
{"generation": 6, "position": 23, "parents": [11, 31], "genome": "d(5) d(3) a(10,10) r(6,2) a(13,10)", "fitness": 0.0}
{"generation": 6, "position": 24, "parents": [11], "genome": "a(11,11) a(3,17) r(1,17) r(15,5) d(13) d(2) r(11,5) a(11,11) d(2) d(8) d(1) r(6,2) a(10,12)", "fitness": 0.0}
{"generation": 6, "position": 25, "parents": [31], "genome": "d(5) d(3) a(10,10) a(12,15) r(12,16) a(13,3) a(13,15)", "fitness": 0.0}
{"generation": 6, "position": 26, "parents": [51], "genome": "d(5) d(13) a(3,16) a(9,5) a(12,11) a(2,13) a(14,12) d(15)", "fitness": 0.0}
{"generation": 6, "position": 27, "parents": [15], "genome": "a(11,11) a(3,17) r(8,5) a(11,11) d(2) d(15) a(13,2) r(10,6) d(14)", "fitness": 0.0}
{"generation": 6, "position": 28, "parents": [46, 32], "genome": "d(5) d(13) a(3,16) d(2) r(12,4) d(8) r(10,5)", "fitness": 0.0}
{"generation": 6, "position": 29, "parents": [46, 32], "genome": "d(5) r(13,6) a(11,13) r(13,6) a(9,5) r(3,6) d(14) a(2,11)", "fitness": 13.0}
{"generation": 6, "position": 30, "parents": [46], "genome": "d(5) d(13) a(3,16) a(9,5) r(3,6) d(14) a(8,16)", "fitness": 0.0}
{"generation": 6, "position": 31, "parents": [32], "genome": "d(5) r(13,6) a(11,13) r(13,6) d(2) r(12,4) d(8) r(1,17)", "fitness": 0.0}
{"generation": 6, "position": 32, "parents": [31, 47], "genome": "d(5) d(3) a(10,10) a(12,15) r(12,16) a(13,3) d(14) a(1,1) r(15,16)", "fitness": 0.0}
{"generation": 6, "position": 33, "parents": [31, 47], "genome": "d(5) a(13,17) r(12,4) d(8) r(14,6)", "fitness": 0.0}
{"generation": 6, "position": 34, "parents": [31], "genome": "d(5) d(3) a(10,10) a(12,15) r(12,16) a(13,3) a(2,11)", "fitness": 0.0}
{"generation": 6, "position": 35, "parents": [47], "genome": "d(5) a(13,17) r(12,4) d(8) d(14) a(1,1) d(3)", "fitness": 0.0}
{"generation": 6, "position": 36, "parents": [32, 9], "genome": "d(5) r(13,6) a(11,13) r(13,6) d(2) r(1,17)", "fitness": 0.0}
{"generation": 6, "position": 37, "parents": [32, 9], "genome": "d(5) d(13) d(14) a(3,2) r(12,4) d(8) d(9)", "fitness": 0.0}
{"generation": 6, "position": 38, "parents": [32], "genome": "d(5) r(13,6) a(11,13) r(13,6) d(2) r(12,4) d(8) d(4)", "fitness": 0.0}
{"generation": 6, "position": 39, "parents": [9], "genome": "d(5) d(13) d(14) a(3,2) r(1,13)", "fitness": 0.0}
{"generation": 6, "position": 40, "parents": [5, 52], "genome": "d(5) a(1,1) d(15) d(8) a(3,4) a(13,15)", "fitness": 0.0}
{"generation": 6, "position": 41, "parents": [5, 52], "genome": "d(5) a(11,11) d(2) r(13,2) r(1,13)", "fitness": 0.0}
{"generation": 6, "position": 42, "parents": [5], "genome": "d(5) a(1,1) r(13,2) r(8,6)", "fitness": 0.0}
{"generation": 6, "position": 43, "parents": [52], "genome": "d(5) a(11,11) d(2) d(15) d(8) a(3,4) r(10,2)", "fitness": 0.0}
{"generation": 6, "position": 44, "parents": [15, 33], "genome": "a(11,11) a(3,17) r(8,5) a(11,11) d(2) d(15) a(13,2) r(9,10) a(2,11) d(4) r(1,6) a(3,16)", "fitness": 0.0}
{"generation": 6, "position": 45, "parents": [15, 33], "genome": "d(5) a(11,17) a(3,17) r(10,6) r(15,6)", "fitness": 0.0}
{"generation": 6, "position": 46, "parents": [15], "genome": "a(11,11) a(3,17) r(8,5) a(11,11) d(2) d(15) a(13,2) r(10,6) a(1,6)", "fitness": 0.0}
{"generation": 6, "position": 47, "parents": [33], "genome": "d(5) a(11,17) a(3,17) r(9,10) a(2,11) d(4) r(1,6) a(2,15)", "fitness": 0.0}
{"generation": 6, "position": 48, "parents": [40, 5], "genome": "d(5) a(1,1) r(13,2) r(14,12)", "fitness": 0.0}
{"generation": 6, "position": 49, "parents": [40, 5], "genome": "d(5) d(13) d(14) d(2) a(4,8)", "fitness": 0.0}
{"generation": 6, "position": 50, "parents": [40], "genome": "d(5) d(13) d(14) d(2) a(12,5)", "fitness": 0.0}
{"generation": 6, "position": 51, "parents": [5], "genome": "d(5) a(1,1) r(13,2) d(8)", "fitness": 0.0}
{"generation": 6, "position": 52, "parents": [45], "genome": "d(5) a(13,17) r(12,4) d(8) d(14) d(13) d(9)", "fitness": 0.0}
{"generation": 6, "position": 53, "parents": [13], "genome": "a(11,11) a(3,17) r(1,17) r(15,5) d(13) r(3,15) a(4,11)", "fitness": 0.0}
{"generation": 6, "position": 54, "parents": [43], "genome": "d(5) d(9) r(3,9) a(1,6) r(4,11) r(2,11) a(1,6)", "fitness": 0.0}
{"generation": 6, "position": 55, "parents": [22], "genome": "d(5) d(13) d(9) d(2) r(1,17) d(11) d(3) a(4,16) a(8,11)", "fitness": 0.0}
{"generation": 6, "position": 56, "parents": [8, 15], "genome": "d(5) d(3) a(11,11) d(2) r(13,15) r(8,5) a(11,11) d(2) d(15) a(13,2) r(10,6) d(1)", "fitness": 0.0}
{"generation": 6, "position": 57, "parents": [8, 15], "genome": "a(11,11) a(3,17) a(14,4) d(11) r(13,4)", "fitness": 0.0}
{"generation": 6, "position": 58, "parents": [8], "genome": "d(5) d(3) a(11,11) d(2) r(13,15) a(14,4) d(11) r(1,17)", "fitness": 0.0}
{"generation": 6, "position": 59, "parents": [15], "genome": "a(11,11) a(3,17) r(8,5) a(11,11) d(2) d(15) a(13,2) r(10,6) d(5)", "fitness": 0.0}
{"generation": 6, "position": 60, "parents": [9], "genome": "d(5) d(13) d(14) a(3,2) r(11,6)", "fitness": 0.0}
{"generation": 6, "position": 61, "parents": [54], "genome": "d(5) r(13,6) a(10,15) a(15,13) d(3) r(1,13)", "fitness": 0.0}
{"generation": 6, "position": 62, "parents": [52, 0], "genome": "d(5) a(11,11) a(8,8) d(13) a(10,4) r(4,16)", "fitness": 0.0}
{"generation": 6, "position": 63, "parents": [52, 0], "genome": "d(5) d(2) d(15) d(8) a(3,4) a(10,2)", "fitness": 0.0}
{"generation": 6, "position": 64, "parents": [52], "genome": "d(5) a(11,11) d(2) d(15) d(8) a(3,4) a(14,5)", "fitness": 0.0}
{"generation": 6, "position": 65, "parents": [0], "genome": "d(5) a(8,8) d(13) a(10,4) r(2,4)", "fitness": 0.0}
{"generation": 6, "position": 66, "parents": [50], "genome": "a(11,11) a(3,17) r(8,5) a(11,11) d(2) d(15) a(13,2) a(5,12) d(13)", "fitness": 0.0}
{"generation": 7, "position": 0, "parents": [42, 27], "genome": "d(5) a(1,1) r(13,2) r(8,6) d(3)", "fitness": 0.0}
{"generation": 7, "position": 1, "parents": [42, 27], "genome": "a(11,11) a(3,17) r(8,5) a(11,11) d(2) d(15) a(13,2) r(10,6) d(14) a(1,13)", "fitness": 0.0}
{"generation": 7, "position": 2, "parents": [42], "genome": "d(5) a(1,1) r(13,2) r(8,6) a(2,11)", "fitness": 0.0}
{"generation": 7, "position": 3, "parents": [27], "genome": "a(11,11) a(3,17) r(8,5) a(11,11) d(2) d(15) a(13,2) r(10,6) d(14) r(5,17)", "fitness": 0.0}
{"generation": 7, "position": 4, "parents": [31, 43], "genome": "d(5) r(13,6) a(11,13) r(13,6) d(8) a(3,4) r(10,2) r(15,13)", "fitness": 0.0}
{"generation": 7, "position": 5, "parents": [31, 43], "genome": "d(5) a(11,11) d(2) d(15) d(2) r(12,4) d(8) r(1,17) d(3)", "fitness": 0.0}
{"generation": 7, "position": 6, "parents": [31], "genome": "d(5) r(13,6) a(11,13) r(13,6) d(2) r(12,4) d(8) r(1,17) d(10)", "fitness": 0.0}
{"generation": 7, "position": 7, "parents": [43], "genome": "d(5) a(11,11) d(2) d(15) d(8) a(3,4) r(10,2) r(4,9)", "fitness": 0.0}
{"generation": 7, "position": 8, "parents": [12, 30], "genome": "d(5) a(9,5) r(3,6) d(14) a(8,16) r(8,4)", "fitness": 0.0}
{"generation": 7, "position": 9, "parents": [12, 30], "genome": "d(5) d(13) a(3,16) a(8,8) d(13) a(15,10) a(15,11) a(10,2)", "fitness": 0.0}
{"generation": 7, "position": 10, "parents": [12], "genome": "d(5) a(8,8) d(13) a(15,10) a(15,11) a(10,6)", "fitness": 0.0}
{"generation": 7, "position": 11, "parents": [30], "genome": "d(5) d(13) a(3,16) a(9,5) r(3,6) d(14) a(8,16) d(12)", "fitness": 0.0}
{"generation": 7, "position": 12, "parents": [42], "genome": "d(5) a(1,1) r(13,2) r(8,6) r(9,13)", "fitness": 0.0}
{"generation": 7, "position": 13, "parents": [8], "genome": "d(5) a(15,13) r(12,16) a(13,13) r(14,2)", "fitness": 0.0}
{"generation": 7, "position": 14, "parents": [58, 24], "genome": "d(5) d(3) a(11,11) d(2) d(2) d(8) d(1) r(6,2) a(10,12) r(4,2)", "fitness": 13.0}
{"generation": 7, "position": 15, "parents": [58, 24], "genome": "a(11,11) a(3,17) r(1,17) r(15,5) d(13) d(2) r(11,5) a(11,11) r(13,15) a(14,4) d(11) r(1,17) d(4)", "fitness": 0.0}
{"generation": 7, "position": 16, "parents": [58], "genome": "d(5) d(3) a(11,11) d(2) r(13,15) a(14,4) d(11) r(1,17) d(15)", "fitness": 0.0}
{"generation": 7, "position": 17, "parents": [24], "genome": "a(11,11) a(3,17) r(1,17) r(15,5) d(13) d(2) r(11,5) a(11,11) d(2) d(8) d(1) r(6,2) a(10,12) a(10,15)", "fitness": 0.0}
{"generation": 7, "position": 18, "parents": [4, 38], "genome": "d(5) r(10,11)", "fitness": 0.0}
{"generation": 7, "position": 19, "parents": [4, 38], "genome": "d(5) r(13,6) a(11,13) r(13,6) d(2) r(12,4) d(8) d(4) d(13) r(12,16) d(1) r(3,12)", "fitness": 0.0}
{"generation": 7, "position": 20, "parents": [4], "genome": "d(5) d(13) r(12,16) d(1) a(2,3)", "fitness": 0.0}
{"generation": 7, "position": 21, "parents": [38], "genome": "d(5) r(13,6) a(11,13) r(13,6) d(2) r(12,4) d(8) d(4) d(3)", "fitness": 0.0}
{"generation": 7, "position": 22, "parents": [13], "genome": "d(5) d(13) d(14) d(2) r(1,13) r(8,13)", "fitness": 0.0}
{"generation": 7, "position": 23, "parents": [61], "genome": "d(5) r(13,6) a(10,15) a(15,13) d(3) r(1,13) d(14)", "fitness": 0.0}
{"generation": 7, "position": 24, "parents": [3, 51], "genome": "d(5) a(1,1) r(13,2) d(8) r(14,12)", "fitness": 0.0}
{"generation": 7, "position": 25, "parents": [3, 51], "genome": "d(5) a(1,1) r(13,2) a(9,11) d(2)", "fitness": 0.0}
{"generation": 7, "position": 26, "parents": [3], "genome": "d(5) a(1,1) r(13,2) a(9,11) r(14,17)", "fitness": 0.0}
{"generation": 7, "position": 27, "parents": [51], "genome": "d(5) a(1,1) r(13,2) d(8) a(3,4)", "fitness": 0.0}
{"generation": 7, "position": 28, "parents": [61], "genome": "d(5) r(13,6) a(10,15) a(15,13) d(3) r(1,13) d(15)", "fitness": 0.0}
{"generation": 7, "position": 29, "parents": [61], "genome": "d(5) r(13,6) a(10,15) a(15,13) d(3) r(1,13) a(9,15)", "fitness": 0.0}
{"generation": 7, "position": 30, "parents": [64], "genome": "d(5) a(11,11) d(2) d(15) d(8) a(3,4) a(14,5) d(3)", "fitness": 0.0}
{"generation": 7, "position": 31, "parents": [54], "genome": "d(5) d(9) r(3,9) a(1,6) r(4,11) r(2,11) a(1,6) a(1,1)", "fitness": 0.0}
{"generation": 7, "position": 32, "parents": [21], "genome": "d(5) d(13) d(14) r(3,16) r(15,14) d(2)", "fitness": 0.0}
{"generation": 7, "position": 33, "parents": [51], "genome": "d(5) a(1,1) r(13,2) d(8) d(12)", "fitness": 0.0}
{"generation": 7, "position": 34, "parents": [25], "genome": "d(5) d(3) a(10,10) a(12,15) r(12,16) a(13,3) a(13,15) r(14,5)", "fitness": 0.0}
{"generation": 7, "position": 35, "parents": [60], "genome": "d(5) d(13) d(14) a(3,2) r(11,6) a(10,4)", "fitness": 0.0}
{"generation": 7, "position": 36, "parents": [46], "genome": "a(11,11) a(3,17) r(8,5) a(11,11) d(2) d(15) a(13,2) r(10,6) a(1,6) d(14)", "fitness": 0.0}
{"generation": 7, "position": 37, "parents": [8], "genome": "d(5) a(15,13) r(12,16) a(13,13) d(13)", "fitness": 0.0}
{"generation": 7, "position": 38, "parents": [58], "genome": "d(5) d(3) a(11,11) d(2) r(13,15) a(14,4) d(11) r(1,17) r(12,4)", "fitness": 0.0}
{"generation": 7, "position": 39, "parents": [37], "genome": "d(5) d(13) d(14) a(3,2) r(12,4) d(8) d(9) r(3,4)", "fitness": 0.0}
{"generation": 7, "position": 40, "parents": [9], "genome": "d(5) r(13,6) a(10,15) a(13,17) r(12,4) d(8) d(14) d(13) r(9,2) d(1)", "fitness": 0.0}
{"generation": 7, "position": 41, "parents": [58], "genome": "d(5) d(3) a(11,11) d(2) r(13,15) a(14,4) d(11) r(1,17) d(9)", "fitness": 0.0}
{"generation": 7, "position": 42, "parents": [17, 66], "genome": "d(5) d(15) a(13,2) a(5,12) d(13) r(2,8)", "fitness": 0.0}
{"generation": 7, "position": 43, "parents": [17, 66], "genome": "a(11,11) a(3,17) r(8,5) a(11,11) d(2) a(13,17) r(12,4) d(9) d(2) r(1,17) d(11) d(3) r(8,12) r(4,12)", "fitness": 0.0}
{"generation": 7, "position": 44, "parents": [17], "genome": "d(5) a(13,17) r(12,4) d(9) d(2) r(1,17) d(11) d(3) r(8,12) r(4,12)", "fitness": 0.0}
{"generation": 7, "position": 45, "parents": [66], "genome": "a(11,11) a(3,17) r(8,5) a(11,11) d(2) d(15) a(13,2) a(5,12) d(13) a(6,16)", "fitness": 0.0}
{"generation": 7, "position": 46, "parents": [40, 10], "genome": "d(5) a(1,1) d(15) d(8) a(3,4) a(13,15) d(13)", "fitness": 0.0}
{"generation": 7, "position": 47, "parents": [40, 10], "genome": "d(5) a(13,17) r(12,4) d(8) d(14) d(13) d(15) d(3)", "fitness": 0.0}
{"generation": 7, "position": 48, "parents": [40], "genome": "d(5) a(1,1) d(15) d(8) a(3,4) a(13,15) d(1)", "fitness": 0.0}
{"generation": 7, "position": 49, "parents": [10], "genome": "d(5) a(13,17) r(12,4) d(8) d(14) d(13) d(15) d(3)", "fitness": 0.0}
{"generation": 7, "position": 50, "parents": [42], "genome": "d(5) a(1,1) r(13,2) r(8,6) r(10,14)", "fitness": 0.0}
{"generation": 7, "position": 51, "parents": [62], "genome": "d(5) a(11,11) a(8,8) d(13) a(10,4) r(4,16) d(3)", "fitness": 0.0}
{"generation": 7, "position": 52, "parents": [55], "genome": "d(5) d(13) d(9) d(2) r(1,17) d(11) d(3) a(4,16) a(8,11) d(8)", "fitness": 0.0}
{"generation": 7, "position": 53, "parents": [59], "genome": "a(11,11) a(3,17) r(8,5) a(11,11) d(2) d(15) a(13,2) r(10,6) d(5) r(14,5)", "fitness": 0.0}
{"generation": 7, "position": 54, "parents": [44, 30], "genome": "a(11,11) a(3,17) r(8,5) a(11,11) d(2) d(15) a(13,2) r(9,10) a(2,11) d(4) r(1,6) a(3,16) a(8,16) a(3,13)", "fitness": 0.0}
{"generation": 7, "position": 55, "parents": [44, 30], "genome": "d(5) d(13) a(3,16) a(9,5) r(3,6) d(14) r(9,16)", "fitness": 0.0}
{"generation": 7, "position": 56, "parents": [44], "genome": "a(11,11) a(3,17) r(8,5) a(11,11) d(2) d(15) a(13,2) r(9,10) a(2,11) d(4) r(1,6) a(3,16) a(3,9)", "fitness": 0.0}
{"generation": 8, "position": 0, "parents": [34], "genome": "d(5) d(3) a(10,10) a(12,15) r(12,16) a(13,3) a(13,15) r(14,5) r(13,8)", "fitness": 0.0}
{"generation": 8, "position": 1, "parents": [6], "genome": "d(5) r(13,6) a(11,13) r(13,6) d(2) r(12,4) d(8) r(1,17) d(10) d(9)", "fitness": 0.0}
{"generation": 8, "position": 2, "parents": [51], "genome": "d(5) a(11,11) a(8,8) d(13) a(10,4) r(4,16) d(3) r(2,13)", "fitness": 0.0}
{"generation": 8, "position": 3, "parents": [20], "genome": "d(5) d(13) r(12,16) d(1) a(2,3) a(11,4)", "fitness": 0.0}
{"generation": 8, "position": 4, "parents": [18], "genome": "d(5) r(10,11) r(9,5)", "fitness": 4.0}
{"generation": 8, "position": 5, "parents": [49], "genome": "d(5) a(13,17) r(12,4) d(8) d(14) d(13) d(15) d(3) r(1,17)", "fitness": 0.0}
{"generation": 8, "position": 6, "parents": [17, 41], "genome": "a(11,11) a(3,17) r(1,17) r(15,5) d(13) d(2) r(11,5) a(11,11) d(2) d(8) r(13,15) a(14,4) d(11) r(1,17) d(9) d(3)", "fitness": 0.0}
{"generation": 8, "position": 7, "parents": [17, 41], "genome": "d(5) d(3) a(11,11) d(2) d(1) r(6,2) a(10,12) a(10,15) a(4,6)", "fitness": 0.0}
{"generation": 8, "position": 8, "parents": [17], "genome": "a(11,11) a(3,17) r(1,17) r(15,5) d(13) d(2) r(11,5) a(11,11) d(2) d(8) d(1) r(6,2) a(10,12) a(10,15) r(14,4)", "fitness": 0.0}
{"generation": 8, "position": 9, "parents": [41], "genome": "d(5) d(3) a(11,11) d(2) r(13,15) a(14,4) d(11) r(1,17) d(9) d(4)", "fitness": 0.0}
{"generation": 8, "position": 10, "parents": [51, 33], "genome": "d(5) a(11,11) a(8,8) d(13) a(1,1) r(13,2) d(8) d(12) d(9)", "fitness": 0.0}
{"generation": 8, "position": 11, "parents": [51, 33], "genome": "d(5) a(10,4) r(4,16) d(3) d(2)", "fitness": 0.0}
{"generation": 8, "position": 12, "parents": [51], "genome": "d(5) a(11,11) a(8,8) d(13) a(10,4) r(4,16) d(3) a(2,16)", "fitness": 0.0}
{"generation": 8, "position": 13, "parents": [33], "genome": "d(5) a(1,1) r(13,2) d(8) d(12) d(3)", "fitness": 0.0}
{"generation": 8, "position": 14, "parents": [55, 32], "genome": "d(5) d(13) a(3,16) a(9,5) r(3,6) r(3,16) r(15,14) d(2) r(4,10)", "fitness": 0.0}
{"generation": 8, "position": 15, "parents": [55, 32], "genome": "d(5) d(13) d(14) d(14) r(9,16) a(3,4)", "fitness": 0.0}
{"generation": 8, "position": 16, "parents": [55], "genome": "d(5) d(13) a(3,16) a(9,5) r(3,6) d(14) r(9,16) d(1)", "fitness": 0.0}
{"generation": 8, "position": 17, "parents": [32], "genome": "d(5) d(13) d(14) r(3,16) r(15,14) d(2) d(8)", "fitness": 0.0}
{"generation": 8, "position": 18, "parents": [24, 22], "genome": "d(5) d(2) r(1,13) r(8,13) a(11,8)", "fitness": 0.0}
{"generation": 8, "position": 19, "parents": [24, 22], "genome": "d(5) d(13) d(14) a(1,1) r(13,2) d(8) r(14,12) d(3)", "fitness": 0.0}
{"generation": 8, "position": 20, "parents": [24], "genome": "d(5) a(1,1) r(13,2) d(8) r(14,12) a(15,6)", "fitness": 0.0}
{"generation": 8, "position": 21, "parents": [22], "genome": "d(5) d(13) d(14) d(2) r(1,13) r(8,13) a(15,2)", "fitness": 0.0}
{"generation": 8, "position": 22, "parents": [15, 30], "genome": "a(11,11) a(3,17) r(1,17) r(15,5) d(13) d(2) r(11,5) a(11,11) r(13,15) a(14,4) d(11) r(1,17) d(4) a(3,15)", "fitness": 0.0}
{"generation": 8, "position": 23, "parents": [15, 30], "genome": "d(5) a(11,11) d(2) d(15) d(8) a(3,4) a(14,5) d(3) a(4,14)", "fitness": 0.0}
{"generation": 8, "position": 24, "parents": [15], "genome": "a(11,11) a(3,17) r(1,17) r(15,5) d(13) d(2) r(11,5) a(11,11) r(13,15) a(14,4) d(11) r(1,17) d(4) r(3,12)", "fitness": 0.0}
{"generation": 8, "position": 25, "parents": [30], "genome": "d(5) a(11,11) d(2) d(15) d(8) a(3,4) a(14,5) d(3) d(13)", "fitness": 0.0}
{"generation": 8, "position": 26, "parents": [53, 49], "genome": "a(11,11) a(3,17) r(8,5) a(11,11) d(8) d(14) d(13) d(15) d(3) d(2)", "fitness": 0.0}
{"generation": 8, "position": 27, "parents": [53, 49], "genome": "d(5) a(13,17) r(12,4) d(2) d(15) a(13,2) r(10,6) d(5) r(14,5) r(1,13)", "fitness": 0.0}
{"generation": 8, "position": 28, "parents": [53], "genome": "a(11,11) a(3,17) r(8,5) a(11,11) d(2) d(15) a(13,2) r(10,6) d(5) r(14,5) a(3,2)", "fitness": 0.0}
{"generation": 8, "position": 29, "parents": [49], "genome": "d(5) a(13,17) r(12,4) d(8) d(14) d(13) d(15) d(3) a(4,14)", "fitness": 0.0}
{"generation": 8, "position": 30, "parents": [24], "genome": "d(5) a(1,1) r(13,2) d(8) r(14,12) d(3)", "fitness": 0.0}
{"generation": 8, "position": 31, "parents": [0], "genome": "d(5) a(1,1) r(13,2) r(8,6) d(3) a(10,2)", "fitness": 0.0}
{"generation": 8, "position": 32, "parents": [0, 32], "genome": "d(5) d(14) r(3,16) r(15,14) d(2) d(1)", "fitness": 0.0}
{"generation": 8, "position": 33, "parents": [0, 32], "genome": "d(5) d(13) a(1,1) r(13,2) r(8,6) d(3) d(2)", "fitness": 0.0}
{"generation": 8, "position": 34, "parents": [0], "genome": "d(5) a(1,1) r(13,2) r(8,6) d(3) r(11,12)", "fitness": 0.0}
{"generation": 8, "position": 35, "parents": [32], "genome": "d(5) d(13) d(14) r(3,16) r(15,14) d(2) a(9,3)", "fitness": 0.0}
{"generation": 8, "position": 36, "parents": [0], "genome": "d(5) a(1,1) r(13,2) r(8,6) d(3) r(4,13)", "fitness": 13.0}
{"generation": 8, "position": 37, "parents": [18], "genome": "d(5) r(10,11) a(3,10)", "fitness": 0.0}
{"generation": 8, "position": 38, "parents": [4], "genome": "d(5) r(13,6) a(11,13) r(13,6) d(8) a(3,4) r(10,2) r(15,13) r(9,12)", "fitness": 0.0}
{"generation": 8, "position": 39, "parents": [31], "genome": "d(5) d(9) r(3,9) a(1,6) r(4,11) r(2,11) a(1,6) a(1,1) a(1,1)", "fitness": 0.0}
{"generation": 8, "position": 40, "parents": [23], "genome": "d(5) r(13,6) a(10,15) a(15,13) d(3) r(1,13) d(14) a(15,6)", "fitness": 0.0}
{"generation": 8, "position": 41, "parents": [13], "genome": "d(5) a(15,13) r(12,16) a(13,13) r(14,2) d(3)", "fitness": 0.0}
{"generation": 8, "position": 42, "parents": [38], "genome": "d(5) d(3) a(11,11) d(2) r(13,15) a(14,4) d(11) r(1,17) r(12,4) d(4)", "fitness": 0.0}
{"generation": 8, "position": 43, "parents": [45], "genome": "a(11,11) a(3,17) r(8,5) a(11,11) d(2) d(15) a(13,2) a(5,12) d(13) a(6,16) a(14,2)", "fitness": 0.0}
{"generation": 8, "position": 44, "parents": [29, 15], "genome": "d(5) r(13,6) a(10,15) r(1,17) r(15,5) d(13) d(2) r(11,5) a(11,11) r(13,15) a(14,4) d(11) r(1,17) d(4) r(3,4)", "fitness": 0.0}
{"generation": 8, "position": 45, "parents": [29, 15], "genome": "a(11,11) a(3,17) a(15,13) d(3) r(1,13) a(9,15) a(10,17)", "fitness": 0.0}
{"generation": 8, "position": 46, "parents": [29], "genome": "d(5) r(13,6) a(10,15) a(15,13) d(3) r(1,13) a(9,15) d(15)", "fitness": 0.0}
{"generation": 8, "position": 47, "parents": [15], "genome": "a(11,11) a(3,17) r(1,17) r(15,5) d(13) d(2) r(11,5) a(11,11) r(13,15) a(14,4) d(11) r(1,17) d(4) d(3)", "fitness": 0.0}
{"generation": 8, "position": 48, "parents": [37], "genome": "d(5) a(15,13) r(12,16) a(13,13) d(13) r(10,8)", "fitness": 0.0}
{"generation": 8, "position": 49, "parents": [53], "genome": "a(11,11) a(3,17) r(8,5) a(11,11) d(2) d(15) a(13,2) r(10,6) d(5) r(14,5) a(9,6)", "fitness": 0.0}
{"generation": 8, "position": 50, "parents": [30, 33], "genome": "d(5) a(11,11) d(2) d(15) d(8) d(12) a(1,17)", "fitness": 0.0}
{"generation": 8, "position": 51, "parents": [30, 33], "genome": "d(5) a(1,1) r(13,2) d(8) a(3,4) a(14,5) d(3) a(2,14)", "fitness": 13.0}
{"generation": 8, "position": 52, "parents": [30], "genome": "d(5) a(11,11) d(2) d(15) d(8) a(3,4) a(14,5) d(3) a(14,13)", "fitness": 0.0}
{"generation": 8, "position": 53, "parents": [33], "genome": "d(5) a(1,1) r(13,2) d(8) d(12) a(2,2)", "fitness": 0.0}
{"generation": 8, "position": 54, "parents": [39, 53], "genome": "d(5) d(13) d(14) a(3,2) d(2) d(15) a(13,2) r(10,6) d(5) r(14,5) a(3,16)", "fitness": 0.0}
{"generation": 8, "position": 55, "parents": [39, 53], "genome": "a(11,11) a(3,17) r(8,5) a(11,11) r(12,4) d(8) d(9) r(3,4) d(6)", "fitness": 0.0}
{"generation": 8, "position": 56, "parents": [39], "genome": "d(5) d(13) d(14) a(3,2) r(12,4) d(8) d(9) r(3,4) a(2,6)", "fitness": 0.0}
{"generation": 8, "position": 57, "parents": [53], "genome": "a(11,11) a(3,17) r(8,5) a(11,11) d(2) d(15) a(13,2) r(10,6) d(5) r(14,5) a(9,8)", "fitness": 0.0}
{"generation": 8, "position": 58, "parents": [21, 10], "genome": "d(5) r(13,6) a(11,13) r(13,6) d(2) r(12,4) d(8) a(15,10) a(15,11) a(10,6) r(10,6)", "fitness": 0.0}
{"generation": 8, "position": 59, "parents": [21, 10], "genome": "d(5) a(8,8) d(13) d(4) d(3) r(2,16)", "fitness": 0.0}
{"generation": 8, "position": 60, "parents": [21], "genome": "d(5) r(13,6) a(11,13) r(13,6) d(2) r(12,4) d(8) d(4) d(3) r(1,13)", "fitness": 0.0}
{"generation": 9, "position": 0, "parents": [54, 18], "genome": "d(5) d(2) r(1,13) r(8,13) a(11,8) a(3,4)", "fitness": 0.0}
{"generation": 9, "position": 1, "parents": [54, 18], "genome": "d(5) d(13) d(14) a(3,2) d(2) d(15) a(13,2) r(10,6) d(5) r(14,5) a(3,16) a(3,13)", "fitness": 0.0}
{"generation": 9, "position": 2, "parents": [54], "genome": "d(5) d(13) d(14) a(3,2) d(2) d(15) a(13,2) r(10,6) d(5) r(14,5) a(3,16) d(9)", "fitness": 0.0}
{"generation": 9, "position": 3, "parents": [18], "genome": "d(5) d(2) r(1,13) r(8,13) a(11,8) a(12,2)", "fitness": 0.0}
{"generation": 9, "position": 4, "parents": [53], "genome": "d(5) a(1,1) r(13,2) d(8) d(12) a(2,2) a(15,8)", "fitness": 0.0}
{"generation": 9, "position": 5, "parents": [23], "genome": "d(5) a(11,11) d(2) d(15) d(8) a(3,4) a(14,5) d(3) a(4,14) r(13,3)", "fitness": 0.0}
{"generation": 9, "position": 6, "parents": [15], "genome": "d(5) d(13) d(14) d(14) r(9,16) a(3,4) r(8,14)", "fitness": 0.0}
{"generation": 9, "position": 7, "parents": [43], "genome": "a(11,11) a(3,17) r(8,5) a(11,11) d(2) d(15) a(13,2) a(5,12) d(13) a(6,16) a(14,2) d(4)", "fitness": 0.0}
{"generation": 9, "position": 8, "parents": [45, 44], "genome": "a(11,11) a(3,17) a(15,13) d(3) r(1,13) a(9,15) r(13,14)", "fitness": 0.0}
{"generation": 9, "position": 9, "parents": [45, 44], "genome": "d(5) r(13,6) a(10,15) r(1,17) r(15,5) d(13) d(2) r(11,5) a(11,11) r(13,15) a(14,4) d(11) r(1,17) d(4) r(3,4) a(10,17)", "fitness": 0.0}
{"generation": 9, "position": 10, "parents": [45], "genome": "a(11,11) a(3,17) a(15,13) d(3) r(1,13) a(9,15) a(10,17) d(10)", "fitness": 0.0}
{"generation": 9, "position": 11, "parents": [44], "genome": "d(5) r(13,6) a(10,15) r(1,17) r(15,5) d(13) d(2) r(11,5) a(11,11) r(13,15) a(14,4) d(11) r(1,17) d(4) r(3,4)", "fitness": 0.0}
{"generation": 9, "position": 12, "parents": [33], "genome": "d(5) d(13) a(1,1) r(13,2) r(8,6) d(3) d(2) a(9,13)", "fitness": 0.0}
{"generation": 9, "position": 13, "parents": [11], "genome": "d(5) a(10,4) r(4,16) d(3) d(2) r(1,17)", "fitness": 0.0}
{"generation": 9, "position": 14, "parents": [41, 13], "genome": "d(5) a(15,13) r(12,16) d(8) d(12) d(3) r(13,5)", "fitness": 0.0}
{"generation": 9, "position": 15, "parents": [41, 13], "genome": "d(5) a(1,1) r(13,2) a(13,13) r(14,2) d(3) a(4,6)", "fitness": 0.0}
{"generation": 9, "position": 16, "parents": [41], "genome": "d(5) a(15,13) r(12,16) a(13,13) r(14,2) d(3) a(13,3)", "fitness": 0.0}
{"generation": 9, "position": 17, "parents": [13], "genome": "d(5) a(1,1) r(13,2) d(8) d(12) d(3) a(2,3)", "fitness": 0.0}
{"generation": 9, "position": 18, "parents": [15], "genome": "d(5) d(13) d(14) d(14) r(9,16) a(3,4) r(8,6)", "fitness": 0.0}
{"generation": 9, "position": 19, "parents": [34], "genome": "d(5) a(1,1) r(13,2) r(8,6) d(3) r(11,12) r(1,6)", "fitness": 0.0}
{"generation": 9, "position": 20, "parents": [14, 54], "genome": "d(5) d(13) a(13,2) r(10,6) d(5) r(14,5) a(3,16) r(3,8)", "fitness": 0.0}
{"generation": 9, "position": 21, "parents": [14, 54], "genome": "d(5) d(13) d(14) a(3,2) d(2) d(15) a(3,16) a(9,5) r(3,6) r(3,16) r(15,14) d(2) r(4,10) a(1,6)", "fitness": 0.0}
{"generation": 9, "position": 22, "parents": [14], "genome": "d(5) d(13) a(3,16) a(9,5) r(3,6) r(3,16) r(15,14) d(2) r(4,10) d(1)", "fitness": 0.0}
{"generation": 9, "position": 23, "parents": [54], "genome": "d(5) d(13) d(14) a(3,2) d(2) d(15) a(13,2) r(10,6) d(5) r(14,5) a(3,16) d(3)", "fitness": 0.0}
{"generation": 9, "position": 24, "parents": [46], "genome": "d(5) r(13,6) a(10,15) a(15,13) d(3) r(1,13) a(9,15) d(15) r(14,5)", "fitness": 0.0}
{"generation": 9, "position": 25, "parents": [40], "genome": "d(5) r(13,6) a(10,15) a(15,13) d(3) r(1,13) d(14) a(15,6) r(11,15)", "fitness": 0.0}
{"generation": 9, "position": 26, "parents": [11, 30], "genome": "d(5) a(9,4)", "fitness": 0.0}
{"generation": 9, "position": 27, "parents": [11, 30], "genome": "d(5) a(1,1) r(13,2) d(8) r(14,12) d(3) a(10,4) r(4,16) d(3) d(2) a(1,6)", "fitness": 0.0}
{"generation": 9, "position": 28, "parents": [11], "genome": "d(5) a(10,4) r(4,16) d(3) d(2) a(1,1)", "fitness": 0.0}
{"generation": 9, "position": 29, "parents": [30], "genome": "d(5) a(1,1) r(13,2) d(8) r(14,12) d(3) r(1,6)", "fitness": 0.0}
{"generation": 9, "position": 30, "parents": [16], "genome": "d(5) d(13) a(3,16) a(9,5) r(3,6) d(14) r(9,16) d(1) d(4)", "fitness": 0.0}
{"generation": 9, "position": 31, "parents": [14], "genome": "d(5) d(13) a(3,16) a(9,5) r(3,6) r(3,16) r(15,14) d(2) r(4,10) a(1,17)", "fitness": 0.0}
{"generation": 9, "position": 32, "parents": [35, 18], "genome": "d(5) d(13) a(11,6)", "fitness": 0.0}
{"generation": 9, "position": 33, "parents": [35, 18], "genome": "d(5) d(2) r(1,13) r(8,13) a(11,8) d(14) r(3,16) r(15,14) d(2) a(9,3) a(12,16)", "fitness": 0.0}
{"generation": 9, "position": 34, "parents": [35], "genome": "d(5) d(13) d(14) r(3,16) r(15,14) d(2) a(9,3) a(9,13)", "fitness": 0.0}
{"generation": 9, "position": 35, "parents": [18], "genome": "d(5) d(2) r(1,13) r(8,13) a(11,8) a(13,10)", "fitness": 0.0}
{"generation": 9, "position": 36, "parents": [6, 42], "genome": "a(11,11) a(3,17) r(1,17) r(15,5) a(14,4) d(11) r(1,17) r(12,4) d(4) a(2,9)", "fitness": 0.0}
{"generation": 9, "position": 37, "parents": [6, 42], "genome": "d(5) d(3) a(11,11) d(2) r(13,15) d(13) d(2) r(11,5) a(11,11) d(2) d(8) r(13,15) a(14,4) d(11) r(1,17) d(9) d(3) d(4)", "fitness": 0.0}
{"generation": 9, "position": 38, "parents": [6], "genome": "a(11,11) a(3,17) r(1,17) r(15,5) d(13) d(2) r(11,5) a(11,11) d(2) d(8) r(13,15) a(14,4) d(11) r(1,17) d(9) d(3) d(4)", "fitness": 0.0}
{"generation": 9, "position": 39, "parents": [42], "genome": "d(5) d(3) a(11,11) d(2) r(13,15) a(14,4) d(11) r(1,17) r(12,4) d(4)", "fitness": 0.0}
{"generation": 9, "position": 40, "parents": [24], "genome": "a(11,11) a(3,17) r(1,17) r(15,5) d(13) d(2) r(11,5) a(11,11) r(13,15) a(14,4) d(11) r(1,17) d(4) r(3,12)", "fitness": 0.0}
{"generation": 9, "position": 41, "parents": [54], "genome": "d(5) d(13) d(14) a(3,2) d(2) d(15) a(13,2) r(10,6) d(5) r(14,5) a(3,16) d(4)", "fitness": 0.0}
{"generation": 9, "position": 42, "parents": [16, 1], "genome": "d(5) d(13) a(3,16) a(9,5) r(3,6) d(14) d(10) d(9) d(2)", "fitness": 0.0}
{"generation": 9, "position": 43, "parents": [16, 1], "genome": "d(5) r(13,6) a(11,13) r(13,6) d(2) r(12,4) d(8) r(1,17) r(9,16) d(1) r(4,2)", "fitness": 13.0}
{"generation": 9, "position": 44, "parents": [16], "genome": "d(5) d(13) a(3,16) a(9,5) r(3,6) d(14) r(9,16) d(1) a(4,10)", "fitness": 0.0}
{"generation": 9, "position": 45, "parents": [1], "genome": "d(5) r(13,6) a(11,13) r(13,6) d(2) r(12,4) d(8) r(1,17) d(10) d(9) r(4,8)", "fitness": 0.0}
{"generation": 9, "position": 46, "parents": [50, 3], "genome": "d(5) d(13)", "fitness": 0.0}
{"generation": 9, "position": 47, "parents": [50, 3], "genome": "d(5) d(13) r(12,16) d(1) a(2,3) a(11,4) a(11,11) d(2) d(15) d(8) d(12) a(1,17) d(10)", "fitness": 0.0}
{"generation": 9, "position": 48, "parents": [50], "genome": "d(5) a(11,11) d(2) d(15) d(8) d(12) a(1,17) a(11,16)", "fitness": 0.0}
{"generation": 9, "position": 49, "parents": [3], "genome": "d(5) d(13) r(12,16) d(1) a(2,3) a(11,4) d(15)", "fitness": 0.0}
{"generation": 9, "position": 50, "parents": [59], "genome": "d(5) a(8,8) d(13) d(4) d(3) r(2,16) r(1,13)", "fitness": 0.0}
{"generation": 9, "position": 51, "parents": [3], "genome": "d(5) d(13) r(12,16) d(1) a(2,3) a(11,4) r(4,13)", "fitness": 13.0}
{"generation": 9, "position": 52, "parents": [40], "genome": "d(5) r(13,6) a(10,15) a(15,13) d(3) r(1,13) d(14) a(15,6) a(9,8)", "fitness": 0.0}
{"generation": 9, "position": 53, "parents": [3], "genome": "d(5) d(13) r(12,16) d(1) a(2,3) a(11,4) r(2,17)", "fitness": 0.0}
{"generation": 9, "position": 54, "parents": [59, 38], "genome": "d(5) a(8,8) r(10,2) r(15,13) r(9,12) d(1)", "fitness": 0.0}
{"generation": 9, "position": 55, "parents": [59, 38], "genome": "d(5) r(13,6) a(11,13) r(13,6) d(8) a(3,4) d(13) d(4) d(3) r(2,16) r(1,13)", "fitness": 0.0}
{"generation": 9, "position": 56, "parents": [59], "genome": "d(5) a(8,8) d(13) d(4) d(3) r(2,16) a(1,1)", "fitness": 0.0}
{"generation": 9, "position": 57, "parents": [38], "genome": "d(5) r(13,6) a(11,13) r(13,6) d(8) a(3,4) r(10,2) r(15,13) r(9,12) r(4,2)", "fitness": 4.0}
{"generation": 9, "position": 58, "parents": [50, 41], "genome": "d(5) a(11,11) d(2) a(13,13) r(14,2) d(3) d(8)", "fitness": 0.0}
{"generation": 9, "position": 59, "parents": [50, 41], "genome": "d(5) a(15,13) r(12,16) d(15) d(8) d(12) a(1,17) r(13,2)", "fitness": 0.0}
{"generation": 9, "position": 60, "parents": [50], "genome": "d(5) a(11,11) d(2) d(15) d(8) d(12) a(1,17) d(4)", "fitness": 0.0}
{"generation": 10, "position": 0, "parents": [13], "genome": "d(5) a(10,4) r(4,16) d(3) d(2) r(1,17)", "fitness": 0.0}
{"generation": 10, "position": 1, "parents": [55], "genome": "d(5) r(13,6) a(11,13) r(13,6) d(8) a(3,4) d(13) d(4) d(3) r(2,16) r(1,13)", "fitness": 0.0}
{"generation": 10, "position": 2, "parents": [26, 20], "genome": "d(5) r(3,8) d(13)", "fitness": 0.0}
{"generation": 10, "position": 3, "parents": [26, 20], "genome": "d(5) d(13) a(13,2) r(10,6) d(5) r(14,5) a(3,16) a(9,4) r(2,9)", "fitness": 0.0}
{"generation": 10, "position": 4, "parents": [26], "genome": "d(5) a(9,4) d(13)", "fitness": 0.0}
{"generation": 10, "position": 5, "parents": [20], "genome": "d(5) d(13) a(13,2) r(10,6) d(5) r(14,5) a(3,16) r(3,8) a(9,10)", "fitness": 0.0}
{"generation": 10, "position": 6, "parents": [60], "genome": "d(5) a(11,11) d(2) d(15) d(8) d(12) a(1,17) d(4) r(3,15)", "fitness": 0.0}
{"generation": 10, "position": 7, "parents": [34], "genome": "d(5) d(13) d(14) r(3,16) r(15,14) d(2) a(9,3) a(9,13) d(12)", "fitness": 0.0}
{"generation": 10, "position": 8, "parents": [7], "genome": "a(11,11) a(3,17) r(8,5) a(11,11) d(2) d(15) a(13,2) a(5,12) d(13) a(6,16) a(14,2) d(4) d(1)", "fitness": 0.0}
{"generation": 10, "position": 9, "parents": [23], "genome": "d(5) d(13) d(14) a(3,2) d(2) d(15) a(13,2) r(10,6) d(5) r(14,5) a(3,16) d(3) r(4,6)", "fitness": 0.0}
{"generation": 10, "position": 10, "parents": [52], "genome": "d(5) r(13,6) a(10,15) a(15,13) d(3) r(1,13) d(14) a(15,6) a(9,8) r(10,13)", "fitness": 0.0}
{"generation": 10, "position": 11, "parents": [28], "genome": "d(5) a(10,4) r(4,16) d(3) d(2) a(1,1) r(1,13)", "fitness": 0.0}
{"generation": 10, "position": 12, "parents": [48], "genome": "d(5) a(11,11) d(2) d(15) d(8) d(12) a(1,17) a(11,16) a(11,2)", "fitness": 0.0}
{"generation": 10, "position": 13, "parents": [47], "genome": "d(5) d(13) r(12,16) d(1) a(2,3) a(11,4) a(11,11) d(2) d(15) d(8) d(12) a(1,17) d(10) r(4,17)", "fitness": 0.0}
{"generation": 10, "position": 14, "parents": [7, 56], "genome": "a(11,11) a(3,17) r(8,5) a(11,11) d(2) d(15) a(1,1) d(1)", "fitness": 0.0}
{"generation": 10, "position": 15, "parents": [7, 56], "genome": "d(5) a(8,8) d(13) d(4) d(3) r(2,16) a(13,2) a(5,12) d(13) a(6,16) a(14,2) d(4) d(1)", "fitness": 0.0}
{"generation": 10, "position": 16, "parents": [7], "genome": "a(11,11) a(3,17) r(8,5) a(11,11) d(2) d(15) a(13,2) a(5,12) d(13) a(6,16) a(14,2) d(4) r(3,14)", "fitness": 0.0}
{"generation": 10, "position": 17, "parents": [56], "genome": "d(5) a(8,8) d(13) d(4) d(3) r(2,16) a(1,1) a(1,13)", "fitness": 0.0}
{"generation": 10, "position": 18, "parents": [11, 21], "genome": "d(5) r(13,6) a(10,15) r(1,17) r(15,5) d(15) a(3,16) a(9,5) r(3,6) r(3,16) r(15,14) d(2) r(4,10) a(1,6)", "fitness": 0.0}
{"generation": 10, "position": 19, "parents": [11, 21], "genome": "d(5) d(13) d(14) a(3,2) d(2) d(13) d(2) r(11,5) a(11,11) r(13,15) a(14,4) d(11) r(1,17) d(4) r(3,4)", "fitness": 13.0}
{"generation": 10, "position": 20, "parents": [11], "genome": "d(5) r(13,6) a(10,15) r(1,17) r(15,5) d(13) d(2) r(11,5) a(11,11) r(13,15) a(14,4) d(11) r(1,17) d(4) r(3,4)", "fitness": 0.0}
{"generation": 10, "position": 21, "parents": [21], "genome": "d(5) d(13) d(14) a(3,2) d(2) d(15) a(3,16) a(9,5) r(3,6) r(3,16) r(15,14) d(2) r(4,10) a(1,6) r(1,6)", "fitness": 0.0}
{"generation": 10, "position": 22, "parents": [0, 32], "genome": "d(5) d(2) r(1,13) r(8,13) d(13) a(11,6) d(3)", "fitness": 0.0}
{"generation": 10, "position": 23, "parents": [0, 32], "genome": "d(5) a(11,8) a(3,4) a(13,16)", "fitness": 0.0}
{"generation": 10, "position": 24, "parents": [0], "genome": "d(5) d(2) r(1,13) r(8,13) a(11,8) a(3,4) r(13,5)", "fitness": 0.0}
{"generation": 10, "position": 25, "parents": [32], "genome": "d(5) d(13) a(11,6) a(15,17)", "fitness": 0.0}
{"generation": 10, "position": 26, "parents": [33], "genome": "d(5) d(2) r(1,13) r(8,13) a(11,8) d(14) r(3,16) r(15,14) d(2) a(9,3) a(12,16) d(11)", "fitness": 0.0}
{"generation": 10, "position": 27, "parents": [60], "genome": "d(5) a(11,11) d(2) d(15) d(8) d(12) a(1,17) d(4) a(1,17)", "fitness": 0.0}
{"generation": 10, "position": 28, "parents": [60, 31], "genome": "d(5) a(11,11) d(2) d(15) d(8) d(12) r(4,10) a(1,17) a(1,6)", "fitness": 0.0}
{"generation": 10, "position": 29, "parents": [60, 31], "genome": "d(5) d(13) a(3,16) a(9,5) r(3,6) r(3,16) r(15,14) d(2) a(1,17) d(4) d(1)", "fitness": 0.0}
{"generation": 10, "position": 30, "parents": [60], "genome": "d(5) a(11,11) d(2) d(15) d(8) d(12) a(1,17) d(4) d(3)", "fitness": 0.0}
{"generation": 10, "position": 31, "parents": [31], "genome": "d(5) d(13) a(3,16) a(9,5) r(3,6) r(3,16) r(15,14) d(2) r(4,10) a(1,17) r(1,6)", "fitness": 0.0}
{"generation": 10, "position": 32, "parents": [17, 37], "genome": "d(5) d(11) r(1,17) d(9) d(3) d(4) r(2,12)", "fitness": 0.0}
{"generation": 10, "position": 33, "parents": [17, 37], "genome": "d(5) d(3) a(11,11) d(2) r(13,15) d(13) d(2) r(11,5) a(11,11) d(2) d(8) r(13,15) a(14,4) a(1,1) r(13,2) d(8) d(12) d(3) a(2,3) d(10)", "fitness": 0.0}
{"generation": 10, "position": 34, "parents": [17], "genome": "d(5) a(1,1) r(13,2) d(8) d(12) d(3) a(2,3) d(15)", "fitness": 0.0}
{"generation": 10, "position": 35, "parents": [37], "genome": "d(5) d(3) a(11,11) d(2) r(13,15) d(13) d(2) r(11,5) a(11,11) d(2) d(8) r(13,15) a(14,4) d(11) r(1,17) d(9) d(3) d(4)", "fitness": 0.0}
{"generation": 10, "position": 36, "parents": [54, 38], "genome": "d(5) a(8,8) r(10,2) d(11) r(1,17) d(9) d(3) d(4) d(2)", "fitness": 0.0}
{"generation": 10, "position": 37, "parents": [54, 38], "genome": "a(11,11) a(3,17) r(1,17) r(15,5) d(13) d(2) r(11,5) a(11,11) d(2) d(8) r(13,15) a(14,4) r(15,13) r(9,12) d(1) a(6,16)", "fitness": 0.0}
{"generation": 10, "position": 38, "parents": [54], "genome": "d(5) a(8,8) r(10,2) r(15,13) r(9,12) d(1) r(4,3)", "fitness": 13.0}
{"generation": 10, "position": 39, "parents": [38], "genome": "a(11,11) a(3,17) r(1,17) r(15,5) d(13) d(2) r(11,5) a(11,11) d(2) d(8) r(13,15) a(14,4) d(11) r(1,17) d(9) d(3) d(4)", "fitness": 0.0}
{"generation": 10, "position": 40, "parents": [41], "genome": "d(5) d(13) d(14) a(3,2) d(2) d(15) a(13,2) r(10,6) d(5) r(14,5) a(3,16) d(4) d(3)", "fitness": 0.0}
{"generation": 10, "position": 41, "parents": [34], "genome": "d(5) d(13) d(14) r(3,16) r(15,14) d(2) a(9,3) a(9,13) r(4,9)", "fitness": 0.0}
{"generation": 10, "position": 42, "parents": [35, 10], "genome": "d(5) d(2) r(1,13) r(8,13) a(11,8) a(13,10) a(15,13) d(3) r(1,13) a(9,15) a(10,17) d(10) a(15,12)", "fitness": 0.0}
{"generation": 10, "position": 43, "parents": [35, 10], "genome": "a(11,11) a(3,17) a(4,16)", "fitness": 0.0}
{"generation": 10, "position": 44, "parents": [35], "genome": "d(5) d(2) r(1,13) r(8,13) a(11,8) a(13,10) d(3)", "fitness": 0.0}
{"generation": 10, "position": 45, "parents": [10], "genome": "a(11,11) a(3,17) a(15,13) d(3) r(1,13) a(9,15) a(10,17) d(10) r(15,2)", "fitness": 0.0}
{"generation": 10, "position": 46, "parents": [17, 12], "genome": "d(5) a(1,1) r(13,2) d(8) r(12,4)", "fitness": 0.0}
{"generation": 10, "position": 47, "parents": [17, 12], "genome": "d(5) d(13) a(1,1) r(13,2) r(8,6) d(3) d(2) a(9,13) d(12) d(3) a(2,3) a(9,3)", "fitness": 0.0}
{"generation": 10, "position": 48, "parents": [17], "genome": "d(5) a(1,1) r(13,2) d(8) d(12) d(3) a(2,3) a(11,8)", "fitness": 0.0}
{"generation": 10, "position": 49, "parents": [12], "genome": "d(5) d(13) a(1,1) r(13,2) r(8,6) d(3) d(2) a(9,13) d(11)", "fitness": 0.0}
{"generation": 10, "position": 50, "parents": [0, 13], "genome": "d(5) d(2) r(1,13) d(3) d(2) r(1,17) r(13,9)", "fitness": 0.0}
{"generation": 10, "position": 51, "parents": [0, 13], "genome": "d(5) a(10,4) r(4,16) r(8,13) a(11,8) a(3,4) d(3)", "fitness": 0.0}
{"generation": 10, "position": 52, "parents": [0], "genome": "d(5) d(2) r(1,13) r(8,13) a(11,8) a(3,4) r(13,5)", "fitness": 0.0}
{"generation": 10, "position": 53, "parents": [13], "genome": "d(5) a(10,4) r(4,16) d(3) d(2) r(1,17)", "fitness": 0.0}
{"generation": 10, "position": 54, "parents": [56], "genome": "d(5) a(8,8) d(13) d(4) d(3) r(2,16) a(1,1) d(1)", "fitness": 0.0}
{"generation": 10, "position": 55, "parents": [0], "genome": "d(5) d(2) r(1,13) r(8,13) a(11,8) a(3,4) d(14)", "fitness": 0.0}
{"generation": 10, "position": 56, "parents": [27], "genome": "d(5) a(1,1) r(13,2) d(8) r(14,12) d(3) a(10,4) r(4,16) d(3) d(2) a(1,6) r(1,6)", "fitness": 0.0}
{"generation": 10, "position": 57, "parents": [24], "genome": "d(5) r(13,6) a(10,15) a(15,13) d(3) r(1,13) a(9,15) d(15) r(14,5) d(11)", "fitness": 0.0}
{"generation": 10, "position": 58, "parents": [41, 28], "genome": "d(5) d(13) d(14) a(3,2) d(2) d(15) a(13,2) d(3) d(2) a(1,1) r(10,8)", "fitness": 0.0}
{"generation": 10, "position": 59, "parents": [41, 28], "genome": "d(5) a(10,4) r(4,16) r(10,6) d(5) r(14,5) a(3,16) d(4) a(2,3)", "fitness": 0.0}
{"generation": 10, "position": 60, "parents": [41], "genome": "d(5) d(13) d(14) a(3,2) d(2) d(15) a(13,2) r(10,6) d(5) r(14,5) a(3,16) d(4) d(1)", "fitness": 0.0}