[meta]
{"program": "genprog-3.0", "problem": {"ideal_fitness": "54", "type": "repair", "name": "zune", "enclosure": {"1": 0, "2": 0, "3": 0, "4": 0, "5": 4, "6": 5, "8": 4, "9": 4, "10": 9, "11": 10, "12": 10, "13": 10, "14": 9, "15": 9, "16": 0, "17": 0}}, "version": "0.0.2", "seed": 32, "algorithm": {"representation": "patch", "type": "genetic", "name": "ALGORITHM-NAME"}}

[data]
{"generation": 0, "position": 0, "parents": [], "genome": "r(4,12)", "fitness": 1.0}
{"generation": 0, "position": 1, "parents": [], "genome": "a(3,14)", "fitness": 40.0}
{"generation": 0, "position": 2, "parents": [], "genome": "a(13,15)", "fitness": 18.0}
{"generation": 0, "position": 3, "parents": [], "genome": "r(13,6)", "fitness": 18.0}
{"generation": 0, "position": 4, "parents": [], "genome": "a(11,14)", "fitness": 14.0}
{"generation": 0, "position": 5, "parents": [], "genome": "a(2,15)", "fitness": 0.0}
{"generation": 0, "position": 6, "parents": [], "genome": "a(14,8)", "fitness": 18.0}
{"generation": 0, "position": 7, "parents": [], "genome": "r(13,5)", "fitness": 18.0}
{"generation": 0, "position": 8, "parents": [], "genome": "a(5,6)", "fitness": 18.0}
{"generation": 0, "position": 9, "parents": [], "genome": "a(2,16)", "fitness": 0.0}
{"generation": 0, "position": 10, "parents": [], "genome": "d(13)", "fitness": 18.0}
{"generation": 0, "position": 11, "parents": [], "genome": "r(5,6)", "fitness": 0.0}
{"generation": 0, "position": 12, "parents": [], "genome": "r(15,12)", "fitness": 18.0}
{"generation": 0, "position": 13, "parents": [], "genome": "d(13)", "fitness": 18.0}
{"generation": 0, "position": 14, "parents": [], "genome": "r(13,17)", "fitness": 18.0}
{"generation": 0, "position": 15, "parents": [], "genome": "a(6,9)", "fitness": 8.0}
{"generation": 0, "position": 16, "parents": [], "genome": "d(13)", "fitness": 18.0}
{"generation": 0, "position": 17, "parents": [], "genome": "r(13,14)", "fitness": 54.0}
{"generation": 0, "position": 18, "parents": [], "genome": "d(13)", "fitness": 18.0}
{"generation": 0, "position": 19, "parents": [], "genome": "a(13,8)", "fitness": 18.0}
{"generation": 0, "position": 20, "parents": [], "genome": "r(13,8)", "fitness": 18.0}
{"generation": 0, "position": 21, "parents": [], "genome": "d(13)", "fitness": 18.0}
{"generation": 0, "position": 22, "parents": [], "genome": "d(5)", "fitness": 0.0}
{"generation": 0, "position": 23, "parents": [], "genome": "d(13)", "fitness": 18.0}
{"generation": 0, "position": 24, "parents": [], "genome": "a(13,15)", "fitness": 18.0}
{"generation": 0, "position": 25, "parents": [], "genome": "a(10,13)", "fitness": 18.0}
{"generation": 0, "position": 26, "parents": [], "genome": "d(1)", "fitness": 42.0}
{"generation": 0, "position": 27, "parents": [], "genome": "d(13)", "fitness": 18.0}
{"generation": 0, "position": 28, "parents": [], "genome": "r(4,10)", "fitness": 14.0}
{"generation": 0, "position": 29, "parents": [], "genome": "a(13,13)", "fitness": 18.0}
{"generation": 0, "position": 30, "parents": [], "genome": "a(13,6)", "fitness": 18.0}
{"generation": 0, "position": 31, "parents": [], "genome": "d(9)", "fitness": 4.0}
{"generation": 0, "position": 32, "parents": [], "genome": "d(2)", "fitness": 0.0}
{"generation": 0, "position": 33, "parents": [], "genome": "r(13,10)", "fitness": 18.0}
{"generation": 0, "position": 34, "parents": [], "genome": "r(13,14)", "fitness": 54.0}
{"generation": 0, "position": 35, "parents": [], "genome": "r(13,10)", "fitness": 18.0}
{"generation": 0, "position": 36, "parents": [], "genome": "d(6)", "fitness": 18.0}
{"generation": 0, "position": 37, "parents": [], "genome": "d(13)", "fitness": 18.0}
{"generation": 0, "position": 38, "parents": [], "genome": "r(8,15)", "fitness": 4.0}
{"generation": 0, "position": 39, "parents": [], "genome": "original", "fitness": 18.0}
{"generation": 1, "position": 0, "parents": [11], "genome": "r(5,6) a(13,10)", "fitness": 0.0}
{"generation": 1, "position": 1, "parents": [0], "genome": "r(4,12) d(1)", "fitness": 1.0}
{"generation": 1, "position": 2, "parents": [10, 12], "genome": "d(13) r(5,16)", "fitness": 0.0}
{"generation": 1, "position": 3, "parents": [10, 12], "genome": "r(15,12) d(3)", "fitness": 13.0}
{"generation": 1, "position": 4, "parents": [10], "genome": "d(13) a(5,16)", "fitness": 4.0}
{"generation": 1, "position": 5, "parents": [12], "genome": "r(15,12) a(13,11)", "fitness": 54.0}
{"generation": 1, "position": 6, "parents": [35, 0], "genome": "r(13,10) r(6,12)", "fitness": 4.0}
{"generation": 1, "position": 7, "parents": [35, 0], "genome": "r(4,12) a(3,12)", "fitness": 1.0}
{"generation": 1, "position": 8, "parents": [35], "genome": "r(13,10) d(8)", "fitness": 13.0}
{"generation": 1, "position": 9, "parents": [0], "genome": "r(4,12) a(2,13)", "fitness": 1.0}
{"generation": 1, "position": 10, "parents": [5, 9], "genome": "a(2,15) r(11,6)", "fitness": 0.0}
{"generation": 1, "position": 11, "parents": [5, 9], "genome": "a(2,16) d(13)", "fitness": 0.0}
{"generation": 1, "position": 12, "parents": [5], "genome": "a(2,15) d(13)", "fitness": 0.0}
{"generation": 1, "position": 13, "parents": [9], "genome": "a(2,16) d(5)", "fitness": 0.0}
{"generation": 1, "position": 14, "parents": [0, 35], "genome": "r(4,12) a(1,1)", "fitness": 1.0}
{"generation": 1, "position": 15, "parents": [0, 35], "genome": "r(13,10) d(4)", "fitness": 13.0}
{"generation": 1, "position": 16, "parents": [0], "genome": "r(4,12) d(2)", "fitness": 0.0}
{"generation": 1, "position": 17, "parents": [35], "genome": "r(13,10) d(1)", "fitness": 42.0}
{"generation": 1, "position": 18, "parents": [2, 32], "genome": "a(13,15) r(2,17)", "fitness": 0.0}
{"generation": 1, "position": 19, "parents": [2, 32], "genome": "d(2) r(13,12)", "fitness": 0.0}
{"generation": 1, "position": 20, "parents": [2], "genome": "a(13,15) d(12)", "fitness": 4.0}
{"generation": 1, "position": 21, "parents": [32], "genome": "d(2) a(13,11)", "fitness": 0.0}
{"generation": 1, "position": 22, "parents": [32, 18], "genome": "d(2) d(13)", "fitness": 0.0}
{"generation": 1, "position": 23, "parents": [32, 18], "genome": "d(13) d(2)", "fitness": 0.0}
{"generation": 1, "position": 24, "parents": [32], "genome": "d(2) r(1,17)", "fitness": 0.0}
{"generation": 1, "position": 25, "parents": [18], "genome": "d(13) r(6,12)", "fitness": 4.0}
{"generation": 1, "position": 26, "parents": [18], "genome": "d(13) d(9)", "fitness": 4.0}
{"generation": 1, "position": 27, "parents": [27], "genome": "d(13) a(14,4)", "fitness": 17.0}
{"generation": 1, "position": 28, "parents": [5, 21], "genome": "a(2,15) d(13)", "fitness": 0.0}
{"generation": 1, "position": 29, "parents": [5, 21], "genome": "d(13) d(15)", "fitness": 5.0}
{"generation": 1, "position": 30, "parents": [5], "genome": "a(2,15) r(8,15)", "fitness": 0.0}
{"generation": 1, "position": 31, "parents": [21], "genome": "d(13) d(10)", "fitness": 4.0}
{"generation": 1, "position": 32, "parents": [24], "genome": "a(13,15) d(13)", "fitness": 18.0}
{"generation": 1, "position": 33, "parents": [33], "genome": "r(13,10) a(8,3)", "fitness": 5.0}
{"generation": 1, "position": 34, "parents": [5, 21], "genome": "a(2,15) d(13)", "fitness": 0.0}
{"generation": 1, "position": 35, "parents": [5, 21], "genome": "d(13) a(2,2)", "fitness": 18.0}
{"generation": 1, "position": 36, "parents": [5], "genome": "a(2,15) a(13,13)", "fitness": 0.0}
{"generation": 1, "position": 37, "parents": [21], "genome": "d(13) a(8,8)", "fitness": 18.0}
{"generation": 1, "position": 38, "parents": [24], "genome": "a(13,15) d(12)", "fitness": 4.0}
{"generation": 1, "position": 39, "parents": [29], "genome": "a(13,13) r(13,11)", "fitness": 54.0}
{"generation": 1, "position": 40, "parents": [5, 32], "genome": "a(2,15) d(13)", "fitness": 0.0}
{"generation": 1, "position": 41, "parents": [5, 32], "genome": "d(2) r(13,14)", "fitness": 0.0}
{"generation": 1, "position": 42, "parents": [5], "genome": "a(2,15) d(10)", "fitness": 0.0}
{"generation": 1, "position": 43, "parents": [32], "genome": "d(2) a(10,4)", "fitness": 0.0}
{"generation": 1, "position": 44, "parents": [0], "genome": "r(4,12) d(2)", "fitness": 0.0}
{"generation": 1, "position": 45, "parents": [21], "genome": "d(13) d(9)", "fitness": 4.0}
{"generation": 1, "position": 46, "parents": [5], "genome": "a(2,15) r(6,5)", "fitness": 0.0}
{"generation": 1, "position": 47, "parents": [5], "genome": "a(2,15) r(13,11)", "fitness": 0.0}
{"generation": 1, "position": 48, "parents": [21], "genome": "d(13) r(5,13)", "fitness": 0.0}
{"generation": 1, "position": 49, "parents": [39], "genome": "a(13,12)", "fitness": 18.0}
{"generation": 1, "position": 50, "parents": [9, 27], "genome": "a(2,16) a(13,5)", "fitness": 0.0}
{"generation": 1, "position": 51, "parents": [9, 27], "genome": "d(13) a(6,14)", "fitness": 13.0}
{"generation": 1, "position": 52, "parents": [9], "genome": "a(2,16) a(2,10)", "fitness": 0.0}
{"generation": 1, "position": 53, "parents": [27], "genome": "d(13) a(2,14)", "fitness": 18.0}
{"generation": 1, "position": 54, "parents": [5], "genome": "a(2,15) d(13)", "fitness": 0.0}
{"generation": 1, "position": 55, "parents": [5], "genome": "a(2,15) r(13,12)", "fitness": 0.0}
{"generation": 1, "position": 56, "parents": [38, 33], "genome": "r(8,15) r(9,12)", "fitness": 4.0}
{"generation": 1, "position": 57, "parents": [38, 33], "genome": "r(13,10) a(15,10)", "fitness": 42.0}
{"generation": 1, "position": 58, "parents": [38], "genome": "r(8,15) a(13,11)", "fitness": 4.0}
{"generation": 1, "position": 59, "parents": [33], "genome": "r(13,10) r(9,12)", "fitness": 4.0}
{"generation": 1, "position": 60, "parents": [38, 9], "genome": "r(8,15) d(15)", "fitness": 13.0}
{"generation": 1, "position": 61, "parents": [38, 9], "genome": "a(2,16) r(6,8)", "fitness": 0.0}
{"generation": 1, "position": 62, "parents": [38], "genome": "r(8,15) a(10,3)", "fitness": 4.0}
{"generation": 2, "position": 0, "parents": [28], "genome": "a(2,15) d(13) d(5)", "fitness": 0.0}
{"generation": 2, "position": 1, "parents": [50], "genome": "a(2,16) a(13,5) a(13,11)", "fitness": 0.0}
{"generation": 2, "position": 2, "parents": [61], "genome": "a(2,16) r(6,8) r(9,16)", "fitness": 0.0}
{"generation": 2, "position": 3, "parents": [12], "genome": "a(2,15) d(13) d(11)", "fitness": 0.0}
{"generation": 2, "position": 4, "parents": [44], "genome": "r(4,12) d(2) a(1,13)", "fitness": 0.0}
{"generation": 2, "position": 5, "parents": [29], "genome": "d(13) d(15) d(14)", "fitness": 5.0}
{"generation": 2, "position": 6, "parents": [47], "genome": "a(2,15) r(13,11) r(15,12)", "fitness": 0.0}
{"generation": 2, "position": 7, "parents": [23], "genome": "d(13) d(2) d(5)", "fitness": 0.0}
{"generation": 2, "position": 8, "parents": [30, 48], "genome": "a(2,15) r(5,13) d(15)", "fitness": 0.0}
{"generation": 2, "position": 9, "parents": [30, 48], "genome": "d(13) r(8,15) a(6,17)", "fitness": 4.0}
{"generation": 2, "position": 10, "parents": [30], "genome": "a(2,15) r(8,15) d(12)", "fitness": 0.0}
{"generation": 2, "position": 11, "parents": [48], "genome": "d(13) r(5,13) r(2,10)", "fitness": 0.0}
{"generation": 2, "position": 12, "parents": [50], "genome": "a(2,16) a(13,5) a(13,15)", "fitness": 0.0}
{"generation": 2, "position": 13, "parents": [41], "genome": "d(2) r(13,14) a(4,17)", "fitness": 0.0}
{"generation": 2, "position": 14, "parents": [46], "genome": "a(2,15) r(6,5) d(4)", "fitness": 1.0}
{"generation": 2, "position": 15, "parents": [43], "genome": "d(2) a(10,4) d(1)", "fitness": 0.0}
{"generation": 2, "position": 16, "parents": [23, 44], "genome": "d(13) d(2) r(8,11)", "fitness": 0.0}
{"generation": 2, "position": 17, "parents": [23, 44], "genome": "r(4,12) d(2) r(1,17)", "fitness": 0.0}
{"generation": 2, "position": 18, "parents": [23], "genome": "d(13) d(2) d(14)", "fitness": 0.0}
{"generation": 2, "position": 19, "parents": [44], "genome": "r(4,12) d(2) r(3,14)", "fitness": 0.0}
{"generation": 2, "position": 20, "parents": [18, 30], "genome": "a(13,15) r(13,17)", "fitness": 18.0}
{"generation": 2, "position": 21, "parents": [18, 30], "genome": "a(2,15) r(8,15) r(2,17) d(13)", "fitness": 0.0}
{"generation": 2, "position": 22, "parents": [18], "genome": "a(13,15) r(2,17) a(13,8)", "fitness": 0.0}
{"generation": 2, "position": 23, "parents": [30], "genome": "a(2,15) r(8,15) d(13)", "fitness": 0.0}
{"generation": 2, "position": 24, "parents": [21], "genome": "d(2) a(13,11) d(14)", "fitness": 0.0}
{"generation": 2, "position": 25, "parents": [4], "genome": "d(13) a(5,16) r(8,12)", "fitness": 4.0}
{"generation": 2, "position": 26, "parents": [1], "genome": "r(4,12) d(1) a(3,17)", "fitness": 0.0}
{"generation": 2, "position": 27, "parents": [9], "genome": "r(4,12) a(2,13) d(2)", "fitness": 0.0}
{"generation": 2, "position": 28, "parents": [55, 62], "genome": "a(2,15) a(10,3) a(13,14)", "fitness": 0.0}
{"generation": 2, "position": 29, "parents": [55, 62], "genome": "r(8,15) r(13,12) r(11,4)", "fitness": 4.0}
{"generation": 2, "position": 30, "parents": [55], "genome": "a(2,15) r(13,12) r(15,13)", "fitness": 1.0}
{"generation": 2, "position": 31, "parents": [62], "genome": "r(8,15) a(10,3) r(2,14)", "fitness": 0.0}
{"generation": 2, "position": 32, "parents": [55], "genome": "a(2,15) r(13,12) d(10)", "fitness": 0.0}
{"generation": 2, "position": 33, "parents": [22], "genome": "d(2) d(13) r(12,4)", "fitness": 0.0}
{"generation": 2, "position": 34, "parents": [54], "genome": "a(2,15) d(13) a(9,6)", "fitness": 0.0}
{"generation": 2, "position": 35, "parents": [43], "genome": "d(2) a(10,4) d(3)", "fitness": 0.0}
{"generation": 2, "position": 36, "parents": [62, 24], "genome": "r(8,15) a(11,16)", "fitness": 4.0}
{"generation": 2, "position": 37, "parents": [62, 24], "genome": "d(2) r(1,17) a(10,3) a(13,11)", "fitness": 0.0}
{"generation": 2, "position": 38, "parents": [62], "genome": "r(8,15) a(10,3) r(13,8)", "fitness": 4.0}
{"generation": 2, "position": 39, "parents": [24], "genome": "d(2) r(1,17) a(12,3)", "fitness": 0.0}
{"generation": 2, "position": 40, "parents": [50], "genome": "a(2,16) a(13,5) r(13,2)", "fitness": 0.0}
{"generation": 2, "position": 41, "parents": [11], "genome": "a(2,16) d(13) d(4)", "fitness": 0.0}
{"generation": 2, "position": 42, "parents": [58, 24], "genome": "r(8,15) r(1,17) r(12,14)", "fitness": 4.0}
{"generation": 2, "position": 43, "parents": [58, 24], "genome": "d(2) a(13,11) r(4,6)", "fitness": 0.0}
{"generation": 2, "position": 44, "parents": [58], "genome": "r(8,15) a(13,11) r(5,2)", "fitness": 0.0}
{"generation": 2, "position": 45, "parents": [24], "genome": "d(2) r(1,17) a(13,8)", "fitness": 0.0}
{"generation": 2, "position": 46, "parents": [56], "genome": "r(8,15) r(9,12) a(5,15)", "fitness": 4.0}
{"generation": 2, "position": 47, "parents": [0], "genome": "r(5,6) a(13,10) d(9)", "fitness": 0.0}
{"generation": 2, "position": 48, "parents": [28, 30], "genome": "a(2,15) d(13) d(15)", "fitness": 1.0}
{"generation": 2, "position": 49, "parents": [28, 30], "genome": "a(2,15) r(8,15) a(15,6)", "fitness": 0.0}
{"generation": 2, "position": 50, "parents": [28], "genome": "a(2,15) d(13) d(5)", "fitness": 0.0}
{"generation": 2, "position": 51, "parents": [30], "genome": "a(2,15) r(8,15) d(6)", "fitness": 0.0}
{"generation": 2, "position": 52, "parents": [34, 23], "genome": "a(2,15) r(13,4)", "fitness": 0.0}
{"generation": 2, "position": 53, "parents": [34, 23], "genome": "d(13) d(2) d(13) r(1,6)", "fitness": 0.0}
{"generation": 2, "position": 54, "parents": [34], "genome": "a(2,15) d(13) d(9)", "fitness": 0.0}
{"generation": 3, "position": 0, "parents": [44, 32], "genome": "r(8,15) r(13,12) d(10) r(2,17)", "fitness": 0.0}
{"generation": 3, "position": 1, "parents": [44, 32], "genome": "a(2,15) a(13,11) r(5,2) a(12,16)", "fitness": 0.0}
{"generation": 3, "position": 2, "parents": [44], "genome": "r(8,15) a(13,11) r(5,2) a(13,16)", "fitness": 0.0}
{"generation": 3, "position": 3, "parents": [32], "genome": "a(2,15) r(13,12) d(10) d(4)", "fitness": 1.0}
{"generation": 3, "position": 4, "parents": [7], "genome": "d(13) d(2) d(5) d(12)", "fitness": 0.0}
{"generation": 3, "position": 5, "parents": [28], "genome": "a(2,15) a(10,3) a(13,14) r(13,8)", "fitness": 0.0}
{"generation": 3, "position": 6, "parents": [50], "genome": "a(2,15) d(13) d(5) d(14)", "fitness": 0.0}
{"generation": 3, "position": 7, "parents": [22], "genome": "a(13,15) r(2,17) a(13,8) d(12)", "fitness": 0.0}
{"generation": 3, "position": 8, "parents": [55], "genome": "d(13) d(2) r(10,15) r(15,9)", "fitness": 0.0}
{"generation": 3, "position": 9, "parents": [45], "genome": "d(2) r(1,17) a(13,8) d(9)", "fitness": 0.0}
{"generation": 3, "position": 10, "parents": [40], "genome": "a(2,16) a(13,5) r(13,2) r(3,13)", "fitness": 0.0}
{"generation": 3, "position": 11, "parents": [49], "genome": "a(2,15) r(8,15) a(15,6) a(3,16)", "fitness": 0.0}
{"generation": 3, "position": 12, "parents": [54], "genome": "a(2,15) d(13) d(9) a(1,13)", "fitness": 0.0}
{"generation": 3, "position": 13, "parents": [28], "genome": "a(2,15) a(10,3) a(13,14) a(13,6)", "fitness": 0.0}
{"generation": 3, "position": 14, "parents": [24], "genome": "d(2) a(13,11) d(14) a(13,10)", "fitness": 0.0}
{"generation": 3, "position": 15, "parents": [37], "genome": "d(2) r(1,17) a(10,3) a(13,11) r(13,12)", "fitness": 0.0}
{"generation": 3, "position": 16, "parents": [27, 45], "genome": "r(4,12) a(2,13) a(13,8) r(3,17)", "fitness": 0.0}
{"generation": 3, "position": 17, "parents": [27, 45], "genome": "d(2) r(1,17) d(2) r(13,15)", "fitness": 0.0}
{"generation": 3, "position": 18, "parents": [27], "genome": "r(4,12) a(2,13) d(2) a(1,6)", "fitness": 0.0}
{"generation": 3, "position": 19, "parents": [45], "genome": "d(2) r(1,17) a(13,8) r(13,8)", "fitness": 0.0}
{"generation": 3, "position": 20, "parents": [27, 7], "genome": "r(4,12) d(2) d(5) a(1,6)", "fitness": 0.0}
{"generation": 3, "position": 21, "parents": [27, 7], "genome": "d(13) a(2,13) d(2) a(10,9)", "fitness": 0.0}
{"generation": 3, "position": 22, "parents": [27], "genome": "r(4,12) a(2,13) d(2) a(1,1)", "fitness": 0.0}
{"generation": 3, "position": 23, "parents": [7], "genome": "d(13) d(2) d(5) a(4,9)", "fitness": 0.0}
{"generation": 3, "position": 24, "parents": [7, 18], "genome": "d(13) d(2) r(14,9)", "fitness": 0.0}
{"generation": 3, "position": 25, "parents": [7, 18], "genome": "d(13) d(2) d(14) d(5) r(15,4)", "fitness": 0.0}
{"generation": 3, "position": 26, "parents": [7], "genome": "d(13) d(2) d(5) r(8,4)", "fitness": 0.0}
{"generation": 3, "position": 27, "parents": [18], "genome": "d(13) d(2) d(14) r(10,3)", "fitness": 0.0}
{"generation": 3, "position": 28, "parents": [23, 12], "genome": "a(2,15) r(8,15) a(13,15) r(2,15)", "fitness": 0.0}
{"generation": 3, "position": 29, "parents": [23, 12], "genome": "a(2,16) a(13,5) d(13) r(6,10)", "fitness": 0.0}
{"generation": 3, "position": 30, "parents": [23], "genome": "a(2,15) r(8,15) d(13) r(14,4)", "fitness": 0.0}
{"generation": 3, "position": 31, "parents": [12], "genome": "a(2,16) a(13,5) a(13,15) r(13,14)", "fitness": 0.0}
{"generation": 3, "position": 32, "parents": [11, 11], "genome": "d(13) r(5,13) r(2,10) r(5,13) r(2,10) r(15,8)", "fitness": 0.0}
{"generation": 3, "position": 33, "parents": [11, 11], "genome": "d(13) a(14,10)", "fitness": 42.0}
{"generation": 3, "position": 34, "parents": [11], "genome": "d(13) r(5,13) r(2,10) d(14)", "fitness": 0.0}
{"generation": 3, "position": 35, "parents": [11], "genome": "d(13) r(5,13) r(2,10) a(8,17)", "fitness": 0.0}
{"generation": 3, "position": 36, "parents": [24], "genome": "d(2) a(13,11) d(14) r(1,6)", "fitness": 0.0}
{"generation": 3, "position": 37, "parents": [34], "genome": "a(2,15) d(13) a(9,6) a(4,2)", "fitness": 13.0}
{"generation": 3, "position": 38, "parents": [54], "genome": "a(2,15) d(13) d(9) d(3)", "fitness": 1.0}
{"generation": 3, "position": 39, "parents": [13], "genome": "d(2) r(13,14) a(4,17) a(10,2)", "fitness": 0.0}
{"generation": 3, "position": 40, "parents": [44], "genome": "r(8,15) a(13,11) r(5,2) a(2,2)", "fitness": 0.0}
{"generation": 3, "position": 41, "parents": [21], "genome": "a(2,15) r(8,15) r(2,17) d(13) d(14)", "fitness": 0.0}
{"generation": 3, "position": 42, "parents": [39, 45], "genome": "d(2) r(1,17) a(12,3) a(13,9)", "fitness": 0.0}
{"generation": 3, "position": 43, "parents": [39, 45], "genome": "d(2) r(1,17) a(13,8) a(5,17)", "fitness": 0.0}
{"generation": 3, "position": 44, "parents": [39], "genome": "d(2) r(1,17) a(12,3) r(13,14)", "fitness": 0.0}
{"generation": 3, "position": 45, "parents": [45], "genome": "d(2) r(1,17) a(13,8) a(13,13)", "fitness": 0.0}
{"generation": 3, "position": 46, "parents": [52], "genome": "a(2,15) r(13,4) r(10,5)", "fitness": 0.0}
{"generation": 3, "position": 47, "parents": [31], "genome": "r(8,15) a(10,3) r(2,14) r(13,9)", "fitness": 0.0}
{"generation": 3, "position": 48, "parents": [35, 17], "genome": "d(2) d(2) r(1,17) d(13)", "fitness": 0.0}
{"generation": 3, "position": 49, "parents": [35, 17], "genome": "r(4,12) a(10,4) d(3) d(2)", "fitness": 0.0}
{"generation": 3, "position": 50, "parents": [35], "genome": "d(2) a(10,4) d(3) r(8,4)", "fitness": 0.0}
{"generation": 3, "position": 51, "parents": [17], "genome": "r(4,12) d(2) r(1,17) d(3)", "fitness": 0.0}
{"generation": 3, "position": 52, "parents": [40, 33], "genome": "a(2,16) a(13,6)", "fitness": 0.0}
{"generation": 3, "position": 53, "parents": [40, 33], "genome": "d(2) d(13) r(12,4) a(13,5) r(13,2) a(3,16)", "fitness": 0.0}
{"generation": 3, "position": 54, "parents": [40], "genome": "a(2,16) a(13,5) r(13,2) a(15,9)", "fitness": 0.0}
{"generation": 3, "position": 55, "parents": [33], "genome": "d(2) d(13) r(12,4) d(11)", "fitness": 0.0}
{"generation": 3, "position": 56, "parents": [12, 26], "genome": "a(2,16) a(13,5) a(13,15) a(3,17) r(15,6)", "fitness": 13.0}
{"generation": 3, "position": 57, "parents": [12, 26], "genome": "r(4,12) d(1) r(2,15)", "fitness": 0.0}
{"generation": 3, "position": 58, "parents": [12], "genome": "a(2,16) a(13,5) a(13,15) d(13)", "fitness": 0.0}
{"generation": 4, "position": 0, "parents": [5, 1], "genome": "a(2,15) a(10,3) r(5,2) a(12,16) r(9,6)", "fitness": 0.0}
{"generation": 4, "position": 1, "parents": [5, 1], "genome": "a(2,15) a(13,11) a(13,14) r(13,8) r(12,16)", "fitness": 0.0}
{"generation": 4, "position": 2, "parents": [5], "genome": "a(2,15) a(10,3) a(13,14) r(13,8) d(10)", "fitness": 0.0}
{"generation": 4, "position": 3, "parents": [1], "genome": "a(2,15) a(13,11) r(5,2) a(12,16) r(13,3)", "fitness": 0.0}
{"generation": 4, "position": 4, "parents": [39, 27], "genome": "d(2) r(13,14) a(4,17) a(10,2) r(10,3) a(9,3)", "fitness": 0.0}
{"generation": 4, "position": 5, "parents": [39, 27], "genome": "d(13) d(2) d(14) a(5,9)", "fitness": 0.0}
{"generation": 4, "position": 6, "parents": [39], "genome": "d(2) r(13,14) a(4,17) a(10,2) d(9)", "fitness": 0.0}
{"generation": 4, "position": 7, "parents": [27], "genome": "d(13) d(2) d(14) r(10,3) a(4,3)", "fitness": 0.0}
{"generation": 4, "position": 8, "parents": [13, 28], "genome": "a(2,15) a(13,15) r(2,15) r(13,3)", "fitness": 0.0}
{"generation": 4, "position": 9, "parents": [13, 28], "genome": "a(2,15) r(8,15) a(10,3) a(13,14) a(13,6) r(6,15)", "fitness": 0.0}
{"generation": 4, "position": 10, "parents": [13], "genome": "a(2,15) a(10,3) a(13,14) a(13,6) d(13)", "fitness": 0.0}
{"generation": 4, "position": 11, "parents": [28], "genome": "a(2,15) r(8,15) a(13,15) r(2,15) r(9,12)", "fitness": 0.0}
{"generation": 4, "position": 12, "parents": [35], "genome": "d(13) r(5,13) r(2,10) a(8,17) a(1,6)", "fitness": 0.0}
{"generation": 4, "position": 13, "parents": [10], "genome": "a(2,16) a(13,5) r(13,2) r(3,13) a(15,3)", "fitness": 0.0}
{"generation": 4, "position": 14, "parents": [43, 22], "genome": "d(2) a(2,13) d(2) a(1,1) d(13)", "fitness": 0.0}
{"generation": 4, "position": 15, "parents": [43, 22], "genome": "r(4,12) r(1,17) a(13,8) a(5,17) a(2,14)", "fitness": 1.0}
{"generation": 4, "position": 16, "parents": [43], "genome": "d(2) r(1,17) a(13,8) a(5,17) a(3,11)", "fitness": 0.0}
{"generation": 4, "position": 17, "parents": [22], "genome": "r(4,12) a(2,13) d(2) a(1,1) d(3)", "fitness": 0.0}
{"generation": 4, "position": 18, "parents": [26, 30], "genome": "d(13) d(2) d(5) d(13) r(14,4) a(1,1)", "fitness": 0.0}
{"generation": 4, "position": 19, "parents": [26, 30], "genome": "a(2,15) r(8,15) r(8,4) d(10)", "fitness": 0.0}
{"generation": 4, "position": 20, "parents": [26], "genome": "d(13) d(2) d(5) r(8,4) a(9,14)", "fitness": 0.0}
{"generation": 4, "position": 21, "parents": [30], "genome": "a(2,15) r(8,15) d(13) r(14,4) r(10,8)", "fitness": 0.0}
{"generation": 4, "position": 22, "parents": [32], "genome": "d(13) r(5,13) r(2,10) r(5,13) r(2,10) r(15,8) a(11,16)", "fitness": 0.0}
{"generation": 4, "position": 23, "parents": [28], "genome": "a(2,15) r(8,15) a(13,15) r(2,15) a(11,11)", "fitness": 0.0}
{"generation": 4, "position": 24, "parents": [34, 11], "genome": "d(13) r(5,13) d(11)", "fitness": 0.0}
{"generation": 4, "position": 25, "parents": [34, 11], "genome": "a(2,15) r(8,15) a(15,6) a(3,16) r(2,10) d(14) d(12)", "fitness": 0.0}
{"generation": 4, "position": 26, "parents": [34], "genome": "d(13) r(5,13) r(2,10) d(14) d(10)", "fitness": 0.0}
{"generation": 4, "position": 27, "parents": [11], "genome": "a(2,15) r(8,15) a(15,6) a(3,16) a(1,13)", "fitness": 0.0}
{"generation": 4, "position": 28, "parents": [39], "genome": "d(2) r(13,14) a(4,17) a(10,2) d(9)", "fitness": 0.0}
{"generation": 4, "position": 29, "parents": [20], "genome": "r(4,12) d(2) d(5) a(1,6) a(1,13)", "fitness": 0.0}
{"generation": 4, "position": 30, "parents": [16], "genome": "r(4,12) a(2,13) a(13,8) r(3,17) r(2,4)", "fitness": 0.0}
{"generation": 4, "position": 31, "parents": [35], "genome": "d(13) r(5,13) r(2,10) a(8,17) r(11,2)", "fitness": 0.0}
{"generation": 4, "position": 32, "parents": [11, 15], "genome": "a(2,15) r(8,15) a(15,6) a(3,16) a(10,3) a(13,11) r(13,12) d(1)", "fitness": 0.0}
{"generation": 4, "position": 33, "parents": [11, 15], "genome": "d(2) r(1,17) d(13)", "fitness": 0.0}
{"generation": 4, "position": 34, "parents": [11], "genome": "a(2,15) r(8,15) a(15,6) a(3,16) d(12)", "fitness": 0.0}
{"generation": 4, "position": 35, "parents": [15], "genome": "d(2) r(1,17) a(10,3) a(13,11) r(13,12) d(10)", "fitness": 0.0}
{"generation": 4, "position": 36, "parents": [27], "genome": "d(13) d(2) d(14) r(10,3) d(1)", "fitness": 0.0}
{"generation": 4, "position": 37, "parents": [36], "genome": "d(2) a(13,11) d(14) r(1,6) a(13,3)", "fitness": 0.0}
{"generation": 4, "position": 38, "parents": [20, 2], "genome": "r(4,12) d(2) d(5) a(1,1)", "fitness": 0.0}
{"generation": 4, "position": 39, "parents": [20, 2], "genome": "r(8,15) a(13,11) r(5,2) a(13,16) a(1,6) d(2)", "fitness": 0.0}
{"generation": 4, "position": 40, "parents": [20], "genome": "r(4,12) d(2) d(5) a(1,6) a(3,13)", "fitness": 0.0}
{"generation": 4, "position": 41, "parents": [2], "genome": "r(8,15) a(13,11) r(5,2) a(13,16) r(12,10)", "fitness": 0.0}
{"generation": 4, "position": 42, "parents": [43], "genome": "d(2) r(1,17) a(13,8) a(5,17) a(13,11)", "fitness": 0.0}
{"generation": 4, "position": 43, "parents": [5], "genome": "a(2,15) a(10,3) a(13,14) r(13,8) r(11,10)", "fitness": 0.0}
{"generation": 4, "position": 44, "parents": [21], "genome": "d(13) a(2,13) d(2) a(10,9) a(15,9)", "fitness": 0.0}
{"generation": 4, "position": 45, "parents": [39], "genome": "d(2) r(13,14) a(4,17) a(10,2) r(15,14)", "fitness": 0.0}
{"generation": 4, "position": 46, "parents": [58, 35], "genome": "a(2,16) a(13,5) a(9,12)", "fitness": 0.0}
{"generation": 4, "position": 47, "parents": [58, 35], "genome": "d(13) r(5,13) r(2,10) a(8,17) a(13,15) d(13) a(10,16)", "fitness": 0.0}
{"generation": 4, "position": 48, "parents": [58], "genome": "a(2,16) a(13,5) a(13,15) d(13) d(2)", "fitness": 0.0}
{"generation": 4, "position": 49, "parents": [35], "genome": "d(13) r(5,13) r(2,10) a(8,17) a(9,6)", "fitness": 0.0}
{"generation": 4, "position": 50, "parents": [1], "genome": "a(2,15) a(13,11) r(5,2) a(12,16) r(13,11)", "fitness": 0.0}
{"generation": 4, "position": 51, "parents": [31], "genome": "a(2,16) a(13,5) a(13,15) r(13,14) a(1,13)", "fitness": 0.0}
{"generation": 4, "position": 52, "parents": [58, 14], "genome": "a(2,16) a(13,5) d(14) a(13,10) a(13,14)", "fitness": 0.0}
{"generation": 4, "position": 53, "parents": [58, 14], "genome": "d(2) a(13,11) a(13,15) d(13) a(11,11)", "fitness": 0.0}
{"generation": 4, "position": 54, "parents": [58], "genome": "a(2,16) a(13,5) a(13,15) d(13) r(9,13)", "fitness": 0.0}
{"generation": 4, "position": 55, "parents": [14], "genome": "d(2) a(13,11) d(14) a(13,10) a(13,12)", "fitness": 0.0}
{"generation": 4, "position": 56, "parents": [29, 26], "genome": "a(2,16) a(13,5) r(8,4) d(13)", "fitness": 0.0}
{"generation": 4, "position": 57, "parents": [29, 26], "genome": "d(13) d(2) d(5) d(13) r(6,10) r(14,11)", "fitness": 0.0}
{"generation": 4, "position": 58, "parents": [29], "genome": "a(2,16) a(13,5) d(13) r(6,10) d(8)", "fitness": 0.0}
{"generation": 4, "position": 59, "parents": [26], "genome": "d(13) d(2) d(5) r(8,4) d(12)", "fitness": 0.0}
{"generation": 4, "position": 60, "parents": [4], "genome": "d(13) d(2) d(5) d(12) d(14)", "fitness": 0.0}
{"generation": 5, "position": 0, "parents": [48, 31], "genome": "a(2,16) a(13,5) a(13,15) d(13) d(2) r(11,2) r(15,17)", "fitness": 0.0}
{"generation": 5, "position": 1, "parents": [48, 31], "genome": "d(13) r(5,13) r(2,10) a(8,17) d(15)", "fitness": 0.0}
{"generation": 5, "position": 2, "parents": [48], "genome": "a(2,16) a(13,5) a(13,15) d(13) d(2) r(5,4)", "fitness": 0.0}
{"generation": 5, "position": 3, "parents": [31], "genome": "d(13) r(5,13) r(2,10) a(8,17) r(11,2) d(9)", "fitness": 0.0}
{"generation": 5, "position": 4, "parents": [6], "genome": "d(2) r(13,14) a(4,17) a(10,2) d(9) r(4,8)", "fitness": 0.0}
{"generation": 5, "position": 5, "parents": [47], "genome": "d(13) r(5,13) r(2,10) a(8,17) a(13,15) d(13) a(10,16) a(3,15)", "fitness": 0.0}
{"generation": 5, "position": 6, "parents": [38, 47], "genome": "r(4,12) d(2) d(13) a(10,16) r(3,9)", "fitness": 0.0}
{"generation": 5, "position": 7, "parents": [38, 47], "genome": "d(13) r(5,13) r(2,10) a(8,17) a(13,15) d(5) a(1,1) d(14)", "fitness": 0.0}
{"generation": 5, "position": 8, "parents": [38], "genome": "r(4,12) d(2) d(5) a(1,1) a(3,13)", "fitness": 0.0}
{"generation": 5, "position": 9, "parents": [47], "genome": "d(13) r(5,13) r(2,10) a(8,17) a(13,15) d(13) a(10,16) r(15,11)", "fitness": 0.0}
{"generation": 5, "position": 10, "parents": [5, 47], "genome": "d(13) d(2) d(14) r(11,9)", "fitness": 0.0}
{"generation": 5, "position": 11, "parents": [5, 47], "genome": "d(13) r(5,13) r(2,10) a(8,17) a(13,15) d(13) a(10,16) a(5,9) r(3,6)", "fitness": 0.0}
{"generation": 5, "position": 12, "parents": [5], "genome": "d(13) d(2) d(14) a(5,9) d(12)", "fitness": 0.0}
{"generation": 5, "position": 13, "parents": [47], "genome": "d(13) r(5,13) r(2,10) a(8,17) a(13,15) d(13) a(10,16) a(1,17)", "fitness": 0.0}
{"generation": 5, "position": 14, "parents": [8], "genome": "a(2,15) a(13,15) r(2,15) r(13,3) r(3,4)", "fitness": 0.0}
{"generation": 5, "position": 15, "parents": [55], "genome": "d(2) a(13,11) d(14) a(13,10) a(13,12) r(5,14)", "fitness": 0.0}
{"generation": 5, "position": 16, "parents": [8], "genome": "a(2,15) a(13,15) r(2,15) r(13,3) r(15,4)", "fitness": 0.0}
{"generation": 5, "position": 17, "parents": [28], "genome": "d(2) r(13,14) a(4,17) a(10,2) d(9) r(5,9)", "fitness": 0.0}
{"generation": 5, "position": 18, "parents": [20], "genome": "d(13) d(2) d(5) r(8,4) a(9,14) r(15,12)", "fitness": 0.0}
{"generation": 5, "position": 19, "parents": [39], "genome": "r(8,15) a(13,11) r(5,2) a(13,16) a(1,6) d(2) r(13,11)", "fitness": 0.0}
{"generation": 5, "position": 20, "parents": [53], "genome": "d(2) a(13,11) a(13,15) d(13) a(11,11) d(14)", "fitness": 0.0}
{"generation": 5, "position": 21, "parents": [10], "genome": "a(2,15) a(10,3) a(13,14) a(13,6) d(13) r(9,15)", "fitness": 0.0}
{"generation": 5, "position": 22, "parents": [2, 37], "genome": "a(2,15) a(10,3) a(13,14) r(1,6) a(13,3) a(12,6)", "fitness": 0.0}
{"generation": 5, "position": 23, "parents": [2, 37], "genome": "d(2) a(13,11) d(14) r(13,8) d(10) d(9)", "fitness": 0.0}
{"generation": 5, "position": 24, "parents": [2], "genome": "a(2,15) a(10,3) a(13,14) r(13,8) d(10) r(2,11)", "fitness": 0.0}
{"generation": 5, "position": 25, "parents": [37], "genome": "d(2) a(13,11) d(14) r(1,6) a(13,3) d(13)", "fitness": 0.0}
{"generation": 5, "position": 26, "parents": [12], "genome": "d(13) r(5,13) r(2,10) a(8,17) a(1,6) d(11)", "fitness": 0.0}
{"generation": 5, "position": 27, "parents": [32], "genome": "a(2,15) r(8,15) a(15,6) a(3,16) a(10,3) a(13,11) r(13,12) d(1) r(4,3)", "fitness": 0.0}
{"generation": 5, "position": 28, "parents": [56], "genome": "a(2,16) a(13,5) r(8,4) d(13) d(6)", "fitness": 0.0}
{"generation": 5, "position": 29, "parents": [6], "genome": "d(2) r(13,14) a(4,17) a(10,2) d(9) a(3,16)", "fitness": 0.0}
{"generation": 5, "position": 30, "parents": [56, 20], "genome": "a(2,16) a(13,5) a(9,14) d(13)", "fitness": 0.0}
{"generation": 5, "position": 31, "parents": [56, 20], "genome": "d(13) d(2) d(5) r(8,4) r(8,4) d(13) d(15)", "fitness": 0.0}
{"generation": 5, "position": 32, "parents": [56], "genome": "a(2,16) a(13,5) r(8,4) d(13) a(5,5)", "fitness": 0.0}
{"generation": 5, "position": 33, "parents": [20], "genome": "d(13) d(2) d(5) r(8,4) a(9,14) r(4,2)", "fitness": 13.0}
{"generation": 5, "position": 34, "parents": [21, 54], "genome": "a(2,15) r(9,13) d(6)", "fitness": 0.0}
{"generation": 5, "position": 35, "parents": [21, 54], "genome": "a(2,16) a(13,5) a(13,15) d(13) r(8,15) d(13) r(14,4) r(10,8) d(9)", "fitness": 0.0}
{"generation": 5, "position": 36, "parents": [21], "genome": "a(2,15) r(8,15) d(13) r(14,4) r(10,8) d(9)", "fitness": 0.0}
{"generation": 5, "position": 37, "parents": [54], "genome": "a(2,16) a(13,5) a(13,15) d(13) r(9,13) r(5,6)", "fitness": 0.0}
{"generation": 5, "position": 38, "parents": [1, 44], "genome": "a(2,15) a(13,11) a(13,14) a(13,15)", "fitness": 0.0}
{"generation": 5, "position": 39, "parents": [1, 44], "genome": "d(13) a(2,13) d(2) a(10,9) a(15,9) r(13,8) r(12,16) a(6,4)", "fitness": 0.0}
{"generation": 5, "position": 40, "parents": [1], "genome": "a(2,15) a(13,11) a(13,14) r(13,8) r(12,16) a(9,9)", "fitness": 0.0}
{"generation": 5, "position": 41, "parents": [44], "genome": "d(13) a(2,13) d(2) a(10,9) a(15,9) r(6,12)", "fitness": 0.0}
{"generation": 5, "position": 42, "parents": [61], "genome": "a(2,15) d(13) d(9) a(1,13) a(2,11) a(4,15)", "fitness": 0.0}
{"generation": 5, "position": 43, "parents": [55], "genome": "d(2) a(13,11) d(14) a(13,10) a(13,12) a(3,4)", "fitness": 0.0}
{"generation": 5, "position": 44, "parents": [28], "genome": "d(2) r(13,14) a(4,17) a(10,2) d(9) a(4,16)", "fitness": 0.0}
{"generation": 5, "position": 45, "parents": [38], "genome": "r(4,12) d(2) d(5) a(1,1) d(3)", "fitness": 0.0}
{"generation": 5, "position": 46, "parents": [2], "genome": "a(2,15) a(10,3) a(13,14) r(13,8) d(10) a(15,3)", "fitness": 0.0}
{"generation": 5, "position": 47, "parents": [31], "genome": "d(13) r(5,13) r(2,10) a(8,17) r(11,2) a(14,10)", "fitness": 0.0}
{"generation": 5, "position": 48, "parents": [41], "genome": "r(8,15) a(13,11) r(5,2) a(13,16) r(12,10) a(13,2)", "fitness": 0.0}
{"generation": 5, "position": 49, "parents": [0], "genome": "a(2,15) a(10,3) r(5,2) a(12,16) r(9,6) d(8)", "fitness": 0.0}
{"generation": 5, "position": 50, "parents": [10], "genome": "a(2,15) a(10,3) a(13,14) a(13,6) d(13) d(12)", "fitness": 0.0}
{"generation": 5, "position": 51, "parents": [55], "genome": "d(2) a(13,11) d(14) a(13,10) a(13,12) a(13,9)", "fitness": 0.0}
{"generation": 5, "position": 52, "parents": [4, 0], "genome": "d(2) r(13,14) a(4,17) a(10,2) r(10,3) a(9,3) r(8,5)", "fitness": 0.0}
{"generation": 5, "position": 53, "parents": [4, 0], "genome": "a(2,15) a(10,3) r(5,2) a(12,16) r(9,6) d(3)", "fitness": 0.0}
{"generation": 5, "position": 54, "parents": [4], "genome": "d(2) r(13,14) a(4,17) a(10,2) r(10,3) a(9,3) r(14,11)", "fitness": 0.0}
{"generation": 6, "position": 0, "parents": [24], "genome": "a(2,15) a(10,3) a(13,14) r(13,8) d(10) r(2,11) a(5,4)", "fitness": 0.0}
{"generation": 6, "position": 1, "parents": [42], "genome": "a(2,15) d(13) d(9) a(1,13) a(2,11) a(4,15) d(4)", "fitness": 1.0}
{"generation": 6, "position": 2, "parents": [0], "genome": "a(2,16) a(13,5) a(13,15) d(13) d(2) r(11,2) r(15,17) d(12)", "fitness": 0.0}
{"generation": 6, "position": 3, "parents": [13], "genome": "d(13) r(5,13) r(2,10) a(8,17) a(13,15) d(13) a(10,16) a(1,17) a(4,3)", "fitness": 0.0}
{"generation": 6, "position": 4, "parents": [17, 1], "genome": "d(2) r(13,14) r(5,13) r(2,10) a(8,17) d(15) d(12)", "fitness": 0.0}
{"generation": 6, "position": 5, "parents": [17, 1], "genome": "d(13) a(4,17) a(10,2) d(9) r(5,9) d(4)", "fitness": 0.0}
{"generation": 6, "position": 6, "parents": [17], "genome": "d(2) r(13,14) a(4,17) a(10,2) d(9) r(5,9) a(4,11)", "fitness": 0.0}
{"generation": 6, "position": 7, "parents": [1], "genome": "d(13) r(5,13) r(2,10) a(8,17) d(15) d(4)", "fitness": 0.0}
{"generation": 6, "position": 8, "parents": [15, 36], "genome": "d(2) a(13,11) d(14) r(10,8) d(9) d(5)", "fitness": 0.0}
{"generation": 6, "position": 9, "parents": [15, 36], "genome": "a(2,15) r(8,15) d(13) r(14,4) a(13,10) a(13,12) r(5,14) a(3,9)", "fitness": 0.0}
{"generation": 6, "position": 10, "parents": [15], "genome": "d(2) a(13,11) d(14) a(13,10) a(13,12) r(5,14) a(1,6)", "fitness": 0.0}
{"generation": 6, "position": 11, "parents": [36], "genome": "a(2,15) r(8,15) d(13) r(14,4) r(10,8) d(9) a(3,2)", "fitness": 4.0}
{"generation": 6, "position": 12, "parents": [37, 25], "genome": "a(2,16) a(13,5) a(13,15) d(13) r(9,13) r(5,6) a(13,3) d(13) d(8)", "fitness": 0.0}
{"generation": 6, "position": 13, "parents": [37, 25], "genome": "d(2) a(13,11) d(14) r(1,6) a(13,2)", "fitness": 9.0}
{"generation": 6, "position": 14, "parents": [37], "genome": "a(2,16) a(13,5) a(13,15) d(13) r(9,13) r(5,6) d(1)", "fitness": 0.0}
{"generation": 6, "position": 15, "parents": [25], "genome": "d(2) a(13,11) d(14) r(1,6) a(13,3) d(13) r(12,10)", "fitness": 0.0}
{"generation": 6, "position": 16, "parents": [11], "genome": "d(13) r(5,13) r(2,10) a(8,17) a(13,15) d(13) a(10,16) a(5,9) r(3,6) r(14,10)", "fitness": 0.0}
{"generation": 6, "position": 17, "parents": [40], "genome": "a(2,15) a(13,11) a(13,14) r(13,8) r(12,16) a(9,9) d(3)", "fitness": 1.0}
{"generation": 6, "position": 18, "parents": [47, 36], "genome": "d(13) r(5,13) r(2,10) a(8,9)", "fitness": 0.0}
{"generation": 6, "position": 19, "parents": [47, 36], "genome": "a(2,15) r(8,15) d(13) r(14,4) r(10,8) d(9) a(8,17) r(11,2) a(14,10) r(3,15)", "fitness": 1.0}
{"generation": 6, "position": 20, "parents": [47], "genome": "d(13) r(5,13) r(2,10) a(8,17) r(11,2) a(14,10) r(14,10)", "fitness": 0.0}
{"generation": 6, "position": 21, "parents": [36], "genome": "a(2,15) r(8,15) d(13) r(14,4) r(10,8) d(9) a(4,10)", "fitness": 0.0}
{"generation": 6, "position": 22, "parents": [36], "genome": "a(2,15) r(8,15) d(13) r(14,4) r(10,8) d(9) r(2,17)", "fitness": 0.0}
{"generation": 6, "position": 23, "parents": [19], "genome": "r(8,15) a(13,11) r(5,2) a(13,16) a(1,6) d(2) r(13,11) d(15)", "fitness": 0.0}
{"generation": 6, "position": 24, "parents": [47], "genome": "d(13) r(5,13) r(2,10) a(8,17) r(11,2) a(14,10) r(4,13)", "fitness": 0.0}
{"generation": 6, "position": 25, "parents": [31], "genome": "d(13) d(2) d(5) r(8,4) r(8,4) d(13) d(15) d(3)", "fitness": 0.0}
{"generation": 6, "position": 26, "parents": [45, 14], "genome": "r(4,12) d(2) a(13,15) r(2,15) r(13,3) r(3,4) r(1,17)", "fitness": 0.0}
{"generation": 6, "position": 27, "parents": [45, 14], "genome": "a(2,15) d(5) a(1,1) d(3) d(13)", "fitness": 0.0}
{"generation": 6, "position": 28, "parents": [45], "genome": "r(4,12) d(2) d(5) a(1,1) d(3) d(1)", "fitness": 0.0}
{"generation": 6, "position": 29, "parents": [14], "genome": "a(2,15) a(13,15) r(2,15) r(13,3) r(3,4) a(6,10)", "fitness": 0.0}
{"generation": 6, "position": 30, "parents": [35, 17], "genome": "a(2,16) a(13,5) a(4,17) a(10,2) d(9) r(5,9) r(2,3)", "fitness": 0.0}
{"generation": 6, "position": 31, "parents": [35, 17], "genome": "d(2) r(13,14) a(13,15) d(13) r(8,15) d(13) r(14,4) r(10,8) d(9) d(3)", "fitness": 0.0}
{"generation": 6, "position": 32, "parents": [35], "genome": "a(2,16) a(13,5) a(13,15) d(13) r(8,15) d(13) r(14,4) r(10,8) d(9) a(3,6)", "fitness": 0.0}
{"generation": 6, "position": 33, "parents": [17], "genome": "d(2) r(13,14) a(4,17) a(10,2) d(9) r(5,9) a(3,8)", "fitness": 0.0}
{"generation": 6, "position": 34, "parents": [43], "genome": "d(2) a(13,11) d(14) a(13,10) a(13,12) a(3,4) a(13,5)", "fitness": 0.0}
{"generation": 6, "position": 35, "parents": [8], "genome": "r(4,12) d(2) d(5) a(1,1) a(3,13) r(3,14)", "fitness": 0.0}
{"generation": 6, "position": 36, "parents": [30, 48], "genome": "a(2,16) a(13,5) a(9,14) d(13) r(12,10) a(13,2) r(4,3)", "fitness": 0.0}
{"generation": 6, "position": 37, "parents": [30, 48], "genome": "r(8,15) a(13,11) r(5,2) a(13,16) r(12,17)", "fitness": 0.0}
{"generation": 6, "position": 38, "parents": [30], "genome": "a(2,16) a(13,5) a(9,14) d(13) a(5,12)", "fitness": 0.0}
{"generation": 6, "position": 39, "parents": [48], "genome": "r(8,15) a(13,11) r(5,2) a(13,16) r(12,10) a(13,2) d(13)", "fitness": 0.0}
{"generation": 6, "position": 40, "parents": [8, 47], "genome": "r(4,12) d(2) d(5) a(1,1) a(3,13) a(8,17) r(11,2) a(14,10) a(1,17)", "fitness": 0.0}
{"generation": 6, "position": 41, "parents": [8, 47], "genome": "d(13) r(5,13) r(2,10) d(11)", "fitness": 0.0}
{"generation": 6, "position": 42, "parents": [8], "genome": "r(4,12) d(2) d(5) a(1,1) a(3,13) d(3)", "fitness": 0.0}
{"generation": 6, "position": 43, "parents": [47], "genome": "d(13) r(5,13) r(2,10) a(8,17) r(11,2) a(14,10) d(4)", "fitness": 0.0}
{"generation": 6, "position": 44, "parents": [44], "genome": "d(2) r(13,14) a(4,17) a(10,2) d(9) a(4,16) d(6)", "fitness": 0.0}
{"generation": 6, "position": 45, "parents": [11], "genome": "d(13) r(5,13) r(2,10) a(8,17) a(13,15) d(13) a(10,16) a(5,9) r(3,6) d(4)", "fitness": 0.0}
{"generation": 6, "position": 46, "parents": [6], "genome": "r(4,12) d(2) d(13) a(10,16) r(3,9) a(1,13)", "fitness": 0.0}
{"generation": 6, "position": 47, "parents": [31], "genome": "d(13) d(2) d(5) r(8,4) r(8,4) d(13) d(15) d(4)", "fitness": 0.0}
{"generation": 6, "position": 48, "parents": [30], "genome": "a(2,16) a(13,5) a(9,14) d(13) d(14)", "fitness": 0.0}
{"generation": 6, "position": 49, "parents": [50], "genome": "a(2,15) a(10,3) a(13,14) a(13,6) d(13) d(12) a(5,17)", "fitness": 0.0}
{"generation": 6, "position": 50, "parents": [11], "genome": "d(13) r(5,13) r(2,10) a(8,17) a(13,15) d(13) a(10,16) a(5,9) r(3,6) a(14,10)", "fitness": 0.0}
{"generation": 6, "position": 51, "parents": [28], "genome": "a(2,16) a(13,5) r(8,4) d(13) d(6) d(9)", "fitness": 0.0}
{"generation": 6, "position": 52, "parents": [9, 38], "genome": "d(13) a(13,15) a(12,4)", "fitness": 18.0}
{"generation": 6, "position": 53, "parents": [9, 38], "genome": "a(2,15) a(13,11) a(13,14) r(5,13) r(2,10) a(8,17) a(13,15) d(13) a(10,16) r(15,11) r(10,6)", "fitness": 0.0}
{"generation": 6, "position": 54, "parents": [9], "genome": "d(13) r(5,13) r(2,10) a(8,17) a(13,15) d(13) a(10,16) r(15,11) d(14)", "fitness": 0.0}
{"generation": 6, "position": 55, "parents": [38], "genome": "a(2,15) a(13,11) a(13,14) a(13,15) a(9,10)", "fitness": 2.0}
{"generation": 6, "position": 56, "parents": [47, 4], "genome": "d(13) a(4,17) a(10,2) d(9) r(4,8) a(1,1)", "fitness": 0.0}
{"generation": 6, "position": 57, "parents": [47, 4], "genome": "d(2) r(13,14) r(5,13) r(2,10) a(8,17) r(11,2) a(14,10) a(14,5)", "fitness": 0.0}
{"generation": 6, "position": 58, "parents": [47], "genome": "d(13) r(5,13) r(2,10) a(8,17) r(11,2) a(14,10) r(9,2)", "fitness": 0.0}
{"generation": 7, "position": 0, "parents": [9], "genome": "a(2,15) r(8,15) d(13) r(14,4) a(13,10) a(13,12) r(5,14) a(3,9) a(3,16)", "fitness": 0.0}
{"generation": 7, "position": 1, "parents": [7], "genome": "d(13) r(5,13) r(2,10) a(8,17) d(15) d(4) a(3,17)", "fitness": 0.0}
{"generation": 7, "position": 2, "parents": [43, 22], "genome": "d(13) d(13) r(14,4) r(10,8) d(9) r(2,17) a(6,17)", "fitness": 0.0}
{"generation": 7, "position": 3, "parents": [43, 22], "genome": "a(2,15) r(8,15) r(5,13) r(2,10) a(8,17) r(11,2) a(14,10) d(4) d(3)", "fitness": 0.0}
{"generation": 7, "position": 4, "parents": [43], "genome": "d(13) r(5,13) r(2,10) a(8,17) r(11,2) a(14,10) d(4) r(1,13)", "fitness": 0.0}
{"generation": 7, "position": 5, "parents": [22], "genome": "a(2,15) r(8,15) d(13) r(14,4) r(10,8) d(9) r(2,17) r(6,11)", "fitness": 0.0}
{"generation": 7, "position": 6, "parents": [54, 45], "genome": "d(13) r(5,13) r(2,10) a(8,17) a(13,15) d(13) a(10,16) a(15,10)", "fitness": 0.0}
{"generation": 7, "position": 7, "parents": [54, 45], "genome": "d(13) r(5,13) r(2,10) a(8,17) a(13,15) d(13) a(10,16) a(5,9) r(3,6) d(4) r(15,11) d(14) a(1,13)", "fitness": 0.0}
{"generation": 7, "position": 8, "parents": [54], "genome": "d(13) r(5,13) r(2,10) a(8,17) a(13,15) d(13) a(10,16) r(15,11) d(14) a(12,12)", "fitness": 0.0}
{"generation": 7, "position": 9, "parents": [45], "genome": "d(13) r(5,13) r(2,10) a(8,17) a(13,15) d(13) a(10,16) a(5,9) r(3,6) d(4) r(1,13)", "fitness": 0.0}
{"generation": 7, "position": 10, "parents": [38, 30], "genome": "a(2,16) r(5,2)", "fitness": 0.0}
{"generation": 7, "position": 11, "parents": [38, 30], "genome": "a(2,16) a(13,5) a(4,17) a(10,2) d(9) r(5,9) r(2,3) a(13,5) a(9,14) d(13) a(5,12) r(3,10)", "fitness": 0.0}
{"generation": 7, "position": 12, "parents": [38], "genome": "a(2,16) a(13,5) a(9,14) d(13) a(5,12) r(2,6)", "fitness": 0.0}
{"generation": 7, "position": 13, "parents": [30], "genome": "a(2,16) a(13,5) a(4,17) a(10,2) d(9) r(5,9) r(2,3) r(4,2)", "fitness": 0.0}
{"generation": 7, "position": 14, "parents": [26], "genome": "r(4,12) d(2) a(13,15) r(2,15) r(13,3) r(3,4) r(1,17)", "fitness": 0.0}
{"generation": 7, "position": 15, "parents": [45], "genome": "d(13) r(5,13) r(2,10) a(8,17) a(13,15) d(13) a(10,16) a(5,9) r(3,6) d(4) d(1)", "fitness": 0.0}
{"generation": 7, "position": 16, "parents": [35], "genome": "r(4,12) d(2) d(5) a(1,1) a(3,13) r(3,14) a(1,6)", "fitness": 0.0}
{"generation": 7, "position": 17, "parents": [44], "genome": "d(2) r(13,14) a(4,17) a(10,2) d(9) a(4,16) d(6) a(5,8)", "fitness": 0.0}
{"generation": 7, "position": 18, "parents": [59], "genome": "d(2) r(13,14) a(4,17) a(10,2) d(9) r(4,8) d(1) r(3,17)", "fitness": 0.0}
{"generation": 7, "position": 19, "parents": [37], "genome": "r(8,15) a(13,11) r(5,2) a(13,16) r(12,17) r(13,9)", "fitness": 0.0}
{"generation": 7, "position": 20, "parents": [44, 39], "genome": "d(2) r(13,14) a(4,17) a(10,2) a(13,16) r(12,10) a(13,2) d(13) a(5,15)", "fitness": 0.0}
{"generation": 7, "position": 21, "parents": [44, 39], "genome": "r(8,15) a(13,11) r(5,2) d(9) a(4,16) d(6) r(1,13)", "fitness": 0.0}
{"generation": 7, "position": 22, "parents": [44], "genome": "d(2) r(13,14) a(4,17) a(10,2) d(9) a(4,16) d(6) a(3,15)", "fitness": 0.0}
{"generation": 7, "position": 23, "parents": [39], "genome": "r(8,15) a(13,11) r(5,2) a(13,16) r(12,10) a(13,2) d(13) r(4,3)", "fitness": 13.0}
{"generation": 7, "position": 24, "parents": [42, 9], "genome": "r(4,12) d(2) d(5) a(1,1) a(1,13)", "fitness": 0.0}
{"generation": 7, "position": 25, "parents": [42, 9], "genome": "a(2,15) r(8,15) d(13) r(14,4) a(13,10) a(13,12) r(5,14) a(3,9) a(3,13) d(3) a(12,11)", "fitness": 0.0}
{"generation": 7, "position": 26, "parents": [42], "genome": "r(4,12) d(2) d(5) a(1,1) a(3,13) d(3) d(1)", "fitness": 0.0}
{"generation": 7, "position": 27, "parents": [9], "genome": "a(2,15) r(8,15) d(13) r(14,4) a(13,10) a(13,12) r(5,14) a(3,9) r(15,2)", "fitness": 0.0}
{"generation": 7, "position": 28, "parents": [44], "genome": "d(2) r(13,14) a(4,17) a(10,2) d(9) a(4,16) d(6) r(5,9)", "fitness": 0.0}
{"generation": 7, "position": 29, "parents": [14], "genome": "a(2,16) a(13,5) a(13,15) d(13) r(9,13) r(5,6) d(1) d(8)", "fitness": 0.0}
{"generation": 7, "position": 30, "parents": [3], "genome": "d(13) r(5,13) r(2,10) a(8,17) a(13,15) d(13) a(10,16) a(1,17) a(4,3) r(4,2)", "fitness": 13.0}
{"generation": 7, "position": 31, "parents": [14], "genome": "a(2,16) a(13,5) a(13,15) d(13) r(9,13) r(5,6) d(1) a(3,13)", "fitness": 0.0}
{"generation": 7, "position": 32, "parents": [31, 6], "genome": "d(2) r(13,14) a(13,15) d(13) r(8,15) a(10,2) d(9) r(5,9) a(4,11) d(1)", "fitness": 0.0}
{"generation": 7, "position": 33, "parents": [31, 6], "genome": "d(2) r(13,14) a(4,17) d(13) r(14,4) r(10,8) d(9) d(3) a(1,17)", "fitness": 0.0}
{"generation": 7, "position": 34, "parents": [31], "genome": "d(2) r(13,14) a(13,15) d(13) r(8,15) d(13) r(14,4) r(10,8) d(9) d(3) r(4,15)", "fitness": 0.0}
{"generation": 7, "position": 35, "parents": [6], "genome": "d(2) r(13,14) a(4,17) a(10,2) d(9) r(5,9) a(4,11) r(1,17)", "fitness": 0.0}
{"generation": 7, "position": 36, "parents": [54, 35], "genome": "d(13) r(5,13) r(2,10) a(8,17) a(13,15) d(13) a(10,16) r(15,11) d(5) a(1,1) a(3,13) r(3,14) d(14)", "fitness": 0.0}
{"generation": 7, "position": 37, "parents": [54, 35], "genome": "r(4,12) d(2) d(14) r(3,2)", "fitness": 1.0}
{"generation": 7, "position": 38, "parents": [54], "genome": "d(13) r(5,13) r(2,10) a(8,17) a(13,15) d(13) a(10,16) r(15,11) d(14) a(1,6)", "fitness": 0.0}
{"generation": 7, "position": 39, "parents": [35], "genome": "r(4,12) d(2) d(5) a(1,1) a(3,13) r(3,14) r(1,6)", "fitness": 0.0}
{"generation": 7, "position": 40, "parents": [6], "genome": "d(2) r(13,14) a(4,17) a(10,2) d(9) r(5,9) a(4,11) d(8)", "fitness": 0.0}
{"generation": 7, "position": 41, "parents": [37], "genome": "r(8,15) a(13,11) r(5,2) a(13,16) r(12,17) a(13,11)", "fitness": 0.0}
{"generation": 7, "position": 42, "parents": [42], "genome": "r(4,12) d(2) d(5) a(1,1) a(3,13) d(3) a(1,17)", "fitness": 0.0}
{"generation": 7, "position": 43, "parents": [49], "genome": "a(2,15) a(10,3) a(13,14) a(13,6) d(13) d(12) a(5,17) d(5)", "fitness": 0.0}
{"generation": 7, "position": 44, "parents": [54], "genome": "d(13) r(5,13) r(2,10) a(8,17) a(13,15) d(13) a(10,16) r(15,11) d(14) d(1)", "fitness": 0.0}
{"generation": 7, "position": 45, "parents": [30], "genome": "a(2,16) a(13,5) a(4,17) a(10,2) d(9) r(5,9) r(2,3) a(1,13)", "fitness": 0.0}
{"generation": 7, "position": 46, "parents": [8], "genome": "d(2) a(13,11) d(14) r(10,8) d(9) d(5) d(8)", "fitness": 0.0}
{"generation": 7, "position": 47, "parents": [29], "genome": "a(2,15) a(13,15) r(2,15) r(13,3) r(3,4) a(6,10) a(11,15)", "fitness": 0.0}
{"generation": 7, "position": 48, "parents": [37], "genome": "r(8,15) a(13,11) r(5,2) a(13,16) r(12,17) r(11,4)", "fitness": 0.0}
{"generation": 7, "position": 49, "parents": [28], "genome": "r(4,12) d(2) d(5) a(1,1) d(3) d(1)", "fitness": 0.0}
{"generation": 7, "position": 50, "parents": [53], "genome": "a(2,15) a(13,11) a(13,14) r(5,13) r(2,10) a(8,17) a(13,15) d(13) a(10,16) r(15,11) r(10,6) d(3)", "fitness": 0.0}
{"generation": 7, "position": 51, "parents": [53], "genome": "a(2,15) a(13,11) a(13,14) r(5,13) r(2,10) a(8,17) a(13,15) d(13) a(10,16) r(15,11) r(10,6) d(14)", "fitness": 0.0}
{"generation": 7, "position": 52, "parents": [40, 3], "genome": "r(4,12) d(2) d(5) a(1,1) a(4,3) d(3)", "fitness": 0.0}
{"generation": 7, "position": 53, "parents": [40, 3], "genome": "d(13) r(5,13) r(2,10) a(8,17) a(13,15) d(13) a(10,16) a(1,17) a(3,13) a(8,17) r(11,2) a(14,10) a(1,17) a(12,11)", "fitness": 0.0}
{"generation": 7, "position": 54, "parents": [40], "genome": "r(4,12) d(2) d(5) a(1,1) a(3,13) a(8,17) r(11,2) a(14,10) a(1,17) r(1,17)", "fitness": 0.0}
{"generation": 8, "position": 0, "parents": [47], "genome": "a(2,15) a(13,15) r(2,15) r(13,3) r(3,4) a(6,10) a(11,15) r(11,4)", "fitness": 0.0}
{"generation": 8, "position": 1, "parents": [33], "genome": "d(2) r(13,14) a(4,17) d(13) r(14,4) r(10,8) d(9) d(3) a(1,17) a(5,6)", "fitness": 0.0}
{"generation": 8, "position": 2, "parents": [13], "genome": "a(2,16) a(13,5) a(4,17) a(10,2) d(9) r(5,9) r(2,3) r(4,2) d(3)", "fitness": 0.0}
{"generation": 8, "position": 3, "parents": [6], "genome": "d(13) r(5,13) r(2,10) a(8,17) a(13,15) d(13) a(10,16) a(15,10) a(1,13)", "fitness": 0.0}
{"generation": 8, "position": 4, "parents": [4, 5], "genome": "d(13) r(5,13) r(2,10) a(8,17) r(11,2) a(14,10) d(4) r(14,4) r(10,8) d(9) r(2,17) r(6,11) d(1)", "fitness": 0.0}
{"generation": 8, "position": 5, "parents": [4, 5], "genome": "a(2,15) r(8,15) d(13) r(1,13) a(4,9)", "fitness": 0.0}
{"generation": 8, "position": 6, "parents": [4], "genome": "d(13) r(5,13) r(2,10) a(8,17) r(11,2) a(14,10) d(4) r(1,13) d(3)", "fitness": 0.0}
{"generation": 8, "position": 7, "parents": [5], "genome": "a(2,15) r(8,15) d(13) r(14,4) r(10,8) d(9) r(2,17) r(6,11) d(1)", "fitness": 0.0}
{"generation": 8, "position": 8, "parents": [31, 34], "genome": "a(2,16) a(13,5) a(13,15) d(13) r(9,13) r(5,6) d(1) d(3)", "fitness": 0.0}
{"generation": 8, "position": 9, "parents": [31, 34], "genome": "d(2) r(13,14) a(13,15) d(13) r(8,15) d(13) r(14,4) r(10,8) d(9) d(3) r(4,15) a(3,13) a(1,1)", "fitness": 0.0}
{"generation": 8, "position": 10, "parents": [31], "genome": "a(2,16) a(13,5) a(13,15) d(13) r(9,13) r(5,6) d(1) a(3,13) a(4,8)", "fitness": 0.0}
{"generation": 8, "position": 11, "parents": [34], "genome": "d(2) r(13,14) a(13,15) d(13) r(8,15) d(13) r(14,4) r(10,8) d(9) d(3) r(4,15) r(1,6)", "fitness": 0.0}
{"generation": 8, "position": 12, "parents": [36], "genome": "d(13) r(5,13) r(2,10) a(8,17) a(13,15) d(13) a(10,16) r(15,11) d(5) a(1,1) a(3,13) r(3,14) d(14) d(8)", "fitness": 0.0}
{"generation": 8, "position": 13, "parents": [38], "genome": "d(13) r(5,13) r(2,10) a(8,17) a(13,15) d(13) a(10,16) r(15,11) d(14) a(1,6) r(4,16)", "fitness": 0.0}
{"generation": 8, "position": 14, "parents": [46], "genome": "d(2) a(13,11) d(14) r(10,8) d(9) d(5) d(8) a(3,10)", "fitness": 0.0}
{"generation": 8, "position": 15, "parents": [27], "genome": "a(2,15) r(8,15) d(13) r(14,4) a(13,10) a(13,12) r(5,14) a(3,9) r(15,2) d(12)", "fitness": 0.0}
{"generation": 8, "position": 16, "parents": [17, 24], "genome": "d(2) r(13,14) a(4,17) a(10,2) d(2) d(5) a(1,1) a(1,13) a(4,9)", "fitness": 0.0}
{"generation": 8, "position": 17, "parents": [17, 24], "genome": "r(4,12) d(9) a(4,16) d(6) a(5,8) a(2,4)", "fitness": 1.0}
{"generation": 8, "position": 18, "parents": [17], "genome": "d(2) r(13,14) a(4,17) a(10,2) d(9) a(4,16) d(6) a(5,8) a(4,6)", "fitness": 0.0}
{"generation": 8, "position": 19, "parents": [24], "genome": "r(4,12) d(2) d(5) a(1,1) a(1,13) d(1)", "fitness": 0.0}
{"generation": 8, "position": 20, "parents": [0], "genome": "a(2,15) r(8,15) d(13) r(14,4) a(13,10) a(13,12) r(5,14) a(3,9) a(3,16) a(1,17)", "fitness": 0.0}
{"generation": 8, "position": 21, "parents": [2], "genome": "d(13) d(13) r(14,4) r(10,8) d(9) r(2,17) a(6,17) d(3)", "fitness": 0.0}
{"generation": 8, "position": 22, "parents": [4], "genome": "d(13) r(5,13) r(2,10) a(8,17) r(11,2) a(14,10) d(4) r(1,13) r(3,11)", "fitness": 0.0}
{"generation": 8, "position": 23, "parents": [45], "genome": "a(2,16) a(13,5) a(4,17) a(10,2) d(9) r(5,9) r(2,3) a(1,13) r(4,6)", "fitness": 0.0}
{"generation": 8, "position": 24, "parents": [18, 41], "genome": "d(2) r(13,14) a(4,17) a(10,2) d(9) r(4,8) a(3,10)", "fitness": 0.0}
{"generation": 8, "position": 25, "parents": [18, 41], "genome": "r(8,15) a(13,11) r(5,2) a(13,16) r(12,17) a(13,11) d(1) r(3,17) r(13,4)", "fitness": 0.0}
{"generation": 8, "position": 26, "parents": [18], "genome": "d(2) r(13,14) a(4,17) a(10,2) d(9) r(4,8) d(1) r(3,17)", "fitness": 0.0}
{"generation": 8, "position": 27, "parents": [41], "genome": "r(8,15) a(13,11) r(5,2) a(13,16) r(12,17) a(13,11) a(1,1)", "fitness": 0.0}
{"generation": 8, "position": 28, "parents": [33], "genome": "d(2) r(13,14) a(4,17) d(13) r(14,4) r(10,8) d(9) d(3) a(1,17) d(1)", "fitness": 0.0}
{"generation": 8, "position": 29, "parents": [32], "genome": "d(2) r(13,14) a(13,15) d(13) r(8,15) a(10,2) d(9) r(5,9) a(4,11) d(1) r(3,12)", "fitness": 0.0}
{"generation": 8, "position": 30, "parents": [26], "genome": "r(4,12) d(2) d(5) a(1,1) a(3,13) d(3) d(1)", "fitness": 0.0}
{"generation": 8, "position": 31, "parents": [0], "genome": "a(2,15) r(8,15) d(13) r(14,4) a(13,10) a(13,12) r(5,14) a(3,9) a(3,16) r(10,4)", "fitness": 0.0}
{"generation": 8, "position": 32, "parents": [22, 11], "genome": "d(2) r(13,14) a(4,17) a(10,2) a(10,2) d(9) r(5,9) r(2,3) a(13,5) a(9,14) d(13) a(5,12) r(3,10) a(1,6)", "fitness": 0.0}
{"generation": 8, "position": 33, "parents": [22, 11], "genome": "a(2,16) a(13,5) a(4,17) d(9) a(4,16) d(6) a(3,15) a(4,14)", "fitness": 0.0}
{"generation": 8, "position": 34, "parents": [22], "genome": "d(2) r(13,14) a(4,17) a(10,2) d(9) a(4,16) d(6) a(3,15) d(3)", "fitness": 0.0}
{"generation": 8, "position": 35, "parents": [11], "genome": "a(2,16) a(13,5) a(4,17) a(10,2) d(9) r(5,9) r(2,3) a(13,5) a(9,14) d(13) a(5,12) r(3,10) r(4,9)", "fitness": 0.0}
{"generation": 8, "position": 36, "parents": [16], "genome": "r(4,12) d(2) d(5) a(1,1) a(3,13) r(3,14) a(1,6) d(1)", "fitness": 0.0}
{"generation": 8, "position": 37, "parents": [46], "genome": "d(2) a(13,11) d(14) r(10,8) d(9) d(5) d(8) r(4,13)", "fitness": 0.0}
{"generation": 8, "position": 38, "parents": [24], "genome": "r(4,12) d(2) d(5) a(1,1) a(1,13) a(3,6)", "fitness": 0.0}
{"generation": 8, "position": 39, "parents": [3], "genome": "a(2,15) r(8,15) r(5,13) r(2,10) a(8,17) r(11,2) a(14,10) d(4) d(3) d(1)", "fitness": 0.0}
{"generation": 8, "position": 40, "parents": [29], "genome": "a(2,16) a(13,5) a(13,15) d(13) r(9,13) r(5,6) d(1) d(8) r(3,10)", "fitness": 0.0}
{"generation": 8, "position": 41, "parents": [46], "genome": "d(2) a(13,11) d(14) r(10,8) d(9) d(5) d(8) r(3,17)", "fitness": 0.0}
{"generation": 8, "position": 42, "parents": [3], "genome": "a(2,15) r(8,15) r(5,13) r(2,10) a(8,17) r(11,2) a(14,10) d(4) d(3) a(1,17)", "fitness": 0.0}
{"generation": 8, "position": 43, "parents": [17], "genome": "d(2) r(13,14) a(4,17) a(10,2) d(9) a(4,16) d(6) a(5,8) r(4,9)", "fitness": 0.0}
{"generation": 8, "position": 44, "parents": [6], "genome": "d(13) r(5,13) r(2,10) a(8,17) a(13,15) d(13) a(10,16) a(15,10) r(4,8)", "fitness": 0.0}
{"generation": 8, "position": 45, "parents": [43], "genome": "a(2,15) a(10,3) a(13,14) a(13,6) d(13) d(12) a(5,17) d(5) d(8)", "fitness": 0.0}
{"generation": 8, "position": 46, "parents": [40], "genome": "d(2) r(13,14) a(4,17) a(10,2) d(9) r(5,9) a(4,11) d(8) a(4,9)", "fitness": 0.0}
{"generation": 8, "position": 47, "parents": [41], "genome": "r(8,15) a(13,11) r(5,2) a(13,16) r(12,17) a(13,11) a(4,6)", "fitness": 0.0}
{"generation": 8, "position": 48, "parents": [5], "genome": "a(2,15) r(8,15) d(13) r(14,4) r(10,8) d(9) r(2,17) r(6,11) r(4,15)", "fitness": 0.0}
{"generation": 9, "position": 0, "parents": [12], "genome": "d(13) r(5,13) r(2,10) a(8,17) a(13,15) d(13) a(10,16) r(15,11) d(5) a(1,1) a(3,13) r(3,14) d(14) d(8) d(1)", "fitness": 0.0}
{"generation": 9, "position": 1, "parents": [3], "genome": "d(13) r(5,13) r(2,10) a(8,17) a(13,15) d(13) a(10,16) a(15,10) a(1,13) a(9,9)", "fitness": 0.0}
{"generation": 9, "position": 2, "parents": [7], "genome": "a(2,15) r(8,15) d(13) r(14,4) r(10,8) d(9) r(2,17) r(6,11) d(1) d(3)", "fitness": 0.0}
{"generation": 9, "position": 3, "parents": [39], "genome": "a(2,15) r(8,15) r(5,13) r(2,10) a(8,17) r(11,2) a(14,10) d(4) d(3) d(1)", "fitness": 0.0}
{"generation": 9, "position": 4, "parents": [18], "genome": "d(2) r(13,14) a(4,17) a(10,2) d(9) a(4,16) d(6) a(5,8) a(4,6) d(8)", "fitness": 0.0}
{"generation": 9, "position": 5, "parents": [11], "genome": "d(2) r(13,14) a(13,15) d(13) r(8,15) d(13) r(14,4) r(10,8) d(9) d(3) r(4,15) r(1,6)", "fitness": 0.0}
{"generation": 9, "position": 6, "parents": [27], "genome": "r(8,15) a(13,11) r(5,2) a(13,16) r(12,17) a(13,11) a(1,1) a(13,11)", "fitness": 0.0}
{"generation": 9, "position": 7, "parents": [41], "genome": "d(2) a(13,11) d(14) r(10,8) d(9) d(5) d(8) r(3,17) r(1,6)", "fitness": 0.0}
{"generation": 9, "position": 8, "parents": [24, 1], "genome": "d(2) r(13,14) a(4,17) a(10,2) d(9) d(3) a(1,17) a(5,6) a(5,11)", "fitness": 0.0}
{"generation": 9, "position": 9, "parents": [24, 1], "genome": "d(2) r(13,14) a(4,17) d(13) r(14,4) r(10,8) d(9) r(4,8) a(3,10) a(1,1)", "fitness": 0.0}
{"generation": 9, "position": 10, "parents": [24], "genome": "d(2) r(13,14) a(4,17) a(10,2) d(9) r(4,8) a(3,10) r(3,6)", "fitness": 0.0}
{"generation": 9, "position": 11, "parents": [1], "genome": "d(2) r(13,14) a(4,17) d(13) r(14,4) r(10,8) d(9) d(3) a(1,17) a(5,6) a(8,6)", "fitness": 0.0}
{"generation": 9, "position": 12, "parents": [10, 20], "genome": "a(2,16) a(13,5) a(13,15) d(13) r(5,14) a(3,9) a(3,16) a(1,17) a(14,17)", "fitness": 0.0}
{"generation": 9, "position": 13, "parents": [10, 20], "genome": "a(2,15) r(8,15) d(13) r(14,4) a(13,10) a(13,12) r(9,13) r(5,6) d(1) a(3,13) a(4,8) r(2,3)", "fitness": 0.0}
{"generation": 9, "position": 14, "parents": [10], "genome": "a(2,16) a(13,5) a(13,15) d(13) r(9,13) r(5,6) d(1) a(3,13) a(4,8) a(4,6)", "fitness": 0.0}
{"generation": 9, "position": 15, "parents": [20], "genome": "a(2,15) r(8,15) d(13) r(14,4) a(13,10) a(13,12) r(5,14) a(3,9) a(3,16) a(1,17) d(9)", "fitness": 0.0}
{"generation": 9, "position": 16, "parents": [15], "genome": "a(2,15) r(8,15) d(13) r(14,4) a(13,10) a(13,12) r(5,14) a(3,9) r(15,2) d(12) r(11,4)", "fitness": 0.0}
{"generation": 9, "position": 17, "parents": [11], "genome": "d(2) r(13,14) a(13,15) d(13) r(8,15) d(13) r(14,4) r(10,8) d(9) d(3) r(4,15) r(1,6)", "fitness": 0.0}
{"generation": 9, "position": 18, "parents": [36], "genome": "r(4,12) d(2) d(5) a(1,1) a(3,13) r(3,14) a(1,6) d(1)", "fitness": 0.0}
{"generation": 9, "position": 19, "parents": [29], "genome": "d(2) r(13,14) a(13,15) d(13) r(8,15) a(10,2) d(9) r(5,9) a(4,11) d(1) r(3,12) a(4,14)", "fitness": 0.0}
{"generation": 9, "position": 20, "parents": [14], "genome": "d(2) a(13,11) d(14) r(10,8) d(9) d(5) d(8) a(3,10) a(1,17)", "fitness": 0.0}
{"generation": 9, "position": 21, "parents": [1], "genome": "d(2) r(13,14) a(4,17) d(13) r(14,4) r(10,8) d(9) d(3) a(1,17) a(5,6) r(1,17)", "fitness": 0.0}
{"generation": 9, "position": 22, "parents": [41], "genome": "d(2) a(13,11) d(14) r(10,8) d(9) d(5) d(8) r(3,17) r(4,12)", "fitness": 0.0}
{"generation": 9, "position": 23, "parents": [48], "genome": "a(2,15) r(8,15) d(13) r(14,4) r(10,8) d(9) r(2,17) r(6,11) r(4,15) d(1)", "fitness": 0.0}
{"generation": 9, "position": 24, "parents": [18, 11], "genome": "d(2) r(13,14) a(4,17) d(13) r(14,4) r(10,8) d(9) d(3) r(4,15) r(1,6)", "fitness": 0.0}
{"generation": 9, "position": 25, "parents": [18, 11], "genome": "d(2) r(13,14) a(13,15) d(13) r(8,15) a(10,2) d(9) a(4,16) d(6) a(5,8) a(4,6) d(3)", "fitness": 0.0}
{"generation": 9, "position": 26, "parents": [18], "genome": "d(2) r(13,14) a(4,17) a(10,2) d(9) a(4,16) d(6) a(5,8) a(4,6) d(3)", "fitness": 0.0}
{"generation": 9, "position": 27, "parents": [11], "genome": "d(2) r(13,14) a(13,15) d(13) r(8,15) d(13) r(14,4) r(10,8) d(9) d(3) r(4,15) r(1,6)", "fitness": 0.0}
{"generation": 9, "position": 28, "parents": [44, 49], "genome": "d(13) r(5,13) r(2,10) a(8,17) a(13,15) d(13) a(10,16) a(15,10) r(4,8) r(3,14) r(1,6)", "fitness": 0.0}
{"generation": 9, "position": 29, "parents": [44, 49], "genome": "r(4,12) d(2) d(5) a(1,1) a(3,13) a(1,1)", "fitness": 0.0}
{"generation": 9, "position": 30, "parents": [44], "genome": "d(13) r(5,13) r(2,10) a(8,17) a(13,15) d(13) a(10,16) a(15,10) r(4,8) a(3,14)", "fitness": 0.0}
{"generation": 9, "position": 31, "parents": [49], "genome": "r(4,12) d(2) d(5) a(1,1) a(3,13) r(3,14) r(1,6)", "fitness": 0.0}
{"generation": 9, "position": 32, "parents": [0, 38], "genome": "a(2,15) a(13,15) r(2,15) r(13,3) r(3,4) a(6,10) d(5) a(1,1) a(1,13) a(3,6) d(10)", "fitness": 0.0}
{"generation": 9, "position": 33, "parents": [0, 38], "genome": "r(4,12) d(2) a(11,15) r(11,4) r(1,6)", "fitness": 0.0}
{"generation": 9, "position": 34, "parents": [0], "genome": "a(2,15) a(13,15) r(2,15) r(13,3) r(3,4) a(6,10) a(11,15) r(11,4) r(5,2)", "fitness": 0.0}
{"generation": 9, "position": 35, "parents": [38], "genome": "r(4,12) d(2) d(5) a(1,1) a(1,13) a(3,6) r(3,10)", "fitness": 0.0}
{"generation": 9, "position": 36, "parents": [45, 31], "genome": "a(2,15) a(10,3) a(13,14) a(13,6) d(13) d(12) a(5,17) d(5) d(8) r(10,4) r(9,2)", "fitness": 0.0}
{"generation": 9, "position": 37, "parents": [45, 31], "genome": "a(2,15) r(8,15) d(13) r(14,4) a(13,10) a(13,12) r(5,14) a(3,9) a(3,16) a(15,17)", "fitness": 1.0}
{"generation": 9, "position": 38, "parents": [45], "genome": "a(2,15) a(10,3) a(13,14) a(13,6) d(13) d(12) a(5,17) d(5) d(8) a(15,4)", "fitness": 0.0}
{"generation": 9, "position": 39, "parents": [31], "genome": "a(2,15) r(8,15) d(13) r(14,4) a(13,10) a(13,12) r(5,14) a(3,9) a(3,16) r(10,4) a(15,11)", "fitness": 0.0}
{"generation": 9, "position": 40, "parents": [39, 18], "genome": "a(2,15) r(8,15) r(5,13) a(4,6) a(13,3)", "fitness": 0.0}
{"generation": 9, "position": 41, "parents": [39, 18], "genome": "d(2) r(13,14) a(4,17) a(10,2) d(9) a(4,16) d(6) a(5,8) r(2,10) a(8,17) r(11,2) a(14,10) d(4) d(3) d(1)", "fitness": 0.0}
{"generation": 9, "position": 42, "parents": [39], "genome": "a(2,15) r(8,15) r(5,13) r(2,10) a(8,17) r(11,2) a(14,10) d(4) d(3) d(1)", "fitness": 0.0}
{"generation": 9, "position": 43, "parents": [18], "genome": "d(2) r(13,14) a(4,17) a(10,2) d(9) a(4,16) d(6) a(5,8) a(4,6) d(5)", "fitness": 0.0}
{"generation": 9, "position": 44, "parents": [10, 8], "genome": "a(2,16) a(13,5) a(13,15) d(13) r(9,13) r(5,6) d(3) a(2,12)", "fitness": 0.0}
{"generation": 9, "position": 45, "parents": [10, 8], "genome": "a(2,16) a(13,5) a(13,15) d(13) r(9,13) r(5,6) d(1) d(1) a(3,13) a(4,8) r(4,12)", "fitness": 0.0}
{"generation": 9, "position": 46, "parents": [10], "genome": "a(2,16) a(13,5) a(13,15) d(13) r(9,13) r(5,6) d(1) a(3,13) a(4,8) a(3,11)", "fitness": 0.0}
{"generation": 9, "position": 47, "parents": [8], "genome": "a(2,16) a(13,5) a(13,15) d(13) r(9,13) r(5,6) d(1) d(3) a(4,4)", "fitness": 0.0}
{"generation": 9, "position": 48, "parents": [35, 18], "genome": "a(2,16) a(13,5) a(4,17) a(10,2) d(9) a(4,16) d(6) a(5,8) a(4,6) r(1,17)", "fitness": 0.0}
{"generation": 9, "position": 49, "parents": [35, 18], "genome": "d(2) r(13,14) a(4,17) a(10,2) d(9) r(5,9) r(2,3) a(13,5) a(9,14) d(13) a(5,12) r(3,10) r(4,9) a(1,6)", "fitness": 0.0}
{"generation": 9, "position": 50, "parents": [35], "genome": "a(2,16) a(13,5) a(4,17) a(10,2) d(9) r(5,9) r(2,3) a(13,5) a(9,14) d(13) a(5,12) r(3,10) r(4,9) d(1)", "fitness": 0.0}
{"generation": 9, "position": 51, "parents": [18], "genome": "d(2) r(13,14) a(4,17) a(10,2) d(9) a(4,16) d(6) a(5,8) a(4,6) a(1,13)", "fitness": 0.0}
{"generation": 9, "position": 52, "parents": [36, 40], "genome": "r(4,12) d(2) d(5) a(1,1) a(3,13) r(3,14) a(1,6) r(3,10) d(1)", "fitness": 0.0}
{"generation": 9, "position": 53, "parents": [36, 40], "genome": "a(2,16) a(13,5) a(13,15) d(13) r(9,13) r(5,6) d(1) d(8) d(1) a(4,17)", "fitness": 0.0}
{"generation": 9, "position": 54, "parents": [36], "genome": "r(4,12) d(2) d(5) a(1,1) a(3,13) r(3,14) a(1,6) d(1)", "fitness": 0.0}
{"generation": 9, "position": 55, "parents": [40], "genome": "a(2,16) a(13,5) a(13,15) d(13) r(9,13) r(5,6) d(1) d(8) r(3,10) r(4,9)", "fitness": 0.0}
{"generation": 9, "position": 56, "parents": [28, 32], "genome": "d(2) r(5,9) r(2,3) a(13,5) a(9,14) d(13) a(5,12) r(3,10) a(1,6) d(9)", "fitness": 0.0}
{"generation": 9, "position": 57, "parents": [28, 32], "genome": "d(2) r(13,14) a(4,17) a(10,2) a(10,2) d(9) r(13,14) a(4,17) d(13) r(14,4) r(10,8) d(9) d(3) a(1,17) d(1) r(6,11)", "fitness": 0.0}
{"generation": 9, "position": 58, "parents": [28], "genome": "d(2) r(13,14) a(4,17) d(13) r(14,4) r(10,8) d(9) d(3) a(1,17) d(1) a(4,8)", "fitness": 0.0}
{"generation": 9, "position": 59, "parents": [32], "genome": "d(2) r(13,14) a(4,17) a(10,2) a(10,2) d(9) r(5,9) r(2,3) a(13,5) a(9,14) d(13) a(5,12) r(3,10) a(1,6) d(1)", "fitness": 0.0}
{"generation": 9, "position": 60, "parents": [45, 2], "genome": "a(2,15) a(10,3) a(13,14) a(13,6) d(13) d(12) a(5,17) d(5) r(2,3) r(4,2) d(3) d(1)", "fitness": 13.0}
{"generation": 9, "position": 61, "parents": [45, 2], "genome": "a(2,16) a(13,5) a(4,17) a(10,2) d(9) r(5,9) d(8) d(2)", "fitness": 0.0}
{"generation": 9, "position": 62, "parents": [45], "genome": "a(2,15) a(10,3) a(13,14) a(13,6) d(13) d(12) a(5,17) d(5) d(8) a(1,6)", "fitness": 0.0}
{"generation": 10, "position": 0, "parents": [10], "genome": "d(2) r(13,14) a(4,17) a(10,2) d(9) r(4,8) a(3,10) r(3,6) d(1)", "fitness": 0.0}
{"generation": 10, "position": 1, "parents": [13], "genome": "a(2,15) r(8,15) d(13) r(14,4) a(13,10) a(13,12) r(9,13) r(5,6) d(1) a(3,13) a(4,8) r(2,3) r(3,8)", "fitness": 0.0}
{"generation": 10, "position": 2, "parents": [31, 6], "genome": "r(4,12) d(2) r(5,2) a(13,16) r(12,17) a(13,11) a(1,1) a(13,11) r(1,6)", "fitness": 0.0}
{"generation": 10, "position": 3, "parents": [31, 6], "genome": "r(8,15) a(13,11) d(5) a(1,1) a(3,13) r(3,14) r(1,6) a(13,2)", "fitness": 0.0}
{"generation": 10, "position": 4, "parents": [31], "genome": "r(4,12) d(2) d(5) a(1,1) a(3,13) r(3,14) r(1,6)", "fitness": 0.0}
{"generation": 10, "position": 5, "parents": [6], "genome": "r(8,15) a(13,11) r(5,2) a(13,16) r(12,17) a(13,11) a(1,1) a(13,11) d(4)", "fitness": 13.0}
{"generation": 10, "position": 6, "parents": [11, 35], "genome": "d(2) r(13,14) a(4,17) d(13) a(1,1) a(1,13) a(3,6) r(3,10) a(14,6)", "fitness": 0.0}
{"generation": 10, "position": 7, "parents": [11, 35], "genome": "r(4,12) d(2) d(5) r(14,4) r(10,8) d(9) d(3) a(1,17) a(5,6) a(8,6) d(1)", "fitness": 0.0}
{"generation": 10, "position": 8, "parents": [11], "genome": "d(2) r(13,14) a(4,17) d(13) r(14,4) r(10,8) d(9) d(3) a(1,17) a(5,6) a(8,6) a(4,16)", "fitness": 0.0}
{"generation": 10, "position": 9, "parents": [35], "genome": "r(4,12) d(2) d(5) a(1,1) a(1,13) a(3,6) r(3,10) r(1,17)", "fitness": 0.0}
{"generation": 10, "position": 10, "parents": [2], "genome": "a(2,15) r(8,15) d(13) r(14,4) r(10,8) d(9) r(2,17) r(6,11) d(1) d(3) d(5)", "fitness": 0.0}
{"generation": 10, "position": 11, "parents": [50], "genome": "a(2,16) a(13,5) a(4,17) a(10,2) d(9) r(5,9) r(2,3) a(13,5) a(9,14) d(13) a(5,12) r(3,10) r(4,9) d(1)", "fitness": 0.0}
{"generation": 10, "position": 12, "parents": [10], "genome": "d(2) r(13,14) a(4,17) a(10,2) d(9) r(4,8) a(3,10) r(3,6) d(1)", "fitness": 0.0}
{"generation": 10, "position": 13, "parents": [30], "genome": "d(13) r(5,13) r(2,10) a(8,17) a(13,15) d(13) a(10,16) a(15,10) r(4,8) a(3,14) r(1,6)", "fitness": 0.0}
{"generation": 10, "position": 14, "parents": [49], "genome": "d(2) r(13,14) a(4,17) a(10,2) d(9) r(5,9) r(2,3) a(13,5) a(9,14) d(13) a(5,12) r(3,10) r(4,9) a(1,6) a(1,17)", "fitness": 0.0}
{"generation": 10, "position": 15, "parents": [49], "genome": "d(2) r(13,14) a(4,17) a(10,2) d(9) r(5,9) r(2,3) a(13,5) a(9,14) d(13) a(5,12) r(3,10) r(4,9) a(1,6) d(1)", "fitness": 0.0}
{"generation": 10, "position": 16, "parents": [21], "genome": "d(2) r(13,14) a(4,17) d(13) r(14,4) r(10,8) d(9) d(3) a(1,17) a(5,6) r(1,17) r(5,17)", "fitness": 0.0}
{"generation": 10, "position": 17, "parents": [53], "genome": "a(2,16) a(13,5) a(13,15) d(13) r(9,13) r(5,6) d(1) d(8) d(1) a(4,17) a(3,17)", "fitness": 13.0}
{"generation": 10, "position": 18, "parents": [24], "genome": "d(2) r(13,14) a(4,17) d(13) r(14,4) r(10,8) d(9) d(3) r(4,15) r(1,6)", "fitness": 0.0}
{"generation": 10, "position": 19, "parents": [9], "genome": "d(2) r(13,14) a(4,17) d(13) r(14,4) r(10,8) d(9) r(4,8) a(3,10) a(1,1) a(1,6)", "fitness": 0.0}
{"generation": 10, "position": 20, "parents": [4, 30], "genome": "d(2) r(13,14) a(4,17) a(10,2) d(9) a(4,16) d(6) a(5,8) a(4,6) d(8) r(3,15)", "fitness": 0.0}
{"generation": 10, "position": 21, "parents": [4, 30], "genome": "d(13) r(5,13) r(2,10) a(8,17) a(13,15) d(13) a(10,16) a(15,10) r(4,8) a(3,14) r(1,6)", "fitness": 0.0}
{"generation": 10, "position": 22, "parents": [4], "genome": "d(2) r(13,14) a(4,17) a(10,2) d(9) a(4,16) d(6) a(5,8) a(4,6) d(8) a(4,12)", "fitness": 0.0}
{"generation": 10, "position": 23, "parents": [30], "genome": "d(13) r(5,13) r(2,10) a(8,17) a(13,15) d(13) a(10,16) a(15,10) r(4,8) a(3,14) d(3)", "fitness": 0.0}
{"generation": 10, "position": 24, "parents": [11], "genome": "d(2) r(13,14) a(4,17) d(13) r(14,4) r(10,8) d(9) d(3) a(1,17) a(5,6) a(8,6) d(8)", "fitness": 0.0}
{"generation": 10, "position": 25, "parents": [49], "genome": "d(2) r(13,14) a(4,17) a(10,2) d(9) r(5,9) r(2,3) a(13,5) a(9,14) d(13) a(5,12) r(3,10) r(4,9) a(1,6) d(1)", "fitness": 0.0}
{"generation": 10, "position": 26, "parents": [51], "genome": "d(2) r(13,14) a(4,17) a(10,2) d(9) a(4,16) d(6) a(5,8) a(4,6) a(1,13) r(1,13)", "fitness": 0.0}
{"generation": 10, "position": 27, "parents": [8], "genome": "d(2) r(13,14) a(4,17) a(10,2) d(9) d(3) a(1,17) a(5,6) a(5,11) r(5,2)", "fitness": 0.0}
{"generation": 10, "position": 28, "parents": [35, 52], "genome": "r(4,12) d(2) d(5) d(1) r(3,15)", "fitness": 0.0}
{"generation": 10, "position": 29, "parents": [35, 52], "genome": "r(4,12) d(2) d(5) a(1,1) a(3,13) r(3,14) a(1,6) r(3,10) a(1,1) a(1,13) a(3,6) r(3,10) d(1)", "fitness": 0.0}
{"generation": 10, "position": 30, "parents": [35], "genome": "r(4,12) d(2) d(5) a(1,1) a(1,13) a(3,6) r(3,10) r(1,13)", "fitness": 0.0}
{"generation": 10, "position": 31, "parents": [52], "genome": "r(4,12) d(2) d(5) a(1,1) a(3,13) r(3,14) a(1,6) r(3,10) d(1)", "fitness": 0.0}
{"generation": 10, "position": 32, "parents": [28], "genome": "d(13) r(5,13) r(2,10) a(8,17) a(13,15) d(13) a(10,16) a(15,10) r(4,8) r(3,14) r(1,6)", "fitness": 0.0}
{"generation": 10, "position": 33, "parents": [56], "genome": "d(2) r(5,9) r(2,3) a(13,5) a(9,14) d(13) a(5,12) r(3,10) a(1,6) d(9) r(4,14)", "fitness": 0.0}
{"generation": 10, "position": 34, "parents": [8, 44], "genome": "d(2) r(13,14) a(4,17) a(10,2) d(9) d(3) a(1,17) r(5,6) d(3) a(2,12) r(1,6)", "fitness": 0.0}
{"generation": 10, "position": 35, "parents": [8, 44], "genome": "a(2,16) a(13,5) a(13,15) d(13) r(9,13) a(5,6) a(5,11) r(1,13)", "fitness": 0.0}
{"generation": 10, "position": 36, "parents": [8], "genome": "d(2) r(13,14) a(4,17) a(10,2) d(9) d(3) a(1,17) a(5,6) a(5,11) r(1,13)", "fitness": 0.0}
{"generation": 10, "position": 37, "parents": [44], "genome": "a(2,16) a(13,5) a(13,15) d(13) r(9,13) r(5,6) d(3) a(2,12) a(2,17)", "fitness": 0.0}
{"generation": 10, "position": 38, "parents": [27], "genome": "d(2) r(13,14) a(13,15) d(13) r(8,15) d(13) r(14,4) r(10,8) d(9) d(3) r(4,15) r(1,6)", "fitness": 0.0}
{"generation": 10, "position": 39, "parents": [12], "genome": "a(2,16) a(13,5) a(13,15) d(13) r(5,14) a(3,9) a(3,16) a(1,17) a(14,17) d(15)", "fitness": 0.0}
{"generation": 10, "position": 40, "parents": [56, 58], "genome": "d(2) r(5,9) r(2,3) a(13,5) a(9,14) d(13) a(5,12) r(13,14) a(4,17) d(13) r(14,4) r(10,8) d(9) d(3) a(1,17) d(1) a(4,8) a(4,3)", "fitness": 0.0}
{"generation": 10, "position": 41, "parents": [56, 58], "genome": "d(2) r(3,10) a(1,6) d(9) a(1,17)", "fitness": 0.0}
{"generation": 10, "position": 42, "parents": [56], "genome": "d(2) r(5,9) r(2,3) a(13,5) a(9,14) d(13) a(5,12) r(3,10) a(1,6) d(9) r(8,13)", "fitness": 0.0}
{"generation": 10, "position": 43, "parents": [58], "genome": "d(2) r(13,14) a(4,17) d(13) r(14,4) r(10,8) d(9) d(3) a(1,17) d(1) a(4,8) a(4,16)", "fitness": 0.0}
{"generation": 10, "position": 44, "parents": [17], "genome": "d(2) r(13,14) a(13,15) d(13) r(8,15) d(13) r(14,4) r(10,8) d(9) d(3) r(4,15) r(1,6)", "fitness": 0.0}
{"generation": 10, "position": 45, "parents": [7], "genome": "d(2) a(13,11) d(14) r(10,8) d(9) d(5) d(8) r(3,17) r(1,6) a(4,8)", "fitness": 0.0}
{"generation": 10, "position": 46, "parents": [59, 39], "genome": "d(2) r(13,14) a(4,17) a(10,2) a(10,2) d(9) r(5,9) r(2,3) a(13,5) a(9,14) d(13) a(5,12) r(3,10) a(1,6) a(3,16) r(10,4) a(15,11) r(1,13)", "fitness": 0.0}
{"generation": 10, "position": 47, "parents": [59, 39], "genome": "a(2,15) r(8,15) d(13) r(14,4) a(13,10) a(13,12) r(5,14) a(3,9) d(1) d(10)", "fitness": 0.0}
{"generation": 10, "position": 48, "parents": [59], "genome": "d(2) r(13,14) a(4,17) a(10,2) a(10,2) d(9) r(5,9) r(2,3) a(13,5) a(9,14) d(13) a(5,12) r(3,10) a(1,6) d(1) a(8,17)", "fitness": 0.0}
{"generation": 10, "position": 49, "parents": [39], "genome": "a(2,15) r(8,15) d(13) r(14,4) a(13,10) a(13,12) r(5,14) a(3,9) a(3,16) r(10,4) a(15,11) r(1,6)", "fitness": 0.0}
{"generation": 10, "position": 50, "parents": [3], "genome": "a(2,15) r(8,15) r(5,13) r(2,10) a(8,17) r(11,2) a(14,10) d(4) d(3) d(1)", "fitness": 0.0}
{"generation": 10, "position": 51, "parents": [54], "genome": "r(4,12) d(2) d(5) a(1,1) a(3,13) r(3,14) a(1,6) d(1)", "fitness": 0.0}
{"generation": 10, "position": 52, "parents": [52], "genome": "r(4,12) d(2) d(5) a(1,1) a(3,13) r(3,14) a(1,6) r(3,10) d(1)", "fitness": 0.0}