[meta]
{"program": "genprog-3.0", "problem": {"ideal_fitness": "54", "type": "repair", "name": "zune", "enclosure": {"1": 0, "2": 0, "3": 0, "4": 0, "5": 4, "6": 5, "8": 4, "9": 4, "10": 9, "11": 10, "12": 10, "13": 10, "14": 9, "15": 9, "16": 0, "17": 0}}, "version": "0.0.2", "seed": 49, "algorithm": {"representation": "patch", "type": "genetic", "name": "ALGORITHM-NAME"}}

[data]
{"generation": 0, "position": 0, "parents": [], "genome": "d(14)", "fitness": 5.0}
{"generation": 0, "position": 1, "parents": [], "genome": "d(14)", "fitness": 5.0}
{"generation": 0, "position": 2, "parents": [], "genome": "d(14)", "fitness": 5.0}
{"generation": 0, "position": 3, "parents": [], "genome": "a(13,17)", "fitness": 18.0}
{"generation": 0, "position": 4, "parents": [], "genome": "d(13)", "fitness": 18.0}
{"generation": 0, "position": 5, "parents": [], "genome": "a(13,5)", "fitness": 18.0}
{"generation": 0, "position": 6, "parents": [], "genome": "a(13,14)", "fitness": 54.0}
{"generation": 0, "position": 7, "parents": [], "genome": "a(4,8)", "fitness": 18.0}
{"generation": 0, "position": 8, "parents": [], "genome": "d(13)", "fitness": 18.0}
{"generation": 0, "position": 9, "parents": [], "genome": "a(5,9)", "fitness": 8.0}
{"generation": 0, "position": 10, "parents": [], "genome": "a(15,8)", "fitness": 18.0}
{"generation": 0, "position": 11, "parents": [], "genome": "r(13,4)", "fitness": 18.0}
{"generation": 0, "position": 12, "parents": [], "genome": "r(6,15)", "fitness": 4.0}
{"generation": 0, "position": 13, "parents": [], "genome": "r(13,3)", "fitness": 18.0}
{"generation": 0, "position": 14, "parents": [], "genome": "r(12,6)", "fitness": 4.0}
{"generation": 0, "position": 15, "parents": [], "genome": "d(2)", "fitness": 0.0}
{"generation": 0, "position": 16, "parents": [], "genome": "r(9,15)", "fitness": 4.0}
{"generation": 0, "position": 17, "parents": [], "genome": "r(2,4)", "fitness": 0.0}
{"generation": 0, "position": 18, "parents": [], "genome": "d(4)", "fitness": 13.0}
{"generation": 0, "position": 19, "parents": [], "genome": "d(13)", "fitness": 18.0}
{"generation": 0, "position": 20, "parents": [], "genome": "a(3,6)", "fitness": 18.0}
{"generation": 0, "position": 21, "parents": [], "genome": "r(8,11)", "fitness": 5.0}
{"generation": 0, "position": 22, "parents": [], "genome": "d(14)", "fitness": 5.0}
{"generation": 0, "position": 23, "parents": [], "genome": "a(15,13)", "fitness": 18.0}
{"generation": 0, "position": 24, "parents": [], "genome": "a(4,2)", "fitness": 4.0}
{"generation": 0, "position": 25, "parents": [], "genome": "a(14,12)", "fitness": 5.0}
{"generation": 0, "position": 26, "parents": [], "genome": "r(13,16)", "fitness": 18.0}
{"generation": 0, "position": 27, "parents": [], "genome": "a(13,14)", "fitness": 54.0}
{"generation": 0, "position": 28, "parents": [], "genome": "a(14,15)", "fitness": 5.0}
{"generation": 0, "position": 29, "parents": [], "genome": "d(4)", "fitness": 13.0}
{"generation": 0, "position": 30, "parents": [], "genome": "a(13,12)", "fitness": 18.0}
{"generation": 0, "position": 31, "parents": [], "genome": "r(13,8)", "fitness": 18.0}
{"generation": 0, "position": 32, "parents": [], "genome": "a(4,6)", "fitness": 18.0}
{"generation": 0, "position": 33, "parents": [], "genome": "d(5)", "fitness": 0.0}
{"generation": 0, "position": 34, "parents": [], "genome": "a(5,15)", "fitness": 4.0}
{"generation": 0, "position": 35, "parents": [], "genome": "a(13,9)", "fitness": 18.0}
{"generation": 0, "position": 36, "parents": [], "genome": "a(13,17)", "fitness": 18.0}
{"generation": 0, "position": 37, "parents": [], "genome": "a(13,16)", "fitness": 18.0}
{"generation": 0, "position": 38, "parents": [], "genome": "r(13,4)", "fitness": 18.0}
{"generation": 0, "position": 39, "parents": [], "genome": "original", "fitness": 18.0}
{"generation": 1, "position": 0, "parents": [17], "genome": "r(2,4) a(11,17)", "fitness": 0.0}
{"generation": 1, "position": 1, "parents": [12], "genome": "r(6,15) d(13)", "fitness": 4.0}
{"generation": 1, "position": 2, "parents": [34, 34], "genome": "a(5,15) a(15,13)", "fitness": 4.0}
{"generation": 1, "position": 3, "parents": [34, 34], "genome": "a(5,15) d(13)", "fitness": 4.0}
{"generation": 1, "position": 4, "parents": [34], "genome": "a(5,15) d(6)", "fitness": 4.0}
{"generation": 1, "position": 5, "parents": [34], "genome": "a(5,15) a(15,16)", "fitness": 4.0}
{"generation": 1, "position": 6, "parents": [2, 1], "genome": "d(14) r(5,16)", "fitness": 0.0}
{"generation": 1, "position": 7, "parents": [2, 1], "genome": "d(14) d(13)", "fitness": 5.0}
{"generation": 1, "position": 8, "parents": [2], "genome": "d(14) a(12,6)", "fitness": 5.0}
{"generation": 1, "position": 9, "parents": [1], "genome": "d(14) a(2,16)", "fitness": 0.0}
{"generation": 1, "position": 10, "parents": [21, 25], "genome": "r(8,11) r(13,9)", "fitness": 5.0}
{"generation": 1, "position": 11, "parents": [21, 25], "genome": "a(14,12) a(12,5)", "fitness": 5.0}
{"generation": 1, "position": 12, "parents": [21], "genome": "r(8,11) r(13,4)", "fitness": 5.0}
{"generation": 1, "position": 13, "parents": [25], "genome": "a(14,12) a(13,15)", "fitness": 5.0}
{"generation": 1, "position": 14, "parents": [19], "genome": "d(13) a(11,12)", "fitness": 4.0}
{"generation": 1, "position": 15, "parents": [3], "genome": "a(13,17) a(13,2)", "fitness": 18.0}
{"generation": 1, "position": 16, "parents": [24], "genome": "a(4,2) d(5)", "fitness": 0.0}
{"generation": 1, "position": 17, "parents": [24], "genome": "a(4,2) r(13,2)", "fitness": 4.0}
{"generation": 1, "position": 18, "parents": [23, 18], "genome": "a(15,13) d(12)", "fitness": 4.0}
{"generation": 1, "position": 19, "parents": [23, 18], "genome": "d(4) d(2)", "fitness": 0.0}
{"generation": 1, "position": 20, "parents": [23], "genome": "a(15,13) r(13,6)", "fitness": 18.0}
{"generation": 1, "position": 21, "parents": [18], "genome": "d(4) d(3)", "fitness": 13.0}
{"generation": 1, "position": 22, "parents": [14], "genome": "r(12,6) a(13,10)", "fitness": 4.0}
{"generation": 1, "position": 23, "parents": [33], "genome": "d(5) d(13)", "fitness": 0.0}
{"generation": 1, "position": 24, "parents": [17], "genome": "r(2,4) a(1,1)", "fitness": 0.0}
{"generation": 1, "position": 25, "parents": [18], "genome": "d(4) a(2,6)", "fitness": 13.0}
{"generation": 1, "position": 26, "parents": [25], "genome": "a(14,12) a(8,16)", "fitness": 4.0}
{"generation": 1, "position": 27, "parents": [24], "genome": "a(4,2) d(13)", "fitness": 4.0}
{"generation": 1, "position": 28, "parents": [12, 14], "genome": "r(6,15) d(12)", "fitness": 4.0}
{"generation": 1, "position": 29, "parents": [12, 14], "genome": "r(12,6) r(6,3)", "fitness": 4.0}
{"generation": 1, "position": 30, "parents": [12], "genome": "r(6,15) d(1)", "fitness": 4.0}
{"generation": 1, "position": 31, "parents": [14], "genome": "r(12,6) r(11,15)", "fitness": 4.0}
{"generation": 1, "position": 32, "parents": [15], "genome": "d(2) d(13)", "fitness": 0.0}
{"generation": 1, "position": 33, "parents": [16], "genome": "r(9,15) d(6)", "fitness": 4.0}
{"generation": 1, "position": 34, "parents": [10], "genome": "a(15,8) d(11)", "fitness": 4.0}
{"generation": 1, "position": 35, "parents": [24], "genome": "a(4,2) a(13,14)", "fitness": 13.0}
{"generation": 1, "position": 36, "parents": [13, 17], "genome": "r(13,3) a(2,12)", "fitness": 0.0}
{"generation": 1, "position": 37, "parents": [13, 17], "genome": "r(2,4) a(8,6)", "fitness": 0.0}
{"generation": 1, "position": 38, "parents": [13], "genome": "r(13,3) a(6,16)", "fitness": 4.0}
{"generation": 1, "position": 39, "parents": [17], "genome": "r(2,4) a(13,3)", "fitness": 0.0}
{"generation": 1, "position": 40, "parents": [11, 38], "genome": "r(13,4) r(12,6)", "fitness": 4.0}
{"generation": 1, "position": 41, "parents": [11, 38], "genome": "r(13,4) r(1,6)", "fitness": 42.0}
{"generation": 1, "position": 42, "parents": [11], "genome": "r(13,4) a(4,11)", "fitness": 18.0}
{"generation": 1, "position": 43, "parents": [38], "genome": "r(13,4) a(5,3)", "fitness": 5.0}
{"generation": 1, "position": 44, "parents": [13], "genome": "r(13,3) r(14,10)", "fitness": 5.0}
{"generation": 1, "position": 45, "parents": [24], "genome": "a(4,2) r(13,12)", "fitness": 13.0}
{"generation": 1, "position": 46, "parents": [14], "genome": "r(12,6) d(13)", "fitness": 4.0}
{"generation": 1, "position": 47, "parents": [36], "genome": "a(13,17) d(11)", "fitness": 4.0}
{"generation": 1, "position": 48, "parents": [29], "genome": "d(4) a(1,1)", "fitness": 13.0}
{"generation": 1, "position": 49, "parents": [2], "genome": "d(14) a(10,13)", "fitness": 5.0}
{"generation": 1, "position": 50, "parents": [11], "genome": "r(13,4) a(9,5)", "fitness": 18.0}
{"generation": 1, "position": 51, "parents": [5], "genome": "a(13,5) d(13)", "fitness": 18.0}
{"generation": 1, "position": 52, "parents": [24, 33], "genome": "a(4,2) a(13,17)", "fitness": 4.0}
{"generation": 1, "position": 53, "parents": [24, 33], "genome": "d(5) r(12,6)", "fitness": 0.0}
{"generation": 1, "position": 54, "parents": [24], "genome": "a(4,2) r(14,11)", "fitness": 4.0}
{"generation": 2, "position": 0, "parents": [31, 54], "genome": "r(12,6) a(8,17)", "fitness": 4.0}
{"generation": 2, "position": 1, "parents": [31, 54], "genome": "a(4,2) r(14,11) r(11,15) d(2)", "fitness": 13.0}
{"generation": 2, "position": 2, "parents": [31], "genome": "r(12,6) r(11,15) r(9,10)", "fitness": 42.0}
{"generation": 2, "position": 3, "parents": [54], "genome": "a(4,2) r(14,11) r(3,12)", "fitness": 13.0}
{"generation": 2, "position": 4, "parents": [35, 1], "genome": "a(4,2) a(13,14) r(6,9)", "fitness": 13.0}
{"generation": 2, "position": 5, "parents": [35, 1], "genome": "r(6,15) d(13) a(9,3)", "fitness": 4.0}
{"generation": 2, "position": 6, "parents": [35], "genome": "a(4,2) a(13,14) a(9,13)", "fitness": 13.0}
{"generation": 2, "position": 7, "parents": [1], "genome": "r(6,15) d(13) d(15)", "fitness": 6.0}
{"generation": 2, "position": 8, "parents": [37, 40], "genome": "r(2,4) a(8,6) r(12,6) d(8)", "fitness": 0.0}
{"generation": 2, "position": 9, "parents": [37, 40], "genome": "r(13,4) d(1)", "fitness": 42.0}
{"generation": 2, "position": 10, "parents": [37], "genome": "r(2,4) a(8,6) a(13,3)", "fitness": 0.0}
{"generation": 2, "position": 11, "parents": [40], "genome": "r(13,4) r(12,6) r(10,5)", "fitness": 4.0}
{"generation": 2, "position": 12, "parents": [23], "genome": "d(5) d(13) r(11,12)", "fitness": 0.0}
{"generation": 2, "position": 13, "parents": [34], "genome": "a(15,8) d(11) d(8)", "fitness": 6.0}
{"generation": 2, "position": 14, "parents": [44], "genome": "r(13,3) r(14,10) a(12,16)", "fitness": 4.0}
{"generation": 2, "position": 15, "parents": [27], "genome": "a(4,2) d(13) r(4,6)", "fitness": 13.0}
{"generation": 2, "position": 16, "parents": [39, 54], "genome": "r(2,4) r(15,11)", "fitness": 0.0}
{"generation": 2, "position": 17, "parents": [39, 54], "genome": "a(4,2) r(14,11) a(13,3) r(13,8)", "fitness": 4.0}
{"generation": 2, "position": 18, "parents": [39], "genome": "r(2,4) a(13,3) r(13,12)", "fitness": 0.0}
{"generation": 2, "position": 19, "parents": [54], "genome": "a(4,2) r(14,11) a(15,13)", "fitness": 4.0}
{"generation": 2, "position": 20, "parents": [31, 19], "genome": "r(12,6) r(11,15) r(13,4)", "fitness": 4.0}
{"generation": 2, "position": 21, "parents": [31, 19], "genome": "d(4) d(2) r(1,17)", "fitness": 0.0}
{"generation": 2, "position": 22, "parents": [31], "genome": "r(12,6) r(11,15) r(13,14)", "fitness": 13.0}
{"generation": 2, "position": 23, "parents": [19], "genome": "d(4) d(2) r(1,6)", "fitness": 0.0}
{"generation": 2, "position": 24, "parents": [6], "genome": "d(14) r(5,16) d(13)", "fitness": 0.0}
{"generation": 2, "position": 25, "parents": [34], "genome": "a(15,8) d(11) a(5,6)", "fitness": 4.0}
{"generation": 2, "position": 26, "parents": [28, 39], "genome": "r(6,15) d(12) d(13)", "fitness": 4.0}
{"generation": 2, "position": 27, "parents": [28, 39], "genome": "r(2,4) a(13,3) a(14,9)", "fitness": 0.0}
{"generation": 2, "position": 28, "parents": [28], "genome": "r(6,15) d(12) d(13)", "fitness": 4.0}
{"generation": 2, "position": 29, "parents": [39], "genome": "r(2,4) a(13,3) d(13)", "fitness": 0.0}
{"generation": 2, "position": 30, "parents": [38], "genome": "r(13,3) a(6,16) r(6,2)", "fitness": 4.0}
{"generation": 2, "position": 31, "parents": [26], "genome": "a(14,12) a(8,16) d(15)", "fitness": 4.0}
{"generation": 2, "position": 32, "parents": [19, 1], "genome": "d(4) d(2) a(3,3)", "fitness": 0.0}
{"generation": 2, "position": 33, "parents": [19, 1], "genome": "r(6,15) d(13) a(8,16)", "fitness": 4.0}
{"generation": 2, "position": 34, "parents": [19], "genome": "d(4) d(2) d(1)", "fitness": 0.0}
{"generation": 2, "position": 35, "parents": [1], "genome": "r(6,15) d(13) a(3,6)", "fitness": 4.0}
{"generation": 2, "position": 36, "parents": [1], "genome": "r(6,15) d(13) a(5,13)", "fitness": 4.0}
{"generation": 2, "position": 37, "parents": [55], "genome": "d(5) r(10,17) d(1)", "fitness": 0.0}
{"generation": 2, "position": 38, "parents": [17, 29], "genome": "a(4,2) r(11,8)", "fitness": 4.0}
{"generation": 2, "position": 39, "parents": [17, 29], "genome": "r(12,6) r(6,3) r(13,2) r(4,15)", "fitness": 1.0}
{"generation": 2, "position": 40, "parents": [17], "genome": "a(4,2) r(13,2) r(8,17)", "fitness": 4.0}
{"generation": 2, "position": 41, "parents": [29], "genome": "r(12,6) r(6,3) a(8,4)", "fitness": 11.0}
{"generation": 2, "position": 42, "parents": [40, 9], "genome": "r(13,4) r(12,6) d(10)", "fitness": 4.0}
{"generation": 2, "position": 43, "parents": [40, 9], "genome": "d(14) a(2,16) r(11,15)", "fitness": 0.0}
{"generation": 2, "position": 44, "parents": [40], "genome": "r(13,4) r(12,6) d(5)", "fitness": 0.0}
{"generation": 2, "position": 45, "parents": [9], "genome": "d(14) a(2,16) d(13)", "fitness": 0.0}
{"generation": 2, "position": 46, "parents": [36], "genome": "r(13,3) a(2,12) r(10,5)", "fitness": 0.0}
{"generation": 2, "position": 47, "parents": [39], "genome": "r(2,4) a(13,3) d(3)", "fitness": 0.0}
{"generation": 2, "position": 48, "parents": [40, 44], "genome": "r(13,4) r(12,6) r(14,10) a(9,2)", "fitness": 4.0}
{"generation": 2, "position": 49, "parents": [40, 44], "genome": "r(13,3) a(6,5)", "fitness": 18.0}
{"generation": 2, "position": 50, "parents": [40], "genome": "r(13,4) r(12,6) a(4,12)", "fitness": 1.0}
{"generation": 2, "position": 51, "parents": [44], "genome": "r(13,3) r(14,10) r(3,11)", "fitness": 13.0}
{"generation": 2, "position": 52, "parents": [45], "genome": "a(4,2) r(13,12) r(8,15)", "fitness": 13.0}
{"generation": 2, "position": 53, "parents": [38], "genome": "r(13,3) a(6,16) a(8,3)", "fitness": 4.0}
{"generation": 2, "position": 54, "parents": [0], "genome": "r(2,4) a(11,17) d(6)", "fitness": 0.0}
{"generation": 2, "position": 55, "parents": [30], "genome": "r(6,15) d(1) r(13,3)", "fitness": 4.0}
{"generation": 2, "position": 56, "parents": [19, 50], "genome": "d(4) a(9,5) d(2)", "fitness": 0.0}
{"generation": 2, "position": 57, "parents": [19, 50], "genome": "r(13,4) d(2) r(11,14)", "fitness": 0.0}
{"generation": 2, "position": 58, "parents": [19], "genome": "d(4) d(2) r(3,2)", "fitness": 13.0}
{"generation": 2, "position": 59, "parents": [50], "genome": "r(13,4) a(9,5) d(2)", "fitness": 0.0}
{"generation": 2, "position": 60, "parents": [17, 38], "genome": "a(4,2) r(13,2) a(14,15)", "fitness": 4.0}
{"generation": 2, "position": 61, "parents": [17, 38], "genome": "r(13,3) a(6,16) a(11,2)", "fitness": 4.0}
{"generation": 2, "position": 62, "parents": [17], "genome": "a(4,2) r(13,2) d(8)", "fitness": 13.0}
{"generation": 3, "position": 0, "parents": [21, 57], "genome": "d(4) d(2) r(11,14) a(1,13)", "fitness": 0.0}
{"generation": 3, "position": 1, "parents": [21, 57], "genome": "r(13,4) d(2) r(1,17) d(8)", "fitness": 0.0}
{"generation": 3, "position": 2, "parents": [21], "genome": "d(4) d(2) r(1,17) r(3,12)", "fitness": 0.0}
{"generation": 3, "position": 3, "parents": [57], "genome": "r(13,4) d(2) r(11,14) a(9,6)", "fitness": 0.0}
{"generation": 3, "position": 4, "parents": [43, 47], "genome": "d(14) d(13)", "fitness": 5.0}
{"generation": 3, "position": 5, "parents": [43, 47], "genome": "r(2,4) a(13,3) d(3) a(2,16) r(11,15) r(13,6)", "fitness": 0.0}
{"generation": 3, "position": 6, "parents": [43], "genome": "d(14) a(2,16) r(11,15) d(6)", "fitness": 0.0}
{"generation": 3, "position": 7, "parents": [47], "genome": "r(2,4) a(13,3) d(3) r(13,10)", "fitness": 0.0}
{"generation": 3, "position": 8, "parents": [35], "genome": "r(6,15) d(13) a(3,6) d(11)", "fitness": 4.0}
{"generation": 3, "position": 9, "parents": [24], "genome": "d(14) r(5,16) d(13) a(9,6)", "fitness": 0.0}
{"generation": 3, "position": 10, "parents": [55], "genome": "r(6,15) d(1) r(13,3) r(3,14)", "fitness": 13.0}
{"generation": 3, "position": 11, "parents": [27], "genome": "r(2,4) a(13,3) a(14,9) d(8)", "fitness": 0.0}
{"generation": 3, "position": 12, "parents": [53, 21], "genome": "r(13,3) a(5,9)", "fitness": 8.0}
{"generation": 3, "position": 13, "parents": [53, 21], "genome": "d(4) d(2) r(1,17) a(6,16) a(8,3) r(3,13)", "fitness": 0.0}
{"generation": 3, "position": 14, "parents": [53], "genome": "r(13,3) a(6,16) a(8,3) r(2,13)", "fitness": 0.0}
{"generation": 3, "position": 15, "parents": [21], "genome": "d(4) d(2) r(1,17) r(3,10)", "fitness": 0.0}
{"generation": 3, "position": 16, "parents": [16], "genome": "r(2,4) r(15,11) a(10,15)", "fitness": 0.0}
{"generation": 3, "position": 17, "parents": [24], "genome": "d(14) r(5,16) d(13) r(1,13)", "fitness": 0.0}
{"generation": 3, "position": 18, "parents": [16, 59], "genome": "r(2,4) r(15,11) a(9,5) d(2) r(13,8)", "fitness": 0.0}
{"generation": 3, "position": 19, "parents": [16, 59], "genome": "r(13,4) a(1,13)", "fitness": 18.0}
{"generation": 3, "position": 20, "parents": [16], "genome": "r(2,4) r(15,11) r(8,14)", "fitness": 0.0}
{"generation": 3, "position": 21, "parents": [59], "genome": "r(13,4) a(9,5) d(2) r(4,13)", "fitness": 0.0}
{"generation": 3, "position": 22, "parents": [26], "genome": "r(6,15) d(12) d(13) r(5,9)", "fitness": 0.0}
{"generation": 3, "position": 23, "parents": [24], "genome": "d(14) r(5,16) d(13) a(2,17)", "fitness": 0.0}
{"generation": 3, "position": 24, "parents": [32], "genome": "d(4) d(2) a(3,3) d(3)", "fitness": 0.0}
{"generation": 3, "position": 25, "parents": [7], "genome": "r(6,15) d(13) d(15) r(8,2)", "fitness": 13.0}
{"generation": 3, "position": 26, "parents": [18], "genome": "r(2,4) a(13,3) r(13,12) d(8)", "fitness": 0.0}
{"generation": 3, "position": 27, "parents": [41], "genome": "r(12,6) r(6,3) a(8,4) d(13)", "fitness": 11.0}
{"generation": 3, "position": 28, "parents": [42], "genome": "r(13,4) r(12,6) d(10) r(1,6)", "fitness": 4.0}
{"generation": 3, "position": 29, "parents": [30], "genome": "r(13,3) a(6,16) r(6,2) a(14,4)", "fitness": 4.0}
{"generation": 3, "position": 30, "parents": [28], "genome": "r(6,15) d(12) d(13) r(8,14)", "fitness": 8.0}
{"generation": 3, "position": 31, "parents": [44], "genome": "r(13,4) r(12,6) d(5) r(10,11)", "fitness": 0.0}
{"generation": 3, "position": 32, "parents": [57], "genome": "r(13,4) d(2) r(11,14) a(12,11)", "fitness": 0.0}
{"generation": 3, "position": 33, "parents": [34], "genome": "d(4) d(2) d(1) d(3)", "fitness": 0.0}
{"generation": 3, "position": 34, "parents": [11], "genome": "r(13,4) r(12,6) r(10,5) d(1)", "fitness": 4.0}
{"generation": 3, "position": 35, "parents": [44], "genome": "r(13,4) r(12,6) d(5) a(3,4)", "fitness": 0.0}
{"generation": 3, "position": 36, "parents": [40, 58], "genome": "a(4,2) r(4,12)", "fitness": 13.0}
{"generation": 3, "position": 37, "parents": [40, 58], "genome": "d(4) d(2) r(3,2) r(13,2) r(8,17) a(1,6)", "fitness": 13.0}
{"generation": 3, "position": 38, "parents": [40], "genome": "a(4,2) r(13,2) r(8,17) r(3,17)", "fitness": 0.0}
{"generation": 3, "position": 39, "parents": [58], "genome": "d(4) d(2) r(3,2) r(1,6)", "fitness": 13.0}
{"generation": 3, "position": 40, "parents": [11], "genome": "r(13,4) r(12,6) r(10,5) d(2)", "fitness": 0.0}
{"generation": 3, "position": 41, "parents": [43], "genome": "d(14) a(2,16) r(11,15) d(13)", "fitness": 0.0}
{"generation": 3, "position": 42, "parents": [50, 41], "genome": "r(13,4) r(12,6) a(4,12) r(6,3) a(8,4) d(5)", "fitness": 0.0}
{"generation": 3, "position": 43, "parents": [50, 41], "genome": "r(12,6) d(13)", "fitness": 4.0}
{"generation": 3, "position": 44, "parents": [50], "genome": "r(13,4) r(12,6) a(4,12) r(10,5)", "fitness": 0.0}
{"generation": 3, "position": 45, "parents": [41], "genome": "r(12,6) r(6,3) a(8,4) r(3,11)", "fitness": 13.0}
{"generation": 3, "position": 46, "parents": [32, 43], "genome": "d(4) a(1,13)", "fitness": 13.0}
{"generation": 3, "position": 47, "parents": [32, 43], "genome": "d(14) a(2,16) r(11,15) d(2) a(3,3) r(6,2)", "fitness": 0.0}
{"generation": 3, "position": 48, "parents": [32], "genome": "d(4) d(2) a(3,3) r(1,6)", "fitness": 0.0}
{"generation": 3, "position": 49, "parents": [43], "genome": "d(14) a(2,16) r(11,15) d(13)", "fitness": 0.0}
{"generation": 3, "position": 50, "parents": [8], "genome": "r(2,4) a(8,6) r(12,6) d(8) d(13)", "fitness": 0.0}
{"generation": 3, "position": 51, "parents": [42], "genome": "r(13,4) r(12,6) d(10) r(6,3)", "fitness": 4.0}
{"generation": 3, "position": 52, "parents": [40], "genome": "a(4,2) r(13,2) r(8,17) r(10,16)", "fitness": 4.0}
{"generation": 4, "position": 0, "parents": [44, 24], "genome": "r(13,4) r(12,6) a(4,12) a(3,3) d(3) d(10)", "fitness": 0.0}
{"generation": 4, "position": 1, "parents": [44, 24], "genome": "d(4) d(2) r(10,5) d(3)", "fitness": 0.0}
{"generation": 4, "position": 2, "parents": [44], "genome": "r(13,4) r(12,6) a(4,12) r(10,5) a(14,17)", "fitness": 0.0}
{"generation": 4, "position": 3, "parents": [24], "genome": "d(4) d(2) a(3,3) d(3) r(1,6)", "fitness": 0.0}
{"generation": 4, "position": 4, "parents": [35, 31], "genome": "r(13,4) r(12,6) d(5) r(12,6) d(5) r(10,11) d(8)", "fitness": 0.0}
{"generation": 4, "position": 5, "parents": [35, 31], "genome": "r(13,4) a(3,4) d(15)", "fitness": 18.0}
{"generation": 4, "position": 6, "parents": [35], "genome": "r(13,4) r(12,6) d(5) a(3,4) a(9,11)", "fitness": 0.0}
{"generation": 4, "position": 7, "parents": [31], "genome": "r(13,4) r(12,6) d(5) r(10,11) r(2,15)", "fitness": 0.0}
{"generation": 4, "position": 8, "parents": [7], "genome": "r(2,4) a(13,3) d(3) r(13,10) a(5,3)", "fitness": 0.0}
{"generation": 4, "position": 9, "parents": [33], "genome": "d(4) d(2) d(1) d(3)", "fitness": 0.0}
{"generation": 4, "position": 10, "parents": [0], "genome": "d(4) d(2) r(11,14) a(1,13) r(1,6)", "fitness": 0.0}
{"generation": 4, "position": 11, "parents": [38], "genome": "a(4,2) r(13,2) r(8,17) r(3,17) a(1,13)", "fitness": 0.0}
{"generation": 4, "position": 12, "parents": [50, 43], "genome": "r(2,4) a(8,6) r(12,6) d(8) a(13,16)", "fitness": 0.0}
{"generation": 4, "position": 13, "parents": [50, 43], "genome": "r(12,6) d(13) d(13) d(10)", "fitness": 4.0}
{"generation": 4, "position": 14, "parents": [50], "genome": "r(2,4) a(8,6) r(12,6) d(8) d(13) r(14,16)", "fitness": 0.0}
{"generation": 4, "position": 15, "parents": [43], "genome": "r(12,6) d(13) d(6)", "fitness": 4.0}
{"generation": 4, "position": 16, "parents": [23, 6], "genome": "d(14) r(5,16) a(13,2)", "fitness": 0.0}
{"generation": 4, "position": 17, "parents": [23, 6], "genome": "d(14) a(2,16) r(11,15) d(6) d(13) a(2,17) d(2)", "fitness": 0.0}
{"generation": 4, "position": 18, "parents": [23], "genome": "d(14) r(5,16) d(13) a(2,17) r(11,5)", "fitness": 0.0}
{"generation": 4, "position": 19, "parents": [6], "genome": "d(14) a(2,16) r(11,15) d(6) r(9,10)", "fitness": 0.0}
{"generation": 4, "position": 20, "parents": [17], "genome": "d(14) r(5,16) d(13) r(1,13) d(12)", "fitness": 0.0}
{"generation": 4, "position": 21, "parents": [38], "genome": "a(4,2) r(13,2) r(8,17) r(3,17) r(15,12)", "fitness": 0.0}
{"generation": 4, "position": 22, "parents": [11, 32], "genome": "r(2,4) a(12,11) a(5,9)", "fitness": 0.0}
{"generation": 4, "position": 23, "parents": [11, 32], "genome": "r(13,4) d(2) r(11,14) a(13,3) a(14,9) d(8) r(5,13)", "fitness": 0.0}
{"generation": 4, "position": 24, "parents": [11], "genome": "r(2,4) a(13,3) a(14,9) d(8) a(13,10)", "fitness": 0.0}
{"generation": 4, "position": 25, "parents": [32], "genome": "r(13,4) d(2) r(11,14) a(12,11) r(14,16)", "fitness": 0.0}
{"generation": 4, "position": 26, "parents": [15, 40], "genome": "d(4) d(2) d(2) r(3,8)", "fitness": 0.0}
{"generation": 4, "position": 27, "parents": [15, 40], "genome": "r(13,4) r(12,6) r(10,5) r(1,17) r(3,10) d(2)", "fitness": 0.0}
{"generation": 4, "position": 28, "parents": [15], "genome": "d(4) d(2) r(1,17) r(3,10)", "fitness": 0.0}
{"generation": 4, "position": 29, "parents": [40], "genome": "r(13,4) r(12,6) r(10,5) d(2) r(1,6)", "fitness": 0.0}
{"generation": 4, "position": 30, "parents": [51, 38], "genome": "r(13,4) r(12,6) d(2)", "fitness": 0.0}
{"generation": 4, "position": 31, "parents": [51, 38], "genome": "a(4,2) r(13,2) r(8,17) r(3,17) d(10) r(6,3) a(9,11)", "fitness": 0.0}
{"generation": 4, "position": 32, "parents": [51], "genome": "r(13,4) r(12,6) d(10) r(6,3) a(2,9)", "fitness": 0.0}
{"generation": 4, "position": 33, "parents": [38], "genome": "a(4,2) r(13,2) r(8,17) r(3,17) r(10,12)", "fitness": 0.0}
{"generation": 4, "position": 34, "parents": [17], "genome": "d(14) r(5,16) d(13) r(1,13) a(11,13)", "fitness": 0.0}
{"generation": 4, "position": 35, "parents": [26], "genome": "r(2,4) a(13,3) r(13,12) d(8) r(15,2)", "fitness": 9.0}
{"generation": 4, "position": 36, "parents": [31, 22], "genome": "r(13,4) r(12,6) d(13) r(5,9) d(10)", "fitness": 0.0}
{"generation": 4, "position": 37, "parents": [31, 22], "genome": "r(6,15) d(12) d(5) r(10,11) d(2)", "fitness": 0.0}
{"generation": 4, "position": 38, "parents": [31], "genome": "r(13,4) r(12,6) d(5) r(10,11) d(3)", "fitness": 0.0}
{"generation": 4, "position": 39, "parents": [22], "genome": "r(6,15) d(12) d(13) r(5,9) d(1)", "fitness": 0.0}
{"generation": 4, "position": 40, "parents": [40, 38], "genome": "r(13,4) r(12,6) r(10,5) r(8,17) r(3,17) r(9,4)", "fitness": 0.0}
{"generation": 4, "position": 41, "parents": [40, 38], "genome": "a(4,2) r(13,2) d(2) d(6)", "fitness": 13.0}
{"generation": 4, "position": 42, "parents": [40], "genome": "r(13,4) r(12,6) r(10,5) d(2) d(4)", "fitness": 0.0}
{"generation": 4, "position": 43, "parents": [38], "genome": "a(4,2) r(13,2) r(8,17) r(3,17) a(6,17)", "fitness": 0.0}
{"generation": 4, "position": 44, "parents": [13], "genome": "d(4) d(2) r(1,17) a(6,16) a(8,3) r(3,13)", "fitness": 0.0}
{"generation": 4, "position": 45, "parents": [4], "genome": "d(14) d(13) a(12,16)", "fitness": 4.0}
{"generation": 4, "position": 46, "parents": [50], "genome": "r(2,4) a(8,6) r(12,6) d(8) d(13) d(3)", "fitness": 0.0}
{"generation": 4, "position": 47, "parents": [9], "genome": "d(14) r(5,16) d(13) a(9,6) r(1,13)", "fitness": 0.0}
{"generation": 4, "position": 48, "parents": [15, 50], "genome": "d(4) d(2) r(1,17) a(8,6) r(12,6) d(8) d(13) r(3,16)", "fitness": 0.0}
{"generation": 4, "position": 49, "parents": [15, 50], "genome": "r(2,4) r(3,10) d(13)", "fitness": 0.0}
{"generation": 4, "position": 50, "parents": [15], "genome": "d(4) d(2) r(1,17) r(3,10)", "fitness": 0.0}
{"generation": 4, "position": 51, "parents": [50], "genome": "r(2,4) a(8,6) r(12,6) d(8) d(13) a(6,2)", "fitness": 1.0}
{"generation": 4, "position": 52, "parents": [32], "genome": "r(13,4) d(2) r(11,14) a(12,11) r(12,6)", "fitness": 0.0}
{"generation": 4, "position": 53, "parents": [48], "genome": "d(4) d(2) a(3,3) r(1,6) a(3,12)", "fitness": 0.0}
{"generation": 4, "position": 54, "parents": [21], "genome": "r(13,4) a(9,5) d(2) r(4,13) r(3,9)", "fitness": 0.0}
{"generation": 4, "position": 55, "parents": [15], "genome": "d(4) d(2) r(1,17) r(3,10)", "fitness": 0.0}
{"generation": 4, "position": 56, "parents": [12], "genome": "r(13,3) a(5,9) r(5,16)", "fitness": 0.0}
{"generation": 4, "position": 57, "parents": [6], "genome": "d(14) a(2,16) r(11,15) d(6) d(13)", "fitness": 0.0}
{"generation": 4, "position": 58, "parents": [41], "genome": "d(14) a(2,16) r(11,15) d(13) d(15)", "fitness": 0.0}
{"generation": 5, "position": 0, "parents": [9], "genome": "d(4) d(2) d(1) d(3)", "fitness": 0.0}
{"generation": 5, "position": 1, "parents": [19], "genome": "d(14) a(2,16) r(11,15) d(6) r(9,10) r(4,3)", "fitness": 0.0}
{"generation": 5, "position": 2, "parents": [22], "genome": "r(2,4) a(12,11) a(5,9) a(15,15)", "fitness": 0.0}
{"generation": 5, "position": 3, "parents": [55], "genome": "d(4) d(2) r(1,17) r(3,10)", "fitness": 0.0}
{"generation": 5, "position": 4, "parents": [3, 14], "genome": "d(4) d(2) a(3,3) d(3) r(1,6)", "fitness": 0.0}
{"generation": 5, "position": 5, "parents": [3, 14], "genome": "r(2,4) a(8,6) r(12,6) d(8) d(13) r(14,16) a(5,13)", "fitness": 0.0}
{"generation": 5, "position": 6, "parents": [3], "genome": "d(4) d(2) a(3,3) d(3) r(1,6)", "fitness": 0.0}
{"generation": 5, "position": 7, "parents": [14], "genome": "r(2,4) a(8,6) r(12,6) d(8) d(13) r(14,16) d(5)", "fitness": 0.0}
{"generation": 5, "position": 8, "parents": [44], "genome": "d(4) d(2) r(1,17) a(6,16) a(8,3) r(3,13)", "fitness": 0.0}
{"generation": 5, "position": 9, "parents": [18], "genome": "d(14) r(5,16) d(13) a(2,17) r(11,5) d(12)", "fitness": 0.0}
{"generation": 5, "position": 10, "parents": [23], "genome": "r(13,4) d(2) r(11,14) a(13,3) a(14,9) d(8) r(5,13) d(14)", "fitness": 0.0}
{"generation": 5, "position": 11, "parents": [3], "genome": "d(4) d(2) a(3,3) d(3) r(1,6)", "fitness": 0.0}
{"generation": 5, "position": 12, "parents": [29, 17], "genome": "r(13,4) r(12,6) d(4)", "fitness": 13.0}
{"generation": 5, "position": 13, "parents": [29, 17], "genome": "d(14) a(2,16) r(11,15) d(6) d(13) a(2,17) d(2) r(10,5) d(2) r(1,6) d(9)", "fitness": 0.0}
{"generation": 5, "position": 14, "parents": [29], "genome": "r(13,4) r(12,6) r(10,5) d(2) r(1,6) d(6)", "fitness": 0.0}
{"generation": 5, "position": 15, "parents": [17], "genome": "d(14) a(2,16) r(11,15) d(6) d(13) a(2,17) d(2) a(8,15)", "fitness": 0.0}
{"generation": 5, "position": 16, "parents": [56], "genome": "r(13,3) a(5,9) r(5,16) d(11)", "fitness": 0.0}
{"generation": 5, "position": 17, "parents": [50], "genome": "d(4) d(2) r(1,17) r(3,10)", "fitness": 0.0}
{"generation": 5, "position": 18, "parents": [3], "genome": "d(4) d(2) a(3,3) d(3) r(1,6)", "fitness": 0.0}
{"generation": 5, "position": 19, "parents": [23], "genome": "r(13,4) d(2) r(11,14) a(13,3) a(14,9) d(8) r(5,13) d(4)", "fitness": 0.0}
{"generation": 5, "position": 20, "parents": [4, 31], "genome": "r(13,4) r(12,6) r(6,3) a(9,11) d(3)", "fitness": 13.0}
{"generation": 5, "position": 21, "parents": [4, 31], "genome": "a(4,2) r(13,2) r(8,17) r(3,17) d(10) d(5) r(12,6) d(5) r(10,11) d(8) d(9)", "fitness": 0.0}
{"generation": 5, "position": 22, "parents": [4], "genome": "r(13,4) r(12,6) d(5) r(12,6) d(5) r(10,11) d(8) a(2,10)", "fitness": 0.0}
{"generation": 5, "position": 23, "parents": [31], "genome": "a(4,2) r(13,2) r(8,17) r(3,17) d(10) r(6,3) a(9,11) r(9,5)", "fitness": 0.0}
{"generation": 5, "position": 24, "parents": [34], "genome": "d(14) r(5,16) d(13) r(1,13) a(11,13) a(11,3)", "fitness": 0.0}
{"generation": 5, "position": 25, "parents": [49], "genome": "r(2,4) r(3,10) d(13) a(1,1)", "fitness": 0.0}
{"generation": 5, "position": 26, "parents": [53, 31], "genome": "d(4) d(2) a(3,3) r(1,6) r(8,17) r(3,17) d(10) r(6,3) a(9,11)", "fitness": 0.0}
{"generation": 5, "position": 27, "parents": [53, 31], "genome": "a(4,2) r(13,2) a(3,12) a(12,6)", "fitness": 13.0}
{"generation": 5, "position": 28, "parents": [53], "genome": "d(4) d(2) a(3,3) r(1,6) a(3,12) a(3,14)", "fitness": 0.0}
{"generation": 5, "position": 29, "parents": [31], "genome": "a(4,2) r(13,2) r(8,17) r(3,17) d(10) r(6,3) a(9,11) a(5,10)", "fitness": 0.0}
{"generation": 5, "position": 30, "parents": [46], "genome": "r(2,4) a(8,6) r(12,6) d(8) d(13) d(3) d(1)", "fitness": 0.0}
{"generation": 5, "position": 31, "parents": [47], "genome": "d(14) r(5,16) d(13) a(9,6) r(1,13) r(8,9)", "fitness": 0.0}
{"generation": 5, "position": 32, "parents": [46], "genome": "r(2,4) a(8,6) r(12,6) d(8) d(13) d(3) r(5,3)", "fitness": 0.0}
{"generation": 5, "position": 33, "parents": [40], "genome": "r(13,4) r(12,6) r(10,5) r(8,17) r(3,17) r(9,4) r(5,14)", "fitness": 0.0}
{"generation": 5, "position": 34, "parents": [20, 42], "genome": "d(14) r(5,16) d(13) r(1,13) r(12,6) r(10,5) d(2) d(4) d(3)", "fitness": 0.0}
{"generation": 5, "position": 35, "parents": [20, 42], "genome": "r(13,4) d(12) r(8,12)", "fitness": 4.0}
{"generation": 5, "position": 36, "parents": [20], "genome": "d(14) r(5,16) d(13) r(1,13) d(12) r(3,13)", "fitness": 0.0}
{"generation": 5, "position": 37, "parents": [42], "genome": "r(13,4) r(12,6) r(10,5) d(2) d(4) r(1,6)", "fitness": 0.0}
{"generation": 5, "position": 38, "parents": [21], "genome": "a(4,2) r(13,2) r(8,17) r(3,17) r(15,12) a(5,6)", "fitness": 0.0}
{"generation": 5, "position": 39, "parents": [9], "genome": "d(4) d(2) d(1) d(3)", "fitness": 0.0}
{"generation": 5, "position": 40, "parents": [21, 20], "genome": "a(4,2) d(12) r(13,14)", "fitness": 13.0}
{"generation": 5, "position": 41, "parents": [21, 20], "genome": "d(14) r(5,16) d(13) r(1,13) r(13,2) r(8,17) r(3,17) r(15,12) a(12,13)", "fitness": 0.0}
{"generation": 5, "position": 42, "parents": [21], "genome": "a(4,2) r(13,2) r(8,17) r(3,17) r(15,12) d(9)", "fitness": 0.0}
{"generation": 5, "position": 43, "parents": [20], "genome": "d(14) r(5,16) d(13) r(1,13) d(12) d(2)", "fitness": 0.0}
{"generation": 5, "position": 44, "parents": [38], "genome": "r(13,4) r(12,6) d(5) r(10,11) d(3) a(4,16)", "fitness": 0.0}
{"generation": 5, "position": 45, "parents": [53], "genome": "d(4) d(2) a(3,3) r(1,6) a(3,12) a(3,16)", "fitness": 0.0}
{"generation": 5, "position": 46, "parents": [19, 11], "genome": "d(14) a(2,16) r(8,17) r(3,17) a(1,13) a(11,2)", "fitness": 13.0}
{"generation": 5, "position": 47, "parents": [19, 11], "genome": "a(4,2) r(13,2) r(11,15) d(6) r(9,10) r(5,10)", "fitness": 0.0}
{"generation": 5, "position": 48, "parents": [19], "genome": "d(14) a(2,16) r(11,15) d(6) r(9,10) d(5)", "fitness": 0.0}
{"generation": 5, "position": 49, "parents": [11], "genome": "a(4,2) r(13,2) r(8,17) r(3,17) a(1,13) r(11,10)", "fitness": 0.0}
{"generation": 5, "position": 50, "parents": [57], "genome": "d(14) a(2,16) r(11,15) d(6) d(13) r(12,11)", "fitness": 0.0}
{"generation": 5, "position": 51, "parents": [28], "genome": "d(4) d(2) r(1,17) r(3,10)", "fitness": 0.0}
{"generation": 5, "position": 52, "parents": [33], "genome": "a(4,2) r(13,2) r(8,17) r(3,17) r(10,12) r(14,11)", "fitness": 0.0}
{"generation": 6, "position": 0, "parents": [32], "genome": "r(2,4) a(8,6) r(12,6) d(8) d(13) d(3) r(5,3) d(14)", "fitness": 0.0}
{"generation": 6, "position": 1, "parents": [13], "genome": "d(14) a(2,16) r(11,15) d(6) d(13) a(2,17) d(2) r(10,5) d(2) r(1,6) d(9) r(5,16)", "fitness": 0.0}
{"generation": 6, "position": 2, "parents": [4, 24], "genome": "d(4) d(13) r(1,13) a(11,13) a(11,3) r(2,12)", "fitness": 0.0}
{"generation": 6, "position": 3, "parents": [4, 24], "genome": "d(14) r(5,16) d(2) a(3,3) d(3) r(1,6) r(4,17)", "fitness": 0.0}
{"generation": 6, "position": 4, "parents": [4], "genome": "d(4) d(2) a(3,3) d(3) r(1,6)", "fitness": 0.0}
{"generation": 6, "position": 5, "parents": [24], "genome": "d(14) r(5,16) d(13) r(1,13) a(11,13) a(11,3) d(8)", "fitness": 0.0}
{"generation": 6, "position": 6, "parents": [30, 9], "genome": "r(2,4) a(8,6) r(12,6) d(12) a(1,6)", "fitness": 0.0}
{"generation": 6, "position": 7, "parents": [30, 9], "genome": "d(14) r(5,16) d(13) a(2,17) r(11,5) d(8) d(13) d(3) d(1) a(2,8)", "fitness": 0.0}
{"generation": 6, "position": 8, "parents": [30], "genome": "r(2,4) a(8,6) r(12,6) d(8) d(13) d(3) d(1) d(10)", "fitness": 0.0}
{"generation": 6, "position": 9, "parents": [9], "genome": "d(14) r(5,16) d(13) a(2,17) r(11,5) d(12) r(3,13)", "fitness": 0.0}
{"generation": 6, "position": 10, "parents": [50], "genome": "d(14) a(2,16) r(11,15) d(6) d(13) r(12,11) a(2,6)", "fitness": 0.0}
{"generation": 6, "position": 11, "parents": [37], "genome": "r(13,4) r(12,6) r(10,5) d(2) d(4) r(1,6) a(3,4)", "fitness": 0.0}
{"generation": 6, "position": 12, "parents": [49], "genome": "a(4,2) r(13,2) r(8,17) r(3,17) a(1,13) r(11,10) a(12,10)", "fitness": 0.0}
{"generation": 6, "position": 13, "parents": [11], "genome": "d(4) d(2) a(3,3) d(3) r(1,6)", "fitness": 0.0}
{"generation": 6, "position": 14, "parents": [48], "genome": "d(14) a(2,16) r(11,15) d(6) r(9,10) d(5) d(4)", "fitness": 0.0}
{"generation": 6, "position": 15, "parents": [28], "genome": "d(4) d(2) a(3,3) r(1,6) a(3,12) a(3,14) a(3,13)", "fitness": 0.0}
{"generation": 6, "position": 16, "parents": [8, 11], "genome": "d(4) d(2) r(1,17) d(3) r(1,6)", "fitness": 0.0}
{"generation": 6, "position": 17, "parents": [8, 11], "genome": "d(4) d(2) a(3,3) a(6,16) a(8,3) r(3,13) d(1)", "fitness": 0.0}
{"generation": 6, "position": 18, "parents": [8], "genome": "d(4) d(2) r(1,17) a(6,16) a(8,3) r(3,13)", "fitness": 0.0}
{"generation": 6, "position": 19, "parents": [11], "genome": "d(4) d(2) a(3,3) d(3) r(1,6)", "fitness": 0.0}
{"generation": 6, "position": 20, "parents": [1, 11], "genome": "d(14) a(2,16) r(11,15) d(6) a(12,6)", "fitness": 0.0}
{"generation": 6, "position": 21, "parents": [1, 11], "genome": "d(4) d(2) a(3,3) d(3) r(1,6) r(9,10) r(4,3)", "fitness": 0.0}
{"generation": 6, "position": 22, "parents": [1], "genome": "d(14) a(2,16) r(11,15) d(6) r(9,10) r(4,3) r(3,16)", "fitness": 0.0}
{"generation": 6, "position": 23, "parents": [11], "genome": "d(4) d(2) a(3,3) d(3) r(1,6)", "fitness": 0.0}
{"generation": 6, "position": 24, "parents": [3, 48], "genome": "d(4) r(9,10) d(5) r(2,12)", "fitness": 0.0}
{"generation": 6, "position": 25, "parents": [3, 48], "genome": "d(14) a(2,16) r(11,15) d(6) d(2) r(1,17) r(3,10) d(13)", "fitness": 0.0}
{"generation": 6, "position": 26, "parents": [3], "genome": "d(4) d(2) r(1,17) r(3,10)", "fitness": 0.0}
{"generation": 6, "position": 27, "parents": [48], "genome": "d(14) a(2,16) r(11,15) d(6) r(9,10) d(5) a(3,12)", "fitness": 0.0}
{"generation": 6, "position": 28, "parents": [45], "genome": "d(4) d(2) a(3,3) r(1,6) a(3,12) a(3,16) r(3,14)", "fitness": 0.0}
{"generation": 6, "position": 29, "parents": [44], "genome": "r(13,4) r(12,6) d(5) r(10,11) d(3) a(4,16) a(9,5)", "fitness": 0.0}
{"generation": 6, "position": 30, "parents": [30], "genome": "r(2,4) a(8,6) r(12,6) d(8) d(13) d(3) d(1) a(5,4)", "fitness": 0.0}
{"generation": 6, "position": 31, "parents": [0], "genome": "d(4) d(2) d(1) d(3)", "fitness": 0.0}
{"generation": 6, "position": 32, "parents": [31], "genome": "d(14) r(5,16) d(13) a(9,6) r(1,13) r(8,9) r(10,17)", "fitness": 0.0}
{"generation": 6, "position": 33, "parents": [39], "genome": "d(4) d(2) d(1) d(3)", "fitness": 0.0}
{"generation": 6, "position": 34, "parents": [32, 51], "genome": "r(2,4) a(8,6) r(12,6) d(8) d(13) d(3) r(1,17) r(3,10) a(6,14)", "fitness": 0.0}
{"generation": 6, "position": 35, "parents": [32, 51], "genome": "d(4) d(2) r(5,3) d(3)", "fitness": 0.0}
{"generation": 6, "position": 36, "parents": [32], "genome": "r(2,4) a(8,6) r(12,6) d(8) d(13) d(3) r(5,3) r(14,5)", "fitness": 0.0}
{"generation": 6, "position": 37, "parents": [51], "genome": "d(4) d(2) r(1,17) r(3,10)", "fitness": 0.0}
{"generation": 6, "position": 38, "parents": [43], "genome": "d(14) r(5,16) d(13) r(1,13) d(12) d(2) d(4)", "fitness": 0.0}
{"generation": 6, "position": 39, "parents": [19], "genome": "r(13,4) d(2) r(11,14) a(13,3) a(14,9) d(8) r(5,13) d(4) d(1)", "fitness": 0.0}
{"generation": 6, "position": 40, "parents": [37], "genome": "r(13,4) r(12,6) r(10,5) d(2) d(4) r(1,6) a(3,10)", "fitness": 0.0}
{"generation": 6, "position": 41, "parents": [11], "genome": "d(4) d(2) a(3,3) d(3) r(1,6)", "fitness": 0.0}
{"generation": 6, "position": 42, "parents": [49, 37], "genome": "a(4,2) r(13,2) r(8,17) r(3,17) a(1,13) r(1,6) d(2)", "fitness": 0.0}
{"generation": 6, "position": 43, "parents": [49, 37], "genome": "r(13,4) r(12,6) r(10,5) d(2) d(4) r(11,10) a(3,3)", "fitness": 0.0}
{"generation": 6, "position": 44, "parents": [49], "genome": "a(4,2) r(13,2) r(8,17) r(3,17) a(1,13) r(11,10) a(14,8)", "fitness": 0.0}
{"generation": 6, "position": 45, "parents": [37], "genome": "r(13,4) r(12,6) r(10,5) d(2) d(4) r(1,6) d(3)", "fitness": 0.0}
{"generation": 6, "position": 46, "parents": [29, 10], "genome": "a(4,2) r(13,2) r(8,17) r(3,17) r(11,14) a(13,3) a(14,9) d(8) r(5,13) d(14) d(9)", "fitness": 0.0}
{"generation": 6, "position": 47, "parents": [29, 10], "genome": "r(13,4) d(2) d(10) r(6,3) a(9,11) a(5,10) r(9,3)", "fitness": 0.0}
{"generation": 6, "position": 48, "parents": [29], "genome": "a(4,2) r(13,2) r(8,17) r(3,17) d(10) r(6,3) a(9,11) a(5,10) a(5,15)", "fitness": 0.0}
{"generation": 6, "position": 49, "parents": [10], "genome": "r(13,4) d(2) r(11,14) a(13,3) a(14,9) d(8) r(5,13) d(14) d(15)", "fitness": 0.0}
{"generation": 6, "position": 50, "parents": [28, 49], "genome": "d(4) d(2) a(1,13) r(11,10) r(1,6)", "fitness": 0.0}
{"generation": 6, "position": 51, "parents": [28, 49], "genome": "a(4,2) r(13,2) r(8,17) r(3,17) a(3,3) r(1,6) a(3,12) a(3,14) a(15,15)", "fitness": 0.0}
{"generation": 6, "position": 52, "parents": [28], "genome": "d(4) d(2) a(3,3) r(1,6) a(3,12) a(3,14) d(3)", "fitness": 0.0}
{"generation": 6, "position": 53, "parents": [49], "genome": "a(4,2) r(13,2) r(8,17) r(3,17) a(1,13) r(11,10) d(14)", "fitness": 0.0}
{"generation": 6, "position": 54, "parents": [43, 39], "genome": "d(14) r(5,16) d(13) d(1) d(3) a(4,15)", "fitness": 0.0}
{"generation": 6, "position": 55, "parents": [43, 39], "genome": "d(4) d(2) r(1,13) d(12) d(2) a(3,10)", "fitness": 0.0}
{"generation": 6, "position": 56, "parents": [43], "genome": "d(14) r(5,16) d(13) r(1,13) d(12) d(2) d(11)", "fitness": 0.0}
{"generation": 6, "position": 57, "parents": [39], "genome": "d(4) d(2) d(1) d(3)", "fitness": 0.0}
{"generation": 6, "position": 58, "parents": [16], "genome": "r(13,3) a(5,9) r(5,16) d(11) r(1,13)", "fitness": 0.0}
{"generation": 7, "position": 0, "parents": [49], "genome": "r(13,4) d(2) r(11,14) a(13,3) a(14,9) d(8) r(5,13) d(14) d(15) d(3)", "fitness": 0.0}
{"generation": 7, "position": 1, "parents": [43], "genome": "r(13,4) r(12,6) r(10,5) d(2) d(4) r(11,10) a(3,3) d(3)", "fitness": 0.0}
{"generation": 7, "position": 2, "parents": [53], "genome": "a(4,2) r(13,2) r(8,17) r(3,17) a(1,13) r(11,10) d(14) a(9,2)", "fitness": 0.0}
{"generation": 7, "position": 3, "parents": [21], "genome": "d(4) d(2) a(3,3) d(3) r(1,6) r(9,10) r(4,3)", "fitness": 0.0}
{"generation": 7, "position": 4, "parents": [1, 8], "genome": "d(14) a(2,16) r(11,15) d(6) d(13) a(2,17) d(2) r(10,5) d(2) r(1,6) d(1) d(10) r(9,11)", "fitness": 0.0}
{"generation": 7, "position": 5, "parents": [1, 8], "genome": "r(2,4) a(8,6) r(12,6) d(8) d(13) d(3) d(9) r(5,16) a(4,9)", "fitness": 0.0}
{"generation": 7, "position": 6, "parents": [1], "genome": "d(14) a(2,16) r(11,15) d(6) d(13) a(2,17) d(2) r(10,5) d(2) r(1,6) d(9) r(5,16) r(3,9)", "fitness": 0.0}
{"generation": 7, "position": 7, "parents": [8], "genome": "r(2,4) a(8,6) r(12,6) d(8) d(13) d(3) d(1) d(10) a(15,8)", "fitness": 0.0}
{"generation": 7, "position": 8, "parents": [57, 30], "genome": "d(4) d(2) d(1) d(3) d(1) a(5,4)", "fitness": 0.0}
{"generation": 7, "position": 9, "parents": [57, 30], "genome": "r(2,4) a(8,6) r(12,6) d(8) d(13) d(3) r(9,11)", "fitness": 0.0}
{"generation": 7, "position": 10, "parents": [57], "genome": "d(4) d(2) d(1) d(3)", "fitness": 0.0}
{"generation": 7, "position": 11, "parents": [30], "genome": "r(2,4) a(8,6) r(12,6) d(8) d(13) d(3) d(1) a(5,4) a(14,13)", "fitness": 0.0}
{"generation": 7, "position": 12, "parents": [46, 30], "genome": "a(4,2) r(13,2) r(8,17) r(3,17) r(11,14) a(13,3) d(13) d(3) d(1) a(5,4) a(4,13)", "fitness": 0.0}
{"generation": 7, "position": 13, "parents": [46, 30], "genome": "r(2,4) a(8,6) r(12,6) d(8) a(14,9) d(8) r(5,13) d(14) d(9) d(3)", "fitness": 0.0}
{"generation": 7, "position": 14, "parents": [46], "genome": "a(4,2) r(13,2) r(8,17) r(3,17) r(11,14) a(13,3) a(14,9) d(8) r(5,13) d(14) d(9) r(2,17)", "fitness": 0.0}
{"generation": 7, "position": 15, "parents": [30], "genome": "r(2,4) a(8,6) r(12,6) d(8) d(13) d(3) d(1) a(5,4) d(11)", "fitness": 0.0}
{"generation": 7, "position": 16, "parents": [11, 39], "genome": "r(13,4) r(12,6) a(13,3) a(14,9) d(8) r(5,13) d(4) d(1) a(2,16)", "fitness": 0.0}
{"generation": 7, "position": 17, "parents": [11, 39], "genome": "r(13,4) d(2) r(11,14) r(10,5) d(2) d(4) r(1,6) a(3,4) d(3)", "fitness": 0.0}
{"generation": 7, "position": 18, "parents": [11], "genome": "r(13,4) r(12,6) r(10,5) d(2) d(4) r(1,6) a(3,4) a(3,9)", "fitness": 0.0}
{"generation": 7, "position": 19, "parents": [39], "genome": "r(13,4) d(2) r(11,14) a(13,3) a(14,9) d(8) r(5,13) d(4) d(1) d(3)", "fitness": 0.0}
{"generation": 7, "position": 20, "parents": [12, 38], "genome": "a(4,2) r(13,2) r(8,17) r(3,17) a(1,13) r(11,10) a(12,10) d(2) d(4) d(1)", "fitness": 0.0}
{"generation": 7, "position": 21, "parents": [12, 38], "genome": "d(14) r(5,16) d(13) r(1,13) d(12) r(9,8)", "fitness": 0.0}
{"generation": 7, "position": 22, "parents": [12], "genome": "a(4,2) r(13,2) r(8,17) r(3,17) a(1,13) r(11,10) a(12,10) r(10,2)", "fitness": 0.0}
{"generation": 7, "position": 23, "parents": [38], "genome": "d(14) r(5,16) d(13) r(1,13) d(12) d(2) d(4) d(3)", "fitness": 0.0}
{"generation": 7, "position": 24, "parents": [51, 27], "genome": "a(4,2) r(13,2) r(8,17) r(9,10) d(5) a(3,12) r(1,13)", "fitness": 0.0}
{"generation": 7, "position": 25, "parents": [51, 27], "genome": "d(14) a(2,16) r(11,15) d(6) r(3,17) a(3,3) r(1,6) a(3,12) a(3,14) a(15,15) a(13,6)", "fitness": 13.0}
{"generation": 7, "position": 26, "parents": [51], "genome": "a(4,2) r(13,2) r(8,17) r(3,17) a(3,3) r(1,6) a(3,12) a(3,14) a(15,15) r(4,13)", "fitness": 0.0}
{"generation": 7, "position": 27, "parents": [27], "genome": "d(14) a(2,16) r(11,15) d(6) r(9,10) d(5) a(3,12) r(2,12)", "fitness": 0.0}
{"generation": 7, "position": 28, "parents": [29], "genome": "r(13,4) r(12,6) d(5) r(10,11) d(3) a(4,16) a(9,5) a(1,17)", "fitness": 0.0}
{"generation": 7, "position": 29, "parents": [44], "genome": "a(4,2) r(13,2) r(8,17) r(3,17) a(1,13) r(11,10) a(14,8) a(4,11)", "fitness": 0.0}
{"generation": 7, "position": 30, "parents": [52, 33], "genome": "d(4) d(1) d(3) a(2,3)", "fitness": 13.0}
{"generation": 7, "position": 31, "parents": [52, 33], "genome": "d(4) d(2) d(2) a(3,3) r(1,6) a(3,12) a(3,14) d(3)", "fitness": 0.0}
{"generation": 7, "position": 32, "parents": [52], "genome": "d(4) d(2) a(3,3) r(1,6) a(3,12) a(3,14) d(3)", "fitness": 0.0}
{"generation": 7, "position": 33, "parents": [33], "genome": "d(4) d(2) d(1) d(3)", "fitness": 0.0}
{"generation": 7, "position": 34, "parents": [19], "genome": "d(4) d(2) a(3,3) d(3) r(1,6)", "fitness": 0.0}
{"generation": 7, "position": 35, "parents": [27], "genome": "d(14) a(2,16) r(11,15) d(6) r(9,10) d(5) a(3,12) a(4,15)", "fitness": 0.0}
{"generation": 7, "position": 36, "parents": [11], "genome": "r(13,4) r(12,6) r(10,5) d(2) d(4) r(1,6) a(3,4) a(3,15)", "fitness": 0.0}
{"generation": 7, "position": 37, "parents": [58], "genome": "r(13,3) a(5,9) r(5,16) d(11) r(1,13) a(12,5)", "fitness": 0.0}
{"generation": 7, "position": 38, "parents": [23, 20], "genome": "d(4) d(2) a(3,3) d(3) r(1,6) a(12,6)", "fitness": 0.0}
{"generation": 7, "position": 39, "parents": [23, 20], "genome": "d(14) a(2,16) r(11,15) d(6) a(13,15)", "fitness": 0.0}
{"generation": 7, "position": 40, "parents": [23], "genome": "d(4) d(2) a(3,3) d(3) r(1,6)", "fitness": 0.0}
{"generation": 7, "position": 41, "parents": [20], "genome": "d(14) a(2,16) r(11,15) d(6) a(12,6) a(8,9)", "fitness": 0.0}
{"generation": 7, "position": 42, "parents": [58, 29], "genome": "r(13,3) a(5,9) r(5,16) d(11) r(1,13) d(5) r(10,11) d(3) a(4,16) a(9,5) a(15,2)", "fitness": 0.0}
{"generation": 7, "position": 43, "parents": [58, 29], "genome": "r(13,4) r(12,6) r(2,6)", "fitness": 0.0}
{"generation": 7, "position": 44, "parents": [58], "genome": "r(13,3) a(5,9) r(5,16) d(11) r(1,13) r(9,5)", "fitness": 0.0}
{"generation": 7, "position": 45, "parents": [29], "genome": "r(13,4) r(12,6) d(5) r(10,11) d(3) a(4,16) a(9,5) a(14,17)", "fitness": 0.0}
{"generation": 7, "position": 46, "parents": [52, 41], "genome": "d(4) d(2) a(3,3) r(1,6) a(3,12) a(3,14) d(3) d(3) r(1,6)", "fitness": 0.0}
{"generation": 7, "position": 47, "parents": [52, 41], "genome": "d(4) d(2) a(3,3) r(1,17)", "fitness": 0.0}
{"generation": 7, "position": 48, "parents": [52], "genome": "d(4) d(2) a(3,3) r(1,6) a(3,12) a(3,14) d(3)", "fitness": 0.0}
{"generation": 7, "position": 49, "parents": [41], "genome": "d(4) d(2) a(3,3) d(3) r(1,6)", "fitness": 0.0}
{"generation": 7, "position": 50, "parents": [9], "genome": "d(14) r(5,16) d(13) a(2,17) r(11,5) d(12) r(3,13) r(4,15)", "fitness": 0.0}
{"generation": 7, "position": 51, "parents": [42], "genome": "a(4,2) r(13,2) r(8,17) r(3,17) a(1,13) r(1,6) d(2) a(5,11)", "fitness": 0.0}
{"generation": 7, "position": 52, "parents": [46, 13], "genome": "a(4,2) r(13,2) r(8,17) r(3,17) r(11,14) a(13,3) a(14,9) d(8) d(3) r(1,6) r(4,3)", "fitness": 0.0}
{"generation": 7, "position": 53, "parents": [46, 13], "genome": "d(4) d(2) a(3,3) r(5,13) d(14) d(9) r(3,4)", "fitness": 0.0}
{"generation": 7, "position": 54, "parents": [46], "genome": "a(4,2) r(13,2) r(8,17) r(3,17) r(11,14) a(13,3) a(14,9) d(8) r(5,13) d(14) d(9) d(1)", "fitness": 0.0}
{"generation": 7, "position": 55, "parents": [13], "genome": "d(4) d(2) a(3,3) d(3) r(1,6)", "fitness": 0.0}
{"generation": 7, "position": 56, "parents": [22], "genome": "d(14) a(2,16) r(11,15) d(6) r(9,10) r(4,3) r(3,16) a(1,17)", "fitness": 0.0}
{"generation": 7, "position": 57, "parents": [41], "genome": "d(4) d(2) a(3,3) d(3) r(1,6)", "fitness": 0.0}
{"generation": 7, "position": 58, "parents": [58], "genome": "r(13,3) a(5,9) r(5,16) d(11) r(1,13) a(4,11)", "fitness": 0.0}
{"generation": 7, "position": 59, "parents": [53], "genome": "a(4,2) r(13,2) r(8,17) r(3,17) a(1,13) r(11,10) d(14) r(12,17)", "fitness": 0.0}
{"generation": 7, "position": 60, "parents": [25, 37], "genome": "d(14) a(2,16) r(11,15) r(1,17) r(3,10) a(4,14)", "fitness": 0.0}
{"generation": 7, "position": 61, "parents": [25, 37], "genome": "d(4) d(2) d(6) d(2) r(1,17) r(3,10) d(13)", "fitness": 0.0}
{"generation": 7, "position": 62, "parents": [25], "genome": "d(14) a(2,16) r(11,15) d(6) d(2) r(1,17) r(3,10) d(13) r(10,13)", "fitness": 0.0}
{"generation": 8, "position": 0, "parents": [12], "genome": "a(4,2) r(13,2) r(8,17) r(3,17) r(11,14) a(13,3) d(13) d(3) d(1) a(5,4) a(4,13) a(10,15)", "fitness": 0.0}
{"generation": 8, "position": 1, "parents": [34], "genome": "d(4) d(2) a(3,3) d(3) r(1,6)", "fitness": 0.0}
{"generation": 8, "position": 2, "parents": [13], "genome": "r(2,4) a(8,6) r(12,6) d(8) a(14,9) d(8) r(5,13) d(14) d(9) d(3) a(4,3)", "fitness": 0.0}
{"generation": 8, "position": 3, "parents": [15], "genome": "r(2,4) a(8,6) r(12,6) d(8) d(13) d(3) d(1) a(5,4) d(11) a(4,17)", "fitness": 0.0}
{"generation": 8, "position": 4, "parents": [45], "genome": "r(13,4) r(12,6) d(5) r(10,11) d(3) a(4,16) a(9,5) a(14,17) r(15,13)", "fitness": 0.0}
{"generation": 8, "position": 5, "parents": [49], "genome": "d(4) d(2) a(3,3) d(3) r(1,6)", "fitness": 0.0}
{"generation": 8, "position": 6, "parents": [7], "genome": "r(2,4) a(8,6) r(12,6) d(8) d(13) d(3) d(1) d(10) a(15,8) r(4,17)", "fitness": 0.0}
{"generation": 8, "position": 7, "parents": [3], "genome": "d(4) d(2) a(3,3) d(3) r(1,6) r(9,10) r(4,3)", "fitness": 0.0}
{"generation": 8, "position": 8, "parents": [48, 54], "genome": "d(4) d(2) a(3,3) r(1,6) a(14,9) d(8) r(5,13) d(14) d(9) d(1) d(3)", "fitness": 0.0}
{"generation": 8, "position": 9, "parents": [48, 54], "genome": "a(4,2) r(13,2) r(8,17) r(3,17) r(11,14) a(13,3) a(3,12) a(3,14) d(3) a(1,6)", "fitness": 0.0}
{"generation": 8, "position": 10, "parents": [48], "genome": "d(4) d(2) a(3,3) r(1,6) a(3,12) a(3,14) d(3)", "fitness": 0.0}
{"generation": 8, "position": 11, "parents": [54], "genome": "a(4,2) r(13,2) r(8,17) r(3,17) r(11,14) a(13,3) a(14,9) d(8) r(5,13) d(14) d(9) d(1) r(4,9)", "fitness": 0.0}
{"generation": 8, "position": 12, "parents": [41, 40], "genome": "d(14) d(2) a(3,3) d(3) r(1,6) d(5)", "fitness": 0.0}
{"generation": 8, "position": 13, "parents": [41, 40], "genome": "d(4) a(2,16) r(11,15) d(6) a(12,6) a(8,9) d(3)", "fitness": 0.0}
{"generation": 8, "position": 14, "parents": [41], "genome": "d(14) a(2,16) r(11,15) d(6) a(12,6) a(8,9) d(13)", "fitness": 0.0}
{"generation": 8, "position": 15, "parents": [40], "genome": "d(4) d(2) a(3,3) d(3) r(1,6)", "fitness": 0.0}
{"generation": 8, "position": 16, "parents": [59, 19], "genome": "a(4,2) a(13,3) a(14,9) d(8) r(5,13) d(4) d(1) d(3) r(2,11)", "fitness": 13.0}
{"generation": 8, "position": 17, "parents": [59, 19], "genome": "r(13,4) d(2) r(11,14) r(13,2) r(8,17) r(3,17) a(1,13) r(11,10) d(14) r(12,17) r(10,9)", "fitness": 0.0}
{"generation": 8, "position": 18, "parents": [59], "genome": "a(4,2) r(13,2) r(8,17) r(3,17) a(1,13) r(11,10) d(14) r(12,17) r(4,14)", "fitness": 0.0}
{"generation": 8, "position": 19, "parents": [19], "genome": "r(13,4) d(2) r(11,14) a(13,3) a(14,9) d(8) r(5,13) d(4) d(1) d(3)", "fitness": 0.0}
{"generation": 8, "position": 20, "parents": [53, 18], "genome": "d(4) d(2) d(4) r(1,6) a(3,4) a(3,9) r(3,10)", "fitness": 0.0}
{"generation": 8, "position": 21, "parents": [53, 18], "genome": "r(13,4) r(12,6) r(10,5) d(2) a(3,3) r(5,13) d(14) d(9) r(3,4) a(4,11)", "fitness": 0.0}
{"generation": 8, "position": 22, "parents": [53], "genome": "d(4) d(2) a(3,3) r(5,13) d(14) d(9) r(3,4) r(1,17)", "fitness": 0.0}
{"generation": 8, "position": 23, "parents": [18], "genome": "r(13,4) r(12,6) r(10,5) d(2) d(4) r(1,6) a(3,4) a(3,9) a(3,12)", "fitness": 0.0}
{"generation": 8, "position": 24, "parents": [61], "genome": "d(4) d(2) d(6) d(2) r(1,17) r(3,10) d(13)", "fitness": 0.0}
{"generation": 8, "position": 25, "parents": [5], "genome": "r(2,4) a(8,6) r(12,6) d(8) d(13) d(3) d(9) r(5,16) a(4,9) d(1)", "fitness": 0.0}
{"generation": 8, "position": 26, "parents": [47], "genome": "d(4) d(2) a(3,3) r(1,17) r(3,11)", "fitness": 0.0}
{"generation": 8, "position": 27, "parents": [62], "genome": "d(14) a(2,16) r(11,15) d(6) d(2) r(1,17) r(3,10) d(13) r(10,13) d(4)", "fitness": 0.0}
{"generation": 8, "position": 28, "parents": [19], "genome": "r(13,4) d(2) r(11,14) a(13,3) a(14,9) d(8) r(5,13) d(4) d(1) d(3)", "fitness": 0.0}
{"generation": 8, "position": 29, "parents": [19], "genome": "r(13,4) d(2) r(11,14) a(13,3) a(14,9) d(8) r(5,13) d(4) d(1) d(3)", "fitness": 0.0}
{"generation": 8, "position": 30, "parents": [7, 49], "genome": "r(2,4) a(8,6) r(12,6) d(8) d(13) a(3,3) d(3) r(1,6) d(11)", "fitness": 0.0}
{"generation": 8, "position": 31, "parents": [7, 49], "genome": "d(4) d(2) d(3) d(1) d(10) a(15,8)", "fitness": 0.0}
{"generation": 8, "position": 32, "parents": [7], "genome": "r(2,4) a(8,6) r(12,6) d(8) d(13) d(3) d(1) d(10) a(15,8) a(6,3)", "fitness": 0.0}
{"generation": 8, "position": 33, "parents": [49], "genome": "d(4) d(2) a(3,3) d(3) r(1,6)", "fitness": 0.0}
{"generation": 8, "position": 34, "parents": [13], "genome": "r(2,4) a(8,6) r(12,6) d(8) a(14,9) d(8) r(5,13) d(14) d(9) d(3) d(4)", "fitness": 0.0}
{"generation": 8, "position": 35, "parents": [56], "genome": "d(14) a(2,16) r(11,15) d(6) r(9,10) r(4,3) r(3,16) a(1,17) a(2,11)", "fitness": 0.0}
{"generation": 8, "position": 36, "parents": [7], "genome": "r(2,4) a(8,6) r(12,6) d(8) d(13) d(3) d(1) d(10) a(15,8) r(6,15)", "fitness": 0.0}
{"generation": 8, "position": 37, "parents": [46], "genome": "d(4) d(2) a(3,3) r(1,6) a(3,12) a(3,14) d(3) d(3) r(1,6)", "fitness": 0.0}
{"generation": 8, "position": 38, "parents": [24, 8], "genome": "a(4,2) a(5,4) r(6,4)", "fitness": 4.0}
{"generation": 8, "position": 39, "parents": [24, 8], "genome": "d(4) d(2) d(1) d(3) d(1) r(13,2) r(8,17) r(9,10) d(5) a(3,12) r(1,13)", "fitness": 0.0}
{"generation": 8, "position": 40, "parents": [24], "genome": "a(4,2) r(13,2) r(8,17) r(9,10) d(5) a(3,12) r(1,13) a(2,4)", "fitness": 0.0}
{"generation": 8, "position": 41, "parents": [8], "genome": "d(4) d(2) d(1) d(3) d(1) a(5,4)", "fitness": 0.0}
{"generation": 8, "position": 42, "parents": [33], "genome": "d(4) d(2) d(1) d(3)", "fitness": 0.0}
{"generation": 8, "position": 43, "parents": [22], "genome": "a(4,2) r(13,2) r(8,17) r(3,17) a(1,13) r(11,10) a(12,10) r(10,2) r(4,15)", "fitness": 0.0}
{"generation": 8, "position": 44, "parents": [41, 60], "genome": "d(14) r(1,17) r(3,10) a(4,14) d(13)", "fitness": 13.0}
{"generation": 8, "position": 45, "parents": [41, 60], "genome": "d(14) a(2,16) r(11,15) a(2,16) r(11,15) d(6) a(12,6) a(8,9) r(13,12)", "fitness": 0.0}
{"generation": 8, "position": 46, "parents": [41], "genome": "d(14) a(2,16) r(11,15) d(6) a(12,6) a(8,9) r(10,3)", "fitness": 0.0}
{"generation": 8, "position": 47, "parents": [60], "genome": "d(14) a(2,16) r(11,15) r(1,17) r(3,10) a(4,14) a(15,11)", "fitness": 0.0}
{"generation": 8, "position": 48, "parents": [56], "genome": "d(14) a(2,16) r(11,15) d(6) r(9,10) r(4,3) r(3,16) a(1,17) d(2)", "fitness": 0.0}
{"generation": 8, "position": 49, "parents": [9], "genome": "r(2,4) a(8,6) r(12,6) d(8) d(13) d(3) r(9,11) r(4,3)", "fitness": 0.0}
{"generation": 8, "position": 50, "parents": [4], "genome": "d(14) a(2,16) r(11,15) d(6) d(13) a(2,17) d(2) r(10,5) d(2) r(1,6) d(1) d(10) r(9,11) d(4)", "fitness": 0.0}
{"generation": 8, "position": 51, "parents": [59], "genome": "a(4,2) r(13,2) r(8,17) r(3,17) a(1,13) r(11,10) d(14) r(12,17) d(5)", "fitness": 0.0}
{"generation": 8, "position": 52, "parents": [63], "genome": "d(4) d(2) r(1,17) r(3,10)", "fitness": 0.0}
{"generation": 9, "position": 0, "parents": [17, 34], "genome": "r(13,4) d(9) d(3) d(4) a(1,13)", "fitness": 13.0}
{"generation": 9, "position": 1, "parents": [17, 34], "genome": "r(2,4) a(8,6) r(12,6) d(8) a(14,9) d(8) r(5,13) d(14) d(2) r(11,14) r(13,2) r(8,17) r(3,17) a(1,13) r(11,10) d(14) r(12,17) r(10,9) d(15)", "fitness": 0.0}
{"generation": 9, "position": 2, "parents": [17], "genome": "r(13,4) d(2) r(11,14) r(13,2) r(8,17) r(3,17) a(1,13) r(11,10) d(14) r(12,17) r(10,9) d(5)", "fitness": 0.0}
{"generation": 9, "position": 3, "parents": [34], "genome": "r(2,4) a(8,6) r(12,6) d(8) a(14,9) d(8) r(5,13) d(14) d(9) d(3) d(4) d(1)", "fitness": 0.0}
{"generation": 9, "position": 4, "parents": [43], "genome": "a(4,2) r(13,2) r(8,17) r(3,17) a(1,13) r(11,10) a(12,10) r(10,2) r(4,15) r(2,8)", "fitness": 0.0}
{"generation": 9, "position": 5, "parents": [8], "genome": "d(4) d(2) a(3,3) r(1,6) a(14,9) d(8) r(5,13) d(14) d(9) d(1) d(3)", "fitness": 0.0}
{"generation": 9, "position": 6, "parents": [11, 4], "genome": "a(4,2) r(13,2) r(8,17) r(3,17) r(11,14) a(13,3) a(14,9) d(8) r(5,13) d(14) d(9) d(5) r(10,11) d(3) a(4,16) a(9,5) a(14,17) r(15,13) a(1,13)", "fitness": 0.0}
{"generation": 9, "position": 7, "parents": [11, 4], "genome": "r(13,4) r(12,6) d(1) r(4,9) r(3,15)", "fitness": 1.0}
{"generation": 9, "position": 8, "parents": [11], "genome": "a(4,2) r(13,2) r(8,17) r(3,17) r(11,14) a(13,3) a(14,9) d(8) r(5,13) d(14) d(9) d(1) r(4,9) d(2)", "fitness": 0.0}
{"generation": 9, "position": 9, "parents": [4], "genome": "r(13,4) r(12,6) d(5) r(10,11) d(3) a(4,16) a(9,5) a(14,17) r(15,13) r(14,13)", "fitness": 0.0}
{"generation": 9, "position": 10, "parents": [32], "genome": "r(2,4) a(8,6) r(12,6) d(8) d(13) d(3) d(1) d(10) a(15,8) a(6,3) r(5,14)", "fitness": 0.0}
{"generation": 9, "position": 11, "parents": [48], "genome": "d(14) a(2,16) r(11,15) d(6) r(9,10) r(4,3) r(3,16) a(1,17) d(2) d(1)", "fitness": 0.0}
{"generation": 9, "position": 12, "parents": [25], "genome": "r(2,4) a(8,6) r(12,6) d(8) d(13) d(3) d(9) r(5,16) a(4,9) d(1) d(4)", "fitness": 0.0}
{"generation": 9, "position": 13, "parents": [32], "genome": "r(2,4) a(8,6) r(12,6) d(8) d(13) d(3) d(1) d(10) a(15,8) a(6,3) r(4,6)", "fitness": 0.0}
{"generation": 9, "position": 14, "parents": [14, 8], "genome": "d(14) a(2,16) r(11,15) d(8) r(5,13) d(14) d(9) d(1) d(3) a(4,13)", "fitness": 0.0}
{"generation": 9, "position": 15, "parents": [14, 8], "genome": "d(4) d(2) a(3,3) r(1,6) a(14,9) d(6) a(12,6) a(8,9) d(13) a(3,16)", "fitness": 0.0}
{"generation": 9, "position": 16, "parents": [14], "genome": "d(14) a(2,16) r(11,15) d(6) a(12,6) a(8,9) d(13) d(12)", "fitness": 0.0}
{"generation": 9, "position": 17, "parents": [8], "genome": "d(4) d(2) a(3,3) r(1,6) a(14,9) d(8) r(5,13) d(14) d(9) d(1) d(3)", "fitness": 0.0}
{"generation": 9, "position": 18, "parents": [14], "genome": "d(14) a(2,16) r(11,15) d(6) a(12,6) a(8,9) d(13) r(8,9)", "fitness": 0.0}
{"generation": 9, "position": 19, "parents": [40], "genome": "a(4,2) r(13,2) r(8,17) r(9,10) d(5) a(3,12) r(1,13) a(2,4) r(3,4)", "fitness": 0.0}
{"generation": 9, "position": 20, "parents": [42], "genome": "d(4) d(2) d(1) d(3)", "fitness": 0.0}
{"generation": 9, "position": 21, "parents": [30], "genome": "r(2,4) a(8,6) r(12,6) d(8) d(13) a(3,3) d(3) r(1,6) d(11) r(5,17)", "fitness": 0.0}
{"generation": 9, "position": 22, "parents": [41, 21], "genome": "d(4) d(2) d(1) d(3) d(1) r(5,13) d(14) d(9) r(3,4) a(4,11)", "fitness": 0.0}
{"generation": 9, "position": 23, "parents": [41, 21], "genome": "r(13,4) r(12,6) r(10,5) d(2) a(3,3) a(5,4) d(3)", "fitness": 0.0}
{"generation": 9, "position": 24, "parents": [41], "genome": "d(4) d(2) d(1) d(3) d(1) a(5,4)", "fitness": 0.0}
{"generation": 9, "position": 25, "parents": [21], "genome": "r(13,4) r(12,6) r(10,5) d(2) a(3,3) r(5,13) d(14) d(9) r(3,4) a(4,11) d(1)", "fitness": 0.0}
{"generation": 9, "position": 26, "parents": [20], "genome": "d(4) d(2) d(4) r(1,6) a(3,4) a(3,9) r(3,10)", "fitness": 0.0}
{"generation": 9, "position": 27, "parents": [9], "genome": "a(4,2) r(13,2) r(8,17) r(3,17) r(11,14) a(13,3) a(3,12) a(3,14) d(3) a(1,6) r(1,17)", "fitness": 0.0}
{"generation": 9, "position": 28, "parents": [28, 17], "genome": "r(13,4) d(2) r(11,14) a(13,3) a(14,9) a(1,13) r(11,10) d(14) r(12,17) r(10,9) r(3,15)", "fitness": 0.0}
{"generation": 9, "position": 29, "parents": [28, 17], "genome": "r(13,4) d(2) r(11,14) r(13,2) r(8,17) r(3,17) d(8) r(5,13) d(4) d(1) d(3)", "fitness": 0.0}
{"generation": 9, "position": 30, "parents": [28], "genome": "r(13,4) d(2) r(11,14) a(13,3) a(14,9) d(8) r(5,13) d(4) d(1) d(3)", "fitness": 0.0}
{"generation": 9, "position": 31, "parents": [17], "genome": "r(13,4) d(2) r(11,14) r(13,2) r(8,17) r(3,17) a(1,13) r(11,10) d(14) r(12,17) r(10,9) a(5,17)", "fitness": 0.0}
{"generation": 9, "position": 32, "parents": [52], "genome": "d(4) d(2) r(1,17) r(3,10)", "fitness": 0.0}
{"generation": 9, "position": 33, "parents": [32], "genome": "r(2,4) a(8,6) r(12,6) d(8) d(13) d(3) d(1) d(10) a(15,8) a(6,3) d(14)", "fitness": 0.0}
{"generation": 9, "position": 34, "parents": [46, 34], "genome": "d(14) d(4) r(1,6)", "fitness": 13.0}
{"generation": 9, "position": 35, "parents": [46, 34], "genome": "r(2,4) a(8,6) r(12,6) d(8) a(14,9) d(8) r(5,13) d(14) d(9) d(3) a(2,16) r(11,15) d(6) a(12,6) a(8,9) r(10,3) r(4,9)", "fitness": 0.0}
{"generation": 9, "position": 36, "parents": [46], "genome": "d(14) a(2,16) r(11,15) d(6) a(12,6) a(8,9) r(10,3) r(3,2)", "fitness": 0.0}
{"generation": 9, "position": 37, "parents": [34], "genome": "r(2,4) a(8,6) r(12,6) d(8) a(14,9) d(8) r(5,13) d(14) d(9) d(3) d(4) d(1)", "fitness": 0.0}
{"generation": 9, "position": 38, "parents": [35, 1], "genome": "d(14) a(2,16) r(11,15) d(6) r(9,10) r(4,3) r(1,6) a(3,17)", "fitness": 13.0}
{"generation": 9, "position": 39, "parents": [35, 1], "genome": "d(4) d(2) a(3,3) d(3) r(3,16) a(1,17) a(2,11) d(1)", "fitness": 0.0}
{"generation": 9, "position": 40, "parents": [35], "genome": "d(14) a(2,16) r(11,15) d(6) r(9,10) r(4,3) r(3,16) a(1,17) a(2,11) d(2)", "fitness": 0.0}
{"generation": 9, "position": 41, "parents": [1], "genome": "d(4) d(2) a(3,3) d(3) r(1,6)", "fitness": 0.0}
{"generation": 9, "position": 42, "parents": [52, 46], "genome": "d(4) d(2) r(1,17) r(3,10) r(10,3)", "fitness": 0.0}
{"generation": 9, "position": 43, "parents": [52, 46], "genome": "d(14) a(2,16) r(11,15) d(6) a(12,6) a(8,9) r(5,4)", "fitness": 0.0}
{"generation": 9, "position": 44, "parents": [52], "genome": "d(4) d(2) r(1,17) r(3,10)", "fitness": 0.0}
{"generation": 9, "position": 45, "parents": [46], "genome": "d(14) a(2,16) r(11,15) d(6) a(12,6) a(8,9) r(10,3) d(4)", "fitness": 0.0}
{"generation": 9, "position": 46, "parents": [4], "genome": "r(13,4) r(12,6) d(5) r(10,11) d(3) a(4,16) a(9,5) a(14,17) r(15,13) d(1)", "fitness": 0.0}
{"generation": 9, "position": 47, "parents": [10], "genome": "d(4) d(2) a(3,3) r(1,6) a(3,12) a(3,14) d(3)", "fitness": 0.0}
{"generation": 9, "position": 48, "parents": [2], "genome": "r(2,4) a(8,6) r(12,6) d(8) a(14,9) d(8) r(5,13) d(14) d(9) d(3) a(4,3) a(1,6)", "fitness": 0.0}
{"generation": 9, "position": 49, "parents": [40], "genome": "a(4,2) r(13,2) r(8,17) r(9,10) d(5) a(3,12) r(1,13) a(2,4) r(3,11)", "fitness": 0.0}
{"generation": 9, "position": 50, "parents": [20], "genome": "d(4) d(2) d(4) r(1,6) a(3,4) a(3,9) r(3,10)", "fitness": 0.0}
{"generation": 9, "position": 51, "parents": [33], "genome": "d(4) d(2) a(3,3) d(3) r(1,6)", "fitness": 0.0}
{"generation": 9, "position": 52, "parents": [53], "genome": "d(4) d(2) a(3,3) r(1,17) r(3,9)", "fitness": 0.0}
{"generation": 9, "position": 53, "parents": [33], "genome": "d(4) d(2) a(3,3) d(3) r(1,6)", "fitness": 0.0}
{"generation": 9, "position": 54, "parents": [43, 23], "genome": "a(4,2) r(13,2) r(8,17) r(3,17) a(1,13) r(11,10) a(12,10) r(10,2) r(4,15) d(1)", "fitness": 0.0}
{"generation": 9, "position": 55, "parents": [43, 23], "genome": "r(13,4) r(12,6) r(10,5) d(2) d(4) r(1,6) a(3,4) a(3,9) a(3,12) d(3)", "fitness": 0.0}
{"generation": 9, "position": 56, "parents": [43], "genome": "a(4,2) r(13,2) r(8,17) r(3,17) a(1,13) r(11,10) a(12,10) r(10,2) r(4,15) a(2,9)", "fitness": 0.0}
{"generation": 10, "position": 0, "parents": [20], "genome": "d(4) d(2) d(1) d(3)", "fitness": 0.0}
{"generation": 10, "position": 1, "parents": [49], "genome": "a(4,2) r(13,2) r(8,17) r(9,10) d(5) a(3,12) r(1,13) a(2,4) r(3,11) d(4)", "fitness": 13.0}
{"generation": 10, "position": 2, "parents": [42, 8], "genome": "d(4) r(4,9) d(2) r(3,14)", "fitness": 0.0}
{"generation": 10, "position": 3, "parents": [42, 8], "genome": "a(4,2) r(13,2) r(8,17) r(3,17) r(11,14) a(13,3) a(14,9) d(8) r(5,13) d(14) d(9) d(1) d(2) r(1,17) r(3,10) r(10,3) r(4,10)", "fitness": 0.0}
{"generation": 10, "position": 4, "parents": [42], "genome": "d(4) d(2) r(1,17) r(3,10) r(10,3)", "fitness": 0.0}
{"generation": 10, "position": 5, "parents": [8], "genome": "a(4,2) r(13,2) r(8,17) r(3,17) r(11,14) a(13,3) a(14,9) d(8) r(5,13) d(14) d(9) d(1) r(4,9) d(2)", "fitness": 0.0}
{"generation": 10, "position": 6, "parents": [17], "genome": "d(4) d(2) a(3,3) r(1,6) a(14,9) d(8) r(5,13) d(14) d(9) d(1) d(3)", "fitness": 0.0}
{"generation": 10, "position": 7, "parents": [19], "genome": "a(4,2) r(13,2) r(8,17) r(9,10) d(5) a(3,12) r(1,13) a(2,4) r(3,4) r(4,2)", "fitness": 13.0}
{"generation": 10, "position": 8, "parents": [41], "genome": "d(4) d(2) a(3,3) d(3) r(1,6)", "fitness": 0.0}
{"generation": 10, "position": 9, "parents": [23], "genome": "r(13,4) r(12,6) r(10,5) d(2) a(3,3) a(5,4) d(3) a(9,2)", "fitness": 9.0}
{"generation": 10, "position": 10, "parents": [56, 5], "genome": "a(4,2) r(13,2) d(3) r(2,4)", "fitness": 13.0}
{"generation": 10, "position": 11, "parents": [56, 5], "genome": "d(4) d(2) a(3,3) r(1,6) a(14,9) d(8) r(5,13) d(14) d(9) d(1) r(8,17) r(3,17) a(1,13) r(11,10) a(12,10) r(10,2) r(4,15) a(2,9)", "fitness": 0.0}
{"generation": 10, "position": 12, "parents": [56], "genome": "a(4,2) r(13,2) r(8,17) r(3,17) a(1,13) r(11,10) a(12,10) r(10,2) r(4,15) a(2,9) d(1)", "fitness": 0.0}
{"generation": 10, "position": 13, "parents": [5], "genome": "d(4) d(2) a(3,3) r(1,6) a(14,9) d(8) r(5,13) d(14) d(9) d(1) d(3)", "fitness": 0.0}
{"generation": 10, "position": 14, "parents": [43, 6], "genome": "d(14) a(2,16) r(11,15) d(6) a(12,6) a(8,9) r(5,4) d(5) r(10,11) d(3) a(4,16) a(9,5) a(14,17) r(15,13) a(1,13) a(2,2)", "fitness": 0.0}
{"generation": 10, "position": 15, "parents": [43, 6], "genome": "a(4,2) r(13,2) r(8,17) r(3,17) r(11,14) a(13,3) a(14,9) d(8) r(5,13) d(14) d(9) a(2,9)", "fitness": 0.0}
{"generation": 10, "position": 16, "parents": [43], "genome": "d(14) a(2,16) r(11,15) d(6) a(12,6) a(8,9) r(5,4) r(13,11)", "fitness": 0.0}
{"generation": 10, "position": 17, "parents": [6], "genome": "a(4,2) r(13,2) r(8,17) r(3,17) r(11,14) a(13,3) a(14,9) d(8) r(5,13) d(14) d(9) d(5) r(10,11) d(3) a(4,16) a(9,5) a(14,17) r(15,13) a(1,13) r(1,13)", "fitness": 0.0}
{"generation": 10, "position": 18, "parents": [53], "genome": "d(4) d(2) a(3,3) d(3) r(1,6)", "fitness": 0.0}
{"generation": 10, "position": 19, "parents": [4], "genome": "a(4,2) r(13,2) r(8,17) r(3,17) a(1,13) r(11,10) a(12,10) r(10,2) r(4,15) r(2,8) a(1,17)", "fitness": 0.0}
{"generation": 10, "position": 20, "parents": [32, 50], "genome": "d(4) a(3,4) a(3,9) r(3,10) d(1)", "fitness": 1.0}
{"generation": 10, "position": 21, "parents": [32, 50], "genome": "d(4) d(2) d(4) r(1,6) d(2) r(1,17) r(3,10)", "fitness": 0.0}
{"generation": 10, "position": 22, "parents": [32], "genome": "d(4) d(2) r(1,17) r(3,10)", "fitness": 0.0}
{"generation": 10, "position": 23, "parents": [50], "genome": "d(4) d(2) d(4) r(1,6) a(3,4) a(3,9) r(3,10)", "fitness": 0.0}
{"generation": 10, "position": 24, "parents": [33, 18], "genome": "r(2,4) a(8,6) r(12,6) d(8) d(13) d(13) r(8,9) a(10,4)", "fitness": 0.0}
{"generation": 10, "position": 25, "parents": [33, 18], "genome": "d(14) a(2,16) r(11,15) d(6) a(12,6) a(8,9) d(3) d(1) d(10) a(15,8) a(6,3) d(14) d(4)", "fitness": 0.0}
{"generation": 10, "position": 26, "parents": [33], "genome": "r(2,4) a(8,6) r(12,6) d(8) d(13) d(3) d(1) d(10) a(15,8) a(6,3) d(14) r(15,16)", "fitness": 0.0}
{"generation": 10, "position": 27, "parents": [18], "genome": "d(14) a(2,16) r(11,15) d(6) a(12,6) a(8,9) d(13) r(8,9) r(3,9)", "fitness": 0.0}
{"generation": 10, "position": 28, "parents": [53, 15], "genome": "d(4) d(2) a(3,3) a(3,3) r(1,6) a(14,9) d(6) a(12,6) a(8,9) d(13) a(3,16) a(3,14)", "fitness": 0.0}
{"generation": 10, "position": 29, "parents": [53, 15], "genome": "d(4) d(2) d(3) r(1,6)", "fitness": 0.0}
{"generation": 10, "position": 30, "parents": [53], "genome": "d(4) d(2) a(3,3) d(3) r(1,6)", "fitness": 0.0}
{"generation": 10, "position": 31, "parents": [15], "genome": "d(4) d(2) a(3,3) r(1,6) a(14,9) d(6) a(12,6) a(8,9) d(13) a(3,16) r(3,2)", "fitness": 0.0}
{"generation": 10, "position": 32, "parents": [6], "genome": "a(4,2) r(13,2) r(8,17) r(3,17) r(11,14) a(13,3) a(14,9) d(8) r(5,13) d(14) d(9) d(5) r(10,11) d(3) a(4,16) a(9,5) a(14,17) r(15,13) a(1,13) d(4)", "fitness": 0.0}
{"generation": 10, "position": 33, "parents": [1], "genome": "r(2,4) a(8,6) r(12,6) d(8) a(14,9) d(8) r(5,13) d(14) d(2) r(11,14) r(13,2) r(8,17) r(3,17) a(1,13) r(11,10) d(14) r(12,17) r(10,9) d(15) a(9,5)", "fitness": 0.0}
{"generation": 10, "position": 34, "parents": [52], "genome": "d(4) d(2) a(3,3) r(1,17) r(3,9)", "fitness": 0.0}
{"generation": 10, "position": 35, "parents": [4], "genome": "a(4,2) r(13,2) r(8,17) r(3,17) a(1,13) r(11,10) a(12,10) r(10,2) r(4,15) r(2,8) d(1)", "fitness": 0.0}
{"generation": 10, "position": 36, "parents": [35], "genome": "r(2,4) a(8,6) r(12,6) d(8) a(14,9) d(8) r(5,13) d(14) d(9) d(3) a(2,16) r(11,15) d(6) a(12,6) a(8,9) r(10,3) r(4,9) r(1,6)", "fitness": 0.0}
{"generation": 10, "position": 37, "parents": [28], "genome": "r(13,4) d(2) r(11,14) a(13,3) a(14,9) a(1,13) r(11,10) d(14) r(12,17) r(10,9) r(3,15) a(9,16)", "fitness": 0.0}
{"generation": 10, "position": 38, "parents": [2], "genome": "r(13,4) d(2) r(11,14) r(13,2) r(8,17) r(3,17) a(1,13) r(11,10) d(14) r(12,17) r(10,9) d(5) a(1,1)", "fitness": 0.0}
{"generation": 10, "position": 39, "parents": [42], "genome": "d(4) d(2) r(1,17) r(3,10) r(10,3)", "fitness": 0.0}
{"generation": 10, "position": 40, "parents": [35, 18], "genome": "r(2,4) a(8,6) r(12,6) d(8) a(14,9) d(8) r(5,13) d(14) d(9) d(3) a(2,16) a(2,16) r(11,15) d(6) a(12,6) a(8,9) d(13) r(8,9) a(4,15)", "fitness": 0.0}
{"generation": 10, "position": 41, "parents": [35, 18], "genome": "d(14) r(11,15) d(6) a(12,6) a(8,9) r(10,3) r(4,9) a(2,8)", "fitness": 14.0}
{"generation": 10, "position": 42, "parents": [35], "genome": "r(2,4) a(8,6) r(12,6) d(8) a(14,9) d(8) r(5,13) d(14) d(9) d(3) a(2,16) r(11,15) d(6) a(12,6) a(8,9) r(10,3) r(4,9) d(1)", "fitness": 0.0}
{"generation": 10, "position": 43, "parents": [18], "genome": "d(14) a(2,16) r(11,15) d(6) a(12,6) a(8,9) d(13) r(8,9) r(5,8)", "fitness": 0.0}
{"generation": 10, "position": 44, "parents": [25, 31], "genome": "r(13,4) r(12,6) r(10,5) d(2) a(1,13) r(11,10) d(14) r(12,17) r(10,9) a(5,17) r(15,6)", "fitness": 0.0}
{"generation": 10, "position": 45, "parents": [25, 31], "genome": "r(13,4) d(2) r(11,14) r(13,2) r(8,17) r(3,17) a(3,3) r(5,13) d(14) d(9) r(3,4) a(4,11) d(1) r(4,2)", "fitness": 0.0}
{"generation": 10, "position": 46, "parents": [25], "genome": "r(13,4) r(12,6) r(10,5) d(2) a(3,3) r(5,13) d(14) d(9) r(3,4) a(4,11) d(1) a(8,8)", "fitness": 0.0}
{"generation": 10, "position": 47, "parents": [31], "genome": "r(13,4) d(2) r(11,14) r(13,2) r(8,17) r(3,17) a(1,13) r(11,10) d(14) r(12,17) r(10,9) a(5,17) d(15)", "fitness": 0.0}
{"generation": 10, "position": 48, "parents": [10, 18], "genome": "r(2,4) a(8,6) r(12,6) d(8) d(13) d(3) d(1) d(10) r(8,9) a(15,6)", "fitness": 0.0}
{"generation": 10, "position": 49, "parents": [10, 18], "genome": "d(14) a(2,16) r(11,15) d(6) a(12,6) a(8,9) d(13) a(15,8) a(6,3) r(5,14) d(1)", "fitness": 0.0}
{"generation": 10, "position": 50, "parents": [10], "genome": "r(2,4) a(8,6) r(12,6) d(8) d(13) d(3) d(1) d(10) a(15,8) a(6,3) r(5,14) a(15,15)", "fitness": 0.0}
{"generation": 10, "position": 51, "parents": [18], "genome": "d(14) a(2,16) r(11,15) d(6) a(12,6) a(8,9) d(13) r(8,9) d(10)", "fitness": 0.0}
{"generation": 10, "position": 52, "parents": [54], "genome": "a(4,2) r(13,2) r(8,17) r(3,17) a(1,13) r(11,10) a(12,10) r(10,2) r(4,15) d(1) d(2)", "fitness": 0.0}
{"generation": 10, "position": 53, "parents": [23], "genome": "r(13,4) r(12,6) r(10,5) d(2) a(3,3) a(5,4) d(3) d(8)", "fitness": 0.0}
{"generation": 10, "position": 54, "parents": [43, 55], "genome": "d(14) a(2,16) r(11,15) d(6) a(12,6) a(8,9) r(5,4) d(3) a(13,10)", "fitness": 0.0}
{"generation": 10, "position": 55, "parents": [43, 55], "genome": "r(13,4) r(12,6) r(10,5) d(2) d(4) r(1,6) a(3,4) a(3,9) a(3,12) a(3,3)", "fitness": 0.0}
{"generation": 10, "position": 56, "parents": [43], "genome": "d(14) a(2,16) r(11,15) d(6) a(12,6) a(8,9) r(5,4) d(9)", "fitness": 0.0}
{"generation": 10, "position": 57, "parents": [55], "genome": "r(13,4) r(12,6) r(10,5) d(2) d(4) r(1,6) a(3,4) a(3,9) a(3,12) d(3)", "fitness": 0.0}
{"generation": 10, "position": 58, "parents": [9], "genome": "r(13,4) r(12,6) d(5) r(10,11) d(3) a(4,16) a(9,5) a(14,17) r(15,13) r(14,13) a(4,6)", "fitness": 0.0}