[meta]
{"program": "genprog-3.0", "problem": {"ideal_fitness": "58", "type": "repair", "name": "zune", "enclosure": {"1": 0, "2": 0, "3": 0, "4": 0, "5": 4, "6": 5, "8": 4, "9": 4, "10": 9, "11": 10, "12": 10, "13": 10, "14": 9, "15": 9, "16": 0, "17": 0}}, "version": "0.0.2", "seed": 8, "algorithm": {"representation": "patch", "type": "genetic", "name": "ALGORITHM-NAME"}}

[data]
{"generation": 0, "position": 0, "parents": [], "genome": "d(12)", "fitness": 4.0}
{"generation": 0, "position": 1, "parents": [], "genome": "d(13)", "fitness": 18.0}
{"generation": 0, "position": 2, "parents": [], "genome": "d(14)", "fitness": 5.0}
{"generation": 0, "position": 3, "parents": [], "genome": "a(13,11)", "fitness": 54.0}
{"generation": 0, "position": 4, "parents": [], "genome": "d(9)", "fitness": 4.0}
{"generation": 0, "position": 5, "parents": [], "genome": "a(13,12)", "fitness": 18.0}
{"generation": 0, "position": 6, "parents": [], "genome": "r(3,11)", "fitness": 13.0}
{"generation": 0, "position": 7, "parents": [], "genome": "r(13,10)", "fitness": 18.0}
{"generation": 0, "position": 8, "parents": [], "genome": "d(2)", "fitness": 0.0}
{"generation": 0, "position": 9, "parents": [], "genome": "d(13)", "fitness": 18.0}
{"generation": 0, "position": 10, "parents": [], "genome": "d(2)", "fitness": 0.0}
{"generation": 0, "position": 11, "parents": [], "genome": "r(12,4)", "fitness": 4.0}
{"generation": 0, "position": 12, "parents": [], "genome": "d(4)", "fitness": 13.0}
{"generation": 0, "position": 13, "parents": [], "genome": "d(13)", "fitness": 18.0}
{"generation": 0, "position": 14, "parents": [], "genome": "d(11)", "fitness": 4.0}
{"generation": 0, "position": 15, "parents": [], "genome": "r(14,16)", "fitness": 5.0}
{"generation": 0, "position": 16, "parents": [], "genome": "a(13,17)", "fitness": 18.0}
{"generation": 0, "position": 17, "parents": [], "genome": "r(13,17)", "fitness": 18.0}
{"generation": 0, "position": 18, "parents": [], "genome": "r(3,2)", "fitness": 13.0}
{"generation": 0, "position": 19, "parents": [], "genome": "d(15)", "fitness": 5.0}
{"generation": 0, "position": 20, "parents": [], "genome": "r(11,15)", "fitness": 4.0}
{"generation": 0, "position": 21, "parents": [], "genome": "d(2)", "fitness": 0.0}
{"generation": 0, "position": 22, "parents": [], "genome": "a(13,2)", "fitness": 18.0}
{"generation": 0, "position": 23, "parents": [], "genome": "r(6,13)", "fitness": 18.0}
{"generation": 0, "position": 24, "parents": [], "genome": "d(13)", "fitness": 18.0}
{"generation": 0, "position": 25, "parents": [], "genome": "a(13,16)", "fitness": 18.0}
{"generation": 0, "position": 26, "parents": [], "genome": "a(13,3)", "fitness": 18.0}
{"generation": 0, "position": 27, "parents": [], "genome": "a(13,4)", "fitness": 18.0}
{"generation": 0, "position": 28, "parents": [], "genome": "r(1,13)", "fitness": 42.0}
{"generation": 0, "position": 29, "parents": [], "genome": "d(13)", "fitness": 18.0}
{"generation": 0, "position": 30, "parents": [], "genome": "d(13)", "fitness": 18.0}
{"generation": 0, "position": 31, "parents": [], "genome": "a(13,6)", "fitness": 18.0}
{"generation": 0, "position": 32, "parents": [], "genome": "d(8)", "fitness": 13.0}
{"generation": 0, "position": 33, "parents": [], "genome": "a(13,2)", "fitness": 18.0}
{"generation": 0, "position": 34, "parents": [], "genome": "a(1,13)", "fitness": 18.0}
{"generation": 0, "position": 35, "parents": [], "genome": "a(12,11)", "fitness": 5.0}
{"generation": 0, "position": 36, "parents": [], "genome": "r(13,4)", "fitness": 18.0}
{"generation": 0, "position": 37, "parents": [], "genome": "r(6,16)", "fitness": 4.0}
{"generation": 0, "position": 38, "parents": [], "genome": "d(13)", "fitness": 18.0}
{"generation": 0, "position": 39, "parents": [], "genome": "original", "fitness": 18.0}
{"generation": 1, "position": 0, "parents": [15], "genome": "r(14,16) d(9)", "fitness": 4.0}
{"generation": 1, "position": 1, "parents": [7], "genome": "r(13,10) r(5,16)", "fitness": 0.0}
{"generation": 1, "position": 2, "parents": [15, 18], "genome": "r(14,16) r(15,4)", "fitness": 5.0}
{"generation": 1, "position": 3, "parents": [15, 18], "genome": "r(3,2) r(1,13)", "fitness": 13.0}
{"generation": 1, "position": 4, "parents": [15], "genome": "r(14,16) d(9)", "fitness": 4.0}
{"generation": 1, "position": 5, "parents": [18], "genome": "r(3,2) a(13,11)", "fitness": 13.0}
{"generation": 1, "position": 6, "parents": [4], "genome": "d(9) r(8,9)", "fitness": 13.0}
{"generation": 1, "position": 7, "parents": [39], "genome": "a(9,8)", "fitness": 18.0}
{"generation": 1, "position": 8, "parents": [9, 30], "genome": "d(13) d(9)", "fitness": 4.0}
{"generation": 1, "position": 9, "parents": [9, 30], "genome": "d(13) r(9,16)", "fitness": 4.0}
{"generation": 1, "position": 10, "parents": [9], "genome": "d(13) a(15,9)", "fitness": 9.0}
{"generation": 1, "position": 11, "parents": [30], "genome": "d(13) r(8,4)", "fitness": 11.0}
{"generation": 1, "position": 12, "parents": [2, 0], "genome": "d(14) r(5,15)", "fitness": 0.0}
{"generation": 1, "position": 13, "parents": [2, 0], "genome": "d(12) r(5,11)", "fitness": 0.0}
{"generation": 1, "position": 14, "parents": [2], "genome": "d(14) d(10)", "fitness": 4.0}
{"generation": 1, "position": 15, "parents": [0], "genome": "d(12) d(13)", "fitness": 4.0}
{"generation": 1, "position": 16, "parents": [4], "genome": "d(9) r(5,2)", "fitness": 0.0}
{"generation": 1, "position": 17, "parents": [11], "genome": "r(12,4) r(13,4)", "fitness": 4.0}
{"generation": 1, "position": 18, "parents": [5, 0], "genome": "a(13,12) r(14,15)", "fitness": 5.0}
{"generation": 1, "position": 19, "parents": [5, 0], "genome": "d(12) r(13,4)", "fitness": 4.0}
{"generation": 1, "position": 20, "parents": [5], "genome": "a(13,12) r(9,15)", "fitness": 4.0}
{"generation": 1, "position": 21, "parents": [0], "genome": "d(12) r(13,5)", "fitness": 4.0}
{"generation": 1, "position": 22, "parents": [8, 2], "genome": "d(2) r(13,2)", "fitness": 0.0}
{"generation": 1, "position": 23, "parents": [8, 2], "genome": "d(14) d(1)", "fitness": 42.0}
{"generation": 1, "position": 24, "parents": [8], "genome": "d(2) d(13)", "fitness": 0.0}
{"generation": 1, "position": 25, "parents": [2], "genome": "d(14) a(13,12)", "fitness": 5.0}
{"generation": 1, "position": 26, "parents": [8], "genome": "d(2) d(13)", "fitness": 0.0}
{"generation": 1, "position": 27, "parents": [4], "genome": "d(9) a(5,3)", "fitness": 4.0}
{"generation": 1, "position": 28, "parents": [2], "genome": "d(14) d(3)", "fitness": 13.0}
{"generation": 1, "position": 29, "parents": [10], "genome": "d(2) a(13,8)", "fitness": 0.0}
{"generation": 1, "position": 30, "parents": [30, 12], "genome": "d(13) r(3,15)", "fitness": 1.0}
{"generation": 1, "position": 31, "parents": [30, 12], "genome": "d(4) a(1,1)", "fitness": 13.0}
{"generation": 1, "position": 32, "parents": [30], "genome": "d(13) a(2,11)", "fitness": 18.0}
{"generation": 1, "position": 33, "parents": [12], "genome": "d(4) a(1,6)", "fitness": 13.0}
{"generation": 1, "position": 34, "parents": [39, 4], "genome": "d(15)", "fitness": 5.0}
{"generation": 1, "position": 35, "parents": [39, 4], "genome": "d(9) r(5,11)", "fitness": 0.0}
{"generation": 1, "position": 36, "parents": [39], "genome": "d(13)", "fitness": 18.0}
{"generation": 1, "position": 37, "parents": [4], "genome": "d(9) r(8,13)", "fitness": 4.0}
{"generation": 1, "position": 38, "parents": [35, 30], "genome": "a(12,11) d(14)", "fitness": 5.0}
{"generation": 1, "position": 39, "parents": [35, 30], "genome": "d(13) d(5)", "fitness": 0.0}
{"generation": 1, "position": 40, "parents": [35], "genome": "a(12,11) d(13)", "fitness": 5.0}
{"generation": 1, "position": 41, "parents": [30], "genome": "d(13) d(15)", "fitness": 5.0}
{"generation": 1, "position": 42, "parents": [19], "genome": "d(15) a(13,16)", "fitness": 5.0}
{"generation": 1, "position": 43, "parents": [11], "genome": "r(12,4) a(13,11)", "fitness": 13.0}
{"generation": 1, "position": 44, "parents": [8, 39], "genome": "d(2) a(5,5)", "fitness": 0.0}
{"generation": 1, "position": 45, "parents": [8, 39], "genome": "r(2,8)", "fitness": 0.0}
{"generation": 1, "position": 46, "parents": [8], "genome": "d(2) d(1)", "fitness": 0.0}
{"generation": 1, "position": 47, "parents": [39], "genome": "d(13)", "fitness": 18.0}
{"generation": 1, "position": 48, "parents": [10, 8], "genome": "d(2) d(13)", "fitness": 0.0}
{"generation": 1, "position": 49, "parents": [10, 8], "genome": "d(2) a(13,5)", "fitness": 0.0}
{"generation": 1, "position": 50, "parents": [10], "genome": "d(2) d(13)", "fitness": 0.0}
{"generation": 1, "position": 51, "parents": [8], "genome": "d(2) d(13)", "fitness": 0.0}
{"generation": 1, "position": 52, "parents": [13, 35], "genome": "d(13) r(9,5)", "fitness": 4.0}
{"generation": 1, "position": 53, "parents": [13, 35], "genome": "a(12,11) r(1,13)", "fitness": 5.0}
{"generation": 1, "position": 54, "parents": [13], "genome": "d(13) d(14)", "fitness": 5.0}
{"generation": 1, "position": 55, "parents": [35], "genome": "a(12,11) d(13)", "fitness": 5.0}
{"generation": 1, "position": 56, "parents": [12], "genome": "d(4) d(1)", "fitness": 13.0}
{"generation": 1, "position": 57, "parents": [8], "genome": "d(2) r(12,16)", "fitness": 0.0}
{"generation": 1, "position": 58, "parents": [8, 0], "genome": "d(2) a(10,10)", "fitness": 0.0}
{"generation": 1, "position": 59, "parents": [8, 0], "genome": "d(12) a(13,10)", "fitness": 4.0}
{"generation": 1, "position": 60, "parents": [8], "genome": "d(2) r(13,5)", "fitness": 0.0}
{"generation": 1, "position": 61, "parents": [0], "genome": "d(12) r(6,15)", "fitness": 4.0}
{"generation": 1, "position": 62, "parents": [37, 6], "genome": "r(6,16) r(13,15)", "fitness": 4.0}
{"generation": 1, "position": 63, "parents": [37, 6], "genome": "r(3,11) a(13,6)", "fitness": 13.0}
{"generation": 1, "position": 64, "parents": [37], "genome": "r(6,16) d(13)", "fitness": 4.0}
{"generation": 2, "position": 0, "parents": [30], "genome": "d(13) r(3,15) a(6,8)", "fitness": 1.0}
{"generation": 2, "position": 1, "parents": [51], "genome": "d(2) d(13) r(1,6)", "fitness": 0.0}
{"generation": 2, "position": 2, "parents": [29], "genome": "d(2) a(13,8) r(10,5)", "fitness": 0.0}
{"generation": 2, "position": 3, "parents": [13], "genome": "d(12) r(5,11) a(13,17)", "fitness": 0.0}
{"generation": 2, "position": 4, "parents": [50], "genome": "d(2) d(13) a(12,10)", "fitness": 0.0}
{"generation": 2, "position": 5, "parents": [26], "genome": "d(2) d(13) a(12,17)", "fitness": 0.0}
{"generation": 2, "position": 6, "parents": [29, 13], "genome": "d(2) r(5,11) a(9,11)", "fitness": 0.0}
{"generation": 2, "position": 7, "parents": [29, 13], "genome": "d(12) a(13,8) a(4,9)", "fitness": 0.0}
{"generation": 2, "position": 8, "parents": [29], "genome": "d(2) a(13,8) a(12,14)", "fitness": 0.0}
{"generation": 2, "position": 9, "parents": [13], "genome": "d(12) r(5,11) a(13,10)", "fitness": 0.0}
{"generation": 2, "position": 10, "parents": [34, 16], "genome": "d(15) r(5,2) a(1,6)", "fitness": 0.0}
{"generation": 2, "position": 11, "parents": [34, 16], "genome": "d(9) a(2,17)", "fitness": 0.0}
{"generation": 2, "position": 12, "parents": [34], "genome": "d(15) r(4,14)", "fitness": 13.0}
{"generation": 2, "position": 13, "parents": [16], "genome": "d(9) r(5,2) r(1,17)", "fitness": 0.0}
{"generation": 2, "position": 14, "parents": [57, 45], "genome": "d(2) r(12,16) d(13)", "fitness": 0.0}
{"generation": 2, "position": 15, "parents": [57, 45], "genome": "r(2,8) a(13,6)", "fitness": 0.0}
{"generation": 2, "position": 16, "parents": [57], "genome": "d(2) r(12,16) a(13,12)", "fitness": 0.0}
{"generation": 2, "position": 17, "parents": [45], "genome": "r(2,8) r(13,3)", "fitness": 0.0}
{"generation": 2, "position": 18, "parents": [37], "genome": "d(9) r(8,13) d(4)", "fitness": 13.0}
{"generation": 2, "position": 19, "parents": [44], "genome": "d(2) a(5,5) r(14,4)", "fitness": 0.0}
{"generation": 2, "position": 20, "parents": [0], "genome": "r(14,16) d(9) d(5)", "fitness": 0.0}
{"generation": 2, "position": 21, "parents": [43], "genome": "r(12,4) a(13,11) r(13,2)", "fitness": 13.0}
{"generation": 2, "position": 22, "parents": [60], "genome": "d(2) r(13,5) r(15,5)", "fitness": 0.0}
{"generation": 2, "position": 23, "parents": [1], "genome": "r(13,10) r(5,16) a(11,4)", "fitness": 0.0}
{"generation": 2, "position": 24, "parents": [19, 55], "genome": "d(12) r(13,4) d(13) r(6,9)", "fitness": 8.0}
{"generation": 2, "position": 25, "parents": [19, 55], "genome": "a(12,11) r(13,11)", "fitness": 14.0}
{"generation": 2, "position": 26, "parents": [19], "genome": "d(12) r(13,4) a(14,4)", "fitness": 4.0}
{"generation": 2, "position": 27, "parents": [55], "genome": "a(12,11) d(13) r(10,12)", "fitness": 4.0}
{"generation": 2, "position": 28, "parents": [52, 24], "genome": "d(13) a(8,12)", "fitness": 4.0}
{"generation": 2, "position": 29, "parents": [52, 24], "genome": "d(2) d(13) r(9,5) d(3)", "fitness": 0.0}
{"generation": 2, "position": 30, "parents": [52], "genome": "d(13) r(9,5) d(3)", "fitness": 13.0}
{"generation": 2, "position": 31, "parents": [24], "genome": "d(2) d(13) d(12)", "fitness": 0.0}
{"generation": 2, "position": 32, "parents": [29, 30], "genome": "d(2) r(11,14)", "fitness": 0.0}
{"generation": 2, "position": 33, "parents": [29, 30], "genome": "d(13) r(3,15) a(13,8) a(15,13)", "fitness": 1.0}
{"generation": 2, "position": 34, "parents": [29], "genome": "d(2) a(13,8) a(13,15)", "fitness": 0.0}
{"generation": 2, "position": 35, "parents": [30], "genome": "d(13) r(3,15) r(8,4)", "fitness": 1.0}
{"generation": 2, "position": 36, "parents": [57, 8], "genome": "d(2) r(12,16) d(9) a(3,16)", "fitness": 0.0}
{"generation": 2, "position": 37, "parents": [57, 8], "genome": "d(13) d(5)", "fitness": 0.0}
{"generation": 2, "position": 38, "parents": [57], "genome": "d(2) r(12,16) r(13,17)", "fitness": 0.0}
{"generation": 2, "position": 39, "parents": [8], "genome": "d(13) d(9) d(1)", "fitness": 4.0}
{"generation": 2, "position": 40, "parents": [46, 31], "genome": "d(2) d(12)", "fitness": 0.0}
{"generation": 2, "position": 41, "parents": [46, 31], "genome": "d(4) a(1,1) d(1) a(3,14)", "fitness": 13.0}
{"generation": 2, "position": 42, "parents": [46], "genome": "d(2) d(1) d(13)", "fitness": 0.0}
{"generation": 2, "position": 43, "parents": [31], "genome": "d(4) a(1,1) d(3)", "fitness": 13.0}
{"generation": 2, "position": 44, "parents": [46], "genome": "d(2) d(1) a(14,12)", "fitness": 0.0}
{"generation": 2, "position": 45, "parents": [37], "genome": "d(9) r(8,13) r(1,13)", "fitness": 4.0}
{"generation": 2, "position": 46, "parents": [33, 24], "genome": "d(4) a(1,6) d(13) r(2,4)", "fitness": 0.0}
{"generation": 2, "position": 47, "parents": [33, 24], "genome": "d(2) a(13,5)", "fitness": 0.0}
{"generation": 2, "position": 48, "parents": [33], "genome": "d(4) a(1,6) d(3)", "fitness": 13.0}
{"generation": 2, "position": 49, "parents": [24], "genome": "d(2) d(13) r(5,12)", "fitness": 0.0}
{"generation": 2, "position": 50, "parents": [59, 25], "genome": "d(12) r(13,8)", "fitness": 4.0}
{"generation": 2, "position": 51, "parents": [59, 25], "genome": "d(14) a(13,12) a(13,10) d(13)", "fitness": 5.0}
{"generation": 2, "position": 52, "parents": [59], "genome": "d(12) a(13,10) a(6,5)", "fitness": 4.0}
{"generation": 2, "position": 53, "parents": [25], "genome": "d(14) a(13,12) d(13)", "fitness": 5.0}
{"generation": 2, "position": 54, "parents": [49, 39], "genome": "d(2) a(13,5) d(5) a(14,8)", "fitness": 0.0}
{"generation": 2, "position": 55, "parents": [49, 39], "genome": "d(13) d(1)", "fitness": 42.0}
{"generation": 2, "position": 56, "parents": [49], "genome": "d(2) a(13,5) d(8)", "fitness": 0.0}
{"generation": 2, "position": 57, "parents": [39], "genome": "d(13) d(5) a(4,4)", "fitness": 0.0}
{"generation": 2, "position": 58, "parents": [44, 19], "genome": "d(2) r(5,3)", "fitness": 0.0}
{"generation": 2, "position": 59, "parents": [44, 19], "genome": "d(12) r(13,4) a(5,5) d(4)", "fitness": 13.0}
{"generation": 2, "position": 60, "parents": [44], "genome": "d(2) a(5,5) d(3)", "fitness": 0.0}
{"generation": 2, "position": 61, "parents": [19], "genome": "d(12) r(13,4) d(3)", "fitness": 13.0}
{"generation": 2, "position": 62, "parents": [29, 58], "genome": "d(2) a(14,8)", "fitness": 0.0}
{"generation": 2, "position": 63, "parents": [29, 58], "genome": "d(2) a(10,10) a(13,8) d(6)", "fitness": 0.0}
{"generation": 2, "position": 64, "parents": [29], "genome": "d(2) a(13,8) d(13)", "fitness": 0.0}
{"generation": 3, "position": 0, "parents": [21, 6], "genome": "r(12,4) a(13,11) r(5,11) a(9,11) a(4,12)", "fitness": 0.0}
{"generation": 3, "position": 1, "parents": [21, 6], "genome": "d(2) r(13,2) d(9)", "fitness": 0.0}
{"generation": 3, "position": 2, "parents": [21], "genome": "r(12,4) a(13,11) r(13,2) a(5,16)", "fitness": 4.0}
{"generation": 3, "position": 3, "parents": [6], "genome": "d(2) r(5,11) a(9,11) d(9)", "fitness": 0.0}
{"generation": 3, "position": 4, "parents": [5, 17], "genome": "d(2) d(5)", "fitness": 0.0}
{"generation": 3, "position": 5, "parents": [5, 17], "genome": "r(2,8) r(13,3) d(13) a(12,17) a(1,13)", "fitness": 0.0}
{"generation": 3, "position": 6, "parents": [5], "genome": "d(2) d(13) a(12,17) a(1,6)", "fitness": 0.0}
{"generation": 3, "position": 7, "parents": [17], "genome": "r(2,8) r(13,3) r(4,10)", "fitness": 0.0}
{"generation": 3, "position": 8, "parents": [35], "genome": "d(13) r(3,15) r(8,4) d(2)", "fitness": 0.0}
{"generation": 3, "position": 9, "parents": [53], "genome": "d(14) a(13,12) d(13) a(2,6)", "fitness": 5.0}
{"generation": 3, "position": 10, "parents": [36, 14], "genome": "d(2) r(12,16) d(9) r(12,16) d(13) r(6,3)", "fitness": 0.0}
{"generation": 3, "position": 11, "parents": [36, 14], "genome": "d(2) a(3,16) r(12,17)", "fitness": 0.0}
{"generation": 3, "position": 12, "parents": [36], "genome": "d(2) r(12,16) d(9) a(3,16) r(5,9)", "fitness": 0.0}
{"generation": 3, "position": 13, "parents": [14], "genome": "d(2) r(12,16) d(13) a(5,3)", "fitness": 0.0}
{"generation": 3, "position": 14, "parents": [54, 4], "genome": "d(2) a(13,5) d(5) d(13)", "fitness": 0.0}
{"generation": 3, "position": 15, "parents": [54, 4], "genome": "d(2) d(13) a(12,10) a(14,8) a(4,13)", "fitness": 0.0}
{"generation": 3, "position": 16, "parents": [54], "genome": "d(2) a(13,5) d(5) a(14,8) d(10)", "fitness": 0.0}
{"generation": 3, "position": 17, "parents": [4], "genome": "d(2) d(13) a(12,10) d(11)", "fitness": 0.0}
{"generation": 3, "position": 18, "parents": [15, 22], "genome": "r(2,8) a(13,6) r(15,5) d(4)", "fitness": 0.0}
{"generation": 3, "position": 19, "parents": [15, 22], "genome": "d(2) r(13,5) a(6,10)", "fitness": 0.0}
{"generation": 3, "position": 20, "parents": [15], "genome": "r(2,8) a(13,6) r(5,9)", "fitness": 0.0}
{"generation": 3, "position": 21, "parents": [22], "genome": "d(2) r(13,5) r(15,5) d(8)", "fitness": 0.0}
{"generation": 3, "position": 22, "parents": [1], "genome": "d(2) d(13) r(1,6) d(12)", "fitness": 0.0}
{"generation": 3, "position": 23, "parents": [49], "genome": "d(2) d(13) r(5,12) r(3,17)", "fitness": 0.0}
{"generation": 3, "position": 24, "parents": [9, 28], "genome": "d(12) r(5,11) a(14,8)", "fitness": 0.0}
{"generation": 3, "position": 25, "parents": [9, 28], "genome": "d(13) a(8,12) a(13,10) a(10,16)", "fitness": 4.0}
{"generation": 3, "position": 26, "parents": [9], "genome": "d(12) r(5,11) a(13,10) a(11,2)", "fitness": 0.0}
{"generation": 3, "position": 27, "parents": [28], "genome": "d(13) a(8,12) d(14)", "fitness": 4.0}
{"generation": 3, "position": 28, "parents": [16], "genome": "d(2) r(12,16) a(13,12) r(13,6)", "fitness": 0.0}
{"generation": 3, "position": 29, "parents": [19], "genome": "d(2) a(5,5) r(14,4) r(15,9)", "fitness": 0.0}
{"generation": 3, "position": 30, "parents": [37, 2], "genome": "d(13) d(5) a(13,8) r(10,5) d(15)", "fitness": 4.0}
{"generation": 3, "position": 31, "parents": [37, 2], "genome": "d(2) d(13)", "fitness": 0.0}
{"generation": 3, "position": 32, "parents": [37], "genome": "d(13) d(5) a(4,10)", "fitness": 0.0}
{"generation": 3, "position": 33, "parents": [2], "genome": "d(2) a(13,8) r(10,5) d(14)", "fitness": 0.0}
{"generation": 3, "position": 34, "parents": [35], "genome": "d(13) r(3,15) r(8,4) d(6)", "fitness": 1.0}
{"generation": 3, "position": 35, "parents": [17], "genome": "r(2,8) r(13,3) a(12,13)", "fitness": 0.0}
{"generation": 3, "position": 36, "parents": [58], "genome": "d(2) r(5,3) d(13)", "fitness": 0.0}
{"generation": 3, "position": 37, "parents": [38], "genome": "d(2) r(12,16) r(13,17) r(9,11)", "fitness": 0.0}
{"generation": 3, "position": 38, "parents": [15], "genome": "r(2,8) a(13,6) a(10,5)", "fitness": 0.0}
{"generation": 3, "position": 39, "parents": [37], "genome": "d(13) d(5) a(10,6)", "fitness": 0.0}
{"generation": 3, "position": 40, "parents": [54, 14], "genome": "d(2) a(13,5) d(5) r(12,16) d(13) d(1)", "fitness": 0.0}
{"generation": 3, "position": 41, "parents": [54, 14], "genome": "d(2) a(14,8) a(1,6)", "fitness": 0.0}
{"generation": 3, "position": 42, "parents": [54], "genome": "d(2) a(13,5) d(5) a(14,8) a(13,10)", "fitness": 0.0}
{"generation": 3, "position": 43, "parents": [14], "genome": "d(2) r(12,16) d(13) d(15)", "fitness": 0.0}
{"generation": 3, "position": 44, "parents": [14], "genome": "d(2) r(12,16) d(13) r(15,6)", "fitness": 0.0}
{"generation": 3, "position": 45, "parents": [31], "genome": "d(2) d(13) d(12) r(5,12)", "fitness": 0.0}
{"generation": 3, "position": 46, "parents": [36], "genome": "d(2) r(12,16) d(9) a(3,16) a(8,9)", "fitness": 0.0}
{"generation": 3, "position": 47, "parents": [38], "genome": "d(2) r(12,16) r(13,17) d(8)", "fitness": 0.0}
{"generation": 3, "position": 48, "parents": [1], "genome": "d(2) d(13) r(1,6) r(12,3)", "fitness": 0.0}
{"generation": 3, "position": 49, "parents": [49], "genome": "d(2) d(13) r(5,12) d(12)", "fitness": 0.0}
{"generation": 3, "position": 50, "parents": [58, 22], "genome": "d(2) r(5,3) r(13,5) r(15,5) r(1,13)", "fitness": 0.0}
{"generation": 3, "position": 51, "parents": [58, 22], "genome": "d(2) d(13)", "fitness": 0.0}
{"generation": 3, "position": 52, "parents": [58], "genome": "d(2) r(5,3) r(13,17)", "fitness": 0.0}
{"generation": 3, "position": 53, "parents": [22], "genome": "d(2) r(13,5) r(15,5) d(3)", "fitness": 0.0}
{"generation": 3, "position": 54, "parents": [38, 64], "genome": "d(2) d(13) d(3)", "fitness": 0.0}
{"generation": 3, "position": 55, "parents": [38, 64], "genome": "d(2) a(13,8) r(12,16) r(13,17) r(15,8)", "fitness": 0.0}
{"generation": 3, "position": 56, "parents": [38], "genome": "d(2) r(12,16) r(13,17) r(1,17)", "fitness": 0.0}
{"generation": 3, "position": 57, "parents": [64], "genome": "d(2) a(13,8) d(13) a(1,13)", "fitness": 0.0}
{"generation": 3, "position": 58, "parents": [40, 38], "genome": "d(2) r(12,16) r(13,17) r(8,17)", "fitness": 0.0}
{"generation": 3, "position": 59, "parents": [40, 38], "genome": "d(2) d(12) r(15,14)", "fitness": 0.0}
{"generation": 3, "position": 60, "parents": [40], "genome": "d(2) d(12) r(3,2)", "fitness": 13.0}
{"generation": 4, "position": 0, "parents": [24], "genome": "d(12) r(5,11) a(14,8) r(14,17)", "fitness": 0.0}
{"generation": 4, "position": 1, "parents": [56], "genome": "d(2) r(12,16) r(13,17) r(1,17) d(8)", "fitness": 0.0}
{"generation": 4, "position": 2, "parents": [3, 49], "genome": "d(2) r(5,11) r(5,12) d(12) d(13)", "fitness": 0.0}
{"generation": 4, "position": 3, "parents": [3, 49], "genome": "d(2) d(13) a(9,11) d(9) a(6,9)", "fitness": 0.0}
{"generation": 4, "position": 4, "parents": [3], "genome": "d(2) r(5,11) a(9,11) d(9) a(4,8)", "fitness": 0.0}
{"generation": 4, "position": 5, "parents": [49], "genome": "d(2) d(13) r(5,12) d(12) a(9,9)", "fitness": 0.0}
{"generation": 4, "position": 6, "parents": [32], "genome": "d(13) d(5) a(4,10) d(3)", "fitness": 0.0}
{"generation": 4, "position": 7, "parents": [1], "genome": "d(2) r(13,2) d(9) d(6)", "fitness": 0.0}
{"generation": 4, "position": 8, "parents": [26, 58], "genome": "d(12) r(5,11) r(8,17) a(1,6)", "fitness": 0.0}
{"generation": 4, "position": 9, "parents": [26, 58], "genome": "d(2) r(12,16) r(13,17) a(13,10) a(11,2) r(9,13)", "fitness": 0.0}
{"generation": 4, "position": 10, "parents": [26], "genome": "d(12) r(5,11) a(13,10) a(11,2) r(13,16)", "fitness": 0.0}
{"generation": 4, "position": 11, "parents": [58], "genome": "d(2) r(12,16) r(13,17) r(8,17) r(11,4)", "fitness": 0.0}
{"generation": 4, "position": 12, "parents": [33], "genome": "d(2) a(13,8) r(10,5) d(14) d(9)", "fitness": 0.0}
{"generation": 4, "position": 13, "parents": [37], "genome": "d(2) r(12,16) r(13,17) r(9,11) a(1,17)", "fitness": 0.0}
{"generation": 4, "position": 14, "parents": [59], "genome": "d(2) d(12) r(15,14) r(1,17)", "fitness": 0.0}
{"generation": 4, "position": 15, "parents": [23], "genome": "d(2) d(13) r(5,12) r(3,17) d(10)", "fitness": 0.0}
{"generation": 4, "position": 16, "parents": [58], "genome": "d(2) r(12,16) r(13,17) r(8,17) r(4,16)", "fitness": 0.0}
{"generation": 4, "position": 17, "parents": [19], "genome": "d(2) r(13,5) a(6,10) a(15,13)", "fitness": 0.0}
{"generation": 4, "position": 18, "parents": [3], "genome": "d(2) r(5,11) a(9,11) d(9) a(1,13)", "fitness": 0.0}
{"generation": 4, "position": 19, "parents": [42], "genome": "d(2) a(13,5) d(5) a(14,8) a(13,10) d(13)", "fitness": 0.0}
{"generation": 4, "position": 20, "parents": [31], "genome": "d(2) d(13) r(6,4)", "fitness": 0.0}
{"generation": 4, "position": 21, "parents": [10], "genome": "d(2) r(12,16) d(9) r(12,16) d(13) r(6,3) r(1,17)", "fitness": 0.0}
{"generation": 4, "position": 22, "parents": [26], "genome": "d(12) r(5,11) a(13,10) a(11,2) d(13)", "fitness": 0.0}
{"generation": 4, "position": 23, "parents": [51], "genome": "d(2) d(13) a(15,5)", "fitness": 0.0}
{"generation": 4, "position": 24, "parents": [40, 46], "genome": "d(2) a(8,9) r(13,9)", "fitness": 0.0}
{"generation": 4, "position": 25, "parents": [40, 46], "genome": "d(2) r(12,16) d(9) a(3,16) a(13,5) d(5) r(12,16) d(13) d(1) a(4,15)", "fitness": 0.0}
{"generation": 4, "position": 26, "parents": [40], "genome": "d(2) a(13,5) d(5) r(12,16) d(13) d(1) r(4,17)", "fitness": 0.0}
{"generation": 4, "position": 27, "parents": [46], "genome": "d(2) r(12,16) d(9) a(3,16) a(8,9) r(8,14)", "fitness": 0.0}
{"generation": 4, "position": 28, "parents": [19, 59], "genome": "d(2) r(13,5) d(12) r(15,14) d(10)", "fitness": 0.0}
{"generation": 4, "position": 29, "parents": [19, 59], "genome": "d(2) a(6,10) r(13,17)", "fitness": 0.0}
{"generation": 4, "position": 30, "parents": [19], "genome": "d(2) r(13,5) a(6,10) r(1,13)", "fitness": 0.0}
{"generation": 4, "position": 31, "parents": [59], "genome": "d(2) d(12) r(15,14) d(8)", "fitness": 0.0}
{"generation": 4, "position": 32, "parents": [29, 3], "genome": "d(2) a(5,5) r(14,4) d(9) a(5,16)", "fitness": 0.0}
{"generation": 4, "position": 33, "parents": [29, 3], "genome": "d(2) r(5,11) a(9,11) r(15,9) d(14)", "fitness": 0.0}
{"generation": 4, "position": 34, "parents": [29], "genome": "d(2) a(5,5) r(14,4) r(15,9) r(3,14)", "fitness": 0.0}
{"generation": 4, "position": 35, "parents": [3], "genome": "d(2) r(5,11) a(9,11) d(9) a(3,15)", "fitness": 0.0}
{"generation": 4, "position": 36, "parents": [55, 33], "genome": "d(2) a(13,8) r(12,16) r(13,17) r(15,8) a(13,8) r(10,5) d(14) r(6,3)", "fitness": 0.0}
{"generation": 4, "position": 37, "parents": [55, 33], "genome": "d(2) d(13)", "fitness": 0.0}
{"generation": 4, "position": 38, "parents": [55], "genome": "d(2) a(13,8) r(12,16) r(13,17) r(15,8) d(9)", "fitness": 0.0}
{"generation": 4, "position": 39, "parents": [33], "genome": "d(2) a(13,8) r(10,5) d(14) r(15,10)", "fitness": 0.0}
{"generation": 4, "position": 40, "parents": [3, 5], "genome": "d(2) r(5,11) a(9,11) d(9) r(4,8)", "fitness": 0.0}
{"generation": 4, "position": 41, "parents": [3, 5], "genome": "r(2,8) r(13,3) d(13) a(12,17) a(1,13) a(8,12)", "fitness": 0.0}
{"generation": 4, "position": 42, "parents": [3], "genome": "d(2) r(5,11) a(9,11) d(9) a(1,17)", "fitness": 0.0}
{"generation": 4, "position": 43, "parents": [5], "genome": "r(2,8) r(13,3) d(13) a(12,17) a(1,13) r(8,10)", "fitness": 0.0}
{"generation": 4, "position": 44, "parents": [44, 1], "genome": "d(2) r(12,16) d(13) r(15,6) r(14,17)", "fitness": 0.0}
{"generation": 4, "position": 45, "parents": [44, 1], "genome": "d(2) r(13,2) d(9) d(8)", "fitness": 0.0}
{"generation": 4, "position": 46, "parents": [44], "genome": "d(2) r(12,16) d(13) r(15,6) r(5,8)", "fitness": 0.0}
{"generation": 4, "position": 47, "parents": [1], "genome": "d(2) r(13,2) d(9) r(1,17)", "fitness": 0.0}
{"generation": 4, "position": 48, "parents": [24, 32], "genome": "d(12) r(5,11) a(14,8) d(5) a(4,10) d(13)", "fitness": 0.0}
{"generation": 4, "position": 49, "parents": [24, 32], "genome": "d(13) r(9,17)", "fitness": 4.0}
{"generation": 4, "position": 50, "parents": [24], "genome": "d(12) r(5,11) a(14,8) a(13,11)", "fitness": 0.0}
{"generation": 4, "position": 51, "parents": [32], "genome": "d(13) d(5) a(4,10) d(14)", "fitness": 0.0}
{"generation": 4, "position": 52, "parents": [51], "genome": "d(2) d(13) d(15)", "fitness": 0.0}
{"generation": 4, "position": 53, "parents": [48], "genome": "d(2) d(13) r(1,6) r(12,3) r(4,8)", "fitness": 0.0}
{"generation": 4, "position": 54, "parents": [29, 13], "genome": "d(2) a(5,5) r(14,4) r(12,16) d(13) a(5,3) a(3,13)", "fitness": 0.0}
{"generation": 4, "position": 55, "parents": [29, 13], "genome": "d(2) r(15,9) d(11)", "fitness": 0.0}
{"generation": 4, "position": 56, "parents": [29], "genome": "d(2) a(5,5) r(14,4) r(15,9) d(13)", "fitness": 0.0}
{"generation": 4, "position": 57, "parents": [13], "genome": "d(2) r(12,16) d(13) a(5,3) r(1,13)", "fitness": 0.0}
{"generation": 4, "position": 58, "parents": [53, 44], "genome": "d(2) r(15,6) a(13,12)", "fitness": 0.0}
{"generation": 4, "position": 59, "parents": [53, 44], "genome": "d(2) r(12,16) d(13) r(13,5) r(15,5) d(3) d(1)", "fitness": 0.0}
{"generation": 4, "position": 60, "parents": [53], "genome": "d(2) r(13,5) r(15,5) d(3) r(11,9)", "fitness": 0.0}
{"generation": 5, "position": 0, "parents": [9], "genome": "d(2) r(12,16) r(13,17) a(13,10) a(11,2) r(9,13) a(3,3)", "fitness": 0.0}
{"generation": 5, "position": 1, "parents": [51], "genome": "d(13) d(5) a(4,10) d(14) a(3,12)", "fitness": 0.0}
{"generation": 5, "position": 2, "parents": [7, 24], "genome": "d(2) r(13,2) d(9) a(8,9) r(13,9) a(8,5)", "fitness": 0.0}
{"generation": 5, "position": 3, "parents": [7, 24], "genome": "d(2) d(6) a(12,16)", "fitness": 0.0}
{"generation": 5, "position": 4, "parents": [7], "genome": "d(2) r(13,2) d(9) d(6) a(5,11)", "fitness": 0.0}
{"generation": 5, "position": 5, "parents": [24], "genome": "d(2) a(8,9) r(13,9) r(3,16)", "fitness": 0.0}
{"generation": 5, "position": 6, "parents": [13], "genome": "d(2) r(12,16) r(13,17) r(9,11) a(1,17) d(8)", "fitness": 0.0}
{"generation": 5, "position": 7, "parents": [57], "genome": "d(2) r(12,16) d(13) a(5,3) r(1,13) d(14)", "fitness": 0.0}
{"generation": 5, "position": 8, "parents": [44], "genome": "d(2) r(12,16) d(13) r(15,6) r(14,17) r(8,6)", "fitness": 0.0}
{"generation": 5, "position": 9, "parents": [31], "genome": "d(2) d(12) r(15,14) d(8) a(13,17)", "fitness": 0.0}
{"generation": 5, "position": 10, "parents": [31], "genome": "d(2) d(12) r(15,14) d(8) r(3,14)", "fitness": 0.0}
{"generation": 5, "position": 11, "parents": [59], "genome": "d(2) r(12,16) d(13) r(13,5) r(15,5) d(3) d(1) r(8,13)", "fitness": 0.0}
{"generation": 5, "position": 12, "parents": [35, 4], "genome": "d(2) r(5,11) a(9,11) a(13,15)", "fitness": 0.0}
{"generation": 5, "position": 13, "parents": [35, 4], "genome": "d(2) r(5,11) a(9,11) d(9) a(4,8) d(9) a(3,15) r(3,10)", "fitness": 0.0}
{"generation": 5, "position": 14, "parents": [35], "genome": "d(2) r(5,11) a(9,11) d(9) a(3,15) a(1,6)", "fitness": 0.0}
{"generation": 5, "position": 15, "parents": [4], "genome": "d(2) r(5,11) a(9,11) d(9) a(4,8) a(3,3)", "fitness": 0.0}
{"generation": 5, "position": 16, "parents": [8], "genome": "d(12) r(5,11) r(8,17) a(1,6) r(10,3)", "fitness": 0.0}
{"generation": 5, "position": 17, "parents": [50], "genome": "d(12) r(5,11) a(14,8) a(13,11) a(8,14)", "fitness": 0.0}
{"generation": 5, "position": 18, "parents": [25], "genome": "d(2) r(12,16) d(9) a(3,16) a(13,5) d(5) r(12,16) d(13) d(1) a(4,15) d(8)", "fitness": 0.0}
{"generation": 5, "position": 19, "parents": [4], "genome": "d(2) r(5,11) a(9,11) d(9) a(4,8) r(1,17)", "fitness": 0.0}
{"generation": 5, "position": 20, "parents": [45], "genome": "d(2) r(13,2) d(9) d(8) a(1,6)", "fitness": 0.0}
{"generation": 5, "position": 21, "parents": [46], "genome": "d(2) r(12,16) d(13) r(15,6) r(5,8) r(4,14)", "fitness": 0.0}
{"generation": 5, "position": 22, "parents": [9, 17], "genome": "d(2) a(6,10) a(15,13) r(4,12)", "fitness": 0.0}
{"generation": 5, "position": 23, "parents": [9, 17], "genome": "d(2) r(13,5) r(12,16) r(13,17) a(13,10) a(11,2) r(9,13) a(5,6)", "fitness": 0.0}
{"generation": 5, "position": 24, "parents": [9], "genome": "d(2) r(12,16) r(13,17) a(13,10) a(11,2) r(9,13) a(8,12)", "fitness": 0.0}
{"generation": 5, "position": 25, "parents": [17], "genome": "d(2) r(13,5) a(6,10) a(15,13) d(14)", "fitness": 0.0}
{"generation": 5, "position": 26, "parents": [46, 2], "genome": "d(2) r(12,16) d(13) r(15,6) r(5,8) r(5,11) r(5,12) d(12) d(13) d(8)", "fitness": 0.0}
{"generation": 5, "position": 27, "parents": [46, 2], "genome": "d(2) d(13)", "fitness": 0.0}
{"generation": 5, "position": 28, "parents": [46], "genome": "d(2) r(12,16) d(13) r(15,6) r(5,8) r(14,10)", "fitness": 0.0}
{"generation": 5, "position": 29, "parents": [2], "genome": "d(2) r(5,11) r(5,12) d(12) d(13) a(8,12)", "fitness": 0.0}
{"generation": 5, "position": 30, "parents": [52], "genome": "d(2) d(13) d(15) d(1)", "fitness": 0.0}
{"generation": 5, "position": 31, "parents": [5], "genome": "d(2) d(13) r(5,12) d(12) a(9,9) d(14)", "fitness": 0.0}
{"generation": 5, "position": 32, "parents": [15], "genome": "d(2) d(13) r(5,12) r(3,17) d(10) r(9,11)", "fitness": 0.0}
{"generation": 5, "position": 33, "parents": [10], "genome": "d(12) r(5,11) a(13,10) a(11,2) r(13,16) a(9,16)", "fitness": 0.0}
{"generation": 5, "position": 34, "parents": [1, 53], "genome": "d(2) r(12,16) r(13,17) r(1,17) r(4,8) a(3,16)", "fitness": 0.0}
{"generation": 5, "position": 35, "parents": [1, 53], "genome": "d(2) d(13) r(1,6) r(12,3) d(8) d(3)", "fitness": 0.0}
{"generation": 5, "position": 36, "parents": [1], "genome": "d(2) r(12,16) r(13,17) r(1,17) d(8) r(11,17)", "fitness": 0.0}
{"generation": 5, "position": 37, "parents": [53], "genome": "d(2) d(13) r(1,6) r(12,3) r(4,8) r(3,16)", "fitness": 0.0}
{"generation": 5, "position": 38, "parents": [29, 31], "genome": "d(2) a(6,10) r(15,14) d(8) r(11,8)", "fitness": 0.0}
{"generation": 5, "position": 39, "parents": [29, 31], "genome": "d(2) d(12) r(13,17) d(14)", "fitness": 0.0}
{"generation": 5, "position": 40, "parents": [29], "genome": "d(2) a(6,10) r(13,17) r(4,2)", "fitness": 13.0}
{"generation": 5, "position": 41, "parents": [31], "genome": "d(2) d(12) r(15,14) d(8) r(13,5)", "fitness": 0.0}
{"generation": 5, "position": 42, "parents": [60, 45], "genome": "d(2) r(13,5) r(13,2) d(9) d(8) a(3,15)", "fitness": 0.0}
{"generation": 5, "position": 43, "parents": [60, 45], "genome": "d(2) r(15,5) d(3) r(11,9) d(9)", "fitness": 0.0}
{"generation": 5, "position": 44, "parents": [60], "genome": "d(2) r(13,5) r(15,5) d(3) r(11,9) d(10)", "fitness": 0.0}
{"generation": 5, "position": 45, "parents": [45], "genome": "d(2) r(13,2) d(9) d(8) a(3,17)", "fitness": 0.0}
{"generation": 5, "position": 46, "parents": [52], "genome": "d(2) d(13) d(15) a(8,11)", "fitness": 0.0}
{"generation": 5, "position": 47, "parents": [23], "genome": "d(2) d(13) a(15,5) r(10,12)", "fitness": 0.0}
{"generation": 5, "position": 48, "parents": [11, 22], "genome": "d(2) r(12,16) a(13,10) a(11,2) d(13) r(8,6)", "fitness": 0.0}
{"generation": 5, "position": 49, "parents": [11, 22], "genome": "d(12) r(5,11) r(13,17) r(8,17) r(11,4) r(2,4)", "fitness": 0.0}
{"generation": 5, "position": 50, "parents": [11], "genome": "d(2) r(12,16) r(13,17) r(8,17) r(11,4) r(3,8)", "fitness": 0.0}
{"generation": 5, "position": 51, "parents": [22], "genome": "d(12) r(5,11) a(13,10) a(11,2) d(13) d(3)", "fitness": 0.0}
{"generation": 5, "position": 52, "parents": [53], "genome": "d(2) d(13) r(1,6) r(12,3) r(4,8) r(3,11)", "fitness": 0.0}
{"generation": 5, "position": 53, "parents": [55], "genome": "d(2) r(15,9) d(11) a(14,6)", "fitness": 0.0}
{"generation": 5, "position": 54, "parents": [47, 52], "genome": "d(2) r(13,2) d(9) r(1,17) d(5)", "fitness": 0.0}
{"generation": 5, "position": 55, "parents": [47, 52], "genome": "d(2) d(13) d(15) a(6,16)", "fitness": 0.0}
{"generation": 5, "position": 56, "parents": [47], "genome": "d(2) r(13,2) d(9) r(1,17) a(8,17)", "fitness": 0.0}
{"generation": 6, "position": 0, "parents": [11], "genome": "d(2) r(12,16) d(13) r(13,5) r(15,5) d(3) d(1) r(8,13) a(5,9)", "fitness": 0.0}
{"generation": 6, "position": 1, "parents": [6], "genome": "d(2) r(12,16) r(13,17) r(9,11) a(1,17) d(8) a(3,4)", "fitness": 0.0}
{"generation": 6, "position": 2, "parents": [51, 34], "genome": "d(12) r(5,11) a(13,10) a(11,2) a(3,16) r(13,9)", "fitness": 0.0}
{"generation": 6, "position": 3, "parents": [51, 34], "genome": "d(2) r(12,16) r(13,17) r(1,17) r(4,8) d(13) d(3)", "fitness": 0.0}
{"generation": 6, "position": 4, "parents": [51], "genome": "d(12) r(5,11) a(13,10) a(11,2) d(13) d(3) r(9,11)", "fitness": 0.0}
{"generation": 6, "position": 5, "parents": [34], "genome": "d(2) r(12,16) r(13,17) r(1,17) r(4,8) a(3,16) a(3,6)", "fitness": 0.0}
{"generation": 6, "position": 6, "parents": [13, 29], "genome": "d(2) r(5,11) a(9,11) r(5,12) d(12) d(13) a(8,12) a(3,16)", "fitness": 0.0}
{"generation": 6, "position": 7, "parents": [13, 29], "genome": "d(2) r(5,11) d(9) a(4,8) d(9) a(3,15) r(3,10) r(4,15)", "fitness": 0.0}
{"generation": 6, "position": 8, "parents": [13], "genome": "d(2) r(5,11) a(9,11) d(9) a(4,8) d(9) a(3,15) r(3,10) r(4,17)", "fitness": 0.0}
{"generation": 6, "position": 9, "parents": [29], "genome": "d(2) r(5,11) r(5,12) d(12) d(13) a(8,12) a(10,15)", "fitness": 0.0}
{"generation": 6, "position": 10, "parents": [53, 28], "genome": "d(2) r(14,10) r(13,8)", "fitness": 0.0}
{"generation": 6, "position": 11, "parents": [53, 28], "genome": "d(2) r(12,16) d(13) r(15,6) r(5,8) r(15,9) d(11) a(14,6) r(10,4)", "fitness": 0.0}
{"generation": 6, "position": 12, "parents": [53], "genome": "d(2) r(15,9) d(11) a(14,6) r(13,3)", "fitness": 0.0}
{"generation": 6, "position": 13, "parents": [28], "genome": "d(2) r(12,16) d(13) r(15,6) r(5,8) r(14,10) d(8)", "fitness": 0.0}
{"generation": 6, "position": 14, "parents": [9], "genome": "d(2) d(12) r(15,14) d(8) a(13,17) r(9,14)", "fitness": 0.0}
{"generation": 6, "position": 15, "parents": [3], "genome": "d(2) d(6) a(12,16) d(13)", "fitness": 0.0}
{"generation": 6, "position": 16, "parents": [26], "genome": "d(2) r(12,16) d(13) r(15,6) r(5,8) r(5,11) r(5,12) d(12) d(13) d(8) r(3,2)", "fitness": 0.0}
{"generation": 6, "position": 17, "parents": [17], "genome": "d(12) r(5,11) a(14,8) a(13,11) a(8,14) d(13)", "fitness": 0.0}
{"generation": 6, "position": 18, "parents": [41, 20], "genome": "d(2) r(13,2) d(9) d(8) a(1,6) a(6,6)", "fitness": 0.0}
{"generation": 6, "position": 19, "parents": [41, 20], "genome": "d(2) d(12) r(15,14) d(8) r(13,5) a(5,13)", "fitness": 0.0}
{"generation": 6, "position": 20, "parents": [41], "genome": "d(2) d(12) r(15,14) d(8) r(13,5) r(1,17)", "fitness": 0.0}
{"generation": 6, "position": 21, "parents": [20], "genome": "d(2) r(13,2) d(9) d(8) a(1,6) r(3,13)", "fitness": 0.0}
{"generation": 6, "position": 22, "parents": [8, 45], "genome": "d(2) r(12,16) d(13) r(15,6) r(14,17) r(8,6) a(11,10)", "fitness": 0.0}
{"generation": 6, "position": 23, "parents": [8, 45], "genome": "d(2) r(13,2) d(9) d(8) a(3,17) a(3,13)", "fitness": 0.0}
{"generation": 6, "position": 24, "parents": [8], "genome": "d(2) r(12,16) d(13) r(15,6) r(14,17) r(8,6) r(9,5)", "fitness": 0.0}
{"generation": 6, "position": 25, "parents": [45], "genome": "d(2) r(13,2) d(9) d(8) a(3,17) d(5)", "fitness": 0.0}
{"generation": 6, "position": 26, "parents": [25, 48], "genome": "d(2) d(13) r(8,6) r(14,12)", "fitness": 0.0}
{"generation": 6, "position": 27, "parents": [25, 48], "genome": "d(2) r(12,16) a(13,10) a(11,2) r(13,5) a(6,10) a(15,13) d(14) d(8)", "fitness": 0.0}
{"generation": 6, "position": 28, "parents": [25], "genome": "d(2) r(13,5) a(6,10) a(15,13) d(14) d(5)", "fitness": 0.0}
{"generation": 6, "position": 29, "parents": [48], "genome": "d(2) r(12,16) a(13,10) a(11,2) d(13) r(8,6) r(14,17)", "fitness": 0.0}
{"generation": 6, "position": 30, "parents": [25, 1], "genome": "d(2) r(13,5) a(1,17)", "fitness": 0.0}
{"generation": 6, "position": 31, "parents": [25, 1], "genome": "d(13) d(5) a(4,10) d(14) a(3,12) a(6,10) a(15,13) d(14) r(1,17)", "fitness": 0.0}
{"generation": 6, "position": 32, "parents": [25], "genome": "d(2) r(13,5) a(6,10) a(15,13) d(14) d(9)", "fitness": 0.0}
{"generation": 6, "position": 33, "parents": [1], "genome": "d(13) d(5) a(4,10) d(14) a(3,12) a(12,17)", "fitness": 0.0}
{"generation": 6, "position": 34, "parents": [44, 56], "genome": "d(2) r(13,5) r(15,5) d(3) r(11,9) d(9) r(1,17) a(8,17) a(6,14)", "fitness": 0.0}
{"generation": 6, "position": 35, "parents": [44, 56], "genome": "d(2) r(13,2) d(10) a(1,6)", "fitness": 0.0}
{"generation": 6, "position": 36, "parents": [44], "genome": "d(2) r(13,5) r(15,5) d(3) r(11,9) d(10) r(8,14)", "fitness": 0.0}
{"generation": 6, "position": 37, "parents": [56], "genome": "d(2) r(13,2) d(9) r(1,17) a(8,17) d(6)", "fitness": 0.0}
{"generation": 6, "position": 38, "parents": [38], "genome": "d(2) a(6,10) r(15,14) d(8) r(11,8) d(13)", "fitness": 0.0}
{"generation": 6, "position": 39, "parents": [26], "genome": "d(2) r(12,16) d(13) r(15,6) r(5,8) r(5,11) r(5,12) d(12) d(13) d(8) a(1,17)", "fitness": 0.0}
{"generation": 6, "position": 40, "parents": [37], "genome": "d(2) d(13) r(1,6) r(12,3) r(4,8) r(3,16)", "fitness": 0.0}
{"generation": 6, "position": 41, "parents": [32], "genome": "d(2) d(13) r(5,12) r(3,17) d(10) r(9,11) a(1,13)", "fitness": 0.0}
{"generation": 6, "position": 42, "parents": [8, 9], "genome": "d(2) r(12,16) r(13,16)", "fitness": 0.0}
{"generation": 6, "position": 43, "parents": [8, 9], "genome": "d(2) d(12) r(15,14) d(8) a(13,17) d(13) r(15,6) r(14,17) r(8,6) d(3)", "fitness": 0.0}
{"generation": 6, "position": 44, "parents": [8], "genome": "d(2) r(12,16) d(13) r(15,6) r(14,17) r(8,6) d(3)", "fitness": 0.0}
{"generation": 6, "position": 45, "parents": [9], "genome": "d(2) d(12) r(15,14) d(8) a(13,17) r(14,2)", "fitness": 9.0}
{"generation": 6, "position": 46, "parents": [34], "genome": "d(2) r(12,16) r(13,17) r(1,17) r(4,8) a(3,16) d(3)", "fitness": 0.0}
{"generation": 6, "position": 47, "parents": [5], "genome": "d(2) a(8,9) r(13,9) r(3,16) a(11,6)", "fitness": 0.0}
{"generation": 6, "position": 48, "parents": [3, 45], "genome": "d(2) d(6) a(12,16) a(3,17) r(5,10)", "fitness": 0.0}
{"generation": 6, "position": 49, "parents": [3, 45], "genome": "d(2) r(13,2) d(9) d(8) a(1,17)", "fitness": 0.0}
{"generation": 6, "position": 50, "parents": [3], "genome": "d(2) d(6) a(12,16) r(13,15)", "fitness": 0.0}
{"generation": 6, "position": 51, "parents": [45], "genome": "d(2) r(13,2) d(9) d(8) a(3,17) r(5,9)", "fitness": 0.0}
{"generation": 6, "position": 52, "parents": [2], "genome": "d(2) r(13,2) d(9) a(8,9) r(13,9) a(8,5) r(5,6)", "fitness": 0.0}
{"generation": 6, "position": 53, "parents": [22], "genome": "d(2) a(6,10) a(15,13) r(4,12) a(3,16)", "fitness": 0.0}
{"generation": 6, "position": 54, "parents": [43, 42], "genome": "d(2) r(15,5) d(3) a(6,10)", "fitness": 0.0}
{"generation": 6, "position": 55, "parents": [43, 42], "genome": "d(2) r(13,5) r(13,2) d(9) d(8) a(3,15) r(11,9) d(9) r(5,4)", "fitness": 0.0}
{"generation": 6, "position": 56, "parents": [43], "genome": "d(2) r(15,5) d(3) r(11,9) d(9) d(5)", "fitness": 0.0}
{"generation": 6, "position": 57, "parents": [42], "genome": "d(2) r(13,5) r(13,2) d(9) d(8) a(3,15) r(5,14)", "fitness": 0.0}
{"generation": 6, "position": 58, "parents": [24], "genome": "d(2) r(12,16) r(13,17) a(13,10) a(11,2) r(9,13) a(8,12) r(6,14)", "fitness": 0.0}
{"generation": 6, "position": 59, "parents": [47], "genome": "d(2) d(13) a(15,5) r(10,12) d(1)", "fitness": 0.0}
{"generation": 6, "position": 60, "parents": [42, 20], "genome": "d(2) r(13,5) r(13,2) d(9) d(4)", "fitness": 0.0}
{"generation": 6, "position": 61, "parents": [42, 20], "genome": "d(2) r(13,2) d(9) d(8) a(1,6) d(8) a(3,15) r(5,3)", "fitness": 0.0}
{"generation": 6, "position": 62, "parents": [42], "genome": "d(2) r(13,5) r(13,2) d(9) d(8) a(3,15) d(3)", "fitness": 0.0}
{"generation": 7, "position": 0, "parents": [43, 9], "genome": "d(2) d(12) r(15,14) d(8) a(13,17) d(13) r(5,11) r(5,12) d(12) d(13) a(8,12) a(10,15) r(3,14)", "fitness": 0.0}
{"generation": 7, "position": 1, "parents": [43, 9], "genome": "d(2) r(15,6) r(14,17) r(8,6) d(3) r(13,14)", "fitness": 0.0}
{"generation": 7, "position": 2, "parents": [43], "genome": "d(2) d(12) r(15,14) d(8) a(13,17) d(13) r(15,6) r(14,17) r(8,6) d(3) r(9,14)", "fitness": 0.0}
{"generation": 7, "position": 3, "parents": [9], "genome": "d(2) r(5,11) r(5,12) d(12) d(13) a(8,12) a(10,15) r(4,12)", "fitness": 0.0}
{"generation": 7, "position": 4, "parents": [35, 1], "genome": "d(2) r(13,2) a(3,4) a(4,9)", "fitness": 0.0}
{"generation": 7, "position": 5, "parents": [35, 1], "genome": "d(2) r(12,16) r(13,17) r(9,11) a(1,17) d(8) d(10) a(1,6) a(6,8)", "fitness": 0.0}
{"generation": 7, "position": 6, "parents": [35], "genome": "d(2) r(13,2) d(10) a(1,6) r(4,8)", "fitness": 0.0}
{"generation": 7, "position": 7, "parents": [1], "genome": "d(2) r(12,16) r(13,17) r(9,11) a(1,17) d(8) a(3,4) d(3)", "fitness": 0.0}
{"generation": 7, "position": 8, "parents": [50], "genome": "d(2) d(6) a(12,16) r(13,15) r(12,10)", "fitness": 0.0}
{"generation": 7, "position": 9, "parents": [60], "genome": "d(2) r(13,5) r(13,2) d(9) d(4) d(1)", "fitness": 0.0}
{"generation": 7, "position": 10, "parents": [56], "genome": "d(2) r(15,5) d(3) r(11,9) d(9) d(5) a(8,11)", "fitness": 0.0}
{"generation": 7, "position": 11, "parents": [27], "genome": "d(2) r(12,16) a(13,10) a(11,2) r(13,5) a(6,10) a(15,13) d(14) d(8) a(4,16)", "fitness": 0.0}
{"generation": 7, "position": 12, "parents": [14], "genome": "d(2) d(12) r(15,14) d(8) a(13,17) r(9,14) r(5,2)", "fitness": 0.0}
{"generation": 7, "position": 13, "parents": [29], "genome": "d(2) r(12,16) a(13,10) a(11,2) d(13) r(8,6) r(14,17) r(1,6)", "fitness": 0.0}
{"generation": 7, "position": 14, "parents": [15], "genome": "d(2) d(6) a(12,16) d(13) d(4)", "fitness": 0.0}
{"generation": 7, "position": 15, "parents": [60], "genome": "d(2) r(13,5) r(13,2) d(9) d(4) d(1)", "fitness": 0.0}
{"generation": 7, "position": 16, "parents": [57], "genome": "d(2) r(13,5) r(13,2) d(9) d(8) a(3,15) r(5,14) r(4,8)", "fitness": 0.0}
{"generation": 7, "position": 17, "parents": [10], "genome": "d(2) r(14,10) r(13,8) a(9,8)", "fitness": 0.0}
{"generation": 7, "position": 18, "parents": [53], "genome": "d(2) a(6,10) a(15,13) r(4,12) a(3,16) d(1)", "fitness": 0.0}
{"generation": 7, "position": 19, "parents": [52], "genome": "d(2) r(13,2) d(9) a(8,9) r(13,9) a(8,5) r(5,6) d(4)", "fitness": 0.0}
{"generation": 7, "position": 20, "parents": [42, 21], "genome": "d(2) r(12,16) r(13,2) d(9) d(8) a(1,6) r(3,13) d(1)", "fitness": 0.0}
{"generation": 7, "position": 21, "parents": [42, 21], "genome": "d(2) r(13,16) r(6,11)", "fitness": 0.0}
{"generation": 7, "position": 22, "parents": [42], "genome": "d(2) r(12,16) r(13,16) d(5)", "fitness": 0.0}
{"generation": 7, "position": 23, "parents": [21], "genome": "d(2) r(13,2) d(9) d(8) a(1,6) r(3,13) d(5)", "fitness": 0.0}
{"generation": 7, "position": 24, "parents": [58], "genome": "d(2) r(12,16) r(13,17) a(13,10) a(11,2) r(9,13) a(8,12) r(6,14) r(3,6)", "fitness": 0.0}
{"generation": 7, "position": 25, "parents": [40], "genome": "d(2) d(13) r(1,6) r(12,3) r(4,8) r(3,16)", "fitness": 0.0}
{"generation": 7, "position": 26, "parents": [49, 37], "genome": "d(2) r(13,2) d(9) d(8) d(6) d(4)", "fitness": 0.0}
{"generation": 7, "position": 27, "parents": [49, 37], "genome": "d(2) r(13,2) d(9) r(1,17) a(8,17) a(1,17) r(4,12)", "fitness": 0.0}
{"generation": 7, "position": 28, "parents": [49], "genome": "d(2) r(13,2) d(9) d(8) a(1,17) r(4,14)", "fitness": 0.0}
{"generation": 7, "position": 29, "parents": [37], "genome": "d(2) r(13,2) d(9) r(1,17) a(8,17) d(6) r(8,16)", "fitness": 0.0}
{"generation": 7, "position": 30, "parents": [62, 14], "genome": "d(2) r(13,5) r(13,2) d(9) d(8) a(3,15) d(3) d(4)", "fitness": 0.0}
{"generation": 7, "position": 31, "parents": [62, 14], "genome": "d(2) d(12) r(15,14) d(8) a(13,17) r(9,14) a(5,10)", "fitness": 0.0}
{"generation": 7, "position": 32, "parents": [62], "genome": "d(2) r(13,5) r(13,2) d(9) d(8) a(3,15) d(3) a(6,16)", "fitness": 0.0}
{"generation": 7, "position": 33, "parents": [14], "genome": "d(2) d(12) r(15,14) d(8) a(13,17) r(9,14) d(6)", "fitness": 0.0}
{"generation": 7, "position": 34, "parents": [2], "genome": "d(12) r(5,11) a(13,10) a(11,2) a(3,16) r(13,9) a(3,17)", "fitness": 0.0}
{"generation": 7, "position": 35, "parents": [8], "genome": "d(2) r(5,11) a(9,11) d(9) a(4,8) d(9) a(3,15) r(3,10) r(4,17) d(1)", "fitness": 0.0}
{"generation": 7, "position": 36, "parents": [30, 43], "genome": "d(2) r(13,5) d(3) r(11,16)", "fitness": 0.0}
{"generation": 7, "position": 37, "parents": [30, 43], "genome": "d(2) d(12) r(15,14) d(8) a(13,17) d(13) r(15,6) r(14,17) r(8,6) a(1,17) r(4,16)", "fitness": 0.0}
{"generation": 7, "position": 38, "parents": [30], "genome": "d(2) r(13,5) a(1,17) a(6,11)", "fitness": 0.0}
{"generation": 7, "position": 39, "parents": [43], "genome": "d(2) d(12) r(15,14) d(8) a(13,17) d(13) r(15,6) r(14,17) r(8,6) d(3) d(11)", "fitness": 0.0}
{"generation": 7, "position": 40, "parents": [47, 34], "genome": "d(2) a(8,9) r(13,9) r(3,16) a(11,6) r(13,5) r(15,5) d(3) r(11,9) d(9) r(1,17) a(8,17) a(6,14) d(5)", "fitness": 0.0}
{"generation": 7, "position": 41, "parents": [47, 34], "genome": "d(2) a(13,17)", "fitness": 0.0}
{"generation": 7, "position": 42, "parents": [47], "genome": "d(2) a(8,9) r(13,9) r(3,16) a(11,6) r(5,13)", "fitness": 0.0}
{"generation": 7, "position": 43, "parents": [34], "genome": "d(2) r(13,5) r(15,5) d(3) r(11,9) d(9) r(1,17) a(8,17) a(6,14) a(6,6)", "fitness": 0.0}
{"generation": 7, "position": 44, "parents": [51], "genome": "d(2) r(13,2) d(9) d(8) a(3,17) r(5,9) d(4)", "fitness": 0.0}
{"generation": 7, "position": 45, "parents": [4], "genome": "d(12) r(5,11) a(13,10) a(11,2) d(13) d(3) r(9,11) a(1,17)", "fitness": 0.0}
{"generation": 7, "position": 46, "parents": [31, 39], "genome": "d(13) d(5) a(4,10) d(14) a(3,12) a(6,10) r(5,11) r(5,12) d(12) d(13) d(8) a(1,17) r(9,4)", "fitness": 0.0}
{"generation": 7, "position": 47, "parents": [31, 39], "genome": "d(2) r(12,16) d(13) r(15,6) r(5,8) a(15,13) d(14) r(1,17) a(11,5)", "fitness": 0.0}
{"generation": 7, "position": 48, "parents": [31], "genome": "d(13) d(5) a(4,10) d(14) a(3,12) a(6,10) a(15,13) d(14) r(1,17) a(12,12)", "fitness": 0.0}
{"generation": 7, "position": 49, "parents": [39], "genome": "d(2) r(12,16) d(13) r(15,6) r(5,8) r(5,11) r(5,12) d(12) d(13) d(8) a(1,17) r(1,13)", "fitness": 0.0}
{"generation": 7, "position": 50, "parents": [47, 41], "genome": "d(2) a(8,9) r(13,9) d(13) r(5,12) r(3,17) d(10) r(9,11) a(1,13) d(4)", "fitness": 0.0}
{"generation": 7, "position": 51, "parents": [47, 41], "genome": "d(2) r(3,16) a(11,6) a(13,6)", "fitness": 0.0}
{"generation": 7, "position": 52, "parents": [47], "genome": "d(2) a(8,9) r(13,9) r(3,16) a(11,6) d(10)", "fitness": 0.0}
{"generation": 7, "position": 53, "parents": [41], "genome": "d(2) d(13) r(5,12) r(3,17) d(10) r(9,11) a(1,13) r(4,10)", "fitness": 0.0}
{"generation": 7, "position": 54, "parents": [32], "genome": "d(2) r(13,5) a(6,10) a(15,13) d(14) d(9) a(8,2)", "fitness": 0.0}
{"generation": 7, "position": 55, "parents": [49], "genome": "d(2) r(13,2) d(9) d(8) a(1,17) a(5,15)", "fitness": 0.0}
{"generation": 7, "position": 56, "parents": [31, 43], "genome": "d(13) d(5) a(4,10) r(15,6) r(14,17) r(8,6) d(3) d(11)", "fitness": 0.0}
{"generation": 7, "position": 57, "parents": [31, 43], "genome": "d(2) d(12) r(15,14) d(8) a(13,17) d(13) d(14) a(3,12) a(6,10) a(15,13) d(14) r(1,17) d(4)", "fitness": 0.0}
{"generation": 7, "position": 58, "parents": [31], "genome": "d(13) d(5) a(4,10) d(14) a(3,12) a(6,10) a(15,13) d(14) r(1,17) a(15,6)", "fitness": 0.0}
{"generation": 8, "position": 0, "parents": [18, 53], "genome": "d(2) r(5,12) r(3,17) d(10) r(9,11) a(1,13) r(4,10) a(1,6)", "fitness": 0.0}
{"generation": 8, "position": 1, "parents": [18, 53], "genome": "d(2) d(13) a(6,10) a(15,13) r(4,12) a(3,16) d(1) d(3)", "fitness": 0.0}
{"generation": 8, "position": 2, "parents": [18], "genome": "d(2) a(6,10) a(15,13) r(4,12) a(3,16) d(1) a(3,8)", "fitness": 0.0}
{"generation": 8, "position": 3, "parents": [53], "genome": "d(2) d(13) r(5,12) r(3,17) d(10) r(9,11) a(1,13) r(4,10) r(1,6)", "fitness": 0.0}
{"generation": 8, "position": 4, "parents": [53, 2], "genome": "d(2) d(13) r(5,12) r(14,17) r(8,6) d(3) r(9,14) a(1,1)", "fitness": 0.0}
{"generation": 8, "position": 5, "parents": [53, 2], "genome": "d(2) d(12) r(15,14) d(8) a(13,17) d(13) r(15,6) r(3,17) d(10) r(9,11) a(1,13) r(4,10) r(1,17)", "fitness": 0.0}
{"generation": 8, "position": 6, "parents": [53], "genome": "d(2) d(13) r(5,12) r(3,17) d(10) r(9,11) a(1,13) r(4,10) d(1)", "fitness": 0.0}
{"generation": 8, "position": 7, "parents": [2], "genome": "d(2) d(12) r(15,14) d(8) a(13,17) d(13) r(15,6) r(14,17) r(8,6) d(3) r(9,14) r(4,8)", "fitness": 0.0}
{"generation": 8, "position": 8, "parents": [46, 8], "genome": "d(13) d(5) a(4,10) d(14) a(3,12) a(6,10) r(5,11) r(5,12) d(12) d(13) d(8) a(1,17) r(13,15) r(12,10) r(1,6)", "fitness": 0.0}
{"generation": 8, "position": 9, "parents": [46, 8], "genome": "d(2) d(6) a(12,16) r(9,4) d(8)", "fitness": 0.0}
{"generation": 8, "position": 10, "parents": [46], "genome": "d(13) d(5) a(4,10) d(14) a(3,12) a(6,10) r(5,11) r(5,12) d(12) d(13) d(8) a(1,17) r(9,4) d(3)", "fitness": 0.0}
{"generation": 8, "position": 11, "parents": [8], "genome": "d(2) d(6) a(12,16) r(13,15) r(12,10) r(5,2)", "fitness": 0.0}
{"generation": 8, "position": 12, "parents": [26, 20], "genome": "d(2) r(13,2) d(9) d(8) d(6) a(1,6) r(3,13) d(1) a(5,4)", "fitness": 0.0}
{"generation": 8, "position": 13, "parents": [26, 20], "genome": "d(2) r(12,16) r(13,2) d(9) d(8) d(4) a(3,4)", "fitness": 0.0}
{"generation": 8, "position": 14, "parents": [26], "genome": "d(2) r(13,2) d(9) d(8) d(6) d(4) r(3,8)", "fitness": 0.0}
{"generation": 8, "position": 15, "parents": [20], "genome": "d(2) r(12,16) r(13,2) d(9) d(8) a(1,6) r(3,13) d(1) d(6)", "fitness": 0.0}
{"generation": 8, "position": 16, "parents": [17, 44], "genome": "d(2) a(3,17) r(5,9) d(4) r(1,13)", "fitness": 0.0}
{"generation": 8, "position": 17, "parents": [17, 44], "genome": "d(2) r(13,2) d(9) d(8) r(14,10) r(13,8) a(9,8) d(3)", "fitness": 0.0}
{"generation": 8, "position": 18, "parents": [17], "genome": "d(2) r(14,10) r(13,8) a(9,8) r(9,2)", "fitness": 0.0}
{"generation": 8, "position": 19, "parents": [44], "genome": "d(2) r(13,2) d(9) d(8) a(3,17) r(5,9) d(4) a(1,6)", "fitness": 0.0}
{"generation": 8, "position": 20, "parents": [27], "genome": "d(2) r(13,2) d(9) r(1,17) a(8,17) a(1,17) r(4,12) a(3,13)", "fitness": 0.0}
{"generation": 8, "position": 21, "parents": [22], "genome": "d(2) r(12,16) r(13,16) d(5) a(14,2)", "fitness": 0.0}
{"generation": 8, "position": 22, "parents": [1], "genome": "d(2) r(15,6) r(14,17) r(8,6) d(3) r(13,14) a(5,9)", "fitness": 0.0}
{"generation": 8, "position": 23, "parents": [1], "genome": "d(2) r(15,6) r(14,17) r(8,6) d(3) r(13,14) a(4,12)", "fitness": 0.0}
{"generation": 8, "position": 24, "parents": [15, 44], "genome": "d(2) r(13,5) r(13,2) a(3,17) r(5,9) d(4) d(3)", "fitness": 0.0}
{"generation": 8, "position": 25, "parents": [15, 44], "genome": "d(2) r(13,2) d(9) d(8) d(9) d(4) d(1) d(3)", "fitness": 0.0}
{"generation": 8, "position": 26, "parents": [15], "genome": "d(2) r(13,5) r(13,2) d(9) d(4) d(1) r(3,9)", "fitness": 0.0}
{"generation": 8, "position": 27, "parents": [44], "genome": "d(2) r(13,2) d(9) d(8) a(3,17) r(5,9) d(4) r(1,17)", "fitness": 0.0}
{"generation": 8, "position": 28, "parents": [9], "genome": "d(2) r(13,5) r(13,2) d(9) d(4) d(1) r(3,10)", "fitness": 0.0}
{"generation": 8, "position": 29, "parents": [1], "genome": "d(2) r(15,6) r(14,17) r(8,6) d(3) r(13,14) a(9,11)", "fitness": 0.0}
{"generation": 8, "position": 30, "parents": [52], "genome": "d(2) a(8,9) r(13,9) r(3,16) a(11,6) d(10) a(9,17)", "fitness": 0.0}
{"generation": 8, "position": 31, "parents": [28], "genome": "d(2) r(13,2) d(9) d(8) a(1,17) r(4,14) d(3)", "fitness": 0.0}
{"generation": 8, "position": 32, "parents": [23, 11], "genome": "d(2) r(13,2) d(9) d(8) a(1,6) d(14) d(8) a(4,16) a(3,17)", "fitness": 0.0}
{"generation": 8, "position": 33, "parents": [23, 11], "genome": "d(2) r(12,16) a(13,10) a(11,2) r(13,5) a(6,10) a(15,13) r(3,13) d(5) a(10,3)", "fitness": 0.0}
{"generation": 8, "position": 34, "parents": [23], "genome": "d(2) r(13,2) d(9) d(8) a(1,6) r(3,13) d(5) r(4,14)", "fitness": 0.0}
{"generation": 8, "position": 35, "parents": [11], "genome": "d(2) r(12,16) a(13,10) a(11,2) r(13,5) a(6,10) a(15,13) d(14) d(8) a(4,16) r(6,17)", "fitness": 0.0}
{"generation": 8, "position": 36, "parents": [53, 53], "genome": "d(2) d(13) d(13) r(5,12) r(3,17) d(10) r(9,11) a(1,13) r(4,10) a(1,1)", "fitness": 0.0}
{"generation": 8, "position": 37, "parents": [53, 53], "genome": "d(2) r(5,12) r(3,17) d(10) r(9,11) a(1,13) r(4,10) r(1,6)", "fitness": 0.0}
{"generation": 8, "position": 38, "parents": [53], "genome": "d(2) d(13) r(5,12) r(3,17) d(10) r(9,11) a(1,13) r(4,10) r(1,13)", "fitness": 0.0}
{"generation": 8, "position": 39, "parents": [53], "genome": "d(2) d(13) r(5,12) r(3,17) d(10) r(9,11) a(1,13) r(4,10) r(1,17)", "fitness": 0.0}
{"generation": 8, "position": 40, "parents": [50, 56], "genome": "d(2) a(8,9) r(13,9) d(13) r(5,12) r(3,17) d(10) r(9,11) a(1,13) d(4) d(3) d(11) r(1,6)", "fitness": 0.0}
{"generation": 8, "position": 41, "parents": [50, 56], "genome": "d(13) d(5) a(4,10) r(15,6) r(14,17) r(8,6) d(1)", "fitness": 0.0}
{"generation": 8, "position": 42, "parents": [50], "genome": "d(2) a(8,9) r(13,9) d(13) r(5,12) r(3,17) d(10) r(9,11) a(1,13) d(4) a(1,1)", "fitness": 0.0}
{"generation": 8, "position": 43, "parents": [56], "genome": "d(13) d(5) a(4,10) r(15,6) r(14,17) r(8,6) d(3) d(11) r(2,3)", "fitness": 0.0}
{"generation": 8, "position": 44, "parents": [41, 35], "genome": "d(2) a(13,17) a(3,15) r(3,10) r(4,17) d(1)", "fitness": 0.0}
{"generation": 8, "position": 45, "parents": [41, 35], "genome": "d(2) r(5,11) a(9,11) d(9) a(4,8) d(9) r(4,10)", "fitness": 0.0}
{"generation": 8, "position": 46, "parents": [41], "genome": "d(2) a(13,17) a(11,5)", "fitness": 0.0}
{"generation": 8, "position": 47, "parents": [35], "genome": "d(2) r(5,11) a(9,11) d(9) a(4,8) d(9) a(3,15) r(3,10) r(4,17) d(1)", "fitness": 0.0}
{"generation": 8, "position": 48, "parents": [35], "genome": "d(2) r(5,11) a(9,11) d(9) a(4,8) d(9) a(3,15) r(3,10) r(4,17) d(1)", "fitness": 0.0}
{"generation": 8, "position": 49, "parents": [31], "genome": "d(2) d(12) r(15,14) d(8) a(13,17) r(9,14) a(5,10) a(1,13)", "fitness": 0.0}
{"generation": 8, "position": 50, "parents": [34], "genome": "d(12) r(5,11) a(13,10) a(11,2) a(3,16) r(13,9) a(3,17) a(14,8)", "fitness": 0.0}
{"generation": 8, "position": 51, "parents": [17], "genome": "d(2) r(14,10) r(13,8) a(9,8) a(11,17)", "fitness": 0.0}
{"generation": 8, "position": 52, "parents": [42, 26], "genome": "d(2) r(13,2) d(9) d(8) d(6) d(4) a(1,13)", "fitness": 0.0}
{"generation": 8, "position": 53, "parents": [42, 26], "genome": "d(2) a(8,9) r(13,9) r(3,16) a(11,6) r(5,13) r(4,13)", "fitness": 0.0}
{"generation": 8, "position": 54, "parents": [42], "genome": "d(2) a(8,9) r(13,9) r(3,16) a(11,6) r(5,13) a(9,10)", "fitness": 0.0}
{"generation": 8, "position": 55, "parents": [26], "genome": "d(2) r(13,2) d(9) d(8) d(6) d(4) r(1,6)", "fitness": 0.0}
{"generation": 8, "position": 56, "parents": [56, 50], "genome": "d(13) d(5) a(4,10) r(15,6) r(14,17) r(8,6) d(3) d(11) d(13) r(5,12) r(3,17) d(10) r(9,11) a(1,13) d(4) d(1)", "fitness": 13.0}
{"generation": 8, "position": 57, "parents": [56, 50], "genome": "d(2) a(8,9) r(13,9) d(12)", "fitness": 0.0}
{"generation": 8, "position": 58, "parents": [56], "genome": "d(13) d(5) a(4,10) r(15,6) r(14,17) r(8,6) d(3) d(11) a(9,3)", "fitness": 0.0}
{"generation": 8, "position": 59, "parents": [50], "genome": "d(2) a(8,9) r(13,9) d(13) r(5,12) r(3,17) d(10) r(9,11) a(1,13) d(4) a(1,1)", "fitness": 0.0}
{"generation": 8, "position": 60, "parents": [28, 49], "genome": "d(2) r(13,2) d(9) r(5,12) d(12) d(13) d(8) a(1,17) r(1,13) d(3)", "fitness": 0.0}
{"generation": 8, "position": 61, "parents": [28, 49], "genome": "d(2) r(12,16) d(13) r(15,6) r(5,8) r(5,11) d(8) a(1,17) r(4,14) a(3,12)", "fitness": 0.0}
{"generation": 8, "position": 62, "parents": [28], "genome": "d(2) r(13,2) d(9) d(8) a(1,17) r(4,14) d(3)", "fitness": 0.0}
{"generation": 8, "position": 63, "parents": [49], "genome": "d(2) r(12,16) d(13) r(15,6) r(5,8) r(5,11) r(5,12) d(12) d(13) d(8) a(1,17) r(1,13) a(14,9)", "fitness": 0.0}
{"generation": 8, "position": 64, "parents": [35, 33], "genome": "d(2) r(5,11) a(9,11) r(9,14) d(6) a(3,16)", "fitness": 0.0}
{"generation": 8, "position": 65, "parents": [35, 33], "genome": "d(2) d(12) r(15,14) d(8) a(13,17) d(9) a(4,8) d(9) a(3,15) r(3,10) r(4,17) d(1)", "fitness": 0.0}
{"generation": 8, "position": 66, "parents": [35], "genome": "d(2) r(5,11) a(9,11) d(9) a(4,8) d(9) a(3,15) r(3,10) r(4,17) d(1)", "fitness": 0.0}
{"generation": 9, "position": 0, "parents": [23], "genome": "d(2) r(15,6) r(14,17) r(8,6) d(3) r(13,14) a(4,12) d(10)", "fitness": 0.0}
{"generation": 9, "position": 1, "parents": [35], "genome": "d(2) r(12,16) a(13,10) a(11,2) r(13,5) a(6,10) a(15,13) d(14) d(8) a(4,16) r(6,17) a(4,3)", "fitness": 0.0}
{"generation": 9, "position": 2, "parents": [17], "genome": "d(2) r(13,2) d(9) d(8) r(14,10) r(13,8) a(9,8) d(3) r(4,11)", "fitness": 0.0}
{"generation": 9, "position": 3, "parents": [18], "genome": "d(2) r(14,10) r(13,8) a(9,8) r(9,2) d(3)", "fitness": 0.0}
{"generation": 9, "position": 4, "parents": [7, 59], "genome": "d(2) d(12) r(15,14) d(8) a(13,17) d(13) r(15,6) r(14,17) d(4) a(1,1) r(3,15)", "fitness": 0.0}
{"generation": 9, "position": 5, "parents": [7, 59], "genome": "d(2) a(8,9) r(13,9) d(13) r(5,12) r(3,17) d(10) r(9,11) a(1,13) r(8,6) d(3) r(9,14) r(4,8) d(1)", "fitness": 0.0}
{"generation": 9, "position": 6, "parents": [7], "genome": "d(2) d(12) r(15,14) d(8) a(13,17) d(13) r(15,6) r(14,17) r(8,6) d(3) r(9,14) r(4,8) r(1,6)", "fitness": 0.0}
{"generation": 9, "position": 7, "parents": [59], "genome": "d(2) a(8,9) r(13,9) d(13) r(5,12) r(3,17) d(10) r(9,11) a(1,13) d(4) a(1,1) a(1,1)", "fitness": 0.0}
{"generation": 9, "position": 8, "parents": [37, 24], "genome": "d(2) r(5,12) r(3,17) d(10) r(9,11) d(3) d(8)", "fitness": 0.0}
{"generation": 9, "position": 9, "parents": [37, 24], "genome": "d(2) r(13,5) r(13,2) a(3,17) r(5,9) d(4) a(1,13) r(4,10) r(1,6) r(3,12)", "fitness": 0.0}
{"generation": 9, "position": 10, "parents": [37], "genome": "d(2) r(5,12) r(3,17) d(10) r(9,11) a(1,13) r(4,10) r(1,6)", "fitness": 0.0}
{"generation": 9, "position": 11, "parents": [24], "genome": "d(2) r(13,5) r(13,2) a(3,17) r(5,9) d(4) d(3) r(1,13)", "fitness": 0.0}
{"generation": 9, "position": 12, "parents": [25, 59], "genome": "d(2) r(13,2) d(9) d(6)", "fitness": 0.0}
{"generation": 9, "position": 13, "parents": [25, 59], "genome": "d(2) a(8,9) r(13,9) d(13) r(5,12) r(3,17) d(10) r(9,11) a(1,13) d(4) a(1,1) d(8) d(9) d(4) d(1) d(3)", "fitness": 0.0}
{"generation": 9, "position": 14, "parents": [25], "genome": "d(2) r(13,2) d(9) d(8) d(9) d(4) d(1) d(3)", "fitness": 0.0}
{"generation": 9, "position": 15, "parents": [59], "genome": "d(2) a(8,9) r(13,9) d(13) r(5,12) r(3,17) d(10) r(9,11) a(1,13) d(4) a(1,1) d(1)", "fitness": 0.0}
{"generation": 9, "position": 16, "parents": [1, 36], "genome": "d(2) d(13) a(6,10) a(15,13) d(13) r(5,12) r(3,17) d(10) r(9,11) a(1,13) r(4,10) a(1,1) d(1)", "fitness": 0.0}
{"generation": 9, "position": 17, "parents": [1, 36], "genome": "d(2) d(13) r(4,12) a(3,16) d(1) d(3)", "fitness": 0.0}
{"generation": 9, "position": 18, "parents": [1], "genome": "d(2) d(13) a(6,10) a(15,13) r(4,12) a(3,16) d(1) d(3)", "fitness": 0.0}
{"generation": 9, "position": 19, "parents": [36], "genome": "d(2) d(13) d(13) r(5,12) r(3,17) d(10) r(9,11) a(1,13) r(4,10) a(1,1) r(1,6)", "fitness": 0.0}
{"generation": 9, "position": 20, "parents": [5], "genome": "d(2) d(12) r(15,14) d(8) a(13,17) d(13) r(15,6) r(3,17) d(10) r(9,11) a(1,13) r(4,10) r(1,17)", "fitness": 0.0}
{"generation": 9, "position": 21, "parents": [3], "genome": "d(2) d(13) r(5,12) r(3,17) d(10) r(9,11) a(1,13) r(4,10) r(1,6)", "fitness": 0.0}
{"generation": 9, "position": 22, "parents": [54, 18], "genome": "d(2) r(13,8) a(9,8) r(9,2) r(5,6)", "fitness": 0.0}
{"generation": 9, "position": 23, "parents": [54, 18], "genome": "d(2) r(14,10) a(8,9) r(13,9) r(3,16) a(11,6) r(5,13) a(9,10) r(9,4)", "fitness": 0.0}
{"generation": 9, "position": 24, "parents": [54], "genome": "d(2) a(8,9) r(13,9) r(3,16) a(11,6) r(5,13) a(9,10) a(8,5)", "fitness": 0.0}
{"generation": 9, "position": 25, "parents": [18], "genome": "d(2) r(14,10) r(13,8) a(9,8) r(9,2) a(8,9)", "fitness": 0.0}
{"generation": 9, "position": 26, "parents": [59], "genome": "d(2) a(8,9) r(13,9) d(13) r(5,12) r(3,17) d(10) r(9,11) a(1,13) d(4) a(1,1) a(1,13)", "fitness": 0.0}
{"generation": 9, "position": 27, "parents": [54], "genome": "d(2) a(8,9) r(13,9) r(3,16) a(11,6) r(5,13) a(9,10) a(8,16)", "fitness": 0.0}
{"generation": 9, "position": 28, "parents": [63, 12], "genome": "d(2) r(12,16) d(13) r(15,6) r(5,8) r(5,11) r(5,12) d(12) r(13,2) d(9) d(8) d(6) a(1,6) r(3,13) d(1) a(5,4) d(4)", "fitness": 0.0}
{"generation": 9, "position": 29, "parents": [63, 12], "genome": "d(2) d(13) d(8) a(1,17) r(1,13) a(14,9) r(11,16)", "fitness": 0.0}
{"generation": 9, "position": 30, "parents": [63], "genome": "d(2) r(12,16) d(13) r(15,6) r(5,8) r(5,11) r(5,12) d(12) d(13) d(8) a(1,17) r(1,13) a(14,9) r(9,3)", "fitness": 0.0}
{"generation": 9, "position": 31, "parents": [12], "genome": "d(2) r(13,2) d(9) d(8) d(6) a(1,6) r(3,13) d(1) a(5,4) a(4,15)", "fitness": 0.0}
{"generation": 9, "position": 32, "parents": [54], "genome": "d(2) a(8,9) r(13,9) r(3,16) a(11,6) r(5,13) a(9,10) r(14,4)", "fitness": 0.0}
{"generation": 9, "position": 33, "parents": [65], "genome": "d(2) d(12) r(15,14) d(8) a(13,17) d(9) a(4,8) d(9) a(3,15) r(3,10) r(4,17) d(1)", "fitness": 0.0}
{"generation": 9, "position": 34, "parents": [35], "genome": "d(2) r(12,16) a(13,10) a(11,2) r(13,5) a(6,10) a(15,13) d(14) d(8) a(4,16) r(6,17) a(1,17)", "fitness": 0.0}
{"generation": 9, "position": 35, "parents": [66], "genome": "d(2) r(5,11) a(9,11) d(9) a(4,8) d(9) a(3,15) r(3,10) r(4,17) d(1)", "fitness": 0.0}
{"generation": 9, "position": 36, "parents": [13, 23], "genome": "d(2) r(12,16) r(13,14) a(4,12) d(5)", "fitness": 0.0}
{"generation": 9, "position": 37, "parents": [13, 23], "genome": "d(2) r(15,6) r(14,17) r(8,6) d(3) r(13,2) d(9) d(8) d(4) a(3,4) a(1,13)", "fitness": 0.0}
{"generation": 9, "position": 38, "parents": [13], "genome": "d(2) r(12,16) r(13,2) d(9) d(8) d(4) a(3,4) d(1)", "fitness": 0.0}
{"generation": 9, "position": 39, "parents": [23], "genome": "d(2) r(15,6) r(14,17) r(8,6) d(3) r(13,14) a(4,12) r(11,14)", "fitness": 0.0}
{"generation": 9, "position": 40, "parents": [21], "genome": "d(2) r(12,16) r(13,16) d(5) a(14,2) a(9,10)", "fitness": 0.0}
{"generation": 9, "position": 41, "parents": [47], "genome": "d(2) r(5,11) a(9,11) d(9) a(4,8) d(9) a(3,15) r(3,10) r(4,17) d(1)", "fitness": 0.0}
{"generation": 9, "position": 42, "parents": [20], "genome": "d(2) r(13,2) d(9) r(1,17) a(8,17) a(1,17) r(4,12) a(3,13) d(3)", "fitness": 0.0}
{"generation": 9, "position": 43, "parents": [24], "genome": "d(2) r(13,5) r(13,2) a(3,17) r(5,9) d(4) d(3) d(1)", "fitness": 0.0}
{"generation": 9, "position": 44, "parents": [58], "genome": "d(13) d(5) a(4,10) r(15,6) r(14,17) r(8,6) d(3) d(11) a(9,3) r(2,10)", "fitness": 0.0}
{"generation": 9, "position": 45, "parents": [48], "genome": "d(2) r(5,11) a(9,11) d(9) a(4,8) d(9) a(3,15) r(3,10) r(4,17) d(1)", "fitness": 0.0}
{"generation": 9, "position": 46, "parents": [39], "genome": "d(2) d(13) r(5,12) r(3,17) d(10) r(9,11) a(1,13) r(4,10) r(1,17)", "fitness": 0.0}
{"generation": 9, "position": 47, "parents": [22], "genome": "d(2) r(15,6) r(14,17) r(8,6) d(3) r(13,14) a(5,9) r(10,4)", "fitness": 0.0}
{"generation": 9, "position": 48, "parents": [44, 61], "genome": "d(2) a(13,17) a(3,15) d(13)", "fitness": 0.0}
{"generation": 9, "position": 49, "parents": [44, 61], "genome": "d(2) r(12,16) d(13) r(15,6) r(5,8) r(5,11) d(8) a(1,17) r(4,14) a(3,12) r(3,10) r(4,17) d(1)", "fitness": 0.0}
{"generation": 9, "position": 50, "parents": [44], "genome": "d(2) a(13,17) a(3,15) r(3,10) r(4,17) d(1)", "fitness": 0.0}
{"generation": 9, "position": 51, "parents": [61], "genome": "d(2) r(12,16) d(13) r(15,6) r(5,8) r(5,11) d(8) a(1,17) r(4,14) a(3,12) d(1)", "fitness": 0.0}
{"generation": 9, "position": 52, "parents": [11], "genome": "d(2) d(6) a(12,16) r(13,15) r(12,10) r(5,2) r(8,4)", "fitness": 0.0}
{"generation": 9, "position": 53, "parents": [43], "genome": "d(13) d(5) a(4,10) r(15,6) r(14,17) r(8,6) d(3) d(11) r(2,3) r(4,16)", "fitness": 0.0}
{"generation": 9, "position": 54, "parents": [21], "genome": "d(2) r(12,16) r(13,16) d(5) a(14,2) d(3)", "fitness": 0.0}
{"generation": 10, "position": 0, "parents": [53], "genome": "d(13) d(5) a(4,10) r(15,6) r(14,17) r(8,6) d(3) d(11) r(2,3) r(4,16) d(1)", "fitness": 0.0}
{"generation": 10, "position": 1, "parents": [14], "genome": "d(2) r(13,2) d(9) d(8) d(9) d(4) d(1) d(3)", "fitness": 0.0}
{"generation": 10, "position": 2, "parents": [8, 26], "genome": "d(2) r(5,12) r(3,17) d(10) r(9,11) d(3) a(8,9) r(13,9) d(13) r(5,12) r(3,17) d(10) r(9,11) a(1,13) d(4) a(1,1) a(1,13) d(1)", "fitness": 0.0}
{"generation": 10, "position": 3, "parents": [8, 26], "genome": "d(2) d(8) a(3,10)", "fitness": 0.0}
{"generation": 10, "position": 4, "parents": [8], "genome": "d(2) r(5,12) r(3,17) d(10) r(9,11) d(3) d(8) a(4,11)", "fitness": 0.0}
{"generation": 10, "position": 5, "parents": [26], "genome": "d(2) a(8,9) r(13,9) d(13) r(5,12) r(3,17) d(10) r(9,11) a(1,13) d(4) a(1,1) a(1,13) r(1,6)", "fitness": 0.0}
{"generation": 10, "position": 6, "parents": [27, 32], "genome": "d(2) a(8,9) r(5,13) a(9,10) r(14,4) d(13)", "fitness": 0.0}
{"generation": 10, "position": 7, "parents": [27, 32], "genome": "d(2) a(8,9) r(13,9) r(3,16) a(11,6) r(13,9) r(3,16) a(11,6) r(5,13) a(9,10) a(8,16) r(14,15)", "fitness": 0.0}
{"generation": 10, "position": 8, "parents": [27], "genome": "d(2) a(8,9) r(13,9) r(3,16) a(11,6) r(5,13) a(9,10) a(8,16) r(4,6)", "fitness": 0.0}
{"generation": 10, "position": 9, "parents": [32], "genome": "d(2) a(8,9) r(13,9) r(3,16) a(11,6) r(5,13) a(9,10) r(14,4) r(8,14)", "fitness": 0.0}
{"generation": 10, "position": 10, "parents": [37, 23], "genome": "d(2) r(15,6) r(14,17) r(8,6) d(3) r(13,2) d(9) d(8) a(9,10) r(9,4) d(4)", "fitness": 0.0}
{"generation": 10, "position": 11, "parents": [37, 23], "genome": "d(2) r(14,10) a(8,9) r(13,9) r(3,16) a(11,6) r(5,13) d(4) a(3,4) a(1,13) a(1,1)", "fitness": 0.0}
{"generation": 10, "position": 12, "parents": [37], "genome": "d(2) r(15,6) r(14,17) r(8,6) d(3) r(13,2) d(9) d(8) d(4) a(3,4) a(1,13) a(1,17)", "fitness": 0.0}
{"generation": 10, "position": 13, "parents": [23], "genome": "d(2) r(14,10) a(8,9) r(13,9) r(3,16) a(11,6) r(5,13) a(9,10) r(9,4) r(1,17)", "fitness": 0.0}
{"generation": 10, "position": 14, "parents": [31], "genome": "d(2) r(13,2) d(9) d(8) d(6) a(1,6) r(3,13) d(1) a(5,4) a(4,15) d(5)", "fitness": 0.0}
{"generation": 10, "position": 15, "parents": [10], "genome": "d(2) r(5,12) r(3,17) d(10) r(9,11) a(1,13) r(4,10) r(1,6)", "fitness": 0.0}
{"generation": 10, "position": 16, "parents": [39, 36], "genome": "d(2) r(15,6) r(14,17) r(8,6) d(3) r(13,14) a(4,12) r(11,14) a(6,9)", "fitness": 0.0}
{"generation": 10, "position": 17, "parents": [39, 36], "genome": "d(2) r(12,16) r(13,14) a(4,12) d(5) d(14)", "fitness": 0.0}
{"generation": 10, "position": 18, "parents": [39], "genome": "d(2) r(15,6) r(14,17) r(8,6) d(3) r(13,14) a(4,12) r(11,14) d(9)", "fitness": 0.0}
{"generation": 10, "position": 19, "parents": [36], "genome": "d(2) r(12,16) r(13,14) a(4,12) d(5) r(11,16)", "fitness": 0.0}
{"generation": 10, "position": 20, "parents": [15, 39], "genome": "d(2) r(15,6) r(14,17) r(8,6) d(3) r(13,14) a(4,12) r(11,14) r(6,13)", "fitness": 0.0}
{"generation": 10, "position": 21, "parents": [15, 39], "genome": "d(2) a(8,9) r(13,9) d(13) r(5,12) r(3,17) d(10) r(9,11) a(1,13) d(4) a(1,1) d(1)", "fitness": 0.0}
{"generation": 10, "position": 22, "parents": [15], "genome": "d(2) a(8,9) r(13,9) d(13) r(5,12) r(3,17) d(10) r(9,11) a(1,13) d(4) a(1,1) d(1)", "fitness": 0.0}
{"generation": 10, "position": 23, "parents": [39], "genome": "d(2) r(15,6) r(14,17) r(8,6) d(3) r(13,14) a(4,12) r(11,14) a(4,2)", "fitness": 1.0}
{"generation": 10, "position": 24, "parents": [11], "genome": "d(2) r(13,5) r(13,2) a(3,17) r(5,9) d(4) d(3) r(1,13)", "fitness": 0.0}
{"generation": 10, "position": 25, "parents": [47], "genome": "d(2) r(15,6) r(14,17) r(8,6) d(3) r(13,14) a(5,9) r(10,4) d(4)", "fitness": 0.0}
{"generation": 10, "position": 26, "parents": [30, 47], "genome": "d(2) r(12,16) d(13) r(15,6) r(5,8) r(5,11) r(10,4) d(9)", "fitness": 0.0}
{"generation": 10, "position": 27, "parents": [30, 47], "genome": "d(2) r(15,6) r(14,17) r(8,6) d(3) r(13,14) a(5,9) r(5,12) d(12) d(13) d(8) a(1,17) r(1,13) a(14,9) r(9,3) a(4,13)", "fitness": 0.0}
{"generation": 10, "position": 28, "parents": [30], "genome": "d(2) r(12,16) d(13) r(15,6) r(5,8) r(5,11) r(5,12) d(12) d(13) d(8) a(1,17) r(1,13) a(14,9) r(9,3) d(3)", "fitness": 0.0}
{"generation": 10, "position": 29, "parents": [47], "genome": "d(2) r(15,6) r(14,17) r(8,6) d(3) r(13,14) a(5,9) r(10,4) d(6)", "fitness": 0.0}
{"generation": 10, "position": 30, "parents": [45, 44], "genome": "d(2) r(5,11) a(9,11) d(9) a(4,8) r(14,17) r(8,6) d(3) d(11) a(9,3) r(2,10) r(1,13)", "fitness": 0.0}
{"generation": 10, "position": 31, "parents": [45, 44], "genome": "d(13) d(5) a(4,10) r(15,6) d(9) a(3,15) r(3,10) r(4,17) d(1) a(2,6)", "fitness": 0.0}
{"generation": 10, "position": 32, "parents": [45], "genome": "d(2) r(5,11) a(9,11) d(9) a(4,8) d(9) a(3,15) r(3,10) r(4,17) d(1)", "fitness": 0.0}
{"generation": 10, "position": 33, "parents": [44], "genome": "d(13) d(5) a(4,10) r(15,6) r(14,17) r(8,6) d(3) d(11) a(9,3) r(2,10) d(10)", "fitness": 0.0}
{"generation": 10, "position": 34, "parents": [17], "genome": "d(2) d(13) r(4,12) a(3,16) d(1) d(3)", "fitness": 0.0}
{"generation": 10, "position": 35, "parents": [19], "genome": "d(2) d(13) d(13) r(5,12) r(3,17) d(10) r(9,11) a(1,13) r(4,10) a(1,1) r(1,6)", "fitness": 0.0}
{"generation": 10, "position": 36, "parents": [19, 24], "genome": "d(2) d(13) d(13) r(5,12) r(13,9) r(3,16) a(11,6) r(5,13) a(9,10) a(8,5) d(10)", "fitness": 0.0}
{"generation": 10, "position": 37, "parents": [19, 24], "genome": "d(2) a(8,9) r(3,17) d(10) r(9,11) a(1,13) r(4,10) a(1,1) r(1,6)", "fitness": 0.0}
{"generation": 10, "position": 38, "parents": [19], "genome": "d(2) d(13) d(13) r(5,12) r(3,17) d(10) r(9,11) a(1,13) r(4,10) a(1,1) r(1,6)", "fitness": 0.0}
{"generation": 10, "position": 39, "parents": [24], "genome": "d(2) a(8,9) r(13,9) r(3,16) a(11,6) r(5,13) a(9,10) a(8,5) r(1,17)", "fitness": 0.0}
{"generation": 10, "position": 40, "parents": [12, 20], "genome": "d(2) d(13) r(15,6) r(3,17) d(10) r(9,11) a(1,13) r(4,10) r(1,17)", "fitness": 0.0}
{"generation": 10, "position": 41, "parents": [12, 20], "genome": "d(2) d(12) r(15,14) d(8) a(13,17) r(13,2) d(9) d(6) d(3)", "fitness": 0.0}
{"generation": 10, "position": 42, "parents": [12], "genome": "d(2) r(13,2) d(9) d(6) d(8)", "fitness": 0.0}
{"generation": 10, "position": 43, "parents": [20], "genome": "d(2) d(12) r(15,14) d(8) a(13,17) d(13) r(15,6) r(3,17) d(10) r(9,11) a(1,13) r(4,10) r(1,17)", "fitness": 0.0}
{"generation": 10, "position": 44, "parents": [13, 15], "genome": "d(2) a(8,9) r(13,9) d(13) d(4) a(1,1) d(1) d(3)", "fitness": 0.0}
{"generation": 10, "position": 45, "parents": [13, 15], "genome": "d(2) a(8,9) r(13,9) d(13) r(5,12) r(3,17) d(10) r(9,11) a(1,13) r(5,12) r(3,17) d(10) r(9,11) a(1,13) d(4) a(1,1) d(8) d(9) d(4) d(1) d(3)", "fitness": 0.0}
{"generation": 10, "position": 46, "parents": [13], "genome": "d(2) a(8,9) r(13,9) d(13) r(5,12) r(3,17) d(10) r(9,11) a(1,13) d(4) a(1,1) d(8) d(9) d(4) d(1) d(3)", "fitness": 0.0}
{"generation": 10, "position": 47, "parents": [15], "genome": "d(2) a(8,9) r(13,9) d(13) r(5,12) r(3,17) d(10) r(9,11) a(1,13) d(4) a(1,1) d(1)", "fitness": 0.0}
{"generation": 10, "position": 48, "parents": [0, 54], "genome": "d(2) r(15,6) r(14,17) r(8,6) d(3) r(13,14) a(4,12) a(14,2) d(3) d(12)", "fitness": 0.0}
{"generation": 10, "position": 49, "parents": [0, 54], "genome": "d(2) r(12,16) r(13,16) d(5) d(10) r(15,3)", "fitness": 0.0}
{"generation": 10, "position": 50, "parents": [0], "genome": "d(2) r(15,6) r(14,17) r(8,6) d(3) r(13,14) a(4,12) d(10) d(9)", "fitness": 0.0}
{"generation": 10, "position": 51, "parents": [54], "genome": "d(2) r(12,16) r(13,16) d(5) a(14,2) d(3) r(9,16)", "fitness": 0.0}
{"generation": 10, "position": 52, "parents": [54, 24], "genome": "d(2) r(12,16) r(13,16) d(5) a(14,2) a(9,10) a(8,5) a(8,16)", "fitness": 0.0}
{"generation": 10, "position": 53, "parents": [54, 24], "genome": "d(2) a(8,9) r(13,9) r(3,16) a(11,6) r(5,13) d(3) d(12)", "fitness": 0.0}
{"generation": 10, "position": 54, "parents": [54], "genome": "d(2) r(12,16) r(13,16) d(5) a(14,2) d(3) d(11)", "fitness": 0.0}
{"generation": 10, "position": 55, "parents": [24], "genome": "d(2) a(8,9) r(13,9) r(3,16) a(11,6) r(5,13) a(9,10) a(8,5) r(11,14)", "fitness": 0.0}
{"generation": 10, "position": 56, "parents": [8, 31], "genome": "d(2) r(5,12) r(3,17) d(10) r(9,11) a(4,15) r(1,17)", "fitness": 0.0}
{"generation": 10, "position": 57, "parents": [8, 31], "genome": "d(2) r(13,2) d(9) d(8) d(6) a(1,6) r(3,13) d(1) a(5,4) d(3) d(8) r(5,16)", "fitness": 0.0}
{"generation": 10, "position": 58, "parents": [8], "genome": "d(2) r(5,12) r(3,17) d(10) r(9,11) d(3) d(8) a(4,17)", "fitness": 0.0}
{"generation": 10, "position": 59, "parents": [31], "genome": "d(2) r(13,2) d(9) d(8) d(6) a(1,6) r(3,13) d(1) a(5,4) a(4,15) r(4,3)", "fitness": 0.0}
{"generation": 10, "position": 60, "parents": [44, 40], "genome": "d(13) d(5) r(12,16) r(13,16) d(5) a(14,2) a(9,10) d(8)", "fitness": 0.0}
{"generation": 10, "position": 61, "parents": [44, 40], "genome": "d(2) a(4,10) r(15,6) r(14,17) r(8,6) d(3) d(11) a(9,3) r(2,10) d(13)", "fitness": 0.0}
{"generation": 10, "position": 62, "parents": [44], "genome": "d(13) d(5) a(4,10) r(15,6) r(14,17) r(8,6) d(3) d(11) a(9,3) r(2,10) d(12)", "fitness": 0.0}
{"generation": 10, "position": 63, "parents": [40], "genome": "d(2) r(12,16) r(13,16) d(5) a(14,2) a(9,10) d(1)", "fitness": 0.0}
{"generation": 10, "position": 64, "parents": [38, 9], "genome": "d(2) r(12,16) r(13,2) r(3,12) r(14,11)", "fitness": 0.0}
{"generation": 10, "position": 65, "parents": [38, 9], "genome": "d(2) r(13,5) r(13,2) a(3,17) r(5,9) d(4) a(1,13) r(4,10) r(1,6) d(9) d(8) d(4) a(3,4) d(1) d(3)", "fitness": 0.0}
{"generation": 10, "position": 66, "parents": [38], "genome": "d(2) r(12,16) r(13,2) d(9) d(8) d(4) a(3,4) d(1) r(3,9)", "fitness": 0.0}
{"generation": 10, "position": 67, "parents": [9], "genome": "d(2) r(13,5) r(13,2) a(3,17) r(5,9) d(4) a(1,13) r(4,10) r(1,6) r(3,12)", "fitness": 0.0}
{"generation": 10, "position": 68, "parents": [49, 53], "genome": "d(2) r(12,16) r(15,6) r(14,17) r(8,6) d(3) d(11) r(2,3) r(4,16) d(1)", "fitness": 0.0}
{"generation": 10, "position": 69, "parents": [49, 53], "genome": "d(13) d(5) a(4,10) d(13) r(15,6) r(5,8) r(5,11) d(8) a(1,17) r(4,14) a(3,12) r(3,10) r(4,17) d(1) a(2,2)", "fitness": 1.0}
{"generation": 10, "position": 70, "parents": [49], "genome": "d(2) r(12,16) d(13) r(15,6) r(5,8) r(5,11) d(8) a(1,17) r(4,14) a(3,12) r(3,10) r(4,17) d(1)", "fitness": 0.0}