[meta]
{"program": "genprog-3.0", "problem": {"ideal_fitness": "20", "type": "repair", "name": "gcd", "enclosure": {"1": 0, "2": 0, "3": 0, "4": 0, "5": 0, "6": 5, "7": 5, "8": 0, "9": 8, "10": 9, "12": 8, "13": 12, "14": 12, "15": 0, "16": 0}}, "version": "0.0.2", "seed": 1, "algorithm": {"representation": "patch", "type": "genetic", "name": "ALGORITHM-NAME"}}

[data]
{"generation": 0, "position": 0, "parents": [], "genome": "d(2)", "fitness": 0.0}
{"generation": 0, "position": 1, "parents": [], "genome": "d(4)", "fitness": 0.0}
{"generation": 0, "position": 2, "parents": [], "genome": "r(6,3)", "fitness": 10.0}
{"generation": 0, "position": 3, "parents": [], "genome": "r(12,6)", "fitness": 0.0}
{"generation": 0, "position": 4, "parents": [], "genome": "d(6)", "fitness": 10.0}
{"generation": 0, "position": 5, "parents": [], "genome": "d(8)", "fitness": 0.0}
{"generation": 0, "position": 6, "parents": [], "genome": "a(1,13)", "fitness": 10.0}
{"generation": 0, "position": 7, "parents": [], "genome": "a(6,7)", "fitness": 10.0}
{"generation": 0, "position": 8, "parents": [], "genome": "a(10,13)", "fitness": 2.0}
{"generation": 0, "position": 9, "parents": [], "genome": "a(4,2)", "fitness": 10.0}
{"generation": 0, "position": 10, "parents": [], "genome": "a(14,10)", "fitness": 10.0}
{"generation": 0, "position": 11, "parents": [], "genome": "a(1,6)", "fitness": 0.0}
{"generation": 0, "position": 12, "parents": [], "genome": "d(6)", "fitness": 10.0}
{"generation": 0, "position": 13, "parents": [], "genome": "r(6,5)", "fitness": 10.0}
{"generation": 0, "position": 14, "parents": [], "genome": "d(6)", "fitness": 10.0}
{"generation": 0, "position": 15, "parents": [], "genome": "r(6,7)", "fitness": 10.0}
{"generation": 0, "position": 16, "parents": [], "genome": "a(1,10)", "fitness": 10.0}
{"generation": 0, "position": 17, "parents": [], "genome": "d(6)", "fitness": 10.0}
{"generation": 0, "position": 18, "parents": [], "genome": "r(2,15)", "fitness": 0.0}
{"generation": 0, "position": 19, "parents": [], "genome": "r(5,3)", "fitness": 10.0}
{"generation": 0, "position": 20, "parents": [], "genome": "r(1,4)", "fitness": 0.0}
{"generation": 0, "position": 21, "parents": [], "genome": "d(4)", "fitness": 0.0}
{"generation": 0, "position": 22, "parents": [], "genome": "d(6)", "fitness": 10.0}
{"generation": 0, "position": 23, "parents": [], "genome": "d(6)", "fitness": 10.0}
{"generation": 0, "position": 24, "parents": [], "genome": "r(6,4)", "fitness": 10.0}
{"generation": 0, "position": 25, "parents": [], "genome": "a(6,13)", "fitness": 10.0}
{"generation": 0, "position": 26, "parents": [], "genome": "a(1,6)", "fitness": 0.0}
{"generation": 0, "position": 27, "parents": [], "genome": "r(10,6)", "fitness": 0.0}
{"generation": 0, "position": 28, "parents": [], "genome": "d(10)", "fitness": 10.0}
{"generation": 0, "position": 29, "parents": [], "genome": "a(3,12)", "fitness": 10.0}
{"generation": 0, "position": 30, "parents": [], "genome": "a(6,3)", "fitness": 10.0}
{"generation": 0, "position": 31, "parents": [], "genome": "r(8,1)", "fitness": 0.0}
{"generation": 0, "position": 32, "parents": [], "genome": "d(6)", "fitness": 10.0}
{"generation": 0, "position": 33, "parents": [], "genome": "r(4,10)", "fitness": 0.0}
{"generation": 0, "position": 34, "parents": [], "genome": "d(6)", "fitness": 10.0}
{"generation": 0, "position": 35, "parents": [], "genome": "d(8)", "fitness": 0.0}
{"generation": 0, "position": 36, "parents": [], "genome": "r(14,1)", "fitness": 0.0}
{"generation": 0, "position": 37, "parents": [], "genome": "r(6,2)", "fitness": 10.0}
{"generation": 0, "position": 38, "parents": [], "genome": "r(1,14)", "fitness": 4.0}
{"generation": 0, "position": 39, "parents": [], "genome": "original", "fitness": 10.0}
{"generation": 1, "position": 0, "parents": [39], "genome": "r(9,14)", "fitness": 0.0}
{"generation": 1, "position": 1, "parents": [21], "genome": "d(4) r(6,3)", "fitness": 0.0}
{"generation": 1, "position": 2, "parents": [26, 21], "genome": "a(1,6) r(4,10)", "fitness": 0.0}
{"generation": 1, "position": 3, "parents": [26, 21], "genome": "d(4) a(6,8)", "fitness": 0.0}
{"generation": 1, "position": 4, "parents": [26], "genome": "a(1,6) r(6,5)", "fitness": 0.0}
{"generation": 1, "position": 5, "parents": [21], "genome": "d(4) a(2,14)", "fitness": 0.0}
{"generation": 1, "position": 6, "parents": [5], "genome": "d(8) r(6,12)", "fitness": 0.0}
{"generation": 1, "position": 7, "parents": [33], "genome": "r(4,10) a(1,1)", "fitness": 0.0}
{"generation": 1, "position": 8, "parents": [35, 18], "genome": "d(8) d(4)", "fitness": 0.0}
{"generation": 1, "position": 9, "parents": [35, 18], "genome": "r(2,15) r(3,2)", "fitness": 0.0}
{"generation": 1, "position": 10, "parents": [35], "genome": "d(8) a(6,4)", "fitness": 0.0}
{"generation": 1, "position": 11, "parents": [18], "genome": "r(2,15) a(6,13)", "fitness": 0.0}
{"generation": 1, "position": 12, "parents": [34], "genome": "d(6) r(8,6)", "fitness": 0.0}
{"generation": 1, "position": 13, "parents": [9], "genome": "a(4,2) r(5,3)", "fitness": 10.0}
{"generation": 1, "position": 14, "parents": [13], "genome": "r(6,5) r(12,9)", "fitness": 0.0}
{"generation": 1, "position": 15, "parents": [33], "genome": "r(4,10) d(6)", "fitness": 0.0}
{"generation": 1, "position": 16, "parents": [8, 31], "genome": "a(10,13) a(6,2)", "fitness": 2.0}
{"generation": 1, "position": 17, "parents": [8, 31], "genome": "r(8,1) a(4,5)", "fitness": 0.0}
{"generation": 1, "position": 18, "parents": [8], "genome": "a(10,13) r(6,5)", "fitness": 2.0}
{"generation": 1, "position": 19, "parents": [31], "genome": "r(8,1) r(6,2)", "fitness": 0.0}
{"generation": 1, "position": 20, "parents": [10, 12], "genome": "a(14,10) d(6)", "fitness": 10.0}
{"generation": 1, "position": 21, "parents": [10, 12], "genome": "d(6) d(4)", "fitness": 0.0}
{"generation": 1, "position": 22, "parents": [10], "genome": "a(14,10) d(1)", "fitness": 4.0}
{"generation": 1, "position": 23, "parents": [12], "genome": "d(6) d(4)", "fitness": 0.0}
{"generation": 1, "position": 24, "parents": [36], "genome": "r(14,1) d(6)", "fitness": 0.0}
{"generation": 1, "position": 25, "parents": [13], "genome": "r(6,5) d(1)", "fitness": 4.0}
{"generation": 1, "position": 26, "parents": [31, 13], "genome": "r(8,1) d(6)", "fitness": 0.0}
{"generation": 1, "position": 27, "parents": [31, 13], "genome": "r(6,5) a(14,8)", "fitness": 10.0}
{"generation": 1, "position": 28, "parents": [31], "genome": "r(8,1) a(6,15)", "fitness": 0.0}
{"generation": 1, "position": 29, "parents": [13], "genome": "r(6,5) a(4,16)", "fitness": 0.0}
{"generation": 1, "position": 30, "parents": [33, 36], "genome": "r(4,10) d(6)", "fitness": 0.0}
{"generation": 1, "position": 31, "parents": [33, 36], "genome": "r(14,1) d(6)", "fitness": 0.0}
{"generation": 1, "position": 32, "parents": [33], "genome": "r(4,10) a(1,5)", "fitness": 0.0}
{"generation": 1, "position": 33, "parents": [36], "genome": "r(14,1) d(8)", "fitness": 0.0}
{"generation": 1, "position": 34, "parents": [0], "genome": "d(2) a(6,16)", "fitness": 0.0}
{"generation": 1, "position": 35, "parents": [5], "genome": "d(8) r(3,1)", "fitness": 0.0}
{"generation": 1, "position": 36, "parents": [9, 31], "genome": "a(4,2) d(3)", "fitness": 0.0}
{"generation": 1, "position": 37, "parents": [9, 31], "genome": "r(8,1) a(6,1)", "fitness": 0.0}
{"generation": 1, "position": 38, "parents": [9], "genome": "a(4,2) a(8,8)", "fitness": 10.0}
{"generation": 1, "position": 39, "parents": [31], "genome": "r(8,1) a(6,12)", "fitness": 0.0}
{"generation": 1, "position": 40, "parents": [26, 32], "genome": "a(1,6) r(6,14)", "fitness": 0.0}
{"generation": 1, "position": 41, "parents": [26, 32], "genome": "d(6) r(9,16)", "fitness": 0.0}
{"generation": 1, "position": 42, "parents": [26], "genome": "a(1,6) r(5,16)", "fitness": 0.0}
{"generation": 1, "position": 43, "parents": [32], "genome": "d(6) a(10,9)", "fitness": 10.0}
{"generation": 1, "position": 44, "parents": [18, 5], "genome": "r(2,15) d(6)", "fitness": 0.0}
{"generation": 1, "position": 45, "parents": [18, 5], "genome": "d(8) r(6,10)", "fitness": 0.0}
{"generation": 1, "position": 46, "parents": [18], "genome": "r(2,15) a(8,16)", "fitness": 0.0}
{"generation": 1, "position": 47, "parents": [5], "genome": "d(8) r(6,3)", "fitness": 0.0}
{"generation": 1, "position": 48, "parents": [24], "genome": "r(6,4) d(12)", "fitness": 0.0}
{"generation": 1, "position": 49, "parents": [23], "genome": "d(6) a(4,13)", "fitness": 5.0}
{"generation": 1, "position": 50, "parents": [8, 36], "genome": "a(10,13) a(6,13)", "fitness": 2.0}
{"generation": 1, "position": 51, "parents": [8, 36], "genome": "r(14,1) d(6)", "fitness": 0.0}
{"generation": 1, "position": 52, "parents": [8], "genome": "a(10,13) a(6,10)", "fitness": 2.0}
{"generation": 1, "position": 53, "parents": [36], "genome": "r(14,1) a(6,5)", "fitness": 0.0}
{"generation": 1, "position": 54, "parents": [4], "genome": "d(6) r(4,1)", "fitness": 0.0}
{"generation": 1, "position": 55, "parents": [26], "genome": "a(1,6) r(9,6)", "fitness": 0.0}
{"generation": 1, "position": 56, "parents": [37], "genome": "r(6,2) d(12)", "fitness": 0.0}
{"generation": 1, "position": 57, "parents": [36], "genome": "r(14,1) r(2,4)", "fitness": 0.0}
{"generation": 1, "position": 58, "parents": [5, 9], "genome": "d(8) r(1,7)", "fitness": 0.0}
{"generation": 1, "position": 59, "parents": [5, 9], "genome": "a(4,2) d(2)", "fitness": 10.0}
{"generation": 1, "position": 60, "parents": [5], "genome": "d(8) d(6)", "fitness": 0.0}
{"generation": 2, "position": 0, "parents": [15], "genome": "r(4,10) d(6) d(10)", "fitness": 0.0}
{"generation": 2, "position": 1, "parents": [51], "genome": "r(14,1) d(6) a(5,16)", "fitness": 0.0}
{"generation": 2, "position": 2, "parents": [4, 49], "genome": "a(1,6) r(6,5) a(4,13) a(1,3)", "fitness": 0.0}
{"generation": 2, "position": 3, "parents": [4, 49], "genome": "d(6) r(9,1)", "fitness": 0.0}
{"generation": 2, "position": 4, "parents": [4], "genome": "a(1,6) r(6,5) r(10,5)", "fitness": 0.0}
{"generation": 2, "position": 5, "parents": [49], "genome": "d(6) a(4,13) r(12,13)", "fitness": 0.0}
{"generation": 2, "position": 6, "parents": [55, 57], "genome": "a(1,6) r(2,4) d(5)", "fitness": 0.0}
{"generation": 2, "position": 7, "parents": [55, 57], "genome": "r(14,1) r(9,6) a(12,1)", "fitness": 0.0}
{"generation": 2, "position": 8, "parents": [55], "genome": "a(1,6) r(9,6) r(6,3)", "fitness": 0.0}
{"generation": 2, "position": 9, "parents": [57], "genome": "r(14,1) r(2,4) r(6,4)", "fitness": 0.0}
{"generation": 2, "position": 10, "parents": [11], "genome": "r(2,15) a(6,13) a(6,8)", "fitness": 0.0}
{"generation": 2, "position": 11, "parents": [58], "genome": "d(8) r(1,7) r(6,5)", "fitness": 0.0}
{"generation": 2, "position": 12, "parents": [56], "genome": "r(6,2) d(12) d(4)", "fitness": 0.0}
{"generation": 2, "position": 13, "parents": [19], "genome": "r(8,1) r(6,2) a(5,8)", "fitness": 10.0}
{"generation": 2, "position": 14, "parents": [57], "genome": "r(14,1) r(2,4) a(12,2)", "fitness": 0.0}
{"generation": 2, "position": 15, "parents": [28], "genome": "r(8,1) a(6,15) r(2,10)", "fitness": 0.0}
{"generation": 2, "position": 16, "parents": [4, 29], "genome": "a(1,6) r(6,5) r(9,16)", "fitness": 0.0}
{"generation": 2, "position": 17, "parents": [4, 29], "genome": "r(6,5) a(4,16) d(2)", "fitness": 0.0}
{"generation": 2, "position": 18, "parents": [4], "genome": "a(1,6) r(6,5) r(5,12)", "fitness": 0.0}
{"generation": 2, "position": 19, "parents": [29], "genome": "r(6,5) a(4,16) a(4,7)", "fitness": 0.0}
{"generation": 2, "position": 20, "parents": [6, 49], "genome": "d(8) d(5)", "fitness": 0.0}
{"generation": 2, "position": 21, "parents": [6, 49], "genome": "d(6) a(4,13) r(6,12) a(10,5)", "fitness": 5.0}
{"generation": 2, "position": 22, "parents": [6], "genome": "d(8) r(6,12) r(1,13)", "fitness": 0.0}
{"generation": 2, "position": 23, "parents": [49], "genome": "d(6) a(4,13) d(8)", "fitness": 0.0}
{"generation": 2, "position": 24, "parents": [14, 48], "genome": "r(6,5) r(12,9) d(2)", "fitness": 0.0}
{"generation": 2, "position": 25, "parents": [14, 48], "genome": "r(6,4) d(12) a(1,4)", "fitness": 0.0}
{"generation": 2, "position": 26, "parents": [14], "genome": "r(6,5) r(12,9) d(10)", "fitness": 0.0}
{"generation": 2, "position": 27, "parents": [48], "genome": "r(6,4) d(12) r(2,10)", "fitness": 0.0}
{"generation": 2, "position": 28, "parents": [21], "genome": "d(6) d(4) r(3,2)", "fitness": 0.0}
{"generation": 2, "position": 29, "parents": [50], "genome": "a(10,13) a(6,13) r(4,8)", "fitness": 0.0}
{"generation": 2, "position": 30, "parents": [12, 30], "genome": "d(6) r(8,6) d(1)", "fitness": 0.0}
{"generation": 2, "position": 31, "parents": [12, 30], "genome": "r(4,10) d(6) d(8)", "fitness": 0.0}
{"generation": 2, "position": 32, "parents": [12], "genome": "d(6) r(8,6) d(3)", "fitness": 0.0}
{"generation": 2, "position": 33, "parents": [30], "genome": "r(4,10) d(6) a(2,12)", "fitness": 0.0}
{"generation": 2, "position": 34, "parents": [37, 0], "genome": "r(8,1) a(6,1) a(4,16)", "fitness": 0.0}
{"generation": 2, "position": 35, "parents": [37, 0], "genome": "r(9,14) d(14)", "fitness": 0.0}
{"generation": 2, "position": 36, "parents": [37], "genome": "r(8,1) a(6,1) d(5)", "fitness": 0.0}
{"generation": 2, "position": 37, "parents": [0], "genome": "r(9,14) a(6,10)", "fitness": 0.0}
{"generation": 2, "position": 38, "parents": [29], "genome": "r(6,5) a(4,16) r(12,4)", "fitness": 0.0}
{"generation": 2, "position": 39, "parents": [45], "genome": "d(8) r(6,10) d(4)", "fitness": 0.0}
{"generation": 2, "position": 40, "parents": [39], "genome": "r(8,1) a(6,12) r(6,1)", "fitness": 0.0}
{"generation": 2, "position": 41, "parents": [60], "genome": "d(8) d(6) d(3)", "fitness": 0.0}
{"generation": 2, "position": 42, "parents": [30], "genome": "r(4,10) d(6) d(3)", "fitness": 0.0}
{"generation": 2, "position": 43, "parents": [43], "genome": "d(6) a(10,9) d(14)", "fitness": 0.0}
{"generation": 2, "position": 44, "parents": [5, 39], "genome": "d(4) a(2,14) d(1)", "fitness": 0.0}
{"generation": 2, "position": 45, "parents": [5, 39], "genome": "r(8,1) a(6,12) d(1)", "fitness": 0.0}
{"generation": 2, "position": 46, "parents": [5], "genome": "d(4) a(2,14) a(6,7)", "fitness": 0.0}
{"generation": 2, "position": 47, "parents": [39], "genome": "r(8,1) a(6,12) d(1)", "fitness": 0.0}
{"generation": 2, "position": 48, "parents": [31], "genome": "r(14,1) d(6) a(5,16)", "fitness": 0.0}
{"generation": 2, "position": 49, "parents": [20], "genome": "a(14,10) d(6) d(1)", "fitness": 4.0}
{"generation": 2, "position": 50, "parents": [24, 57], "genome": "r(14,1) d(6) a(9,1)", "fitness": 0.0}
{"generation": 2, "position": 51, "parents": [24, 57], "genome": "r(14,1) r(2,4) r(6,5)", "fitness": 0.0}
{"generation": 2, "position": 52, "parents": [24], "genome": "r(14,1) d(6) a(5,4)", "fitness": 0.0}
{"generation": 2, "position": 53, "parents": [57], "genome": "r(14,1) r(2,4) a(6,2)", "fitness": 0.0}
{"generation": 2, "position": 54, "parents": [37, 36], "genome": "r(8,1) d(3) r(6,16)", "fitness": 0.0}
{"generation": 2, "position": 55, "parents": [37, 36], "genome": "a(4,2) a(6,1) a(4,8)", "fitness": 0.0}
{"generation": 2, "position": 56, "parents": [37], "genome": "r(8,1) a(6,1) r(6,7)", "fitness": 0.0}
{"generation": 2, "position": 57, "parents": [36], "genome": "a(4,2) d(3) d(6)", "fitness": 0.0}
{"generation": 2, "position": 58, "parents": [19, 11], "genome": "r(8,1) r(6,2) a(6,13) d(4)", "fitness": 0.0}
{"generation": 2, "position": 59, "parents": [19, 11], "genome": "r(2,15) a(3,13)", "fitness": 0.0}
{"generation": 2, "position": 60, "parents": [19], "genome": "r(8,1) r(6,2) d(3)", "fitness": 0.0}
{"generation": 3, "position": 0, "parents": [36, 46], "genome": "r(8,1) a(6,1) d(5) a(6,7) a(1,16)", "fitness": 0.0}
{"generation": 3, "position": 1, "parents": [36, 46], "genome": "d(4) a(2,14) d(6)", "fitness": 0.0}
{"generation": 3, "position": 2, "parents": [36], "genome": "r(8,1) a(6,1) d(5) r(2,8)", "fitness": 0.0}
{"generation": 3, "position": 3, "parents": [46], "genome": "d(4) a(2,14) a(6,7) d(1)", "fitness": 0.0}
{"generation": 3, "position": 4, "parents": [56, 17], "genome": "r(8,1) a(6,1) a(4,16) d(2) a(6,3)", "fitness": 0.0}
{"generation": 3, "position": 5, "parents": [56, 17], "genome": "r(6,5) r(6,7) a(3,10)", "fitness": 10.0}
{"generation": 3, "position": 6, "parents": [56], "genome": "r(8,1) a(6,1) r(6,7) d(4)", "fitness": 0.0}
{"generation": 3, "position": 7, "parents": [17], "genome": "r(6,5) a(4,16) d(2) d(14)", "fitness": 0.0}
{"generation": 3, "position": 8, "parents": [47, 12], "genome": "r(8,1) a(6,12) d(4) r(6,8)", "fitness": 0.0}
{"generation": 3, "position": 9, "parents": [47, 12], "genome": "r(6,2) d(12) d(1) a(5,16)", "fitness": 0.0}
{"generation": 3, "position": 10, "parents": [47], "genome": "r(8,1) a(6,12) d(1) d(6)", "fitness": 0.0}
{"generation": 3, "position": 11, "parents": [12], "genome": "r(6,2) d(12) d(4) a(2,2)", "fitness": 0.0}
{"generation": 3, "position": 12, "parents": [47], "genome": "r(8,1) a(6,12) d(1) d(6)", "fitness": 0.0}
{"generation": 3, "position": 13, "parents": [56], "genome": "r(8,1) a(6,1) r(6,7) d(2)", "fitness": 0.0}
{"generation": 3, "position": 14, "parents": [22, 32], "genome": "d(8) r(6,12) a(4,5)", "fitness": 0.0}
{"generation": 3, "position": 15, "parents": [22, 32], "genome": "d(6) r(8,6) d(3) r(1,13) r(2,12)", "fitness": 0.0}
{"generation": 3, "position": 16, "parents": [22], "genome": "d(8) r(6,12) r(1,13) d(2)", "fitness": 0.0}
{"generation": 3, "position": 17, "parents": [32], "genome": "d(6) r(8,6) d(3) d(1)", "fitness": 0.0}
{"generation": 3, "position": 18, "parents": [18], "genome": "a(1,6) r(6,5) r(5,12) d(3)", "fitness": 0.0}
{"generation": 3, "position": 19, "parents": [22], "genome": "d(8) r(6,12) r(1,13) a(3,13)", "fitness": 0.0}
{"generation": 3, "position": 20, "parents": [51, 2], "genome": "r(14,1) a(1,3) r(10,6)", "fitness": 0.0}
{"generation": 3, "position": 21, "parents": [51, 2], "genome": "a(1,6) r(6,5) a(4,13) r(2,4) r(6,5) d(9)", "fitness": 0.0}
{"generation": 3, "position": 22, "parents": [51], "genome": "r(14,1) r(2,4) r(6,5) a(5,6)", "fitness": 0.0}
{"generation": 3, "position": 23, "parents": [2], "genome": "a(1,6) r(6,5) a(4,13) a(1,3) a(10,14)", "fitness": 0.0}
{"generation": 3, "position": 24, "parents": [18, 57], "genome": "a(1,6) d(6) a(5,8)", "fitness": 0.0}
{"generation": 3, "position": 25, "parents": [18, 57], "genome": "a(4,2) d(3) r(6,5) r(5,12) a(1,7)", "fitness": 0.0}
{"generation": 3, "position": 26, "parents": [18], "genome": "a(1,6) r(6,5) r(5,12) r(8,1)", "fitness": 0.0}
{"generation": 3, "position": 27, "parents": [57], "genome": "a(4,2) d(3) d(6) r(9,12)", "fitness": 0.0}
{"generation": 3, "position": 28, "parents": [28], "genome": "d(6) d(4) r(3,2) a(9,15)", "fitness": 0.0}
{"generation": 3, "position": 29, "parents": [4], "genome": "a(1,6) r(6,5) r(10,5) a(14,13)", "fitness": 0.0}
{"generation": 3, "position": 30, "parents": [38], "genome": "r(6,5) a(4,16) r(12,4) d(2)", "fitness": 0.0}
{"generation": 3, "position": 31, "parents": [46], "genome": "d(4) a(2,14) a(6,7) a(1,2)", "fitness": 0.0}
{"generation": 3, "position": 32, "parents": [8], "genome": "a(1,6) r(9,6) r(6,3) a(3,8)", "fitness": 0.0}
{"generation": 3, "position": 33, "parents": [34], "genome": "r(8,1) a(6,1) a(4,16) r(3,12)", "fitness": 0.0}
{"generation": 3, "position": 34, "parents": [56, 0], "genome": "r(8,1) r(5,12)", "fitness": 0.0}
{"generation": 3, "position": 35, "parents": [56, 0], "genome": "r(4,10) d(6) d(10) a(6,1) r(6,7) d(14)", "fitness": 0.0}
{"generation": 3, "position": 36, "parents": [56], "genome": "r(8,1) a(6,1) r(6,7) a(1,3)", "fitness": 0.0}
{"generation": 3, "position": 37, "parents": [0], "genome": "r(4,10) d(6) d(10) r(3,2)", "fitness": 0.0}
{"generation": 3, "position": 38, "parents": [16], "genome": "a(1,6) r(6,5) r(9,16) r(1,8)", "fitness": 0.0}
{"generation": 3, "position": 39, "parents": [61], "genome": "r(2,15) a(6,13) d(6) d(9)", "fitness": 0.0}
{"generation": 3, "position": 40, "parents": [17, 28], "genome": "r(6,5) a(4,16) d(2) r(8,1)", "fitness": 0.0}
{"generation": 3, "position": 41, "parents": [17, 28], "genome": "d(6) d(4) r(3,2) a(9,1)", "fitness": 0.0}
{"generation": 3, "position": 42, "parents": [17], "genome": "r(6,5) a(4,16) d(2) r(4,10)", "fitness": 0.0}
{"generation": 3, "position": 43, "parents": [28], "genome": "d(6) d(4) r(3,2) r(12,13)", "fitness": 0.0}
{"generation": 3, "position": 44, "parents": [31], "genome": "r(4,10) d(6) d(8) d(1)", "fitness": 0.0}
{"generation": 3, "position": 45, "parents": [8], "genome": "a(1,6) r(9,6) r(6,3) d(1)", "fitness": 0.0}
{"generation": 3, "position": 46, "parents": [5], "genome": "d(6) a(4,13) r(12,13) d(4)", "fitness": 0.0}
{"generation": 3, "position": 47, "parents": [32], "genome": "d(6) r(8,6) d(3) d(1)", "fitness": 0.0}
{"generation": 3, "position": 48, "parents": [4, 53], "genome": "a(1,6) r(2,4) a(6,2) a(6,7)", "fitness": 0.0}
{"generation": 3, "position": 49, "parents": [4, 53], "genome": "r(14,1) r(6,5) r(10,5) a(8,13)", "fitness": 0.0}
{"generation": 3, "position": 50, "parents": [4], "genome": "a(1,6) r(6,5) r(10,5) r(12,2)", "fitness": 0.0}
{"generation": 3, "position": 51, "parents": [53], "genome": "r(14,1) r(2,4) a(6,2) r(6,14)", "fitness": 0.0}
{"generation": 3, "position": 52, "parents": [60], "genome": "r(8,1) r(6,2) d(3) a(4,14)", "fitness": 0.0}
{"generation": 3, "position": 53, "parents": [50], "genome": "r(14,1) d(6) a(9,1) r(1,16)", "fitness": 0.0}
{"generation": 3, "position": 54, "parents": [43, 50], "genome": "d(6) a(10,9) d(14) a(9,1) a(4,3)", "fitness": 0.0}
{"generation": 3, "position": 55, "parents": [43, 50], "genome": "r(14,1) d(6) a(12,6)", "fitness": 0.0}
{"generation": 3, "position": 56, "parents": [43], "genome": "d(6) a(10,9) d(14) d(10)", "fitness": 0.0}
{"generation": 3, "position": 57, "parents": [50], "genome": "r(14,1) d(6) a(9,1) a(9,3)", "fitness": 0.0}
{"generation": 3, "position": 58, "parents": [16, 4], "genome": "a(1,6) r(6,5) r(9,16) r(1,4)", "fitness": 0.0}
{"generation": 3, "position": 59, "parents": [16, 4], "genome": "a(1,6) r(6,5) r(10,5) d(3)", "fitness": 0.0}
{"generation": 3, "position": 60, "parents": [16], "genome": "a(1,6) r(6,5) r(9,16) d(12)", "fitness": 0.0}
{"generation": 4, "position": 0, "parents": [57, 33], "genome": "r(14,1) d(6) a(4,16) r(3,12) d(12)", "fitness": 0.0}
{"generation": 4, "position": 1, "parents": [57, 33], "genome": "r(8,1) a(6,1) a(9,1) a(9,3) d(6)", "fitness": 0.0}
{"generation": 4, "position": 2, "parents": [57], "genome": "r(14,1) d(6) a(9,1) a(9,3) a(10,9)", "fitness": 0.0}
{"generation": 4, "position": 3, "parents": [33], "genome": "r(8,1) a(6,1) a(4,16) r(3,12) a(4,4)", "fitness": 0.0}
{"generation": 4, "position": 4, "parents": [13, 32], "genome": "r(8,1) a(6,1) r(6,7) a(3,8) a(1,8)", "fitness": 0.0}
{"generation": 4, "position": 5, "parents": [13, 32], "genome": "a(1,6) r(9,6) r(6,3) d(2) r(3,8)", "fitness": 0.0}
{"generation": 4, "position": 6, "parents": [13], "genome": "r(8,1) a(6,1) r(6,7) d(2) a(3,15)", "fitness": 0.0}
{"generation": 4, "position": 7, "parents": [32], "genome": "a(1,6) r(9,6) r(6,3) a(3,8) d(1)", "fitness": 0.0}
{"generation": 4, "position": 8, "parents": [14, 0], "genome": "d(8) d(6)", "fitness": 0.0}
{"generation": 4, "position": 9, "parents": [14, 0], "genome": "r(8,1) a(6,1) d(5) a(6,7) a(1,16) r(6,12) a(4,5) r(1,4)", "fitness": 0.0}
{"generation": 4, "position": 10, "parents": [14], "genome": "d(8) r(6,12) a(4,5) d(2)", "fitness": 0.0}
{"generation": 4, "position": 11, "parents": [0], "genome": "r(8,1) a(6,1) d(5) a(6,7) a(1,16) a(2,1)", "fitness": 0.0}
{"generation": 4, "position": 12, "parents": [6], "genome": "r(8,1) a(6,1) r(6,7) d(4) d(1)", "fitness": 0.0}
{"generation": 4, "position": 13, "parents": [52], "genome": "r(8,1) r(6,2) d(3) a(4,14) r(5,15)", "fitness": 0.0}
{"generation": 4, "position": 14, "parents": [46], "genome": "d(6) a(4,13) r(12,13) d(4) r(5,8)", "fitness": 0.0}
{"generation": 4, "position": 15, "parents": [37], "genome": "r(4,10) d(6) d(10) r(3,2) d(5)", "fitness": 0.0}
{"generation": 4, "position": 16, "parents": [56], "genome": "d(6) a(10,9) d(14) d(10) d(1)", "fitness": 0.0}
{"generation": 4, "position": 17, "parents": [33], "genome": "r(8,1) a(6,1) a(4,16) r(3,12) r(6,13)", "fitness": 0.0}
{"generation": 4, "position": 18, "parents": [51], "genome": "r(14,1) r(2,4) a(6,2) r(6,14) d(8)", "fitness": 0.0}
{"generation": 4, "position": 19, "parents": [60], "genome": "a(1,6) r(6,5) r(9,16) d(12) r(8,6)", "fitness": 0.0}
{"generation": 4, "position": 20, "parents": [15], "genome": "d(6) r(8,6) d(3) r(1,13) r(2,12) d(5)", "fitness": 0.0}
{"generation": 4, "position": 21, "parents": [3], "genome": "d(4) a(2,14) a(6,7) d(1) a(6,4)", "fitness": 0.0}
{"generation": 4, "position": 22, "parents": [35, 3], "genome": "r(4,10) a(6,7) d(1) d(3)", "fitness": 0.0}
{"generation": 4, "position": 23, "parents": [35, 3], "genome": "d(4) a(2,14) d(6) d(10) a(6,1) r(6,7) d(14) d(5)", "fitness": 0.0}
{"generation": 4, "position": 24, "parents": [35], "genome": "r(4,10) d(6) d(10) a(6,1) r(6,7) d(14) d(12)", "fitness": 0.0}
{"generation": 4, "position": 25, "parents": [3], "genome": "d(4) a(2,14) a(6,7) d(1) a(6,2)", "fitness": 0.0}
{"generation": 4, "position": 26, "parents": [10, 44], "genome": "r(8,1) a(6,12) d(1) d(6) d(1) r(3,13)", "fitness": 0.0}
{"generation": 4, "position": 27, "parents": [10, 44], "genome": "r(4,10) d(6) d(8) d(3)", "fitness": 0.0}
{"generation": 4, "position": 28, "parents": [10], "genome": "r(8,1) a(6,12) d(1) d(6) a(5,10)", "fitness": 0.0}
{"generation": 4, "position": 29, "parents": [44], "genome": "r(4,10) d(6) d(8) d(1) d(2)", "fitness": 0.0}
{"generation": 4, "position": 30, "parents": [8, 47], "genome": "r(8,1) a(6,12) d(3) d(1) d(6)", "fitness": 0.0}
{"generation": 4, "position": 31, "parents": [8, 47], "genome": "d(6) r(8,6) d(4) r(6,8) d(3)", "fitness": 0.0}
{"generation": 4, "position": 32, "parents": [8], "genome": "r(8,1) a(6,12) d(4) r(6,8) a(3,7)", "fitness": 0.0}
{"generation": 4, "position": 33, "parents": [47], "genome": "d(6) r(8,6) d(3) d(1) r(5,15)", "fitness": 0.0}
{"generation": 4, "position": 34, "parents": [42], "genome": "r(6,5) a(4,16) d(2) r(4,10) a(10,16)", "fitness": 0.0}
{"generation": 4, "position": 35, "parents": [29], "genome": "a(1,6) r(6,5) r(10,5) a(14,13) d(5)", "fitness": 0.0}
{"generation": 4, "position": 36, "parents": [19, 13], "genome": "d(8) r(6,12) r(1,13) a(3,13) d(2) a(3,14)", "fitness": 0.0}
{"generation": 4, "position": 37, "parents": [19, 13], "genome": "r(8,1) a(6,1) r(6,7) a(3,3)", "fitness": 0.0}
{"generation": 4, "position": 38, "parents": [19], "genome": "d(8) r(6,12) r(1,13) a(3,13) r(2,4)", "fitness": 0.0}
{"generation": 4, "position": 39, "parents": [13], "genome": "r(8,1) a(6,1) r(6,7) d(2) r(1,10)", "fitness": 0.0}
{"generation": 4, "position": 40, "parents": [30, 7], "genome": "r(6,5) r(8,16)", "fitness": 20.0}
{"generation": 4, "position": 41, "parents": [30, 7], "genome": "r(6,5) a(4,16) d(2) d(14) a(4,16) r(12,4) d(2) r(9,5)", "fitness": 0.0}
{"generation": 4, "position": 42, "parents": [30], "genome": "r(6,5) a(4,16) r(12,4) d(2) r(9,3)", "fitness": 0.0}
{"generation": 4, "position": 43, "parents": [7], "genome": "r(6,5) a(4,16) d(2) d(14) a(5,4)", "fitness": 0.0}
{"generation": 4, "position": 44, "parents": [25], "genome": "a(4,2) d(3) r(6,5) r(5,12) a(1,7) r(2,1)", "fitness": 0.0}
{"generation": 4, "position": 45, "parents": [43], "genome": "d(6) d(4) r(3,2) r(12,13) d(10)", "fitness": 0.0}
{"generation": 4, "position": 46, "parents": [54], "genome": "d(6) a(10,9) d(14) a(9,1) a(4,3) d(10)", "fitness": 0.0}
{"generation": 4, "position": 47, "parents": [33], "genome": "r(8,1) a(6,1) a(4,16) r(3,12) d(6)", "fitness": 0.0}
{"generation": 4, "position": 48, "parents": [7, 56], "genome": "r(6,5) a(4,16) d(2) d(10) r(14,16)", "fitness": 0.0}
{"generation": 4, "position": 49, "parents": [7, 56], "genome": "d(6) a(10,9) d(14) d(14) d(8)", "fitness": 0.0}
{"generation": 4, "position": 50, "parents": [7], "genome": "r(6,5) a(4,16) d(2) d(14) a(12,6)", "fitness": 0.0}
{"generation": 4, "position": 51, "parents": [56], "genome": "d(6) a(10,9) d(14) d(10) d(5)", "fitness": 0.0}
{"generation": 4, "position": 52, "parents": [59, 59], "genome": "a(1,6) r(6,5) d(3) d(9)", "fitness": 0.0}
{"generation": 4, "position": 53, "parents": [59, 59], "genome": "a(1,6) r(6,5) r(10,5) r(10,5) d(3) r(12,13)", "fitness": 0.0}
{"generation": 4, "position": 54, "parents": [59], "genome": "a(1,6) r(6,5) r(10,5) d(3) r(2,7)", "fitness": 0.0}
{"generation": 4, "position": 55, "parents": [59], "genome": "a(1,6) r(6,5) r(10,5) d(3) a(1,16)", "fitness": 0.0}
{"generation": 4, "position": 56, "parents": [57], "genome": "r(14,1) d(6) a(9,1) a(9,3) r(10,2)", "fitness": 0.0}
{"generation": 4, "position": 57, "parents": [4], "genome": "r(8,1) a(6,1) a(4,16) d(2) a(6,3) d(6)", "fitness": 0.0}
{"generation": 4, "position": 58, "parents": [21, 28], "genome": "a(1,6) r(6,5) r(3,2) a(9,15) r(4,13)", "fitness": 0.0}
{"generation": 4, "position": 59, "parents": [21, 28], "genome": "d(6) d(4) a(4,13) r(2,4) r(6,5) d(9) r(8,12)", "fitness": 0.0}
{"generation": 4, "position": 60, "parents": [21], "genome": "a(1,6) r(6,5) a(4,13) r(2,4) r(6,5) d(9) d(4)", "fitness": 0.0}
{"generation": 5, "position": 0, "parents": [35, 6], "genome": "a(1,6) r(6,5) r(10,5) a(14,13) a(6,1) r(6,7) d(2) a(3,15) r(5,14)", "fitness": 0.0}
{"generation": 5, "position": 1, "parents": [35, 6], "genome": "r(8,1) d(5) r(4,6)", "fitness": 0.0}
{"generation": 5, "position": 2, "parents": [35], "genome": "a(1,6) r(6,5) r(10,5) a(14,13) d(5) a(12,4)", "fitness": 0.0}
{"generation": 5, "position": 3, "parents": [6], "genome": "r(8,1) a(6,1) r(6,7) d(2) a(3,15) r(5,7)", "fitness": 0.0}
{"generation": 5, "position": 4, "parents": [7, 39], "genome": "a(1,6) r(9,6) r(6,3) r(1,10) d(14)", "fitness": 0.0}
{"generation": 5, "position": 5, "parents": [7, 39], "genome": "r(8,1) a(6,1) r(6,7) d(2) a(3,8) d(1) r(4,2)", "fitness": 0.0}
{"generation": 5, "position": 6, "parents": [7], "genome": "a(1,6) r(9,6) r(6,3) a(3,8) d(1) d(3)", "fitness": 0.0}
{"generation": 5, "position": 7, "parents": [39], "genome": "r(8,1) a(6,1) r(6,7) d(2) r(1,10) d(3)", "fitness": 0.0}
{"generation": 5, "position": 8, "parents": [23], "genome": "d(4) a(2,14) d(6) d(10) a(6,1) r(6,7) d(14) d(5) d(8)", "fitness": 0.0}
{"generation": 5, "position": 9, "parents": [11], "genome": "r(8,1) a(6,1) d(5) a(6,7) a(1,16) a(2,1) r(3,15)", "fitness": 0.0}
{"generation": 5, "position": 10, "parents": [43], "genome": "r(6,5) a(4,16) d(2) d(14) a(5,4) a(4,13)", "fitness": 0.0}
{"generation": 5, "position": 11, "parents": [56], "genome": "r(14,1) d(6) a(9,1) a(9,3) r(10,2) a(8,5)", "fitness": 0.0}
{"generation": 5, "position": 12, "parents": [21, 2], "genome": "d(4) a(9,3) a(10,9) a(8,16)", "fitness": 0.0}
{"generation": 5, "position": 13, "parents": [21, 2], "genome": "r(14,1) d(6) a(9,1) a(2,14) a(6,7) d(1) a(6,4) r(8,5)", "fitness": 0.0}
{"generation": 5, "position": 14, "parents": [21], "genome": "d(4) a(2,14) a(6,7) d(1) a(6,4) a(12,16)", "fitness": 0.0}
{"generation": 5, "position": 15, "parents": [2], "genome": "r(14,1) d(6) a(9,1) a(9,3) a(10,9) r(2,5)", "fitness": 0.0}
{"generation": 5, "position": 16, "parents": [8, 22], "genome": "d(8) d(1) d(3) a(6,12)", "fitness": 0.0}
{"generation": 5, "position": 17, "parents": [8, 22], "genome": "r(4,10) a(6,7) d(6) r(5,13)", "fitness": 0.0}
{"generation": 5, "position": 18, "parents": [8], "genome": "d(8) d(6) a(5,1)", "fitness": 0.0}
{"generation": 5, "position": 19, "parents": [22], "genome": "r(4,10) a(6,7) d(1) d(3) r(10,12)", "fitness": 0.0}
{"generation": 5, "position": 20, "parents": [6], "genome": "r(8,1) a(6,1) r(6,7) d(2) a(3,15) r(5,1)", "fitness": 0.0}
{"generation": 5, "position": 21, "parents": [47], "genome": "r(8,1) a(6,1) a(4,16) r(3,12) d(6) r(5,7)", "fitness": 0.0}
{"generation": 5, "position": 22, "parents": [4], "genome": "r(8,1) a(6,1) r(6,7) a(3,8) a(1,8) r(2,15)", "fitness": 0.0}
{"generation": 5, "position": 23, "parents": [18], "genome": "r(14,1) r(2,4) a(6,2) r(6,14) d(8) a(5,3)", "fitness": 0.0}
{"generation": 5, "position": 24, "parents": [56, 1], "genome": "r(14,1) d(6) a(9,1) a(9,3) a(6,1) a(9,1) a(9,3) d(6) a(2,5)", "fitness": 0.0}
{"generation": 5, "position": 25, "parents": [56, 1], "genome": "r(8,1) r(10,2) d(6)", "fitness": 0.0}
{"generation": 5, "position": 26, "parents": [56], "genome": "r(14,1) d(6) a(9,1) a(9,3) r(10,2) a(4,2)", "fitness": 0.0}
{"generation": 5, "position": 27, "parents": [1], "genome": "r(8,1) a(6,1) a(9,1) a(9,3) d(6) r(4,6)", "fitness": 0.0}
{"generation": 5, "position": 28, "parents": [60], "genome": "a(1,6) r(6,5) a(4,13) r(2,4) r(6,5) d(9) d(4) d(1)", "fitness": 0.0}
{"generation": 5, "position": 29, "parents": [10], "genome": "d(8) r(6,12) a(4,5) d(2) d(5)", "fitness": 0.0}
{"generation": 5, "position": 30, "parents": [54, 29], "genome": "a(1,6) d(8) d(1) d(2) a(6,14)", "fitness": 0.0}
{"generation": 5, "position": 31, "parents": [54, 29], "genome": "r(4,10) d(6) r(6,5) r(10,5) d(3) r(2,7) r(1,12)", "fitness": 0.0}
{"generation": 5, "position": 32, "parents": [54], "genome": "a(1,6) r(6,5) r(10,5) d(3) r(2,7) a(4,7)", "fitness": 0.0}
{"generation": 5, "position": 33, "parents": [29], "genome": "r(4,10) d(6) d(8) d(1) d(2) a(3,10)", "fitness": 0.0}
{"generation": 5, "position": 34, "parents": [61], "genome": "d(6) d(4) r(3,2) a(9,15) r(9,4) a(5,7)", "fitness": 0.0}
{"generation": 5, "position": 35, "parents": [16], "genome": "d(6) a(10,9) d(14) d(10) d(1) d(9)", "fitness": 0.0}
{"generation": 5, "position": 36, "parents": [57], "genome": "r(8,1) a(6,1) a(4,16) d(2) a(6,3) d(6) d(3)", "fitness": 0.0}
{"generation": 5, "position": 37, "parents": [17], "genome": "r(8,1) a(6,1) a(4,16) r(3,12) r(6,13) a(4,12)", "fitness": 0.0}
{"generation": 5, "position": 38, "parents": [0, 36], "genome": "r(14,1) d(6) d(8)", "fitness": 0.0}
{"generation": 5, "position": 39, "parents": [0, 36], "genome": "d(8) r(6,12) r(1,13) a(3,13) d(2) a(3,14) a(4,16) r(3,12) d(12) a(5,12)", "fitness": 0.0}
{"generation": 5, "position": 40, "parents": [0], "genome": "r(14,1) d(6) a(4,16) r(3,12) d(12) a(5,16)", "fitness": 0.0}
{"generation": 5, "position": 41, "parents": [36], "genome": "d(8) r(6,12) r(1,13) a(3,13) d(2) a(3,14) a(3,15)", "fitness": 0.0}
{"generation": 5, "position": 42, "parents": [19, 51], "genome": "a(1,6) r(6,5) r(9,16) d(12) r(8,6) d(10) d(5) d(2)", "fitness": 0.0}
{"generation": 5, "position": 43, "parents": [19, 51], "genome": "d(6) a(10,9) d(14) d(10)", "fitness": 0.0}
{"generation": 5, "position": 44, "parents": [19], "genome": "a(1,6) r(6,5) r(9,16) d(12) r(8,6) d(3)", "fitness": 0.0}
{"generation": 5, "position": 45, "parents": [51], "genome": "d(6) a(10,9) d(14) d(10) d(5) a(3,13)", "fitness": 0.0}
{"generation": 5, "position": 46, "parents": [55, 49], "genome": "a(1,6) r(6,5) r(10,5) d(3) a(10,9) d(14) d(14) d(8) r(1,4)", "fitness": 0.0}
{"generation": 5, "position": 47, "parents": [55, 49], "genome": "d(6) a(1,16) r(2,7)", "fitness": 0.0}
{"generation": 5, "position": 48, "parents": [55], "genome": "a(1,6) r(6,5) r(10,5) d(3) a(1,16) d(14)", "fitness": 0.0}
{"generation": 5, "position": 49, "parents": [49], "genome": "d(6) a(10,9) d(14) d(14) d(8) a(3,5)", "fitness": 0.0}
{"generation": 5, "position": 50, "parents": [15, 8], "genome": "r(4,10) d(6) d(10) r(3,2) d(6) a(2,10)", "fitness": 0.0}
{"generation": 5, "position": 51, "parents": [15, 8], "genome": "d(8) d(5) r(3,1)", "fitness": 0.0}
{"generation": 5, "position": 52, "parents": [15], "genome": "r(4,10) d(6) d(10) r(3,2) d(5) a(14,12)", "fitness": 0.0}
{"generation": 5, "position": 53, "parents": [8], "genome": "d(8) d(6) r(2,14)", "fitness": 0.0}
{"generation": 5, "position": 54, "parents": [9, 12], "genome": "r(8,1) a(6,1) d(5) a(6,7) a(1,16) r(6,12) a(3,8)", "fitness": 0.0}
{"generation": 5, "position": 55, "parents": [9, 12], "genome": "r(8,1) a(6,1) r(6,7) d(4) d(1) a(4,5) r(1,4) d(5)", "fitness": 0.0}
{"generation": 5, "position": 56, "parents": [9], "genome": "r(8,1) a(6,1) d(5) a(6,7) a(1,16) r(6,12) a(4,5) r(1,4) d(4)", "fitness": 0.0}
{"generation": 5, "position": 57, "parents": [12], "genome": "r(8,1) a(6,1) r(6,7) d(4) d(1) d(3)", "fitness": 0.0}
{"generation": 5, "position": 58, "parents": [55], "genome": "a(1,6) r(6,5) r(10,5) d(3) a(1,16) d(14)", "fitness": 0.0}
{"generation": 5, "position": 59, "parents": [29], "genome": "r(4,10) d(6) d(8) d(1) d(2) d(3)", "fitness": 0.0}
{"generation": 5, "position": 60, "parents": [29, 48], "genome": "r(4,10) d(6) d(8) d(1) d(2) r(14,16) r(5,13)", "fitness": 0.0}
{"generation": 5, "position": 61, "parents": [29, 48], "genome": "r(6,5) a(4,16) d(2) d(10) a(12,5)", "fitness": 0.0}
{"generation": 5, "position": 62, "parents": [29], "genome": "r(4,10) d(6) d(8) d(1) d(2) d(3)", "fitness": 0.0}
{"generation": 6, "position": 0, "parents": [57, 43], "genome": "r(8,1) d(14) d(10) r(6,2)", "fitness": 0.0}
{"generation": 6, "position": 1, "parents": [57, 43], "genome": "d(6) a(10,9) a(6,1) r(6,7) d(4) d(1) d(3) r(9,16)", "fitness": 0.0}
{"generation": 6, "position": 2, "parents": [57], "genome": "r(8,1) a(6,1) r(6,7) d(4) d(1) d(3) r(5,16)", "fitness": 0.0}
{"generation": 6, "position": 3, "parents": [43], "genome": "d(6) a(10,9) d(14) d(10) d(8)", "fitness": 0.0}
{"generation": 6, "position": 4, "parents": [8, 38], "genome": "d(4) a(2,14) d(6) d(8)", "fitness": 0.0}
{"generation": 6, "position": 5, "parents": [8, 38], "genome": "r(14,1) d(6) d(8) d(10) a(6,1) r(6,7) d(14) d(5) d(8) a(4,2)", "fitness": 0.0}
{"generation": 6, "position": 6, "parents": [8], "genome": "d(4) a(2,14) d(6) d(10) a(6,1) r(6,7) d(14) d(5) d(8) r(3,14)", "fitness": 0.0}
{"generation": 6, "position": 7, "parents": [38], "genome": "r(14,1) d(6) d(8) a(2,4)", "fitness": 0.0}
{"generation": 6, "position": 8, "parents": [32], "genome": "a(1,6) r(6,5) r(10,5) d(3) r(2,7) a(4,7) a(8,6)", "fitness": 0.0}
{"generation": 6, "position": 9, "parents": [39], "genome": "d(8) r(6,12) r(1,13) a(3,13) d(2) a(3,14) a(4,16) r(3,12) d(12) a(5,12) d(5)", "fitness": 0.0}
{"generation": 6, "position": 10, "parents": [10], "genome": "r(6,5) a(4,16) d(2) d(14) a(5,4) a(4,13) a(1,6)", "fitness": 0.0}
{"generation": 6, "position": 11, "parents": [44], "genome": "a(1,6) r(6,5) r(9,16) d(12) r(8,6) d(3) a(5,5)", "fitness": 0.0}
{"generation": 6, "position": 12, "parents": [46], "genome": "a(1,6) r(6,5) r(10,5) d(3) a(10,9) d(14) d(14) d(8) r(1,4) a(5,12)", "fitness": 0.0}
{"generation": 6, "position": 13, "parents": [31], "genome": "r(4,10) d(6) r(6,5) r(10,5) d(3) r(2,7) r(1,12) r(8,12)", "fitness": 0.0}
{"generation": 6, "position": 14, "parents": [61, 34], "genome": "r(6,5) a(4,16) d(2) a(9,2)", "fitness": 0.0}
{"generation": 6, "position": 15, "parents": [61, 34], "genome": "d(6) d(4) r(3,2) a(9,15) r(9,4) a(5,7) d(10) a(12,5) a(5,3)", "fitness": 0.0}
{"generation": 6, "position": 16, "parents": [61], "genome": "r(6,5) a(4,16) d(2) d(10) a(12,5) d(14)", "fitness": 0.0}
{"generation": 6, "position": 17, "parents": [34], "genome": "d(6) d(4) r(3,2) a(9,15) r(9,4) a(5,7) a(1,6)", "fitness": 0.0}
{"generation": 6, "position": 18, "parents": [36, 50], "genome": "r(8,1) a(6,1) a(4,16) d(2) d(6) d(10) r(3,2) d(6) a(2,10) a(1,10)", "fitness": 0.0}
{"generation": 6, "position": 19, "parents": [36, 50], "genome": "r(4,10) a(6,3) d(6) d(3) d(10)", "fitness": 0.0}
{"generation": 6, "position": 20, "parents": [36], "genome": "r(8,1) a(6,1) a(4,16) d(2) a(6,3) d(6) d(3) a(4,14)", "fitness": 0.0}
{"generation": 6, "position": 21, "parents": [50], "genome": "r(4,10) d(6) d(10) r(3,2) d(6) a(2,10) r(5,10)", "fitness": 0.0}
{"generation": 6, "position": 22, "parents": [55], "genome": "r(8,1) a(6,1) r(6,7) d(4) d(1) a(4,5) r(1,4) d(5) r(2,8)", "fitness": 0.0}
{"generation": 6, "position": 23, "parents": [9], "genome": "r(8,1) a(6,1) d(5) a(6,7) a(1,16) a(2,1) r(3,15) d(4)", "fitness": 0.0}
{"generation": 6, "position": 24, "parents": [37, 55], "genome": "r(8,1) a(6,1) a(4,16) r(3,12) r(6,7)", "fitness": 0.0}
{"generation": 6, "position": 25, "parents": [37, 55], "genome": "r(8,1) a(6,1) r(6,7) d(4) d(1) a(4,5) r(1,4) d(5) r(6,13) a(4,12) r(2,1)", "fitness": 0.0}
{"generation": 6, "position": 26, "parents": [37], "genome": "r(8,1) a(6,1) a(4,16) r(3,12) r(6,13) a(4,12) d(4)", "fitness": 0.0}
{"generation": 6, "position": 27, "parents": [55], "genome": "r(8,1) a(6,1) r(6,7) d(4) d(1) a(4,5) r(1,4) d(5) a(2,5)", "fitness": 0.0}
{"generation": 6, "position": 28, "parents": [54], "genome": "r(8,1) a(6,1) d(5) a(6,7) a(1,16) r(6,12) a(3,8) a(2,8)", "fitness": 0.0}
{"generation": 6, "position": 29, "parents": [62], "genome": "r(4,10) d(6) d(8) d(1) d(2) d(3) a(5,7)", "fitness": 0.0}
{"generation": 6, "position": 30, "parents": [63], "genome": "r(6,5) a(4,16) d(2) d(10) r(14,16) r(1,10) r(3,6)", "fitness": 0.0}
{"generation": 6, "position": 31, "parents": [44], "genome": "a(1,6) r(6,5) r(9,16) d(12) r(8,6) d(3) d(5)", "fitness": 0.0}
{"generation": 6, "position": 32, "parents": [4], "genome": "a(1,6) r(9,6) r(6,3) r(1,10) d(14) r(5,1)", "fitness": 0.0}
{"generation": 6, "position": 33, "parents": [33], "genome": "r(4,10) d(6) d(8) d(1) d(2) a(3,10) d(5)", "fitness": 0.0}
{"generation": 6, "position": 34, "parents": [10], "genome": "r(6,5) a(4,16) d(2) d(14) a(5,4) a(4,13) d(8)", "fitness": 0.0}
{"generation": 6, "position": 35, "parents": [31], "genome": "r(4,10) d(6) r(6,5) r(10,5) d(3) r(2,7) r(1,12) a(14,10)", "fitness": 0.0}
{"generation": 6, "position": 36, "parents": [18], "genome": "d(8) d(6) a(5,1) r(3,8)", "fitness": 0.0}
{"generation": 6, "position": 37, "parents": [17], "genome": "r(4,10) a(6,7) d(6) r(5,13) r(14,7)", "fitness": 0.0}
{"generation": 6, "position": 38, "parents": [54], "genome": "r(8,1) a(6,1) d(5) a(6,7) a(1,16) r(6,12) a(3,8) d(4)", "fitness": 0.0}
{"generation": 6, "position": 39, "parents": [60], "genome": "r(4,10) d(6) d(8) d(1) d(2) r(14,16) r(5,13) a(3,1)", "fitness": 0.0}
{"generation": 6, "position": 40, "parents": [4, 57], "genome": "a(1,6) d(4) d(1) d(3) a(12,15)", "fitness": 0.0}
{"generation": 6, "position": 41, "parents": [4, 57], "genome": "r(8,1) a(6,1) r(6,7) r(9,6) r(6,3) r(1,10) d(14) d(4)", "fitness": 0.0}
{"generation": 6, "position": 42, "parents": [4], "genome": "a(1,6) r(9,6) r(6,3) r(1,10) d(14) a(4,1)", "fitness": 0.0}
{"generation": 6, "position": 43, "parents": [57], "genome": "r(8,1) a(6,1) r(6,7) d(4) d(1) d(3) r(5,14)", "fitness": 0.0}
{"generation": 6, "position": 44, "parents": [10, 27], "genome": "r(6,5) r(4,6) r(5,7)", "fitness": 0.0}
{"generation": 6, "position": 45, "parents": [10, 27], "genome": "r(8,1) a(6,1) a(9,1) a(9,3) d(6) a(4,16) d(2) d(14) a(5,4) a(4,13) r(3,10)", "fitness": 0.0}
{"generation": 6, "position": 46, "parents": [10], "genome": "r(6,5) a(4,16) d(2) d(14) a(5,4) a(4,13) d(1)", "fitness": 0.0}
{"generation": 6, "position": 47, "parents": [27], "genome": "r(8,1) a(6,1) a(9,1) a(9,3) d(6) r(4,6) a(3,7)", "fitness": 0.0}
{"generation": 6, "position": 48, "parents": [38], "genome": "r(14,1) d(6) d(8) d(1)", "fitness": 0.0}
{"generation": 6, "position": 49, "parents": [46], "genome": "a(1,6) r(6,5) r(10,5) d(3) a(10,9) d(14) d(14) d(8) r(1,4) a(5,3)", "fitness": 0.0}
{"generation": 6, "position": 50, "parents": [35], "genome": "d(6) a(10,9) d(14) d(10) d(1) d(9) a(5,16)", "fitness": 0.0}
{"generation": 6, "position": 51, "parents": [22], "genome": "r(8,1) a(6,1) r(6,7) a(3,8) a(1,8) r(2,15) d(5)", "fitness": 0.0}
{"generation": 6, "position": 52, "parents": [1], "genome": "r(8,1) d(5) r(4,6) r(2,4)", "fitness": 0.0}
{"generation": 7, "position": 0, "parents": [38], "genome": "r(8,1) a(6,1) d(5) a(6,7) a(1,16) r(6,12) a(3,8) d(4) r(3,6)", "fitness": 0.0}
{"generation": 7, "position": 1, "parents": [4], "genome": "d(4) a(2,14) d(6) d(8) a(3,6)", "fitness": 0.0}
{"generation": 7, "position": 2, "parents": [30], "genome": "r(6,5) a(4,16) d(2) d(10) r(14,16) r(1,10) r(3,6) a(9,5)", "fitness": 0.0}
{"generation": 7, "position": 3, "parents": [20], "genome": "r(8,1) a(6,1) a(4,16) d(2) a(6,3) d(6) d(3) a(4,14) r(1,5)", "fitness": 0.0}
{"generation": 7, "position": 4, "parents": [13, 30], "genome": "r(4,10) d(6) r(6,5) r(10,5) d(3) r(2,7) d(2) d(10) r(14,16) r(1,10) r(3,6) a(5,14)", "fitness": 0.0}
{"generation": 7, "position": 5, "parents": [13, 30], "genome": "r(6,5) a(4,16) r(1,12) r(8,12) a(3,5)", "fitness": 0.0}
{"generation": 7, "position": 6, "parents": [13], "genome": "r(4,10) d(6) r(6,5) r(10,5) d(3) r(2,7) r(1,12) r(8,12) d(5)", "fitness": 0.0}
{"generation": 7, "position": 7, "parents": [30], "genome": "r(6,5) a(4,16) d(2) d(10) r(14,16) r(1,10) r(3,6) a(12,16)", "fitness": 0.0}
{"generation": 7, "position": 8, "parents": [52, 12], "genome": "r(8,1) d(14) d(14) d(8) r(1,4) a(5,12) a(6,15)", "fitness": 0.0}
{"generation": 7, "position": 9, "parents": [52, 12], "genome": "a(1,6) r(6,5) r(10,5) d(3) a(10,9) d(5) r(4,6) r(2,4) d(8)", "fitness": 0.0}
{"generation": 7, "position": 10, "parents": [52], "genome": "r(8,1) d(5) r(4,6) r(2,4) a(3,1)", "fitness": 0.0}
{"generation": 7, "position": 11, "parents": [12], "genome": "a(1,6) r(6,5) r(10,5) d(3) a(10,9) d(14) d(14) d(8) r(1,4) a(5,12) d(2)", "fitness": 0.0}
{"generation": 7, "position": 12, "parents": [9, 6], "genome": "d(8) r(6,12) r(1,13) a(3,13) d(2) a(3,14) r(3,5)", "fitness": 0.0}
{"generation": 7, "position": 13, "parents": [9, 6], "genome": "d(4) a(2,14) d(6) d(10) a(6,1) r(6,7) d(14) d(5) d(8) r(3,14) a(4,16) r(3,12) d(12) a(5,12) d(5) a(1,12)", "fitness": 0.0}
{"generation": 7, "position": 14, "parents": [9], "genome": "d(8) r(6,12) r(1,13) a(3,13) d(2) a(3,14) a(4,16) r(3,12) d(12) a(5,12) d(5) d(4)", "fitness": 0.0}
{"generation": 7, "position": 15, "parents": [6], "genome": "d(4) a(2,14) d(6) d(10) a(6,1) r(6,7) d(14) d(5) d(8) r(3,14) d(1)", "fitness": 0.0}
{"generation": 7, "position": 16, "parents": [52, 47], "genome": "r(8,1) d(5) r(4,6) r(2,4) d(6) r(4,6) a(3,7) d(3)", "fitness": 0.0}
{"generation": 7, "position": 17, "parents": [52, 47], "genome": "r(8,1) a(6,1) a(9,1) a(9,3) a(6,12)", "fitness": 0.0}
{"generation": 7, "position": 18, "parents": [52], "genome": "r(8,1) d(5) r(4,6) r(2,4) r(1,7)", "fitness": 0.0}
{"generation": 7, "position": 19, "parents": [47], "genome": "r(8,1) a(6,1) a(9,1) a(9,3) d(6) r(4,6) a(3,7) a(1,5)", "fitness": 0.0}
{"generation": 7, "position": 20, "parents": [29, 53], "genome": "r(4,10) d(6) d(8) d(1) d(2) d(3) a(14,3) a(5,15)", "fitness": 0.0}
{"generation": 7, "position": 21, "parents": [29, 53], "genome": "r(4,10) d(6) r(6,5) r(10,5) d(3) r(2,7) r(1,12) a(5,7) a(12,7)", "fitness": 0.0}
{"generation": 7, "position": 22, "parents": [29], "genome": "r(4,10) d(6) d(8) d(1) d(2) d(3) a(5,7) d(5)", "fitness": 0.0}
{"generation": 7, "position": 23, "parents": [53], "genome": "r(4,10) d(6) r(6,5) r(10,5) d(3) r(2,7) r(1,12) a(14,3) r(8,15)", "fitness": 0.0}
{"generation": 7, "position": 24, "parents": [9, 42], "genome": "d(8) r(6,12) r(1,13) a(3,13) d(2) a(3,14) a(4,16) r(3,12) d(12) a(5,12) r(6,3) r(1,10) d(14) a(4,1) d(5)", "fitness": 0.0}
{"generation": 7, "position": 25, "parents": [9, 42], "genome": "a(1,6) r(9,6) d(5) a(2,14)", "fitness": 0.0}
{"generation": 7, "position": 26, "parents": [9], "genome": "d(8) r(6,12) r(1,13) a(3,13) d(2) a(3,14) a(4,16) r(3,12) d(12) a(5,12) d(5) a(4,2)", "fitness": 0.0}
{"generation": 7, "position": 27, "parents": [42], "genome": "a(1,6) r(9,6) r(6,3) r(1,10) d(14) a(4,1) d(4)", "fitness": 0.0}
{"generation": 7, "position": 28, "parents": [39], "genome": "r(4,10) d(6) d(8) d(1) d(2) r(14,16) r(5,13) a(3,1) r(3,1)", "fitness": 0.0}
{"generation": 7, "position": 29, "parents": [34], "genome": "r(6,5) a(4,16) d(2) d(14) a(5,4) a(4,13) d(8) a(3,1)", "fitness": 0.0}
{"generation": 7, "position": 30, "parents": [30], "genome": "r(6,5) a(4,16) d(2) d(10) r(14,16) r(1,10) r(3,6) d(5)", "fitness": 0.0}
{"generation": 7, "position": 31, "parents": [49], "genome": "a(1,6) r(6,5) r(10,5) d(3) a(10,9) d(14) d(14) d(8) r(1,4) a(5,3) d(2)", "fitness": 0.0}
{"generation": 7, "position": 32, "parents": [29, 40], "genome": "r(4,10) d(6) d(1) d(3) a(12,15) r(12,15)", "fitness": 0.0}
{"generation": 7, "position": 33, "parents": [29, 40], "genome": "a(1,6) d(4) d(8) d(1) d(2) d(3) a(5,7) d(6)", "fitness": 0.0}
{"generation": 7, "position": 34, "parents": [29], "genome": "r(4,10) d(6) d(8) d(1) d(2) d(3) a(5,7) d(5)", "fitness": 0.0}
{"generation": 7, "position": 35, "parents": [40], "genome": "a(1,6) d(4) d(1) d(3) a(12,15) d(6)", "fitness": 0.0}
{"generation": 7, "position": 36, "parents": [49, 3], "genome": "a(1,6) r(6,5) r(10,5) d(3) a(10,9) a(10,9) d(14) d(10) d(8) a(4,6)", "fitness": 0.0}
{"generation": 7, "position": 37, "parents": [49, 3], "genome": "d(6) d(14) d(14) d(8) r(1,4) a(5,3) d(5)", "fitness": 0.0}
{"generation": 7, "position": 38, "parents": [49], "genome": "a(1,6) r(6,5) r(10,5) d(3) a(10,9) d(14) d(14) d(8) r(1,4) a(5,3) r(5,10)", "fitness": 0.0}
{"generation": 7, "position": 39, "parents": [3], "genome": "d(6) a(10,9) d(14) d(10) d(8) a(1,6)", "fitness": 0.0}
{"generation": 7, "position": 40, "parents": [44], "genome": "r(6,5) r(4,6) r(5,7) a(10,5)", "fitness": 0.0}
{"generation": 7, "position": 41, "parents": [20], "genome": "r(8,1) a(6,1) a(4,16) d(2) a(6,3) d(6) d(3) a(4,14) r(1,2)", "fitness": 0.0}
{"generation": 7, "position": 42, "parents": [12], "genome": "a(1,6) r(6,5) r(10,5) d(3) a(10,9) d(14) d(14) d(8) r(1,4) a(5,12) a(5,15)", "fitness": 0.0}
{"generation": 7, "position": 43, "parents": [36], "genome": "d(8) d(6) a(5,1) r(3,8) r(5,8)", "fitness": 0.0}
{"generation": 7, "position": 44, "parents": [33], "genome": "r(4,10) d(6) d(8) d(1) d(2) a(3,10) d(5) a(3,2)", "fitness": 0.0}
{"generation": 7, "position": 45, "parents": [15], "genome": "d(6) d(4) r(3,2) a(9,15) r(9,4) a(5,7) d(10) a(12,5) a(5,3) a(8,3)", "fitness": 0.0}
{"generation": 7, "position": 46, "parents": [31, 10], "genome": "a(1,6) r(6,5) r(9,16) d(12) r(8,6) d(3) d(5) d(14) a(5,4) a(4,13) a(1,6) d(2)", "fitness": 0.0}
{"generation": 7, "position": 47, "parents": [31, 10], "genome": "r(6,5) a(4,16) d(2) r(10,7)", "fitness": 0.0}
{"generation": 7, "position": 48, "parents": [31], "genome": "a(1,6) r(6,5) r(9,16) d(12) r(8,6) d(3) d(5) r(4,15)", "fitness": 0.0}
{"generation": 7, "position": 49, "parents": [10], "genome": "r(6,5) a(4,16) d(2) d(14) a(5,4) a(4,13) a(1,6) a(3,12)", "fitness": 0.0}
{"generation": 7, "position": 50, "parents": [15], "genome": "d(6) d(4) r(3,2) a(9,15) r(9,4) a(5,7) d(10) a(12,5) a(5,3) r(2,6)", "fitness": 0.0}
{"generation": 7, "position": 51, "parents": [19], "genome": "r(4,10) a(6,3) d(6) d(3) d(10) a(14,6)", "fitness": 0.0}
{"generation": 7, "position": 52, "parents": [30], "genome": "r(6,5) a(4,16) d(2) d(10) r(14,16) r(1,10) r(3,6) r(12,8)", "fitness": 0.0}
{"generation": 7, "position": 53, "parents": [23], "genome": "r(8,1) a(6,1) d(5) a(6,7) a(1,16) a(2,1) r(3,15) d(4) a(1,1)", "fitness": 0.0}
{"generation": 7, "position": 54, "parents": [6, 50], "genome": "d(4) a(2,14) d(6) d(10) a(6,1) r(6,7) d(10) d(1) d(9) a(5,16) a(8,14)", "fitness": 0.0}
{"generation": 7, "position": 55, "parents": [6, 50], "genome": "d(6) a(10,9) d(14) d(14) d(5) d(8) r(3,14) d(2)", "fitness": 0.0}
{"generation": 7, "position": 56, "parents": [6], "genome": "d(4) a(2,14) d(6) d(10) a(6,1) r(6,7) d(14) d(5) d(8) r(3,14) d(1)", "fitness": 0.0}
{"generation": 7, "position": 57, "parents": [50], "genome": "d(6) a(10,9) d(14) d(10) d(1) d(9) a(5,16) a(8,13)", "fitness": 0.0}
{"generation": 7, "position": 58, "parents": [35, 48], "genome": "r(4,10) d(6) r(6,5) r(10,5) d(3) r(2,7) r(1,12) a(14,10) d(8) d(1) d(5)", "fitness": 0.0}
{"generation": 7, "position": 59, "parents": [35, 48], "genome": "r(14,1) d(6) d(5)", "fitness": 0.0}
{"generation": 7, "position": 60, "parents": [35], "genome": "r(4,10) d(6) r(6,5) r(10,5) d(3) r(2,7) r(1,12) a(14,10) a(14,12)", "fitness": 0.0}
{"generation": 8, "position": 0, "parents": [41], "genome": "r(8,1) a(6,1) a(4,16) d(2) a(6,3) d(6) d(3) a(4,14) r(1,2) r(5,15)", "fitness": 0.0}
{"generation": 8, "position": 1, "parents": [14], "genome": "d(8) r(6,12) r(1,13) a(3,13) d(2) a(3,14) a(4,16) r(3,12) d(12) a(5,12) d(5) d(4)", "fitness": 0.0}
{"generation": 8, "position": 2, "parents": [9, 22], "genome": "a(1,6) d(1) d(2) d(3) a(5,7) d(5) a(8,10)", "fitness": 0.0}
{"generation": 8, "position": 3, "parents": [9, 22], "genome": "r(4,10) d(6) d(8) r(6,5) r(10,5) d(3) a(10,9) d(5) r(4,6) r(2,4) d(8) a(1,13)", "fitness": 0.0}
{"generation": 8, "position": 4, "parents": [9], "genome": "a(1,6) r(6,5) r(10,5) d(3) a(10,9) d(5) r(4,6) r(2,4) d(8) r(1,8)", "fitness": 0.0}
{"generation": 8, "position": 5, "parents": [22], "genome": "r(4,10) d(6) d(8) d(1) d(2) d(3) a(5,7) d(5)", "fitness": 0.0}
{"generation": 8, "position": 6, "parents": [17, 58], "genome": "r(8,1) a(6,1) a(9,1) a(9,3) d(5) a(3,7)", "fitness": 0.0}
{"generation": 8, "position": 7, "parents": [17, 58], "genome": "r(4,10) d(6) r(6,5) r(10,5) d(3) r(2,7) r(1,12) a(14,10) d(8) d(1) a(6,12) r(5,1)", "fitness": 0.0}
{"generation": 8, "position": 8, "parents": [17], "genome": "r(8,1) a(6,1) a(9,1) a(9,3) a(6,12) d(6)", "fitness": 0.0}
{"generation": 8, "position": 9, "parents": [58], "genome": "r(4,10) d(6) r(6,5) r(10,5) d(3) r(2,7) r(1,12) a(14,10) d(8) d(1) d(5)", "fitness": 0.0}
{"generation": 8, "position": 10, "parents": [0, 0], "genome": "r(8,1) a(6,1) d(5) a(6,7) a(1,16) a(6,1) d(5) a(6,7) a(1,16) r(6,12) a(3,8) d(4) r(3,6) a(1,6)", "fitness": 0.0}
{"generation": 8, "position": 11, "parents": [0, 0], "genome": "r(8,1) r(6,12) a(3,8) d(4) r(3,6) d(1)", "fitness": 0.0}
{"generation": 8, "position": 12, "parents": [0], "genome": "r(8,1) a(6,1) d(5) a(6,7) a(1,16) r(6,12) a(3,8) d(4) r(3,6) r(2,10)", "fitness": 0.0}
{"generation": 8, "position": 13, "parents": [0], "genome": "r(8,1) a(6,1) d(5) a(6,7) a(1,16) r(6,12) a(3,8) d(4) r(3,6) a(2,4)", "fitness": 0.0}
{"generation": 8, "position": 14, "parents": [31, 60], "genome": "a(1,6) r(6,5) r(10,5) d(3) r(2,7) r(1,12) a(14,10) a(14,12) a(14,3)", "fitness": 0.0}
{"generation": 8, "position": 15, "parents": [31, 60], "genome": "r(4,10) d(6) r(6,5) r(10,5) d(3) a(10,9) d(14) d(14) d(8) r(1,4) a(5,3) d(2) a(5,12)", "fitness": 0.0}
{"generation": 8, "position": 16, "parents": [31], "genome": "a(1,6) r(6,5) r(10,5) d(3) a(10,9) d(14) d(14) d(8) r(1,4) a(5,3) d(2) d(5)", "fitness": 0.0}
{"generation": 8, "position": 17, "parents": [60], "genome": "r(4,10) d(6) r(6,5) r(10,5) d(3) r(2,7) r(1,12) a(14,10) a(14,12) d(14)", "fitness": 0.0}
{"generation": 8, "position": 18, "parents": [15], "genome": "d(4) a(2,14) d(6) d(10) a(6,1) r(6,7) d(14) d(5) d(8) r(3,14) d(1) d(2)", "fitness": 0.0}
{"generation": 8, "position": 19, "parents": [13], "genome": "d(4) a(2,14) d(6) d(10) a(6,1) r(6,7) d(14) d(5) d(8) r(3,14) a(4,16) r(3,12) d(12) a(5,12) d(5) a(1,12) r(1,13)", "fitness": 0.0}
{"generation": 8, "position": 20, "parents": [58, 7], "genome": "r(4,10) d(6) r(6,5) r(10,5) d(3) r(2,7) r(1,12) a(14,10) d(8) d(1) a(4,16) d(2) d(10) r(14,16) r(1,10) r(3,6) a(12,16) a(5,8)", "fitness": 0.0}
{"generation": 8, "position": 21, "parents": [58, 7], "genome": "r(6,5) d(5) a(2,10)", "fitness": 10.0}
{"generation": 8, "position": 22, "parents": [58], "genome": "r(4,10) d(6) r(6,5) r(10,5) d(3) r(2,7) r(1,12) a(14,10) d(8) d(1) d(5)", "fitness": 0.0}
{"generation": 8, "position": 23, "parents": [7], "genome": "r(6,5) a(4,16) d(2) d(10) r(14,16) r(1,10) r(3,6) a(12,16) r(12,10)", "fitness": 0.0}
{"generation": 8, "position": 24, "parents": [28, 16], "genome": "r(4,10) d(6) d(8) d(1) d(2) r(14,16) r(5,13) a(3,1) d(6) r(4,6) a(3,7) d(3)", "fitness": 0.0}
{"generation": 8, "position": 25, "parents": [28, 16], "genome": "r(8,1) d(5) r(4,6) r(2,4) r(3,1) d(1)", "fitness": 0.0}
{"generation": 8, "position": 26, "parents": [28], "genome": "r(4,10) d(6) d(8) d(1) d(2) r(14,16) r(5,13) a(3,1) r(3,1)", "fitness": 0.0}
{"generation": 8, "position": 27, "parents": [16], "genome": "r(8,1) d(5) r(4,6) r(2,4) d(6) r(4,6) a(3,7) d(3) d(1)", "fitness": 0.0}
{"generation": 8, "position": 28, "parents": [19], "genome": "r(8,1) a(6,1) a(9,1) a(9,3) d(6) r(4,6) a(3,7) a(1,5) d(1)", "fitness": 0.0}
{"generation": 8, "position": 29, "parents": [47], "genome": "r(6,5) a(4,16) d(2) r(10,7) d(4)", "fitness": 0.0}
{"generation": 8, "position": 30, "parents": [35], "genome": "a(1,6) d(4) d(1) d(3) a(12,15) d(6) a(5,4)", "fitness": 0.0}
{"generation": 8, "position": 31, "parents": [52], "genome": "r(6,5) a(4,16) d(2) d(10) r(14,16) r(1,10) r(3,6) r(12,8) d(4)", "fitness": 0.0}
{"generation": 8, "position": 32, "parents": [18, 45], "genome": "r(8,1) d(5) r(4,6) d(1)", "fitness": 0.0}
{"generation": 8, "position": 33, "parents": [18, 45], "genome": "d(6) d(4) r(3,2) a(9,15) r(9,4) a(5,7) d(10) a(12,5) a(5,3) a(8,3) r(2,4) r(1,7) d(5)", "fitness": 0.0}
{"generation": 8, "position": 34, "parents": [18], "genome": "r(8,1) d(5) r(4,6) r(2,4) r(1,7) d(3)", "fitness": 0.0}
{"generation": 8, "position": 35, "parents": [45], "genome": "d(6) d(4) r(3,2) a(9,15) r(9,4) a(5,7) d(10) a(12,5) a(5,3) a(8,3) a(2,12)", "fitness": 0.0}
{"generation": 8, "position": 36, "parents": [0], "genome": "r(8,1) a(6,1) d(5) a(6,7) a(1,16) r(6,12) a(3,8) d(4) r(3,6) a(2,7)", "fitness": 0.0}
{"generation": 8, "position": 37, "parents": [36], "genome": "a(1,6) r(6,5) r(10,5) d(3) a(10,9) a(10,9) d(14) d(10) d(8) a(4,6) r(2,8)", "fitness": 0.0}
{"generation": 8, "position": 38, "parents": [24], "genome": "d(8) r(6,12) r(1,13) a(3,13) d(2) a(3,14) a(4,16) r(3,12) d(12) a(5,12) r(6,3) r(1,10) d(14) a(4,1) d(5) r(4,14)", "fitness": 0.0}
{"generation": 8, "position": 39, "parents": [58], "genome": "r(4,10) d(6) r(6,5) r(10,5) d(3) r(2,7) r(1,12) a(14,10) d(8) d(1) d(5)", "fitness": 0.0}
{"generation": 8, "position": 40, "parents": [61], "genome": "r(14,1) d(6) d(8) d(1) d(5) d(4)", "fitness": 0.0}
{"generation": 8, "position": 41, "parents": [55], "genome": "d(6) a(10,9) d(14) d(14) d(5) d(8) r(3,14) d(2) a(4,3)", "fitness": 0.0}
{"generation": 8, "position": 42, "parents": [9], "genome": "a(1,6) r(6,5) r(10,5) d(3) a(10,9) d(5) r(4,6) r(2,4) d(8) d(1)", "fitness": 0.0}
{"generation": 8, "position": 43, "parents": [55], "genome": "d(6) a(10,9) d(14) d(14) d(5) d(8) r(3,14) d(2) d(4)", "fitness": 0.0}
{"generation": 8, "position": 44, "parents": [4], "genome": "r(4,10) d(6) r(6,5) r(10,5) d(3) r(2,7) d(2) d(10) r(14,16) r(1,10) r(3,6) a(5,14) r(9,12)", "fitness": 0.0}
{"generation": 8, "position": 45, "parents": [6], "genome": "r(4,10) d(6) r(6,5) r(10,5) d(3) r(2,7) r(1,12) r(8,12) d(5)", "fitness": 0.0}
{"generation": 8, "position": 46, "parents": [37, 34], "genome": "d(6) d(3) a(5,7) d(5) a(14,4)", "fitness": 0.0}
{"generation": 8, "position": 47, "parents": [37, 34], "genome": "r(4,10) d(6) d(8) d(1) d(2) d(14) d(14) d(8) r(1,4) a(5,3) d(5) r(3,16)", "fitness": 0.0}
{"generation": 8, "position": 48, "parents": [37], "genome": "d(6) d(14) d(14) d(8) r(1,4) a(5,3) d(5) d(2)", "fitness": 0.0}
{"generation": 8, "position": 49, "parents": [34], "genome": "r(4,10) d(6) d(8) d(1) d(2) d(3) a(5,7) d(5)", "fitness": 0.0}
{"generation": 8, "position": 50, "parents": [59, 35], "genome": "r(14,1) d(6) a(12,15) d(6) a(5,16)", "fitness": 0.0}
{"generation": 8, "position": 51, "parents": [59, 35], "genome": "a(1,6) d(4) d(1) d(3) d(5) r(12,7)", "fitness": 0.0}
{"generation": 8, "position": 52, "parents": [59], "genome": "r(14,1) d(6) d(5) d(4)", "fitness": 0.0}
{"generation": 8, "position": 53, "parents": [35], "genome": "a(1,6) d(4) d(1) d(3) a(12,15) d(6) a(8,4)", "fitness": 0.0}
{"generation": 8, "position": 54, "parents": [2], "genome": "r(6,5) a(4,16) d(2) d(10) r(14,16) r(1,10) r(3,6) a(9,5) r(12,7)", "fitness": 0.0}
{"generation": 8, "position": 55, "parents": [0], "genome": "r(8,1) a(6,1) d(5) a(6,7) a(1,16) r(6,12) a(3,8) d(4) r(3,6) r(1,12)", "fitness": 0.0}
{"generation": 8, "position": 56, "parents": [39, 23], "genome": "d(6) a(10,9) d(14) d(10) r(10,5) d(3) r(2,7) r(1,12) a(14,3) r(8,15) r(4,3)", "fitness": 0.0}
{"generation": 8, "position": 57, "parents": [39, 23], "genome": "r(4,10) d(6) r(6,5) d(8) a(1,6) r(1,13)", "fitness": 0.0}
{"generation": 8, "position": 58, "parents": [39], "genome": "d(6) a(10,9) d(14) d(10) d(8) a(1,6) d(2)", "fitness": 0.0}
{"generation": 9, "position": 0, "parents": [44], "genome": "r(4,10) d(6) r(6,5) r(10,5) d(3) r(2,7) d(2) d(10) r(14,16) r(1,10) r(3,6) a(5,14) r(9,12) d(12)", "fitness": 0.0}
{"generation": 9, "position": 1, "parents": [37], "genome": "a(1,6) r(6,5) r(10,5) d(3) a(10,9) a(10,9) d(14) d(10) d(8) a(4,6) r(2,8) r(4,5)", "fitness": 0.0}
{"generation": 9, "position": 2, "parents": [18], "genome": "d(4) a(2,14) d(6) d(10) a(6,1) r(6,7) d(14) d(5) d(8) r(3,14) d(1) d(2)", "fitness": 0.0}
{"generation": 9, "position": 3, "parents": [8], "genome": "r(8,1) a(6,1) a(9,1) a(9,3) a(6,12) d(6) a(1,5)", "fitness": 0.0}
{"generation": 9, "position": 4, "parents": [16, 38], "genome": "a(1,6) r(6,5) r(10,5) d(3) a(10,9) d(14) d(14) d(8) r(1,4) r(4,14) d(2)", "fitness": 0.0}
{"generation": 9, "position": 5, "parents": [16, 38], "genome": "d(8) r(6,12) r(1,13) a(3,13) d(2) a(3,14) a(4,16) r(3,12) d(12) a(5,12) r(6,3) r(1,10) d(14) a(4,1) d(5) a(5,3) d(2) d(5) a(4,6)", "fitness": 0.0}
{"generation": 9, "position": 6, "parents": [16], "genome": "a(1,6) r(6,5) r(10,5) d(3) a(10,9) d(14) d(14) d(8) r(1,4) a(5,3) d(2) d(5) d(4)", "fitness": 0.0}
{"generation": 9, "position": 7, "parents": [38], "genome": "d(8) r(6,12) r(1,13) a(3,13) d(2) a(3,14) a(4,16) r(3,12) d(12) a(5,12) r(6,3) r(1,10) d(14) a(4,1) d(5) r(4,14)", "fitness": 0.0}
{"generation": 9, "position": 8, "parents": [24], "genome": "r(4,10) d(6) d(8) d(1) d(2) r(14,16) r(5,13) a(3,1) d(6) r(4,6) a(3,7) d(3)", "fitness": 0.0}
{"generation": 9, "position": 9, "parents": [52], "genome": "r(14,1) d(6) d(5) d(4) r(12,15)", "fitness": 0.0}
{"generation": 9, "position": 10, "parents": [56, 1], "genome": "d(6) a(10,9) d(14) d(10) r(10,5) d(3) a(3,13) d(2) a(3,14) a(4,16) r(3,12) d(12) a(5,12) d(5) d(4) r(9,6)", "fitness": 0.0}
{"generation": 9, "position": 11, "parents": [56, 1], "genome": "d(8) r(6,12) r(1,13) r(2,7) r(1,12) a(14,3) r(8,15) r(4,3) d(5)", "fitness": 0.0}
{"generation": 9, "position": 12, "parents": [56], "genome": "d(6) a(10,9) d(14) d(10) r(10,5) d(3) r(2,7) r(1,12) a(14,3) r(8,15) r(4,3) r(5,4)", "fitness": 0.0}
{"generation": 9, "position": 13, "parents": [1], "genome": "d(8) r(6,12) r(1,13) a(3,13) d(2) a(3,14) a(4,16) r(3,12) d(12) a(5,12) d(5) d(4)", "fitness": 0.0}
{"generation": 9, "position": 14, "parents": [14], "genome": "a(1,6) r(6,5) r(10,5) d(3) r(2,7) r(1,12) a(14,10) a(14,12) a(14,3) a(8,6)", "fitness": 0.0}
{"generation": 9, "position": 15, "parents": [27], "genome": "r(8,1) d(5) r(4,6) r(2,4) d(6) r(4,6) a(3,7) d(3) d(1)", "fitness": 0.0}
{"generation": 9, "position": 16, "parents": [44, 50], "genome": "r(4,10) d(6) r(6,5) r(10,5) d(3) r(2,7) d(2) d(10) r(14,16) r(1,10) r(3,6) d(6) a(12,15) d(6) a(5,16) d(12)", "fitness": 0.0}
{"generation": 9, "position": 17, "parents": [44, 50], "genome": "r(14,1) a(5,14) r(9,12) r(6,7)", "fitness": 0.0}
{"generation": 9, "position": 18, "parents": [44], "genome": "r(4,10) d(6) r(6,5) r(10,5) d(3) r(2,7) d(2) d(10) r(14,16) r(1,10) r(3,6) a(5,14) r(9,12) a(5,4)", "fitness": 0.0}
{"generation": 9, "position": 19, "parents": [50], "genome": "r(14,1) d(6) a(12,15) d(6) a(5,16) d(10)", "fitness": 0.0}
{"generation": 9, "position": 20, "parents": [49], "genome": "r(4,10) d(6) d(8) d(1) d(2) d(3) a(5,7) d(5)", "fitness": 0.0}
{"generation": 9, "position": 21, "parents": [22], "genome": "r(4,10) d(6) r(6,5) r(10,5) d(3) r(2,7) r(1,12) a(14,10) d(8) d(1) d(5)", "fitness": 0.0}
{"generation": 9, "position": 22, "parents": [38], "genome": "d(8) r(6,12) r(1,13) a(3,13) d(2) a(3,14) a(4,16) r(3,12) d(12) a(5,12) r(6,3) r(1,10) d(14) a(4,1) d(5) r(4,14)", "fitness": 0.0}
{"generation": 9, "position": 23, "parents": [34], "genome": "r(8,1) d(5) r(4,6) r(2,4) r(1,7) d(3)", "fitness": 0.0}
{"generation": 9, "position": 24, "parents": [13, 7], "genome": "r(8,1) r(6,5) r(10,5) d(3) r(2,7) r(1,12) a(14,10) d(8) d(1) a(6,12) r(5,1) r(4,6)", "fitness": 0.0}
{"generation": 9, "position": 25, "parents": [13, 7], "genome": "r(4,10) d(6) a(6,1) d(5) a(6,7) a(1,16) r(6,12) a(3,8) d(4) r(3,6) a(2,4) a(1,7)", "fitness": 0.0}
{"generation": 9, "position": 26, "parents": [13], "genome": "r(8,1) a(6,1) d(5) a(6,7) a(1,16) r(6,12) a(3,8) d(4) r(3,6) a(2,4) d(2)", "fitness": 0.0}
{"generation": 9, "position": 27, "parents": [7], "genome": "r(4,10) d(6) r(6,5) r(10,5) d(3) r(2,7) r(1,12) a(14,10) d(8) d(1) a(6,12) r(5,1)", "fitness": 0.0}
{"generation": 9, "position": 28, "parents": [17], "genome": "r(4,10) d(6) r(6,5) r(10,5) d(3) r(2,7) r(1,12) a(14,10) a(14,12) d(14) d(8)", "fitness": 0.0}
{"generation": 9, "position": 29, "parents": [25], "genome": "r(8,1) d(5) r(4,6) r(2,4) r(3,1) d(1)", "fitness": 0.0}
{"generation": 9, "position": 30, "parents": [25, 12], "genome": "r(8,1) d(5) r(4,6) r(2,4) a(1,16) r(6,12) a(3,8) d(4) r(3,6) r(2,10) r(1,10)", "fitness": 0.0}
{"generation": 9, "position": 31, "parents": [25, 12], "genome": "r(8,1) a(6,1) d(5) a(6,7) r(3,1) d(1) r(4,3)", "fitness": 0.0}
{"generation": 9, "position": 32, "parents": [25], "genome": "r(8,1) d(5) r(4,6) r(2,4) r(3,1) d(1)", "fitness": 0.0}
{"generation": 9, "position": 33, "parents": [12], "genome": "r(8,1) a(6,1) d(5) a(6,7) a(1,16) r(6,12) a(3,8) d(4) r(3,6) r(2,10) d(1)", "fitness": 0.0}
{"generation": 9, "position": 34, "parents": [48], "genome": "d(6) d(14) d(14) d(8) r(1,4) a(5,3) d(5) d(2) d(4)", "fitness": 0.0}
{"generation": 9, "position": 35, "parents": [40], "genome": "r(14,1) d(6) d(8) d(1) d(5) d(4) a(3,2)", "fitness": 0.0}
{"generation": 9, "position": 36, "parents": [59], "genome": "r(4,10) d(6) r(6,5) r(10,5) d(3) r(2,7) r(1,12) a(14,3) r(8,15) r(5,1)", "fitness": 0.0}
{"generation": 9, "position": 37, "parents": [15], "genome": "r(4,10) d(6) r(6,5) r(10,5) d(3) a(10,9) d(14) d(14) d(8) r(1,4) a(5,3) d(2) a(5,12) a(5,2)", "fitness": 0.0}
{"generation": 9, "position": 38, "parents": [18, 47], "genome": "d(4) a(2,14) d(6) d(10) a(6,1) r(6,7) d(14) d(1) d(2) d(14) d(14) d(8) r(1,4) a(5,3) d(5) r(3,16)", "fitness": 0.0}
{"generation": 9, "position": 39, "parents": [18, 47], "genome": "r(4,10) d(6) d(8) d(5) d(8) r(3,14) d(1) d(2)", "fitness": 0.0}
{"generation": 9, "position": 40, "parents": [18], "genome": "d(4) a(2,14) d(6) d(10) a(6,1) r(6,7) d(14) d(5) d(8) r(3,14) d(1) d(2)", "fitness": 0.0}
{"generation": 9, "position": 41, "parents": [47], "genome": "r(4,10) d(6) d(8) d(1) d(2) d(14) d(14) d(8) r(1,4) a(5,3) d(5) r(3,16)", "fitness": 0.0}
{"generation": 9, "position": 42, "parents": [0], "genome": "r(8,1) a(6,1) a(4,16) d(2) a(6,3) d(6) d(3) a(4,14) r(1,2) r(5,15) r(4,3)", "fitness": 0.0}
{"generation": 9, "position": 43, "parents": [3], "genome": "r(4,10) d(6) d(8) r(6,5) r(10,5) d(3) a(10,9) d(5) r(4,6) r(2,4) d(8) a(1,13) r(1,16)", "fitness": 0.0}
{"generation": 9, "position": 44, "parents": [43], "genome": "d(6) a(10,9) d(14) d(14) d(5) d(8) r(3,14) d(2) d(4) r(1,16)", "fitness": 0.0}
{"generation": 9, "position": 45, "parents": [14], "genome": "a(1,6) r(6,5) r(10,5) d(3) r(2,7) r(1,12) a(14,10) a(14,12) a(14,3) a(12,13)", "fitness": 0.0}
{"generation": 9, "position": 46, "parents": [50, 46], "genome": "r(14,1) d(6) a(12,15) d(6) a(14,4) a(10,8)", "fitness": 0.0}
{"generation": 9, "position": 47, "parents": [50, 46], "genome": "d(6) d(3) a(5,7) d(5) a(5,16) a(10,2)", "fitness": 0.0}
{"generation": 9, "position": 48, "parents": [50], "genome": "r(14,1) d(6) a(12,15) d(6) a(5,16) a(12,9)", "fitness": 0.0}
{"generation": 9, "position": 49, "parents": [46], "genome": "d(6) d(3) a(5,7) d(5) a(14,4) r(10,4)", "fitness": 0.0}
{"generation": 9, "position": 50, "parents": [34], "genome": "r(8,1) d(5) r(4,6) r(2,4) r(1,7) d(3)", "fitness": 0.0}
{"generation": 9, "position": 51, "parents": [46], "genome": "d(6) d(3) a(5,7) d(5) a(14,4) r(2,3)", "fitness": 0.0}
{"generation": 9, "position": 52, "parents": [44], "genome": "r(4,10) d(6) r(6,5) r(10,5) d(3) r(2,7) d(2) d(10) r(14,16) r(1,10) r(3,6) a(5,14) r(9,12) d(8)", "fitness": 0.0}
{"generation": 10, "position": 0, "parents": [38, 15], "genome": "d(4) a(2,14) d(6) d(10) a(6,1) r(6,7) d(14) d(1) d(2) d(6) r(4,6) a(3,7) d(3) d(1) a(5,3)", "fitness": 0.0}
{"generation": 10, "position": 1, "parents": [38, 15], "genome": "r(8,1) d(5) r(4,6) r(2,4) d(14) d(14) d(8) r(1,4) a(5,3) d(5) r(3,16)", "fitness": 0.0}
{"generation": 10, "position": 2, "parents": [38], "genome": "d(4) a(2,14) d(6) d(10) a(6,1) r(6,7) d(14) d(1) d(2) d(14) d(14) d(8) r(1,4) a(5,3) d(5) r(3,16)", "fitness": 0.0}
{"generation": 10, "position": 3, "parents": [15], "genome": "r(8,1) d(5) r(4,6) r(2,4) d(6) r(4,6) a(3,7) d(3) d(1)", "fitness": 0.0}
{"generation": 10, "position": 4, "parents": [45], "genome": "a(1,6) r(6,5) r(10,5) d(3) r(2,7) r(1,12) a(14,10) a(14,12) a(14,3) a(12,13) a(5,4)", "fitness": 0.0}
{"generation": 10, "position": 5, "parents": [25], "genome": "r(4,10) d(6) a(6,1) d(5) a(6,7) a(1,16) r(6,12) a(3,8) d(4) r(3,6) a(2,4) a(1,7) a(12,3)", "fitness": 0.0}
{"generation": 10, "position": 6, "parents": [3], "genome": "r(8,1) a(6,1) a(9,1) a(9,3) a(6,12) d(6) a(1,5) d(2)", "fitness": 0.0}
{"generation": 10, "position": 7, "parents": [49], "genome": "d(6) d(3) a(5,7) d(5) a(14,4) r(10,4) a(12,13)", "fitness": 0.0}
{"generation": 10, "position": 8, "parents": [22, 3], "genome": "d(8) r(6,12) r(1,13) a(3,13) a(9,3) a(6,12) d(6) a(1,5) r(4,7)", "fitness": 0.0}
{"generation": 10, "position": 9, "parents": [22, 3], "genome": "r(8,1) a(6,1) a(9,1) d(2) a(3,14) a(4,16) r(3,12) d(12) a(5,12) r(6,3) r(1,10) d(14) a(4,1) d(5) r(4,14)", "fitness": 0.0}
{"generation": 10, "position": 10, "parents": [22], "genome": "d(8) r(6,12) r(1,13) a(3,13) d(2) a(3,14) a(4,16) r(3,12) d(12) a(5,12) r(6,3) r(1,10) d(14) a(4,1) d(5) r(4,14)", "fitness": 0.0}
{"generation": 10, "position": 11, "parents": [3], "genome": "r(8,1) a(6,1) a(9,1) a(9,3) a(6,12) d(6) a(1,5) a(5,14)", "fitness": 0.0}
{"generation": 10, "position": 12, "parents": [34, 18], "genome": "d(6) d(14) d(14) d(8) a(3,8)", "fitness": 0.0}
{"generation": 10, "position": 13, "parents": [34, 18], "genome": "r(4,10) d(6) r(6,5) r(10,5) d(3) r(2,7) d(2) d(10) r(14,16) r(1,10) r(3,6) a(5,14) r(9,12) a(5,4) r(1,4) a(5,3) d(5) d(2) d(4) d(8)", "fitness": 0.0}
{"generation": 10, "position": 14, "parents": [34], "genome": "d(6) d(14) d(14) d(8) r(1,4) a(5,3) d(5) d(2) d(4) a(3,5)", "fitness": 0.0}
{"generation": 10, "position": 15, "parents": [18], "genome": "r(4,10) d(6) r(6,5) r(10,5) d(3) r(2,7) d(2) d(10) r(14,16) r(1,10) r(3,6) a(5,14) r(9,12) a(5,4) d(5)", "fitness": 0.0}
{"generation": 10, "position": 16, "parents": [53], "genome": "r(4,10) d(6) d(8) d(1) d(2) r(14,16) r(5,13) a(3,1) r(3,1)", "fitness": 0.0}
{"generation": 10, "position": 17, "parents": [30], "genome": "r(8,1) d(5) r(4,6) r(2,4) a(1,16) r(6,12) a(3,8) d(4) r(3,6) r(2,10) r(1,10)", "fitness": 0.0}
{"generation": 10, "position": 18, "parents": [33], "genome": "r(8,1) a(6,1) d(5) a(6,7) a(1,16) r(6,12) a(3,8) d(4) r(3,6) r(2,10) d(1)", "fitness": 0.0}
{"generation": 10, "position": 19, "parents": [6], "genome": "a(1,6) r(6,5) r(10,5) d(3) a(10,9) d(14) d(14) d(8) r(1,4) a(5,3) d(2) d(5) d(4)", "fitness": 0.0}
{"generation": 10, "position": 20, "parents": [23, 13], "genome": "r(8,1) d(5) r(4,6) r(2,4) r(1,7) a(3,14) a(4,16) r(3,12) d(12) a(5,12) d(5) d(4)", "fitness": 0.0}
{"generation": 10, "position": 21, "parents": [23, 13], "genome": "d(8) r(6,12) r(1,13) a(3,13) d(2) d(3) d(4)", "fitness": 0.0}
{"generation": 10, "position": 22, "parents": [23], "genome": "r(8,1) d(5) r(4,6) r(2,4) r(1,7) d(3)", "fitness": 0.0}
{"generation": 10, "position": 23, "parents": [13], "genome": "d(8) r(6,12) r(1,13) a(3,13) d(2) a(3,14) a(4,16) r(3,12) d(12) a(5,12) d(5) d(4)", "fitness": 0.0}
{"generation": 10, "position": 24, "parents": [29], "genome": "r(8,1) d(5) r(4,6) r(2,4) r(3,1) d(1)", "fitness": 0.0}
{"generation": 10, "position": 25, "parents": [7], "genome": "d(8) r(6,12) r(1,13) a(3,13) d(2) a(3,14) a(4,16) r(3,12) d(12) a(5,12) r(6,3) r(1,10) d(14) a(4,1) d(5) r(4,14)", "fitness": 0.0}
{"generation": 10, "position": 26, "parents": [0], "genome": "r(4,10) d(6) r(6,5) r(10,5) d(3) r(2,7) d(2) d(10) r(14,16) r(1,10) r(3,6) a(5,14) r(9,12) d(12) d(8)", "fitness": 0.0}
{"generation": 10, "position": 27, "parents": [43], "genome": "r(4,10) d(6) d(8) r(6,5) r(10,5) d(3) a(10,9) d(5) r(4,6) r(2,4) d(8) a(1,13) r(1,16)", "fitness": 0.0}
{"generation": 10, "position": 28, "parents": [15], "genome": "r(8,1) d(5) r(4,6) r(2,4) d(6) r(4,6) a(3,7) d(3) d(1)", "fitness": 0.0}
{"generation": 10, "position": 29, "parents": [50], "genome": "r(8,1) d(5) r(4,6) r(2,4) r(1,7) d(3)", "fitness": 0.0}
{"generation": 10, "position": 30, "parents": [51, 28], "genome": "d(6) d(3) a(5,7) d(5) a(14,10) a(14,12) d(14) d(8) d(1)", "fitness": 0.0}
{"generation": 10, "position": 31, "parents": [51, 28], "genome": "r(4,10) d(6) r(6,5) r(10,5) d(3) r(2,7) r(1,12) a(14,4) r(2,3) r(5,14)", "fitness": 0.0}
{"generation": 10, "position": 32, "parents": [51], "genome": "d(6) d(3) a(5,7) d(5) a(14,4) r(2,3) r(14,9)", "fitness": 0.0}
{"generation": 10, "position": 33, "parents": [28], "genome": "r(4,10) d(6) r(6,5) r(10,5) d(3) r(2,7) r(1,12) a(14,10) a(14,12) d(14) d(8) r(5,13)", "fitness": 0.0}
{"generation": 10, "position": 34, "parents": [9, 26], "genome": "r(14,1) d(6) d(5) a(2,4) d(2) a(1,3)", "fitness": 0.0}
{"generation": 10, "position": 35, "parents": [9, 26], "genome": "r(8,1) a(6,1) d(5) a(6,7) a(1,16) r(6,12) a(3,8) d(4) r(3,6) d(4) r(12,15) r(2,3)", "fitness": 0.0}
{"generation": 10, "position": 36, "parents": [9], "genome": "r(14,1) d(6) d(5) d(4) r(12,15) r(2,5)", "fitness": 0.0}
{"generation": 10, "position": 37, "parents": [26], "genome": "r(8,1) a(6,1) d(5) a(6,7) a(1,16) r(6,12) a(3,8) d(4) r(3,6) a(2,4) d(2) r(1,10)", "fitness": 0.0}
{"generation": 10, "position": 38, "parents": [15], "genome": "r(8,1) d(5) r(4,6) r(2,4) d(6) r(4,6) a(3,7) d(3) d(1)", "fitness": 0.0}
{"generation": 10, "position": 39, "parents": [32], "genome": "r(8,1) d(5) r(4,6) r(2,4) r(3,1) d(1)", "fitness": 0.0}
{"generation": 10, "position": 40, "parents": [2, 6], "genome": "d(4) a(2,14) d(6) d(10) d(14) d(14) d(8) r(1,4) a(5,3) d(2) d(5) d(4) d(3)", "fitness": 0.0}
{"generation": 10, "position": 41, "parents": [2, 6], "genome": "a(1,6) r(6,5) r(10,5) d(3) a(10,9) a(6,1) r(6,7) d(14) d(5) d(8) r(3,14) d(1) d(2) a(4,5)", "fitness": 0.0}
{"generation": 10, "position": 42, "parents": [2], "genome": "d(4) a(2,14) d(6) d(10) a(6,1) r(6,7) d(14) d(5) d(8) r(3,14) d(1) d(2)", "fitness": 0.0}
{"generation": 10, "position": 43, "parents": [6], "genome": "a(1,6) r(6,5) r(10,5) d(3) a(10,9) d(14) d(14) d(8) r(1,4) a(5,3) d(2) d(5) d(4)", "fitness": 0.0}
{"generation": 10, "position": 44, "parents": [8, 18], "genome": "r(4,10) d(6) d(8) d(1) d(2) r(14,16) r(5,13) a(3,1) d(6) r(4,6) a(3,7) d(3) r(6,5) r(10,5) d(3) r(2,7) d(2) d(10) r(14,16) r(1,10) r(3,6) a(5,14) r(9,12) a(5,4)", "fitness": 0.0}
{"generation": 10, "position": 45, "parents": [8, 18], "genome": "r(4,10) d(6) r(10,16)", "fitness": 0.0}
{"generation": 10, "position": 46, "parents": [8], "genome": "r(4,10) d(6) d(8) d(1) d(2) r(14,16) r(5,13) a(3,1) d(6) r(4,6) a(3,7) d(3)", "fitness": 0.0}
{"generation": 10, "position": 47, "parents": [18], "genome": "r(4,10) d(6) r(6,5) r(10,5) d(3) r(2,7) d(2) d(10) r(14,16) r(1,10) r(3,6) a(5,14) r(9,12) a(5,4) d(5)", "fitness": 0.0}
{"generation": 10, "position": 48, "parents": [21], "genome": "r(4,10) d(6) r(6,5) r(10,5) d(3) r(2,7) r(1,12) a(14,10) d(8) d(1) d(5)", "fitness": 0.0}
{"generation": 10, "position": 49, "parents": [26], "genome": "r(8,1) a(6,1) d(5) a(6,7) a(1,16) r(6,12) a(3,8) d(4) r(3,6) a(2,4) d(2) d(1)", "fitness": 0.0}
{"generation": 10, "position": 50, "parents": [30], "genome": "r(8,1) d(5) r(4,6) r(2,4) a(1,16) r(6,12) a(3,8) d(4) r(3,6) r(2,10) r(1,10)", "fitness": 0.0}
{"generation": 10, "position": 51, "parents": [40], "genome": "d(4) a(2,14) d(6) d(10) a(6,1) r(6,7) d(14) d(5) d(8) r(3,14) d(1) d(2)", "fitness": 0.0}
{"generation": 10, "position": 52, "parents": [8, 22], "genome": "r(4,10) d(6) d(8) d(1) d(2) r(14,16) d(14) a(4,1) d(5) r(4,14) d(3)", "fitness": 0.0}
{"generation": 10, "position": 53, "parents": [8, 22], "genome": "d(8) r(6,12) r(1,13) a(3,13) d(2) a(3,14) a(4,16) r(3,12) d(12) a(5,12) r(6,3) r(1,10) r(5,13) a(3,1) d(6) r(4,6) a(3,7) d(3)", "fitness": 0.0}
{"generation": 10, "position": 54, "parents": [8], "genome": "r(4,10) d(6) d(8) d(1) d(2) r(14,16) r(5,13) a(3,1) d(6) r(4,6) a(3,7) d(3)", "fitness": 0.0}
{"generation": 10, "position": 55, "parents": [22], "genome": "d(8) r(6,12) r(1,13) a(3,13) d(2) a(3,14) a(4,16) r(3,12) d(12) a(5,12) r(6,3) r(1,10) d(14) a(4,1) d(5) r(4,14)", "fitness": 0.0}
{"generation": 10, "position": 56, "parents": [46, 11], "genome": "r(14,1) d(6) a(12,15) d(5) r(2,7)", "fitness": 0.0}
{"generation": 10, "position": 57, "parents": [46, 11], "genome": "d(8) r(6,12) r(1,13) r(2,7) r(1,12) a(14,3) r(8,15) r(4,3) d(6) a(14,4) a(10,8) d(3)", "fitness": 0.0}
{"generation": 10, "position": 58, "parents": [46], "genome": "r(14,1) d(6) a(12,15) d(6) a(14,4) a(10,8) d(2)", "fitness": 0.0}