[meta]
{"program": "genprog-3.0", "problem": {"type": "repair", "name": "gcd", "enclosure": {"1": 0, "2": 0, "3": 0, "4": 0, "5": 0, "6": 5, "7": 5, "8": 0, "9": 8, "10": 9, "12": 8, "13": 12, "14": 12, "15": 0, "16": 0}}, "version": "0.0.2", "seed": 2, "algorithm": {"representation": "patch", "type": "genetic", "name": "ALGORITHM-NAME"}}

[data]
{"generation": 0, "position": 0, "parents": [], "genome": "a(10,7)", "fitness": 10.0}
{"generation": 0, "position": 1, "parents": [], "genome": "a(6,6)", "fitness": 10.0}
{"generation": 0, "position": 2, "parents": [], "genome": "a(14,8)", "fitness": 10.0}
{"generation": 0, "position": 3, "parents": [], "genome": "r(14,7)", "fitness": 0.0}
{"generation": 0, "position": 4, "parents": [], "genome": "r(6,8)", "fitness": 10.0}
{"generation": 0, "position": 5, "parents": [], "genome": "d(8)", "fitness": 0.0}
{"generation": 0, "position": 6, "parents": [], "genome": "d(6)", "fitness": 10.0}
{"generation": 0, "position": 7, "parents": [], "genome": "a(6,7)", "fitness": 10.0}
{"generation": 0, "position": 8, "parents": [], "genome": "r(10,16)", "fitness": 20.0}
{"generation": 0, "position": 9, "parents": [], "genome": "a(5,2)", "fitness": 10.0}
{"generation": 0, "position": 10, "parents": [], "genome": "d(4)", "fitness": 0.0}
{"generation": 0, "position": 11, "parents": [], "genome": "d(12)", "fitness": 0.0}
{"generation": 0, "position": 12, "parents": [], "genome": "r(4,5)", "fitness": 0.0}
{"generation": 0, "position": 13, "parents": [], "genome": "a(5,16)", "fitness": 20.0}
{"generation": 0, "position": 14, "parents": [], "genome": "r(9,12)", "fitness": 0.0}
{"generation": 0, "position": 15, "parents": [], "genome": "d(6)", "fitness": 10.0}
{"generation": 0, "position": 16, "parents": [], "genome": "d(2)", "fitness": 0.0}
{"generation": 0, "position": 17, "parents": [], "genome": "d(6)", "fitness": 10.0}
{"generation": 0, "position": 18, "parents": [], "genome": "a(6,7)", "fitness": 10.0}
{"generation": 0, "position": 19, "parents": [], "genome": "d(9)", "fitness": 0.0}
{"generation": 0, "position": 20, "parents": [], "genome": "d(9)", "fitness": 0.0}
{"generation": 0, "position": 21, "parents": [], "genome": "d(6)", "fitness": 10.0}
{"generation": 0, "position": 22, "parents": [], "genome": "r(6,5)", "fitness": 10.0}
{"generation": 0, "position": 23, "parents": [], "genome": "a(6,16)", "fitness": 30.0}
{"generation": 0, "position": 24, "parents": [], "genome": "d(3)", "fitness": 0.0}
{"generation": 0, "position": 25, "parents": [], "genome": "d(6)", "fitness": 10.0}
{"generation": 0, "position": 26, "parents": [], "genome": "a(6,7)", "fitness": 10.0}
{"generation": 0, "position": 27, "parents": [], "genome": "r(3,5)", "fitness": 0.0}
{"generation": 0, "position": 28, "parents": [], "genome": "r(6,12)", "fitness": 10.0}
{"generation": 0, "position": 29, "parents": [], "genome": "a(14,7)", "fitness": 10.0}
{"generation": 0, "position": 30, "parents": [], "genome": "d(6)", "fitness": 10.0}
{"generation": 0, "position": 31, "parents": [], "genome": "r(6,3)", "fitness": 10.0}
{"generation": 0, "position": 32, "parents": [], "genome": "a(6,14)", "fitness": 10.0}
{"generation": 0, "position": 33, "parents": [], "genome": "a(14,10)", "fitness": 10.0}
{"generation": 0, "position": 34, "parents": [], "genome": "d(6)", "fitness": 10.0}
{"generation": 0, "position": 35, "parents": [], "genome": "d(9)", "fitness": 0.0}
{"generation": 0, "position": 36, "parents": [], "genome": "r(10,1)", "fitness": 10.0}
{"generation": 0, "position": 37, "parents": [], "genome": "r(6,13)", "fitness": 10.0}
{"generation": 0, "position": 38, "parents": [], "genome": "a(6,6)", "fitness": 10.0}
{"generation": 0, "position": 39, "parents": [], "genome": "original", "fitness": 10.0}
{"generation": 1, "position": 0, "parents": [2], "genome": "a(14,8) a(6,1)", "fitness": 10.0}
{"generation": 1, "position": 1, "parents": [14], "genome": "r(9,12) a(6,15)", "fitness": 0.0}
{"generation": 1, "position": 2, "parents": [5], "genome": "d(8) d(6)", "fitness": 0.0}
{"generation": 1, "position": 3, "parents": [3], "genome": "r(14,7) d(6)", "fitness": 0.0}
{"generation": 1, "position": 4, "parents": [20], "genome": "d(9) a(6,3)", "fitness": 0.0}
{"generation": 1, "position": 5, "parents": [26], "genome": "a(6,7) d(6)", "fitness": 10.0}
{"generation": 1, "position": 6, "parents": [32, 10], "genome": "a(6,14) a(6,4)", "fitness": 10.0}
{"generation": 1, "position": 7, "parents": [32, 10], "genome": "d(4) d(6)", "fitness": 0.0}
{"generation": 1, "position": 8, "parents": [32], "genome": "a(6,14) r(6,2)", "fitness": 10.0}
{"generation": 1, "position": 9, "parents": [10], "genome": "d(4) a(1,7)", "fitness": 0.0}
{"generation": 1, "position": 10, "parents": [27, 39], "genome": "r(3,5) r(6,8)", "fitness": 0.0}
{"generation": 1, "position": 11, "parents": [27, 39], "genome": "d(1)", "fitness": 4.0}
{"generation": 1, "position": 12, "parents": [27], "genome": "r(3,5) d(6)", "fitness": 0.0}
{"generation": 1, "position": 13, "parents": [39], "genome": "a(6,6)", "fitness": 10.0}
{"generation": 1, "position": 14, "parents": [14], "genome": "r(9,12) d(14)", "fitness": 0.0}
{"generation": 1, "position": 15, "parents": [7], "genome": "a(6,7) r(9,16)", "fitness": 20.0}
{"generation": 1, "position": 16, "parents": [24, 19], "genome": "d(3) a(6,7)", "fitness": 0.0}
{"generation": 1, "position": 17, "parents": [24, 19], "genome": "d(9) r(6,10)", "fitness": 0.0}
{"generation": 1, "position": 18, "parents": [24], "genome": "d(3) r(6,10)", "fitness": 0.0}
{"generation": 1, "position": 19, "parents": [19], "genome": "d(9) a(6,5)", "fitness": 0.0}
{"generation": 1, "position": 20, "parents": [2, 3], "genome": "a(14,8) a(12,3)", "fitness": 10.0}
{"generation": 1, "position": 21, "parents": [2, 3], "genome": "r(14,7) a(6,5)", "fitness": 0.0}
{"generation": 1, "position": 22, "parents": [2], "genome": "a(14,8) d(6)", "fitness": 10.0}
{"generation": 1, "position": 23, "parents": [3], "genome": "r(14,7) d(6)", "fitness": 0.0}
{"generation": 1, "position": 24, "parents": [10, 20], "genome": "d(4) a(6,6)", "fitness": 0.0}
{"generation": 1, "position": 25, "parents": [10, 20], "genome": "d(9) r(6,13)", "fitness": 0.0}
{"generation": 1, "position": 26, "parents": [10], "genome": "d(4) a(6,7)", "fitness": 0.0}
{"generation": 1, "position": 27, "parents": [20], "genome": "d(9) d(6)", "fitness": 0.0}
{"generation": 1, "position": 28, "parents": [7], "genome": "a(6,7) d(3)", "fitness": 0.0}
{"generation": 1, "position": 29, "parents": [15], "genome": "d(6) a(1,16)", "fitness": 0.0}
{"generation": 1, "position": 30, "parents": [11], "genome": "d(12) a(6,10)", "fitness": 0.0}
{"generation": 1, "position": 31, "parents": [5], "genome": "d(8) r(1,15)", "fitness": 0.0}
{"generation": 1, "position": 32, "parents": [12], "genome": "r(4,5) d(6)", "fitness": 0.0}
{"generation": 1, "position": 33, "parents": [10], "genome": "d(4) a(1,14)", "fitness": 0.0}
{"generation": 1, "position": 34, "parents": [0, 35], "genome": "a(10,7) d(3)", "fitness": 0.0}
{"generation": 1, "position": 35, "parents": [0, 35], "genome": "d(9) a(6,3)", "fitness": 0.0}
{"generation": 1, "position": 36, "parents": [0], "genome": "a(10,7) a(6,2)", "fitness": 10.0}
{"generation": 1, "position": 37, "parents": [35], "genome": "d(9) a(6,6)", "fitness": 0.0}
{"generation": 1, "position": 38, "parents": [10], "genome": "d(4) a(6,8)", "fitness": 0.0}
{"generation": 1, "position": 39, "parents": [11], "genome": "d(12) r(6,10)", "fitness": 0.0}
{"generation": 1, "position": 40, "parents": [19, 32], "genome": "d(9) r(4,5)", "fitness": 0.0}
{"generation": 1, "position": 41, "parents": [19, 32], "genome": "a(6,14) r(6,10)", "fitness": 10.0}
{"generation": 1, "position": 42, "parents": [19], "genome": "d(9) r(6,1)", "fitness": 0.0}
{"generation": 1, "position": 43, "parents": [32], "genome": "a(6,14) d(6)", "fitness": 10.0}
{"generation": 1, "position": 44, "parents": [20, 19], "genome": "d(9) a(6,7)", "fitness": 0.0}
{"generation": 1, "position": 45, "parents": [20, 19], "genome": "d(9) r(6,7)", "fitness": 0.0}
{"generation": 1, "position": 46, "parents": [20], "genome": "d(9) r(2,14)", "fitness": 0.0}
{"generation": 1, "position": 47, "parents": [19], "genome": "d(9) d(8)", "fitness": 0.0}
{"generation": 1, "position": 48, "parents": [27], "genome": "r(3,5) r(6,14)", "fitness": 0.0}
{"generation": 1, "position": 49, "parents": [28], "genome": "r(6,12) r(3,4)", "fitness": 0.0}
{"generation": 1, "position": 50, "parents": [16, 9], "genome": "d(2) a(6,8)", "fitness": 0.0}
{"generation": 1, "position": 51, "parents": [16, 9], "genome": "a(5,2) r(6,14)", "fitness": 10.0}
{"generation": 1, "position": 52, "parents": [16], "genome": "d(2) d(6)", "fitness": 0.0}
{"generation": 1, "position": 53, "parents": [9], "genome": "a(5,2) d(6)", "fitness": 10.0}
{"generation": 1, "position": 54, "parents": [29], "genome": "a(14,7) a(4,1)", "fitness": 10.0}
{"generation": 1, "position": 55, "parents": [9], "genome": "a(5,2) a(6,7)", "fitness": 10.0}
{"generation": 1, "position": 56, "parents": [26], "genome": "a(6,7) a(8,12)", "fitness": 10.0}
{"generation": 2, "position": 0, "parents": [30, 47], "genome": "d(12) d(8) d(1)", "fitness": 0.0}
{"generation": 2, "position": 1, "parents": [30, 47], "genome": "d(9) a(6,10) a(8,7)", "fitness": 0.0}
{"generation": 2, "position": 2, "parents": [30], "genome": "d(12) a(6,10) a(2,8)", "fitness": 0.0}
{"generation": 2, "position": 3, "parents": [47], "genome": "d(9) d(8) a(1,7)", "fitness": 0.0}
{"generation": 2, "position": 4, "parents": [9, 10], "genome": "d(4) d(12)", "fitness": 0.0}
{"generation": 2, "position": 5, "parents": [9, 10], "genome": "r(3,5) r(6,8) a(1,7) r(4,1)", "fitness": 0.0}
{"generation": 2, "position": 6, "parents": [9], "genome": "d(4) a(1,7) a(10,15)", "fitness": 0.0}
{"generation": 2, "position": 7, "parents": [10], "genome": "r(3,5) r(6,8) d(9)", "fitness": 0.0}
{"generation": 2, "position": 8, "parents": [49], "genome": "r(6,12) r(3,4) d(12)", "fitness": 0.0}
{"generation": 2, "position": 9, "parents": [21], "genome": "r(14,7) a(6,5) r(8,1)", "fitness": 0.0}
{"generation": 2, "position": 10, "parents": [39], "genome": "d(12) r(6,10) d(8)", "fitness": 0.0}
{"generation": 2, "position": 11, "parents": [38], "genome": "d(4) a(6,8) r(1,15)", "fitness": 0.0}
{"generation": 2, "position": 12, "parents": [45], "genome": "d(9) r(6,7) d(1)", "fitness": 0.0}
{"generation": 2, "position": 13, "parents": [1], "genome": "r(9,12) a(6,15) r(5,4)", "fitness": 0.0}
{"generation": 2, "position": 14, "parents": [42], "genome": "d(9) r(6,1) d(14)", "fitness": 0.0}
{"generation": 2, "position": 15, "parents": [10], "genome": "r(3,5) r(6,8) a(12,2)", "fitness": 0.0}
{"generation": 2, "position": 16, "parents": [35], "genome": "d(9) a(6,3) r(4,5)", "fitness": 0.0}
{"generation": 2, "position": 17, "parents": [23], "genome": "r(14,7) d(6) d(4)", "fitness": 0.0}
{"generation": 2, "position": 18, "parents": [14, 44], "genome": "r(9,12) d(14) a(6,7) r(6,2)", "fitness": 0.0}
{"generation": 2, "position": 19, "parents": [14, 44], "genome": "d(9) r(6,13)", "fitness": 0.0}
{"generation": 2, "position": 20, "parents": [14], "genome": "r(9,12) d(14) r(5,13)", "fitness": 0.0}
{"generation": 2, "position": 21, "parents": [44], "genome": "d(9) a(6,7) d(2)", "fitness": 0.0}
{"generation": 2, "position": 22, "parents": [30, 35], "genome": "d(12) a(6,10) a(6,3) r(6,1)", "fitness": 0.0}
{"generation": 2, "position": 23, "parents": [30, 35], "genome": "d(9) r(5,3)", "fitness": 0.0}
{"generation": 2, "position": 24, "parents": [30], "genome": "d(12) a(6,10) a(6,16)", "fitness": 20.0}
{"generation": 2, "position": 25, "parents": [35], "genome": "d(9) a(6,3) a(8,14)", "fitness": 0.0}
{"generation": 2, "position": 26, "parents": [1], "genome": "r(9,12) a(6,15) a(3,5)", "fitness": 0.0}
{"generation": 2, "position": 27, "parents": [3], "genome": "r(14,7) d(6) d(12)", "fitness": 0.0}
{"generation": 2, "position": 28, "parents": [1, 25], "genome": "r(9,12) a(6,15) r(6,13) d(3)", "fitness": 0.0}
{"generation": 2, "position": 29, "parents": [1, 25], "genome": "d(9) d(6)", "fitness": 0.0}
{"generation": 2, "position": 30, "parents": [1], "genome": "r(9,12) a(6,15) d(8)", "fitness": 0.0}
{"generation": 2, "position": 31, "parents": [25], "genome": "d(9) r(6,13) a(1,6)", "fitness": 0.0}
{"generation": 2, "position": 32, "parents": [32], "genome": "r(4,5) d(6) r(8,12)", "fitness": 0.0}
{"generation": 2, "position": 33, "parents": [17], "genome": "d(9) r(6,10) a(8,4)", "fitness": 0.0}
{"generation": 2, "position": 34, "parents": [37], "genome": "d(9) a(6,6) d(5)", "fitness": 0.0}
{"generation": 2, "position": 35, "parents": [47], "genome": "d(9) d(8) r(3,15)", "fitness": 0.0}
{"generation": 2, "position": 36, "parents": [33, 14], "genome": "d(4) d(14) a(6,10)", "fitness": 0.0}
{"generation": 2, "position": 37, "parents": [33, 14], "genome": "r(9,12) a(1,14) d(6)", "fitness": 0.0}
{"generation": 2, "position": 38, "parents": [33], "genome": "d(4) a(1,14) r(6,15)", "fitness": 0.0}
{"generation": 2, "position": 39, "parents": [14], "genome": "r(9,12) d(14) a(5,10)", "fitness": 0.0}
{"generation": 2, "position": 40, "parents": [38], "genome": "d(4) a(6,8) a(10,13)", "fitness": 0.0}
{"generation": 2, "position": 41, "parents": [37], "genome": "d(9) a(6,6) d(6)", "fitness": 0.0}
{"generation": 2, "position": 42, "parents": [16, 9], "genome": "d(3) a(1,7) r(2,8)", "fitness": 0.0}
{"generation": 2, "position": 43, "parents": [16, 9], "genome": "d(4) a(6,7) d(3)", "fitness": 0.0}
{"generation": 2, "position": 44, "parents": [16], "genome": "d(3) a(6,7) a(14,3)", "fitness": 0.0}
{"generation": 2, "position": 45, "parents": [9], "genome": "d(4) a(1,7) a(10,12)", "fitness": 0.0}
{"generation": 2, "position": 46, "parents": [7], "genome": "d(4) d(6) a(14,16)", "fitness": 0.0}
{"generation": 2, "position": 47, "parents": [46], "genome": "d(9) r(2,14) a(4,4)", "fitness": 0.0}
{"generation": 2, "position": 48, "parents": [33, 7], "genome": "d(4) d(6) r(2,12)", "fitness": 0.0}
{"generation": 2, "position": 49, "parents": [33, 7], "genome": "d(4) a(1,14) d(6)", "fitness": 0.0}
{"generation": 2, "position": 50, "parents": [33], "genome": "d(4) a(1,14) a(2,2)", "fitness": 0.0}
{"generation": 2, "position": 51, "parents": [7], "genome": "d(4) d(6) r(8,4)", "fitness": 0.0}
{"generation": 2, "position": 52, "parents": [26], "genome": "d(4) a(6,7) a(10,6)", "fitness": 0.0}
{"generation": 2, "position": 53, "parents": [38], "genome": "d(4) a(6,8) r(3,16)", "fitness": 0.0}
{"generation": 2, "position": 54, "parents": [42, 29], "genome": "d(9) r(6,1) a(1,16) r(4,12)", "fitness": 0.0}
{"generation": 2, "position": 55, "parents": [42, 29], "genome": "d(6) a(14,12)", "fitness": 10.0}
{"generation": 2, "position": 56, "parents": [42], "genome": "d(9) r(6,1) a(8,5)", "fitness": 0.0}
{"generation": 3, "position": 0, "parents": [19, 15], "genome": "d(9) r(6,13) r(6,8) a(12,2) a(12,7)", "fitness": 0.0}
{"generation": 3, "position": 1, "parents": [19, 15], "genome": "r(3,5) a(6,10)", "fitness": 0.0}
{"generation": 3, "position": 2, "parents": [19], "genome": "d(9) r(6,13) d(4)", "fitness": 0.0}
{"generation": 3, "position": 3, "parents": [15], "genome": "r(3,5) r(6,8) a(12,2) a(12,7)", "fitness": 0.0}
{"generation": 3, "position": 4, "parents": [40], "genome": "d(4) a(6,8) a(10,13) d(10)", "fitness": 0.0}
{"generation": 3, "position": 5, "parents": [22], "genome": "d(12) a(6,10) a(6,3) r(6,1) r(5,4)", "fitness": 0.0}
{"generation": 3, "position": 6, "parents": [7], "genome": "r(3,5) r(6,8) d(9) r(2,13)", "fitness": 0.0}
{"generation": 3, "position": 7, "parents": [16], "genome": "d(9) a(6,3) r(4,5) a(6,7)", "fitness": 0.0}
{"generation": 3, "position": 8, "parents": [28], "genome": "r(9,12) a(6,15) r(6,13) d(3) r(12,8)", "fitness": 0.0}
{"generation": 3, "position": 9, "parents": [57], "genome": "d(6) a(1,16) r(3,13) r(12,3)", "fitness": 0.0}
{"generation": 3, "position": 10, "parents": [28, 46], "genome": "r(9,12) a(6,15) r(6,13)", "fitness": 0.0}
{"generation": 3, "position": 11, "parents": [28, 46], "genome": "d(4) d(6) a(14,16) r(6,13) d(3) a(8,10)", "fitness": 0.0}
{"generation": 3, "position": 12, "parents": [28], "genome": "r(9,12) a(6,15) r(6,13) d(3) r(12,10)", "fitness": 0.0}
{"generation": 3, "position": 13, "parents": [46], "genome": "d(4) d(6) a(14,16) d(5)", "fitness": 0.0}
{"generation": 3, "position": 14, "parents": [19, 23], "genome": "d(9) r(6,13) r(5,3) r(4,8)", "fitness": 0.0}
{"generation": 3, "position": 15, "parents": [19, 23], "genome": "d(9) a(6,5)", "fitness": 0.0}
{"generation": 3, "position": 16, "parents": [19], "genome": "d(9) r(6,13) r(5,3)", "fitness": 0.0}
{"generation": 3, "position": 17, "parents": [23], "genome": "d(9) r(5,3) a(12,13)", "fitness": 0.0}
{"generation": 3, "position": 18, "parents": [13, 14], "genome": "r(9,12) r(6,1) d(14) a(2,14)", "fitness": 0.0}
{"generation": 3, "position": 19, "parents": [13, 14], "genome": "d(9) a(6,15) r(5,4) r(8,10)", "fitness": 0.0}
{"generation": 3, "position": 20, "parents": [13], "genome": "r(9,12) a(6,15) r(5,4) d(1)", "fitness": 0.0}
{"generation": 3, "position": 21, "parents": [14], "genome": "d(9) r(6,1) d(14) d(12)", "fitness": 0.0}
{"generation": 3, "position": 22, "parents": [21], "genome": "d(9) a(6,7) d(2) d(6)", "fitness": 0.0}
{"generation": 3, "position": 23, "parents": [25], "genome": "d(9) a(6,3) a(8,14) a(6,3)", "fitness": 0.0}
{"generation": 3, "position": 24, "parents": [54, 34], "genome": "d(9) r(6,1) a(1,16) r(1,12)", "fitness": 0.0}
{"generation": 3, "position": 25, "parents": [54, 34], "genome": "d(9) a(6,6) d(5) r(4,12) a(14,9)", "fitness": 0.0}
{"generation": 3, "position": 26, "parents": [54], "genome": "d(9) r(6,1) a(1,16) r(4,12) a(3,10)", "fitness": 0.0}
{"generation": 3, "position": 27, "parents": [34], "genome": "d(9) a(6,6) d(5) d(2)", "fitness": 0.0}
{"generation": 3, "position": 28, "parents": [25], "genome": "d(9) a(6,3) a(8,14) d(6)", "fitness": 0.0}
{"generation": 3, "position": 29, "parents": [17], "genome": "r(14,7) d(6) d(4) d(5)", "fitness": 0.0}
{"generation": 3, "position": 30, "parents": [20], "genome": "r(9,12) d(14) r(5,13) r(2,1)", "fitness": 0.0}
{"generation": 3, "position": 31, "parents": [33], "genome": "d(9) r(6,10) a(8,4) a(2,7)", "fitness": 0.0}
{"generation": 3, "position": 32, "parents": [46], "genome": "d(4) d(6) a(14,16) d(5)", "fitness": 0.0}
{"generation": 3, "position": 33, "parents": [54], "genome": "d(9) r(6,1) a(1,16) r(4,12) d(2)", "fitness": 0.0}
{"generation": 3, "position": 34, "parents": [18], "genome": "r(9,12) d(14) a(6,7) r(6,2) r(1,3)", "fitness": 0.0}
{"generation": 3, "position": 35, "parents": [31], "genome": "d(9) r(6,13) a(1,6) d(14)", "fitness": 0.0}
{"generation": 3, "position": 36, "parents": [25, 20], "genome": "d(9) a(6,3) r(5,13) a(2,4)", "fitness": 0.0}
{"generation": 3, "position": 37, "parents": [25, 20], "genome": "r(9,12) d(14) a(8,14) d(2)", "fitness": 0.0}
{"generation": 3, "position": 38, "parents": [25], "genome": "d(9) a(6,3) a(8,14) r(1,10)", "fitness": 0.0}
{"generation": 3, "position": 39, "parents": [20], "genome": "r(9,12) d(14) r(5,13) a(2,13)", "fitness": 0.0}
{"generation": 3, "position": 40, "parents": [16], "genome": "d(9) a(6,3) r(4,5) d(12)", "fitness": 0.0}
{"generation": 3, "position": 41, "parents": [22], "genome": "d(12) a(6,10) a(6,3) r(6,1) d(8)", "fitness": 0.0}
{"generation": 3, "position": 42, "parents": [36, 47], "genome": "d(4) d(14) a(6,10) r(2,14) a(4,4) r(6,12)", "fitness": 0.0}
{"generation": 3, "position": 43, "parents": [36, 47], "genome": "d(9) r(12,8)", "fitness": 0.0}
{"generation": 3, "position": 44, "parents": [36], "genome": "d(4) d(14) a(6,10) r(6,12)", "fitness": 0.0}
{"generation": 3, "position": 45, "parents": [47], "genome": "d(9) r(2,14) a(4,4) r(12,10)", "fitness": 0.0}
{"generation": 3, "position": 46, "parents": [33, 15], "genome": "d(9) r(6,10) a(14,8)", "fitness": 0.0}
{"generation": 3, "position": 47, "parents": [33, 15], "genome": "r(3,5) r(6,8) a(12,2) a(8,4) r(14,9)", "fitness": 0.0}
{"generation": 3, "position": 48, "parents": [33], "genome": "d(9) r(6,10) a(8,4) r(5,15)", "fitness": 0.0}
{"generation": 3, "position": 49, "parents": [15], "genome": "r(3,5) r(6,8) a(12,2) r(5,4)", "fitness": 0.0}
{"generation": 3, "position": 50, "parents": [3, 54], "genome": "d(9) d(8) a(1,16) r(4,12) d(3)", "fitness": 0.0}
{"generation": 3, "position": 51, "parents": [3, 54], "genome": "d(9) r(6,1) a(1,7) a(8,2)", "fitness": 0.0}
{"generation": 3, "position": 52, "parents": [3], "genome": "d(9) d(8) a(1,7) d(6)", "fitness": 0.0}
{"generation": 3, "position": 53, "parents": [54], "genome": "d(9) r(6,1) a(1,16) r(4,12) d(3)", "fitness": 0.0}
{"generation": 3, "position": 54, "parents": [7], "genome": "r(3,5) r(6,8) d(9) d(14)", "fitness": 0.0}
{"generation": 3, "position": 55, "parents": [54], "genome": "d(9) r(6,1) a(1,16) r(4,12) a(5,13)", "fitness": 0.0}
{"generation": 3, "position": 56, "parents": [0, 31], "genome": "d(12) d(8) d(1) a(1,6) a(6,15)", "fitness": 0.0}
{"generation": 3, "position": 57, "parents": [0, 31], "genome": "d(9) r(6,13) r(1,6)", "fitness": 0.0}
{"generation": 3, "position": 58, "parents": [0], "genome": "d(12) d(8) d(1) d(6)", "fitness": 0.0}
{"generation": 4, "position": 0, "parents": [22], "genome": "d(9) a(6,7) d(2) d(6) d(8)", "fitness": 0.0}
{"generation": 4, "position": 1, "parents": [21], "genome": "d(9) r(6,1) d(14) d(12) r(3,5)", "fitness": 0.0}
{"generation": 4, "position": 2, "parents": [56, 46], "genome": "d(12) d(8) d(1) a(1,6) r(6,13)", "fitness": 0.0}
{"generation": 4, "position": 3, "parents": [56, 46], "genome": "d(9) r(6,10) a(14,8) a(6,15) a(8,5)", "fitness": 0.0}
{"generation": 4, "position": 4, "parents": [56], "genome": "d(12) d(8) d(1) a(1,6) a(6,15) d(6)", "fitness": 0.0}
{"generation": 4, "position": 5, "parents": [46], "genome": "d(9) r(6,10) a(14,8) a(4,2)", "fitness": 0.0}
{"generation": 4, "position": 6, "parents": [59], "genome": "d(9) r(6,13) a(1,6) a(14,13) a(1,7)", "fitness": 0.0}
{"generation": 4, "position": 7, "parents": [27], "genome": "d(9) a(6,6) d(5) d(2) d(14)", "fitness": 0.0}
{"generation": 4, "position": 8, "parents": [38], "genome": "d(9) a(6,3) a(8,14) r(1,10) r(6,12)", "fitness": 0.0}
{"generation": 4, "position": 9, "parents": [9], "genome": "d(6) a(1,16) r(3,13) r(12,3) r(9,12)", "fitness": 0.0}
{"generation": 4, "position": 10, "parents": [3], "genome": "r(3,5) r(6,8) a(12,2) a(12,7) r(12,2)", "fitness": 0.0}
{"generation": 4, "position": 11, "parents": [31], "genome": "d(9) r(6,10) a(8,4) a(2,7) d(2)", "fitness": 0.0}
{"generation": 4, "position": 12, "parents": [4, 59], "genome": "d(4) a(6,8) a(10,13) d(10) a(1,6) a(14,13) d(6)", "fitness": 0.0}
{"generation": 4, "position": 13, "parents": [4, 59], "genome": "d(9) r(6,13) r(5,16)", "fitness": 0.0}
{"generation": 4, "position": 14, "parents": [4], "genome": "d(4) a(6,8) a(10,13) d(10) a(6,16)", "fitness": 0.0}
{"generation": 4, "position": 15, "parents": [59], "genome": "d(9) r(6,13) a(1,6) a(14,13) r(2,1)", "fitness": 0.0}
{"generation": 4, "position": 16, "parents": [17, 13], "genome": "d(9) r(5,3) a(12,13) d(6) a(14,16) d(5) d(12)", "fitness": 0.0}
{"generation": 4, "position": 17, "parents": [17, 13], "genome": "d(4) a(3,7)", "fitness": 0.0}
{"generation": 4, "position": 18, "parents": [17], "genome": "d(9) r(5,3) a(12,13) a(4,12)", "fitness": 0.0}
{"generation": 4, "position": 19, "parents": [13], "genome": "d(4) d(6) a(14,16) d(5) a(10,4)", "fitness": 0.0}
{"generation": 4, "position": 20, "parents": [5, 58], "genome": "d(12) a(6,10) a(6,3) d(8) d(1) d(6) r(5,10)", "fitness": 0.0}
{"generation": 4, "position": 21, "parents": [5, 58], "genome": "d(12) r(6,1) r(5,4) a(9,1)", "fitness": 0.0}
{"generation": 4, "position": 22, "parents": [5], "genome": "d(12) a(6,10) a(6,3) r(6,1) r(5,4) a(4,8)", "fitness": 0.0}
{"generation": 4, "position": 23, "parents": [58], "genome": "d(12) d(8) d(1) d(6) a(5,2)", "fitness": 0.0}
{"generation": 4, "position": 24, "parents": [12, 43], "genome": "r(9,12) a(12,7)", "fitness": 0.0}
{"generation": 4, "position": 25, "parents": [12, 43], "genome": "d(9) r(12,8) a(6,15) r(6,13) d(3) r(12,10) r(5,2)", "fitness": 0.0}
{"generation": 4, "position": 26, "parents": [12], "genome": "r(9,12) a(6,15) r(6,13) d(3) r(12,10) r(5,14)", "fitness": 0.0}
{"generation": 4, "position": 27, "parents": [43], "genome": "d(9) r(12,8) r(6,13)", "fitness": 0.0}
{"generation": 4, "position": 28, "parents": [24, 37], "genome": "d(9) a(8,14) d(2) r(6,2)", "fitness": 0.0}
{"generation": 4, "position": 29, "parents": [24, 37], "genome": "r(9,12) d(14) r(6,1) a(1,16) r(1,12) d(8)", "fitness": 0.0}
{"generation": 4, "position": 30, "parents": [24], "genome": "d(9) r(6,1) a(1,16) r(1,12) r(5,10)", "fitness": 0.0}
{"generation": 4, "position": 31, "parents": [37], "genome": "r(9,12) d(14) a(8,14) d(2) a(5,15)", "fitness": 0.0}
{"generation": 4, "position": 32, "parents": [7, 15], "genome": "d(9) a(6,5) r(6,4)", "fitness": 0.0}
{"generation": 4, "position": 33, "parents": [7, 15], "genome": "d(9) a(6,3) r(4,5) a(6,7) a(14,14)", "fitness": 0.0}
{"generation": 4, "position": 34, "parents": [7], "genome": "d(9) a(6,3) r(4,5) a(6,7) d(8)", "fitness": 0.0}
{"generation": 4, "position": 35, "parents": [15], "genome": "d(9) a(6,5) a(4,16)", "fitness": 0.0}
{"generation": 4, "position": 36, "parents": [50, 22], "genome": "d(9) d(6) r(8,10)", "fitness": 0.0}
{"generation": 4, "position": 37, "parents": [50, 22], "genome": "d(9) a(6,7) d(2) d(8) a(1,16) r(4,12) d(3) a(6,3)", "fitness": 0.0}
{"generation": 4, "position": 38, "parents": [50], "genome": "d(9) d(8) a(1,16) r(4,12) d(3) a(6,13)", "fitness": 0.0}
{"generation": 4, "position": 39, "parents": [22], "genome": "d(9) a(6,7) d(2) d(6) d(3)", "fitness": 0.0}
{"generation": 4, "position": 40, "parents": [13], "genome": "d(4) d(6) a(14,16) d(5) d(3)", "fitness": 0.0}
{"generation": 4, "position": 41, "parents": [52], "genome": "d(9) d(8) a(1,7) d(6) r(1,7)", "fitness": 0.0}
{"generation": 4, "position": 42, "parents": [43, 45], "genome": "d(9) r(12,8) r(2,14) a(4,4) r(12,10) r(6,16)", "fitness": 0.0}
{"generation": 4, "position": 43, "parents": [43, 45], "genome": "d(9) r(14,8)", "fitness": 0.0}
{"generation": 4, "position": 44, "parents": [43], "genome": "d(9) r(12,8) d(6)", "fitness": 0.0}
{"generation": 4, "position": 45, "parents": [45], "genome": "d(9) r(2,14) a(4,4) r(12,10) r(6,15)", "fitness": 0.0}
{"generation": 4, "position": 46, "parents": [33, 27], "genome": "d(9) r(6,1) a(1,16) r(4,12) d(2) d(2) a(3,12)", "fitness": 0.0}
{"generation": 4, "position": 47, "parents": [33, 27], "genome": "d(9) a(6,6) d(5) a(14,3)", "fitness": 0.0}
{"generation": 4, "position": 48, "parents": [33], "genome": "d(9) r(6,1) a(1,16) r(4,12) d(2) a(14,4)", "fitness": 0.0}
{"generation": 4, "position": 49, "parents": [27], "genome": "d(9) a(6,6) d(5) d(2) r(1,5)", "fitness": 0.0}
{"generation": 4, "position": 50, "parents": [23], "genome": "d(9) a(6,3) a(8,14) a(6,3) r(6,13)", "fitness": 0.0}
{"generation": 4, "position": 51, "parents": [2], "genome": "d(9) r(6,13) d(4) a(14,4)", "fitness": 0.0}
{"generation": 4, "position": 52, "parents": [52, 51], "genome": "d(9) d(8) a(1,7) a(8,2) r(1,6)", "fitness": 0.0}
{"generation": 4, "position": 53, "parents": [52, 51], "genome": "d(9) r(6,1) a(1,7) d(6) r(5,16)", "fitness": 0.0}
{"generation": 4, "position": 54, "parents": [52], "genome": "d(9) d(8) a(1,7) d(6) r(4,10)", "fitness": 0.0}
{"generation": 4, "position": 55, "parents": [51], "genome": "d(9) r(6,1) a(1,7) a(8,2) r(14,8)", "fitness": 0.0}
{"generation": 4, "position": 56, "parents": [27, 57], "genome": "d(9) a(6,6) r(6,13) r(1,6) r(4,1)", "fitness": 0.0}
{"generation": 4, "position": 57, "parents": [27, 57], "genome": "d(9) d(5) d(2) a(1,8)", "fitness": 0.0}
{"generation": 4, "position": 58, "parents": [27], "genome": "d(9) a(6,6) d(5) d(2) a(14,10)", "fitness": 0.0}
{"generation": 4, "position": 59, "parents": [57], "genome": "d(9) r(6,13) r(1,6) r(2,3)", "fitness": 0.0}
{"generation": 4, "position": 60, "parents": [51, 10], "genome": "d(9) r(6,1) a(1,7) a(8,2) r(6,13) d(8)", "fitness": 0.0}
{"generation": 4, "position": 61, "parents": [51, 10], "genome": "r(9,12) a(6,15) d(14)", "fitness": 0.0}
{"generation": 4, "position": 62, "parents": [51], "genome": "d(9) r(6,1) a(1,7) a(8,2) a(1,8)", "fitness": 0.0}
{"generation": 4, "position": 63, "parents": [10], "genome": "r(9,12) a(6,15) r(6,13) d(5)", "fitness": 0.0}
{"generation": 4, "position": 64, "parents": [4], "genome": "d(4) a(6,8) a(10,13) d(10) a(6,14)", "fitness": 0.0}
{"generation": 5, "position": 0, "parents": [14], "genome": "d(4) a(6,8) a(10,13) d(10) a(6,16) d(6)", "fitness": 0.0}
{"generation": 5, "position": 1, "parents": [62], "genome": "d(9) r(6,1) a(1,7) a(8,2) a(1,8) r(14,6)", "fitness": 0.0}
{"generation": 5, "position": 2, "parents": [42, 8], "genome": "d(9) r(12,8) r(2,14) a(4,4) r(12,10) r(1,10) r(6,12) r(5,12)", "fitness": 0.0}
{"generation": 5, "position": 3, "parents": [42, 8], "genome": "d(9) a(6,3) a(8,14) r(6,16) a(1,7)", "fitness": 0.0}
{"generation": 5, "position": 4, "parents": [42], "genome": "d(9) r(12,8) r(2,14) a(4,4) r(12,10) r(6,16) r(8,14)", "fitness": 0.0}
{"generation": 5, "position": 5, "parents": [8], "genome": "d(9) a(6,3) a(8,14) r(1,10) r(6,12) a(8,13)", "fitness": 0.0}
{"generation": 5, "position": 6, "parents": [11], "genome": "d(9) r(6,10) a(8,4) a(2,7) d(2) r(14,13)", "fitness": 0.0}
{"generation": 5, "position": 7, "parents": [54], "genome": "d(9) d(8) a(1,7) d(6) r(4,10) r(3,1)", "fitness": 0.0}
{"generation": 5, "position": 8, "parents": [23], "genome": "d(12) d(8) d(1) d(6) a(5,2) r(3,7)", "fitness": 0.0}
{"generation": 5, "position": 9, "parents": [27], "genome": "d(9) r(12,8) r(6,13) a(1,3)", "fitness": 0.0}
{"generation": 5, "position": 10, "parents": [57], "genome": "d(9) d(5) d(2) a(1,8) a(8,13)", "fitness": 0.0}
{"generation": 5, "position": 11, "parents": [40], "genome": "d(4) d(6) a(14,16) d(5) d(3) d(12)", "fitness": 0.0}
{"generation": 5, "position": 12, "parents": [34], "genome": "d(9) a(6,3) r(4,5) a(6,7) d(8) a(6,8)", "fitness": 0.0}
{"generation": 5, "position": 13, "parents": [27], "genome": "d(9) r(12,8) r(6,13) d(1)", "fitness": 0.0}
{"generation": 5, "position": 14, "parents": [36, 11], "genome": "d(9) a(8,8)", "fitness": 0.0}
{"generation": 5, "position": 15, "parents": [36, 11], "genome": "d(9) r(6,10) a(8,4) a(2,7) d(2) d(6) r(8,10) r(4,1)", "fitness": 0.0}
{"generation": 5, "position": 16, "parents": [36], "genome": "d(9) d(6) r(8,10) a(1,16)", "fitness": 0.0}
{"generation": 5, "position": 17, "parents": [11], "genome": "d(9) r(6,10) a(8,4) a(2,7) d(2) d(1)", "fitness": 0.0}
{"generation": 5, "position": 18, "parents": [14, 29], "genome": "d(4) a(6,8)", "fitness": 0.0}
{"generation": 5, "position": 19, "parents": [14, 29], "genome": "r(9,12) d(14) r(6,1) a(1,16) r(1,12) d(8) a(6,8) a(10,13) d(10) a(6,16) r(3,16)", "fitness": 0.0}
{"generation": 5, "position": 20, "parents": [14], "genome": "d(4) a(6,8) a(10,13) d(10) a(6,16) a(6,4)", "fitness": 0.0}
{"generation": 5, "position": 21, "parents": [29], "genome": "r(9,12) d(14) r(6,1) a(1,16) r(1,12) d(8) a(3,16)", "fitness": 0.0}
{"generation": 5, "position": 22, "parents": [7, 25], "genome": "d(9) r(5,2) d(12)", "fitness": 0.0}
{"generation": 5, "position": 23, "parents": [7, 25], "genome": "d(9) r(12,8) a(6,15) r(6,13) d(3) r(12,10) a(6,6) d(5) d(2) d(14) d(8)", "fitness": 0.0}
{"generation": 5, "position": 24, "parents": [7], "genome": "d(9) a(6,6) d(5) d(2) d(14) a(12,2)", "fitness": 0.0}
{"generation": 5, "position": 25, "parents": [25], "genome": "d(9) r(12,8) a(6,15) r(6,13) d(3) r(12,10) r(5,2) r(1,14)", "fitness": 0.0}
{"generation": 5, "position": 26, "parents": [35, 10], "genome": "d(9) a(6,5) a(4,16) a(12,2) a(12,7) r(12,2) r(6,3)", "fitness": 0.0}
{"generation": 5, "position": 27, "parents": [35, 10], "genome": "r(3,5) r(6,8) r(10,7)", "fitness": 0.0}
{"generation": 5, "position": 28, "parents": [35], "genome": "d(9) a(6,5) a(4,16) d(1)", "fitness": 0.0}
{"generation": 5, "position": 29, "parents": [10], "genome": "r(3,5) r(6,8) a(12,2) a(12,7) r(12,2) a(9,5)", "fitness": 0.0}
{"generation": 5, "position": 30, "parents": [47, 5], "genome": "d(9) a(6,6) d(5) a(14,3) a(8,10)", "fitness": 0.0}
{"generation": 5, "position": 31, "parents": [47, 5], "genome": "d(9) r(6,10) a(14,8) a(4,2) a(2,3)", "fitness": 0.0}
{"generation": 5, "position": 32, "parents": [47], "genome": "d(9) a(6,6) d(5) a(14,3) a(14,15)", "fitness": 0.0}
{"generation": 5, "position": 33, "parents": [5], "genome": "d(9) r(6,10) a(14,8) a(4,2) a(14,5)", "fitness": 0.0}
{"generation": 5, "position": 34, "parents": [52, 58], "genome": "d(9) a(14,10) a(5,4)", "fitness": 0.0}
{"generation": 5, "position": 35, "parents": [52, 58], "genome": "d(9) a(6,6) d(5) d(2) d(8) a(1,7) a(8,2) r(1,6) r(3,5)", "fitness": 0.0}
{"generation": 5, "position": 36, "parents": [52], "genome": "d(9) d(8) a(1,7) a(8,2) r(1,6) d(6)", "fitness": 0.0}
{"generation": 5, "position": 37, "parents": [58], "genome": "d(9) a(6,6) d(5) d(2) a(14,10) r(3,4)", "fitness": 0.0}
{"generation": 5, "position": 38, "parents": [0, 2], "genome": "d(9) r(6,13) a(5,5)", "fitness": 0.0}
{"generation": 5, "position": 39, "parents": [0, 2], "genome": "d(12) d(8) d(1) a(1,6) a(6,7) d(2) d(6) d(8) a(3,2)", "fitness": 0.0}
{"generation": 5, "position": 40, "parents": [0], "genome": "d(9) a(6,7) d(2) d(6) d(8) r(4,16)", "fitness": 0.0}
{"generation": 5, "position": 41, "parents": [2], "genome": "d(12) d(8) d(1) a(1,6) r(6,13) a(3,10)", "fitness": 0.0}
{"generation": 5, "position": 42, "parents": [41, 37], "genome": "d(9) d(8) a(1,7) d(2) d(8) a(1,16) r(4,12) d(3) a(6,3) r(6,12)", "fitness": 0.0}
{"generation": 5, "position": 43, "parents": [41, 37], "genome": "d(9) a(6,7) d(6) r(1,7) a(5,8)", "fitness": 0.0}
{"generation": 5, "position": 44, "parents": [41], "genome": "d(9) d(8) a(1,7) d(6) r(1,7) d(3)", "fitness": 0.0}
{"generation": 5, "position": 45, "parents": [37], "genome": "d(9) a(6,7) d(2) d(8) a(1,16) r(4,12) d(3) a(6,3) a(6,10)", "fitness": 0.0}
{"generation": 5, "position": 46, "parents": [29, 42], "genome": "r(9,12) d(14) r(6,1) a(1,16) r(1,12) a(4,4) r(12,10) r(6,16) d(5)", "fitness": 0.0}
{"generation": 5, "position": 47, "parents": [29, 42], "genome": "d(9) r(12,8) r(2,14) d(8) r(4,14)", "fitness": 0.0}
{"generation": 5, "position": 48, "parents": [29], "genome": "r(9,12) d(14) r(6,1) a(1,16) r(1,12) d(8) d(5)", "fitness": 0.0}
{"generation": 5, "position": 49, "parents": [42], "genome": "d(9) r(12,8) r(2,14) a(4,4) r(12,10) r(6,16) d(4)", "fitness": 0.0}
{"generation": 5, "position": 50, "parents": [54], "genome": "d(9) d(8) a(1,7) d(6) r(4,10) r(5,2)", "fitness": 0.0}
{"generation": 5, "position": 51, "parents": [14], "genome": "d(4) a(6,8) a(10,13) d(10) a(6,16) r(5,8)", "fitness": 0.0}
{"generation": 5, "position": 52, "parents": [52, 59], "genome": "d(9) r(2,3) a(6,16)", "fitness": 0.0}
{"generation": 5, "position": 53, "parents": [52, 59], "genome": "d(9) r(6,13) r(1,6) d(8) a(1,7) a(8,2) r(1,6) a(4,3)", "fitness": 0.0}
{"generation": 5, "position": 54, "parents": [52], "genome": "d(9) d(8) a(1,7) a(8,2) r(1,6) a(5,12)", "fitness": 0.0}
{"generation": 5, "position": 55, "parents": [59], "genome": "d(9) r(6,13) r(1,6) r(2,3) r(3,5)", "fitness": 0.0}
{"generation": 5, "position": 56, "parents": [54, 62], "genome": "d(9) a(1,7) a(8,2) a(1,8) d(5)", "fitness": 0.0}
{"generation": 5, "position": 57, "parents": [54, 62], "genome": "d(9) r(6,1) d(8) a(1,7) d(6) r(4,10) r(2,15)", "fitness": 0.0}
{"generation": 5, "position": 58, "parents": [54], "genome": "d(9) d(8) a(1,7) d(6) r(4,10) r(3,13)", "fitness": 0.0}
{"generation": 5, "position": 59, "parents": [62], "genome": "d(9) r(6,1) a(1,7) a(8,2) a(1,8) a(12,12)", "fitness": 0.0}
{"generation": 5, "position": 60, "parents": [64, 5], "genome": "d(4) a(6,8) a(10,13) a(4,2) d(10)", "fitness": 0.0}
{"generation": 5, "position": 61, "parents": [64, 5], "genome": "d(9) r(6,10) a(14,8) d(10) a(6,14) a(2,6)", "fitness": 0.0}
{"generation": 5, "position": 62, "parents": [64], "genome": "d(4) a(6,8) a(10,13) d(10) a(6,14) d(6)", "fitness": 0.0}
{"generation": 5, "position": 63, "parents": [5], "genome": "d(9) r(6,10) a(14,8) a(4,2) r(5,1)", "fitness": 0.0}
{"generation": 5, "position": 64, "parents": [42, 59], "genome": "d(9) r(12,8) r(2,14) r(6,13) r(1,6) r(2,3) a(5,16)", "fitness": 0.0}
{"generation": 5, "position": 65, "parents": [42, 59], "genome": "d(9) a(4,4) r(12,10) r(6,16) a(4,15)", "fitness": 0.0}
{"generation": 5, "position": 66, "parents": [42], "genome": "d(9) r(12,8) r(2,14) a(4,4) r(12,10) r(6,16) d(1)", "fitness": 0.0}
{"generation": 6, "position": 0, "parents": [1], "genome": "d(9) r(6,1) a(1,7) a(8,2) a(1,8) r(14,6) d(1)", "fitness": 0.0}
{"generation": 6, "position": 1, "parents": [29], "genome": "r(3,5) r(6,8) a(12,2) a(12,7) r(12,2) a(9,5) r(8,6)", "fitness": 0.0}
{"generation": 6, "position": 2, "parents": [18], "genome": "d(4) a(6,8) d(6)", "fitness": 0.0}
{"generation": 6, "position": 3, "parents": [7], "genome": "d(9) d(8) a(1,7) d(6) r(4,10) r(3,1) r(2,10)", "fitness": 0.0}
{"generation": 6, "position": 4, "parents": [9], "genome": "d(9) r(12,8) r(6,13) a(1,3) a(4,15)", "fitness": 0.0}
{"generation": 6, "position": 5, "parents": [19], "genome": "r(9,12) d(14) r(6,1) a(1,16) r(1,12) d(8) a(6,8) a(10,13) d(10) a(6,16) r(3,16) d(2)", "fitness": 0.0}
{"generation": 6, "position": 6, "parents": [52, 31], "genome": "d(9) r(6,10) a(14,8) a(4,2) a(2,3) r(8,5)", "fitness": 0.0}
{"generation": 6, "position": 7, "parents": [52, 31], "genome": "d(9) r(2,3) a(6,16) r(6,12)", "fitness": 0.0}
{"generation": 6, "position": 8, "parents": [52], "genome": "d(9) r(2,3) a(6,16) d(6)", "fitness": 0.0}
{"generation": 6, "position": 9, "parents": [31], "genome": "d(9) r(6,10) a(14,8) a(4,2) a(2,3) a(2,6)", "fitness": 0.0}
{"generation": 6, "position": 10, "parents": [41], "genome": "d(12) d(8) d(1) a(1,6) r(6,13) a(3,10) a(5,7)", "fitness": 0.0}
{"generation": 6, "position": 11, "parents": [47], "genome": "d(9) r(12,8) r(2,14) d(8) r(4,14) a(3,6)", "fitness": 0.0}
{"generation": 6, "position": 12, "parents": [54, 35], "genome": "d(9) r(3,5) r(6,13)", "fitness": 0.0}
{"generation": 6, "position": 13, "parents": [54, 35], "genome": "d(9) a(6,6) d(5) d(2) d(8) a(1,7) a(8,2) r(1,6) d(8) a(1,7) a(8,2) r(1,6) a(5,12) a(3,4)", "fitness": 0.0}
{"generation": 6, "position": 14, "parents": [54], "genome": "d(9) d(8) a(1,7) a(8,2) r(1,6) a(5,12) a(6,13)", "fitness": 0.0}
{"generation": 6, "position": 15, "parents": [35], "genome": "d(9) a(6,6) d(5) d(2) d(8) a(1,7) a(8,2) r(1,6) r(3,5) r(4,12)", "fitness": 0.0}
{"generation": 6, "position": 16, "parents": [50, 28], "genome": "d(9) d(8) a(1,7) d(6) r(4,10) r(5,2) a(4,16) d(1) r(3,14)", "fitness": 0.0}
{"generation": 6, "position": 17, "parents": [50, 28], "genome": "d(9) a(6,5) d(14)", "fitness": 0.0}
{"generation": 6, "position": 18, "parents": [50], "genome": "d(9) d(8) a(1,7) d(6) r(4,10) r(5,2) r(3,6)", "fitness": 0.0}
{"generation": 6, "position": 19, "parents": [28], "genome": "d(9) a(6,5) a(4,16) d(1) r(6,4)", "fitness": 0.0}
{"generation": 6, "position": 20, "parents": [6, 39], "genome": "d(9) r(6,10) a(8,4) a(2,7) d(2) r(14,13) d(8) d(1) a(1,6) a(6,7) d(2) d(6) d(8) a(3,2) a(4,10)", "fitness": 0.0}
{"generation": 6, "position": 21, "parents": [6, 39], "genome": "d(12) d(6)", "fitness": 0.0}
{"generation": 6, "position": 22, "parents": [6], "genome": "d(9) r(6,10) a(8,4) a(2,7) d(2) r(14,13) d(3)", "fitness": 0.0}
{"generation": 6, "position": 23, "parents": [39], "genome": "d(12) d(8) d(1) a(1,6) a(6,7) d(2) d(6) d(8) a(3,2) d(3)", "fitness": 0.0}
{"generation": 6, "position": 24, "parents": [63], "genome": "d(9) r(6,10) a(14,8) a(4,2) r(5,1) a(2,4)", "fitness": 0.0}
{"generation": 6, "position": 25, "parents": [57], "genome": "d(9) r(6,1) d(8) a(1,7) d(6) r(4,10) r(2,15) d(5)", "fitness": 0.0}
{"generation": 6, "position": 26, "parents": [57, 38], "genome": "d(9) r(6,1) d(8) a(1,7) d(6) r(4,10) r(2,15) r(6,13) a(5,5) d(1)", "fitness": 0.0}
{"generation": 6, "position": 27, "parents": [57, 38], "genome": "d(9) a(1,6)", "fitness": 0.0}
{"generation": 6, "position": 28, "parents": [57], "genome": "d(9) r(6,1) d(8) a(1,7) d(6) r(4,10) r(2,15) a(3,16)", "fitness": 0.0}
{"generation": 6, "position": 29, "parents": [38], "genome": "d(9) r(6,13) a(5,5) r(4,13)", "fitness": 0.0}
{"generation": 6, "position": 30, "parents": [19, 65], "genome": "r(9,12) d(14) r(6,1) a(1,16) r(1,12) d(8) a(6,8) a(10,13) d(10) a(6,16) r(2,13)", "fitness": 0.0}
{"generation": 6, "position": 31, "parents": [19, 65], "genome": "d(9) a(4,4) r(12,10) r(6,16) a(4,15) r(3,16) r(2,10)", "fitness": 0.0}
{"generation": 6, "position": 32, "parents": [19], "genome": "r(9,12) d(14) r(6,1) a(1,16) r(1,12) d(8) a(6,8) a(10,13) d(10) a(6,16) r(3,16) a(2,3)", "fitness": 0.0}
{"generation": 6, "position": 33, "parents": [65], "genome": "d(9) a(4,4) r(12,10) r(6,16) a(4,15) a(5,16)", "fitness": 0.0}
{"generation": 6, "position": 34, "parents": [59], "genome": "d(9) r(6,1) a(1,7) a(8,2) a(1,8) a(12,12) a(8,14)", "fitness": 0.0}
{"generation": 6, "position": 35, "parents": [45], "genome": "d(9) a(6,7) d(2) d(8) a(1,16) r(4,12) d(3) a(6,3) a(6,10) r(6,15)", "fitness": 0.0}
{"generation": 6, "position": 36, "parents": [35], "genome": "d(9) a(6,6) d(5) d(2) d(8) a(1,7) a(8,2) r(1,6) r(3,5) d(4)", "fitness": 0.0}
{"generation": 6, "position": 37, "parents": [42], "genome": "d(9) d(8) a(1,7) d(2) d(8) a(1,16) r(4,12) d(3) a(6,3) r(6,12) d(5)", "fitness": 0.0}
{"generation": 6, "position": 38, "parents": [52], "genome": "d(9) r(2,3) a(6,16) a(6,15)", "fitness": 0.0}
{"generation": 6, "position": 39, "parents": [66], "genome": "d(9) r(12,8) r(2,14) a(4,4) r(12,10) r(6,16) d(1) a(8,2)", "fitness": 0.0}
{"generation": 6, "position": 40, "parents": [65, 60], "genome": "d(9) a(4,4) r(12,10) d(6)", "fitness": 0.0}
{"generation": 6, "position": 41, "parents": [65, 60], "genome": "d(4) a(6,8) a(10,13) a(4,2) d(10) r(6,16) a(4,15) a(5,4)", "fitness": 2.0}
{"generation": 6, "position": 42, "parents": [65], "genome": "d(9) a(4,4) r(12,10) r(6,16) a(4,15) a(8,4)", "fitness": 0.0}
{"generation": 6, "position": 43, "parents": [60], "genome": "d(4) a(6,8) a(10,13) a(4,2) d(10) a(6,6)", "fitness": 0.0}
{"generation": 6, "position": 44, "parents": [15], "genome": "d(9) r(6,10) a(8,4) a(2,7) d(2) d(6) r(8,10) r(4,1) a(3,15)", "fitness": 0.0}
{"generation": 6, "position": 45, "parents": [19], "genome": "r(9,12) d(14) r(6,1) a(1,16) r(1,12) d(8) a(6,8) a(10,13) d(10) a(6,16) r(3,16) a(4,8)", "fitness": 0.0}
{"generation": 6, "position": 46, "parents": [38], "genome": "d(9) r(6,13) a(5,5) r(4,7)", "fitness": 0.0}
{"generation": 6, "position": 47, "parents": [36], "genome": "d(9) d(8) a(1,7) a(8,2) r(1,6) d(6) d(4)", "fitness": 0.0}
{"generation": 6, "position": 48, "parents": [43], "genome": "d(9) a(6,7) d(6) r(1,7) a(5,8) d(12)", "fitness": 0.0}
{"generation": 6, "position": 49, "parents": [40], "genome": "d(9) a(6,7) d(2) d(6) d(8) r(4,16) d(3)", "fitness": 0.0}
{"generation": 6, "position": 50, "parents": [58], "genome": "d(9) d(8) a(1,7) d(6) r(4,10) r(3,13) r(5,3)", "fitness": 0.0}
{"generation": 6, "position": 51, "parents": [20], "genome": "d(4) a(6,8) a(10,13) d(10) a(6,16) a(6,4) d(6)", "fitness": 0.0}
{"generation": 6, "position": 52, "parents": [39], "genome": "d(12) d(8) d(1) a(1,6) a(6,7) d(2) d(6) d(8) a(3,2) a(3,10)", "fitness": 0.0}
{"generation": 7, "position": 0, "parents": [40], "genome": "d(9) a(4,4) r(12,10) d(6) d(5)", "fitness": 0.0}
{"generation": 7, "position": 1, "parents": [2], "genome": "d(4) a(6,8) d(6) r(8,10)", "fitness": 0.0}
{"generation": 7, "position": 2, "parents": [51], "genome": "d(4) a(6,8) a(10,13) d(10) a(6,16) a(6,4) d(6) r(1,5)", "fitness": 0.0}
{"generation": 7, "position": 3, "parents": [44], "genome": "d(9) r(6,10) a(8,4) a(2,7) d(2) d(6) r(8,10) r(4,1) a(3,15) d(5)", "fitness": 0.0}
{"generation": 7, "position": 4, "parents": [33], "genome": "d(9) a(4,4) r(12,10) r(6,16) a(4,15) a(5,16) r(3,1)", "fitness": 0.0}
{"generation": 7, "position": 5, "parents": [44], "genome": "d(9) r(6,10) a(8,4) a(2,7) d(2) d(6) r(8,10) r(4,1) a(3,15) r(3,15)", "fitness": 0.0}
{"generation": 7, "position": 6, "parents": [47], "genome": "d(9) d(8) a(1,7) a(8,2) r(1,6) d(6) d(4) r(2,1)", "fitness": 0.0}
{"generation": 7, "position": 7, "parents": [21], "genome": "d(12) d(6) a(4,1)", "fitness": 0.0}
{"generation": 7, "position": 8, "parents": [46], "genome": "d(9) r(6,13) a(5,5) r(4,7) r(3,5)", "fitness": 0.0}
{"generation": 7, "position": 9, "parents": [46], "genome": "d(9) r(6,13) a(5,5) r(4,7) r(1,10)", "fitness": 0.0}
{"generation": 7, "position": 10, "parents": [51], "genome": "d(4) a(6,8) a(10,13) d(10) a(6,16) a(6,4) d(6) a(5,16)", "fitness": 0.0}
{"generation": 7, "position": 11, "parents": [2], "genome": "d(4) a(6,8) d(6) a(9,6)", "fitness": 0.0}
{"generation": 7, "position": 12, "parents": [19, 20], "genome": "d(9) a(6,5) a(4,16) d(1) a(6,7) d(2) d(6) d(8) a(3,2) a(4,10) r(3,13)", "fitness": 0.0}
{"generation": 7, "position": 13, "parents": [19, 20], "genome": "d(9) r(6,10) a(8,4) a(2,7) d(2) r(14,13) d(8) d(1) a(1,6) r(6,4) r(4,2)", "fitness": 0.0}
{"generation": 7, "position": 14, "parents": [19], "genome": "d(9) a(6,5) a(4,16) d(1) r(6,4) d(3)", "fitness": 0.0}
{"generation": 7, "position": 15, "parents": [20], "genome": "d(9) r(6,10) a(8,4) a(2,7) d(2) r(14,13) d(8) d(1) a(1,6) a(6,7) d(2) d(6) d(8) a(3,2) a(4,10) r(4,10)", "fitness": 0.0}
{"generation": 7, "position": 16, "parents": [50, 27], "genome": "d(9) d(8) a(1,7) d(6) r(4,10) r(3,13) a(2,5)", "fitness": 0.0}
{"generation": 7, "position": 17, "parents": [50, 27], "genome": "d(9) a(1,6) r(5,3) r(14,4)", "fitness": 0.0}
{"generation": 7, "position": 18, "parents": [50], "genome": "d(9) d(8) a(1,7) d(6) r(4,10) r(3,13) r(5,3) d(2)", "fitness": 0.0}
{"generation": 7, "position": 19, "parents": [27], "genome": "d(9) a(1,6) d(6)", "fitness": 0.0}
{"generation": 7, "position": 20, "parents": [15, 39], "genome": "d(9) d(5)", "fitness": 0.0}
{"generation": 7, "position": 21, "parents": [15, 39], "genome": "d(9) r(12,8) r(2,14) a(4,4) r(12,10) r(6,16) d(1) a(8,2) a(6,6) d(5) d(2) d(8) a(1,7) a(8,2) r(1,6) r(3,5) r(4,12)", "fitness": 0.0}
{"generation": 7, "position": 22, "parents": [15], "genome": "d(9) a(6,6) d(5) d(2) d(8) a(1,7) a(8,2) r(1,6) r(3,5) r(4,12)", "fitness": 0.0}
{"generation": 7, "position": 23, "parents": [39], "genome": "d(9) r(12,8) r(2,14) a(4,4) r(12,10) r(6,16) d(1) a(8,2) d(4)", "fitness": 0.0}
{"generation": 7, "position": 24, "parents": [36, 48], "genome": "d(9) d(4)", "fitness": 0.0}
{"generation": 7, "position": 25, "parents": [36, 48], "genome": "d(9) a(6,7) d(6) r(1,7) a(5,8) d(12) a(6,6) d(5) d(2) d(8) a(1,7) a(8,2) r(1,6) r(3,5) d(4)", "fitness": 0.0}
{"generation": 7, "position": 26, "parents": [36], "genome": "d(9) a(6,6) d(5) d(2) d(8) a(1,7) a(8,2) r(1,6) r(3,5) d(4)", "fitness": 0.0}
{"generation": 7, "position": 27, "parents": [48], "genome": "d(9) a(6,7) d(6) r(1,7) a(5,8) d(12) a(2,8)", "fitness": 0.0}
{"generation": 7, "position": 28, "parents": [16], "genome": "d(9) d(8) a(1,7) d(6) r(4,10) r(5,2) a(4,16) d(1) r(3,14) a(2,8)", "fitness": 0.0}
{"generation": 7, "position": 29, "parents": [29], "genome": "d(9) r(6,13) a(5,5) r(4,13) d(3)", "fitness": 0.0}
{"generation": 7, "position": 30, "parents": [29], "genome": "d(9) r(6,13) a(5,5) r(4,13) a(2,15)", "fitness": 0.0}
{"generation": 7, "position": 31, "parents": [33], "genome": "d(9) a(4,4) r(12,10) r(6,16) a(4,15) a(5,16) a(3,5)", "fitness": 0.0}
{"generation": 7, "position": 32, "parents": [5], "genome": "r(9,12) d(14) r(6,1) a(1,16) r(1,12) d(8) a(6,8) a(10,13) d(10) a(6,16) r(3,16) d(2) d(4)", "fitness": 0.0}
{"generation": 7, "position": 33, "parents": [40], "genome": "d(9) a(4,4) r(12,10) d(6) a(8,15)", "fitness": 0.0}
{"generation": 7, "position": 34, "parents": [34], "genome": "d(9) r(6,1) a(1,7) a(8,2) a(1,8) a(12,12) a(8,14) r(8,3)", "fitness": 0.0}
{"generation": 7, "position": 35, "parents": [22], "genome": "d(9) r(6,10) a(8,4) a(2,7) d(2) r(14,13) d(3) r(1,6)", "fitness": 0.0}
{"generation": 7, "position": 36, "parents": [20], "genome": "d(9) r(6,10) a(8,4) a(2,7) d(2) r(14,13) d(8) d(1) a(1,6) a(6,7) d(2) d(6) d(8) a(3,2) a(4,10) d(5)", "fitness": 0.0}
{"generation": 7, "position": 37, "parents": [7], "genome": "d(9) r(2,3) a(6,16) r(6,12) a(12,14)", "fitness": 0.0}
{"generation": 7, "position": 38, "parents": [48, 25], "genome": "d(9) a(6,7) r(5,10)", "fitness": 0.0}
{"generation": 7, "position": 39, "parents": [48, 25], "genome": "d(9) r(6,1) d(8) a(1,7) d(6) r(4,10) r(2,15) d(5) d(6) r(1,7) a(5,8) d(12) d(3)", "fitness": 0.0}
{"generation": 7, "position": 40, "parents": [48], "genome": "d(9) a(6,7) d(6) r(1,7) a(5,8) d(12) d(8)", "fitness": 4.0}
{"generation": 7, "position": 41, "parents": [25], "genome": "d(9) r(6,1) d(8) a(1,7) d(6) r(4,10) r(2,15) d(5) a(3,1)", "fitness": 0.0}
{"generation": 7, "position": 42, "parents": [7, 19], "genome": "d(9) r(2,3) a(6,16) r(6,12) d(1) r(6,4) a(14,4)", "fitness": 0.0}
{"generation": 7, "position": 43, "parents": [7, 19], "genome": "d(9) a(6,5) a(4,16) r(6,8)", "fitness": 0.0}
{"generation": 7, "position": 44, "parents": [7], "genome": "d(9) r(2,3) a(6,16) r(6,12) d(3)", "fitness": 0.0}
{"generation": 7, "position": 45, "parents": [19], "genome": "d(9) a(6,5) a(4,16) d(1) r(6,4) d(4)", "fitness": 0.0}
{"generation": 7, "position": 46, "parents": [19, 40], "genome": "d(9) a(6,5) a(4,16) d(1) r(6,4) a(4,4) r(12,10) d(6) r(5,3)", "fitness": 0.0}
{"generation": 7, "position": 47, "parents": [19, 40], "genome": "d(9) a(2,8)", "fitness": 0.0}
{"generation": 7, "position": 48, "parents": [19], "genome": "d(9) a(6,5) a(4,16) d(1) r(6,4) r(14,16)", "fitness": 0.0}
{"generation": 7, "position": 49, "parents": [40], "genome": "d(9) a(4,4) r(12,10) d(6) d(5)", "fitness": 0.0}
{"generation": 7, "position": 50, "parents": [7], "genome": "d(9) r(2,3) a(6,16) r(6,12) a(8,6)", "fitness": 0.0}
{"generation": 7, "position": 51, "parents": [0], "genome": "d(9) r(6,1) a(1,7) a(8,2) a(1,8) r(14,6) d(1) a(5,3)", "fitness": 0.0}
{"generation": 7, "position": 52, "parents": [30], "genome": "r(9,12) d(14) r(6,1) a(1,16) r(1,12) d(8) a(6,8) a(10,13) d(10) a(6,16) r(2,13) r(5,14)", "fitness": 0.0}
{"generation": 8, "position": 0, "parents": [21, 33], "genome": "d(9) r(12,8) r(2,14) a(4,4) r(12,10) r(6,16) d(1) a(8,2) a(6,6) d(5) d(2) d(8) a(1,7) a(8,2) r(1,6) d(4)", "fitness": 0.0}
{"generation": 8, "position": 1, "parents": [21, 33], "genome": "d(9) a(4,4) r(12,10) d(6) a(8,15) r(3,5) r(4,12) r(5,1)", "fitness": 0.0}
{"generation": 8, "position": 2, "parents": [21], "genome": "d(9) r(12,8) r(2,14) a(4,4) r(12,10) r(6,16) d(1) a(8,2) a(6,6) d(5) d(2) d(8) a(1,7) a(8,2) r(1,6) r(3,5) r(4,12)", "fitness": 0.0}
{"generation": 8, "position": 3, "parents": [33], "genome": "d(9) a(4,4) r(12,10) d(6) a(8,15) r(2,4)", "fitness": 0.0}
{"generation": 8, "position": 4, "parents": [5, 8], "genome": "d(9) r(6,10) a(8,4) a(2,7) d(2) d(6) r(8,10) r(4,1) a(5,5) r(4,7) r(3,5) d(1)", "fitness": 0.0}
{"generation": 8, "position": 5, "parents": [5, 8], "genome": "d(9) r(6,13) a(3,15) r(3,15) a(1,16)", "fitness": 0.0}
{"generation": 8, "position": 6, "parents": [5], "genome": "d(9) r(6,10) a(8,4) a(2,7) d(2) d(6) r(8,10) r(4,1) a(3,15) r(3,15) a(1,12)", "fitness": 0.0}
{"generation": 8, "position": 7, "parents": [8], "genome": "d(9) r(6,13) a(5,5) r(4,7) r(3,5) d(1)", "fitness": 0.0}
{"generation": 8, "position": 8, "parents": [45], "genome": "d(9) a(6,5) a(4,16) d(1) r(6,4) d(4) r(2,14)", "fitness": 0.0}
{"generation": 8, "position": 9, "parents": [22], "genome": "d(9) a(6,6) d(5) d(2) d(8) a(1,7) a(8,2) r(1,6) r(3,5) r(4,12)", "fitness": 0.0}
{"generation": 8, "position": 10, "parents": [30], "genome": "d(9) r(6,13) a(5,5) r(4,13) a(2,15) a(3,5)", "fitness": 0.0}
{"generation": 8, "position": 11, "parents": [37], "genome": "d(9) r(2,3) a(6,16) r(6,12) a(12,14) d(1)", "fitness": 0.0}
{"generation": 8, "position": 12, "parents": [24], "genome": "d(9) d(4) d(6)", "fitness": 0.0}
{"generation": 8, "position": 13, "parents": [25], "genome": "d(9) a(6,7) d(6) r(1,7) a(5,8) d(12) a(6,6) d(5) d(2) d(8) a(1,7) a(8,2) r(1,6) r(3,5) d(4)", "fitness": 0.0}
{"generation": 8, "position": 14, "parents": [53, 28], "genome": "d(9) r(6,10) a(14,8) a(4,2) r(5,1) a(2,4) a(2,8) d(3)", "fitness": 0.0}
{"generation": 8, "position": 15, "parents": [53, 28], "genome": "d(9) d(8) a(1,7) d(6) r(4,10) r(5,2) a(4,16) d(1) r(3,14) r(1,10) a(2,3)", "fitness": 0.0}
{"generation": 8, "position": 16, "parents": [53], "genome": "d(9) r(6,10) a(14,8) a(4,2) r(5,1) a(2,4) r(1,10) d(14)", "fitness": 0.0}
{"generation": 8, "position": 17, "parents": [28], "genome": "d(9) d(8) a(1,7) d(6) r(4,10) r(5,2) a(4,16) d(1) r(3,14) a(2,8) r(2,13)", "fitness": 0.0}
{"generation": 8, "position": 18, "parents": [43, 11], "genome": "d(9) a(6,5) a(6,8) d(6) a(9,6) a(5,16)", "fitness": 0.0}
{"generation": 8, "position": 19, "parents": [43, 11], "genome": "d(4) a(4,16) r(6,8) r(10,3)", "fitness": 0.0}
{"generation": 8, "position": 20, "parents": [43], "genome": "d(9) a(6,5) a(4,16) r(6,8) a(14,6)", "fitness": 0.0}
{"generation": 8, "position": 21, "parents": [11], "genome": "d(4) a(6,8) d(6) a(9,6) d(9)", "fitness": 0.0}
{"generation": 8, "position": 22, "parents": [11], "genome": "d(4) a(6,8) d(6) a(9,6) r(9,10)", "fitness": 0.0}
{"generation": 8, "position": 23, "parents": [35], "genome": "d(9) r(6,10) a(8,4) a(2,7) d(2) r(14,13) d(3) r(1,6) d(12)", "fitness": 0.0}
{"generation": 8, "position": 24, "parents": [3], "genome": "d(9) r(6,10) a(8,4) a(2,7) d(2) d(6) r(8,10) r(4,1) a(3,15) d(5) d(3)", "fitness": 0.0}
{"generation": 8, "position": 25, "parents": [6], "genome": "d(9) d(8) a(1,7) a(8,2) r(1,6) d(6) d(4) r(2,1) d(5)", "fitness": 0.0}
{"generation": 8, "position": 26, "parents": [53], "genome": "d(9) r(6,10) a(14,8) a(4,2) r(5,1) a(2,4) r(1,10) d(2)", "fitness": 0.0}
{"generation": 8, "position": 27, "parents": [47], "genome": "d(9) a(2,8) a(6,16)", "fitness": 20.0}
{"generation": 8, "position": 28, "parents": [28, 49], "genome": "d(9) d(8) a(1,7) d(6) a(5,3)", "fitness": 0.0}
{"generation": 8, "position": 29, "parents": [28, 49], "genome": "d(9) a(4,4) r(12,10) d(6) d(5) r(4,10) r(5,2) a(4,16) d(1) r(3,14) a(2,8) a(8,15)", "fitness": 0.0}
{"generation": 8, "position": 30, "parents": [28], "genome": "d(9) d(8) a(1,7) d(6) r(4,10) r(5,2) a(4,16) d(1) r(3,14) a(2,8) d(2)", "fitness": 0.0}
{"generation": 8, "position": 31, "parents": [49], "genome": "d(9) a(4,4) r(12,10) d(6) d(5) a(2,13)", "fitness": 0.0}
{"generation": 8, "position": 32, "parents": [41, 48], "genome": "d(9) r(6,1) d(8) r(6,4) r(14,16) a(2,12)", "fitness": 0.0}
{"generation": 8, "position": 33, "parents": [41, 48], "genome": "d(9) a(6,5) a(4,16) d(1) a(1,7) d(6) r(4,10) r(2,15) d(5) a(3,1) a(12,2)", "fitness": 0.0}
{"generation": 8, "position": 34, "parents": [41], "genome": "d(9) r(6,1) d(8) a(1,7) d(6) r(4,10) r(2,15) d(5) a(3,1) r(3,14)", "fitness": 0.0}
{"generation": 8, "position": 35, "parents": [48], "genome": "d(9) a(6,5) a(4,16) d(1) r(6,4) r(14,16) a(4,8)", "fitness": 0.0}
{"generation": 8, "position": 36, "parents": [50, 24], "genome": "d(9) r(2,3) d(4) d(3)", "fitness": 0.0}
{"generation": 8, "position": 37, "parents": [50, 24], "genome": "d(9) a(6,16) r(6,12) a(8,6) a(4,3)", "fitness": 0.0}
{"generation": 8, "position": 38, "parents": [50], "genome": "d(9) r(2,3) a(6,16) r(6,12) a(8,6) r(8,12)", "fitness": 0.0}
{"generation": 8, "position": 39, "parents": [24], "genome": "d(9) d(4) a(6,10)", "fitness": 0.0}
{"generation": 8, "position": 40, "parents": [33, 49], "genome": "d(9) a(4,4) r(12,10) d(6) a(8,16)", "fitness": 0.0}
{"generation": 8, "position": 41, "parents": [33, 49], "genome": "d(9) a(4,4) r(12,10) d(6) d(5) a(8,15) r(3,8)", "fitness": 0.0}
{"generation": 8, "position": 42, "parents": [33], "genome": "d(9) a(4,4) r(12,10) d(6) a(8,15) d(4)", "fitness": 0.0}
{"generation": 8, "position": 43, "parents": [49], "genome": "d(9) a(4,4) r(12,10) d(6) d(5) r(3,14)", "fitness": 0.0}
{"generation": 8, "position": 44, "parents": [50, 50], "genome": "d(9) r(2,3) a(6,16) r(6,12) a(8,6) r(3,10)", "fitness": 0.0}
{"generation": 8, "position": 45, "parents": [50, 50], "genome": "d(9) r(2,3) a(6,16) r(6,12) a(8,6) r(5,12)", "fitness": 0.0}
{"generation": 8, "position": 46, "parents": [50], "genome": "d(9) r(2,3) a(6,16) r(6,12) a(8,6) r(4,13)", "fitness": 0.0}
{"generation": 8, "position": 47, "parents": [50], "genome": "d(9) r(2,3) a(6,16) r(6,12) a(8,6) d(4)", "fitness": 0.0}
{"generation": 8, "position": 48, "parents": [12, 18], "genome": "d(9) a(6,5) a(4,16) d(1) a(6,7) d(2) d(6) d(8) a(3,2) a(4,10) r(5,13)", "fitness": 0.0}
{"generation": 8, "position": 49, "parents": [12, 18], "genome": "d(9) d(8) a(1,7) d(6) r(4,10) r(3,13) r(5,3) d(2) r(3,13) a(1,6)", "fitness": 0.0}
{"generation": 8, "position": 50, "parents": [12], "genome": "d(9) a(6,5) a(4,16) d(1) a(6,7) d(2) d(6) d(8) a(3,2) a(4,10) r(3,13) r(4,16)", "fitness": 0.0}
{"generation": 8, "position": 51, "parents": [18], "genome": "d(9) d(8) a(1,7) d(6) r(4,10) r(3,13) r(5,3) d(2) r(1,13)", "fitness": 0.0}
{"generation": 8, "position": 52, "parents": [25], "genome": "d(9) a(6,7) d(6) r(1,7) a(5,8) d(12) a(6,6) d(5) d(2) d(8) a(1,7) a(8,2) r(1,6) r(3,5) d(4)", "fitness": 0.0}
{"generation": 8, "position": 53, "parents": [52], "genome": "r(9,12) d(14) r(6,1) a(1,16) r(1,12) d(8) a(6,8) a(10,13) d(10) a(6,16) r(2,13) r(5,14) d(3)", "fitness": 0.0}
{"generation": 8, "position": 54, "parents": [0], "genome": "d(9) a(4,4) r(12,10) d(6) d(5) a(2,6)", "fitness": 0.0}
{"generation": 8, "position": 55, "parents": [51], "genome": "d(9) r(6,1) a(1,7) a(8,2) a(1,8) r(14,6) d(1) a(5,3) d(12)", "fitness": 0.0}
{"generation": 8, "position": 56, "parents": [52], "genome": "r(9,12) d(14) r(6,1) a(1,16) r(1,12) d(8) a(6,8) a(10,13) d(10) a(6,16) r(2,13) r(5,14) r(3,13)", "fitness": 0.0}
{"generation": 8, "position": 57, "parents": [44], "genome": "d(9) r(2,3) a(6,16) r(6,12) d(3) a(14,8)", "fitness": 0.0}
{"generation": 8, "position": 58, "parents": [41, 52], "genome": "d(9) r(6,1) d(8) a(1,7) a(6,8) a(10,13) d(10) a(6,16) r(2,13) r(5,14) a(3,4)", "fitness": 0.0}
{"generation": 8, "position": 59, "parents": [41, 52], "genome": "r(9,12) d(14) r(6,1) a(1,16) r(1,12) d(8) d(6) r(4,10) r(2,15) d(5) a(3,1) r(3,5)", "fitness": 0.0}
{"generation": 8, "position": 60, "parents": [41], "genome": "d(9) r(6,1) d(8) a(1,7) d(6) r(4,10) r(2,15) d(5) a(3,1) a(1,1)", "fitness": 0.0}
{"generation": 9, "position": 0, "parents": [35], "genome": "d(9) a(6,5) a(4,16) d(1) r(6,4) r(14,16) a(4,8) r(2,8)", "fitness": 0.0}
{"generation": 9, "position": 1, "parents": [1], "genome": "d(9) a(4,4) r(12,10) d(6) a(8,15) r(3,5) r(4,12) r(5,1) r(8,14)", "fitness": 0.0}
{"generation": 9, "position": 2, "parents": [7], "genome": "d(9) r(6,13) a(5,5) r(4,7) r(3,5) d(1) r(12,14)", "fitness": 0.0}
{"generation": 9, "position": 3, "parents": [4], "genome": "d(9) r(6,10) a(8,4) a(2,7) d(2) d(6) r(8,10) r(4,1) a(5,5) r(4,7) r(3,5) d(1) r(5,14)", "fitness": 0.0}
{"generation": 9, "position": 4, "parents": [9], "genome": "d(9) a(6,6) d(5) d(2) d(8) a(1,7) a(8,2) r(1,6) r(3,5) r(4,12)", "fitness": 0.0}
{"generation": 9, "position": 5, "parents": [28], "genome": "d(9) d(8) a(1,7) d(6) a(5,3) r(1,15)", "fitness": 0.0}
{"generation": 9, "position": 6, "parents": [53], "genome": "r(9,12) d(14) r(6,1) a(1,16) r(1,12) d(8) a(6,8) a(10,13) d(10) a(6,16) r(2,13) r(5,14) d(3) r(4,2)", "fitness": 0.0}
{"generation": 9, "position": 7, "parents": [7], "genome": "d(9) r(6,13) a(5,5) r(4,7) r(3,5) d(1) r(8,13)", "fitness": 0.0}
{"generation": 9, "position": 8, "parents": [4], "genome": "d(9) r(6,10) a(8,4) a(2,7) d(2) d(6) r(8,10) r(4,1) a(5,5) r(4,7) r(3,5) d(1) d(5)", "fitness": 0.0}
{"generation": 9, "position": 9, "parents": [39], "genome": "d(9) d(4) a(6,10) r(6,10)", "fitness": 0.0}
{"generation": 9, "position": 10, "parents": [5], "genome": "d(9) r(6,13) a(3,15) r(3,15) a(1,16) r(12,1)", "fitness": 0.0}
{"generation": 9, "position": 11, "parents": [7], "genome": "d(9) r(6,13) a(5,5) r(4,7) r(3,5) d(1) r(5,4)", "fitness": 0.0}
{"generation": 9, "position": 12, "parents": [7], "genome": "d(9) r(6,13) a(5,5) r(4,7) r(3,5) d(1) d(5)", "fitness": 0.0}
{"generation": 9, "position": 13, "parents": [7], "genome": "d(9) r(6,13) a(5,5) r(4,7) r(3,5) d(1) d(8)", "fitness": 0.0}
{"generation": 9, "position": 14, "parents": [60], "genome": "d(9) r(6,1) d(8) a(1,7) d(6) r(4,10) r(2,15) d(5) a(3,1) a(1,1) r(3,8)", "fitness": 0.0}
{"generation": 9, "position": 15, "parents": [36], "genome": "d(9) r(2,3) d(4) d(3) r(6,5)", "fitness": 0.0}
{"generation": 9, "position": 16, "parents": [48], "genome": "d(9) a(6,5) a(4,16) d(1) a(6,7) d(2) d(6) d(8) a(3,2) a(4,10) r(5,13) a(4,13)", "fitness": 0.0}
{"generation": 9, "position": 17, "parents": [13], "genome": "d(9) a(6,7) d(6) r(1,7) a(5,8) d(12) a(6,6) d(5) d(2) d(8) a(1,7) a(8,2) r(1,6) r(3,5) d(4)", "fitness": 0.0}
{"generation": 9, "position": 18, "parents": [47, 54], "genome": "d(9) r(2,3) a(6,16) r(6,12) a(8,6) d(4) a(14,16)", "fitness": 0.0}
{"generation": 9, "position": 19, "parents": [47, 54], "genome": "d(9) a(4,4) r(12,10) d(6) d(5) a(2,6) r(3,1)", "fitness": 0.0}
{"generation": 9, "position": 20, "parents": [47], "genome": "d(9) r(2,3) a(6,16) r(6,12) a(8,6) d(4) r(8,3)", "fitness": 0.0}
{"generation": 9, "position": 21, "parents": [54], "genome": "d(9) a(4,4) r(12,10) d(6) d(5) a(2,6) d(1)", "fitness": 0.0}
{"generation": 9, "position": 22, "parents": [10], "genome": "d(9) r(6,13) a(5,5) r(4,13) a(2,15) a(3,5) a(2,12)", "fitness": 0.0}
{"generation": 9, "position": 23, "parents": [41], "genome": "d(9) a(4,4) r(12,10) d(6) d(5) a(8,15) r(3,8) r(8,7)", "fitness": 0.0}
{"generation": 9, "position": 24, "parents": [2], "genome": "d(9) r(12,8) r(2,14) a(4,4) r(12,10) r(6,16) d(1) a(8,2) a(6,6) d(5) d(2) d(8) a(1,7) a(8,2) r(1,6) r(3,5) r(4,12)", "fitness": 0.0}
{"generation": 9, "position": 25, "parents": [40], "genome": "d(9) a(4,4) r(12,10) d(6) a(8,16) r(4,16)", "fitness": 0.0}
{"generation": 9, "position": 26, "parents": [20, 17], "genome": "d(9) a(6,5) a(4,16) r(6,8) r(2,13) d(4)", "fitness": 0.0}
{"generation": 9, "position": 27, "parents": [20, 17], "genome": "d(9) d(8) a(1,7) d(6) r(4,10) r(5,2) a(4,16) d(1) r(3,14) a(2,8) a(14,6) d(2)", "fitness": 0.0}
{"generation": 9, "position": 28, "parents": [20], "genome": "d(9) a(6,5) a(4,16) r(6,8) a(14,6) d(3)", "fitness": 0.0}
{"generation": 9, "position": 29, "parents": [17], "genome": "d(9) d(8) a(1,7) d(6) r(4,10) r(5,2) a(4,16) d(1) r(3,14) a(2,8) r(2,13)", "fitness": 0.0}
{"generation": 9, "position": 30, "parents": [37, 14], "genome": "d(9) a(6,16) r(6,12) a(8,6) a(4,3) a(2,8) d(3) a(4,8)", "fitness": 0.0}
{"generation": 9, "position": 31, "parents": [37, 14], "genome": "d(9) r(6,10) a(14,8) a(4,2) r(5,1) a(2,4) a(12,13)", "fitness": 0.0}
{"generation": 9, "position": 32, "parents": [37], "genome": "d(9) a(6,16) r(6,12) a(8,6) a(4,3) r(1,3)", "fitness": 0.0}
{"generation": 9, "position": 33, "parents": [14], "genome": "d(9) r(6,10) a(14,8) a(4,2) r(5,1) a(2,4) a(2,8) d(3) r(2,16)", "fitness": 0.0}
{"generation": 9, "position": 34, "parents": [35], "genome": "d(9) a(6,5) a(4,16) d(1) r(6,4) r(14,16) a(4,8) r(8,16)", "fitness": 0.0}
{"generation": 9, "position": 35, "parents": [6], "genome": "d(9) r(6,10) a(8,4) a(2,7) d(2) d(6) r(8,10) r(4,1) a(3,15) r(3,15) a(1,12) r(1,15)", "fitness": 0.0}
{"generation": 9, "position": 36, "parents": [39], "genome": "d(9) d(4) a(6,10) r(6,5)", "fitness": 0.0}
{"generation": 9, "position": 37, "parents": [16], "genome": "d(9) r(6,10) a(14,8) a(4,2) r(5,1) a(2,4) r(1,10) d(14) r(12,1)", "fitness": 0.0}
{"generation": 9, "position": 38, "parents": [34], "genome": "d(9) r(6,1) d(8) a(1,7) d(6) r(4,10) r(2,15) d(5) a(3,1) r(3,14) a(1,3)", "fitness": 0.0}
{"generation": 9, "position": 39, "parents": [53], "genome": "r(9,12) d(14) r(6,1) a(1,16) r(1,12) d(8) a(6,8) a(10,13) d(10) a(6,16) r(2,13) r(5,14) d(3) d(4)", "fitness": 0.0}
{"generation": 9, "position": 40, "parents": [21], "genome": "d(4) a(6,8) d(6) a(9,6) d(9) d(12)", "fitness": 0.0}
{"generation": 9, "position": 41, "parents": [23], "genome": "d(9) r(6,10) a(8,4) a(2,7) d(2) r(14,13) d(3) r(1,6) d(12) a(5,10)", "fitness": 0.0}
{"generation": 9, "position": 42, "parents": [13], "genome": "d(9) a(6,7) d(6) r(1,7) a(5,8) d(12) a(6,6) d(5) d(2) d(8) a(1,7) a(8,2) r(1,6) r(3,5) d(4)", "fitness": 0.0}
{"generation": 9, "position": 43, "parents": [41], "genome": "d(9) a(4,4) r(12,10) d(6) d(5) a(8,15) r(3,8) a(1,15)", "fitness": 0.0}
{"generation": 9, "position": 44, "parents": [10], "genome": "d(9) r(6,13) a(5,5) r(4,13) a(2,15) a(3,5) d(5)", "fitness": 0.0}
{"generation": 10, "position": 0, "parents": [37], "genome": "d(9) r(6,10) a(14,8) a(4,2) r(5,1) a(2,4) r(1,10) d(14) r(12,1) d(3)", "fitness": 0.0}
{"generation": 10, "position": 1, "parents": [10], "genome": "d(9) r(6,13) a(3,15) r(3,15) a(1,16) r(12,1) d(1)", "fitness": 0.0}
{"generation": 10, "position": 2, "parents": [23], "genome": "d(9) a(4,4) r(12,10) d(6) d(5) a(8,15) r(3,8) r(8,7) a(2,6)", "fitness": 0.0}
{"generation": 10, "position": 3, "parents": [13], "genome": "d(9) r(6,13) a(5,5) r(4,7) r(3,5) d(1) d(8) r(2,14)", "fitness": 0.0}
{"generation": 10, "position": 4, "parents": [15, 35], "genome": "d(9) r(2,3) d(4) a(8,4) a(2,7) d(2) d(6) r(8,10) r(4,1) a(3,15) r(3,15) a(1,12) r(1,15) d(5)", "fitness": 0.0}
{"generation": 10, "position": 5, "parents": [15, 35], "genome": "d(9) r(6,10) d(3) r(6,5) r(1,10)", "fitness": 0.0}
{"generation": 10, "position": 6, "parents": [15], "genome": "d(9) r(2,3) d(4) d(3) r(6,5) a(1,6)", "fitness": 0.0}
{"generation": 10, "position": 7, "parents": [35], "genome": "d(9) r(6,10) a(8,4) a(2,7) d(2) d(6) r(8,10) r(4,1) a(3,15) r(3,15) a(1,12) r(1,15) r(5,7)", "fitness": 0.0}
{"generation": 10, "position": 8, "parents": [16, 42], "genome": "d(9) a(6,5) a(4,16) d(1) a(6,7) d(2) d(8) a(1,7) a(8,2) r(1,6) r(3,5) d(4) r(6,10)", "fitness": 0.0}
{"generation": 10, "position": 9, "parents": [16, 42], "genome": "d(9) a(6,7) d(6) r(1,7) a(5,8) d(12) a(6,6) d(5) d(2) d(6) d(8) a(3,2) a(4,10) r(5,13) a(4,13) d(3)", "fitness": 0.0}
{"generation": 10, "position": 10, "parents": [16], "genome": "d(9) a(6,5) a(4,16) d(1) a(6,7) d(2) d(6) d(8) a(3,2) a(4,10) r(5,13) a(4,13) r(3,4)", "fitness": 0.0}
{"generation": 10, "position": 11, "parents": [42], "genome": "d(9) a(6,7) d(6) r(1,7) a(5,8) d(12) a(6,6) d(5) d(2) d(8) a(1,7) a(8,2) r(1,6) r(3,5) d(4)", "fitness": 0.0}
{"generation": 10, "position": 12, "parents": [12], "genome": "d(9) r(6,13) a(5,5) r(4,7) r(3,5) d(1) d(5) a(2,12)", "fitness": 0.0}
{"generation": 10, "position": 13, "parents": [6], "genome": "r(9,12) d(14) r(6,1) a(1,16) r(1,12) d(8) a(6,8) a(10,13) d(10) a(6,16) r(2,13) r(5,14) d(3) r(4,2)", "fitness": 0.0}
{"generation": 10, "position": 14, "parents": [0, 40], "genome": "d(9) a(6,5) a(4,16) d(1) r(6,4) a(5,13)", "fitness": 0.0}
{"generation": 10, "position": 15, "parents": [0, 40], "genome": "d(4) a(6,8) d(6) a(9,6) d(9) d(12) r(14,16) a(4,8) r(2,8) r(8,12)", "fitness": 0.0}
{"generation": 10, "position": 16, "parents": [0], "genome": "d(9) a(6,5) a(4,16) d(1) r(6,4) r(14,16) a(4,8) r(2,8) d(5)", "fitness": 0.0}
{"generation": 10, "position": 17, "parents": [40], "genome": "d(4) a(6,8) d(6) a(9,6) d(9) d(12) d(5)", "fitness": 0.0}
{"generation": 10, "position": 18, "parents": [38], "genome": "d(9) r(6,1) d(8) a(1,7) d(6) r(4,10) r(2,15) d(5) a(3,1) r(3,14) a(1,3) d(1)", "fitness": 0.0}
{"generation": 10, "position": 19, "parents": [6], "genome": "r(9,12) d(14) r(6,1) a(1,16) r(1,12) d(8) a(6,8) a(10,13) d(10) a(6,16) r(2,13) r(5,14) d(3) r(4,2)", "fitness": 0.0}
{"generation": 10, "position": 20, "parents": [31], "genome": "d(9) r(6,10) a(14,8) a(4,2) r(5,1) a(2,4) a(12,13) d(3)", "fitness": 0.0}
{"generation": 10, "position": 21, "parents": [7], "genome": "d(9) r(6,13) a(5,5) r(4,7) r(3,5) d(1) r(8,13) a(5,7)", "fitness": 0.0}
{"generation": 10, "position": 22, "parents": [18, 7], "genome": "d(9) r(2,3) a(6,16) r(6,12) a(8,6) d(4) d(1) r(8,13) r(5,7)", "fitness": 0.0}
{"generation": 10, "position": 23, "parents": [18, 7], "genome": "d(9) r(6,13) a(5,5) r(4,7) r(3,5) a(14,16) r(14,7)", "fitness": 0.0}
{"generation": 10, "position": 24, "parents": [18], "genome": "d(9) r(2,3) a(6,16) r(6,12) a(8,6) d(4) a(14,16) d(1)", "fitness": 0.0}
{"generation": 10, "position": 25, "parents": [7], "genome": "d(9) r(6,13) a(5,5) r(4,7) r(3,5) d(1) r(8,13) r(5,10)", "fitness": 0.0}
{"generation": 10, "position": 26, "parents": [14, 14], "genome": "d(9) r(6,1) d(8) a(1,7) d(6) r(4,10) r(2,15) d(5) a(3,1) d(6) r(4,10) r(2,15) d(5) a(3,1) a(1,1) r(3,8) d(1)", "fitness": 0.0}
{"generation": 10, "position": 27, "parents": [14, 14], "genome": "d(9) r(6,1) d(8) a(1,7) a(1,1) r(3,8) r(2,10)", "fitness": 0.0}
{"generation": 10, "position": 28, "parents": [14], "genome": "d(9) r(6,1) d(8) a(1,7) d(6) r(4,10) r(2,15) d(5) a(3,1) a(1,1) r(3,8) d(1)", "fitness": 0.0}
{"generation": 10, "position": 29, "parents": [14], "genome": "d(9) r(6,1) d(8) a(1,7) d(6) r(4,10) r(2,15) d(5) a(3,1) a(1,1) r(3,8) d(1)", "fitness": 0.0}
{"generation": 10, "position": 30, "parents": [23], "genome": "d(9) a(4,4) r(12,10) d(6) d(5) a(8,15) r(3,8) r(8,7) d(1)", "fitness": 0.0}
{"generation": 10, "position": 31, "parents": [26], "genome": "d(9) a(6,5) a(4,16) r(6,8) r(2,13) d(4) r(8,16)", "fitness": 0.0}
{"generation": 10, "position": 32, "parents": [29], "genome": "d(9) d(8) a(1,7) d(6) r(4,10) r(5,2) a(4,16) d(1) r(3,14) a(2,8) r(2,13)", "fitness": 0.0}
{"generation": 10, "position": 33, "parents": [0], "genome": "d(9) a(6,5) a(4,16) d(1) r(6,4) r(14,16) a(4,8) r(2,8) a(12,6)", "fitness": 0.0}
{"generation": 10, "position": 34, "parents": [34], "genome": "d(9) a(6,5) a(4,16) d(1) r(6,4) r(14,16) a(4,8) r(8,16) a(4,13)", "fitness": 0.0}
{"generation": 10, "position": 35, "parents": [36], "genome": "d(9) d(4) a(6,10) r(6,5) d(8)", "fitness": 0.0}
{"generation": 10, "position": 36, "parents": [37, 18], "genome": "d(9) r(6,10) a(14,8) a(4,2) a(14,1)", "fitness": 0.0}
{"generation": 10, "position": 37, "parents": [37, 18], "genome": "d(9) r(2,3) a(6,16) r(6,12) a(8,6) d(4) a(14,16) r(5,1) a(2,4) r(1,10) d(14) r(12,1) a(3,8)", "fitness": 0.0}
{"generation": 10, "position": 38, "parents": [37], "genome": "d(9) r(6,10) a(14,8) a(4,2) r(5,1) a(2,4) r(1,10) d(14) r(12,1) r(4,3)", "fitness": 0.0}
{"generation": 10, "position": 39, "parents": [18], "genome": "d(9) r(2,3) a(6,16) r(6,12) a(8,6) d(4) a(14,16) d(12)", "fitness": 0.0}
{"generation": 10, "position": 40, "parents": [4, 23], "genome": "d(9) a(6,6) d(5) d(2) d(8) a(1,7) a(8,2) r(1,6) r(3,5) r(4,12) d(6) d(5) a(8,15) r(3,8) r(8,7)", "fitness": 0.0}
{"generation": 10, "position": 41, "parents": [4, 23], "genome": "d(9) a(4,4) r(12,10) r(6,8)", "fitness": 0.0}
{"generation": 10, "position": 42, "parents": [4], "genome": "d(9) a(6,6) d(5) d(2) d(8) a(1,7) a(8,2) r(1,6) r(3,5) r(4,12)", "fitness": 0.0}
{"generation": 10, "position": 43, "parents": [23], "genome": "d(9) a(4,4) r(12,10) d(6) d(5) a(8,15) r(3,8) r(8,7) r(2,13)", "fitness": 0.0}
{"generation": 10, "position": 44, "parents": [25, 5], "genome": "d(9) r(1,15) a(6,5)", "fitness": 0.0}
{"generation": 10, "position": 45, "parents": [25, 5], "genome": "d(9) d(8) a(1,7) d(6) a(5,3) a(4,4) r(12,10) d(6) a(8,16) r(4,16) d(5)", "fitness": 0.0}
{"generation": 10, "position": 46, "parents": [25], "genome": "d(9) a(4,4) r(12,10) d(6) a(8,16) r(4,16) r(8,16)", "fitness": 0.0}
{"generation": 10, "position": 47, "parents": [5], "genome": "d(9) d(8) a(1,7) d(6) a(5,3) r(1,15) a(5,16)", "fitness": 0.0}
{"generation": 10, "position": 48, "parents": [35, 32], "genome": "d(9) r(6,10) a(8,4) a(2,7) d(2) d(6) r(8,10) r(4,1) r(3,10)", "fitness": 0.0}
{"generation": 10, "position": 49, "parents": [35, 32], "genome": "d(9) a(6,16) r(6,12) a(8,6) a(4,3) r(1,3) a(3,15) r(3,15) a(1,12) r(1,15) d(12)", "fitness": 0.0}
{"generation": 10, "position": 50, "parents": [35], "genome": "d(9) r(6,10) a(8,4) a(2,7) d(2) d(6) r(8,10) r(4,1) a(3,15) r(3,15) a(1,12) r(1,15) a(5,15)", "fitness": 0.0}
{"generation": 10, "position": 51, "parents": [32], "genome": "d(9) a(6,16) r(6,12) a(8,6) a(4,3) r(1,3) a(2,16)", "fitness": 0.0}
{"generation": 10, "position": 52, "parents": [12, 38], "genome": "d(9) r(6,13) a(5,5) r(4,7) d(5) a(3,1) r(3,14) a(1,3) a(14,3)", "fitness": 0.0}
{"generation": 10, "position": 53, "parents": [12, 38], "genome": "d(9) r(6,1) d(8) a(1,7) d(6) r(4,10) r(2,15) r(3,5) d(1) d(5)", "fitness": 0.0}
{"generation": 10, "position": 54, "parents": [12], "genome": "d(9) r(6,13) a(5,5) r(4,7) r(3,5) d(1) d(5) a(2,2)", "fitness": 0.0}
{"generation": 10, "position": 55, "parents": [38], "genome": "d(9) r(6,1) d(8) a(1,7) d(6) r(4,10) r(2,15) d(5) a(3,1) r(3,14) a(1,3) a(1,6)", "fitness": 0.0}
{"generation": 10, "position": 56, "parents": [4], "genome": "d(9) a(6,6) d(5) d(2) d(8) a(1,7) a(8,2) r(1,6) r(3,5) r(4,12)", "fitness": 0.0}
{"generation": 10, "position": 57, "parents": [22], "genome": "d(9) r(6,13) a(5,5) r(4,13) a(2,15) a(3,5) a(2,12) a(8,8)", "fitness": 0.0}
{"generation": 10, "position": 58, "parents": [33], "genome": "d(9) r(6,10) a(14,8) a(4,2) r(5,1) a(2,4) a(2,8) d(3) r(2,16) r(4,6)", "fitness": 0.0}