[meta]
{"program": "genprog-3.0", "problem": {"ideal_fitness": "30", "type": "repair", "name": "gcd", "enclosure": {"1": 0, "2": 0, "3": 0, "4": 0, "5": 0, "6": 5, "7": 5, "8": 0, "9": 8, "10": 9, "12": 8, "13": 12, "14": 12, "15": 0, "16": 0}}, "version": "0.0.2", "seed": 5, "algorithm": {"representation": "patch", "type": "genetic", "name": "ALGORITHM-NAME"}}

[data]
{"generation": 0, "position": 0, "parents": [], "genome": "d(6)", "fitness": 10.0}
{"generation": 0, "position": 1, "parents": [], "genome": "d(2)", "fitness": 0.0}
{"generation": 0, "position": 2, "parents": [], "genome": "a(6,12)", "fitness": 10.0}
{"generation": 0, "position": 3, "parents": [], "genome": "a(3,16)", "fitness": 0.0}
{"generation": 0, "position": 4, "parents": [], "genome": "a(6,14)", "fitness": 10.0}
{"generation": 0, "position": 5, "parents": [], "genome": "r(4,5)", "fitness": 0.0}
{"generation": 0, "position": 6, "parents": [], "genome": "d(8)", "fitness": 0.0}
{"generation": 0, "position": 7, "parents": [], "genome": "r(6,4)", "fitness": 10.0}
{"generation": 0, "position": 8, "parents": [], "genome": "r(6,14)", "fitness": 10.0}
{"generation": 0, "position": 9, "parents": [], "genome": "d(6)", "fitness": 10.0}
{"generation": 0, "position": 10, "parents": [], "genome": "a(6,16)", "fitness": 30.0}
{"generation": 0, "position": 11, "parents": [], "genome": "d(6)", "fitness": 10.0}
{"generation": 0, "position": 12, "parents": [], "genome": "a(6,8)", "fitness": 10.0}
{"generation": 0, "position": 13, "parents": [], "genome": "r(6,16)", "fitness": 10.0}
{"generation": 0, "position": 14, "parents": [], "genome": "d(5)", "fitness": 10.0}
{"generation": 0, "position": 15, "parents": [], "genome": "r(6,4)", "fitness": 10.0}
{"generation": 0, "position": 16, "parents": [], "genome": "r(6,1)", "fitness": 10.0}
{"generation": 0, "position": 17, "parents": [], "genome": "r(6,10)", "fitness": 10.0}
{"generation": 0, "position": 18, "parents": [], "genome": "r(3,5)", "fitness": 0.0}
{"generation": 0, "position": 19, "parents": [], "genome": "r(6,1)", "fitness": 10.0}
{"generation": 0, "position": 20, "parents": [], "genome": "a(14,3)", "fitness": 10.0}
{"generation": 0, "position": 21, "parents": [], "genome": "a(6,2)", "fitness": 10.0}
{"generation": 0, "position": 22, "parents": [], "genome": "r(6,4)", "fitness": 10.0}
{"generation": 0, "position": 23, "parents": [], "genome": "r(6,8)", "fitness": 10.0}
{"generation": 0, "position": 24, "parents": [], "genome": "a(6,6)", "fitness": 10.0}
{"generation": 0, "position": 25, "parents": [], "genome": "a(1,13)", "fitness": 10.0}
{"generation": 0, "position": 26, "parents": [], "genome": "a(6,10)", "fitness": 10.0}
{"generation": 0, "position": 27, "parents": [], "genome": "a(6,2)", "fitness": 10.0}
{"generation": 0, "position": 28, "parents": [], "genome": "r(14,8)", "fitness": 10.0}
{"generation": 0, "position": 29, "parents": [], "genome": "d(14)", "fitness": 0.0}
{"generation": 0, "position": 30, "parents": [], "genome": "r(6,1)", "fitness": 10.0}
{"generation": 0, "position": 31, "parents": [], "genome": "d(6)", "fitness": 10.0}
{"generation": 0, "position": 32, "parents": [], "genome": "d(6)", "fitness": 10.0}
{"generation": 0, "position": 33, "parents": [], "genome": "d(6)", "fitness": 10.0}
{"generation": 0, "position": 34, "parents": [], "genome": "r(10,5)", "fitness": 10.0}
{"generation": 0, "position": 35, "parents": [], "genome": "a(10,15)", "fitness": 0.0}
{"generation": 0, "position": 36, "parents": [], "genome": "r(6,14)", "fitness": 10.0}
{"generation": 0, "position": 37, "parents": [], "genome": "a(6,15)", "fitness": 10.0}
{"generation": 0, "position": 38, "parents": [], "genome": "d(6)", "fitness": 10.0}
{"generation": 0, "position": 39, "parents": [], "genome": "original", "fitness": 10.0}
{"generation": 1, "position": 0, "parents": [31, 23], "genome": "d(6) a(3,10)", "fitness": 10.0}
{"generation": 1, "position": 1, "parents": [31, 23], "genome": "r(6,8) r(3,6)", "fitness": 0.0}
{"generation": 1, "position": 2, "parents": [31], "genome": "d(6) a(4,15)", "fitness": 0.0}
{"generation": 1, "position": 3, "parents": [23], "genome": "r(6,8) a(5,6)", "fitness": 0.0}
{"generation": 1, "position": 4, "parents": [26], "genome": "a(6,10) d(14)", "fitness": 0.0}
{"generation": 1, "position": 5, "parents": [1], "genome": "d(2) d(6)", "fitness": 0.0}
{"generation": 1, "position": 6, "parents": [3], "genome": "a(3,16) a(6,13)", "fitness": 0.0}
{"generation": 1, "position": 7, "parents": [25], "genome": "a(1,13) r(12,1)", "fitness": 0.0}
{"generation": 1, "position": 8, "parents": [29], "genome": "d(14) d(6)", "fitness": 0.0}
{"generation": 1, "position": 9, "parents": [21], "genome": "a(6,2) d(9)", "fitness": 0.0}
{"generation": 1, "position": 10, "parents": [2, 20], "genome": "a(6,12) d(10)", "fitness": 10.0}
{"generation": 1, "position": 11, "parents": [2, 20], "genome": "a(14,3) a(6,10)", "fitness": 10.0}
{"generation": 1, "position": 12, "parents": [2], "genome": "a(6,12) d(6)", "fitness": 10.0}
{"generation": 1, "position": 13, "parents": [20], "genome": "a(14,3) r(6,4)", "fitness": 10.0}
{"generation": 1, "position": 14, "parents": [39, 4], "genome": "d(6)", "fitness": 10.0}
{"generation": 1, "position": 15, "parents": [39, 4], "genome": "a(6,14) d(6)", "fitness": 10.0}
{"generation": 1, "position": 16, "parents": [39], "genome": "a(6,4)", "fitness": 10.0}
{"generation": 1, "position": 17, "parents": [4], "genome": "a(6,14) a(5,16)", "fitness": 20.0}
{"generation": 1, "position": 18, "parents": [20, 23], "genome": "a(14,3) d(3)", "fitness": 0.0}
{"generation": 1, "position": 19, "parents": [20, 23], "genome": "r(6,8) a(8,6)", "fitness": 0.0}
{"generation": 1, "position": 20, "parents": [20], "genome": "a(14,3) d(6)", "fitness": 10.0}
{"generation": 1, "position": 21, "parents": [23], "genome": "r(6,8) r(5,4)", "fitness": 10.0}
{"generation": 1, "position": 22, "parents": [5], "genome": "r(4,5) a(6,12)", "fitness": 0.0}
{"generation": 1, "position": 23, "parents": [21], "genome": "a(6,2) r(5,2)", "fitness": 10.0}
{"generation": 1, "position": 24, "parents": [6, 12], "genome": "d(8) a(6,13)", "fitness": 0.0}
{"generation": 1, "position": 25, "parents": [6, 12], "genome": "a(6,8) d(6)", "fitness": 10.0}
{"generation": 1, "position": 26, "parents": [6], "genome": "d(8) r(6,5)", "fitness": 0.0}
{"generation": 1, "position": 27, "parents": [12], "genome": "a(6,8) d(6)", "fitness": 10.0}
{"generation": 1, "position": 28, "parents": [30], "genome": "r(6,1) a(5,5)", "fitness": 10.0}
{"generation": 1, "position": 29, "parents": [3], "genome": "a(3,16) d(9)", "fitness": 0.0}
{"generation": 1, "position": 30, "parents": [38], "genome": "d(6) a(4,8)", "fitness": 10.0}
{"generation": 1, "position": 31, "parents": [5], "genome": "r(4,5) r(3,6)", "fitness": 0.0}
{"generation": 1, "position": 32, "parents": [2], "genome": "a(6,12) a(4,8)", "fitness": 10.0}
{"generation": 1, "position": 33, "parents": [39], "genome": "r(5,16)", "fitness": 0.0}
{"generation": 1, "position": 34, "parents": [6], "genome": "d(8) r(3,2)", "fitness": 0.0}
{"generation": 1, "position": 35, "parents": [25], "genome": "a(1,13) a(5,4)", "fitness": 10.0}
{"generation": 1, "position": 36, "parents": [23], "genome": "r(6,8) d(12)", "fitness": 0.0}
{"generation": 1, "position": 37, "parents": [1], "genome": "d(2) a(1,7)", "fitness": 0.0}
{"generation": 1, "position": 38, "parents": [18], "genome": "r(3,5) d(1)", "fitness": 0.0}
{"generation": 1, "position": 39, "parents": [26], "genome": "a(6,10) a(12,15)", "fitness": 0.0}
{"generation": 1, "position": 40, "parents": [21, 3], "genome": "a(6,2) d(6)", "fitness": 10.0}
{"generation": 1, "position": 41, "parents": [21, 3], "genome": "a(3,16) d(6)", "fitness": 0.0}
{"generation": 1, "position": 42, "parents": [21], "genome": "a(6,2) d(1)", "fitness": 4.0}
{"generation": 1, "position": 43, "parents": [3], "genome": "a(3,16) r(14,15)", "fitness": 0.0}
{"generation": 1, "position": 44, "parents": [18, 5], "genome": "r(3,5) r(10,13)", "fitness": 0.0}
{"generation": 1, "position": 45, "parents": [18, 5], "genome": "r(4,5) d(9)", "fitness": 0.0}
{"generation": 1, "position": 46, "parents": [18], "genome": "r(3,5) r(9,6)", "fitness": 0.0}
{"generation": 1, "position": 47, "parents": [5], "genome": "r(4,5) d(6)", "fitness": 0.0}
{"generation": 1, "position": 48, "parents": [30, 12], "genome": "r(6,1) d(8)", "fitness": 0.0}
{"generation": 1, "position": 49, "parents": [30, 12], "genome": "a(6,8) a(6,10)", "fitness": 10.0}
{"generation": 1, "position": 50, "parents": [30], "genome": "r(6,1) d(2)", "fitness": 0.0}
{"generation": 1, "position": 51, "parents": [12], "genome": "a(6,8) r(6,1)", "fitness": 10.0}
{"generation": 1, "position": 52, "parents": [29], "genome": "d(14) r(6,3)", "fitness": 0.0}
{"generation": 1, "position": 53, "parents": [9], "genome": "d(6) d(14)", "fitness": 0.0}
{"generation": 1, "position": 54, "parents": [4], "genome": "a(6,14) a(6,2)", "fitness": 10.0}
{"generation": 2, "position": 0, "parents": [1], "genome": "r(6,8) r(3,6) r(4,13)", "fitness": 0.0}
{"generation": 2, "position": 1, "parents": [43], "genome": "a(3,16) r(14,15) a(6,5)", "fitness": 0.0}
{"generation": 2, "position": 2, "parents": [4, 8], "genome": "a(6,10) d(14) d(6) r(8,7)", "fitness": 0.0}
{"generation": 2, "position": 3, "parents": [4, 8], "genome": "d(14) r(6,12)", "fitness": 0.0}
{"generation": 2, "position": 4, "parents": [4], "genome": "a(6,10) d(14) a(5,13)", "fitness": 0.0}
{"generation": 2, "position": 5, "parents": [8], "genome": "d(14) d(6) d(10)", "fitness": 0.0}
{"generation": 2, "position": 6, "parents": [33, 6], "genome": "r(5,16) a(6,13) d(4)", "fitness": 0.0}
{"generation": 2, "position": 7, "parents": [33, 6], "genome": "a(3,16) r(14,3)", "fitness": 0.0}
{"generation": 2, "position": 8, "parents": [33], "genome": "r(5,16) r(1,15)", "fitness": 0.0}
{"generation": 2, "position": 9, "parents": [6], "genome": "a(3,16) a(6,13) a(8,4)", "fitness": 0.0}
{"generation": 2, "position": 10, "parents": [50], "genome": "r(6,1) d(2) r(5,8)", "fitness": 0.0}
{"generation": 2, "position": 11, "parents": [38], "genome": "r(3,5) d(1) a(12,3)", "fitness": 0.0}
{"generation": 2, "position": 12, "parents": [20, 45], "genome": "a(14,3) d(9) d(6)", "fitness": 0.0}
{"generation": 2, "position": 13, "parents": [20, 45], "genome": "r(4,5) d(6) r(14,16)", "fitness": 0.0}
{"generation": 2, "position": 14, "parents": [20], "genome": "a(14,3) d(6) r(2,5)", "fitness": 0.0}
{"generation": 2, "position": 15, "parents": [45], "genome": "r(4,5) d(9) a(6,6)", "fitness": 0.0}
{"generation": 2, "position": 16, "parents": [14, 39], "genome": "d(6) d(8)", "fitness": 0.0}
{"generation": 2, "position": 17, "parents": [14, 39], "genome": "a(6,10) a(12,15) a(3,6)", "fitness": 0.0}
{"generation": 2, "position": 18, "parents": [14], "genome": "d(6) a(4,2)", "fitness": 10.0}
{"generation": 2, "position": 19, "parents": [39], "genome": "a(6,10) a(12,15) d(6)", "fitness": 0.0}
{"generation": 2, "position": 20, "parents": [1, 2], "genome": "r(6,8) a(4,15) r(9,16)", "fitness": 0.0}
{"generation": 2, "position": 21, "parents": [1, 2], "genome": "d(6) r(3,6) d(9)", "fitness": 0.0}
{"generation": 2, "position": 22, "parents": [1], "genome": "r(6,8) r(3,6) r(10,7)", "fitness": 0.0}
{"generation": 2, "position": 23, "parents": [2], "genome": "d(6) a(4,15) r(2,13)", "fitness": 0.0}
{"generation": 2, "position": 24, "parents": [3, 5], "genome": "r(6,8) a(5,6) d(6) r(14,8)", "fitness": 0.0}
{"generation": 2, "position": 25, "parents": [3, 5], "genome": "d(2) r(6,12)", "fitness": 0.0}
{"generation": 2, "position": 26, "parents": [3], "genome": "r(6,8) a(5,6) a(2,2)", "fitness": 0.0}
{"generation": 2, "position": 27, "parents": [5], "genome": "d(2) d(6) d(4)", "fitness": 0.0}
{"generation": 2, "position": 28, "parents": [50, 5], "genome": "r(6,1) r(12,2)", "fitness": 0.0}
{"generation": 2, "position": 29, "parents": [50, 5], "genome": "d(2) d(6) d(2) a(10,8)", "fitness": 0.0}
{"generation": 2, "position": 30, "parents": [50], "genome": "r(6,1) d(2) r(3,10)", "fitness": 0.0}
{"generation": 2, "position": 31, "parents": [5], "genome": "d(2) d(6) a(12,1)", "fitness": 0.0}
{"generation": 2, "position": 32, "parents": [24], "genome": "d(8) a(6,13) a(6,16)", "fitness": 20.0}
{"generation": 2, "position": 33, "parents": [46], "genome": "r(3,5) r(9,6) a(4,4)", "fitness": 0.0}
{"generation": 2, "position": 34, "parents": [3], "genome": "r(6,8) a(5,6) r(5,6)", "fitness": 0.0}
{"generation": 2, "position": 35, "parents": [33], "genome": "r(5,16) d(1)", "fitness": 0.0}
{"generation": 2, "position": 36, "parents": [45, 48], "genome": "r(4,5) d(9) d(8) d(6)", "fitness": 0.0}
{"generation": 2, "position": 37, "parents": [45, 48], "genome": "r(6,1) r(2,13)", "fitness": 0.0}
{"generation": 2, "position": 38, "parents": [45], "genome": "r(4,5) d(9) d(2)", "fitness": 0.0}
{"generation": 2, "position": 39, "parents": [48], "genome": "r(6,1) d(8) a(5,7)", "fitness": 0.0}
{"generation": 2, "position": 40, "parents": [10], "genome": "a(6,12) d(10) a(3,2)", "fitness": 10.0}
{"generation": 2, "position": 41, "parents": [9], "genome": "a(6,2) d(9) d(6)", "fitness": 0.0}
{"generation": 2, "position": 42, "parents": [29, 52], "genome": "a(3,16) d(9) r(6,3) d(14)", "fitness": 0.0}
{"generation": 2, "position": 43, "parents": [29, 52], "genome": "d(14) d(10)", "fitness": 0.0}
{"generation": 2, "position": 44, "parents": [29], "genome": "a(3,16) d(9) d(6)", "fitness": 0.0}
{"generation": 2, "position": 45, "parents": [52], "genome": "d(14) r(6,3) a(8,4)", "fitness": 0.0}
{"generation": 2, "position": 46, "parents": [1, 22], "genome": "r(6,8) r(3,6) d(8)", "fitness": 0.0}
{"generation": 2, "position": 47, "parents": [1, 22], "genome": "r(4,5) a(6,12) r(6,10)", "fitness": 0.0}
{"generation": 2, "position": 48, "parents": [1], "genome": "r(6,8) r(3,6) d(1)", "fitness": 0.0}
{"generation": 2, "position": 49, "parents": [22], "genome": "r(4,5) a(6,12) d(8)", "fitness": 0.0}
{"generation": 2, "position": 50, "parents": [28], "genome": "r(6,1) a(5,5) d(8)", "fitness": 0.0}
{"generation": 2, "position": 51, "parents": [45], "genome": "r(4,5) d(9) d(5)", "fitness": 0.0}
{"generation": 2, "position": 52, "parents": [22], "genome": "r(4,5) a(6,12) d(3)", "fitness": 0.0}
{"generation": 2, "position": 53, "parents": [29], "genome": "a(3,16) d(9) a(6,8)", "fitness": 0.0}
{"generation": 2, "position": 54, "parents": [47], "genome": "r(4,5) d(6) r(12,6)", "fitness": 0.0}
{"generation": 2, "position": 55, "parents": [41], "genome": "a(3,16) d(6) d(4)", "fitness": 0.0}
{"generation": 2, "position": 56, "parents": [53], "genome": "d(6) d(14) d(4)", "fitness": 0.0}
{"generation": 2, "position": 57, "parents": [29], "genome": "a(3,16) d(9) a(8,10)", "fitness": 0.0}
{"generation": 2, "position": 58, "parents": [6], "genome": "a(3,16) a(6,13) r(6,2)", "fitness": 0.0}
{"generation": 3, "position": 0, "parents": [6], "genome": "r(5,16) a(6,13) d(4) d(12)", "fitness": 0.0}
{"generation": 3, "position": 1, "parents": [59], "genome": "r(6,8) a(8,6) d(10) r(2,8)", "fitness": 0.0}
{"generation": 3, "position": 2, "parents": [31], "genome": "d(2) d(6) a(12,1) r(1,16)", "fitness": 0.0}
{"generation": 3, "position": 3, "parents": [21], "genome": "d(6) r(3,6) d(9) d(12)", "fitness": 0.0}
{"generation": 3, "position": 4, "parents": [24, 52], "genome": "r(6,8) a(5,6) d(6) a(9,3)", "fitness": 0.0}
{"generation": 3, "position": 5, "parents": [24, 52], "genome": "r(4,5) a(6,12) d(3) r(14,8) d(6)", "fitness": 0.0}
{"generation": 3, "position": 6, "parents": [24], "genome": "r(6,8) a(5,6) d(6) r(14,8) r(8,13)", "fitness": 0.0}
{"generation": 3, "position": 7, "parents": [52], "genome": "r(4,5) a(6,12) d(3) r(5,13)", "fitness": 0.0}
{"generation": 3, "position": 8, "parents": [21, 45], "genome": "d(6) r(3,6) r(14,5)", "fitness": 0.0}
{"generation": 3, "position": 9, "parents": [21, 45], "genome": "d(14) r(6,3) a(8,4) d(9) a(3,6)", "fitness": 0.0}
{"generation": 3, "position": 10, "parents": [21], "genome": "d(6) r(3,6) d(9) d(8)", "fitness": 0.0}
{"generation": 3, "position": 11, "parents": [45], "genome": "d(14) r(6,3) a(8,4) r(2,14)", "fitness": 0.0}
{"generation": 3, "position": 12, "parents": [54], "genome": "r(4,5) d(6) r(12,6) r(5,7)", "fitness": 0.0}
{"generation": 3, "position": 13, "parents": [27], "genome": "d(2) d(6) d(4) r(8,6)", "fitness": 0.0}
{"generation": 3, "position": 14, "parents": [14, 12], "genome": "a(14,3) d(6) r(2,5) a(1,2)", "fitness": 10.0}
{"generation": 3, "position": 15, "parents": [14, 12], "genome": "a(14,3) d(9) d(6) d(3)", "fitness": 0.0}
{"generation": 3, "position": 16, "parents": [14], "genome": "a(14,3) d(6) r(2,5) d(4)", "fitness": 0.0}
{"generation": 3, "position": 17, "parents": [12], "genome": "a(14,3) d(9) d(6) r(4,6)", "fitness": 0.0}
{"generation": 3, "position": 18, "parents": [0], "genome": "r(6,8) r(3,6) r(4,13) r(1,7)", "fitness": 0.0}
{"generation": 3, "position": 19, "parents": [56], "genome": "d(6) d(14) d(4) r(1,2)", "fitness": 0.0}
{"generation": 3, "position": 20, "parents": [19], "genome": "a(6,10) a(12,15) d(6) r(4,7)", "fitness": 0.0}
{"generation": 3, "position": 21, "parents": [29], "genome": "d(2) d(6) d(2) a(10,8) d(14)", "fitness": 0.0}
{"generation": 3, "position": 22, "parents": [8, 39], "genome": "r(5,16) r(1,15) d(4)", "fitness": 0.0}
{"generation": 3, "position": 23, "parents": [8, 39], "genome": "r(6,1) d(8) a(5,7) d(4)", "fitness": 0.0}
{"generation": 3, "position": 24, "parents": [8], "genome": "r(5,16) r(1,15) a(12,14)", "fitness": 0.0}
{"generation": 3, "position": 25, "parents": [39], "genome": "r(6,1) d(8) a(5,7) a(3,3)", "fitness": 0.0}
{"generation": 3, "position": 26, "parents": [57], "genome": "a(3,16) d(9) a(8,10) a(4,4)", "fitness": 0.0}
{"generation": 3, "position": 27, "parents": [35], "genome": "r(5,16) d(1) a(8,2)", "fitness": 0.0}
{"generation": 3, "position": 28, "parents": [30], "genome": "r(6,1) d(2) r(3,10) r(12,13)", "fitness": 0.0}
{"generation": 3, "position": 29, "parents": [37], "genome": "r(6,1) r(2,13) d(5)", "fitness": 0.0}
{"generation": 3, "position": 30, "parents": [55, 12], "genome": "a(3,16) d(6) d(4) d(6) a(2,6)", "fitness": 0.0}
{"generation": 3, "position": 31, "parents": [55, 12], "genome": "a(14,3) d(9) r(6,14)", "fitness": 0.0}
{"generation": 3, "position": 32, "parents": [55], "genome": "a(3,16) d(6) d(4) a(12,13)", "fitness": 0.0}
{"generation": 3, "position": 33, "parents": [12], "genome": "a(14,3) d(9) d(6) r(8,10)", "fitness": 0.0}
{"generation": 3, "position": 34, "parents": [22], "genome": "r(6,8) r(3,6) r(10,7) d(5)", "fitness": 0.0}
{"generation": 3, "position": 35, "parents": [47], "genome": "r(4,5) a(6,12) r(6,10) d(3)", "fitness": 0.0}
{"generation": 3, "position": 36, "parents": [29], "genome": "d(2) d(6) d(2) a(10,8) r(5,6)", "fitness": 0.0}
{"generation": 3, "position": 37, "parents": [44], "genome": "a(3,16) d(9) d(6) d(3)", "fitness": 0.0}
{"generation": 3, "position": 38, "parents": [5, 33], "genome": "d(14) d(6) d(10) d(1)", "fitness": 0.0}
{"generation": 3, "position": 39, "parents": [5, 33], "genome": "r(3,5) r(9,6) a(4,4) r(4,2)", "fitness": 0.0}
{"generation": 3, "position": 40, "parents": [5], "genome": "d(14) d(6) d(10) a(8,3)", "fitness": 0.0}
{"generation": 3, "position": 41, "parents": [33], "genome": "r(3,5) r(9,6) a(4,4) r(6,7)", "fitness": 0.0}
{"generation": 3, "position": 42, "parents": [41, 27], "genome": "a(6,2) a(8,7)", "fitness": 10.0}
{"generation": 3, "position": 43, "parents": [41, 27], "genome": "d(2) d(6) d(4) d(9) d(6) a(1,4)", "fitness": 0.0}
{"generation": 3, "position": 44, "parents": [41], "genome": "a(6,2) d(9) d(6) r(12,14)", "fitness": 0.0}
{"generation": 3, "position": 45, "parents": [27], "genome": "d(2) d(6) d(4) a(3,8)", "fitness": 0.0}
{"generation": 3, "position": 46, "parents": [54], "genome": "r(4,5) d(6) r(12,6) d(5)", "fitness": 0.0}
{"generation": 3, "position": 47, "parents": [57], "genome": "a(3,16) d(9) a(8,10) a(2,10)", "fitness": 0.0}
{"generation": 3, "position": 48, "parents": [33, 28], "genome": "r(3,5) r(12,2) r(4,7)", "fitness": 0.0}
{"generation": 3, "position": 49, "parents": [33, 28], "genome": "r(6,1) r(9,6) a(4,4) a(12,4)", "fitness": 0.0}
{"generation": 3, "position": 50, "parents": [33], "genome": "r(3,5) r(9,6) a(4,4) r(6,3)", "fitness": 0.0}
{"generation": 3, "position": 51, "parents": [28], "genome": "r(6,1) r(12,2) r(2,16)", "fitness": 0.0}
{"generation": 3, "position": 52, "parents": [17], "genome": "a(6,10) a(12,15) a(3,6) a(12,16)", "fitness": 0.0}
{"generation": 3, "position": 53, "parents": [28], "genome": "r(6,1) r(12,2) a(5,15)", "fitness": 0.0}
{"generation": 3, "position": 54, "parents": [10, 16], "genome": "r(6,1) d(2) a(4,5)", "fitness": 0.0}
{"generation": 3, "position": 55, "parents": [10, 16], "genome": "d(6) d(8) r(5,8) r(3,16)", "fitness": 0.0}
{"generation": 3, "position": 56, "parents": [10], "genome": "r(6,1) d(2) r(5,8) r(1,4)", "fitness": 0.0}
{"generation": 4, "position": 0, "parents": [0, 47], "genome": "r(5,16) a(6,13) d(4) d(12) d(9)", "fitness": 0.0}
{"generation": 4, "position": 1, "parents": [0, 47], "genome": "a(3,16) d(9) a(8,10) a(2,10) r(14,6)", "fitness": 0.0}
{"generation": 4, "position": 2, "parents": [0], "genome": "r(5,16) a(6,13) d(4) d(12) a(1,7)", "fitness": 0.0}
{"generation": 4, "position": 3, "parents": [47], "genome": "a(3,16) d(9) a(8,10) a(2,10) r(6,2)", "fitness": 0.0}
{"generation": 4, "position": 4, "parents": [24], "genome": "r(5,16) r(1,15) a(12,14) a(10,6)", "fitness": 0.0}
{"generation": 4, "position": 5, "parents": [36], "genome": "d(2) d(6) d(2) a(10,8) r(5,6) a(9,16)", "fitness": 0.0}
{"generation": 4, "position": 6, "parents": [37], "genome": "a(3,16) d(9) d(6) d(3) d(4)", "fitness": 0.0}
{"generation": 4, "position": 7, "parents": [49], "genome": "r(6,1) r(9,6) a(4,4) a(12,4) r(14,12)", "fitness": 0.0}
{"generation": 4, "position": 8, "parents": [39], "genome": "r(3,5) r(9,6) a(4,4) r(4,2) d(12)", "fitness": 0.0}
{"generation": 4, "position": 9, "parents": [48], "genome": "r(3,5) r(12,2) r(4,7) d(6)", "fitness": 0.0}
{"generation": 4, "position": 10, "parents": [43, 11], "genome": "d(2) d(6) d(4) d(9) d(6) a(1,4) a(8,4) r(2,14) r(12,13)", "fitness": 0.0}
{"generation": 4, "position": 11, "parents": [43, 11], "genome": "d(14) r(6,3) r(12,8)", "fitness": 10.0}
{"generation": 4, "position": 12, "parents": [43], "genome": "d(2) d(6) d(4) d(9) d(6) a(1,4) r(1,4)", "fitness": 0.0}
{"generation": 4, "position": 13, "parents": [11], "genome": "d(14) r(6,3) a(8,4) r(2,14) r(8,10)", "fitness": 0.0}
{"generation": 4, "position": 14, "parents": [8, 8], "genome": "d(6) r(3,6) r(14,5) a(2,16)", "fitness": 0.0}
{"generation": 4, "position": 15, "parents": [8, 8], "genome": "d(6) r(3,6) r(14,5) a(4,3)", "fitness": 0.0}
{"generation": 4, "position": 16, "parents": [8], "genome": "d(6) r(3,6) r(14,5) a(9,16)", "fitness": 0.0}
{"generation": 4, "position": 17, "parents": [8], "genome": "d(6) r(3,6) r(14,5) r(10,5)", "fitness": 0.0}
{"generation": 4, "position": 18, "parents": [39, 18], "genome": "r(3,5) r(9,6) r(3,6) r(4,13) r(1,7) r(6,14)", "fitness": 0.0}
{"generation": 4, "position": 19, "parents": [39, 18], "genome": "r(6,8) a(4,4) r(4,2) r(5,2)", "fitness": 10.0}
{"generation": 4, "position": 20, "parents": [39], "genome": "r(3,5) r(9,6) a(4,4) r(4,2) a(6,8)", "fitness": 0.0}
{"generation": 4, "position": 21, "parents": [18], "genome": "r(6,8) r(3,6) r(4,13) r(1,7) a(12,2)", "fitness": 0.0}
{"generation": 4, "position": 22, "parents": [26, 13], "genome": "a(3,16) d(9) a(8,10) a(4,4) d(6) d(4) r(8,6) r(2,3)", "fitness": 0.0}
{"generation": 4, "position": 23, "parents": [26, 13], "genome": "d(2) r(5,15)", "fitness": 0.0}
{"generation": 4, "position": 24, "parents": [26], "genome": "a(3,16) d(9) a(8,10) a(4,4) r(6,5)", "fitness": 0.0}
{"generation": 4, "position": 25, "parents": [13], "genome": "d(2) d(6) d(4) r(8,6) r(3,4)", "fitness": 0.0}
{"generation": 4, "position": 26, "parents": [53, 34], "genome": "r(6,1) r(12,2) r(3,6) r(10,7) d(5) r(4,7)", "fitness": 0.0}
{"generation": 4, "position": 27, "parents": [53, 34], "genome": "r(6,8) a(5,15) a(10,4)", "fitness": 0.0}
{"generation": 4, "position": 28, "parents": [53], "genome": "r(6,1) r(12,2) a(5,15) r(5,15)", "fitness": 0.0}
{"generation": 4, "position": 29, "parents": [34], "genome": "r(6,8) r(3,6) r(10,7) d(5) a(1,4)", "fitness": 0.0}
{"generation": 4, "position": 30, "parents": [47], "genome": "a(3,16) d(9) a(8,10) a(2,10) d(12)", "fitness": 0.0}
{"generation": 4, "position": 31, "parents": [19], "genome": "d(6) d(14) d(4) r(1,2) a(3,6)", "fitness": 0.0}
{"generation": 4, "position": 32, "parents": [32, 33], "genome": "a(3,16) d(6) d(4) d(9) d(6) r(8,10) d(2)", "fitness": 0.0}
{"generation": 4, "position": 33, "parents": [32, 33], "genome": "a(14,3) a(12,13) d(9)", "fitness": 0.0}
{"generation": 4, "position": 34, "parents": [32], "genome": "a(3,16) d(6) d(4) a(12,13) r(12,16)", "fitness": 0.0}
{"generation": 4, "position": 35, "parents": [33], "genome": "a(14,3) d(9) d(6) r(8,10) r(3,16)", "fitness": 0.0}
{"generation": 4, "position": 36, "parents": [25], "genome": "r(6,1) d(8) a(5,7) a(3,3) a(2,13)", "fitness": 0.0}
{"generation": 4, "position": 37, "parents": [53], "genome": "r(6,1) r(12,2) a(5,15) a(1,7)", "fitness": 0.0}
{"generation": 4, "position": 38, "parents": [45], "genome": "d(2) d(6) d(4) a(3,8) d(9)", "fitness": 0.0}
{"generation": 4, "position": 39, "parents": [6], "genome": "r(6,8) a(5,6) d(6) r(14,8) r(8,13) a(1,2)", "fitness": 0.0}
{"generation": 4, "position": 40, "parents": [10], "genome": "d(6) r(3,6) d(9) d(8) a(1,7)", "fitness": 0.0}
{"generation": 4, "position": 41, "parents": [5], "genome": "r(4,5) a(6,12) d(3) r(14,8) d(6) d(8)", "fitness": 0.0}
{"generation": 4, "position": 42, "parents": [16, 28], "genome": "a(14,3) d(6) r(12,13) a(5,3)", "fitness": 0.0}
{"generation": 4, "position": 43, "parents": [16, 28], "genome": "r(6,1) d(2) r(3,10) r(2,5) d(4) r(5,7)", "fitness": 0.0}
{"generation": 4, "position": 44, "parents": [16], "genome": "a(14,3) d(6) r(2,5) d(4) r(10,1)", "fitness": 0.0}
{"generation": 4, "position": 45, "parents": [28], "genome": "r(6,1) d(2) r(3,10) r(12,13) d(9)", "fitness": 0.0}
{"generation": 4, "position": 46, "parents": [7], "genome": "r(4,5) a(6,12) d(3) r(5,13) a(8,6)", "fitness": 0.0}
{"generation": 4, "position": 47, "parents": [37], "genome": "a(3,16) d(9) d(6) d(3) r(12,4)", "fitness": 0.0}
{"generation": 4, "position": 48, "parents": [28, 11], "genome": "r(6,1) d(2) r(3,10) r(6,3) a(8,4) r(2,14) a(9,9)", "fitness": 0.0}
{"generation": 4, "position": 49, "parents": [28, 11], "genome": "d(14) r(12,13) a(6,12)", "fitness": 0.0}
{"generation": 4, "position": 50, "parents": [28], "genome": "r(6,1) d(2) r(3,10) r(12,13) a(5,3)", "fitness": 0.0}
{"generation": 4, "position": 51, "parents": [11], "genome": "d(14) r(6,3) a(8,4) r(2,14) d(10)", "fitness": 0.0}
{"generation": 4, "position": 52, "parents": [15, 41], "genome": "a(14,3) d(9) a(4,4) r(6,7) d(3)", "fitness": 0.0}
{"generation": 4, "position": 53, "parents": [15, 41], "genome": "r(3,5) r(9,6) d(6) d(3) r(8,7)", "fitness": 0.0}
{"generation": 4, "position": 54, "parents": [15], "genome": "a(14,3) d(9) d(6) d(3) d(4)", "fitness": 0.0}
{"generation": 4, "position": 55, "parents": [41], "genome": "r(3,5) r(9,6) a(4,4) r(6,7) d(4)", "fitness": 0.0}
{"generation": 4, "position": 56, "parents": [39, 29], "genome": "r(3,5) r(9,6) d(5) a(12,4)", "fitness": 0.0}
{"generation": 4, "position": 57, "parents": [39, 29], "genome": "r(6,1) r(2,13) a(4,4) r(4,2) a(8,13)", "fitness": 10.0}
{"generation": 4, "position": 58, "parents": [39], "genome": "r(3,5) r(9,6) a(4,4) r(4,2) d(6)", "fitness": 0.0}
{"generation": 4, "position": 59, "parents": [29], "genome": "r(6,1) r(2,13) d(5) a(1,15)", "fitness": 0.0}
{"generation": 4, "position": 60, "parents": [56], "genome": "r(6,1) d(2) r(5,8) r(1,4) a(8,2)", "fitness": 0.0}
{"generation": 5, "position": 0, "parents": [4, 32], "genome": "r(5,16) r(1,15) a(12,14) a(10,6) r(8,10) d(2) r(3,2)", "fitness": 0.0}
{"generation": 5, "position": 1, "parents": [4, 32], "genome": "a(3,16) d(6) d(4) d(9) d(6) d(8)", "fitness": 0.0}
{"generation": 5, "position": 2, "parents": [4], "genome": "r(5,16) r(1,15) a(12,14) a(10,6) d(4)", "fitness": 0.0}
{"generation": 5, "position": 3, "parents": [32], "genome": "a(3,16) d(6) d(4) d(9) d(6) r(8,10) d(2) a(3,7)", "fitness": 0.0}
{"generation": 5, "position": 4, "parents": [32, 45], "genome": "a(3,16) d(6) d(4) d(2) r(3,10) r(12,13) d(9) r(5,2)", "fitness": 0.0}
{"generation": 5, "position": 5, "parents": [32, 45], "genome": "r(6,1) d(9) d(6) r(8,10) d(2) a(1,16)", "fitness": 0.0}
{"generation": 5, "position": 6, "parents": [32], "genome": "a(3,16) d(6) d(4) d(9) d(6) r(8,10) d(2) r(1,16)", "fitness": 0.0}
{"generation": 5, "position": 7, "parents": [45], "genome": "r(6,1) d(2) r(3,10) r(12,13) d(9) r(4,8)", "fitness": 0.0}
{"generation": 5, "position": 8, "parents": [26], "genome": "r(6,1) r(12,2) r(3,6) r(10,7) d(5) r(4,7) a(9,4)", "fitness": 0.0}
{"generation": 5, "position": 9, "parents": [58], "genome": "r(3,5) r(9,6) a(4,4) r(4,2) d(6) a(12,1)", "fitness": 0.0}
{"generation": 5, "position": 10, "parents": [37, 17], "genome": "r(6,1) r(12,2) a(5,15) a(1,7) r(3,6) r(14,5) r(10,5) a(1,8)", "fitness": 0.0}
{"generation": 5, "position": 11, "parents": [37, 17], "genome": "d(6) r(3,13)", "fitness": 0.0}
{"generation": 5, "position": 12, "parents": [37], "genome": "r(6,1) r(12,2) a(5,15) a(1,7) a(10,4)", "fitness": 0.0}
{"generation": 5, "position": 13, "parents": [17], "genome": "d(6) r(3,6) r(14,5) r(10,5) d(12)", "fitness": 0.0}
{"generation": 5, "position": 14, "parents": [7, 47], "genome": "r(6,1) r(9,6) a(4,4) a(12,4) r(14,12) a(8,10)", "fitness": 0.0}
{"generation": 5, "position": 15, "parents": [7, 47], "genome": "a(3,16) d(9) d(6) d(3) r(12,4) a(4,16)", "fitness": 0.0}
{"generation": 5, "position": 16, "parents": [7], "genome": "r(6,1) r(9,6) a(4,4) a(12,4) r(14,12) r(1,16)", "fitness": 0.0}
{"generation": 5, "position": 17, "parents": [47], "genome": "a(3,16) d(9) d(6) d(3) r(12,4) r(5,10)", "fitness": 0.0}
{"generation": 5, "position": 18, "parents": [56, 28], "genome": "r(3,5) r(9,6) d(5) a(5,15) r(5,15) d(14)", "fitness": 0.0}
{"generation": 5, "position": 19, "parents": [56, 28], "genome": "r(6,1) r(12,2) a(12,4) a(8,3)", "fitness": 0.0}
{"generation": 5, "position": 20, "parents": [56], "genome": "r(3,5) r(9,6) d(5) a(12,4) r(1,10)", "fitness": 0.0}
{"generation": 5, "position": 21, "parents": [28], "genome": "r(6,1) r(12,2) a(5,15) r(5,15) d(4)", "fitness": 0.0}
{"generation": 5, "position": 22, "parents": [10], "genome": "d(2) d(6) d(4) d(9) d(6) a(1,4) a(8,4) r(2,14) r(12,13) d(3)", "fitness": 0.0}
{"generation": 5, "position": 23, "parents": [6], "genome": "a(3,16) d(9) d(6) d(3) d(4) r(8,7)", "fitness": 0.0}
{"generation": 5, "position": 24, "parents": [7], "genome": "r(6,1) r(9,6) a(4,4) a(12,4) r(14,12) d(3)", "fitness": 0.0}
{"generation": 5, "position": 25, "parents": [52], "genome": "a(14,3) d(9) a(4,4) r(6,7) d(3) r(5,3)", "fitness": 0.0}
{"generation": 5, "position": 26, "parents": [55, 21], "genome": "r(3,5) r(9,6) a(4,4) r(6,7) d(4) a(12,2) d(8)", "fitness": 0.0}
{"generation": 5, "position": 27, "parents": [55, 21], "genome": "r(6,8) r(3,6) r(4,13) r(1,7) d(5)", "fitness": 0.0}
{"generation": 5, "position": 28, "parents": [55], "genome": "r(3,5) r(9,6) a(4,4) r(6,7) d(4) r(8,10)", "fitness": 0.0}
{"generation": 5, "position": 29, "parents": [21], "genome": "r(6,8) r(3,6) r(4,13) r(1,7) a(12,2) d(5)", "fitness": 0.0}
{"generation": 5, "position": 30, "parents": [42], "genome": "a(14,3) d(6) r(12,13) a(5,3) d(1)", "fitness": 0.0}
{"generation": 5, "position": 31, "parents": [43], "genome": "r(6,1) d(2) r(3,10) r(2,5) d(4) r(5,7) r(14,9)", "fitness": 0.0}
{"generation": 5, "position": 32, "parents": [37, 26], "genome": "r(6,1) r(12,2) a(5,15) a(4,14)", "fitness": 0.0}
{"generation": 5, "position": 33, "parents": [37, 26], "genome": "r(6,1) r(12,2) r(3,6) r(10,7) d(5) r(4,7) a(1,7) d(9)", "fitness": 0.0}
{"generation": 5, "position": 34, "parents": [37], "genome": "r(6,1) r(12,2) a(5,15) a(1,7) a(1,7)", "fitness": 0.0}
{"generation": 5, "position": 35, "parents": [26], "genome": "r(6,1) r(12,2) r(3,6) r(10,7) d(5) r(4,7) d(8)", "fitness": 0.0}
{"generation": 5, "position": 36, "parents": [33], "genome": "a(14,3) a(12,13) d(9) r(12,10)", "fitness": 0.0}
{"generation": 5, "position": 37, "parents": [38], "genome": "d(2) d(6) d(4) a(3,8) d(9) r(1,7)", "fitness": 0.0}
{"generation": 5, "position": 38, "parents": [60], "genome": "r(6,1) d(2) r(5,8) r(1,4) a(8,2) r(14,8)", "fitness": 0.0}
{"generation": 5, "position": 39, "parents": [38], "genome": "d(2) d(6) d(4) a(3,8) d(9) a(12,14)", "fitness": 0.0}
{"generation": 5, "position": 40, "parents": [10], "genome": "d(2) d(6) d(4) d(9) d(6) a(1,4) a(8,4) r(2,14) r(12,13) a(3,8)", "fitness": 0.0}
{"generation": 5, "position": 41, "parents": [26], "genome": "r(6,1) r(12,2) r(3,6) r(10,7) d(5) r(4,7) r(2,8)", "fitness": 0.0}
{"generation": 5, "position": 42, "parents": [24], "genome": "a(3,16) d(9) a(8,10) a(4,4) r(6,5) a(3,3)", "fitness": 0.0}
{"generation": 5, "position": 43, "parents": [21], "genome": "r(6,8) r(3,6) r(4,13) r(1,7) a(12,2) r(8,14)", "fitness": 0.0}
{"generation": 5, "position": 44, "parents": [31, 0], "genome": "d(6) d(14) d(4) r(1,2) a(3,6) d(4) d(12) d(9) r(3,7)", "fitness": 0.0}
{"generation": 5, "position": 45, "parents": [31, 0], "genome": "r(5,16) a(6,13) a(3,3)", "fitness": 0.0}
{"generation": 5, "position": 46, "parents": [31], "genome": "d(6) d(14) d(4) r(1,2) a(3,6) d(8)", "fitness": 0.0}
{"generation": 5, "position": 47, "parents": [0], "genome": "r(5,16) a(6,13) d(4) d(12) d(9) a(1,10)", "fitness": 0.0}
{"generation": 5, "position": 48, "parents": [14], "genome": "d(6) r(3,6) r(14,5) a(2,16) d(4)", "fitness": 0.0}
{"generation": 5, "position": 49, "parents": [7], "genome": "r(6,1) r(9,6) a(4,4) a(12,4) r(14,12) a(8,3)", "fitness": 0.0}
{"generation": 5, "position": 50, "parents": [5], "genome": "d(2) d(6) d(2) a(10,8) r(5,6) a(9,16) r(4,6)", "fitness": 0.0}
{"generation": 5, "position": 51, "parents": [47], "genome": "a(3,16) d(9) d(6) d(3) r(12,4) d(4)", "fitness": 0.0}
{"generation": 5, "position": 52, "parents": [52], "genome": "a(14,3) d(9) a(4,4) r(6,7) d(3) d(12)", "fitness": 0.0}
{"generation": 5, "position": 53, "parents": [20], "genome": "r(3,5) r(9,6) a(4,4) r(4,2) a(6,8) d(12)", "fitness": 0.0}
{"generation": 5, "position": 54, "parents": [0], "genome": "r(5,16) a(6,13) d(4) d(12) d(9) d(3)", "fitness": 0.0}
{"generation": 6, "position": 0, "parents": [18, 52], "genome": "r(3,5) r(9,6) d(5) a(5,15) r(5,15) d(14) d(9) a(4,4) r(6,7) d(3) d(12) d(4)", "fitness": 0.0}
{"generation": 6, "position": 1, "parents": [18, 52], "genome": "a(14,3) a(6,10)", "fitness": 10.0}
{"generation": 6, "position": 2, "parents": [18], "genome": "r(3,5) r(9,6) d(5) a(5,15) r(5,15) d(14) d(4)", "fitness": 0.0}
{"generation": 6, "position": 3, "parents": [52], "genome": "a(14,3) d(9) a(4,4) r(6,7) d(3) d(12) r(4,16)", "fitness": 0.0}
{"generation": 6, "position": 4, "parents": [43, 30], "genome": "r(6,8) d(6) r(12,13) a(5,3) d(1) a(3,2)", "fitness": 0.0}
{"generation": 6, "position": 5, "parents": [43, 30], "genome": "a(14,3) r(3,6) r(4,13) r(1,7) a(12,2) r(8,14) a(6,4)", "fitness": 0.0}
{"generation": 6, "position": 6, "parents": [43], "genome": "r(6,8) r(3,6) r(4,13) r(1,7) a(12,2) r(8,14) a(5,1)", "fitness": 0.0}
{"generation": 6, "position": 7, "parents": [30], "genome": "a(14,3) d(6) r(12,13) a(5,3) d(1) a(8,8)", "fitness": 0.0}
{"generation": 6, "position": 8, "parents": [46, 0], "genome": "d(6) d(14) d(4) r(1,2) a(3,6) d(8) d(2) r(3,2) d(5)", "fitness": 0.0}
{"generation": 6, "position": 9, "parents": [46, 0], "genome": "r(5,16) r(1,15) a(12,14) a(10,6) r(8,10) a(2,13)", "fitness": 0.0}
{"generation": 6, "position": 10, "parents": [46], "genome": "d(6) d(14) d(4) r(1,2) a(3,6) d(8) a(5,7)", "fitness": 0.0}
{"generation": 6, "position": 11, "parents": [0], "genome": "r(5,16) r(1,15) a(12,14) a(10,6) r(8,10) d(2) r(3,2) a(4,13)", "fitness": 0.0}
{"generation": 6, "position": 12, "parents": [26], "genome": "r(3,5) r(9,6) a(4,4) r(6,7) d(4) a(12,2) d(8) r(1,16)", "fitness": 0.0}
{"generation": 6, "position": 13, "parents": [23], "genome": "a(3,16) d(9) d(6) d(3) d(4) r(8,7) a(2,2)", "fitness": 0.0}
{"generation": 6, "position": 14, "parents": [14], "genome": "r(6,1) r(9,6) a(4,4) a(12,4) r(14,12) a(8,10) r(12,6)", "fitness": 0.0}
{"generation": 6, "position": 15, "parents": [2], "genome": "r(5,16) r(1,15) a(12,14) a(10,6) d(4) a(12,9)", "fitness": 0.0}
{"generation": 6, "position": 16, "parents": [3, 3], "genome": "a(3,16) d(6) d(2) a(3,7) a(4,6)", "fitness": 0.0}
{"generation": 6, "position": 17, "parents": [3, 3], "genome": "a(3,16) d(6) d(4) d(9) d(6) r(8,10) d(4) d(9) d(6) r(8,10) d(2) a(3,7) d(1)", "fitness": 0.0}
{"generation": 6, "position": 18, "parents": [3], "genome": "a(3,16) d(6) d(4) d(9) d(6) r(8,10) d(2) a(3,7) r(5,14)", "fitness": 0.0}
{"generation": 6, "position": 19, "parents": [3], "genome": "a(3,16) d(6) d(4) d(9) d(6) r(8,10) d(2) a(3,7) r(1,6)", "fitness": 0.0}
{"generation": 6, "position": 20, "parents": [50, 51], "genome": "d(2) d(6) d(2) a(10,8) d(6) d(3) r(12,4) d(4) r(1,5)", "fitness": 0.0}
{"generation": 6, "position": 21, "parents": [50, 51], "genome": "a(3,16) d(9) r(5,6) a(9,16) r(4,6) a(12,16)", "fitness": 0.0}
{"generation": 6, "position": 22, "parents": [50], "genome": "d(2) d(6) d(2) a(10,8) r(5,6) a(9,16) r(4,6) a(8,2)", "fitness": 0.0}
{"generation": 6, "position": 23, "parents": [51], "genome": "a(3,16) d(9) d(6) d(3) r(12,4) d(4) d(2)", "fitness": 0.0}
{"generation": 6, "position": 24, "parents": [32], "genome": "r(6,1) r(12,2) a(5,15) a(4,14) r(4,16)", "fitness": 0.0}
{"generation": 6, "position": 25, "parents": [40], "genome": "d(2) d(6) d(4) d(9) d(6) a(1,4) a(8,4) r(2,14) r(12,13) a(3,8) r(5,6)", "fitness": 0.0}
{"generation": 6, "position": 26, "parents": [8, 15], "genome": "r(6,1) r(12,2) r(3,6) r(10,7) d(5) r(4,7) a(9,4) r(12,4) a(4,16) r(9,2)", "fitness": 0.0}
{"generation": 6, "position": 27, "parents": [8, 15], "genome": "a(3,16) d(9) d(6) d(3) d(12)", "fitness": 0.0}
{"generation": 6, "position": 28, "parents": [8], "genome": "r(6,1) r(12,2) r(3,6) r(10,7) d(5) r(4,7) a(9,4) a(8,13)", "fitness": 0.0}
{"generation": 6, "position": 29, "parents": [15], "genome": "a(3,16) d(9) d(6) d(3) r(12,4) a(4,16) d(2)", "fitness": 0.0}
{"generation": 6, "position": 30, "parents": [28, 35], "genome": "r(3,5) r(9,6) a(4,4) r(3,6) r(10,7) d(5) r(4,7) d(8) a(1,13)", "fitness": 0.0}
{"generation": 6, "position": 31, "parents": [28, 35], "genome": "r(6,1) r(12,2) r(6,7) d(4) r(8,10) d(5)", "fitness": 0.0}
{"generation": 6, "position": 32, "parents": [28], "genome": "r(3,5) r(9,6) a(4,4) r(6,7) d(4) r(8,10) a(1,7)", "fitness": 0.0}
{"generation": 6, "position": 33, "parents": [35], "genome": "r(6,1) r(12,2) r(3,6) r(10,7) d(5) r(4,7) d(8) r(2,12)", "fitness": 0.0}
{"generation": 6, "position": 34, "parents": [6, 39], "genome": "a(3,16) d(6) d(4) d(9) d(4) a(3,8) d(9) a(12,14) a(2,16)", "fitness": 0.0}
{"generation": 6, "position": 35, "parents": [6, 39], "genome": "d(2) d(6) d(6) r(8,10) d(2) r(1,16) r(4,13)", "fitness": 0.0}
{"generation": 6, "position": 36, "parents": [6], "genome": "a(3,16) d(6) d(4) d(9) d(6) r(8,10) d(2) r(1,16) a(3,10)", "fitness": 0.0}
{"generation": 6, "position": 37, "parents": [39], "genome": "d(2) d(6) d(4) a(3,8) d(9) a(12,14) d(8)", "fitness": 0.0}
{"generation": 6, "position": 38, "parents": [31, 13], "genome": "r(6,1) d(2) r(3,10) r(14,5) r(10,5) d(12) d(4)", "fitness": 0.0}
{"generation": 6, "position": 39, "parents": [31, 13], "genome": "d(6) r(3,6) r(2,5) d(4) r(5,7) r(14,9) d(9)", "fitness": 0.0}
{"generation": 6, "position": 40, "parents": [31], "genome": "r(6,1) d(2) r(3,10) r(2,5) d(4) r(5,7) r(14,9) d(10)", "fitness": 0.0}
{"generation": 6, "position": 41, "parents": [13], "genome": "d(6) r(3,6) r(14,5) r(10,5) d(12) r(9,5)", "fitness": 0.0}
{"generation": 6, "position": 42, "parents": [46], "genome": "d(6) d(14) d(4) r(1,2) a(3,6) d(8) r(3,15)", "fitness": 0.0}
{"generation": 6, "position": 43, "parents": [21], "genome": "r(6,1) r(12,2) a(5,15) r(5,15) d(4) r(9,3)", "fitness": 0.0}
{"generation": 6, "position": 44, "parents": [34], "genome": "r(6,1) r(12,2) a(5,15) a(1,7) a(1,7) a(4,3)", "fitness": 0.0}
{"generation": 6, "position": 45, "parents": [22], "genome": "d(2) d(6) d(4) d(9) d(6) a(1,4) a(8,4) r(2,14) r(12,13) d(3) d(5)", "fitness": 0.0}
{"generation": 6, "position": 46, "parents": [29, 24], "genome": "r(6,8) r(3,6) r(4,13) r(1,7) a(12,2) d(5) r(9,6) a(4,4) a(12,4) r(14,12) d(3) a(12,3)", "fitness": 0.0}
{"generation": 6, "position": 47, "parents": [29, 24], "genome": "r(6,1) d(10)", "fitness": 10.0}
{"generation": 6, "position": 48, "parents": [29], "genome": "r(6,8) r(3,6) r(4,13) r(1,7) a(12,2) d(5) r(14,6)", "fitness": 0.0}
{"generation": 6, "position": 49, "parents": [24], "genome": "r(6,1) r(9,6) a(4,4) a(12,4) r(14,12) d(3) a(2,10)", "fitness": 0.0}
{"generation": 6, "position": 50, "parents": [50, 55], "genome": "d(2) d(6) r(4,2) d(6) a(12,10) d(3)", "fitness": 0.0}
{"generation": 6, "position": 51, "parents": [50, 55], "genome": "r(3,5) r(9,6) a(4,4) d(2) a(10,8) r(5,6) a(9,16) r(4,6) r(1,13)", "fitness": 0.0}
{"generation": 6, "position": 52, "parents": [50], "genome": "d(2) d(6) d(2) a(10,8) r(5,6) a(9,16) r(4,6) r(12,13)", "fitness": 0.0}
{"generation": 6, "position": 53, "parents": [55], "genome": "r(3,5) r(9,6) a(4,4) r(4,2) d(6) a(12,10) a(2,15)", "fitness": 0.0}
{"generation": 6, "position": 54, "parents": [27], "genome": "r(6,8) r(3,6) r(4,13) r(1,7) d(5) r(10,3)", "fitness": 0.0}
{"generation": 6, "position": 55, "parents": [6], "genome": "a(3,16) d(6) d(4) d(9) d(6) r(8,10) d(2) r(1,16) r(3,5)", "fitness": 0.0}
{"generation": 6, "position": 56, "parents": [42], "genome": "a(3,16) d(9) a(8,10) a(4,4) r(6,5) a(3,3) a(14,9)", "fitness": 0.0}
{"generation": 6, "position": 57, "parents": [13], "genome": "d(6) r(3,6) r(14,5) r(10,5) d(12) d(4)", "fitness": 0.0}
{"generation": 6, "position": 58, "parents": [32], "genome": "r(6,1) r(12,2) a(5,15) a(4,14) d(10)", "fitness": 0.0}
{"generation": 6, "position": 59, "parents": [22], "genome": "d(2) d(6) d(4) d(9) d(6) a(1,4) a(8,4) r(2,14) r(12,13) d(3) r(8,1)", "fitness": 0.0}
{"generation": 6, "position": 60, "parents": [20], "genome": "r(3,5) r(9,6) d(5) a(12,4) r(1,10) r(2,1)", "fitness": 0.0}
{"generation": 7, "position": 0, "parents": [12, 43], "genome": "r(3,5) r(9,6) a(4,4) r(6,7) r(5,15) d(4) r(9,3) d(2)", "fitness": 0.0}
{"generation": 7, "position": 1, "parents": [12, 43], "genome": "r(6,1) r(12,2) a(5,15) d(4) a(12,2) d(8) r(1,16) a(5,2)", "fitness": 0.0}
{"generation": 7, "position": 2, "parents": [12], "genome": "r(3,5) r(9,6) a(4,4) r(6,7) d(4) a(12,2) d(8) r(1,16) d(2)", "fitness": 0.0}
{"generation": 7, "position": 3, "parents": [43], "genome": "r(6,1) r(12,2) a(5,15) r(5,15) d(4) r(9,3) a(3,12)", "fitness": 0.0}
{"generation": 7, "position": 4, "parents": [44], "genome": "r(6,1) r(12,2) a(5,15) a(1,7) a(1,7) a(4,3) r(9,6)", "fitness": 0.0}
{"generation": 7, "position": 5, "parents": [24], "genome": "r(6,1) r(12,2) a(5,15) a(4,14) r(4,16) r(2,8)", "fitness": 0.0}
{"generation": 7, "position": 6, "parents": [17, 25], "genome": "a(3,16) d(6) d(4) d(9) d(6) r(8,10) d(4) d(9) d(6) r(8,10) d(2) a(3,7) d(6) d(4) d(9) d(6) a(1,4) a(8,4) r(2,14) r(12,13) a(3,8) r(5,6) d(3)", "fitness": 0.0}
{"generation": 7, "position": 7, "parents": [17, 25], "genome": "d(2) d(1) d(14)", "fitness": 0.0}
{"generation": 7, "position": 8, "parents": [17], "genome": "a(3,16) d(6) d(4) d(9) d(6) r(8,10) d(4) d(9) d(6) r(8,10) d(2) a(3,7) d(1) r(3,13)", "fitness": 0.0}
{"generation": 7, "position": 9, "parents": [25], "genome": "d(2) d(6) d(4) d(9) d(6) a(1,4) a(8,4) r(2,14) r(12,13) a(3,8) r(5,6) d(8)", "fitness": 0.0}
{"generation": 7, "position": 10, "parents": [0, 18], "genome": "r(3,5) r(9,6) d(5) a(5,15) r(5,15) d(14) d(9) a(4,4) a(2,3)", "fitness": 0.0}
{"generation": 7, "position": 11, "parents": [0, 18], "genome": "a(3,16) d(6) d(4) d(9) d(6) r(8,10) d(2) a(3,7) r(5,14) r(6,7) d(3) d(12) d(4) d(1)", "fitness": 0.0}
{"generation": 7, "position": 12, "parents": [0], "genome": "r(3,5) r(9,6) d(5) a(5,15) r(5,15) d(14) d(9) a(4,4) r(6,7) d(3) d(12) d(4) a(1,2)", "fitness": 0.0}
{"generation": 7, "position": 13, "parents": [18], "genome": "a(3,16) d(6) d(4) d(9) d(6) r(8,10) d(2) a(3,7) r(5,14) r(1,10)", "fitness": 0.0}
{"generation": 7, "position": 14, "parents": [25], "genome": "d(2) d(6) d(4) d(9) d(6) a(1,4) a(8,4) r(2,14) r(12,13) a(3,8) r(5,6) d(3)", "fitness": 0.0}
{"generation": 7, "position": 15, "parents": [49], "genome": "r(6,1) r(9,6) a(4,4) a(12,4) r(14,12) d(3) a(2,10) r(5,8)", "fitness": 0.0}
{"generation": 7, "position": 16, "parents": [42, 5], "genome": "d(6) d(14) d(4) r(1,2) a(3,6) a(12,2) r(8,14) a(6,4) a(3,14)", "fitness": 0.0}
{"generation": 7, "position": 17, "parents": [42, 5], "genome": "a(14,3) r(3,6) r(4,13) r(1,7) d(8) r(3,15) d(6)", "fitness": 0.0}
{"generation": 7, "position": 18, "parents": [42], "genome": "d(6) d(14) d(4) r(1,2) a(3,6) d(8) r(3,15) d(5)", "fitness": 0.0}
{"generation": 7, "position": 19, "parents": [5], "genome": "a(14,3) r(3,6) r(4,13) r(1,7) a(12,2) r(8,14) a(6,4) a(6,7)", "fitness": 0.0}
{"generation": 7, "position": 20, "parents": [26], "genome": "r(6,1) r(12,2) r(3,6) r(10,7) d(5) r(4,7) a(9,4) r(12,4) a(4,16) r(9,2) d(2)", "fitness": 0.0}
{"generation": 7, "position": 21, "parents": [56], "genome": "a(3,16) d(9) a(8,10) a(4,4) r(6,5) a(3,3) a(14,9) a(14,16)", "fitness": 0.0}
{"generation": 7, "position": 22, "parents": [37, 35], "genome": "d(2) d(6) d(4) a(3,8) d(9) a(12,14) r(4,13) r(5,10)", "fitness": 0.0}
{"generation": 7, "position": 23, "parents": [37, 35], "genome": "d(2) d(6) d(6) r(8,10) d(2) r(1,16) d(8) d(5)", "fitness": 0.0}
{"generation": 7, "position": 24, "parents": [37], "genome": "d(2) d(6) d(4) a(3,8) d(9) a(12,14) d(8) a(3,5)", "fitness": 0.0}
{"generation": 7, "position": 25, "parents": [35], "genome": "d(2) d(6) d(6) r(8,10) d(2) r(1,16) r(4,13) d(3)", "fitness": 0.0}
{"generation": 7, "position": 26, "parents": [7], "genome": "a(14,3) d(6) r(12,13) a(5,3) d(1) a(8,8) a(8,14)", "fitness": 0.0}
{"generation": 7, "position": 27, "parents": [43], "genome": "r(6,1) r(12,2) a(5,15) r(5,15) d(4) r(9,3) r(3,12)", "fitness": 0.0}
{"generation": 7, "position": 28, "parents": [6, 55], "genome": "r(6,8) r(3,6) d(4) d(9) d(6) r(8,10) d(2) r(1,16) r(3,5) r(5,15)", "fitness": 0.0}
{"generation": 7, "position": 29, "parents": [6, 55], "genome": "a(3,16) d(6) r(4,13) r(1,7) a(12,2) r(8,14) a(5,1) d(5)", "fitness": 0.0}
{"generation": 7, "position": 30, "parents": [6], "genome": "r(6,8) r(3,6) r(4,13) r(1,7) a(12,2) r(8,14) a(5,1) d(2)", "fitness": 0.0}
{"generation": 7, "position": 31, "parents": [55], "genome": "a(3,16) d(6) d(4) d(9) d(6) r(8,10) d(2) r(1,16) r(3,5) r(5,1)", "fitness": 0.0}
{"generation": 7, "position": 32, "parents": [12], "genome": "r(3,5) r(9,6) a(4,4) r(6,7) d(4) a(12,2) d(8) r(1,16) a(2,2)", "fitness": 0.0}
{"generation": 7, "position": 33, "parents": [42], "genome": "d(6) d(14) d(4) r(1,2) a(3,6) d(8) r(3,15) r(5,8)", "fitness": 0.0}
{"generation": 7, "position": 34, "parents": [24, 40], "genome": "r(6,1) r(12,2) a(5,15) a(4,14) r(4,16) r(3,10) r(2,5) d(4) r(5,7) r(14,9) d(10) a(1,13)", "fitness": 0.0}
{"generation": 7, "position": 35, "parents": [24, 40], "genome": "r(6,1) d(2) a(1,8)", "fitness": 0.0}
{"generation": 7, "position": 36, "parents": [24], "genome": "r(6,1) r(12,2) a(5,15) a(4,14) r(4,16) a(10,7)", "fitness": 0.0}
{"generation": 7, "position": 37, "parents": [40], "genome": "r(6,1) d(2) r(3,10) r(2,5) d(4) r(5,7) r(14,9) d(10) a(8,12)", "fitness": 0.0}
{"generation": 7, "position": 38, "parents": [22], "genome": "d(2) d(6) d(2) a(10,8) r(5,6) a(9,16) r(4,6) a(8,2) a(12,1)", "fitness": 0.0}
{"generation": 7, "position": 39, "parents": [5], "genome": "a(14,3) r(3,6) r(4,13) r(1,7) a(12,2) r(8,14) a(6,4) a(2,4)", "fitness": 0.0}
{"generation": 7, "position": 40, "parents": [30], "genome": "r(3,5) r(9,6) a(4,4) r(3,6) r(10,7) d(5) r(4,7) d(8) a(1,13) d(1)", "fitness": 0.0}
{"generation": 7, "position": 41, "parents": [60], "genome": "r(3,5) r(9,6) d(5) a(12,4) r(1,10) r(2,1) r(14,1)", "fitness": 0.0}
{"generation": 7, "position": 42, "parents": [13, 14], "genome": "a(3,16) d(9) d(6) d(3) d(4) r(8,7) a(4,4) a(12,4) r(14,12) a(8,10) r(12,6) r(5,12)", "fitness": 0.0}
{"generation": 7, "position": 43, "parents": [13, 14], "genome": "r(6,1) r(9,6) a(2,2) a(4,2)", "fitness": 0.0}
{"generation": 7, "position": 44, "parents": [13], "genome": "a(3,16) d(9) d(6) d(3) d(4) r(8,7) a(2,2) a(1,3)", "fitness": 0.0}
{"generation": 7, "position": 45, "parents": [14], "genome": "r(6,1) r(9,6) a(4,4) a(12,4) r(14,12) a(8,10) r(12,6) d(8)", "fitness": 0.0}
{"generation": 7, "position": 46, "parents": [44], "genome": "r(6,1) r(12,2) a(5,15) a(1,7) a(1,7) a(4,3) a(4,14)", "fitness": 0.0}
{"generation": 7, "position": 47, "parents": [45], "genome": "d(2) d(6) d(4) d(9) d(6) a(1,4) a(8,4) r(2,14) r(12,13) d(3) d(5) a(8,14)", "fitness": 0.0}
{"generation": 7, "position": 48, "parents": [24, 48], "genome": "r(6,1) r(12,2) r(5,10)", "fitness": 0.0}
{"generation": 7, "position": 49, "parents": [24, 48], "genome": "r(6,8) r(3,6) r(4,13) r(1,7) a(12,2) d(5) r(14,6) a(5,15) a(4,14) r(4,16) a(2,12)", "fitness": 0.0}
{"generation": 7, "position": 50, "parents": [24], "genome": "r(6,1) r(12,2) a(5,15) a(4,14) r(4,16) r(1,3)", "fitness": 0.0}
{"generation": 7, "position": 51, "parents": [48], "genome": "r(6,8) r(3,6) r(4,13) r(1,7) a(12,2) d(5) r(14,6) a(12,5)", "fitness": 0.0}
{"generation": 7, "position": 52, "parents": [37], "genome": "d(2) d(6) d(4) a(3,8) d(9) a(12,14) d(8) d(3)", "fitness": 0.0}
{"generation": 7, "position": 53, "parents": [6], "genome": "r(6,8) r(3,6) r(4,13) r(1,7) a(12,2) r(8,14) a(5,1) a(2,10)", "fitness": 0.0}
{"generation": 7, "position": 54, "parents": [59, 40], "genome": "d(2) r(5,7) r(14,9) d(10) a(1,3)", "fitness": 0.0}
{"generation": 7, "position": 55, "parents": [59, 40], "genome": "r(6,1) d(2) r(3,10) r(2,5) d(4) d(6) d(4) d(9) d(6) a(1,4) a(8,4) r(2,14) r(12,13) d(3) r(8,1) d(5)", "fitness": 0.0}
{"generation": 7, "position": 56, "parents": [59], "genome": "d(2) d(6) d(4) d(9) d(6) a(1,4) a(8,4) r(2,14) r(12,13) d(3) r(8,1) a(5,6)", "fitness": 0.0}
{"generation": 7, "position": 57, "parents": [40], "genome": "r(6,1) d(2) r(3,10) r(2,5) d(4) r(5,7) r(14,9) d(10) r(12,4)", "fitness": 0.0}
{"generation": 7, "position": 58, "parents": [15, 24], "genome": "r(5,16) r(1,15) a(4,14) r(4,16) d(2)", "fitness": 0.0}
{"generation": 7, "position": 59, "parents": [15, 24], "genome": "r(6,1) r(12,2) a(5,15) a(12,14) a(10,6) d(4) a(12,9) d(8)", "fitness": 0.0}
{"generation": 7, "position": 60, "parents": [15], "genome": "r(5,16) r(1,15) a(12,14) a(10,6) d(4) a(12,9) d(2)", "fitness": 0.0}
{"generation": 8, "position": 0, "parents": [16], "genome": "d(6) d(14) d(4) r(1,2) a(3,6) a(12,2) r(8,14) a(6,4) a(3,14) a(2,2)", "fitness": 0.0}
{"generation": 8, "position": 1, "parents": [25], "genome": "d(2) d(6) d(6) r(8,10) d(2) r(1,16) r(4,13) d(3) d(5)", "fitness": 0.0}
{"generation": 8, "position": 2, "parents": [7], "genome": "d(2) d(1) d(14) a(6,12)", "fitness": 0.0}
{"generation": 8, "position": 3, "parents": [13], "genome": "a(3,16) d(6) d(4) d(9) d(6) r(8,10) d(2) a(3,7) r(5,14) r(1,10) r(3,4)", "fitness": 0.0}
{"generation": 8, "position": 4, "parents": [26, 13], "genome": "a(14,3) d(6) r(12,13) a(5,14)", "fitness": 0.0}
{"generation": 8, "position": 5, "parents": [26, 13], "genome": "a(3,16) d(6) d(4) d(9) d(6) r(8,10) d(2) a(3,7) r(5,14) r(1,10) a(5,3) d(1) a(8,8) a(8,14) r(3,13)", "fitness": 0.0}
{"generation": 8, "position": 6, "parents": [26], "genome": "a(14,3) d(6) r(12,13) a(5,3) d(1) a(8,8) a(8,14) r(3,8)", "fitness": 0.0}
{"generation": 8, "position": 7, "parents": [13], "genome": "a(3,16) d(6) d(4) d(9) d(6) r(8,10) d(2) a(3,7) r(5,14) r(1,10) r(3,2)", "fitness": 0.0}
{"generation": 8, "position": 8, "parents": [41], "genome": "r(3,5) r(9,6) d(5) a(12,4) r(1,10) r(2,1) r(14,1) d(4)", "fitness": 0.0}
{"generation": 8, "position": 9, "parents": [21], "genome": "a(3,16) d(9) a(8,10) a(4,4) r(6,5) a(3,3) a(14,9) a(14,16) r(3,10)", "fitness": 0.0}
{"generation": 8, "position": 10, "parents": [58, 25], "genome": "r(5,16) r(1,15) d(6) r(8,10) d(2) r(1,16) r(4,13) d(3)", "fitness": 0.0}
{"generation": 8, "position": 11, "parents": [58, 25], "genome": "d(2) d(6) a(4,14) r(4,16) d(2) d(1)", "fitness": 0.0}
{"generation": 8, "position": 12, "parents": [58], "genome": "r(5,16) r(1,15) a(4,14) r(4,16) d(2) r(12,15)", "fitness": 0.0}
{"generation": 8, "position": 13, "parents": [25], "genome": "d(2) d(6) d(6) r(8,10) d(2) r(1,16) r(4,13) d(3) a(5,3)", "fitness": 0.0}
{"generation": 8, "position": 14, "parents": [33, 35], "genome": "d(6) d(14) d(2) a(1,8) d(12)", "fitness": 0.0}
{"generation": 8, "position": 15, "parents": [33, 35], "genome": "r(6,1) d(4) r(1,2) a(3,6) d(8) r(3,15) r(5,8) d(2)", "fitness": 0.0}
{"generation": 8, "position": 16, "parents": [33], "genome": "d(6) d(14) d(4) r(1,2) a(3,6) d(8) r(3,15) r(5,8) d(2)", "fitness": 0.0}
{"generation": 8, "position": 17, "parents": [35], "genome": "r(6,1) d(2) a(1,8) r(9,10)", "fitness": 0.0}
{"generation": 8, "position": 18, "parents": [38, 47], "genome": "d(2) d(6) d(2) a(10,8) d(4) d(9) d(6) a(1,4) a(8,4) r(2,14) r(12,13) d(3) d(5) a(8,14) a(8,16)", "fitness": 0.0}
{"generation": 8, "position": 19, "parents": [38, 47], "genome": "d(2) d(6) r(5,6) a(9,16) r(4,6) a(8,2) a(12,1) d(10)", "fitness": 0.0}
{"generation": 8, "position": 20, "parents": [38], "genome": "d(2) d(6) d(2) a(10,8) r(5,6) a(9,16) r(4,6) a(8,2) a(12,1) d(10)", "fitness": 0.0}
{"generation": 8, "position": 21, "parents": [47], "genome": "d(2) d(6) d(4) d(9) d(6) a(1,4) a(8,4) r(2,14) r(12,13) d(3) d(5) a(8,14) d(1)", "fitness": 0.0}
{"generation": 8, "position": 22, "parents": [58], "genome": "r(5,16) r(1,15) a(4,14) r(4,16) d(2) d(9)", "fitness": 0.0}
{"generation": 8, "position": 23, "parents": [45], "genome": "r(6,1) r(9,6) a(4,4) a(12,4) r(14,12) a(8,10) r(12,6) d(8) a(3,15)", "fitness": 0.0}
{"generation": 8, "position": 24, "parents": [25, 30], "genome": "d(2) d(6) a(12,2) r(8,14) a(5,1) d(2) r(4,10)", "fitness": 0.0}
{"generation": 8, "position": 25, "parents": [25, 30], "genome": "r(6,8) r(3,6) r(4,13) r(1,7) d(6) r(8,10) d(2) r(1,16) r(4,13) d(3) r(5,4)", "fitness": 0.0}
{"generation": 8, "position": 26, "parents": [25], "genome": "d(2) d(6) d(6) r(8,10) d(2) r(1,16) r(4,13) d(3) a(5,7)", "fitness": 0.0}
{"generation": 8, "position": 27, "parents": [30], "genome": "r(6,8) r(3,6) r(4,13) r(1,7) a(12,2) r(8,14) a(5,1) d(2) r(5,10)", "fitness": 0.0}
{"generation": 8, "position": 28, "parents": [28, 41], "genome": "r(6,8) r(3,6) d(4) d(9) d(6) a(1,7)", "fitness": 0.0}
{"generation": 8, "position": 29, "parents": [28, 41], "genome": "r(3,5) r(9,6) d(5) a(12,4) r(1,10) r(2,1) r(14,1) r(8,10) d(2) r(1,16) r(3,5) r(5,15) r(4,14)", "fitness": 0.0}
{"generation": 8, "position": 30, "parents": [28], "genome": "r(6,8) r(3,6) d(4) d(9) d(6) r(8,10) d(2) r(1,16) r(3,5) r(5,15)", "fitness": 0.0}
{"generation": 8, "position": 31, "parents": [41], "genome": "r(3,5) r(9,6) d(5) a(12,4) r(1,10) r(2,1) r(14,1) d(12)", "fitness": 0.0}
{"generation": 8, "position": 32, "parents": [59], "genome": "r(6,1) r(12,2) a(5,15) a(12,14) a(10,6) d(4) a(12,9) d(8) d(2)", "fitness": 0.0}
{"generation": 8, "position": 33, "parents": [25], "genome": "d(2) d(6) d(6) r(8,10) d(2) r(1,16) r(4,13) d(3) a(5,12)", "fitness": 0.0}
{"generation": 8, "position": 34, "parents": [48, 47], "genome": "r(6,1) r(12,2) r(5,10) r(2,14) r(12,13) d(3) d(5) a(8,14) a(8,3)", "fitness": 0.0}
{"generation": 8, "position": 35, "parents": [48, 47], "genome": "d(2) d(6) d(4) d(9) d(6) a(1,4) a(8,4) r(14,3)", "fitness": 0.0}
{"generation": 8, "position": 36, "parents": [48], "genome": "r(6,1) r(12,2) r(5,10) d(9)", "fitness": 0.0}
{"generation": 8, "position": 37, "parents": [47], "genome": "d(2) d(6) d(4) d(9) d(6) a(1,4) a(8,4) r(2,14) r(12,13) d(3) d(5) a(8,14) a(1,5)", "fitness": 0.0}
{"generation": 8, "position": 38, "parents": [12, 54], "genome": "r(3,5) r(9,6) d(5) a(5,15) r(5,15) d(14) d(9) a(4,4) r(6,7) d(3) a(1,3) d(12)", "fitness": 0.0}
{"generation": 8, "position": 39, "parents": [12, 54], "genome": "d(2) r(5,7) r(14,9) d(10) d(12) d(4) a(1,2) d(9)", "fitness": 0.0}
{"generation": 8, "position": 40, "parents": [12], "genome": "r(3,5) r(9,6) d(5) a(5,15) r(5,15) d(14) d(9) a(4,4) r(6,7) d(3) d(12) d(4) a(1,2) a(1,15)", "fitness": 0.0}
{"generation": 8, "position": 41, "parents": [54], "genome": "d(2) r(5,7) r(14,9) d(10) a(1,3) a(3,3)", "fitness": 0.0}
{"generation": 8, "position": 42, "parents": [8, 19], "genome": "a(3,16) d(6) d(4) d(9) d(6) r(8,10) d(4) d(9) d(6) r(8,10) d(2) a(6,4) a(6,7) d(3)", "fitness": 0.0}
{"generation": 8, "position": 43, "parents": [8, 19], "genome": "a(14,3) r(3,6) r(4,13) r(1,7) a(12,2) r(8,14) a(3,7) d(1) r(3,13) d(6)", "fitness": 0.0}
{"generation": 8, "position": 44, "parents": [8], "genome": "a(3,16) d(6) d(4) d(9) d(6) r(8,10) d(4) d(9) d(6) r(8,10) d(2) a(3,7) d(1) r(3,13) a(5,12)", "fitness": 0.0}
{"generation": 8, "position": 45, "parents": [19], "genome": "a(14,3) r(3,6) r(4,13) r(1,7) a(12,2) r(8,14) a(6,4) a(6,7) r(6,8)", "fitness": 0.0}
{"generation": 8, "position": 46, "parents": [0, 61], "genome": "r(3,5) a(5,15) a(4,14) r(4,16) r(1,6) a(10,16)", "fitness": 0.0}
{"generation": 8, "position": 47, "parents": [0, 61], "genome": "r(6,1) r(12,2) r(9,6) a(4,4) r(6,7) r(5,15) d(4) r(9,3) d(2) r(1,12)", "fitness": 0.0}
{"generation": 8, "position": 48, "parents": [0], "genome": "r(3,5) r(9,6) a(4,4) r(6,7) r(5,15) d(4) r(9,3) d(2) d(8)", "fitness": 0.0}
{"generation": 8, "position": 49, "parents": [61], "genome": "r(6,1) r(12,2) a(5,15) a(4,14) r(4,16) r(1,6) a(10,15)", "fitness": 0.0}
{"generation": 8, "position": 50, "parents": [13, 55], "genome": "a(3,16) d(6) d(4) d(9) d(6) r(8,10) d(2) a(3,7) r(5,14) r(1,10) r(2,5) d(4) d(6) d(4) d(9) d(6) a(1,4) a(8,4) r(2,14) r(12,13) d(3) r(8,1) d(5)", "fitness": 0.0}
{"generation": 8, "position": 51, "parents": [13, 55], "genome": "r(6,1) d(2) r(3,10) d(5)", "fitness": 0.0}
{"generation": 8, "position": 52, "parents": [13], "genome": "a(3,16) d(6) d(4) d(9) d(6) r(8,10) d(2) a(3,7) r(5,14) r(1,10) r(3,8)", "fitness": 0.0}
{"generation": 8, "position": 53, "parents": [55], "genome": "r(6,1) d(2) r(3,10) r(2,5) d(4) d(6) d(4) d(9) d(6) a(1,4) a(8,4) r(2,14) r(12,13) d(3) r(8,1) d(5) a(1,1)", "fitness": 0.0}
{"generation": 8, "position": 54, "parents": [9, 49], "genome": "d(2) d(6) d(4) r(4,13) r(1,7) a(12,2) d(5) r(14,6) a(5,15) a(4,14) r(4,16) a(2,12) d(8)", "fitness": 0.0}
{"generation": 8, "position": 55, "parents": [9, 49], "genome": "r(6,8) r(3,6) d(9) d(6) a(1,4) a(8,4) r(2,14) r(12,13) a(3,8) r(5,6) d(8) r(1,8)", "fitness": 0.0}
{"generation": 8, "position": 56, "parents": [9], "genome": "d(2) d(6) d(4) d(9) d(6) a(1,4) a(8,4) r(2,14) r(12,13) a(3,8) r(5,6) d(8) a(3,14)", "fitness": 0.0}
{"generation": 8, "position": 57, "parents": [49], "genome": "r(6,8) r(3,6) r(4,13) r(1,7) a(12,2) d(5) r(14,6) a(5,15) a(4,14) r(4,16) a(2,12) a(2,16)", "fitness": 0.0}
{"generation": 8, "position": 58, "parents": [51, 43], "genome": "r(6,8) r(3,6) r(4,13) r(1,7) a(12,2) d(5) a(2,2) a(4,2) d(12)", "fitness": 0.0}
{"generation": 8, "position": 59, "parents": [51, 43], "genome": "r(6,1) r(9,6) r(14,6) a(12,5) d(3)", "fitness": 0.0}
{"generation": 8, "position": 60, "parents": [51], "genome": "r(6,8) r(3,6) r(4,13) r(1,7) a(12,2) d(5) r(14,6) a(12,5) a(10,14)", "fitness": 0.0}
{"generation": 8, "position": 61, "parents": [43], "genome": "r(6,1) r(9,6) a(2,2) a(4,2) d(3)", "fitness": 0.0}
{"generation": 8, "position": 62, "parents": [34], "genome": "r(6,1) r(12,2) a(5,15) a(4,14) r(4,16) r(3,10) r(2,5) d(4) r(5,7) r(14,9) d(10) a(1,13) a(8,5)", "fitness": 0.0}
{"generation": 8, "position": 63, "parents": [6], "genome": "a(3,16) d(6) d(4) d(9) d(6) r(8,10) d(4) d(9) d(6) r(8,10) d(2) a(3,7) d(6) d(4) d(9) d(6) a(1,4) a(8,4) r(2,14) r(12,13) a(3,8) r(5,6) d(3) a(1,6)", "fitness": 0.0}
{"generation": 8, "position": 64, "parents": [37, 11], "genome": "r(6,1) d(2) r(3,10) r(2,5) d(4) r(5,14) r(6,7) d(3) d(12) d(4) d(1) d(9)", "fitness": 0.0}
{"generation": 8, "position": 65, "parents": [37, 11], "genome": "a(3,16) d(6) d(4) d(9) d(6) r(8,10) d(2) a(3,7) r(5,7) r(14,9) d(10) a(8,12) d(1)", "fitness": 0.0}
{"generation": 8, "position": 66, "parents": [37], "genome": "r(6,1) d(2) r(3,10) r(2,5) d(4) r(5,7) r(14,9) d(10) a(8,12) a(9,14)", "fitness": 0.0}
{"generation": 9, "position": 0, "parents": [28], "genome": "r(6,8) r(3,6) d(4) d(9) d(6) a(1,7) a(8,3)", "fitness": 0.0}
{"generation": 9, "position": 1, "parents": [47], "genome": "r(6,1) r(12,2) r(9,6) a(4,4) r(6,7) r(5,15) d(4) r(9,3) d(2) r(1,12) d(8)", "fitness": 0.0}
{"generation": 9, "position": 2, "parents": [57], "genome": "r(6,8) r(3,6) r(4,13) r(1,7) a(12,2) d(5) r(14,6) a(5,15) a(4,14) r(4,16) a(2,12) a(2,16) d(2)", "fitness": 0.0}
{"generation": 9, "position": 3, "parents": [64], "genome": "r(6,1) d(2) r(3,10) r(2,5) d(4) r(5,14) r(6,7) d(3) d(12) d(4) d(1) d(9) a(8,15)", "fitness": 0.0}
{"generation": 9, "position": 4, "parents": [66, 54], "genome": "r(6,1) d(2) r(3,10) r(2,5) r(4,13) r(1,7) a(12,2) d(5) r(14,6) a(5,15) a(4,14) r(4,16) a(2,12) d(8)", "fitness": 0.0}
{"generation": 9, "position": 5, "parents": [66, 54], "genome": "d(2) d(6) d(4) d(4) r(5,7) r(14,9) d(10) a(8,12) a(9,14) d(12)", "fitness": 0.0}
{"generation": 9, "position": 6, "parents": [66], "genome": "r(6,1) d(2) r(3,10) r(2,5) d(4) r(5,7) r(14,9) d(10) a(8,12) a(9,14) d(1)", "fitness": 0.0}
{"generation": 9, "position": 7, "parents": [54], "genome": "d(2) d(6) d(4) r(4,13) r(1,7) a(12,2) d(5) r(14,6) a(5,15) a(4,14) r(4,16) a(2,12) d(8) r(3,4)", "fitness": 0.0}
{"generation": 9, "position": 8, "parents": [1], "genome": "d(2) d(6) d(6) r(8,10) d(2) r(1,16) r(4,13) d(3) d(5)", "fitness": 0.0}
{"generation": 9, "position": 9, "parents": [19], "genome": "d(2) d(6) r(5,6) a(9,16) r(4,6) a(8,2) a(12,1) d(10) a(14,14)", "fitness": 0.0}
{"generation": 9, "position": 10, "parents": [6, 31], "genome": "a(14,3) d(6) r(12,13) a(5,3) r(9,6) d(5) a(12,4) r(1,10) r(2,1) r(14,1) d(12) d(8)", "fitness": 0.0}
{"generation": 9, "position": 11, "parents": [6, 31], "genome": "r(3,5) d(1) a(8,8) a(8,14) r(3,8) a(6,7)", "fitness": 0.0}
{"generation": 9, "position": 12, "parents": [6], "genome": "a(14,3) d(6) r(12,13) a(5,3) d(1) a(8,8) a(8,14) r(3,8) a(10,16)", "fitness": 0.0}
{"generation": 9, "position": 13, "parents": [31], "genome": "r(3,5) r(9,6) d(5) a(12,4) r(1,10) r(2,1) r(14,1) d(12) r(8,6)", "fitness": 0.0}
{"generation": 9, "position": 14, "parents": [53], "genome": "r(6,1) d(2) r(3,10) r(2,5) d(4) d(6) d(4) d(9) d(6) a(1,4) a(8,4) r(2,14) r(12,13) d(3) r(8,1) d(5) a(1,1) a(1,7)", "fitness": 0.0}
{"generation": 9, "position": 15, "parents": [51], "genome": "r(6,1) d(2) r(3,10) d(5) r(8,6)", "fitness": 0.0}
{"generation": 9, "position": 16, "parents": [48, 49], "genome": "r(3,5) a(5,15) a(4,14) r(4,16) r(1,6) a(10,15) d(12)", "fitness": 0.0}
{"generation": 9, "position": 17, "parents": [48, 49], "genome": "r(6,1) r(12,2) r(9,6) a(4,4) r(6,7) r(5,15) d(4) r(9,3) d(2) d(8) a(1,13)", "fitness": 0.0}
{"generation": 9, "position": 18, "parents": [48], "genome": "r(3,5) r(9,6) a(4,4) r(6,7) r(5,15) d(4) r(9,3) d(2) d(8) d(1)", "fitness": 0.0}
{"generation": 9, "position": 19, "parents": [49], "genome": "r(6,1) r(12,2) a(5,15) a(4,14) r(4,16) r(1,6) a(10,15) r(9,10)", "fitness": 0.0}
{"generation": 9, "position": 20, "parents": [50, 37], "genome": "a(3,16) d(6) d(4) d(9) d(6) r(8,10) d(2) a(3,7) r(5,14) r(1,10) r(2,5) d(4) d(6) d(4) d(9) d(6) a(1,4) a(8,4) a(8,14) a(1,5) d(3)", "fitness": 0.0}
{"generation": 9, "position": 21, "parents": [50, 37], "genome": "d(2) d(6) d(4) d(9) d(6) a(1,4) a(8,4) r(2,14) r(12,13) d(3) d(5) r(2,14) r(12,13) d(3) r(8,1) d(5) a(1,10)", "fitness": 0.0}
{"generation": 9, "position": 22, "parents": [50], "genome": "a(3,16) d(6) d(4) d(9) d(6) r(8,10) d(2) a(3,7) r(5,14) r(1,10) r(2,5) d(4) d(6) d(4) d(9) d(6) a(1,4) a(8,4) r(2,14) r(12,13) d(3) r(8,1) d(5)", "fitness": 0.0}
{"generation": 9, "position": 23, "parents": [37], "genome": "d(2) d(6) d(4) d(9) d(6) a(1,4) a(8,4) r(2,14) r(12,13) d(3) d(5) a(8,14) a(1,5) a(1,5)", "fitness": 0.0}
{"generation": 9, "position": 24, "parents": [13], "genome": "d(2) d(6) d(6) r(8,10) d(2) r(1,16) r(4,13) d(3) a(5,3) a(5,6)", "fitness": 0.0}
{"generation": 9, "position": 25, "parents": [54], "genome": "d(2) d(6) d(4) r(4,13) r(1,7) a(12,2) d(5) r(14,6) a(5,15) a(4,14) r(4,16) a(2,12) d(8) r(3,2)", "fitness": 0.0}
{"generation": 9, "position": 26, "parents": [7], "genome": "a(3,16) d(6) d(4) d(9) d(6) r(8,10) d(2) a(3,7) r(5,14) r(1,10) r(3,2)", "fitness": 0.0}
{"generation": 9, "position": 27, "parents": [62], "genome": "r(6,1) r(12,2) a(5,15) a(4,14) r(4,16) r(3,10) r(2,5) d(4) r(5,7) r(14,9) d(10) a(1,13) a(8,5) r(9,2)", "fitness": 0.0}
{"generation": 9, "position": 28, "parents": [56, 11], "genome": "d(2) d(6) d(4) d(9) d(6) a(1,4) a(8,4) r(2,14) r(4,16) d(2) d(1) d(8)", "fitness": 0.0}
{"generation": 9, "position": 29, "parents": [56, 11], "genome": "d(2) d(6) a(4,14) r(12,13) a(3,8) r(5,6) d(8) a(3,14) r(1,13)", "fitness": 0.0}
{"generation": 9, "position": 30, "parents": [56], "genome": "d(2) d(6) d(4) d(9) d(6) a(1,4) a(8,4) r(2,14) r(12,13) a(3,8) r(5,6) d(8) a(3,14) d(1)", "fitness": 0.0}
{"generation": 9, "position": 31, "parents": [11], "genome": "d(2) d(6) a(4,14) r(4,16) d(2) d(1) a(9,9)", "fitness": 0.0}
{"generation": 9, "position": 32, "parents": [39, 27], "genome": "d(2) r(5,7) r(14,9) d(10) d(12) d(4) d(1)", "fitness": 0.0}
{"generation": 9, "position": 33, "parents": [39, 27], "genome": "r(6,8) r(3,6) r(4,13) r(1,7) a(12,2) r(8,14) a(5,1) d(2) r(5,10) a(1,2) d(9)", "fitness": 0.0}
{"generation": 9, "position": 34, "parents": [39], "genome": "d(2) r(5,7) r(14,9) d(10) d(12) d(4) a(1,2) d(9) a(3,14)", "fitness": 0.0}
{"generation": 9, "position": 35, "parents": [27], "genome": "r(6,8) r(3,6) r(4,13) r(1,7) a(12,2) r(8,14) a(5,1) d(2) r(5,10)", "fitness": 0.0}
{"generation": 9, "position": 36, "parents": [40, 45], "genome": "r(3,5) r(9,6) d(5) a(5,15) r(5,15) d(14) d(9) a(4,4) r(6,7) r(1,15)", "fitness": 0.0}
{"generation": 9, "position": 37, "parents": [40, 45], "genome": "a(14,3) r(3,6) r(4,13) r(1,7) a(12,2) r(8,14) a(6,4) a(6,7) r(6,8) d(3) d(12) d(4) a(1,2) a(1,15) r(5,7)", "fitness": 0.0}
{"generation": 9, "position": 38, "parents": [40], "genome": "r(3,5) r(9,6) d(5) a(5,15) r(5,15) d(14) d(9) a(4,4) r(6,7) d(3) d(12) d(4) a(1,2) a(1,15) a(1,3)", "fitness": 0.0}
{"generation": 9, "position": 39, "parents": [45], "genome": "a(14,3) r(3,6) r(4,13) r(1,7) a(12,2) r(8,14) a(6,4) a(6,7) r(6,8) d(5)", "fitness": 0.0}
{"generation": 9, "position": 40, "parents": [57], "genome": "r(6,8) r(3,6) r(4,13) r(1,7) a(12,2) d(5) r(14,6) a(5,15) a(4,14) r(4,16) a(2,12) a(2,16) d(8)", "fitness": 0.0}
{"generation": 9, "position": 41, "parents": [26], "genome": "d(2) d(6) d(6) r(8,10) d(2) r(1,16) r(4,13) d(3) a(5,7) d(5)", "fitness": 0.0}
{"generation": 9, "position": 42, "parents": [9, 60], "genome": "a(3,16) d(9) a(8,10) a(4,4) r(6,5) a(3,3) r(1,7) a(12,2) d(5) r(14,6) a(12,5) a(10,14) r(4,16)", "fitness": 0.0}
{"generation": 9, "position": 43, "parents": [9, 60], "genome": "r(6,8) r(3,6) r(4,13) a(14,9) a(14,16) r(3,10) d(14)", "fitness": 0.0}
{"generation": 9, "position": 44, "parents": [9], "genome": "a(3,16) d(9) a(8,10) a(4,4) r(6,5) a(3,3) a(14,9) a(14,16) r(3,10) d(14)", "fitness": 0.0}
{"generation": 9, "position": 45, "parents": [60], "genome": "r(6,8) r(3,6) r(4,13) r(1,7) a(12,2) d(5) r(14,6) a(12,5) a(10,14) r(8,10)", "fitness": 0.0}
{"generation": 9, "position": 46, "parents": [32, 53], "genome": "r(6,1) r(12,2) a(5,15) a(12,14) a(10,6) d(4) a(12,9) d(8) r(2,14) r(12,13) d(3) r(8,1) d(5) a(1,1) a(1,7)", "fitness": 0.0}
{"generation": 9, "position": 47, "parents": [32, 53], "genome": "r(6,1) d(2) r(3,10) r(2,5) d(4) d(6) d(4) d(9) d(6) a(1,4) a(8,4) d(2) a(5,1)", "fitness": 0.0}
{"generation": 9, "position": 48, "parents": [32], "genome": "r(6,1) r(12,2) a(5,15) a(12,14) a(10,6) d(4) a(12,9) d(8) d(2) r(1,14)", "fitness": 0.0}
{"generation": 9, "position": 49, "parents": [53], "genome": "r(6,1) d(2) r(3,10) r(2,5) d(4) d(6) d(4) d(9) d(6) a(1,4) a(8,4) r(2,14) r(12,13) d(3) r(8,1) d(5) a(1,1) a(1,12)", "fitness": 0.0}
{"generation": 9, "position": 50, "parents": [34], "genome": "r(6,1) r(12,2) r(5,10) r(2,14) r(12,13) d(3) d(5) a(8,14) a(8,3) d(4)", "fitness": 0.0}
{"generation": 9, "position": 51, "parents": [28], "genome": "r(6,8) r(3,6) d(4) d(9) d(6) a(1,7) r(5,1)", "fitness": 0.0}
{"generation": 9, "position": 52, "parents": [55], "genome": "r(6,8) r(3,6) d(9) d(6) a(1,4) a(8,4) r(2,14) r(12,13) a(3,8) r(5,6) d(8) r(1,8) r(4,2)", "fitness": 0.0}
{"generation": 9, "position": 53, "parents": [65], "genome": "a(3,16) d(6) d(4) d(9) d(6) r(8,10) d(2) a(3,7) r(5,7) r(14,9) d(10) a(8,12) d(1) d(3)", "fitness": 0.0}
{"generation": 9, "position": 54, "parents": [7, 23], "genome": "a(3,16) d(6) r(14,12) a(8,10) r(12,6) d(8) a(3,15) d(1)", "fitness": 0.0}
{"generation": 9, "position": 55, "parents": [7, 23], "genome": "r(6,1) r(9,6) a(4,4) a(12,4) d(4) d(9) d(6) r(8,10) d(2) a(3,7) r(5,14) r(1,10) r(3,2)", "fitness": 0.0}
{"generation": 9, "position": 56, "parents": [7], "genome": "a(3,16) d(6) d(4) d(9) d(6) r(8,10) d(2) a(3,7) r(5,14) r(1,10) r(3,2)", "fitness": 0.0}
{"generation": 9, "position": 57, "parents": [23], "genome": "r(6,1) r(9,6) a(4,4) a(12,4) r(14,12) a(8,10) r(12,6) d(8) a(3,15) d(4)", "fitness": 0.0}
{"generation": 9, "position": 58, "parents": [48], "genome": "r(3,5) r(9,6) a(4,4) r(6,7) r(5,15) d(4) r(9,3) d(2) d(8) d(1)", "fitness": 0.0}
{"generation": 10, "position": 0, "parents": [17, 0], "genome": "r(6,1) r(12,2) r(9,6) a(4,4) r(6,7) r(5,15) d(4) r(9,3) d(2) d(8) r(3,6) d(4) d(9) d(6) a(1,7) a(8,3) d(1)", "fitness": 0.0}
{"generation": 10, "position": 1, "parents": [17, 0], "genome": "r(6,8) a(1,13) r(1,12)", "fitness": 4.0}
{"generation": 10, "position": 2, "parents": [17], "genome": "r(6,1) r(12,2) r(9,6) a(4,4) r(6,7) r(5,15) d(4) r(9,3) d(2) d(8) a(1,13) a(1,13)", "fitness": 0.0}
{"generation": 10, "position": 3, "parents": [0], "genome": "r(6,8) r(3,6) d(4) d(9) d(6) a(1,7) a(8,3) d(2)", "fitness": 0.0}
{"generation": 10, "position": 4, "parents": [27], "genome": "r(6,1) r(12,2) a(5,15) a(4,14) r(4,16) r(3,10) r(2,5) d(4) r(5,7) r(14,9) d(10) a(1,13) a(8,5) r(9,2) r(8,4)", "fitness": 0.0}
{"generation": 10, "position": 5, "parents": [49], "genome": "r(6,1) d(2) r(3,10) r(2,5) d(4) d(6) d(4) d(9) d(6) a(1,4) a(8,4) r(2,14) r(12,13) d(3) r(8,1) d(5) a(1,1) a(1,12) a(1,14)", "fitness": 0.0}
{"generation": 10, "position": 6, "parents": [17], "genome": "r(6,1) r(12,2) r(9,6) a(4,4) r(6,7) r(5,15) d(4) r(9,3) d(2) d(8) a(1,13) d(3)", "fitness": 0.0}
{"generation": 10, "position": 7, "parents": [21], "genome": "d(2) d(6) d(4) d(9) d(6) a(1,4) a(8,4) r(2,14) r(12,13) d(3) d(5) r(2,14) r(12,13) d(3) r(8,1) d(5) a(1,10) d(1)", "fitness": 0.0}
{"generation": 10, "position": 8, "parents": [42, 48], "genome": "a(3,16) d(9) a(8,10) a(4,4) r(6,5) r(1,14) d(4)", "fitness": 0.0}
{"generation": 10, "position": 9, "parents": [42, 48], "genome": "r(6,1) r(12,2) a(5,15) a(12,14) a(10,6) d(4) a(12,9) d(8) d(2) a(3,3) r(1,7) a(12,2) d(5) r(14,6) a(12,5) a(10,14) r(4,16) r(3,6)", "fitness": 0.0}
{"generation": 10, "position": 10, "parents": [42], "genome": "a(3,16) d(9) a(8,10) a(4,4) r(6,5) a(3,3) r(1,7) a(12,2) d(5) r(14,6) a(12,5) a(10,14) r(4,16) a(8,13)", "fitness": 0.0}
{"generation": 10, "position": 11, "parents": [48], "genome": "r(6,1) r(12,2) a(5,15) a(12,14) a(10,6) d(4) a(12,9) d(8) d(2) r(1,14) d(5)", "fitness": 0.0}
{"generation": 10, "position": 12, "parents": [30, 20], "genome": "d(2) d(6) d(4) d(6) r(8,10) d(2) a(3,7) r(5,14) r(1,10) r(2,5) d(4) d(6) d(4) d(9) d(6) a(1,4) a(8,4) a(8,14) a(1,5) d(3)", "fitness": 0.0}
{"generation": 10, "position": 13, "parents": [30, 20], "genome": "a(3,16) d(6) d(4) d(9) d(9) d(6) a(1,4) a(8,4) r(2,14) r(12,13) a(3,8) r(5,6) d(8) a(3,14) d(1) a(3,10)", "fitness": 0.0}
{"generation": 10, "position": 14, "parents": [30], "genome": "d(2) d(6) d(4) d(9) d(6) a(1,4) a(8,4) r(2,14) r(12,13) a(3,8) r(5,6) d(8) a(3,14) d(1) d(3)", "fitness": 0.0}
{"generation": 10, "position": 15, "parents": [20], "genome": "a(3,16) d(6) d(4) d(9) d(6) r(8,10) d(2) a(3,7) r(5,14) r(1,10) r(2,5) d(4) d(6) d(4) d(9) d(6) a(1,4) a(8,4) a(8,14) a(1,5) d(3)", "fitness": 0.0}
{"generation": 10, "position": 16, "parents": [36], "genome": "r(3,5) r(9,6) d(5) a(5,15) r(5,15) d(14) d(9) a(4,4) r(6,7) r(1,15) d(8)", "fitness": 0.0}
{"generation": 10, "position": 17, "parents": [36], "genome": "r(3,5) r(9,6) d(5) a(5,15) r(5,15) d(14) d(9) a(4,4) r(6,7) r(1,15) a(4,14)", "fitness": 0.0}
{"generation": 10, "position": 18, "parents": [34, 37], "genome": "d(2) r(5,7) r(14,9) d(10) d(12) d(4) r(8,14) a(6,4) a(6,7) r(6,8) d(3) d(12) d(4) a(1,2) a(1,15) r(5,7) r(1,5)", "fitness": 0.0}
{"generation": 10, "position": 19, "parents": [34, 37], "genome": "a(14,3) r(3,6) r(4,13) r(1,7) a(12,2) a(1,2) d(9) a(3,14) r(8,12)", "fitness": 0.0}
{"generation": 10, "position": 20, "parents": [34], "genome": "d(2) r(5,7) r(14,9) d(10) d(12) d(4) a(1,2) d(9) a(3,14) d(1)", "fitness": 0.0}
{"generation": 10, "position": 21, "parents": [37], "genome": "a(14,3) r(3,6) r(4,13) r(1,7) a(12,2) r(8,14) a(6,4) a(6,7) r(6,8) d(3) d(12) d(4) a(1,2) a(1,15) r(5,7) d(2)", "fitness": 0.0}
{"generation": 10, "position": 22, "parents": [26], "genome": "a(3,16) d(6) d(4) d(9) d(6) r(8,10) d(2) a(3,7) r(5,14) r(1,10) r(3,2)", "fitness": 0.0}
{"generation": 10, "position": 23, "parents": [36], "genome": "r(3,5) r(9,6) d(5) a(5,15) r(5,15) d(14) d(9) a(4,4) r(6,7) r(1,15) a(2,16)", "fitness": 0.0}
{"generation": 10, "position": 24, "parents": [12, 28], "genome": "a(14,3) d(6) r(12,13) a(5,3) d(1) a(8,8) a(8,14) r(3,8) a(10,16) a(8,4) r(2,14) r(4,16) d(2) d(1) d(8) r(5,14)", "fitness": 0.0}
{"generation": 10, "position": 25, "parents": [12, 28], "genome": "d(2) d(6) d(4) d(9) d(6) a(1,4) d(8)", "fitness": 0.0}
{"generation": 10, "position": 26, "parents": [12], "genome": "a(14,3) d(6) r(12,13) a(5,3) d(1) a(8,8) a(8,14) r(3,8) a(10,16) a(4,7)", "fitness": 0.0}
{"generation": 10, "position": 27, "parents": [28], "genome": "d(2) d(6) d(4) d(9) d(6) a(1,4) a(8,4) r(2,14) r(4,16) d(2) d(1) d(8) d(5)", "fitness": 0.0}
{"generation": 10, "position": 28, "parents": [30, 29], "genome": "d(2) d(6) d(4) d(9) d(6) a(1,4) a(8,4) r(2,14) r(12,13) a(3,8) r(5,6) a(3,14) r(1,13) r(8,14)", "fitness": 0.0}
{"generation": 10, "position": 29, "parents": [30, 29], "genome": "d(2) d(6) a(4,14) r(12,13) a(3,8) r(5,6) d(8) d(8) a(3,14) d(1) d(3)", "fitness": 0.0}
{"generation": 10, "position": 30, "parents": [30], "genome": "d(2) d(6) d(4) d(9) d(6) a(1,4) a(8,4) r(2,14) r(12,13) a(3,8) r(5,6) d(8) a(3,14) d(1) a(3,7)", "fitness": 0.0}
{"generation": 10, "position": 31, "parents": [29], "genome": "d(2) d(6) a(4,14) r(12,13) a(3,8) r(5,6) d(8) a(3,14) r(1,13) r(4,14)", "fitness": 0.0}
{"generation": 10, "position": 32, "parents": [36], "genome": "r(3,5) r(9,6) d(5) a(5,15) r(5,15) d(14) d(9) a(4,4) r(6,7) r(1,15) d(4)", "fitness": 0.0}
{"generation": 10, "position": 33, "parents": [43], "genome": "r(6,8) r(3,6) r(4,13) a(14,9) a(14,16) r(3,10) d(14) d(5)", "fitness": 0.0}
{"generation": 10, "position": 34, "parents": [33], "genome": "r(6,8) r(3,6) r(4,13) r(1,7) a(12,2) r(8,14) a(5,1) d(2) r(5,10) a(1,2) d(9)", "fitness": 0.0}
{"generation": 10, "position": 35, "parents": [10], "genome": "a(14,3) d(6) r(12,13) a(5,3) r(9,6) d(5) a(12,4) r(1,10) r(2,1) r(14,1) d(12) d(8) d(4)", "fitness": 0.0}
{"generation": 10, "position": 36, "parents": [56], "genome": "a(3,16) d(6) d(4) d(9) d(6) r(8,10) d(2) a(3,7) r(5,14) r(1,10) r(3,2)", "fitness": 0.0}
{"generation": 10, "position": 37, "parents": [10], "genome": "a(14,3) d(6) r(12,13) a(5,3) r(9,6) d(5) a(12,4) r(1,10) r(2,1) r(14,1) d(12) d(8) r(3,8)", "fitness": 0.0}
{"generation": 10, "position": 38, "parents": [33, 44], "genome": "r(6,8) r(3,6) r(4,13) r(1,7) a(12,2) a(14,9) a(14,16) r(3,10) d(14) d(8)", "fitness": 0.0}
{"generation": 10, "position": 39, "parents": [33, 44], "genome": "a(3,16) d(9) a(8,10) a(4,4) r(6,5) a(3,3) r(8,14) a(5,1) d(2) r(5,10) a(1,2) d(9) a(3,8)", "fitness": 0.0}
{"generation": 10, "position": 40, "parents": [33], "genome": "r(6,8) r(3,6) r(4,13) r(1,7) a(12,2) r(8,14) a(5,1) d(2) r(5,10) a(1,2) d(9)", "fitness": 0.0}
{"generation": 10, "position": 41, "parents": [44], "genome": "a(3,16) d(9) a(8,10) a(4,4) r(6,5) a(3,3) a(14,9) a(14,16) r(3,10) d(14) a(2,14)", "fitness": 0.0}
{"generation": 10, "position": 42, "parents": [9, 33], "genome": "d(2) d(6) r(5,6) a(9,16) r(4,6) a(1,2) d(9) r(1,16)", "fitness": 0.0}
{"generation": 10, "position": 43, "parents": [9, 33], "genome": "r(6,8) r(3,6) r(4,13) r(1,7) a(12,2) r(8,14) a(5,1) d(2) r(5,10) a(8,2) a(12,1) d(10) a(14,14)", "fitness": 0.0}
{"generation": 10, "position": 44, "parents": [9], "genome": "d(2) d(6) r(5,6) a(9,16) r(4,6) a(8,2) a(12,1) d(10) a(14,14) a(8,16)", "fitness": 0.0}
{"generation": 10, "position": 45, "parents": [33], "genome": "r(6,8) r(3,6) r(4,13) r(1,7) a(12,2) r(8,14) a(5,1) d(2) r(5,10) a(1,2) d(9)", "fitness": 0.0}
{"generation": 10, "position": 46, "parents": [26], "genome": "a(3,16) d(6) d(4) d(9) d(6) r(8,10) d(2) a(3,7) r(5,14) r(1,10) r(3,2)", "fitness": 0.0}
{"generation": 10, "position": 47, "parents": [7], "genome": "d(2) d(6) d(4) r(4,13) r(1,7) a(12,2) d(5) r(14,6) a(5,15) a(4,14) r(4,16) a(2,12) d(8) r(3,4)", "fitness": 0.0}
{"generation": 10, "position": 48, "parents": [38, 7], "genome": "r(3,5) r(9,6) d(5) a(5,15) r(5,15) d(14) d(9) a(5,15) a(4,14) r(4,16) a(2,12) d(8) r(3,4) r(2,15)", "fitness": 0.0}
{"generation": 10, "position": 49, "parents": [38, 7], "genome": "d(2) d(6) d(4) r(4,13) r(1,7) a(12,2) d(5) r(14,6) a(4,4) r(6,7) d(3) d(12) d(4) a(1,2) a(1,15) a(1,3) r(9,5)", "fitness": 0.0}
{"generation": 10, "position": 50, "parents": [38], "genome": "r(3,5) r(9,6) d(5) a(5,15) r(5,15) d(14) d(9) a(4,4) r(6,7) d(3) d(12) d(4) a(1,2) a(1,15) a(1,3) a(1,7)", "fitness": 0.0}
{"generation": 10, "position": 51, "parents": [7], "genome": "d(2) d(6) d(4) r(4,13) r(1,7) a(12,2) d(5) r(14,6) a(5,15) a(4,14) r(4,16) a(2,12) d(8) r(3,4)", "fitness": 0.0}
{"generation": 10, "position": 52, "parents": [0, 20], "genome": "r(6,8) r(3,6) d(6) d(4) d(9) d(6) r(8,10) d(2) a(3,7) r(5,14) r(1,10) r(2,5) d(4) d(6) d(4) d(9) d(6) a(1,4) a(8,4) a(8,14) a(1,5) d(3)", "fitness": 0.0}
{"generation": 10, "position": 53, "parents": [0, 20], "genome": "a(3,16) d(4) d(9) d(6) a(1,7) a(8,3) a(3,7)", "fitness": 0.0}
{"generation": 10, "position": 54, "parents": [0], "genome": "r(6,8) r(3,6) d(4) d(9) d(6) a(1,7) a(8,3) d(2)", "fitness": 0.0}
{"generation": 10, "position": 55, "parents": [20], "genome": "a(3,16) d(6) d(4) d(9) d(6) r(8,10) d(2) a(3,7) r(5,14) r(1,10) r(2,5) d(4) d(6) d(4) d(9) d(6) a(1,4) a(8,4) a(8,14) a(1,5) d(3)", "fitness": 0.0}
{"generation": 10, "position": 56, "parents": [37], "genome": "a(14,3) r(3,6) r(4,13) r(1,7) a(12,2) r(8,14) a(6,4) a(6,7) r(6,8) d(3) d(12) d(4) a(1,2) a(1,15) r(5,7) a(2,15)", "fitness": 0.0}
{"generation": 10, "position": 57, "parents": [7], "genome": "d(2) d(6) d(4) r(4,13) r(1,7) a(12,2) d(5) r(14,6) a(5,15) a(4,14) r(4,16) a(2,12) d(8) r(3,4)", "fitness": 0.0}
{"generation": 10, "position": 58, "parents": [33], "genome": "r(6,8) r(3,6) r(4,13) r(1,7) a(12,2) r(8,14) a(5,1) d(2) r(5,10) a(1,2) d(9)", "fitness": 0.0}